5
9
14
18
24
27
33
36
42
46
51
55
61
64
70
73
79
83
88
92
98
101
107
110
116
120
125
129
135
138
144
147
153
157
162
166
171
175
181
184
190
194
199
203
208
212
218
221
227
231
236
240
245
249
255
258
264
268
273
277
282
286
292
295
301
304
310
314
319
323
329
332
338
341
347
351
356
360
366
369
375
378
384
388
393
397
403
406
412
415
421
425
430
434
439
443
449
452
458
462
467
471
476
480
486
489
495
499
504
508
513
517
523
526
532
536
541
545
550
554
560
563
569
572
578
582
587
591
597
600
606
609
615
619
624
628
634
637
643
646
652
656
661
665
671
674
680
683
689
693
698
702
707
711
717
720
726
730
735
739
744
748
754
757
763
767
772
776
781
785
791
794
800
804
809
813
818
822
828
831
837
840
845
849
854
858
863
867
872
876
881
885
890
894
899
903
908
912
917
921
926
930
935
939
944
948
953
957
962
966
971
975
980
984
989
993
998
1002
1007
1011
1016
1020
1025
1029
1034
1038
1043
1047
1052
1056
1061
1065
1070
1074
1079
1083
1088
1092
1097
1101
1106
1110
1115
1119
1124
1128
1133
1137
1142
1146
1151
1155
1160
1164
1169
1173
1178
1182
1187
1191
1196
1200
1205
1209
1214
1218
1223
1227
1232
1236
1241
1245
1250
1254
1259
1263
1268
1272
1277
1281
1286
1290
1295
1299
1304
1308
1313
1317
1322
1326
1331
1335
1340
1344
1349
1353
1358
1362
1367
1371
1376
1380
1385
1389
1394
1398
1403
1407
1412
1416
1421
1425
1430
1434
1439
1443
1448
1452
1457
1461
1466
1470
1475
1479
1484
1488
1493
1497
1502
1506
1511
1515
1520
1524
1529
1533
1538
1542
1547
1551
1556
1560
1565
1569
1574
1578
1583
1587
1592
1596
1601
1605
1610
1614
1619
1623
1628
1632
1637
1641
1646
1650
1655
1659
1664
1668
1673
1677
1682
1686
1691
1695
1700
1704
1709
1713
1718
1722
1727
1731
1736
1740
1745
1749
1754
1758
1763
1767
1772
1776
1782
1786
1792
1795
1801
1805
1811
1815
1821
1824
1830
1834
1840
1844
1849
1853
1859
1863
1869
1873
1878
1882
1888
1892
1898
1901
1907
1911
1917
1921
1927
1930
1936
1940
1946
1950
1956
1959
1965
1969
1975
1979
1984
1988
1994
1998
2004
2008
2013
2017
2023
2027
2033
2036
2042
2046
2052
2056
2062
2065
2071
2075
2081
2085
2091
2094
2100
2104
2110
2114
2119
2123
2129
2133
2139
2143
2148
2152
2158
2162
2168
2171
2177
2181
2187
2191
2197
2200
2206
2210
2216
2220
2226
2229
2235
2239
2245
2249
2254
2258
2264
2268
2274
2278
2283
2287
2293
2297
2303
2306
2312
2316
2322
2326
2332
2335
2341
2345
2351
2355
2361
2364
2370
2374
2380
2384
2389
2393
2399
2403
2409
2413
2418
2422
2428
2432
2438
2441
2447
2451
2457
2461
2467
2470
2476
2480
2486
2490
2496
2499
2505
2509
2515
2519
2524
2528
2534
2538
2544
2548
2553
2557
2563
2567
2573
2576
2582
2586
2592
2596
2602
2605
2611
2615
2621
2625
2630
2634
2640
2644
2650
2654
2659
2663
2669
2673
2679
2683
2688
2692
2698
2702
2708
2711
2716
2720
2726
2729
2735
2739
2745
2748
2754
2758
2764
2767
2773
2777
2783
2786
2792
2796
2802
2805
2811
2815
2821
2824
2830
2834
2840
2843
2849
2853
2859
2862
2868
2872
2878
2881
2887
2891
2897
2900
2906
2910
2916
2919
2925
2929
2935
2938
2944
2948
2953
2957
2963
2967
2972
2976
2982
2986
2991
2995
3001
3005
3010
3014
3020
3024
3029
3033
3039
3043
3048
3052
3058
3062
3067
3071
3077
3081
3086
3090
3096
3100
3105
3109
3115
3119
3124
3128
3134
3138
3143
3147
3153
3157
3162
3166
3172
3176
3181
3185
3191
3194
3200
3204
3210
3213
3219
3223
3229
3232
3238
3242
3248
3251
3257
3261
3267
3270
3276
3280
3286
3289
3295
3299
3305
3308
3314
3318
3324
3327
3333
3337
3343
3346
3352
3356
3362
3365
3371
3375
3381
3384
3390
3394
3400
3403
3409
3413
3418
3422
3428
3432
3437
3441
3447
3451
3456
3460
3466
3470
3475
3479
3485
3489
3494
3498
3504
3508
3513
3517
3523
3527
3532
3536
3542
3548
3552
3558
3563
3569
3573
3579
3584
3590
3594
3600
3605
3611
3615
3621
3626
3632
3636
3642
3647
3653
3657
3663
3668
3674
3678
3684
3689
3695
3699
3705
3710
3716
3720
3726
3731
3737
3741
3747
3752
3758
3762
3768
3773
3779
3783
3789
3794
3800
3804
3810
3815
3821
3825
3831
3836
3842
3846
3852
3857
3863
3867
3873
3878
3884
3888
3895
3899
3905
3909
3916
3920
3926
3930
3937
3941
3947
3951
3958
3962
3968
3972
3979
3983
3989
3993
4000
4004
4010
4014
4021
4025
4031
4035
4042
4046
4052
4056
4063
4067
4073
4077
4084
4088
4094
4098
4105
4109
4115
4119
4126
4130
4136
4140
4147
4151
4157
4161
4168
4172
4178
4182
4189
4193
4199
4203
4210
4214
4220
4225
4231
4235
4241
4246
4252
4256
4262
4267
4273
4277
4283
4288
4294
4298
4304
4309
4315
4319
4325
4330
4336
4340
4346
4351
4357
4361
4367
4372
4378
4382
4388
4393
4399
4403
4409
4414
4420
4424
4430
4435
4441
4446
4450
4455
4459
4464
4468
4473
4477
4483
4486
4492
4495
4501
4504
4510
4514
4519
4523
4528
4532
4537
4541
4547
4550
4556
4559
4565
4568
4574
4577
4583
4587
4592
4596
4601
4605
4610
4614
4620
4623
4629
4632
4638
4641
4647
4651
4656
4660
4665
4669
4674
4678
4684
4687
4693
4696
4702
4705
4711
4714
4720
4724
4729
4733
4738
4742
4747
4751
4757
4760
4766
4769
4775
4778
4784
4788
4793
4797
4802
4806
4811
4815
4820
4824
4830
4833
4839
4842
4848
4851
4857
4861
4866
4870
4875
4879
4884
4888
4894
4897
4903
4906
4912
4915
4921
4925
4930
4934
4939
4943
4948
4952
4957
4961
4967
4970
4976
4979
4985
4988
4994
4998
5003
5007
5012
5016
5021
5025
5031
5034
5040
5043
5049
5052
5058
5062
5067
5071
5076
5080
5085
5089
5094
5098
5104
5107
5113
5116
5122
5125
5131
5135
5140
5144
5149
5153
5158
5162
5168
5171
5177
5180
5186
5189
5195
5198
5204
5208
5213
5217
5222
5226
5231
5235
5241
5244
5250
5253
5259
5262
5268
5272
5277
5281
5286
5290
5295
5299
5305
5308
5314
5317
5323
5326
5332
5335
5341
5345
5350
5354
5359
5363
5368
5371
5377
5380
5386
5389
5395
5398
5404
5407
5413
5416
5422
5425
5431
5434
5440
5443
5449
5452
5458
5461
5467
5470
5476
5479
5485
5488
5494
5497
5503
5506
5512
5515
5521
5524
5530
5533
5539
5542
5548
5551
5557
5560
5566
5569
5575
5578
5584
5587
5593
5596
5602
5605
5611
5614
5619
5623
5628
5632
5637
5641
5646
5650
5655
5659
5664
5668
5673
5677
5682
5686
5691
5695
5700
5704
5709
5713
5718
5722
5727
5731
5736
5740
5745
5749
5754
5758
5763
5767
5772
5776
5781
5785
5790
5794
5799
5803
5808
5812
5817
5821
5826
5830
5835
5839
5844
5848
5853
5857
5862
5865
5871
5874
5880
5883
5889
5892
5898
5901
5907
5910
5916
5919
5925
5928
5934
5937
5943
5946
5952
5955
5961
5964
5970
5973
5979
5982
5988
5991
5997
6000
6006
6009
6015
6018
6024
6027
6033
6036
6042
6045
6051
6054
6060
6063
6069
6072
6078
6081
6087
6090
6096
6099
6105
6108
6113
6117
6122
6126
6131
6135
6140
6144
6149
6153
6158
6162
6167
6171
6176
6180
6185
6189
6194
6198
6203
6207
6212
6216
6221
6225
6230
6234
6239
6243
6248
6252
6257
6261
6266
6270
6275
6279
6284
6288
6293
6297
6302
6307
6310
6315
6318
6324
6327
6332
6335
6340
6344
6349
6352
6357
6361
6366
6369
6374
6377
6383
6386
6391
6394
6400
6403
6408
6411
6416
6420
6425
6428
6433
6437
6442
6445
6450
6453
6459
6462
6467
6470
6475
6479
6484
6487
6492
6496
6501
6504
6509
6512
6518
6521
6526
6529
6535
6538
6543
6546
6551
6555
6560
6563
6568
6572
6577
6580
6585
6588
6594
6597
6602
6605
6611
6614
6619
6622
6627
6631
6636
6639
6644
6647
6653
6656
6661
6664
6670
6673
6678
6681
6686
6690
6695
6698
6703
6707
6712
6715
6720
6723
6729
6732
6737
6740
6746
6749
6754
6757
6762
6766
6771
6774
6779
6783
6788
6791
6796
6799
6805
6808
6813
6816
6821
6825
6830
6833
6838
6842
6847
6850
6855
6858
6864
6867
6872
6875
6881
6884
6889
6892
6897
6901
6906
6909
6914
6918
6923
6926
6931
6934
6940
6943
6948
6951
6957
6960
6965
6968
6973
6977
6982
6985
6990
6993
6999
7002
7007
7010
7016
7019
7024
7027
7032
7036
7041
7044
7049
7053
7058
7061
7066
7069
7075
7078
7083
7086
7092
7095
7100
7103
7108
7112
7117
7120
7126
7130
7136
7141
7147
7151
7157
7162
7168
7172
7179
7183
7189
7193
7200
7204
7210
7215
7221
7225
7231
7236
7242
7246
7253
7257
7263
7267
7274
7278
7284
7289
7295
7299
7305
7310
7316
7320
7326
7331
7337
7341
7348
7352
7358
7362
7369
7373
7379
7384
7390
7394
7400
7405
7411
7415
7422
7426
7432
7436
7443
7447
7453
7458
7464
7468
7474
7479
7485
7489
7495
7500
7506
7510
7517
7521
7527
7531
7538
7542
7548
7553
7559
7563
7569
7574
7580
7584
7591
7595
7601
7605
7612
7616
7622
7627
7633
7637
7643
7648
7654
7658
7665
7669
7675
7679
7686
7690
7696
7700
7707
7711
7717
7722
7728
7732
7738
7743
7749
7753
7760
7764
7770
7774
7781
7785
7791
7796
7802
7806
7812
7817
7823
7827
7834
7838
7844
7848
7855
7859
7865
7870
7875
7881
7885
7892
7896
7902
7906
7913
7917
7923
7928
7934
7938
7944
7949
7955
7959
7966
7970
7976
7980
7987
7991
7997
8002
8008
8012
8018
8023
8029
8033
8040
8044
8050
8055
8059
8065
8068
8074
8078
8084
8087
8093
8097
8103
8106
8112
8116
8121
8125
8131
8135
8140
8144
8150
8154
8159
8163
8169
8172
8178
8182
8188
8191
8197
8201
8207
8210
8216
8220
8225
8229
8235
8239
8244
8248
8254
8258
8263
8267
8273
8276
8282
8286
8292
8295
8301
8305
8311
8314
8320
8324
8329
8333
8339
8343
8348
8352
8358
8362
8367
8371
8377
8380
8386
8390
8396
8399
8405
8409
8415
8418
8424
8428
8433
8437
8443
8447
8452
8456
8462
8466
8471
8475
8481
8484
8490
8494
8500
8503
8509
8513
8519
8522
8528
8532
8537
8541
8547
8551
8556
8560
8566
8570
8575
8579
8585
8589
8594
8598
8604
8607
8613
8617
8623
8626
8632
8636
8642
8645
8651
8655
8660
8664
8670
8674
8679
8683
8689
8693
8698
8702
8708
8711
8717
8721
8727
8730
8736
8740
8746
8749
8755
8759
8764
8768
8774
8778
8783
8787
8793
8797
8802
8806
8812
8815
8821
8825
8831
8834
8840
8844
8850
8853
8859
8863
8868
8872
8878
8882
8887
8891
8897
8901
8906
8910
8916
8919
8925
8929
8935
8938
8944
8948
8954
8957
8963
8967
8972
8976
8982
8988
8992
8998
9002
9009
9013
9019
9023
9030
9034
9040
9044
9051
9055
9061
9065
9072
9076
9082
9086
9093
9097
9103
9107
9114
9118
9124
9128
9134
9139
9145
9149
9155
9160
9166
9170
9176
9181
9187
9191
9197
9202
9208
9212
9218
9223
9229
9233
9239
9244
9250
9254
9260
9264
9271
9275
9281
9285
9292
9296
9302
9306
9313
9317
9323
9327
9334
9338
9344
9348
9355
9359
9365
9369
9376
9380
9386
9390
9396
9401
9407
9411
9417
9422
9428
9432
9438
9443
9449
9453
9459
9464
9470
9474
9480
9485
9491
9495
9501
9506
9512
9516
9522
9526
9533
9537
9543
9547
9554
9558
9564
9568
9575
9579
9585
9589
9596
9600
9606
9610
9617
9621
9627
9631
9638
9642
9648
9652
9658
9663
9669
9673
9679
9684
9690
9694
9700
9705
9711
9715
9721
9726
9732
9736
9742
9747
9753
9757
9763
9768
9774
9778
9784
9788
9795
9799
9805
9809
9816
9820
9826
9830
9837
9841
9847
9851
9858
9862
9868
9872
9879
9883
9889
9893
9900
9904
9910
9914
9920
9925
9930
9933
9938
9941
9947
9950
9955
9958
9963
9967
9972
9975
9980
9983
9989
9992
9997
10000
10005
10009
10014
10017
10022
10025
10031
10034
10039
10042
10047
10051
10056
10059
10064
10067
10073
10076
10081
10084
10089
10093
10098
10101
10106
10109
10115
10118
10123
10126
10131
10135
10140
10143
10148
10151
10157
10160
10165
10168
10173
10177
10182
10185
10190
10193
10199
10202
10207
10210
10215
10219
10224
10227
10232
10235
10241
10244
10249
10252
10257
10261
10266
10269
10274
10277
10283
10286
10291
10294
10299
10303
10308
10311
10316
10319
10325
10328
10333
10336
10341
10345
10350
10353
10358
10361
10367
10370
10375
10378
10383
10387
10392
10395
10400
10403
10409
10412
10417
10420
10425
10429
10434
10437
10442
10445
10451
10454
10459
10462
10467
10471
10476
10479
10484
10487
10493
10496
10501
10504
10509
10513
10518
10521
10526
10529
10535
10538
10543
10546
10551
10555
10560
10563
10568
10571
10577
10580
10585
10588
10593
10597
10602
10605
10610
10613
10619
10622
10627
10630
10635
10639
10644
10647
10652
10655
10661
10664
10669
10672
10677
10681
10686
10689
10694
10697
10703
10706
10711
10714
10719
10723
10728
10731
10736
10739
10745
10748
10753
10756
10761
10765
10770
10773
10778
10781
10787
10790
10795
10798
10803
10807
10812
10815
10820
10823
10828
10832
10837
10841
10847
10850
10856
10859
10865
10869
10874
10878
10884
10887
10893
10896
10902
10906
10911
10915
10921
10924
10930
10933
10939
10943
10948
10952
10958
10961
10967
10970
10976
10980
10985
10989
10994
10998
11004
11007
11013
11017
11022
11026
11031
11035
11041
11044
11050
11054
11059
11063
11068
11072
11078
11081
11087
11091
11096
11100
11105
11109
11115
11118
11124
11127
11133
11137
11142
11146
11152
11155
11161
11164
11170
11174
11179
11183
11189
11192
11198
11201
11207
11211
11216
11220
11226
11229
11235
11238
11244
11248
11253
11257
11262
11266
11272
11275
11281
11285
11290
11294
11299
11303
11309
11312
11318
11322
11327
11331
11336
11340
11346
11349
11355
11359
11364
11368
11373
11377
11383
11386
11392
11395
11401
11405
11410
11414
11420
11423
11429
11432
11438
11442
11447
11451
11457
11460
11466
11469
11475
11479
11484
11488
11494
11497
11503
11506
11512
11516
11521
11525
11530
11534
11540
11543
11549
11553
11558
11562
11567
11571
11577
11580
11586
11590
11595
11599
11604
11608
11614
11617
11623
11627
11632
11636
11641
11645
11651
11654
11660
11663
11668
11672
11677
11681
11686
11690
11695
11699
11704
11708
11713
11717
11722
11726
11731
11735
11740
11744
11749
11753
11758
11762
11767
11771
11776
11780
11785
11789
11794
11798
11803
11807
11812
11816
11821
11825
11830
11834
11839
11843
11848
11852
11857
11861
11866
11870
11875
11879
11884
11888
11893
11897
11902
11906
11911
11915
11920
11924
11929
11933
11938
11942
11947
11951
11956
11960
11965
11969
11974
11978
11983
11987
11992
11996
12001
12005
12010
12014
12019
12023
12028
12032
12037
12041
12046
12050
12055
12059
12064
12068
12073
12077
12082
12086
12091
12095
12100
12104
12109
12113
12118
12122
12127
12131
12136
12140
12145
12149
12154
12158
12163
12167
12172
12176
12181
12185
12190
12194
12199
12203
12208
12212
12217
12221
12226
12230
12235
12239
12244
12248
12253
12257
12262
12266
12271
12275
12280
12284
12289
12293
12298
12302
12307
12311
12316
12320
12325
12329
12334
12338
12343
12347
12352
12356
12361
12365
12370
12374
12379
12383
12388
12392
12397
12401
12406
12410
12415
12419
12424
12428
12433
12437
12442
12446
12451
12455
12460
12464
12469
12473
12478
12482
12487
12491
12496
12500
12505
12509
12514
12518
12523
12527
12532
12536
12541
12545
12550
12554
12559
12563
12568
12572
12577
12581
12586
12590
12595
12599
12605
12609
12615
12618
12624
12628
12634
12638
12644
12647
12653
12657
12663
12667
12672
12676
12682
12686
12692
12696
12701
12705
12711
12715
12721
12724
12730
12734
12740
12744
12750
12753
12759
12763
12769
12773
12779
12782
12788
12792
12798
12802
12807
12811
12817
12821
12827
12831
12836
12840
12846
12850
12856
12859
12865
12869
12875
12879
12885
12888
12894
12898
12904
12908
12914
12917
12923
12927
12933
12937
12942
12946
12952
12956
12962
12966
12971
12975
12981
12985
12991
12994
13000
13004
13010
13014
13020
13023
13029
13033
13039
13043
13049
13052
13058
13062
13068
13072
13077
13081
13087
13091
13097
13101
13106
13110
13116
13120
13126
13129
13135
13139
13145
13149
13155
13158
13164
13168
13174
13178
13184
13187
13193
13197
13203
13207
13212
13216
13222
13226
13232
13236
13241
13245
13251
13255
13261
13264
13270
13274
13280
13284
13290
13293
13299
13303
13309
13313
13319
13322
13328
13332
13338
13342
13347
13351
13357
13361
13367
13371
13376
13380
13386
13390
13396
13399
13405
13409
13415
13419
13425
13428
13434
13438
13444
13448
13453
13457
13463
13467
13473
13477
13482
13486
13492
13496
13502
13506
13511
13515
13521
13525
13531
13534
13539
13543
13549
13552
13558
13562
13568
13571
13577
13581
13587
13590
13596
13600
13606
13609
13615
13619
13625
13628
13634
13638
13644
13647
13653
13657
13663
13666
13672
13676
13682
13685
13691
13695
13701
13704
13710
13714
13720
13723
13729
13733
13739
13742
13748
13752
13758
13761
13767
13771
13776
13780
13786
13790
13795
13799
13805
13809
13814
13818
13824
13828
13833
13837
13843
13847
13852
13856
13862
13866
13871
13875
13881
13885
13890
13894
13900
13904
13909
13913
13919
13923
13928
13932
13938
13942
13947
13951
13957
13961
13966
13970
13976
13980
13985
13989
13995
13999
14004
14008
14014
14017
14023
14027
14033
14036
14042
14046
14052
14055
14061
14065
14071
14074
14080
14084
14090
14093
14099
14103
14109
14112
14118
14122
14128
14131
14137
14141
14147
14150
14156
14160
14166
14169
14175
14179
14185
14188
14194
14198
14204
14207
14213
14217
14223
14226
14232
14236
14241
14245
14251
14255
14260
14264
14270
14274
14279
14283
14289
14293
14298
14302
14308
14312
14317
14321
14327
14331
14336
14340
14346
14350
14355
14359
14365
14371
14375
14381
14386
14392
14396
14402
14407
14413
14417
14423
14428
14434
14438
14444
14449
14455
14459
14465
14470
14476
14480
14486
14491
14497
14501
14507
14512
14518
14522
14528
14533
14539
14543
14549
14554
14560
14564
14570
14575
14581
14585
14591
14596
14602
14606
14612
14617
14623
14627
14633
14638
14644
14648
14654
14659
14665
14669
14675
14680
14686
14690
14696
14701
14707
14711
14718
14722
14728
14732
14739
14743
14749
14753
14760
14764
14770
14774
14781
14785
14791
14795
14802
14806
14812
14816
14823
14827
14833
14837
14844
14848
14854
14858
14865
14869
14875
14879
14886
14890
14896
14900
14907
14911
14917
14921
14928
14932
14938
14942
14949
14953
14959
14963
14970
14974
14980
14984
14991
14995
15001
15005
15012
15016
15022
15026
15033
15037
15043
15048
15054
15058
15064
15069
15075
15079
15085
15090
15096
15100
15106
15111
15117
15121
15127
15132
15138
15142
15148
15153
15159
15163
15169
15174
15180
15184
15190
15195
15201
15205
15211
15216
15222
15226
15232
15237
15243
15247
15253
15258
15264
15269
15273
15278
15282
15287
15291
15296
15300
15306
15309
15315
15318
15324
15327
15333
15337
15342
15346
15351
15355
15360
15364
15370
15373
15379
15382
15388
15391
15397
15400
15406
15410
15415
15419
15424
15428
15433
15437
15443
15446
15452
15455
15461
15464
15470
15474
15479
15483
15488
15492
15497
15501
15507
15510
15516
15519
15525
15528
15534
15537
15543
15547
15552
15556
15561
15565
15570
15574
15580
15583
15589
15592
15598
15601
15607
15611
15616
15620
15625
15629
15634
15638
15643
15647
15653
15656
15662
15665
15671
15674
15680
15684
15689
15693
15698
15702
15707
15711
15717
15720
15726
15729
15735
15738
15744
15748
15753
15757
15762
15766
15771
15775
15780
15784
15790
15793
15799
15802
15808
15811
15817
15821
15826
15830
15835
15839
15844
15848
15854
15857
15863
15866
15872
15875
15881
15885
15890
15894
15899
15903
15908
15912
15917
15921
15927
15930
15936
15939
15945
15948
15954
15958
15963
15967
15972
15976
15981
15985
15991
15994
16000
16003
16009
16012
16018
16021
16027
16031
16036
16040
16045
16049
16054
16058
16064
16067
16073
16076
16082
16085
16091
16095
16100
16104
16109
16113
16118
16122
16128
16131
16137
16140
16146
16149
16155
16158
16164
16168
16173
16177
16182
16186
16191
16194
16200
16203
16209
16212
16218
16221
16227
16230
16236
16239
16245
16248
16254
16257
16263
16266
16272
16275
16281
16284
16290
16293
16299
16302
16308
16311
16317
16320
16326
16329
16335
16338
16344
16347
16353
16356
16362
16365
16371
16374
16380
16383
16389
16392
16398
16401
16407
16410
16416
16419
16425
16428
16434
16437
16442
16446
16451
16455
16460
16464
16469
16473
16478
16482
16487
16491
16496
16500
16505
16509
16514
16518
16523
16527
16532
16536
16541
16545
16550
16554
16559
16563
16568
16572
16577
16581
16586
16590
16595
16599
16604
16608
16613
16617
16622
16626
16631
16635
16640
16644
16649
16653
16658
16662
16667
16671
16676
16680
16685
16688
16694
16697
16703
16706
16712
16715
16721
16724
16730
16733
16739
16742
16748
16751
16757
16760
16766
16769
16775
16778
16784
16787
16793
16796
16802
16805
16811
16814
16820
16823
16829
16832
16838
16841
16847
16850
16856
16859
16865
16868
16874
16877
16883
16886
16892
16895
16901
16904
16910
16913
16919
16922
16928
16931
16936
16940
16945
16949
16954
16958
16963
16967
16972
16976
16981
16985
16990
16994
16999
17003
17008
17012
17017
17021
17026
17030
17035
17039
17044
17048
17053
17057
17062
17066
17071
17075
17080
17084
17089
17093
17098
17102
17107
17111
17116
17120
17125
17130
17133
17138
17141
17147
17150
17155
17158
17163
17167
17172
17175
17180
17184
17189
17192
17197
17200
17206
17209
17214
17217
17223
17226
17231
17234
17239
17243
17248
17251
17256
17260
17265
17268
17273
17276
17282
17285
17290
17293
17298
17302
17307
17310
17315
17319
17324
17327
17332
17335
17341
17344
17349
17352
17358
17361
17366
17369
17374
17378
17383
17386
17391
17395
17400
17403
17408
17411
17417
17420
17425
17428
17434
17437
17442
17445
17450
17454
17459
17462
17467
17470
17476
17479
17484
17487
17493
17496
17501
17504
17509
17513
17518
17521
17526
17530
17535
17538
17543
17546
17552
17555
17560
17563
17569
17572
17577
17580
17585
17589
17594
17597
17602
17606
17611
17614
17619
17622
17628
17631
17636
17639
17644
17648
17653
17656
17661
17665
17670
17673
17678
17681
17687
17690
17695
17698
17704
17707
17712
17715
17720
17724
17729
17732
17737
17741
17746
17749
17754
17757
17763
17766
17771
17774
17780
17783
17788
17791
17796
17800
17805
17808
17813
17816
17822
17825
17830
17833
17839
17842
17847
17850
17855
17859
17864
17867
17872
17876
17881
17884
17889
17892
17898
17901
17906
17909
17915
17918
17923
17926
17931
17935
17940
17943
17949
17953
17959
17964
17970
17974
17980
17985
17991
17995
18002
18006
18012
18016
18023
18027
18033
18038
18044
18048
18054
18059
18065
18069
18076
18080
18086
18090
18097
18101
18107
18112
18118
18122
18128
18133
18139
18143
18149
18154
18160
18164
18171
18175
18181
18185
18192
18196
18202
18207
18213
18217
18223
18228
18234
18238
18245
18249
18255
18259
18266
18270
18276
18281
18287
18291
18297
18302
18308
18312
18318
18323
18329
18333
18340
18344
18350
18354
18361
18365
18371
18376
18382
18386
18392
18397
18403
18407
18414
18418
18424
18428
18435
18439
18445
18450
18456
18460
18466
18471
18477
18481
18488
18492
18498
18502
18509
18513
18519
18523
18530
18534
18540
18545
18551
18555
18561
18566
18572
18576
18583
18587
18593
18597
18604
18608
18614
18619
18625
18629
18635
18640
18646
18650
18657
18661
18667
18671
18678
18682
18688
18693
18698
18704
18708
18715
18719
18725
18729
18736
18740
18746
18751
18757
18761
18767
18772
18778
18782
18789
18793
18799
18803
18810
18814
18820
18825
18831
18835
18841
18846
18852
18856
18863
18867
18873
18878
18882
18888
18891
18897
18901
18907
18910
18916
18920
18926
18929
18935
18939
18944
18948
18954
18958
18963
18967
18973
18977
18982
18986
18992
18995
19001
19005
19011
19014
19020
19024
19030
19033
19039
19043
19048
19052
19058
19062
19067
19071
19077
19081
19086
19090
19096
19099
19105
19109
19115
19118
19124
19128
19134
19137
19143
19147
19152
19156
19162
19166
19171
19175
19181
19185
19190
19194
19200
19203
19209
19213
19219
19222
19228
19232
19238
19241
19247
19251
19256
19260
19266
19270
19275
19279
19285
19289
19294
19298
19304
19307
19313
19317
19323
19326
19332
19336
19342
19345
19351
19355
19360
19364
19370
19374
19379
19383
19389
19393
19398
19402
19408
19412
19417
19421
19427
19430
19436
19440
19446
19449
19455
19459
19465
19468
19474
19478
19483
19487
19493
19497
19502
19506
19512
19516
19521
19525
19531
19534
19540
19544
19550
19553
19559
19563
19569
19572
19578
19582
19587
19591
19597
19601
19606
19610
19616
19620
19625
19629
19635
19638
19644
19648
19654
19657
19663
19667
19673
19676
19682
19686
19691
19695
19701
19705
19710
19714
19720
19724
19729
19733
19739
19742
19748
19752
19758
19761
19767
19771
19777
19780
19786
19790
19795
19799
19805
19811
19815
19821
19825
19832
19836
19842
19846
19853
19857
19863
19867
19874
19878
19884
19888
19895
19899
19905
19909
19916
19920
19926
19930
19937
19941
19947
19951
19957
19962
19968
19972
19978
19983
19989
19993
19999
20004
20010
20014
20020
20025
20031
20035
20041
20046
20052
20056
20062
20067
20073
20077
20083
20087
20094
20098
20104
20108
20115
20119
20125
20129
20136
20140
20146
20150
20157
20161
20167
20171
20178
20182
20188
20192
20199
20203
20209
20213
20219
20224
20230
20234
20240
20245
20251
20255
20261
20266
20272
20276
20282
20287
20293
20297
20303
20308
20314
20318
20324
20329
20335
20339
20345
20349
20356
20360
20366
20370
20377
20381
20387
20391
20398
20402
20408
20412
20419
20423
20429
20433
20440
20444
20450
20454
20461
20465
20471
20475
20481
20486
20492
20496
20502
20507
20513
20517
20523
20528
20534
20538
20544
20549
20555
20559
20565
20570
20576
20580
20586
20591
20597
20601
20607
20611
20618
20622
20628
20632
20639
20643
20649
20653
20660
20664
20670
20674
20681
20685
20691
20695
20702
20706
20712
20716
20723
20727
20733
20737
20743
20748
20753
20756
20761
20764
20770
20773
20778
20781
20786
20790
20795
20798
20803
20806
20812
20815
20820
20823
20828
20832
20837
20840
20845
20848
20854
20857
20862
20865
20870
20874
20879
20882
20887
20890
20896
20899
20904
20907
20912
20916
20921
20924
20929
20932
20938
20941
20946
20949
20954
20958
20963
20966
20971
20974
20980
20983
20988
20991
20996
21000
21005
21008
21013
21016
21022
21025
21030
21033
21038
21042
21047
21050
21055
21058
21064
21067
21072
21075
21080
21084
21089
21092
21097
21100
21106
21109
21114
21117
21122
21126
21131
21134
21139
21142
21148
21151
21156
21159
21164
21168
21173
21176
21181
21184
21190
21193
21198
21201
21206
21210
21215
21218
21223
21226
21232
21235
21240
21243
21248
21252
21257
21260
21265
21268
21274
21277
21282
21285
21290
21294
21299
21302
21307
21310
21316
21319
21324
21327
21332
21336
21341
21344
21349
21352
21358
21361
21366
21369
21374
21378
21383
21386
21391
21394
21400
21403
21408
21411
21416
21420
21425
21428
21433
21436
21442
21445
21450
21453
21458
21462
21467
21470
21475
21478
21484
21487
21492
21495
21500
21504
21509
21512
21517
21520
21526
21529
21534
21537
21542
21546
21551
21554
21559
21562
21568
21571
21576
21579
21584
21588
21593
21596
21601
21604
21610
21613
21618
21621
21626
21630
21635
21638
21643
21646
21651
21655
21660
21664
21670
21673
21679
21682
21688
21692
21697
21701
21707
21710
21716
21719
21725
21729
21734
21738
21744
21747
21753
21756
21762
21766
21771
21775
21781
21784
21790
21793
21799
21803
21808
21812
21817
21821
21827
21830
21836
21840
21845
21849
21854
21858
21864
21867
21873
21877
21882
21886
21891
21895
21901
21904
21910
21914
21919
21923
21928
21932
21938
21941
21947
21950
21956
21960
21965
21969
21975
21978
21984
21987
21993
21997
22002
22006
22012
22015
22021
22024
22030
22034
22039
22043
22049
22052
22058
22061
22067
22071
22076
22080
22085
22089
22095
22098
22104
22108
22113
22117
22122
22126
22132
22135
22141
22145
22150
22154
22159
22163
22169
22172
22178
22182
22187
22191
22196
22200
22206
22209
22215
22218
22224
22228
22233
22237
22243
22246
22252
22255
22261
22265
22270
22274
22280
22283
22289
22292
22298
22302
22307
22311
22317
22320
22326
22329
22335
22339
22344
22348
22353
22357
22363
22366
22372
22376
22381
22385
22390
22394
22400
22403
22409
22413
22418
22422
22427
22431
22437
22440
22446
22450
22455
22459
22464
22468
22474
22477
22483
22486
22491
22495
22500
22504
22509
22513
22518
22522
22527
22531
22536
22540
22545
22549
22554
22558
22563
22567
22572
22576
22581
22585
22590
22594
22599
22603
22608
22612
22617
22621
22626
22630
22635
22639
22644
22648
22653
22657
22662
22666
22671
22675
22680
22684
22689
22693
22698
22702
22707
22711
22716
22720
22725
22729
22734
22738
22743
22747
22752
22756
22761
22765
22770
22774
22779
22783
22788
22792
22797
22801
22806
22810
22815
22819
22824
22828
22833
22837
22842
22846
22851
22855
22860
22864
22869
22873
22878
22882
22887
22891
22896
22900
22905
22909
22914
22918
22923
22927
22932
22936
22941
22945
22950
22954
22959
22963
22968
22972
22977
22981
22986
22990
22995
22999
23004
23008
23013
23017
23022
23026
23031
23035
23040
23044
23049
23053
23058
23062
23067
23071
23076
23080
23085
23089
23094
23098
23103
23107
23112
23116
23121
23125
23130
23134
23139
23143
23148
23152
23157
23161
23166
23170
23175
23179
23184
23188
23193
23197
23202
23206
23211
23215
23220
23224
23229
23233
23238
23242
23247
23251
23256
23260
23265
23269
23274
23278
23283
23287
23292
23296
23301
23305
23310
23314
23319
23323
23328
23332
23337
23341
23346
23350
23355
23359
23364
23368
23373
23377
23382
23386
23391
23395
23400
23404
23409
23413
23418
23422
23428
23432
23438
23441
23447
23451
23457
23461
23467
23470
23476
23480
23486
23490
23495
23499
23505
23509
23515
23519
23524
23528
23534
23538
23544
23547
23553
23557
23563
23567
23573
23576
23582
23586
23592
23596
23602
23605
23611
23615
23621
23625
23630
23634
23640
23644
23650
23654
23659
23663
23669
23673
23679
23682
23688
23692
23698
23702
23708
23711
23717
23721
23727
23731
23737
23740
23746
23750
23756
23760
23765
23769
23775
23779
23785
23789
23794
23798
23804
23808
23814
23817
23823
23827
23833
23837
23843
23846
23852
23856
23862
23866
23872
23875
23881
23885
23891
23895
23900
23904
23910
23914
23920
23924
23929
23933
23939
23943
23949
23952
23958
23962
23968
23972
23978
23981
23987
23991
23997
24001
24007
24010
24016
24020
24026
24030
24035
24039
24045
24049
24055
24059
24064
24068
24074
24078
24084
24087
24093
24097
24103
24107
24113
24116
24122
24126
24132
24136
24142
24145
24151
24155
24161
24165
24170
24174
24180
24184
24190
24194
24199
24203
24209
24213
24219
24222
24228
24232
24238
24242
24248
24251
24257
24261
24267
24271
24276
24280
24286
24290
24296
24300
24305
24309
24315
24319
24325
24329
24334
24338
24344
24348
24354
24357
24362
24366
24372
24375
24381
24385
24391
24394
24400
24404
24410
24413
24419
24423
24429
24432
24438
24442
24448
24451
24457
24461
24467
24470
24476
24480
24486
24489
24495
24499
24505
24508
24514
24518
24524
24527
24533
24537
24543
24546
24552
24556
24562
24565
24571
24575
24581
24584
24590
24594
24599
24603
24609
24613
24618
24622
24628
24632
24637
24641
24647
24651
24656
24660
24666
24670
24675
24679
24685
24689
24694
24698
24704
24708
24713
24717
24723
24727
24732
24736
24742
24746
24751
24755
24761
24765
24770
24774
24780
24784
24789
24793
24799
24803
24808
24812
24818
24822
24827
24831
24837
24840
24846
24850
24856
24859
24865
24869
24875
24878
24884
24888
24894
24897
24903
24907
24913
24916
24922
24926
24932
24935
24941
24945
24951
24954
24960
24964
24970
24973
24979
24983
24989
24992
24998
25002
25008
25011
25017
25021
25027
25030
25036
25040
25046
25049
25055
25059
25064
25068
25074
25078
25083
25087
25093
25097
25102
25106
25112
25116
25121
25125
25131
25135
25140
25144
25150
25154
25159
25163
25169
25173
25178
25182
25188
25194
25198
25204
25209
25215
25219
25225
25230
25236
25240
25246
25251
25257
25261
25267
25272
25278
25282
25288
25293
25299
25303
25309
25314
25320
25324
25330
25335
25341
25345
25351
25356
25362
25366
25372
25377
25383
25387
25393
25398
25404
25408
25414
25419
25425
25429
25435
25440
25446
25450
25456
25461
25467
25471
25477
25482
25488
25492
25498
25503
25509
25513
25519
25524
25530
25534
25541
25545
25551
25555
25562
25566
25572
25576
25583
25587
25593
25597
25604
25608
25614
25618
25625
25629
25635
25639
25646
25650
25656
25660
25667
25671
25677
25681
25688
25692
25698
25702
25709
25713
25719
25723
25730
25734
25740
25744
25751
25755
25761
25765
25772
25776
25782
25786
25793
25797
25803
25807
25814
25818
25824
25828
25835
25839
25845
25849
25856
25860
25866
25871
25877
25881
25887
25892
25898
25902
25908
25913
25919
25923
25929
25934
25940
25944
25950
25955
25961
25965
25971
25976
25982
25986
25992
25997
26003
26007
26013
26018
26024
26028
26034
26039
26045
26049
26055
26060
26066
26070
26076
26081
26087
26092
26096
26101
26105
26110
26114
26119
26123
26129
26132
26138
26141
26147
26150
26156
26160
26165
26169
26174
26178
26183
26187
26193
26196
26202
26205
26211
26214
26220
26223
26229
26233
26238
26242
26247
26251
26256
26260
26266
26269
26275
26278
26284
26287
26293
26297
26302
26306
26311
26315
26320
26324
26330
26333
26339
26342
26348
26351
26357
26360
26366
26370
26375
26379
26384
26388
26393
26397
26403
26406
26412
26415
26421
26424
26430
26434
26439
26443
26448
26452
26457
26461
26466
26470
26476
26479
26485
26488
26494
26497
26503
26507
26512
26516
26521
26525
26530
26534
26540
26543
26549
26552
26558
26561
26567
26571
26576
26580
26585
26589
26594
26598
26603
26607
26613
26616
26622
26625
26631
26634
26640
26644
26649
26653
26658
26662
26667
26671
26677
26680
26686
26689
26695
26698
26704
26708
26713
26717
26722
26726
26731
26735
26740
26744
26750
26753
26759
26762
26768
26771
26777
26781
26786
26790
26795
26799
26804
26808
26814
26817
26823
26826
26832
26835
26841
26844
26850
26854
26859
26863
26868
26872
26877
26881
26887
26890
26896
26899
26905
26908
26914
26918
26923
26927
26932
26936
26941
26945
26951
26954
26960
26963
26969
26972
26978
26981
26987
26991
26996
27000
27005
27009
27014
27017
27023
27026
27032
27035
27041
27044
27050
27053
27059
27062
27068
27071
27077
27080
27086
27089
27095
27098
27104
27107
27113
27116
27122
27125
27131
27134
27140
27143
27149
27152
27158
27161
27167
27170
27176
27179
27185
27188
27194
27197
27203
27206
27212
27215
27221
27224
27230
27233
27239
27242
27248
27251
27257
27260
27265
27269
27274
27278
27283
27287
27292
27296
27301
27305
27310
27314
27319
27323
27328
27332
27337
27341
27346
27350
27355
27359
27364
27368
27373
27377
27382
27386
27391
27395
27400
27404
27409
27413
27418
27422
27427
27431
27436
27440
27445
27449
27454
27458
27463
27467
27472
27476
27481
27485
27490
27494
27499
27503
27508
27511
27517
27520
27526
27529
27535
27538
27544
27547
27553
27556
27562
27565
27571
27574
27580
27583
27589
27592
27598
27601
27607
27610
27616
27619
27625
27628
27634
27637
27643
27646
27652
27655
27661
27664
27670
27673
27679
27682
27688
27691
27697
27700
27706
27709
27715
27718
27724
27727
27733
27736
27742
27745
27751
27754
27759
27763
27768
27772
27777
27781
27786
27790
27795
27799
27804
27808
27813
27817
27822
27826
27831
27835
27840
27844
27849
27853
27858
27862
27867
27871
27876
27880
27885
27889
27894
27898
27903
27907
27912
27916
27921
27925
27930
27934
27939
27943
27948
27953
27956
27961
27964
27970
27973
27978
27981
27986
27990
27995
27998
28003
28007
28012
28015
28020
28023
28029
28032
28037
28040
28046
28049
28054
28057
28062
28066
28071
28074
28079
28083
28088
28091
28096
28099
28105
28108
28113
28116
28121
28125
28130
28133
28138
28142
28147
28150
28155
28158
28164
28167
28172
28175
28181
28184
28189
28192
28197
28201
28206
28209
28214
28218
28223
28226
28231
28234
28240
28243
28248
28251
28257
28260
28265
28268
28273
28277
28282
28285
28290
28293
28299
28302
28307
28310
28316
28319
28324
28327
28332
28336
28341
28344
28349
28353
28358
28361
28366
28369
28375
28378
28383
28386
28392
28395
28400
28403
28408
28412
28417
28420
28425
28429
28434
28437
28442
28445
28451
28454
28459
28462
28467
28471
28476
28479
28484
28488
28493
28496
28501
28504
28510
28513
28518
28521
28527
28530
28535
28538
28543
28547
28552
28555
28560
28564
28569
28572
28577
28580
28586
28589
28594
28597
28603
28606
28611
28614
28619
28623
28628
28631
28636
28639
28645
28648
28653
28656
28662
28665
28670
28673
28678
28682
28687
28690
28695
28699
28704
28707
28712
28715
28721
28724
28729
28732
28738
28741
28746
28749
28754
28758
28763
28766
28772
28776
28782
28787
28793
28797
28803
28808
28814
28818
28825
28829
28835
28839
28846
28850
28856
28861
28867
28871
28877
28882
28888
28892
28899
28903
28909
28913
28920
28924
28930
28935
28941
28945
28951
28956
28962
28966
28972
28977
28983
28987
28994
28998
29004
29008
29015
29019
29025
29030
29036
29040
29046
29051
29057
29061
29068
29072
29078
29082
29089
29093
29099
29104
29110
29114
29120
29125
29131
29135
29141
29146
29152
29156
29163
29167
29173
29177
29184
29188
29194
29199
29205
29209
29215
29220
29226
29230
29237
29241
29247
29251
29258
29262
29268
29273
29279
29283
29289
29294
29300
29304
29311
29315
29321
29325
29332
29336
29342
29346
29353
29357
29363
29368
29374
29378
29384
29389
29395
29399
29406
29410
29416
29420
29427
29431
29437
29442
29448
29452
29458
29463
29469
29473
29480
29484
29490
29494
29501
29505
29511
29516
29521
29527
29531
29538
29542
29548
29552
29559
29563
29569
29574
29580
29584
29590
29595
29601
29605
29612
29616
29622
29626
29633
29637
29643
29648
29654
29658
29664
29669
29675
29679
29686
29690
29696
29701
29705
29711
29714
29720
29724
29730
29733
29739
29743
29749
29752
29758
29762
29767
29771
29777
29781
29786
29790
29796
29800
29805
29809
29815
29818
29824
29828
29834
29837
29843
29847
29853
29856
29862
29866
29871
29875
29881
29885
29890
29894
29900
29904
29909
29913
29919
29922
29928
29932
29938
29941
29947
29951
29957
29960
29966
29970
29975
29979
29985
29989
29994
29998
30004
30008
30013
30017
30023
30026
30032
30036
30042
30045
30051
30055
30061
30064
30070
30074
30079
30083
30089
30093
30098
30102
30108
30112
30117
30121
30127
30130
30136
30140
30146
30149
30155
30159
30165
30168
30174
30178
30183
30187
30193
30197
30202
30206
30212
30216
30221
30225
30231
30235
30240
30244
30250
30253
30259
30263
30269
30272
30278
30282
30288
30291
30297
30301
30306
30310
30316
30320
30325
30329
30335
30339
30344
30348
30354
30357
30363
30367
30373
30376
30382
30386
30392
30395
30401
30405
30410
30414
30420
30424
30429
30433
30439
30443
30448
30452
30458
30461
30467
30471
30477
30480
30486
30490
30496
30499
30505
30509
30514
30518
30524
30528
30533
30537
30543
30547
30552
30556
30562
30565
30571
30575
30581
30584
30590
30594
30600
30603
30609
30613
30618
30622
30628
30634
30638
30644
30648
30655
30659
30665
30669
30676
30680
30686
30690
30697
30701
30707
30711
30718
30722
30728
30732
30739
30743
30749
30753
30760
30764
30770
30774
30780
30785
30791
30795
30801
30806
30812
30816
30822
30827
30833
30837
30843
30848
30854
30858
30864
30869
30875
30879
30885
30890
30896
30900
30906
30910
30917
30921
30927
30931
30938
30942
30948
30952
30959
30963
30969
30973
30980
30984
30990
30994
31001
31005
31011
31015
31022
31026
31032
31036
31042
31047
31053
31057
31063
31068
31074
31078
31084
31089
31095
31099
31105
31110
31116
31120
31126
31131
31137
31141
31147
31152
31158
31162
31168
31172
31179
31183
31189
31193
31200
31204
31210
31214
31221
31225
31231
31235
31242
31246
31252
31256
31263
31267
31273
31277
31284
31288
31294
31298
31304
31309
31315
31319
31325
31330
31336
31340
31346
31351
31357
31361
31367
31372
31378
31382
31388
31393
31399
31403
31409
31414
31420
31424
31430
31434
31441
31445
31451
31455
31462
31466
31472
31476
31483
31487
31493
31497
31504
31508
31514
31518
31525
31529
31535
31539
31546
31550
31556
31560
31566
31571
31576
31579
31584
31587
31593
31596
31601
31604
31609
31613
31618
31621
31626
31629
31635
31638
31643
31646
31651
31655
31660
31663
31668
31671
31677
31680
31685
31688
31693
31697
31702
31705
31710
31713
31719
31722
31727
31730
31735
31739
31744
31747
31752
31755
31761
31764
31769
31772
31777
31781
31786
31789
31794
31797
31803
31806
31811
31814
31819
31823
31828
31831
31836
31839
31845
31848
31853
31856
31861
31865
31870
31873
31878
31881
31887
31890
31895
31898
31903
31907
31912
31915
31920
31923
31929
31932
31937
31940
31945
31949
31954
31957
31962
31965
31971
31974
31979
31982
31987
31991
31996
31999
32004
32007
32013
32016
32021
32024
32029
32033
32038
32041
32046
32049
32055
32058
32063
32066
32071
32075
32080
32083
32088
32091
32097
32100
32105
32108
32113
32117
32122
32125
32130
32133
32139
32142
32147
32150
32155
32159
32164
32167
32172
32175
32181
32184
32189
32192
32197
32201
32206
32209
32214
32217
32223
32226
32231
32234
32239
32243
32248
32251
32256
32259
32265
32268
32273
32276
32281
32285
32290
32293
32298
32301
32307
32310
32315
32318
32323
32327
32332
32335
32340
32343
32349
32352
32357
32360
32365
32369
32374
32377
32382
32385
32391
32394
32399
32402
32407
32411
32416
32419
32424
32427
32433
32436
32441
32444
32449
32453
32458
32461
32466
32469
32474
32478
32483
32487
32493
32496
32502
32505
32511
32515
32520
32524
32530
32533
32539
32542
32548
32552
32557
32561
32567
32570
32576
32579
32585
32589
32594
32598
32604
32607
32613
32616
32622
32626
32631
32635
32640
32644
32650
32653
32659
32663
32668
32672
32677
32681
32687
32690
32696
32700
32705
32709
32714
32718
32724
32727
32733
32737
32742
32746
32751
32755
32761
32764
32770
32773
32779
32783
32788
32792
32798
32801
32807
32810
32816
32820
32825
32829
32835
32838
32844
32847
32853
32857
32862
32866
32872
32875
32881
32884
32890
32894
32899
32903
32908
32912
32918
32921
32927
32931
32936
32940
32945
32949
32955
32958
32964
32968
32973
32977
32982
32986
32992
32995
33001
33005
33010
33014
33019
33023
33029
33032
33038
33041
33047
33051
33056
33060
33066
33069
33075
33078
33084
33088
33093
33097
33103
33106
33112
33115
33121
33125
33130
33134
33140
33143
33149
33152
33158
33162
33167
33171
33176
33180
33186
33189
33195
33199
33204
33208
33213
33217
33223
33226
33232
33236
33241
33245
33250
33254
33260
33263
33269
33273
33278
33282
33287
33291
33297
33300
33306
33309
33314
33318
33323
33327
33332
33336
33341
33345
33350
33354
33359
33363
33368
33372
33377
33381
33386
33390
33395
33399
33404
33408
33413
33417
33422
33426
33431
33435
33440
33444
33449
33453
33458
33462
33467
33471
33476
33480
33485
33489
33494
33498
33503
33507
33512
33516
33521
33525
33530
33534
33539
33543
33548
33552
33557
33561
33566
33570
33575
33579
33584
33588
33593
33597
33602
33606
33611
33615
33620
33624
33629
33633
33638
33642
33647
33651
33656
33660
33665
33669
33674
33678
33683
33687
33692
33696
33701
33705
33710
33714
33719
33723
33728
33732
33737
33741
33746
33750
33755
33759
33764
33768
33773
33777
33782
33786
33791
33795
33800
33804
33809
33813
33818
33822
33827
33831
33836
33840
33845
33849
33854
33858
33863
33867
33872
33876
33881
33885
33890
33894
33899
33903
33908
33912
33917
33921
33926
33930
33935
33939
33944
33948
33953
33957
33962
33966
33971
33975
33980
33984
33989
33993
33998
34002
34007
34011
34016
34020
34025
34029
34034
34038
34043
34047
34052
34056
34061
34065
34070
34074
34079
34083
34088
34092
34097
34101
34106
34110
34115
34119
34124
34128
34133
34137
34142
34146
34151
34155
34160
34164
34169
34173
34178
34182
34187
34191
34196
34200
34205
34209
34214
34218
34223
34227
34232
34236
34241
34245
34251
34255
34261
34264
34270
34274
34280
34284
34290
34293
34299
34303
34309
34313
34318
34322
34328
34332
34338
34342
34347
34351
34357
34361
34367
34370
34376
34380
34386
34390
34396
34399
34405
34409
34415
34419
34425
34428
34434
34438
34444
34448
34453
34457
34463
34467
34473
34477
34482
34486
34492
34496
34502
34505
34511
34515
34521
34525
34531
34534
34540
34544
34550
34554
34560
34563
34569
34573
34579
34583
34588
34592
34598
34602
34608
34612
34617
34621
34627
34631
34637
34640
34646
34650
34656
34660
34666
34669
34675
34679
34685
34689
34695
34698
34704
34708
34714
34718
34723
34727
34733
34737
34743
34747
34752
34756
34762
34766
34772
34775
34781
34785
34791
34795
34801
34804
34810
34814
34820
34824
34830
34833
34839
34843
34849
34853
34858
34862
34868
34872
34878
34882
34887
34891
34897
34901
34907
34910
34916
34920
34926
34930
34936
34939
34945
34949
34955
34959
34965
34968
34974
34978
34984
34988
34993
34997
35003
35007
35013
35017
35022
35026
35032
35036
35042
35045
35051
35055
35061
35065
35071
35074
35080
35084
35090
35094
35099
35103
35109
35113
35119
35123
35128
35132
35138
35142
35148
35152
35157
35161
35167
35171
35177
35180
35185
35189
35195
35198
35204
35208
35214
35217
35223
35227
35233
35236
35242
35246
35252
35255
35261
35265
35271
35274
35280
35284
35290
35293
35299
35303
35309
35312
35318
35322
35328
35331
35337
35341
35347
35350
35356
35360
35366
35369
35375
35379
35385
35388
35394
35398
35404
35407
35413
35417
35422
35426
35432
35436
35441
35445
35451
35455
35460
35464
35470
35474
35479
35483
35489
35493
35498
35502
35508
35512
35517
35521
35527
35531
35536
35540
35546
35550
35555
35559
35565
35569
35574
35578
35584
35588
35593
35597
35603
35607
35612
35616
35622
35626
35631
35635
35641
35645
35650
35654
35660
35663
35669
35673
35679
35682
35688
35692
35698
35701
35707
35711
35717
35720
35726
35730
35736
35739
35745
35749
35755
35758
35764
35768
35774
35777
35783
35787
35793
35796
35802
35806
35812
35815
35821
35825
35831
35834
35840
35844
35850
35853
35859
35863
35869
35872
35878
35882
35887
35891
35897
35901
35906
35910
35916
35920
35925
35929
35935
35939
35944
35948
35954
35958
35963
35967
35973
35977
35982
35986
35992
35996
36001
36005
36011
36017
36021
36027
36032
36038
36042
36048
36053
36059
36063
36069
36074
36080
36084
36090
36095
36101
36105
36111
36116
36122
36126
36132
36137
36143
36147
36153
36158
36164
36168
36174
36179
36185
36189
36195
36200
36206
36210
36216
36221
36227
36231
36237
36242
36248
36252
36258
36263
36269
36273
36279
36284
36290
36294
36300
36305
36311
36315
36321
36326
36332
36336
36342
36347
36353
36357
36364
36368
36374
36378
36385
36389
36395
36399
36406
36410
36416
36420
36427
36431
36437
36441
36448
36452
36458
36462
36469
36473
36479
36483
36490
36494
36500
36504
36511
36515
36521
36525
36532
36536
36542
36546
36553
36557
36563
36567
36574
36578
36584
36588
36595
36599
36605
36609
36616
36620
36626
36630
36637
36641
36647
36651
36658
36662
36668
36672
36679
36683
36689
36694
36700
36704
36710
36715
36721
36725
36731
36736
36742
36746
36752
36757
36763
36767
36773
36778
36784
36788
36794
36799
36805
36809
36815
36820
36826
36830
36836
36841
36847
36851
36857
36862
36868
36872
36878
36883
36889
36893
36899
36904
36910
36915
36919
36924
36928
36933
36937
36942
36946
36952
36955
36961
36964
36970
36973
36979
36983
36988
36992
36997
37001
37006
37010
37016
37019
37025
37028
37034
37037
37043
37046
37052
37056
37061
37065
37070
37074
37079
37083
37089
37092
37098
37101
37107
37110
37116
37120
37125
37129
37134
37138
37143
37147
37153
37156
37162
37165
37171
37174
37180
37183
37189
37193
37198
37202
37207
37211
37216
37220
37226
37229
37235
37238
37244
37247
37253
37257
37262
37266
37271
37275
37280
37284
37289
37293
37299
37302
37308
37311
37317
37320
37326
37330
37335
37339
37344
37348
37353
37357
37363
37366
37372
37375
37381
37384
37390
37394
37399
37403
37408
37412
37417
37421
37426
37430
37436
37439
37445
37448
37454
37457
37463
37467
37472
37476
37481
37485
37490
37494
37500
37503
37509
37512
37518
37521
37527
37531
37536
37540
37545
37549
37554
37558
37563
37567
37573
37576
37582
37585
37591
37594
37600
37604
37609
37613
37618
37622
37627
37631
37637
37640
37646
37649
37655
37658
37664
37667
37673
37677
37682
37686
37691
37695
37700
37704
37710
37713
37719
37722
37728
37731
37737
37741
37746
37750
37755
37759
37764
37768
37774
37777
37783
37786
37792
37795
37801
37804
37810
37814
37819
37823
37828
37832
37837
37840
37846
37849
37855
37858
37864
37867
37873
37876
37882
37885
37891
37894
37900
37903
37909
37912
37918
37921
37927
37930
37936
37939
37945
37948
37954
37957
37963
37966
37972
37975
37981
37984
37990
37993
37999
38002
38008
38011
38017
38020
38026
38029
38035
38038
38044
38047
38053
38056
38062
38065
38071
38074
38080
38083
38088
38092
38097
38101
38106
38110
38115
38119
38124
38128
38133
38137
38142
38146
38151
38155
38160
38164
38169
38173
38178
38182
38187
38191
38196
38200
38205
38209
38214
38218
38223
38227
38232
38236
38241
38245
38250
38254
38259
38263
38268
38272
38277
38281
38286
38290
38295
38299
38304
38308
38313
38317
38322
38326
38331
38334
38340
38343
38349
38352
38358
38361
38367
38370
38376
38379
38385
38388
38394
38397
38403
38406
38412
38415
38421
38424
38430
38433
38439
38442
38448
38451
38457
38460
38466
38469
38475
38478
38484
38487
38493
38496
38502
38505
38511
38514
38520
38523
38529
38532
38538
38541
38547
38550
38556
38559
38565
38568
38574
38577
38582
38586
38591
38595
38600
38604
38609
38613
38618
38622
38627
38631
38636
38640
38645
38649
38654
38658
38663
38667
38672
38676
38681
38685
38690
38694
38699
38703
38708
38712
38717
38721
38726
38730
38735
38739
38744
38748
38753
38757
38762
38766
38771
38776
38779
38784
38787
38793
38796
38801
38804
38809
38813
38818
38821
38826
38830
38835
38838
38843
38846
38852
38855
38860
38863
38869
38872
38877
38880
38885
38889
38894
38897
38902
38906
38911
38914
38919
38922
38928
38931
38936
38939
38944
38948
38953
38956
38961
38965
38970
38973
38978
38981
38987
38990
38995
38998
39004
39007
39012
39015
39020
39024
39029
39032
39037
39041
39046
39049
39054
39057
39063
39066
39071
39074
39080
39083
39088
39091
39096
39100
39105
39108
39113
39116
39122
39125
39130
39133
39139
39142
39147
39150
39155
39159
39164
39167
39172
39176
39181
39184
39189
39192
39198
39201
39206
39209
39215
39218
39223
39226
39231
39235
39240
39243
39248
39252
39257
39260
39265
39268
39274
39277
39282
39285
39290
39294
39299
39302
39307
39311
39316
39319
39324
39327
39333
39336
39341
39344
39350
39353
39358
39361
39366
39370
39375
39378
39383
39387
39392
39395
39400
39403
39409
39412
39417
39420
39426
39429
39434
39437
39442
39446
39451
39454
39459
39462
39468
39471
39476
39479
39485
39488
39493
39496
39501
39505
39510
39513
39518
39522
39527
39530
39535
39538
39544
39547
39552
39555
39561
39564
39569
39572
39577
39581
39586
39589
39595
39599
39605
39610
39616
39620
39626
39631
39637
39641
39648
39652
39658
39662
39669
39673
39679
39684
39690
39694
39700
39705
39711
39715
39722
39726
39732
39736
39743
39747
39753
39758
39764
39768
39774
39779
39785
39789
39795
39800
39806
39810
39817
39821
39827
39831
39838
39842
39848
39853
39859
39863
39869
39874
39880
39884
39891
39895
39901
39905
39912
39916
39922
39927
39933
39937
39943
39948
39954
39958
39964
39969
39975
39979
39986
39990
39996
40000
40007
40011
40017
40022
40028
40032
40038
40043
40049
40053
40060
40064
40070
40074
40081
40085
40091
40096
40102
40106
40112
40117
40123
40127
40134
40138
40144
40148
40155
40159
40165
40169
40176
40180
40186
40191
40197
40201
40207
40212
40218
40222
40229
40233
40239
40243
40250
40254
40260
40265
40271
40275
40281
40286
40292
40296
40303
40307
40313
40317
40324
40328
40334
40339
40344
40350
40354
40361
40365
40371
40375
40382
40386
40392
40397
40403
40407
40413
40418
40424
40428
40435
40439
40445
40449
40456
40460
40466
40471
40477
40481
40487
40492
40498
40502
40509
40513
40519
40524
40528
40534
40537
40543
40547
40553
40556
40562
40566
40572
40575
40581
40585
40590
40594
40600
40604
40609
40613
40619
40623
40628
40632
40638
40641
40647
40651
40657
40660
40666
40670
40676
40679
40685
40689
40694
40698
40704
40708
40713
40717
40723
40727
40732
40736
40742
40745
40751
40755
40761
40764
40770
40774
40780
40783
40789
40793
40798
40802
40808
40812
40817
40821
40827
40831
40836
40840
40846
40849
40855
40859
40865
40868
40874
40878
40884
40887
40893
40897
40902
40906
40912
40916
40921
40925
40931
40935
40940
40944
40950
40953
40959
40963
40969
40972
40978
40982
40988
40991
40997
41001
41006
41010
41016
41020
41025
41029
41035
41039
41044
41048
41054
41058
41063
41067
41073
41076
41082
41086
41092
41095
41101
41105
41111
41114
41120
41124
41129
41133
41139
41143
41148
41152
41158
41162
41167
41171
41177
41180
41186
41190
41196
41199
41205
41209
41215
41218
41224
41228
41233
41237
41243
41247
41252
41256
41262
41266
41271
41275
41281
41284
41290
41294
41300
41303
41309
41313
41319
41322
41328
41332
41337
41341
41347
41351
41356
41360
41366
41370
41375
41379
41385
41388
41394
41398
41404
41407
41413
41417
41423
41426
41432
41436
41441
41445
41451
41457
41461
41467
41471
41478
41482
41488
41492
41499
41503
41509
41513
41520
41524
41530
41534
41541
41545
41551
41555
41562
41566
41572
41576
41583
41587
41593
41597
41603
41608
41614
41618
41624
41629
41635
41639
41645
41650
41656
41660
41666
41671
41677
41681
41687
41692
41698
41702
41708
41713
41719
41723
41729
41733
41740
41744
41750
41754
41761
41765
41771
41775
41782
41786
41792
41796
41803
41807
41813
41817
41824
41828
41834
41838
41845
41849
41855
41859
41865
41870
41876
41880
41886
41891
41897
41901
41907
41912
41918
41922
41928
41933
41939
41943
41949
41954
41960
41964
41970
41975
41981
41985
41991
41995
42002
42006
42012
42016
42023
42027
42033
42037
42044
42048
42054
42058
42065
42069
42075
42079
42086
42090
42096
42100
42107
42111
42117
42121
42127
42132
42138
42142
42148
42153
42159
42163
42169
42174
42180
42184
42190
42195
42201
42205
42211
42216
42222
42226
42232
42237
42243
42247
42253
42257
42264
42268
42274
42278
42285
42289
42295
42299
42306
42310
42316
42320
42327
42331
42337
42341
42348
42352
42358
42362
42369
42373
42379
42383
42389
42394
42399
42402
42407
42410
42416
42419
42424
42427
42432
42436
42441
42444
42449
42452
42458
42461
42466
42469
42474
42478
42483
42486
42491
42494
42500
42503
42508
42511
42516
42520
42525
42528
42533
42536
42542
42545
42550
42553
42558
42562
42567
42570
42575
42578
42584
42587
42592
42595
42600
42604
42609
42612
42617
42620
42626
42629
42634
42637
42642
42646
42651
42654
42659
42662
42668
42671
42676
42679
42684
42688
42693
42696
42701
42704
42710
42713
42718
42721
42726
42730
42735
42738
42743
42746
42752
42755
42760
42763
42768
42772
42777
42780
42785
42788
42794
42797
42802
42805
42810
42814
42819
42822
42827
42830
42836
42839
42844
42847
42852
42856
42861
42864
42869
42872
42878
42881
42886
42889
42894
42898
42903
42906
42911
42914
42920
42923
42928
42931
42936
42940
42945
42948
42953
42956
42962
42965
42970
42973
42978
42982
42987
42990
42995
42998
43004
43007
43012
43015
43020
43024
43029
43032
43037
43040
43046
43049
43054
43057
43062
43066
43071
43074
43079
43082
43088
43091
43096
43099
43104
43108
43113
43116
43121
43124
43130
43133
43138
43141
43146
43150
43155
43158
43163
43166
43172
43175
43180
43183
43188
43192
43197
43200
43205
43208
43214
43217
43222
43225
43230
43234
43239
43242
43247
43250
43256
43259
43264
43267
43272
43276
43281
43284
43289
43292
43297
43301
43306
43310
43316
43319
43325
43328
43334
43338
43343
43347
43353
43356
43362
43365
43371
43375
43380
43384
43390
43393
43399
43402
43408
43412
43417
43421
43427
43430
43436
43439
43445
43449
43454
43458
43463
43467
43473
43476
43482
43486
43491
43495
43500
43504
43510
43513
43519
43523
43528
43532
43537
43541
43547
43550
43556
43560
43565
43569
43574
43578
43584
43587
43593
43596
43602
43606
43611
43615
43621
43624
43630
43633
43639
43643
43648
43652
43658
43661
43667
43670
43676
43680
43685
43689
43695
43698
43704
43707
43713
43717
43722
43726
43731
43735
43741
43744
43750
43754
43759
43763
43768
43772
43778
43781
43787
43791
43796
43800
43805
43809
43815
43818
43824
43828
43833
43837
43842
43846
43852
43855
43861
43864
43870
43874
43879
43883
43889
43892
43898
43901
43907
43911
43916
43920
43926
43929
43935
43938
43944
43948
43953
43957
43963
43966
43972
43975
43981
43985
43990
43994
43999
44003
44009
44012
44018
44022
44027
44031
44036
44040
44046
44049
44055
44059
44064
44068
44073
44077
44083
44086
44092
44096
44101
44105
44110
44114
44120
44123
44129
44132
44137
44141
44146
44150
44155
44159
44164
44168
44173
44177
44182
44186
44191
44195
44200
44204
44209
44213
44218
44222
44227
44231
44236
44240
44245
44249
44254
44258
44263
44267
44272
44276
44281
44285
44290
44294
44299
44303
44308
44312
44317
44321
44326
44330
44335
44339
44344
44348
44353
44357
44362
44366
44371
44375
44380
44384
44389
44393
44398
44402
44407
44411
44416
44420
44425
44429
44434
44438
44443
44447
44452
44456
44461
44465
44470
44474
44479
44483
44488
44492
44497
44501
44506
44510
44515
44519
44524
44528
44533
44537
44542
44546
44551
44555
44560
44564
44569
44573
44578
44582
44587
44591
44596
44600
44605
44609
44614
44618
44623
44627
44632
44636
44641
44645
44650
44654
44659
44663
44668
44672
44677
44681
44686
44690
44695
44699
44704
44708
44713
44717
44722
44726
44731
44735
44740
44744
44749
44753
44758
44762
44767
44771
44776
44780
44785
44789
44794
44798
44803
44807
44812
44816
44821
44825
44830
44834
44839
44843
44848
44852
44857
44861
44866
44870
44875
44879
44884
44888
44893
44897
44902
44906
44911
44915
44920
44924
44929
44933
44938
44942
44947
44951
44956
44960
44965
44969
44974
44978
44983
44987
44992
44996
45001
45005
45010
45014
45019
45023
45028
45032
45037
45041
45046
45050
45055
45059
45064
45068
45074
45078
45084
45087
45093
45097
45103
45107
45113
45116
45122
45126
45132
45136
45141
45145
45151
45155
45161
45165
45170
45174
45180
45184
45190
45193
45199
45203
45209
45213
45219
45222
45228
45232
45238
45242
45248
45251
45257
45261
45267
45271
45276
45280
45286
45290
45296
45300
45305
45309
45315
45319
45325
45328
45334
45338
45344
45348
45354
45357
45363
45367
45373
45377
45383
45386
45392
45396
45402
45406
45411
45415
45421
45425
45431
45435
45440
45444
45450
45454
45460
45463
45469
45473
45479
45483
45489
45492
45498
45502
45508
45512
45518
45521
45527
45531
45537
45541
45546
45550
45556
45560
45566
45570
45575
45579
45585
45589
45595
45598
45604
45608
45614
45618
45624
45627
45633
45637
45643
45647
45653
45656
45662
45666
45672
45676
45681
45685
45691
45695
45701
45705
45710
45714
45720
45724
45730
45733
45739
45743
45749
45753
45759
45762
45768
45772
45778
45782
45788
45791
45797
45801
45807
45811
45816
45820
45826
45830
45836
45840
45845
45849
45855
45859
45865
45868
45874
45878
45884
45888
45894
45897
45903
45907
45913
45917
45922
45926
45932
45936
45942
45946
45951
45955
45961
45965
45971
45975
45980
45984
45990
45994
46000
46003
46008
46012
46018
46021
46027
46031
46037
46040
46046
46050
46056
46059
46065
46069
46075
46078
46084
46088
46094
46097
46103
46107
46113
46116
46122
46126
46132
46135
46141
46145
46151
46154
46160
46164
46170
46173
46179
46183
46189
46192
46198
46202
46208
46211
46217
46221
46227
46230
46236
46240
46245
46249
46255
46259
46264
46268
46274
46278
46283
46287
46293
46297
46302
46306
46312
46316
46321
46325
46331
46335
46340
46344
46350
46354
46359
46363
46369
46373
46378
46382
46388
46392
46397
46401
46407
46411
46416
46420
46426
46430
46435
46439
46445
46449
46454
46458
46464
46468
46473
46477
46483
46486
46492
46496
46502
46505
46511
46515
46521
46524
46530
46534
46540
46543
46549
46553
46559
46562
46568
46572
46578
46581
46587
46591
46597
46600
46606
46610
46616
46619
46625
46629
46635
46638
46644
46648
46654
46657
46663
46667
46673
46676
46682
46686
46692
46695
46701
46705
46710
46714
46720
46724
46729
46733
46739
46743
46748
46752
46758
46762
46767
46771
46777
46781
46786
46790
46796
46800
46805
46809
46815
46819
46824
46828
46834
46840
46844
46850
46855
46861
46865
46871
46876
46882
46886
46892
46897
46903
46907
46913
46918
46924
46928
46934
46939
46945
46949
46955
46960
46966
46970
46976
46981
46987
46991
46997
47002
47008
47012
47018
47023
47029
47033
47039
47044
47050
47054
47060
47065
47071
47075
47081
47086
47092
47096
47102
47107
47113
47117
47123
47128
47134
47138
47144
47149
47155
47159
47165
47170
47176
47180
47187
47191
47197
47201
47208
47212
47218
47222
47229
47233
47239
47243
47250
47254
47260
47264
47271
47275
47281
47285
47292
47296
47302
47306
47313
47317
47323
47327
47334
47338
47344
47348
47355
47359
47365
47369
47376
47380
47386
47390
47397
47401
47407
47411
47418
47422
47428
47432
47439
47443
47449
47453
47460
47464
47470
47474
47481
47485
47491
47495
47502
47506
47512
47517
47523
47527
47533
47538
47544
47548
47554
47559
47565
47569
47575
47580
47586
47590
47596
47601
47607
47611
47617
47622
47628
47632
47638
47643
47649
47653
47659
47664
47670
47674
47680
47685
47691
47695
47701
47706
47712
47716
47722
47727
47733
47738
47742
47747
47751
47756
47760
47765
47769
47775
47778
47784
47787
47793
47796
47802
47806
47811
47815
47820
47824
47829
47833
47839
47842
47848
47851
47857
47860
47866
47869
47875
47879
47884
47888
47893
47897
47902
47906
47912
47915
47921
47924
47930
47933
47939
47943
47948
47952
47957
47961
47966
47970
47976
47979
47985
47988
47994
47997
48003
48006
48012
48016
48021
48025
48030
48034
48039
48043
48049
48052
48058
48061
48067
48070
48076
48080
48085
48089
48094
48098
48103
48107
48112
48116
48122
48125
48131
48134
48140
48143
48149
48153
48158
48162
48167
48171
48176
48180
48186
48189
48195
48198
48204
48207
48213
48217
48222
48226
48231
48235
48240
48244
48249
48253
48259
48262
48268
48271
48277
48280
48286
48290
48295
48299
48304
48308
48313
48317
48323
48326
48332
48335
48341
48344
48350
48354
48359
48363
48368
48372
48377
48381
48386
48390
48396
48399
48405
48408
48414
48417
48423
48427
48432
48436
48441
48445
48450
48454
48460
48463
48469
48472
48478
48481
48487
48490
48496
48500
48505
48509
48514
48518
48523
48527
48533
48536
48542
48545
48551
48554
48560
48564
48569
48573
48578
48582
48587
48591
48597
48600
48606
48609
48615
48618
48624
48627
48633
48637
48642
48646
48651
48655
48660
48663
48669
48672
48678
48681
48687
48690
48696
48699
48705
48708
48714
48717
48723
48726
48732
48735
48741
48744
48750
48753
48759
48762
48768
48771
48777
48780
48786
48789
48795
48798
48804
48807
48813
48816
48822
48825
48831
48834
48840
48843
48849
48852
48858
48861
48867
48870
48876
48879
48885
48888
48894
48897
48903
48906
48911
48915
48920
48924
48929
48933
48938
48942
48947
48951
48956
48960
48965
48969
48974
48978
48983
48987
48992
48996
49001
49005
49010
49014
49019
49023
49028
49032
49037
49041
49046
49050
49055
49059
49064
49068
49073
49077
49082
49086
49091
49095
49100
49104
49109
49113
49118
49122
49127
49131
49136
49140
49145
49149
49154
49157
49163
49166
49172
49175
49181
49184
49190
49193
49199
49202
49208
49211
49217
49220
49226
49229
49235
49238
49244
49247
49253
49256
49262
49265
49271
49274
49280
49283
49289
49292
49298
49301
49307
49310
49316
49319
49325
49328
49334
49337
49343
49346
49352
49355
49361
49364
49370
49373
49379
49382
49388
49391
49397
49400
49405
49409
49414
49418
49423
49427
49432
49436
49441
49445
49450
49454
49459
49463
49468
49472
49477
49481
49486
49490
49495
49499
49504
49508
49513
49517
49522
49526
49531
49535
49540
49544
49549
49553
49558
49562
49567
49571
49576
49580
49585
49589
49594
49599
49602
49607
49610
49616
49619
49624
49627
49632
49636
49641
49644
49649
49653
49658
49661
49666
49669
49675
49678
49683
49686
49692
49695
49700
49703
49708
49712
49717
49720
49725
49729
49734
49737
49742
49745
49751
49754
49759
49762
49767
49771
49776
49779
49784
49788
49793
49796
49801
49804
49810
49813
49818
49821
49827
49830
49835
49838
49843
49847
49852
49855
49860
49864
49869
49872
49877
49880
49886
49889
49894
49897
49903
49906
49911
49914
49919
49923
49928
49931
49936
49939
49945
49948
49953
49956
49962
49965
49970
49973
49978
49982
49987
49990
49995
49999
50004
50007
50012
50015
50021
50024
50029
50032
50038
50041
50046
50049
50054
50058
50063
50066
50071
50075
50080
50083
50088
50091
50097
50100
50105
50108
50113
50117
50122
50125
50130
50134
50139
50142
50147
50150
50156
50159
50164
50167
50173
50176
50181
50184
50189
50193
50198
50201
50206
50210
50215
50218
50223
50226
50232
50235
50240
50243
50249
50252
50257
50260
50265
50269
50274
50277
50282
50285
50291
50294
50299
50302
50308
50311
50316
50319
50324
50328
50333
50336
50341
50345
50350
50353
50358
50361
50367
50370
50375
50378
50384
50387
50392
50395
50400
50404
50409
50412
50418
50422
50428
50433
50439
50443
50449
50454
50460
50464
50471
50475
50481
50485
50492
50496
50502
50507
50513
50517
50523
50528
50534
50538
50545
50549
50555
50559
50566
50570
50576
50581
50587
50591
50597
50602
50608
50612
50618
50623
50629
50633
50640
50644
50650
50654
50661
50665
50671
50676
50682
50686
50692
50697
50703
50707
50714
50718
50724
50728
50735
50739
50745
50750
50756
50760
50766
50771
50777
50781
50787
50792
50798
50802
50809
50813
50819
50823
50830
50834
50840
50845
50851
50855
50861
50866
50872
50876
50883
50887
50893
50897
50904
50908
50914
50919
50925
50929
50935
50940
50946
50950
50957
50961
50967
50971
50978
50982
50988
50992
50999
51003
51009
51014
51020
51024
51030
51035
51041
51045
51052
51056
51062
51066
51073
51077
51083
51088
51094
51098
51104
51109
51115
51119
51126
51130
51136
51140
51147
51151
51157
51162
51167
51173
51177
51184
51188
51194
51198
51205
51209
51215
51220
51226
51230
51236
51241
51247
51251
51258
51262
51268
51272
51279
51283
51289
51294
51300
51304
51310
51315
51321
51325
51332
51336
51342
51347
51351
51357
51360
51366
51370
51376
51379
51385
51389
51395
51398
51404
51408
51413
51417
51423
51427
51432
51436
51442
51446
51451
51455
51461
51464
51470
51474
51480
51483
51489
51493
51499
51502
51508
51512
51517
51521
51527
51531
51536
51540
51546
51550
51555
51559
51565
51568
51574
51578
51584
51587
51593
51597
51603
51606
51612
51616
51621
51625
51631
51635
51640
51644
51650
51654
51659
51663
51669
51672
51678
51682
51688
51691
51697
51701
51707
51710
51716
51720
51725
51729
51735
51739
51744
51748
51754
51758
51763
51767
51773
51776
51782
51786
51792
51795
51801
51805
51811
51814
51820
51824
51829
51833
51839
51843
51848
51852
51858
51862
51867
51871
51877
51881
51886
51890
51896
51899
51905
51909
51915
51918
51924
51928
51934
51937
51943
51947
51952
51956
51962
51966
51971
51975
51981
51985
51990
51994
52000
52003
52009
52013
52019
52022
52028
52032
52038
52041
52047
52051
52056
52060
52066
52070
52075
52079
52085
52089
52094
52098
52104
52107
52113
52117
52123
52126
52132
52136
52142
52145
52151
52155
52160
52164
52170
52174
52179
52183
52189
52193
52198
52202
52208
52211
52217
52221
52227
52230
52236
52240
52246
52249
52255
52259
52264
52268
52274
52280
52284
52290
52294
52301
52305
52311
52315
52322
52326
52332
52336
52343
52347
52353
52357
52364
52368
52374
52378
52385
52389
52395
52399
52406
52410
52416
52420
52426
52431
52437
52441
52447
52452
52458
52462
52468
52473
52479
52483
52489
52494
52500
52504
52510
52515
52521
52525
52531
52536
52542
52546
52552
52556
52563
52567
52573
52577
52584
52588
52594
52598
52605
52609
52615
52619
52626
52630
52636
52640
52647
52651
52657
52661
52668
52672
52678
52682
52688
52693
52699
52703
52709
52714
52720
52724
52730
52735
52741
52745
52751
52756
52762
52766
52772
52777
52783
52787
52793
52798
52804
52808
52814
52818
52825
52829
52835
52839
52846
52850
52856
52860
52867
52871
52877
52881
52888
52892
52898
52902
52909
52913
52919
52923
52930
52934
52940
52944
52950
52955
52961
52965
52971
52976
52982
52986
52992
52997
53003
53007
53013
53018
53024
53028
53034
53039
53045
53049
53055
53060
53066
53070
53076
53080
53087
53091
53097
53101
53108
53112
53118
53122
53129
53133
53139
53143
53150
53154
53160
53164
53171
53175
53181
53185
53192
53196
53202
53206
53212
53217
53222
53225
53230
53233
53239
53242
53247
53250
53255
53259
53264
53267
53272
53275
53281
53284
53289
53292
53297
53301
53306
53309
53314
53317
53323
53326
53331
53334
53339
53343
53348
53351
53356
53359
53365
53368
53373
53376
53381
53385
53390
53393
53398
53401
53407
53410
53415
53418
53423
53427
53432
53435
53440
53443
53449
53452
53457
53460
53465
53469
53474
53477
53482
53485
53491
53494
53499
53502
53507
53511
53516
53519
53524
53527
53533
53536
53541
53544
53549
53553
53558
53561
53566
53569
53575
53578
53583
53586
53591
53595
53600
53603
53608
53611
53617
53620
53625
53628
53633
53637
53642
53645
53650
53653
53659
53662
53667
53670
53675
53679
53684
53687
53692
53695
53701
53704
53709
53712
53717
53721
53726
53729
53734
53737
53743
53746
53751
53754
53759
53763
53768
53771
53776
53779
53785
53788
53793
53796
53801
53805
53810
53813
53818
53821
53827
53830
53835
53838
53843
53847
53852
53855
53860
53863
53869
53872
53877
53880
53885
53889
53894
53897
53902
53905
53911
53914
53919
53922
53927
53931
53936
53939
53944
53947
53953
53956
53961
53964
53969
53973
53978
53981
53986
53989
53995
53998
54003
54006
54011
54015
54020
54023
54028
54031
54037
54040
54045
54048
54053
54057
54062
54065
54070
54073
54079
54082
54087
54090
54095
54099
54104
54107
54112
54115
