15
28
43
56
71
84
99
112
127
140
155
168
183
196
211
224
239
252
267
280
295
308
323
336
351
364
379
392
407
420
435
448
463
476
491
504
519
532
547
560
575
588
603
616
631
644
659
672
687
700
715
728
743
757
772
785
800
813
828
841
856
871
884
899
912
928
941
956
969
985
998
1013
1026
1042
1055
1070
1083
1098
1112
1127
1140
1155
1169
1184
1197
1212
1226
1241
1254
1269
1283
1298
1311
1326
1339
1355
1368
1383
1396
1412
1425
1440
1453
1469
1482
1497
1510
1526
1539
1554
1567
1582
1596
1611
1624
1639
1653
1668
1681
1696
1710
1724
1737
1752
1765
1780
1793
1808
1821
1836
1849
1863
1876
1891
1904
1919
1932
1947
1960
1975
1988
2003
2015
2030
2043
2058
2071
2086
2099
2114
2127
2142
2154
2169
2182
2197
2210
2225
2238
2253
2266
2281
2294
2308
2321
2336
2349
2364
2377
2392
2405
2420
2433
2447
2460
2475
2488
2503
2516
2532
2545
2561
2574
2590
2603
2618
2632
2647
2661
2676
2690
2705
2719
2734
2747
2763
2776
2792
2805
2821
2834
2850
2863
2878
2892
2907
2921
2936
2950
2965
2978
2994
3007
3023
3036
3052
3065
3081
3094
3109
3123
3138
3152
3167
3181
3196
3210
3225
3241
3255
3272
3286
3303
3317
3334
3348
3365
3379
3396
3410
3427
3441
3457
3472
3488
3503
3519
3534
3550
3565
3581
3596
3612
3627
3643
3657
3674
3688
3705
3719
3736
3750
3767
3781
3798
3812
3829
3843
3860
3874
3890
3905
3921
3936
3952
3968
3982
3998
4012
4028
4042
4058
4072
4088
4102
4118
4132
4148
4162
4178
4192
4208
4223
4239
4253
4269
4283
4299
4313
4329
4343
4359
4373
4389
4403
4419
4433
4449
4463
4479
4494
4510
4524
4540
4554
4570
4584
4600
4614
4630
4644
4660
4674
4690
4704
4718
4731
4745
4758
4773
4785
4800
4812
4827
4840
4854
4867
4882
4894
4909
4921
4936
4949
4963
4976
4991
5003
5018
5030
5045
5058
5072
5085
5100
5112
5127
5139
5154
5167
5181
5194
5208
5221
5236
5248
5263
5276
5290
5303
5317
5330
5345
5357
5372
5385
5399
5412
5426
5439
5454
5466
5481
5494
5508
5521
5535
5551
5565
5582
5596
5613
5627
5644
5658
5675
5689
5706
5720
5737
5751
5768
5782
5799
5813
5830
5844
5861
5875
5892
5906
5923
5937
5954
5968
5985
5999
6015
6030
6046
6061
6077
6092
6108
6123
6139
6154
6170
6185
6201
6216
6232
6247
6263
6278
6294
6309
6325
6340
6356
6371
6387
6402
6418
6434
6449
6466
6481
6498
6513
6530
6545
6562
6577
6594
6609
6626
6641
6658
6673
6690
6705
6722
6737
6754
6769
6786
6800
6817
6832
6849
6864
6881
6896
6913
6928
6945
6960
6977
6992
7009
7024
7041
7056
7073
7088
7105
7120
7136
7151
7167
7182
7198
7213
7230
7244
7261
7275
7292
7307
7323
7338
7354
7369
7385
7400
7417
7431
7448
7462
7479
7494
7510
7525
7541
7556
7572
7587
7604
7618
7635
7649
7666
7681
7697
7712
7728
7743
7759
7774
7791
7805
7822
7836
7853
7868
7883
7897
7913
7926
7942
7956
7971
7985
8001
8014
8030
8044
8059
8073
8089
8103
8118
8132
8148
8161
8177
8191
8206
8220
8236
8249
8265
8279
8294
8308
8324
8338
8353
8367
8383
8396
8412
8426
8441
8455
8471
8484
8500
8514
8529
8543
8559
8573
8588
8602
8618
8631
8647
8661
8676
8690
8706
8719
8735
8750
8764
8780
8793
8809
8823
8838
8852
8868
8881
8897
8911
8926
8940
8956
8969
8985
8999
9014
9028
9044
9057
9073
9087
9102
9116
9132
9145
9161
9175
9190
9204
9220
9233
9249
9263
9278
9292
9308
9321
9337
9351
9366
9380
9396
9409
9425
9439
9454
9469
9482
9498
9511
9527
9540
9556
9569
9584
9598
9613
9627
9642
9656
9671
9685
9700
9713
9729
9742
9758
9771
9787
9800
9816
9829
9844
9858
9873
9887
9902
9916
9931
9944
9960
9973
9989
10002
10018
10031
10047
10060
10075
10089
10104
10118
10133
10147
10162
10176
10191
10204
10220
10235
10248
10263
10276
10291
10304
10319
10332
10347
10360
10375
10388
10403
10416
10431
10444
10459
10472
10487
10500
10515
10528
10543
10556
10571
10584
10599
10612
10627
10640
10655
10668
10683
10696
10711
10724
10739
10752
10767
10780
10795
10808
10823
10836
10851
10864
10879
10892
10907
10920
10935
10948
10963
10977
10992
11005
11020
11033
11048
11061
11076
11091
11104
11119
11132
11148
11161
11176
11189
11205
11218
11233
11246
11262
11275
11290
11303
11318
11332
11347
11360
11375
11389
11404
11417
11432
11446
11461
11474
11489
11503
11518
11531
11546
11559
11575
11588
11603
11616
11632
11645
11660
11673
11689
11702
11717
11730
11746
11759
11774
11787
11802
11816
11831
11844
11859
11873
11888
11901
11916
11930
11944
11957
11972
11985
12000
12013
12028
12041
12056
12069
12083
12096
12111
12124
12139
12152
12167
12180
12195
12208
12223
12235
12250
12263
12278
12291
12306
12319
12334
12347
12362
12374
12389
12402
12417
12430
12445
12458
12473
12486
12501
12514
12528
12541
12556
12569
12584
12597
12612
12625
12640
12653
12667
12680
12695
12708
12723
12736
12752
12765
12781
12794
12810
12823
12838
12852
12867
12881
12896
12910
12925
12939
12954
12967
12983
12996
13012
13025
13041
13054
13070
13083
13098
13112
13127
13141
13156
13170
13185
13198
13214
13227
13243
13256
13272
13285
13301
13314
13329
13343
13358
13372
13387
13401
13416
13430
13445
13461
13475
13492
13506
13523
13537
13554
13568
13585
13599
13616
13630
13647
13661
13677
13692
13708
13723
13739
13754
13770
13785
13801
13816
13832
13847
13863
13877
13894
13908
13925
13939
13956
13970
13987
14001
14018
14032
14049
14063
14080
14094
14110
14125
14141
14156
14172
14188
14202
14218
14232
14248
14262
14278
14292
14308
14322
14338
14352
14368
14382
14398
14412
14428
14443
14459
14473
14489
14503
14519
14533
14549
14563
14579
14593
14609
14623
14639
14653
14669
14683
14699
14714
14730
14744
14760
14774
14790
14804
14820
14834
14850
14864
14880
14894
14910
14924
14938
14951
14965
14978
14993
15005
15020
15032
15047
15060
15074
15087
15102
15114
15129
15141
15156
15169
15183
15196
15211
15223
15238
15250
15265
15278
15292
15305
15320
15332
15347
15359
15374
15387
15401
15414
15428
15441
15456
15468
15483
15496
15510
15523
15537
15550
15565
15577
15592
15605
15619
15632
15646
15659
15674
15686
15701
15714
15728
15741
15755
15771
15785
15802
15816
15833
15847
15864
15878
15895
15909
15926
15940
15957
15971
15988
16002
16019
16033
16050
16064
16081
16095
16112
16126
16143
16157
16174
16188
16205
16219
16235
16250
16266
16281
16297
16312
16328
16343
16359
16374
16390
16405
16421
16436
16452
16467
16483
16498
16514
16529
16545
16560
16576
16591
16607
16622
16638
16654
16669
16686
16701
16718
16733
16750
16765
16782
16797
16814
16829
16846
16861
16878
16893
16910
16925
16942
16957
16974
16989
17006
17020
17037
17052
17069
17084
17101
17116
17133
17148
17165
17180
17197
17212
17229
17244
17261
17276
17293
17308
17325
17340
17356
17371
17387
17402
17418
17433
17450
17464
17481
17495
17512
17527
17543
17558
17574
17589
17605
17620
17637
17651
17668
17682
17699
17714
17730
17745
17761
17776
17792
17807
17824
17838
17855
17869
17886
17901
17917
17932
17948
17963
17979
17994
18011
18025
18042
18056
18073
18088
18103
18117
18133
18146
18162
18176
18191
18205
18221
18234
18250
18264
18279
18293
18309
18323
18338
18352
18368
18381
18397
18411
18426
18440
18456
18469
18485
18499
18514
18528
18544
18558
18573
18587
18603
18616
18632
18646
18661
18675
18691
18704
18720
18734
18749
18763
18779
18793
18808
18822
18838
18851
18867
18881
18896
18910
18926
18939
18955
18970
18984
19000
19013
19029
19043
19058
19072
19088
19101
19117
19131
19146
19160
19176
19189
19205
19219
19234
19248
19264
19277
19293
19307
19322
19336
19352
19365
19381
19395
19410
19424
19440
19453
19469
19483
19498
19512
19528
19541
19557
19571
19586
19600
19616
19629
19645
19659
19674
19689
19702
19718
19731
19747
19760
19776
19789
19804
19818
19833
19847
19862
19876
19891
19905
19920
19933
19949
19962
19978
19991
20007
20020
20036
20049
20064
20078
20093
20107
20122
20136
20151
20164
20180
20193
20209
20222
20238
20251
20267
20280
20295
20309
20324
20338
20353
20367
20382
20396
20411
20424
20440
20455
20468
20483
20496
20511
20524
20539
20552
20567
20580
20595
20608
20623
20636
20651
20664
20679
20692
20707
20720
20735
20748
20763
20776
20791
20804
20819
20832
20847
20860
20875
20888
20903
20916
20931
20944
20959
20972
20987
21000
21015
21028
21043
21056
21071
21084
21099
21112
21127
21140
21155
21168
21183
21197
21212
21225
21240
21253
21268
21281
21296
21311
21324
21339
21352
21368
21381
21396
21409
21425
21438
21453
21466
21482
21495
21510
21523
21538
21552
21567
21580
21595
21609
21624
21637
21652
21666
21681
21694
21709
21723
21738
21751
21766
21779
21795
21808
21823
21836
21852
21865
21880
21893
21909
21922
21937
21950
21966
21979
21994
22007
22022
22036
22051
22064
22079
22093
22108
22121
22136
22150
22164
22177
22192
22205
22220
22233
22248
22261
22276
22289
22303
22316
22331
22344
22359
22372
22387
22400
22415
22428
22443
22455
22470
22483
22498
22511
22526
22539
22554
22567
22582
22594
22609
22622
22637
22650
22665
22678
22693
22706
22721
22734
22748
22761
22776
22789
22804
22817
22832
22845
22860
22873
22887
22900
22915
22928
22943
22956
22972
22985
23001
23014
23030
23043
23058
23072
23087
23101
23116
23130
23145
23159
23174
23187
23203
23216
23232
23245
23261
23274
23290
23303
23318
23332
23347
23361
23376
23390
23405
23418
23434
23447
23463
23476
23492
23505
23521
23534
23549
23563
23578
23592
23607
23621
23636
23650
23665
23681
23695
23712
23726
23743
23757
23774
23788
23805
23819
23836
23850
23867
23881
23897
23912
23928
23943
23959
23974
23990
24005
24021
24036
24052
24067
24083
24097
24114
24128
24145
24159
24176
24190
24207
24221
24238
24252
24269
24283
24300
24314
24330
24345
24361
24376
24392
24408
24422
24438
24452
24468
24482
24498
24512
24528
24542
24558
24572
24588
24602
24618
24632
24648
24663
24679
24693
24709
24723
24739
24753
24769
24783
24799
24813
24829
24843
24859
24873
24889
24903
24919
24934
24950
24964
24980
24994
25010
25024
25040
25054
25070
25084
25100
25114
25130
25144
25158
25171
25185
25198
25213
25225
25240
25252
25267
25280
25294
25307
25322
25334
25349
25361
25376
25389
25403
25416
25431
25443
25458
25470
25485
25498
25512
25525
25540
25552
25567
25579
25594
25607
25621
25634
25648
25661
25676
25688
25703
25716
25730
25743
25757
25770
25785
25797
25812
25825
25839
25852
25866
25879
25894
25906
25921
25934
25948
25961
25975
25991
26005
26022
26036
26053
26067
26084
26098
26115
26129
26146
26160
26177
26191
26208
26222
26239
26253
26270
26284
26301
26315
26332
26346
26363
26377
26394
26408
26425
26439
26455
26470
26486
26501
26517
26532
26548
26563
26579
26594
26610
26625
26641
26656
26672
26687
26703
26718
26734
26749
26765
26780
26796
26811
26827
26842
26858
26874
26889
26906
26921
26938
26953
26970
26985
27002
27017
27034
27049
27066
27081
27098
27113
27130
27145
27162
27177
27194
27209
27226
27240
27257
27272
27289
27304
27321
27336
27353
27368
27385
27400
27417
27432
27449
27464
27481
27496
27513
27528
27545
27560
27576
27591
27607
27622
27638
27653
27670
27684
27701
27715
27732
27747
27763
27778
27794
27809
27825
27840
27857
27871
27888
27902
27919
27934
27950
27965
27981
27996
28012
28027
28044
28058
28075
28089
28106
28121
28137
28152
28168
28183
28199
28214
28231
28245
28262
28276
28293
28308
28323
28337
28353
28366
28382
28396
28411
28425
28441
28454
28470
28484
28499
28513
28529
28543
28558
28572
28588
28601
28617
28631
28646
28660
28676
28689
28705
28719
28734
28748
28764
28778
28793
28807
28823
28836
28852
28866
28881
28895
28911
28924
28940
28954
28969
28983
28999
29013
29028
29042
29058
29071
29087
29101
29116
29130
29146
29159
29175
29190
29204
29220
29233
29249
29263
29278
29292
29308
29321
29337
29351
29366
29380
29396
29409
29425
29439
29454
29468
29484
29497
29513
29527
29542
29556
29572
29585
29601
29615
29630
29644
29660
29673
29689
29703
29718
29732
29748
29761
29777
29791
29806
29820
29836
29849
29865
29879
29894
29909
29922
29938
29951
29967
29980
29996
30009
30024
30038
30053
30067
30082
30096
30111
30125
30140
30153
30169
30182
30198
30211
30227
30240
30256
30269
30284
30298
30313
30327
30342
30356
30371
30384
30400
30413
30429
30442
30458
30471
30487
30500
30515
30529
30544
30558
30573
30587
30602
30616
30631
30644
30660
30675
30688
30703
30716
30731
30744
30759
30772
30787
30800
30815
30828
30843
30856
30871
30884
30899
30912
30927
30940
30955
30968
30983
30996
31011
31024
31039
31052
31067
31080
31095
31108
31123
31136
31151
31164
31179
31192
31207
31220
31235
31248
31263
31276
31291
31304
31319
31332
31347
31360
31375
31388
31403
31417
31432
31445
31460
31473
31488
31501
31516
31531
31544
31559
31572
31588
31601
31616
31629
31645
31658
31673
31686
31702
31715
31730
31743
31758
31772
31787
31800
31815
31829
31844
31857
31872
31886
31901
31914
31929
31943
31958
31971
31986
31999
32015
32028
32043
32056
32072
32085
32100
32113
32129
32142
32157
32170
32186
32199
32214
32227
32242
32256
32271
32284
32299
32313
32328
32341
32356
32370
32384
32397
32412
32425
32440
32453
32468
32481
32496
32509
32523
32536
32551
32564
32579
32592
32607
32620
32635
32648
32663
32675
32690
32703
32718
32731
32746
32759
32774
32787
32802
32814
32829
32842
32857
32870
32885
32898
32913
32926
32941
32954
32968
32981
32996
33009
33024
33037
33052
33065
33080
33093
33107
33120
33135
33148
33163
33176
33192
33205
33221
33234
33250
33263
33278
33292
33307
33321
33336
33350
33365
33379
33394
33407
33423
33436
33452
33465
33481
33494
33510
33523
33538
33552
33567
33581
33596
33610
33625
33638
33654
33667
33683
33696
33712
33725
33741
33754
33769
33783
33798
33812
33827
33841
33856
33870
33885
33901
33915
33932
33946
33963
33977
33994
34008
34025
34039
34056
34070
34087
34101
34117
34132
34148
34163
34179
34194
34210
34225
34241
34256
34272
34287
34303
34317
34334
34348
34365
34379
34396
34410
34427
34441
34458
34472
34489
34503
34520
34534
34550
34565
34581
34596
34612
34628
34642
34658
34672
34688
34702
34718
34732
34748
34762
34778
34792
34808
34822
34838
34852
34868
34883
34899
34913
34929
34943
34959
34973
34989
35003
35019
35033
35049
35063
35079
35093
35109
35123
35139
35154
35170
35184
35200
35214
35230
35244
35260
35274
35290
35304
35320
35334
35350
35364
35378
35391
35405
35418
35433
35445
35460
35472
35487
35500
35514
35527
35542
35554
35569
35581
35596
35609
35623
35636
35651
35663
35678
35690
35705
35718
35732
35745
35760
35772
35787
35799
35814
35827
35841
35854
35868
35881
35896
35908
35923
35936
35950
35963
35977
35990
36005
36017
36032
36045
36059
36072
36086
36099
36114
36126
36141
36154
36168
36181
36195
36211
36225
36242
36256
36273
36287
36304
36318
36335
36349
36366
36380
36397
36411
36428
36442
36459
36473
36490
36504
36521
36535
36552
36566
36583
36597
36614
36628
36645
36659
36675
36690
36706
36721
36737
36752
36768
36783
36799
36814
36830
36845
36861
36876
36892
36907
36923
36938
36954
36969
36985
37000
37016
37031
37047
37062
37078
37094
37109
37126
37141
37158
37173
37190
37205
37222
37237
37254
37269
37286
37301
37318
37333
37350
37365
37382
37397
37414
37429
37446
37460
37477
37492
37509
37524
37541
37556
37573
37588
37605
37620
37637
37652
37669
37684
37701
37716
37733
37748
37765
37780
37796
37811
37827
37842
37858
37873
37890
37904
37921
37935
37952
37967
37983
37998
38014
38029
38045
38060
38077
38091
38108
38122
38139
38154
38170
38185
38201
38216
38232
38247
38264
38278
38295
38309
38326
38341
38357
38372
38388
38403
38419
38434
38451
38465
38482
38496
38513
38528
38543
38557
38573
38586
38602
38616
38631
38645
38661
38674
38690
38704
38719
38733
38749
38763
38778
38792
38808
38821
38837
38851
38866
38880
38896
38909
38925
38939
38954
38968
38984
38998
39013
39027
39043
39056
39072
39086
39101
39115
39131
39144
39160
39174
39189
39203
39219
39233
39248
39262
39278
39291
39307
39321
39336
39350
39366
39379
39395
39410
39424
39440
39453
39469
39483
39498
39512
39528
39541
39557
39571
39586
39600
39616
39629
39645
39659
39674
39688
39704
39717
39733
39747
39762
39776
39792
39805
39821
39835
39850
39864
39880
39893
39909
39923
39938
39952
39968
39981
39997
40011
40026
40040
40056
40069
40085
40099
40114
40129
40142
40158
40171
40187
40200
40216
40229
40244
40258
40273
40287
40302
40316
40331
40345
40360
40373
40389
40402
40418
40431
40447
40460
40476
40489
40504
40518
40533
40547
40562
40576
40591
40604
40620
40633
40649
40662
40678
40691
40707
40720
40735
40749
40764
40778
40793
40807
40822
40836
40851
40864
40880
40895
40908
40923
40936
40951
40964
40979
40992
41007
41020
41035
41048
41063
41076
41091
41104
41119
41132
41147
41160
41175
41188
41203
41216
41231
41244
41259
41272
41287
41300
41315
41328
41343
41356
41371
41384
41399
41412
41427
41440
41455
41468
41483
41496
41511
41524
41539
41552
41567
41580
41595
41608
41623
41637
41652
41665
41680
41693
41708
41721
41736
41751
41764
41779
41792
41808
41821
41836
41849
41865
41878
41893
41906
41922
41935
41950
41963
41978
41992
42007
42020
42035
42049
42064
42077
42092
42106
42121
42134
42149
42163
42178
42191
42206
42219
42235
42248
42263
42276
42292
42305
42320
42333
42349
42362
42377
42390
42406
42419
42434
42447
42462
42476
42491
42504
42519
42533
42548
42561
42576
42590
42604
42617
42632
42645
42660
42673
42688
42701
42716
42729
42743
42756
42771
42784
42799
42812
42827
42840
42855
42868
42883
42895
42910
42923
42938
42951
42966
42979
42994
43007
43022
43034
43049
43062
43077
43090
43105
43118
43133
43146
43161
43174
43188
43201
43216
43229
43244
43257
43272
43285
43300
43313
43327
43340
43355
43368
43383
43396
43412
43425
43441
43454
43470
43483
43498
43512
43527
43541
43556
43570
43585
43599
43614
43627
43643
43656
43672
43685
43701
43714
43730
43743
43758
43772
43787
43801
43816
43830
43845
43858
43874
43887
43903
43916
43932
43945
43961
43974
43989
44003
44018
44032
44047
44061
44076
44090
44105
44121
44135
44152
44166
44183
44197
44214
44228
44245
44259
44276
44290
44307
44321
44337
44352
44368
44383
44399
44414
44430
44445
44461
44476
44492
44507
44523
44537
44554
44568
44585
44599
44616
44630
44647
44661
44678
44692
44709
44723
44740
44754
44770
44785
44801
44816
44832
44848
44862
44878
44892
44908
44922
44938
44952
44968
44982
44998
45012
45028
45042
45058
45072
45088
45103
45119
45133
45149
45163
45179
45193
45209
45223
45239
45253
45269
45283
45299
45313
45329
45343
45359
45374
45390
45404
45420
45434
45450
45464
45480
45494
45510
45524
45540
45554
45570
45584
45598
45611
45625
45638
45653
45665
45680
45692
45707
45720
45734
45747
45762
45774
45789
45801
45816
45829
45843
45856
45871
45883
45898
45910
45925
45938
45952
45965
45980
45992
46007
46019
46034
46047
46061
46074
46088
46101
46116
46128
46143
46156
46170
46183
46197
46210
46225
46237
46252
46265
46279
46292
46306
46319
46334
46346
46361
46374
46388
46401
46415
46431
46445
46462
46476
46493
46507
46524
46538
46555
46569
46586
46600
46617
46631
46648
46662
46679
46693
46710
46724
46741
46755
46772
46786
46803
46817
46834
46848
46865
46879
46895
46910
46926
46941
46957
46972
46988
47003
47019
47034
47050
47065
47081
47096
47112
47127
47143
47158
47174
47189
47205
47220
47236
47251
47267
47282
47298
47314
47329
47346
47361
47378
47393
47410
47425
47442
47457
47474
47489
47506
47521
47538
47553
47570
47585
47602
47617
47634
47649
47666
47680
47697
47712
47729
47744
47761
47776
47793
47808
47825
47840
47857
47872
47889
47904
47921
47936
47953
47968
47985
48000
48016
48031
48047
48062
48078
48093
48110
48124
48141
48155
48172
48187
48203
48218
48234
48249
48265
48280
48297
48311
48328
48342
48359
48374
48390
48405
48421
48436
48452
48467
48484
48498
48515
48529
48546
48561
48577
48592
48608
48623
48639
48654
48671
48685
48702
48716
48733
48748
48763
48777
48793
48806
48822
48836
48851
48865
48881
48894
48910
48924
48939
48953
48969
48983
48998
49012
49028
49041
49057
49071
49086
49100
49116
49129
49145
49159
49174
49188
49204
49218
49233
49247
49263
49276
49292
49306
49321
49335
49351
49364
49380
49394
49409
49423
49439
49453
49468
49482
49498
49511
49527
49541
49556
49570
49586
49599
49615
49630
49644
49660
49673
49689
49703
49718
49732
49748
49761
49777
49791
49806
49820
49836
49849
49865
49879
49894
49908
49924
49937
49953
49967
49982
49996
50012
50025
50041
50055
50070
50084
50100
50113
50129
50143
50158
50172
50188
50201
50217
50231
50246
50260
50276
50289
50305
50319
50334
50349
50362
50378
50391
50407
50420
50436
50449
50464
50478
50493
50507
50522
50536
50551
50565
50580
50593
50609
50622
50638
50651
50667
50680
50696
50709
50724
50738
50753
50767
50782
50796
50811
50824
50840
50853
50869
50882
50898
50911
50927
50940
50955
50969
50984
50998
51013
51027
51042
51056
51071
51084
51100
