5
8
14
17
23
26
32
35
41
44
50
53
59
62
68
71
77
80
85
89
94
98
103
107
112
116
121
125
130
134
139
143
148
152
157
161
166
169
175
178
184
187
193
196
202
205
211
214
220
223
229
232
238
241
246
250
255
259
264
268
273
277
282
286
291
295
300
304
309
313
318
322
327
330
336
339
345
348
354
357
363
366
372
375
381
384
390
393
399
402
408
411
416
420
425
429
434
438
445
450
457
463
470
475
482
488
495
500
507
513
520
525
532
538
545
550
557
563
570
575
582
588
595
600
607
613
620
625
632
638
645
650
657
663
670
675
682
688
695
700
707
713
720
725
732
738
745
750
757
763
770
775
782
788
795
800
807
813
820
825
832
838
845
850
857
863
870
875
882
888
895
900
907
913
920
925
933
938
945
950
958
963
970
975
983
988
995
1000
1008
1013
1020
1025
1033
1038
1045
1050
1058
1063
1070
1075
1083
1088
1095
1100
1108
1113
1120
1125
1133
1138
1145
1150
1158
1163
1170
1175
1183
1188
1195
1200
1208
1213
1220
1225
1233
1238
1245
1258
1269
1283
1294
1308
1319
1333
1344
1358
1369
1383
1394
1407
1419
1432
1444
1457
1469
1482
1494
1507
1519
1532
1544
1557
1568
1582
1593
1607
1618
1630
1640
1653
1663
1676
1686
1699
1709
1721
1732
1744
1755
1767
1778
1790
1801
1813
1823
1836
1846
1859
1869
1882
1892
1904
1915
1927
1938
1950
1961
1973
1984
1996
2006
2019
2029
2042
2052
2065
2075
2088
2098
2110
2121
2133
2144
2156
2167
2179
2189
2196
2201
2208
2213
2220
2226
2233
2238
2245
2250
2257
2263
2270
2275
2282
2287
2295
2300
2307
2312
2319
2324
2332
2337
2344
2349
2356
2362
2369
2374
2381
2386
2393
2399
2406
2411
2418
2423
2430
2436
2443
2448
2455
2460
2468
2473
2480
2485
2492
2497
2505
2510
2517
2522
2529
2535
2542
2547
2554
2559
2566
2572
2579
2584
2591
2596
2604
2609
2616
2621
2628
2633
2641
2646
2653
2658
2665
2669
2671
2676
2678
2683
2685
2690
2692
2697
2699
2704
2706
2710
2713
2717
2720
2724
2727
2731
2734
2738
2741
2745
2747
2752
2754
2759
2761
2766
2768
2773
2775
2780
2782
2787
2789
2793
2796
2800
2803
2807
2810
2814
2817
2821
2824
2828
2830
2835
2837
2842
2844
2849
2851
2856
2858
2863
2865
2869
2872
2876
2879
2883
2886
2890
2893
2897
2900
2904
2907
2911
2913
2918
2920
2925
2927
2932
2934
2939
2941
2946
2948
2952
2955
2959
2962
2966
2969
2973
2976
2980
2983
2987
2989
2994
2996
3001
3003
3008
3010
3015
3017
3022
3024
3029
3031
3035
3039
3042
3047
3049
3054
3057
3061
3064
3069
3071
3076
3079
3083
3086
3091
3094
3098
3101
3106
3108
3113
3116
3120
3123
3128
3130
3135
3138
3142
3145
3150
3153
3157
3160
3165
3167
3172
3175
3179
3182
3187
3189
3194
3197
3201
3204
3209
3212
3216
3219
3224
3226
3231
3234
3238
3241
3246
3248
3253
3256
3260
3263
3268
3271
3275
3278
3283
3285
3290
3293
3297
3300
3305
3307
3312
3315
3319
3322
3327
3330
3334
3337
3342
3344
3349
3352
3356
3359
3364
3366
3371
3374
3378
3381
3386
3389
3393
3396
3401
3403
3408
3411
3415
3418
3423
3425
3430
3433
3437
3440
3445
3448
3452
3455
3460
3462
3467
3470
3474
3477
3482
3484
3489
3492
3496
3499
3504
3507
3511
3514
3519
3521
3526
3529
3533
3536
3541
3543
3548
3551
3555
3558
3563
3566
3570
3573
3578
3580
3585
3588
3592
3595
3600
3602
3607
3610
3614
3617
3622
3625
3629
3632
3637
3639
3644
3647
3651
3654
3659
3661
3666
3669
3673
3676
3681
3684
3688
3691
3696
3698
3703
3706
3710
3713
3718
3720
3725
3728
3732
3735
3740
3743
3747
3750
3755
3757
3762
3765
3769
3772
3777
3779
3784
3787
3791
3794
3799
3802
3806
3809
3814
3816
3821
3824
3828
3831
3836
3838
3843
3846
3850
3853
3858
3861
3865
3868
3873
3875
3880
3883
3887
3890
3895
3897
3902
3905
3910
3912
3917
3920
3924
3927
3938
3947
3959
3968
3979
3989
4000
4010
4021
4030
4042
4051
4063
4072
4083
4093
4104
4114
4125
4134
4146
4155
4167
4176
4187
4197
4208
4218
4229
4238
4250
4259
4271
4280
4291
4301
4312
4322
4333
4342
4354
4363
4375
4384
4395
4405
4416
4426
4437
4446
4458
4467
4479
4488
4499
4509
4520
4530
4541
4550
4562
4571
4583
4592
4603
4613
4624
4633
4644
4653
4664
4673
4684
4693
4704
4713
4724
4733
4744
4753
4764
4773
4784
4793
4804
4813
4824
4833
4844
4853
4864
4873
4884
4893
4904
4913
4924
4933
4944
4953
4964
4973
4984
4993
5004
5013
5024
5033
5044
5053
5064
5073
5084
5093
5104
5113
5118
5122
5127
5131
5136
5140
5145
5149
5154
5158
5163
5167
5172
5176
5181
5185
5190
5194
5199
5203
5208
5212
5217
5221
5226
5230
5235
5239
5244
5248
5253
5257
5262
5266
5271
5275
5280
5284
5289
5293
5298
5302
5307
5311
5316
5320
5325
5329
5334
5338
5343
5347
5352
5356
5361
5365
5370
5374
5379
5383
5388
5392
5397
5401
5406
5410
5415
5419
5424
5428
5433
5437
5442
5446
5451
5455
5460
5464
5469
5473
5478
5482
5487
5491
5496
5500
5505
5509
5514
5518
5523
5527
5532
5536
5541
5545
5550
5554
5559
5563
5568
5572
5577
5581
5586
5590
5595
5599
5604
5608
5613
5617
5622
5626
5631
5635
5640
5644
5649
5653
5658
5662
5667
5671
5676
5680
5685
5689
5694
5698
5703
5707
5712
5716
5721
5725
5730
5734
5739
5743
5748
5752
5757
5761
5766
5770
5775
5779
5784
5788
5793
5797
5802
5806
5811
5815
5820
5824
5829
5833
5838
5842
5847
5851
5856
5860
5865
5869
5874
5878
5883
5887
5892
5896
5901
5905
5910
5914
5919
5923
5928
5932
5937
5941
5946
5950
5955
5959
5964
5968
5973
5977
5982
5986
5991
5995
6000
6004
6009
6013
6018
6022
6027
6031
6036
6040
6045
6049
6054
6058
6063
6067
6072
6077
6080
6086
6089
6095
6098
6103
6107
6112
6116
6121
6124
6130
6133
6139
6142
6148
6151
6156
6160
6165
6169
6174
6177
6183
6186
6192
6195
6201
6204
6209
6213
6218
6222
6227
6230
6236
6239
6245
6248
6254
6257
6262
6266
6271
6275
6280
6283
6289
6292
6298
6301
6307
6310
6315
6319
6324
6328
6333
6336
6342
6345
6351
6354
6360
6363
6368
6372
6377
6381
6386
6389
6395
6398
6404
6407
6413
6416
6421
6425
6430
6434
6439
6442
6448
6451
6457
6460
6466
6469
6474
6478
6483
6487
6492
6495
6501
6504
6510
6513
6519
6522
6527
6531
6536
6540
6545
6548
6554
6557
6563
6566
6572
6575
6580
6584
6589
6593
6598
6601
6607
6610
6616
6619
6625
6628
6633
6637
6642
6646
6651
6654
6660
6663
6669
6672
6678
6681
6686
6690
6695
6699
6704
6707
6713
6716
6723
6728
6736
6741
6749
6754
6762
6767
6775
6780
6788
6793
6801
6806
6814
6819
6827
6832
6840
6845
6853
6858
6866
6871
6879
6884
6892
6897
6905
6910
6918
6923
6931
6936
6944
6949
6957
6962
6970
6975
6983
6988
6996
7001
7009
7014
7022
7027
7035
7040
7048
7053
7061
7066
7074
7079
7087
7092
7100
7105
7113
7118
7126
7131
7139
7144
7152
7157
7165
7170
7178
7183
7191
7196
7204
7209
7217
7222
7230
7235
7243
7248
7256
7261
7269
7274
7282
7287
7295
7300
7308
7313
7321
7326
7334
7339
7347
7352
7360
7365
7373
7378
7386
7391
7399
7404
7412
7417
7425
7430
7438
7443
7451
7456
7464
7469
7477
7482
7490
7495
7503
7508
7516
7521
7529
7534
7542
7547
7555
7560
7568
7573
7581
7586
7594
7599
7607
7612
7620
7625
7633
7638
7646
7652
7657
7664
7668
7675
7680
7686
7691
7698
7702
7709
7714
7721
7725
7732
7737
7743
7748
7755
7759
7766
7771
7777
7782
7789
7794
7800
7805
7812
7816
7823
7828
7834
7839
7846
7850
7857
7862
7869
7873
7880
7885
7891
7896
7903
7907
7914
7919
7925
7930
7937
7942
7948
7953
7960
7964
7971
7976
7982
7987
7994
7998
8005
8010
8017
8021
8028
8033
8039
8044
8051
8055
8062
8067
8073
8078
8085
8090
8096
8101
8108
8112
8119
8124
8130
8135
8142
8146
8153
8158
8165
8169
8176
8181
8187
8192
8199
8203
8210
8215
8221
8226
8233
8238
8244
8249
8256
8260
8267
8272
8278
8283
8290
8294
8301
8306
8313
8317
8324
8329
8335
8340
8347
8351
8358
8363
8369
8374
8381
8386
8392
8397
8404
8408
8415
8420
8426
8431
8438
8442
8449
8454
8461
8465
8472
8477
8483
8488
8495
8499
8506
8511
8517
8524
8529
8536
8541
8548
8553
8560
8566
8573
8578
8585
8590
8597
8602
8610
8615
8622
8627
8634
8639
8646
8651
8659
8664
8671
8676
8683
8688
8695
8701
8708
8713
8720
8725
8732
8737
8744
8750
8757
8762
8769
8774
8781
8786
8794
8799
8806
8811
8818
8823
8830
8836
8843
8848
8855
8860
8867
8872
8879
8885
8892
8897
8904
8909
8916
8921
8929
8934
8941
8946
8953
8958
8965
8970
8978
8983
8990
8995
9002
9007
9014
9020
9027
9032
9039
9044
9051
9056
9064
9069
9076
9081
9088
9093
9100
9105
9113
9118
9125
9130
9137
9142
9149
9155
9162
9167
9174
9179
9186
9191
9198
9204
9211
9216
9223
9228
9235
9240
9248
9253
9260
9265
9272
9277
9284
9290
9297
9302
9309
9314
9321
9326
9333
9339
9346
9351
9358
9363
9370
9375
9383
9388
9395
9400
9407
9412
9419
9424
9432
9437
9444
9449
9456
9461
9468
9473
9476
9481
9484
9489
9492
9497
9500
9505
9508
9513
9516
9521
9525
9530
9533
9538
9541
9546
9549
9554
9557
9562
9565
9570
9573
9578
9582
9587
9590
9595
9598
9603
9606
9611
9614
9619
9622
9627
9630
9635
9639
9644
9647
9652
9655
9660
9663
9668
9671
9676
9679
9684
9687
9692
9696
9701
9704
9709
9712
9717
9720
9725
9728
9733
9736
9741
9744
9749
9753
9758
9761
9766
9769
9774
9777
9782
9785
9790
9793
9798
9801
9806
9810
9815
9818
9823
9826
9831
9834
9839
9842
9847
9850
9855
9858
9863
9867
9872
9875
9880
9883
9888
9891
9896
9899
9904
9907
9912
9915
9920
9924
9929
9932
9937
9940
9945
9948
9953
9956
9961
9964
9969
9972
9977
9981
9986
9989
9994
9997
10002
10005
10010
10013
10018
10021
10026
10029
10034
10038
10043
10046
10051
10054
10059
10062
10067
10070
10075
10078
10083
10086
10092
10095
10100
10103
10108
10111
10116
10119
10124
10127
10132
10135
10140
10143
10149
10152
10157
10160
10165
10168
10173
10176
10181
10184
10189
10192
10197
10200
10206
10209
10214
10217
10222
10225
10230
10233
10238
10241
10246
10249
10254
10257
10263
10266
10271
10274
10279
10282
10287
10290
10295
10298
10303
10306
10311
10314
10320
10323
10328
10331
10336
10339
10344
10347
10352
10355
10360
10363
10368
10371
10377
10380
10385
10388
10393
10396
10401
10404
10409
10412
10417
10420
10425
10428
10434
10437
10442
10447
10450
10456
10459
10465
10468
10474
10477
10483
10486
10492
10495
10501
10504
10510
10513
10519
10522
10527
10531
10536
10540
10545
10549
10554
10558
10563
10567
10572
10576
10581
10585
10590
10594
10599
10603
10608
10611
10617
10620
10626
10629
10635
10638
10644
10647
10653
10656
10662
10665
10671
10674
10680
10683
10688
10692
10697
10701
10706
10710
10715
10719
10724
10728
10733
10737
10742
10746
10751
10755
10760
10764
10769
10772
10778
10781
10787
10790
10796
10799
10805
10808
10814
10817
10823
10826
10832
10835
10841
10844
10850
10853
10858
10862
10867
10871
10876
10880
10887
10892
10899
10905
10912
10917
10924
10930
10937
10942
10949
10955
10962
10967
10974
10980
10987
10992
10999
11005
11012
11017
11024
11030
11037
11042
11049
11055
11062
11067
11074
11080
11087
11092
11099
11105
11112
11117
11124
11130
11137
11142
11149
11155
11162
11167
11174
11180
11187
11192
11199
11205
11212
11217
11224
11230
11237
11242
11249
11255
11262
11267
11274
11280
11287
11292
11299
11305
11312
11317
11324
11330
11337
11342
11349
11355
11362
11367
11375
11380
11387
11392
11400
11405
11412
11417
11425
11430
11437
11442
11450
11455
11462
11467
11475
11480
11487
11492
11500
11505
11512
11517
11525
11530
11537
11542
11550
11555
11562
11567
11575
11580
11587
11592
11600
11605
11612
11617
11625
11630
11637
11642
11650
11655
11662
11667
11675
11680
11687
11700
11711
11725
11736
11750
11761
11775
11786
11800
11811
11825
11836
11849
11861
11874
11886
11899
11911
11924
11936
11949
11961
11974
11986
11999
12010
12024
12035
12049
12060
12072
12082
12095
12105
12118
12128
12141
12151
12163
12174
12186
12197
12209
12220
12232
12243
12255
12265
12278
12288
12301
12311
12324
12334
12346
12357
12369
12380
12392
12403
12415
12426
12438
12448
12461
12471
12484
12494
12507
12517
12530
12540
12552
12563
12575
12586
12598
12609
12621
12631
12638
12643
12650
12655
12662
12668
12675
12680
12687
12692
12699
12705
12712
12717
12724
12729
12737
12742
12749
12754
12761
12766
12774
12779
12786
12791
12798
12804
12811
12816
12823
12828
12835
12841
12848
12853
12860
12865
12872
12878
12885
12890
12897
12902
12910
12915
12922
12927
12934
12939
12947
12952
12959
12964
12971
12977
12984
12989
12996
13001
13008
13014
13021
13026
13033
13038
13046
13051
13058
13063
13070
13075
13083
13088
13095
13100
13107
13111
13113
13118
13120
13125
13127
13132
13134
13139
13141
13146
13148
13152
13155
13159
13162
13166
13169
13173
13176
13180
13183
13187
13189
13194
13196
13201
13203
13208
13210
13215
13217
13222
13224
13229
13231
13235
13238
13242
13245
13249
13252
13256
13259
13263
13266
13270
13272
13277
13279
13284
13286
13291
13293
13298
13300
13305
13307
13311
13314
13318
13321
13325
13328
13332
13335
13339
13342
13346
13349
13353
13355
13360
13362
13367
13369
13374
13376
13381
13383
13388
13390
13394
13397
13401
13404
13408
13411
13415
13418
13422
13425
13429
13431
13436
13438
13443
13445
13450
13452
13457
13459
13464
13466
13471
13473
13477
13481
13484
13489
13491
13496
13499
13503
13506
13511
13513
13518
13521
13525
13528
13533
13536
13540
13543
13548
13550
13555
13558
13562
13565
13570
13572
13577
13580
13584
13587
13592
13595
13599
13602
13607
13609
13614
13617
13621
13624
13629
13631
13636
13639
13643
13646
13651
13654
13658
13661
13666
13668
13673
13676
13680
13683
13688
13690
13695
13698
13702
13705
13710
13713
13717
13720
13725
13727
13732
13735
13739
13742
13747
13749
13754
13757
13761
13764
13769
13772
13776
13779
13784
13786
13791
13794
13798
13801
13806
13808
13813
13816
13820
13823
13828
13831
13835
13838
13843
13845
13850
13853
13857
13860
13865
13867
13872
13875
13879
13882
13887
13890
13894
13897
13902
13904
13909
13912
13916
13919
13924
13926
13931
13934
13938
13941
13946
13949
13953
13956
13961
13963
13968
13971
13975
13978
13983
13985
13990
13993
13997
14000
14005
14008
14012
14015
14020
14022
14027
14030
14034
14037
14042
14044
14049
14052
14056
14059
14064
14067
14071
14074
14079
14081
14086
14089
14093
14096
14101
14103
14108
14111
14115
14118
14123
14126
14130
14133
14138
14140
14145
14148
14152
14155
14160
14162
14167
14170
14174
14177
14182
14185
14189
14192
14197
14199
14204
14207
14211
14214
14219
14221
14226
14229
14233
14236
14241
14244
14248
14251
14256
14258
14263
14266
14270
14273
14278
14280
14285
14288
14292
14295
14300
14303
14307
14310
14315
14317
14322
14325
14329
14332
14337
14339
14344
14347
14352
14354
14359
14362
14366
14369
14380
14389
14401
14410
14421
14431
14442
14452
14463
14472
14484
14493
14505
14514
14525
14535
14546
14556
14567
14576
14588
14597
14609
14618
14629
14639
14650
14660
14671
14680
14692
14701
14713
14722
14733
14743
14754
14764
14775
14784
14796
14805
14817
14826
14837
14847
14858
14868
14879
14888
14900
14909
14921
14930
14941
14951
14962
14972
14983
14992
15004
15013
15025
15034
15045
15055
15066
15075
15086
15095
15106
15115
15126
15135
15146
15155
15166
15175
15186
15195
15206
15215
15226
15235
15246
15255
15266
15275
15286
15295
15306
15315
15326
15335
15346
15355
15366
15375
15386
15395
15406
15415
15426
15435
15446
15455
15466
15475
15486
15495
15506
15515
15526
15535
15546
15555
15560
15564
15569
15573
15578
15582
15587
15591
15596
15600
15605
15609
15614
15618
15623
15627
15632
15636
15641
15645
15650
15654
15659
15663
15668
15672
15677
15681
15686
15690
15695
15699
15704
15708
15713
15717
15722
15726
15731
15735
15740
15744
15749
15753
15758
15762
15767
15771
15776
15780
15785
15789
15794
15798
15803
15807
15812
15816
15821
15825
15830
15834
15839
15843
15848
15852
15857
15861
15866
15870
15875
15879
15884
15888
15893
15897
15902
15906
15911
15915
15920
15924
15929
15933
15938
15942
15947
15951
15956
15960
15965
15969
15974
15978
15983
15987
15992
15996
16001
16005
16010
16014
16019
16023
16028
16032
16037
16041
16046
16050
16055
16059
16064
16068
16073
16077
16082
16086
16091
16095
16100
16104
16109
16113
16118
16122
16127
16131
16136
16140
16145
16149
16154
16158
16163
16167
16172
16176
16181
16185
16190
16194
16199
16203
16208
16212
16217
16221
16226
16230
16235
16239
16244
16248
16253
16257
16262
16266
16271
16275
16280
16284
16289
16293
16298
16302
16307
16311
16316
16320
16325
16329
16334
16338
16343
16347
16352
16356
16361
16365
16370
16374
16379
16383
16388
16392
16397
16401
16406
16410
16415
16419
16424
16428
16433
16437
16442
16446
16451
16455
16460
16464
16469
16473
16478
16482
16487
16491
16496
16500
16505
16509
16514
16519
16522
16528
16531
16537
16540
16545
16549
16554
16558
16563
16566
16572
16575
16581
16584
16590
16593
16598
16602
16607
16611
16616
16619
16625
16628
16634
16637
16643
16646
16651
16655
16660
16664
16669
16672
16678
16681
16687
16690
16696
16699
16704
16708
16713
16717
16722
16725
16731
16734
16740
16743
16749
16752
16757
16761
16766
16770
16775
16778
16784
16787
16793
16796
16802
16805
16810
16814
16819
16823
16828
16831
16837
16840
16846
16849
16855
16858
16863
16867
16872
16876
16881
16884
16890
16893
16899
16902
16908
16911
16916
16920
16925
16929
16934
16937
16943
16946
16952
16955
16961
16964
16969
16973
16978
16982
16987
16990
16996
16999
17005
17008
17014
17017
17022
17026
17031
17035
17040
17043
17049
17052
17058
17061
17067
17070
17075
17079
17084
17088
17093
17096
17102
17105
17111
17114
17120
17123
17128
17132
17137
17141
17146
17149
17155
17158
17165
17170
17178
17183
17191
17196
17204
17209
17217
17222
17230
17235
17243
17248
17256
17261
17269
17274
17282
17287
17295
17300
17308
17313
17321
17326
17334
17339
17347
17352
17360
17365
17373
17378
17386
17391
17399
17404
17412
17417
17425
17430
17438
17443
17451
17456
17464
17469
17477
17482
17490
17495
17503
17508
17516
17521
17529
17534
17542
17547
17555
17560
17568
17573
17581
17586
17594
17599
17607
17612
17620
17625
17633
17638
17646
17651
17659
17664
17672
17677
17685
17690
17698
17703
17711
17716
17724
17729
17737
17742
17750
17755
17763
17768
17776
17781
17789
17794
17802
17807
17815
17820
17828
17833
17841
17846
17854
17859
17867
17872
17880
17885
17893
17898
17906
17911
17919
17924
17932
17937
17945
17950
17958
17963
17971
17976
17984
17989
17997
18002
18010
18015
18023
18028
18036
18041
18049
18054
18062
18067
18075
18080
18088
18094
18099
18106
18110
18117
18122
18128
18133
18140
18144
18151
18156
18163
18167
18174
18179
18185
18190
18197
18201
18208
18213
18219
18224
18231
18236
18242
18247
18254
18258
18265
18270
18276
18281
18288
18292
18299
18304
18311
18315
18322
18327
18333
18338
18345
18349
18356
18361
18367
18372
18379
18384
18390
18395
18402
18406
18413
18418
18424
18429
18436
18440
18447
18452
18459
18463
18470
18475
18481
18486
18493
18497
18504
18509
18515
18520
18527
18532
18538
18543
18550
18554
18561
18566
18572
18577
18584
18588
18595
18600
18607
18611
18618
18623
18629
18634
18641
18645
18652
18657
18663
18668
18675
18680
18686
18691
18698
18702
18709
18714
18720
18725
18732
18736
18743
18748
18755
18759
18766
18771
18777
18782
18789
18793
18800
18805
18811
18816
18823
18828
18834
18839
18846
18850
18857
18862
18868
18873
18880
18884
18891
18896
18903
18907
18914
18919
18925
18930
18937
18941
18948
18953
18959
18966
18971
18978
18983
18990
18995
19002
19008
19015
19020
19027
19032
19039
19044
19052
19057
19064
19069
19076
19081
19088
19093
19101
19106
19113
19118
19125
19130
19137
19143
19150
19155
19162
19167
19174
19179
19186
19192
19199
19204
19211
19216
19223
19228
19236
19241
19248
19253
19260
19265
19272
19278
19285
19290
19297
19302
19309
19314
19321
19327
19334
19339
19346
19351
19358
19363
19371
19376
19383
19388
19395
19400
19407
19412
19420
19425
19432
19437
19444
19449
19456
19462
19469
19474
19481
19486
19493
19498
19506
19511
19518
19523
19530
19535
19542
19547
19555
19560
19567
19572
19579
19584
19591
19597
19604
19609
19616
19621
19628
19633
19640
19646
19653
19658
19665
19670
19677
19682
19690
19695
19702
19707
19714
19719
19726
19732
19739
19744
19751
19756
19763
19768
19775
19781
19788
19793
19800
19805
19812
19817
19825
19830
19837
19842
19849
19854
19861
19866
19874
19879
19886
19891
19898
19903
19910
19915
19918
19923
19926
19931
19934
19939
19942
19947
19950
19955
19958
19963
19967
19972
19975
19980
19983
19988
19991
19996
19999
20004
20007
20012
20015
20020
20024
20029
20032
20037
20040
20045
20048
20053
20056
20061
20064
20069
20072
20077
20081
20086
20089
20094
20097
20102
20105
20110
20113
20118
20121
20126
20129
20134
20138
20143
20146
20151
20154
20159
20162
20167
20170
20175
20178
20183
20186
20191
20195
20200
20203
20208
20211
20216
20219
20224
20227
20232
20235
20240
20243
20248
20252
20257
20260
20265
20268
20273
20276
20281
20284
20289
20292
20297
20300
20305
20309
20314
20317
20322
20325
20330
20333
20338
20341
20346
20349
20354
20357
20362
20366
20371
20374
20379
20382
20387
20390
20395
20398
20403
20406
20411
20414
20419
20423
20428
20431
20436
20439
20444
20447
20452
20455
20460
20463
20468
20471
20476
20480
20485
20488
20493
20496
20501
20504
20509
20512
20517
20520
20525
20528
20534
20537
20542
20545
20550
20553
20558
20561
20566
20569
20574
20577
20582
20585
20591
20594
20599
20602
20607
20610
20615
20618
20623
20626
20631
20634
20639
20642
20648
20651
20656
20659
20664
20667
20672
20675
20680
20683
20688
20691
20696
20699
20705
20708
20713
20716
20721
20724
20729
20732
20737
20740
20745
20748
20753
20756
20762
20765
20770
20773
20778
20781
20786
20789
20794
20797
20802
20805
20810
20813
20819
20822
20827
20830
20835
20838
20843
20846
20851
20854
20859
20862
20867
20870
20876
20879
20884
20889
20892
20898
20901
20907
20910
20916
20919
20925
20928
20934
20937
20943
20946
20952
20955
20961
20964
20969
20973
20978
20982
20987
20991
20996
21000
21005
21009
21014
21018
21023
21027
21032
21036
21041
21045
21050
21053
21059
21062
21068
21071
21077
21080
21086
21089
21095
21098
21104
21107
21113
21116
21122
21125
21130
21134
21139
21143
21148
21152
21157
21161
21166
21170
21175
21179
21184
21188
21193
21197
21202
21206
21211
21214
21220
21223
21229
21232
21238
21241
21247
21250
21256
21259
21265
21268
21274
21277
21283
21286
21292
21295
21300
21304
21309
21313
21318
21322
21329
21334
21341
21347
21354
21359
21366
21372
21379
21384
21391
21397
21404
21409
21416
21422
21429
21434
21441
21447
21454
21459
21466
21472
21479
21484
21491
21497
21504
21509
21516
21522
21529
21534
21541
21547
21554
21559
21566
21572
21579
21584
21591
21597
21604
21609
21616
21622
21629
21634
21641
21647
21654
21659
21666
21672
21679
21684
21691
21697
21704
21709
21716
21722
21729
21734
21741
21747
21754
21759
21766
21772
21779
21784
21791
21797
21804
21809
21817
21822
21829
21834
21842
21847
21854
21859
21867
21872
21879
21884
21892
21897
21904
21909
21917
21922
21929
21934
21942
21947
21954
21959
21967
21972
21979
21984
21992
21997
22004
22009
22017
22022
22029
22034
22042
22047
22054
22059
22067
22072
22079
22084
22092
22097
22104
22109
22117
22122
22129
22142
22153
22167
22178
22192
22203
22217
22228
22242
22253
22267
22278
22291
22303
22316
22328
22341
22353
22366
22378
22391
22403
22416
22428
22441
22452
22466
22477
22491
22502
22514
22524
22537
22547
22560
22570
22583
22593
22605
22616
22628
22639
22651
22662
22674
22685
22697
22707
22720
22730
22743
22753
22766
22776
22788
22799
22811
22822
22834
22845
22857
22868
22880
22890
22903
22913
22926
22936
22949
22959
22972
22982
22994
23005
23017
23028
23040
23051
23063
23073
23080
23085
23092
23097
23104
23110
23117
23122
23129
23134
23141
23147
23154
23159
23166
23171
23179
23184
23191
23196
23203
23208
23216
23221
23228
23233
23240
23246
23253
23258
23265
23270
23277
23283
23290
23295
23302
23307
23314
23320
23327
23332
23339
23344
23352
23357
23364
23369
23376
23381
23389
23394
23401
23406
23413
23419
23426
23431
23438
23443
23450
23456
23463
23468
23475
23480
23488
23493
23500
23505
23512
23517
23525
23530
23537
23542
23549
23553
23555
23560
23562
23567
23569
23574
23576
23581
23583
23588
23590
23594
23597
23601
23604
23608
23611
23615
23618
23622
23625
23629
23631
23636
23638
23643
23645
23650
23652
23657
23659
23664
23666
23671
23673
23677
23680
23684
23687
23691
23694
23698
23701
23705
23708
23712
23714
23719
23721
23726
23728
23733
23735
23740
23742
23747
23749
23753
23756
23760
23763
23767
23770
23774
23777
23781
23784
23788
23791
23795
23797
23802
23804
23809
23811
23816
23818
23823
23825
23830
23832
23836
23839
23843
23846
23850
23853
23857
23860
23864
23867
23871
23873
23878
23880
23885
23887
23892
23894
23899
23901
23906
23908
23913
23915
23919
23923
23926
23931
23933
23938
23941
23945
23948
23953
23955
23960
23963
23967
23970
23975
23978
23982
23985
23990
23992
23997
24000
24004
24007
24012
24014
24019
24022
24026
24029
24034
24037
24041
24044
24049
24051
24056
24059
24063
24066
24071
24073
24078
24081
24085
24088
24093
24096
24100
24103
24108
24110
24115
24118
24122
24125
24130
24132
24137
24140
24144
24147
24152
24155
24159
24162
24167
24169
24174
24177
24181
24184
24189
24191
24196
24199
24203
24206
24211
24214
24218
24221
24226
24228
24233
24236
24240
24243
24248
24250
24255
24258
24262
24265
24270
24273
24277
24280
24285
24287
24292
24295
24299
24302
24307
24309
24314
24317
24321
24324
24329
24332
24336
24339
24344
24346
24351
24354
24358
24361
24366
24368
24373
24376
24380
24383
24388
24391
24395
24398
24403
24405
24410
24413
24417
24420
24425
24427
24432
24435
24439
24442
24447
24450
24454
24457
24462
24464
24469
24472
24476
24479
24484
24486
24491
24494
24498
24501
24506
24509
24513
24516
24521
24523
24528
24531
24535
24538
24543
24545
24550
24553
24557
24560
24565
24568
24572
24575
24580
24582
24587
24590
24594
24597
24602
24604
24609
24612
24616
24619
24624
24627
24631
24634
24639
24641
24646
24649
24653
24656
24661
24663
24668
24671
24675
24678
24683
24686
24690
24693
24698
24700
24705
24708
24712
24715
24720
24722
24727
24730
24734
24737
24742
24745
24749
24752
24757
24759
24764
24767
24771
24774
24779
24781
24786
24789
24794
24796
24801
24804
24808
24811
24822
24831
24843
24852
24863
24873
24884
24894
24905
24914
24926
24935
24947
24956
24967
24977
24988
24998
25009
25018
25030
25039
25051
25060
25071
25081
25092
25102
25113
25122
25134
25143
25155
25164
25175
25185
25196
25206
25217
25226
25238
25247
25259
25268
25279
25289
25300
25310
25321
25330
25342
25351
25363
25372
25383
25393
25404
25414
25425
25434
25446
25455
25467
25476
25487
25497
25508
25517
25528
25537
25548
25557
25568
25577
25588
25597
25608
25617
25628
25637
25648
25657
25668
25677
25688
25697
25708
25717
25728
25737
25748
25757
25768
25777
25788
25797
25808
25817
25828
25837
25848
25857
25868
25877
25888
25897
25908
25917
25928
25937
25948
25957
25968
25977
25988
25997
26002
26006
26011
26015
26020
26024
26029
26033
26038
26042
26047
26051
26056
26060
26065
26069
26074
26078
26083
26087
26092
26096
26101
26105
26110
26114
26119
26123
26128
26132
26137
26141
26146
26150
26155
26159
26164
26168
26173
26177
26182
26186
26191
26195
26200
26204
26209
26213
26218
26222
26227
26231
26236
26240
26245
26249
26254
26258
26263
26267
26272
26276
26281
26285
26290
26294
26299
26303
26308
26312
26317
26321
26326
26330
26335
26339
26344
26348
26353
26357
26362
26366
26371
26375
26380
26384
26389
26393
26398
26402
26407
26411
26416
26420
26425
26429
26434
26438
26443
26447
26452
26456
26461
26465
26470
26474
26479
26483
26488
26492
26497
26501
26506
26510
26515
26519
26524
26528
26533
26537
26542
26546
26551
26555
26560
26564
26569
26573
26578
26582
26587
26591
26596
26600
26605
26609
26614
26618
26623
26627
26632
26636
26641
26645
26650
26654
26659
26663
26668
26672
26677
26681
26686
26690
26695
26699
26704
26708
26713
26717
26722
26726
26731
26735
26740
26744
26749
26753
26758
26762
26767
26771
26776
26780
26785
26789
26794
26798
26803
26807
26812
26816
26821
26825
26830
26834
26839
26843
26848
26852
26857
26861
26866
26870
26875
26879
26884
26888
26893
26897
26902
26906
26911
26915
26920
26924
26929
26933
26938
26942
26947
26951
26956
26961
26964
26970
26973
26979
26982
26987
26991
26996
27000
27005
27008
27014
27017
27023
27026
27032
27035
27040
27044
27049
27053
27058
27061
27067
27070
27076
27079
27085
27088
27093
27097
27102
27106
27111
27114
27120
27123
27129
27132
27138
27141
27146
27150
27155
27159
27164
27167
27173
27176
27182
27185
27191
27194
27199
27203
27208
27212
27217
27220
27226
27229
27235
27238
27244
27247
27252
27256
27261
27265
27270
27273
27279
27282
27288
27291
27297
27300
27305
27309
27314
27318
27323
27326
27332
27335
27341
27344
27350
27353
27358
27362
27367
27371
27376
27379
27385
27388
27394
27397
27403
27406
27411
27415
27420
27424
27429
27432
27438
27441
27447
27450
27456
27459
27464
27468
27473
27477
27482
27485
27491
27494
27500
27503
27509
27512
27517
27521
27526
27530
27535
27538
27544
27547
27553
27556
27562
27565
27570
27574
27579
27583
27588
27591
27597
27600
27607
27612
27620
27625
27633
27638
27646
27651
27659
27664
27672
27677
27685
27690
27698
27703
27711
27716
27724
27729
27737
27742
27750
27755
27763
27768
27776
27781
27789
27794
27802
27807
27815
27820
27828
27833
27841
27846
27854
27859
27867
27872
27880
27885
27893
27898
27906
27911
27919
27924
27932
27937
27945
27950
27958
27963
27971
27976
27984
27989
27997
28002
28010
28015
28023
28028
28036
28041
28049
28054
28062
28067
28075
28080
28088
28093
28101
28106
28114
28119
28127
28132
28140
28145
28153
28158
28166
28171
28179
28184
28192
28197
28205
28210
28218
28223
28231
28236
28244
28249
28257
28262
28270
28275
28283
28288
28296
28301
28309
28314
28322
28327
28335
28340
28348
28353
28361
28366
28374
28379
28387
28392
28400
28405
28413
28418
28426
28431
28439
28444
28452
28457
28465
28470
28478
28483
28491
28496
28504
28509
28517
28522
28530
28536
28541
28548
28552
28559
28564
28570
28575
28582
28586
28593
28598
28605
28609
28616
28621
28627
28632
28639
28643
28650
28655
28661
28666
28673
28678
28684
28689
28696
28700
28707
28712
28718
28723
28730
28734
28741
28746
28753
28757
28764
28769
28775
28780
28787
28791
28798
28803
28809
28814
28821
28826
28832
28837
28844
28848
28855
28860
28866
28871
28878
28882
28889
28894
28901
28905
28912
28917
28923
28928
28935
28939
28946
28951
28957
28962
28969
28974
28980
28985
28992
28996
29003
29008
29014
29019
29026
29030
29037
29042
29049
29053
29060
29065
29071
29076
29083
29087
29094
29099
29105
29110
29117
29122
29128
29133
29140
29144
29151
29156
29162
29167
29174
29178
29185
29190
29197
29201
29208
29213
29219
29224
29231
29235
29242
29247
29253
29258
29265
29270
29276
29281
29288
29292
29299
29304
29310
29315
29322
29326
29333
29338
29345
29349
29356
29361
29367
29372
29379
29383
29390
29395
29401
29408
29413
29420
29425
29432
29437
29444
29450
29457
29462
29469
29474
29481
29486
29494
29499
29506
29511
29518
29523
29530
29535
29543
29548
29555
29560
29567
29572
29579
29585
29592
29597
29604
29609
29616
29621
29628
29634
29641
29646
29653
29658
29665
29670
29678
29683
29690
29695
29702
29707
29714
29720
29727
29732
29739
29744
29751
29756
29763
29769
29776
29781
29788
29793
29800
29805
29813
29818
29825
29830
29837
29842
29849
29854
29862
29867
29874
29879
29886
29891
29898
29904
29911
29916
29923
29928
29935
29940
29948
29953
29960
29965
29972
29977
29984
29989
29997
30002
30009
30014
30021
30026
30033
30039
30046
30051
30058
30063
30070
30075
30082
30088
30095
30100
30107
30112
30119
30124
30132
30137
30144
30149
30156
30161
30168
30174
30181
30186
30193
30198
30205
30210
30217
30223
30230
30235
30242
30247
30254
30259
30267
30272
30279
30284
30291
30296
30303
30308
30316
30321
30328
30333
30340
30345
30352
30357
30360
30365
30368
30373
30376
30381
30384
30389
30392
30397
30400
30405
30409
30414
30417
30422
30425
30430
30433
30438
30441
30446
30449
30454
30457
30462
30466
30471
30474
30479
30482
30487
30490
30495
30498
30503
30506
30511
30514
30519
30523
30528
30531
30536
30539
30544
30547
30552
30555
30560
30563
30568
30571
30576
30580
30585
30588
30593
30596
30601
30604
30609
30612
30617
30620
30625
30628
30633
30637
30642
30645
30650
30653
30658
30661
30666
30669
30674
30677
30682
30685
30690
30694
30699
30702
30707
30710
30715
30718
30723
30726
30731
30734
30739
30742
30747
30751
30756
30759
30764
30767
30772
30775
30780
30783
30788
30791
30796
30799
30804
30808
30813
30816
30821
30824
30829
30832
30837
30840
30845
30848
30853
30856
30861
30865
30870
30873
30878
30881
30886
30889
30894
30897
30902
30905
30910
30913
30918
30922
30927
30930
30935
30938
30943
30946
30951
30954
30959
30962
30967
30970
30976
30979
30984
30987
30992
30995
31000
31003
31008
31011
31016
31019
31024
31027
31033
31036
31041
31044
31049
31052
31057
31060
31065
31068
31073
31076
31081
31084
31090
31093
31098
31101
31106
31109
31114
31117
31122
31125
31130
31133
31138
31141
31147
31150
31155
31158
31163
31166
31171
31174
31179
31182
31187
31190
31195
31198
31204
31207
31212
31215
31220
31223
31228
31231
31236
31239
31244
31247
31252
31255
31261
31264
31269
31272
31277
31280
31285
31288
31293
31296
31301
31304
31309
31312
31318
31321
31326
31331
31334
31340
31343
31349
31352
31358
31361
31367
31370
31376
31379
31385
31388
31394
31397
31403
31406
31411
31415
31420
31424
31429
31433
31438
31442
31447
31451
31456
31460
31465
31469
31474
31478
31483
31487
31492
31495
31501
31504
31510
31513
31519
31522
31528
31531
31537
31540
31546
31549
31555
31558
31564
31567
31572
31576
31581
31585
31590
31594
31599
31603
31608
31612
31617
31621
31626
31630
31635
31639
31644
31648
31653
31656
31662
31665
31671
31674
31680
31683
31689
31692
31698
31701
31707
31710
31716
31719
31725
31728
31734
31737
31742
31746
31751
31755
31760
31764
31771
31776
31783
31789
31796
31801
31808
31814
31821
31826
31833
31839
31846
31851
31858
31864
31871
31876
31883
31889
31896
31901
31908
31914
31921
31926
31933
31939
31946
31951
31958
31964
31971
31976
31983
31989
31996
32001
32008
32014
32021
32026
32033
32039
32046
32051
32058
32064
32071
32076
32083
32089
32096
32101
32108
32114
32121
32126
32133
32139
32146
32151
32158
32164
32171
32176
32183
32189
32196
32201
32208
32214
32221
32226
32233
32239
32246
32251
32259
32264
32271
32276
32284
32289
32296
32301
32309
32314
32321
32326
32334
32339
32346
32351
32359
32364
32371
32376
32384
32389
32396
32401
32409
32414
32421
32426
32434
32439
32446
32451
32459
32464
32471
32476
32484
32489
32496
32501
32509
32514
32521
32526
32534
32539
32546
32551
32559
32564
32571
32584
32595
32609
32620
32634
32645
32659
32670
32684
32695
32709
32720
32733
32745
32758
32770
32783
32795
32808
32820
32833
32845
32858
32870
32883
32894
32908
32919
32933
32944
32956
32966
32979
32989
33002
33012
33025
33035
33047
33058
33070
33081
33093
33104
33116
33127
33139
33149
33162
33172
33185
33195
33208
33218
33230
33241
33253
33264
33276
33287
33299
33310
33322
33332
33345
33355
33368
33378
33391
33401
33414
33424
33436
33447
33459
33470
33482
33493
33505
33515
33522
33527
33534
33539
33546
33552
33559
33564
33571
33576
33583
33589
33596
33601
33608
33613
33621
33626
33633
33638
33645
33650
33658
33663
33670
33675
33682
33688
33695
33700
33707
33712
33719
33725
33732
33737
33744
33749
33756
33762
33769
33774
33781
33786
33794
33799
33806
33811
33818
33823
33831
33836
33843
33848
33855
33861
33868
33873
33880
33885
33892
33898
33905
33910
33917
33922
33930
33935
33942
33947
33954
33959
33967
33972
33979
33984
33991
33995
33997
34002
34004
34009
34011
34016
34018
34023
34025
34030
34032
34036
34039
34043
34046
34050
34053
34057
34060
34064
34067
34071
34073
34078
34080
34085
34087
34092
34094
34099
34101
34106
34108
34113
34115
34119
34122
34126
34129
34133
34136
34140
34143
34147
34150
34154
34156
34161
34163
34168
34170
34175
34177
34182
34184
34189
34191
34195
34198
34202
34205
34209
34212
34216
34219
34223
34226
34230
34233
34237
34239
34244
34246
34251
34253
34258
34260
34265
34267
34272
34274
34278
34281
34285
34288
34292
34295
34299
34302
34306
34309
34313
34315
34320
34322
34327
34329
34334
34336
34341
34343
34348
34350
34355
34357
34361
34365
34368
34373
34375
34380
34383
34387
34390
34395
34397
34402
34405
34409
34412
34417
34420
34424
34427
34432
34434
34439
34442
34446
34449
34454
34456
34461
34464
34468
34471
34476
34479
34483
34486
34491
34493
34498
34501
34505
34508
34513
34515
34520
34523
34527
34530
34535
34538
34542
34545
34550
34552
34557
34560
34564
34567
34572
34574
34579
34582
34586
34589
34594
34597
34601
34604
34609
34611
34616
34619
34623
34626
34631
34633
34638
34641
34645
34648
34653
34656
34660
34663
34668
34670
34675
34678
34682
34685
34690
34692
34697
34700
34704
34707
34712
34715
34719
34722
34727
34729
34734
34737
34741
34744
34749
34751
34756
34759
34763
34766
34771
34774
34778
34781
34786
34788
34793
34796
34800
34803
34808
34810
34815
34818
34822
34825
34830
34833
34837
34840
34845
34847
34852
34855
34859
34862
34867
34869
34874
34877
34881
34884
34889
34892
34896
34899
34904
34906
34911
34914
34918
34921
34926
34928
34933
34936
34940
34943
34948
34951
34955
34958
34963
34965
34970
34973
34977
34980
34985
34987
34992
34995
34999
35002
35007
35010
35014
35017
35022
35024
35029
35032
35036
35039
35044
35046
35051
35054
35058
35061
35066
35069
35073
35076
35081
35083
35088
35091
35095
35098
35103
35105
35110
35113
35117
35120
35125
35128
35132
35135
35140
35142
35147
35150
35154
35157
35162
35164
35169
35172
35176
35179
35184
35187
35191
35194
35199
35201
35206
35209
35213
35216
35221
35223
35228
35231
35236
35238
35243
35246
35250
35253
35264
35273
35285
35294
35305
35315
35326
35336
35347
35356
35368
35377
35389
35398
35409
35419
35430
35440
35451
35460
35472
35481
35493
35502
35513
35523
35534
35544
35555
35564
35576
35585
35597
35606
35617
35627
35638
35648
35659
35668
35680
35689
35701
35710
35721
35731
35742
35752
35763
35772
35784
35793
35805
35814
35825
35835
35846
35856
35867
35876
35888
35897
35909
35918
35929
35939
35950
35959
35970
35979
35990
35999
36010
36019
36030
36039
36050
36059
36070
36079
36090
36099
36110
36119
36130
36139
36150
36159
36170
36179
36190
36199
36210
36219
36230
36239
36250
36259
36270
36279
36290
36299
36310
36319
36330
36339
36350
36359
36370
36379
36390
36399
36410
36419
36430
36439
36444
36448
36453
36457
36462
36466
36471
36475
36480
36484
36489
36493
36498
36502
36507
36511
36516
36520
36525
36529
36534
36538
36543
36547
36552
36556
36561
36565
36570
36574
36579
36583
36588
36592
36597
36601
36606
36610
36615
36619
36624
36628
36633
36637
36642
36646
36651
36655
36660
36664
36669
36673
36678
36682
36687
36691
36696
36700
36705
36709
36714
36718
36723
36727
36732
36736
36741
36745
36750
36754
36759
36763
36768
36772
36777
36781
36786
36790
36795
36799
36804
36808
36813
36817
36822
36826
36831
36835
36840
36844
36849
36853
36858
36862
36867
36871
36876
36880
36885
36889
36894
36898
36903
36907
36912
36916
36921
36925
36930
36934
36939
36943
36948
36952
36957
36961
36966
36970
36975
36979
36984
36988
36993
36997
37002
37006
37011
37015
37020
37024
37029
37033
37038
37042
37047
37051
37056
37060
37065
37069
37074
37078
37083
37087
37092
37096
37101
37105
37110
37114
37119
37123
37128
37132
37137
37141
37146
37150
37155
37159
37164
37168
37173
37177
37182
37186
37191
37195
37200
37204
37209
37213
37218
37222
37227
37231
37236
37240
37245
37249
37254
37258
37263
37267
37272
37276
37281
37285
37290
37294
37299
37303
37308
37312
37317
37321
37326
37330
37335
37339
37344
37348
37353
37357
37362
37366
37371
37375
37380
37384
37389
37393
37398
37403
37406
37412
37415
37421
37424
37429
37433
37438
37442
37447
37450
37456
37459
37465
37468
37474
37477
37482
37486
37491
37495
37500
37503
37509
37512
37518
37521
37527
37530
37535
37539
37544
37548
37553
37556
37562
37565
37571
37574
37580
37583
37588
37592
37597
37601
37606
37609
37615
37618
37624
37627
37633
37636
37641
37645
37650
37654
37659
37662
37668
37671
37677
37680
37686
37689
37694
37698
37703
37707
37712
37715
37721
37724
37730
37733
37739
37742
37747
37751
37756
37760
37765
37768
37774
37777
37783
37786
37792
37795
37800
37804
37809
37813
37818
37821
37827
37830
37836
37839
37845
37848
37853
37857
37862
37866
37871
37874
37880
37883
37889
37892
37898
37901
37906
37910
37915
37919
37924
37927
37933
37936
37942
37945
37951
37954
37959
37963
37968
37972
37977
37980
37986
37989
37995
37998
38004
38007
38012
38016
38021
38025
38030
38033
38039
38042
38049
38054
38062
38067
38075
38080
38088
38093
38101
38106
38114
38119
38127
38132
38140
38145
38153
38158
38166
38171
38179
38184
38192
38197
38205
38210
38218
38223
38231
38236
38244
38249
38257
38262
38270
38275
38283
38288
38296
38301
38309
38314
38322
38327
38335
38340
38348
38353
38361
38366
38374
38379
38387
38392
38400
38405
38413
38418
38426
38431
38439
38444
38452
38457
38465
38470
38478
38483
38491
38496
38504
38509
38517
38522
38530
38535
38543
38548
38556
38561
38569
38574
38582
38587
38595
38600
38608
38613
38621
38626
38634
38639
38647
38652
38660
38665
38673
38678
38686
38691
38699
38704
38712
38717
38725
38730
38738
38743
38751
38756
38764
38769
38777
38782
38790
38795
38803
38808
38816
38821
38829
38834
38842
38847
38855
38860
38868
38873
38881
38886
38894
38899
38907
38912
38920
38925
38933
38938
38946
38951
38959
38964
38972
38978
38983
38990
38994
39001
39006
39012
39017
39024
39028
39035
39040
39047
39051
39058
39063
39069
39074
39081
39085
39092
39097
39103
39108
39115
39120
39126
39131
39138
39142
39149
39154
39160
39165
39172
39176
39183
39188
39195
39199
39206
39211
39217
39222
39229
39233
39240
39245
39251
39256
39263
39268
39274
39279
39286
39290
39297
39302
39308
39313
39320
39324
39331
39336
39343
39347
39354
39359
39365
39370
39377
39381
39388
39393
39399
39404
39411
39416
39422
39427
39434
39438
39445
39450
39456
39461
39468
39472
39479
39484
39491
39495
39502
39507
39513
39518
39525
39529
39536
39541
39547
39552
39559
39564
39570
39575
39582
39586
39593
39598
39604
39609
39616
39620
39627
39632
39639
39643
39650
39655
39661
39666
39673
39677
39684
39689
39695
39700
39707
39712
39718
39723
39730
39734
39741
39746
39752
39757
39764
39768
39775
39780
39787
39791
39798
39803
39809
39814
39821
39825
39832
39837
39843
39850
39855
39862
39867
39874
39879
39886
39892
39899
39904
39911
39916
39923
39928
39936
39941
39948
39953
39960
39965
39972
39977
39985
39990
39997
40002
40009
40014
40021
40027
40034
40039
40046
40051
40058
40063
40070
40076
40083
40088
40095
40100
40107
40112
40120
40125
40132
40137
40144
40149
40156
40162
40169
40174
40181
40186
40193
40198
40205
40211
40218
40223
40230
40235
40242
40247
40255
40260
40267
40272
40279
40284
40291
40296
40304
40309
40316
40321
40328
40333
40340
40346
40353
40358
40365
40370
40377
40382
40390
40395
40402
40407
40414
40419
40426
40431
40439
40444
40451
40456
40463
40468
40475
40481
40488
40493
40500
40505
40512
40517
40524
40530
40537
40542
40549
40554
40561
40566
40574
40579
40586
40591
40598
40603
40610
40616
40623
40628
40635
40640
40647
40652
40659
40665
40672
40677
40684
40689
40696
40701
40709
40714
40721
40726
40733
40738
40745
40750
40758
40763
40770
40775
40782
40787
40794
40799
40802
40807
40810
40815
40818
40823
40826
40831
40834
40839
40842
40847
40851
40856
40859
40864
40867
40872
40875
40880
40883
40888
40891
40896
40899
40904
40908
40913
40916
40921
40924
40929
40932
40937
40940
40945
40948
40953
40956
40961
40965
40970
40973
40978
40981
40986
40989
40994
40997
41002
41005
41010
41013
41018
41022
41027
41030
41035
41038
41043
41046
41051
41054
41059
41062
41067
41070
41075
41079
41084
41087
41092
41095
41100
41103
41108
41111
41116
41119
41124
41127
41132
41136
41141
41144
41149
41152
41157
41160
41165
41168
41173
41176
41181
41184
41189
41193
41198
41201
41206
41209
41214
41217
41222
41225
41230
41233
41238
41241
41246
41250
41255
41258
41263
41266
41271
41274
41279
41282
41287
41290
41295
41298
41303
41307
41312
41315
41320
41323
41328
41331
41336
41339
41344
41347
41352
41355
41360
41364
41369
41372
41377
41380
41385
41388
41393
41396
41401
41404
41409
41412
41418
41421
41426
41429
41434
41437
41442
41445
41450
41453
41458
41461
41466
41469
41475
41478
41483
41486
41491
41494
41499
41502
41507
41510
41515
41518
41523
41526
41532
41535
41540
41543
41548
41551
41556
41559
41564
41567
41572
41575
41580
41583
41589
41592
41597
41600
41605
41608
41613
41616
41621
41624
41629
41632
41637
41640
41646
41649
41654
41657
41662
41665
41670
41673
41678
41681
41686
41689
41694
41697
41703
41706
41711
41714
41719
41722
41727
41730
41735
41738
41743
41746
41751
41754
41760
41763
41768
41773
41776
41782
41785
41791
41794
41800
41803
41809
41812
41818
41821
41827
41830
41836
41839
41845
41848
41853
41857
41862
41866
41871
41875
41880
41884
41889
41893
41898
41902
41907
41911
41916
41920
41925
41929
41934
41937
41943
41946
41952
41955
41961
41964
41970
41973
41979
41982
41988
41991
41997
42000
42006
42009
42014
42018
42023
42027
42032
42036
42041
42045
42050
42054
42059
42063
42068
42072
42077
42081
42086
42090
42095
42098
42104
42107
42113
42116
42122
42125
42131
42134
42140
42143
42149
42152
42158
42161
42167
42170
42176
42179
42184
42188
42193
42197
42202
42206
42213
42218
42225
42231
42238
42243
42250
42256
42263
42268
42275
42281
42288
42293
42300
42306
42313
42318
42325
42331
42338
42343
42350
42356
42363
42368
42375
42381
42388
42393
42400
42406
42413
42418
42425
42431
42438
42443
42450
42456
42463
42468
42475
42481
42488
42493
42500
42506
42513
42518
42525
42531
42538
42543
42550
42556
42563
42568
42575
42581
42588
42593
42600
42606
42613
42618
42625
42631
42638
42643
42650
42656
42663
42668
42675
42681
42688
42693
42701
42706
42713
42718
42726
42731
42738
42743
42751
42756
42763
42768
42776
42781
42788
42793
42801
42806
42813
42818
42826
42831
42838
42843
42851
42856
42863
42868
42876
42881
42888
42893
42901
42906
42913
42918
42926
42931
42938
42943
42951
42956
42963
42968
42976
42981
42988
42993
43001
43006
43013
43026
43037
43051
43062
43076
43087
43101
43112
43126
43137
43151
43162
43175
43187
43200
43212
43225
43237
43250
43262
43275
43287
43300
43312
43325
43336
43350
43361
43375
43386
43398
43408
43421
43431
43444
43454
43467
43477
43489
43500
43512
43523
43535
43546
43558
43569
43581
43591
43604
43614
43627
43637
43650
43660
43672
43683
43695
43706
43718
43729
43741
43752
43764
43774
43787
43797
43810
43820
43833
43843
43856
43866
43878
43889
43901
43912
43924
43935
43947
43957
43964
43969
43976
43981
43988
43994
44001
44006
44013
44018
44025
44031
44038
44043
44050
44055
44063
44068
44075
44080
44087
44092
44100
44105
44112
44117
44124
44130
44137
44142
44149
44154
44161
44167
44174
44179
44186
44191
44198
44204
44211
44216
44223
44228
44236
44241
44248
44253
44260
44265
44273
44278
44285
44290
44297
44303
44310
44315
44322
44327
44334
44340
44347
44352
44359
44364
44372
44377
44384
44389
44396
44401
44409
44414
44421
44426
44433
44437
44439
44444
44446
44451
44453
44458
44460
44465
44467
44472
44474
44478
44481
44485
44488
44492
44495
44499
44502
44506
44509
44513
44515
44520
44522
44527
44529
44534
44536
44541
44543
44548
44550
44555
44557
44561
44564
44568
44571
44575
44578
44582
44585
44589
44592
44596
44598
44603
44605
44610
44612
44617
44619
44624
44626
44631
44633
44637
44640
44644
44647
44651
44654
44658
44661
44665
44668
44672
44675
44679
44681
44686
44688
44693
44695
44700
44702
44707
44709
44714
44716
44720
44723
44727
44730
44734
44737
44741
44744
44748
44751
44755
44757
44762
44764
44769
44771
44776
44778
44783
44785
44790
44792
44797
44799
44803
44807
44810
44815
44817
44822
44825
44829
44832
44837
44839
44844
44847
44851
44854
44859
44862
44866
44869
44874
44876
44881
44884
44888
44891
44896
44898
44903
44906
44910
44913
44918
44921
44925
44928
44933
44935
44940
44943
44947
44950
44955
44957
44962
44965
44969
44972
44977
44980
44984
44987
44992
44994
44999
45002
45006
45009
45014
45016
45021
45024
45028
45031
45036
45039
45043
45046
45051
45053
45058
45061
45065
45068
45073
45075
45080
45083
45087
45090
45095
45098
45102
45105
45110
45112
45117
45120
45124
45127
45132
45134
45139
45142
45146
45149
45154
45157
45161
45164
45169
45171
45176
45179
45183
45186
45191
45193
45198
45201
45205
45208
45213
45216
45220
45223
45228
45230
45235
45238
45242
45245
45250
45252
45257
45260
45264
45267
45272
45275
45279
45282
45287
45289
45294
45297
45301
45304
45309
45311
45316
45319
45323
45326
45331
45334
45338
45341
45346
45348
45353
45356
45360
45363
45368
45370
45375
45378
45382
45385
45390
45393
45397
45400
45405
45407
45412
45415
45419
45422
45427
45429
45434
45437
45441
45444
45449
45452
45456
45459
45464
45466
45471
45474
45478
45481
45486
45488
45493
45496
45500
45503
45508
45511
45515
45518
45523
45525
45530
45533
45537
45540
45545
45547
45552
45555
45559
45562
45567
45570
45574
45577
45582
45584
45589
45592
45596
45599
45604
45606
45611
45614
45618
45621
45626
45629
45633
45636
45641
45643
45648
45651
45655
45658
45663
45665
45670
45673
45678
45680
45685
45688
45692
45695
45706
45715
45727
45736
45747
45757
45768
45778
45789
45798
45810
45819
45831
45840
45851
45861
45872
45882
45893
45902
45914
45923
45935
45944
45955
45965
45976
45986
45997
46006
46018
46027
46039
46048
46059
46069
46080
46090
46101
46110
46122
46131
46143
46152
46163
46173
46184
46194
46205
46214
46226
46235
46247
46256
46267
46277
46288
46298
46309
46318
46330
46339
46351
46360
46371
46381
46392
46401
46412
46421
46432
46441
46452
46461
46472
46481
46492
46501
46512
46521
46532
46541
46552
46561
46572
46581
46592
46601
46612
46621
46632
46641
46652
46661
46672
46681
46692
46701
46712
46721
46732
46741
46752
46761
46772
46781
46792
46801
46812
46821
46832
46841
46852
46861
46872
46881
46886
46890
46895
46899
46904
46908
46913
46917
46922
46926
46931
46935
46940
46944
46949
46953
46958
46962
46967
46971
46976
46980
46985
46989
46994
46998
47003
47007
47012
47016
47021
47025
47030
47034
47039
47043
47048
47052
47057
47061
47066
47070
47075
47079
47084
47088
47093
47097
47102
47106
47111
47115
47120
47124
47129
47133
47138
47142
47147
47151
47156
47160
47165
47169
47174
47178
47183
47187
47192
47196
47201
47205
47210
47214
47219
47223
47228
47232
47237
47241
47246
47250
47255
47259
47264
47268
47273
47277
47282
47286
47291
47295
47300
47304
47309
47313
47318
47322
47327
47331
47336
47340
47345
47349
47354
47358
47363
47367
47372
47376
47381
47385
47390
47394
47399
47403
47408
47412
47417
47421
47426
47430
47435
47439
47444
47448
47453
47457
47462
47466
47471
47475
47480
47484
47489
47493
47498
47502
47507
47511
47516
47520
47525
47529
47534
47538
47543
47547
47552
47556
47561
47565
47570
47574
47579
47583
47588
47592
47597
47601
47606
47610
47615
47619
47624
47628
47633
47637
47642
47646
47651
47655
47660
47664
47669
47673
47678
47682
47687
47691
47696
47700
47705
47709
47714
47718
47723
47727
47732
47736
47741
47745
47750
47754
47759
47763
47768
47772
47777
47781
47786
47790
47795
47799
47804
47808
47813
47817
47822
47826
47831
47835
47840
47845
47848
47854
47857
47863
47866
47871
47875
47880
47884
47889
47892
47898
47901
47907
47910
47916
47919
47924
47928
47933
47937
47942
47945
47951
47954
47960
47963
47969
47972
47977
47981
47986
47990
47995
47998
48004
48007
48013
48016
48022
48025
48030
48034
48039
48043
48048
48051
48057
48060
48066
48069
48075
48078
48083
48087
48092
48096
48101
48104
48110
48113
48119
48122
48128
48131
48136
48140
48145
48149
48154
48157
48163
48166
48172
48175
48181
48184
48189
48193
48198
48202
48207
48210
48216
48219
48225
48228
48234
48237
48242
48246
48251
48255
48260
48263
48269
48272
48278
48281
48287
48290
48295
48299
48304
48308
48313
48316
48322
48325
48331
48334
48340
48343
48348
48352
48357
48361
48366
48369
48375
48378
48384
48387
48393
48396
48401
48405
48410
48414
48419
48422
48428
48431
48437
48440
48446
48449
48454
48458
48463
48467
48472
48475
48481
48484
48491
48496
48504
48509
48517
48522
48530
48535
48543
48548
48556
48561
48569
48574
48582
48587
48595
48600
48608
48613
48621
48626
48634
48639
48647
48652
48660
48665
48673
48678
48686
48691
48699
48704
48712
48717
48725
48730
48738
48743
48751
48756
48764
48769
48777
48782
48790
48795
48803
48808
48816
48821
48829
48834
48842
48847
48855
48860
48868
48873
48881
48886
48894
48899
48907
48912
48920
48925
48933
48938
48946
48951
48959
48964
48972
48977
48985
48990
48998
49003
49011
49016
49024
49029
49037
49042
49050
49055
49063
49068
49076
49081
49089
49094
49102
49107
49115
49120
49128
49133
49141
49146
49154
49159
49167
49172
49180
49185
49193
49198
49206
49211
49219
49224
49232
49237
49245
49250
49258
49263
49271
49276
49284
49289
49297
49302
49310
49315
49323
49328
49336
49341
49349
49354
49362
49367
49375
49380
49388
49393
49401
49406
49414
49420
49425
49432
49436
49443
49448
49454
49459
49466
49470
49477
49482
49489
49493
49500
49505
49511
49516
49523
49527
49534
49539
49545
49550
49557
49562
49568
49573
49580
49584
49591
49596
49602
49607
49614
49618
49625
49630
49637
49641
49648
49653
49659
49664
49671
49675
49682
49687
49693
49698
49705
49710
49716
49721
49728
49732
49739
49744
49750
49755
49762
49766
49773
49778
49785
49789
49796
49801
49807
49812
49819
49823
49830
49835
49841
49846
49853
49858
49864
49869
49876
49880
49887
49892
49898
49903
49910
49914
49921
49926
49933
49937
49944
49949
49955
49960
49967
49971
49978
49983
49989
49994
50001
50006
50012
50017
50024
50028
50035
50040
50046
50051
50058
50062
50069
50074
50081
50085
50092
50097
50103
50108
50115
50119
50126
50131
50137
50142
50149
50154
50160
50165
50172
50176
50183
50188
50194
50199
50206
50210
50217
50222
50229
50233
50240
50245
50251
50256
50263
50267
50274
50279
50285
50292
50297
50304
50309
50316
50321
50328
50334
50341
50346
50353
50358
50365
50370
50378
50383
50390
50395
50402
50407
50414
50419
50427
50432
50439
50444
50451
50456
50463
50469
50476
50481
50488
50493
50500
50505
50512
50518
50525
50530
50537
50542
50549
50554
50562
50567
50574
50579
50586
50591
50598
50604
50611
50616
50623
50628
50635
50640
50647
50653
50660
50665
50672
50677
50684
50689
50697
50702
50709
50714
50721
50726
50733
50738
50746
50751
50758
50763
50770
50775
50782
50788
50795
50800
50807
50812
50819
50824
50832
50837
50844
50849
50856
50861
50868
50873
50881
50886
50893
50898
50905
50910
50917
50923
50930
50935
50942
50947
50954
50959
50966
50972
50979
50984
50991
50996
51003
51008
51016
51021
51028
51033
51040
51045
51052
51058
51065
51070
51077
51082
51089
51094
51101
51107
51114
51119
51126
51131
51138
51143
51151
51156
51163
51168
51175
51180
51187
51192
51200
51205
51212
51217
51224
51229
51236
51241
51244
51249
51252
51257
51260
51265
51268
51273
51276
51281
51284
51289
51293
51298
51301
51306
51309
51314
51317
51322
51325
51330
51333
51338
51341
51346
51350
51355
51358
51363
51366
51371
51374
51379
51382
51387
51390
51395
51398
51403
51407
51412
51415
51420
51423
51428
51431
51436
51439
51444
51447
51452
51455
51460
51464
51469
51472
51477
51480
51485
51488
51493
51496
51501
51504
51509
51512
51517
51521
51526
51529
51534
51537
51542
51545
51550
51553
51558
51561
51566
51569
51574
51578
51583
51586
51591
51594
51599
51602
51607
51610
51615
51618
51623
51626
51631
51635
51640
51643
51648
51651
51656
51659
51664
51667
51672
51675
51680
51683
51688
51692
51697
51700
51705
51708
51713
51716
51721
51724
51729
51732
51737
51740
51745
51749
51754
51757
51762
51765
51770
51773
51778
51781
51786
51789
51794
51797
51802
51806
51811
51814
51819
51822
51827
51830
51835
51838
51843
51846
51851
51854
51860
51863
51868
51871
51876
51879
51884
51887
51892
51895
51900
51903
51908
51911
51917
51920
51925
51928
51933
51936
51941
51944
51949
51952
51957
51960
51965
51968
51974
51977
51982
51985
51990
51993
51998
52001
52006
52009
52014
52017
52022
52025
52031
52034
52039
52042
52047
52050
52055
52058
52063
52066
52071
52074
52079
52082
52088
52091
52096
52099
52104
52107
52112
52115
52120
52123
52128
52131
52136
52139
52145
52148
52153
52156
52161
52164
52169
52172
52177
52180
52185
52188
52193
52196
52202
52205
52210
