7
12
20
25
32
38
45
50
58
63
70
76
83
88
96
101
108
114
121
126
134
139
146
152
159
164
172
177
184
190
197
202
210
215
222
228
235
240
248
253
260
266
273
278
286
291
298
304
311
316
324
329
336
342
349
354
362
367
374
380
387
392
400
405
412
418
425
430
438
443
450
456
463
468
476
481
488
494
501
506
514
519
526
532
539
544
552
557
564
570
577
582
590
595
602
608
615
620
628
633
640
646
653
658
666
671
676
679
685
688
694
697
703
706
712
715
721
724
730
733
739
742
748
751
757
760
766
769
774
778
783
787
792
796
801
805
810
814
819
823
828
832
837
841
846
850
855
859
864
868
873
876
882
885
891
894
900
903
909
912
918
921
927
930
936
939
945
948
954
957
963
966
971
975
980
984
989
993
998
1002
1007
1011
1016
1020
1025
1029
1034
1038
1043
1047
1052
1056
1061
1065
1070
1073
1079
1082
1088
1091
1097
1100
1106
1109
1115
1118
1124
1127
1133
1136
1142
1145
1151
1154
1160
1163
1169
1172
1177
1181
1186
1190
1195
1199
1204
1208
1213
1217
1222
1226
1231
1235
1240
1244
1249
1253
1258
1262
1267
1271
1275
1280
1284
1289
1295
1299
1305
1309
1315
1319
1325
1330
1336
1340
1346
1350
1356
1360
1366
1371
1377
1381
1387
1391
1397
1401
1408
1412
1418
1422
1428
1432
1438
1442
1449
1453
1459
1463
1469
1473
1479
1484
1490
1494
1500
1504
1510
1514
1520
1525
1531
1535
1541
1545
1551
1555
1562
1566
1572
1576
1582
1586
1592
1596
1603
1607
1613
1617
1623
1627
1633
1638
1644
1648
1654
1658
1664
1668
1674
1679
1685
1689
1695
1699
1705
1709
1716
1720
1726
1730
1736
1740
1746
1750
1757
1761
1767
1771
1777
1781
1787
1791
1798
1802
1808
1812
1818
1822
1828
1833
1839
1843
1849
1853
1859
1863
1869
1874
1880
1884
1890
1894
1900
1904
1911
1915
1921
1933
1943
1956
1966
1979
1989
2002
2012
2025
2035
2048
2058
2071
2081
2094
2104
2117
2127
2140
2150
2163
2173
2186
2196
2209
2219
2232
2242
2255
2265
2277
2288
2300
2311
2323
2334
2346
2357
2369
2380
2392
2403
2415
2426
2438
2449
2461
2472
2484
2495
2507
2518
2530
2541
2553
2564
2576
2581
2584
2590
2593
2598
2602
2607
2610
2616
2619
2624
2628
2633
2636
2642
2645
2651
2654
2659
2663
2668
2671
2677
2680
2685
2689
2694
2697
2703
2706
2711
2715
2720
2724
2729
2732
2738
2741
2746
2750
2755
2758
2764
2767
2772
2776
2781
2784
2790
2793
2799
2802
2807
2811
2816
2819
2825
2828
2833
2837
2842
2845
2851
2854
2860
2863
2868
2872
2877
2880
2886
2889
2894
2898
2903
2906
2912
2915
2920
2924
2929
2933
2938
2941
2947
2950
2955
2959
2964
2967
2973
2976
2981
2985
2990
2993
2999
3002
3008
3011
3016
3020
3025
3028
3034
3037
3042
3046
3051
3054
3060
3063
3069
3072
3077
3081
3086
3089
3095
3098
3103
3107
3112
3115
3121
3124
3129
3133
3138
3142
3147
3150
3156
3159
3164
3168
3173
3176
3182
3185
3190
3194
3199
3210
3220
3232
3242
3254
3264
3276
3286
3298
3308
3320
3330
3342
3352
3364
3374
3385
3395
3407
3417
3429
3439
3451
3461
3473
3483
3495
3505
3517
3527
3539
3549
3560
3570
3582
3592
3604
3614
3626
3636
3648
3658
3670
3680
3692
3702
3714
3724
3736
3745
3757
3767
3779
3789
3801
3811
3823
3833
3845
3855
3867
3877
3885
3896
3904
3914
3923
3933
3942
3951
3961
3970
3980
3988
3999
4007
4017
4026
4036
4045
4055
4063
4074
4082
4092
4101
4111
4120
4130
4138
4149
4157
4167
4176
4186
4195
4205
4213
4224
4232
4242
4251
4261
4270
4280
4288
4299
4307
4317
4326
4336
4345
4355
4363
4374
4382
4392
4401
4411
4420
4430
4438
4449
4457
4467
4476
4486
4495
4505
4513
4524
4532
4541
4549
4559
4567
4577
4584
4594
4602
4612
4620
4630
4637
4647
4655
4665
4673
4682
4690
4700
4708
4718
4726
4735
4743
4753
4761
4771
4779
4788
4796
4806
4814
4824
4832
4840
4850
4858
4868
4876
4885
4893
4903
4911
4921
4929
4938
4946
4956
4964
4974
4982
4990
5000
5008
5018
5026
5035
5043
5053
5061
5071
5079
5088
5096
5106
5114
5124
5132
5140
5150
5158
5168
5176
5181
5184
5190
5193
5199
5202
5207
5211
5216
5220
5225
5228
5234
5237
5243
5246
5251
5255
5260
5264
5269
5272
5278
5281
5287
5290
5295
5299
5304
5308
5313
5316
5322
5325
5331
5334
5339
5343
5348
5352
5357
5360
5366
5369
5375
5378
5383
5387
5392
5396
5401
5404
5410
5413
5419
5422
5427
5431
5436
5440
5445
5448
5454
5457
5463
5466
5471
5475
5480
5484
5489
5492
5498
5501
5507
5510
5515
5519
5524
5528
5533
5536
5542
5545
5551
5554
5559
5563
5568
5572
5577
5580
5586
5589
5595
5598
5603
5607
5612
5616
5621
5624
5630
5633
5639
5642
5647
5651
5656
5660
5665
5668
5674
5677
5683
5686
5691
5695
5700
5704
5709
5712
5718
5721
5727
5730
5735
5739
5744
5748
5753
5756
5762
5765
5771
5774
5779
5783
5788
5799
5809
5821
5831
5843
5853
5865
5875
5887
5897
5908
5918
5930
5940
5952
5962
5974
5984
5996
6006
6018
6028
6038
6050
6060
6072
6082
6094
6104
6116
6126
6138
6148
6158
6170
6180
6192
6202
6214
6224
6236
6246
6258
6268
6278
6290
6300
6312
6322
6334
6344
6356
6366
6378
6388
6398
6410
6420
6432
6442
6454
6464
6471
6477
6485
6491
6499
6505
6513
6519
6527
6533
6541
6547
6555
6561
6569
6575
6583
6589
6597
6603
6611
6617
6625
6631
6639
6645
6653
6659
6667
6673
6681
6687
6695
6701
6709
6715
6723
6729
6737
6743
6751
6757
6765
6771
6779
6785
6793
6799
6807
6813
6821
6827
6835
6841
6849
6855
6863
6869
6877
6883
6891
6897
6905
6911
6919
6925
6933
6939
6947
6953
6961
6967
6975
6981
6989
6995
7003
7009
7017
7023
7031
7037
7045
7051
7059
7065
7073
7079
7087
7093
7101
7107
7115
7121
7129
7136
7141
7148
7154
7161
7166
7173
7179
7186
7191
7198
7204
7211
7216
7223
7229
7236
7241
7249
7254
7261
7266
7274
7279
7286
7291
7299
7304
7311
7316
7324
7329
7336
7342
7349
7354
7361
7367
7374
7379
7386
7392
7399
7404
7411
7417
7424
7429
7437
7442
7449
7454
7462
7467
7474
7479
7487
7492
7499
7504
7512
7517
7524
7530
7537
7542
7549
7555
7562
7567
7574
7580
7587
7592
7599
7605
7612
7617
7625
7630
7637
7642
7650
7655
7662
7667
7675
7680
7687
7692
7700
7705
7712
7718
7725
7730
7737
7743
7750
7755
7762
7770
7776
7784
7790
7798
7804
7812
7818
7826
7832
7840
7846
7854
7860
7868
7874
7882
7888
7896
7903
7911
7917
7925
7931
7939
7945
7953
7959
7967
7973
7981
7987
7995
8001
8009
8015
8023
8029
8037
8044
8052
8058
8066
8072
8080
8086
8094
8100
8108
8114
8122
8128
8136
8142
8150
8156
8164
8170
8178
8185
8193
8199
8207
8213
8221
8227
8235
8241
8249
8255
8263
8269
8277
8283
8291
8297
8305
8311
8319
8326
8334
8340
8348
8354
8362
8368
8376
8382
8387
8391
8397
8401
8406
8410
8416
8420
8425
8429
8435
8439
8445
8448
8454
8458
8464
8467
8473
8477
8483
8487
8492
8496
8502
8506
8511
8515
8521
8525
8531
8534
8540
8544
8550
8553
8559
8563
8569
8573
8578
8582
8588
8592
8597
8601
8607
8611
8616
8620
8626
8630
8636
8639
8645
8649
8655
8658
8664
8668
8674
8678
8683
8687
8693
8697
8702
8706
8712
8716
8722
8725
8731
8735
8741
8744
8750
8754
8760
8764
8769
8773
8779
8783
8788
8792
8798
8802
8807
8811
8817
8821
8827
8830
8836
8840
8846
8849
8855
8859
8865
8869
8874
8878
8884
8888
8893
8897
8903
8907
8913
8916
8922
8926
8932
8935
8941
8945
8951
8955
8960
8964
8970
8974
8979
8983
8989
8994
8998
9004
9008
9014
9018
9024
9028
9033
9037
9043
9047
9053
9057
9063
9067
9073
9076
9082
9086
9092
9096
9102
9106
9112
9116
9121
9125
9131
9135
9141
9145
9151
9155
9161
9164
9170
9174
9180
9184
9190
9194
9200
9203
9209
9213
9219
9223
9229
9233
9239
9243
9248
9252
9258
9262
9268
9272
9278
9282
9288
9291
9297
9301
9307
9311
9317
9321
9327
9331
9336
9340
9346
9350
9356
9360
9366
9370
9375
9379
9385
9389
9395
9399
9405
9409
9415
9418
9424
9428
9434
9438
9444
9448
9454
9458
9463
9467
9473
9477
9483
9487
9493
9497
9503
9506
9512
9516
9522
9526
9532
9536
9542
9546
9551
9555
9561
9565
9571
9575
9581
9585
9590
9594
9600
9604
9610
9614
9620
9624
9635
9644
9655
9664
9675
9684
9695
9704
9715
9725
9736
9745
9756
9765
9776
9785
9796
9805
9816
9826
9837
9846
9857
9866
9877
9886
9897
9906
9917
9927
9938
9947
9958
9967
9978
9987
9998
10007
10018
10028
10039
10048
10059
10068
10079
10088
10099
10108
10119
10129
10140
10149
10160
10169
10180
10189
10200
10209
10220
10230
10241
10250
10261
10268
10273
10281
10286
10293
10299
10306
10311
10319
10324
10331
10337
10344
10349
10357
10362
10369
10375
10382
10387
10395
10400
10407
10413
10420
10425
10433
10438
10445
10451
10458
10463
10471
10476
10483
10489
10496
10501
10509
10514
10521
10527
10534
10539
10547
10552
10559
10565
10572
10577
10585
10590
10597
10603
10610
10615
10623
10628
10635
10641
10648
10653
10661
10666
10673
10679
10686
10691
10699
10704
10711
10717
10724
10729
10737
10742
10749
10755
10762
10767
10775
10780
10787
10793
10800
10805
10813
10818
10825
10831
10838
10843
10851
10856
10863
10869
10876
10881
10889
10894
10901
10907
10914
10919
10927
10932
10937
10940
10946
10949
10955
10958
10964
10967
10973
10976
10982
10985
10991
10994
11000
11003
11009
11012
11018
11021
11027
11030
11035
11039
11044
11048
11053
11057
11062
11066
11071
11075
11080
11084
11089
11093
11098
11102
11107
11111
11116
11120
11125
11129
11134
11137
11143
11146
11152
11155
11161
11164
11170
11173
11179
11182
11188
11191
11197
11200
11206
11209
11215
11218
11224
11227
11232
11236
11241
11245
11250
11254
11259
11263
11268
11272
11277
11281
11286
11290
11295
11299
11304
11308
11313
11317
11322
11326
11331
11334
11340
11343
11349
11352
11358
11361
11367
11370
11376
11379
11385
11388
11394
11397
11403
11406
11412
11415
11421
11424
11430
11433
11438
11442
11447
11451
11456
11460
11465
11469
11474
11478
11483
11487
11492
11496
11501
11505
11510
11514
11519
11523
11528
11532
11536
11541
11545
11550
11556
11560
11566
11570
11576
11580
11586
11591
11597
11601
11607
11611
11617
11621
11627
11632
11638
11642
11648
11652
11658
11662
11669
11673
11679
11683
11689
11693
11699
11703
11710
11714
11720
11724
11730
11734
11740
11745
11751
11755
11761
11765
11771
11775
11781
11786
11792
11796
11802
11806
11812
11816
11823
11827
11833
11837
11843
11847
11853
11857
11864
11868
11874
11878
11884
11888
11894
11899
11905
11909
11915
11919
11925
11929
11935
11940
11946
11950
11956
11960
11966
11970
11977
11981
11987
11991
11997
12001
12007
12011
12018
12022
12028
12032
12038
12042
12048
12052
12059
12063
12069
12073
12079
12083
12089
12094
12100
12104
12110
12114
12120
12124
12130
12135
12141
12145
12151
12155
12161
12165
12172
12176
12182
12194
12204
12217
12227
12240
12250
12263
12273
12286
12296
12309
12319
12332
12342
12355
12365
12378
12388
12401
12411
12424
12434
12447
12457
12470
12480
12493
12503
12516
12526
12538
12549
12561
12572
12584
12595
12607
12618
12630
12641
12653
12664
12676
12687
12699
12710
12722
12733
12745
12756
12768
12779
12791
12802
12814
12825
12837
12842
12845
12851
12854
12859
12863
12868
12871
12877
12880
12885
12889
12894
12897
12903
12906
12912
12915
12920
12924
12929
12932
12938
12941
12946
12950
12955
12958
12964
12967
12972
12976
12981
12985
12990
12993
12999
13002
13007
13011
13016
13019
13025
13028
13033
13037
13042
13045
13051
13054
13060
13063
13068
13072
13077
13080
13086
13089
13094
13098
13103
13106
13112
13115
13121
13124
13129
13133
13138
13141
13147
13150
13155
13159
13164
13167
13173
13176
13181
13185
13190
13194
13199
13202
13208
13211
13216
13220
13225
13228
13234
13237
13242
13246
13251
13254
13260
13263
13269
13272
13277
13281
13286
13289
13295
13298
13303
13307
13312
13315
13321
13324
13330
13333
13338
13342
13347
13350
13356
13359
13364
13368
13373
13376
13382
13385
13390
13394
13399
13403
13408
13411
13417
13420
13425
13429
13434
13437
13443
13446
13451
13455
13460
13471
13481
13493
13503
13515
13525
13537
13547
13559
13569
13581
13591
13603
13613
13625
13635
13646
13656
13668
13678
13690
13700
13712
13722
13734
13744
13756
13766
13778
13788
13800
13810
13821
13831
13843
13853
13865
13875
13887
13897
13909
13919
13931
13941
13953
13963
13975
13985
13997
14006
14018
14028
14040
14050
14062
14072
14084
14094
14106
14116
14128
14138
14146
14157
14165
14175
14184
14194
14203
14212
14222
14231
14241
14249
14260
14268
14278
14287
14297
14306
14316
14324
14335
14343
14353
14362
14372
14381
14391
14399
14410
14418
14428
14437
14447
14456
14466
14474
14485
14493
14503
14512
14522
14531
14541
14549
14560
14568
14578
14587
14597
14606
14616
14624
14635
14643
14653
14662
14672
14681
14691
14699
14710
14718
14728
14737
14747
14756
14766
14774
14785
14793
14802
14810
14820
14828
14838
14845
14855
14863
14873
14881
14891
14898
14908
14916
14926
14934
14943
14951
14961
14969
14979
14987
14996
15004
15014
15022
15032
15040
15049
15057
15067
15075
15085
15093
15101
15111
15119
15129
15137
15146
15154
15164
15172
15182
15190
15199
15207
15217
15225
15235
15243
15251
15261
15269
15279
15287
15296
15304
15314
15322
15332
15340
15349
15357
15367
15375
15385
15393
15401
15411
15419
15429
15437
15442
15445
15451
15454
15460
15463
15468
15472
15477
15481
15486
15489
15495
15498
15504
15507
15512
15516
15521
15525
15530
15533
15539
15542
15548
15551
15556
15560
15565
15569
15574
15577
15583
15586
15592
15595
15600
15604
15609
15613
15618
15621
15627
15630
15636
15639
15644
15648
15653
15657
15662
15665
15671
15674
15680
15683
15688
15692
15697
15701
15706
15709
15715
15718
15724
15727
15732
15736
15741
15745
15750
15753
15759
15762
15768
15771
15776
15780
15785
15789
15794
15797
15803
15806
15812
15815
15820
15824
15829
15833
15838
15841
15847
15850
15856
15859
15864
15868
15873
15877
15882
15885
15891
15894
15900
15903
15908
15912
15917
15921
15926
15929
15935
15938
15944
15947
15952
15956
15961
15965
15970
15973
15979
15982
15988
15991
15996
16000
16005
16009
16014
16017
16023
16026
16032
16035
16040
16044
16049
16060
16070
16082
16092
16104
16114
16126
16136
16148
16158
16169
16179
16191
16201
16213
16223
16235
16245
16257
16267
16279
16289
16299
16311
16321
16333
16343
16355
16365
16377
16387
16399
16409
16419
16431
16441
16453
16463
16475
16485
16497
16507
16519
16529
16539
16551
16561
16573
16583
16595
16605
16617
16627
16639
16649
16659
16671
16681
16693
16703
16715
16725
16732
16738
16746
16752
16760
16766
16774
16780
16788
16794
16802
16808
16816
16822
16830
16836
16844
16850
16858
16864
16872
16878
16886
16892
16900
16906
16914
16920
16928
16934
16942
16948
16956
16962
16970
16976
16984
16990
16998
17004
17012
17018
17026
17032
17040
17046
17054
17060
17068
17074
17082
17088
17096
17102
17110
17116
17124
17130
17138
17144
17152
17158
17166
17172
17180
17186
17194
17200
17208
17214
17222
17228
17236
17242
17250
17256
17264
17270
17278
17284
17292
17298
17306
17312
17320
17326
17334
17340
17348
17354
17362
17368
17376
17382
17390
17397
17402
17409
17415
17422
17427
17434
17440
17447
17452
17459
17465
17472
17477
17484
17490
17497
17502
17510
17515
17522
17527
17535
17540
17547
17552
17560
17565
17572
17577
17585
17590
17597
17603
17610
17615
17622
17628
17635
17640
17647
17653
17660
17665
17672
17678
17685
17690
17698
17703
17710
17715
17723
17728
17735
17740
17748
17753
17760
17765
17773
17778
17785
17791
17798
17803
17810
17816
17823
17828
17835
17841
17848
17853
17860
17866
17873
17878
17886
17891
17898
17903
17911
17916
17923
17928
17936
17941
17948
17953
17961
17966
17973
17979
17986
17991
17998
18004
18011
18016
18023
18031
18037
18045
18051
18059
18065
18073
18079
18087
18093
18101
18107
18115
18121
18129
18135
18143
18149
18157
18164
18172
18178
18186
18192
18200
18206
18214
18220
18228
18234
18242
18248
18256
18262
18270
18276
18284
18290
18298
18305
18313
18319
18327
18333
18341
18347
18355
18361
18369
18375
18383
18389
18397
18403
18411
18417
18425
18431
18439
18446
18454
18460
18468
18474
18482
18488
18496
18502
18510
18516
18524
18530
18538
18544
18552
18558
18566
18572
18580
18587
18595
18601
18609
18615
18623
18629
18637
18643
18648
18652
18658
18662
18667
18671
18677
18681
18686
18690
18696
18700
18706
18709
18715
18719
18725
18728
18734
18738
18744
18748
18753
18757
18763
18767
18772
18776
18782
18786
18792
18795
18801
18805
18811
18814
18820
18824
18830
18834
18839
18843
18849
18853
18858
18862
18868
18872
18877
18881
18887
18891
18897
18900
18906
18910
18916
18919
18925
18929
18935
18939
18944
18948
18954
18958
18963
18967
18973
18977
18983
18986
18992
18996
19002
19005
19011
19015
19021
19025
19030
19034
19040
19044
19049
19053
19059
19063
19068
19072
19078
19082
19088
19091
19097
19101
19107
19110
19116
19120
19126
19130
19135
19139
19145
19149
19154
19158
19164
19168
19174
19177
19183
19187
19193
19196
19202
19206
19212
19216
19221
19225
19231
19235
19240
19244
19250
19255
19259
19265
19269
19275
19279
19285
19289
19294
19298
19304
19308
19314
19318
19324
19328
19334
19337
19343
19347
19353
19357
19363
19367
19373
19377
19382
19386
19392
19396
19402
19406
19412
19416
19422
19425
19431
19435
19441
19445
19451
19455
19461
19464
19470
19474
19480
19484
19490
19494
19500
19504
19509
19513
19519
19523
19529
19533
19539
19543
19549
19552
19558
19562
19568
19572
19578
19582
19588
19592
19597
19601
19607
19611
19617
19621
19627
19631
19636
19640
19646
19650
19656
19660
19666
19670
19676
19679
19685
19689
19695
19699
19705
19709
19715
19719
19724
19728
19734
19738
19744
19748
19754
19758
19764
19767
19773
19777
19783
19787
19793
19797
19803
19807
19812
19816
19822
19826
19832
19836
19842
19846
19851
19855
19861
19865
19871
19875
19881
19885
19896
19905
19916
19925
19936
19945
19956
19965
19976
19986
19997
20006
20017
20026
20037
20046
20057
20066
20077
20087
20098
20107
20118
20127
20138
20147
20158
20167
20178
20188
20199
20208
20219
20228
20239
20248
20259
20268
20279
20289
20300
20309
20320
20329
20340
20349
20360
20369
20380
20390
20401
20410
20421
20430
20441
20450
20461
20470
20481
20491
20502
20511
20522
20529
20534
20542
20547
20554
20560
20567
20572
20580
20585
20592
20598
20605
20610
20618
20623
20630
20636
20643
20648
20656
20661
20668
20674
20681
20686
20694
20699
20706
20712
20719
20724
20732
20737
20744
20750
20757
20762
20770
20775
20782
20788
20795
20800
20808
20813
20820
20826
20833
20838
20846
20851
20858
20864
20871
20876
20884
20889
20896
20902
20909
20914
20922
20927
20934
20940
20947
20952
20960
20965
20972
20978
20985
20990
20998
21003
21010
21016
21023
21028
21036
21041
21048
21054
21061
21066
21074
21079
21086
21092
21099
21104
21112
21117
21124
21130
21137
21142
21150
21155
21162
21168
21175
21180
21188
21193
21198
21201
21207
21210
21216
21219
21225
21228
21234
21237
21243
21246
21252
21255
21261
21264
21270
21273
21279
21282
21288
21291
21296
21300
21305
21309
21314
21318
21323
21327
21332
21336
21341
21345
21350
21354
21359
21363
21368
21372
21377
21381
21386
21390
21395
21398
21404
21407
21413
21416
21422
21425
21431
21434
21440
21443
21449
21452
21458
21461
21467
21470
21476
21479
21485
21488
21493
21497
21502
21506
21511
21515
21520
21524
21529
21533
21538
21542
21547
21551
21556
21560
21565
21569
21574
21578
21583
21587
21592
21595
21601
21604
21610
21613
21619
21622
21628
21631
21637
21640
21646
21649
21655
21658
21664
21667
21673
21676
21682
21685
21691
21694
21699
21703
21708
21712
21717
21721
21726
21730
21735
21739
21744
21748
21753
21757
21762
21766
21771
21775
21780
21784
21789
21793
21797
21802
21806
21811
21817
21821
21827
21831
21837
21841
21847
21852
21858
21862
21868
21872
21878
21882
21888
21893
21899
21903
21909
21913
21919
21923
21930
21934
21940
21944
21950
21954
21960
21964
21971
21975
21981
21985
21991
21995
22001
22006
22012
22016
22022
22026
22032
22036
22042
22047
22053
22057
22063
22067
22073
22077
22084
22088
22094
22098
22104
22108
22114
22118
22125
22129
22135
22139
22145
22149
22155
22160
22166
22170
22176
22180
22186
22190
22196
22201
22207
22211
22217
22221
22227
22231
22238
22242
22248
22252
22258
22262
22268
22272
22279
22283
22289
22293
22299
22303
22309
22313
22320
22324
22330
22334
22340
22344
22350
22355
22361
22365
22371
22375
22381
22385
22391
22396
22402
22406
22412
22416
22422
22426
22433
22437
22443
22455
22465
22478
22488
22501
22511
22524
22534
22547
22557
22570
22580
22593
22603
22616
22626
22639
22649
22662
22672
22685
22695
22708
22718
22731
22741
22754
22764
22777
22787
22799
22810
22822
22833
22845
22856
22868
22879
22891
22902
22914
22925
22937
22948
22960
22971
22983
22994
23006
23017
23029
23040
23052
23063
23075
23086
23098
23103
23106
23112
23115
23120
23124
23129
23132
23138
23141
23146
23150
23155
23158
23164
23167
23173
23176
23181
23185
23190
23193
23199
23202
23207
23211
23216
23219
23225
23228
23233
23237
23242
23246
23251
23254
23260
23263
23268
23272
23277
23280
23286
23289
23294
23298
23303
23306
23312
23315
23321
23324
23329
23333
23338
23341
23347
23350
23355
23359
23364
23367
23373
23376
23382
23385
23390
23394
23399
23402
23408
23411
23416
23420
23425
23428
23434
23437
23442
23446
23451
23455
23460
23463
23469
23472
23477
23481
23486
23489
23495
23498
23503
23507
23512
23515
23521
23524
23530
23533
23538
23542
23547
23550
23556
23559
23564
23568
23573
23576
23582
23585
23591
23594
23599
23603
23608
23611
23617
23620
23625
23629
23634
23637
23643
23646
23651
23655
23660
23664
23669
23672
23678
23681
23686
23690
23695
23698
23704
23707
23712
23716
23721
23732
23742
23754
23764
23776
23786
23798
23808
23820
23830
23842
23852
23864
23874
23886
23896
23907
23917
23929
23939
23951
23961
23973
23983
23995
24005
24017
24027
24039
24049
24061
24071
24082
24092
24104
24114
24126
24136
24148
24158
24170
24180
24192
24202
24214
24224
24236
24246
24258
24267
24279
24289
24301
24311
24323
24333
24345
24355
24367
24377
24389
24399
24407
24418
24426
24436
24445
24455
24464
24473
24483
24492
24502
24510
24521
24529
24539
24548
24558
24567
24577
24585
24596
24604
24614
24623
24633
24642
24652
24660
24671
24679
24689
24698
24708
24717
24727
24735
24746
24754
24764
24773
24783
24792
24802
24810
24821
24829
24839
24848
24858
24867
24877
24885
24896
24904
24914
24923
24933
24942
24952
24960
24971
24979
24989
24998
25008
25017
25027
25035
25046
25054
25063
25071
25081
25089
25099
25106
25116
25124
25134
25142
25152
25159
25169
25177
25187
25195
25204
25212
25222
25230
25240
25248
25257
25265
25275
25283
25293
25301
25310
25318
25328
25336
25346
25354
25362
25372
25380
25390
25398
25407
25415
25425
25433
25443
25451
25460
25468
25478
25486
25496
25504
25512
25522
25530
25540
25548
25557
25565
25575
25583
25593
25601
25610
25618
25628
25636
25646
25654
25662
25672
25680
25690
25698
25703
25706
25712
25715
25721
25724
25729
25733
25738
25742
25747
25750
25756
25759
25765
25768
25773
25777
25782
25786
25791
25794
25800
25803
25809
25812
25817
25821
25826
25830
25835
25838
25844
25847
25853
25856
25861
25865
25870
25874
25879
25882
25888
25891
25897
25900
25905
25909
25914
25918
25923
25926
25932
25935
25941
25944
25949
25953
25958
25962
25967
25970
25976
25979
25985
25988
25993
25997
26002
26006
26011
26014
26020
26023
26029
26032
26037
26041
26046
26050
26055
26058
26064
26067
26073
26076
26081
26085
26090
26094
26099
26102
26108
26111
26117
26120
26125
26129
26134
26138
26143
26146
26152
26155
26161
26164
26169
26173
26178
26182
26187
26190
26196
26199
26205
26208
26213
26217
26222
26226
26231
26234
26240
26243
26249
26252
26257
26261
26266
26270
26275
26278
26284
26287
26293
26296
26301
26305
26310
26321
26331
26343
26353
26365
26375
26387
26397
26409
26419
26430
26440
26452
26462
26474
26484
26496
26506
26518
26528
26540
26550
26560
26572
26582
26594
26604
26616
26626
26638
26648
26660
26670
26680
26692
26702
26714
26724
26736
26746
26758
26768
26780
26790
26800
26812
26822
26834
26844
26856
26866
26878
26888
26900
26910
26920
26932
26942
26954
26964
26976
26986
26993
26999
27007
27013
27021
27027
27035
27041
27049
27055
27063
27069
27077
27083
27091
27097
27105
27111
27119
27125
27133
27139
27147
27153
27161
27167
27175
27181
27189
27195
27203
27209
27217
27223
27231
27237
27245
27251
27259
27265
27273
27279
27287
27293
27301
27307
27315
27321
27329
27335
27343
27349
27357
27363
27371
27377
27385
27391
27399
27405
27413
27419
27427
27433
27441
27447
27455
27461
27469
27475
27483
27489
27497
27503
27511
27517
27525
27531
27539
27545
27553
27559
27567
27573
27581
27587
27595
27601
27609
27615
27623
27629
27637
27643
27651
27658
27663
27670
27676
27683
27688
27695
27701
27708
27713
27720
27726
27733
27738
27745
27751
27758
27763
27771
27776
27783
27788
27796
27801
27808
27813
27821
27826
27833
27838
27846
27851
27858
27864
27871
27876
27883
27889
27896
27901
27908
27914
27921
27926
27933
27939
27946
27951
27959
27964
27971
27976
27984
27989
27996
28001
28009
28014
28021
28026
28034
28039
28046
28052
28059
28064
28071
28077
28084
28089
28096
28102
28109
28114
28121
28127
28134
28139
28147
28152
28159
28164
28172
28177
28184
28189
28197
28202
28209
28214
28222
28227
28234
28240
28247
28252
28259
28265
28272
28277
28284
28292
28298
28306
28312
28320
28326
28334
28340
28348
28354
28362
28368
28376
28382
28390
28396
28404
28410
28418
28425
28433
28439
28447
28453
28461
28467
28475
28481
28489
28495
28503
28509
28517
28523
28531
28537
28545
28551
28559
28566
28574
28580
28588
28594
28602
28608
28616
28622
28630
28636
28644
28650
28658
28664
28672
28678
28686
28692
28700
28707
28715
28721
28729
28735
28743
28749
28757
28763
28771
28777
28785
28791
28799
28805
28813
28819
28827
28833
28841
28848
28856
28862
28870
28876
28884
28890
28898
28904
28909
28913
28919
28923
28928
28932
28938
28942
28947
28951
28957
28961
28967
28970
28976
28980
28986
28989
28995
28999
29005
29009
29014
29018
29024
29028
29033
29037
29043
29047
29053
29056
29062
29066
29072
29075
29081
29085
29091
29095
29100
29104
29110
29114
29119
29123
29129
29133
29138
29142
29148
29152
29158
29161
29167
29171
29177
29180
29186
29190
29196
29200
29205
29209
29215
29219
29224
29228
29234
29238
29244
29247
29253
29257
29263
29266
29272
29276
29282
29286
29291
29295
29301
29305
29310
29314
29320
29324
29329
29333
29339
29343
29349
29352
29358
29362
29368
29371
29377
29381
29387
29391
29396
29400
29406
29410
29415
29419
29425
29429
29435
29438
29444
29448
29454
29457
29463
29467
29473
29477
29482
29486
29492
29496
29501
29505
29511
29516
29520
29526
29530
29536
29540
29546
29550
29555
29559
29565
29569
29575
29579
29585
29589
29595
29598
29604
29608
29614
29618
29624
29628
29634
29638
29643
29647
29653
29657
29663
29667
29673
29677
29683
29686
29692
29696
29702
29706
29712
29716
29722
29725
29731
29735
29741
29745
29751
29755
29761
29765
29770
29774
29780
29784
29790
29794
29800
29804
29810
29813
29819
29823
29829
29833
29839
29843
29849
29853
29858
29862
29868
29872
29878
29882
29888
29892
29897
29901
29907
29911
29917
29921
29927
29931
29937
29940
29946
29950
29956
29960
29966
29970
29976
29980
29985
29989
29995
29999
30005
30009
30015
30019
30025
30028
30034
30038
30044
30048
30054
30058
30064
30068
30073
30077
30083
30087
30093
30097
30103
30107
30112
30116
30122
30126
30132
30136
30142
30146
30157
30166
30177
30186
30197
30206
30217
30226
30237
30247
30258
30267
30278
30287
30298
30307
30318
30327
30338
30348
30359
30368
30379
30388
30399
30408
30419
30428
30439
30449
30460
30469
30480
30489
30500
30509
30520
30529
30540
30550
30561
30570
30581
30590
30601
30610
30621
30630
30641
30651
30662
30671
30682
30691
30702
30711
30722
30731
30742
30752
30763
30772
30783
30790
30795
30803
30808
30815
30821
30828
30833
30841
30846
30853
30859
30866
30871
30879
30884
30891
30897
30904
30909
30917
30922
30929
30935
30942
30947
30955
30960
30967
30973
30980
30985
30993
30998
31005
31011
31018
31023
31031
31036
31043
31049
31056
31061
31069
31074
31081
31087
31094
31099
31107
31112
31119
31125
31132
31137
31145
31150
31157
31163
31170
31175
31183
31188
31195
31201
31208
31213
31221
31226
31233
31239
31246
31251
31259
31264
31271
31277
31284
31289
31297
31302
31309
31315
31322
31327
31335
31340
31347
31353
31360
31365
31373
31378
31385
31391
31398
31403
31411
31416
31423
31429
31436
31441
31449
31454
31459
31462
31468
31471
31477
31480
31486
31489
31495
31498
31504
31507
31513
31516
31522
31525
31531
31534
31540
31543
31549
31552
31557
31561
31566
31570
31575
31579
31584
31588
31593
31597
31602
31606
31611
31615
31620
31624
31629
31633
31638
31642
31647
31651
31656
31659
31665
31668
31674
31677
31683
31686
31692
31695
31701
31704
31710
31713
31719
31722
31728
31731
31737
31740
31746
31749
31754
31758
31763
31767
31772
31776
31781
31785
31790
31794
31799
31803
31808
31812
31817
31821
31826
31830
31835
31839
31844
31848
31853
31856
31862
31865
31871
31874
31880
31883
31889
31892
31898
31901
31907
31910
31916
31919
31925
31928
31934
31937
31943
31946
31952
31955
31960
31964
31969
31973
31978
31982
31987
31991
31996
32000
32005
32009
32014
32018
32023
32027
32032
32036
32041
32045
32050
32054
32058
32063
32067
32072
32078
32082
32088
32092
32098
32102
32108
32113
32119
32123
32129
32133
32139
32143
32149
32154
32160
32164
32170
32174
32180
32184
32191
32195
32201
32205
32211
32215
32221
32225
32232
32236
32242
32246
32252
32256
32262
32267
32273
32277
32283
32287
32293
32297
32303
32308
32314
32318
32324
32328
32334
32338
32345
32349
32355
32359
32365
32369
32375
32379
32386
32390
32396
32400
32406
32410
32416
32421
32427
32431
32437
32441
32447
32451
32457
32462
32468
32472
32478
32482
32488
32492
32499
32503
32509
32513
32519
32523
32529
32533
32540
32544
32550
32554
32560
32564
32570
32574
32581
32585
32591
32595
32601
32605
32611
32616
32622
32626
32632
32636
32642
32646
32652
32657
32663
32667
32673
32677
32683
32687
32694
32698
32704
32716
32726
32739
32749
32762
32772
32785
32795
32808
32818
32831
32841
32854
32864
32877
32887
32900
32910
32923
32933
32946
32956
32969
32979
32992
33002
33015
33025
33038
33048
33060
33071
33083
33094
33106
33117
33129
33140
33152
33163
33175
33186
33198
33209
33221
33232
33244
33255
33267
33278
33290
33301
33313
33324
33336
33347
33359
33364
33367
33373
33376
33381
33385
33390
33393
33399
33402
33407
33411
33416
33419
33425
33428
33434
33437
33442
33446
33451
33454
33460
33463
33468
33472
33477
33480
33486
33489
33494
33498
33503
33507
33512
33515
33521
33524
33529
33533
33538
33541
33547
33550
33555
33559
33564
33567
33573
33576
33582
33585
33590
33594
33599
33602
33608
33611
33616
33620
33625
33628
33634
33637
33643
33646
33651
33655
33660
33663
33669
33672
33677
33681
33686
33689
33695
33698
33703
33707
33712
33716
33721
33724
33730
33733
33738
33742
33747
33750
33756
33759
33764
33768
33773
33776
33782
33785
33791
33794
33799
33803
33808
33811
33817
33820
33825
33829
33834
33837
33843
33846
33852
33855
33860
33864
33869
33872
33878
33881
33886
33890
33895
33898
33904
33907
33912
33916
33921
33925
33930
33933
33939
33942
33947
33951
33956
33959
33965
33968
33973
33977
33982
33993
34003
34015
34025
34037
34047
34059
34069
34081
34091
34103
34113
34125
34135
34147
34157
34168
34178
34190
34200
34212
34222
34234
34244
34256
34266
34278
34288
34300
34310
34322
34332
34343
34353
34365
34375
34387
34397
34409
34419
34431
34441
34453
34463
34475
34485
34497
34507
34519
34528
34540
34550
34562
34572
34584
34594
34606
34616
34628
34638
34650
34660
34668
34679
34687
34697
34706
34716
34725
34734
34744
34753
34763
34771
34782
34790
34800
34809
34819
34828
34838
34846
34857
34865
34875
34884
34894
34903
34913
34921
34932
34940
34950
34959
34969
34978
34988
34996
35007
35015
35025
35034
35044
35053
35063
35071
35082
35090
35100
35109
35119
35128
35138
35146
35157
35165
35175
35184
35194
35203
35213
35221
35232
35240
35250
35259
35269
35278
35288
35296
35307
35315
35324
35332
35342
35350
35360
35367
35377
35385
35395
35403
35413
35420
35430
35438
35448
35456
35465
35473
35483
35491
35501
35509
35518
35526
35536
35544
35554
35562
35571
35579
35589
35597
35607
35615
35623
35633
35641
35651
35659
35668
35676
35686
35694
35704
35712
35721
35729
35739
35747
35757
35765
35773
35783
35791
35801
35809
35818
35826
35836
35844
35854
35862
35871
35879
35889
35897
35907
35915
35923
35933
35941
35951
35959
35964
35967
35973
35976
35982
35985
35990
35994
35999
36003
36008
36011
36017
36020
36026
36029
36034
36038
36043
36047
36052
36055
36061
36064
36070
36073
36078
36082
36087
36091
36096
36099
36105
36108
36114
36117
36122
36126
36131
36135
36140
36143
36149
36152
36158
36161
36166
36170
36175
36179
36184
36187
36193
36196
36202
36205
36210
36214
36219
36223
36228
36231
36237
36240
36246
36249
36254
36258
36263
36267
36272
36275
36281
36284
36290
36293
36298
36302
36307
36311
36316
36319
36325
36328
36334
36337
36342
36346
36351
36355
36360
36363
36369
36372
36378
36381
36386
36390
36395
36399
36404
36407
36413
36416
36422
36425
36430
36434
36439
36443
36448
36451
36457
36460
36466
36469
36474
36478
36483
36487
36492
36495
36501
36504
36510
36513
36518
36522
36527
36531
36536
36539
36545
36548
36554
36557
36562
36566
36571
36582
36592
36604
36614
36626
36636
36648
36658
36670
36680
36691
36701
36713
36723
36735
36745
36757
36767
36779
36789
36801
36811
36821
36833
36843
36855
36865
36877
36887
36899
36909
36921
36931
36941
36953
36963
36975
36985
36997
37007
37019
37029
37041
37051
37061
37073
37083
37095
37105
37117
37127
37139
37149
37161
37171
37181
37193
37203
37215
37225
37237
37247
37254
37260
37268
37274
37282
37288
37296
37302
37310
37316
37324
37330
37338
37344
37352
37358
37366
37372
37380
37386
37394
37400
37408
37414
37422
37428
37436
37442
37450
37456
37464
37470
37478
37484
37492
37498
37506
37512
37520
37526
37534
37540
37548
37554
37562
37568
37576
37582
37590
37596
37604
37610
37618
37624
37632
37638
37646
37652
37660
37666
37674
37680
37688
37694
37702
37708
37716
37722
37730
37736
37744
37750
37758
37764
37772
37778
37786
37792
37800
37806
37814
37820
37828
37834
37842
37848
37856
37862
37870
37876
37884
37890
37898
37904
37912
37919
37924
37931
37937
37944
37949
37956
37962
37969
37974
37981
37987
37994
37999
38006
38012
38019
38024
38032
38037
38044
38049
38057
38062
38069
38074
38082
38087
38094
38099
38107
38112
38119
38125
38132
38137
38144
38150
38157
38162
38169
38175
38182
38187
38194
38200
38207
38212
38220
38225
38232
38237
38245
38250
38257
38262
38270
38275
38282
38287
38295
38300
38307
38313
38320
38325
38332
38338
38345
38350
38357
38363
38370
38375
38382
38388
38395
38400
38408
38413
38420
38425
38433
38438
38445
38450
38458
38463
38470
38475
38483
38488
38495
38501
38508
38513
38520
38526
38533
38538
38545
38553
38559
38567
38573
38581
38587
38595
38601
38609
38615
38623
38629
38637
38643
38651
38657
38665
38671
38679
38686
38694
38700
38708
38714
38722
38728
38736
38742
38750
38756
38764
38770
38778
38784
38792
38798
38806
38812
38820
38827
38835
38841
38849
38855
38863
38869
38877
38883
38891
38897
38905
38911
38919
38925
38933
38939
38947
38953
38961
38968
38976
38982
38990
38996
39004
39010
39018
39024
39032
39038
39046
39052
39060
39066
39074
39080
39088
39094
39102
39109
39117
39123
39131
39137
39145
39151
39159
39165
39170
39174
39180
39184
39189
39193
39199
39203
39208
39212
39218
39222
39228
39231
39237
39241
39247
39250
39256
39260
39266
39270
39275
39279
39285
39289
39294
39298
39304
39308
39314
39317
39323
39327
39333
39336
39342
39346
39352
39356
39361
39365
39371
39375
39380
39384
39390
39394
39399
39403
39409
39413
39419
39422
39428
39432
39438
39441
39447
39451
39457
39461
39466
39470
39476
39480
39485
39489
39495
39499
39505
39508
39514
39518
39524
39527
39533
39537
39543
39547
39552
39556
39562
39566
39571
39575
39581
39585
39590
39594
39600
39604
39610
39613
39619
39623
39629
39632
39638
39642
39648
39652
39657
39661
39667
39671
39676
39680
39686
39690
39696
39699
39705
39709
39715
39718
39724
39728
39734
39738
39743
39747
39753
39757
39762
39766
39772
39777
39781
39787
39791
39797
39801
39807
39811
39816
39820
39826
39830
39836
39840
39846
39850
39856
39859
39865
39869
39875
39879
39885
39889
39895
39899
39904
39908
39914
39918
39924
39928
39934
39938
39944
39947
39953
39957
39963
39967
39973
39977
39983
39986
39992
39996
40002
40006
40012
40016
40022
40026
40031
40035
40041
40045
40051
40055
40061
40065
40071
40074
40080
40084
40090
40094
40100
40104
40110
40114
40119
40123
40129
40133
40139
40143
40149
40153
40158
40162
40168
40172
40178
40182
40188
40192
40198
40201
40207
40211
40217
40221
40227
40231
40237
40241
40246
40250
40256
40260
40266
40270
40276
40280
40286
40289
40295
40299
40305
40309
40315
40319
40325
40329
40334
40338
40344
40348
40354
40358
40364
40368
40373
40377
40383
40387
40393
40397
40403
40407
40418
40427
40438
40447
40458
40467
40478
40487
40498
40508
40519
40528
40539
40548
40559
40568
40579
40588
40599
40609
40620
40629
40640
40649
40660
40669
40680
40689
40700
40710
40721
40730
40741
40750
40761
40770
40781
40790
40801
40811
40822
40831
40842
40851
40862
40871
40882
40891
40902
40912
40923
40932
40943
40952
40963
40972
40983
40992
41003
41013
41024
41033
41044
41051
41056
41064
41069
41076
41082
41089
41094
41102
41107
41114
41120
41127
41132
41140
41145
41152
41158
41165
41170
41178
41183
41190
41196
41203
41208
41216
41221
41228
41234
41241
41246
41254
41259
41266
41272
41279
41284
41292
41297
41304
41310
41317
41322
41330
41335
41342
41348
41355
41360
41368
41373
41380
41386
41393
41398
41406
41411
41418
41424
41431
41436
41444
41449
41456
41462
41469
41474
41482
41487
41494
41500
41507
41512
41520
41525
41532
41538
41545
41550
41558
41563
41570
41576
41583
41588
41596
41601
41608
41614
41621
41626
41634
41639
41646
41652
41659
41664
41672
41677
41684
41690
41697
41702
41710
41715
41720
41723
41729
41732
41738
41741
41747
41750
41756
41759
41765
41768
41774
41777
41783
41786
41792
41795
41801
41804
41810
41813
41818
41822
41827
41831
41836
41840
41845
41849
41854
41858
41863
41867
41872
41876
41881
41885
41890
41894
41899
41903
41908
41912
41917
41920
41926
41929
41935
41938
41944
41947
41953
41956
41962
41965
41971
41974
41980
41983
41989
41992
41998
42001
42007
42010
42015
42019
42024
42028
42033
42037
42042
42046
42051
42055
42060
42064
42069
42073
42078
42082
42087
42091
42096
42100
42105
42109
42114
42117
42123
42126
42132
42135
42141
42144
42150
42153
42159
42162
42168
42171
42177
42180
42186
42189
42195
42198
42204
42207
42213
42216
42221
42225
42230
42234
42239
42243
42248
42252
42257
42261
42266
42270
42275
42279
42284
42288
42293
42297
42302
42306
42311
42315
42319
42324
42328
42333
42339
42343
42349
42353
42359
42363
42369
42374
42380
42384
42390
42394
42400
42404
42410
42415
42421
42425
42431
42435
42441
42445
42452
42456
42462
42466
42472
42476
42482
42486
42493
42497
42503
42507
42513
42517
42523
42528
42534
42538
42544
42548
42554
42558
42564
42569
42575
42579
42585
42589
42595
42599
42606
42610
42616
42620
42626
42630
42636
42640
42647
42651
42657
42661
42667
42671
42677
42682
42688
42692
42698
42702
42708
42712
42718
42723
42729
42733
42739
42743
42749
42753
42760
42764
42770
42774
42780
42784
42790
42794
42801
42805
42811
42815
42821
42825
42831
42835
42842
42846
42852
42856
42862
42866
42872
42877
42883
42887
42893
42897
42903
42907
42913
42918
42924
42928
42934
42938
42944
42948
42955
42959
42965
42977
42987
43000
43010
43023
43033
43046
43056
43069
43079
43092
43102
43115
43125
43138
43148
43161
43171
43184
43194
43207
43217
43230
43240
43253
43263
43276
43286
43299
43309
43321
43332
43344
43355
43367
43378
43390
43401
43413
43424
43436
43447
43459
43470
43482
43493
43505
43516
43528
43539
43551
43562
43574
43585
43597
43608
43620
43625
43628
43634
43637
43642
43646
43651
43654
43660
43663
43668
43672
43677
43680
43686
43689
43695
43698
43703
43707
43712
43715
43721
43724
43729
43733
43738
43741
43747
43750
43755
43759
43764
43768
43773
43776
43782
43785
43790
43794
43799
43802
43808
43811
43816
43820
43825
43828
43834
43837
43843
43846
43851
43855
43860
43863
43869
43872
43877
43881
43886
43889
43895
43898
43904
43907
43912
43916
43921
43924
43930
43933
43938
43942
43947
43950
43956
43959
43964
43968
43973
43977
43982
43985
43991
43994
43999
44003
44008
44011
44017
44020
44025
44029
44034
44037
44043
44046
44052
44055
44060
44064
44069
44072
44078
44081
44086
44090
44095
44098
44104
44107
44113
44116
44121
44125
44130
44133
44139
44142
44147
44151
44156
44159
44165
44168
44173
44177
44182
44186
44191
44194
44200
44203
44208
44212
44217
44220
44226
44229
44234
44238
44243
44254
44264
44276
44286
44298
44308
44320
44330
44342
44352
44364
44374
44386
44396
44408
44418
44429
44439
44451
44461
44473
44483
44495
44505
44517
44527
44539
44549
44561
44571
44583
44593
44604
44614
44626
44636
44648
44658
44670
44680
44692
44702
44714
44724
44736
44746
44758
44768
44780
44789
44801
44811
44823
44833
44845
44855
44867
44877
44889
44899
44911
44921
44929
44940
44948
44958
44967
44977
44986
44995
45005
45014
45024
45032
45043
45051
45061
45070
45080
45089
45099
45107
45118
45126
45136
45145
45155
45164
45174
45182
45193
45201
45211
45220
45230
45239
45249
45257
45268
45276
45286
45295
45305
45314
45324
45332
45343
45351
45361
45370
45380
45389
45399
45407
45418
45426
45436
45445
45455
45464
45474
45482
45493
45501
45511
45520
45530
45539
45549
45557
45568
45576
45585
45593
45603
45611
45621
45628
45638
45646
45656
45664
45674
45681
45691
45699
45709
45717
45726
45734
45744
45752
45762
45770
45779
45787
45797
45805
45815
45823
45832
45840
45850
45858
45868
45876
45884
45894
45902
45912
45920
45929
45937
45947
45955
45965
45973
45982
45990
46000
46008
46018
46026
46034
46044
46052
46062
46070
46079
46087
46097
46105
46115
46123
46132
46140
46150
46158
46168
46176
46184
46194
46202
46212
46220
46225
46228
46234
46237
46243
46246
46251
46255
46260
46264
46269
46272
46278
46281
46287
46290
46295
46299
46304
46308
46313
46316
46322
46325
46331
46334
46339
46343
46348
46352
46357
46360
46366
46369
46375
46378
46383
46387
46392
46396
46401
46404
46410
46413
46419
46422
46427
46431
46436
46440
46445
46448
46454
46457
46463
46466
46471
46475
46480
46484
46489
46492
46498
46501
46507
46510
46515
46519
46524
46528
46533
46536
46542
46545
46551
46554
46559
46563
46568
46572
46577
46580
46586
46589
46595
46598
46603
46607
46612
46616
46621
46624
46630
46633
46639
46642
46647
46651
46656
46660
46665
46668
46674
46677
46683
46686
46691
46695
46700
46704
46709
46712
46718
46721
46727
46730
46735
46739
46744
46748
46753
46756
46762
46765
46771
46774
46779
46783
46788
46792
46797
46800
46806
46809
46815
46818
46823
46827
46832
46843
46853
46865
46875
46887
46897
46909
46919
46931
46941
46952
46962
46974
46984
46996
47006
47018
47028
47040
47050
47062
47072
47082
47094
47104
47116
47126
47138
47148
47160
47170
47182
47192
47202
47214
47224
47236
47246
47258
47268
47280
47290
47302
47312
47322
47334
47344
47356
47366
47378
47388
47400
47410
47422
47432
47442
47454
47464
47476
47486
47498
47508
47515
47521
47529
47535
47543
47549
47557
47563
47571
47577
47585
47591
47599
47605
47613
47619
47627
47633
47641
47647
47655
47661
47669
47675
47683
47689
47697
47703
47711
47717
47725
47731
47739
47745
47753
47759
47767
47773
47781
47787
47795
47801
47809
47815
47823
47829
47837
47843
47851
47857
47865
47871
47879
47885
47893
47899
47907
47913
47921
47927
47935
47941
47949
47955
47963
47969
47977
47983
47991
47997
48005
48011
48019
48025
48033
48039
48047
48053
48061
48067
48075
48081
48089
48095
48103
48109
48117
48123
48131
48137
48145
48151
48159
48165
48173
48180
48185
48192
48198
48205
48210
48217
48223
48230
48235
48242
48248
48255
48260
48267
48273
48280
48285
48293
48298
48305
48310
48318
48323
48330
48335
48343
48348
48355
48360
48368
48373
48380
48386
48393
48398
48405
48411
48418
48423
48430
48436
48443
48448
48455
48461
48468
48473
48481
48486
48493
48498
48506
48511
48518
48523
48531
48536
48543
48548
48556
48561
48568
48574
48581
48586
48593
48599
48606
48611
48618
48624
48631
48636
48643
48649
48656
48661
48669
48674
48681
48686
48694
48699
48706
48711
48719
48724
48731
48736
48744
48749
48756
48762
48769
48774
48781
48787
48794
48799
48806
48814
48820
48828
48834
48842
48848
48856
48862
48870
48876
48884
48890
48898
48904
48912
48918
48926
48932
48940
48947
48955
48961
48969
48975
48983
48989
48997
49003
49011
49017
49025
49031
49039
49045
49053
49059
49067
49073
49081
49088
49096
49102
49110
49116
49124
49130
49138
49144
49152
49158
49166
49172
49180
49186
49194
49200
49208
49214
49222
49229
49237
49243
49251
49257
49265
49271
49279
49285
49293
49299
49307
49313
49321
49327
49335
49341
49349
49355
49363
49370
49378
49384
49392
49398
49406
49412
49420
49426
49431
49435
49441
49445
49450
49454
49460
49464
49469
49473
49479
49483
49489
49492
49498
49502
49508
49511
49517
49521
49527
49531
49536
49540
49546
49550
49555
49559
49565
49569
49575
49578
49584
49588
49594
49597
49603
49607
49613
49617
49622
49626
49632
49636
49641
49645
49651
49655
49660
49664
49670
49674
49680
49683
49689
49693
49699
49702
49708
49712
49718
49722
49727
49731
49737
49741
49746
49750
49756
49760
49766
49769
49775
49779
49785
49788
49794
49798
49804
49808
49813
49817
49823
49827
49832
49836
49842
49846
49851
49855
49861
49865
49871
49874
49880
49884
49890
49893
49899
49903
49909
49913
49918
49922
49928
49932
49937
49941
49947
49951
49957
49960
49966
49970
49976
49979
49985
49989
49995
49999
50004
50008
50014
50018
50023
50027
50033
50038
50042
50048
50052
50058
50062
50068
50072
50077
50081
50087
50091
50097
50101
50107
50111
50117
50120
50126
50130
50136
50140
50146
50150
50156
50160
50165
50169
50175
50179
50185
50189
50195
50199
50205
50208
50214
50218
50224
50228
50234
50238
50244
50247
50253
50257
50263
50267
50273
50277
50283
50287
50292
50296
50302
50306
50312
50316
50322
50326
50332
50335
50341
50345
50351
50355
50361
50365
50371
50375
50380
50384
50390
50394
50400
50404
50410
50414
50419
50423
50429
50433
50439
50443
50449
50453
50459
50462
50468
50472
50478
50482
50488
50492
50498
50502
50507
50511
50517
50521
50527
50531
50537
50541
50547
50550
50556
50560
50566
50570
50576
50580
50586
50590
50595
50599
50605
50609
50615
50619
50625
50629
50634
50638
50644
50648
50654
50658
50664
50668
50679
50688
50699
50708
50719
50728
50739
50748
50759
50769
50780
50789
50800
50809
50820
50829
50840
50849
50860
50870
50881
50890
50901
50910
50921
50930
50941
50950
50961
50971
50982
50991
51002
51011
51022
51031
51042
51051
51062
51072
51083
51092
51103
51112
51123
51132
51143
51152
51163
51173
51184
51193
51204
51213
51224
51233
51244
51253
51264
51274
51285
51294
51305
