11
20
31
40
52
61
72
81
93
102
113
122
134
143
154
163
175
184
195
204
216
225
236
245
256
266
277
286
297
307
318
327
338
348
359
368
379
389
400
409
420
430
441
450
461
470
482
491
502
511
523
532
543
552
564
573
584
593
605
614
625
634
646
655
665
674
684
693
703
712
722
731
741
750
761
769
780
788
799
807
818
826
837
845
856
865
875
884
894
903
913
922
932
941
951
960
971
979
990
998
1009
1017
1028
1036
1047
1055
1066
1075
1085
1094
1104
1113
1123
1132
1142
1151
1161
1170
1181
1189
1200
1208
1219
1227
1238
1246
1257
1265
1276
1285
1295
1304
1314
1323
1333
1342
1352
1361
1371
1380
1391
1399
1410
1419
1427
1436
1444
1454
1461
1471
1479
1488
1496
1505
1513
1523
1530
1540
1548
1557
1565
1574
1582
1592
1599
1609
1617
1626
1634
1643
1651
1661
1668
1678
1686
1695
1703
1712
1720
1730
1737
1747
1755
1764
1772
1781
1789
1799
1806
1816
1824
1833
1841
1850
1858
1868
1875
1885
1893
1902
1912
1921
1932
1940
1951
1960
1971
1979
1990
1999
2010
2018
2029
2038
2049
2057
2068
2077
2088
2096
2107
2116
2127
2135
2146
2155
2166
2174
2185
2194
2205
2213
2224
2233
2244
2252
2263
2272
2283
2291
2302
2311
2322
2330
2341
2350
2361
2369
2380
2389
2400
2408
2419
2428
2439
2448
2455
2464
2472
2481
2488
2497
2505
2514
2521
2531
2538
2547
2554
2564
2571
2580
2587
2597
2604
2613
2621
2630
2637
2646
2654
2663
2670
2679
2687
2696
2703
2713
2720
2729
2736
2746
2753
2762
2770
2779
2786
2795
2803
2812
2819
2828
2836
2845
2852
2862
2869
2878
2885
2895
2902
2911
2919
2927
2936
2943
2953
2960
2969
2976
2986
2993
3002
3010
3019
3026
3035
3043
3052
3059
3068
3076
3085
3093
3103
3111
3121
3129
3139
3147
3156
3164
3174
3182
3192
3200
3210
3218
3227
3235
3245
3253
3263
3271
3281
3289
3298
3306
3316
3324
3334
3342
3352
3360
3369
3377
3387
3395
3405
3413
3423
3431
3440
3448
3458
3466
3476
3484
3494
3502
3511
3519
3529
3537
3547
3555
3565
3573
3582
3590
3600
3608
3618
3626
3636
3644
3653
3661
3671
3679
3689
3697
3707
3715
3724
3732
3742
3750
3760
3768
3778
3786
3795
3803
3813
3821
3831
3839
3849
3857
3866
3874
3884
3892
3902
3910
3920
3928
3937
3945
3955
3963
3973
3981
3990
3998
4008
4016
4026
4034
4043
4051
4061
4069
4079
4087
4096
4104
4114
4122
4132
4140
4149
4157
4167
4175
4185
4193
4202
4210
4220
4228
4238
4246
4255
4263
4273
4281
4291
4299
4308
4316
4326
4334
4344
4352
4361
4369
4379
4387
4397
4405
4415
4422
4432
4440
4450
4458
4468
4475
4485
4493
4503
4511
4521
4528
4538
4546
4556
4564
4574
4581
4591
4599
4609
4617
4627
4634
4644
4652
4662
4670
4680
4687
4697
4705
4715
4723
4733
4740
4750
4758
4768
4776
4786
4793
4803
4811
4820
4827
4836
4843
4852
4859
4868
4875
4884
4891
4900
4907
4916
4923
4932
4939
4948
4955
4964
4971
4980
4987
4996
5003
5012
5019
5028
5035
5044
5051
5060
5067
5076
5083
5092
5099
5108
5115
5124
5131
5140
5147
5156
5163
5172
5179
5189
5196
5205
5212
5221
5228
5237
5244
5253
5260
5269
5276
5285
5292
5301
5308
5317
5324
5333
5340
5349
5356
5365
5372
5381
5388
5397
5404
5413
5420
5429
5436
5445
5452
5461
5468
5477
5484
5493
5503
5511
5522
5530
5540
5549
5559
5568
5578
5586
5597
5605
5615
5624
5634
5643
5653
5661
5672
5680
5691
5699
5709
5718
5728
5736
5747
5755
5766
5774
5784
5793
5803
5811
5822
5830
5841
5849
5859
5868
5878
5887
5897
5905
5916
5924
5934
5943
5953
5962
5972
5980
5991
5999
6010
6018
6028
6037
6048
6057
6069
6078
6089
6099
6110
6120
6131
6140
6152
6161
6173
6182
6193
6203
6214
6224
6235
6244
6256
6265
6276
6286
6297
6307
6318
6327
6339
6348
6360
6369
6380
6390
6401
6411
6422
6431
6443
6452
6463
6473
6484
6494
6505
6514
6526
6535
6547
6556
6567
6577
6588
6598
6609
6618
6630
6639
6650
6660
6671
6681
6691
6699
6709
6717
6727
6735
6745
6753
6763
6771
6781
6789
6799
6807
6817
6825
6835
6843
6853
6861
6871
6879
6889
6897
6907
6915
6925
6933
6943
6951
6961
6969
6979
6987
6997
7005
7015
7023
7033
7041
7051
7059
7069
7077
7088
7096
7106
7114
7124
7132
7142
7150
7160
7168
7178
7186
7196
7204
7214
7222
7232
7240
7250
7258
7268
7276
7286
7294
7304
7312
7322
7330
7340
7348
7358
7366
7376
7387
7396
7407
7416
7427
7436
7447
7456
7467
7476
7487
7496
7507
7516
7527
7536
7547
7556
7567
7577
7588
7597
7608
7617
7628
7637
7648
7657
7668
7677
7688
7697
7708
7717
7728
7737
7748
7757
7768
7778
7789
7798
7809
7818
7829
7838
7849
7858
7869
7880
7889
7901
7910
7921
7931
7942
7951
7963
7972
7983
7993
8004
8013
8025
8034
8046
8055
8066
8076
8087
8096
8108
8117
8128
8138
8149
8158
8170
8179
8190
8200
8211
8221
8232
8241
8253
8262
8273
8283
8294
8303
8315
8324
8335
8345
8356
8365
8377
8386
8398
8407
8418
8428
8439
8448
8460
8469
8480
8490
8501
8510
8522
8531
8542
8552
8563
8573
8584
8593
8605
8614
8625
8635
8646
8655
8667
8676
8687
8697
8708
8718
8729
8738
8748
8756
8766
8774
8784
8792
8803
8811
8821
8829
8839
8847
8858
8866
8876
8884
8894
8902
8913
8921
8931
8939
8949
8957
8968
8976
8986
8994
9004
9012
9022
9031
9041
9049
9059
9067
9077
9086
9096
9104
9114
9122
9132
9141
9151
9159
9169
9177
9187
9196
9206
9214
9224
9232
9242
9250
9261
9269
9279
9287
9297
9305
9316
9324
9334
9342
9352
9360
9371
9379
9389
9397
9407
9415
9426
9434
9444
9452
9462
9470
9480
9489
9499
9508
9516
9525
9533
9542
9550
9560
9567
9577
9584
9594
9602
9611
9619
9628
9636
9646
9653
9663
9670
9680
9687
9697
9705
9714
9722
9731
9739
9749
9756
9766
9773
9783
9791
9800
9808
9817
9825
9835
9842
9852
9859
9869
9876
9886
9894
9903
9911
9920
9928
9938
9945
9955
9962
9972
9980
9989
9997
10006
10017
10026
10037
10046
10058
10067
10078
10087
10099
10108
10119
10128
10140
10149
10160
10169
10181
10190
10201
10210
10222
10231
10242
10251
10262
10272
10283
10292
10303
10313
10324
10333
10344
10354
10365
10374
10385
10395
10406
10415
10426
10436
10447
10456
10467
10476
10488
10497
10508
10517
10529
10538
10549
10558
10570
10579
10590
10599
10611
10620
10631
10640
10652
10661
10671
10680
10690
10699
10709
10718
10728
10737
10747
10756
10767
10775
10786
10794
10805
10813
10824
10832
10843
10851
10862
10871
10881
10890
10900
10909
10919
10928
10938
10947
10957
10966
10977
10985
10996
11004
11015
11023
11034
11042
11053
11061
11072
11081
11091
11100
11110
11119
11129
11138
11148
11157
11167
11176
11187
11195
11206
11214
11225
11233
11244
11252
11263
11271
11282
11291
11301
11310
11320
11329
11339
11348
11358
11367
11377
11386
11397
11405
11416
11425
11433
11442
11450
11460
11467
11477
11485
11494
11502
11511
11519
11529
11536
11546
11554
11563
11571
11580
11588
11598
11605
11615
11623
11632
11640
11649
11657
11667
11674
11684
11692
11701
11709
11718
11726
11736
11743
11753
11761
11770
11778
11787
11795
11805
11812
11822
11830
11839
11847
11856
11864
11874
11881
11891
11899
11908
11918
11927
11938
11946
11957
11966
11977
11985
11996
12005
12016
12024
12035
12044
12055
12063
12074
12083
12094
12102
12113
12122
12133
12141
12152
12161
12172
12180
12191
12200
12211
12219
12230
12239
12250
12258
12269
12278
12289
12297
12308
12317
12328
12336
12347
12356
12367
12375
12386
12395
12406
12414
12425
12434
12445
12454
12461
12470
12478
12487
12494
12503
12511
12520
12527
12537
12544
12553
12560
12570
12577
12586
12593
12603
12610
12619
12627
12636
12643
12652
12660
12669
12676
12685
12693
12702
12709
12719
12726
12735
12742
12752
12759
12768
12776
12785
12792
12801
12809
12818
12825
12834
12842
12851
12858
12868
12875
12884
12891
12901
12908
12917
12925
12933
12942
12949
12959
12966
12975
12982
12992
12999
13008
13016
13025
13032
13041
13049
13058
13065
13074
13082
13091
13099
13109
13117
13127
13135
13145
13153
13162
13170
13180
13188
13198
13206
13216
13224
13233
13241
13251
13259
13269
13277
13287
13295
13304
13312
13322
13330
13340
13348
13358
13366
13375
13383
13393
13401
13411
13419
13429
13437
13446
13454
13464
13472
13482
13490
13500
13508
13517
13525
13535
13543
13553
13561
13571
13579
13588
13596
13606
13614
13624
13632
13642
13650
13659
13667
13677
13685
13695
13703
13713
13721
13730
13738
13748
13756
13766
13774
13784
13792
13801
13809
13819
13827
13837
13845
13855
13863
13872
13880
13890
13898
13908
13916
13926
13934
13943
13951
13961
13969
13979
13987
13996
14004
14014
14022
14032
14040
14049
14057
14067
14075
14085
14093
14102
14110
14120
14128
14138
14146
14155
14163
14173
14181
14191
14199
14208
14216
14226
14234
14244
14252
14261
14269
14279
14287
14297
14305
14314
14322
14332
14340
14350
14358
14367
14375
14385
14393
14403
14411
14421
14428
14438
14446
14456
14464
14474
14481
14491
14499
14509
14517
14527
14534
14544
14552
14562
14570
14580
14587
14597
14605
14615
14623
14633
14640
14650
14658
14668
14676
14686
14693
14703
14711
14721
14729
14739
14746
14756
14764
14774
14782
14792
14799
14809
14817
14826
14833
14842
14849
14858
14865
14874
14881
14890
14897
14906
14913
14922
14929
14938
14945
14954
14961
14970
14977
14986
14993
15002
15009
15018
15025
15034
15041
15050
15057
15066
15073
15082
15089
15098
15105
15114
15121
15130
15137
15146
15153
15162
15169
15178
15185
15195
15202
15211
15218
15227
15234
15243
15250
15259
15266
15275
15282
15291
15298
15307
15314
15323
15330
15339
15346
15355
15362
15371
15378
15387
15394
15403
15410
15419
15426
15435
15442
15451
15458
15467
15474
15483
15490
15499
15509
15517
15528
15536
15546
15555
15565
15574
15584
15592
15603
15611
15621
15630
15640
15649
15659
15667
15678
15686
15697
15705
15715
15724
15734
15742
15753
15761
15772
15780
15790
15799
15809
15817
15828
15836
15847
15855
15865
15874
15884
15893
15903
15911
15922
15930
15940
15949
15959
15968
15978
15986
15997
16005
16016
16024
16034
16043
16054
16063
16075
16084
16095
16105
16116
16126
16137
16146
16158
16167
16179
16188
16199
16209
16220
16230
16241
16250
16262
16271
16282
16292
16303
16313
16324
16333
16345
16354
16366
16375
16386
16396
16407
16417
16428
16437
16449
16458
16469
16479
16490
16500
16511
16520
16532
16541
16553
16562
16573
16583
16594
16604
16615
16624
16636
16645
16656
16666
16677
16687
16697
16705
16715
16723
16733
16741
16751
16759
16769
16777
16787
16795
16805
16813
16823
16831
16841
16849
16859
16867
16877
16885
16895
16903
16913
16921
16931
16939
16949
16957
16967
16975
16985
16993
17003
17011
17021
17029
17039
17047
17057
17065
17075
17083
17094
17102
17112
17120
17130
17138
17148
17156
17166
17174
17184
17192
17202
17210
17220
17228
17238
17246
17256
17264
17274
17282
17292
17300
17310
17318
17328
17336
17346
17354
17364
17372
17382
17393
17402
17413
17422
17433
17442
17453
17462
17473
17482
17493
17502
17513
17522
17533
17542
17553
17562
17573
17583
17594
17603
17614
17623
17634
17643
17654
17663
17674
17683
17694
17703
17714
17723
17734
17743
17754
17763
17774
17784
17795
17804
17815
17824
17835
17844
17855
17864
17875
17886
17895
17907
17916
17927
17937
17948
17957
17969
17978
17989
17999
18010
18019
18031
18040
18052
18061
18072
18082
18093
18102
18114
18123
18134
18144
18155
18164
18176
18185
18196
18206
18217
18227
18238
18247
18259
18268
18279
18289
18300
18309
18321
18330
18341
18351
18362
18371
18383
18392
18404
18413
18424
18434
18445
18454
18466
18475
18486
18496
18507
18516
18528
18537
18548
18558
18569
18579
18590
18599
18611
18620
18631
18641
18652
18661
18673
18682
18693
18703
18714
18724
18735
18744
18754
18762
18772
18780
18790
18798
18809
18817
18827
18835
18845
18853
18864
18872
18882
18890
18900
18908
18919
18927
18937
18945
18955
18963
18974
18982
18992
19000
19010
19018
19028
19037
19047
19055
19065
19073
19083
19092
19102
19110
19120
19128
19138
19147
19157
19165
19175
19183
19193
19202
19212
19220
19230
19238
19248
19256
19267
19275
19285
19293
19303
19311
19322
19330
19340
19348
19358
19366
19377
19385
19395
19403
19413
19421
19432
19440
19450
19458
19468
19476
19486
19495
19505
19514
19522
19531
19539
19548
19556
19566
19573
19583
19590
19600
19608
19617
19625
19634
19642
19652
19659
19669
19676
19686
19693
19703
19711
19720
19728
19737
19745
19755
19762
19772
19779
19789
19797
19806
19814
19823
19831
19841
19848
19858
19865
19875
19882
19892
19900
19909
19917
19926
19934
19944
19951
19961
19968
19978
19986
19995
20003
20012
20023
20032
20043
20052
20064
20073
20084
20093
20105
20114
20125
20134
20146
20155
20166
20175
20187
20196
20207
20216
20228
20237
20248
20257
20268
20278
20289
20298
20309
20319
20330
20339
20350
20360
20371
20380
20391
20401
20412
20421
20432
20442
20453
20462
20473
20482
20494
20503
20514
20523
20535
20544
20555
20564
20576
20585
20596
20605
20617
20626
20637
20646
20658
20667
20677
20686
20696
20705
20715
20724
20734
20743
20753
20762
20773
20781
20792
20800
20811
20819
20830
20838
20849
20857
20868
20877
20887
20896
20906
20915
20925
20934
20944
20953
20963
20972
20983
20991
21002
21010
21021
21029
21040
21048
21059
21067
21078
21087
21097
21106
21116
21125
21135
21144
21154
21163
21173
21182
21193
21201
21212
21220
21231
21239
21250
21258
21269
21277
21288
21297
21307
21316
21326
21335
21345
21354
21364
21373
21383
21392
21403
21411
21422
21431
21439
21448
21456
21466
21473
21483
21491
21500
21508
21517
21525
21535
21542
21552
21560
21569
21577
21586
21594
21604
21611
21621
21629
21638
21646
21655
21663
21673
21680
21690
21698
21707
21715
21724
21732
21742
21749
21759
21767
21776
21784
21793
21801
21811
21818
21828
21836
21845
21853
21862
21870
21880
21887
21897
21905
21914
21924
21933
21944
21952
21963
21972
21983
21991
22002
22011
22022
22030
22041
22050
22061
22069
22080
22089
22100
22108
22119
22128
22139
22147
22158
22167
22178
22186
22197
22206
22217
22225
22236
22245
22256
22264
22275
22284
22295
22303
22314
22323
22334
22342
22353
22362
22373
22381
22392
22401
22412
22420
22431
22440
22451
22460
22467
22476
22484
22493
22500
22509
22517
22526
22533
22543
22550
22559
22566
22576
22583
22592
22599
22609
22616
22625
22633
22642
22649
22658
22666
22675
22682
22691
22699
22708
22715
22725
22732
22741
22748
22758
22765
22774
22782
22791
22798
22807
22815
22824
22831
22840
22848
22857
22864
22874
22881
22890
22897
22907
22914
22923
22931
22939
22948
22955
22965
22972
22981
22988
22998
23005
23014
23022
23031
23038
23047
23055
23064
23071
23080
23088
23097
23105
23115
23123
23133
23141
23151
23159
23168
23176
23186
23194
23204
23212
23222
23230
23239
23247
23257
23265
23275
23283
23293
23301
23310
23318
23328
23336
23346
23354
23364
23372
23381
23389
23399
23407
23417
23425
23435
23443
23452
23460
23470
23478
23488
23496
23506
23514
23523
23531
23541
23549
23559
23567
23577
23585
23594
23602
23612
23620
23630
23638
23648
23656
23665
23673
23683
23691
23701
23709
23719
23727
23736
23744
23754
23762
23772
23780
23790
23798
23807
23815
23825
23833
23843
23851
23861
23869
23878
23886
23896
23904
23914
23922
23932
23940
23949
23957
23967
23975
23985
23993
24002
24010
24020
24028
24038
24046
24055
24063
24073
24081
24091
24099
24108
24116
24126
24134
24144
24152
24161
24169
24179
24187
24197
24205
24214
24222
24232
24240
24250
24258
24267
24275
24285
24293
24303
24311
24320
24328
24338
24346
24356
24364
24373
24381
24391
24399
24409
24417
24427
24434
24444
24452
24462
24470
24480
24487
24497
24505
24515
24523
24533
24540
24550
24558
24568
24576
24586
24593
24603
24611
24621
24629
24639
24646
24656
24664
24674
24682
24692
24699
24709
24717
24727
24735
24745
24752
24762
24770
24780
24788
24798
24805
24815
24823
24832
24839
24848
24855
24864
24871
24880
24887
24896
24903
24912
24919
24928
24935
24944
24951
24960
24967
24976
24983
24992
24999
25008
25015
25024
25031
25040
25047
25056
25063
25072
25079
25088
25095
25104
25111
25120
25127
25136
25143
25152
25159
25168
25175
25184
25191
25201
25208
25217
25224
25233
25240
25249
25256
25265
25272
25281
25288
25297
25304
25313
25320
25329
25336
25345
25352
25361
25368
25377
25384
25393
25400
25409
25416
25425
25432
25441
25448
25457
25464
25473
25480
25489
25496
25505
25515
25523
25534
25542
25552
25561
25571
25580
25590
25598
25609
25617
25627
25636
25646
25655
25665
25673
25684
25692
25703
25711
25721
25730
25740
25748
25759
25767
25778
25786
25796
25805
25815
25823
25834
25842
25853
25861
25871
25880
25890
25899
25909
25917
25928
25936
25946
25955
25965
25974
25984
25992
26003
26011
26022
26030
26040
26049
26060
26069
26081
26090
26101
26111
26122
26132
26143
26152
26164
26173
26185
26194
26205
26215
26226
26236
26247
26256
26268
26277
26288
26298
26309
26319
26330
26339
26351
26360
26372
26381
26392
26402
26413
26423
26434
26443
26455
26464
26475
26485
26496
26506
26517
26526
26538
26547
26559
26568
26579
26589
26600
26610
26621
26630
26642
26651
26662
26672
26683
26693
26703
26711
26721
26729
26739
26747
26757
26765
26775
26783
26793
26801
26811
26819
26829
26837
26847
26855
26865
26873
26883
26891
26901
26909
26919
26927
26937
26945
26955
26963
26973
26981
26991
26999
27009
27017
27027
27035
27045
27053
27063
27071
27081
27089
27100
27108
27118
27126
27136
27144
27154
27162
27172
27180
27190
27198
27208
27216
27226
27234
27244
27252
27262
27270
27280
27288
27298
27306
27316
27324
27334
27342
27352
27360
27370
27378
27388
27399
27408
27419
27428
27439
27448
27459
27468
27479
27488
27499
27508
27519
27528
27539
27548
27559
27568
27579
27589
27600
27609
27620
27629
27640
27649
27660
27669
27680
27689
27700
27709
27720
27729
27740
27749
27760
27769
27780
27790
27801
27810
27821
27830
27841
27850
27861
27870
27881
27892
27901
27913
27922
27933
27943
27954
27963
27975
27984
27995
28005
28016
28025
28037
28046
28058
28067
28078
28088
28099
28108
28120
28129
28140
28150
28161
28170
28182
28191
28202
28212
28223
28233
28244
28253
28265
28274
28285
28295
28306
28315
28327
28336
28347
28357
28368
28377
28389
28398
28410
28419
28430
28440
28451
28460
28472
28481
28492
28502
28513
28522
28534
28543
28554
28564
28575
28585
28596
28605
28617
28626
28637
28647
28658
28667
28679
28688
28699
28709
28720
28730
28741
28750
28760
28768
28778
28786
28796
28804
28815
28823
28833
28841
28851
28859
28870
28878
28888
28896
28906
28914
28925
28933
28943
28951
28961
28969
28980
28988
28998
29006
29016
29024
29034
29043
29053
29061
29071
29079
29089
29098
29108
29116
29126
29134
29144
29153
29163
29171
29181
29189
29199
29208
29218
29226
29236
29244
29254
29262
29273
29281
29291
29299
29309
29317
29328
29336
29346
29354
29364
29372
29383
29391
29401
29409
29419
29427
29438
29446
29456
29464
29474
29482
29492
29501
29511
29520
29528
29537
29545
29554
29562
29572
29579
29589
29596
29606
29614
29623
29631
29640
29648
29658
29665
29675
29682
29692
29699
29709
29717
29726
29734
29743
29751
29761
29768
29778
29785
29795
29803
29812
29820
29829
29837
29847
29854
29864
29871
29881
29888
29898
29906
29915
29923
29932
29940
29950
29957
29967
29974
29984
29992
30001
30009
30018
30029
30038
30049
30058
30070
30079
30090
30099
30111
30120
30131
30140
30152
30161
30172
30181
30193
30202
30213
30222
30234
30243
30254
30263
30274
30284
30295
30304
30315
30325
30336
30345
30356
30366
30377
30386
30397
30407
30418
30427
30438
30448
30459
30468
30479
30488
30500
30509
30520
30529
30541
30550
30561
30570
30582
30591
30602
30611
30623
30632
30643
30652
30664
30673
30683
30692
30702
30711
30721
30730
30740
30749
30759
30768
30779
30787
30798
30806
30817
30825
30836
30844
30855
30863
30874
30883
30893
30902
30912
30921
30931
30940
30950
30959
30969
30978
30989
30997
31008
31016
31027
31035
31046
31054
31065
31073
31084
31093
31103
31112
31122
31131
31141
31150
31160
31169
31179
31188
31199
31207
31218
31226
31237
31245
31256
31264
31275
31283
31294
31303
31313
31322
31332
31341
31351
31360
31370
31379
31389
31398
31409
31417
31428
31437
31445
31454
31462
31472
31479
31489
31497
31506
31514
31523
31531
31541
31548
31558
31566
31575
31583
31592
31600
31610
31617
31627
31635
31644
31652
31661
31669
31679
31686
31696
31704
31713
31721
31730
31738
31748
31755
31765
31773
31782
31790
31799
31807
31817
31824
31834
31842
31851
31859
31868
31876
31886
31893
31903
31911
31920
31930
31939
31950
31958
31969
31978
31989
31997
32008
32017
32028
32036
32047
32056
32067
32075
32086
32095
32106
32114
32125
32134
32145
32153
32164
32173
32184
32192
32203
32212
32223
32231
32242
32251
32262
32270
32281
32290
32301
32309
32320
32329
32340
32348
32359
32368
32379
32387
32398
32407
32418
32426
32437
32446
32457
32466
32473
32482
32490
32499
32506
32515
32523
32532
32539
32549
32556
32565
32572
32582
32589
32598
32605
32615
32622
32631
32639
32648
32655
32664
32672
32681
32688
32697
32705
32714
32721
32731
32738
32747
32754
32764
32771
32780
32788
32797
32804
32813
32821
32830
32837
32846
32854
32863
32870
32880
32887
32896
32903
32913
32920
32929
32937
32945
32954
32961
32971
32978
32987
32994
33004
33011
33020
33028
33037
33044
33053
33061
33070
33077
33086
33094
33103
33111
33121
33129
33139
33147
33157
33165
33174
33182
33192
33200
33210
33218
33228
33236
33245
33253
33263
33271
33281
33289
33299
33307
33316
33324
33334
33342
33352
33360
33370
33378
33387
33395
33405
33413
33423
33431
33441
33449
33458
33466
33476
33484
33494
33502
33512
33520
33529
33537
33547
33555
33565
33573
33583
33591
33600
33608
33618
33626
33636
33644
33654
33662
33671
33679
33689
33697
33707
33715
33725
33733
33742
33750
33760
33768
33778
33786
33796
33804
33813
33821
33831
33839
33849
33857
33867
33875
33884
33892
33902
33910
33920
33928
33938
33946
33955
33963
33973
33981
33991
33999
34008
34016
34026
34034
34044
34052
34061
34069
34079
34087
34097
34105
34114
34122
34132
34140
34150
34158
34167
34175
34185
34193
34203
34211
34220
34228
34238
34246
34256
34264
34273
34281
34291
34299
34309
34317
34326
34334
34344
34352
34362
34370
34379
34387
34397
34405
34415
34423
34433
34440
34450
34458
34468
34476
34486
34493
34503
34511
34521
34529
34539
34546
34556
34564
34574
34582
34592
34599
34609
34617
34627
34635
34645
34652
34662
34670
34680
34688
34698
34705
34715
34723
34733
34741
34751
34758
34768
34776
34786
34794
34804
34811
34821
34829
34838
34845
34854
34861
34870
34877
34886
34893
34902
34909
34918
34925
34934
34941
34950
34957
34966
34973
34982
34989
34998
35005
35014
35021
35030
35037
35046
35053
35062
35069
35078
35085
35094
35101
35110
35117
35126
35133
35142
35149
35158
35165
35174
35181
35190
35197
35207
35214
35223
35230
35239
35246
35255
35262
35271
35278
35287
35294
35303
35310
35319
35326
35335
35342
35351
35358
35367
35374
35383
35390
35399
35406
35415
35422
35431
35438
35447
35454
35463
35470
35479
35486
35495
35502
35511
35521
35529
35540
35548
35558
35567
35577
35586
35596
35604
35615
35623
35633
35642
35652
35661
35671
35679
35690
35698
35709
35717
35727
35736
35746
35754
35765
35773
35784
35792
35802
35811
35821
35829
35840
35848
35859
35867
35877
35886
35896
35905
35915
35923
35934
35942
35952
35961
35971
35980
35990
35998
36009
36017
36028
36036
36046
36055
36066
36075
36087
36096
36107
36117
36128
36138
36149
36158
36170
36179
36191
36200
36211
36221
36232
36242
36253
36262
36274
36283
36294
36304
36315
36325
36336
36345
36357
36366
36378
36387
36398
36408
36419
36429
36440
36449
36461
36470
36481
36491
36502
36512
36523
36532
36544
36553
36565
36574
36585
36595
36606
36616
36627
36636
36648
36657
36668
36678
36689
36699
36709
36717
36727
36735
36745
36753
36763
36771
36781
36789
36799
36807
36817
36825
36835
36843
36853
36861
36871
36879
36889
36897
36907
36915
36925
36933
36943
36951
36961
36969
36979
36987
36997
37005
37015
37023
37033
37041
37051
37059
37069
37077
37087
37095
37106
37114
37124
37132
37142
37150
37160
37168
37178
37186
37196
37204
37214
37222
37232
37240
37250
37258
37268
37276
37286
37294
37304
37312
37322
37330
37340
37348
37358
37366
37376
37384
37394
37405
37414
37425
37434
37445
37454
37465
37474
37485
37494
37505
37514
37525
37534
37545
37554
37565
37574
37585
37595
37606
37615
37626
37635
37646
37655
37666
37675
37686
37695
37706
37715
37726
37735
37746
37755
37766
37775
37786
37796
37807
37816
37827
37836
37847
37856
37867
37876
37887
37898
37907
37919
37928
37939
37949
37960
37969
37981
37990
38001
38011
38022
38031
38043
38052
38064
38073
38084
38094
38105
38114
38126
38135
38146
38156
38167
38176
38188
38197
38208
38218
38229
38239
38250
38259
38271
38280
38291
38301
38312
38321
38333
38342
38353
38363
38374
38383
38395
38404
38416
38425
38436
38446
38457
38466
38478
38487
38498
38508
38519
38528
38540
38549
38560
38570
38581
38591
38602
38611
38623
38632
38643
38653
38664
38673
38685
38694
38705
38715
38726
38736
38747
38756
38766
38774
38784
38792
38802
38810
38821
38829
38839
38847
38857
38865
38876
38884
38894
38902
38912
38920
38931
38939
38949
38957
38967
38975
38986
38994
39004
39012
39022
39030
39040
39049
39059
39067
39077
39085
39095
39104
39114
39122
39132
39140
39150
39159
39169
39177
39187
39195
39205
39214
39224
39232
39242
39250
39260
39268
39279
39287
39297
39305
39315
39323
39334
39342
39352
39360
39370
39378
39389
39397
39407
39415
39425
39433
39444
39452
39462
39470
39480
39488
39498
39507
39517
39526
39534
39543
39551
39560
39568
39578
39585
39595
39602
39612
39620
39629
39637
39646
39654
39664
39671
39681
39688
39698
39705
39715
39723
39732
39740
39749
39757
39767
39774
39784
39791
39801
39809
39818
39826
39835
39843
39853
39860
39870
39877
39887
39894
39904
39912
39921
39929
39938
39946
39956
39963
39973
39980
39990
39998
40007
40015
40024
40035
40044
40055
40064
40076
40085
40096
40105
40117
40126
40137
40146
40158
40167
40178
40187
40199
40208
40219
40228
40240
40249
40260
40269
40280
40290
40301
40310
40321
40331
40342
40351
40362
40372
40383
40392
40403
40413
40424
40433
40444
40454
40465
40474
40485
40494
40506
40515
40526
40535
40547
40556
40567
40576
40588
40597
40608
40617
40629
40638
40649
40658
40670
40679
40689
40698
40708
40717
40727
40736
40746
40755
40765
40774
40785
40793
40804
40812
40823
40831
40842
40850
40861
40869
40880
40889
40899
40908
40918
40927
40937
40946
40956
40965
40975
40984
40995
41003
41014
41022
41033
41041
41052
41060
41071
41079
41090
41099
41109
41118
41128
41137
41147
41156
41166
41175
41185
41194
41205
41213
41224
41232
41243
41251
41262
41270
41281
41289
41300
41309
41319
41328
41338
41347
41357
41366
41376
41385
41395
41404
41415
41423
41434
41443
41451
41460
41468
41478
41485
41495
41503
41512
41520
41529
41537
41547
41554
41564
41572
41581
41589
41598
41606
41616
41623
41633
41641
41650
41658
41667
41675
41685
41692
41702
41710
41719
41727
41736
41744
41754
41761
41771
41779
41788
41796
41805
41813
41823
41830
41840
41848
41857
41865
41874
41882
41892
41899
41909
41917
41926
41936
41945
41956
41964
41975
41984
41995
42003
42014
42023
42034
42042
42053
42062
42073
42081
42092
42101
42112
42120
42131
42140
42151
42159
42170
42179
42190
42198
42209
42218
42229
42237
42248
42257
42268
42276
42287
42296
42307
42315
42326
42335
42346
42354
42365
42374
42385
42393
42404
42413
42424
42432
42443
42452
42463
42472
42479
42488
42496
42505
42512
42521
42529
42538
42545
42555
42562
42571
42578
42588
42595
42604
42611
42621
42628
42637
42645
42654
42661
42670
42678
42687
42694
42703
42711
42720
42727
42737
42744
42753
42760
42770
42777
42786
42794
42803
42810
42819
42827
42836
42843
42852
42860
42869
42876
42886
42893
42902
42909
42919
42926
42935
42943
42951
42960
42967
42977
42984
42993
43000
43010
43017
43026
43034
43043
43050
43059
43067
43076
43083
43092
43100
43109
43117
43127
43135
43145
43153
43163
43171
43180
43188
43198
43206
43216
43224
43234
43242
43251
43259
43269
43277
43287
43295
43305
43313
43322
43330
43340
43348
43358
43366
43376
43384
43393
43401
43411
43419
43429
43437
43447
43455
43464
43472
43482
43490
43500
43508
43518
43526
43535
43543
43553
43561
43571
43579
43589
43597
43606
43614
43624
43632
43642
43650
43660
43668
43677
43685
43695
43703
43713
43721
43731
43739
43748
43756
43766
43774
43784
43792
43802
43810
43819
43827
43837
43845
43855
43863
43873
43881
43890
43898
43908
43916
43926
43934
43944
43952
43961
43969
43979
43987
43997
44005
44014
44022
44032
44040
44050
44058
44067
44075
44085
44093
44103
44111
44120
44128
44138
44146
44156
44164
44173
44181
44191
44199
44209
44217
44226
44234
44244
44252
44262
44270
44279
44287
44297
44305
44315
44323
44332
44340
44350
44358
44368
44376
44385
44393
44403
44411
44421
44429
44439
44446
44456
44464
44474
44482
44492
44499
44509
44517
44527
44535
44545
44552
44562
44570
44580
44588
44598
44605
44615
44623
44633
44641
44651
44658
44668
44676
44686
44694
44704
44711
44721
44729
44739
44747
44757
44764
44774
44782
44792
44800
44810
44817
44827
44835
44844
44851
44860
44867
44876
44883
44892
44899
44908
44915
44924
44931
44940
44947
44956
44963
44972
44979
44988
44995
45004
45011
45020
45027
45036
45043
45052
45059
45068
45075
45084
45091
45100
45107
45116
45123
45132
45139
45148
45155
45164
45171
45180
45187
45196
45203
45213
45220
45229
45236
45245
45252
45261
45268
45277
45284
45293
45300
45309
45316
45325
45332
45341
45348
45357
45364
45373
45380
45389
45396
45405
45412
45421
45428
45437
45444
45453
45460
45469
45476
45485
45492
45501
45508
45517
45527
45535
45546
45554
45564
45573
45583
45592
45602
45610
45621
45629
45639
45648
45658
45667
45677
45685
45696
45704
45715
45723
45733
45742
45752
45760
45771
45779
45790
45798
45808
45817
45827
45835
45846
45854
45865
45873
45883
45892
45902
45911
45921
45929
45940
45948
45958
45967
45977
45986
45996
46004
46015
46023
46034
46042
46052
46061
46072
46081
46093
46102
46113
46123
46134
46144
46155
46164
46176
46185
46197
46206
46217
46227
46238
46248
46259
46268
46280
46289
46300
46310
46321
46331
46342
46351
46363
46372
46384
46393
46404
46414
46425
46435
46446
46455
46467
46476
46487
46497
46508
46518
46529
46538
46550
46559
46571
46580
46591
46601
46612
46622
46633
46642
46654
46663
46674
46684
46695
46705
46715
46723
46733
46741
46751
46759
46769
46777
46787
46795
46805
46813
46823
46831
46841
46849
46859
46867
46877
46885
46895
46903
46913
46921
46931
46939
46949
46957
46967
46975
46985
46993
47003
47011
47021
47029
47039
47047
47057
47065
47075
47083
47093
47101
47112
47120
47130
47138
47148
47156
47166
47174
47184
47192
47202
47210
47220
47228
47238
47246
47256
47264
47274
47282
47292
47300
47310
47318
47328
47336
47346
47354
47364
47372
47382
47390
47400
47411
47420
47431
47440
47451
47460
47471
47480
47491
47500
47511
47520
47531
47540
47551
47560
47571
47580
47591
47601
47612
47621
47632
47641
47652
47661
47672
47681
47692
47701
47712
47721
47732
47741
47752
47761
47772
47781
47792
47802
47813
47822
47833
47842
47853
47862
47873
47882
47893
47904
47913
47925
47934
47945
47955
47966
47975
47987
47996
48007
48017
48028
48037
48049
48058
48070
48079
48090
48100
48111
48120
48132
48141
48152
48162
48173
48182
48194
48203
48214
48224
48235
48245
48256
48265
48277
48286
48297
48307
48318
48327
48339
48348
48359
48369
48380
48389
48401
48410
48422
48431
48442
48452
48463
48472
48484
48493
48504
48514
48525
48534
48546
48555
48566
48576
48587
48597
48608
48617
48629
48638
48649
48659
48670
48679
48691
48700
48711
48721
48732
48742
48753
48762
48772
48780
48790
48798
48808
48816
48827
48835
48845
48853
48863
48871
48882
48890
48900
48908
48918
48926
48937
48945
48955
48963
48973
48981
48992
49000
49010
49018
49028
49036
49046
49055
49065
49073
49083
49091
49101
49110
49120
49128
49138
49146
49156
49165
49175
49183
49193
49201
49211
49220
49230
49238
49248
49256
49266
49274
49285
49293
49303
49311
49321
49329
49340
49348
49358
49366
49376
49384
49395
49403
49413
49421
49431
49439
49450
49458
49468
49476
49486
49494
49504
49513
49523
49532
49540
49549
49557
49566
49574
49584
49591
49601
49608
49618
49626
49635
49643
49652
49660
49670
49677
49687
49694
49704
49711
49721
49729
49738
49746
49755
49763
49773
49780
49790
49797
49807
49815
49824
49832
49841
49849
49859
49866
49876
49883
49893
49900
49910
49918
49927
49935
49944
49952
49962
49969
49979
49986
49996
50004
50013
50021
50030
