5
9
14
18
23
27
32
36
41
45
51
54
60
63
69
72
78
81
87
90
96
100
105
109
114
118
123
127
132
136
141
145
151
154
160
163
169
172
178
181
187
190
196
200
205
209
214
218
223
227
232
236
242
245
251
254
260
263
269
272
278
281
287
291
296
300
305
309
314
318
323
327
332
336
342
345
351
354
360
363
369
372
378
381
387
391
396
400
405
409
414
418
423
427
432
436
442
445
451
454
460
463
468
472
477
481
486
490
495
499
504
508
514
517
523
526
532
535
541
544
550
553
559
563
568
572
577
581
586
590
595
599
604
608
614
617
623
626
632
635
641
644
650
653
659
663
668
672
677
681
686
690
695
699
705
708
714
717
723
726
732
735
741
744
750
754
759
763
768
772
777
781
786
790
795
799
805
808
814
817
823
826
832
835
841
844
850
854
859
863
868
872
877
881
886
890
895
899
905
908
914
917
923
926
932
935
941
945
950
954
959
963
968
972
977
981
986
991
995
1000
1004
1009
1013
1018
1022
1027
1031
1037
1040
1046
1049
1055
1058
1064
1067
1073
1077
1082
1086
1091
1095
1100
1104
1109
1113
1119
1122
1128
1131
1137
1140
1146
1149
1155
1158
1164
1168
1173
1177
1182
1186
1191
1195
1200
1204
1210
1213
1219
1222
1228
1231
1237
1240
1246
1250
1255
1259
1264
1268
1273
1277
1282
1286
1292
1295
1301
1304
1310
1313
1319
1322
1328
1331
1337
1341
1346
1350
1355
1359
1364
1368
1373
1377
1383
1386
1392
1395
1401
1404
1410
1413
1419
1423
1428
1432
1437
1441
1446
1450
1455
1459
1464
1468
1473
1477
1482
1486
1491
1495
1500
1504
1509
1513
1519
1522
1528
1531
1537
1540
1546
1549
1555
1558
1564
1568
1573
1577
1582
1586
1591
1595
1600
1604
1610
1613
1619
1622
1628
1631
1637
1640
1646
1649
1655
1659
1664
1668
1673
1677
1682
1686
1691
1695
1700
1704
1710
1713
1719
1722
1728
1731
1737
1740
1746
1750
1755
1759
1764
1768
1773
1777
1782
1786
1791
1795
1801
1804
1810
1813
1819
1822
1828
1831
1837
1841
1846
1850
1855
1859
1864
1868
1873
1877
1882
1886
1892
1895
1901
1904
1910
1913
1919
1922
1928
1931
1937
1941
1946
1950
1955
1960
1964
1969
1973
1978
1982
1987
1991
1996
2000
2006
2009
2015
2018
2024
2027
2033
2036
2042
2046
2051
2055
2060
2064
2069
2073
2078
2082
2088
2091
2097
2100
2106
2109
2115
2118
2124
2127
2133
2137
2142
2146
2151
2155
2160
2164
2169
2173
2179
2182
2188
2191
2197
2200
2206
2209
2215
2219
2224
2228
2233
2237
2242
2246
2251
2255
2261
2264
2270
2273
2279
2282
2288
2291
2297
2300
2306
2310
2315
2319
2324
2328
2333
2337
2342
2346
2352
2355
2361
2364
2370
2373
2379
2382
2388
2392
2397
2401
2406
2410
2415
2419
2424
2428
2433
2437
2443
2446
2452
2455
2461
2464
2470
2473
2479
2484
2488
2493
2497
2502
2506
2511
2515
2520
2524
2529
2533
2539
2542
2548
2551
2557
2560
2566
2569
2575
2579
2583
2589
2592
2598
2601
2607
2610
2616
2619
2625
2629
2633
2639
2642
2648
2651
2657
2660
2666
2669
2675
2679
2683
2689
2692
2698
2701
2707
2710
2716
2719
2725
2729
2733
2739
2742
2748
2751
2757
2760
2766
2769
2775
2779
2783
2789
2792
2798
2801
2807
2810
2816
2819
2825
2829
2833
2839
2842
2848
2851
2857
2860
2866
2869
2875
2879
2883
2889
2892
2898
2901
2907
2910
2916
2919
2925
2929
2933
2939
2942
2948
2951
2957
2962
2966
2971
2975
2980
2984
2989
2993
2998
3002
3008
3011
3017
3020
3026
3029
3035
3038
3044
3047
3053
3057
3062
3066
3071
3075
3080
3084
3089
3093
3099
3102
3108
3111
3117
3120
3126
3129
3135
3138
3144
3148
3153
3157
3162
3166
3171
3175
3180
3184
3189
3193
3199
3202
3208
3211
3217
3220
3226
3229
3235
3239
3244
3248
3253
3257
3262
3266
3271
3275
3280
3284
3290
3293
3299
3302
3308
3311
3317
3320
3326
3330
3335
3339
3344
3348
3353
3357
3362
3366
3371
3375
3381
3384
3390
3393
3399
3402
3408
3411
3417
3420
3426
3430
3435
3439
3444
3448
3453
3457
3462
3466
3472
3475
3481
3484
3490
3493
3499
3504
3508
3513
3517
3522
3526
3531
3535
3541
3544
3550
3553
3559
3562
3568
3571
3577
3581
3586
3590
3595
3599
3604
3608
3613
3617
3623
3626
3632
3635
3641
3644
3650
3653
3659
3663
3668
3672
3677
3681
3686
3690
3695
3699
3705
3708
3714
3717
3723
3726
3732
3735
3741
3745
3750
3754
3759
3763
3768
3772
3777
3781
3787
3790
3796
3799
3805
3808
3814
3817
3823
3827
3832
3836
3841
3845
3850
3854
3859
3863
3869
3872
3878
3881
3887
3890
3896
3899
3905
3909
3914
3918
3923
3927
3932
3936
3941
3945
3951
3954
3960
3963
3969
3972
3978
3981
3987
3992
3996
4001
4005
4010
4014
4019
4023
4028
4032
4038
4041
4047
4050
4056
4059
4065
4068
4074
4078
4083
4087
4092
4096
4101
4105
4110
4114
4120
4123
4129
4132
4138
4141
4147
4150
4156
4160
4165
4169
4174
4178
4183
4187
4192
4196
4202
4205
4211
4214
4220
4223
4229
4232
4238
4242
4247
4251
4256
4260
4265
4269
4274
4278
4284
4287
4293
4296
4302
4305
4311
4314
4320
4324
4329
4333
4338
4342
4347
4351
4356
4360
4365
4369
4375
4378
4384
4387
4393
4396
4402
4405
4411
4415
4420
4424
4429
4433
4438
4442
4447
4451
4457
4460
4466
4469
4475
4478
4483
4487
4492
4496
4501
4505
4510
4514
4519
4523
4529
4532
4538
4541
4547
4550
4556
4559
4565
4569
4574
4578
4583
4587
4592
4596
4601
4605
4610
4614
4620
4623
4629
4632
4638
4641
4647
4650
4656
4660
4665
4669
4674
4678
4683
4687
4692
4696
4701
4705
4711
4714
4720
4723
4729
4732
4738
4741
4747
4751
4756
4760
4765
4769
4774
4778
4783
4787
4792
4796
4802
4805
4811
4814
4820
4823
4829
4832
4838
4842
4847
4851
4856
4860
4865
4869
4874
4878
4884
4887
4893
4896
4902
4905
4911
4914
4920
4923
4929
4933
4938
4942
4947
4951
4956
4960
4965
4969
4974
4978
4983
4987
4992
4996
5002
5005
5011
5014
5020
5023
5029
5032
5038
5042
5047
5051
5056
5060
5065
5069
5074
5078
5083
5087
5093
5096
5102
5105
5111
5114
5120
5123
5129
5133
5138
5142
5147
5151
5156
5160
5165
5169
5174
5178
5184
5187
5193
5196
5202
5205
5211
5214
5220
5224
5229
5233
5238
5242
5247
5251
5256
5260
5265
5269
5275
5278
5284
5287
5293
5296
5302
5305
5311
5315
5320
5324
5329
5333
5338
5342
5347
5351
5357
5360
5366
5369
5375
5378
5384
5387
5393
5396
5402
5406
5411
5415
5420
5424
5429
5433
5438
5442
5448
5451
5457
5460
5466
5469
5475
5478
5484
5487
5493
5497
5502
5506
5511
5515
5520
5524
5529
5533
5538
5542
5547
5551
5557
5560
5566
5569
5575
5578
5584
5587
5593
5596
5602
5606
5611
5615
5620
5624
5629
5633
5638
5642
5647
5651
5657
5660
5666
5669
5675
5678
5684
5687
5693
5696
5702
5706
5711
5715
5720
5724
5729
5733
5738
5742
5747
5751
5756
5760
5766
5769
5775
5778
5784
5787
5793
5796
5802
5805
5811
5815
5820
5824
5829
5833
5838
5842
5847
5851
5856
5860
5866
5869
5875
5878
5884
5887
5893
5896
5902
5905
5911
5915
5920
5924
5929
5933
5938
5942
5947
5951
5956
5960
5965
5969
5974
5978
5983
5987
5992
5996
6002
6005
6011
6014
6020
6023
6029
6032
6038
6042
6047
6051
6056
6060
6065
6069
6074
6078
6084
6087
6093
6096
6102
6105
6111
6114
6120
6124
6129
6133
6138
6142
6147
6151
6156
6160
6166
6169
6175
6178
6184
6187
6193
6196
6202
6206
6211
6215
6220
6224
6229
6233
6238
6242
6248
6251
6257
6260
6266
6269
6275
6278
6284
6288
6293
6297
6302
6306
6311
6315
6320
6324
6330
6333
6339
6342
6348
6351
6357
6360
6366
6370
6375
6379
6384
6388
6393
6397
6402
6406
6412
6415
6421
6424
6430
6433
6439
6442
6448
6452
6457
6461
6466
6470
6475
6479
6484
6488
6493
6497
6503
6506
6512
6515
6521
6524
6530
6533
6539
6543
6548
6552
6557
6561
6566
6570
6575
6579
6585
6588
6594
6597
6603
6606
6612
6615
6621
6625
6630
6634
6639
6643
6648
6652
6657
6661
6667
6670
6676
6679
6685
6688
6694
6697
6703
6707
6712
6716
6721
6725
6730
6734
6739
6743
6749
6752
6758
6761
6767
6770
6776
6779
6785
6789
6794
6798
6803
6807
6812
6816
6821
6825
6831
6834
6840
6843
6849
6852
6858
6861
6867
6871
6876
6880
6885
6889
6894
6898
6903
6907
6913
6916
6922
6925
6931
6934
6940
6943
6949
6953
6958
6962
6967
6971
6976
6980
6985
6989
6995
6998
7003
7007
7012
7016
7021
7025
7030
7034
7040
7043
7049
7052
7058
7061
7067
7070
7076
7080
7085
7089
7094
7098
7103
7107
7112
7116
7122
7125
7131
7134
7140
7143
7149
7152
7158
7162
7167
7171
7176
7180
7185
7189
7194
7198
7204
7207
7213
7216
7222
7225
7231
7234
7240
7244
7249
7253
7258
7262
7267
7271
7276
7280
7286
7289
7295
7298
7304
7307
7313
7316
7322
7326
7331
7335
7340
7344
7349
7353
7358
7362
7368
7371
7377
7380
7386
7389
7395
7398
7404
7408
7413
7417
7422
7426
7431
7435
7440
7444
7450
7453
7459
7462
7468
7471
7477
7482
7486
7491
7495
7500
7504
7509
7513
7518
7522
7528
7531
7537
7540
7546
7549
7555
7558
7564
7568
7573
7577
7582
7586
7591
7595
7600
7604
7609
7613
7619
7622
7628
7631
7637
7640
7646
7649
7655
7659
7664
7668
7673
7677
7682
7686
7691
7695
7700
7704
7710
7713
7719
7722
7728
7731
7737
7740
7746
7750
7755
7759
7764
7768
7773
7777
7782
7786
7791
7795
7801
7804
7810
7813
7819
7822
7828
7831
7837
7841
7846
7850
7855
7859
7864
7868
7873
7877
7883
7886
7892
7895
7901
7904
7910
7913
7919
7922
7928
7932
7937
7941
7946
7951
7955
7960
7964
7969
7973
7978
7982
7987
7991
7997
8000
8006
8009
8015
8018
8024
8027
8033
8037
8042
8046
8051
8055
8060
8064
8069
8073
8079
8082
8088
8091
8097
8100
8106
8109
8115
8118
8124
8128
8133
8137
8142
8146
8151
8155
8160
8164
8170
8173
8179
8182
8188
8191
8197
8200
8206
8210
8215
8219
8224
8228
8233
8237
8242
8246
8252
8255
8261
8264
8270
8273
8279
8282
8288
8291
8297
8301
8306
8310
8315
8319
8324
8328
8333
8337
8343
8346
8352
8355
8361
8364
8370
8373
8379
8383
8388
8392
8397
8401
8406
8410
8415
8419
8424
8428
8434
8437
8443
8446
8452
8455
8461
8464
8470
8474
8479
8483
8488
8492
8497
8502
8506
8511
8515
8520
8524
8529
8533
8538
8542
8547
8551
8557
8560
8566
8569
8575
8578
8584
8587
8593
8597
8601
8607
8610
8616
8619
8625
8628
8634
8637
8643
8647
8651
8657
8660
8666
8669
8675
8678
8684
8687
8693
8697
8701
8707
8710
8716
8719
8725
8728
8734
8737
8743
8747
8751
8757
8760
8766
8769
8775
8778
8784
8787
8793
8797
8801
8807
8810
8816
8819
8825
8828
8834
8837
8843
8847
8851
8857
8860
8866
8869
8875
8878
8884
8887
8893
8897
8901
8907
8910
8916
8919
8925
8928
8934
8937
8943
8947
8951
8957
8960
8966
8969
8975
8980
8984
8989
8993
8998
9002
9007
9011
9016
9020
9026
9029
9035
9038
9044
9047
9053
9056
9062
9066
9071
9075
9080
9084
9089
9093
9098
9102
9108
9111
9117
9120
9126
9129
9135
9138
9144
9148
9153
9157
9162
9166
9171
9175
9180
9184
9190
9193
9199
9202
9208
9211
9217
9220
9226
9230
9235
9239
9244
9248
9253
9257
9262
9266
9272
9275
9281
9284
9290
9293
9299
9302
9308
9312
9317
9321
9326
9330
9335
9339
9344
9348
9353
9357
9363
9366
9372
9375
9381
9384
9390
9393
9399
9403
9408
9412
9417
9421
9426
9430
9435
9439
9445
9450
9454
9459
9463
9468
9472
9477
9481
9487
9490
9496
9499
9505
9508
9514
9517
9523
9527
9532
9536
9541
9545
9550
9554
9559
9563
9569
9572
9578
9581
9587
9590
9596
9599
9605
9609
9614
9618
9623
9627
9632
9636
9641
9645
9651
9654
9660
9663
9669
9672
9678
9681
9687
9691
9696
9700
9705
9709
9714
9718
9723
9727
9733
9736
9742
9745
9751
9754
9760
9763
9769
9773
9778
9782
9787
9791
9796
9800
9805
9809
9815
9818
9824
9827
9833
9836
9842
9845
9851
9855
9860
9864
9869
9873
9878
9882
9887
9891
9897
9900
9906
9909
9915
9918
9924
9927
9933
9937
9942
9946
9951
9956
9960
9965
9969
9974
9978
9983
9987
9992
9996
10002
10005
10011
10014
10020
10023
10029
10032
10038
10042
10047
10051
10056
10060
10065
10069
10074
10078
10084
10087
10093
10096
10102
10105
10111
10114
10120
10124
10129
10133
10138
10142
10147
10151
10156
10160
10166
10169
10175
10178
10184
10187
10193
10196
10202
10206
10211
10215
10220
10224
10229
10233
10238
10242
10248
10251
10257
10260
10266
10269
10275
10278
10284
10288
10293
10297
10302
10306
10311
10315
10320
10324
10329
10333
10339
10342
10348
10351
10357
10360
10366
10369
10375
10379
10384
10388
10393
10397
10402
10406
10411
10415
10421
10424
10430
10433
10439
10442
10448
10451
10457
10461
10466
10470
10475
10479
10484
10488
10493
10497
10502
10506
10511
10515
10520
10524
10529
10533
10539
10542
10548
10551
10557
10560
10566
10569
10575
10578
10584
10588
10593
10597
10602
10606
10611
10615
10620
10624
10629
10633
10639
10642
10648
10651
10657
10660
10666
10669
10675
10678
10684
10688
10693
10697
10702
10706
10711
10715
10720
10724
10730
10733
10739
10742
10748
10751
10757
10760
10766
10769
10775
10779
10784
10788
10793
10797
10802
10806
10811
10815
10820
10824
10830
10833
10839
10842
10848
10851
10857
10860
10866
10869
10875
10879
10884
10888
10893
10897
10902
10906
10911
10915
10920
10924
10930
10933
10939
10942
10948
10951
10956
10960
10965
10969
10974
10978
10983
10987
10992
10996
11002
11005
11011
11014
11020
11023
11029
11032
11038
11041
11047
11051
11056
11060
11065
11069
11074
11078
11083
11087
11092
11096
11102
11105
11111
11114
11120
11123
11129
11132
11138
11141
11147
11151
11156
11160
11165
11169
11174
11178
11183
11187
11193
11196
11202
11205
11211
11214
11220
11223
11229
11232
11238
11242
11247
11251
11256
11260
11265
11269
11274
11278
11283
11287
11293
11296
11302
11305
11311
11314
11320
11323
11329
11332
11338
11342
11347
11351
11356
11360
11365
11369
11374
11378
11383
11387
11393
11396
11402
11405
11411
11414
11420
11423
11429
11433
11438
11442
11447
11451
11456
11460
11465
11469
11474
11479
11483
11488
11492
11497
11501
11506
11510
11515
11519
11525
11528
11534
11537
11543
11546
11552
11555
11561
11565
11570
11574
11579
11583
11588
11592
11597
11601
11607
11610
11616
11619
11625
11628
11634
11637
11643
11646
11652
11656
11661
11665
11670
11674
11679
11683
11688
11692
11698
11701
11707
11710
11716
11719
11725
11728
11734
11738
11743
11747
11752
11756
11761
11765
11770
11774
11780
11783
11789
11792
11798
11801
11807
11810
11816
11819
11825
11829
11834
11838
11843
11847
11852
11856
11861
11865
11871
11874
11880
11883
11889
11892
11898
11901
11907
11911
11916
11920
11925
11929
11934
11938
11943
11947
11952
11956
11961
11965
11970
11974
11979
11983
11988
11992
11997
12001
12007
12010
12016
12019
12025
12028
12034
12037
12043
12046
12052
12056
12061
12065
12070
12074
12079
12083
12088
12092
12098
12101
12107
12110
12116
12119
12125
12128
12134
12137
12143
12147
12152
12156
12161
12165
12170
12174
12179
12183
12188
12192
12198
12201
12207
12210
12216
12219
12225
12228
12234
12238
12243
12247
12252
12256
12261
12265
12270
12274
12279
12283
12289
12292
12298
12301
12307
12310
12316
12319
12325
12329
12334
12338
12343
12347
12352
12356
12361
12365
12370
12374
12380
12383
12389
12392
12398
12401
12407
12410
12416
12419
12425
12429
12434
12438
12443
12448
12452
12457
12461
12466
12470
12475
12479
12484
12488
12494
12497
12503
12506
12512
12515
12521
12524
12530
12534
12539
12543
12548
12552
12557
12561
12566
12570
12576
12579
12585
12588
12594
12597
12603
12606
12612
12615
12621
12625
12630
12634
12639
12643
12648
12652
12657
12661
12667
12670
12676
12679
12685
12688
12694
12697
12703
12707
12712
12716
12721
12725
12730
12734
12739
12743
12749
12752
12758
12761
12767
12770
12776
12779
12785
12788
12794
12798
12803
12807
12812
12816
12821
12825
12830
12834
12840
12843
12849
12852
12858
12861
12867
12870
12876
12880
12885
12889
12894
12898
12903
12907
12912
12916
12921
12925
12931
12934
12940
12943
12949
12952
12958
12961
12967
12972
12976
12981
12985
12990
12994
12999
13003
13008
13012
13017
13021
13027
13030
13036
13039
13045
13048
13054
13057
13063
13067
13071
13077
13080
13086
13089
13095
13098
13104
13107
13113
13117
13121
13127
13130
13136
13139
13145
13148
13154
13157
13163
13167
13171
13177
13180
13186
13189
13195
13198
13204
13207
13213
13217
13221
13227
13230
13236
13239
13245
13248
13254
13257
13263
13267
13271
13277
13280
13286
13289
13295
13298
13304
13307
13313
13317
13321
13327
13330
13336
13339
13345
13348
13354
13357
13363
13367
13371
13377
13380
13386
13389
13395
13398
13404
13407
13413
13417
13421
13427
13430
13436
13439
13445
13450
13454
13459
13463
13468
13472
13477
13481
13486
13490
13496
13499
13505
13508
13514
13517
13523
13526
13532
13535
13541
13545
13550
13554
13559
13563
13568
13572
13577
13581
13587
13590
13596
13599
13605
13608
13614
13617
13623
13626
13632
13636
13641
13645
13650
13654
13659
13663
13668
13672
13677
13681
13687
13690
13696
13699
13705
13708
13714
13717
13723
13727
13732
13736
13741
13745
13750
13754
13759
13763
13768
13772
13778
13781
13787
13790
13796
13799
13805
13808
13814
13818
13823
13827
13832
13836
13841
13845
13850
13854
13859
13863
13869
13872
13878
13881
13887
13890
13896
13899
13905
13908
13914
13918
13923
13927
13932
13936
13941
13945
13950
13954
13960
13963
13969
13972
13978
13981
13987
13992
13996
14001
14005
14010
14014
14019
14023
14029
14032
14038
14041
14047
14050
14056
14059
14065
14069
14074
14078
14083
14087
14092
14096
14101
14105
14111
14114
14120
14123
14129
14132
14138
14141
14147
14151
14156
14160
14165
14169
14174
14178
14183
14187
14193
14196
14202
14205
14211
14214
14220
14223
14229
14233
14238
14242
14247
14251
14256
14260
14265
14269
14275
14278
14284
14287
14293
14296
14302
14305
14311
14315
14320
14324
14329
14333
14338
14342
14347
14351
14357
14360
14366
14369
14375
14378
14384
14387
14393
14397
14402
14406
14411
14415
14420
14424
14429
14433
14439
14442
14448
14451
14457
14460
14466
14469
14475
14480
14484
14489
14493
14498
14502
14507
14511
14516
14520
14526
14529
14535
14538
14544
14547
14553
14556
14562
14566
14571
14575
14580
14584
14589
14593
14598
14602
14608
14611
14617
14620
14626
14629
14635
14638
14644
14648
14653
14657
14662
14666
14671
14675
14680
14684
14690
14693
14699
14702
14708
14711
14717
14720
14726
14730
14735
14739
14744
14748
14753
14757
14762
14766
14772
14775
14781
14784
14790
14793
14799
14802
14808
14812
14817
14821
14826
14830
14835
14839
14844
14848
14853
14857
14863
14866
14872
14875
14881
14884
14890
14893
14899
14903
14908
14912
14917
14921
14926
14930
14935
14939
14945
14948
14954
14957
14963
14966
14971
14975
14980
14984
14989
14993
14998
15002
15007
15011
15017
15020
15026
15029
15035
15038
15044
15047
15053
15057
15062
15066
15071
15075
15080
15084
15089
15093
15098
15102
15108
15111
15117
15120
15126
15129
15135
15138
15144
15148
15153
15157
15162
15166
15171
15175
15180
15184
15189
15193
15199
15202
15208
15211
15217
15220
15226
15229
15235
15239
15244
15248
15253
15257
15262
15266
15271
15275
15280
15284
15290
15293
15299
15302
15308
15311
15317
15320
15326
15330
15335
15339
15344
15348
15353
15357
15362
15366
15372
15375
15381
15384
15390
15393
15399
15402
15408
15411
15417
15421
15426
15430
15435
15439
15444
15448
15453
15457
15462
15466
15471
15475
15480
15484
15490
15493
15499
15502
15508
15511
15517
15520
15526
15530
15535
15539
15544
15548
15553
15557
15562
15566
15571
15575
15581
15584
15590
15593
15599
15602
15608
15611
15617
15621
15626
15630
15635
15639
15644
15648
15653
15657
15662
15666
15672
15675
15681
15684
15690
15693
15699
15702
15708
15712
15717
15721
15726
15730
15735
15739
15744
15748
15753
15757
15763
15766
15772
15775
15781
15784
15790
15793
15799
15803
15808
15812
15817
15821
15826
15830
15835
15839
15845
15848
15854
15857
15863
15866
15872
15875
15881
15884
15890
15894
15899
15903
15908
15912
15917
15921
15926
15930
15936
15939
15945
15948
15954
15957
15963
15966
15972
15975
15981
15985
15990
15994
15999
16003
16008
16012
16017
16021
16026
16030
16035
16039
16045
16048
16054
16057
16063
16066
16072
16075
16081
16084
16090
16094
16099
16103
16108
16112
16117
16121
16126
16130
16135
16139
16145
16148
16154
16157
16163
16166
16172
16175
16181
16184
16190
16194
16199
16203
16208
16212
16217
16221
16226
16230
16235
16239
16244
16248
16254
16257
16263
16266
16272
16275
16281
16284
16290
16293
16299
16303
16308
16312
16317
16321
16326
16330
16335
16339
16344
16348
16354
16357
16363
16366
16372
16375
16381
16384
16390
16393
16399
16403
16408
16412
16417
16421
16426
16430
16435
16439
16444
16448
16453
16457
16462
16466
16471
16475
16480
16484
16490
16493
16499
16502
16508
16511
16517
16520
16526
16530
16535
16539
16544
16548
16553
16557
16562
16566
16572
16575
16581
16584
16590
16593
16599
16602
16608
16612
16617
16621
16626
16630
16635
16639
16644
16648
16654
16657
16663
16666
16672
16675
16681
16684
16690
16694
16699
16703
16708
16712
16717
16721
16726
16730
16736
16739
16745
16748
16754
16757
16763
16766
16772
16776
16781
16785
16790
16794
16799
16803
16808
16812
16818
16821
16827
16830
16836
16839
16845
16848
16854
16858
16863
16867
16872
16876
16881
16885
16890
16894
16900
16903
16909
16912
16918
16921
16927
16930
16936
16940
16945
16949
16954
16958
16963
16967
16972
16976
16981
16985
16991
16994
17000
17003
17009
17012
17018
17021
17027
17031
17036
17040
17045
17049
17054
17058
17063
17067
17073
17076
17082
17085
17091
17094
17100
17103
17109
17113
17118
17122
17127
17131
17136
17140
17145
17149
17155
17158
17164
17167
17173
17176
17182
17185
17191
17195
17200
17204
17209
17213
17218
17222
17227
17231
17237
17240
17246
17249
17255
17258
17264
17267
17273
17277
17282
17286
17291
17295
17300
17304
17309
17313
17319
17322
17328
17331
17337
17340
17346
17349
17355
17359
17364
17368
17373
17377
17382
17386
17391
17395
17401
17404
17410
17413
17419
17422
17428
17431
17437
17441
17446
17450
17455
17459
17464
17468
17473
17477
17483
17486
17491
17495
17500
17504
17509
17513
17518
17522
17528
17531
17537
17540
17546
17549
17555
17558
17564
17568
17573
17577
17582
17586
17591
17595
17600
17604
17610
17613
17619
17622
17628
17631
17637
17640
17646
17650
17655
17659
17664
17668
17673
17677
17682
17686
17692
17695
17701
17704
17710
17713
17719
17722
17728
17732
17737
17741
17746
17750
17755
17759
17764
17768
17774
17777
17783
17786
17792
17795
17801
17804
17810
17814
17819
17823
17828
17832
17837
17841
17846
17850
17856
17859
17865
17868
17874
17877
17883
17886
17892
17896
17901
17905
17910
17914
17919
17923
17928
17932
17938
17941
17947
17950
17956
17959
17965
17970
17974
17979
17983
17988
17992
17997
18001
18006
18010
18016
18019
18025
18028
18034
18037
18043
18046
18052
18056
18061
18065
18070
18074
18079
18083
18088
18092
18097
18101
18107
18110
18116
18119
18125
18128
18134
18137
18143
18147
18152
18156
18161
18165
18170
18174
18179
18183
18188
18192
18198
18201
18207
18210
18216
18219
18225
18228
18234
18238
18243
18247
18252
18256
18261
18265
18270
18274
18279
18283
18289
18292
18298
18301
18307
18310
18316
18319
18325
18329
18334
18338
18343
18347
18352
18356
18361
18365
18371
18374
18380
18383
18389
18392
18398
18401
18407
18410
18416
18420
18425
18429
18434
18439
18443
18448
18452
18457
18461
18466
18470
18475
18479
18485
18488
18494
18497
18503
18506
18512
18515
18521
18525
18530
18534
18539
18543
18548
18552
18557
18561
18567
18570
18576
18579
18585
18588
18594
18597
18603
18606
18612
18616
18621
18625
18630
18634
18639
18643
18648
18652
18658
18661
18667
18670
18676
18679
18685
18688
18694
18698
18703
18707
18712
18716
18721
18725
18730
18734
18740
18743
18749
18752
18758
18761
18767
18770
18776
18779
18785
18789
18794
18798
18803
18807
18812
18816
18821
18825
18831
18834
18840
18843
18849
18852
18858
18861
18867
18871
18876
18880
18885
18889
18894
18898
18903
18907
18912
18916
18922
18925
18931
18934
18940
18943
18949
18952
18958
18962
18967
18971
18976
18980
18985
18990
18994
18999
19003
19008
19012
19017
19021
19026
19030
19035
19039
19045
19048
19054
19057
19063
19066
19072
19075
19081
19085
19089
19095
19098
19104
19107
19113
19116
19122
19125
19131
19135
19139
19145
19148
19154
19157
19163
19166
19172
19175
19181
19185
19189
19195
19198
19204
19207
19213
19216
19222
19225
19231
19235
19239
19245
19248
19254
19257
19263
19266
19272
19275
19281
19285
19289
19295
19298
19304
19307
19313
19316
19322
19325
19331
19335
19339
19345
19348
19354
19357
19363
19366
19372
19375
19381
19385
19389
19395
19398
19404
19407
19413
19416
19422
19425
19431
19435
19439
19445
19448
19454
19457
19463
19468
19472
19477
19481
19486
19490
19495
19499
19504
19508
19514
19517
19523
19526
19532
19535
19541
19544
19550
19554
19559
19563
19568
19572
19577
19581
19586
19590
19596
19599
19605
19608
19614
19617
19623
19626
19632
19636
19641
19645
19650
19654
19659
19663
19668
19672
19678
19681
19687
19690
19696
19699
19705
19708
19714
19718
19723
19727
19732
19736
19741
19745
19750
19754
19760
19763
19769
19772
19778
19781
19787
19790
19796
19800
19805
19809
19814
19818
19823
19827
19832
19836
19841
19845
19851
19854
19860
19863
19869
19872
19878
19881
19887
19891
19896
19900
19905
19909
19914
19918
19923
19927
19933
19938
19942
19947
19951
19956
19960
19965
19969
19975
19978
19984
19987
19993
19996
20002
20005
20011
20015
20020
20024
20029
20033
20038
20042
20047
20051
20057
20060
20066
20069
20075
20078
20084
20087
20093
20097
20102
20106
20111
20115
20120
20124
20129
20133
20139
20142
20148
20151
20157
20160
20166
20169
20175
20179
20184
20188
20193
20197
20202
20206
20211
20215
20221
20224
20230
20233
20239
20242
20248
20251
20257
20261
20266
20270
20275
20279
20284
20288
20293
20297
20303
20306
20312
20315
20321
20324
20330
20333
20339
20343
20348
20352
20357
20361
20366
20370
20375
20379
20385
20388
20394
20397
20403
20406
20412
20415
20421
20425
20430
20434
20439
20444
20448
20453
20457
20462
20466
20471
20475
20480
20484
20490
20493
20499
20502
20508
20511
20517
20520
20526
20530
20535
20539
20544
20548
20553
20557
20562
20566
20572
20575
20581
20584
20590
20593
20599
20602
20608
20612
20617
20621
20626
20630
20635
20639
20644
20648
20654
20657
20663
20666
20672
20675
20681
20684
20690
20694
20699
20703
20708
20712
20717
20721
20726
20730
20736
20739
20745
20748
20754
20757
20763
20766
20772
20776
20781
20785
20790
20794
20799
20803
20808
20812
20817
20821
20827
20830
20836
20839
20845
20848
20854
20857
20863
20867
20872
20876
20881
20885
20890
20894
20899
20903
20909
20912
20918
20921
20927
20930
20936
20939
20945
20949
20954
20958
20963
20967
20972
20976
20981
20985
20990
20994
20999
21003
21008
21012
21017
21021
21027
21030
21036
21039
21045
21048
21054
21057
21063
21066
21072
21076
21081
21085
21090
21094
21099
21103
21108
21112
21117
21121
21127
21130
21136
21139
21145
21148
21154
21157
21163
21166
21172
21176
21181
21185
21190
21194
21199
21203
21208
21212
21218
21221
21227
21230
21236
21239
21245
21248
21254
21257
21263
21267
21272
21276
21281
21285
21290
21294
21299
21303
21308
21312
21318
21321
21327
21330
21336
21339
21345
21348
21354
21357
21363
21367
21372
21376
21381
21385
21390
21394
21399
21403
21408
21412
21418
21421
21427
21430
21436
21439
21444
21448
21453
21457
21462
21466
21471
21475
21480
21484
21490
21493
21499
21502
21508
21511
21517
21520
21526
21529
21535
21539
21544
21548
21553
21557
21562
21566
21571
21575
21580
21584
21590
21593
21599
21602
21608
21611
21617
21620
21626
21629
21635
21639
21644
21648
21653
21657
21662
21666
21671
21675
21681
21684
21690
21693
21699
21702
21708
21711
21717
21720
21726
21730
21735
21739
21744
21748
21753
21757
21762
21766
21771
21775
21781
21784
21790
21793
21799
21802
21808
21811
21817
21820
21826
21830
21835
21839
21844
21848
21853
21857
21862
21866
21871
21875
21881
21884
21890
21893
21899
21902
21908
21911
21917
21921
21926
21930
21935
21939
21944
21948
21953
21957
21962
21967
21971
21976
21980
21985
21989
21994
21998
22003
22007
22013
22016
22022
22025
22031
22034
22040
22043
22049
22053
22058
22062
22067
22071
22076
22080
22085
22089
22095
22098
22104
22107
22113
22116
22122
22125
22131
22134
22140
22144
22149
22153
22158
22162
22167
22171
22176
22180
22186
22189
22195
22198
22204
22207
22213
22216
22222
22226
22231
22235
22240
22244
22249
22253
22258
22262
22268
22271
22277
22280
22286
22289
22295
22298
22304
22307
22313
22317
22322
22326
22331
22335
22340
22344
22349
22353
22359
22362
22368
22371
22377
22380
22386
22389
22395
22399
22404
22408
22413
22417
22422
22426
22431
22435
22440
22444
22449
22453
22458
22462
22467
22471
22476
22480
22485
22489
22495
22498
22504
22507
22513
22516
22522
22525
22531
22534
22540
22544
22549
22553
22558
22562
22567
22571
22576
22580
22586
22589
22595
22598
22604
22607
22613
22616
22622
22625
22631
22635
22640
22644
22649
22653
22658
22662
22667
22671
22676
22680
22686
22689
22695
22698
22704
22707
22713
22716
22722
22726
22731
22735
22740
22744
22749
22753
22758
22762
22767
22771
22777
22780
22786
22789
22795
22798
22804
22807
22813
22817
22822
22826
22831
22835
22840
22844
22849
22853
22858
22862
22868
22871
22877
22880
22886
22889
22895
22898
22904
22907
22913
22917
22922
22926
22931
22936
22940
22945
22949
22954
22958
22963
22967
22972
22976
22982
22985
22991
22994
23000
23003
23009
23012
23018
23022
23027
23031
23036
23040
23045
23049
23054
23058
23064
23067
23073
23076
23082
23085
23091
23094
23100
23103
23109
23113
23118
23122
23127
23131
23136
23140
23145
23149
23155
23158
23164
23167
23173
23176
23182
23185
23191
23195
23200
23204
23209
23213
23218
23222
23227
23231
23237
23240
23246
23249
23255
23258
23264
23267
23273
23276
23282
23286
23291
23295
23300
23304
23309
23313
23318
23322
23328
23331
23337
23340
23346
23349
23355
23358
23364
23368
23373
23377
23382
23386
23391
23395
23400
23404
23409
23413
23419
23422
23428
23431
23437
23440
23446
23449
23455
23460
23464
23469
23473
23478
23482
23487
23491
23496
23500
23505
23509
23515
23518
23524
23527
23533
23536
23542
23545
23551
23555
23559
23565
23568
23574
23577
23583
23586
23592
23595
23601
23605
23609
23615
23618
23624
23627
23633
23636
23642
23645
23651
23655
23659
23665
23668
23674
23677
23683
23686
23692
23695
23701
23705
23709
23715
23718
23724
23727
23733
23736
23742
23745
23751
23755
23759
23765
23768
23774
23777
23783
23786
23792
23795
23801
23805
23809
23815
23818
23824
23827
23833
23836
23842
23845
23851
23855
23859
23865
23868
23874
23877
23883
23886
23892
23895
23901
23905
23909
23915
23918
23924
23927
23933
23938
23942
23947
23951
23956
23960
23965
23969
23974
23978
23984
23987
23993
23996
24002
24005
24011
24014
24020
24023
24029
24033
24038
24042
24047
24051
24056
24060
24065
24069
24075
24078
24084
24087
24093
24096
24102
24105
24111
24114
24120
24124
24129
24133
24138
24142
24147
24151
24156
24160
24165
24169
24175
24178
24184
24187
24193
24196
24202
24205
24211
24215
24220
24224
24229
24233
24238
24242
24247
24251
24256
24260
24266
24269
24275
24278
24284
24287
24293
24296
24302
24306
24311
24315
24320
24324
24329
24333
24338
24342
24347
24351
24357
24360
24366
24369
24375
24378
24384
24387
24393
24396
24402
24406
24411
24415
24420
24424
24429
24433
24438
24442
24448
24451
24457
24460
24466
24469
24475
24480
24484
24489
24493
24498
24502
24507
24511
24517
24520
24526
24529
24535
24538
24544
24547
24553
24557
24562
24566
24571
24575
24580
24584
24589
24593
24599
24602
24608
24611
24617
24620
24626
24629
24635
24639
24644
24648
24653
24657
24662
24666
24671
24675
24681
24684
24690
24693
24699
24702
24708
24711
24717
24721
24726
24730
24735
24739
24744
24748
24753
24757
24763
24766
24772
24775
24781
24784
24790
24793
24799
24803
24808
24812
24817
24821
24826
24830
24835
24839
24845
24848
24854
24857
24863
24866
24872
24875
24881
24885
24890
24894
24899
24903
24908
24912
24917
24921
24927
24930
24936
24939
24945
24948
24954
24957
24963
24968
24972
24977
24981
24986
24990
24995
24999
25004
25008
25014
25017
25023
25026
25032
25035
25041
25044
25050
25054
25059
25063
25068
25072
25077
25081
25086
25090
25096
25099
25105
25108
25114
25117
25123
25126
25132
25136
25141
25145
25150
25154
25159
25163
25168
25172
25178
25181
25187
25190
25196
25199
25205
25208
25214
25218
25223
25227
25232
25236
25241
25245
25250
25254
25260
25263
25269
25272
25278
25281
25287
25290
25296
25300
25305
25309
25314
25318
25323
25327
25332
25336
25341
25345
25351
25354
25360
25363
25369
25372
25378
25381
25387
25391
25396
25400
25405
25409
25414
25418
25423
25427
25433
25436
25442
25445
25451
25454
25459
25463
25468
25472
25477
25481
25486
25490
25495
25499
25505
25508
25514
25517
25523
25526
25532
25535
25541
25545
25550
25554
25559
25563
25568
25572
25577
25581
25586
25590
25596
25599
25605
25608
25614
25617
25623
25626
25632
25636
25641
25645
25650
25654
25659
25663
25668
25672
25677
25681
25687
25690
25696
25699
25705
25708
25714
25717
25723
25727
25732
25736
25741
25745
25750
25754
25759
25763
25768
25772
25778
25781
25787
25790
25796
25799
25805
25808
25814
25818
25823
25827
25832
25836
25841
25845
25850
25854
25860
25863
25869
25872
25878
25881
25887
25890
25896
25899
25905
25909
25914
25918
25923
25927
25932
25936
25941
25945
25950
25954
25959
25963
25968
25972
25978
25981
25987
25990
25996
25999
26005
26008
26014
26018
26023
26027
26032
26036
26041
26045
26050
26054
26059
26063
26069
26072
26078
26081
26087
26090
26096
26099
26105
26109
26114
26118
26123
26127
26132
26136
26141
26145
26150
26154
26160
26163
26169
26172
26178
26181
26187
26190
26196
26200
26205
26209
26214
26218
26223
26227
26232
26236
26241
26245
26251
26254
26260
26263
26269
26272
26278
26281
26287
26291
26296
26300
26305
26309
26314
26318
26323
26327
26333
26336
26342
26345
26351
26354
26360
26363
26369
26372
26378
26382
26387
26391
26396
26400
26405
26409
26414
26418
26424
26427
26433
26436
26442
26445
26451
26454
26460
26463
26469
26473
26478
26482
26487
26491
26496
26500
26505
26509
26514
26518
26523
26527
26533
26536
26542
26545
26551
26554
26560
26563
26569
26572
26578
26582
26587
26591
26596
26600
26605
26609
26614
26618
26623
26627
26633
26636
26642
26645
26651
26654
26660
26663
26669
26672
26678
26682
26687
26691
26696
26700
26705
26709
26714
26718
26723
26727
26732
26736
26742
26745
26751
26754
26760
26763
26769
26772
26778
26781
26787
26791
26796
26800
26805
26809
26814
26818
26823
26827
26832
26836
26842
26845
26851
26854
26860
26863
26869
26872
26878
26881
26887
26891
26896
26900
26905
26909
26914
26918
26923
26927
26932
26936
26941
26945
26950
26954
26959
26963
26968
26972
26978
26981
26987
26990
26996
26999
27005
27008
27014
27018
27023
27027
27032
27036
27041
27045
27050
27054
27060
27063
27069
27072
27078
27081
27087
27090
27096
27100
27105
27109
27114
27118
27123
27127
27132
27136
27142
27145
27151
27154
27160
27163
27169
27172
27178
27182
27187
27191
27196
27200
27205
27209
27214
27218
27224
27227
27233
27236
27242
27245
27251
27254
27260
27264
27269
27273
27278
27282
27287
27291
27296
27300
27306
27309
27315
27318
27324
27327
27333
27336
27342
27346
27351
27355
27360
27364
27369
27373
27378
27382
27388
27391
27397
27400
27406
27409
27415
27418
27424
27428
27433
27437
27442
27446
27451
27455
27460
27464
27469
27473
27479
27482
27488
27491
27497
27500
27506
27509
27515
27519
27524
27528
27533
27537
27542
27546
27551
27555
27561
27564
27570
27573
27579
27582
27588
27591
27597
27601
27606
27610
27615
27619
27624
27628
27633
27637
27643
27646
27652
27655
27661
27664
27670
27673
27679
27683
27688
27692
27697
27701
27706
27710
27715
27719
27725
27728
27734
27737
27743
27746
27752
27755
27761
27765
27770
27774
27779
27783
27788
27792
27797
27801
27807
27810
27816
27819
27825
27828
27834
27837
27843
27847
27852
27856
27861
27865
27870
27874
27879
27883
27889
27892
27898
27901
27907
27910
27916
27919
27925
27929
27934
27938
27943
27947
27952
27956
27961
27965
27971
27974
27979
27983
27988
27992
27997
28001
28006
28010
28016
28019
28025
28028
28034
28037
28043
28046
28052
28056
28061
28065
28070
28074
28079
28083
28088
28092
28098
28101
28107
28110
28116
28119
28125
28128
28134
28138
28143
28147
28152
28156
28161
28165
28170
28174
28180
28183
28189
28192
28198
28201
28207
28210
28216
28220
28225
28229
28234
28238
28243
28247
28252
28256
28262
28265
28271
28274
28280
28283
28289
28292
28298
28302
28307
28311
28316
28320
28325
28329
28334
28338
28344
28347
28353
28356
28362
28365
28371
28374
28380
28384
28389
28393
28398
28402
28407
28411
28416
28420
28426
28429
28435
28438
28444
28447
28453
28458
28462
28467
28471
28476
28480
28485
28489
28494
28498
28504
28507
28513
28516
28522
28525
28531
28534
28540
28544
28549
28553
28558
28562
28567
28571
28576
28580
28585
28589
28595
28598
28604
28607
28613
28616
28622
28625
28631
28635
28640
28644
28649
28653
28658
28662
28667
28671
28676
28680
28686
28689
28695
28698
28704
28707
28713
28716
28722
28726
28731
28735
28740
28744
28749
28753
28758
28762
28767
28771
28777
28780
28786
28789
28795
28798
28804
28807
28813
28817
28822
28826
28831
28835
28840
28844
28849
28853
28859
28862
28868
28871
28877
28880
28886
28889
28895
28898
28904
28908
28913
28917
28922
28927
28931
28936
28940
28945
28949
28954
28958
28963
28967
28973
28976
28982
28985
28991
28994
29000
29003
29009
29013
29018
29022
29027
29031
29036
29040
29045
29049
29055
29058
29064
29067
29073
29076
29082
29085
29091
29094
29100
29104
29109
29113
29118
29122
29127
29131
29136
29140
29146
29149
29155
29158
29164
29167
29173
29176
29182
29186
29191
29195
29200
29204
29209
29213
29218
29222
29228
29231
29237
29240
29246
29249
29255
29258
29264
29267
29273
29277
29282
29286
29291
29295
29300
29304
29309
29313
29319
29322
29328
29331
29337
29340
29346
29349
29355
29359
29364
29368
29373
29377
29382
29386
29391
29395
29400
29404
29410
29413
29419
29422
29428
29431
29437
29440
29446
29450
29455
29459
29464
29468
29473
29478
29482
29487
29491
29496
29500
29505
29509
29514
29518
29523
29527
29533
29536
29542
29545
29551
29554
29560
29563
29569
29573
29577
29583
29586
29592
29595
29601
29604
29610
29613
29619
29623
29627
29633
29636
29642
29645
29651
29654
29660
29663
29669
29673
29677
29683
29686
29692
29695
29701
29704
29710
29713
29719
29723
29727
29733
29736
29742
29745
29751
29754
29760
29763
29769
29773
29777
29783
29786
29792
29795
29801
29804
29810
29813
29819
29823
29827
29833
29836
29842
29845
29851
29854
29860
29863
29869
29873
29877
29883
29886
29892
29895
29901
29904
29910
29913
29919
29923
29927
29933
29936
29942
29945
29951
29956
29960
29965
29969
29974
29978
29983
29987
29992
29996
30002
30005
30011
30014
30020
30023
30029
30032
30038
30042
30047
30051
30056
30060
30065
30069
30074
30078
30084
30087
30093
30096
30102
30105
30111
30114
30120
30124
30129
30133
30138
30142
30147
30151
30156
30160
30166
30169
30175
30178
30184
30187
30193
30196
30202
30206
30211
30215
30220
30224
30229
30233
30238
30242
30248
30251
30257
30260
30266
30269
30275
30278
30284
30288
30293
30297
30302
30306
30311
30315
30320
30324
30329
30333
30339
30342
30348
30351
30357
30360
30366
30369
30375
30379
30384
30388
30393
30397
30402
30406
30411
30415
30421
30426
30430
30435
30439
30444
30448
30453
30457
30463
30466
30472
30475
30481
30484
30490
30493
30499
30503
30508
30512
30517
30521
30526
30530
30535
30539
30545
30548
30554
30557
30563
30566
30572
30575
30581
30585
30590
30594
30599
30603
30608
30612
30617
30621
30627
30630
30636
30639
30645
30648
30654
30657
30663
30667
30672
30676
30681
30685
30690
30694
30699
30703
30709
30712
30718
30721
30727
30730
30736
30739
30745
30749
30754
30758
30763
30767
30772
30776
30781
30785
30791
30794
30800
30803
30809
30812
30818
30821
30827
30831
30836
30840
30845
30849
30854
30858
30863
30867
30873
30876
30882
30885
30891
30894
30900
30903
30909
30913
30918
30922
30927
30932
30936
30941
30945
30950
30954
30959
30963
30968
30972
30978
30981
30987
30990
30996
30999
31005
31008
31014
31018
31023
31027
31032
31036
31041
31045
31050
31054
31060
31063
31069
31072
31078
31081
31087
31090
31096
31100
31105
31109
31114
31118
31123
31127
31132
31136
31142
31145
31151
31154
31160
31163
31169
31172
31178
31182
31187
31191
31196
31200
31205
31209
31214
31218
31224
31227
31233
31236
31242
31245
31251
31254
31260
31264
31269
31273
31278
31282
31287
31291
31296
31300
31305
31309
31315
31318
31324
31327
31333
31336
31342
31345
31351
31355
31360
31364
31369
31373
31378
31382
31387
31391
31397
31400
31406
31409
31415
31418
31424
31427
31433
31437
31442
31446
31451
31455
31460
31464
31469
31473
31478
31482
31487
31491
31496
31500
31505
31509
31515
31518
31524
31527
31533
31536
31542
31545
31551
31554
31560
31564
31569
31573
31578
31582
31587
31591
31596
31600
31605
31609
31615
31618
31624
31627
31633
31636
31642
31645
31651
31654
31660
31664
31669
31673
31678
31682
31687
31691
31696
31700
31706
31709
31715
31718
31724
31727
31733
31736
31742
31745
31751
31755
31760
31764
31769
31773
31778
31782
31787
31791
31796
31800
31806
31809
31815
31818
31824
31827
31833
31836
31842
31845
31851
31855
31860
31864
31869
31873
31878
31882
31887
31891
31896
31900
31906
31909
31915
31918
31924
31927
31932
31936
31941
31945
31950
31954
31959
31963
31968
31972
31978
31981
31987
31990
31996
31999
32005
32008
32014
32017
32023
32027
32032
32036
32041
32045
32050
32054
32059
32063
32068
32072
32078
32081
32087
32090
32096
32099
32105
32108
32114
32117
32123
32127
32132
32136
32141
32145
32150
32154
32159
32163
32169
32172
32178
32181
32187
32190
32196
32199
32205
32208
32214
32218
32223
32227
32232
32236
32241
32245
32250
32254
32259
32263
32269
32272
32278
32281
32287
32290
32296
32299
32305
32308
32314
32318
32323
32327
32332
32336
32341
32345
32350
32354
32359
32363
32369
32372
32378
32381
32387
32390
32396
32399
32405
32409
32414
32418
32423
32427
32432
32436
32441
32445
32450
32455
32459
32464
32468
32473
32477
32482
32486
32491
32495
32501
32504
32510
32513
32519
32522
32528
32531
32537
32541
32546
32550
32555
32559
32564
32568
32573
32577
32583
32586
32592
32595
32601
32604
32610
32613
32619
32622
32628
32632
32637
32641
32646
32650
32655
32659
32664
32668
32674
32677
32683
32686
32692
32695
32701
32704
32710
32714
32719
32723
32728
32732
32737
32741
32746
32750
32756
32759
32765
32768
32774
32777
32783
32786
32792
32795
32801
32805
32810
32814
32819
32823
32828
32832
32837
32841
32847
32850
32856
32859
32865
32868
32874
32877
32883
32887
32892
32896
32901
32905
32910
32914
32919
32923
32928
32932
32937
32941
32946
32950
32955
32959
32964
32968
32973
32977
32983
32986
32992
32995
33001
33004
33010
33013
33019
33022
33028
33032
33037
33041
33046
33050
33055
33059
33064
33068
33074
33077
33083
33086
33092
33095
33101
33104
33110
33113
33119
33123
33128
33132
33137
33141
33146
33150
33155
33159
33164
33168
33174
33177
33183
33186
33192
33195
33201
33204
33210
33214
33219
33223
33228
33232
33237
33241
33246
33250
33255
33259
33265
33268
33274
33277
33283
33286
33292
33295
33301
33305
33310
33314
33319
33323
33328
33332
33337
33341
33346
33350
33356
33359
33365
33368
33374
33377
33383
33386
33392
33395
33401
33405
33410
33414
33419
33424
33428
33433
33437
33442
33446
33451
33455
33460
33464
33470
33473
33479
33482
33488
33491
33497
33500
33506
33510
33515
33519
33524
33528
33533
33537
33542
33546
33552
33555
33561
33564
33570
33573
33579
33582
33588
33591
33597
33601
33606
33610
33615
33619
33624
33628
33633
33637
33643
33646
33652
33655
33661
33664
33670
33673
33679
33683
33688
33692
33697
33701
33706
33710
33715
33719
33725
33728
33734
33737
33743
33746
33752
33755
33761
33764
33770
33774
33779
33783
33788
33792
33797
33801
33806
33810
33816
33819
33825
33828
33834
33837
33843
33846
33852
33856
33861
33865
33870
33874
33879
33883
33888
33892
33897
33901
33907
33910
33916
33919
33925
33928
33934
33937
33943
33948
33952
33957
33961
33966
33970
33975
33979
33984
33988
33993
33997
34003
34006
34012
34015
34021
34024
34030
34033
34039
34043
34047
34053
34056
34062
34065
34071
34074
34080
34083
34089
34093
34097
34103
34106
34112
34115
34121
34124
34130
34133
34139
34143
34147
34153
34156
34162
34165
34171
34174
34180
34183
34189
34193
34197
34203
34206
34212
34215
34221
34224
34230
34233
34239
34243
34247
34253
34256
34262
34265
34271
34274
34280
34283
34289
34293
34297
34303
34306
34312
34315
34321
34324
34330
34333
34339
34343
34347
34353
34356
34362
34365
34371
34374
34380
34383
34389
34393
34397
34403
34406
34412
34415
34421
34426
34430
34435
34439
34444
34448
34453
34457
34462
34466
34472
34475
34481
34484
34490
34493
34499
34502
34508
34511
34517
34521
34526
34530
34535
34539
34544
34548
34553
34557
34563
34566
34572
34575
34581
34584
34590
34593
34599
34602
34608
34612
34617
34621
34626
34630
34635
34639
34644
34648
34653
34657
34663
34666
34672
34675
34681
34684
34690
34693
34699
34703
34708
34712
34717
34721
34726
34730
34735
34739
34744
34748
34754
34757
34763
34766
34772
34775
34781
34784
34790
34794
34799
34803
34808
34812
34817
34821
34826
34830
34835
34839
34845
34848
34854
34857
34863
34866
34872
34875
34881
34884
34890
34894
34899
34903
34908
34912
34917
34921
34926
34930
34936
34939
34945
34948
34954
34957
34963
34968
34972
34977
34981
34986
34990
34995
34999
35005
35008
35014
35017
35023
35026
35032
35035
35041
35045
35050
35054
35059
35063
35068
35072
35077
35081
35087
35090
35096
35099
35105
35108
35114
35117
35123
35127
35132
35136
35141
35145
35150
35154
35159
35163
35169
35172
35178
35181
35187
35190
35196
35199
35205
35209
35214
35218
35223
35227
35232
35236
35241
35245
35251
35254
35260
35263
35269
35272
35278
35281
35287
35291
35296
35300
35305
35309
35314
35318
35323
35327
35333
35336
35342
35345
35351
35354
35360
35363
35369
35373
35378
35382
35387
35391
35396
35400
35405
35409
35415
35418
35424
35427
35433
35436
35442
35445
35451
35456
35460
35465
35469
35474
35478
35483
35487
35492
35496
35502
35505
35511
35514
35520
35523
35529
35532
35538
35542
35547
35551
35556
35560
35565
35569
35574
35578
35584
35587
35593
35596
35602
35605
35611
35614
35620
35624
35629
35633
35638
35642
35647
35651
35656
35660
35666
35669
35675
35678
35684
35687
35693
35696
35702
35706
35711
35715
35720
35724
35729
35733
35738
35742
35748
35751
35757
35760
35766
35769
35775
35778
35784
35788
35793
35797
35802
35806
35811
35815
35820
35824
35829
35833
35839
35842
35848
35851
35857
35860
35866
35869
35875
35879
35884
35888
35893
35897
35902
35906
35911
35915
35921
35924
35930
35933
35939
35942
35947
35951
35956
35960
35965
35969
35974
35978
35983
35987
35993
35996
36002
36005
36011
36014
36020
36023
36029
36033
36038
36042
36047
36051
36056
36060
36065
36069
36074
36078
36084
36087
36093
36096
36102
36105
36111
36114
36120
36124
36129
36133
36138
36142
36147
36151
36156
36160
36165
36169
36175
36178
36184
36187
36193
36196
36202
36205
36211
36215
36220
36224
36229
36233
36238
36242
36247
36251
36256
36260
36266
36269
36275
36278
36284
36287
36293
36296
36302
36306
36311
36315
36320
36324
36329
36333
36338
36342
36348
36351
36357
36360
36366
36369
36375
36378
36384
36387
36393
36397
36402
36406
36411
36415
36420
36424
36429
36433
36438
36442
36447
36451
36456
36460
36466
36469
36475
36478
36484
36487
36493
36496
36502
36506
36511
36515
36520
36524
36529
36533
36538
36542
36547
36551
36557
36560
36566
36569
36575
36578
36584
36587
36593
36597
36602
36606
36611
36615
36620
36624
36629
36633
36638
36642
36648
36651
36657
36660
36666
36669
36675
36678
36684
36688
36693
36697
36702
36706
36711
36715
36720
36724
36729
36733
36739
36742
36748
36751
36757
36760
36766
36769
36775
36779
36784
36788
36793
36797
36802
36806
36811
36815
36821
36824
36830
36833
36839
36842
36848
36851
36857
36860
36866
36870
36875
36879
36884
36888
36893
36897
36902
36906
36912
36915
36921
36924
36930
36933
36939
36942
36948
36951
36957
36961
36966
36970
36975
36979
36984
36988
36993
36997
37002
37006
37011
37015
37021
37024
37030
37033
37039
37042
37048
37051
37057
37060
37066
37070
37075
37079
37084
37088
37093
37097
37102
37106
37111
37115
37121
37124
37130
37133
37139
37142
37148
37151
37157
37160
37166
37170
37175
37179
37184
37188
37193
37197
37202
37206
37211
37215
37220
37224
37230
37233
37239
37242
37248
37251
37257
37260
37266
37269
37275
37279
37284
37288
37293
37297
37302
37306
37311
37315
37320
37324
37330
37333
37339
37342
37348
37351
37357
37360
37366
37369
37375
37379
37384
37388
37393
37397
37402
37406
37411
37415
37420
37424
37429
37433
37438
37442
37447
37451
37456
37460
37466
37469
37475
37478
37484
37487
37493
37496
37502
37506
37511
37515
37520
37524
37529
37533
37538
37542
37548
37551
37557
37560
37566
37569
37575
37578
37584
37588
37593
37597
37602
37606
37611
37615
37620
37624
37630
37633
37639
37642
37648
37651
37657
37660
37666
37670
37675
37679
37684
37688
37693
37697
37702
37706
37712
37715
37721
37724
37730
37733
37739
37742
37748
37752
37757
37761
37766
37770
37775
37779
37784
37788
37794
37797
37803
37806
37812
37815
37821
37824
37830
37834
37839
37843
37848
37852
37857
37861
37866
37870
37876
37879
37885
37888
37894
37897
37903
37906
37912
37916
37921
37925
37930
37934
37939
37943
37948
37952
37957
37961
37967
37970
37976
37979
37985
37988
37994
37997
38003
38007
38012
38016
38021
38025
38030
38034
38039
38043
38049
38052
38058
38061
38067
38070
38076
38079
38085
38089
38094
38098
38103
38107
38112
38116
38121
38125
38131
38134
38140
38143
38149
38152
38158
38161
38167
38171
38176
38180
38185
38189
38194
38198
38203
38207
38213
38216
38222
38225
38231
38234
38240
38243
38249
38253
38258
38262
38267
38271
38276
38280
38285
38289
38295
38298
38304
38307
38313
38316
38322
38325
38331
38335
38340
38344
38349
38353
38358
38362
38367
38371
38377
38380
38386
38389
38395
38398
38404
38407
38413
38417
38422
38426
38431
38435
38440
38444
38449
38453
38459
38462
38467
38471
38476
38480
38485
38489
38494
38498
38504
38507
38513
38516
38522
38525
38531
38534
38540
38544
38549
38553
38558
38562
38567
38571
38576
38580
38586
38589
38595
38598
38604
38607
38613
38616
38622
38626
38631
38635
38640
38644
38649
38653
38658
38662
38668
38671
38677
38680
38686
38689
38695
38698
38704
38708
38713
38717
38722
38726
38731
38735
38740
38744
38750
38753
38759
38762
38768
38771
38777
38780
38786
38790
38795
38799
38804
38808
38813
38817
38822
38826
38832
38835
38841
38844
38850
38853
38859
38862
38868
38872
38877
38881
38886
38890
38895
38899
38904
38908
38914
38917
38923
38926
38932
38935
38941
38946
38950
38955
38959
38964
38968
38973
38977
38982
38986
38992
38995
39001
39004
39010
39013
39019
39022
39028
39032
39037
39041
39046
39050
39055
39059
39064
39068
39073
39077
39083
39086
39092
39095
39101
39104
39110
39113
39119
39123
39128
39132
39137
39141
39146
39150
39155
39159
39164
39168
39174
39177
39183
39186
39192
39195
39201
39204
39210
39214
39219
39223
39228
39232
39237
39241
39246
39250
39255
39259
39265
39268
39274
39277
39283
39286
39292
39295
39301
39305
39310
39314
39319
39323
39328
39332
39337
39341
39347
39350
39356
39359
39365
39368
39374
39377
39383
39386
39392
39396
39401
39405
39410
39415
39419
39424
39428
39433
39437
39442
39446
39451
39455
39461
39464
39470
39473
39479
39482
39488
39491
39497
39501
39506
39510
39515
39519
39524
39528
39533
39537
39543
39546
39552
39555
39561
39564
39570
39573
39579
39582
39588
39592
39597
39601
39606
39610
39615
39619
39624
39628
39634
39637
39643
39646
39652
39655
39661
39664
39670
39674
39679
39683
39688
39692
39697
39701
39706
39710
39716
39719
39725
39728
39734
39737
39743
39746
39752
39755
39761
39765
39770
39774
39779
39783
39788
39792
39797
39801
39807
39810
39816
39819
39825
39828
39834
39837
39843
39847
39852
39856
39861
39865
39870
39874
39879
39883
39888
39892
39898
39901
39907
39910
39916
39919
39925
39928
39934
39938
39943
39947
39952
39956
39961
39966
39970
39975
39979
39984
39988
39993
39997
40002
40006
40011
40015
40021
40024
40030
40033
40039
40042
40048
40051
40057
40061
40065
40071
40074
40080
40083
40089
40092
40098
40101
40107
40111
40115
40121
40124
40130
40133
40139
40142
40148
40151
40157
40161
40165
40171
40174
40180
40183
40189
40192
40198
40201
40207
40211
40215
40221
40224
40230
40233
40239
40242
40248
40251
40257
40261
40265
40271
40274
40280
40283
40289
40292
40298
40301
40307
40311
40315
40321
40324
40330
40333
40339
40342
40348
40351
40357
40361
40365
40371
40374
40380
40383
40389
40392
40398
40401
40407
40411
40415
40421
40424
40430
40433
40439
40444
40448
40453
40457
40462
40466
40471
40475
40480
40484
40490
40493
40499
40502
40508
40511
40517
40520
40526
40530
40535
40539
40544
40548
40553
40557
40562
40566
40572
40575
40581
40584
40590
40593
40599
40602
40608
40612
40617
40621
40626
40630
40635
40639
40644
40648
40654
40657
40663
40666
40672
40675
40681
40684
40690
40694
40699
40703
40708
40712
40717
40721
40726
40730
40736
40739
40745
40748
40754
40757
40763
40766
40772
40776
40781
40785
40790
40794
40799
40803
40808
40812
40817
40821
40827
40830
40836
40839
40845
40848
40854
40857
40863
40867
40872
40876
40881
40885
40890
40894
40899
40903
40909
40914
40918
40923
40927
40932
40936
40941
40945
40951
40954
40960
40963
40969
40972
40978
40981
40987
40991
40996
41000
41005
41009
41014
41018
41023
41027
41033
41036
41042
41045
41051
41054
41060
41063
41069
41073
41078
41082
41087
41091
41096
41100
41105
41109
41115
41118
41124
41127
41133
41136
41142
41145
41151
41155
41160
41164
41169
41173
41178
41182
41187
41191
41197
41200
41206
41209
41215
41218
41224
41227
41233
41237
41242
41246
41251
41255
41260
41264
41269
41273
41279
41282
41288
41291
41297
41300
41306
41309
41315
41319
41324
41328
41333
41337
41342
41346
41351
41355
41361
41364
41370
41373
41379
41382
41388
41391
41397
41401
41406
41410
41415
41420
41424
41429
41433
41438
41442
41447
41451
41456
41460
41466
41469
41475
41478
41484
41487
41493
41496
41502
41506
41511
41515
41520
41524
41529
41533
41538
41542
41548
41551
41557
41560
41566
41569
41575
41578
41584
41588
41593
41597
41602
41606
41611
41615
41620
41624
41630
41633
41639
41642
41648
41651
41657
41660
41666
41670
41675
41679
41684
41688
41693
41697
41702
41706
41712
41715
41721
41724
41730
41733
41739
41742
41748
41752
41757
41761
41766
41770
41775
41779
41784
41788
41793
41797
41803
41806
41812
41815
41821
41824
41830
41833
41839
41843
41848
41852
41857
41861
41866
41870
41875
41879
41885
41888
41894
41897
41903
41906
41912
41915
41921
41925
41930
41934
41939
41943
41948
41952
41957
41961
41966
41970
41975
41979
41984
41988
41993
41997
42003
42006
42012
42015
42021
42024
42030
42033
42039
42042
42048
42052
42057
42061
42066
42070
42075
42079
42084
42088
42093
42097
42103
42106
42112
42115
42121
42124
42130
42133
42139
42142
42148
42152
42157
42161
42166
42170
42175
42179
42184
42188
42194
42197
42203
42206
42212
42215
42221
42224
42230
42233
42239
42243
42248
42252
42257
42261
42266
42270
42275
42279
42284
42288
42294
42297
42303
42306
42312
42315
42321
42324
42330
42333
42339
42343
42348
42352
42357
42361
42366
42370
42375
42379
42384
42388
42394
42397
42403
42406
42412
42415
42420
42424
42429
42433
42438
42442
42447
42451
42456
42460
42466
42469
42475
42478
42484
42487
42493
42496
42502
42505
42511
42515
42520
42524
42529
42533
42538
42542
42547
42551
42556
42560
42566
42569
42575
42578
42584
42587
42593
42596
42602
42605
42611
42615
42620
42624
42629
42633
42638
42642
42647
42651
42657
42660
42666
42669
42675
42678
42684
42687
42693
42696
42702
42706
42711
42715
42720
42724
42729
42733
42738
42742
42747
42751
42757
42760
42766
42769
42775
42778
42784
42787
42793
42796
42802
42806
42811
42815
42820
42824
42829
42833
42838
42842
42847
42851
42857
42860
42866
42869
42875
42878
42884
42887
42893
42897
42902
42906
42911
42915
42920
42924
42929
42933
42938
42943
42947
42952
42956
42961
42965
42970
42974
42979
42983
42989
42992
42998
43001
43007
43010
43016
43019
43025
43029
43034
43038
43043
43047
43052
43056
43061
43065
43071
43074
43080
43083
43089
43092
43098
43101
43107
43110
43116
43120
43125
43129
43134
43138
43143
43147
43152
43156
43162
43165
43171
43174
43180
43183
43189
43192
43198
43202
43207
43211
43216
43220
43225
43229
43234
43238
43244
43247
43253
43256
43262
43265
43271
43274
43280
43283
43289
43293
43298
43302
43307
43311
43316
43320
43325
43329
43335
43338
43344
43347
43353
43356
43362
43365
43371
43375
43380
43384
43389
43393
43398
43402
43407
43411
43416
43420
43425
43429
43434
43438
43443
43447
43452
43456
43461
43465
43471
43474
43480
43483
43489
43492
43498
43501
43507
43510
43516
43520
43525
43529
43534
43538
43543
43547
43552
43556
43562
43565
43571
43574
43580
43583
43589
43592
43598
43601
43607
43611
43616
43620
43625
43629
43634
43638
43643
43647
43652
43656
43662
43665
43671
43674
43680
43683
43689
43692
43698
43702
43707
43711
43716
43720
43725
43729
43734
43738
43743
43747
43753
43756
43762
43765
43771
43774
43780
43783
43789
43793
43798
43802
43807
43811
43816
43820
43825
43829
43834
43838
43844
43847
43853
43856
43862
43865
43871
43874
43880
43883
43889
43893
43898
43902
43907
43912
43916
43921
43925
43930
43934
43939
43943
43948
43952
43958
43961
43967
43970
43976
43979
43985
43988
43994
43998
44003
44007
44012
44016
44021
44025
44030
44034
44040
44043
44049
44052
44058
44061
44067
44070
44076
44079
44085
44089
44094
44098
44103
44107
44112
44116
44121
44125
44131
44134
44140
44143
44149
44152
44158
44161
44167
44171
44176
44180
44185
44189
44194
44198
44203
44207
44213
44216
44222
44225
44231
44234
44240
44243
44249
44252
44258
44262
44267
44271
44276
44280
44285
44289
44294
44298
44304
44307
44313
44316
44322
44325
44331
44334
44340
44344
44349
44353
44358
44362
44367
44371
44376
44380
44385
44389
44395
44398
44404
44407
44413
44416
44422
44425
44431
44436
44440
44445
44449
44454
44458
44463
44467
44472
44476
44481
44485
44491
44494
44500
44503
44509
44512
44518
44521
44527
44531
44535
44541
44544
44550
44553
44559
44562
44568
44571
44577
44581
44585
44591
44594
44600
44603
44609
44612
44618
44621
44627
44631
44635
44641
44644
44650
44653
44659
44662
44668
44671
44677
44681
44685
44691
44694
44700
44703
44709
44712
44718
44721
44727
44731
44735
44741
44744
44750
44753
44759
44762
44768
44771
44777
44781
44785
44791
44794
44800
44803
44809
44812
44818
44821
44827
44831
44835
44841
44844
44850
44853
44859
44862
44868
44871
44877
44881
44885
44891
44894
44900
44903
44909
44914
44918
44923
44927
44932
44936
44941
44945
44950
44954
44960
44963
44969
44972
44978
44981
44987
44990
44996
44999
45005
45009
45014
45018
45023
45027
45032
45036
45041
45045
45051
45054
45060
45063
45069
45072
45078
45081
45087
45090
45096
45100
45105
45109
45114
45118
45123
45127
45132
45136
45141
45145
45151
45154
45160
45163
45169
45172
45178
45181
45187
45191
45196
45200
45205
45209
45214
45218
45223
45227
45232
45236
45242
45245
45251
45254
45260
45263
45269
45272
45278
45282
45287
45291
45296
45300
45305
45309
45314
45318
45323
45327
45333
45336
45342
45345
45351
45354
45360
45363
45369
45372
45378
45382
45387
45391
45396
45400
45405
45409
45414
45418
45424
45427
45433
45436
45442
45445
45451
45456
45460
45465
45469
45474
45478
45483
45487
45493
45496
45502
45505
45511
45514
45520
45523
45529
45533
45538
45542
45547
45551
45556
45560
45565
45569
45575
45578
45584
45587
45593
45596
45602
45605
45611
45615
45620
45624
45629
45633
45638
45642
45647
45651
45657
45660
45666
45669
45675
45678
45684
45687
45693
45697
45702
45706
45711
45715
45720
45724
45729
45733
45739
45742
45748
45751
45757
45760
45766
45769
45775
45779
45784
45788
45793
45797
45802
45806
45811
45815
45821
45824
45830
45833
45839
45842
45848
45851
45857
45861
45866
45870
45875
45879
45884
45888
45893
45897
45903
45906
45912
45915
45921
45924
45930
45933
45939
45944
45948
45953
45957
45962
45966
45971
45975
45980
45984
45990
45993
45999
46002
46008
46011
46017
46020
46026
46030
46035
46039
46044
46048
46053
46057
46062
46066
46072
46075
46081
46084
46090
46093
46099
46102
46108
46112
46117
46121
46126
46130
46135
46139
46144
46148
46154
46157
46163
46166
46172
46175
46181
46184
46190
46194
46199
46203
46208
46212
46217
46221
46226
46230
46236
46239
46245
46248
46254
46257
46263
46266
46272
46276
46281
46285
46290
46294
46299
46303
46308
46312
46317
46321
46327
46330
46336
46339
46345
46348
46354
46357
46363
46367
46372
46376
46381
46385
46390
46394
46399
46403
46409
46412
46418
46421
46427
46430
46435
46439
46444
46448
46453
46457
46462
46466
46471
46475
46481
46484
46490
46493
46499
46502
46508
46511
46517
46521
46526
46530
46535
46539
46544
46548
46553
46557
46562
46566
46572
46575
46581
46584
46590
46593
46599
46602
46608
46612
46617
46621
46626
46630
46635
46639
46644
46648
46653
46657
46663
46666
46672
46675
46681
46684
46690
46693
46699
46703
46708
46712
46717
46721
46726
46730
46735
46739
46744
46748
46754
46757
46763
46766
46772
46775
46781
46784
46790
46794
46799
46803
46808
46812
46817
46821
46826
46830
46836
46839
46845
46848
46854
46857
46863
46866
46872
46875
46881
46885
46890
46894
46899
46903
46908
46912
46917
46921
46926
46930
46935
46939
46944
46948
46954
46957
46963
46966
46972
46975
46981
46984
46990
46994
46999
47003
47008
47012
47017
47021
47026
47030
47035
47039
47045
47048
47054
47057
47063
47066
47072
47075
47081
47085
47090
47094
47099
47103
47108
47112
47117
47121
47126
47130
47136
47139
47145
47148
47154
47157
47163
47166
47172
47176
47181
47185
47190
47194
47199
47203
47208
47212
47217
47221
47227
47230
47236
47239
47245
47248
47254
47257
47263
47267
47272
47276
47281
47285
47290
47294
47299
47303
47309
47312
47318
47321
47327
47330
47336
47339
47345
47348
47354
47358
47363
47367
47372
47376
47381
47385
47390
47394
47400
47403
47409
47412
47418
47421
47427
47430
47436
47439
47445
47449
47454
47458
47463
47467
47472
47476
47481
47485
47490
47494
47499
47503
47509
47512
47518
47521
47527
47530
47536
47539
47545
47548
47554
47558
47563
47567
47572
47576
47581
47585
47590
47594
47599
47603
47609
47612
47618
47621
47627
47630
47636
47639
47645
47648
47654
47658
47663
47667
47672
47676
47681
47685
47690
47694
47699
47703
47708
47712
47718
47721
47727
47730
47736
47739
47745
47748
47754
47757
47763
47767
47772
47776
47781
47785
47790
47794
47799
47803
47808
47812
47818
47821
47827
47830
47836
47839
47845
47848
47854
47857
47863
47867
47872
47876
47881
47885
47890
47894
47899
47903
47908
47912
47917
47921
47926
47930
47935
47939
47944
47948
47954
47957
47963
47966
47972
47975
47981
47984
47990
47994
47999
48003
48008
48012
48017
48021
48026
48030
48036
48039
48045
48048
48054
48057
48063
48066
48072
48076
48081
48085
48090
48094
48099
48103
48108
48112
48118
48121
48127
48130
48136
48139
48145
48148
48154
48158
48163
48167
48172
48176
48181
48185
48190
48194
48200
48203
48209
48212
48218
48221
48227
48230
48236
48240
48245
48249
48254
48258
48263
48267
48272
48276
48282
48285
48291
48294
48300
48303
48309
48312
48318
48322
48327
48331
48336
48340
48345
48349
48354
48358
48364
48367
48373
48376
48382
48385
48391
48394
48400
48404
48409
48413
48418
48422
48427
48431
48436
48440
48445
48449
48455
48458
48464
48467
48473
48476
48482
48485
48491
48495
48500
48504
48509
48513
48518
48522
48527
48531
48537
48540
48546
48549
48555
48558
48564
48567
48573
48577
48582
48586
48591
48595
48600
48604
48609
48613
48619
48622
48628
48631
48637
48640
48646
48649
48655
48659
48664
48668
48673
48677
48682
48686
48691
48695
48701
48704
48710
48713
48719
48722
48728
48731
48737
48741
48746
48750
48755
48759
48764
48768
48773
48777
48783
48786
48792
48795
48801
48804
48810
48813
48819
48823
48828
48832
48837
48841
48846
48850
48855
48859
48865
48868
48874
48877
48883
48886
48892
48895
48901
48905
48910
48914
48919
48923
48928
48932
48937
48941
48947
48950
48955
48959
48964
48968
48973
48977
48982
48986
48992
48995
49001
49004
49010
49013
49019
49022
49028
49032
49037
49041
49046
49050
49055
49059
49064
49068
49074
49077
49083
49086
49092
49095
49101
49104
49110
49114
49119
49123
49128
49132
49137
49141
49146
49150
49156
49159
49165
49168
49174
49177
49183
49186
49192
49196
49201
49205
49210
49214
49219
49223
49228
49232
49238
49241
49247
49250
49256
49259
49265
49268
49274
49278
49283
49287
49292
49296
49301
49305
49310
49314
49320
49323
49329
49332
49338
49341
49347
49350
49356
49360
49365
49369
49374
49378
49383
49387
49392
49396
49402
49405
49411
49414
49420
49423
49429
49434
49438
49443
49447
49452
49456
49461
49465
49470
49474
49480
49483
49489
49492
49498
49501
49507
49510
49516
49520
49525
49529
49534
49538
49543
49547
49552
49556
49561
49565
49571
49574
49580
49583
49589
49592
49598
49601
49607
49611
49616
49620
49625
49629
49634
49638
49643
49647
49652
49656
49662
49665
49671
49674
49680
49683
49689
49692
49698
49702
49707
49711
49716
49720
49725
49729
49734
49738
49743
49747
49753
49756
49762
49765
49771
49774
49780
49783
49789
49793
49798
49802
49807
49811
49816
49820
49825
49829
49835
49838
49844
49847
49853
49856
49862
49865
49871
49874
49880
49884
49889
49893
49898
49903
49907
49912
49916
49921
49925
49930
49934
49939
49943
49949
49952
49958
49961
49967
49970
49976
49979
49985
49989
49994
49998
50003
50007
50012
50016
50021
50025
50031
50034
50040
50043
50049
50052
50058
50061
50067
50070
50076
50080
50085
50089
50094
50098
50103
50107
50112
50116
50122
50125
50131
50134
50140
50143
50149
50152
50158
50162
50167
50171
50176
50180
50185
50189
50194
50198
50204
50207
50213
50216
50222
50225
50231
50234
50240
50243
50249
50253
50258
50262
50267
50271
50276
50280
50285
50289
50295
50298
50304
50307
50313
50316
50322
50325
50331
50335
50340
50344
50349
50353
50358
50362
50367
50371
50376
50380
50386
50389
50395
50398
50404
50407
50413
50416
50422
50426
50431
50435
50440
50444
50449
50454
50458
50463
50467
50472
50476
50481
50485
50490
50494
50499
50503
50509
50512
50518
50521
50527
50530
50536
50539
50545
50549
50553
50559
50562
50568
50571
50577
50580
50586
50589
50595
50599
50603
50609
50612
50618
50621
50627
50630
50636
50639
50645
50649
50653
50659
50662
50668
50671
50677
50680
50686
50689
50695
50699
50703
50709
50712
50718
50721
50727
50730
50736
50739
50745
50749
50753
50759
50762
50768
50771
50777
50780
50786
50789
50795
50799
50803
50809
50812
50818
50821
50827
50830
50836
50839
50845
50849
50853
50859
50862
50868
50871
50877
50880
50886
50889
50895
50899
50903
50909
50912
50918
50921
50927
50932
50936
50941
50945
50950
50954
50959
50963
50968
50972
50978
50981
50987
50990
50996
50999
51005
51008
51014
51018
51023
51027
51032
51036
51041
51045
51050
51054
51060
51063
51069
51072
51078
51081
51087
51090
51096
51100
51105
51109
51114
51118
51123
51127
51132
51136
51142
51145
51151
51154
51160
51163
51169
51172
51178
51182
51187
51191
51196
51200
51205
51209
51214
51218
51224
51227
51233
51236
51242
51245
51251
51254
51260
51264
51269
51273
51278
51282
51287
51291
51296
51300
51305
51309
51315
51318
51324
51327
51333
51336
51342
51345
51351
51355
51360
51364
51369
51373
51378
51382
51387
51391
51397
51402
51406
51411
51415
51420
51424
51429
51433
51439
51442
51448
51451
51457
51460
51466
51469
51475
51479
51484
51488
51493
51497
51502
51506
51511
51515
51521
51524
51530
51533
51539
51542
51548
51551
51557
51561
51566
51570
51575
51579
51584
51588
51593
51597
51603
51606
51612
51615
51621
51624
51630
51633
51639
51643
51648
51652
51657
51661
51666
51670
51675
51679
51685
51688
51694
51697
51703
51706
51712
51715
51721
51725
51730
51734
51739
51743
51748
51752
51757
51761
51767
51770
51776
51779
51785
51788
51794
51797
51803
51807
51812
51816
51821
51825
51830
51834
51839
51843
51849
51852
51858
51861
51867
51870
51876
51879
51885
51889
51894
51898
51903
51908
51912
51917
51921
51926
51930
51935
51939
51944
51948
51954
51957
51963
51966
51972
51975
51981
51984
51990
51994
51999
52003
52008
52012
52017
52021
52026
52030
52036
52039
52045
52048
52054
52057
52063
52066
52072
52076
52081
52085
52090
52094
52099
52103
52108
52112
52118
52121
52127
52130
52136
52139
52145
52148
52154
52158
52163
52167
52172
52176
52181
52185
52190
52194
52200
52203
52209
52212
52218
52221
52227
52230
52236
52240
52245
52249
52254
52258
52263
52267
52272
52276
52281
52285
52291
52294
52300
52303
52309
52312
52318
52321
52327
52331
52336
52340
52345
52349
52354
52358
52363
52367
52373
52376
52382
52385
52391
52394
52400
52403
52409
52413
52418
52422
52427
52431
52436
52440
