5
9
15
19
25
29
35
39
45
49
55
58
64
68
74
78
84
88
94
98
104
108
113
117
123
127
133
137
143
147
153
157
163
166
172
176
182
186
192
196
202
206
212
216
221
225
231
235
241
245
251
255
261
265
271
274
280
284
290
294
300
304
310
314
320
324
329
333
339
343
349
353
359
363
369
373
379
382
388
392
398
402
408
412
418
422
428
432
437
441
447
451
457
461
467
471
477
481
487
490
496
500
506
510
516
520
526
530
536
540
546
549
555
559
565
569
575
579
585
589
595
599
604
608
614
618
624
628
634
638
644
648
654
657
663
667
673
677
683
687
693
697
703
709
713
719
724
730
734
740
745
751
755
761
766
772
776
782
787
793
797
803
808
814
818
824
829
835
839
845
850
856
860
866
871
877
881
887
892
898
902
908
913
919
923
929
934
940
944
950
955
961
965
971
976
982
986
992
997
1003
1007
1013
1018
1024
1028
1034
1039
1045
1049
1056
1060
1066
1070
1077
1081
1087
1091
1098
1102
1108
1112
1119
1123
1129
1133
1140
1144
1150
1154
1161
1165
1171
1175
1182
1186
1192
1196
1203
1207
1213
1217
1224
1228
1234
1238
1245
1249
1255
1259
1266
1270
1276
1280
1287
1291
1297
1301
1308
1312
1318
1322
1329
1333
1339
1345
1349
1356
1360
1367
1371
1378
1382
1389
1393
1400
1404
1411
1415
1422
1426
1433
1437
1444
1448
1454
1459
1465
1470
1476
1481
1487
1492
1498
1503
1509
1514
1520
1525
1531
1536
1542
1547
1553
1557
1564
1568
1575
1579
1586
1590
1597
1601
1608
1612
1619
1623
1630
1634
1641
1645
1652
1656
1662
1667
1673
1678
1684
1689
1695
1700
1706
1711
1717
1722
1728
1733
1739
1744
1750
1755
1761
1766
1772
1776
1783
1787
1794
1798
1805
1809
1816
1820
1827
1831
1838
1842
1849
1853
1860
1864
1871
1875
1881
1886
1892
1897
1903
1908
1914
1919
1925
1930
1936
1941
1947
1952
1958
1963
1969
1974
1980
1984
1991
1995
2002
2006
2013
2019
2024
2030
2035
2041
2046
2053
2057
2064
2068
2075
2080
2086
2091
2097
2102
2109
2113
2120
2124
2131
2136
2142
2147
2153
2158
2164
2169
2176
2180
2187
2191
2198
2203
2209
2214
2220
2225
2232
2236
2243
2247
2254
2259
2265
2270
2276
2281
2287
2292
2299
2303
2310
2314
2321
2326
2332
2337
2343
2348
2355
2359
2366
2370
2377
2382
2388
2393
2399
2404
2411
2415
2422
2426
2433
2437
2444
2449
2455
2460
2466
2471
2478
2482
2489
2493
2500
2505
2511
2516
2522
2527
2534
2538
2545
2549
2556
2560
2567
2572
2578
2583
2589
2594
2601
2605
2612
2616
2618
2623
2625
2629
2632
2636
2639
2643
2645
2650
2652
2657
2659
2663
2666
2670
2673
2677
2679
2684
2686
2691
2693
2697
2700
2704
2707
2711
2713
2718
2720
2724
2727
2731
2734
2738
2740
2745
2747
2752
2754
2758
2761
2765
2768
2772
2774
2779
2781
2786
2788
2792
2795
2799
2802
2806
2808
2813
2815
2820
2822
2826
2829
2833
2835
2840
2842
2847
2849
2853
2856
2860
2863
2867
2869
2874
2876
2881
2883
2887
2890
2894
2897
2901
2903
2908
2910
2915
2917
2921
2924
2928
2931
2935
2937
2942
2944
2948
2951
2955
2958
2962
2964
2969
2971
2976
2978
2982
2985
2989
2992
2996
2998
3003
3005
3010
3012
3016
3019
3023
3026
3030
3032
3037
3039
3043
3046
3050
3053
3057
3063
3068
3075
3079
3086
3091
3097
3102
3109
3113
3120
3125
3131
3136
3143
3147
3154
3159
3165
3170
3177
3181
3188
3193
3199
3204
3211
3215
3222
3227
3233
3238
3245
3249
3256
3261
3268
3272
3279
3284
3290
3295
3302
3306
3313
3318
3324
3329
3336
3340
3347
3352
3358
3363
3370
3374
3381
3386
3392
3397
3404
3408
3415
3420
3426
3431
3438
3442
3449
3454
3461
3465
3472
3477
3483
3488
3495
3499
3506
3511
3517
3522
3529
3533
3540
3545
3551
3556
3563
3567
3574
3579
3585
3590
3597
3601
3608
3613
3619
3624
3631
3635
3642
3647
3654
3658
3665
3670
3676
3681
3688
3692
3699
3704
3710
3715
3722
3726
3733
3738
3744
3749
3756
3760
3767
3772
3778
3783
3790
3794
3801
3806
3812
3817
3824
3828
3835
3840
3846
3851
3858
3862
3869
3874
3880
3885
3892
3896
3903
3908
3914
3919
3926
3930
3937
3942
3948
3953
3960
3964
3971
3976
3982
3987
3994
3998
4005
4010
4016
4021
4028
4032
4039
4044
4050
4055
4062
4066
4073
4078
4084
4089
4096
4100
4107
4112
4118
4123
4130
4134
4141
4146
4152
4157
4164
4169
4175
4180
4187
4191
4198
4203
4209
4214
4221
4225
4232
4237
4243
4248
4255
4261
4265
4271
4275
4282
4286
4292
4296
4303
4307
4313
4317
4324
4328
4334
4338
4345
4349
4355
4359
4366
4370
4376
4380
4387
4391
4397
4401
4407
4412
4418
4422
4428
4433
4439
4443
4449
4454
4460
4464
4470
4475
4481
4485
4491
4496
4502
4506
4512
4517
4523
4527
4533
4537
4544
4548
4554
4558
4565
4569
4575
4579
4586
4590
4596
4600
4607
4611
4617
4621
4628
4632
4638
4642
4649
4653
4659
4663
4669
4674
4680
4684
4690
4695
4701
4705
4711
4716
4722
4726
4732
4737
4743
4747
4753
4758
4764
4768
4770
4775
4777
4782
4784
4788
4791
4795
4798
4802
4804
4809
4811
4816
4818
4822
4825
4829
4832
4836
4838
4843
4845
4850
4852
4856
4859
4863
4866
4870
4872
4877
4879
4884
4886
4890
4893
4897
4900
4904
4906
4911
4913
4918
4920
4924
4927
4931
4934
4938
4940
4945
4947
4952
4954
4958
4961
4965
4968
4972
4975
4979
4981
4986
4988
4993
4995
4999
5002
5006
5009
5013
5015
5020
5022
5027
5029
5033
5036
5040
5043
5047
5049
5054
5056
5061
5063
5067
5070
5074
5077
5081
5083
5088
5090
5095
5097
5101
5104
5108
5111
5115
5117
5122
5124
5129
5131
5135
5138
5142
5145
5149
5151
5156
5158
5163
5165
5169
5172
5176
5179
5183
5186
5190
5192
5197
5199
5204
5206
5210
5213
5217
5220
5224
5226
5231
5233
5238
5240
5244
5247
5251
5254
5258
5260
5266
5271
5277
5282
5288
5293
5299
5304
5310
5315
5321
5326
5332
5337
5343
5348
5354
5359
5365
5370
5377
5381
5388
5392
5399
5403
5410
5414
5421
5425
5432
5436
5443
5447
5454
5458
5465
5469
5476
5480
5487
5492
5498
5503
5509
5514
5520
5525
5531
5536
5542
5547
5553
5558
5564
5569
5575
5580
5586
5591
5598
5602
5609
5613
5620
5624
5631
5635
5642
5646
5653
5657
5664
5668
5675
5679
5686
5690
5697
5701
5708
5713
5719
5724
5730
5735
5741
5746
5752
5757
5763
5768
5774
5779
5785
5790
5796
5801
5806
5810
5815
5819
5824
5828
5833
5837
5842
5846
5851
5855
5860
5864
5869
5873
5878
5882
5887
5891
5896
5900
5905
5909
5914
5918
5923
5927
5932
5936
5941
5945
5950
5954
5959
5963
5968
5972
5977
5981
5986
5990
5995
5999
6004
6008
6013
6017
6022
6026
6031
6035
6040
6044
6049
6053
6058
6062
6067
6071
6076
6080
6085
6089
6094
6098
6103
6107
6112
6116
6121
6125
6130
6134
6139
6143
6148
6152
6157
6161
6166
6170
6175
6179
6184
6188
6193
6197
6202
6206
6211
6215
6220
6224
6229
6233
6238
6242
6247
6251
6256
6260
6265
6269
6274
6278
6283
6287
6292
6296
6301
6305
6313
6319
6327
6333
6342
6348
6356
6362
6370
6377
6385
6391
6399
6406
6414
6420
6428
6434
6443
6449
6457
6463
6472
6478
6486
6492
6500
6507
6515
6521
6529
6536
6544
6550
6558
6564
6573
6579
6587
6593
6602
6608
6616
6622
6630
6637
6645
6651
6659
6666
6674
6680
6688
6694
6703
6709
6717
6723
6731
6738
6746
6752
6760
6767
6775
6781
6789
6795
6804
6810
6818
6824
6833
6839
6847
6853
6861
6868
6873
6881
6886
6894
6899
6906
6912
6919
6925
6932
6938
6945
6950
6958
6963
6971
6976
6983
6989
6996
7002
7009
7015
7022
7027
7035
7040
7048
7053
7061
7066
7073
7079
7086
7092
7099
7104
7112
7117
7125
7130
7138
7143
7150
7156
7163
7169
7176
7182
7189
7194
7202
7207
7215
7220
7227
7233
7240
7246
7253
7259
7266
7271
7279
7284
7292
7297
7305
7310
7317
7323
7330
7336
7343
7348
7356
7361
7369
7374
7382
7387
7394
7400
7407
7413
7420
7426
7433
7438
7446
7451
7459
7464
7471
7477
7484
7490
7497
7503
7510
7515
7523
7528
7536
7543
7549
7557
7563
7571
7577
7585
7591
7599
7605
7613
7619
7627
7633
7641
7647
7655
7661
7669
7675
7683
7689
7697
7703
7711
7717
7725
7731
7739
7745
7753
7759
7767
7773
7781
7787
7795
7801
7809
7815
7823
7829
7837
7843
7851
7857
7865
7871
7879
7885
7893
7899
7906
7912
7920
7926
7934
7940
7948
7954
7962
7968
7976
7982
7990
7996
8004
8010
8018
8024
8032
8038
8046
8052
8060
8066
8074
8080
8088
8094
8102
8108
8116
8122
8130
8136
8145
8153
8162
8170
8179
8187
8196
8204
8213
8221
8230
8238
8247
8255
8264
8272
8281
8289
8298
8306
8315
8323
8332
8340
8349
8357
8366
8374
8383
8391
8400
8408
8417
8425
8434
8442
8451
8459
8468
8476
8485
8493
8502
8510
8519
8527
8536
8544
8553
8561
8570
8578
8587
8595
8604
8612
8621
8629
8638
8646
8655
8663
8672
8680
8689
8697
8706
8714
8718
8720
8724
8727
8731
8733
8737
8740
8744
8746
8750
8753
8757
8759
8764
8766
8770
8772
8777
8779
8783
8785
8790
8792
8796
8799
8803
8805
8809
8812
8816
8818
8822
8825
8829
8831
8836
8838
8842
8844
8849
8851
8855
8857
8862
8864
8868
8871
8875
8877
8881
8884
8888
8890
8894
8897
8901
8903
8908
8910
8914
8916
8921
8923
8927
8929
8934
8936
8940
8943
8947
8949
8953
8956
8960
8962
8966
8969
8973
8975
8980
8982
8986
8988
8993
8995
8999
9001
9006
9008
9012
9015
9019
9021
9025
9028
9032
9034
9038
9041
9045
9047
9052
9054
9058
9060
9065
9067
9071
9073
9078
9080
9084
9087
9091
9093
9097
9100
9104
9106
9110
9113
9117
9119
9124
9126
9130
9132
9137
9139
9143
9145
9150
9152
9156
9159
9163
9165
9169
9172
9176
9178
9182
9185
9189
9191
9196
9198
9202
9204
9209
9211
9215
9217
9222
9227
9231
9237
9240
9246
9250
9256
9259
9265
9269
9274
9278
9284
9288
9293
9297
9303
9307
9312
9316
9322
9325
9331
9335
9341
9344
9350
9354
9360
9363
9369
9373
9378
9382
9388
9392
9397
9401
9407
9411
9416
9420
9426
9429
9435
9439
9445
9448
9454
9458
9464
9467
9473
9477
9482
9486
9492
9496
9501
9505
9511
9515
9520
9524
9530
9533
9539
9543
9549
9552
9558
9562
9568
9571
9577
9581
9586
9590
9596
9600
9605
9609
9615
9619
9624
9628
9634
9637
9643
9647
9653
9656
9662
9667
9670
9676
9679
9684
9688
9693
9696
9702
9705
9711
9714
9719
9723
9728
9731
9737
9740
9745
9749
9754
9758
9763
9766
9772
9775
9780
9784
9789
9793
9798
9801
9807
9810
9815
9819
9824
9827
9833
9836
9842
9845
9850
9854
9859
9862
9868
9871
9876
9880
9885
9889
9894
9897
9903
9906
9911
9915
9920
9924
9929
9932
9938
9941
9946
9950
9955
9958
9964
9967
9973
9976
9981
9985
9990
9993
9999
10002
10007
10011
10016
10020
10025
10028
10034
10037
10042
10046
10051
10055
10060
10063
10069
10072
10077
10081
10086
10089
10095
10098
10104
10107
10112
10116
10121
10124
10130
10133
10138
10142
10147
10151
10156
10159
10165
10168
10173
10177
10182
10186
10191
10194
10200
10205
10209
10215
10219
10225
10229
10235
10239
10245
10249
10255
10258
10264
10268
10274
10278
10284
10288
10294
10298
10304
10308
10313
10317
10323
10327
10333
10337
10343
10347
10353
10357
10363
10366
10372
10376
10382
10386
10392
10396
10402
10406
10412
10416
10421
10425
10431
10435
10441
10445
10451
10455
10461
10465
10471
10474
10480
10484
10490
10494
10500
10504
10510
10514
10520
10524
10529
10533
10539
10543
10549
10553
10559
10563
10569
10573
10579
10582
10588
10592
10598
10602
10608
10612
10618
10622
10628
10632
10637
10641
10647
10651
10657
10661
10667
10671
10677
10681
10687
10690
10696
10700
10706
10710
10716
10720
10726
10730
10736
10740
10746
10749
10755
10759
10765
10769
10775
10779
10785
10789
10795
10799
10804
10808
10814
10818
10824
10828
10834
10838
10844
10848
10854
10857
10863
10867
10873
10877
10883
10887
10893
10897
10903
10909
10913
10919
10924
10930
10934
10940
10945
10951
10955
10961
10966
10972
10976
10982
10987
10993
10997
11003
11008
11014
11018
11024
11029
11035
11039
11045
11050
11056
11060
11066
11071
11077
11081
11087
11092
11098
11102
11108
11113
11119
11123
11129
11134
11140
11144
11150
11155
11161
11165
11171
11176
11182
11186
11192
11197
11203
11207
11213
11218
11224
11228
11234
11239
11245
11249
11256
11260
11266
11270
11277
11281
11287
11291
11298
11302
11308
11312
11319
11323
11329
11333
11340
11344
11350
11354
11361
11365
11371
11375
11382
11386
11392
11396
11403
11407
11413
11417
11424
11428
11434
11438
11445
11449
11455
11459
11466
11470
11476
11480
11487
11491
11497
11501
11508
11512
11518
11522
11529
11533
11539
11545
11549
11556
11560
11567
11571
11578
11582
11589
11593
11600
11604
11611
11615
11622
11626
11633
11637
11644
11648
11654
11659
11665
11670
11676
11681
11687
11692
11698
11703
11709
11714
11720
11725
11731
11736
11742
11747
11753
11757
11764
11768
11775
11779
11786
11790
11797
11801
11808
11812
11819
11823
11830
11834
11841
11845
11852
11856
11862
11867
11873
11878
11884
11889
11895
11900
11906
11911
11917
11922
11928
11933
11939
11944
11950
11955
11961
11966
11972
11976
11983
11987
11994
11998
12005
12009
12016
12020
12027
12031
12038
12042
12049
12053
12060
12064
12071
12075
12081
12086
12092
12097
12103
12108
12114
12119
12125
12130
12136
12141
12147
12152
12158
12163
12169
12174
12180
12184
12191
12195
12202
12206
12213
12219
12224
12230
12235
12241
12246
12253
12257
12264
12268
12275
12280
12286
12291
12297
12302
12309
12313
12320
12324
12331
12336
12342
12347
12353
12358
12364
12369
12376
12380
12387
12391
12398
12403
12409
12414
12420
12425
12432
12436
12443
12447
12454
12459
12465
12470
12476
12481
12487
12492
12499
12503
12510
12514
12521
12526
12532
12537
12543
12548
12555
12559
12566
12570
12577
12582
12588
12593
12599
12604
12611
12615
12622
12626
12633
12637
12644
12649
12655
12660
12666
12671
12678
12682
12689
12693
12700
12705
12711
12716
12722
12727
12734
12738
12745
12749
12756
12760
12767
12772
12778
12783
12789
12794
12801
12805
12812
12816
12818
12823
12825
12829
12832
12836
12839
12843
12845
12850
12852
12857
12859
12863
12866
12870
12873
12877
12879
12884
12886
12891
12893
12897
12900
12904
12907
12911
12913
12918
12920
12924
12927
12931
12934
12938
12940
12945
12947
12952
12954
12958
12961
12965
12968
12972
12974
12979
12981
12986
12988
12992
12995
12999
13002
13006
13008
13013
13015
13020
13022
13026
13029
13033
13035
13040
13042
13047
13049
13053
13056
13060
13063
13067
13069
13074
13076
13081
13083
13087
13090
13094
13097
13101
13103
13108
13110
13115
13117
13121
13124
13128
13131
13135
13137
13142
13144
13148
13151
13155
13158
13162
13164
13169
13171
13176
13178
13182
13185
13189
13192
13196
13198
13203
13205
13210
13212
13216
13219
13223
13226
13230
13232
13237
13239
13243
13246
13250
13253
13257
13263
13268
13275
13279
13286
13291
13297
13302
13309
13313
13320
13325
13331
13336
13343
13347
13354
13359
13365
13370
13377
13381
13388
13393
13399
13404
13411
13415
13422
13427
13433
13438
13445
13449
13456
13461
13468
13472
13479
13484
13490
13495
13502
13506
13513
13518
13524
13529
13536
13540
13547
13552
13558
13563
13570
13574
13581
13586
13592
13597
13604
13608
13615
13620
13626
13631
13638
13642
13649
13654
13661
13665
13672
13677
13683
13688
13695
13699
13706
13711
13717
13722
13729
13733
13740
13745
13751
13756
13763
13767
13774
13779
13785
13790
13797
13801
13808
13813
13819
13824
13831
13835
13842
13847
13854
13858
13865
13870
13876
13881
13888
13892
13899
13904
13910
13915
13922
13926
13933
13938
13944
13949
13956
13960
13967
13972
13978
13983
13990
13994
14001
14006
14012
14017
14024
14028
14035
14040
14046
14051
14058
14062
14069
14074
14080
14085
14092
14096
14103
14108
14114
14119
14126
14130
14137
14142
14148
14153
14160
14164
14171
14176
14182
14187
14194
14198
14205
14210
14216
14221
14228
14232
14239
14244
14250
14255
14262
14266
14273
14278
14284
14289
14296
14300
14307
14312
14318
14323
14330
14334
14341
14346
14352
14357
14364
14369
14375
14380
14387
14391
14398
14403
14409
14414
14421
14425
14432
14437
14443
14448
14455
14461
14465
14471
14475
14482
14486
14492
14496
14503
14507
14513
14517
14524
14528
14534
14538
14545
14549
14555
14559
14566
14570
14576
14580
14587
14591
14597
14601
14607
14612
14618
14622
14628
14633
14639
14643
14649
14654
14660
14664
14670
14675
14681
14685
14691
14696
14702
14706
14712
14717
14723
14727
14733
14737
14744
14748
14754
14758
14765
14769
14775
14779
14786
14790
14796
14800
14807
14811
14817
14821
14828
14832
14838
14842
14849
14853
14859
14863
14869
14874
14880
14884
14890
14895
14901
14905
14911
14916
14922
14926
14932
14937
14943
14947
14953
14958
14964
14968
14970
14975
14977
14982
14984
14988
14991
14995
14998
15002
15004
15009
15011
15016
15018
15022
15025
15029
15032
15036
15038
15043
15045
15050
15052
15056
15059
15063
15066
15070
15072
15077
15079
15084
15086
15090
15093
15097
15100
15104
15106
15111
15113
15118
15120
15124
15127
15131
15134
15138
15140
15145
15147
15152
15154
15158
15161
15165
15168
15172
15175
15179
15181
15186
15188
15193
15195
15199
15202
15206
15209
15213
15215
15220
15222
15227
15229
15233
15236
15240
15243
15247
15249
15254
15256
15261
15263
15267
15270
15274
15277
15281
15283
15288
15290
15295
15297
15301
15304
15308
15311
15315
15317
15322
15324
15329
15331
15335
15338
15342
15345
15349
15351
15356
15358
15363
15365
15369
15372
15376
15379
15383
15386
15390
15392
15397
15399
15404
15406
15410
15413
15417
15420
15424
15426
15431
15433
15438
15440
15444
15447
15451
15454
15458
15460
15466
15471
15477
15482
15488
15493
15499
15504
15510
15515
15521
15526
15532
15537
15543
15548
15554
15559
15565
15570
15577
15581
15588
15592
15599
15603
15610
15614
15621
15625
15632
15636
15643
15647
15654
15658
15665
15669
15676
15680
15687
15692
15698
15703
15709
15714
15720
15725
15731
15736
15742
15747
15753
15758
15764
15769
15775
15780
15786
15791
15798
15802
15809
15813
15820
15824
15831
15835
15842
15846
15853
15857
15864
15868
15875
15879
15886
15890
15897
15901
15908
15913
15919
15924
15930
15935
15941
15946
15952
15957
15963
15968
15974
15979
15985
15990
15996
16001
16006
16010
16015
16019
16024
16028
16033
16037
16042
16046
16051
16055
16060
16064
16069
16073
16078
16082
16087
16091
16096
16100
16105
16109
16114
16118
16123
16127
16132
16136
16141
16145
16150
16154
16159
16163
16168
16172
16177
16181
16186
16190
16195
16199
16204
16208
16213
16217
16222
16226
16231
16235
16240
16244
16249
16253
16258
16262
16267
16271
16276
16280
16285
16289
16294
16298
16303
16307
16312
16316
16321
16325
16330
16334
16339
16343
16348
16352
16357
16361
16366
16370
16375
16379
16384
16388
16393
16397
16402
16406
16411
16415
16420
16424
16429
16433
16438
16442
16447
16451
16456
16460
16465
16469
16474
16478
16483
16487
16492
16496
16501
16505
16513
16519
16527
16533
16542
16548
16556
16562
16570
16577
16585
16591
16599
16606
16614
16620
16628
16634
16643
16649
16657
16663
16672
16678
16686
16692
16700
16707
16715
16721
16729
16736
16744
16750
16758
16764
16773
16779
16787
16793
16802
16808
16816
16822
16830
16837
16845
16851
16859
16866
16874
16880
16888
16894
16903
16909
16917
16923
16931
16938
16946
16952
16960
16967
16975
16981
16989
16995
17004
17010
17018
17024
17033
17039
17047
17053
17061
17068
17073
17081
17086
17094
17099
17106
17112
17119
17125
17132
17138
17145
17150
17158
17163
17171
17176
17183
17189
17196
17202
17209
17215
17222
17227
17235
17240
17248
17253
17261
17266
17273
17279
17286
17292
17299
17304
17312
17317
17325
17330
17338
17343
17350
17356
17363
17369
17376
17382
17389
17394
17402
17407
17415
17420
17427
17433
17440
17446
17453
17459
17466
17471
17479
17484
17492
17497
17505
17510
17517
17523
17530
17536
17543
17548
17556
17561
17569
17574
17582
17587
17594
17600
17607
17613
17620
17626
17633
17638
17646
17651
17659
17664
17671
17677
17684
17690
17697
17703
17710
17715
17723
17728
17736
17743
17749
17757
17763
17771
17777
17785
17791
17799
17805
17813
17819
17827
17833
17841
17847
17855
17861
17869
17875
17883
17889
17897
17903
17911
17917
17925
17931
17939
17945
17953
17959
17967
17973
17981
17987
17995
18001
18009
18015
18023
18029
18037
18043
18051
18057
18065
18071
18079
18085
18093
18099
18106
18112
18120
18126
18134
18140
18148
18154
18162
18168
18176
18182
18190
18196
18204
18210
18218
18224
18232
18238
18246
18252
18260
18266
18274
18280
18288
18294
18302
18308
18316
18322
18330
18336
18345
18353
18362
18370
18379
18387
18396
18404
18413
18421
18430
18438
18447
18455
18464
18472
18481
18489
18498
18506
18515
18523
18532
18540
18549
18557
18566
18574
18583
18591
18600
18608
18617
18625
18634
18642
18651
18659
18668
18676
18685
18693
18702
18710
18719
18727
18736
18744
18753
18761
18770
18778
18787
18795
18804
18812
18821
18829
18838
18846
18855
18863
18872
18880
18889
18897
18906
18914
18918
18920
18924
18927
18931
18933
18937
18940
18944
18946
18950
18953
18957
18959
18964
18966
18970
18972
18977
18979
18983
18985
18990
18992
18996
18999
19003
19005
19009
19012
19016
19018
19022
19025
19029
19031
19036
19038
19042
19044
19049
19051
19055
19057
19062
19064
19068
19071
19075
19077
19081
19084
19088
19090
19094
19097
19101
19103
19108
19110
19114
19116
19121
19123
19127
19129
19134
19136
19140
19143
19147
19149
19153
19156
19160
19162
19166
19169
19173
19175
19180
19182
19186
19188
19193
19195
19199
19201
19206
19208
19212
19215
19219
19221
19225
19228
19232
19234
19238
19241
19245
19247
19252
19254
19258
19260
19265
19267
19271
19273
19278
19280
19284
19287
19291
19293
19297
19300
19304
19306
19310
19313
19317
19319
19324
19326
19330
19332
19337
19339
19343
19345
19350
19352
19356
19359
19363
19365
19369
19372
19376
19378
19382
19385
19389
19391
19396
19398
19402
19404
19409
19411
19415
19417
19422
19427
19431
19437
19440
19446
19450
19456
19459
19465
19469
19474
19478
19484
19488
19493
19497
19503
19507
19512
19516
19522
19525
19531
19535
19541
19544
19550
19554
19560
19563
19569
19573
19578
19582
19588
19592
19597
19601
19607
19611
19616
19620
19626
19629
19635
19639
19645
19648
19654
19658
19664
19667
19673
19677
19682
19686
19692
19696
19701
19705
19711
19715
19720
19724
19730
19733
19739
19743
19749
19752
19758
19762
19768
19771
19777
19781
19786
19790
19796
19800
19805
19809
19815
19819
19824
19828
19834
19837
19843
19847
19853
19856
19862
19867
19870
19876
19879
19884
19888
19893
19896
19902
19905
19911
19914
19919
19923
19928
19931
19937
19940
19945
19949
19954
19958
19963
19966
19972
19975
19980
19984
19989
19993
19998
20001
20007
20010
20015
20019
20024
20027
20033
20036
20042
20045
20050
20054
20059
20062
20068
20071
20076
20080
20085
20089
20094
20097
20103
20106
20111
20115
20120
20124
20129
20132
20138
20141
20146
20150
20155
20158
20164
20167
20173
20176
20181
20185
20190
20193
20199
20202
20207
20211
20216
20220
20225
20228
20234
20237
20242
20246
20251
20255
20260
20263
20269
20272
20277
20281
20286
20289
20295
20298
20304
20307
20312
20316
20321
20324
20330
20333
20338
20342
20347
20351
20356
20359
20365
20368
20373
20377
20382
20386
20391
20394
20400
20405
20409
20415
20419
20425
20429
20435
20439
20445
20449
20455
20458
20464
20468
20474
20478
20484
20488
20494
20498
20504
20508
20513
20517
20523
20527
20533
20537
20543
20547
20553
20557
20563
20566
20572
20576
20582
20586
20592
20596
20602
20606
20612
20616
20621
20625
20631
20635
20641
20645
20651
20655
20661
20665
20671
20674
20680
20684
20690
20694
20700
20704
20710
20714
20720
20724
20729
20733
20739
20743
20749
20753
20759
20763
20769
20773
20779
20782
20788
20792
20798
20802
20808
20812
20818
20822
20828
20832
20837
20841
20847
20851
20857
20861
20867
20871
20877
20881
20887
20890
20896
20900
20906
20910
20916
20920
20926
20930
20936
20940
20946
20949
20955
20959
20965
20969
20975
20979
20985
20989
20995
20999
21004
21008
21014
21018
21024
21028
21034
21038
21044
21048
21054
21057
21063
21067
21073
21077
21083
21087
21093
21097
21103
21109
21113
21119
21124
21130
21134
21140
21145
21151
21155
21161
21166
21172
21176
21182
21187
21193
21197
21203
21208
21214
21218
21224
21229
21235
21239
21245
21250
21256
21260
21266
21271
21277
21281
21287
21292
21298
21302
21308
21313
21319
21323
21329
21334
21340
21344
21350
21355
21361
21365
21371
21376
21382
21386
21392
21397
21403
21407
21413
21418
21424
21428
21434
21439
21445
21449
21456
21460
21466
21470
21477
21481
21487
21491
21498
21502
21508
21512
21519
21523
21529
21533
21540
21544
21550
21554
21561
21565
21571
21575
21582
21586
21592
21596
21603
21607
21613
21617
21624
21628
21634
21638
21645
21649
21655
21659
21666
21670
21676
21680
21687
21691
21697
21701
21708
21712
21718
21722
21729
21733
21739
21745
21749
21756
21760
21767
21771
21778
21782
21789
21793
21800
21804
21811
21815
21822
21826
21833
21837
21844
21848
21854
21859
21865
21870
21876
21881
21887
21892
21898
21903
21909
21914
21920
21925
21931
21936
21942
21947
21953
21957
21964
21968
21975
21979
21986
21990
21997
22001
22008
22012
22019
22023
22030
22034
22041
22045
22052
22056
22062
22067
22073
22078
22084
22089
22095
22100
22106
22111
22117
22122
22128
22133
22139
22144
22150
22155
22161
22166
22172
22176
22183
22187
22194
22198
22205
22209
22216
22220
22227
22231
22238
22242
22249
22253
22260
22264
22271
22275
22281
22286
22292
22297
22303
22308
22314
22319
22325
22330
22336
22341
22347
22352
22358
22363
22369
22374
22380
22384
22391
22395
22402
22406
22413
22419
22424
22430
22435
22441
22446
22453
22457
22464
22468
22475
22480
22486
22491
22497
22502
22509
22513
22520
22524
22531
22536
22542
22547
22553
22558
22564
22569
22576
22580
22587
22591
22598
22603
22609
22614
22620
22625
22632
22636
22643
22647
22654
22659
22665
22670
22676
22681
22687
22692
22699
22703
22710
22714
22721
22726
22732
22737
22743
22748
22755
22759
22766
22770
22777
22782
22788
22793
22799
22804
22811
22815
22822
22826
22833
22837
22844
22849
22855
22860
22866
22871
22878
22882
22889
22893
22900
22905
22911
22916
22922
22927
22934
22938
22945
22949
22956
22960
22967
22972
22978
22983
22989
22994
23001
23005
23012
23016
23018
23023
23025
23029
23032
23036
23039
23043
23045
23050
23052
23057
23059
23063
23066
23070
23073
23077
23079
23084
23086
23091
23093
23097
23100
23104
23107
23111
23113
23118
23120
23124
23127
23131
23134
23138
23140
23145
23147
23152
23154
23158
23161
23165
23168
23172
23174
23179
23181
23186
23188
23192
23195
23199
23202
23206
23208
23213
23215
23220
23222
23226
23229
23233
23235
23240
23242
23247
23249
23253
23256
23260
23263
23267
23269
23274
23276
23281
23283
23287
23290
23294
23297
23301
23303
23308
23310
23315
23317
23321
23324
23328
23331
23335
23337
23342
23344
23348
23351
23355
23358
23362
23364
23369
23371
23376
23378
23382
23385
23389
23392
23396
23398
23403
23405
23410
23412
23416
23419
23423
23426
23430
23432
23437
23439
23443
23446
23450
23453
23457
23463
23468
23475
23479
23486
23491
23497
23502
23509
23513
23520
23525
23531
23536
23543
23547
23554
23559
23565
23570
23577
23581
23588
23593
23599
23604
23611
23615
23622
23627
23633
23638
23645
23649
23656
23661
23668
23672
23679
23684
23690
23695
23702
23706
23713
23718
23724
23729
23736
23740
23747
23752
23758
23763
23770
23774
23781
23786
23792
23797
23804
23808
23815
23820
23826
23831
23838
23842
23849
23854
23861
23865
23872
23877
23883
23888
23895
23899
23906
23911
23917
23922
23929
23933
23940
23945
23951
23956
23963
23967
23974
23979
23985
23990
23997
24001
24008
24013
24019
24024
24031
24035
24042
24047
24054
24058
24065
24070
24076
24081
24088
24092
24099
24104
24110
24115
24122
24126
24133
24138
24144
24149
24156
24160
24167
24172
24178
24183
24190
24194
24201
24206
24212
24217
24224
24228
24235
24240
24246
24251
24258
24262
24269
24274
24280
24285
24292
24296
24303
24308
24314
24319
24326
24330
24337
24342
24348
24353
24360
24364
24371
24376
24382
24387
24394
24398
24405
24410
24416
24421
24428
24432
24439
24444
24450
24455
24462
24466
24473
24478
24484
24489
24496
24500
24507
24512
24518
24523
24530
24534
24541
24546
24552
24557
24564
24569
24575
24580
24587
24591
24598
24603
24609
24614
24621
24625
24632
24637
24643
24648
24655
24661
24665
24671
24675
24682
24686
24692
24696
24703
24707
24713
24717
24724
24728
24734
24738
24745
24749
24755
24759
24766
24770
24776
24780
24787
24791
24797
24801
24807
24812
24818
24822
24828
24833
24839
24843
24849
24854
24860
24864
24870
24875
24881
24885
24891
24896
24902
24906
24912
24917
24923
24927
24933
24937
24944
24948
24954
24958
24965
24969
24975
24979
24986
24990
24996
25000
25007
25011
25017
25021
25028
25032
25038
25042
25049
25053
25059
25063
25069
25074
25080
25084
25090
25095
25101
25105
25111
25116
25122
25126
25132
25137
25143
25147
25153
25158
25164
25168
25170
25175
25177
25182
25184
25188
25191
25195
25198
25202
25204
25209
25211
25216
25218
25222
25225
25229
25232
25236
25238
25243
25245
25250
25252
25256
25259
25263
25266
25270
25272
25277
25279
25284
25286
25290
25293
25297
25300
25304
25306
25311
25313
25318
25320
25324
25327
25331
25334
25338
25340
25345
25347
25352
25354
25358
25361
25365
25368
25372
25375
25379
25381
25386
25388
25393
25395
25399
25402
25406
25409
25413
25415
25420
25422
25427
25429
25433
25436
25440
25443
25447
25449
25454
25456
25461
25463
25467
25470
25474
25477
25481
25483
25488
25490
25495
25497
25501
25504
25508
25511
25515
25517
25522
25524
25529
25531
25535
25538
25542
25545
25549
25551
25556
25558
25563
25565
25569
25572
25576
25579
25583
25586
25590
25592
25597
25599
25604
25606
25610
25613
25617
25620
25624
25626
25631
25633
25638
25640
25644
25647
25651
25654
25658
25660
25666
25671
25677
25682
25688
25693
25699
25704
25710
25715
25721
25726
25732
25737
25743
25748
25754
25759
25765
25770
25777
25781
25788
25792
25799
25803
25810
25814
25821
25825
25832
25836
25843
25847
25854
25858
25865
25869
25876
25880
25887
25892
25898
25903
25909
25914
25920
25925
25931
25936
25942
25947
25953
25958
25964
25969
25975
25980
25986
25991
25998
26002
26009
26013
26020
26024
26031
26035
26042
26046
26053
26057
26064
26068
26075
26079
26086
26090
26097
26101
26108
26113
26119
26124
26130
26135
26141
26146
26152
26157
26163
26168
26174
26179
26185
26190
26196
26201
26206
26210
26215
26219
26224
26228
26233
26237
26242
26246
26251
26255
26260
26264
26269
26273
26278
26282
26287
26291
26296
26300
26305
26309
26314
26318
26323
26327
26332
26336
26341
26345
26350
26354
26359
26363
26368
26372
26377
26381
26386
26390
26395
26399
26404
26408
26413
26417
26422
26426
26431
26435
26440
26444
26449
26453
26458
26462
26467
26471
26476
26480
26485
26489
26494
26498
26503
26507
26512
26516
26521
26525
26530
26534
26539
26543
26548
26552
26557
26561
26566
26570
26575
26579
26584
26588
26593
26597
26602
26606
26611
26615
26620
26624
26629
26633
26638
26642
26647
26651
26656
26660
26665
26669
26674
26678
26683
26687
26692
26696
26701
26705
26713
26719
26727
26733
26742
26748
26756
26762
26770
26777
26785
26791
26799
26806
26814
26820
26828
26834
26843
26849
26857
26863
26872
26878
26886
26892
26900
26907
26915
26921
26929
26936
26944
26950
26958
26964
26973
26979
26987
26993
27002
27008
27016
27022
27030
27037
27045
27051
27059
27066
27074
27080
27088
27094
27103
27109
27117
27123
27131
27138
27146
27152
27160
27167
27175
27181
27189
27195
27204
27210
27218
27224
27233
27239
27247
27253
27261
27268
27273
27281
27286
27294
27299
27306
27312
27319
27325
27332
27338
27345
27350
27358
27363
27371
27376
27383
27389
27396
27402
27409
27415
27422
27427
27435
27440
27448
27453
27461
27466
27473
27479
27486
27492
27499
27504
27512
27517
27525
27530
27538
27543
27550
27556
27563
27569
27576
27582
27589
27594
27602
27607
27615
27620
27627
27633
27640
27646
27653
27659
27666
27671
27679
27684
27692
27697
27705
27710
27717
27723
27730
27736
27743
27748
27756
27761
27769
27774
27782
27787
27794
27800
27807
27813
27820
27826
27833
27838
27846
27851
27859
27864
27871
27877
27884
27890
27897
27903
27910
27915
27923
27928
27936
27943
27949
27957
27963
27971
27977
27985
27991
27999
28005
28013
28019
28027
28033
28041
28047
28055
28061
28069
28075
28083
28089
28097
28103
28111
28117
28125
28131
28139
28145
28153
28159
28167
28173
28181
28187
28195
28201
28209
28215
28223
28229
28237
28243
28251
28257
28265
28271
28279
28285
28293
28299
28306
28312
28320
28326
28334
28340
28348
28354
28362
28368
28376
28382
28390
28396
28404
28410
28418
28424
28432
28438
28446
28452
28460
28466
28474
28480
28488
28494
28502
28508
28516
28522
28530
28536
28545
28553
28562
28570
28579
28587
28596
28604
28613
28621
28630
28638
28647
28655
28664
28672
28681
28689
28698
28706
28715
28723
28732
28740
28749
28757
28766
28774
28783
28791
28800
28808
28817
28825
28834
28842
28851
28859
28868
28876
28885
28893
28902
28910
28919
28927
28936
28944
28953
28961
28970
28978
28987
28995
29004
29012
29021
29029
29038
29046
29055
29063
29072
29080
29089
29097
29106
29114
29118
29120
29124
29127
29131
29133
29137
29140
29144
29146
29150
29153
29157
29159
29164
29166
29170
29172
29177
29179
29183
29185
29190
29192
29196
29199
29203
29205
29209
29212
29216
29218
29222
29225
29229
29231
29236
29238
29242
29244
29249
29251
29255
29257
29262
29264
29268
29271
29275
29277
29281
29284
29288
29290
29294
29297
29301
29303
29308
29310
29314
29316
29321
29323
29327
29329
29334
29336
29340
29343
29347
29349
29353
29356
29360
29362
29366
29369
29373
29375
29380
29382
29386
29388
29393
29395
29399
29401
29406
29408
29412
29415
29419
29421
29425
29428
29432
29434
29438
29441
29445
29447
29452
29454
29458
29460
29465
29467
29471
29473
29478
29480
29484
29487
29491
29493
29497
29500
29504
29506
29510
29513
29517
29519
29524
29526
29530
29532
29537
29539
29543
29545
29550
29552
29556
29559
29563
29565
29569
29572
29576
29578
29582
29585
29589
29591
29596
29598
29602
29604
29609
29611
29615
29617
29622
29627
29631
29637
29640
29646
29650
29656
29659
29665
29669
29674
29678
29684
29688
29693
29697
29703
29707
29712
29716
29722
29725
29731
29735
29741
29744
29750
29754
29760
29763
29769
29773
29778
29782
29788
29792
29797
29801
29807
29811
29816
29820
29826
29829
29835
29839
29845
29848
29854
29858
29864
29867
29873
29877
29882
29886
29892
29896
29901
29905
29911
29915
29920
29924
29930
29933
29939
29943
29949
29952
29958
29962
29968
29971
29977
29981
29986
29990
29996
30000
30005
30009
30015
30019
30024
30028
30034
30037
30043
30047
30053
30056
30062
30067
30070
30076
30079
30084
30088
30093
30096
30102
30105
30111
30114
30119
30123
30128
30131
30137
30140
30145
30149
30154
30158
30163
30166
30172
30175
30180
30184
30189
30193
30198
30201
30207
30210
30215
30219
30224
30227
30233
30236
30242
30245
30250
30254
30259
30262
30268
30271
30276
30280
30285
30289
30294
30297
30303
30306
30311
30315
30320
30324
30329
30332
30338
30341
30346
30350
30355
30358
30364
30367
30373
30376
30381
30385
30390
30393
30399
30402
30407
30411
30416
30420
30425
30428
30434
30437
30442
30446
30451
30455
30460
30463
30469
30472
30477
30481
30486
30489
30495
30498
30504
30507
30512
30516
30521
30524
30530
30533
30538
30542
30547
30551
30556
30559
30565
30568
30573
30577
30582
30586
30591
30594
30600
30605
30609
30615
30619
30625
30629
30635
30639
30645
30649
30655
30658
30664
30668
30674
30678
30684
30688
30694
30698
30704
30708
30713
30717
30723
30727
30733
30737
30743
30747
30753
30757
30763
30766
30772
30776
30782
30786
30792
30796
30802
30806
30812
30816
30821
30825
30831
30835
30841
30845
30851
30855
30861
30865
30871
30874
30880
30884
30890
30894
30900
30904
30910
30914
30920
30924
30929
30933
30939
30943
30949
30953
30959
30963
30969
30973
30979
30982
30988
30992
30998
31002
31008
31012
31018
31022
31028
31032
31037
31041
31047
31051
31057
31061
31067
31071
31077
31081
31087
31090
31096
31100
31106
31110
31116
31120
31126
31130
31136
31140
31146
31149
31155
31159
31165
31169
31175
31179
31185
31189
31195
31199
31204
31208
31214
31218
31224
31228
31234
31238
31244
31248
31254
31257
31263
31267
31273
31277
31283
31287
31293
31297
31303
31309
31313
31319
31324
31330
31334
31340
31345
31351
31355
31361
31366
31372
31376
31382
31387
31393
31397
31403
31408
31414
31418
31424
31429
31435
31439
31445
31450
31456
31460
31466
31471
31477
31481
31487
31492
31498
31502
31508
31513
31519
31523
31529
31534
31540
31544
31550
31555
31561
31565
31571
31576
31582
31586
31592
31597
31603
31607
31613
31618
31624
31628
31634
31639
31645
31649
31656
31660
31666
31670
31677
31681
31687
31691
31698
31702
31708
31712
31719
31723
31729
31733
31740
31744
31750
31754
31761
31765
31771
31775
31782
31786
31792
31796
31803
31807
31813
31817
31824
31828
31834
31838
31845
31849
31855
31859
31866
31870
31876
31880
31887
31891
31897
31901
31908
31912
31918
31922
31929
31933
31939
31945
31949
31956
31960
31967
31971
31978
31982
31989
31993
32000
32004
32011
32015
32022
32026
32033
32037
32044
32048
32054
32059
32065
32070
32076
32081
32087
32092
32098
32103
32109
32114
32120
32125
32131
32136
32142
32147
32153
32157
32164
32168
32175
32179
32186
32190
32197
32201
32208
32212
32219
32223
32230
32234
32241
32245
32252
32256
32262
32267
32273
32278
32284
32289
32295
32300
32306
32311
32317
32322
32328
32333
32339
32344
32350
32355
32361
32366
32372
32376
32383
32387
32394
32398
32405
32409
32416
32420
32427
32431
32438
32442
32449
32453
32460
32464
32471
32475
32481
32486
32492
32497
32503
32508
32514
32519
32525
32530
32536
32541
32547
32552
32558
32563
32569
32574
32580
32584
32591
32595
32602
32606
32613
32619
32624
32630
32635
32641
32646
32653
32657
32664
32668
32675
32680
32686
32691
32697
32702
32709
32713
32720
32724
32731
32736
32742
32747
32753
32758
32764
32769
32776
32780
32787
32791
32798
32803
32809
32814
32820
32825
32832
32836
32843
32847
32854
32859
32865
32870
32876
32881
32887
32892
32899
32903
32910
32914
32921
32926
32932
32937
32943
32948
32955
32959
32966
32970
32977
32982
32988
32993
32999
33004
33011
33015
33022
33026
33033
33037
33044
33049
33055
33060
33066
33071
33078
33082
33089
33093
33100
33105
33111
33116
33122
33127
33134
33138
33145
33149
33156
33160
33167
33172
33178
33183
33189
33194
33201
33205
33212
33216
33218
33223
33225
33229
33232
33236
33239
33243
33245
33250
33252
33257
33259
33263
33266
33270
33273
33277
33279
33284
33286
33291
33293
33297
33300
33304
33307
33311
33313
33318
33320
33324
33327
33331
33334
33338
33340
33345
33347
33352
33354
33358
33361
33365
33368
33372
33374
33379
33381
33386
33388
33392
33395
33399
33402
33406
33408
33413
33415
33420
33422
33426
33429
33433
33435
33440
33442
33447
33449
33453
33456
33460
33463
33467
33469
33474
33476
33481
33483
33487
33490
33494
33497
33501
33503
33508
33510
33515
33517
33521
33524
33528
33531
33535
33537
33542
33544
33548
33551
33555
33558
33562
33564
33569
33571
33576
33578
33582
33585
33589
33592
33596
33598
33603
33605
33610
33612
33616
33619
33623
33626
33630
33632
33637
33639
33643
33646
33650
33653
33657
33663
33668
33675
33679
33686
33691
33697
33702
33709
33713
33720
33725
33731
33736
33743
33747
33754
33759
33765
33770
33777
33781
33788
33793
33799
33804
33811
33815
33822
33827
33833
33838
33845
33849
33856
33861
33868
33872
33879
33884
33890
33895
33902
33906
33913
33918
33924
33929
33936
33940
33947
33952
33958
33963
33970
33974
33981
33986
33992
33997
34004
34008
34015
34020
34026
34031
34038
34042
34049
34054
34061
34065
34072
34077
34083
34088
34095
34099
34106
34111
34117
34122
34129
34133
34140
34145
34151
34156
34163
34167
34174
34179
34185
34190
34197
34201
34208
34213
34219
34224
34231
34235
34242
34247
34254
34258
34265
34270
34276
34281
34288
34292
34299
34304
34310
34315
34322
34326
34333
34338
34344
34349
34356
34360
34367
34372
34378
34383
34390
34394
34401
34406
34412
34417
34424
34428
34435
34440
34446
34451
34458
34462
34469
34474
34480
34485
34492
34496
34503
34508
34514
34519
34526
34530
34537
34542
34548
34553
34560
34564
34571
34576
34582
34587
34594
34598
34605
34610
34616
34621
34628
34632
34639
34644
34650
34655
34662
34666
34673
34678
34684
34689
34696
34700
34707
34712
34718
34723
34730
34734
34741
34746
34752
34757
34764
34769
34775
34780
34787
34791
34798
34803
34809
34814
34821
34825
34832
34837
34843
34848
34855
34861
34865
34871
34875
34882
34886
34892
34896
34903
34907
34913
34917
34924
34928
34934
34938
34945
34949
34955
34959
34966
34970
34976
34980
34987
34991
34997
35001
35007
35012
35018
35022
35028
35033
35039
35043
35049
35054
35060
35064
35070
35075
35081
35085
35091
35096
35102
35106
35112
35117
35123
35127
35133
35137
35144
35148
35154
35158
35165
35169
35175
35179
35186
35190
35196
35200
35207
35211
35217
35221
35228
35232
35238
35242
35249
35253
35259
35263
35269
35274
35280
35284
35290
35295
35301
35305
35311
35316
35322
35326
35332
35337
35343
35347
35353
35358
35364
35368
35370
35375
35377
35382
35384
35388
35391
35395
35398
35402
35404
35409
35411
35416
35418
35422
35425
35429
35432
35436
35438
35443
35445
35450
35452
35456
35459
35463
35466
35470
35472
35477
35479
35484
35486
35490
35493
35497
35500
35504
35506
35511
35513
35518
35520
35524
35527
35531
35534
35538
35540
35545
35547
35552
35554
35558
35561
35565
35568
35572
35575
35579
35581
35586
35588
35593
35595
35599
35602
35606
35609
35613
35615
35620
35622
35627
35629
35633
35636
35640
35643
35647
35649
35654
35656
35661
35663
35667
35670
35674
35677
35681
35683
35688
35690
35695
35697
35701
35704
35708
35711
35715
35717
35722
35724
35729
35731
35735
35738
35742
35745
35749
35751
35756
35758
35763
35765
35769
35772
35776
35779
35783
35786
35790
35792
35797
35799
35804
35806
35810
35813
35817
35820
35824
35826
35831
35833
35838
35840
35844
35847
35851
35854
35858
35860
35866
35871
35877
35882
35888
35893
35899
35904
35910
35915
35921
35926
35932
35937
35943
35948
35954
35959
35965
35970
35977
35981
35988
35992
35999
36003
36010
36014
36021
36025
36032
36036
36043
36047
36054
36058
36065
36069
36076
36080
36087
36092
36098
36103
36109
36114
36120
36125
36131
36136
36142
36147
36153
36158
36164
36169
36175
36180
36186
36191
36198
36202
36209
36213
36220
36224
36231
36235
36242
36246
36253
36257
36264
36268
36275
36279
36286
36290
36297
36301
36308
36313
36319
36324
36330
36335
36341
36346
36352
36357
36363
36368
36374
36379
36385
36390
36396
36401
36406
36410
36415
36419
36424
36428
36433
36437
36442
36446
36451
36455
36460
36464
36469
36473
36478
36482
36487
36491
36496
36500
36505
36509
36514
36518
36523
36527
36532
36536
36541
36545
36550
36554
36559
36563
36568
36572
36577
36581
36586
36590
36595
36599
36604
36608
36613
36617
36622
36626
36631
36635
36640
36644
36649
36653
36658
36662
36667
36671
36676
36680
36685
36689
36694
36698
36703
36707
36712
36716
36721
36725
36730
36734
36739
36743
36748
36752
36757
36761
36766
36770
36775
36779
36784
36788
36793
36797
36802
36806
36811
36815
36820
36824
36829
36833
36838
36842
36847
36851
36856
36860
36865
36869
36874
36878
36883
36887
36892
36896
36901
36905
36913
36919
36927
36933
36942
36948
36956
36962
36970
36977
36985
36991
36999
37006
37014
37020
37028
37034
37043
37049
37057
37063
37072
37078
37086
37092
37100
37107
37115
37121
37129
37136
37144
37150
37158
37164
37173
37179
37187
37193
37202
37208
37216
37222
37230
37237
37245
37251
37259
37266
37274
37280
37288
37294
37303
37309
37317
37323
37331
37338
37346
37352
37360
37367
37375
37381
37389
37395
37404
37410
37418
37424
37433
37439
37447
37453
37461
37468
37473
37481
37486
37494
37499
37506
37512
37519
37525
37532
37538
37545
37550
37558
37563
37571
37576
37583
37589
37596
37602
37609
37615
37622
37627
37635
37640
37648
37653
37661
37666
37673
37679
37686
37692
37699
37704
37712
37717
37725
37730
37738
37743
37750
37756
37763
37769
37776
37782
37789
37794
37802
37807
37815
37820
37827
37833
37840
37846
37853
37859
37866
37871
37879
37884
37892
37897
37905
37910
37917
37923
37930
37936
37943
37948
37956
37961
37969
37974
37982
37987
37994
38000
38007
38013
38020
38026
38033
38038
38046
38051
38059
38064
38071
38077
38084
38090
38097
38103
38110
38115
38123
38128
38136
38143
38149
38157
38163
38171
38177
38185
38191
38199
38205
38213
38219
38227
38233
38241
38247
38255
38261
38269
38275
38283
38289
38297
38303
38311
38317
38325
38331
38339
38345
38353
38359
38367
38373
38381
38387
38395
38401
38409
38415
38423
38429
38437
38443
38451
38457
38465
38471
38479
38485
38493
38499
38506
38512
38520
38526
38534
38540
38548
38554
38562
38568
38576
38582
38590
38596
38604
38610
38618
38624
38632
38638
38646
38652
38660
38666
38674
38680
38688
38694
38702
38708
38716
38722
38730
38736
38745
38753
38762
38770
38779
38787
38796
38804
38813
38821
38830
38838
38847
38855
38864
38872
38881
38889
38898
38906
38915
38923
38932
38940
38949
38957
38966
38974
38983
38991
39000
39008
39017
39025
39034
39042
39051
39059
39068
39076
39085
39093
39102
39110
39119
39127
39136
39144
39153
39161
39170
39178
39187
39195
39204
39212
39221
39229
39238
39246
39255
39263
39272
39280
39289
39297
39306
39314
39318
39320
39324
39327
39331
39333
39337
39340
39344
39346
39350
39353
39357
39359
39364
39366
39370
39372
39377
39379
39383
39385
39390
39392
39396
39399
39403
39405
39409
39412
39416
39418
39422
39425
39429
39431
39436
39438
39442
39444
39449
39451
39455
39457
39462
39464
39468
39471
39475
39477
39481
39484
39488
39490
39494
39497
39501
39503
39508
39510
39514
39516
39521
39523
39527
39529
39534
39536
39540
39543
39547
39549
39553
39556
39560
39562
39566
39569
39573
39575
39580
39582
39586
39588
39593
39595
39599
39601
39606
39608
39612
39615
39619
39621
39625
39628
39632
39634
39638
39641
39645
39647
39652
39654
39658
39660
39665
39667
39671
39673
39678
39680
39684
39687
39691
39693
39697
39700
39704
39706
39710
39713
39717
39719
39724
39726
39730
39732
39737
39739
39743
39745
39750
39752
39756
39759
39763
39765
39769
39772
39776
39778
39782
39785
39789
39791
39796
39798
39802
39804
39809
39811
39815
39817
39822
39827
39831
39837
39840
39846
39850
39856
39859
39865
39869
39874
39878
39884
39888
39893
39897
39903
39907
39912
39916
39922
39925
39931
39935
39941
39944
39950
39954
39960
39963
39969
39973
39978
39982
39988
39992
39997
40001
40007
40011
40016
40020
40026
40029
40035
40039
40045
40048
40054
40058
40064
40067
40073
40077
40082
40086
40092
40096
40101
40105
40111
40115
40120
40124
40130
40133
40139
40143
40149
40152
40158
40162
40168
40171
40177
40181
40186
40190
40196
40200
40205
40209
40215
40219
40224
40228
40234
40237
40243
40247
40253
40256
40262
40267
40270
40276
40279
40284
40288
40293
40296
40302
40305
40311
40314
40319
40323
40328
40331
40337
40340
40345
40349
40354
40358
40363
40366
40372
40375
40380
40384
40389
40393
40398
40401
40407
40410
40415
40419
40424
40427
40433
40436
40442
40445
40450
40454
40459
40462
40468
40471
40476
40480
40485
40489
40494
40497
40503
40506
40511
40515
40520
40524
40529
40532
40538
40541
40546
40550
40555
40558
40564
40567
40573
40576
40581
40585
40590
40593
40599
40602
40607
40611
40616
40620
40625
40628
40634
40637
40642
40646
40651
40655
40660
40663
40669
40672
40677
40681
40686
40689
40695
40698
40704
40707
40712
40716
40721
40724
40730
40733
40738
40742
40747
40751
40756
40759
40765
40768
40773
40777
40782
40786
40791
40794
40800
40805
40809
40815
40819
40825
40829
40835
40839
40845
40849
40855
40858
40864
40868
40874
40878
40884
40888
40894
40898
40904
40908
40913
40917
40923
40927
40933
40937
40943
40947
40953
40957
40963
40966
40972
40976
40982
40986
40992
40996
41002
41006
41012
41016
41021
41025
41031
41035
41041
41045
41051
41055
41061
41065
41071
41074
41080
41084
41090
41094
41100
41104
41110
41114
41120
41124
41129
41133
41139
41143
41149
41153
41159
41163
41169
41173
41179
41182
41188
41192
41198
41202
41208
41212
41218
41222
41228
41232
41237
41241
41247
41251
41257
41261
41267
41271
41277
41281
41287
41290
41296
41300
41306
41310
41316
41320
41326
41330
41336
41340
41346
41349
41355
41359
41365
41369
41375
41379
41385
41389
41395
41399
41404
41408
41414
41418
41424
41428
41434
41438
41444
41448
41454
41457
41463
41467
41473
41477
41483
41487
41493
41497
41503
41509
41513
41519
41524
41530
41534
41540
41545
41551
41555
41561
41566
41572
41576
41582
41587
41593
41597
41603
41608
41614
41618
41624
41629
41635
41639
41645
41650
41656
41660
41666
41671
41677
41681
41687
41692
41698
41702
41708
41713
41719
41723
41729
41734
41740
41744
41750
41755
41761
41765
41771
41776
41782
41786
41792
41797
41803
41807
41813
41818
41824
41828
41834
41839
41845
41849
41856
41860
41866
41870
41877
41881
41887
41891
41898
41902
41908
41912
41919
41923
41929
41933
41940
41944
41950
41954
41961
41965
41971
41975
41982
41986
41992
41996
42003
42007
42013
42017
42024
42028
42034
42038
42045
42049
42055
42059
42066
42070
42076
42080
42087
42091
42097
42101
42108
42112
42118
42122
42129
42133
42139
42145
42149
42156
42160
42167
42171
42178
42182
42189
42193
42200
42204
42211
42215
42222
42226
42233
42237
42244
42248
42254
42259
42265
42270
42276
42281
42287
42292
42298
42303
42309
42314
42320
42325
42331
42336
42342
42347
42353
42357
42364
42368
42375
42379
42386
42390
42397
42401
42408
42412
42419
42423
42430
42434
42441
42445
42452
42456
42462
42467
42473
42478
42484
42489
42495
42500
42506
42511
42517
42522
42528
42533
42539
42544
42550
42555
42561
42566
42572
42576
42583
42587
42594
42598
42605
42609
42616
42620
42627
42631
42638
42642
42649
42653
42660
42664
42671
42675
42681
42686
42692
42697
42703
42708
42714
42719
42725
42730
42736
42741
42747
42752
42758
42763
42769
42774
42780
42784
42791
42795
42802
42806
42813
42819
42824
42830
42835
42841
42846
42853
42857
42864
42868
42875
42880
42886
42891
42897
42902
42909
42913
42920
42924
42931
42936
42942
42947
42953
42958
42964
42969
42976
42980
42987
42991
42998
43003
43009
43014
43020
43025
43032
43036
43043
43047
43054
43059
43065
43070
43076
43081
43087
43092
43099
43103
43110
43114
43121
43126
43132
43137
43143
43148
43155
43159
43166
43170
43177
43182
43188
43193
43199
43204
43211
43215
43222
43226
43233
43237
43244
43249
43255
43260
43266
43271
43278
43282
43289
43293
43300
43305
43311
43316
43322
43327
43334
43338
43345
43349
43356
43360
43367
43372
43378
43383
43389
43394
43401
43405
43412
43416
43418
43423
43425
43429
43432
43436
43439
43443
43445
43450
43452
43457
43459
43463
43466
43470
43473
43477
43479
43484
43486
43491
43493
43497
43500
43504
43507
43511
43513
43518
43520
43524
43527
43531
43534
43538
43540
43545
43547
43552
43554
43558
43561
43565
43568
43572
43574
43579
43581
43586
43588
43592
43595
43599
43602
43606
43608
43613
43615
43620
43622
43626
43629
43633
43635
43640
43642
43647
43649
43653
43656
43660
43663
43667
43669
43674
43676
43681
43683
43687
43690
43694
43697
43701
43703
43708
43710
43715
43717
43721
43724
43728
43731
43735
43737
43742
43744
43748
43751
43755
43758
43762
43764
43769
43771
43776
43778
43782
43785
43789
43792
43796
43798
43803
43805
43810
43812
43816
43819
43823
43826
43830
43832
43837
43839
43843
43846
43850
43853
43857
43863
43868
43875
43879
43886
43891
43897
43902
43909
43913
43920
43925
43931
43936
43943
43947
43954
43959
43965
43970
43977
43981
43988
43993
43999
44004
44011
44015
44022
44027
44033
44038
44045
44049
44056
44061
44068
44072
44079
44084
44090
44095
44102
44106
44113
44118
44124
44129
44136
44140
44147
44152
44158
44163
44170
44174
44181
44186
44192
44197
44204
44208
44215
44220
44226
44231
44238
44242
44249
44254
44261
44265
44272
44277
44283
44288
44295
44299
44306
44311
44317
44322
44329
44333
44340
44345
44351
44356
44363
44367
44374
44379
44385
44390
44397
44401
44408
44413
44419
44424
44431
44435
44442
44447
44454
44458
44465
44470
44476
44481
44488
44492
44499
44504
44510
44515
44522
44526
44533
44538
44544
44549
44556
44560
44567
44572
44578
44583
44590
44594
44601
44606
44612
44617
44624
44628
44635
44640
44646
44651
44658
44662
44669
44674
44680
44685
44692
44696
44703
44708
44714
44719
44726
44730
44737
44742
44748
44753
44760
44764
44771
44776
44782
44787
44794
44798
44805
44810
44816
44821
44828
44832
44839
44844
44850
44855
44862
44866
44873
44878
44884
44889
44896
44900
44907
44912
44918
44923
44930
44934
44941
44946
44952
44957
44964
44969
44975
44980
44987
44991
44998
45003
45009
45014
45021
45025
45032
45037
45043
45048
45055
45061
45065
45071
45075
45082
45086
45092
45096
45103
45107
45113
45117
45124
45128
45134
45138
45145
45149
45155
45159
45166
45170
45176
45180
45187
45191
45197
45201
45207
45212
45218
45222
45228
45233
45239
45243
45249
45254
45260
45264
45270
45275
45281
45285
45291
45296
45302
45306
45312
45317
45323
45327
45333
45337
45344
45348
45354
45358
45365
45369
45375
45379
45386
45390
45396
45400
45407
45411
45417
45421
45428
45432
45438
45442
45449
45453
45459
45463
45469
45474
45480
45484
45490
45495
45501
45505
45511
45516
45522
45526
45532
45537
45543
45547
45553
45558
45564
45568
45570
45575
45577
45582
45584
45588
45591
45595
45598
45602
45604
45609
45611
45616
45618
45622
45625
45629
45632
45636
45638
45643
45645
45650
45652
45656
45659
45663
45666
45670
45672
45677
45679
45684
45686
45690
45693
45697
45700
45704
45706
45711
45713
45718
45720
45724
45727
45731
45734
45738
45740
45745
45747
45752
45754
45758
45761
45765
45768
45772
45775
45779
45781
45786
45788
45793
45795
45799
45802
45806
45809
45813
45815
45820
45822
45827
45829
45833
45836
45840
45843
45847
45849
45854
45856
45861
45863
45867
45870
45874
45877
45881
45883
45888
45890
45895
45897
45901
45904
45908
45911
45915
45917
45922
45924
45929
45931
45935
45938
45942
45945
45949
45951
45956
45958
45963
45965
45969
45972
45976
45979
45983
45986
45990
45992
45997
45999
46004
46006
46010
46013
46017
46020
46024
46026
46031
46033
46038
46040
46044
46047
46051
46054
46058
46060
46066
46071
46077
46082
46088
46093
46099
46104
46110
46115
46121
46126
46132
46137
46143
46148
46154
46159
46165
46170
46177
46181
46188
46192
46199
46203
46210
46214
46221
46225
46232
46236
46243
46247
46254
46258
46265
46269
46276
46280
46287
46292
46298
46303
46309
46314
46320
46325
46331
46336
46342
46347
46353
46358
46364
46369
46375
46380
46386
46391
46398
46402
46409
46413
46420
46424
46431
46435
46442
46446
46453
46457
46464
46468
46475
46479
46486
46490
46497
46501
46508
46513
46519
46524
46530
46535
46541
46546
46552
46557
46563
46568
46574
46579
46585
46590
46596
46601
46606
46610
46615
46619
46624
46628
46633
46637
46642
46646
46651
46655
46660
46664
46669
46673
46678
46682
46687
46691
46696
46700
46705
46709
46714
46718
46723
46727
46732
46736
46741
46745
46750
46754
46759
46763
46768
46772
46777
46781
46786
46790
46795
46799
46804
46808
46813
46817
46822
46826
46831
46835
46840
46844
46849
46853
46858
46862
46867
46871
46876
46880
46885
46889
46894
46898
46903
46907
46912
46916
46921
46925
46930
46934
46939
46943
46948
46952
46957
46961
46966
46970
46975
46979
46984
46988
46993
46997
47002
47006
47011
47015
47020
47024
47029
47033
47038
47042
47047
47051
47056
47060
47065
47069
47074
47078
47083
47087
47092
47096
47101
47105
47113
47119
47127
47133
47142
47148
47156
47162
47170
47177
47185
47191
47199
47206
47214
47220
47228
47234
47243
47249
47257
47263
47272
47278
47286
47292
47300
47307
47315
47321
47329
47336
47344
47350
47358
47364
47373
47379
47387
47393
47402
47408
47416
47422
47430
47437
47445
47451
47459
47466
47474
47480
47488
47494
47503
47509
47517
47523
47531
47538
47546
47552
47560
47567
47575
47581
47589
47595
47604
47610
47618
47624
47633
47639
47647
47653
47661
47668
47673
47681
47686
47694
47699
47706
47712
47719
47725
47732
47738
47745
47750
47758
47763
47771
47776
47783
47789
47796
47802
47809
47815
47822
47827
47835
47840
47848
47853
47861
47866
47873
47879
47886
47892
47899
47904
47912
47917
47925
47930
47938
47943
47950
47956
47963
47969
47976
47982
47989
47994
48002
48007
48015
48020
48027
48033
48040
48046
48053
48059
48066
48071
48079
48084
48092
48097
48105
48110
48117
48123
48130
48136
48143
48148
48156
48161
48169
48174
48182
48187
48194
48200
48207
48213
48220
48226
48233
48238
48246
48251
48259
48264
48271
48277
48284
48290
48297
48303
48310
48315
48323
48328
48336
48343
48349
48357
48363
48371
48377
48385
48391
48399
48405
48413
48419
48427
48433
48441
48447
48455
48461
48469
48475
48483
48489
48497
48503
48511
48517
48525
48531
48539
48545
48553
48559
48567
48573
48581
48587
48595
48601
48609
48615
48623
48629
48637
48643
48651
48657
48665
48671
48679
48685
48693
48699
48706
48712
48720
48726
48734
48740
48748
48754
48762
48768
48776
48782
48790
48796
48804
48810
48818
48824
48832
48838
48846
48852
48860
48866
48874
48880
48888
48894
48902
48908
48916
48922
48930
48936
48945
48953
48962
48970
48979
48987
48996
49004
49013
49021
49030
49038
49047
49055
49064
49072
49081
49089
49098
49106
49115
49123
49132
49140
49149
49157
49166
49174
49183
49191
49200
49208
49217
49225
49234
49242
49251
49259
49268
49276
49285
49293
49302
49310
49319
49327
49336
49344
49353
49361
49370
49378
49387
49395
49404
49412
49421
49429
49438
49446
49455
49463
49472
49480
49489
49497
49506
49514
49518
49520
49524
49527
49531
49533
49537
49540
49544
49546
49550
49553
49557
49559
49564
49566
49570
49572
49577
49579
49583
49585
49590
49592
49596
49599
49603
49605
49609
49612
49616
49618
49622
49625
49629
49631
49636
49638
49642
49644
49649
49651
49655
49657
49662
49664
49668
49671
49675
49677
49681
49684
49688
49690
49694
49697
49701
49703
49708
49710
49714
49716
49721
49723
49727
49729
49734
49736
49740
49743
49747
49749
49753
49756
49760
49762
49766
49769
49773
49775
49780
49782
49786
49788
49793
49795
49799
49801
49806
49808
49812
49815
49819
49821
49825
49828
49832
49834
49838
49841
49845
49847
49852
49854
49858
49860
49865
49867
49871
49873
49878
49880
49884
49887
49891
49893
49897
49900
49904
49906
49910
49913
49917
49919
49924
49926
49930
49932
49937
49939
49943
49945
49950
49952
49956
49959
49963
49965
49969
49972
49976
49978
49982
49985
49989
49991
49996
49998
50002
50004
50009
50011
50015
50017
50022
50027
50031
50037
50040
50046
50050
50056
50059
50065
50069
50074
50078
50084
50088
50093
50097
50103
50107
50112
50116
50122
50125
50131
50135
50141
50144
50150
50154
50160
50163
50169
50173
50178
50182
50188
50192
50197
50201
50207
50211
50216
50220
50226
50229
50235
50239
50245
50248
50254
50258
50264
50267
50273
50277
50282
50286
50292
50296
50301
50305
50311
50315
50320
50324
50330
50333
50339
50343
50349
50352
50358
50362
50368
50371
50377
50381
50386
50390
50396
50400
50405
50409
50415
50419
50424
50428
50434
50437
50443
50447
50453
50456
50462
50467
50470
50476
50479
50484
50488
50493
50496
50502
50505
50511
50514
50519
50523
50528
50531
50537
50540
50545
50549
50554
50558
50563
50566
50572
50575
50580
50584
50589
50593
50598
50601
50607
50610
50615
50619
50624
50627
50633
50636
50642
50645
50650
50654
50659
50662
50668
50671
50676
50680
50685
50689
50694
50697
50703
50706
50711
50715
50720
50724
50729
50732
50738
50741
50746
50750
50755
50758
50764
50767
50773
50776
50781
50785
50790
50793
50799
50802
50807
50811
50816
50820
50825
50828
50834
50837
50842
50846
50851
50855
50860
50863
50869
50872
50877
50881
50886
50889
50895
50898
50904
50907
50912
50916
50921
50924
50930
50933
50938
50942
50947
50951
50956
50959
50965
50968
50973
50977
50982
50986
50991
50994
51000
