4
7
12
15
20
23
28
30
35
38
43
46
51
54
59
61
66
69
74
77
82
85
90
92
97
100
105
108
113
116
120
123
128
131
136
139
144
147
151
154
159
162
167
170
175
178
182
185
190
193
198
201
206
208
213
216
221
224
229
232
237
239
244
247
252
255
260
263
268
270
275
278
283
286
291
294
298
301
306
309
314
317
322
325
329
332
337
340
345
348
353
356
360
363
368
371
376
379
384
386
391
394
399
402
407
410
415
417
422
425
430
433
438
441
446
448
453
456
461
464
469
472
476
479
484
487
492
495
500
503
507
510
515
518
523
526
531
534
538
541
546
549
554
557
562
564
569
572
577
580
585
588
593
595
600
603
608
611
616
619
624
626
631
634
639
642
647
650
654
657
662
665
670
673
678
681
685
688
693
696
701
704
709
712
716
719
724
727
732
735
740
742
747
750
755
758
763
766
771
773
778
781
786
789
794
797
802
807
810
815
818
823
826
831
834
839
842
847
850
855
858
863
866
871
874
879
882
887
890
895
898
903
906
911
914
919
922
927
930
935
938
943
946
951
954
959
962
967
971
976
979
984
987
992
995
1000
1003
1008
1011
1016
1019
1024
1027
1032
1035
1040
1043
1048
1051
1056
1059
1064
1067
1072
1075
1080
1083
1088
1091
1096
1099
1104
1107
1112
1115
1120
1123
1128
1131
1137
1140
1145
1148
1153
1156
1161
1164
1169
1172
1177
1180
1185
1188
1193
1196
1201
1204
1209
1212
1217
1220
1225
1228
1233
1236
1241
1244
1249
1252
1257
1260
1265
1268
1273
1276
1281
1284
1289
1292
1297
1300
1306
1309
1314
1317
1322
1325
1330
1333
1338
1341
1346
1349
1354
1357
1362
1365
1370
1373
1378
1381
1386
1389
1394
1397
1402
1405
1410
1413
1418
1421
1426
1429
1434
1437
1442
1445
1450
1453
1458
1461
1466
1470
1475
1478
1483
1486
1491
1494
1499
1502
1507
1510
1515
1518
1523
1526
1531
1534
1539
1542
1547
1550
1555
1558
1563
1566
1571
1574
1579
1582
1587
1590
1595
1598
1603
1607
1609
1613
1616
1620
1622
1627
1629
1633
1636
1640
1642
1647
1649
1653
1656
1660
1662
1667
1669
1673
1675
1680
1682
1686
1689
1693
1695
1700
1702
1706
1709
1713
1715
1720
1722
1726
1729
1733
1735
1739
1742
1746
1748
1753
1755
1759
1762
1766
1768
1773
1775
1779
1782
1786
1788
1793
1795
1799
1801
1806
1808
1812
1815
1819
1821
1826
1828
1832
1835
1839
1841
1846
1848
1852
1855
1859
1861
1865
1868
1872
1874
1879
1881
1885
1888
1892
1894
1899
1901
1905
1908
1912
1914
1919
1921
1925
1927
1932
1934
1938
1941
1945
1947
1952
1954
1958
1961
1965
1967
1972
1974
1978
1981
1985
1987
1991
1994
1998
2000
2005
2007
2011
2014
2018
2020
2025
2027
2031
2034
2038
2040
2045
2047
2051
2053
2058
2060
2064
2067
2071
2073
2078
2080
2084
2087
2091
2093
2098
2100
2104
2107
2111
2113
2117
2120
2124
2126
2131
2133
2137
2140
2144
2146
2151
2153
2157
2160
2164
2166
2171
2173
2177
2179
2184
2186
2190
2193
2197
2199
2204
2206
2210
2213
2217
2219
2224
2226
2230
2233
2237
2239
2243
2246
2250
2252
2257
2259
2263
2266
2270
2272
2277
2279
2283
2286
2290
2292
2297
2299
2303
2305
2310
2312
2316
2319
2323
2325
2330
2332
2336
2339
2343
2345
2350
2352
2356
2359
2363
2365
2369
2372
2376
2378
2383
2385
2389
2392
2396
2398
2403
2405
2409
2412
2416
2421
2425
2430
2434
2440
2443
2449
2453
2458
2462
2468
2471
2477
2481
2486
2490
2496
2499
2505
2509
2514
2518
2524
2527
2533
2537
2542
2546
2552
2555
2561
2565
2570
2574
2579
2583
2589
2592
2598
2602
2607
2611
2617
2620
2626
2630
2635
2639
2645
2648
2654
2658
2663
2667
2673
2676
2682
2686
2691
2695
2701
2704
2710
2714
2719
2723
2728
2732
2738
2741
2747
2751
2756
2760
2766
2769
2775
2779
2784
2788
2794
2797
2803
2807
2812
2816
2822
2825
2831
2835
2840
2844
2850
2853
2859
2863
2868
2872
2878
2881
2887
2890
2896
2900
2905
2909
2915
2918
2924
2928
2933
2937
2943
2946
2952
2956
2961
2965
2971
2974
2980
2984
2989
2993
2999
3002
3008
3012
3017
3021
3027
3030
3036
3039
3045
3049
3054
3058
3064
3067
3073
3077
3082
3086
3092
3095
3101
3105
3110
3114
3120
3123
3129
3133
3138
3142
3148
3151
3157
3161
3166
3170
3176
3179
3185
3188
3194
3198
3203
3207
3213
3216
3222
3226
3231
3235
3241
3244
3250
3254
3259
3263
3269
3272
3278
3283
3287
3293
3297
3303
3306
3312
3316
3322
3326
3332
3335
3341
3345
3351
3355
3360
3364
3370
3374
3380
3384
3389
3393
3399
3403
3409
3412
3418
3422
3428
3432
3438
3441
3447
3451
3457
3461
3467
3470
3476
3480
3486
3490
3495
3499
3505
3509
3515
3519
3524
3528
3534
3538
3544
3547
3553
3557
3563
3567
3573
3576
3582
3586
3592
3596
3602
3605
3611
3615
3621
3625
3630
3634
3640
3644
3650
3654
3659
3663
3669
3673
3679
3682
3688
3692
3698
3702
3708
3711
3717
3721
3727
3731
3737
3740
3746
3750
3756
3760
3765
3769
3775
3779
3785
3789
3794
3798
3804
3808
3814
3817
3823
3827
3833
3837
3843
3846
3852
3856
3862
3866
3872
3875
3881
3885
3891
3895
3900
3904
3910
3914
3920
3924
3929
3933
3939
3943
3949
3952
3958
3962
3968
3972
3978
3981
3987
3991
3997
4001
4007
4010
4016
4020
4026
4030
4035
4039
4045
4049
4055
4059
4064
4068
4074
4078
4084
4087
4093
4097
4103
4107
4110
4114
4117
4122
4124
4129
4132
4136
4139
4143
4146
4151
4153
4158
4161
4165
4168
4172
4175
4180
4182
4187
4190
4194
4197
4201
4204
4209
4211
4216
4219
4223
4226
4230
4233
4238
4240
4245
4248
4252
4255
4259
4262
4267
4269
4274
4277
4281
4284
4288
4291
4296
4298
4303
4306
4310
4313
4317
4320
4325
4327
4332
4335
4339
4342
4346
4349
4354
4356
4361
4364
4368
4371
4375
4378
4383
4385
4390
4393
4397
4400
4404
4407
4412
4414
4419
4422
4426
4429
4433
4436
4441
4443
4448
4451
4455
4458
4462
4465
4470
4472
4477
4480
4484
4487
4491
4494
4499
4501
4506
4509
4513
4516
4520
4523
4528
4530
4535
4538
4542
4545
4549
4552
4557
4559
4564
4567
4571
4574
4578
4581
4586
4588
4593
4596
4600
4603
4607
4610
4615
4617
4622
4625
4629
4632
4636
4639
4644
4646
4651
4654
4658
4661
4665
4668
4673
4675
4680
4683
4687
4690
4694
4697
4702
4704
4709
4712
4716
4719
4723
4726
4731
4733
4738
4741
4745
4748
4752
4755
4760
4762
4767
4770
4774
4777
4781
4784
4789
4791
4796
4799
4803
4806
4810
4813
4818
4820
4825
4828
4832
4835
4839
4842
4847
4849
4854
4857
4861
4864
4868
4871
4876
4878
4883
4886
4890
4893
4897
4900
4905
4907
4912
4915
4919
4922
4927
4930
4935
4938
4943
4946
4951
4954
4959
4961
4966
4969
4974
4977
4982
4985
4990
4993
4998
5001
5005
5008
5013
5016
5021
5024
5029
5032
5037
5040
5045
5048
5052
5055
5060
5063
5068
5071
5076
5079
5084
5087
5092
5094
5099
5102
5107
5110
5115
5118
5123
5126
5131
5134
5139
5141
5146
5149
5154
5157
5162
5165
5170
5173
5178
5181
5185
5188
5193
5196
5201
5204
5209
5212
5217
5220
5225
5228
5232
5235
5240
5243
5248
5251
5256
5259
5264
5267
5272
5274
5279
5282
5287
5290
5295
5298
5303
5306
5311
5314
5318
5321
5326
5329
5334
5337
5342
5345
5350
5353
5358
5361
5365
5368
5373
5376
5381
5384
5389
5392
5397
5400
5405
5407
5412
5415
5420
5423
5428
5431
5436
5439
5444
5447
5452
5454
5459
5462
5467
5470
5475
5478
5483
5486
5491
5494
5498
5501
5506
5509
5514
5517
5522
5525
5530
5533
5538
5541
5545
5548
5553
5556
5561
5564
5569
5572
5577
5580
5585
5587
5592
5595
5600
5603
5608
5611
5616
5619
5624
5627
5632
5634
5639
5642
5647
5650
5655
5658
5663
5666
5671
5674
5678
5681
5686
5689
5694
5697
5702
5705
5711
5715
5721
5725
5731
5735
5741
5745
5751
5756
5762
5766
5772
5776
5782
5786
5792
5796
5802
5807
5813
5817
5823
5827
5833
5837
5843
5847
5853
5858
5864
5868
5874
5878
5884
5888
5894
5898
5904
5909
5915
5919
5925
5929
5935
5939
5945
5949
5955
5960
5966
5970
5976
5980
5986
5990
5996
6000
6007
6011
6017
6021
6027
6031
6037
6041
6047
6051
6058
6062
6068
6072
6078
6082
6088
6092
6098
6102
6109
6113
6119
6123
6129
6133
6139
6143
6149
6153
6160
6164
6170
6174
6180
6184
6190
6194
6200
6205
6210
6216
6220
6226
6230
6236
6240
6246
6250
6257
6261
6267
6271
6277
6281
6287
6291
6297
6301
6308
6312
6318
6322
6328
6332
6338
6342
6348
6352
6359
6363
6369
6373
6379
6383
6389
6393
6399
6403
6410
6414
6420
6424
6430
6434
6440
6444
6450
6455
6460
6466
6470
6476
6480
6486
6490
6496
6500
6507
6511
6517
6521
6527
6531
6537
6541
6547
6551
6558
6562
6568
6573
6576
6582
6585
6591
6594
6599
6603
6608
6612
6617
6620
6626
6629
6635
6638
6643
6647
6652
6656
6661
6664
6670
6673
6679
6682
6687
6691
6696
6700
6705
6708
6714
6717
6723
6726
6731
6735
6740
6744
6749
6752
6758
6761
6767
6770
6775
6779
6784
6788
6793
6796
6802
6805
6811
6814
6819
6823
6828
6832
6837
6840
6846
6849
6855
6858
6863
6867
6872
6876
6881
6884
6890
6893
6899
6902
6907
6911
6916
6920
6925
6928
6934
6937
6943
6946
6951
6955
6960
6964
6969
6972
6978
6981
6987
6990
6995
6999
7004
7008
7013
7017
7022
7025
7031
7034
7040
7043
7048
7052
7057
7061
7066
7069
7075
7078
7084
7087
7092
7096
7101
7105
7110
7113
7119
7122
7128
7131
7136
7140
7145
7149
7154
7157
7163
7166
7172
7175
7180
7184
7189
7193
7198
7201
7207
7210
7216
7219
7224
7228
7233
7237
7242
7245
7251
7254
7260
7263
7268
7272
7277
7281
7286
7289
7295
7298
7304
7307
7312
7316
7321
7325
7327
7331
7333
7337
7340
7344
7346
7350
7352
7357
7359
7363
7365
7369
7371
7376
7378
7382
7384
7388
7391
7395
7397
7401
7403
7408
7410
7414
7416
7420
7422
7427
7429
7433
7435
7439
7442
7446
7448
7452
7454
7458
7461
7465
7467
7471
7473
7478
7480
7484
7486
7490
7493
7497
7499
7503
7505
7509
7512
7516
7518
7522
7524
7529
7531
7535
7537
7541
7543
7548
7550
7554
7556
7560
7563
7567
7569
7573
7575
7580
7582
7586
7588
7592
7594
7599
7601
7605
7607
7611
7614
7618
7620
7624
7626
7630
7633
7637
7639
7643
7645
7650
7652
7656
7658
7662
7665
7669
7671
7675
7677
7681
7684
7688
7690
7694
7696
7701
7703
7707
7709
7713
7716
7720
7722
7726
7728
7732
7735
7739
7741
7745
7747
7752
7754
7758
7760
7764
7766
7771
7773
7777
7779
7783
7786
7790
7792
7796
7798
7803
7805
7809
7811
7815
7817
7822
7824
7828
7830
7834
7837
7841
7843
7847
7849
7853
7856
7860
7862
7866
7868
7873
7875
7879
7881
7885
7888
7892
7894
7898
7900
7904
7907
7911
7913
7917
7919
7924
7926
7930
7932
7936
7938
7943
7945
7949
7951
7955
7958
7962
7964
7968
7970
7975
7977
7981
7983
7987
7989
7994
7996
8000
8002
8006
8009
8013
8015
8019
8021
8026
8028
8032
8034
8038
8040
8045
8047
8051
8053
8057
8060
8064
8066
8070
8072
8076
8079
8083
8085
8089
8091
8096
8098
8102
8104
8108
8111
8115
8117
8121
8124
8128
8130
8134
8137
8141
8143
8147
8150
8154
8156
8160
8163
8167
8169
8173
8176
8180
8182
8186
8189
8193
8195
8199
8202
8206
8208
8213
8215
8219
8221
8226
8228
8232
8234
8239
8241
8245
8247
8252
8254
8258
8260
8265
8267
8271
8273
8278
8280
8284
8286
8291
8293
8297
8299
8304
8306
8310
8312
8317
8319
8323
8326
8330
8332
8336
8339
8343
8345
8349
8352
8356
8358
8362
8365
8369
8371
8375
8378
8382
8384
8388
8391
8395
8397
8401
8404
8408
8410
8414
8417
8421
8423
8427
8430
8434
8436
8441
8443
8447
8449
8454
8456
8460
8462
8467
8469
8473
8475
8480
8482
8486
8488
8493
8495
8499
8501
8506
8508
8512
8514
8519
8521
8525
8527
8532
8534
8538
8540
8545
8547
8551
8554
8558
8560
8564
8567
8571
8573
8577
8580
8584
8586
8590
8593
8597
8599
8603
8606
8610
8612
8616
8619
8623
8625
8629
8632
8636
8638
8642
8645
8649
8651
8656
8658
8662
8664
8669
8671
8675
8677
8682
8684
8688
8690
8695
8697
8701
8703
8708
8710
8714
8716
8721
8723
8727
8729
8734
8736
8740
8742
8747
8749
8753
8755
8760
8762
8766
8769
8773
8775
8779
8782
8786
8788
8792
8795
8799
8801
8805
8808
8812
8814
8818
8821
8825
8827
8831
8834
8838
8840
8844
8847
8851
8853
8857
8860
8864
8866
8870
8873
8877
8879
8884
8890
8894
8900
8905
8911
8915
8922
8926
8932
8936
8943
8947
8953
8958
8964
8968
8975
8979
8985
8989
8996
9000
9006
9011
9017
9021
9027
9032
9038
9042
9049
9053
9059
9064
9070
9074
9080
9085
9091
9095
9102
9106
9112
9117
9123
9127
9133
9138
9144
9148
9155
9159
9165
9169
9176
9180
9186
9191
9197
9201
9208
9212
9218
9222
9229
9233
9239
9244
9250
9254
9260
9265
9271
9275
9282
9286
9292
9297
9303
9307
9313
9318
9324
9328
9335
9339
9345
9350
9356
9360
9366
9371
9377
9381
9388
9392
9398
9402
9409
9413
9419
9424
9430
9434
9441
9445
9451
9455
9462
9466
9472
9477
9483
9487
9494
9498
9504
9508
9515
9519
9525
9530
9536
9540
9546
9551
9557
9561
9568
9572
9578
9583
9589
9593
9599
9604
9610
9614
9621
9625
9631
9635
9642
9646
9652
9657
9662
9666
9672
9675
9681
9685
9690
9694
9700
9703
9709
9713
9718
9722
9728
9731
9737
9741
9746
9750
9756
9759
9765
9769
9774
9778
9784
9787
9793
9797
9803
9806
9812
9816
9821
9825
9831
9834
9840
9844
9849
9853
9859
9862
9868
9872
9877
9881
9887
9890
9896
9900
9905
9909
9915
9918
9924
9928
9934
9937
9943
9947
9952
9956
9962
9965
9971
9975
9980
9984
9990
9993
9999
10003
10008
10012
10018
10021
10027
10031
10036
10040
10046
10049
10055
10059
10065
10068
10074
10078
10083
10087
10093
10096
10102
10106
10111
10115
10121
10124
10130
10134
10139
10143
10149
10152
10158
10162
10167
10171
10177
10180
10186
10190
10196
10199
10205
10209
10214
10218
10224
10227
10233
10237
10242
10246
10252
10255
10261
10265
10270
10274
10280
10283
10289
10293
10298
10302
10308
10311
10317
10321
10327
10330
10336
10340
10345
10349
10355
10358
10364
10368
10373
10377
10383
10386
10392
10396
10401
10405
10409
10412
10417
10420
10425
10428
10433
10435
10440
10443
10448
10451
10456
10459
10464
10466
10471
10474
10479
10482
10487
10490
10495
10497
10502
10505
10510
10513
10518
10521
10525
10528
10533
10536
10541
10544
10549
10552
10556
10559
10564
10567
10572
10575
10580
10583
10587
10590
10595
10598
10603
10606
10611
10613
10618
10621
10626
10629
10634
10637
10642
10644
10649
10652
10657
10660
10665
10668
10673
10675
10680
10683
10688
10691
10696
10699
10703
10706
10711
10714
10719
10722
10727
10730
10734
10737
10742
10745
10750
10753
10758
10761
10765
10768
10773
10776
10781
10784
10789
10791
10796
10799
10804
10807
10812
10815
10820
10822
10827
10830
10835
10838
10843
10846
10851
10853
10858
10861
10866
10869
10874
10877
10881
10884
10889
10892
10897
10900
10905
10908
10912
10915
10920
10923
10928
10931
10936
10939
10943
10946
10951
10954
10959
10962
10967
10969
10974
10977
10982
10985
10990
10993
10998
11000
11005
11008
11013
11016
11021
11024
11029
11031
11036
11039
11044
11047
11052
11055
11059
11062
11067
11070
11075
11078
11083
11086
11090
11093
11098
11101
11106
11109
11114
11117
11121
11124
11129
11132
11137
11140
11145
11147
11152
11155
11160
11163
11168
11171
11176
11178
11183
11186
11191
11194
11199
11202
11207
11212
11215
11220
11223
11228
11231
11236
11239
11244
11247
11252
11255
11260
11263
11268
11271
11276
11279
11284
11287
11292
11295
11300
11303
11308
11311
11316
11319
11324
11327
11332
11335
11340
11343
11348
11351
11356
11359
11364
11367
11372
11376
11381
11384
11389
11392
11397
11400
11405
11408
11413
11416
11421
11424
11429
11432
11437
11440
11445
11448
11453
11456
11461
11464
11469
11472
11477
11480
11485
11488
11493
11496
11501
11504
11509
11512
11517
11520
11525
11528
11533
11536
11542
11545
11550
11553
11558
11561
11566
11569
11574
11577
11582
11585
11590
11593
11598
11601
11606
11609
11614
11617
11622
11625
11630
11633
11638
11641
11646
11649
11654
11657
11662
11665
11670
11673
11678
11681
11686
11689
11694
11697
11702
11705
11711
11714
11719
11722
11727
11730
11735
11738
11743
11746
11751
11754
11759
11762
11767
11770
11775
11778
11783
11786
11791
11794
11799
11802
11807
11810
11815
11818
11823
11826
11831
11834
11839
11842
11847
11850
11855
11858
11863
11866
11871
11875
11880
11883
11888
11891
11896
11899
11904
11907
11912
11915
11920
11923
11928
11931
11936
11939
11944
11947
11952
11955
11960
11963
11968
11971
11976
11979
11984
11987
11992
11995
12000
12003
12008
12012
12014
12018
12021
12025
12027
12032
12034
12038
12041
12045
12047
12052
12054
12058
12061
12065
12067
12072
12074
12078
12080
12085
12087
12091
12094
12098
12100
12105
12107
12111
12114
12118
12120
12125
12127
12131
12134
12138
12140
12144
12147
12151
12153
12158
12160
12164
12167
12171
12173
12178
12180
12184
12187
12191
12193
12198
12200
12204
12206
12211
12213
12217
12220
12224
12226
12231
12233
12237
12240
12244
12246
12251
12253
12257
12260
12264
12266
12270
12273
12277
12279
12284
12286
12290
12293
12297
12299
12304
12306
12310
12313
12317
12319
12324
12326
12330
12332
12337
12339
12343
12346
12350
12352
12357
12359
12363
12366
12370
12372
12377
12379
12383
12386
12390
12392
12396
12399
12403
12405
12410
12412
12416
12419
12423
12425
12430
12432
12436
12439
12443
12445
12450
12452
12456
12458
12463
12465
12469
12472
12476
12478
12483
12485
12489
12492
12496
12498
12503
12505
12509
12512
12516
12518
12522
12525
12529
12531
12536
12538
12542
12545
12549
12551
12556
12558
12562
12565
12569
12571
12576
12578
12582
12584
12589
12591
12595
12598
12602
12604
12609
12611
12615
12618
12622
12624
12629
12631
12635
12638
12642
12644
12648
12651
12655
12657
12662
12664
12668
12671
12675
12677
12682
12684
12688
12691
12695
12697
12702
12704
12708
12710
12715
12717
12721
12724
12728
12730
12735
12737
12741
12744
12748
12750
12755
12757
12761
12764
12768
12770
12774
12777
12781
12783
12788
12790
12794
12797
12801
12803
12808
12810
12814
12817
12821
12826
12830
12835
12839
12845
12848
12854
12858
12863
12867
12873
12876
12882
12886
12891
12895
12901
12904
12910
12914
12919
12923
12929
12932
12938
12942
12947
12951
12957
12960
12966
12970
12975
12979
12984
12988
12994
12997
13003
13007
13012
13016
13022
13025
13031
13035
13040
13044
13050
13053
13059
13063
13068
13072
13078
13081
13087
13091
13096
13100
13106
13109
13115
13119
13124
13128
13133
13137
13143
13146
13152
13156
13161
13165
13171
13174
13180
13184
13189
13193
13199
13202
13208
13212
13217
13221
13227
13230
13236
13240
13245
13249
13255
13258
13264
13268
13273
13277
13283
13286
13292
13295
13301
13305
13310
13314
13320
13323
13329
13333
13338
13342
13348
13351
13357
13361
13366
13370
13376
13379
13385
13389
13394
13398
13404
13407
13413
13417
13422
13426
13432
13435
13441
13444
13450
13454
13459
13463
13469
13472
13478
13482
13487
13491
13497
13500
13506
13510
13515
13519
13525
13528
13534
13538
13543
13547
13553
13556
13562
13566
13571
13575
13581
13584
13590
13593
13599
13603
13608
13612
13618
13621
13627
13631
13636
13640
13646
13649
13655
13659
13664
13668
13674
13677
13683
13688
13692
13698
13702
13708
13711
13717
13721
13727
13731
13737
13740
13746
13750
13756
13760
13765
13769
13775
13779
13785
13789
13794
13798
13804
13808
13814
13817
13823
13827
13833
13837
13843
13846
13852
13856
13862
13866
13872
13875
13881
13885
13891
13895
13900
13904
13910
13914
13920
13924
13929
13933
13939
13943
13949
13952
13958
13962
13968
13972
13978
13981
13987
13991
13997
14001
14007
14010
14016
14020
14026
14030
14035
14039
14045
14049
14055
14059
14064
14068
14074
14078
14084
14087
14093
14097
14103
14107
14113
14116
14122
14126
14132
14136
14142
14145
14151
14155
14161
14165
14170
14174
14180
14184
14190
14194
14199
14203
14209
14213
14219
14222
14228
14232
14238
14242
14248
14251
14257
14261
14267
14271
14277
14280
14286
14290
14296
14300
14305
14309
14315
14319
14325
14329
14334
14338
14344
14348
14354
14357
14363
14367
14373
14377
14383
14386
14392
14396
14402
14406
14412
14415
14421
14425
14431
14435
14440
14444
14450
14454
14460
14464
14469
14473
14479
14483
14489
14492
14498
14502
14508
14512
14515
14519
14522
14527
14529
14534
14537
14541
14544
14548
14551
14556
14558
14563
14566
14570
14573
14577
14580
14585
14587
14592
14595
14599
14602
14606
14609
14614
14616
14621
14624
14628
14631
14635
14638
14643
14645
14650
14653
14657
14660
14664
14667
14672
14674
14679
14682
14686
14689
14693
14696
14701
14703
14708
14711
14715
14718
14722
14725
14730
14732
14737
14740
14744
14747
14751
14754
14759
14761
14766
14769
14773
14776
14780
14783
14788
14790
14795
14798
14802
14805
14809
14812
14817
14819
14824
14827
14831
14834
14838
14841
14846
14848
14853
14856
14860
14863
14867
14870
14875
14877
14882
14885
14889
14892
14896
14899
14904
14906
14911
14914
14918
14921
14925
14928
14933
14935
14940
14943
14947
14950
14954
14957
14962
14964
14969
14972
14976
14979
14983
14986
14991
14993
14998
15001
15005
15008
15012
15015
15020
15022
15027
15030
15034
15037
15041
15044
15049
15051
15056
15059
15063
15066
15070
15073
15078
15080
15085
15088
15092
15095
15099
15102
15107
15109
15114
15117
15121
15124
15128
15131
15136
15138
15143
15146
15150
15153
15157
15160
15165
15167
15172
15175
15179
15182
15186
15189
15194
15196
15201
15204
15208
15211
15215
15218
15223
15225
15230
15233
15237
15240
15244
15247
15252
15254
15259
15262
15266
15269
15273
15276
15281
15283
15288
15291
15295
15298
15302
15305
15310
15312
15317
15320
15324
15327
15332
15335
15340
15343
15348
15351
15356
15359
15364
15366
15371
15374
15379
15382
15387
15390
15395
15398
15403
15406
15410
15413
15418
15421
15426
15429
15434
15437
15442
15445
15450
15453
15457
15460
15465
15468
15473
15476
15481
15484
15489
15492
15497
15499
15504
15507
15512
15515
15520
15523
15528
15531
15536
15539
15544
15546
15551
15554
15559
15562
15567
15570
15575
15578
15583
15586
15590
15593
15598
15601
15606
15609
15614
15617
15622
15625
15630
15633
15637
15640
15645
15648
15653
15656
15661
15664
15669
15672
15677
15679
15684
15687
15692
15695
15700
15703
15708
15711
15716
15719
15723
15726
15731
15734
15739
15742
15747
15750
15755
15758
15763
15766
15770
15773
15778
15781
15786
15789
15794
15797
15802
15805
15810
15812
15817
15820
15825
15828
15833
15836
15841
15844
15849
15852
15857
15859
15864
15867
15872
15875
15880
15883
15888
15891
15896
15899
15903
15906
15911
15914
15919
15922
15927
15930
15935
15938
15943
15946
15950
15953
15958
15961
15966
15969
15974
15977
15982
15985
15990
15992
15997
16000
16005
16008
16013
16016
16021
16024
16029
16032
16037
16039
16044
16047
16052
16055
16060
16063
16068
16071
16076
16079
16083
16086
16091
16094
16099
16102
16107
16110
16116
16120
16126
16130
16136
16140
16146
16150
16156
16161
16167
16171
16177
16181
16187
16191
16197
16201
16207
16212
16218
16222
16228
16232
16238
16242
16248
16252
16258
16263
16269
16273
16279
16283
16289
16293
16299
16303
16309
16314
16320
16324
16330
16334
16340
16344
16350
16354
16360
16365
16371
16375
16381
16385
16391
16395
16401
16405
16412
16416
16422
16426
16432
16436
16442
16446
16452
16456
16463
16467
16473
16477
16483
16487
16493
16497
16503
16507
16514
16518
16524
16528
16534
16538
16544
16548
16554
16558
16565
16569
16575
16579
16585
16589
16595
16599
16605
16610
16615
16621
16625
16631
16635
16641
16645
16651
16655
16662
16666
16672
16676
16682
16686
16692
16696
16702
16706
16713
16717
16723
16727
16733
16737
16743
16747
16753
16757
16764
16768
16774
16778
16784
16788
16794
16798
16804
16808
16815
16819
16825
16829
16835
16839
16845
16849
16855
16860
16865
16871
16875
16881
16885
16891
16895
16901
16905
16912
16916
16922
16926
16932
16936
16942
16946
16952
16956
16963
16967
16973
16978
16981
16987
16990
16996
16999
17004
17008
17013
17017
17022
17025
17031
17034
17040
17043
17048
17052
17057
17061
17066
17069
17075
17078
17084
17087
17092
17096
17101
17105
17110
17113
17119
17122
17128
17131
17136
17140
17145
17149
17154
17157
17163
17166
17172
17175
17180
17184
17189
17193
17198
17201
17207
17210
17216
17219
17224
17228
17233
17237
17242
17245
17251
17254
17260
17263
17268
17272
17277
17281
17286
17289
17295
17298
17304
17307
17312
17316
17321
17325
17330
17333
17339
17342
17348
17351
17356
17360
17365
17369
17374
17377
17383
17386
17392
17395
17400
17404
17409
17413
17418
17422
17427
17430
17436
17439
17445
17448
17453
17457
17462
17466
17471
17474
17480
17483
17489
17492
17497
17501
17506
17510
17515
17518
17524
17527
17533
17536
17541
17545
17550
17554
17559
17562
17568
17571
17577
17580
17585
17589
17594
17598
17603
17606
17612
17615
17621
17624
17629
17633
17638
17642
17647
17650
17656
17659
17665
17668
17673
17677
17682
17686
17691
17694
17700
17703
17709
17712
17717
17721
17726
17730
17732
17736
17738
17742
17745
17749
17751
17755
17757
17762
17764
17768
17770
17774
17776
17781
17783
17787
17789
17793
17796
17800
17802
17806
17808
17813
17815
17819
17821
17825
17827
17832
17834
17838
17840
17844
17847
17851
17853
17857
17859
17863
17866
17870
17872
17876
17878
17883
17885
17889
17891
17895
17898
17902
17904
17908
17910
17914
17917
17921
17923
17927
17929
17934
17936
17940
17942
17946
17948
17953
17955
17959
17961
17965
17968
17972
17974
17978
17980
17985
17987
17991
17993
17997
17999
18004
18006
18010
18012
18016
18019
18023
18025
18029
18031
18035
18038
18042
18044
18048
18050
18055
18057
18061
18063
18067
18070
18074
18076
18080
18082
18086
18089
18093
18095
18099
18101
18106
18108
18112
18114
18118
18121
18125
18127
18131
18133
18137
18140
18144
18146
18150
18152
18157
18159
18163
18165
18169
18171
18176
18178
18182
18184
18188
18191
18195
18197
18201
18203
18208
18210
18214
18216
18220
18222
18227
18229
18233
18235
18239
18242
18246
18248
18252
18254
18258
18261
18265
18267
18271
18273
18278
18280
18284
18286
18290
18293
18297
18299
18303
18305
18309
18312
18316
18318
18322
18324
18329
18331
18335
18337
18341
18343
18348
18350
18354
18356
18360
18363
18367
18369
18373
18375
18380
18382
18386
18388
18392
18394
18399
18401
18405
18407
18411
18414
18418
18420
18424
18426
18431
18433
18437
18439
18443
18445
18450
18452
18456
18458
18462
18465
18469
18471
18475
18477
18481
18484
18488
18490
18494
18496
18501
18503
18507
18509
18513
18516
18520
18522
18526
18529
18533
18535
18539
18542
18546
18548
18552
18555
18559
18561
18565
18568
18572
18574
18578
18581
18585
18587
18591
18594
18598
18600
18604
18607
18611
18613
18618
18620
18624
18626
18631
18633
18637
18639
18644
18646
18650
18652
18657
18659
18663
18665
18670
18672
18676
18678
18683
18685
18689
18691
18696
18698
18702
18704
18709
18711
18715
18717
18722
18724
18728
18731
18735
18737
18741
18744
18748
18750
18754
18757
18761
18763
18767
18770
18774
18776
18780
18783
18787
18789
18793
18796
18800
18802
18806
18809
18813
18815
18819
18822
18826
18828
18832
18835
18839
18841
18846
18848
18852
18854
18859
18861
18865
18867
18872
18874
18878
18880
18885
18887
18891
18893
18898
18900
18904
18906
18911
18913
18917
18919
18924
18926
18930
18932
18937
18939
18943
18945
18950
18952
18956
18959
18963
18965
18969
18972
18976
18978
18982
18985
18989
18991
18995
18998
19002
19004
19008
19011
19015
19017
19021
19024
19028
19030
19034
19037
19041
19043
19047
19050
19054
19056
19061
19063
19067
19069
19074
19076
19080
19082
19087
19089
19093
19095
19100
19102
19106
19108
19113
19115
19119
19121
19126
19128
19132
19134
19139
19141
19145
19147
19152
19154
19158
19160
19165
19167
19171
19174
19178
19180
19184
19187
19191
19193
19197
19200
19204
19206
19210
19213
19217
19219
19223
19226
19230
19232
19236
19239
19243
19245
19249
19252
19256
19258
19262
19265
19269
19271
19275
19278
19282
19284
19289
19295
19299
19305
19310
19316
19320
19327
19331
19337
19341
19348
19352
19358
19363
19369
19373
19380
19384
19390
19394
19401
19405
19411
19416
19422
19426
19432
19437
19443
19447
19454
19458
19464
19469
19475
19479
19485
19490
19496
19500
19507
19511
19517
19522
19528
19532
19538
19543
19549
19553
19560
19564
19570
19574
19581
19585
19591
19596
19602
19606
19613
19617
19623
19627
19634
19638
19644
19649
19655
19659
19665
19670
19676
19680
19687
19691
19697
19702
19708
19712
19718
19723
19729
19733
19740
19744
19750
19755
19761
19765
19771
19776
19782
19786
19793
19797
19803
19807
19814
19818
19824
19829
19835
19839
19846
19850
19856
19860
19867
19871
19877
19882
19888
19892
19899
19903
19909
19913
19920
19924
19930
19935
19941
19945
19951
19956
19962
19966
19973
19977
19983
19988
19994
19998
20004
20009
20015
20019
20026
20030
20036
20040
20047
20051
20057
20062
20067
20071
20077
20080
20086
20090
20095
20099
20105
20108
20114
20118
20123
20127
20133
20136
20142
20146
20151
20155
20161
20164
20170
20174
20179
20183
20189
20192
20198
20202
20208
20211
20217
20221
20226
20230
20236
20239
20245
20249
20254
20258
20264
20267
20273
20277
20282
20286
20292
20295
20301
20305
20310
20314
20320
20323
20329
20333
20339
20342
20348
20352
20357
20361
20367
20370
20376
20380
20385
20389
20395
20398
20404
20408
20413
20417
20423
20426
20432
20436
20441
20445
20451
20454
20460
20464
20470
20473
20479
20483
20488
20492
20498
20501
20507
20511
20516
20520
20526
20529
20535
20539
20544
20548
20554
20557
20563
20567
20572
20576
20582
20585
20591
20595
20601
20604
20610
20614
20619
20623
20629
20632
20638
20642
20647
20651
20657
20660
20666
20670
20675
20679
20685
20688
20694
20698
20703
20707
20713
20716
20722
20726
20732
20735
20741
20745
20750
20754
20760
20763
20769
20773
20778
20782
20788
20791
20797
20801
20806
20810
20814
20817
20822
20825
20830
20833
20838
20840
20845
20848
20853
20856
20861
20864
20869
20871
20876
20879
20884
20887
20892
20895
20900
20902
20907
20910
20915
20918
20923
20926
20930
20933
20938
20941
20946
20949
20954
20957
20961
20964
20969
20972
20977
20980
20985
20988
20992
20995
21000
21003
21008
21011
21016
21018
21023
21026
21031
21034
21039
21042
21047
21049
21054
21057
21062
21065
21070
21073
21078
21080
21085
21088
21093
21096
21101
21104
21108
21111
21116
21119
21124
21127
21132
21135
21139
21142
21147
21150
21155
21158
21163
21166
21170
21173
21178
21181
21186
21189
21194
21196
21201
21204
21209
21212
21217
21220
21225
21227
21232
21235
21240
21243
21248
21251
21256
21258
21263
21266
21271
21274
21279
21282
21286
21289
21294
21297
21302
21305
21310
21313
21317
21320
21325
21328
21333
21336
21341
21344
21348
21351
21356
21359
21364
21367
21372
21374
21379
21382
21387
21390
21395
21398
21403
21405
21410
21413
21418
21421
21426
21429
21434
21436
21441
21444
21449
21452
21457
21460
21464
21467
21472
21475
21480
21483
21488
21491
21495
21498
21503
21506
21511
21514
21519
21522
21526
21529
21534
21537
21542
21545
21550
21552
21557
21560
21565
21568
21573
21576
21581
21583
21588
21591
21596
21599
21604
21607
21612
21617
21620
21625
21628
21633
21636
21641
21644
21649
21652
21657
21660
21665
21668
21673
21676
21681
21684
21689
21692
21697
21700
21705
21708
21713
21716
21721
21724
21729
21732
21737
21740
21745
21748
21753
21756
21761
21764
21769
21772
21777
21781
21786
21789
21794
21797
21802
21805
21810
21813
21818
21821
21826
21829
21834
21837
21842
21845
21850
21853
21858
21861
21866
21869
21874
21877
21882
21885
21890
21893
21898
21901
21906
21909
21914
21917
21922
21925
21930
21933
21938
21941
21947
21950
21955
21958
21963
21966
21971
21974
21979
21982
21987
21990
21995
21998
22003
22006
22011
22014
22019
22022
22027
22030
22035
22038
22043
22046
22051
22054
22059
22062
22067
22070
22075
22078
22083
22086
22091
22094
22099
22102
22107
22110
22116
22119
22124
22127
22132
22135
22140
22143
22148
22151
22156
22159
22164
22167
22172
22175
22180
22183
22188
22191
22196
22199
22204
22207
22212
22215
22220
22223
22228
22231
22236
22239
22244
22247
22252
22255
22260
22263
22268
22271
22276
22280
22285
22288
22293
22296
22301
22304
22309
22312
22317
22320
22325
22328
22333
22336
22341
22344
22349
22352
22357
22360
22365
22368
22373
22376
22381
22384
22389
22392
22397
22400
22405
22408
22413
22417
22419
22423
22426
22430
22432
22437
22439
22443
22446
22450
22452
22457
22459
22463
22466
22470
22472
22477
22479
22483
22485
22490
22492
22496
22499
22503
22505
22510
22512
22516
22519
22523
22525
22530
22532
22536
22539
22543
22545
22549
22552
22556
22558
22563
22565
22569
22572
22576
22578
22583
22585
22589
22592
22596
22598
22603
22605
22609
22611
22616
22618
22622
22625
22629
22631
22636
22638
22642
22645
22649
22651
22656
22658
22662
22665
22669
22671
22675
22678
22682
22684
22689
22691
22695
22698
22702
22704
22709
22711
22715
22718
22722
22724
22729
22731
22735
22737
22742
22744
22748
22751
22755
22757
22762
22764
22768
22771
22775
22777
22782
22784
22788
22791
22795
22797
22801
22804
22808
22810
22815
22817
22821
22824
22828
22830
22835
22837
22841
22844
22848
22850
22855
22857
22861
22863
22868
22870
22874
22877
22881
22883
22888
22890
22894
22897
22901
22903
22908
22910
22914
22917
22921
22923
22927
22930
22934
22936
22941
22943
22947
22950
22954
22956
22961
22963
22967
22970
22974
22976
22981
22983
22987
22989
22994
22996
23000
23003
23007
23009
23014
23016
23020
23023
23027
23029
23034
23036
23040
23043
23047
23049
23053
23056
23060
23062
23067
23069
23073
23076
23080
23082
23087
23089
23093
23096
23100
23102
23107
23109
23113
23115
23120
23122
23126
23129
23133
23135
23140
23142
23146
23149
23153
23155
23160
23162
23166
23169
23173
23175
23179
23182
23186
23188
23193
23195
23199
23202
23206
23208
23213
23215
23219
23222
23226
23231
23235
23240
23244
23250
23253
23259
23263
23268
23272
23278
23281
23287
23291
23296
23300
23306
23309
23315
23319
23324
23328
23334
23337
23343
23347
23352
23356
23362
23365
23371
23375
23380
23384
23389
23393
23399
23402
23408
23412
23417
23421
23427
23430
23436
23440
23445
23449
23455
23458
23464
23468
23473
23477
23483
23486
23492
23496
23501
23505
23511
23514
23520
23524
23529
23533
23538
23542
23548
23551
23557
23561
23566
23570
23576
23579
23585
23589
23594
23598
23604
23607
23613
23617
23622
23626
23632
23635
23641
23645
23650
23654
23660
23663
23669
23673
23678
23682
23688
23691
23697
23700
23706
23710
23715
23719
23725
23728
23734
23738
23743
23747
23753
23756
23762
23766
23771
23775
23781
23784
23790
23794
23799
23803
23809
23812
23818
23822
23827
23831
23837
23840
23846
23849
23855
23859
23864
23868
23874
23877
23883
23887
23892
23896
23902
23905
23911
23915
23920
23924
23930
23933
23939
23943
23948
23952
23958
23961
23967
23971
23976
23980
23986
23989
23995
23998
24004
24008
24013
24017
24023
24026
24032
24036
24041
24045
24051
24054
24060
24064
24069
24073
24079
24082
24088
24093
24097
24103
24107
24113
24116
24122
24126
24132
24136
24142
24145
24151
24155
24161
24165
24170
24174
24180
24184
24190
24194
24199
24203
24209
24213
24219
24222
24228
24232
24238
24242
24248
24251
24257
24261
24267
24271
24277
24280
24286
24290
24296
24300
24305
24309
24315
24319
24325
24329
24334
24338
24344
24348
24354
24357
24363
24367
24373
24377
24383
24386
24392
24396
24402
24406
24412
24415
24421
24425
24431
24435
24440
24444
24450
24454
24460
24464
24469
24473
24479
24483
24489
24492
24498
24502
24508
24512
24518
24521
24527
24531
24537
24541
24547
24550
24556
24560
24566
24570
24575
24579
24585
24589
24595
24599
24604
24608
24614
24618
24624
24627
24633
24637
24643
24647
24653
24656
24662
24666
24672
24676
24682
24685
24691
24695
24701
24705
24710
24714
24720
24724
24730
24734
24739
24743
24749
24753
24759
24762
24768
24772
24778
24782
24788
24791
24797
24801
24807
24811
24817
24820
24826
24830
24836
24840
24845
24849
24855
24859
24865
24869
24874
24878
24884
24888
24894
24897
24903
24907
24913
24917
24920
24924
24927
24932
24934
24939
24942
24946
24949
24953
24956
24961
24963
24968
24971
24975
24978
24982
24985
24990
24992
24997
25000
25004
25007
25011
25014
25019
25021
25026
25029
25033
25036
25040
25043
25048
25050
25055
25058
25062
25065
25069
25072
25077
25079
25084
25087
25091
25094
25098
25101
25106
25108
25113
25116
25120
25123
25127
25130
25135
25137
25142
25145
25149
25152
25156
25159
25164
25166
25171
25174
25178
25181
25185
25188
25193
25195
25200
25203
25207
25210
25214
25217
25222
25224
25229
25232
25236
25239
25243
25246
25251
25253
25258
25261
25265
25268
25272
25275
25280
25282
25287
25290
25294
25297
25301
25304
25309
25311
25316
25319
25323
25326
25330
25333
25338
25340
25345
25348
25352
25355
25359
25362
25367
25369
25374
25377
25381
25384
25388
25391
25396
25398
25403
25406
25410
25413
25417
25420
25425
25427
25432
25435
25439
25442
25446
25449
25454
25456
25461
25464
25468
25471
25475
25478
25483
25485
25490
25493
25497
25500
25504
25507
25512
25514
25519
25522
25526
25529
25533
25536
25541
25543
25548
25551
25555
25558
25562
25565
25570
25572
25577
25580
25584
25587
25591
25594
25599
25601
25606
25609
25613
25616
25620
25623
25628
25630
25635
25638
25642
25645
25649
25652
25657
25659
25664
25667
25671
25674
25678
25681
25686
25688
25693
25696
25700
25703
25707
25710
25715
25717
25722
25725
25729
25732
25737
25740
25745
25748
25753
25756
25761
25764
25769
25771
25776
25779
25784
25787
25792
25795
25800
25803
25808
25811
25815
25818
25823
25826
25831
25834
25839
25842
25847
25850
25855
25858
25862
25865
25870
25873
25878
25881
25886
25889
25894
25897
25902
25904
25909
25912
25917
25920
25925
25928
25933
25936
25941
25944
25949
25951
25956
25959
25964
25967
25972
25975
25980
25983
25988
25991
25995
25998
26003
26006
26011
26014
26019
26022
26027
26030
26035
26038
26042
26045
26050
26053
26058
26061
26066
26069
26074
26077
26082
26084
26089
26092
26097
26100
26105
26108
26113
26116
26121
26124
26128
26131
26136
26139
26144
26147
26152
26155
26160
26163
26168
26171
26175
26178
26183
26186
26191
26194
26199
26202
26207
26210
26215
26217
26222
26225
26230
26233
26238
26241
26246
26249
26254
26257
26262
26264
26269
26272
26277
26280
26285
26288
26293
26296
26301
26304
26308
26311
26316
26319
26324
26327
26332
26335
26340
26343
26348
26351
26355
26358
26363
26366
26371
26374
26379
26382
26387
26390
26395
26397
26402
26405
26410
26413
26418
26421
26426
26429
26434
26437
26442
26444
26449
26452
26457
26460
26465
26468
26473
26476
26481
26484
26488
26491
26496
26499
26504
26507
26512
26515
26521
26525
26531
26535
26541
26545
26551
26555
26561
26566
26572
26576
26582
26586
26592
26596
26602
26606
26612
26617
26623
26627
26633
26637
26643
26647
26653
26657
26663
26668
26674
26678
26684
26688
26694
26698
26704
26708
26714
26719
26725
26729
26735
26739
26745
26749
26755
26759
26765
26770
26776
26780
26786
26790
26796
26800
26806
26810
26817
26821
26827
26831
26837
26841
26847
26851
26857
26861
26868
26872
26878
26882
26888
26892
26898
26902
26908
26912
26919
26923
26929
26933
26939
26943
26949
26953
26959
26963
26970
26974
26980
26984
26990
26994
27000
27004
27010
27015
27020
27026
27030
27036
27040
27046
27050
27056
27060
27067
27071
27077
27081
27087
27091
27097
27101
27107
27111
27118
27122
27128
27132
27138
27142
27148
27152
27158
27162
27169
27173
27179
27183
27189
27193
27199
27203
27209
27213
27220
27224
27230
27234
27240
27244
27250
27254
27260
27265
27270
27276
27280
27286
27290
27296
27300
27306
27310
27317
27321
27327
27331
27337
27341
27347
27351
27357
27361
27368
27372
27378
27383
27386
27392
27395
27401
27404
27409
27413
27418
27422
27427
27430
27436
27439
27445
27448
27453
27457
27462
27466
27471
27474
27480
27483
27489
27492
27497
27501
27506
27510
27515
27518
27524
27527
27533
27536
27541
27545
27550
27554
27559
27562
27568
27571
27577
27580
27585
27589
27594
27598
27603
27606
27612
27615
27621
27624
27629
27633
27638
27642
27647
27650
27656
27659
27665
27668
27673
27677
27682
27686
27691
27694
27700
27703
27709
27712
27717
27721
27726
27730
27735
27738
27744
27747
27753
27756
27761
27765
27770
27774
27779
27782
27788
27791
27797
27800
27805
27809
27814
27818
27823
27827
27832
27835
27841
27844
27850
27853
27858
27862
27867
27871
27876
27879
27885
27888
27894
27897
27902
27906
27911
27915
27920
27923
27929
27932
27938
27941
27946
27950
27955
27959
27964
27967
27973
27976
27982
27985
27990
27994
27999
28003
28008
28011
28017
28020
28026
28029
28034
28038
28043
28047
28052
28055
28061
28064
28070
28073
28078
28082
28087
28091
28096
28099
28105
28108
28114
28117
28122
28126
28131
28135
28137
28141
28143
28147
28150
28154
28156
28160
28162
28167
28169
28173
28175
28179
28181
28186
28188
28192
28194
28198
28201
28205
28207
28211
28213
28218
28220
28224
28226
28230
28232
28237
28239
28243
28245
28249
28252
28256
28258
28262
28264
28268
28271
28275
28277
28281
28283
28288
28290
28294
28296
28300
28303
28307
28309
28313
28315
28319
28322
28326
28328
28332
28334
28339
28341
28345
28347
28351
28353
28358
28360
28364
28366
28370
28373
28377
28379
28383
28385
28390
28392
28396
28398
28402
28404
28409
28411
28415
28417
28421
28424
28428
28430
28434
28436
28440
28443
28447
28449
28453
28455
28460
28462
28466
28468
28472
28475
28479
28481
28485
28487
28491
28494
28498
28500
28504
28506
28511
28513
28517
28519
28523
28526
28530
28532
28536
28538
28542
28545
28549
28551
28555
28557
28562
28564
28568
28570
28574
28576
28581
28583
28587
28589
28593
28596
28600
28602
28606
28608
28613
28615
28619
28621
28625
28627
28632
28634
28638
28640
28644
28647
28651
28653
28657
28659
28663
28666
28670
28672
28676
28678
28683
28685
28689
28691
28695
28698
28702
28704
28708
28710
28714
28717
28721
28723
28727
28729
28734
28736
28740
28742
28746
28748
28753
28755
28759
28761
28765
28768
28772
28774
28778
28780
28785
28787
28791
28793
28797
28799
28804
28806
28810
28812
28816
28819
28823
28825
28829
28831
28836
28838
28842
28844
28848
28850
28855
28857
28861
28863
28867
28870
28874
28876
28880
28882
28886
28889
28893
28895
28899
28901
28906
28908
28912
28914
28918
28921
28925
28927
28931
28934
28938
28940
28944
28947
28951
28953
28957
28960
28964
28966
28970
28973
28977
28979
28983
28986
28990
28992
28996
28999
29003
29005
29009
29012
29016
29018
29023
29025
29029
29031
29036
29038
29042
29044
29049
29051
29055
29057
29062
29064
29068
29070
29075
29077
29081
29083
29088
29090
29094
29096
29101
29103
29107
29109
29114
29116
29120
29122
29127
29129
29133
29136
29140
29142
29146
29149
29153
29155
29159
29162
29166
29168
29172
29175
29179
29181
29185
29188
29192
29194
29198
29201
29205
29207
29211
29214
29218
29220
29224
29227
29231
29233
29237
29240
29244
29246
29251
29253
29257
29259
29264
29266
29270
29272
29277
29279
29283
29285
29290
29292
29296
29298
29303
29305
29309
29311
29316
29318
29322
29324
29329
29331
29335
29337
29342
29344
29348
29350
29355
29357
29361
29364
29368
29370
29374
29377
29381
29383
29387
29390
29394
29396
29400
29403
29407
29409
29413
29416
29420
29422
29426
29429
29433
29435
29439
29442
29446
29448
29452
29455
29459
29461
29466
29468
29472
29474
29479
29481
29485
29487
29492
29494
29498
29500
29505
29507
29511
29513
29518
29520
29524
29526
29531
29533
29537
29539
29544
29546
29550
29552
29557
29559
29563
29565
29570
29572
29576
29579
29583
29585
29589
29592
29596
29598
29602
29605
29609
29611
29615
29618
29622
29624
29628
29631
29635
29637
29641
29644
29648
29650
29654
29657
29661
29663
29667
29670
29674
29676
29680
29683
29687
29689
29694
29700
29704
29710
29715
29721
29725
29732
29736
29742
29746
29753
29757
29763
29768
29774
29778
29785
29789
29795
29799
29806
29810
29816
29821
29827
29831
29837
29842
29848
29852
29859
29863
29869
29874
29880
29884
29890
29895
29901
29905
29912
29916
29922
29927
29933
29937
29943
29948
29954
29958
29965
29969
29975
29979
29986
29990
29996
30001
30007
30011
30018
30022
30028
30032
30039
30043
30049
30054
30060
30064
30070
30075
30081
30085
30092
30096
30102
30107
30113
30117
30123
30128
30134
30138
30145
30149
30155
30160
30166
30170
30176
30181
30187
30191
30198
30202
30208
30212
30219
30223
30229
30234
30240
30244
30251
30255
30261
30265
30272
30276
30282
30287
30293
30297
30304
30308
30314
30318
30325
30329
30335
30340
30346
30350
30356
30361
30367
30371
30378
30382
30388
30393
30399
30403
30409
30414
30420
30424
30431
30435
30441
30445
30452
30456
30462
30467
30472
30476
30482
30485
30491
30495
30500
30504
30510
30513
30519
30523
30528
30532
30538
30541
30547
30551
30556
30560
30566
30569
30575
30579
30584
30588
30594
30597
30603
30607
30613
30616
30622
30626
30631
30635
30641
30644
30650
30654
30659
30663
30669
30672
30678
30682
30687
30691
30697
30700
30706
30710
30715
30719
30725
30728
30734
30738
30744
30747
30753
30757
30762
30766
30772
30775
30781
30785
30790
30794
30800
30803
30809
30813
30818
30822
30828
30831
30837
30841
30846
30850
30856
30859
30865
30869
30875
30878
30884
30888
30893
30897
30903
30906
30912
30916
30921
30925
30931
30934
30940
30944
30949
30953
30959
30962
30968
30972
30977
30981
30987
30990
30996
31000
31006
31009
31015
31019
31024
31028
31034
31037
31043
31047
31052
31056
31062
31065
31071
31075
31080
31084
31090
31093
31099
31103
31108
31112
31118
31121
31127
31131
31137
31140
31146
31150
31155
31159
31165
31168
31174
31178
31183
31187
31193
31196
31202
31206
31211
31215
31219
31222
31227
31230
31235
31238
31243
31245
31250
31253
31258
31261
31266
31269
31274
31276
31281
31284
31289
31292
31297
31300
31305
31307
31312
31315
31320
31323
31328
31331
31335
31338
31343
31346
31351
31354
31359
31362
31366
31369
31374
31377
31382
31385
31390
31393
31397
31400
31405
31408
31413
31416
31421
31423
31428
31431
31436
31439
31444
31447
31452
31454
31459
31462
31467
31470
31475
31478
31483
31485
31490
31493
31498
31501
31506
31509
31513
31516
31521
31524
31529
31532
31537
31540
31544
31547
31552
31555
31560
31563
31568
31571
31575
31578
31583
31586
31591
31594
31599
31601
31606
31609
31614
31617
31622
31625
31630
31632
31637
31640
31645
31648
31653
31656
31661
31663
31668
31671
31676
31679
31684
31687
31691
31694
31699
31702
31707
31710
31715
31718
31722
31725
31730
31733
31738
31741
31746
31749
31753
31756
31761
31764
31769
31772
31777
31779
31784
31787
31792
31795
31800
31803
31808
31810
31815
31818
31823
31826
31831
31834
31839
31841
31846
31849
31854
31857
31862
31865
31869
31872
31877
31880
31885
31888
31893
31896
31900
31903
31908
31911
31916
31919
31924
31927
31931
31934
31939
31942
31947
31950
31955
31957
31962
31965
31970
31973
31978
31981
31986
31988
31993
31996
32001
32004
32009
32012
32017
32022
32025
32030
32033
32038
32041
32046
32049
32054
32057
32062
32065
32070
32073
32078
32081
32086
32089
32094
32097
32102
32105
32110
32113
32118
32121
32126
32129
32134
32137
32142
32145
32150
32153
32158
32161
32166
32169
32174
32177
32182
32186
32191
32194
32199
32202
32207
32210
32215
32218
32223
32226
32231
32234
32239
32242
32247
32250
32255
32258
32263
32266
32271
32274
32279
32282
32287
32290
32295
32298
32303
32306
32311
32314
32319
32322
32327
32330
32335
32338
32343
32346
32352
32355
32360
32363
32368
32371
32376
32379
32384
32387
32392
32395
32400
32403
32408
32411
32416
32419
32424
32427
32432
32435
32440
32443
32448
32451
32456
32459
32464
32467
32472
32475
32480
32483
32488
32491
32496
32499
32504
32507
32512
32515
32521
32524
32529
32532
32537
32540
32545
32548
32553
32556
32561
32564
32569
32572
32577
32580
32585
32588
32593
32596
32601
32604
32609
32612
32617
32620
32625
32628
32633
32636
32641
32644
32649
32652
32657
32660
32665
32668
32673
32676
32681
32685
32690
32693
32698
32701
32706
32709
32714
32717
32722
32725
32730
32733
32738
32741
32746
32749
32754
32757
32762
32765
32770
32773
32778
32781
32786
32789
32794
32797
32802
32805
32810
32813
32818
32822
32824
32828
32831
32835
32837
32842
32844
32848
32851
32855
32857
32862
32864
32868
32871
32875
32877
32882
32884
32888
32890
32895
32897
32901
32904
32908
32910
32915
32917
32921
32924
32928
32930
32935
32937
32941
32944
32948
32950
32954
32957
32961
32963
32968
32970
32974
32977
32981
32983
32988
32990
32994
32997
33001
33003
33008
33010
33014
33016
33021
33023
33027
33030
33034
33036
33041
33043
33047
33050
33054
33056
33061
33063
33067
33070
33074
33076
33080
33083
33087
33089
33094
33096
33100
33103
33107
33109
33114
33116
33120
33123
33127
33129
33134
33136
33140
33142
33147
33149
33153
33156
33160
33162
33167
33169
33173
33176
33180
33182
33187
33189
33193
33196
33200
33202
33206
33209
33213
33215
33220
33222
33226
33229
33233
33235
33240
33242
33246
33249
33253
33255
33260
33262
33266
33268
33273
33275
33279
33282
33286
33288
33293
33295
33299
33302
33306
33308
33313
33315
33319
33322
33326
33328
33332
33335
33339
33341
33346
33348
33352
33355
33359
33361
33366
33368
33372
33375
33379
33381
33386
33388
33392
33394
33399
33401
33405
33408
33412
33414
33419
33421
33425
33428
33432
33434
33439
33441
33445
33448
33452
33454
33458
33461
33465
33467
33472
33474
33478
33481
33485
33487
33492
33494
33498
33501
33505
33507
33512
33514
33518
33520
33525
33527
33531
33534
33538
33540
33545
33547
33551
33554
33558
33560
33565
33567
33571
33574
33578
33580
33584
33587
33591
33593
33598
33600
33604
33607
33611
33613
33618
33620
33624
33627
33631
33636
33640
33645
33649
33655
33658
33664
33668
33673
33677
33683
33686
33692
33696
33701
33705
33711
33714
33720
33724
33729
33733
33739
33742
33748
33752
33757
33761
33767
33770
33776
33780
33785
33789
33794
33798
33804
33807
33813
33817
33822
33826
33832
33835
33841
33845
33850
33854
33860
33863
33869
33873
33878
33882
33888
33891
33897
33901
33906
33910
33916
33919
33925
33929
33934
33938
33943
33947
33953
33956
33962
33966
33971
33975
33981
33984
33990
33994
33999
34003
34009
34012
34018
34022
34027
34031
34037
34040
34046
34050
34055
34059
34065
34068
34074
34078
34083
34087
34093
34096
34102
34105
34111
34115
34120
34124
34130
34133
34139
34143
34148
34152
34158
34161
34167
34171
34176
34180
34186
34189
34195
34199
34204
34208
34214
34217
34223
34227
34232
34236
34242
34245
34251
34254
34260
34264
34269
34273
34279
34282
34288
34292
34297
34301
34307
34310
34316
34320
34325
34329
34335
34338
34344
34348
34353
34357
34363
34366
34372
34376
34381
34385
34391
34394
34400
34403
34409
34413
34418
34422
34428
34431
34437
34441
34446
34450
34456
34459
34465
34469
34474
34478
34484
34487
34493
34498
34502
34508
34512
34518
34521
34527
34531
34537
34541
34547
34550
34556
34560
34566
34570
34575
34579
34585
34589
34595
34599
34604
34608
34614
34618
34624
34627
34633
34637
34643
34647
34653
34656
34662
34666
34672
34676
34682
34685
34691
34695
34701
34705
34710
34714
34720
34724
34730
34734
34739
34743
34749
34753
34759
34762
34768
34772
34778
34782
34788
34791
34797
34801
34807
34811
34817
34820
34826
34830
34836
34840
34845
34849
34855
34859
34865
34869
34874
34878
34884
34888
34894
34897
34903
34907
34913
34917
34923
34926
34932
34936
34942
34946
34952
34955
34961
34965
34971
34975
34980
34984
34990
34994
35000
35004
35009
35013
35019
35023
35029
35032
35038
35042
35048
35052
35058
35061
35067
35071
35077
35081
35087
35090
35096
35100
35106
35110
35115
35119
35125
35129
35135
35139
35144
35148
35154
35158
35164
35167
35173
35177
35183
35187
35193
35196
35202
35206
35212
35216
35222
35225
35231
35235
35241
35245
35250
35254
35260
35264
35270
35274
35279
35283
35289
35293
35299
35302
35308
35312
35318
35322
35325
35329
35332
35337
35339
35344
35347
35351
35354
35358
35361
35366
35368
35373
35376
35380
35383
35387
35390
35395
35397
35402
35405
35409
35412
35416
35419
35424
35426
35431
35434
35438
35441
35445
35448
35453
35455
35460
35463
35467
35470
35474
35477
35482
35484
35489
35492
35496
35499
35503
35506
35511
35513
35518
35521
35525
35528
35532
35535
35540
35542
35547
35550
35554
35557
35561
35564
35569
35571
35576
35579
35583
35586
35590
35593
35598
35600
35605
35608
35612
35615
35619
35622
35627
35629
35634
35637
35641
35644
35648
35651
35656
35658
35663
35666
35670
35673
35677
35680
35685
35687
35692
35695
35699
35702
35706
35709
35714
35716
35721
35724
35728
35731
35735
35738
35743
35745
35750
35753
35757
35760
35764
35767
35772
35774
35779
35782
35786
35789
35793
35796
35801
35803
35808
35811
35815
35818
35822
35825
35830
35832
35837
35840
35844
35847
35851
35854
35859
35861
35866
35869
35873
35876
35880
35883
35888
35890
35895
35898
35902
35905
35909
35912
35917
35919
35924
35927
35931
35934
35938
35941
35946
35948
35953
35956
35960
35963
35967
35970
35975
35977
35982
35985
35989
35992
35996
35999
36004
36006
36011
36014
36018
36021
36025
36028
36033
36035
36040
36043
36047
36050
36054
36057
36062
36064
36069
36072
36076
36079
36083
36086
36091
36093
36098
36101
36105
36108
36112
36115
36120
36122
36127
36130
36134
36137
36142
36145
36150
36153
36158
36161
36166
36169
36174
36176
36181
36184
36189
36192
36197
36200
36205
36208
36213
36216
36220
36223
36228
36231
36236
36239
36244
36247
36252
36255
36260
36263
36267
36270
36275
36278
36283
36286
36291
36294
36299
36302
36307
36309
36314
36317
36322
36325
36330
36333
36338
36341
36346
36349
36354
36356
36361
36364
36369
36372
36377
36380
36385
36388
36393
36396
36400
36403
36408
36411
36416
36419
36424
36427
36432
36435
36440
36443
36447
36450
36455
36458
36463
36466
36471
36474
36479
36482
36487
36489
36494
36497
36502
36505
36510
36513
36518
36521
36526
36529
36533
36536
36541
36544
36549
36552
36557
36560
36565
36568
36573
36576
36580
36583
36588
36591
36596
36599
36604
36607
36612
36615
36620
36622
36627
36630
36635
36638
36643
36646
36651
36654
36659
36662
36667
36669
36674
36677
36682
36685
36690
36693
36698
36701
36706
36709
36713
36716
36721
36724
36729
36732
36737
36740
36745
36748
36753
36756
36760
36763
36768
36771
36776
36779
36784
36787
36792
36795
36800
36802
36807
36810
36815
36818
36823
36826
36831
36834
36839
36842
36847
36849
36854
36857
36862
36865
36870
36873
36878
36881
36886
36889
36893
36896
36901
36904
36909
36912
36917
36920
36926
36930
36936
36940
36946
36950
36956
36960
36966
36971
36977
36981
36987
36991
36997
37001
37007
37011
37017
37022
37028
37032
37038
37042
37048
37052
37058
37062
37068
37073
37079
37083
37089
37093
37099
37103
37109
37113
37119
37124
37130
37134
37140
37144
37150
37154
37160
37164
37170
37175
37181
37185
37191
37195
37201
37205
37211
37215
37222
37226
37232
37236
37242
37246
37252
37256
37262
37266
37273
37277
37283
37287
37293
37297
37303
37307
37313
37317
37324
37328
37334
37338
37344
37348
37354
37358
37364
37368
37375
37379
37385
37389
37395
37399
37405
37409
37415
37420
37425
37431
37435
37441
37445
37451
37455
37461
37465
37472
37476
37482
37486
37492
37496
37502
37506
37512
37516
37523
37527
37533
37537
37543
37547
37553
37557
37563
37567
37574
37578
37584
37588
37594
37598
37604
37608
37614
37618
37625
37629
37635
37639
37645
37649
37655
37659
37665
37670
37675
37681
37685
37691
37695
37701
37705
37711
37715
37722
37726
37732
37736
37742
37746
37752
37756
37762
37766
37773
37777
37783
37788
37791
37797
37800
37806
37809
37814
37818
37823
37827
37832
37835
37841
37844
37850
37853
37858
37862
37867
37871
37876
37879
37885
37888
37894
37897
37902
37906
37911
37915
37920
37923
37929
37932
37938
37941
37946
37950
37955
37959
37964
37967
37973
37976
37982
37985
37990
37994
37999
38003
38008
38011
38017
38020
38026
38029
38034
38038
38043
38047
38052
38055
38061
38064
38070
38073
38078
38082
38087
38091
38096
38099
38105
38108
38114
38117
38122
38126
38131
38135
38140
38143
38149
38152
38158
38161
38166
38170
38175
38179
38184
38187
38193
38196
38202
38205
38210
38214
38219
38223
38228
38232
38237
38240
38246
38249
38255
38258
38263
38267
38272
38276
38281
38284
38290
38293
38299
38302
38307
38311
38316
38320
38325
38328
38334
38337
38343
38346
38351
38355
38360
38364
38369
38372
38378
38381
38387
38390
38395
38399
38404
38408
38413
38416
38422
38425
38431
38434
38439
38443
38448
38452
38457
38460
38466
38469
38475
38478
38483
38487
38492
38496
38501
38504
38510
38513
38519
38522
38527
38531
38536
38540
38542
38546
38548
38552
38555
38559
38561
38565
38567
38572
38574
38578
38580
38584
38586
38591
38593
38597
38599
38603
38606
38610
38612
38616
38618
38623
38625
38629
38631
38635
38637
38642
38644
38648
38650
38654
38657
38661
38663
38667
38669
38673
38676
38680
38682
38686
38688
38693
38695
38699
38701
38705
38708
38712
38714
38718
38720
38724
38727
38731
38733
38737
38739
38744
38746
38750
38752
38756
38758
38763
38765
38769
38771
38775
38778
38782
38784
38788
38790
38795
38797
38801
38803
38807
38809
38814
38816
38820
38822
38826
38829
38833
38835
38839
38841
38845
38848
38852
38854
38858
38860
38865
38867
38871
38873
38877
38880
38884
38886
38890
38892
38896
38899
38903
38905
38909
38911
38916
38918
38922
38924
38928
38931
38935
38937
38941
38943
38947
38950
38954
38956
38960
38962
38967
38969
38973
38975
38979
38981
38986
38988
38992
38994
38998
39001
39005
39007
39011
39013
39018
39020
39024
39026
39030
39032
39037
39039
39043
39045
39049
39052
39056
39058
39062
39064
39068
39071
39075
39077
39081
39083
39088
39090
39094
39096
39100
39103
39107
39109
39113
39115
39119
39122
39126
39128
39132
39134
39139
39141
39145
39147
39151
39153
39158
39160
39164
39166
39170
39173
39177
39179
39183
39185
39190
39192
39196
39198
39202
39204
39209
39211
39215
39217
39221
39224
39228
39230
39234
39236
39241
39243
39247
39249
39253
39255
39260
39262
39266
39268
39272
39275
39279
39281
39285
39287
39291
39294
39298
39300
39304
39306
39311
39313
39317
39319
39323
39326
39330
39332
39336
39339
39343
39345
39349
39352
39356
39358
39362
39365
39369
39371
39375
39378
39382
39384
39388
39391
39395
39397
39401
39404
39408
39410
39414
39417
39421
39423
39428
39430
39434
39436
39441
39443
39447
39449
39454
39456
39460
39462
39467
39469
39473
39475
39480
39482
39486
39488
39493
39495
39499
39501
39506
39508
39512
39514
39519
39521
39525
39527
39532
39534
39538
39541
39545
39547
39551
39554
39558
39560
39564
39567
39571
39573
39577
39580
39584
39586
39590
39593
39597
39599
39603
39606
39610
39612
39616
39619
39623
39625
39629
39632
39636
39638
39642
39645
39649
39651
39656
39658
39662
39664
39669
39671
39675
39677
39682
39684
39688
39690
39695
39697
39701
39703
39708
39710
39714
39716
39721
39723
39727
39729
39734
39736
39740
39742
39747
39749
39753
39755
39760
39762
39766
39769
39773
39775
39779
39782
39786
39788
39792
39795
39799
39801
39805
39808
39812
39814
39818
39821
39825
39827
39831
39834
39838
39840
39844
39847
39851
39853
39857
39860
39864
39866
39871
39873
39877
39879
39884
39886
39890
39892
39897
39899
39903
39905
39910
39912
39916
39918
39923
39925
39929
39931
39936
39938
39942
39944
39949
39951
39955
39957
39962
39964
39968
39970
39975
39977
39981
39984
39988
39990
39994
39997
40001
40003
40007
40010
40014
40016
40020
40023
40027
40029
40033
40036
40040
40042
40046
40049
40053
40055
40059
40062
40066
40068
40072
40075
40079
40081
40085
40088
40092
40094
40099
40105
40109
40115
40120
40126
40130
40137
40141
40147
40151
40158
40162
40168
40173
40179
40183
40190
40194
40200
40204
40211
40215
40221
40226
40232
40236
40242
40247
40253
40257
40264
40268
40274
40279
40285
40289
40295
40300
40306
40310
40317
40321
40327
40332
40338
40342
40348
40353
40359
40363
40370
40374
40380
40384
40391
40395
40401
40406
40412
40416
40423
40427
40433
40437
40444
40448
40454
40459
40465
40469
40475
40480
40486
40490
40497
40501
40507
40512
40518
40522
40528
40533
40539
40543
40550
40554
40560
40565
40571
40575
40581
40586
40592
40596
40603
40607
40613
40617
40624
40628
40634
40639
40645
40649
40656
40660
40666
40670
40677
40681
40687
40692
40698
40702
40709
40713
40719
40723
40730
40734
40740
40745
40751
40755
40761
40766
40772
40776
40783
40787
40793
40798
40804
40808
40814
40819
40825
40829
40836
40840
40846
40850
40857
40861
40867
40872
40877
40881
40887
40890
40896
40900
40905
40909
40915
40918
40924
40928
40933
40937
40943
40946
40952
40956
40961
40965
40971
40974
40980
40984
40989
40993
40999
41002
41008
41012
41018
41021
41027
41031
41036
41040
41046
41049
41055
41059
41064
41068
41074
41077
41083
41087
41092
41096
41102
41105
41111
41115
41120
41124
41130
41133
41139
41143
41149
41152
41158
41162
41167
41171
41177
41180
41186
41190
41195
41199
41205
41208
41214
41218
41223
41227
41233
41236
41242
41246
41251
41255
41261
41264
41270
41274
41280
41283
41289
41293
41298
41302
41308
41311
41317
41321
41326
41330
41336
41339
41345
41349
41354
41358
41364
41367
41373
41377
41382
41386
41392
41395
41401
41405
41411
41414
41420
41424
41429
41433
41439
41442
41448
41452
41457
41461
41467
41470
41476
41480
41485
41489
41495
41498
41504
41508
41513
41517
41523
41526
41532
41536
41542
41545
41551
41555
41560
41564
41570
41573
41579
41583
41588
41592
41598
41601
41607
41611
41616
41620
41624
41627
41632
41635
41640
41643
41648
41650
41655
41658
41663
41666
41671
41674
41679
41681
41686
41689
41694
41697
41702
41705
41710
41712
41717
41720
41725
41728
41733
41736
41740
41743
41748
41751
41756
41759
41764
41767
41771
41774
41779
41782
41787
41790
41795
41798
41802
41805
41810
41813
41818
41821
41826
41828
41833
41836
41841
41844
41849
41852
41857
41859
41864
41867
41872
41875
41880
41883
41888
41890
41895
41898
41903
41906
41911
41914
41918
41921
41926
41929
41934
41937
41942
41945
41949
41952
41957
41960
41965
41968
41973
41976
41980
41983
41988
41991
41996
41999
42004
42006
42011
42014
42019
42022
42027
42030
42035
42037
42042
42045
42050
42053
42058
42061
42066
42068
42073
42076
42081
42084
42089
42092
42096
42099
42104
42107
42112
42115
42120
42123
42127
42130
42135
42138
42143
42146
42151
42154
42158
42161
42166
42169
42174
42177
42182
42184
42189
42192
42197
42200
42205
42208
42213
42215
42220
42223
42228
42231
42236
42239
42244
42246
42251
42254
42259
42262
42267
42270
42274
42277
42282
42285
42290
42293
42298
42301
42305
42308
42313
42316
42321
42324
42329
42332
42336
42339
42344
42347
42352
42355
42360
42362
42367
42370
42375
42378
42383
42386
42391
42393
42398
42401
42406
42409
42414
42417
42422
42427
42430
42435
42438
42443
42446
42451
42454
42459
42462
42467
42470
42475
42478
42483
42486
42491
42494
42499
42502
42507
42510
42515
42518
42523
42526
42531
42534
42539
42542
42547
42550
42555
42558
42563
42566
42571
42574
42579
42582
42587
42591
42596
42599
42604
42607
42612
42615
42620
42623
42628
42631
42636
42639
42644
42647
42652
42655
42660
42663
42668
42671
42676
42679
42684
42687
42692
42695
42700
42703
42708
42711
42716
42719
42724
42727
42732
42735
42740
42743
42748
42751
42757
42760
42765
42768
42773
42776
42781
42784
42789
42792
42797
42800
42805
42808
42813
42816
42821
42824
42829
42832
42837
42840
42845
42848
42853
42856
42861
42864
42869
42872
42877
42880
42885
42888
42893
42896
42901
42904
42909
42912
42917
42920
42926
42929
42934
42937
42942
42945
42950
42953
42958
42961
42966
42969
42974
42977
42982
42985
42990
42993
42998
43001
43006
43009
43014
43017
43022
43025
43030
43033
43038
43041
43046
43049
43054
43057
43062
43065
43070
43073
43078
43081
43086
43090
43095
43098
43103
43106
43111
43114
43119
43122
43127
43130
43135
43138
43143
43146
43151
43154
43159
43162
43167
43170
43175
43178
43183
43186
43191
43194
43199
43202
43207
43210
43215
43218
43223
43227
43229
43233
43236
43240
43242
43247
43249
43253
43256
43260
43262
43267
43269
43273
43276
43280
43282
43287
43289
43293
43295
43300
43302
43306
43309
43313
43315
43320
43322
43326
43329
43333
43335
43340
43342
43346
43349
43353
43355
43359
43362
43366
43368
43373
43375
43379
43382
43386
43388
43393
43395
43399
43402
43406
43408
43413
43415
43419
43421
43426
43428
43432
43435
43439
43441
43446
43448
43452
43455
43459
43461
43466
43468
43472
43475
43479
43481
43485
43488
43492
43494
43499
43501
43505
43508
43512
43514
43519
43521
43525
43528
43532
43534
43539
43541
43545
43547
43552
43554
43558
43561
43565
43567
43572
43574
43578
43581
43585
43587
43592
43594
43598
43601
43605
43607
43611
43614
43618
43620
43625
43627
43631
43634
43638
43640
43645
43647
43651
43654
43658
43660
43665
43667
43671
43673
43678
43680
43684
43687
43691
43693
43698
43700
43704
43707
43711
43713
43718
43720
43724
43727
43731
43733
43737
43740
43744
43746
43751
43753
43757
43760
43764
43766
43771
43773
43777
43780
43784
43786
43791
43793
43797
43799
43804
43806
43810
43813
43817
43819
43824
43826
43830
43833
43837
43839
43844
43846
43850
43853
43857
43859
43863
43866
43870
43872
43877
43879
43883
43886
43890
43892
43897
43899
43903
43906
43910
43912
43917
43919
43923
43925
43930
43932
43936
43939
43943
43945
43950
43952
43956
43959
43963
43965
43970
43972
43976
43979
43983
43985
43989
43992
43996
43998
44003
44005
44009
44012
44016
44018
44023
44025
44029
44032
44036
44041
44045
44050
44054
44060
44063
44069
44073
44078
44082
44088
44091
44097
44101
44106
44110
44116
44119
44125
44129
44134
44138
44144
44147
44153
44157
44162
44166
44172
44175
44181
44185
44190
44194
44199
44203
44209
44212
44218
44222
44227
44231
44237
44240
44246
44250
44255
44259
44265
44268
44274
44278
44283
44287
44293
44296
44302
44306
44311
44315
44321
44324
44330
44334
44339
44343
44348
44352
44358
44361
44367
44371
44376
44380
44386
44389
44395
44399
44404
44408
44414
44417
44423
44427
44432
44436
44442
44445
44451
44455
44460
44464
44470
44473
44479
44483
44488
44492
44498
44501
44507
44510
44516
44520
44525
44529
44535
44538
44544
44548
44553
44557
44563
44566
44572
44576
44581
44585
44591
44594
44600
44604
44609
44613
44619
44622
44628
44632
44637
44641
44647
44650
44656
44659
44665
44669
44674
44678
44684
44687
44693
44697
44702
44706
44712
44715
44721
44725
44730
44734
44740
44743
44749
44753
44758
44762
44768
44771
44777
44781
44786
44790
44796
44799
44805
44808
44814
44818
44823
44827
44833
44836
44842
44846
44851
44855
44861
44864
44870
44874
44879
44883
44889
44892
44898
44903
44907
44913
44917
44923
44926
44932
44936
44942
44946
44952
44955
44961
44965
44971
44975
44980
44984
44990
44994
45000
45004
45009
45013
45019
45023
45029
45032
45038
45042
45048
45052
45058
45061
45067
45071
45077
45081
45087
45090
45096
45100
45106
45110
45115
45119
45125
45129
45135
45139
45144
45148
45154
45158
45164
45167
45173
45177
45183
45187
45193
45196
45202
45206
45212
45216
45222
45225
45231
45235
45241
45245
45250
45254
45260
45264
45270
45274
45279
45283
45289
45293
45299
45302
45308
45312
45318
45322
45328
45331
45337
45341
45347
45351
45357
45360
45366
45370
45376
45380
45385
45389
45395
45399
45405
45409
45414
45418
45424
45428
45434
45437
45443
45447
45453
45457
45463
45466
45472
45476
45482
45486
45492
45495
45501
45505
45511
45515
45520
45524
45530
45534
45540
45544
45549
45553
45559
45563
45569
45572
45578
45582
45588
45592
45598
45601
45607
45611
45617
45621
45627
45630
45636
45640
45646
45650
45655
45659
45665
45669
45675
45679
45684
45688
45694
45698
45704
45707
45713
45717
45723
45727
45730
45734
45737
45742
45744
45749
45752
45756
45759
45763
45766
45771
45773
45778
45781
45785
45788
45792
45795
45800
45802
45807
45810
45814
45817
45821
45824
45829
45831
45836
45839
45843
45846
45850
45853
45858
45860
45865
45868
45872
45875
45879
45882
45887
45889
45894
45897
45901
45904
45908
45911
45916
45918
45923
45926
45930
45933
45937
45940
45945
45947
45952
45955
45959
45962
45966
45969
45974
45976
45981
45984
45988
45991
45995
45998
46003
46005
46010
46013
46017
46020
46024
46027
46032
46034
46039
46042
46046
46049
46053
46056
46061
46063
46068
46071
46075
46078
46082
46085
46090
46092
46097
46100
46104
46107
46111
46114
46119
46121
46126
46129
46133
46136
46140
46143
46148
46150
46155
46158
46162
46165
46169
46172
46177
46179
46184
46187
46191
46194
46198
46201
46206
46208
46213
46216
46220
46223
46227
46230
46235
46237
46242
46245
46249
46252
46256
46259
46264
46266
46271
46274
46278
46281
46285
46288
46293
46295
46300
46303
46307
46310
46314
46317
46322
46324
46329
46332
46336
46339
46343
46346
46351
46353
46358
46361
46365
46368
46372
46375
46380
46382
46387
46390
46394
46397
46401
46404
46409
46411
46416
46419
46423
46426
46430
46433
46438
46440
46445
46448
46452
46455
46459
46462
46467
46469
46474
46477
46481
46484
46488
46491
46496
46498
46503
46506
46510
46513
46517
46520
46525
46527
46532
46535
46539
46542
46547
46550
46555
46558
46563
46566
46571
46574
46579
46581
46586
46589
46594
46597
46602
46605
46610
46613
46618
46621
46625
46628
46633
46636
46641
46644
46649
46652
46657
46660
46665
46668
46672
46675
46680
46683
46688
46691
46696
46699
46704
46707
46712
46714
46719
46722
46727
46730
46735
46738
46743
46746
46751
46754
46759
46761
46766
46769
46774
46777
46782
46785
46790
46793
46798
46801
46805
46808
46813
46816
46821
46824
46829
46832
46837
46840
46845
46848
46852
46855
46860
46863
46868
46871
46876
46879
46884
46887
46892
46894
46899
46902
46907
46910
46915
46918
46923
46926
46931
46934
46938
46941
46946
46949
46954
46957
46962
46965
46970
46973
46978
46981
46985
46988
46993
46996
47001
47004
47009
47012
47017
47020
47025
47027
47032
47035
47040
47043
47048
47051
47056
47059
47064
47067
47072
47074
47079
47082
47087
47090
47095
47098
47103
47106
47111
47114
47118
47121
47126
47129
47134
47137
47142
47145
47150
47153
47158
47161
47165
47168
47173
47176
47181
47184
47189
47192
47197
47200
47205
47207
47212
47215
47220
47223
47228
47231
47236
47239
47244
47247
47252
47254
47259
47262
47267
47270
47275
47278
47283
47286
47291
47294
47298
47301
47306
47309
47314
47317
47322
47325
47331
47335
47341
47345
47351
47355
47361
47365
47371
47376
47382
47386
47392
47396
47402
47406
47412
47416
47422
47427
47433
47437
47443
47447
47453
47457
47463
47467
47473
47478
47484
47488
47494
47498
47504
47508
47514
47518
47524
47529
47535
47539
47545
47549
47555
47559
47565
47569
47575
47580
47586
47590
47596
47600
47606
47610
47616
47620
47627
47631
47637
47641
47647
47651
47657
47661
47667
47671
47678
47682
47688
47692
47698
47702
47708
47712
47718
47722
47729
47733
47739
47743
47749
47753
47759
47763
47769
47773
47780
47784
47790
47794
47800
47804
47810
47814
47820
47825
47830
47836
47840
47846
47850
47856
47860
47866
47870
47877
47881
47887
47891
47897
47901
47907
47911
47917
47921
47928
47932
47938
47942
47948
47952
47958
47962
47968
47972
47979
47983
47989
47993
47999
48003
48009
48013
48019
48023
48030
48034
48040
48044
48050
48054
48060
48064
48070
48075
48080
48086
48090
48096
48100
48106
48110
48116
48120
48127
48131
48137
48141
48147
48151
48157
48161
48167
48171
48178
48182
48188
48193
48196
48202
48205
48211
48214
48219
48223
48228
48232
48237
48240
48246
48249
48255
48258
48263
48267
48272
48276
48281
48284
48290
48293
48299
48302
48307
48311
48316
48320
48325
48328
48334
48337
48343
48346
48351
48355
48360
48364
48369
48372
48378
48381
48387
48390
48395
48399
48404
48408
48413
48416
48422
48425
48431
48434
48439
48443
48448
48452
48457
48460
48466
48469
48475
48478
48483
48487
48492
48496
48501
48504
48510
48513
48519
48522
48527
48531
48536
48540
48545
48548
48554
48557
48563
48566
48571
48575
48580
48584
48589
48592
48598
48601
48607
48610
48615
48619
48624
48628
48633
48637
48642
48645
48651
48654
48660
48663
48668
48672
48677
48681
48686
48689
48695
48698
48704
48707
48712
48716
48721
48725
48730
48733
48739
48742
48748
48751
48756
48760
48765
48769
48774
48777
48783
48786
48792
48795
48800
48804
48809
48813
48818
48821
48827
48830
48836
48839
48844
48848
48853
48857
48862
48865
48871
48874
48880
48883
48888
48892
48897
48901
48906
48909
48915
48918
48924
48927
48932
48936
48941
48945
48947
48951
48953
48957
48960
48964
48966
48970
48972
48977
48979
48983
48985
48989
48991
48996
48998
49002
49004
49008
49011
49015
49017
49021
49023
49028
49030
49034
49036
49040
49042
49047
49049
49053
49055
49059
49062
49066
49068
49072
49074
49078
49081
49085
49087
49091
49093
49098
49100
49104
49106
49110
49113
49117
49119
49123
49125
49129
49132
49136
49138
49142
49144
49149
49151
49155
49157
49161
49163
49168
49170
49174
49176
49180
49183
49187
49189
49193
49195
49200
49202
49206
49208
49212
49214
49219
49221
49225
49227
49231
49234
49238
49240
49244
49246
49250
49253
49257
49259
49263
49265
49270
49272
49276
49278
49282
49285
49289
49291
49295
49297
49301
49304
49308
49310
49314
49316
49321
49323
49327
49329
49333
49336
49340
49342
49346
49348
49352
49355
49359
49361
49365
49367
49372
49374
49378
49380
49384
49386
49391
49393
49397
49399
49403
49406
49410
49412
49416
49418
49423
49425
49429
49431
49435
49437
49442
49444
49448
49450
49454
49457
49461
49463
49467
49469
49473
49476
49480
49482
49486
49488
49493
49495
49499
49501
49505
49508
49512
49514
49518
49520
49524
49527
49531
49533
49537
49539
49544
49546
49550
49552
49556
49558
49563
49565
49569
49571
49575
49578
49582
49584
49588
49590
49595
49597
49601
49603
49607
49609
49614
49616
49620
49622
49626
49629
49633
49635
49639
49641
49646
49648
49652
49654
49658
49660
49665
49667
49671
49673
49677
49680
49684
49686
49690
49692
49696
49699
49703
49705
49709
49711
49716
49718
49722
49724
49728
49731
49735
49737
49741
49744
49748
49750
49754
49757
49761
49763
49767
49770
49774
49776
49780
49783
49787
49789
49793
49796
49800
49802
49806
49809
49813
49815
49819
49822
49826
49828
49833
49835
49839
49841
49846
49848
49852
49854
49859
49861
49865
49867
49872
49874
49878
49880
49885
49887
49891
49893
49898
49900
49904
49906
49911
49913
49917
49919
49924
49926
49930
49932
49937
49939
49943
49946
49950
49952
49956
49959
49963
49965
49969
49972
49976
49978
49982
49985
49989
49991
49995
49998
50002
50004
50008
50011
50015
50017
50021
50024
50028
50030
50034
50037
50041
50043
50047
50050
50054
50056
50061
50063
50067
50069
50074
50076
50080
50082
50087
50089
50093
50095
50100
50102
50106
50108
50113
50115
50119
50121
50126
50128
50132
50134
50139
50141
50145
50147
50152
50154
50158
50160
50165
50167
50171
50174
50178
50180
50184
50187
50191
50193
50197
50200
50204
50206
50210
50213
50217
50219
50223
50226
50230
50232
50236
50239
50243
50245
50249
50252
50256
50258
50262
50265
50269
50271
50276
50278
50282
50284
50289
50291
50295
50297
50302
50304
50308
50310
50315
50317
50321
50323
50328
50330
50334
50336
50341
50343
50347
50349
50354
50356
50360
50362
50367
50369
50373
50375
50380
50382
50386
50389
50393
50395
50399
50402
50406
50408
50412
50415
50419
50421
50425
50428
50432
50434
50438
50441
50445
50447
50451
50454
50458
50460
50464
50467
50471
50473
50477
50480
50484
50486
50490
50493
50497
50499
50504
50510
50514
50520
50525
50531
50535
50542
50546
50552
50556
50563
50567
50573
50578
50584
50588
50595
50599
50605
50609
50616
50620
50626
50631
50637
50641
50647
50652
50658
50662
50669
50673
50679
50684
50690
50694
50700
50705
50711
50715
50722
50726
50732
50737
50743
50747
50753
50758
50764
50768
50775
50779
50785
50789
50796
50800
50806
50811
50817
50821
50828
50832
50838
50842
50849
50853
50859
50864
50870
50874
50880
50885
50891
50895
50902
50906
50912
50917
50923
50927
50933
50938
50944
50948
50955
50959
50965
50970
50976
50980
50986
50991
50997
51001
51008
51012
51018
51022
51029
51033
51039
51044
51050
51054
51061
51065
51071
51075
51082
51086
51092
51097
51103
51107
51114
51118
51124
51128
51135
51139
51145
51150
51156
51160
51166
51171
51177
51181
51188
51192
51198
51203
51209
51213
51219
51224
51230
51234
51241
51245
51251
51255
51262
51266
51272
51277
51282
51286
51292
51295
51301
51305
51310
51314
51320
51323
51329
51333
51338
51342
51348
51351
51357
51361
51366
51370
51376
51379
51385
51389
51394
51398
51404
51407
51413
51417
51423
51426
51432
51436
51441
51445
51451
51454
51460
51464
51469
51473
51479
51482
51488
51492
51497
51501
51507
51510
51516
51520
51525
51529
51535
51538
51544
51548
51554
51557
51563
51567
51572
51576
51582
51585
51591
51595
51600
51604
51610
51613
51619
51623
51628
51632
51638
51641
51647
51651
51656
51660
51666
51669
51675
51679
51685
51688
51694
51698
51703
51707
51713
51716
51722
51726
51731
51735
51741
51744
51750
51754
51759
51763
51769
51772
51778
51782
51787
51791
51797
51800
51806
51810
51816
51819
51825
51829
51834
51838
51844
51847
51853
51857
51862
51866
51872
51875
51881
51885
51890
51894
51900
51903
51909
51913
51918
51922
51928
51931
51937
51941
51947
51950
51956
51960
51965
51969
51975
51978
51984
51988
51993
51997
52003
52006
52012
52016
52021
52025
