7
13
20
26
34
39
47
52
60
66
73
79
87
92
100
105
113
119
126
132
140
145
153
158
166
172
179
185
193
198
206
211
219
225
232
238
246
251
259
264
272
278
285
291
299
304
312
317
325
331
338
344
351
357
365
370
378
384
391
397
404
410
418
423
431
437
444
450
457
463
471
476
484
490
497
503
510
516
524
529
537
543
550
556
563
569
577
582
590
596
603
609
616
622
630
635
643
649
656
662
669
675
683
688
696
701
707
712
719
723
730
735
741
746
753
757
764
769
776
780
787
792
798
803
810
814
821
826
833
837
844
849
855
860
867
871
878
883
890
894
901
906
912
917
924
928
935
940
947
951
958
963
969
974
981
985
992
997
1003
1008
1015
1020
1026
1031
1038
1042
1049
1054
1060
1065
1072
1077
1083
1088
1095
1099
1106
1111
1117
1122
1129
1134
1140
1145
1152
1156
1163
1168
1174
1179
1186
1191
1197
1202
1209
1213
1220
1225
1231
1236
1243
1248
1254
1259
1266
1270
1277
1282
1288
1293
1300
1304
1311
1316
1323
1327
1334
1339
1345
1350
1357
1361
1368
1373
1380
1384
1391
1396
1402
1407
1414
1418
1425
1430
1439
1446
1456
1463
1472
1480
1489
1496
1506
1513
1523
1530
1539
1547
1556
1563
1573
1580
1589
1597
1606
1614
1623
1630
1640
1647
1656
1664
1673
1681
1690
1697
1707
1714
1723
1731
1740
1747
1757
1764
1774
1781
1790
1798
1807
1814
1824
1831
1841
1848
1857
1865
1874
1881
1891
1898
1907
1915
1924
1932
1941
1948
1958
1965
1974
1982
1991
1999
2008
2015
2021
2028
2034
2041
2047
2054
2060
2067
2073
2080
2086
2093
2099
2106
2112
2119
2125
2132
2138
2145
2151
2158
2164
2171
2177
2184
2190
2198
2203
2211
2216
2224
2229
2237
2242
2250
2255
2263
2268
2276
2281
2289
2294
2302
2307
2315
2320
2328
2333
2341
2346
2354
2359
2367
2373
2380
2386
2393
2399
2406
2412
2419
2425
2432
2438
2445
2451
2458
2464
2471
2477
2484
2490
2497
2503
2510
2516
2523
2529
2536
2542
2550
2555
2563
2568
2576
2581
2589
2594
2602
2607
2615
2620
2628
2633
2641
2646
2654
2661
2666
2673
2678
2685
2690
2697
2702
2709
2714
2721
2726
2733
2738
2745
2750
2757
2762
2769
2774
2781
2786
2793
2798
2805
2810
2817
2822
2829
2834
2842
2847
2854
2859
2866
2871
2878
2883
2890
2895
2902
2907
2914
2919
2926
2931
2938
2943
2950
2955
2962
2967
2974
2979
2986
2991
2998
3003
3010
3015
3023
3028
3035
3040
3047
3052
3059
3064
3071
3076
3083
3088
3095
3100
3107
3112
3119
3124
3131
3136
3143
3148
3155
3160
3167
3172
3179
3184
3191
3196
3204
3209
3216
3221
3228
3233
3240
3245
3252
3257
3264
3269
3276
3281
3288
3293
3300
3305
3312
3317
3324
3329
3336
3341
3348
3353
3360
3365
3372
3377
3384
3389
3396
3401
3408
3413
3420
3425
3432
3437
3444
3449
3456
3461
3468
3473
3480
3485
3492
3497
3504
3509
3516
3521
3528
3533
3540
3545
3552
3557
3564
3569
3576
3581
3588
3593
3600
3605
3612
3617
3624
3629
3636
3641
3648
3653
3660
3665
3672
3677
3684
3689
3696
3701
3708
3713
3720
3725
3732
3737
3744
3749
3756
3761
3768
3773
3780
3785
3792
3797
3804
3809
3816
3821
3828
3833
3840
3845
3852
3859
3864
3871
3876
3883
3888
3895
3900
3907
3913
3920
3925
3932
3937
3944
3949
3956
3961
3969
3974
3981
3986
3993
3998
4005
4010
4017
4022
4030
4035
4042
4047
4054
4059
4066
4071
4078
4084
4091
4096
4103
4108
4115
4120
4127
4132
4140
4145
4152
4157
4164
4169
4176
4181
4188
4193
4201
4206
4213
4218
4225
4230
4237
4242
4249
4255
4262
4267
4274
4279
4286
4291
4298
4303
4311
4316
4323
4328
4335
4340
4347
4352
4359
4364
4372
4377
4384
4389
4396
4401
4408
4413
4420
4426
4433
4438
4445
4450
4457
4462
4469
4474
4482
4487
4494
4499
4506
4511
4518
4523
4530
4535
4543
4548
4555
4564
4572
4582
4590
4600
4608
4618
4625
4635
4643
4653
4661
4671
4679
4688
4696
4706
4714
4724
4732
4742
4749
4759
4767
4777
4785
4795
4803
4813
4820
4830
4838
4848
4856
4866
4874
4883
4891
4901
4909
4919
4927
4937
4944
4954
4962
4972
4980
4990
4998
5007
5015
5025
5033
5043
5051
5061
5069
5078
5086
5096
5104
5114
5122
5132
5139
5149
5157
5167
5175
5185
5193
5202
5210
5220
5228
5238
5246
5256
5264
5273
5281
5291
5297
5302
5309
5314
5321
5326
5333
5338
5345
5350
5357
5362
5369
5374
5381
5386
5393
5398
5405
5410
5417
5422
5429
5434
5441
5446
5453
5458
5465
5470
5477
5482
5489
5494
5501
5506
5513
5518
5525
5530
5537
5542
5549
5554
5561
5566
5573
5578
5585
5590
5597
5602
5609
5614
5621
5626
5633
5638
5645
5650
5657
5662
5669
5674
5681
5686
5692
5697
5704
5709
5716
5721
5728
5733
5740
5745
5752
5757
5764
5769
5776
5781
5788
5793
5800
5805
5812
5817
5824
5829
5836
5841
5848
5853
5860
5865
5872
5877
5884
5889
5896
5902
5907
5913
5918
5925
5929
5936
5941
5947
5952
5959
5963
5970
5975
5981
5986
5993
5997
6004
6009
6015
6020
6027
6031
6038
6043
6049
6054
6061
6065
6072
6077
6083
6088
6095
6099
6106
6111
6117
6122
6129
6133
6140
6145
6151
6156
6163
6167
6174
6179
6185
6190
6197
6201
6208
6213
6219
6224
6231
6235
6242
6247
6253
6258
6265
6269
6276
6281
6287
6292
6299
6303
6310
6315
6321
6326
6333
6337
6344
6349
6355
6360
6367
6371
6378
6383
6389
6394
6401
6405
6412
6417
6423
6428
6435
6439
6446
6451
6457
6462
6469
6473
6480
6485
6491
6498
6503
6510
6515
6522
6527
6535
6540
6547
6552
6559
6564
6571
6577
6584
6589
6596
6601
6608
6614
6621
6626
6633
6638
6645
6650
6658
6663
6670
6675
6682
6687
6694
6700
6707
6712
6719
6724
6731
6737
6744
6749
6756
6761
6768
6773
6781
6786
6793
6798
6805
6810
6817
6823
6830
6835
6842
6847
6854
6860
6867
6872
6879
6884
6891
6896
6904
6909
6916
6921
6928
6933
6941
6946
6953
6958
6965
6970
6977
6983
6990
6995
7002
7007
7014
7019
7027
7032
7039
7044
7051
7056
7064
7069
7076
7081
7088
7093
7100
7106
7113
7118
7125
7130
7137
7142
7150
7155
7162
7167
7174
7179
7187
7192
7199
7204
7211
7216
7223
7231
7238
7247
7253
7262
7269
7277
7284
7293
7300
7308
7315
7324
7330
7339
7346
7355
7361
7370
7377
7385
7392
7401
7407
7416
7423
7432
7438
7447
7454
7462
7469
7478
7485
7493
7500
7509
7515
7524
7531
7539
7546
7555
7562
7570
7577
7586
7592
7601
7608
7617
7623
7632
7639
7647
7654
7663
7670
7678
7685
7694
7700
7709
7716
7724
7731
7740
7747
7755
7762
7771
7777
7786
7793
7802
7808
7817
7824
7832
7839
7848
7854
7863
7870
7879
7885
7891
7896
7903
7908
7914
7919
7926
7931
7937
7942
7949
7954
7960
7965
7972
7977
7984
7988
7995
8000
8007
8011
8018
8023
8030
8034
8041
8046
8053
8057
8064
8069
8076
8081
8087
8092
8099
8104
8110
8115
8122
8127
8133
8138
8145
8150
8157
8161
8168
8173
8180
8184
8191
8196
8203
8207
8214
8219
8226
8230
8237
8242
8249
8254
8260
8265
8272
8277
8283
8288
8295
8300
8306
8311
8318
8323
8330
8334
8341
8346
8353
8357
8364
8369
8376
8380
8387
8392
8399
8403
8410
8415
8422
8427
8433
8438
8445
8450
8456
8461
8468
8473
8479
8484
8491
8496
8503
8507
8514
8519
8526
8530
8537
8544
8549
8556
8562
8569
8574
8581
8587
8594
8599
8606
8612
8619
8624
8631
8637
8644
8649
8656
8662
8669
8674
8682
8687
8694
8699
8707
8712
8719
8724
8732
8737
8744
8749
8757
8762
8769
8774
8782
8787
8794
8800
8807
8812
8819
8825
8832
8837
8844
8850
8857
8862
8869
8875
8882
8887
8894
8900
8907
8912
8920
8925
8932
8937
8945
8950
8957
8962
8970
8975
8982
8987
8995
9000
9007
9012
9020
9025
9032
9038
9045
9050
9057
9063
9070
9075
9082
9088
9095
9100
9107
9113
9120
9125
9133
9139
9147
9153
9162
9168
9176
9182
9191
9197
9205
9211
9219
9226
9234
9240
9248
9255
9263
9269
9277
9283
9292
9298
9306
9312
9321
9327
9335
9341
9349
9356
9364
9370
9378
9385
9393
9399
9407
9413
9422
9428
9436
9442
9451
9457
9465
9471
9480
9486
9494
9500
9508
9515
9523
9529
9537
9544
9552
9558
9566
9572
9581
9587
9595
9601
9610
9616
9624
9630
9638
9645
9653
9659
9667
9674
9682
9688
9696
9703
9709
9717
9723
9731
9737
9745
9751
9758
9764
9772
9778
9786
9792
9800
9806
9814
9819
9827
9833
9841
9847
9855
9861
9869
9875
9882
9888
9896
9902
9910
9916
9924
9930
9937
9943
9951
9957
9965
9971
9979
9985
9993
9998
10006
10012
10020
10026
10034
10040
10048
10054
10061
10067
10075
10081
10089
10095
10103
10109
10116
10122
10130
10136
10144
10150
10158
10164
10172
10177
10185
10191
10199
10205
10213
10219
10227
10233
10240
10246
10254
10260
10268
10274
10282
10288
10295
10301
10309
10316
10322
10329
10335
10343
10348
10356
10361
10369
10375
10382
10388
10396
10401
10409
10414
10422
10428
10435
10441
10449
10454
10462
10467
10475
10481
10488
10494
10502
10507
10515
10520
10528
10534
10541
10547
10555
10560
10568
10573
10581
10587
10594
10600
10608
10613
10621
10626
10634
10640
10647
10653
10660
10666
10674
10679
10687
10693
10700
10706
10713
10719
10727
10732
10740
10746
10753
10759
10766
10772
10780
10785
10793
10799
10806
10812
10819
10825
10833
10838
10846
10852
10859
10865
10872
10878
10886
10891
10899
10905
10912
10918
10925
10931
10939
10944
10952
10958
10965
10971
10978
10984
10992
10997
11005
11010
11016
11021
11028
11032
11039
11044
11050
11055
11062
11066
11073
11078
11085
11089
11096
11101
11107
11112
11119
11123
11130
11135
11142
11146
11153
11158
11164
11169
11176
11180
11187
11192
11199
11203
11210
11215
11221
11226
11233
11237
11244
11249
11256
11260
11267
11272
11278
11283
11290
11294
11301
11306
11312
11317
11324
11329
11335
11340
11347
11351
11358
11363
11369
11374
11381
11386
11392
11397
11404
11408
11415
11420
11426
11431
11438
11443
11449
11454
11461
11465
11472
11477
11483
11488
11495
11500
11506
11511
11518
11522
11529
11534
11540
11545
11552
11557
11563
11568
11575
11579
11586
11591
11597
11602
11609
11613
11620
11625
11632
11636
11643
11648
11654
11659
11666
11670
11677
11682
11689
11693
11700
11705
11711
11716
11723
11727
11734
11739
11748
11755
11765
11772
11781
11789
11798
11805
11815
11822
11832
11839
11848
11856
11865
11872
11882
11889
11898
11906
11915
11923
11932
11939
11949
11956
11965
11973
11982
11990
11999
12006
12016
12023
12032
12040
12049
12056
12066
12073
12083
12090
12099
12107
12116
12123
12133
12140
12150
12157
12166
12174
12183
12190
12200
12207
12216
12224
12233
12241
12250
12257
12267
12274
12283
12291
12300
12308
12317
12324
12330
12337
12343
12350
12356
12363
12369
12376
12382
12389
12395
12402
12408
12415
12421
12428
12434
12441
12447
12454
12460
12467
12473
12480
12486
12493
12499
12507
12512
12520
12525
12533
12538
12546
12551
12559
12564
12572
12577
12585
12590
12598
12603
12611
12616
12624
12629
12637
12642
12650
12655
12663
12668
12676
12682
12689
12695
12702
12708
12715
12721
12728
12734
12741
12747
12754
12760
12767
12773
12780
12786
12793
12799
12806
12812
12819
12825
12832
12838
12845
12851
12859
12864
12872
12877
12885
12890
12898
12903
12911
12916
12924
12929
12937
12942
12950
12955
12963
12970
12975
12982
12987
12994
12999
13006
13011
13018
13023
13030
13035
13042
13047
13054
13059
13066
13071
13078
13083
13090
13095
13102
13107
13114
13119
13126
13131
13138
13143
13151
13156
13163
13168
13175
13180
13187
13192
13199
13204
13211
13216
13223
13228
13235
13240
13247
13252
13259
13264
13271
13276
13283
13288
13295
13300
13307
13312
13319
13324
13332
13337
13344
13349
13356
13361
13368
13373
13380
13385
13392
13397
13404
13409
13416
13421
13428
13433
13440
13445
13452
13457
13464
13469
13476
13481
13488
13493
13500
13505
13513
13518
13525
13530
13537
13542
13549
13554
13561
13566
13573
13578
13585
13590
13597
13602
13609
13614
13621
13626
13633
13638
13645
13650
13657
13662
13669
13674
13681
13686
13693
13698
13705
13710
13717
13722
13729
13734
13741
13746
13753
13758
13765
13770
13777
13782
13789
13794
13801
13806
13813
13818
13825
13830
13837
13842
13849
13854
13861
13866
13873
13878
13885
13890
13897
13902
13909
13914
13921
13926
13933
13938
13945
13950
13957
13962
13969
13974
13981
13986
13993
13998
14005
14010
14017
14022
14029
14034
14041
14046
14053
14058
14065
14070
14077
14082
14089
14094
14101
14106
14113
14118
14125
14130
14137
14142
14149
14154
14161
14168
14173
14180
14185
14192
14197
14204
14209
14216
14222
14229
14234
14241
14246
14253
14258
14265
14270
14278
14283
14290
14295
14302
14307
14314
14319
14326
14331
14339
14344
14351
14356
14363
14368
14375
14380
14387
14393
14400
14405
14412
14417
14424
14429
14436
14441
14449
14454
14461
14466
14473
14478
14485
14490
14497
14502
14510
14515
14522
14527
14534
14539
14546
14551
14558
14564
14571
14576
14583
14588
14595
14600
14607
14612
14620
14625
14632
14637
14644
14649
14656
14661
14668
14673
14681
14686
14693
14698
14705
14710
14717
14722
14729
14735
14742
14747
14754
14759
14766
14771
14778
14783
14791
14796
14803
14808
14815
14820
14827
14832
14839
14844
14852
14857
14864
14873
14881
14891
14899
14909
14917
14927
14934
14944
14952
14962
14970
14980
14988
14997
15005
15015
15023
15033
15041
15051
15058
15068
15076
15086
15094
15104
15112
15122
15129
15139
15147
15157
15165
15175
15183
15192
15200
15210
15218
15228
15236
15246
15253
15263
15271
15281
15289
15299
15307
15316
15324
15334
15342
15352
15360
15370
15378
15387
15395
15405
15413
15423
15431
15441
15448
15458
15466
15476
15484
15494
15502
15511
15519
15529
15537
15547
15555
15565
15573
15582
15590
15600
15606
15611
15618
15623
15630
15635
15642
15647
15654
15659
15666
15671
15678
15683
15690
15695
15702
15707
15714
15719
15726
15731
15738
15743
15750
15755
15762
15767
15774
15779
15786
15791
15798
15803
15810
15815
15822
15827
15834
15839
15846
15851
15858
15863
15870
15875
15882
15887
15894
15899
15906
15911
15918
15923
15930
15935
15942
15947
15954
15959
15966
15971
15978
15983
15990
15995
16001
16006
16013
16018
16025
16030
16037
16042
16049
16054
16061
16066
16073
16078
16085
16090
16097
16102
16109
16114
16121
16126
16133
16138
16145
16150
16157
16162
16169
16174
16181
16186
16193
16198
16205
16211
16216
16222
16227
16234
16238
16245
16250
16256
16261
16268
16272
16279
16284
16290
16295
16302
16306
16313
16318
16324
16329
16336
16340
16347
16352
16358
16363
16370
16374
16381
16386
16392
16397
16404
16408
16415
16420
16426
16431
16438
16442
16449
16454
16460
16465
16472
16476
16483
16488
16494
16499
16506
16510
16517
16522
16528
16533
16540
16544
16551
16556
16562
16567
16574
16578
16585
16590
16596
16601
16608
16612
16619
16624
16630
16635
16642
16646
16653
16658
16664
16669
16676
16680
16687
16692
16698
16703
16710
16714
16721
16726
16732
16737
16744
16748
16755
16760
16766
16771
16778
16782
16789
16794
16800
16807
16812
16819
16824
16831
16836
16844
16849
16856
16861
16868
16873
16880
16886
16893
16898
16905
16910
16917
16923
16930
16935
16942
16947
16954
16959
16967
16972
16979
16984
16991
16996
17003
17009
17016
17021
17028
17033
17040
17046
17053
17058
17065
17070
17077
17082
17090
17095
17102
17107
17114
17119
17126
17132
17139
17144
17151
17156
17163
17169
17176
17181
17188
17193
17200
17205
17213
17218
17225
17230
17237
17242
17250
17255
17262
17267
17274
17279
17286
17292
17299
17304
17311
17316
17323
17328
17336
17341
17348
17353
17360
17365
17373
17378
17385
17390
17397
17402
17409
17415
17422
17427
17434
17439
17446
17451
17459
17464
17471
17476
17483
17488
17496
17501
17508
17513
17520
17525
17532
17540
17547
17556
17562
17571
17578
17586
17593
17602
17609
17617
17624
17633
17639
17648
17655
17664
17670
17679
17686
17694
17701
17710
17716
17725
17732
17741
17747
17756
17763
17771
17778
17787
17794
17802
17809
17818
17824
17833
17840
17848
17855
17864
17871
17879
17886
17895
17901
17910
17917
17926
17932
17941
17948
17956
17963
17972
17979
17987
17994
18003
18009
18018
18025
18033
18040
18049
18056
18064
18071
18080
18086
18095
18102
18111
18117
18126
18133
18141
18148
18157
18163
18172
18179
18188
18194
18200
18205
18212
18217
18223
18228
18235
18240
18246
18251
18258
18263
18269
18274
18281
18286
18293
18297
18304
18309
18316
18320
18327
18332
18339
18343
18350
18355
18362
18366
18373
18378
18385
18390
18396
18401
18408
18413
18419
18424
18431
18436
18442
18447
18454
18459
18466
18470
18477
18482
18489
18493
18500
18505
18512
18516
18523
18528
18535
18539
18546
18551
18558
18563
18569
18574
18581
18586
18592
18597
18604
18609
18615
18620
18627
18632
18639
18643
18650
18655
18662
18666
18673
18678
18685
18689
18696
18701
18708
18712
18719
18724
18731
18736
18742
18747
18754
18759
18765
18770
18777
18782
18788
18793
18800
18805
18812
18816
18823
18828
18835
18839
18846
18853
18858
18865
18871
18878
18883
18890
18896
18903
18908
18915
18921
18928
18933
18940
18946
18953
18958
18965
18971
18978
18983
18991
18996
19003
19008
19016
19021
19028
19033
19041
19046
19053
19058
19066
19071
19078
19083
19091
19096
19103
19109
19116
19121
19128
19134
19141
19146
19153
19159
19166
19171
19178
19184
19191
19196
19203
19209
19216
19221
19229
19234
19241
19246
19254
19259
19266
19271
19279
19284
19291
19296
19304
19309
19316
19321
19329
19334
19341
19347
19354
19359
19366
19372
19379
19384
19391
19397
19404
19409
19416
19422
19429
19434
19442
19448
19456
19462
19471
19477
19485
19491
19500
19506
19514
19520
19528
19535
19543
19549
19557
19564
19572
19578
19586
19592
19601
19607
19615
19621
19630
19636
19644
19650
19658
19665
19673
19679
19687
19694
19702
19708
19716
19722
19731
19737
19745
19751
19760
19766
19774
19780
19789
19795
19803
19809
19817
19824
19832
19838
19846
19853
19861
19867
19875
19881
19890
19896
19904
19910
19919
19925
19933
19939
19947
19954
19962
19968
19976
19983
19991
19997
20005
20012
20018
20026
20032
20040
20046
20054
20060
20067
20073
20081
20087
20095
20101
20109
20115
20123
20128
20136
20142
20150
20156
20164
20170
20178
20184
20191
20197
20205
20211
20219
20225
20233
20239
20246
20252
20260
20266
20274
20280
20288
20294
20302
20307
20315
20321
20329
20335
20343
20349
20357
20363
20370
20376
20384
20390
20398
20404
20412
20418
20425
20431
20439
20445
20453
20459
20467
20473
20481
20486
20494
20500
20508
20514
20522
20528
20536
20542
20549
20555
20563
20569
20577
20583
20591
20597
20604
20610
20618
20625
20631
20638
20644
20652
20657
20665
20670
20678
20684
20691
20697
20705
20710
20718
20723
20731
20737
20744
20750
20758
20763
20771
20776
20784
20790
20797
20803
20811
20816
20824
20829
20837
20843
20850
20856
20864
20869
20877
20882
20890
20896
20903
20909
20917
20922
20930
20935
20943
20949
20956
20962
20969
20975
20983
20988
20996
21002
21009
21015
21022
21028
21036
21041
21049
21055
21062
21068
21075
21081
21089
21094
21102
21108
21115
21121
21128
21134
21142
21147
21155
21161
21168
21174
21181
21187
21195
21200
21208
21214
21221
21227
21234
21240
21248
21253
21261
21267
21274
21280
21287
21293
21301
21306
21314
21319
21325
21330
21337
21341
21348
21353
21359
21364
21371
21375
21382
21387
21394
21398
21405
21410
21416
21421
21428
21432
21439
21444
21451
21455
21462
21467
21473
21478
21485
21489
21496
21501
21508
21512
21519
21524
21530
21535
21542
21546
21553
21558
21565
21569
21576
21581
21587
21592
21599
21603
21610
21615
21621
21626
21633
21638
21644
21649
21656
21660
21667
21672
21678
21683
21690
21695
21701
21706
21713
21717
21724
21729
21735
21740
21747
21752
21758
21763
21770
21774
21781
21786
21792
21797
21804
21809
21815
21820
21827
21831
21838
21843
21849
21854
21861
21866
21872
21877
21884
21888
21895
21900
21906
21911
21918
21922
21929
21934
21941
21945
21952
21957
21963
21968
21975
21979
21986
21991
21998
22002
22009
22014
22020
22025
22032
22036
22043
22048
22057
22064
22074
22081
22090
22098
22107
22114
22124
22131
22141
22148
22157
22165
22174
22181
22191
22198
22207
22215
22224
22232
22241
22248
22258
22265
22274
22282
22291
22299
22308
22315
22325
22332
22341
22349
22358
22365
22375
22382
22392
22399
22408
22416
22425
22432
22442
22449
22459
22466
22475
22483
22492
22499
22509
22516
22525
22533
22542
22550
22559
22566
22576
22583
22592
22600
22609
22617
22626
22633
22639
22646
22652
22659
22665
22672
22678
22685
22691
22698
22704
22711
22717
22724
22730
22737
22743
22750
22756
22763
22769
22776
22782
22789
22795
22802
22808
22816
22821
22829
22834
22842
22847
22855
22860
22868
22873
22881
22886
22894
22899
22907
22912
22920
22925
22933
22938
22946
22951
22959
22964
22972
22977
22985
22991
22998
23004
23011
23017
23024
23030
23037
23043
23050
23056
23063
23069
23076
23082
23089
23095
23102
23108
23115
23121
23128
23134
23141
23147
23154
23160
23168
23173
23181
23186
23194
23199
23207
23212
23220
23225
23233
23238
23246
23251
23259
23264
23272
23279
23284
23291
23296
23303
23308
23315
23320
23327
23332
23339
23344
23351
23356
23363
23368
23375
23380
23387
23392
23399
23404
23411
23416
23423
23428
23435
23440
23447
23452
23460
23465
23472
23477
23484
23489
23496
23501
23508
23513
23520
23525
23532
23537
23544
23549
23556
23561
23568
23573
23580
23585
23592
23597
23604
23609
23616
23621
23628
23633
23641
23646
23653
23658
23665
23670
23677
23682
23689
23694
23701
23706
23713
23718
23725
23730
23737
23742
23749
23754
23761
23766
23773
23778
23785
23790
23797
23802
23809
23814
23822
23827
23834
23839
23846
23851
23858
23863
23870
23875
23882
23887
23894
23899
23906
23911
23918
23923
23930
23935
23942
23947
23954
23959
23966
23971
23978
23983
23990
23995
24002
24007
24014
24019
24026
24031
24038
24043
24050
24055
24062
24067
24074
24079
24086
24091
24098
24103
24110
24115
24122
24127
24134
24139
24146
24151
24158
24163
24170
24175
24182
24187
24194
24199
24206
24211
24218
24223
24230
24235
24242
24247
24254
24259
24266
24271
24278
24283
24290
24295
24302
24307
24314
24319
24326
24331
24338
24343
24350
24355
24362
24367
24374
24379
24386
24391
24398
24403
24410
24415
24422
24427
24434
24439
24446
24451
24458
24463
24470
24477
24482
24489
24494
24501
24506
24513
24518
24525
24531
24538
24543
24550
24555
24562
24567
24574
24579
24587
24592
24599
24604
24611
24616
24623
24628
24635
24640
24648
24653
24660
24665
24672
24677
24684
24689
24696
24702
24709
24714
24721
24726
24733
24738
24745
24750
24758
24763
24770
24775
24782
24787
24794
24799
24806
24811
24819
24824
24831
24836
24843
24848
24855
24860
24867
24873
24880
24885
24892
24897
24904
24909
24916
24921
24929
24934
24941
24946
24953
24958
24965
24970
24977
24982
24990
24995
25002
25007
25014
25019
25026
25031
25038
25044
25051
25056
25063
25068
25075
25080
25087
25092
25100
25105
25112
25117
25124
25129
25136
25141
25148
25153
25161
25166
25173
25182
25190
25200
25208
25218
25226
25236
25243
25253
25261
25271
25279
25289
25297
25306
25314
25324
25332
25342
25350
25360
25367
25377
25385
25395
25403
25413
25421
25431
25438
25448
25456
25466
25474
25484
25492
25501
25509
25519
25527
25537
25545
25555
25562
25572
25580
25590
25598
25608
25616
25625
25633
25643
25651
25661
25669
25679
25687
25696
25704
25714
25722
25732
25740
25750
25757
25767
25775
25785
25793
25803
25811
25820
25828
25838
25846
25856
25864
25874
25882
25891
25899
25909
25915
25920
25927
25932
25939
25944
25951
25956
25963
25968
25975
25980
25987
25992
25999
26004
26011
26016
26023
26028
26035
26040
26047
26052
26059
26064
26071
26076
26083
26088
26095
26100
26107
26112
26119
26124
26131
26136
26143
26148
26155
26160
26167
26172
26179
26184
26191
26196
26203
26208
26215
26220
26227
26232
26239
26244
26251
26256
26263
26268
26275
26280
26287
26292
26299
26304
26310
26315
26322
26327
26334
26339
26346
26351
26358
26363
26370
26375
26382
26387
26394
26399
26406
26411
26418
26423
26430
26435
26442
26447
26454
26459
26466
26471
26478
26483
26490
26495
26502
26507
26514
26520
26525
26531
26536
26543
26547
26554
26559
26565
26570
26577
26581
26588
26593
26599
26604
26611
26615
26622
26627
26633
26638
26645
26649
26656
26661
26667
26672
26679
26683
26690
26695
26701
26706
26713
26717
26724
26729
26735
26740
26747
26751
26758
26763
26769
26774
26781
26785
26792
26797
26803
26808
26815
26819
26826
26831
26837
26842
26849
26853
26860
26865
26871
26876
26883
26887
26894
26899
26905
26910
26917
26921
26928
26933
26939
26944
26951
26955
26962
26967
26973
26978
26985
26989
26996
27001
27007
27012
27019
27023
27030
27035
27041
27046
27053
27057
27064
27069
27075
27080
27087
27091
27098
27103
27109
27116
27121
27128
27133
27140
27145
27153
27158
27165
27170
27177
27182
27189
27195
27202
27207
27214
27219
27226
27232
27239
27244
27251
27256
27263
27268
27276
27281
27288
27293
27300
27305
27312
27318
27325
27330
27337
27342
27349
27355
27362
27367
27374
27379
27386
27391
27399
27404
27411
27416
27423
27428
27435
27441
27448
27453
27460
27465
27472
27478
27485
27490
27497
27502
27509
27514
27522
27527
27534
27539
27546
27551
27559
27564
27571
27576
27583
27588
27595
27601
27608
27613
27620
27625
27632
27637
27645
27650
27657
27662
27669
27674
27682
27687
27694
27699
27706
27711
27718
27724
27731
27736
27743
27748
27755
27760
27768
27773
27780
27785
27792
27797
27805
27810
27817
27822
27829
27834
27841
27849
27856
27865
27871
27880
27887
27895
27902
27911
27918
27926
27933
27942
27948
27957
27964
27973
27979
27988
27995
28003
28010
28019
28025
28034
28041
28050
28056
28065
28072
28080
28087
28096
28103
28111
28118
28127
28133
28142
28149
28157
28164
28173
28180
28188
28195
28204
28210
28219
28226
28235
28241
28250
28257
28265
28272
28281
28288
28296
28303
28312
28318
28327
28334
28342
28349
28358
28365
28373
28380
28389
28395
28404
28411
28420
28426
28435
28442
28450
28457
28466
28472
28481
28488
28497
28503
28509
28514
28521
28526
28532
28537
28544
28549
28555
28560
28567
28572
28578
28583
28590
28595
28602
28606
28613
28618
28625
28629
28636
28641
28648
28652
28659
28664
28671
28675
28682
28687
28694
28699
28705
28710
28717
28722
28728
28733
28740
28745
28751
28756
28763
28768
28775
28779
28786
28791
28798
28802
28809
28814
28821
28825
28832
28837
28844
28848
28855
28860
28867
28872
28878
28883
28890
28895
28901
28906
28913
28918
28924
28929
28936
28941
28948
28952
28959
28964
28971
28975
28982
28987
28994
28998
29005
29010
29017
29021
29028
29033
29040
29045
29051
29056
29063
29068
29074
29079
29086
29091
29097
29102
29109
29114
29121
29125
29132
29137
29144
29148
29155
29162
29167
29174
29180
29187
29192
29199
29205
29212
29217
29224
29230
29237
29242
29249
29255
29262
29267
29274
29280
29287
29292
29300
29305
29312
29317
29325
29330
29337
29342
29350
29355
29362
29367
29375
29380
29387
29392
29400
29405
29412
29418
29425
29430
29437
29443
29450
29455
29462
29468
29475
29480
29487
29493
29500
29505
29512
29518
29525
29530
29538
29543
29550
29555
29563
29568
29575
29580
29588
29593
29600
29605
29613
29618
29625
29630
29638
29643
29650
29656
29663
29668
29675
29681
29688
29693
29700
29706
29713
29718
29725
29731
29738
29743
29751
29757
29765
29771
29780
29786
29794
29800
29809
29815
29823
29829
29837
29844
29852
29858
29866
29873
29881
29887
29895
29901
29910
29916
29924
29930
29939
29945
29953
29959
29967
29974
29982
29988
29996
30003
30011
30017
30025
30031
30040
30046
30054
30060
30069
30075
30083
30089
30098
30104
30112
30118
30126
30133
30141
30147
30155
30162
30170
30176
30184
30190
30199
30205
30213
30219
30228
30234
30242
30248
30256
30263
30271
30277
30285
30292
30300
30306
30314
30321
30327
30335
30341
30349
30355
30363
30369
30376
30382
30390
30396
30404
30410
30418
30424
30432
30437
30445
30451
30459
30465
30473
30479
30487
30493
30500
30506
30514
30520
30528
30534
30542
30548
30555
30561
30569
30575
30583
30589
30597
30603
30611
30616
30624
30630
30638
30644
30652
30658
30666
30672
30679
30685
30693
30699
30707
30713
30721
30727
30734
30740
30748
30754
30762
30768
30776
30782
30790
30795
30803
30809
30817
30823
30831
30837
30845
30851
30858
30864
30872
30878
30886
30892
30900
30906
30913
30919
30927
30934
30940
30947
30953
30961
30966
30974
30979
30987
30993
31000
31006
31014
31019
31027
31032
31040
31046
31053
31059
31067
31072
31080
31085
31093
31099
31106
31112
31120
31125
31133
31138
31146
31152
31159
31165
31173
31178
31186
31191
31199
31205
31212
31218
31226
31231
31239
31244
31252
31258
31265
31271
31278
31284
31292
31297
31305
31311
31318
31324
31331
31337
31345
31350
31358
31364
31371
31377
31384
31390
31398
31403
31411
31417
31424
31430
31437
31443
31451
31456
31464
31470
31477
31483
31490
31496
31504
31509
31517
31523
31530
31536
31543
31549
31557
31562
31570
31576
31583
31589
31596
31602
31610
31615
31623
31628
31634
31639
31646
31650
31657
31662
31668
31673
31680
31684
31691
31696
31703
31707
31714
31719
31725
31730
31737
31741
31748
31753
31760
31764
31771
31776
31782
31787
31794
31798
31805
31810
31817
31821
31828
31833
31839
31844
31851
31855
31862
31867
31874
31878
31885
31890
31896
31901
31908
31912
31919
31924
31930
31935
31942
31947
31953
31958
31965
31969
31976
31981
31987
31992
31999
32004
32010
32015
32022
32026
32033
32038
32044
32049
32056
32061
32067
32072
32079
32083
32090
32095
32101
32106
32113
32118
32124
32129
32136
32140
32147
32152
32158
32163
32170
32175
32181
32186
32193
32197
32204
32209
32215
32220
32227
32231
32238
32243
32250
32254
32261
32266
32272
32277
32284
32288
32295
32300
32307
32311
32318
32323
32329
32334
32341
32345
32352
32357
32366
32373
32383
32390
32399
32407
32416
32423
32433
32440
32450
32457
32466
32474
32483
32490
32500
32507
32516
32524
32533
32541
32550
32557
32567
32574
32583
32591
32600
32608
32617
32624
32634
32641
32650
32658
32667
32674
32684
32691
32701
32708
32717
32725
32734
32741
32751
32758
32768
32775
32784
32792
32801
32808
32818
32825
32834
32842
32851
32859
32868
32875
32885
32892
32901
32909
32918
32926
32935
32942
32948
32955
32961
32968
32974
32981
32987
32994
33000
33007
33013
33020
33026
33033
33039
33046
33052
33059
33065
33072
33078
33085
33091
33098
33104
33111
33117
33125
33130
33138
33143
33151
33156
33164
33169
33177
33182
33190
33195
33203
33208
33216
33221
33229
33234
33242
33247
33255
33260
33268
33273
33281
33286
33294
33300
33307
33313
33320
33326
33333
33339
33346
33352
33359
33365
33372
33378
33385
33391
33398
33404
33411
33417
33424
33430
33437
33443
33450
33456
33463
33469
33477
33482
33490
33495
33503
33508
33516
33521
33529
33534
33542
33547
33555
33560
33568
33573
33581
33588
33593
33600
33605
33612
33617
33624
33629
33636
33641
33648
33653
33660
33665
33672
33677
33684
33689
33696
33701
33708
33713
33720
33725
33732
33737
33744
33749
33756
33761
33769
33774
33781
33786
33793
33798
33805
33810
33817
33822
33829
33834
33841
33846
33853
33858
33865
33870
33877
33882
33889
33894
33901
33906
33913
33918
33925
33930
33937
33942
33950
33955
33962
33967
33974
33979
33986
33991
33998
34003
34010
34015
34022
34027
34034
34039
34046
34051
34058
34063
34070
34075
34082
34087
34094
34099
34106
34111
34118
34123
34131
34136
34143
34148
34155
34160
34167
34172
34179
34184
34191
34196
34203
34208
34215
34220
34227
34232
34239
34244
34251
34256
34263
34268
34275
34280
34287
34292
34299
34304
34311
34316
34323
34328
34335
34340
34347
34352
34359
34364
34371
34376
34383
34388
34395
34400
34407
34412
34419
34424
34431
34436
34443
34448
34455
34460
34467
34472
34479
34484
34491
34496
34503
34508
34515
34520
34527
34532
34539
34544
34551
34556
34563
34568
34575
34580
34587
34592
34599
34604
34611
34616
34623
34628
34635
34640
34647
34652
34659
34664
34671
34676
34683
34688
34695
34700
34707
34712
34719
34724
34731
34736
34743
34748
34755
34760
34767
34772
34779
34786
34791
34798
34803
34810
34815
34822
34827
34834
34840
34847
34852
34859
34864
34871
34876
34883
34888
34896
34901
34908
34913
34920
34925
34932
34937
34944
34949
34957
34962
34969
34974
34981
34986
34993
34998
35005
35011
35018
35023
35030
35035
35042
35047
35054
35059
35067
35072
35079
35084
35091
35096
35103
35108
35115
35120
35128
35133
35140
35145
35152
35157
35164
35169
35176
35182
35189
35194
35201
35206
35213
35218
35225
35230
35238
35243
35250
35255
35262
35267
35274
35279
35286
35291
35299
35304
35311
35316
35323
35328
35335
35340
35347
35353
35360
35365
35372
35377
35384
35389
35396
35401
35409
35414
35421
35426
35433
35438
35445
35450
35457
35462
35470
35475
35482
35491
35499
35509
35517
35527
35535
35545
35552
35562
35570
35580
35588
35598
35606
35615
35623
35633
35641
35651
35659
35669
35676
35686
35694
35704
35712
35722
35730
35740
35747
35757
35765
35775
35783
35793
35801
35810
35818
35828
35836
35846
35854
35864
35871
35881
35889
35899
35907
35917
35925
35934
35942
35952
35960
35970
35978
35988
35996
36005
36013
36023
36031
36041
36049
36059
36066
36076
36084
36094
36102
36112
36120
36129
36137
36147
36155
36165
36173
36183
36191
36200
36208
36218
36224
36229
36236
36241
36248
36253
36260
36265
36272
36277
36284
36289
36296
36301
36308
36313
36320
36325
36332
36337
36344
36349
36356
36361
36368
36373
36380
36385
36392
36397
36404
36409
36416
36421
36428
36433
36440
36445
36452
36457
36464
36469
36476
36481
36488
36493
36500
36505
36512
36517
36524
36529
36536
36541
36548
36553
36560
36565
36572
36577
36584
36589
36596
36601
36608
36613
36619
36624
36631
36636
36643
36648
36655
36660
36667
36672
36679
36684
36691
36696
36703
36708
36715
36720
36727
36732
36739
36744
36751
36756
36763
36768
36775
36780
36787
36792
36799
36804
36811
36816
36823
36829
36834
36840
36845
36852
36856
36863
36868
36874
36879
36886
36890
36897
36902
36908
36913
36920
36924
36931
36936
36942
36947
36954
36958
36965
36970
36976
36981
36988
36992
36999
37004
37010
37015
37022
37026
37033
37038
37044
37049
37056
37060
37067
37072
37078
37083
37090
37094
37101
37106
37112
37117
37124
37128
37135
37140
37146
37151
37158
37162
37169
37174
37180
37185
37192
37196
37203
37208
37214
37219
37226
37230
37237
37242
37248
37253
37260
37264
37271
37276
37282
37287
37294
37298
37305
37310
37316
37321
37328
37332
37339
37344
37350
37355
37362
37366
37373
37378
37384
37389
37396
37400
37407
37412
37418
37425
37430
37437
37442
37449
37454
37462
37467
37474
37479
37486
37491
37498
37504
37511
37516
37523
37528
37535
37541
37548
37553
37560
37565
37572
37577
37585
37590
37597
37602
37609
37614
37621
37627
37634
37639
37646
37651
37658
37664
37671
37676
37683
37688
37695
37700
37708
37713
37720
37725
37732
37737
37744
37750
37757
37762
37769
37774
37781
37787
37794
37799
37806
37811
37818
37823
37831
37836
37843
37848
37855
37860
37868
37873
37880
37885
37892
37897
37904
37910
37917
37922
37929
37934
37941
37946
37954
37959
37966
37971
37978
37983
37991
37996
38003
38008
38015
38020
38027
38033
38040
38045
38052
38057
38064
38069
38077
38082
38089
38094
38101
38106
38114
38119
38126
38131
38138
38143
38150
38158
38165
38174
38180
38189
38196
38204
38211
38220
38227
38235
38242
38251
38257
38266
38273
38282
38288
38297
38304
38312
38319
38328
38334
38343
38350
38359
38365
38374
38381
38389
38396
38405
38412
38420
38427
38436
38442
38451
38458
38466
38473
38482
38489
38497
38504
38513
38519
38528
38535
38544
38550
38559
38566
38574
38581
38590
38597
38605
38612
38621
38627
38636
38643
38651
38658
38667
38674
38682
38689
38698
38704
38713
38720
38729
38735
38744
38751
38759
38766
38775
38781
38790
38797
38806
38812
38818
38823
38830
38835
38841
38846
38853
38858
38864
38869
38876
38881
38887
38892
38899
38904
38911
38915
38922
38927
38934
38938
38945
38950
38957
38961
38968
38973
38980
38984
38991
38996
39003
39008
39014
39019
39026
39031
39037
39042
39049
39054
39060
39065
39072
39077
39084
39088
39095
39100
39107
39111
39118
39123
39130
39134
39141
39146
39153
39157
39164
39169
39176
39181
39187
39192
39199
39204
39210
39215
39222
39227
39233
39238
39245
39250
39257
39261
39268
39273
39280
39284
39291
39296
39303
39307
39314
39319
39326
39330
39337
39342
39349
39354
39360
39365
39372
39377
39383
39388
39395
39400
39406
39411
39418
39423
39430
39434
39441
39446
39453
39457
39464
39471
39476
39483
39489
39496
39501
39508
39514
39521
39526
39533
39539
39546
39551
39558
39564
39571
39576
39583
39589
39596
39601
39609
39614
39621
39626
39634
39639
39646
39651
39659
39664
39671
39676
39684
39689
39696
39701
39709
39714
39721
39727
39734
39739
39746
39752
39759
39764
39771
39777
39784
39789
39796
39802
39809
39814
39821
39827
39834
39839
39847
39852
39859
39864
39872
39877
39884
39889
39897
39902
39909
39914
39922
39927
39934
39939
39947
39952
39959
39965
39972
39977
39984
39990
39997
40002
40009
40015
40022
40027
40034
40040
40047
40052
40060
40066
40074
40080
40089
40095
40103
40109
40118
40124
40132
40138
40146
40153
40161
40167
40175
40182
40190
40196
40204
40210
40219
40225
40233
40239
40248
40254
40262
40268
40276
40283
40291
40297
40305
40312
40320
40326
40334
40340
40349
40355
40363
40369
40378
40384
40392
40398
40407
40413
40421
40427
40435
40442
40450
40456
40464
40471
40479
40485
40493
40499
40508
40514
40522
40528
40537
40543
40551
40557
40565
40572
40580
40586
40594
40601
40609
40615
40623
40630
40636
40644
40650
40658
40664
40672
40678
40685
40691
40699
40705
40713
40719
40727
40733
40741
40746
40754
40760
40768
40774
40782
40788
40796
40802
40809
40815
40823
40829
40837
40843
40851
40857
40864
40870
40878
40884
40892
40898
40906
40912
40920
40925
40933
40939
40947
40953
40961
40967
40975
40981
40988
40994
41002
41008
41016
41022
41030
41036
41043
41049
41057
41063
41071
41077
41085
41091
41099
41104
41112
41118
41126
41132
41140
41146
41154
41160
41167
41173
41181
41187
41195
41201
41209
41215
41222
41228
41236
41243
41249
41256
41262
41270
41275
41283
41288
41296
41302
41309
41315
41323
41328
41336
41341
41349
41355
41362
41368
41376
41381
41389
41394
41402
41408
41415
41421
41429
41434
41442
41447
41455
41461
41468
41474
41482
41487
41495
41500
41508
41514
41521
41527
41535
41540
41548
41553
41561
41567
41574
41580
41587
41593
41601
41606
41614
41620
41627
41633
41640
41646
41654
41659
41667
41673
41680
41686
41693
41699
41707
41712
41720
41726
41733
41739
41746
41752
41760
41765
41773
41779
41786
41792
41799
41805
41813
41818
41826
41832
41839
41845
41852
41858
41866
41871
41879
41885
41892
41898
41905
41911
41919
41924
41932
41937
41943
41948
41955
41959
41966
41971
41977
41982
41989
41993
42000
42005
42012
42016
42023
42028
42034
42039
42046
42050
42057
42062
42069
42073
42080
42085
42091
42096
42103
42107
42114
42119
42126
42130
42137
42142
42148
42153
42160
42164
42171
42176
42183
42187
42194
42199
42205
42210
42217
42221
42228
42233
42239
42244
42251
42256
42262
42267
42274
42278
42285
42290
42296
42301
42308
42313
42319
42324
42331
42335
42342
42347
42353
42358
42365
42370
42376
42381
42388
42392
42399
42404
42410
42415
42422
42427
42433
42438
42445
42449
42456
42461
42467
42472
42479
42484
42490
42495
42502
42506
42513
42518
42524
42529
42536
42540
42547
42552
42559
42563
42570
42575
42581
42586
42593
42597
42604
42609
42616
42620
42627
42632
42638
42643
42650
42654
42661
42666
42675
42682
42692
42699
42708
42716
42725
42732
42742
42749
42759
42766
42775
42783
42792
42799
42809
42816
42825
42833
42842
42850
42859
42866
42876
42883
42892
42900
42909
42917
42926
42933
42943
42950
42959
42967
42976
42983
42993
43000
43010
43017
43026
43034
43043
43050
43060
43067
43077
43084
43093
43101
43110
43117
43127
43134
43143
43151
43160
43168
43177
43184
43194
43201
43210
43218
43227
43235
43244
43251
43257
43264
43270
43277
43283
43290
43296
43303
43309
43316
43322
43329
43335
43342
43348
43355
43361
43368
43374
43381
43387
43394
43400
43407
43413
43420
43426
43434
43439
43447
43452
43460
43465
43473
43478
43486
43491
43499
43504
43512
43517
43525
43530
43538
43543
43551
43556
43564
43569
43577
43582
43590
43595
43603
43609
43616
43622
43629
43635
43642
43648
43655
43661
43668
43674
43681
43687
43694
43700
43707
43713
43720
43726
43733
43739
43746
43752
43759
43765
43772
43778
43786
43791
43799
43804
43812
43817
43825
43830
43838
43843
43851
43856
43864
43869
43877
43882
43890
43897
43902
43909
43914
43921
43926
43933
43938
43945
43950
43957
43962
43969
43974
43981
43986
43993
43998
44005
44010
44017
44022
44029
44034
44041
44046
44053
44058
44065
44070
44078
44083
44090
44095
44102
44107
44114
44119
44126
44131
44138
44143
44150
44155
44162
44167
44174
44179
44186
44191
44198
44203
44210
44215
44222
44227
44234
44239
44246
44251
44259
44264
44271
44276
44283
44288
44295
44300
44307
44312
44319
44324
44331
44336
44343
44348
44355
44360
44367
44372
44379
44384
44391
44396
44403
44408
44415
44420
44427
44432
44440
44445
44452
44457
44464
44469
44476
44481
44488
44493
44500
44505
44512
44517
44524
44529
44536
44541
44548
44553
44560
44565
44572
44577
44584
44589
44596
44601
44608
44613
44620
44625
44632
44637
44644
44649
44656
44661
44668
44673
44680
44685
44692
44697
44704
44709
44716
44721
44728
44733
44740
44745
44752
44757
44764
44769
44776
44781
44788
44793
44800
44805
44812
44817
44824
44829
44836
44841
44848
44853
44860
44865
44872
44877
44884
44889
44896
44901
44908
44913
44920
44925
44932
44937
44944
44949
44956
44961
44968
44973
44980
44985
44992
44997
45004
45009
45016
45021
45028
45033
45040
45045
45052
45057
45064
45069
45076
45081
45088
45095
45100
45107
45112
45119
45124
45131
45136
45143
45149
45156
45161
45168
45173
45180
45185
45192
45197
45205
45210
45217
45222
45229
45234
45241
45246
45253
45258
45266
45271
45278
45283
45290
45295
45302
45307
45314
45320
45327
45332
45339
45344
45351
45356
45363
45368
45376
45381
45388
45393
45400
45405
45412
45417
45424
45429
45437
45442
45449
45454
45461
45466
45473
45478
45485
45491
45498
45503
45510
45515
45522
45527
45534
45539
45547
45552
45559
45564
45571
45576
45583
45588
45595
45600
45608
45613
45620
45625
45632
45637
45644
45649
45656
45662
45669
45674
45681
45686
45693
45698
45705
45710
45718
45723
45730
45735
45742
45747
45754
45759
45766
45771
45779
45784
45791
45800
45808
45818
45826
45836
45844
45854
45861
45871
45879
45889
45897
45907
45915
45924
45932
45942
45950
45960
45968
45978
45985
45995
46003
46013
46021
46031
46039
46049
46056
46066
46074
46084
46092
46102
46110
46119
46127
46137
46145
46155
46163
46173
46180
46190
46198
46208
46216
46226
46234
46243
46251
46261
46269
46279
46287
46297
46305
46314
46322
46332
46340
46350
46358
46368
46375
46385
46393
46403
46411
46421
46429
46438
46446
46456
46464
46474
46482
46492
46500
46509
46517
46527
46533
46538
46545
46550
46557
46562
46569
46574
46581
46586
46593
46598
46605
46610
46617
46622
46629
46634
46641
46646
46653
46658
46665
46670
46677
46682
46689
46694
46701
46706
46713
46718
46725
46730
46737
46742
46749
46754
46761
46766
46773
46778
46785
46790
46797
46802
46809
46814
46821
46826
46833
46838
46845
46850
46857
46862
46869
46874
46881
46886
46893
46898
46905
46910
46917
46922
46928
46933
46940
46945
46952
46957
46964
46969
46976
46981
46988
46993
47000
47005
47012
47017
47024
47029
47036
47041
47048
47053
47060
47065
47072
47077
47084
47089
47096
47101
47108
47113
47120
47125
47132
47138
47143
47149
47154
47161
47165
47172
47177
47183
47188
47195
47199
47206
47211
47217
47222
47229
47233
47240
47245
47251
47256
47263
47267
47274
47279
47285
47290
47297
47301
47308
47313
47319
47324
47331
47335
47342
47347
47353
47358
47365
47369
47376
47381
47387
47392
47399
47403
47410
47415
47421
47426
47433
47437
47444
47449
47455
47460
47467
47471
47478
47483
47489
47494
47501
47505
47512
47517
47523
47528
47535
47539
47546
47551
47557
47562
47569
47573
47580
47585
47591
47596
47603
47607
47614
47619
47625
47630
47637
47641
47648
47653
47659
47664
47671
47675
47682
47687
47693
47698
47705
47709
47716
47721
47727
47734
47739
47746
47751
47758
47763
47771
47776
47783
47788
47795
47800
47807
47813
47820
47825
47832
47837
47844
47850
47857
47862
47869
47874
47881
47886
47894
47899
47906
47911
47918
47923
47930
47936
47943
47948
47955
47960
47967
47973
47980
47985
47992
47997
48004
48009
48017
48022
48029
48034
48041
48046
48053
48059
48066
48071
48078
48083
48090
48096
48103
48108
48115
48120
48127
48132
48140
48145
48152
48157
48164
48169
48177
48182
48189
48194
48201
48206
48213
48219
48226
48231
48238
48243
48250
48255
48263
48268
48275
48280
48287
48292
48300
48305
48312
48317
48324
48329
48336
48342
48349
48354
48361
48366
48373
48378
48386
48391
48398
48403
48410
48415
48423
48428
48435
48440
48447
48452
48459
48467
48474
48483
48489
48498
48505
48513
48520
48529
48536
48544
48551
48560
48566
48575
48582
48591
48597
48606
48613
48621
48628
48637
48643
48652
48659
48668
48674
48683
48690
48698
48705
48714
48721
48729
48736
48745
48751
48760
48767
48775
48782
48791
48798
48806
48813
48822
48828
48837
48844
48853
48859
48868
48875
48883
48890
48899
48906
48914
48921
48930
48936
48945
48952
48960
48967
48976
48983
48991
48998
49007
49013
49022
49029
49038
49044
49053
49060
49068
49075
49084
49090
49099
49106
49115
49121
49127
49132
49139
49144
49150
49155
49162
49167
49173
49178
49185
49190
49196
49201
49208
49213
49220
49224
49231
49236
49243
49247
49254
49259
49266
49270
49277
49282
49289
49293
49300
49305
49312
49317
49323
49328
49335
49340
49346
49351
49358
49363
49369
49374
49381
49386
49393
49397
49404
49409
49416
49420
49427
49432
49439
49443
49450
49455
49462
49466
49473
49478
49485
49490
49496
49501
49508
49513
49519
49524
49531
49536
49542
49547
49554
49559
49566
49570
49577
49582
49589
49593
49600
49605
49612
49616
49623
49628
49635
49639
49646
49651
49658
49663
49669
49674
49681
49686
49692
49697
49704
49709
49715
49720
49727
49732
49739
49743
49750
49755
49762
49766
49773
49780
49785
49792
49798
49805
49810
49817
49823
49830
49835
49842
49848
49855
49860
49867
49873
49880
49885
49892
49898
49905
49910
49918
49923
49930
49935
49943
49948
49955
49960
49968
49973
49980
49985
49993
49998
50005
50010
50018
50023
50030
50036
50043
50048
50055
50061
50068
50073
50080
50086
50093
50098
50105
50111
50118
50123
50130
50136
50143
50148
50156
50161
50168
50173
50181
50186
50193
50198
50206
50211
50218
50223
50231
50236
50243
50248
50256
50261
50268
50274
50281
50286
50293
50299
50306
50311
50318
50324
50331
50336
50343
50349
50356
50361
50369
50375
50383
50389
50398
50404
50412
50418
50427
50433
50441
50447
50455
50462
50470
50476
50484
50491
50499
50505
50513
50519
50528
50534
50542
50548
50557
50563
50571
50577
50585
50592
50600
50606
50614
50621
50629
50635
50643
50649
50658
50664
50672
50678
50687
50693
50701
50707
50716
50722
50730
50736
50744
50751
50759
50765
50773
50780
50788
50794
50802
50808
50817
50823
50831
50837
50846
50852
50860
50866
50874
50881
50889
50895
50903
50910
50918
50924
50932
50939
50945
50953
50959
50967
50973
50981
50987
50994
51000
51008
51014
51022
51028
51036
51042
51050
51055
51063
51069
51077
51083
51091
51097
51105
51111
51118
51124
51132
51138
51146
51152
51160
51166
51173
51179
51187
51193
51201
51207
51215
51221
51229
51234
51242
51248
51256
51262
51270
51276
51284
51290
51297
51303
51311
51317
51325
51331
51339
51345
51352
51358
51366
51372
51380
51386
51394
51400
51408
51413
51421
51427
51435
51441
51449
51455
51463
51469
51476
51482
51490
51496
51504
51510
51518
51524
51531
51537
51545
