5
9
15
19
25
29
35
39
45
49
55
59
65
69
75
79
85
89
95
99
105
109
115
119
125
129
135
139
145
149
155
159
165
169
175
179
185
189
195
199
205
209
215
219
225
229
235
239
245
249
255
259
265
269
275
279
285
289
295
299
305
309
315
319
325
329
335
339
345
349
355
359
365
369
375
379
385
389
395
399
404
408
414
418
424
428
434
438
444
448
454
458
464
468
474
478
484
488
494
498
504
508
514
518
524
528
534
538
544
548
554
558
564
568
574
578
584
588
594
598
604
608
614
618
624
628
634
638
644
648
654
658
664
668
674
678
684
688
694
698
704
708
714
718
724
728
734
738
743
746
751
754
759
763
768
771
776
779
785
788
793
796
801
805
810
813
818
821
827
830
835
838
843
847
852
855
860
863
869
872
877
880
885
889
894
897
902
905
911
914
919
922
927
931
936
939
944
947
953
956
961
964
969
973
978
981
986
989
995
998
1003
1006
1011
1015
1020
1023
1028
1031
1037
1040
1045
1048
1053
1057
1062
1065
1070
1073
1079
1082
1087
1090
1095
1099
1104
1107
1112
1115
1121
1124
1129
1132
1137
1141
1146
1149
1154
1157
1163
1166
1171
1174
1179
1183
1188
1191
1196
1199
1205
1208
1213
1216
1221
1225
1230
1233
1238
1241
1247
1250
1255
1258
1263
1267
1272
1275
1280
1283
1289
1292
1297
1300
1305
1309
1314
1317
1322
1325
1331
1334
1339
1342
1347
1351
1356
1359
1364
1367
1373
1376
1381
1384
1389
1393
1398
1401
1406
1409
1414
1418
1423
1426
1431
1434
1440
1443
1448
1451
1456
1460
1465
1468
1473
1476
1482
1485
1490
1493
1498
1502
1507
1510
1515
1518
1524
1527
1532
1535
1540
1544
1549
1552
1557
1560
1566
1569
1574
1577
1582
1586
1591
1594
1599
1602
1608
1611
1616
1619
1624
1630
1634
1640
1644
1650
1654
1660
1664
1670
1674
1680
1684
1690
1695
1701
1705
1711
1715
1721
1725
1731
1735
1741
1745
1751
1755
1761
1766
1772
1776
1782
1786
1792
1796
1802
1806
1812
1816
1822
1826
1833
1837
1843
1847
1853
1857
1863
1867
1873
1877
1883
1887
1893
1897
1904
1908
1914
1918
1924
1928
1934
1938
1944
1948
1954
1958
1964
1969
1975
1979
1985
1989
1995
1999
2005
2009
2015
2019
2025
2029
2035
2040
2046
2050
2056
2060
2066
2070
2076
2080
2086
2090
2096
2100
2107
2111
2117
2121
2127
2131
2137
2141
2147
2151
2157
2161
2167
2171
2178
2182
2188
2192
2198
2202
2208
2212
2218
2222
2228
2232
2238
2243
2249
2253
2259
2263
2269
2273
2279
2283
2289
2293
2299
2303
2309
2314
2320
2324
2330
2334
2340
2344
2350
2354
2360
2364
2370
2374
2381
2385
2391
2395
2401
2405
2411
2415
2421
2425
2431
2435
2441
2445
2452
2456
2462
2466
2472
2476
2482
2486
2492
2496
2501
2505
2511
2515
2521
2525
2531
2535
2541
2544
2550
2554
2560
2564
2570
2574
2580
2584
2590
2593
2599
2603
2609
2613
2619
2623
2629
2633
2638
2642
2648
2652
2658
2662
2668
2672
2678
2682
2687
2691
2697
2701
2707
2711
2717
2721
2727
2731
2736
2740
2746
2750
2756
2760
2766
2770
2776
2779
2785
2789
2795
2799
2805
2809
2815
2819
2825
2828
2834
2838
2844
2848
2854
2858
2864
2868
2873
2877
2883
2887
2893
2897
2903
2907
2913
2917
2922
2926
2932
2936
2942
2946
2952
2956
2962
2966
2971
2975
2981
2985
2991
2995
3001
3005
3011
3014
3020
3024
3030
3034
3040
3044
3050
3054
3060
3063
3069
3073
3079
3083
3089
3093
3099
3103
3108
3112
3118
3122
3128
3132
3138
3142
3148
3152
3157
3161
3167
3171
3177
3181
3187
3191
3197
3201
3206
3210
3216
3220
3226
3230
3236
3240
3246
3249
3255
3259
3265
3269
3275
3279
3285
3289
3295
3298
3304
3308
3314
3318
3324
3328
3334
3338
3344
3347
3353
3357
3363
3367
3373
3377
3383
3387
3392
3396
3402
3407
3410
3415
3418
3423
3426
3431
3434
3439
3442
3447
3450
3456
3459
3464
3467
3472
3475
3480
3483
3488
3491
3496
3499
3504
3508
3513
3516
3521
3524
3529
3532
3537
3540
3545
3548
3553
3556
3562
3565
3570
3573
3578
3581
3586
3589
3594
3597
3602
3605
3610
3614
3619
3622
3627
3630
3635
3638
3643
3646
3651
3654
3659
3662
3668
3671
3676
3679
3684
3687
3692
3695
3700
3703
3708
3711
3716
3720
3725
3728
3733
3736
3741
3744
3749
3752
3757
3760
3765
3768
3774
3777
3782
3785
3790
3793
3798
3801
3806
3809
3814
3817
3822
3826
3831
3834
3839
3842
3847
3850
3855
3858
3863
3866
3871
3874
3880
3883
3888
3891
3896
3899
3904
3907
3912
3915
3920
3923
3928
3932
3937
3940
3945
3948
3953
3956
3961
3964
3969
3972
3977
3981
3986
3989
3994
3997
4002
4005
4010
4013
4018
4021
4026
4029
4035
4038
4043
4046
4051
4054
4059
4062
4067
4070
4075
4078
4083
4087
4092
4095
4100
4103
4108
4111
4116
4119
4124
4127
4132
4135
4141
4144
4149
4152
4157
4160
4165
4168
4174
4179
4185
4190
4196
4201
4207
4212
4219
4223
4230
4234
4241
4245
4252
4257
4263
4268
4274
4279
4285
4290
4297
4301
4308
4312
4319
4323
4330
4335
4341
4346
4352
4357
4363
4368
4375
4379
4386
4390
4397
4401
4408
4413
4419
4424
4430
4435
4441
4446
4452
4457
4464
4468
4475
4479
4486
4490
4497
4502
4508
4513
4519
4524
4530
4535
4542
4546
4553
4557
4564
4568
4575
4580
4586
4591
4597
4602
4608
4613
4620
4624
4631
4635
4642
4646
4653
4658
4664
4669
4675
4680
4686
4691
4698
4702
4709
4713
4720
4724
4731
4735
4742
4747
4753
4758
4764
4769
4775
4780
4787
4791
4798
4802
4809
4813
4820
4825
4831
4836
4842
4847
4853
4858
4865
4869
4876
4880
4887
4891
4898
4903
4909
4914
4920
4925
4931
4936
4943
4947
4954
4958
4965
4969
4976
4980
4987
4992
4998
5003
5009
5014
5020
5025
5032
5036
5043
5047
5054
5058
5065
5070
5076
5080
5086
5090
5096
5100
5107
5111
5117
5121
5127
5131
5138
5142
5148
5152
5158
5162
5168
5173
5179
5183
5189
5193
5199
5204
5210
5214
5220
5224
5230
5235
5241
5245
5251
5255
5261
5265
5272
5276
5282
5286
5292
5296
5303
5307
5313
5317
5323
5327
5333
5338
5344
5348
5354
5358
5364
5369
5375
5379
5385
5389
5395
5400
5406
5410
5416
5420
5426
5430
5437
5441
5447
5451
5457
5461
5468
5472
5478
5482
5488
5492
5499
5503
5509
5513
5519
5523
5529
5534
5540
5544
5550
5554
5560
5565
5571
5575
5581
5585
5591
5595
5602
5606
5612
5616
5622
5626
5633
5637
5643
5647
5653
5657
5664
5668
5674
5678
5684
5688
5694
5699
5705
5709
5715
5719
5725
5730
5736
5740
5746
5750
5756
5761
5767
5771
5777
5781
5787
5791
5798
5802
5808
5812
5818
5822
5829
5833
5839
5843
5849
5853
5859
5864
5870
5874
5880
5884
5890
5895
5901
5905
5911
5915
5921
5926
5932
5936
5942
5946
5951
5955
5961
5965
5971
5975
5981
5985
5991
5995
6001
6005
6011
6015
6021
6025
6031
6035
6041
6045
6051
6055
6061
6065
6071
6075
6081
6085
6091
6095
6100
6104
6110
6114
6120
6124
6130
6134
6140
6144
6150
6154
6160
6164
6170
6174
6180
6184
6190
6194
6200
6204
6210
6214
6220
6224
6230
6234
6240
6244
6249
6253
6259
6263
6269
6273
6279
6283
6289
6293
6299
6303
6309
6313
6319
6323
6329
6333
6339
6343
6349
6353
6359
6363
6369
6373
6379
6383
6389
6393
6398
6402
6408
6412
6418
6422
6428
6432
6438
6442
6448
6452
6458
6462
6468
6472
6478
6482
6488
6492
6498
6502
6508
6512
6518
6522
6528
6532
6538
6542
6547
6551
6557
6561
6567
6571
6577
6581
6587
6591
6597
6601
6607
6611
6617
6621
6627
6631
6637
6641
6647
6651
6657
6661
6667
6671
6677
6681
6687
6691
6697
6701
6707
6712
6718
6722
6729
6733
6739
6744
6750
6754
6760
6765
6771
6775
6782
6786
6792
6797
6803
6807
6814
6818
6824
6828
6835
6839
6845
6850
6856
6860
6867
6871
6877
6882
6888
6892
6898
6903
6909
6913
6920
6924
6930
6935
6941
6945
6952
6956
6962
6966
6973
6977
6983
6988
6994
6998
7005
7009
7015
7020
7026
7030
7036
7041
7047
7051
7058
7062
7068
7073
7079
7083
7090
7094
7100
7104
7111
7115
7121
7126
7132
7136
7143
7147
7153
7158
7164
7168
7174
7179
7185
7189
7196
7200
7206
7211
7217
7221
7228
7232
7238
7242
7249
7253
7259
7264
7270
7274
7281
7285
7291
7296
7302
7306
7312
7317
7323
7327
7334
7338
7344
7349
7355
7359
7366
7370
7376
7380
7387
7391
7397
7402
7408
7412
7419
7423
7429
7434
7440
7444
7450
7455
7461
7465
7472
7476
7482
7487
7493
7497
7504
7508
7514
7518
7525
7529
7535
7540
7546
7550
7557
7561
7566
7569
7574
7578
7583
7586
7592
7595
7600
7604
7609
7612
7617
7621
7626
7629
7635
7638
7643
7647
7652
7655
7660
7664
7669
7672
7678
7681
7686
7690
7695
7698
7703
7707
7712
7715
7721
7724
7729
7733
7738
7741
7747
7750
7755
7758
7764
7767
7772
7776
7781
7784
7790
7793
7798
7801
7807
7810
7815
7819
7824
7827
7833
7836
7841
7844
7850
7853
7858
7862
7867
7870
7876
7879
7884
7887
7893
7896
7901
7905
7910
7913
7919
7922
7927
7931
7936
7939
7944
7948
7953
7956
7962
7965
7970
7974
7979
7982
7987
7991
7996
7999
8005
8008
8013
8017
8022
8025
8030
8034
8039
8042
8048
8051
8056
8060
8065
8068
8074
8077
8082
8085
8091
8094
8099
8103
8108
8111
8117
8120
8125
8128
8134
8137
8142
8146
8151
8154
8160
8163
8168
8171
8177
8180
8185
8189
8194
8197
8203
8206
8211
8214
8220
8223
8228
8232
8237
8240
8246
8249
8254
8258
8263
8266
8271
8275
8280
8283
8289
8292
8297
8301
8306
8309
8314
8318
8323
8326
8332
8335
8340
8344
8349
8352
8357
8361
8366
8369
8375
8378
8383
8387
8392
8395
8401
8404
8409
8413
8419
8423
8429
8433
8438
8442
8448
8452
8458
8462
8468
8471
8477
8481
8487
8491
8497
8501
8506
8510
8516
8520
8526
8530
8536
8539
8545
8549
8555
8559
8565
8568
8574
8578
8584
8588
8594
8598
8603
8607
8613
8617
8623
8627
8633
8636
8642
8646
8652
8656
8662
8666
8671
8675
8681
8685
8691
8695
8700
8704
8710
8714
8720
8724
8730
8733
8739
8743
8749
8753
8759
8763
8768
8772
8778
8782
8788
8792
8798
8801
8807
8811
8817
8821
8827
8831
8836
8840
8846
8850
8856
8860
8865
8869
8875
8879
8885
8889
8895
8898
8904
8908
8914
8918
8924
8928
8933
8937
8943
8947
8953
8957
8963
8966
8972
8976
8982
8986
8992
8995
9001
9005
9011
9015
9021
9025
9030
9034
9040
9044
9050
9054
9060
9063
9069
9073
9079
9083
9089
9093
9098
9102
9108
9112
9118
9122
9128
9131
9137
9141
9147
9151
9157
9160
9166
9170
9176
9180
9186
9192
9196
9203
9207
9214
9218
9225
9229
9236
9240
9246
9251
9257
9262
9268
9273
9279
9284
9290
9294
9301
9305
9312
9316
9323
9327
9334
9338
9344
9349
9355
9360
9366
9371
9377
9382
9388
9392
9399
9403
9410
9414
9421
9425
9432
9436
9443
9447
9453
9458
9464
9469
9475
9480
9486
9491
9497
9501
9508
9512
9519
9523
9530
9534
9541
9545
9551
9556
9562
9567
9573
9578
9584
9589
9595
9599
9606
9610
9617
9621
9628
9632
9639
9643
9650
9654
9660
9665
9671
9676
9682
9687
9693
9698
9704
9708
9715
9719
9726
9730
9737
9741
9748
9752
9758
9763
9769
9774
9780
9785
9791
9796
9802
9806
9813
9817
9824
9828
9835
9839
9846
9850
9856
9861
9867
9872
9878
9883
9889
9894
9900
9905
9911
9915
9922
9926
9933
9937
9944
9948
9955
9959
9965
9970
9976
9981
9987
9992
9998
10003
10008
10012
10018
10022
10028
10032
10038
10042
10048
10052
10058
10062
10068
10072
10078
10082
10088
10092
10098
10102
10108
10112
10118
10122
10128
10132
10138
10142
10148
10152
10158
10162
10168
10172
10178
10182
10188
10192
10198
10202
10208
10212
10218
10222
10228
10232
10238
10242
10248
10252
10258
10262
10268
10272
10278
10282
10288
10292
10298
10302
10308
10312
10318
10322
10328
10332
10338
10342
10348
10352
10358
10362
10368
10372
10378
10382
10388
10392
10398
10402
10407
10411
10417
10421
10427
10431
10437
10441
10447
10451
10457
10461
10467
10471
10477
10481
10487
10491
10497
10501
10507
10511
10517
10521
10527
10531
10537
10541
10547
10551
10557
10561
10567
10571
10577
10581
10587
10591
10597
10601
10607
10611
10617
10621
10627
10631
10637
10641
10647
10651
10657
10661
10667
10671
10677
10681
10687
10691
10697
10701
10707
10711
10717
10721
10727
10731
10737
10741
10746
10749
10754
10757
10762
10766
10771
10774
10779
10782
10788
10791
10796
10799
10804
10808
10813
10816
10821
10824
10830
10833
10838
10841
10846
10850
10855
10858
10863
10866
10872
10875
10880
10883
10888
10892
10897
10900
10905
10908
10914
10917
10922
10925
10930
10934
10939
10942
10947
10950
10956
10959
10964
10967
10972
10976
10981
10984
10989
10992
10998
11001
11006
11009
11014
11018
11023
11026
11031
11034
11040
11043
11048
11051
11056
11060
11065
11068
11073
11076
11082
11085
11090
11093
11098
11102
11107
11110
11115
11118
11124
11127
11132
11135
11140
11144
11149
11152
11157
11160
11166
11169
11174
11177
11182
11186
11191
11194
11199
11202
11208
11211
11216
11219
11224
11228
11233
11236
11241
11244
11250
11253
11258
11261
11266
11270
11275
11278
11283
11286
11292
11295
11300
11303
11308
11312
11317
11320
11325
11328
11334
11337
11342
11345
11350
11354
11359
11362
11367
11370
11376
11379
11384
11387
11392
11396
11401
11404
11409
11412
11417
11421
11426
11429
11434
11437
11443
11446
11451
11454
11459
11463
11468
11471
11476
11479
11485
11488
11493
11496
11501
11505
11510
11513
11518
11521
11527
11530
11535
11538
11543
11547
11552
11555
11560
11563
11569
11572
11577
11580
11585
11589
11594
11597
11602
11605
11611
11614
11619
11622
11627
11633
11637
11643
11647
11653
11657
11663
11667
11673
11677
11683
11687
11693
11698
11704
11708
11714
11718
11724
11728
11734
11738
11744
11748
11754
11758
11764
11769
11775
11779
11785
11789
11795
11799
11805
11809
11815
11819
11825
11829
11836
11840
11846
11850
11856
11860
11866
11870
11876
11880
11886
11890
11896
11900
11907
11911
11917
11921
11927
11931
11937
11941
11947
11951
11957
11961
11967
11972
11978
11982
11988
11992
11998
12002
12008
12012
12018
12022
12028
12032
12038
12043
12049
12053
12059
12063
12069
12073
12079
12083
12089
12093
12099
12103
12110
12114
12120
12124
12130
12134
12140
12144
12150
12154
12160
12164
12170
12174
12181
12185
12191
12195
12201
12205
12211
12215
12221
12225
12231
12235
12241
12246
12252
12256
12262
12266
12272
12276
12282
12286
12292
12296
12302
12306
12312
12317
12323
12327
12333
12337
12343
12347
12353
12357
12363
12367
12373
12377
12384
12388
12394
12398
12404
12408
12414
12418
12424
12428
12434
12438
12444
12448
12455
12459
12465
12469
12475
12479
12485
12489
12495
12499
12504
12508
12514
12518
12524
12528
12534
12538
12544
12547
12553
12557
12563
12567
12573
12577
12583
12587
12593
12596
12602
12606
12612
12616
12622
12626
12632
12636
12641
12645
12651
12655
12661
12665
12671
12675
12681
12685
12690
12694
12700
12704
12710
12714
12720
12724
12730
12734
12739
12743
12749
12753
12759
12763
12769
12773
12779
12782
12788
12792
12798
12802
12808
12812
12818
12822
12828
12831
12837
12841
12847
12851
12857
12861
12867
12871
12876
12880
12886
12890
12896
12900
12906
12910
12916
12920
12925
12929
12935
12939
12945
12949
12955
12959
12965
12969
12974
12978
12984
12988
12994
12998
13004
13008
13014
13017
13023
13027
13033
13037
13043
13047
13053
13057
13063
13066
13072
13076
13082
13086
13092
13096
13102
13106
13111
13115
13121
13125
13131
13135
13141
13145
13151
13155
13160
13164
13170
13174
13180
13184
13190
13194
13200
13204
13209
13213
13219
13223
13229
13233
13239
13243
13249
13252
13258
13262
13268
13272
13278
13282
13288
13292
13298
13301
13307
13311
13317
13321
13327
13331
13337
13341
13347
13350
13356
13360
13366
13370
13376
13380
13386
13390
13395
13399
13405
13410
13413
13418
13421
13426
13429
13434
13437
13442
13445
13450
13453
13459
13462
13467
13470
13475
13478
13483
13486
13491
13494
13499
13502
13507
13511
13516
13519
13524
13527
13532
13535
13540
13543
13548
13551
13556
13559
13565
13568
13573
13576
13581
13584
13589
13592
13597
13600
13605
13608
13613
13617
13622
13625
13630
13633
13638
13641
13646
13649
13654
13657
13662
13665
13671
13674
13679
13682
13687
13690
13695
13698
13703
13706
13711
13714
13719
13723
13728
13731
13736
13739
13744
13747
13752
13755
13760
13763
13768
13771
13777
13780
13785
13788
13793
13796
13801
13804
13809
13812
13817
13820
13825
13829
13834
13837
13842
13845
13850
13853
13858
13861
13866
13869
13874
13877
13883
13886
13891
13894
13899
13902
13907
13910
13915
13918
13923
13926
13931
13935
13940
13943
13948
13951
13956
13959
13964
13967
13972
13975
13980
13984
13989
13992
13997
14000
14005
14008
14013
14016
14021
14024
14029
14032
14038
14041
14046
14049
14054
14057
14062
14065
14070
14073
14078
14081
14086
14090
14095
14098
14103
14106
14111
14114
14119
14122
14127
14130
14135
14138
14144
14147
14152
14155
14160
14163
14168
14171
14177
14182
14188
14193
14199
14204
14210
14215
14222
14226
14233
14237
14244
14248
14255
14260
14266
14271
14277
14282
14288
14293
14300
14304
14311
14315
14322
14326
14333
14338
14344
14349
14355
14360
14366
14371
14378
14382
14389
14393
14400
14404
14411
14416
14422
14427
14433
14438
14444
14449
14455
14460
14467
14471
14478
14482
14489
14493
14500
14505
14511
14516
14522
14527
14533
14538
14545
14549
14556
14560
14567
14571
14578
14583
14589
14594
14600
14605
14611
14616
14623
14627
14634
14638
14645
14649
14656
14661
14667
14672
14678
14683
14689
14694
14701
14705
14712
14716
14723
14727
14734
14738
14745
14750
14756
14761
14767
14772
14778
14783
14790
14794
14801
14805
14812
14816
14823
14828
14834
14839
14845
14850
14856
14861
14868
14872
14879
14883
14890
14894
14901
14906
14912
14917
14923
14928
14934
14939
14946
14950
14957
14961
14968
14972
14979
14983
14990
14995
15001
15006
15012
15017
15023
15028
15035
15039
15046
15050
15057
15061
15068
15073
15079
15083
15089
15093
15099
15103
15110
15114
15120
15124
15130
15134
15141
15145
15151
15155
15161
15165
15171
15176
15182
15186
15192
15196
15202
15207
15213
15217
15223
15227
15233
15238
15244
15248
15254
15258
15264
15268
15275
15279
15285
15289
15295
15299
15306
15310
15316
15320
15326
15330
15336
15341
15347
15351
15357
15361
15367
15372
15378
15382
15388
15392
15398
15403
15409
15413
15419
15423
15429
15433
15440
15444
15450
15454
15460
15464
15471
15475
15481
15485
15491
15495
15502
15506
15512
15516
15522
15526
15532
15537
15543
15547
15553
15557
15563
15568
15574
15578
15584
15588
15594
15598
15605
15609
15615
15619
15625
15629
15636
15640
15646
15650
15656
15660
15667
15671
15677
15681
15687
15691
15697
15702
15708
15712
15718
15722
15728
15733
15739
15743
15749
15753
15759
15764
15770
15774
15780
15784
15790
15794
15801
15805
15811
15815
15821
15825
15832
15836
15842
15846
15852
15856
15862
15867
15873
15877
15883
15887
15893
15898
15904
15908
15914
15918
15924
15929
15935
15939
15945
15949
15954
15958
15964
15968
15974
15978
15984
15988
15994
15998
16004
16008
16014
16018
16024
16028
16034
16038
16044
16048
16054
16058
16064
16068
16074
16078
16084
16088
16094
16098
16103
16107
16113
16117
16123
16127
16133
16137
16143
16147
16153
16157
16163
16167
16173
16177
16183
16187
16193
16197
16203
16207
16213
16217
16223
16227
16233
16237
16243
16247
16252
16256
16262
16266
16272
16276
16282
16286
16292
16296
16302
16306
16312
16316
16322
16326
16332
16336
16342
16346
16352
16356
16362
16366
16372
16376
16382
16386
16392
16396
16401
16405
16411
16415
16421
16425
16431
16435
16441
16445
16451
16455
16461
16465
16471
16475
16481
16485
16491
16495
16501
16505
16511
16515
16521
16525
16531
16535
16541
16545
16550
16554
16560
16564
16570
16574
16580
16584
16590
16594
16600
16604
16610
16614
16620
16624
16630
16634
16640
16644
16650
16654
16660
16664
16670
16674
16680
16684
16690
16694
16700
16704
16710
16715
16721
16725
16732
16736
16742
16747
16753
16757
16763
16768
16774
16778
16785
16789
16795
16800
16806
16810
16817
16821
16827
16831
16838
16842
16848
16853
16859
16863
16870
16874
16880
16885
16891
16895
16901
16906
16912
16916
16923
16927
16933
16938
16944
16948
16955
16959
16965
16969
16976
16980
16986
16991
16997
17001
17008
17012
17018
17023
17029
17033
17039
17044
17050
17054
17061
17065
17071
17076
17082
17086
17093
17097
17103
17107
17114
17118
17124
17129
17135
17139
17146
17150
17156
17161
17167
17171
17177
17182
17188
17192
17199
17203
17209
17214
17220
17224
17231
17235
17241
17245
17252
17256
17262
17267
17273
17277
17284
17288
17294
17299
17305
17309
17315
17320
17326
17330
17337
17341
17347
17352
17358
17362
17369
17373
17379
17383
17390
17394
17400
17405
17411
17415
17422
17426
17432
17437
17443
17447
17453
17458
17464
17468
17475
17479
17485
17490
17496
17500
17507
17511
17517
17521
17528
17532
17538
17543
17549
17553
17560
17564
17569
17572
17577
17581
17586
17589
17595
17598
17603
17607
17612
17615
17620
17624
17629
17632
17638
17641
17646
17650
17655
17658
17663
17667
17672
17675
17681
17684
17689
17693
17698
17701
17706
17710
17715
17718
17724
17727
17732
17736
17741
17744
17750
17753
17758
17761
17767
17770
17775
17779
17784
17787
17793
17796
17801
17804
17810
17813
17818
17822
17827
17830
17836
17839
17844
17847
17853
17856
17861
17865
17870
17873
17879
17882
17887
17890
17896
17899
17904
17908
17913
17916
17922
17925
17930
17934
17939
17942
17947
17951
17956
17959
17965
17968
17973
17977
17982
17985
17990
17994
17999
18002
18008
18011
18016
18020
18025
18028
18033
18037
18042
18045
18051
18054
18059
18063
18068
18071
18077
18080
18085
18088
18094
18097
18102
18106
18111
18114
18120
18123
18128
18131
18137
18140
18145
18149
18154
18157
18163
18166
18171
18174
18180
18183
18188
18192
18197
18200
18206
18209
18214
18217
18223
18226
18231
18235
18240
18243
18249
18252
18257
18261
18266
18269
18274
18278
18283
18286
18292
18295
18300
18304
18309
18312
18317
18321
18326
18329
18335
18338
18343
18347
18352
18355
18360
18364
18369
18372
18378
18381
18386
18390
18395
18398
18404
18407
18412
18416
18422
18426
18432
18436
18441
18445
18451
18455
18461
18465
18471
18474
18480
18484
18490
18494
18500
18504
18509
18513
18519
18523
18529
18533
18539
18542
18548
18552
18558
18562
18568
18571
18577
18581
18587
18591
18597
18601
18606
18610
18616
18620
18626
18630
18636
18639
18645
18649
18655
18659
18665
18669
18674
18678
18684
18688
18694
18698
18703
18707
18713
18717
18723
18727
18733
18736
18742
18746
18752
18756
18762
18766
18771
18775
18781
18785
18791
18795
18801
18804
18810
18814
18820
18824
18830
18834
18839
18843
18849
18853
18859
18863
18868
18872
18878
18882
18888
18892
18898
18901
18907
18911
18917
18921
18927
18931
18936
18940
18946
18950
18956
18960
18966
18969
18975
18979
18985
18989
18995
18998
19004
19008
19014
19018
19024
19028
19033
19037
19043
19047
19053
19057
19063
19066
19072
19076
19082
19086
19092
19096
19101
19105
19111
19115
19121
19125
19131
19134
19140
19144
19150
19154
19160
19163
19169
19173
19179
19183
19189
19195
19199
19206
19210
19217
19221
19228
19232
19239
19243
19249
19254
19260
19265
19271
19276
19282
19287
19293
19297
19304
19308
19315
19319
19326
19330
19337
19341
19347
19352
19358
19363
19369
19374
19380
19385
19391
19395
19402
19406
19413
19417
19424
19428
19435
19439
19446
19450
19456
19461
19467
19472
19478
19483
19489
19494
19500
19504
19511
19515
19522
19526
19533
19537
19544
19548
19554
19559
19565
19570
19576
19581
19587
19592
19598
19602
19609
19613
19620
19624
19631
19635
19642
19646
19653
19657
19663
19668
19674
19679
19685
19690
19696
19701
19707
19711
19718
19722
19729
19733
19740
19744
19751
19755
19761
19766
19772
19777
19783
19788
19794
19799
19805
19809
19816
19820
19827
19831
19838
19842
19849
19853
19859
19864
19870
19875
19881
19886
19892
19897
19903
19908
19914
19918
19925
19929
19936
19940
19947
19951
19958
19962
19968
19973
19979
19984
19990
19995
20001
20006
20011
20015
20021
20025
20031
20035
20041
20045
20051
20055
20061
20065
20071
20075
20081
20085
20091
20095
20101
20105
20111
20115
20121
20125
20131
20135
20141
20145
20151
20155
20161
20165
20171
20175
20181
20185
20191
20195
20201
20205
20211
20215
20221
20225
20231
20235
20241
20245
20251
20255
20261
20265
20271
20275
20281
20285
20291
20295
20301
20305
20311
20315
20321
20325
20331
20335
20341
20345
20351
20355
20361
20365
20371
20375
20381
20385
20391
20395
20401
20405
20410
20414
20420
20424
20430
20434
20440
20444
20450
20454
20460
20464
20470
20474
20480
20484
20490
20494
20500
20504
20510
20514
20520
20524
20530
20534
20540
20544
20550
20554
20560
20564
20570
20574
20580
20584
20590
20594
20600
20604
20610
20614
20620
20624
20630
20634
20640
20644
20650
20654
20660
20664
20670
20674
20680
20684
20690
20694
20700
20704
20710
20714
20720
20724
20730
20734
20740
20744
20749
20752
20757
20760
20765
20769
20774
20777
20782
20785
20791
20794
20799
20802
20807
20811
20816
20819
20824
20827
20833
20836
20841
20844
20849
20853
20858
20861
20866
20869
20875
20878
20883
20886
20891
20895
20900
20903
20908
20911
20917
20920
20925
20928
20933
20937
20942
20945
20950
20953
20959
20962
20967
20970
20975
20979
20984
20987
20992
20995
21001
21004
21009
21012
21017
21021
21026
21029
21034
21037
21043
21046
21051
21054
21059
21063
21068
21071
21076
21079
21085
21088
21093
21096
21101
21105
21110
21113
21118
21121
21127
21130
21135
21138
21143
21147
21152
21155
21160
21163
21169
21172
21177
21180
21185
21189
21194
21197
21202
21205
21211
21214
21219
21222
21227
21231
21236
21239
21244
21247
21253
21256
21261
21264
21269
21273
21278
21281
21286
21289
21295
21298
21303
21306
21311
21315
21320
21323
21328
21331
21337
21340
21345
21348
21353
21357
21362
21365
21370
21373
21379
21382
21387
21390
21395
21399
21404
21407
21412
21415
21420
21424
21429
21432
21437
21440
21446
21449
21454
21457
21462
21466
21471
21474
21479
21482
21488
21491
21496
21499
21504
21508
21513
21516
21521
21524
21530
21533
21538
21541
21546
21550
21555
21558
21563
21566
21572
21575
21580
21583
21588
21592
21597
21600
21605
21608
21614
21617
21622
21625
21630
21636
21640
21646
21650
21656
21660
21666
21670
21676
21680
21686
21690
21696
21701
21707
21711
21717
21721
21727
21731
21737
21741
21747
21751
21757
21761
21767
21772
21778
21782
21788
21792
21798
21802
21808
21812
21818
21822
21828
21832
21839
21843
21849
21853
21859
21863
21869
21873
21879
21883
21889
21893
21899
21903
21910
21914
21920
21924
21930
21934
21940
21944
21950
21954
21960
21964
21970
21975
21981
21985
21991
21995
22001
22005
22011
22015
22021
22025
22031
22035
22041
22046
22052
22056
22062
22066
22072
22076
22082
22086
22092
22096
22102
22106
22113
22117
22123
22127
22133
22137
22143
22147
22153
22157
22163
22167
22173
22177
22184
22188
22194
22198
22204
22208
22214
22218
22224
22228
22234
22238
22244
22249
22255
22259
22265
22269
22275
22279
22285
22289
22295
22299
22305
22309
22315
22320
22326
22330
22336
22340
22346
22350
22356
22360
22366
22370
22376
22380
22387
22391
22397
22401
22407
22411
22417
22421
22427
22431
22437
22441
22447
22451
22458
22462
22468
22472
22478
22482
22488
22492
22498
22502
22507
22511
22517
22521
22527
22531
22537
22541
22547
22550
22556
22560
22566
22570
22576
22580
22586
22590
22596
22599
22605
22609
22615
22619
22625
22629
22635
22639
22644
22648
22654
22658
22664
22668
22674
22678
22684
22688
22693
22697
22703
22707
22713
22717
22723
22727
22733
22737
22742
22746
22752
22756
22762
22766
22772
22776
22782
22785
22791
22795
22801
22805
22811
22815
22821
22825
22831
22834
22840
22844
22850
22854
22860
22864
22870
22874
22879
22883
22889
22893
22899
22903
22909
22913
22919
22923
22928
22932
22938
22942
22948
22952
22958
22962
22968
22972
22977
22981
22987
22991
22997
23001
23007
23011
23017
23020
23026
23030
23036
23040
23046
23050
23056
23060
23066
23069
23075
23079
23085
23089
23095
23099
23105
23109
23114
23118
23124
23128
23134
23138
23144
23148
23154
23158
23163
23167
23173
23177
23183
23187
23193
23197
23203
23207
23212
23216
23222
23226
23232
23236
23242
23246
23252
23255
23261
23265
23271
23275
23281
23285
23291
23295
23301
23304
23310
23314
23320
23324
23330
23334
23340
23344
23350
23353
23359
23363
23369
23373
23379
23383
23389
23393
23398
23402
23408
23413
23416
23421
23424
23429
23432
23437
23440
23445
23448
23453
23456
23462
23465
23470
23473
23478
23481
23486
23489
23494
23497
23502
23505
23510
23514
23519
23522
23527
23530
23535
23538
23543
23546
23551
23554
23559
23562
23568
23571
23576
23579
23584
23587
23592
23595
23600
23603
23608
23611
23616
23620
23625
23628
23633
23636
23641
23644
23649
23652
23657
23660
23665
23668
23674
23677
23682
23685
23690
23693
23698
23701
23706
23709
23714
23717
23722
23726
23731
23734
23739
23742
23747
23750
23755
23758
23763
23766
23771
23774
23780
23783
23788
23791
23796
23799
23804
23807
23812
23815
23820
23823
23828
23832
23837
23840
23845
23848
23853
23856
23861
23864
23869
23872
23877
23880
23886
23889
23894
23897
23902
23905
23910
23913
23918
23921
23926
23929
23934
23938
23943
23946
23951
23954
23959
23962
23967
23970
23975
23978
23983
23987
23992
23995
24000
24003
24008
24011
24016
24019
24024
24027
24032
24035
24041
24044
24049
24052
24057
24060
24065
24068
24073
24076
24081
24084
24089
24093
24098
24101
24106
24109
24114
24117
24122
24125
24130
24133
24138
24141
24147
24150
24155
24158
24163
24166
24171
24174
24180
24185
24191
24196
24202
24207
24213
24218
24225
24229
24236
24240
24247
24251
24258
24263
24269
24274
24280
24285
24291
24296
24303
24307
24314
24318
24325
24329
24336
24341
24347
24352
24358
24363
24369
24374
24381
24385
24392
24396
24403
24407
24414
24419
24425
24430
24436
24441
24447
24452
24458
24463
24470
24474
24481
24485
24492
24496
24503
24508
24514
24519
24525
24530
24536
24541
24548
24552
24559
24563
24570
24574
24581
24586
24592
24597
24603
24608
24614
24619
24626
24630
24637
24641
24648
24652
24659
24664
24670
24675
24681
24686
24692
24697
24704
24708
24715
24719
24726
24730
24737
24741
24748
24753
24759
24764
24770
24775
24781
24786
24793
24797
24804
24808
24815
24819
24826
24831
24837
24842
24848
24853
24859
24864
24871
24875
24882
24886
24893
24897
24904
24909
24915
24920
24926
24931
24937
24942
24949
24953
24960
24964
24971
24975
24982
24986
24993
24998
25004
25009
25015
25020
25026
25031
25038
25042
25049
25053
25060
25064
25071
25076
25082
25086
25092
25096
25102
25106
25113
25117
25123
25127
25133
25137
25144
25148
25154
25158
25164
25168
25174
25179
25185
25189
25195
25199
25205
25210
25216
25220
25226
25230
25236
25241
25247
25251
25257
25261
25267
25271
25278
25282
25288
25292
25298
25302
25309
25313
25319
25323
25329
25333
25339
25344
25350
25354
25360
25364
25370
25375
25381
25385
25391
25395
25401
25406
25412
25416
25422
25426
25432
25436
25443
25447
25453
25457
25463
25467
25474
25478
25484
25488
25494
25498
25505
25509
25515
25519
25525
25529
25535
25540
25546
25550
25556
25560
25566
25571
25577
25581
25587
25591
25597
25601
25608
25612
25618
25622
25628
25632
25639
25643
25649
25653
25659
25663
25670
25674
25680
25684
25690
25694
25700
25705
25711
25715
25721
25725
25731
25736
25742
25746
25752
25756
25762
25767
25773
25777
25783
25787
25793
25797
25804
25808
25814
25818
25824
25828
25835
25839
25845
25849
25855
25859
25865
25870
25876
25880
25886
25890
25896
25901
25907
25911
25917
25921
25927
25932
25938
25942
25948
25952
25957
25961
25967
25971
25977
25981
25987
25991
25997
26001
26007
26011
26017
26021
26027
26031
26037
26041
26047
26051
26057
26061
26067
26071
26077
26081
26087
26091
26097
26101
26106
26110
26116
26120
26126
26130
26136
26140
26146
26150
26156
26160
26166
26170
26176
26180
26186
26190
26196
26200
26206
26210
26216
26220
26226
26230
26236
26240
26246
26250
26255
26259
26265
26269
26275
26279
26285
26289
26295
26299
26305
26309
26315
26319
26325
26329
26335
26339
26345
26349
26355
26359
26365
26369
26375
26379
26385
26389
26395
26399
26404
26408
26414
26418
26424
26428
26434
26438
26444
26448
26454
26458
26464
26468
26474
26478
26484
26488
26494
26498
26504
26508
26514
26518
26524
26528
26534
26538
26544
26548
26553
26557
26563
26567
26573
26577
26583
26587
26593
26597
26603
26607
26613
26617
26623
26627
26633
26637
26643
26647
26653
26657
26663
26667
26673
26677
26683
26687
26693
26697
26703
26707
26713
26718
26724
26728
26735
26739
26745
26750
26756
26760
26766
26771
26777
26781
26788
26792
26798
26803
26809
26813
26820
26824
26830
26834
26841
26845
26851
26856
26862
26866
26873
26877
26883
26888
26894
26898
26904
26909
26915
26919
26926
26930
26936
26941
26947
26951
26958
26962
26968
26972
26979
26983
26989
26994
27000
27004
27011
27015
27021
27026
27032
27036
27042
27047
27053
27057
27064
27068
27074
27079
27085
27089
27096
27100
27106
27110
27117
27121
27127
27132
27138
27142
27149
27153
27159
27164
27170
27174
27180
27185
27191
27195
27202
27206
27212
27217
27223
27227
27234
27238
27244
27248
27255
27259
27265
27270
27276
27280
27287
27291
27297
27302
27308
27312
27318
27323
27329
27333
27340
27344
27350
27355
27361
27365
27372
27376
27382
27386
27393
27397
27403
27408
27414
27418
27425
27429
27435
27440
27446
27450
27456
27461
27467
27471
27478
27482
27488
27493
27499
27503
27510
27514
27520
27524
27531
27535
27541
27546
27552
27556
27563
27567
27572
27575
27580
27584
27589
27592
27598
27601
27606
27610
27615
27618
27623
27627
27632
27635
27641
27644
27649
27653
27658
27661
27666
27670
27675
27678
27684
27687
27692
27696
27701
27704
27709
27713
27718
27721
27727
27730
27735
27739
27744
27747
27753
27756
27761
27764
27770
27773
27778
27782
27787
27790
27796
27799
27804
27807
27813
27816
27821
27825
27830
27833
27839
27842
27847
27850
27856
27859
27864
27868
27873
27876
27882
27885
27890
27893
27899
27902
27907
27911
27916
27919
27925
27928
27933
27937
27942
27945
27950
27954
27959
27962
27968
27971
27976
27980
27985
27988
27993
27997
28002
28005
28011
28014
28019
28023
28028
28031
28036
28040
28045
28048
28054
28057
28062
28066
28071
28074
28080
28083
28088
28091
28097
28100
28105
28109
28114
28117
28123
28126
28131
28134
28140
28143
28148
28152
28157
28160
28166
28169
28174
28177
28183
28186
28191
28195
28200
28203
28209
28212
28217
28220
28226
28229
28234
28238
28243
28246
28252
28255
28260
28264
28269
28272
28277
28281
28286
28289
28295
28298
28303
28307
28312
28315
28320
28324
28329
28332
28338
28341
28346
28350
28355
28358
28363
28367
28372
28375
28381
28384
28389
28393
28398
28401
28407
28410
28415
28419
28425
28429
28435
28439
28444
28448
28454
28458
28464
28468
28474
28477
28483
28487
28493
28497
28503
28507
28512
28516
28522
28526
28532
28536
28542
28545
28551
28555
28561
28565
28571
28574
28580
28584
28590
28594
28600
28604
28609
28613
28619
28623
28629
28633
28639
28642
28648
28652
28658
28662
28668
28672
28677
28681
28687
28691
28697
28701
28706
28710
28716
28720
28726
28730
28736
28739
28745
28749
28755
28759
28765
28769
28774
28778
28784
28788
28794
28798
28804
28807
28813
28817
28823
28827
28833
28837
28842
28846
28852
28856
28862
28866
28871
28875
28881
28885
28891
28895
28901
28904
28910
28914
28920
28924
28930
28934
28939
28943
28949
28953
28959
28963
28969
28972
28978
28982
28988
28992
28998
29001
29007
29011
29017
29021
29027
29031
29036
29040
29046
29050
29056
29060
29066
29069
29075
29079
29085
29089
29095
29099
29104
29108
29114
29118
29124
29128
29134
29137
29143
29147
29153
29157
29163
29166
29172
29176
29182
29186
29192
29198
29202
29209
29213
29220
29224
29231
29235
29242
29246
29252
29257
29263
29268
29274
29279
29285
29290
29296
29300
29307
29311
29318
29322
29329
29333
29340
29344
29350
29355
29361
29366
29372
29377
29383
29388
29394
29398
29405
29409
29416
29420
29427
29431
29438
29442
29449
29453
29459
29464
29470
29475
29481
29486
29492
29497
29503
29507
29514
29518
29525
29529
29536
29540
29547
29551
29557
29562
29568
29573
29579
29584
29590
29595
29601
29605
29612
29616
29623
29627
29634
29638
29645
29649
29656
29660
29666
29671
29677
29682
29688
29693
29699
29704
29710
29714
29721
29725
29732
29736
29743
29747
29754
29758
29764
29769
29775
29780
29786
29791
29797
29802
29808
29812
29819
29823
29830
29834
29841
29845
29852
29856
29862
29867
29873
29878
29884
29889
29895
29900
29906
29911
29917
29921
29928
29932
29939
29943
29950
29954
29961
29965
29971
29976
29982
29987
29993
29998
30004
30009
30014
30018
30024
30028
30034
30038
30044
30048
30054
30058
30064
30068
30074
30078
30084
30088
30094
30098
30104
30108
30114
30118
30124
30128
30134
30138
30144
30148
30154
30158
30164
30168
30174
30178
30184
30188
30194
30198
30204
30208
30214
30218
30224
30228
30234
30238
30244
30248
30254
30258
30264
30268
30274
30278
30284
30288
30294
30298
30304
30308
30314
30318
30324
30328
30334
30338
30344
30348
30354
30358
30364
30368
30374
30378
30384
30388
30394
30398
30404
30408
30413
30417
30423
30427
30433
30437
30443
30447
30453
30457
30463
30467
30473
30477
30483
30487
30493
30497
30503
30507
30513
30517
30523
30527
30533
30537
30543
30547
30553
30557
30563
30567
30573
30577
30583
30587
30593
30597
30603
30607
30613
30617
30623
30627
30633
30637
30643
30647
30653
30657
30663
30667
30673
30677
30683
30687
30693
30697
30703
30707
30713
30717
30723
30727
30733
30737
30743
30747
30752
30755
30760
30763
30768
30772
30777
30780
30785
30788
30794
30797
30802
30805
30810
30814
30819
30822
30827
30830
30836
30839
30844
30847
30852
30856
30861
30864
30869
30872
30878
30881
30886
30889
30894
30898
30903
30906
30911
30914
30920
30923
30928
30931
30936
30940
30945
30948
30953
30956
30962
30965
30970
30973
30978
30982
30987
30990
30995
30998
31004
31007
31012
31015
31020
31024
31029
31032
31037
31040
31046
31049
31054
31057
31062
31066
31071
31074
31079
31082
31088
31091
31096
31099
31104
31108
31113
31116
31121
31124
31130
31133
31138
31141
31146
31150
31155
31158
31163
31166
31172
31175
31180
31183
31188
31192
31197
31200
31205
31208
31214
31217
31222
31225
31230
31234
31239
31242
31247
31250
31256
31259
31264
31267
31272
31276
31281
31284
31289
31292
31298
31301
31306
31309
31314
31318
31323
31326
31331
31334
31340
31343
31348
31351
31356
31360
31365
31368
31373
31376
31382
31385
31390
31393
31398
31402
31407
31410
31415
31418
31423
31427
31432
31435
31440
31443
31449
31452
31457
31460
31465
31469
31474
31477
31482
31485
31491
31494
31499
31502
31507
31511
31516
31519
31524
31527
31533
31536
31541
31544
31549
31553
31558
31561
31566
31569
31575
31578
31583
31586
31591
31595
31600
31603
31608
31611
31617
31620
31625
31628
31633
31639
31643
31649
31653
31659
31663
31669
31673
31679
31683
31689
31693
31699
31704
31710
31714
31720
31724
31730
31734
31740
31744
31750
31754
31760
31764
31770
31775
31781
31785
31791
31795
31801
31805
31811
31815
31821
31825
31831
31835
31842
31846
31852
31856
31862
31866
31872
31876
31882
31886
31892
31896
31902
31906
31913
31917
31923
31927
31933
31937
31943
31947
31953
31957
31963
31967
31973
31978
31984
31988
31994
31998
32004
32008
32014
32018
32024
32028
32034
32038
32044
32049
32055
32059
32065
32069
32075
32079
32085
32089
32095
32099
32105
32109
32116
32120
32126
32130
32136
32140
32146
32150
32156
32160
32166
32170
32176
32180
32187
32191
32197
32201
32207
32211
32217
32221
32227
32231
32237
32241
32247
32252
32258
32262
32268
32272
32278
32282
32288
32292
32298
32302
32308
32312
32318
32323
32329
32333
32339
32343
32349
32353
32359
32363
32369
32373
32379
32383
32390
32394
32400
32404
32410
32414
32420
32424
32430
32434
32440
32444
32450
32454
32461
32465
32471
32475
32481
32485
32491
32495
32501
32505
32510
32514
32520
32524
32530
32534
32540
32544
32550
32553
32559
32563
32569
32573
32579
32583
32589
32593
32599
32602
32608
32612
32618
32622
32628
32632
32638
32642
32647
32651
32657
32661
32667
32671
32677
32681
32687
32691
32696
32700
32706
32710
32716
32720
32726
32730
32736
32740
32745
32749
32755
32759
32765
32769
32775
32779
32785
32788
32794
32798
32804
32808
32814
32818
32824
32828
32834
32837
32843
32847
32853
32857
32863
32867
32873
32877
32882
32886
32892
32896
32902
32906
32912
32916
32922
32926
32931
32935
32941
32945
32951
32955
32961
32965
32971
32975
32980
32984
32990
32994
33000
33004
33010
33014
33020
33023
33029
33033
33039
33043
33049
33053
33059
33063
33069
33072
33078
33082
33088
33092
33098
33102
33108
33112
33117
33121
33127
33131
33137
33141
33147
33151
33157
33161
33166
33170
33176
33180
33186
33190
33196
33200
33206
33210
33215
33219
33225
33229
33235
33239
33245
33249
33255
33258
33264
33268
33274
33278
33284
33288
33294
33298
33304
33307
33313
33317
33323
33327
33333
33337
33343
33347
33353
33356
33362
33366
33372
33376
33382
33386
33392
33396
33401
33405
33411
33416
33419
33424
33427
33432
33435
33440
33443
33448
33451
33456
33459
33465
33468
33473
33476
33481
33484
33489
33492
33497
33500
33505
33508
33513
33517
33522
33525
33530
33533
33538
33541
33546
33549
33554
33557
33562
33565
33571
33574
33579
33582
33587
33590
33595
33598
33603
33606
33611
33614
33619
33623
33628
33631
33636
33639
33644
33647
33652
33655
33660
33663
33668
33671
33677
33680
33685
33688
33693
33696
33701
33704
33709
33712
33717
33720
33725
33729
33734
33737
33742
33745
33750
33753
33758
33761
33766
33769
33774
33777
33783
33786
33791
33794
33799
33802
33807
33810
33815
33818
33823
33826
33831
33835
33840
33843
33848
33851
33856
33859
33864
33867
33872
33875
33880
33883
33889
33892
33897
33900
33905
33908
33913
33916
33921
33924
33929
33932
33937
33941
33946
33949
33954
33957
33962
33965
33970
33973
33978
33981
33986
33990
33995
33998
34003
34006
34011
34014
34019
34022
34027
34030
34035
34038
34044
34047
34052
34055
34060
34063
34068
34071
34076
34079
34084
34087
34092
34096
34101
34104
34109
34112
34117
34120
34125
34128
34133
34136
34141
34144
34150
34153
34158
34161
34166
34169
34174
34177
34183
34188
34194
34199
34205
34210
34216
34221
34228
34232
34239
34243
34250
34254
34261
34266
34272
34277
34283
34288
34294
34299
34306
34310
34317
34321
34328
34332
34339
34344
34350
34355
34361
34366
34372
34377
34384
34388
34395
34399
34406
34410
34417
34422
34428
34433
34439
34444
34450
34455
34461
34466
34473
34477
34484
34488
34495
34499
34506
34511
34517
34522
34528
34533
34539
34544
34551
34555
34562
34566
34573
34577
34584
34589
34595
34600
34606
34611
34617
34622
34629
34633
34640
34644
34651
34655
34662
34667
34673
34678
34684
34689
34695
34700
34707
34711
34718
34722
34729
34733
34740
34744
34751
34756
34762
34767
34773
34778
34784
34789
34796
34800
34807
34811
34818
34822
34829
34834
34840
34845
34851
34856
34862
34867
34874
34878
34885
34889
34896
34900
34907
34912
34918
34923
34929
34934
34940
34945
34952
34956
34963
34967
34974
34978
34985
34989
34996
35001
35007
35012
35018
35023
35029
35034
35041
35045
35052
35056
35063
35067
35074
35079
35085
35089
35095
35099
35105
35109
35116
35120
35126
35130
35136
35140
35147
35151
35157
35161
35167
35171
35177
35182
35188
35192
35198
35202
35208
35213
35219
35223
35229
35233
35239
35244
35250
35254
35260
35264
35270
35274
35281
35285
35291
35295
35301
35305
35312
35316
35322
35326
35332
35336
35342
35347
35353
35357
35363
35367
35373
35378
35384
35388
35394
35398
35404
35409
35415
35419
35425
35429
35435
35439
35446
35450
35456
35460
35466
35470
35477
35481
35487
35491
35497
35501
35508
35512
35518
35522
35528
35532
35538
35543
35549
35553
35559
35563
35569
35574
35580
35584
35590
35594
35600
35604
35611
35615
35621
35625
35631
35635
35642
35646
35652
35656
35662
35666
35673
35677
35683
35687
35693
35697
35703
35708
35714
35718
35724
35728
35734
35739
35745
35749
35755
35759
35765
35770
35776
35780
35786
35790
35796
35800
35807
35811
35817
35821
35827
35831
35838
35842
35848
35852
35858
35862
35868
35873
35879
35883
35889
35893
35899
35904
35910
35914
35920
35924
35930
35935
35941
35945
35951
35955
35960
35964
35970
35974
35980
35984
35990
35994
36000
36004
36010
36014
36020
36024
36030
36034
36040
36044
36050
36054
36060
36064
36070
36074
36080
36084
36090
36094
36100
36104
36109
36113
36119
36123
36129
36133
36139
36143
36149
36153
36159
36163
36169
36173
36179
36183
36189
36193
36199
36203
36209
36213
36219
36223
36229
36233
36239
36243
36249
36253
36258
36262
36268
36272
36278
36282
36288
36292
36298
36302
36308
36312
36318
36322
36328
36332
36338
36342
36348
36352
36358
36362
36368
36372
36378
36382
36388
36392
36398
36402
36407
36411
36417
36421
36427
36431
36437
36441
36447
36451
36457
36461
36467
36471
36477
36481
36487
36491
36497
36501
36507
36511
36517
36521
36527
36531
36537
36541
36547
36551
36556
36560
36566
36570
36576
36580
36586
36590
36596
36600
36606
36610
36616
36620
36626
36630
36636
36640
36646
36650
36656
36660
36666
36670
36676
36680
36686
36690
36696
36700
36706
36710
36716
36721
36727
36731
36738
36742
36748
36753
36759
36763
36769
36774
36780
36784
36791
36795
36801
36806
36812
36816
36823
36827
36833
36837
36844
36848
36854
36859
36865
36869
36876
36880
36886
36891
36897
36901
36907
36912
36918
36922
36929
36933
36939
36944
36950
36954
36961
36965
36971
36975
36982
36986
36992
36997
37003
37007
37014
37018
37024
37029
37035
37039
37045
37050
37056
37060
37067
37071
37077
37082
37088
37092
37099
37103
37109
37113
37120
37124
37130
37135
37141
37145
37152
37156
37162
37167
37173
37177
37183
37188
37194
37198
37205
37209
37215
37220
37226
37230
37237
37241
37247
37251
37258
37262
37268
37273
37279
37283
37290
37294
37300
37305
37311
37315
37321
37326
37332
37336
37343
37347
37353
37358
37364
37368
37375
37379
37385
37389
37396
37400
37406
37411
37417
37421
37428
37432
37438
37443
37449
37453
37459
37464
37470
37474
37481
37485
37491
37496
37502
37506
37513
37517
37523
37527
37534
37538
37544
37549
37555
37559
37566
37570
37575
37578
37583
37587
37592
37595
37601
37604
37609
37613
37618
37621
37626
37630
37635
37638
37644
37647
37652
37656
37661
37664
37669
37673
37678
37681
37687
37690
37695
37699
37704
37707
37712
37716
37721
37724
37730
37733
37738
37742
37747
37750
37756
37759
37764
37767
37773
37776
37781
37785
37790
37793
37799
37802
37807
37810
37816
37819
37824
37828
37833
37836
37842
37845
37850
37853
37859
37862
37867
37871
37876
37879
37885
37888
37893
37896
37902
37905
37910
37914
37919
37922
37928
37931
37936
37940
37945
37948
37953
37957
37962
37965
37971
37974
37979
37983
37988
37991
37996
38000
38005
38008
38014
38017
38022
38026
38031
38034
38039
38043
38048
38051
38057
38060
38065
38069
38074
38077
38083
38086
38091
38094
38100
38103
38108
38112
38117
38120
38126
38129
38134
38137
38143
38146
38151
38155
38160
38163
38169
38172
38177
38180
38186
38189
38194
38198
38203
38206
38212
38215
38220
38223
38229
38232
38237
38241
38246
38249
38255
38258
38263
38267
38272
38275
38280
38284
38289
38292
38298
38301
38306
38310
38315
38318
38323
38327
38332
38335
38341
38344
38349
38353
38358
38361
38366
38370
38375
38378
38384
38387
38392
38396
38401
38404
38410
38413
38418
38422
38428
38432
38438
38442
38447
38451
38457
38461
38467
38471
38477
38480
38486
38490
38496
38500
38506
38510
38515
38519
38525
38529
38535
38539
38545
38548
38554
38558
38564
38568
38574
38577
38583
38587
38593
38597
38603
38607
38612
38616
38622
38626
38632
38636
38642
38645
38651
38655
38661
38665
38671
38675
38680
38684
38690
38694
38700
38704
38709
38713
38719
38723
38729
38733
38739
38742
38748
38752
38758
38762
38768
38772
38777
38781
38787
38791
38797
38801
38807
38810
38816
38820
38826
38830
38836
38840
38845
38849
38855
38859
38865
38869
38874
38878
38884
38888
38894
38898
38904
38907
38913
38917
38923
38927
38933
38937
38942
38946
38952
38956
38962
38966
38972
38975
38981
38985
38991
38995
39001
39004
39010
39014
39020
39024
39030
39034
39039
39043
39049
39053
39059
39063
39069
39072
39078
39082
39088
39092
39098
39102
39107
39111
39117
39121
39127
39131
39137
39140
39146
39150
39156
39160
39166
39169
39175
39179
39185
39189
39195
39201
39205
39212
39216
39223
39227
39234
39238
39245
39249
39255
39260
39266
39271
39277
39282
39288
39293
39299
39303
39310
39314
39321
39325
39332
39336
39343
39347
39353
39358
39364
39369
39375
39380
39386
39391
39397
39401
39408
39412
39419
39423
39430
39434
39441
39445
39452
39456
39462
39467
39473
39478
39484
39489
39495
39500
39506
39510
39517
39521
39528
39532
39539
39543
39550
39554
39560
39565
39571
39576
39582
39587
39593
39598
39604
39608
39615
39619
39626
39630
39637
39641
39648
39652
39659
39663
39669
39674
39680
39685
39691
39696
39702
39707
39713
39717
39724
39728
39735
39739
39746
39750
39757
39761
39767
39772
39778
39783
39789
39794
39800
39805
39811
39815
39822
39826
39833
39837
39844
39848
39855
39859
39865
39870
39876
39881
39887
39892
39898
39903
39909
39914
39920
39924
39931
39935
39942
39946
39953
39957
39964
39968
39974
39979
39985
39990
39996
40001
40007
40012
40017
40021
40027
40031
40037
40041
40047
40051
40057
40061
40067
40071
40077
40081
40087
40091
40097
40101
40107
40111
40117
40121
40127
40131
40137
40141
40147
40151
40157
40161
40167
40171
40177
40181
40187
40191
40197
40201
40207
40211
40217
40221
40227
40231
40237
40241
40247
40251
40257
40261
40267
40271
40277
40281
40287
40291
40297
40301
40307
40311
40317
40321
40327
40331
40337
40341
40347
40351
40357
40361
40367
40371
40377
40381
40387
40391
40397
40401
40407
40411
40416
40420
40426
40430
40436
40440
40446
40450
40456
40460
40466
40470
40476
40480
40486
40490
40496
40500
40506
40510
40516
40520
40526
40530
40536
40540
40546
40550
40556
40560
40566
40570
40576
40580
40586
40590
40596
40600
40606
40610
40616
40620
40626
40630
40636
40640
40646
40650
40656
40660
40666
40670
40676
40680
40686
40690
40696
40700
40706
40710
40716
40720
40726
40730
40736
40740
40746
40750
40755
40758
40763
40766
40771
40775
40780
40783
40788
40791
40797
40800
40805
40808
40813
40817
40822
40825
40830
40833
40839
40842
40847
40850
40855
40859
40864
40867
40872
40875
40881
40884
40889
40892
40897
40901
40906
40909
40914
40917
40923
40926
40931
40934
40939
40943
40948
40951
40956
40959
40965
40968
40973
40976
40981
40985
40990
40993
40998
41001
41007
41010
41015
41018
41023
41027
41032
41035
41040
41043
41049
41052
41057
41060
41065
41069
41074
41077
41082
41085
41091
41094
41099
41102
41107
41111
41116
41119
41124
41127
41133
41136
41141
41144
41149
41153
41158
41161
41166
41169
41175
41178
41183
41186
41191
41195
41200
41203
41208
41211
41217
41220
41225
41228
41233
41237
41242
41245
41250
41253
41259
41262
41267
41270
41275
41279
41284
41287
41292
41295
41301
41304
41309
41312
41317
41321
41326
41329
41334
41337
41343
41346
41351
41354
41359
41363
41368
41371
41376
41379
41385
41388
41393
41396
41401
41405
41410
41413
41418
41421
41426
41430
41435
41438
41443
41446
41452
41455
41460
41463
41468
41472
41477
41480
41485
41488
41494
41497
41502
41505
41510
41514
41519
41522
41527
41530
41536
41539
41544
41547
41552
41556
41561
41564
41569
41572
41578
41581
41586
41589
41594
41598
41603
41606
41611
41614
41620
41623
41628
41631
41636
41642
41646
41652
41656
41662
41666
41672
41676
41682
41686
41692
41696
41702
41707
41713
41717
41723
41727
41733
41737
41743
41747
41753
41757
41763
41767
41773
41778
41784
41788
41794
41798
41804
41808
41814
41818
41824
41828
41834
41838
41845
41849
41855
41859
41865
41869
41875
41879
41885
41889
41895
41899
41905
41909
41916
41920
41926
41930
41936
41940
41946
41950
41956
41960
41966
41970
41976
41981
41987
41991
41997
42001
42007
42011
42017
42021
42027
42031
42037
42041
42047
42052
42058
42062
42068
42072
42078
42082
42088
42092
42098
42102
42108
42112
42119
42123
42129
42133
42139
42143
42149
42153
42159
42163
42169
42173
42179
42183
42190
42194
42200
42204
42210
42214
42220
42224
42230
42234
42240
42244
42250
42255
42261
42265
42271
42275
42281
42285
42291
42295
42301
42305
42311
42315
42321
42326
42332
42336
42342
42346
42352
42356
42362
42366
42372
42376
42382
42386
42393
42397
42403
42407
42413
42417
42423
42427
42433
42437
42443
42447
42453
42457
42464
42468
42474
42478
42484
42488
42494
42498
42504
42508
42513
42517
42523
42527
42533
42537
42543
42547
42553
42556
42562
42566
42572
42576
42582
42586
42592
42596
42602
42605
42611
42615
42621
42625
42631
42635
42641
42645
42650
42654
42660
42664
42670
42674
42680
42684
42690
42694
42699
42703
42709
42713
42719
42723
42729
42733
42739
42743
42748
42752
42758
42762
42768
42772
42778
42782
42788
42791
42797
42801
42807
42811
42817
42821
42827
42831
42837
42840
42846
42850
42856
42860
42866
42870
42876
42880
42885
42889
42895
42899
42905
42909
42915
42919
42925
42929
42934
42938
42944
42948
42954
42958
42964
42968
42974
42978
42983
42987
42993
42997
43003
43007
43013
43017
43023
43026
43032
43036
43042
43046
43052
43056
43062
43066
43072
43075
43081
43085
43091
43095
43101
43105
43111
43115
43120
43124
43130
43134
43140
43144
43150
43154
43160
43164
43169
43173
43179
43183
43189
43193
43199
43203
43209
43213
43218
43222
43228
43232
43238
43242
43248
43252
43258
43261
43267
43271
43277
43281
43287
43291
43297
43301
43307
43310
43316
43320
43326
43330
43336
43340
43346
43350
43356
43359
43365
43369
43375
43379
43385
43389
43395
43399
43404
43408
43414
43419
43422
43427
43430
43435
43438
43443
43446
43451
43454
43459
43462
43468
43471
43476
43479
43484
43487
43492
43495
43500
43503
43508
43511
43516
43520
43525
43528
43533
43536
43541
43544
43549
43552
43557
43560
43565
43568
43574
43577
43582
43585
43590
43593
43598
43601
43606
43609
43614
43617
43622
43626
43631
43634
43639
43642
43647
43650
43655
43658
43663
43666
43671
43674
43680
43683
43688
43691
43696
43699
43704
43707
43712
43715
43720
43723
43728
43732
43737
43740
43745
43748
43753
43756
43761
43764
43769
43772
43777
43780
43786
43789
43794
43797
43802
43805
43810
43813
43818
43821
43826
43829
43834
43838
43843
43846
43851
43854
43859
43862
43867
43870
43875
43878
43883
43886
43892
43895
43900
43903
43908
43911
43916
43919
43924
43927
43932
43935
43940
43944
43949
43952
43957
43960
43965
43968
43973
43976
43981
43984
43989
43993
43998
44001
44006
44009
44014
44017
44022
44025
44030
44033
44038
44041
44047
44050
44055
44058
44063
44066
44071
44074
44079
44082
44087
44090
44095
44099
44104
44107
44112
44115
44120
44123
44128
44131
44136
44139
44144
44147
44153
44156
44161
44164
44169
44172
44177
44180
44186
44191
44197
44202
44208
44213
44219
44224
44231
44235
44242
44246
44253
44257
44264
44269
44275
44280
44286
44291
44297
44302
44309
44313
44320
44324
44331
44335
44342
44347
44353
44358
44364
44369
44375
44380
44387
44391
44398
44402
44409
44413
44420
44425
44431
44436
44442
44447
44453
44458
44464
44469
44476
44480
44487
44491
44498
44502
44509
44514
44520
44525
44531
44536
44542
44547
44554
44558
44565
44569
44576
44580
44587
44592
44598
44603
44609
44614
44620
44625
44632
44636
44643
44647
44654
44658
44665
44670
44676
44681
44687
44692
44698
44703
44710
44714
44721
44725
44732
44736
44743
44747
44754
44759
44765
44770
44776
44781
44787
44792
44799
44803
44810
44814
44821
44825
44832
44837
44843
44848
44854
44859
44865
44870
44877
44881
44888
44892
44899
44903
44910
44915
44921
44926
44932
44937
44943
44948
44955
44959
44966
44970
44977
44981
44988
44992
44999
45004
45010
45015
45021
45026
45032
45037
45044
45048
45055
45059
45066
45070
45077
45082
45088
45092
45098
45102
45108
45112
45119
45123
45129
45133
45139
45143
45150
45154
45160
45164
45170
45174
45180
45185
45191
45195
45201
45205
45211
45216
45222
45226
45232
45236
45242
45247
45253
45257
45263
45267
45273
45277
45284
45288
45294
45298
45304
45308
45315
45319
45325
45329
45335
45339
45345
45350
45356
45360
45366
45370
45376
45381
45387
45391
45397
45401
45407
45412
45418
45422
45428
45432
45438
45442
45449
45453
45459
45463
45469
45473
45480
45484
45490
45494
45500
45504
45511
45515
45521
45525
45531
45535
45541
45546
45552
45556
45562
45566
45572
45577
45583
45587
45593
45597
45603
45607
45614
45618
45624
45628
45634
45638
45645
45649
45655
45659
45665
45669
45676
45680
45686
45690
45696
45700
45706
45711
45717
45721
45727
45731
45737
45742
45748
45752
45758
45762
45768
45773
45779
45783
45789
45793
45799
45803
45810
45814
45820
45824
45830
45834
45841
45845
45851
45855
45861
45865
45871
45876
45882
45886
45892
45896
45902
45907
45913
45917
45923
45927
45933
45938
45944
45948
45954
45958
45963
45967
45973
45977
45983
45987
45993
45997
46003
46007
46013
46017
46023
46027
46033
46037
46043
46047
46053
46057
46063
46067
46073
46077
46083
46087
46093
46097
46103
46107
46112
46116
46122
46126
46132
46136
46142
46146
46152
46156
46162
46166
46172
46176
46182
46186
46192
46196
46202
46206
46212
46216
46222
46226
46232
46236
46242
46246
46252
46256
46261
46265
46271
46275
46281
46285
46291
46295
46301
46305
46311
46315
46321
46325
46331
46335
46341
46345
46351
46355
46361
46365
46371
46375
46381
46385
46391
46395
46401
46405
46410
46414
46420
46424
46430
46434
46440
46444
46450
46454
46460
46464
46470
46474
46480
46484
46490
46494
46500
46504
46510
46514
46520
46524
46530
46534
46540
46544
46550
46554
46559
46563
46569
46573
46579
46583
46589
46593
46599
46603
46609
46613
46619
46623
46629
46633
46639
46643
46649
46653
46659
46663
46669
46673
46679
46683
46689
46693
46699
46703
46709
46713
46719
46724
46730
46734
46741
46745
46751
46756
46762
46766
46772
46777
46783
46787
46794
46798
46804
46809
46815
46819
46826
46830
46836
46840
46847
46851
46857
46862
46868
46872
46879
46883
46889
46894
46900
46904
46910
46915
46921
46925
46932
46936
46942
46947
46953
46957
46964
46968
46974
46978
46985
46989
46995
47000
47006
47010
47017
47021
47027
47032
47038
47042
47048
47053
47059
47063
47070
47074
47080
47085
47091
47095
47102
47106
47112
47116
47123
47127
47133
47138
47144
47148
47155
47159
47165
47170
47176
47180
47186
47191
47197
47201
47208
47212
47218
47223
47229
47233
47240
47244
47250
47254
47261
47265
47271
47276
47282
47286
47293
47297
47303
47308
47314
47318
47324
47329
47335
47339
47346
47350
47356
47361
47367
47371
47378
47382
47388
47392
47399
47403
47409
47414
47420
47424
47431
47435
47441
47446
47452
47456
47462
47467
47473
47477
47484
47488
47494
47499
47505
47509
47516
47520
47526
47530
47537
47541
47547
47552
47558
47562
47569
47573
47578
47581
47586
47590
47595
47598
47604
47607
47612
47616
47621
47624
47629
47633
47638
47641
47647
47650
47655
47659
47664
47667
47672
47676
47681
47684
47690
47693
47698
47702
47707
47710
47715
47719
47724
47727
47733
47736
47741
47745
47750
47753
47759
47762
47767
47770
47776
47779
47784
47788
47793
47796
47802
47805
47810
47813
47819
47822
47827
47831
47836
47839
47845
47848
47853
47856
47862
47865
47870
47874
47879
47882
47888
47891
47896
47899
47905
47908
47913
47917
47922
47925
47931
47934
47939
47943
47948
47951
47956
47960
47965
47968
47974
47977
47982
47986
47991
47994
47999
48003
48008
48011
48017
48020
48025
48029
48034
48037
48042
48046
48051
48054
48060
48063
48068
48072
48077
48080
48086
48089
48094
48097
48103
48106
48111
48115
48120
48123
48129
48132
48137
48140
48146
48149
48154
48158
48163
48166
48172
48175
48180
48183
48189
48192
48197
48201
48206
48209
48215
48218
48223
48226
48232
48235
48240
48244
48249
48252
48258
48261
48266
48270
48275
48278
48283
48287
48292
48295
48301
48304
48309
48313
48318
48321
48326
48330
48335
48338
48344
48347
48352
48356
48361
48364
48369
48373
48378
48381
48387
48390
48395
48399
48404
48407
48413
48416
48421
48425
48431
48435
48441
48445
48450
48454
48460
48464
48470
48474
48480
48483
48489
48493
48499
48503
48509
48513
48518
48522
48528
48532
48538
48542
48548
48551
48557
48561
48567
48571
48577
48580
48586
48590
48596
48600
48606
48610
48615
48619
48625
48629
48635
48639
48645
48648
48654
48658
48664
48668
48674
48678
48683
48687
48693
48697
48703
48707
48712
48716
48722
48726
48732
48736
48742
48745
48751
48755
48761
48765
48771
48775
48780
48784
48790
48794
48800
48804
48810
48813
48819
48823
48829
48833
48839
48843
48848
48852
48858
48862
48868
48872
48877
48881
48887
48891
48897
48901
48907
48910
48916
48920
48926
48930
48936
48940
48945
48949
48955
48959
48965
48969
48975
48978
48984
48988
48994
48998
49004
49007
49013
49017
49023
49027
49033
49037
49042
49046
49052
49056
49062
49066
49072
49075
49081
49085
49091
49095
49101
49105
49110
49114
49120
49124
49130
49134
49140
49143
49149
49153
49159
49163
49169
49172
49178
49182
49188
49192
49198
49204
49208
49215
49219
49226
49230
49237
49241
49248
49252
49258
49263
49269
49274
49280
49285
49291
49296
49302
49306
49313
49317
49324
49328
49335
49339
49346
49350
49356
49361
49367
49372
49378
49383
49389
49394
49400
49404
49411
49415
49422
49426
49433
49437
49444
49448
49455
49459
49465
49470
49476
49481
49487
49492
49498
49503
49509
49513
49520
49524
49531
49535
49542
49546
49553
49557
49563
49568
49574
49579
49585
49590
49596
49601
49607
49611
49618
49622
49629
49633
49640
49644
49651
49655
49662
49666
49672
49677
49683
49688
49694
49699
49705
49710
49716
49720
49727
49731
49738
49742
49749
49753
49760
49764
49770
49775
49781
49786
49792
49797
49803
49808
49814
49818
49825
49829
49836
49840
49847
49851
49858
49862
49868
49873
49879
49884
49890
49895
49901
49906
49912
49917
49923
49927
49934
49938
49945
49949
49956
49960
49967
49971
49977
49982
49988
49993
49999
50004
50010
50015
