5
8
13
16
21
24
29
32
37
40
45
48
53
56
62
65
70
73
78
81
86
89
94
97
102
105
110
113
118
122
127
130
135
138
143
146
151
154
159
162
167
170
175
178
184
187
192
195
200
203
208
211
216
219
224
227
232
235
240
244
249
252
257
260
265
268
273
276
281
284
289
292
297
301
306
309
314
317
322
325
330
333
338
341
346
349
354
357
363
366
371
374
379
382
387
390
395
398
403
406
411
414
419
423
428
431
436
439
444
447
452
455
460
463
468
471
476
480
484
489
492
497
500
505
508
513
516
521
524
529
532
537
541
546
549
554
557
562
565
570
573
578
581
586
589
594
597
603
606
611
614
619
622
627
630
635
638
643
646
651
654
659
663
668
671
676
679
684
687
692
695
700
703
708
711
716
720
724
729
732
737
740
745
748
753
756
761
764
769
772
777
781
786
789
794
797
802
805
810
814
819
823
828
832
837
841
846
850
856
859
865
868
874
877
883
886
892
895
901
905
910
914
919
923
928
932
937
941
947
950
956
959
965
968
974
977
983
986
992
996
1001
1005
1010
1014
1019
1023
1028
1032
1037
1041
1047
1050
1056
1059
1065
1068
1074
1077
1083
1087
1092
1096
1101
1105
1110
1114
1119
1123
1128
1132
1138
1141
1147
1150
1156
1159
1165
1168
1174
1178
1183
1187
1192
1196
1201
1205
1210
1214
1219
1223
1229
1232
1238
1241
1247
1250
1256
1259
1265
1268
1274
1278
1283
1287
1292
1296
1301
1305
1310
1314
1320
1323
1329
1332
1338
1341
1347
1350
1356
1359
1365
1369
1374
1378
1383
1387
1392
1396
1401
1405
1411
1414
1420
1423
1429
1432
1438
1441
1447
1450
1456
1460
1465
1469
1474
1478
1483
1487
1492
1496
1501
1505
1511
1514
1520
1523
1529
1532
1538
1541
1547
1551
1556
1560
1565
1569
1574
1578
1583
1587
1592
1596
1602
1608
1613
1619
1624
1630
1635
1641
1646
1652
1657
1663
1668
1675
1679
1686
1690
1697
1701
1708
1712
1719
1723
1730
1735
1741
1746
1752
1757
1763
1768
1774
1779
1785
1790
1796
1801
1808
1812
1819
1823
1830
1834
1841
1845
1852
1856
1863
1868
1874
1879
1885
1890
1896
1901
1907
1912
1918
1923
1930
1934
1941
1945
1952
1956
1963
1967
1974
1978
1985
1989
1996
2001
2007
2012
2018
2023
2029
2034
2040
2045
2051
2056
2063
2067
2074
2078
2085
2089
2096
2100
2107
2111
2118
2123
2129
2134
2140
2145
2151
2156
2162
2167
2173
2178
2184
2189
2196
2200
2207
2211
2218
2222
2229
2233
2240
2244
2251
2256
2262
2267
2273
2278
2284
2289
2295
2300
2306
2311
2318
2322
2329
2333
2340
2344
2351
2355
2362
2366
2373
2377
2384
2389
2395
2400
2406
2410
2412
2416
2418
2423
2425
2429
2431
2435
2438
2442
2444
2448
2450
2455
2457
2461
2463
2467
2470
2474
2476
2480
2483
2487
2489
2493
2495
2500
2502
2506
2508
2512
2515
2519
2521
2525
2527
2532
2534
2538
2540
2545
2547
2551
2553
2557
2560
2564
2566
2570
2572
2577
2579
2583
2585
2589
2592
2596
2598
2602
2604
2609
2611
2615
2617
2622
2624
2628
2630
2634
2637
2641
2643
2647
2649
2654
2656
2660
2662
2666
2669
2673
2675
2679
2682
2686
2688
2692
2694
2699
2701
2705
2707
2711
2714
2718
2720
2724
2726
2731
2733
2737
2739
2743
2746
2750
2752
2756
2759
2763
2765
2769
2771
2776
2778
2782
2784
2788
2791
2795
2797
2801
2803
2808
2810
2814
2816
2821
2823
2827
2829
2833
2836
2840
2842
2846
2848
2853
2855
2859
2861
2865
2868
2872
2874
2878
2880
2885
2887
2891
2893
2898
2900
2904
2906
2910
2913
2917
2919
2923
2925
2930
2932
2936
2938
2942
2945
2949
2951
2955
2958
2962
2964
2968
2970
2975
2977
2981
2983
2987
2990
2994
2996
3000
3002
3007
3009
3013
3015
3019
3022
3026
3028
3032
3035
3039
3041
3045
3047
3052
3054
3058
3060
3064
3067
3071
3073
3077
3079
3084
3086
3090
3092
3097
3099
3103
3105
3109
3112
3116
3118
3122
3124
3129
3131
3135
3137
3141
3144
3148
3150
3154
3157
3161
3163
3167
3169
3174
3176
3180
3182
3186
3188
3192
3194
3198
3200
3204
3207
3211
3213
3217
3219
3223
3225
3230
3232
3236
3238
3242
3244
3248
3251
3255
3257
3261
3263
3267
3269
3274
3276
3280
3282
3286
3288
3292
3295
3299
3301
3305
3307
3311
3313
3318
3320
3324
3326
3330
3332
3336
3338
3343
3345
3349
3351
3355
3357
3361
3364
3368
3370
3374
3376
3380
3382
3387
3389
3393
3395
3399
3401
3405
3408
3412
3414
3418
3420
3424
3426
3431
3433
3437
3439
3443
3445
3449
3452
3456
3458
3462
3464
3468
3470
3474
3477
3481
3483
3487
3489
3493
3495
3500
3502
3506
3508
3512
3514
3518
3521
3525
3527
3531
3533
3537
3539
3544
3546
3550
3552
3556
3558
3562
3565
3569
3571
3575
3577
3581
3583
3588
3590
3594
3596
3600
3602
3606
3609
3613
3615
3619
3621
3625
3627
3631
3634
3638
3640
3644
3646
3650
3652
3657
3659
3663
3665
3669
3671
3675
3678
3682
3684
3688
3690
3694
3696
3701
3703
3707
3709
3713
3715
3719
3722
3726
3728
3732
3734
3738
3740
3745
3747
3751
3753
3757
3759
3763
3765
3770
3772
3776
3778
3782
3784
3788
3791
3795
3797
3801
3803
3807
3809
3814
3816
3820
3822
3826
3828
3832
3835
3839
3841
3845
3847
3851
3853
3858
3860
3864
3866
3870
3872
3876
3879
3883
3885
3889
3891
3895
3897
3901
3904
3908
3910
3914
3916
3920
3922
3927
3929
3933
3935
3939
3941
3945
3948
3952
3954
3958
3960
3964
3966
3971
3975
3977
3981
3984
3988
3990
3995
3997
4001
4003
4008
4010
4014
4017
4021
4023
4028
4030
4034
4036
4041
4043
4047
4050
4054
4056
4061
4063
4067
4069
4074
4076
4080
4083
4087
4089
4094
4096
4100
4102
4107
4109
4113
4116
4120
4122
4127
4129
4133
4135
4140
4142
4146
4149
4153
4155
4160
4162
4166
4168
4173
4175
4179
4182
4186
4188
4193
4195
4199
4201
4206
4208
4212
4215
4219
4221
4226
4228
4232
4234
4239
4241
4245
4248
4252
4254
4259
4261
4265
4267
4272
4274
4278
4281
4285
4287
4292
4294
4298
4300
4305
4307
4311
4314
4318
4320
4325
4327
4331
4333
4338
4340
4344
4347
4351
4353
4358
4360
4364
4366
4371
4373
4377
4380
4384
4386
4391
4393
4397
4399
4404
4406
4410
4413
4417
4419
4424
4426
4430
4432
4437
4439
4443
4446
4450
4452
4457
4459
4463
4465
4470
4472
4476
4479
4483
4485
4490
4492
4496
4498
4503
4505
4509
4512
4516
4518
4523
4525
4529
4531
4536
4538
4542
4545
4549
4551
4555
4558
4562
4564
4569
4571
4575
4578
4582
4584
4588
4591
4595
4597
4602
4604
4608
4611
4615
4617
4621
4624
4628
4630
4635
4637
4641
4644
4648
4650
4654
4657
4661
4663
4668
4670
4674
4677
4681
4683
4687
4690
4694
4696
4701
4703
4707
4710
4714
4716
4720
4723
4727
4729
4734
4736
4740
4745
4749
4755
4759
4765
4769
4775
4778
4784
4788
4794
4798
4804
4808
4814
4817
4823
4827
4833
4837
4843
4847
4853
4856
4862
4866
4872
4876
4882
4886
4892
4895
4901
4905
4911
4915
4921
4925
4931
4934
4940
4944
4950
4954
4960
4964
4969
4973
4979
4983
4989
4993
4999
5003
5008
5012
5018
5022
5028
5032
5038
5042
5047
5051
5057
5061
5067
5071
5077
5081
5086
5090
5096
5100
5106
5110
5116
5120
5125
5129
5135
5139
5145
5149
5155
5159
5164
5168
5174
5178
5184
5188
5194
5197
5203
5207
5213
5217
5223
5227
5233
5236
5242
5246
5252
5256
5262
5266
5272
5275
5281
5285
5291
5295
5301
5305
5311
5314
5320
5324
5330
5334
5340
5344
5350
5353
5359
5363
5369
5373
5379
5383
5388
5392
5398
5402
5408
5412
5418
5422
5427
5431
5437
5441
5447
5451
5457
5461
5466
5470
5476
5480
5486
5490
5496
5500
5505
5509
5515
5519
5525
5529
5531
5536
5538
5542
5545
5549
5552
5556
5558
5563
5565
5570
5572
5576
5579
5583
5586
5590
5592
5597
5599
5604
5606
5610
5613
5617
5620
5624
5626
5631
5633
5637
5640
5644
5647
5651
5653
5658
5660
5665
5667
5671
5674
5678
5681
5685
5687
5692
5694
5699
5701
5705
5708
5712
5715
5719
5721
5726
5728
5733
5735
5739
5742
5746
5748
5753
5755
5760
5762
5766
5769
5773
5776
5780
5782
5787
5789
5794
5796
5800
5803
5807
5810
5814
5816
5821
5823
5828
5830
5834
5837
5841
5844
5848
5850
5855
5857
5861
5864
5868
5871
5875
5877
5882
5884
5889
5891
5895
5898
5902
5905
5909
5911
5916
5918
5923
5925
5929
5932
5936
5939
5943
5945
5950
5952
5956
5959
5963
5966
5970
5972
5977
5979
5984
5986
5990
5993
5997
6000
6004
6006
6011
6013
6018
6020
6024
6027
6031
6034
6038
6040
6045
6047
6052
6054
6058
6061
6065
6067
6072
6074
6079
6081
6085
6088
6092
6095
6099
6101
6106
6108
6113
6115
6119
6122
6126
6129
6133
6135
6140
6142
6147
6149
6153
6156
6160
6163
6167
6169
6174
6176
6180
6183
6187
6190
6194
6196
6201
6203
6208
6210
6214
6217
6221
6224
6228
6230
6235
6237
6242
6244
6248
6251
6255
6258
6262
6264
6269
6271
6275
6278
6282
6285
6289
6291
6296
6298
6303
6305
6309
6312
6317
6320
6324
6327
6332
6335
6340
6342
6347
6350
6355
6358
6362
6365
6370
6373
6378
6380
6385
6388
6393
6396
6400
6403
6408
6411
6416
6418
6423
6426
6431
6434
6438
6441
6446
6449
6454
6456
6461
6464
6469
6472
6476
6479
6484
6487
6492
6494
6499
6502
6507
6510
6514
6517
6522
6525
6530
6532
6537
6540
6545
6548
6552
6555
6560
6563
6568
6570
6575
6578
6583
6586
6590
6593
6598
6601
6606
6608
6613
6616
6621
6624
6628
6631
6636
6639
6644
6646
6651
6654
6659
6662
6666
6669
6674
6677
6682
6684
6689
6692
6697
6700
6704
6707
6712
6715
6720
6722
6727
6730
6735
6738
6742
6745
6750
6753
6758
6760
6765
6768
6773
6776
6780
6783
6788
6791
6796
6798
6803
6806
6811
6814
6818
6821
6826
6829
6834
6836
6841
6844
6849
6852
6856
6859
6864
6867
6872
6874
6879
6882
6887
6890
6894
6897
6902
6905
6910
6912
6917
6920
6925
6928
6932
6935
6940
6943
6948
6950
6955
6958
6963
6966
6970
6973
6978
6981
6986
6988
6993
6996
7001
7004
7008
7011
7016
7019
7024
7026
7031
7034
7039
7042
7046
7049
7054
7057
7062
7064
7069
7072
7077
7080
7084
7087
7092
7095
7100
7104
7106
7111
7113
7118
7120
7125
7127
7132
7134
7139
7141
7146
7148
7152
7155
7159
7162
7166
7169
7173
7176
7180
7183
7187
7190
7194
7197
7201
7203
7208
7210
7215
7217
7222
7224
7229
7231
7236
7238
7243
7245
7250
7252
7256
7259
7263
7266
7270
7273
7277
7280
7284
7287
7291
7294
7298
7301
7305
7307
7312
7314
7319
7321
7326
7328
7333
7335
7340
7342
7347
7349
7354
7356
7360
7363
7367
7370
7374
7377
7381
7384
7388
7391
7395
7398
7402
7405
7409
7411
7416
7418
7423
7425
7430
7432
7437
7439
7444
7446
7451
7453
7458
7460
7464
7467
7471
7474
7478
7481
7485
7488
7492
7495
7499
7502
7506
7509
7513
7515
7520
7522
7527
7529
7534
7536
7541
7543
7548
7550
7555
7557
7562
7564
7568
7571
7575
7578
7582
7585
7589
7592
7596
7599
7603
7606
7610
7612
7617
7619
7624
7626
7631
7633
7638
7640
7645
7647
7652
7654
7659
7661
7665
7668
7672
7675
7679
7682
7686
7689
7693
7696
7700
7703
7707
7710
7714
7716
7721
7723
7728
7730
7735
7737
7742
7744
7749
7751
7756
7758
7763
7765
7769
7772
7776
7779
7783
7786
7790
7793
7797
7800
7804
7807
7811
7814
7818
7820
7825
7827
7832
7834
7839
7841
7846
7848
7853
7855
7860
7862
7867
7869
7873
7876
7880
7883
7887
7890
7895
7897
7902
7905
7910
7912
7917
7920
7925
7927
7932
7935
7939
7942
7947
7950
7954
7957
7962
7965
7969
7972
7977
7979
7984
7987
7992
7994
7999
8002
8007
8009
8014
8017
8021
8024
8029
8032
8036
8039
8044
8047
8051
8054
8059
8061
8066
8069
8074
8076
8081
8084
8089
8091
8096
8099
8103
8106
8111
8114
8118
8121
8126
8129
8133
8136
8141
8143
8148
8151
8156
8158
8163
8166
8171
8173
8178
8181
8185
8188
8193
8196
8200
8203
8208
8211
8215
8218
8223
8225
8230
8233
8238
8240
8245
8248
8253
8255
8260
8263
8267
8270
8275
8278
8282
8285
8290
8293
8297
8300
8305
8307
8312
8315
8320
8322
8327
8330
8335
8337
8342
8345
8349
8352
8357
8360
8364
8367
8372
8375
8379
8382
8387
8389
8394
8397
8402
8404
8409
8412
8417
8419
8424
8427
8431
8434
8439
8442
8446
8449
8454
8457
8461
8464
8469
8472
8476
8479
8484
8486
8491
8494
8499
8501
8506
8509
8514
8516
8521
8524
8528
8531
8536
8539
8543
8546
8551
8554
8558
8561
8566
8568
8573
8576
8581
8583
8588
8591
8596
8598
8603
8606
8610
8613
8618
8621
8625
8628
8633
8636
8640
8643
8648
8650
8655
8658
8663
8667
8670
8675
8677
8682
8685
8689
8692
8697
8700
8704
8707
8712
8714
8719
8722
8727
8729
8734
8737
8741
8744
8749
8752
8756
8759
8764
8766
8771
8774
8778
8781
8786
8789
8793
8796
8801
8803
8808
8811
8816
8818
8823
8826
8830
8833
8838
8841
8845
8848
8853
8855
8860
8863
8868
8870
8875
8878
8882
8885
8890
8892
8897
8900
8905
8907
8912
8915
8919
8922
8927
8930
8934
8937
8942
8944
8949
8952
8957
8959
8964
8967
8971
8974
8979
8982
8986
8989
8994
8996
9001
9004
9008
9011
9016
9019
9023
9026
9031
9033
9038
9041
9046
9048
9053
9056
9060
9063
9068
9071
9075
9078
9083
9085
9090
9093
9098
9100
9105
9108
9112
9115
9120
9122
9127
9130
9135
9137
9142
9145
9149
9152
9157
9160
9164
9167
9172
9174
9179
9182
9187
9189
9194
9197
9201
9204
9209
9211
9216
9219
9224
9226
9231
9234
9238
9241
9246
9249
9253
9256
9261
9263
9268
9271
9276
9278
9283
9286
9290
9293
9298
9301
9305
9308
9313
9315
9320
9323
9327
9330
9335
9338
9342
9345
9350
9352
9357
9360
9365
9367
9372
9375
9379
9382
9387
9390
9394
9397
9402
9404
9409
9412
9417
9419
9424
9427
9431
9434
9439
9445
9450
9457
9462
9468
9473
9480
9485
9492
9496
9503
9508
9515
9520
9526
9531
9538
9543
9550
9554
9561
9566
9573
9577
9584
9589
9596
9601
9607
9612
9619
9624
9631
9635
9642
9647
9654
9659
9665
9670
9677
9682
9689
9693
9700
9705
9712
9716
9723
9728
9735
9740
9746
9751
9758
9763
9770
9774
9781
9786
9793
9798
9804
9809
9816
9821
9828
9832
9839
9844
9851
9855
9862
9867
9874
9879
9885
9890
9897
9902
9909
9913
9920
9925
9932
9937
9943
9948
9955
9960
9967
9971
9978
9983
9990
9994
10001
10006
10013
10018
10024
10029
10036
10041
10048
10052
10059
10064
10071
10076
10082
10087
10094
10099
10106
10110
10117
10122
10129
10133
10140
10145
10152
10157
10163
10168
10175
10180
10187
10191
10198
10203
10210
10215
10221
10226
10233
10238
10241
10246
10249
10254
10257
10262
10265
10270
10273
10278
10281
10286
10289
10295
10298
10303
10306
10311
10314
10319
10322
10327
10330
10335
10338
10343
10346
10351
10355
10360
10363
10368
10371
10376
10379
10384
10387
10392
10395
10400
10403
10408
10411
10417
10420
10425
10428
10433
10436
10441
10444
10449
10452
10457
10460
10465
10468
10473
10477
10482
10485
10490
10493
10498
10501
10506
10509
10514
10517
10522
10525
10530
10534
10539
10542
10547
10550
10555
10558
10563
10566
10571
10574
10579
10582
10587
10590
10596
10599
10604
10607
10612
10615
10620
10623
10628
10631
10636
10639
10644
10647
10652
10656
10661
10664
10669
10672
10677
10680
10685
10688
10693
10696
10701
10704
10709
10713
10717
10722
10725
10730
10733
10738
10741
10746
10749
10754
10757
10762
10765
10770
10774
10779
10782
10787
10790
10795
10798
10803
10806
10811
10814
10819
10822
10827
10830
10836
10839
10844
10847
10852
10855
10860
10863
10868
10871
10876
10879
10884
10887
10892
10896
10901
10904
10909
10912
10917
10920
10925
10928
10933
10936
10941
10944
10949
10953
10957
10962
10965
10970
10973
10978
10981
10986
10989
10994
10997
11002
11005
11010
11014
11019
11022
11027
11030
11035
11038
11043
11047
11052
11056
11061
11065
11070
11074
11079
11083
11089
11092
11098
11101
11107
11110
11116
11119
11125
11128
11134
11138
11143
11147
11152
11156
11161
11165
11170
11174
11180
11183
11189
11192
11198
11201
11207
11210
11216
11219
11225
11229
11234
11238
11243
11247
11252
11256
11261
11265
11270
11274
11280
11283
11289
11292
11298
11301
11307
11310
11316
11320
11325
11329
11334
11338
11343
11347
11352
11356
11361
11365
11371
11374
11380
11383
11389
11392
11398
11401
11407
11411
11416
11420
11425
11429
11434
11438
11443
11447
11452
11456
11462
11465
11471
11474
11480
11483
11489
11492
11498
11501
11507
11511
11516
11520
11525
11529
11534
11538
11543
11547
11553
11556
11562
11565
11571
11574
11580
11583
11589
11592
11598
11602
11607
11611
11616
11620
11625
11629
11634
11638
11644
11647
11653
11656
11662
11665
11671
11674
11680
11683
11689
11693
11698
11702
11707
11711
11716
11720
11725
11729
11734
11738
11744
11747
11753
11756
11762
11765
11771
11774
11780
11784
11789
11793
11798
11802
11807
11811
11816
11820
11825
11829
11835
11841
11846
11852
11857
11863
11868
11874
11879
11885
11890
11896
11901
11908
11912
11919
11923
11930
11934
11941
11945
11952
11956
11963
11968
11974
11979
11985
11990
11996
12001
12007
12012
12018
12023
12029
12034
12041
12045
12052
12056
12063
12067
12074
12078
12085
12089
12096
12101
12107
12112
12118
12123
12129
12134
12140
12145
12151
12156
12163
12167
12174
12178
12185
12189
12196
12200
12207
12211
12218
12222
12229
12234
12240
12245
12251
12256
12262
12267
12273
12278
12284
12289
12296
12300
12307
12311
12318
12322
12329
12333
12340
12344
12351
12356
12362
12367
12373
12378
12384
12389
12395
12400
12406
12411
12417
12422
12429
12433
12440
12444
12451
12455
12462
12466
12473
12477
12484
12489
12495
12500
12506
12511
12517
12522
12528
12533
12539
12544
12551
12555
12562
12566
12573
12577
12584
12588
12595
12599
12606
12610
12617
12622
12628
12633
12639
12643
12645
12649
12651
12656
12658
12662
12664
12668
12671
12675
12677
12681
12683
12688
12690
12694
12696
12700
12703
12707
12709
12713
12716
12720
12722
12726
12728
12733
12735
12739
12741
12745
12748
12752
12754
12758
12760
12765
12767
12771
12773
12778
12780
12784
12786
12790
12793
12797
12799
12803
12805
12810
12812
12816
12818
12822
12825
12829
12831
12835
12837
12842
12844
12848
12850
12855
12857
12861
12863
12867
12870
12874
12876
12880
12882
12887
12889
12893
12895
12899
12902
12906
12908
12912
12915
12919
12921
12925
12927
12932
12934
12938
12940
12944
12947
12951
12953
12957
12959
12964
12966
12970
12972
12976
12979
12983
12985
12989
12992
12996
12998
13002
13004
13009
13011
13015
13017
13021
13024
13028
13030
13034
13036
13041
13043
13047
13049
13054
13056
13060
13062
13066
13069
13073
13075
13079
13081
13086
13088
13092
13094
13098
13101
13105
13107
13111
13113
13118
13120
13124
13126
13131
13133
13137
13139
13143
13146
13150
13152
13156
13158
13163
13165
13169
13171
13175
13178
13182
13184
13188
13191
13195
13197
13201
13203
13208
13210
13214
13216
13220
13223
13227
13229
13233
13235
13240
13242
13246
13248
13252
13255
13259
13261
13265
13268
13272
13274
13278
13280
13285
13287
13291
13293
13297
13300
13304
13306
13310
13312
13317
13319
13323
13325
13330
13332
13336
13338
13342
13345
13349
13351
13355
13357
13362
13364
13368
13370
13374
13377
13381
13383
13387
13390
13394
13396
13400
13402
13407
13409
13413
13415
13419
13421
13425
13427
13431
13433
13437
13440
13444
13446
13450
13452
13456
13458
13463
13465
13469
13471
13475
13477
13481
13484
13488
13490
13494
13496
13500
13502
13507
13509
13513
13515
13519
13521
13525
13528
13532
13534
13538
13540
13544
13546
13551
13553
13557
13559
13563
13565
13569
13571
13576
13578
13582
13584
13588
13590
13594
13597
13601
13603
13607
13609
13613
13615
13620
13622
13626
13628
13632
13634
13638
13641
13645
13647
13651
13653
13657
13659
13664
13666
13670
13672
13676
13678
13682
13685
13689
13691
13695
13697
13701
13703
13707
13710
13714
13716
13720
13722
13726
13728
13733
13735
13739
13741
13745
13747
13751
13754
13758
13760
13764
13766
13770
13772
13777
13779
13783
13785
13789
13791
13795
13798
13802
13804
13808
13810
13814
13816
13821
13823
13827
13829
13833
13835
13839
13842
13846
13848
13852
13854
13858
13860
13864
13867
13871
13873
13877
13879
13883
13885
13890
13892
13896
13898
13902
13904
13908
13911
13915
13917
13921
13923
13927
13929
13934
13936
13940
13942
13946
13948
13952
13955
13959
13961
13965
13967
13971
13973
13978
13980
13984
13986
13990
13992
13996
13998
14003
14005
14009
14011
14015
14017
14021
14024
14028
14030
14034
14036
14040
14042
14047
14049
14053
14055
14059
14061
14065
14068
14072
14074
14078
14080
14084
14086
14091
14093
14097
14099
14103
14105
14109
14112
14116
14118
14122
14124
14128
14130
14134
14137
14141
14143
14147
14149
14153
14155
14160
14162
14166
14168
14172
14174
14178
14181
14185
14187
14191
14193
14197
14199
14204
14208
14210
14214
14217
14221
14223
14228
14230
14234
14236
14241
14243
14247
14250
14254
14256
14261
14263
14267
14269
14274
14276
14280
14283
14287
14289
14294
14296
14300
14302
14307
14309
14313
14316
14320
14322
14327
14329
14333
14335
14340
14342
14346
14349
14353
14355
14360
14362
14366
14368
14373
14375
14379
14382
14386
14388
14393
14395
14399
14401
14406
14408
14412
14415
14419
14421
14426
14428
14432
14434
14439
14441
14445
14448
14452
14454
14459
14461
14465
14467
14472
14474
14478
14481
14485
14487
14492
14494
14498
14500
14505
14507
14511
14514
14518
14520
14525
14527
14531
14533
14538
14540
14544
14547
14551
14553
14558
14560
14564
14566
14571
14573
14577
14580
14584
14586
14591
14593
14597
14599
14604
14606
14610
14613
14617
14619
14624
14626
14630
14632
14637
14639
14643
14646
14650
14652
14657
14659
14663
14665
14670
14672
14676
14679
14683
14685
14690
14692
14696
14698
14703
14705
14709
14712
14716
14718
14723
14725
14729
14731
14736
14738
14742
14745
14749
14751
14756
14758
14762
14764
14769
14771
14775
14778
14782
14784
14788
14791
14795
14797
14802
14804
14808
14811
14815
14817
14821
14824
14828
14830
14835
14837
14841
14844
14848
14850
14854
14857
14861
14863
14868
14870
14874
14877
14881
14883
14887
14890
14894
14896
14901
14903
14907
14910
14914
14916
14920
14923
14927
14929
14934
14936
14940
14943
14947
14949
14953
14956
14960
14962
14967
14969
14973
14978
14982
14988
14992
14998
15002
15008
15011
15017
15021
15027
15031
15037
15041
15047
15050
15056
15060
15066
15070
15076
15080
15086
15089
15095
15099
15105
15109
15115
15119
15125
15128
15134
15138
15144
15148
15154
15158
15164
15167
15173
15177
15183
15187
15193
15197
15202
15206
15212
15216
15222
15226
15232
15236
15241
15245
15251
15255
15261
15265
15271
15275
15280
15284
15290
15294
15300
15304
15310
15314
15319
15323
15329
15333
15339
15343
15349
15353
15358
15362
15368
15372
15378
15382
15388
15392
15397
15401
15407
15411
15417
15421
15427
15430
15436
15440
15446
15450
15456
15460
15466
15469
15475
15479
15485
15489
15495
15499
15505
15508
15514
15518
15524
15528
15534
15538
15544
15547
15553
15557
15563
15567
15573
15577
15583
15586
15592
15596
15602
15606
15612
15616
15621
15625
15631
15635
15641
15645
15651
15655
15660
15664
15670
15674
15680
15684
15690
15694
15699
15703
15709
15713
15719
15723
15729
15733
15738
15742
15748
15752
15758
15762
15764
15769
15771
15775
15778
15782
15785
15789
15791
15796
15798
15803
15805
15809
15812
15816
15819
15823
15825
15830
15832
15837
15839
15843
15846
15850
15853
15857
15859
15864
15866
15870
15873
15877
15880
15884
15886
15891
15893
15898
15900
15904
15907
15911
15914
15918
15920
15925
15927
15932
15934
15938
15941
15945
15948
15952
15954
15959
15961
15966
15968
15972
15975
15979
15981
15986
15988
15993
15995
15999
16002
16006
16009
16013
16015
16020
16022
16027
16029
16033
16036
16040
16043
16047
16049
16054
16056
16061
16063
16067
16070
16074
16077
16081
16083
16088
16090
16094
16097
16101
16104
16108
16110
16115
16117
16122
16124
16128
16131
16135
16138
16142
16144
16149
16151
16156
16158
16162
16165
16169
16172
16176
16178
16183
16185
16189
16192
16196
16199
16203
16205
16210
16212
16217
16219
16223
16226
16230
16233
16237
16239
16244
16246
16251
16253
16257
16260
16264
16267
16271
16273
16278
16280
16285
16287
16291
16294
16298
16300
16305
16307
16312
16314
16318
16321
16325
16328
16332
16334
16339
16341
16346
16348
16352
16355
16359
16362
16366
16368
16373
16375
16380
16382
16386
16389
16393
16396
16400
16402
16407
16409
16413
16416
16420
16423
16427
16429
16434
16436
16441
16443
16447
16450
16454
16457
16461
16463
16468
16470
16475
16477
16481
16484
16488
16491
16495
16497
16502
16504
16508
16511
16515
16518
16522
16524
16529
16531
16536
16538
16542
16545
16550
16553
16557
16560
16565
16568
16573
16575
16580
16583
16588
16591
16595
16598
16603
16606
16611
16613
16618
16621
16626
16629
16633
16636
16641
16644
16649
16651
16656
16659
16664
16667
16671
16674
16679
16682
16687
16689
16694
16697
16702
16705
16709
16712
16717
16720
16725
16727
16732
16735
16740
16743
16747
16750
16755
16758
16763
16765
16770
16773
16778
16781
16785
16788
16793
16796
16801
16803
16808
16811
16816
16819
16823
16826
16831
16834
16839
16841
16846
16849
16854
16857
16861
16864
16869
16872
16877
16879
16884
16887
16892
16895
16899
16902
16907
16910
16915
16917
16922
16925
16930
16933
16937
16940
16945
16948
16953
16955
16960
16963
16968
16971
16975
16978
16983
16986
16991
16993
16998
17001
17006
17009
17013
17016
17021
17024
17029
17031
17036
17039
17044
17047
17051
17054
17059
17062
17067
17069
17074
17077
17082
17085
17089
17092
17097
17100
17105
17107
17112
17115
17120
17123
17127
17130
17135
17138
17143
17145
17150
17153
17158
17161
17165
17168
17173
17176
17181
17183
17188
17191
17196
17199
17203
17206
17211
17214
17219
17221
17226
17229
17234
17237
17241
17244
17249
17252
17257
17259
17264
17267
17272
17275
17279
17282
17287
17290
17295
17297
17302
17305
17310
17313
17317
17320
17325
17328
17333
17337
17339
17344
17346
17351
17353
17358
17360
17365
17367
17372
17374
17379
17381
17385
17388
17392
17395
17399
17402
17406
17409
17413
17416
17420
17423
17427
17430
17434
17436
17441
17443
17448
17450
17455
17457
17462
17464
17469
17471
17476
17478
17483
17485
17489
17492
17496
17499
17503
17506
17510
17513
17517
17520
17524
17527
17531
17534
17538
17540
17545
17547
17552
17554
17559
17561
17566
17568
17573
17575
17580
17582
17587
17589
17593
17596
17600
17603
17607
17610
17614
17617
17621
17624
17628
17631
17635
17638
17642
17644
17649
17651
17656
17658
17663
17665
17670
17672
17677
17679
17684
17686
17691
17693
17697
17700
17704
17707
17711
17714
17718
17721
17725
17728
17732
17735
17739
17742
17746
17748
17753
17755
17760
17762
17767
17769
17774
17776
17781
17783
17788
17790
17795
17797
17801
17804
17808
17811
17815
17818
17822
17825
17829
17832
17836
17839
17843
17845
17850
17852
17857
17859
17864
17866
17871
17873
17878
17880
17885
17887
17892
17894
17898
17901
17905
17908
17912
17915
17919
17922
17926
17929
17933
17936
17940
17943
17947
17949
17954
17956
17961
17963
17968
17970
17975
17977
17982
17984
17989
17991
17996
17998
18002
18005
18009
18012
18016
18019
18023
18026
18030
18033
18037
18040
18044
18047
18051
18053
18058
18060
18065
18067
18072
18074
18079
18081
18086
18088
18093
18095
18100
18102
18106
18109
18113
18116
18120
18123
18128
18130
18135
18138
18143
18145
18150
18153
18158
18160
18165
18168
18172
18175
18180
18183
18187
18190
18195
18198
18202
18205
18210
18212
18217
18220
18225
18227
18232
18235
18240
18242
18247
18250
18254
18257
18262
18265
18269
18272
18277
18280
18284
18287
18292
18294
18299
18302
18307
18309
18314
18317
18322
18324
18329
18332
18336
18339
18344
18347
18351
18354
18359
18362
18366
18369
18374
18376
18381
18384
18389
18391
18396
18399
18404
18406
18411
18414
18418
18421
18426
18429
18433
18436
18441
18444
18448
18451
18456
18458
18463
18466
18471
18473
18478
18481
18486
18488
18493
18496
18500
18503
18508
18511
18515
18518
18523
18526
18530
18533
18538
18540
18545
18548
18553
18555
18560
18563
18568
18570
18575
18578
18582
18585
18590
18593
18597
18600
18605
18608
18612
18615
18620
18622
18627
18630
18635
18637
18642
18645
18650
18652
18657
18660
18664
18667
18672
18675
18679
18682
18687
18690
18694
18697
18702
18705
18709
18712
18717
18719
18724
18727
18732
18734
18739
18742
18747
18749
18754
18757
18761
18764
18769
18772
18776
18779
18784
18787
18791
18794
18799
18801
18806
18809
18814
18816
18821
18824
18829
18831
18836
18839
18843
18846
18851
18854
18858
18861
18866
18869
18873
18876
18881
18883
18888
18891
18896
18900
18903
18908
18910
18915
18918
18922
18925
18930
18933
18937
18940
18945
18947
18952
18955
18960
18962
18967
18970
18974
18977
18982
18985
18989
18992
18997
18999
19004
19007
19011
19014
19019
19022
19026
19029
19034
19036
19041
19044
19049
19051
19056
19059
19063
19066
19071
19074
19078
19081
19086
19088
19093
19096
19101
19103
19108
19111
19115
19118
19123
19125
19130
19133
19138
19140
19145
19148
19152
19155
19160
19163
19167
19170
19175
19177
19182
19185
19190
19192
19197
19200
19204
19207
19212
19215
19219
19222
19227
19229
19234
19237
19241
19244
19249
19252
19256
19259
19264
19266
19271
19274
19279
19281
19286
19289
19293
19296
19301
19304
19308
19311
19316
19318
19323
19326
19331
19333
19338
19341
19345
19348
19353
19355
19360
19363
19368
19370
19375
19378
19382
19385
19390
19393
19397
19400
19405
19407
19412
19415
19420
19422
19427
19430
19434
19437
19442
19444
19449
19452
19457
19459
19464
19467
19471
19474
19479
19482
19486
19489
19494
19496
19501
19504
19509
19511
19516
19519
19523
19526
19531
19534
19538
19541
19546
19548
19553
19556
19560
19563
19568
19571
19575
19578
19583
19585
19590
19593
19598
19600
19605
19608
19612
19615
19620
19623
19627
19630
19635
19637
19642
19645
19650
19652
19657
19660
19664
19667
19672
19678
19683
19690
19695
19701
19706
19713
19718
19725
19729
19736
19741
19748
19753
19759
19764
19771
19776
19783
19787
19794
19799
19806
19810
19817
19822
19829
19834
19840
19845
19852
19857
19864
19868
19875
19880
19887
19892
19898
19903
19910
19915
19922
19926
19933
19938
19945
19949
19956
19961
19968
19973
19979
19984
19991
19996
20003
20007
20014
20019
20026
20031
20037
20042
20049
20054
20061
20065
20072
20077
20084
20088
20095
20100
20107
20112
20118
20123
20130
20135
20142
20146
20153
20158
20165
20170
20176
20181
20188
20193
20200
20204
20211
20216
20223
20227
20234
20239
20246
20251
20257
20262
20269
20274
20281
20285
20292
20297
20304
20309
20315
20320
20327
20332
20339
20343
20350
20355
20362
20366
20373
20378
20385
20390
20396
20401
20408
20413
20420
20424
20431
20436
20443
20448
20454
20459
20466
20471
20474
20479
20482
20487
20490
20495
20498
20503
20506
20511
20514
20519
20522
20528
20531
20536
20539
20544
20547
20552
20555
20560
20563
20568
20571
20576
20579
20584
20588
20593
20596
20601
20604
20609
20612
20617
20620
20625
20628
20633
20636
20641
20644
20650
20653
20658
20661
20666
20669
20674
20677
20682
20685
20690
20693
20698
20701
20706
20710
20715
20718
20723
20726
20731
20734
20739
20742
20747
20750
20755
20758
20763
20767
20772
20775
20780
20783
20788
20791
20796
20799
20804
20807
20812
20815
20820
20823
20829
20832
20837
20840
20845
20848
20853
20856
20861
20864
20869
20872
20877
20880
20885
20889
20894
20897
20902
20905
20910
20913
20918
20921
20926
20929
20934
20937
20942
20946
20950
20955
20958
20963
20966
20971
20974
20979
20982
20987
20990
20995
20998
21003
21007
21012
21015
21020
21023
21028
21031
21036
21039
21044
21047
21052
21055
21060
21063
21069
21072
21077
21080
21085
21088
21093
21096
21101
21104
21109
21112
21117
21120
21125
21129
21134
21137
21142
21145
21150
21153
21158
21161
21166
21169
21174
21177
21182
21186
21190
21195
21198
21203
21206
21211
21214
21219
21222
21227
21230
21235
21238
21243
21247
21252
21255
21260
21263
21268
21271
21276
21280
21285
21289
21294
21298
21303
21307
21312
21316
21322
21325
21331
21334
21340
21343
21349
21352
21358
21361
21367
21371
21376
21380
21385
21389
21394
21398
21403
21407
21413
21416
21422
21425
21431
21434
21440
21443
21449
21452
21458
21462
21467
21471
21476
21480
21485
21489
21494
21498
21503
21507
21513
21516
21522
21525
21531
21534
21540
21543
21549
21553
21558
21562
21567
21571
21576
21580
21585
21589
21594
21598
21604
21607
21613
21616
21622
21625
21631
21634
21640
21644
21649
21653
21658
21662
21667
21671
21676
21680
21685
21689
21695
21698
21704
21707
21713
21716
21722
21725
21731
21734
21740
21744
21749
21753
21758
21762
21767
21771
21776
21780
21786
21789
21795
21798
21804
21807
21813
21816
21822
21825
21831
21835
21840
21844
21849
21853
21858
21862
21867
21871
21877
21880
21886
21889
21895
21898
21904
21907
21913
21916
21922
21926
21931
21935
21940
21944
21949
21953
21958
21962
21967
21971
21977
21980
21986
21989
21995
21998
22004
22007
22013
22017
22022
22026
22031
22035
22040
22044
22049
22053
22058
22062
22068
22074
22079
22085
22090
22096
22101
22107
22112
22118
22123
22129
22134
22141
22145
22152
22156
22163
22167
22174
22178
22185
22189
22196
22201
22207
22212
22218
22223
22229
22234
22240
22245
22251
22256
22262
22267
22274
22278
22285
22289
22296
22300
22307
22311
22318
22322
22329
22334
22340
22345
22351
22356
22362
22367
22373
22378
22384
22389
22396
22400
22407
22411
22418
22422
22429
22433
22440
22444
22451
22455
22462
22467
22473
22478
22484
22489
22495
22500
22506
22511
22517
22522
22529
22533
22540
22544
22551
22555
22562
22566
22573
22577
22584
22589
22595
22600
22606
22611
22617
22622
22628
22633
22639
22644
22650
22655
22662
22666
22673
22677
22684
22688
22695
22699
22706
22710
22717
22722
22728
22733
22739
22744
22750
22755
22761
22766
22772
22777
22784
22788
22795
22799
22806
22810
22817
22821
22828
22832
22839
22843
22850
22855
22861
22866
22872
22876
22878
22882
22884
22889
22891
22895
22897
22901
22904
22908
22910
22914
22916
22921
22923
22927
22929
22933
22936
22940
22942
22946
22949
22953
22955
22959
22961
22966
22968
22972
22974
22978
22981
22985
22987
22991
22993
22998
23000
23004
23006
23011
23013
23017
23019
23023
23026
23030
23032
23036
23038
23043
23045
23049
23051
23055
23058
23062
23064
23068
23070
23075
23077
23081
23083
23088
23090
23094
23096
23100
23103
23107
23109
23113
23115
23120
23122
23126
23128
23132
23135
23139
23141
23145
23148
23152
23154
23158
23160
23165
23167
23171
23173
23177
23180
23184
23186
23190
23192
23197
23199
23203
23205
23209
23212
23216
23218
23222
23225
23229
23231
23235
23237
23242
23244
23248
23250
23254
23257
23261
23263
23267
23269
23274
23276
23280
23282
23287
23289
23293
23295
23299
23302
23306
23308
23312
23314
23319
23321
23325
23327
23331
23334
23338
23340
23344
23346
23351
23353
23357
23359
23364
23366
23370
23372
23376
23379
23383
23385
23389
23391
23396
23398
23402
23404
23408
23411
23415
23417
23421
23424
23428
23430
23434
23436
23441
23443
23447
23449
23453
23456
23460
23462
23466
23468
23473
23475
23479
23481
23485
23488
23492
23494
23498
23501
23505
23507
23511
23513
23518
23520
23524
23526
23530
23533
23537
23539
23543
23545
23550
23552
23556
23558
23563
23565
23569
23571
23575
23578
23582
23584
23588
23590
23595
23597
23601
23603
23607
23610
23614
23616
23620
23623
23627
23629
23633
23635
23640
23642
23646
23648
23652
23654
23658
23660
23664
23666
23670
23673
23677
23679
23683
23685
23689
23691
23696
23698
23702
23704
23708
23710
23714
23717
23721
23723
23727
23729
23733
23735
23740
23742
23746
23748
23752
23754
23758
23761
23765
23767
23771
23773
23777
23779
23784
23786
23790
23792
23796
23798
23802
23804
23809
23811
23815
23817
23821
23823
23827
23830
23834
23836
23840
23842
23846
23848
23853
23855
23859
23861
23865
23867
23871
23874
23878
23880
23884
23886
23890
23892
23897
23899
23903
23905
23909
23911
23915
23918
23922
23924
23928
23930
23934
23936
23940
23943
23947
23949
23953
23955
23959
23961
23966
23968
23972
23974
23978
23980
23984
23987
23991
23993
23997
23999
24003
24005
24010
24012
24016
24018
24022
24024
24028
24031
24035
24037
24041
24043
24047
24049
24054
24056
24060
24062
24066
24068
24072
24075
24079
24081
24085
24087
24091
24093
24097
24100
24104
24106
24110
24112
24116
24118
24123
24125
24129
24131
24135
24137
24141
24144
24148
24150
24154
24156
24160
24162
24167
24169
24173
24175
24179
24181
24185
24188
24192
24194
24198
24200
24204
24206
24211
24213
24217
24219
24223
24225
24229
24231
24236
24238
24242
24244
24248
24250
24254
24257
24261
24263
24267
24269
24273
24275
24280
24282
24286
24288
24292
24294
24298
24301
24305
24307
24311
24313
24317
24319
24324
24326
24330
24332
24336
24338
24342
24345
24349
24351
24355
24357
24361
24363
24367
24370
24374
24376
24380
24382
24386
24388
24393
24395
24399
24401
24405
24407
24411
24414
24418
24420
24424
24426
24430
24432
24437
24441
24443
24447
24450
24454
24456
24461
24463
24467
24469
24474
24476
24480
24483
24487
24489
24494
24496
24500
24502
24507
24509
24513
24516
24520
24522
24527
24529
24533
24535
24540
24542
24546
24549
24553
24555
24560
24562
24566
24568
24573
24575
24579
24582
24586
24588
24593
24595
24599
24601
24606
24608
24612
24615
24619
24621
24626
24628
24632
24634
24639
24641
24645
24648
24652
24654
24659
24661
24665
24667
24672
24674
24678
24681
24685
24687
24692
24694
24698
24700
24705
24707
24711
24714
24718
24720
24725
24727
24731
24733
24738
24740
24744
24747
24751
24753
24758
24760
24764
24766
24771
24773
24777
24780
24784
24786
24791
24793
24797
24799
24804
24806
24810
24813
24817
24819
24824
24826
24830
24832
24837
24839
24843
24846
24850
24852
24857
24859
24863
24865
24870
24872
24876
24879
24883
24885
24890
24892
24896
24898
24903
24905
24909
24912
24916
24918
24923
24925
24929
24931
24936
24938
24942
24945
24949
24951
24956
24958
24962
24964
24969
24971
24975
24978
24982
24984
24989
24991
24995
24997
25002
25004
25008
25011
25015
25017
25021
25024
25028
25030
25035
25037
25041
25044
25048
25050
25054
25057
25061
25063
25068
25070
25074
25077
25081
25083
25087
25090
25094
25096
25101
25103
25107
25110
25114
25116
25120
25123
25127
25129
25134
25136
25140
25143
25147
25149
25153
25156
25160
25162
25167
25169
25173
25176
25180
25182
25186
25189
25193
25195
25200
25202
25206
25211
25215
25221
25225
25231
25235
25241
25244
25250
25254
25260
25264
25270
25274
25280
25283
25289
25293
25299
25303
25309
25313
25319
25322
25328
25332
25338
25342
25348
25352
25358
25361
25367
25371
25377
25381
25387
25391
25397
25400
25406
25410
25416
25420
25426
25430
25435
25439
25445
25449
25455
25459
25465
25469
25474
25478
25484
25488
25494
25498
25504
25508
25513
25517
25523
25527
25533
25537
25543
25547
25552
25556
25562
25566
25572
25576
25582
25586
25591
25595
25601
25605
25611
25615
25621
25625
25630
25634
25640
25644
25650
25654
25660
25663
25669
25673
25679
25683
25689
25693
25699
25702
25708
25712
25718
25722
25728
25732
25738
25741
25747
25751
25757
25761
25767
25771
25777
25780
25786
25790
25796
25800
25806
25810
25816
25819
25825
25829
25835
25839
25845
25849
25854
25858
25864
25868
25874
25878
25884
25888
25893
25897
25903
25907
25913
25917
25923
25927
25932
25936
25942
25946
25952
25956
25962
25966
25971
25975
25981
25985
25991
25995
25997
26002
26004
26008
26011
26015
26018
26022
26024
26029
26031
26036
26038
26042
26045
26049
26052
26056
26058
26063
26065
26070
26072
26076
26079
26083
26086
26090
26092
26097
26099
26103
26106
26110
26113
26117
26119
26124
26126
26131
26133
26137
26140
26144
26147
26151
26153
26158
26160
26165
26167
26171
26174
26178
26181
26185
26187
26192
26194
26199
26201
26205
26208
26212
26214
26219
26221
26226
26228
26232
26235
26239
26242
26246
26248
26253
26255
26260
26262
26266
26269
26273
26276
26280
26282
26287
26289
26294
26296
26300
26303
26307
26310
26314
26316
26321
26323
26327
26330
26334
26337
26341
26343
26348
26350
26355
26357
26361
26364
26368
26371
26375
26377
26382
26384
26389
26391
26395
26398
26402
26405
26409
26411
26416
26418
26422
26425
26429
26432
26436
26438
26443
26445
26450
26452
26456
26459
26463
26466
26470
26472
26477
26479
26484
26486
26490
26493
26497
26500
26504
26506
26511
26513
26518
26520
26524
26527
26531
26533
26538
26540
26545
26547
26551
26554
26558
26561
26565
26567
26572
26574
26579
26581
26585
26588
26592
26595
26599
26601
26606
26608
26613
26615
26619
26622
26626
26629
26633
26635
26640
26642
26646
26649
26653
26656
26660
26662
26667
26669
26674
26676
26680
26683
26687
26690
26694
26696
26701
26703
26708
26710
26714
26717
26721
26724
26728
26730
26735
26737
26741
26744
26748
26751
26755
26757
26762
26764
26769
26771
26775
26778
26783
26786
26790
26793
26798
26801
26806
26808
26813
26816
26821
26824
26828
26831
26836
26839
26844
26846
26851
26854
26859
26862
26866
26869
26874
26877
26882
26884
26889
26892
26897
26900
26904
26907
26912
26915
26920
26922
26927
26930
26935
26938
26942
26945
26950
26953
26958
26960
26965
26968
26973
26976
26980
26983
26988
26991
26996
26998
27003
27006
27011
27014
27018
27021
27026
27029
27034
27036
27041
27044
27049
27052
27056
27059
27064
27067
27072
27074
27079
27082
27087
27090
27094
27097
27102
27105
27110
27112
27117
27120
27125
27128
27132
27135
27140
27143
27148
27150
27155
27158
27163
27166
27170
27173
27178
27181
27186
27188
27193
27196
27201
27204
27208
27211
27216
27219
27224
27226
27231
27234
27239
27242
27246
27249
27254
27257
27262
27264
27269
27272
27277
27280
27284
27287
27292
27295
27300
27302
27307
27310
27315
27318
27322
27325
27330
27333
27338
27340
27345
27348
27353
27356
27360
27363
27368
27371
27376
27378
27383
27386
27391
27394
27398
27401
27406
27409
27414
27416
27421
27424
27429
27432
27436
27439
27444
27447
27452
27454
27459
27462
27467
27470
27474
27477
27482
27485
27490
27492
27497
27500
27505
27508
27512
27515
27520
27523
27528
27530
27535
27538
27543
27546
27550
27553
27558
27561
27566
27570
27572
27577
27579
27584
27586
27591
27593
27598
27600
27605
27607
27612
27614
27618
27621
27625
27628
27632
27635
27639
27642
27646
27649
27653
27656
27660
27663
27667
27669
27674
27676
27681
27683
27688
27690
27695
27697
27702
27704
27709
27711
27716
27718
27722
27725
27729
27732
27736
27739
27743
27746
27750
27753
27757
27760
27764
27767
27771
27773
27778
27780
27785
27787
27792
27794
27799
27801
27806
27808
27813
27815
27820
27822
27826
27829
27833
27836
27840
27843
27847
27850
27854
27857
27861
27864
27868
27871
27875
27877
27882
27884
27889
27891
27896
27898
27903
27905
27910
27912
27917
27919
27924
27926
27930
27933
27937
27940
27944
27947
27951
27954
27958
27961
27965
27968
27972
27975
27979
27981
27986
27988
27993
27995
28000
28002
28007
28009
28014
28016
28021
28023
28028
28030
28034
28037
28041
28044
28048
28051
28055
28058
28062
28065
28069
28072
28076
28078
28083
28085
28090
28092
28097
28099
28104
28106
28111
28113
28118
28120
28125
28127
28131
28134
28138
28141
28145
28148
28152
28155
28159
28162
28166
28169
28173
28176
28180
28182
28187
28189
28194
28196
28201
28203
28208
28210
28215
28217
28222
28224
28229
28231
28235
28238
28242
28245
28249
28252
28256
28259
28263
28266
28270
28273
28277
28280
28284
28286
28291
28293
28298
28300
28305
28307
28312
28314
28319
28321
28326
28328
28333
28335
28339
28342
28346
28349
28353
28356
28361
28363
28368
28371
28376
28378
28383
28386
28391
28393
28398
28401
28405
28408
28413
28416
28420
28423
28428
28431
28435
28438
28443
28445
28450
28453
28458
28460
28465
28468
28473
28475
28480
28483
28487
28490
28495
28498
28502
28505
28510
28513
28517
28520
28525
28527
28532
28535
28540
28542
28547
28550
28555
28557
28562
28565
28569
28572
28577
28580
28584
28587
28592
28595
28599
28602
28607
28609
28614
28617
28622
28624
28629
28632
28637
28639
28644
28647
28651
28654
28659
28662
28666
28669
28674
28677
28681
28684
28689
28691
28696
28699
28704
28706
28711
28714
28719
28721
28726
28729
28733
28736
28741
28744
28748
28751
28756
28759
28763
28766
28771
28773
28778
28781
28786
28788
28793
28796
28801
28803
28808
28811
28815
28818
28823
28826
28830
28833
28838
28841
28845
28848
28853
28855
28860
28863
28868
28870
28875
28878
28883
28885
28890
28893
28897
28900
28905
28908
28912
28915
28920
28923
28927
28930
28935
28938
28942
28945
28950
28952
28957
28960
28965
28967
28972
28975
28980
28982
28987
28990
28994
28997
29002
29005
29009
29012
29017
29020
29024
29027
29032
29034
29039
29042
29047
29049
29054
29057
29062
29064
29069
29072
29076
29079
29084
29087
29091
29094
29099
29102
29106
29109
29114
29116
29121
29124
29129
29133
29136
29141
29143
29148
29151
29155
29158
29163
29166
29170
29173
29178
29180
29185
29188
29193
29195
29200
29203
29207
29210
29215
29218
29222
29225
29230
29232
29237
29240
29244
29247
29252
29255
29259
29262
29267
29269
29274
29277
29282
29284
29289
29292
29296
29299
29304
29307
29311
29314
29319
29321
29326
29329
29334
29336
29341
29344
29348
29351
29356
29358
29363
29366
29371
29373
29378
29381
29385
29388
29393
29396
29400
29403
29408
29410
29415
29418
29423
29425
29430
29433
29437
29440
29445
29448
29452
29455
29460
29462
29467
29470
29474
29477
29482
29485
29489
29492
29497
29499
29504
29507
29512
29514
29519
29522
29526
29529
29534
29537
29541
29544
29549
29551
29556
29559
29564
29566
29571
29574
29578
29581
29586
29588
29593
29596
29601
29603
29608
29611
29615
29618
29623
29626
29630
29633
29638
29640
29645
29648
29653
29655
29660
29663
29667
29670
29675
29677
29682
29685
29690
29692
29697
29700
29704
29707
29712
29715
29719
29722
29727
29729
29734
29737
29742
29744
29749
29752
29756
29759
29764
29767
29771
29774
29779
29781
29786
29789
29793
29796
29801
29804
29808
29811
29816
29818
29823
29826
29831
29833
29838
29841
29845
29848
29853
29856
29860
29863
29868
29870
29875
29878
29883
29885
29890
29893
29897
29900
29905
29911
29916
29923
29928
29934
29939
29946
29951
29958
29962
29969
29974
29981
29986
29992
29997
30004
30009
30016
30020
30027
30032
30039
30043
30050
30055
30062
30067
30073
30078
30085
30090
30097
30101
30108
30113
30120
30125
30131
30136
30143
30148
30155
30159
30166
30171
30178
30182
30189
30194
30201
30206
30212
30217
30224
30229
30236
30240
30247
30252
30259
30264
30270
30275
30282
30287
30294
30298
30305
30310
30317
30321
30328
30333
30340
30345
30351
30356
30363
30368
30375
30379
30386
30391
30398
30403
30409
30414
30421
30426
30433
30437
30444
30449
30456
30460
30467
30472
30479
30484
30490
30495
30502
30507
30514
30518
30525
30530
30537
30542
30548
30553
30560
30565
30572
30576
30583
30588
30595
30599
30606
30611
30618
30623
30629
30634
30641
30646
30653
30657
30664
30669
30676
30681
30687
30692
30699
30704
30707
30712
30715
30720
30723
30728
30731
30736
30739
30744
30747
30752
30755
30761
30764
30769
30772
30777
30780
30785
30788
30793
30796
30801
30804
30809
30812
30817
30821
30826
30829
30834
30837
30842
30845
30850
30853
30858
30861
30866
30869
30874
30877
30883
30886
30891
30894
30899
30902
30907
30910
30915
30918
30923
30926
30931
30934
30939
30943
30948
30951
30956
30959
30964
30967
30972
30975
30980
30983
30988
30991
30996
31000
31005
31008
31013
31016
31021
31024
31029
31032
31037
31040
31045
31048
31053
31056
31062
31065
31070
31073
31078
31081
31086
31089
31094
31097
31102
31105
31110
31113
31118
31122
31127
31130
31135
31138
31143
31146
31151
31154
31159
31162
31167
31170
31175
31179
31183
31188
31191
31196
31199
31204
31207
31212
31215
31220
31223
31228
31231
31236
31240
31245
31248
31253
31256
31261
31264
31269
31272
31277
31280
31285
31288
31293
31296
31302
31305
31310
31313
31318
31321
31326
31329
31334
31337
31342
31345
31350
31353
31358
31362
31367
31370
31375
31378
31383
31386
31391
31394
31399
31402
31407
31410
31415
31419
31423
31428
31431
31436
31439
31444
31447
31452
31455
31460
31463
31468
31471
31476
31480
31485
31488
31493
31496
31501
31504
31509
31513
31518
31522
31527
31531
31536
31540
31545
31549
31555
31558
31564
31567
31573
31576
31582
31585
31591
31594
31600
31604
31609
31613
31618
31622
31627
31631
31636
31640
31646
31649
31655
31658
31664
31667
31673
31676
31682
31685
31691
31695
31700
31704
31709
31713
31718
31722
31727
31731
31736
31740
31746
31749
31755
31758
31764
31767
31773
31776
31782
31786
31791
31795
31800
31804
31809
31813
31818
31822
31827
31831
31837
31840
31846
31849
31855
31858
31864
31867
31873
31877
31882
31886
31891
31895
31900
31904
31909
31913
31918
31922
31928
31931
31937
31940
31946
31949
31955
31958
31964
31967
31973
31977
31982
31986
31991
31995
32000
32004
32009
32013
32019
32022
32028
32031
32037
32040
32046
32049
32055
32058
32064
32068
32073
32077
32082
32086
32091
32095
32100
32104
32110
32113
32119
32122
32128
32131
32137
32140
32146
32149
32155
32159
32164
32168
32173
32177
32182
32186
32191
32195
32200
32204
32210
32213
32219
32222
32228
32231
32237
32240
32246
32250
32255
32259
32264
32268
32273
32277
32282
32286
32291
32295
32301
32307
32312
32318
32323
32329
32334
32340
32345
32351
32356
32362
32367
32374
32378
32385
32389
32396
32400
32407
32411
32418
32422
32429
32434
32440
32445
32451
32456
32462
32467
32473
32478
32484
32489
32495
32500
32507
32511
32518
32522
32529
32533
32540
32544
32551
32555
32562
32567
32573
32578
32584
32589
32595
32600
32606
32611
32617
32622
32629
32633
32640
32644
32651
32655
32662
32666
32673
32677
32684
32688
32695
32700
32706
32711
32717
32722
32728
32733
32739
32744
32750
32755
32762
32766
32773
32777
32784
32788
32795
32799
32806
32810
32817
32822
32828
32833
32839
32844
32850
32855
32861
32866
32872
32877
32883
32888
32895
32899
32906
32910
32917
32921
32928
32932
32939
32943
32950
32955
32961
32966
32972
32977
32983
32988
32994
32999
33005
33010
33017
33021
33028
33032
33039
33043
33050
33054
33061
33065
33072
33076
33083
33088
33094
33099
33105
33109
33111
33115
33117
33122
33124
33128
33130
33134
33137
33141
33143
33147
33149
33154
33156
33160
33162
33166
33169
33173
33175
33179
33182
33186
33188
33192
33194
33199
33201
33205
33207
33211
33214
33218
33220
33224
33226
33231
33233
33237
33239
33244
33246
33250
33252
33256
33259
33263
33265
33269
33271
33276
33278
33282
33284
33288
33291
33295
33297
33301
33303
33308
33310
33314
33316
33321
33323
33327
33329
33333
33336
33340
33342
33346
33348
33353
33355
33359
33361
33365
33368
33372
33374
33378
33381
33385
33387
33391
33393
33398
33400
33404
33406
33410
33413
33417
33419
33423
33425
33430
33432
33436
33438
33442
33445
33449
33451
33455
33458
33462
33464
33468
33470
33475
33477
33481
33483
33487
33490
33494
33496
33500
33502
33507
33509
33513
33515
33520
33522
33526
33528
33532
33535
33539
33541
33545
33547
33552
33554
33558
33560
33564
33567
33571
33573
33577
33579
33584
33586
33590
33592
33597
33599
33603
33605
33609
33612
33616
33618
33622
33624
33629
33631
33635
33637
33641
33644
33648
33650
33654
33657
33661
33663
33667
33669
33674
33676
33680
33682
33686
33689
33693
33695
33699
33701
33706
33708
33712
33714
33718
33721
33725
33727
33731
33734
33738
33740
33744
33746
33751
33753
33757
33759
33763
33766
33770
33772
33776
33778
33783
33785
33789
33791
33796
33798
33802
33804
33808
33811
33815
33817
33821
33823
33828
33830
33834
33836
33840
33843
33847
33849
33853
33856
33860
33862
33866
33868
33873
33875
33879
33881
33885
33887
33891
33893
33897
33899
33903
33906
33910
33912
33916
33918
33922
33924
33929
33931
33935
33937
33941
33943
33947
33950
33954
33956
33960
33962
33966
33968
33973
33975
33979
33981
33985
33987
33991
33994
33998
34000
34004
34006
34010
34012
34017
34019
34023
34025
34029
34031
34035
34037
34042
34044
34048
34050
34054
34056
34060
34063
34067
34069
34073
34075
34079
34081
34086
34088
34092
34094
34098
34100
34104
34107
34111
34113
34117
34119
34123
34125
34130
34132
34136
34138
34142
34144
34148
34151
34155
34157
34161
34163
34167
34169
34173
34176
34180
34182
34186
34188
34192
34194
34199
34201
34205
34207
34211
34213
34217
34220
34224
34226
34230
34232
34236
34238
34243
34245
34249
34251
34255
34257
34261
34264
34268
34270
34274
34276
34280
34282
34287
34289
34293
34295
34299
34301
34305
34308
34312
34314
34318
34320
34324
34326
34330
34333
34337
34339
34343
34345
34349
34351
34356
34358
34362
34364
34368
34370
34374
34377
34381
34383
34387
34389
34393
34395
34400
34402
34406
34408
34412
34414
34418
34421
34425
34427
34431
34433
34437
34439
34444
34446
34450
34452
34456
34458
34462
34464
34469
34471
34475
34477
34481
34483
34487
34490
34494
34496
34500
34502
34506
34508
34513
34515
34519
34521
34525
34527
34531
34534
34538
34540
34544
34546
34550
34552
34557
34559
34563
34565
34569
34571
34575
34578
34582
34584
34588
34590
34594
34596
34600
34603
34607
34609
34613
34615
34619
34621
34626
34628
34632
34634
34638
34640
34644
34647
34651
34653
34657
34659
34663
34665
34670
34674
34676
34680
34683
34687
34689
34694
34696
34700
34702
34707
34709
34713
34716
34720
34722
34727
34729
34733
34735
34740
34742
34746
34749
34753
34755
34760
34762
34766
34768
34773
34775
34779
34782
34786
34788
34793
34795
34799
34801
34806
34808
34812
34815
34819
34821
34826
34828
34832
34834
34839
34841
34845
34848
34852
34854
34859
34861
34865
34867
34872
34874
34878
34881
34885
34887
34892
34894
34898
34900
34905
34907
34911
34914
34918
34920
34925
34927
34931
34933
34938
34940
34944
34947
34951
34953
34958
34960
34964
34966
34971
34973
34977
34980
34984
34986
34991
34993
34997
34999
35004
35006
35010
35013
35017
35019
35024
35026
35030
35032
35037
35039
35043
35046
35050
35052
35057
35059
35063
35065
35070
35072
35076
35079
35083
35085
35090
35092
35096
35098
35103
35105
35109
35112
35116
35118
35123
35125
35129
35131
35136
35138
35142
35145
35149
35151
35156
35158
35162
35164
35169
35171
35175
35178
35182
35184
35189
35191
35195
35197
35202
35204
35208
35211
35215
35217
35222
35224
35228
35230
35235
35237
35241
35244
35248
35250
35254
35257
35261
35263
35268
35270
35274
35277
35281
35283
35287
35290
35294
35296
35301
35303
35307
35310
35314
35316
35320
35323
35327
35329
35334
35336
35340
35343
35347
35349
35353
35356
35360
35362
35367
35369
35373
35376
35380
35382
35386
35389
35393
35395
35400
35402
35406
35409
35413
35415
35419
35422
35426
35428
35433
35435
35439
35444
35448
35454
35458
35464
35468
35474
35477
35483
35487
35493
35497
35503
35507
35513
35516
35522
35526
35532
35536
35542
35546
35552
35555
35561
35565
35571
35575
35581
35585
35591
35594
35600
35604
35610
35614
35620
35624
35630
35633
35639
35643
35649
35653
35659
35663
35668
35672
35678
35682
35688
35692
35698
35702
35707
35711
35717
35721
35727
35731
35737
35741
35746
35750
35756
35760
35766
35770
35776
35780
35785
35789
35795
35799
35805
35809
35815
35819
35824
35828
35834
35838
35844
35848
35854
35858
35863
35867
35873
35877
35883
35887
35893
35896
35902
35906
35912
35916
35922
35926
35932
35935
35941
35945
35951
35955
35961
35965
35971
35974
35980
35984
35990
35994
36000
36004
36010
36013
36019
36023
36029
36033
36039
36043
36049
36052
36058
36062
36068
36072
36078
36082
36087
36091
36097
36101
36107
36111
36117
36121
36126
36130
36136
36140
36146
36150
36156
36160
36165
36169
36175
36179
36185
36189
36195
36199
36204
36208
36214
36218
36224
36228
36230
36235
36237
36241
36244
36248
36251
36255
36257
36262
36264
36269
36271
36275
36278
36282
36285
36289
36291
36296
36298
36303
36305
36309
36312
36316
36319
36323
36325
36330
36332
36336
36339
36343
36346
36350
36352
36357
36359
36364
36366
36370
36373
36377
36380
36384
36386
36391
36393
36398
36400
36404
36407
36411
36414
36418
36420
36425
36427
36432
36434
36438
36441
36445
36447
36452
36454
36459
36461
36465
36468
36472
36475
36479
36481
36486
36488
36493
36495
36499
36502
36506
36509
36513
36515
36520
36522
36527
36529
36533
36536
36540
36543
36547
36549
36554
36556
36560
36563
36567
36570
36574
36576
36581
36583
36588
36590
36594
36597
36601
36604
36608
36610
36615
36617
36622
36624
36628
36631
36635
36638
36642
36644
36649
36651
36655
36658
36662
36665
36669
36671
36676
36678
36683
36685
36689
36692
36696
36699
36703
36705
36710
36712
36717
36719
36723
36726
36730
36733
36737
36739
36744
36746
36751
36753
36757
36760
36764
36766
36771
36773
36778
36780
36784
36787
36791
36794
36798
36800
36805
36807
36812
36814
36818
36821
36825
36828
36832
36834
36839
36841
36846
36848
36852
36855
36859
36862
36866
36868
36873
36875
36879
36882
36886
36889
36893
36895
36900
36902
36907
36909
36913
36916
36920
36923
36927
36929
36934
36936
36941
36943
36947
36950
36954
36957
36961
36963
36968
36970
36974
36977
36981
36984
36988
36990
36995
36997
37002
37004
37008
37011
37016
37019
37023
37026
37031
37034
37039
37041
37046
37049
37054
37057
37061
37064
37069
37072
37077
37079
37084
37087
37092
37095
37099
37102
37107
37110
37115
37117
37122
37125
37130
37133
37137
37140
37145
37148
37153
37155
37160
37163
37168
37171
37175
37178
37183
37186
37191
37193
37198
37201
37206
37209
37213
37216
37221
37224
37229
37231
37236
37239
37244
37247
37251
37254
37259
37262
37267
37269
37274
37277
37282
37285
37289
37292
37297
37300
37305
37307
37312
37315
37320
37323
37327
37330
37335
37338
37343
37345
37350
37353
37358
37361
37365
37368
37373
37376
37381
37383
37388
37391
37396
37399
37403
37406
37411
37414
37419
37421
37426
37429
37434
37437
37441
37444
37449
37452
37457
37459
37464
37467
37472
37475
37479
37482
37487
37490
37495
37497
37502
37505
37510
37513
37517
37520
37525
37528
37533
37535
37540
37543
37548
37551
37555
37558
37563
37566
37571
37573
37578
37581
37586
37589
37593
37596
37601
37604
37609
37611
37616
37619
37624
37627
37631
37634
37639
37642
37647
37649
37654
37657
37662
37665
37669
37672
37677
37680
37685
37687
37692
37695
37700
37703
37707
37710
37715
37718
37723
37725
37730
37733
37738
37741
37745
37748
37753
37756
37761
37763
37768
37771
37776
37779
37783
37786
37791
37794
37799
37803
37805
37810
37812
37817
37819
37824
37826
37831
37833
37838
37840
37845
37847
37851
37854
37858
37861
37865
37868
37872
37875
37879
37882
37886
37889
37893
37896
37900
37902
37907
37909
37914
37916
37921
37923
37928
37930
37935
37937
37942
37944
37949
37951
37955
37958
37962
37965
37969
37972
37976
37979
37983
37986
37990
37993
37997
38000
38004
38006
38011
38013
38018
38020
38025
38027
38032
38034
38039
38041
38046
38048
38053
38055
38059
38062
38066
38069
38073
38076
38080
38083
38087
38090
38094
38097
38101
38104
38108
38110
38115
38117
38122
38124
38129
38131
38136
38138
38143
38145
38150
38152
38157
38159
38163
38166
38170
38173
38177
38180
38184
38187
38191
38194
38198
38201
38205
38208
38212
38214
38219
38221
38226
38228
38233
38235
38240
38242
38247
38249
38254
38256
38261
38263
38267
38270
38274
38277
38281
38284
38288
38291
38295
38298
38302
38305
38309
38311
38316
38318
38323
38325
38330
38332
38337
38339
38344
38346
38351
38353
38358
38360
38364
38367
38371
38374
38378
38381
38385
38388
38392
38395
38399
38402
38406
38409
38413
38415
38420
38422
38427
38429
38434
38436
38441
38443
38448
38450
38455
38457
38462
38464
38468
38471
38475
38478
38482
38485
38489
38492
38496
38499
38503
38506
38510
38513
38517
38519
38524
38526
38531
38533
38538
38540
38545
38547
38552
38554
38559
38561
38566
38568
38572
38575
38579
38582
38586
38589
38594
38596
38601
38604
38609
38611
38616
38619
38624
38626
38631
38634
38638
38641
38646
38649
38653
38656
38661
38664
38668
38671
38676
38678
38683
38686
38691
38693
38698
38701
38706
38708
38713
38716
38720
38723
38728
38731
38735
38738
38743
38746
38750
38753
38758
38760
38765
38768
38773
38775
38780
38783
38788
38790
38795
38798
38802
38805
38810
38813
38817
38820
38825
38828
38832
38835
38840
38842
38847
38850
38855
38857
38862
38865
38870
38872
38877
38880
38884
38887
38892
38895
38899
38902
38907
38910
38914
38917
38922
38924
38929
38932
38937
38939
38944
38947
38952
38954
38959
38962
38966
38969
38974
38977
38981
38984
38989
38992
38996
38999
39004
39006
39011
39014
39019
39021
39026
39029
39034
39036
39041
39044
39048
39051
39056
39059
39063
39066
39071
39074
39078
39081
39086
39088
39093
39096
39101
39103
39108
39111
39116
39118
39123
39126
39130
39133
39138
39141
39145
39148
39153
39156
39160
39163
39168
39171
39175
39178
39183
39185
39190
39193
39198
39200
39205
39208
39213
39215
39220
39223
39227
39230
39235
39238
39242
39245
39250
39253
39257
39260
39265
39267
39272
39275
39280
39282
39287
39290
39295
39297
39302
39305
39309
39312
39317
39320
39324
39327
39332
39335
39339
39342
39347
39349
39354
39357
39362
39366
39369
39374
39376
39381
39384
39388
39391
39396
39399
39403
39406
39411
39413
39418
39421
39426
39428
39433
39436
39440
39443
39448
39451
39455
39458
39463
39465
39470
39473
39477
39480
39485
39488
39492
39495
39500
39502
39507
39510
39515
39517
39522
39525
39529
39532
39537
39540
39544
39547
39552
39554
39559
39562
39567
39569
39574
39577
39581
39584
39589
39591
39596
39599
39604
39606
39611
39614
39618
39621
39626
39629
39633
39636
39641
39643
39648
39651
39656
39658
39663
39666
39670
39673
39678
39681
39685
39688
39693
39695
39700
39703
39707
39710
39715
39718
39722
39725
39730
39732
39737
39740
39745
39747
39752
39755
39759
39762
39767
39770
39774
39777
39782
39784
39789
39792
39797
39799
39804
39807
39811
39814
39819
39821
39826
39829
39834
39836
39841
39844
39848
39851
39856
39859
39863
39866
39871
39873
39878
39881
39886
39888
39893
39896
39900
39903
39908
39910
39915
39918
39923
39925
39930
39933
39937
39940
39945
39948
39952
39955
39960
39962
39967
39970
39975
39977
39982
39985
39989
39992
39997
40000
40004
40007
40012
40014
40019
40022
40026
40029
40034
40037
40041
40044
40049
40051
40056
40059
40064
40066
40071
40074
40078
40081
40086
40089
40093
40096
40101
40103
40108
40111
40116
40118
40123
40126
40130
40133
40138
40144
40149
40156
40161
40167
40172
40179
40184
40191
40195
40202
40207
40214
40219
40225
40230
40237
40242
40249
40253
40260
40265
40272
40276
40283
40288
40295
40300
40306
40311
40318
40323
40330
40334
40341
40346
40353
40358
40364
40369
40376
40381
40388
40392
40399
40404
40411
40415
40422
40427
40434
40439
40445
40450
40457
40462
40469
40473
40480
40485
40492
40497
40503
40508
40515
40520
40527
40531
40538
40543
40550
40554
40561
40566
40573
40578
40584
40589
40596
40601
40608
40612
40619
40624
40631
40636
40642
40647
40654
40659
40666
40670
40677
40682
40689
40693
40700
40705
40712
40717
40723
40728
40735
40740
40747
40751
40758
40763
40770
40775
40781
40786
40793
40798
40805
40809
40816
40821
40828
40832
40839
40844
40851
40856
40862
40867
40874
40879
40886
40890
40897
40902
40909
40914
40920
40925
40932
40937
40940
40945
40948
40953
40956
40961
40964
40969
40972
40977
40980
40985
40988
40994
40997
41002
41005
41010
41013
41018
41021
41026
41029
41034
41037
41042
41045
41050
41054
41059
41062
41067
41070
41075
41078
41083
41086
41091
41094
41099
41102
41107
41110
41116
41119
41124
41127
41132
41135
41140
41143
41148
41151
41156
41159
41164
41167
41172
41176
41181
41184
41189
41192
41197
41200
41205
41208
41213
41216
41221
41224
41229
41233
41238
41241
41246
41249
41254
41257
41262
41265
41270
41273
41278
41281
41286
41289
41295
41298
41303
41306
41311
41314
41319
41322
41327
41330
41335
41338
41343
41346
41351
41355
41360
41363
41368
41371
41376
41379
41384
41387
41392
41395
41400
41403
41408
41412
41416
41421
41424
41429
41432
41437
41440
41445
41448
41453
41456
41461
41464
41469
41473
41478
41481
41486
41489
41494
41497
41502
41505
41510
41513
41518
41521
41526
41529
41535
41538
41543
41546
41551
41554
41559
41562
41567
41570
41575
41578
41583
41586
41591
41595
41600
41603
41608
41611
41616
41619
41624
41627
41632
41635
41640
41643
41648
41652
41656
41661
41664
41669
41672
41677
41680
41685
41688
41693
41696
41701
41704
41709
41713
41718
41721
41726
41729
41734
41737
41742
41746
41751
41755
41760
41764
41769
41773
41778
41782
41788
41791
41797
41800
41806
41809
41815
41818
41824
41827
41833
41837
41842
41846
41851
41855
41860
41864
41869
41873
41879
41882
41888
41891
41897
41900
41906
41909
41915
41918
41924
41928
41933
41937
41942
41946
41951
41955
41960
41964
41969
41973
41979
41982
41988
41991
41997
42000
42006
42009
42015
42019
42024
42028
42033
42037
42042
42046
42051
42055
42060
42064
42070
42073
42079
42082
42088
42091
42097
42100
42106
42110
42115
42119
42124
42128
42133
42137
42142
42146
42151
42155
42161
42164
42170
42173
42179
42182
42188
42191
42197
42200
42206
42210
42215
42219
42224
42228
42233
42237
42242
42246
42252
42255
42261
42264
42270
42273
42279
42282
42288
42291
42297
42301
42306
42310
42315
42319
42324
42328
42333
42337
42343
42346
42352
42355
42361
42364
42370
42373
42379
42382
42388
42392
42397
42401
42406
42410
42415
42419
42424
42428
42433
42437
42443
42446
42452
42455
42461
42464
42470
42473
42479
42483
42488
42492
42497
42501
42506
42510
42515
42519
42524
42528
42534
42540
42545
42551
42556
42562
42567
42573
42578
42584
42589
42595
42600
42607
42611
42618
42622
42629
42633
42640
42644
42651
42655
42662
42667
42673
42678
42684
42689
42695
42700
42706
42711
42717
42722
42728
42733
42740
42744
42751
42755
42762
42766
42773
42777
42784
42788
42795
42800
42806
42811
42817
42822
42828
42833
42839
42844
42850
42855
42862
42866
42873
42877
42884
42888
42895
42899
42906
42910
42917
42921
42928
42933
42939
42944
42950
42955
42961
42966
42972
42977
42983
42988
42995
42999
43006
43010
43017
43021
43028
43032
43039
43043
43050
43055
43061
43066
43072
43077
43083
43088
43094
43099
43105
43110
43116
43121
43128
43132
43139
43143
43150
43154
43161
43165
43172
43176
43183
43188
43194
43199
43205
43210
43216
43221
43227
43232
43238
43243
43250
43254
43261
43265
43272
43276
43283
43287
43294
43298
43305
43309
43316
43321
43327
43332
43338
43342
43344
43348
43350
43355
43357
43361
43363
43367
43370
43374
43376
43380
43382
43387
43389
43393
43395
43399
43402
43406
43408
43412
43415
43419
43421
43425
43427
43432
43434
43438
43440
43444
43447
43451
43453
43457
43459
43464
43466
43470
43472
43477
43479
43483
43485
43489
43492
43496
43498
43502
43504
43509
43511
43515
43517
43521
43524
43528
43530
43534
43536
43541
43543
43547
43549
43554
43556
43560
43562
43566
43569
43573
43575
43579
43581
43586
43588
43592
43594
43598
43601
43605
43607
43611
43614
43618
43620
43624
43626
43631
43633
43637
43639
43643
43646
43650
43652
43656
43658
43663
43665
43669
43671
43675
43678
43682
43684
43688
43691
43695
43697
43701
43703
43708
43710
43714
43716
43720
43723
43727
43729
43733
43735
43740
43742
43746
43748
43753
43755
43759
43761
43765
43768
43772
43774
43778
43780
43785
43787
43791
43793
43797
43800
43804
43806
43810
43812
43817
43819
43823
43825
43830
43832
43836
43838
43842
43845
43849
43851
43855
43857
43862
43864
43868
43870
43874
43877
43881
43883
43887
43890
43894
43896
43900
43902
43907
43909
43913
43915
43919
43922
43926
43928
43932
43934
43939
43941
43945
43947
43951
43954
43958
43960
43964
43967
43971
43973
43977
43979
43984
43986
43990
43992
43996
43999
44003
44005
44009
44011
44016
44018
44022
44024
44029
44031
44035
44037
44041
44044
44048
44050
44054
44056
44061
44063
44067
44069
44073
44076
44080
44082
44086
44089
44093
44095
44099
44101
44106
44108
44112
44114
44118
44120
44124
44126
44130
44132
44136
44139
44143
44145
44149
44151
44155
44157
44162
44164
44168
44170
44174
44176
44180
44183
44187
44189
44193
44195
44199
44201
44206
44208
44212
44214
44218
44220
44224
44227
44231
44233
44237
44239
44243
44245
44250
44252
44256
44258
44262
44264
44268
44270
44275
44277
44281
44283
44287
44289
44293
44296
44300
44302
44306
44308
44312
44314
44319
44321
44325
44327
44331
44333
44337
44340
44344
44346
44350
44352
44356
44358
44363
44365
44369
44371
44375
44377
44381
44384
44388
44390
44394
44396
44400
44402
44406
44409
44413
44415
44419
44421
44425
44427
44432
44434
44438
44440
44444
44446
44450
44453
44457
44459
44463
44465
44469
44471
44476
44478
44482
44484
44488
44490
44494
44497
44501
44503
44507
44509
44513
44515
44520
44522
44526
44528
44532
44534
44538
44541
44545
44547
44551
44553
44557
44559
44563
44566
44570
44572
44576
44578
44582
44584
44589
44591
44595
44597
44601
44603
44607
44610
44614
44616
44620
44622
44626
44628
44633
44635
44639
44641
44645
44647
44651
44654
44658
44660
44664
44666
44670
44672
44677
44679
44683
44685
44689
44691
44695
44697
44702
44704
44708
44710
44714
44716
44720
44723
44727
44729
44733
44735
44739
44741
44746
44748
44752
44754
44758
44760
44764
44767
44771
44773
44777
44779
44783
44785
44790
44792
44796
44798
44802
44804
44808
44811
44815
44817
44821
44823
44827
44829
44833
44836
44840
44842
44846
44848
44852
44854
44859
44861
44865
44867
44871
44873
44877
44880
44884
44886
44890
44892
44896
44898
44903
44907
44909
44913
44916
44920
44922
44927
44929
44933
44935
44940
44942
44946
44949
44953
44955
44960
44962
44966
44968
44973
44975
44979
44982
44986
44988
44993
44995
44999
45001
45006
45008
45012
45015
45019
45021
45026
45028
45032
45034
45039
45041
45045
45048
45052
45054
45059
45061
45065
45067
45072
45074
45078
45081
45085
45087
45092
45094
45098
45100
45105
45107
45111
45114
45118
45120
45125
45127
45131
45133
45138
45140
45144
45147
45151
45153
45158
45160
45164
45166
45171
45173
45177
45180
45184
45186
45191
45193
45197
45199
45204
45206
45210
45213
45217
45219
45224
45226
45230
45232
45237
45239
45243
45246
45250
45252
45257
45259
45263
45265
45270
45272
45276
45279
45283
45285
45290
45292
45296
45298
45303
45305
45309
45312
45316
45318
45323
45325
45329
45331
45336
45338
45342
45345
45349
45351
45356
45358
45362
45364
45369
45371
45375
45378
45382
45384
45389
45391
45395
45397
45402
45404
45408
45411
45415
45417
45422
45424
45428
45430
45435
45437
45441
45444
45448
45450
45455
45457
45461
45463
45468
45470
45474
45477
45481
45483
45487
45490
45494
45496
45501
45503
45507
45510
45514
45516
45520
45523
45527
45529
45534
45536
45540
45543
45547
45549
45553
45556
45560
45562
45567
45569
45573
45576
45580
45582
45586
45589
45593
45595
45600
45602
45606
45609
45613
45615
45619
45622
45626
45628
45633
45635
45639
45642
45646
45648
45652
45655
45659
45661
45666
45668
45672
45677
45681
45687
45691
45697
45701
45707
45710
45716
45720
45726
45730
45736
45740
45746
45749
45755
45759
45765
45769
45775
45779
45785
45788
45794
45798
45804
45808
45814
45818
45824
45827
45833
45837
45843
45847
45853
45857
45863
45866
45872
45876
45882
45886
45892
45896
45901
45905
45911
45915
45921
45925
45931
45935
45940
45944
45950
45954
45960
45964
45970
45974
45979
45983
45989
45993
45999
46003
46009
46013
46018
46022
46028
46032
46038
46042
46048
46052
46057
46061
46067
46071
46077
46081
46087
46091
46096
46100
46106
46110
46116
46120
46126
46129
46135
46139
46145
46149
46155
46159
46165
46168
46174
46178
46184
46188
46194
46198
46204
46207
46213
46217
46223
46227
46233
46237
46243
46246
46252
46256
46262
46266
46272
46276
46282
46285
46291
46295
46301
46305
46311
46315
46320
46324
46330
46334
46340
46344
46350
46354
46359
46363
46369
46373
46379
46383
46389
46393
46398
46402
46408
46412
46418
46422
46428
46432
46437
46441
46447
46451
46457
46461
46463
46468
46470
46474
46477
46481
46484
46488
46490
46495
46497
46502
46504
46508
46511
46515
46518
46522
46524
46529
46531
46536
46538
46542
46545
46549
46552
46556
46558
46563
46565
46569
46572
46576
46579
46583
46585
46590
46592
46597
46599
46603
46606
46610
46613
46617
46619
46624
46626
46631
46633
46637
46640
46644
46647
46651
46653
46658
46660
46665
46667
46671
46674
46678
46680
46685
46687
46692
46694
46698
46701
46705
46708
46712
46714
46719
46721
46726
46728
46732
46735
46739
46742
46746
46748
46753
46755
46760
46762
46766
46769
46773
46776
46780
46782
46787
46789
46793
46796
46800
46803
46807
46809
46814
46816
46821
46823
46827
46830
46834
46837
46841
46843
46848
46850
46855
46857
46861
46864
46868
46871
46875
46877
46882
46884
46888
46891
46895
46898
46902
46904
46909
46911
46916
46918
46922
46925
46929
46932
46936
46938
46943
46945
46950
46952
46956
46959
46963
46966
46970
46972
46977
46979
46984
46986
46990
46993
46997
46999
47004
47006
47011
47013
47017
47020
47024
47027
47031
47033
47038
47040
47045
47047
47051
47054
47058
47061
47065
47067
47072
47074
47079
47081
47085
47088
47092
47095
47099
47101
47106
47108
47112
47115
47119
47122
47126
47128
47133
47135
47140
47142
47146
47149
47153
47156
47160
47162
47167
47169
47174
47176
47180
47183
47187
47190
47194
47196
47201
47203
47207
47210
47214
47217
47221
47223
47228
47230
47235
47237
47241
47244
47249
47252
47256
47259
47264
47267
47272
47274
47279
47282
47287
47290
47294
47297
47302
47305
47310
47312
47317
47320
47325
47328
47332
47335
47340
47343
47348
47350
47355
47358
47363
47366
47370
47373
47378
47381
47386
47388
47393
47396
47401
47404
47408
47411
47416
47419
47424
47426
47431
47434
47439
47442
47446
47449
47454
47457
47462
47464
47469
47472
47477
47480
47484
47487
47492
47495
47500
47502
47507
47510
47515
47518
47522
47525
47530
47533
47538
47540
47545
47548
47553
47556
47560
47563
47568
47571
47576
47578
47583
47586
47591
47594
47598
47601
47606
47609
47614
47616
47621
47624
47629
47632
47636
47639
47644
47647
47652
47654
47659
47662
47667
47670
47674
47677
47682
47685
47690
47692
47697
47700
47705
47708
47712
47715
47720
47723
47728
47730
47735
47738
47743
47746
47750
47753
47758
47761
47766
47768
47773
47776
47781
47784
47788
47791
47796
47799
47804
47806
47811
47814
47819
47822
47826
47829
47834
47837
47842
47844
47849
47852
47857
47860
47864
47867
47872
47875
47880
47882
47887
47890
47895
47898
47902
47905
47910
47913
47918
47920
47925
47928
47933
47936
47940
47943
47948
47951
47956
47958
47963
47966
47971
47974
47978
47981
47986
47989
47994
47996
48001
48004
48009
48012
48016
48019
48024
48027
48032
48036
48038
48043
48045
48050
48052
48057
48059
48064
48066
48071
48073
48078
48080
48084
48087
48091
48094
48098
48101
48105
48108
48112
48115
48119
48122
48126
48129
48133
48135
48140
48142
48147
48149
48154
48156
48161
48163
48168
48170
48175
48177
48182
48184
48188
48191
48195
48198
48202
48205
48209
48212
48216
48219
48223
48226
48230
48233
48237
48239
48244
48246
48251
48253
48258
48260
48265
48267
48272
48274
48279
48281
48286
48288
48292
48295
48299
48302
48306
48309
48313
48316
48320
48323
48327
48330
48334
48337
48341
48343
48348
48350
48355
48357
48362
48364
48369
48371
48376
48378
48383
48385
48390
48392
48396
48399
48403
48406
48410
48413
48417
48420
48424
48427
48431
48434
48438
48441
48445
48447
48452
48454
48459
48461
48466
48468
48473
48475
48480
48482
48487
48489
48494
48496
48500
48503
48507
48510
48514
48517
48521
48524
48528
48531
48535
48538
48542
48544
48549
48551
48556
48558
48563
48565
48570
48572
48577
48579
48584
48586
48591
48593
48597
48600
48604
48607
48611
48614
48618
48621
48625
48628
48632
48635
48639
48642
48646
48648
48653
48655
48660
48662
48667
48669
48674
48676
48681
48683
48688
48690
48695
48697
48701
48704
48708
48711
48715
48718
48722
48725
48729
48732
48736
48739
48743
48746
48750
48752
48757
48759
48764
48766
48771
48773
48778
48780
48785
48787
48792
48794
48799
48801
48805
48808
48812
48815
48819
48822
48827
48829
48834
48837
48842
48844
48849
48852
48857
48859
48864
48867
48871
48874
48879
48882
48886
48889
48894
48897
48901
48904
48909
48911
48916
48919
48924
48926
48931
48934
48939
48941
48946
48949
48953
48956
48961
48964
48968
48971
48976
48979
48983
48986
48991
48993
48998
49001
49006
49008
49013
49016
49021
49023
49028
49031
49035
49038
49043
49046
49050
49053
49058
49061
49065
49068
49073
49075
49080
49083
49088
49090
49095
49098
49103
49105
49110
49113
49117
49120
49125
49128
49132
49135
49140
49143
49147
49150
49155
49157
49162
49165
49170
49172
49177
49180
49185
49187
49192
49195
49199
49202
49207
49210
49214
49217
49222
49225
49229
49232
49237
49239
49244
49247
49252
49254
49259
49262
49267
49269
49274
49277
49281
49284
49289
49292
49296
49299
49304
49307
49311
49314
49319
49321
49326
49329
49334
49336
49341
49344
49349
49351
49356
49359
49363
49366
49371
49374
49378
49381
49386
49389
49393
49396
49401
49404
49408
49411
49416
49418
49423
49426
49431
49433
49438
49441
49446
49448
49453
49456
49460
49463
49468
49471
49475
49478
49483
49486
49490
49493
49498
49500
49505
49508
49513
49515
49520
49523
49528
49530
49535
49538
49542
49545
49550
49553
49557
49560
49565
49568
49572
49575
49580
49582
49587
49590
49595
49599
49602
49607
49609
49614
49617
49621
49624
49629
49632
49636
49639
49644
49646
49651
49654
49659
49661
49666
49669
49673
49676
49681
49684
49688
49691
49696
49698
49703
49706
49710
49713
49718
49721
49725
49728
49733
49735
49740
49743
49748
49750
49755
49758
49762
49765
49770
49773
49777
49780
49785
49787
49792
49795
49800
49802
49807
49810
49814
49817
49822
49824
49829
49832
49837
49839
49844
49847
49851
49854
49859
49862
49866
49869
49874
49876
49881
49884
49889
49891
49896
49899
49903
49906
49911
49914
49918
49921
49926
49928
49933
49936
49940
49943
49948
49951
49955
49958
49963
49965
49970
49973
49978
49980
49985
49988
49992
49995
50000
50003
50007
50010
50015
50017
50022
50025
50030
50032
50037
50040
50044
50047
50052
50054
50059
50062
50067
50069
50074
50077
50081
50084
50089
50092
50096
50099
50104
50106
50111
50114
50119
50121
50126
50129
50133
50136
50141
50143
50148
50151
50156
50158
50163
50166
50170
50173
50178
50181
50185
50188
50193
50195
50200
50203
50208
50210
50215
50218
50222
50225
50230
50233
50237
50240
50245
50247
50252
50255
50259
50262
50267
50270
50274
50277
50282
50284
50289
50292
50297
50299
50304
50307
50311
50314
50319
50322
50326
50329
50334
50336
50341
50344
50349
50351
50356
50359
50363
50366
50371
50377
50382
50389
50394
50400
50405
50412
50417
50424
50428
50435
50440
50447
50452
50458
50463
50470
50475
50482
50486
50493
50498
50505
50509
50516
50521
50528
50533
50539
50544
50551
50556
50563
50567
50574
50579
50586
50591
50597
50602
50609
50614
50621
50625
50632
50637
50644
50648
50655
50660
50667
50672
50678
50683
50690
50695
50702
50706
50713
50718
50725
50730
50736
50741
50748
50753
50760
50764
50771
50776
50783
50787
50794
50799
50806
50811
50817
50822
50829
50834
50841
50845
50852
50857
50864
50869
50875
50880
50887
50892
50899
50903
50910
50915
50922
50926
50933
50938
50945
50950
50956
50961
50968
50973
50980
50984
50991
50996
51003
51008
51014
51019
51026
51031
51038
51042
51049
51054
51061
51065
51072
51077
51084
51089
51095
51100
51107
51112
51119
51123
51130
51135
51142
51147
51153
51158
51165
