4
7
11
14
19
21
26
29
33
36
41
43
48
51
55
58
63
65
70
72
77
80
84
87
92
94
99
102
106
109
114
116
121
124
128
131
135
138
143
145
150
153
157
160
165
167
172
175
179
182
187
189
194
196
201
204
208
211
216
218
223
226
230
233
238
240
245
248
252
255
259
262
267
269
274
277
281
284
289
291
296
299
303
306
311
313
318
320
325
328
332
335
340
342
347
350
354
357
362
364
369
372
376
379
383
386
391
393
398
401
405
408
413
415
420
423
427
430
435
437
442
444
449
452
456
459
464
466
471
474
478
484
488
494
499
505
509
516
520
526
531
537
541
548
552
558
562
569
573
579
584
590
594
601
605
611
616
622
626
632
637
643
647
654
658
664
669
675
679
686
690
696
701
707
711
717
722
728
732
739
743
749
754
760
764
771
775
781
785
792
796
802
807
813
817
824
828
834
839
845
849
855
860
866
870
877
881
887
892
898
902
909
913
919
924
930
935
938
943
946
951
954
959
962
967
970
975
978
983
987
992
995
1000
1003
1008
1011
1016
1019
1024
1027
1032
1035
1040
1044
1049
1052
1057
1060
1065
1068
1073
1076
1081
1084
1089
1092
1097
1101
1106
1109
1114
1117
1122
1125
1130
1133
1138
1141
1146
1149
1154
1158
1163
1166
1171
1174
1179
1182
1187
1190
1195
1198
1203
1206
1211
1215
1220
1223
1228
1231
1236
1239
1244
1247
1252
1255
1260
1263
1268
1272
1277
1280
1285
1288
1293
1296
1301
1304
1309
1312
1317
1320
1325
1329
1334
1337
1342
1345
1350
1353
1358
1361
1366
1369
1374
1377
1382
1386
1391
1394
1399
1402
1407
1410
1415
1418
1423
1426
1431
1434
1439
1443
1448
1451
1456
1459
1465
1470
1477
1482
1489
1494
1501
1506
1513
1518
1525
1530
1537
1542
1549
1554
1561
1566
1573
1578
1585
1590
1597
1602
1609
1614
1621
1626
1633
1638
1645
1650
1657
1661
1668
1673
1680
1685
1692
1697
1704
1709
1716
1721
1728
1733
1740
1745
1752
1757
1764
1769
1776
1781
1788
1793
1800
1805
1812
1817
1824
1829
1836
1841
1848
1853
1859
1864
1871
1876
1883
1888
1895
1900
1907
1912
1919
1924
1931
1936
1943
1948
1955
1960
1964
1967
1972
1974
1979
1982
1986
1989
1994
1996
2001
2004
2008
2011
2016
2018
2023
2026
2030
2033
2038
2040
2045
2048
2052
2055
2060
2062
2067
2070
2074
2077
2082
2084
2089
2092
2096
2099
2104
2106
2111
2114
2118
2121
2126
2129
2133
2136
2141
2143
2148
2151
2155
2158
2163
2165
2170
2173
2177
2180
2185
2187
2192
2195
2199
2202
2207
2209
2214
2217
2221
2224
2229
2231
2236
2239
2243
2246
2251
2253
2258
2261
2265
2268
2273
2275
2280
2283
2288
2290
2295
2298
2302
2305
2310
2312
2317
2320
2324
2327
2332
2334
2339
2342
2346
2349
2354
2356
2361
2364
2368
2371
2376
2378
2383
2386
2390
2393
2398
2400
2405
2408
2412
2415
2420
2422
2427
2430
2434
2437
2442
2444
2449
2452
2457
2459
2464
2467
2471
2474
2479
2481
2486
2489
2493
2496
2501
2506
2510
2516
2520
2526
2530
2536
2540
2546
2550
2556
2560
2566
2569
2575
2579
2585
2589
2595
2599
2605
2609
2615
2619
2625
2629
2635
2638
2644
2648
2654
2658
2664
2668
2674
2678
2684
2688
2694
2698
2704
2707
2713
2717
2723
2727
2733
2737
2743
2747
2753
2757
2763
2767
2773
2776
2782
2786
2792
2796
2802
2806
2812
2816
2822
2826
2832
2836
2842
2845
2851
2855
2861
2865
2871
2875
2881
2885
2891
2895
2901
2905
2911
2914
2920
2924
2930
2934
2940
2944
2950
2954
2960
2964
2970
2974
2980
2983
2989
2995
3000
3006
3011
3017
3022
3028
3033
3039
3044
3050
3055
3061
3066
3072
3077
3083
3088
3094
3099
3105
3110
3116
3121
3127
3132
3138
3143
3149
3154
3160
3165
3171
3176
3182
3187
3193
3198
3204
3209
3215
3220
3226
3231
3237
3242
3248
3253
3259
3264
3270
3275
3281
3286
3292
3297
3303
3308
3314
3319
3325
3330
3336
3341
3347
3352
3358
3363
3369
3374
3381
3385
3392
3396
3403
3407
3414
3418
3425
3429
3436
3440
3447
3451
3456
3459
3465
3468
3474
3477
3483
3486
3491
3495
3500
3504
3509
3513
3518
3521
3527
3530
3536
3539
3545
3548
3553
3557
3562
3566
3571
3575
3580
3583
3589
3592
3598
3601
3607
3610
3615
3619
3624
3628
3633
3637
3642
3645
3651
3654
3660
3663
3669
3672
3677
3681
3686
3690
3695
3699
3704
3708
3713
3716
3722
3725
3731
3734
3740
3743
3748
3752
3757
3761
3766
3770
3775
3778
3784
3787
3793
3796
3802
3805
3810
3814
3819
3823
3828
3832
3837
3840
3846
3849
3855
3858
3864
3867
3872
3876
3881
3885
3890
3894
3899
3902
3908
3911
3917
3920
3926
3929
3935
3938
3943
3947
3952
3956
3961
3965
3970
3973
3979
3982
3988
3991
3997
4000
4005
4009
4014
4018
4023
4027
4032
4035
4041
4044
4050
4053
4059
4064
4068
4073
4077
4082
4086
4092
4095
4101
4104
4110
4114
4119
4123
4128
4132
4137
4141
4147
4150
4156
4159
4165
4169
4174
4178
4183
4187
4193
4196
4202
4205
4211
4214
4220
4224
4229
4233
4238
4242
4248
4251
4257
4260
4266
4270
4275
4279
4284
4288
4293
4297
4303
4306
4312
4315
4321
4325
4330
4334
4339
4343
4348
4352
4358
4361
4367
4370
4376
4380
4385
4389
4394
4398
4404
4407
4413
4416
4422
4425
4431
4435
4440
4444
4449
4453
4459
4462
4468
4471
4477
4481
4486
4490
4495
4499
4504
4508
4514
4517
4523
4526
4532
4536
4541
4545
4550
4554
4559
4563
4569
4572
4577
4580
4585
4588
4594
4597
4602
4605
4610
4614
4619
4622
4627
4630
4636
4639
4644
4647
4652
4656
4661
4664
4669
4672
4678
4681
4686
4689
4694
4698
4703
4706
4711
4714
4720
4723
4728
4731
4736
4740
4745
4748
4753
4757
4762
4765
4770
4773
4779
4782
4787
4790
4795
4799
4804
4807
4812
4815
4821
4824
4829
4832
4837
4841
4846
4849
4854
4857
4863
4866
4871
4874
4879
4883
4888
4891
4896
4899
4905
4908
4913
4916
4921
4925
4930
4933
4938
4942
4947
4950
4955
4958
4964
4967
4972
4975
4980
4984
4989
4992
4997
5000
5006
5009
5014
5017
5022
5026
5031
5034
5039
5042
5048
5051
5056
5059
5064
5068
5073
5076
5081
5084
5090
5093
5098
5101
5106
5110
5115
5118
5123
5127
5132
5135
5140
5143
5149
5152
5157
5160
5165
5169
5172
5176
5179
5183
5186
5191
5193
5198
5200
5205
5208
5212
5215
5219
5222
5226
5229
5234
5236
5241
5243
5248
5251
5255
5258
5262
5265
5269
5272
5277
5279
5284
5286
5291
5294
5298
5301
5305
5308
5312
5315
5320
5322
5327
5329
5334
5337
5341
5344
5348
5351
5355
5358
5363
5365
5370
5372
5377
5380
5384
5387
5391
5394
5398
5401
5406
5408
5413
5415
5420
5423
5427
5430
5434
5437
5441
5444
5449
5451
5456
5458
5463
5466
5470
5473
5477
5480
5484
5487
5492
5494
5499
5501
5506
5509
5513
5516
5520
5523
5528
5530
5535
5537
5542
5544
5549
5552
5556
5559
5563
5566
5571
5573
5578
5580
5585
5587
5592
5595
5599
5602
5606
5609
5614
5616
5621
5623
5628
5630
5635
5638
5642
5645
5649
5652
5657
5659
5664
5666
5671
5673
5678
5681
5685
5688
5692
5695
5700
5702
5707
5709
5714
5716
5721
5724
5728
5731
5736
5740
5746
5750
5756
5760
5766
5770
5776
5780
5786
5790
5796
5799
5805
5809
5815
5819
5825
5829
5835
5839
5845
5849
5855
5859
5864
5868
5874
5878
5884
5888
5894
5898
5904
5908
5914
5918
5924
5927
5933
5937
5943
5947
5953
5957
5963
5967
5973
5977
5983
5987
5992
5996
6002
6006
6012
6016
6022
6026
6032
6036
6042
6046
6052
6055
6061
6065
6071
6075
6081
6085
6091
6095
6101
6105
6111
6115
6121
6124
6130
6134
6140
6144
6150
6154
6160
6164
6170
6174
6180
6184
6189
6193
6199
6203
6209
6213
6219
6223
6229
6234
6237
6242
6246
6251
6254
6260
6263
6268
6271
6277
6280
6285
6289
6294
6297
6303
6306
6311
6314
6320
6323
6328
6332
6337
6340
6346
6349
6354
6357
6363
6366
6371
6375
6380
6383
6388
6392
6397
6400
6406
6409
6414
6418
6423
6426
6431
6435
6440
6443
6449
6452
6457
6461
6466
6469
6474
6478
6483
6486
6492
6495
6500
6503
6509
6512
6517
6521
6526
6529
6535
6538
6543
6546
6552
6555
6560
6564
6569
6572
6578
6581
6586
6589
6595
6598
6603
6607
6612
6615
6620
6624
6629
6632
6638
6641
6646
6650
6655
6658
6663
6667
6672
6675
6681
6684
6689
6693
6698
6701
6706
6710
6715
6718
6724
6727
6732
6735
6741
6744
6749
6753
6758
6761
6767
6770
6775
6781
6786
6793
6798
6805
6809
6816
6821
6828
6833
6839
6844
6851
6856
6863
6868
6874
6879
6886
6891
6898
6902
6909
6914
6921
6926
6933
6937
6944
6949
6956
6961
6967
6972
6979
6984
6991
6996
7002
7007
7014
7019
7026
7030
7037
7042
7049
7054
7061
7065
7072
7077
7084
7089
7095
7100
7107
7112
7119
7124
7130
7135
7142
7147
7154
7158
7165
7170
7177
7182
7188
7193
7200
7205
7212
7217
7223
7228
7235
7240
7247
7251
7258
7263
7270
7275
7282
7286
7293
7298
7305
7310
7316
7321
7328
7333
7340
7345
7351
7356
7361
7364
7369
7372
7377
7380
7385
7388
7393
7396
7401
7404
7409
7412
7417
7420
7425
7428
7433
7436
7441
7444
7449
7452
7457
7460
7465
7468
7473
7476
7481
7485
7490
7493
7498
7501
7506
7509
7514
7517
7522
7525
7530
7533
7538
7541
7546
7549
7554
7557
7562
7565
7570
7573
7578
7581
7586
7589
7594
7597
7602
7606
7610
7615
7618
7623
7626
7631
7634
7639
7642
7647
7650
7655
7658
7663
7666
7671
7674
7679
7682
7687
7690
7695
7698
7703
7706
7711
7714
7719
7722
7727
7731
7735
7740
7743
7748
7751
7756
7759
7764
7767
7772
7775
7780
7783
7788
7791
7796
7799
7804
7807
7812
7815
7820
7823
7828
7831
7836
7839
7844
7847
7852
7858
7862
7868
7872
7878
7883
7889
7893
7899
7903
7910
7914
7920
7924
7930
7934
7941
7945
7951
7955
7961
7966
7972
7976
7982
7986
7993
7997
8003
8007
8013
8017
8024
8028
8034
8038
8044
8049
8055
8059
8065
8069
8075
8080
8086
8090
8096
8100
8107
8111
8117
8121
8127
8132
8138
8142
8148
8152
8158
8163
8169
8173
8179
8183
8190
8194
8200
8204
8210
8215
8221
8225
8231
8235
8241
8246
8252
8256
8262
8266
8273
8277
8283
8287
8293
8297
8304
8308
8314
8318
8324
8329
8335
8339
8345
8349
8356
8360
8366
8370
8376
8380
8387
8391
8394
8398
8401
8406
8408
8413
8416
8420
8423
8428
8430
8435
8438
8442
8445
8450
8452
8457
8460
8464
8467
8472
8474
8479
8482
8486
8489
8494
8496
8501
8504
8508
8511
8516
8518
8523
8525
8530
8533
8537
8540
8545
8547
8552
8555
8559
8562
8567
8569
8574
8577
8581
8584
8589
8591
8596
8599
8603
8606
8611
8613
8618
8621
8625
8628
8633
8635
8640
8643
8647
8650
8654
8657
8662
8664
8669
8672
8676
8679
8684
8686
8691
8694
8698
8701
8706
8708
8713
8716
8720
8723
8728
8730
8735
8738
8742
8745
8750
8752
8757
8760
8764
8767
8772
8774
8779
8782
8786
8789
8793
8796
8801
8803
8808
8811
8815
8818
8823
8825
8830
8833
8837
8840
8845
8847
8852
8855
8859
8862
8867
8869
8874
8877
8881
8884
8889
8891
8896
8899
8903
8906
8911
8913
8918
8920
8925
8928
8932
8935
8940
8942
8947
8950
8954
8957
8962
8964
8969
8972
8978
8983
8989
8994
9000
9005
9012
9016
9023
9027
9034
9039
9045
9050
9056
9061
9068
9072
9079
9083
9090
9095
9101
9106
9112
9117
9123
9128
9135
9139
9146
9150
9157
9162
9168
9173
9179
9184
9191
9195
9202
9206
9213
9218
9224
9229
9235
9240
9246
9251
9258
9262
9269
9273
9280
9285
9291
9296
9302
9307
9314
9318
9325
9329
9336
9341
9347
9352
9358
9363
9370
9374
9381
9385
9392
9396
9403
9408
9414
9419
9425
9430
9434
9437
9442
9445
9450
9453
9458
9461
9466
9469
9474
9477
9482
9485
9490
9492
9497
9500
9505
9508
9513
9516
9521
9524
9529
9532
9537
9540
9545
9548
9553
9555
9560
9563
9568
9571
9576
9579
9584
9587
9592
9595
9600
9603
9608
9611
9616
9618
9623
9626
9631
9634
9639
9642
9647
9650
9655
9658
9663
9666
9671
9674
9679
9681
9686
9689
9694
9697
9702
9705
9710
9713
9718
9721
9726
9729
9734
9737
9742
9744
9749
9752
9757
9760
9765
9768
9773
9776
9781
9784
9789
9792
9797
9800
9805
9807
9812
9815
9820
9823
9828
9831
9836
9839
9844
9847
9852
9855
9860
9863
9868
9870
9875
9878
9883
9886
9891
9894
9900
9905
9912
9917
9924
9929
9936
9941
9948
9953
9960
9965
9972
9977
9984
9989
9996
10001
10008
10012
10019
10024
10031
10036
10043
10048
10055
10060
10067
10072
10079
10084
10091
10096
10103
10108
10115
10120
10127
10131
10138
10143
10150
10155
10162
10167
10174
10179
10186
10191
10198
10203
10210
10215
10222
10227
10234
10239
10246
10250
10257
10262
10269
10274
10281
10286
10293
10298
10305
10310
10317
10322
10329
10334
10341
10346
10353
10358
10365
10369
10376
10381
10388
10393
10400
10405
10412
10417
10424
10429
10436
10440
10443
10447
10450
10455
10457
10462
10465
10469
10472
10477
10479
10484
10487
10491
10494
10499
10501
10506
10508
10513
10516
10520
10523
10528
10530
10535
10538
10542
10545
10550
10552
10557
10560
10564
10567
10571
10574
10579
10581
10586
10589
10593
10596
10601
10603
10608
10611
10615
10618
10623
10625
10630
10632
10637
10640
10644
10647
10652
10654
10659
10662
10666
10669
10674
10676
10681
10684
10688
10691
10695
10698
10703
10705
10710
10713
10717
10720
10725
10727
10732
10735
10739
10742
10747
10749
10754
10756
10761
10764
10768
10771
10776
10778
10783
10786
10790
10793
10798
10800
10805
10808
10812
10815
10819
10822
10827
10829
10834
10837
10841
10844
10849
10851
10856
10859
10863
10866
10871
10873
10878
10880
10885
10888
10892
10895
10900
10902
10907
10910
10914
10920
10924
10930
10935
10941
10945
10952
10956
10962
10967
10973
10977
10984
10988
10994
10998
11005
11009
11015
11020
11026
11030
11037
11041
11047
11052
11058
11062
11068
11073
11079
11083
11090
11094
11100
11105
11111
11115
11122
11126
11132
11137
11143
11147
11153
11158
11164
11168
11175
11179
11185
11190
11196
11200
11207
11211
11217
11221
11228
11232
11238
11243
11249
11253
11260
11264
11270
11275
11281
11285
11291
11296
11302
11306
11313
11317
11323
11328
11334
11338
11345
11349
11355
11360
11366
11371
11374
11379
11382
11387
11390
11395
11398
11403
11406
11411
11414
11419
11423
11428
11431
11436
11439
11444
11447
11452
11455
11460
11463
11468
11471
11476
11480
11485
11488
11493
11496
11501
11504
11509
11512
11517
11520
11525
11528
11533
11537
11542
11545
11550
11553
11558
11561
11566
11569
11574
11577
11582
11585
11590
11594
11599
11602
11607
11610
11615
11618
11623
11626
11631
11634
11639
11642
11647
11651
11656
11659
11664
11667
11672
11675
11680
11683
11688
11691
11696
11699
11704
11708
11713
11716
11721
11724
11729
11732
11737
11740
11745
11748
11753
11756
11761
11765
11770
11773
11778
11781
11786
11789
11794
11797
11802
11805
11810
11813
11818
11822
11827
11830
11835
11838
11843
11846
11851
11854
11859
11862
11867
11870
11875
11879
11884
11887
11892
11895
11901
11906
11913
11918
11925
11930
11937
11942
11949
11954
11961
11966
11973
11978
11985
11990
11997
12002
12009
12014
12021
12026
12033
12038
12045
12050
12057
12062
12069
12074
12081
12086
12093
12097
12104
12109
12116
12121
12128
12133
12140
12145
12152
12157
12164
12169
12176
12181
12188
12193
12200
12205
12212
12217
12224
12229
12236
12241
12248
12253
12260
12265
12272
12277
12284
12289
12295
12300
12307
12312
12319
12324
12331
12336
12343
12348
12355
12360
12367
12372
12379
12384
12391
12396
12400
12403
12408
12410
12415
12418
12422
12425
12430
12432
12437
12440
12444
12447
12452
12454
12459
12462
12466
12469
12474
12476
12481
12484
12488
12491
12496
12498
12503
12506
12510
12513
12518
12520
12525
12528
12532
12535
12540
12542
12547
12550
12554
12557
12562
12565
12569
12572
12577
12579
12584
12587
12591
12594
12599
12601
12606
12609
12613
12616
12621
12623
12628
12631
12635
12638
12643
12645
12650
12653
12657
12660
12665
12667
12672
12675
12679
12682
12687
12689
12694
12697
12701
12704
12709
12711
12716
12719
12724
12726
12731
12734
12738
12741
12746
12748
12753
12756
12760
12763
12768
12770
12775
12778
12782
12785
12790
12792
12797
12800
12804
12807
12812
12814
12819
12822
12826
12829
12834
12836
12841
12844
12848
12851
12856
12858
12863
12866
12870
12873
12878
12880
12885
12888
12893
12895
12900
12903
12907
12910
12915
12917
12922
12925
12929
12932
12937
12942
12946
12952
12956
12962
12966
12972
12976
12982
12986
12992
12996
13002
13005
13011
13015
13021
13025
13031
13035
13041
13045
13051
13055
13061
13065
13071
13074
13080
13084
13090
13094
13100
13104
13110
13114
13120
13124
13130
13134
13140
13143
13149
13153
13159
13163
13169
13173
13179
13183
13189
13193
13199
13203
13209
13212
13218
13222
13228
13232
13238
13242
13248
13252
13258
13262
13268
13272
13278
13281
13287
13291
13297
13301
13307
13311
13317
13321
13327
13331
13337
13341
13347
13350
13356
13360
13366
13370
13376
13380
13386
13390
13396
13400
13406
13410
13416
13419
13425
13431
13436
13442
13447
13453
13458
13464
13469
13475
13480
13486
13491
13497
13502
13508
13513
13519
13524
13530
13535
13541
13546
13552
13557
13563
13568
13574
13579
13585
13590
13596
13601
13607
13612
13618
13623
13629
13634
13640
13645
13651
13656
13662
13667
13673
13678
13684
13689
13695
13700
13706
13711
13717
13722
13728
13733
13739
13744
13750
13755
13761
13766
13772
13777
13783
13788
13794
13799
13805
13810
13817
13821
13828
13832
13839
13843
13850
13854
13861
13865
13872
13876
13883
13887
13892
13895
13901
13904
13910
13913
13919
13922
13927
13931
13936
13940
13945
13949
13954
13957
13963
13966
13972
13975
13981
13984
13989
13993
13998
14002
14007
14011
14016
14019
14025
14028
14034
14037
14043
14046
14051
14055
14060
14064
14069
14073
14078
14081
14087
14090
14096
14099
14105
14108
14113
14117
14122
14126
14131
14135
14140
14144
14149
14152
14158
14161
14167
14170
14176
14179
14184
14188
14193
14197
14202
14206
14211
14214
14220
14223
14229
14232
14238
14241
14246
14250
14255
14259
14264
14268
14273
14276
14282
14285
14291
14294
14300
14303
14308
14312
14317
14321
14326
14330
14335
14338
14344
14347
14353
14356
14362
14365
14371
14374
14379
14383
14388
14392
14397
14401
14406
14409
14415
14418
14424
14427
14433
14436
14441
14445
14450
14454
14459
14463
14468
14471
14477
14480
14486
14489
14495
14500
14504
14509
14513
14518
14522
14528
14531
14537
14540
14546
14550
14555
14559
14564
14568
14573
14577
14583
14586
14592
14595
14601
14605
14610
14614
14619
14623
14629
14632
14638
14641
14647
14650
14656
14660
14665
14669
14674
14678
14684
14687
14693
14696
14702
14706
14711
14715
14720
14724
14729
14733
14739
14742
14748
14751
14757
14761
14766
14770
14775
14779
14784
14788
14794
14797
14803
14806
14812
14816
14821
14825
14830
14834
14840
14843
14849
14852
14858
14861
14867
14871
14876
14880
14885
14889
14895
14898
14904
14907
14913
14917
14922
14926
14931
14935
14940
14944
14950
14953
14959
14962
14968
14972
14977
14981
14986
14990
14995
14999
15005
15008
15013
15016
15021
15024
15030
15033
15038
15041
15046
15050
15055
15058
15063
15066
15072
15075
15080
15083
15088
15092
15097
15100
15105
15108
15114
15117
15122
15125
15130
15134
15139
15142
15147
15150
15156
15159
15164
15167
15172
15176
15181
15184
15189
15193
15198
15201
15206
15209
15215
15218
15223
15226
15231
15235
15240
15243
15248
15251
15257
15260
15265
15268
15273
15277
15282
15285
15290
15293
15299
15302
15307
15310
15315
15319
15324
15327
15332
15335
15341
15344
15349
15352
15357
15361
15366
15369
15374
15378
15383
15386
15391
15394
15400
15403
15408
15411
15416
15420
15425
15428
15433
15436
15442
15445
15450
15453
15458
15462
15467
15470
15475
15478
15484
15487
15492
15495
15500
15504
15509
15512
15517
15520
15526
15529
15534
15537
15542
15546
15551
15554
15559
15563
15568
15571
15576
15579
15585
15588
15593
15596
15601
15605
15608
15612
15615
15619
15622
15627
15629
15634
15636
15641
15644
15648
15651
15655
15658
15662
15665
15670
15672
15677
15679
15684
15687
15691
15694
15698
15701
15705
15708
15713
15715
15720
15722
15727
15730
15734
15737
15741
15744
15748
15751
15756
15758
15763
15765
15770
15773
15777
15780
15784
15787
15791
15794
15799
15801
15806
15808
15813
15816
15820
15823
15827
15830
15834
15837
15842
15844
15849
15851
15856
15859
15863
15866
15870
15873
15877
15880
15885
15887
15892
15894
15899
15902
15906
15909
15913
15916
15920
15923
15928
15930
15935
15937
15942
15945
15949
15952
15956
15959
15964
15966
15971
15973
15978
15980
15985
15988
15992
15995
15999
16002
16007
16009
16014
16016
16021
16023
16028
16031
16035
16038
16042
16045
16050
16052
16057
16059
16064
16066
16071
16074
16078
16081
16085
16088
16093
16095
16100
16102
16107
16109
16114
16117
16121
16124
16128
16131
16136
16138
16143
16145
16150
16152
16157
16160
16164
16167
16172
16176
16182
16186
16192
16196
16202
16206
16212
16216
16222
16226
16232
16235
16241
16245
16251
16255
16261
16265
16271
16275
16281
16285
16291
16295
16300
16304
16310
16314
16320
16324
16330
16334
16340
16344
16350
16354
16360
16363
16369
16373
16379
16383
16389
16393
16399
16403
16409
16413
16419
16423
16428
16432
16438
16442
16448
16452
16458
16462
16468
16472
16478
16482
16488
16491
16497
16501
16507
16511
16517
16521
16527
16531
16537
16541
16547
16551
16557
16560
16566
16570
16576
16580
16586
16590
16596
16600
16606
16610
16616
16620
16625
16629
16635
16639
16645
16649
16655
16659
16665
16670
16673
16678
16682
16687
16690
16696
16699
16704
16707
16713
16716
16721
16725
16730
16733
16739
16742
16747
16750
16756
16759
16764
16768
16773
16776
16782
16785
16790
16793
16799
16802
16807
16811
16816
16819
16824
16828
16833
16836
16842
16845
16850
16854
16859
16862
16867
16871
16876
16879
16885
16888
16893
16897
16902
16905
16910
16914
16919
16922
16928
16931
16936
16939
16945
16948
16953
16957
16962
16965
16971
16974
16979
16982
16988
16991
16996
17000
17005
17008
17014
17017
17022
17025
17031
17034
17039
17043
17048
17051
17056
17060
17065
17068
17074
17077
17082
17086
17091
17094
17099
17103
17108
17111
17117
17120
17125
17129
17134
17137
17142
17146
17151
17154
17160
17163
17168
17171
17177
17180
17185
17189
17194
17197
17203
17206
17211
17217
17222
17229
17234
17241
17245
17252
17257
17264
17269
17275
17280
17287
17292
17299
17304
17310
17315
17322
17327
17334
17338
17345
17350
17357
17362
17369
17373
17380
17385
17392
17397
17403
17408
17415
17420
17427
17432
17438
17443
17450
17455
17462
17466
17473
17478
17485
17490
17497
17501
17508
17513
17520
17525
17531
17536
17543
17548
17555
17560
17566
17571
17578
17583
17590
17594
17601
17606
17613
17618
17624
17629
17636
17641
17648
17653
17659
17664
17671
17676
17683
17687
17694
17699
17706
17711
17718
17722
17729
17734
17741
17746
17752
17757
17764
17769
17776
17781
17787
17792
17797
17800
17805
17808
17813
17816
17821
17824
17829
17832
17837
17840
17845
17848
17853
17856
17861
17864
17869
17872
17877
17880
17885
17888
17893
17896
17901
17904
17909
17912
17917
17921
17926
17929
17934
17937
17942
17945
17950
17953
17958
17961
17966
17969
17974
17977
17982
17985
17990
17993
17998
18001
18006
18009
18014
18017
18022
18025
18030
18033
18038
18042
18046
18051
18054
18059
18062
18067
18070
18075
18078
18083
18086
18091
18094
18099
18102
18107
18110
18115
18118
18123
18126
18131
18134
18139
18142
18147
18150
18155
18158
18163
18167
18171
18176
18179
18184
18187
18192
18195
18200
18203
18208
18211
18216
18219
18224
18227
18232
18235
18240
18243
18248
18251
18256
18259
18264
18267
18272
18275
18280
18283
18288
18294
18298
18304
18308
18314
18319
18325
18329
18335
18339
18346
18350
18356
18360
18366
18370
18377
18381
18387
18391
18397
18402
18408
18412
18418
18422
18429
18433
18439
18443
18449
18453
18460
18464
18470
18474
18480
18485
18491
18495
18501
18505
18511
18516
18522
18526
18532
18536
18543
18547
18553
18557
18563
18568
18574
18578
18584
18588
18594
18599
18605
18609
18615
18619
18626
18630
18636
18640
18646
18651
18657
18661
18667
18671
18677
18682
18688
18692
18698
18702
18709
18713
18719
18723
18729
18733
18740
18744
18750
18754
18760
18765
18771
18775
18781
18785
18792
18796
18802
18806
18812
18816
18823
18827
18830
18834
18837
18842
18844
18849
18852
18856
18859
18864
18866
18871
18874
18878
18881
18886
18888
18893
18896
18900
18903
18908
18910
18915
18918
18922
18925
18930
18932
18937
18940
18944
18947
18952
18954
18959
18961
18966
18969
18973
18976
18981
18983
18988
18991
18995
18998
19003
19005
19010
19013
19017
19020
19025
19027
19032
19035
19039
19042
19047
19049
19054
19057
19061
19064
19069
19071
19076
19079
19083
19086
19090
19093
19098
19100
19105
19108
19112
19115
19120
19122
19127
19130
19134
19137
19142
19144
19149
19152
19156
19159
19164
19166
19171
19174
19178
19181
19186
19188
19193
19196
19200
19203
19208
19210
19215
19218
19222
19225
19229
19232
19237
19239
19244
19247
19251
19254
19259
19261
19266
19269
19273
19276
19281
19283
19288
19291
19295
19298
19303
19305
19310
19313
19317
19320
19325
19327
19332
19335
19339
19342
19347
19349
19354
19356
19361
19364
19368
19371
19376
19378
19383
19386
19390
19393
19398
19400
19405
19408
19414
19419
19425
19430
19436
19441
19448
19452
19459
19463
19470
19475
19481
19486
19492
19497
19504
19508
19515
19519
19526
19531
19537
19542
19548
19553
19559
19564
19571
19575
19582
19586
19593
19598
19604
19609
19615
19620
19627
19631
19638
19642
19649
19654
19660
19665
19671
19676
19682
19687
19694
19698
19705
19709
19716
19721
19727
19732
19738
19743
19750
19754
19761
19765
19772
19777
19783
19788
19794
19799
19806
19810
19817
19821
19828
19832
19839
19844
19850
19855
19861
19866
19870
19873
19878
19881
19886
19889
19894
19897
19902
19905
19910
19913
19918
19921
19926
19928
19933
19936
19941
19944
19949
19952
19957
19960
19965
19968
19973
19976
19981
19984
19989
19991
19996
19999
20004
20007
20012
20015
20020
20023
20028
20031
20036
20039
20044
20047
20052
20054
20059
20062
20067
20070
20075
20078
20083
20086
20091
20094
20099
20102
20107
20110
20115
20117
20122
20125
20130
20133
20138
20141
20146
20149
20154
20157
20162
20165
20170
20173
20178
20180
20185
20188
20193
20196
20201
20204
20209
20212
20217
20220
20225
20228
20233
20236
20241
20243
20248
20251
20256
20259
20264
20267
20272
20275
20280
20283
20288
20291
20296
20299
20304
20306
20311
20314
20319
20322
20327
20330
20336
20341
20348
20353
20360
20365
20372
20377
20384
20389
20396
20401
20408
20413
20420
20425
20432
20437
20444
20448
20455
20460
20467
20472
20479
20484
20491
20496
20503
20508
20515
20520
20527
20532
20539
20544
20551
20556
20563
20567
20574
20579
20586
20591
20598
20603
20610
20615
20622
20627
20634
20639
20646
20651
20658
20663
20670
20675
20682
20686
20693
20698
20705
20710
20717
20722
20729
20734
20741
20746
20753
20758
20765
20770
20777
20782
20789
20794
20801
20805
20812
20817
20824
20829
20836
20841
20848
20853
20860
20865
20872
20876
20879
20883
20886
20891
20893
20898
20901
20905
20908
20913
20915
20920
20923
20927
20930
20935
20937
20942
20944
20949
20952
20956
20959
20964
20966
20971
20974
20978
20981
20986
20988
20993
20996
21000
21003
21007
21010
21015
21017
21022
21025
21029
21032
21037
21039
21044
21047
21051
21054
21059
21061
21066
21068
21073
21076
21080
21083
21088
21090
21095
21098
21102
21105
21110
21112
21117
21120
21124
21127
21131
21134
21139
21141
21146
21149
21153
21156
21161
21163
21168
21171
21175
21178
21183
21185
21190
21192
21197
21200
21204
21207
21212
21214
21219
21222
21226
21229
21234
21236
21241
21244
21248
21251
21255
21258
21263
21265
21270
21273
21277
21280
21285
21287
21292
21295
21299
21302
21307
21309
21314
21316
21321
21324
21328
21331
21336
21338
21343
21346
21350
21356
21360
21366
21371
21377
21381
21388
21392
21398
21403
21409
21413
21420
21424
21430
21434
21441
21445
21451
21456
21462
21466
21473
21477
21483
21488
21494
21498
21504
21509
21515
21519
21526
21530
21536
21541
21547
21551
21558
21562
21568
21573
21579
21583
21589
21594
21600
21604
21611
21615
21621
21626
21632
21636
21643
21647
21653
21657
21664
21668
21674
21679
21685
21689
21696
21700
21706
21711
21717
21721
21727
21732
21738
21742
21749
21753
21759
21764
21770
21774
21781
21785
21791
21796
21802
21807
21810
21815
21818
21823
21826
21831
21834
21839
21842
21847
21850
21855
21859
21864
21867
21872
21875
21880
21883
21888
21891
21896
21899
21904
21907
21912
21916
21921
21924
21929
21932
21937
21940
21945
21948
21953
21956
21961
21964
21969
21973
21978
21981
21986
21989
21994
21997
22002
22005
22010
22013
22018
22021
22026
22030
22035
22038
22043
22046
22051
22054
22059
22062
22067
22070
22075
22078
22083
22087
22092
22095
22100
22103
22108
22111
22116
22119
22124
22127
22132
22135
22140
22144
22149
22152
22157
22160
22165
22168
22173
22176
22181
22184
22189
22192
22197
22201
22206
22209
22214
22217
22222
22225
22230
22233
22238
22241
22246
22249
22254
22258
22263
22266
22271
22274
22279
22282
22287
22290
22295
22298
22303
22306
22311
22315
22320
22323
22328
22331
22337
22342
22349
22354
22361
22366
22373
22378
22385
22390
22397
22402
22409
22414
22421
22426
22433
22438
22445
22450
22457
22462
22469
22474
22481
22486
22493
22498
22505
22510
22517
22522
22529
22533
22540
22545
22552
22557
22564
22569
22576
22581
22588
22593
22600
22605
22612
22617
22624
22629
22636
22641
22648
22653
22660
22665
22672
22677
22684
22689
22696
22701
22708
22713
22720
22725
22731
22736
22743
22748
22755
22760
22767
22772
22779
22784
22791
22796
22803
22808
22815
22820
22827
22832
22836
22839
22844
22846
22851
22854
22858
22861
22866
22868
22873
22876
22880
22883
22888
22890
22895
22898
22902
22905
22910
22912
22917
22920
22924
22927
22932
22934
22939
22942
22946
22949
22954
22956
22961
22964
22968
22971
22976
22978
22983
22986
22990
22993
22998
23001
23005
23008
23013
23015
23020
23023
23027
23030
23035
23037
23042
23045
23049
23052
23057
23059
23064
23067
23071
23074
23079
23081
23086
23089
23093
23096
23101
23103
23108
23111
23115
23118
23123
23125
23130
23133
23137
23140
23145
23147
23152
23155
23160
23162
23167
23170
23174
23177
23182
23184
23189
23192
23196
23199
23204
23206
23211
23214
23218
23221
23226
23228
23233
23236
23240
23243
23248
23250
23255
23258
23262
23265
23270
23272
23277
23280
23284
23287
23292
23294
23299
23302
23306
23309
23314
23316
23321
23324
23329
23331
23336
23339
23343
23346
23351
23353
23358
23361
23365
23368
23373
23378
23382
23388
23392
23398
23402
23408
23412
23418
23422
23428
23432
23438
23441
23447
23451
23457
23461
23467
23471
23477
23481
23487
23491
23497
23501
23507
23510
23516
23520
23526
23530
23536
23540
23546
23550
23556
23560
23566
23570
23576
23579
23585
23589
23595
23599
23605
23609
23615
23619
23625
23629
23635
23639
23645
23648
23654
23658
23664
23668
23674
23678
23684
23688
23694
23698
23704
23708
23714
23717
23723
23727
23733
23737
23743
23747
23753
23757
23763
23767
23773
23777
23783
23786
23792
23796
23802
23806
23812
23816
23822
23826
23832
23836
23842
23846
23852
23855
23861
23867
23872
23878
23883
23889
23894
23900
23905
23911
23916
23922
23927
23933
23938
23944
23949
23955
23960
23966
23971
23977
23982
23988
23993
23999
24004
24010
24015
24021
24026
24032
24037
24043
24048
24054
24059
24065
24070
24076
24081
24087
24092
24098
24103
24109
24114
24120
24125
24131
24136
24142
24147
24153
24158
24164
24169
24175
24180
24186
24191
24197
24202
24208
24213
24219
24224
24230
24235
24241
24246
24253
24257
24264
24268
24275
24279
24286
24290
24297
24301
24308
24312
24319
24323
24328
24331
24337
24340
24346
24349
24355
24358
24363
24367
24372
24376
24381
24385
24390
24393
24399
24402
24408
24411
24417
24420
24425
24429
24434
24438
24443
24447
24452
24455
24461
24464
24470
24473
24479
24482
24487
24491
24496
24500
24505
24509
24514
24517
24523
24526
24532
24535
24541
24544
24549
24553
24558
24562
24567
24571
24576
24580
24585
24588
24594
24597
24603
24606
24612
24615
24620
24624
24629
24633
24638
24642
24647
24650
24656
24659
24665
24668
24674
24677
24682
24686
24691
24695
24700
24704
24709
24712
24718
24721
24727
24730
24736
24739
24744
24748
24753
24757
24762
24766
24771
24774
24780
24783
24789
24792
24798
24801
24807
24810
24815
24819
24824
24828
24833
24837
24842
24845
24851
24854
24860
24863
24869
24872
24877
24881
24886
24890
24895
24899
24904
24907
24913
24916
24922
24925
24931
24936
24940
24945
24949
24954
24958
24964
24967
24973
24976
24982
24986
24991
24995
25000
25004
25009
25013
25019
25022
25028
25031
25037
25041
25046
25050
25055
25059
25065
25068
25074
25077
25083
25086
25092
25096
25101
25105
25110
25114
25120
25123
25129
25132
25138
25142
25147
25151
25156
25160
25165
25169
25175
25178
25184
25187
25193
25197
25202
25206
25211
25215
25220
25224
25230
25233
25239
25242
25248
25252
25257
25261
25266
25270
25276
25279
25285
25288
25294
25297
25303
25307
25312
25316
25321
25325
25331
25334
25340
25343
25349
25353
25358
25362
25367
25371
25376
25380
25386
25389
25395
25398
25404
25408
25413
25417
25422
25426
25431
25435
25441
25444
25449
25452
25457
25460
25466
25469
25474
25477
25482
25486
25491
25494
25499
25502
25508
25511
25516
25519
25524
25528
25533
25536
25541
25544
25550
25553
25558
25561
25566
25570
25575
25578
25583
25586
25592
25595
25600
25603
25608
25612
25617
25620
25625
25629
25634
25637
25642
25645
25651
25654
25659
25662
25667
25671
25676
25679
25684
25687
25693
25696
25701
25704
25709
25713
25718
25721
25726
25729
25735
25738
25743
25746
25751
25755
25760
25763
25768
25771
25777
25780
25785
25788
25793
25797
25802
25805
25810
25814
25819
25822
25827
25830
25836
25839
25844
25847
25852
25856
25861
25864
25869
25872
25878
25881
25886
25889
25894
25898
25903
25906
25911
25914
25920
25923
25928
25931
25936
25940
25945
25948
25953
25956
25962
25965
25970
25973
25978
25982
25987
25990
25995
25999
26004
26007
26012
26015
26021
26024
26029
26032
26037
26041
26044
26048
26051
26055
26058
26063
26065
26070
26072
26077
26080
26084
26087
26091
26094
26098
26101
26106
26108
26113
26115
26120
26123
26127
26130
26134
26137
26141
26144
26149
26151
26156
26158
26163
26166
26170
26173
26177
26180
26184
26187
26192
26194
26199
26201
26206
26209
26213
26216
26220
26223
26227
26230
26235
26237
26242
26244
26249
26252
26256
26259
26263
26266
26270
26273
26278
26280
26285
26287
26292
26295
26299
26302
26306
26309
26313
26316
26321
26323
26328
26330
26335
26338
26342
26345
26349
26352
26356
26359
26364
26366
26371
26373
26378
26381
26385
26388
26392
26395
26400
26402
26407
26409
26414
26416
26421
26424
26428
26431
26435
26438
26443
26445
26450
26452
26457
26459
26464
26467
26471
26474
26478
26481
26486
26488
26493
26495
26500
26502
26507
26510
26514
26517
26521
26524
26529
26531
26536
26538
26543
26545
26550
26553
26557
26560
26564
26567
26572
26574
26579
26581
26586
26588
26593
26596
26600
26603
26608
26612
26618
26622
26628
26632
26638
26642
26648
26652
26658
26662
26668
26671
26677
26681
26687
26691
26697
26701
26707
26711
26717
26721
26727
26731
26736
26740
26746
26750
26756
26760
26766
26770
26776
26780
26786
26790
26796
26799
26805
26809
26815
26819
26825
26829
26835
26839
26845
26849
26855
26859
26864
26868
26874
26878
26884
26888
26894
26898
26904
26908
26914
26918
26924
26927
26933
26937
26943
26947
26953
26957
26963
26967
26973
26977
26983
26987
26993
26996
27002
27006
27012
27016
27022
27026
27032
27036
27042
27046
27052
27056
27061
27065
27071
27075
27081
27085
27091
27095
27101
27106
27109
27114
27118
27123
27126
27132
27135
27140
27143
27149
27152
27157
27161
27166
27169
27175
27178
27183
27186
27192
27195
27200
27204
27209
27212
27218
27221
27226
27229
27235
27238
27243
27247
27252
27255
27260
27264
27269
27272
27278
27281
27286
27290
27295
27298
27303
27307
27312
27315
27321
27324
27329
27333
27338
27341
27346
27350
27355
27358
27364
27367
27372
27375
27381
27384
27389
27393
27398
27401
27407
27410
27415
27418
27424
27427
27432
27436
27441
27444
27450
27453
27458
27461
27467
27470
27475
27479
27484
27487
27492
27496
27501
27504
27510
27513
27518
27522
27527
27530
27535
27539
27544
27547
27553
27556
27561
27565
27570
27573
27578
27582
27587
27590
27596
27599
27604
27607
27613
27616
27621
27625
27630
27633
27639
27642
27647
27653
27658
27665
27670
27677
27681
27688
27693
27700
27705
27711
27716
27723
27728
27735
27740
27746
27751
27758
27763
27770
27774
27781
27786
27793
27798
27805
27809
27816
27821
27828
27833
27839
27844
27851
27856
27863
27868
27874
27879
27886
27891
27898
27902
27909
27914
27921
27926
27933
27937
27944
27949
27956
27961
27967
27972
27979
27984
27991
27996
28002
28007
28014
28019
28026
28030
28037
28042
28049
28054
28060
28065
28072
28077
28084
28089
28095
28100
28107
28112
28119
28123
28130
28135
28142
28147
28154
28158
28165
28170
28177
28182
28188
28193
28200
28205
28212
28217
28223
28228
28233
28236
28241
28244
28249
28252
28257
28260
28265
28268
28273
28276
28281
28284
28289
28292
28297
28300
28305
28308
28313
28316
28321
28324
28329
28332
28337
28340
28345
28348
28353
28357
28362
28365
28370
28373
28378
28381
28386
28389
28394
28397
28402
28405
28410
28413
28418
28421
28426
28429
28434
28437
28442
28445
28450
28453
28458
28461
28466
28469
28474
28478
28482
28487
28490
28495
28498
28503
28506
28511
28514
28519
28522
28527
28530
28535
28538
28543
28546
28551
28554
28559
28562
28567
28570
28575
28578
28583
28586
28591
28594
28599
28603
28607
28612
28615
28620
28623
28628
28631
28636
28639
28644
28647
28652
28655
28660
28663
28668
28671
28676
28679
28684
28687
28692
28695
28700
28703
28708
28711
28716
28719
28724
28730
28734
28740
28744
28750
28755
28761
28765
28771
28775
28782
28786
28792
28796
28802
28806
28813
28817
28823
28827
28833
28838
28844
28848
28854
28858
28865
28869
28875
28879
28885
28889
28896
28900
28906
28910
28916
28921
28927
28931
28937
28941
28947
28952
28958
28962
28968
28972
28979
28983
28989
28993
28999
29004
29010
29014
29020
29024
29030
29035
29041
29045
29051
29055
29062
29066
29072
29076
29082
29087
29093
29097
29103
29107
29113
29118
29124
29128
29134
29138
29145
29149
29155
29159
29165
29169
29176
29180
29186
29190
29196
29201
29207
29211
29217
29221
29228
29232
29238
29242
29248
29252
29259
29263
29266
29270
29273
29278
29280
29285
29288
29292
29295
29300
29302
29307
29310
29314
29317
29322
29324
29329
29332
29336
29339
29344
29346
29351
29354
29358
29361
29366
29368
29373
29376
29380
29383
29388
29390
29395
29397
29402
29405
29409
29412
29417
29419
29424
29427
29431
29434
29439
29441
29446
29449
29453
29456
29461
29463
29468
29471
29475
29478
29483
29485
29490
29493
29497
29500
29505
29507
29512
29515
29519
29522
29526
29529
29534
29536
29541
29544
29548
29551
29556
29558
29563
29566
29570
29573
29578
29580
29585
29588
29592
29595
29600
29602
29607
29610
29614
29617
29622
29624
29629
29632
29636
29639
29644
29646
29651
29654
29658
29661
29665
29668
29673
29675
29680
29683
29687
29690
29695
29697
29702
29705
29709
29712
29717
29719
29724
29727
29731
29734
29739
29741
29746
29749
29753
29756
29761
29763
29768
29771
29775
29778
29783
29785
29790
29792
29797
29800
29804
29807
29812
29814
29819
29822
29826
29829
29834
29836
29841
29844
29850
29855
29861
29866
29872
29877
29884
29888
29895
29899
29906
29911
29917
29922
29928
29933
29940
29944
29951
29955
29962
29967
29973
29978
29984
29989
29995
30000
30007
30011
30018
30022
30029
30034
30040
30045
30051
30056
30063
30067
30074
30078
30085
30090
30096
30101
30107
30112
30118
30123
30130
30134
30141
30145
30152
30157
30163
30168
30174
30179
30186
30190
30197
30201
30208
30213
30219
30224
30230
30235
30242
30246
30253
30257
30264
30268
30275
30280
30286
30291
30297
30302
30306
30309
30314
30317
30322
30325
30330
30333
30338
30341
30346
30349
30354
30357
30362
30364
30369
30372
30377
30380
30385
30388
30393
30396
30401
30404
30409
30412
30417
30420
30425
30427
30432
30435
30440
30443
30448
30451
30456
30459
30464
30467
30472
30475
30480
30483
30488
30490
30495
30498
30503
30506
30511
30514
30519
30522
30527
30530
30535
30538
30543
30546
30551
30553
30558
30561
30566
30569
30574
30577
30582
30585
30590
30593
30598
30601
30606
30609
30614
30616
30621
30624
30629
30632
30637
30640
30645
30648
30653
30656
30661
30664
30669
30672
30677
30679
30684
30687
30692
30695
30700
30703
30708
30711
30716
30719
30724
30727
30732
30735
30740
30742
30747
30750
30755
30758
30763
30766
30772
30777
30784
30789
30796
30801
30808
30813
30820
30825
30832
30837
30844
30849
30856
30861
30868
30873
30880
30884
30891
30896
30903
30908
30915
30920
30927
30932
30939
30944
30951
30956
30963
30968
30975
30980
30987
30992
30999
31003
31010
31015
31022
31027
31034
31039
31046
31051
31058
31063
31070
31075
31082
31087
31094
31099
31106
31111
31118
31122
31129
31134
31141
31146
31153
31158
31165
31170
31177
31182
31189
31194
31201
31206
31213
31218
31225
31230
31237
31241
31248
31253
31260
31265
31272
31277
31284
31289
31296
31301
31308
31312
31315
31319
31322
31327
31329
31334
31337
31341
31344
31349
31351
31356
31359
31363
31366
31371
31373
31378
31380
31385
31388
31392
31395
31400
31402
31407
31410
31414
31417
31422
31424
31429
31432
31436
31439
31443
31446
31451
31453
31458
31461
31465
31468
31473
31475
31480
31483
31487
31490
31495
31497
31502
31504
31509
31512
31516
31519
31524
31526
31531
31534
31538
31541
31546
31548
31553
31556
31560
31563
31567
31570
31575
31577
31582
31585
31589
31592
31597
31599
31604
31607
31611
31614
31619
31621
31626
31628
31633
31636
31640
31643
31648
31650
31655
31658
31662
31665
31670
31672
31677
31680
31684
31687
31691
31694
31699
31701
31706
31709
31713
31716
31721
31723
31728
31731
31735
31738
31743
31745
31750
31752
31757
31760
31764
31767
31772
31774
31779
31782
31786
31792
31796
31802
31807
31813
31817
31824
31828
31834
31839
31845
31849
31856
31860
31866
31870
31877
31881
31887
31892
31898
31902
31909
31913
31919
31924
31930
31934
31940
31945
31951
31955
31962
31966
31972
31977
31983
31987
31994
31998
32004
32009
32015
32019
32025
32030
32036
32040
32047
32051
32057
32062
32068
32072
32079
32083
32089
32093
32100
32104
32110
32115
32121
32125
32132
32136
32142
32147
32153
32157
32163
32168
32174
32178
32185
32189
32195
32200
32206
32210
32217
32221
32227
32232
32238
32243
32246
32251
32254
32259
32262
32267
32270
32275
32278
32283
32286
32291
32295
32300
32303
32308
32311
32316
32319
32324
32327
32332
32335
32340
32343
32348
32352
32357
32360
32365
32368
32373
32376
32381
32384
32389
32392
32397
32400
32405
32409
32414
32417
32422
32425
32430
32433
32438
32441
32446
32449
32454
32457
32462
32466
32471
32474
32479
32482
32487
32490
32495
32498
32503
32506
32511
32514
32519
32523
32528
32531
32536
32539
32544
32547
32552
32555
32560
32563
32568
32571
32576
32580
32585
32588
32593
32596
32601
32604
32609
32612
32617
32620
32625
32628
32633
32637
32642
32645
32650
32653
32658
32661
32666
32669
32674
32677
32682
32685
32690
32694
32699
32702
32707
32710
32715
32718
32723
32726
32731
32734
32739
32742
32747
32751
32756
32759
32764
32767
32773
32778
32785
32790
32797
32802
32809
32814
32821
32826
32833
32838
32845
32850
32857
32862
32869
32874
32881
32886
32893
32898
32905
32910
32917
32922
32929
32934
32941
32946
32953
32958
32965
32969
32976
32981
32988
32993
33000
33005
33012
33017
33024
33029
33036
33041
33048
33053
33060
33065
33072
33077
33084
33089
33096
33101
33108
33113
33120
33125
33132
33137
33144
33149
33156
33161
33167
33172
33179
33184
33191
33196
33203
33208
33215
33220
33227
33232
33239
33244
33251
33256
33263
33268
33272
33275
33280
33282
33287
33290
33294
33297
33302
33304
33309
33312
33316
33319
33324
33326
33331
33334
33338
33341
33346
33348
33353
33356
33360
33363
33368
33370
33375
33378
33382
33385
33390
33392
33397
33400
33404
33407
33412
33414
33419
33422
33426
33429
33434
33437
33441
33444
33449
33451
33456
33459
33463
33466
33471
33473
33478
33481
33485
33488
33493
33495
33500
33503
33507
33510
33515
33517
33522
33525
33529
33532
33537
33539
33544
33547
33551
33554
33559
33561
33566
33569
33573
33576
33581
33583
33588
33591
33596
33598
33603
33606
33610
33613
33618
33620
33625
33628
33632
33635
33640
33642
33647
33650
33654
33657
33662
33664
33669
33672
33676
33679
33684
33686
33691
33694
33698
33701
33706
33708
33713
33716
33720
33723
33728
33730
33735
33738
33742
33745
33750
33752
33757
33760
33765
33767
33772
33775
33779
33782
33787
33789
33794
33797
33801
33804
33809
33814
33818
33824
33828
33834
33838
33844
33848
33854
33858
33864
33868
33874
33877
33883
33887
33893
33897
33903
33907
33913
33917
33923
33927
33933
33937
33943
33946
33952
33956
33962
33966
33972
33976
33982
33986
33992
33996
34002
34006
34012
34015
34021
34025
34031
34035
34041
34045
34051
34055
34061
34065
34071
34075
34081
34084
34090
34094
34100
34104
34110
34114
34120
34124
34130
34134
34140
34144
34150
34153
34159
34163
34169
34173
34179
34183
34189
34193
34199
34203
34209
34213
34219
34222
34228
34232
34238
34242
34248
34252
34258
34262
34268
34272
34278
34282
34288
34291
34297
34303
34308
34314
34319
34325
34330
34336
34341
34347
34352
34358
34363
34369
34374
34380
34385
34391
34396
34402
34407
34413
34418
34424
34429
34435
34440
34446
34451
34457
34462
34468
34473
34479
34484
34490
34495
34501
34506
34512
34517
34523
34528
34534
34539
34545
34550
34556
34561
34567
34572
34578
34583
34589
34594
34600
34605
34611
34616
34622
34627
34633
34638
34644
34649
34655
34660
34666
34671
34677
34682
34689
34693
34700
34704
34711
34715
34722
34726
34733
34737
34744
34748
34755
34759
34764
34767
34773
34776
34782
34785
34791
34794
34799
34803
34808
34812
34817
34821
34826
34829
34835
34838
34844
34847
34853
34856
34861
34865
34870
34874
34879
34883
34888
34891
34897
34900
34906
34909
34915
34918
34923
34927
34932
34936
34941
34945
34950
34953
34959
34962
34968
34971
34977
34980
34985
34989
34994
34998
35003
35007
35012
35016
35021
35024
35030
35033
35039
35042
35048
35051
35056
35060
35065
35069
35074
35078
35083
35086
35092
35095
35101
35104
35110
35113
35118
35122
35127
35131
35136
35140
35145
35148
35154
35157
35163
35166
35172
35175
35180
35184
35189
35193
35198
35202
35207
35210
35216
35219
35225
35228
35234
35237
35243
35246
35251
35255
35260
35264
35269
35273
35278
35281
35287
35290
35296
35299
35305
35308
35313
35317
35322
35326
35331
35335
35340
35343
35349
35352
35358
35361
35367
35372
35376
35381
35385
35390
35394
35400
35403
35409
35412
35418
35422
35427
35431
35436
35440
35445
35449
35455
35458
35464
35467
35473
35477
35482
35486
35491
35495
35501
35504
35510
35513
35519
35522
35528
35532
35537
35541
35546
35550
35556
35559
35565
35568
35574
35578
35583
35587
35592
35596
35601
35605
35611
35614
35620
35623
35629
35633
35638
35642
35647
35651
35656
35660
35666
35669
35675
35678
35684
35688
35693
35697
35702
35706
35712
35715
35721
35724
35730
35733
35739
35743
35748
35752
35757
35761
35767
35770
35776
35779
35785
35789
35794
35798
35803
35807
35812
35816
35822
35825
35831
35834
35840
35844
35849
35853
35858
35862
35867
35871
35877
35880
35885
35888
35893
35896
35902
35905
35910
35913
35918
35922
35927
35930
35935
35938
35944
35947
35952
35955
35960
35964
35969
35972
35977
35980
35986
35989
35994
35997
36002
36006
36011
36014
36019
36022
36028
36031
36036
36039
36044
36048
36053
36056
36061
36065
36070
36073
36078
36081
36087
36090
36095
36098
36103
36107
36112
36115
36120
36123
36129
36132
36137
36140
36145
36149
36154
36157
36162
36165
36171
36174
36179
36182
36187
36191
36196
36199
36204
36207
36213
36216
36221
36224
36229
36233
36238
36241
36246
36250
36255
36258
36263
36266
36272
36275
36280
36283
36288
36292
36297
36300
36305
36308
36314
36317
36322
36325
36330
36334
36339
36342
36347
36350
36356
36359
36364
36367
36372
36376
36381
36384
36389
36392
36398
36401
36406
36409
36414
36418
36423
36426
36431
36435
36440
36443
36448
36451
36457
36460
36465
36468
36473
36477
36480
36484
36487
36491
36494
36499
36501
36506
36508
36513
36516
36520
36523
36527
36530
36534
36537
36542
36544
36549
36551
36556
36559
36563
36566
36570
36573
36577
36580
36585
36587
36592
36594
36599
36602
36606
36609
36613
36616
36620
36623
36628
36630
36635
36637
36642
36645
36649
36652
36656
36659
36663
36666
36671
36673
36678
36680
36685
36688
36692
36695
36699
36702
36706
36709
36714
36716
36721
36723
36728
36731
36735
36738
36742
36745
36749
36752
36757
36759
36764
36766
36771
36774
36778
36781
36785
36788
36792
36795
36800
36802
36807
36809
36814
36817
36821
36824
36828
36831
36836
36838
36843
36845
36850
36852
36857
36860
36864
36867
36871
36874
36879
36881
36886
36888
36893
36895
36900
36903
36907
36910
36914
36917
36922
36924
36929
36931
36936
36938
36943
36946
36950
36953
36957
36960
36965
36967
36972
36974
36979
36981
36986
36989
36993
36996
37000
37003
37008
37010
37015
37017
37022
37024
37029
37032
37036
37039
37044
37048
37054
37058
37064
37068
37074
37078
37084
37088
37094
37098
37104
37107
37113
37117
37123
37127
37133
37137
37143
37147
37153
37157
37163
37167
37172
37176
37182
37186
37192
37196
37202
37206
37212
37216
37222
37226
37232
37235
37241
37245
37251
37255
37261
37265
37271
37275
37281
37285
37291
37295
37300
37304
37310
37314
37320
37324
37330
37334
37340
37344
37350
37354
37360
37363
37369
37373
37379
37383
37389
37393
37399
37403
37409
37413
37419
37423
37429
37432
37438
37442
37448
37452
37458
37462
37468
37472
37478
37482
37488
37492
37497
37501
37507
37511
37517
37521
37527
37531
37537
37542
37545
37550
37554
37559
37562
37568
37571
37576
37579
37585
37588
37593
37597
37602
37605
37611
37614
37619
37622
37628
37631
37636
37640
37645
37648
37654
37657
37662
37665
37671
37674
37679
37683
37688
37691
37696
37700
37705
37708
37714
37717
37722
37726
37731
37734
37739
37743
37748
37751
37757
37760
37765
37769
37774
37777
37782
37786
37791
37794
37800
37803
37808
37811
37817
37820
37825
37829
37834
37837
37843
37846
37851
37854
37860
37863
37868
37872
37877
37880
37886
37889
37894
37897
37903
37906
37911
37915
37920
37923
37928
37932
37937
37940
37946
37949
37954
37958
37963
37966
37971
37975
37980
37983
37989
37992
37997
38001
38006
38009
38014
38018
38023
38026
38032
38035
38040
38043
38049
38052
38057
38061
38066
38069
38075
38078
38083
38089
38094
38101
38106
38113
38117
38124
38129
38136
38141
38147
38152
38159
38164
38171
38176
38182
38187
38194
38199
38206
38210
38217
38222
38229
38234
38241
38245
38252
38257
38264
38269
38275
38280
38287
38292
38299
38304
38310
38315
38322
38327
38334
38338
38345
38350
38357
38362
38369
38373
38380
38385
38392
38397
38403
38408
38415
38420
38427
38432
38438
38443
38450
38455
38462
38466
38473
38478
38485
38490
38496
38501
38508
38513
38520
38525
38531
38536
38543
38548
38555
38559
38566
38571
38578
38583
38590
38594
38601
38606
38613
38618
38624
38629
38636
38641
38648
38653
38659
38664
38669
38672
38677
38680
38685
38688
38693
38696
38701
38704
38709
38712
38717
38720
38725
38728
38733
38736
38741
38744
38749
38752
38757
38760
38765
38768
38773
38776
38781
38784
38789
38793
38798
38801
38806
38809
38814
38817
38822
38825
38830
38833
38838
38841
38846
38849
38854
38857
38862
38865
38870
38873
38878
38881
38886
38889
38894
38897
38902
38905
38910
38914
38918
38923
38926
38931
38934
38939
38942
38947
38950
38955
38958
38963
38966
38971
38974
38979
38982
38987
38990
38995
38998
39003
39006
39011
39014
39019
39022
39027
39030
39035
39039
39043
39048
39051
39056
39059
39064
39067
39072
39075
39080
39083
39088
39091
39096
39099
39104
39107
39112
39115
39120
39123
39128
39131
39136
39139
39144
39147
39152
39155
39160
39166
39170
39176
39180
39186
39191
39197
39201
39207
39211
39218
39222
39228
39232
39238
39242
39249
39253
39259
39263
39269
39274
39280
39284
39290
39294
39301
39305
39311
39315
39321
39325
39332
39336
39342
39346
39352
39357
39363
39367
39373
39377
39383
39388
39394
39398
39404
39408
39415
39419
39425
39429
39435
39440
39446
39450
39456
39460
39466
39471
39477
39481
39487
39491
39498
39502
39508
39512
39518
39523
39529
39533
39539
39543
39549
39554
39560
39564
39570
39574
39581
39585
39591
39595
39601
39605
39612
39616
39622
39626
39632
39637
39643
39647
39653
39657
39664
39668
39674
39678
39684
39688
39695
39699
39702
39706
39709
39714
39716
39721
39724
39728
39731
39736
39738
39743
39746
39750
39753
39758
39760
39765
39768
39772
39775
39780
39782
39787
39790
39794
39797
39802
39804
39809
39812
39816
39819
39824
39826
39831
39833
39838
39841
39845
39848
39853
39855
39860
39863
39867
39870
39875
39877
39882
39885
39889
39892
39897
39899
39904
39907
39911
39914
39919
39921
39926
39929
39933
39936
39941
39943
39948
39951
39955
39958
39962
39965
39970
39972
39977
39980
39984
39987
39992
39994
39999
40002
40006
40009
40014
40016
40021
40024
40028
40031
40036
40038
40043
40046
40050
40053
40058
40060
40065
40068
40072
40075
40080
40082
40087
40090
40094
40097
40101
40104
40109
40111
40116
40119
40123
40126
40131
40133
40138
40141
40145
40148
40153
40155
40160
40163
40167
40170
40175
40177
40182
40185
40189
40192
40197
40199
40204
40207
40211
40214
40219
40221
40226
40228
40233
40236
40240
40243
40248
40250
40255
40258
40262
40265
40270
40272
40277
40280
40286
40291
40297
40302
40308
40313
40320
40324
40331
40335
40342
40347
40353
40358
40364
40369
40376
40380
40387
40391
40398
40403
40409
40414
40420
40425
40431
40436
40443
40447
40454
40458
40465
40470
40476
40481
40487
40492
40499
40503
40510
40514
40521
40526
40532
40537
40543
40548
40554
40559
40566
40570
40577
40581
40588
40593
40599
40604
40610
40615
40622
40626
40633
40637
40644
40649
40655
40660
40666
40671
40678
40682
40689
40693
40700
40704
40711
40716
40722
40727
40733
40738
40742
40745
40750
40753
40758
40761
40766
40769
40774
40777
40782
40785
40790
40793
40798
40800
40805
40808
40813
40816
40821
40824
40829
40832
40837
40840
40845
40848
40853
40856
40861
40863
40868
40871
40876
40879
40884
40887
40892
40895
40900
40903
40908
40911
40916
40919
40924
40926
40931
40934
40939
40942
40947
40950
40955
40958
40963
40966
40971
40974
40979
40982
40987
40989
40994
40997
41002
41005
41010
41013
41018
41021
41026
41029
41034
41037
41042
41045
41050
41052
41057
41060
41065
41068
41073
41076
41081
41084
41089
41092
41097
41100
41105
41108
41113
41115
41120
41123
41128
41131
41136
41139
41144
41147
41152
41155
41160
41163
41168
41171
41176
41178
41183
41186
41191
41194
41199
41202
41208
41213
41220
41225
41232
41237
41244
41249
41256
41261
41268
41273
41280
41285
41292
41297
41304
41309
41316
41320
41327
41332
41339
41344
41351
41356
41363
41368
41375
41380
41387
41392
41399
41404
41411
41416
41423
41428
41435
41439
41446
41451
41458
41463
41470
41475
41482
41487
41494
41499
41506
41511
41518
41523
41530
41535
41542
41547
41554
41558
41565
41570
41577
41582
41589
41594
41601
41606
41613
41618
41625
41630
41637
41642
41649
41654
41661
41666
41673
41677
41684
41689
41696
41701
41708
41713
41720
41725
41732
41737
41744
41748
41751
41755
41758
41763
41765
41770
41773
41777
41780
41785
41787
41792
41795
41799
41802
41807
41809
41814
41816
41821
41824
41828
41831
41836
41838
41843
41846
41850
41853
41858
41860
41865
41868
41872
41875
41879
41882
41887
41889
41894
41897
41901
41904
41909
41911
41916
41919
41923
41926
41931
41933
41938
41940
41945
41948
41952
41955
41960
41962
41967
41970
41974
41977
41982
41984
41989
41992
41996
41999
42003
42006
42011
42013
42018
42021
42025
42028
42033
42035
42040
42043
42047
42050
42055
42057
42062
42064
42069
42072
42076
42079
42084
42086
42091
42094
42098
42101
42106
42108
42113
42116
42120
42123
42127
42130
42135
42137
42142
42145
42149
42152
42157
42159
42164
42167
42171
42174
42179
42181
42186
42188
42193
42196
42200
42203
42208
42210
42215
42218
42222
42228
42232
42238
42243
42249
42253
42260
42264
42270
42275
42281
42285
42292
42296
42302
42306
42313
42317
42323
42328
42334
42338
42345
42349
42355
42360
42366
42370
42376
42381
42387
42391
42398
42402
42408
42413
42419
42423
42430
42434
42440
42445
42451
42455
42461
42466
42472
42476
42483
42487
42493
42498
42504
42508
42515
42519
42525
42529
42536
42540
42546
42551
42557
42561
42568
42572
42578
42583
42589
42593
42599
42604
42610
42614
42621
42625
42631
42636
42642
42646
42653
42657
42663
42668
42674
42679
42682
42687
42690
42695
42698
42703
42706
42711
42714
42719
42722
42727
42731
42736
42739
42744
42747
42752
42755
42760
42763
42768
42771
42776
42779
42784
42788
42793
42796
42801
42804
42809
42812
42817
42820
42825
42828
42833
42836
42841
42845
42850
42853
42858
42861
42866
42869
42874
42877
42882
42885
42890
42893
42898
42902
42907
42910
42915
42918
42923
42926
42931
42934
42939
42942
42947
42950
42955
42959
42964
42967
42972
42975
42980
42983
42988
42991
42996
42999
43004
43007
43012
43016
43021
43024
43029
43032
43037
43040
43045
43048
43053
43056
43061
43064
43069
43073
43078
43081
43086
43089
43094
43097
43102
43105
43110
43113
43118
43121
43126
43130
43135
43138
43143
43146
43151
43154
43159
43162
43167
43170
43175
43178
43183
43187
43192
43195
43200
43203
43209
43214
43221
43226
43233
43238
43245
43250
43257
43262
43269
43274
43281
43286
43293
43298
43305
43310
43317
43322
43329
43334
43341
43346
43353
43358
43365
43370
43377
43382
43389
43394
43401
43405
43412
43417
43424
43429
43436
43441
43448
43453
43460
43465
43472
43477
43484
43489
43496
43501
43508
43513
43520
43525
43532
43537
43544
43549
43556
43561
43568
43573
43580
43585
43592
43597
43603
43608
43615
43620
43627
43632
43639
43644
43651
43656
43663
43668
43675
43680
43687
43692
43699
43704
43708
43711
43716
43718
43723
43726
43730
43733
43738
43740
43745
43748
43752
43755
43760
43762
43767
43770
43774
43777
43782
43784
43789
43792
43796
43799
43804
43806
43811
43814
43818
43821
43826
43828
43833
43836
43840
43843
43848
43850
43855
43858
43862
43865
43870
43873
43877
43880
43885
43887
43892
43895
43899
43902
43907
43909
43914
43917
43921
43924
43929
43931
43936
43939
43943
43946
43951
43953
43958
43961
43965
43968
43973
43975
43980
43983
43987
43990
43995
43997
44002
44005
44009
44012
44017
44019
44024
44027
44032
44034
44039
44042
44046
44049
44054
44056
44061
44064
44068
44071
44076
44078
44083
44086
44090
44093
44098
44100
44105
44108
44112
44115
44120
44122
44127
44130
44134
44137
44142
44144
44149
44152
44156
44159
44164
44166
44171
44174
44178
44181
44186
44188
44193
44196
44201
44203
44208
44211
44215
44218
44223
44225
44230
44233
44237
44240
44245
44250
44254
44260
44264
44270
44274
44280
44284
44290
44294
44300
44304
44310
44313
44319
44323
44329
44333
44339
44343
44349
44353
44359
44363
44369
44373
44379
44382
44388
44392
44398
44402
44408
44412
44418
44422
44428
44432
44438
44442
44448
44451
44457
44461
44467
44471
44477
44481
44487
44491
44497
44501
44507
44511
44517
44520
44526
44530
44536
44540
44546
44550
44556
44560
44566
44570
44576
44580
44586
44589
44595
44599
44605
44609
44615
44619
44625
44629
44635
44639
44645
44649
44655
44658
44664
44668
44674
44678
44684
44688
44694
44698
44704
44708
44714
44718
44724
44727
44733
44739
44744
44750
44755
44761
44766
44772
44777
44783
44788
44794
44799
44805
44810
44816
44821
44827
44832
44838
44843
44849
44854
44860
44865
44871
44876
44882
44887
44893
44898
44904
44909
44915
44920
44926
44931
44937
44942
44948
44953
44959
44964
44970
44975
44981
44986
44992
44997
45003
45008
45014
45019
45025
45030
45036
45041
45047
45052
45058
45063
45069
45074
45080
45085
45091
45096
45102
45107
45113
45118
45125
45129
45136
45140
45147
45151
45158
45162
45169
45173
45180
45184
45191
45195
45200
45203
45209
45212
45218
45221
45227
45230
45235
45239
45244
45248
45253
45257
45262
45265
45271
45274
45280
45283
45289
45292
45297
45301
45306
45310
45315
45319
45324
45327
45333
45336
45342
45345
45351
45354
45359
45363
45368
45372
45377
45381
45386
45389
45395
45398
45404
45407
45413
45416
45421
45425
45430
45434
45439
45443
45448
45452
45457
45460
45466
45469
45475
45478
45484
45487
45492
45496
45501
45505
45510
45514
45519
45522
45528
45531
45537
45540
45546
45549
45554
45558
45563
45567
45572
45576
45581
45584
45590
45593
45599
45602
45608
45611
45616
45620
45625
45629
45634
45638
45643
45646
45652
45655
45661
45664
45670
45673
45679
45682
45687
45691
45696
45700
45705
45709
45714
45717
45723
45726
45732
45735
45741
45744
45749
45753
45758
45762
45767
45771
45776
45779
45785
45788
45794
45797
45803
45808
45812
45817
45821
45826
45830
45836
45839
45845
45848
45854
45858
45863
45867
45872
45876
45881
45885
45891
45894
45900
45903
45909
45913
45918
45922
45927
45931
45937
45940
45946
45949
45955
45958
45964
45968
45973
45977
45982
45986
45992
45995
46001
46004
46010
46014
46019
46023
46028
46032
46037
46041
46047
46050
46056
46059
46065
46069
46074
46078
46083
46087
46092
46096
46102
46105
46111
46114
46120
46124
46129
46133
46138
46142
46148
46151
46157
46160
46166
46169
46175
46179
46184
46188
46193
46197
46203
46206
46212
46215
46221
46225
46230
46234
46239
46243
46248
46252
46258
46261
46267
46270
46276
46280
46285
46289
46294
46298
46303
46307
46313
46316
46321
46324
46329
46332
46338
46341
46346
46349
46354
46358
46363
46366
46371
46374
46380
46383
46388
46391
46396
46400
46405
46408
46413
46416
46422
46425
46430
46433
46438
46442
46447
46450
46455
46458
46464
46467
46472
46475
46480
46484
46489
46492
46497
46501
46506
46509
46514
46517
46523
46526
46531
46534
46539
46543
46548
46551
46556
46559
46565
46568
46573
46576
46581
46585
46590
46593
46598
46601
46607
46610
46615
46618
46623
46627
46632
46635
46640
46643
46649
46652
46657
46660
46665
46669
46674
46677
46682
46686
46691
46694
46699
46702
46708
46711
46716
46719
46724
46728
46733
46736
46741
46744
46750
46753
46758
46761
46766
46770
46775
46778
46783
46786
46792
46795
46800
46803
46808
46812
46817
46820
46825
46828
46834
46837
46842
46845
46850
46854
46859
46862
46867
46871
46876
46879
46884
46887
46893
46896
46901
46904
46909
46913
46916
46920
46923
46927
46930
46935
46937
46942
46944
46949
46952
46956
46959
46963
46966
46970
46973
46978
46980
46985
46987
46992
46995
46999
47002
47006
47009
47013
47016
47021
47023
47028
47030
47035
47038
47042
47045
47049
47052
47056
47059
47064
47066
47071
47073
47078
47081
47085
47088
47092
47095
47099
47102
47107
47109
47114
47116
47121
47124
47128
47131
47135
47138
47142
47145
47150
47152
47157
47159
47164
47167
47171
47174
47178
47181
47185
47188
47193
47195
47200
47202
47207
47210
47214
47217
47221
47224
47228
47231
47236
47238
47243
47245
47250
47253
47257
47260
47264
47267
47272
47274
47279
47281
47286
47288
47293
47296
47300
47303
47307
47310
47315
47317
47322
47324
47329
47331
47336
47339
47343
47346
47350
47353
47358
47360
47365
47367
47372
47374
47379
47382
47386
47389
47393
47396
47401
47403
47408
47410
47415
47417
47422
47425
47429
47432
47436
47439
47444
47446
47451
47453
47458
47460
47465
47468
47472
47475
47480
47484
47490
47494
47500
47504
47510
47514
47520
47524
47530
47534
47540
47543
47549
47553
47559
47563
47569
47573
47579
47583
47589
47593
47599
47603
47608
47612
47618
47622
47628
47632
47638
47642
47648
47652
47658
47662
47668
47671
47677
47681
47687
47691
47697
47701
47707
47711
47717
47721
47727
47731
47736
47740
47746
47750
47756
47760
47766
47770
47776
47780
47786
47790
47796
47799
47805
47809
47815
47819
47825
47829
47835
47839
47845
47849
47855
47859
47865
47868
47874
47878
47884
47888
47894
47898
47904
47908
47914
47918
47924
47928
47933
47937
47943
47947
47953
47957
47963
47967
47973
47978
47981
47986
47990
47995
47998
48004
48007
48012
48015
48021
48024
48029
48033
48038
48041
48047
48050
48055
48058
48064
48067
48072
48076
48081
48084
48090
48093
48098
48101
48107
48110
48115
48119
48124
48127
48132
48136
48141
48144
48150
48153
48158
48162
48167
48170
48175
48179
48184
48187
48193
48196
48201
48205
48210
48213
48218
48222
48227
48230
48236
48239
48244
48247
48253
48256
48261
48265
48270
48273
48279
48282
48287
48290
48296
48299
48304
48308
48313
48316
48322
48325
48330
48333
48339
48342
48347
48351
48356
48359
48364
48368
48373
48376
48382
48385
48390
48394
48399
48402
48407
48411
48416
48419
48425
48428
48433
48437
48442
48445
48450
48454
48459
48462
48468
48471
48476
48479
48485
48488
48493
48497
48502
48505
48511
48514
48519
48525
48530
48537
48542
48549
48553
48560
48565
48572
48577
48583
48588
48595
48600
48607
48612
48618
48623
48630
48635
48642
48646
48653
48658
48665
48670
48677
48681
48688
48693
48700
48705
48711
48716
48723
48728
48735
48740
48746
48751
48758
48763
48770
48774
48781
48786
48793
48798
48805
48809
48816
48821
48828
48833
48839
48844
48851
48856
48863
48868
48874
48879
48886
48891
48898
48902
48909
48914
48921
48926
48932
48937
48944
48949
48956
48961
48967
48972
48979
48984
48991
48995
49002
49007
49014
49019
49026
49030
49037
49042
49049
49054
49060
49065
49072
49077
49084
49089
49095
49100
49105
49108
49113
49116
49121
49124
49129
49132
49137
49140
49145
49148
49153
49156
49161
49164
49169
49172
49177
49180
49185
49188
49193
49196
49201
49204
49209
49212
49217
49220
49225
49229
49234
49237
49242
49245
49250
49253
49258
49261
49266
49269
49274
49277
49282
49285
49290
49293
49298
49301
49306
49309
49314
49317
49322
49325
49330
49333
49338
49341
49346
49350
49354
49359
49362
49367
49370
49375
49378
49383
49386
49391
49394
49399
49402
49407
49410
49415
49418
49423
49426
49431
49434
49439
49442
49447
49450
49455
49458
49463
49466
49471
49475
49479
49484
49487
49492
49495
49500
49503
49508
49511
49516
49519
49524
49527
49532
49535
49540
49543
49548
49551
49556
49559
49564
49567
49572
49575
49580
49583
49588
49591
49596
49602
49606
49612
49616
49622
49627
49633
49637
49643
49647
49654
49658
49664
49668
49674
49678
49685
49689
49695
49699
49705
49710
49716
49720
49726
49730
49737
49741
49747
49751
49757
49761
49768
49772
49778
49782
49788
49793
49799
49803
49809
49813
49819
49824
49830
49834
49840
49844
49851
49855
49861
49865
49871
49876
49882
49886
49892
49896
49902
49907
49913
49917
49923
49927
49934
49938
49944
49948
49954
49959
49965
49969
49975
49979
49985
49990
49996
50000
50006
50010
50017
50021
50027
50031
50037
50041
50048
50052
50058
50062
50068
50073
50079
50083
50089
50093
50100
50104
50110
50114
50120
50124
50131
50135
50138
50142
50145
50150
50152
50157
50160
50164
50167
50172
50174
50179
50182
50186
50189
50194
50196
50201
50204
50208
50211
50216
50218
50223
50226
50230
50233
50238
50240
50245
50248
50252
50255
50260
50262
50267
50269
50274
50277
50281
50284
50289
50291
50296
50299
50303
50306
50311
50313
50318
50321
50325
50328
50333
50335
50340
50343
50347
50350
50355
50357
50362
50365
50369
50372
50377
50379
50384
50387
50391
50394
50398
50401
50406
50408
50413
50416
50420
50423
50428
50430
50435
50438
50442
50445
50450
50452
50457
50460
50464
50467
50472
50474
50479
50482
50486
50489
50494
50496
50501
50504
50508
50511
50516
50518
50523
50526
50530
50533
50537
50540
50545
50547
50552
50555
50559
50562
50567
50569
50574
50577
50581
50584
50589
50591
50596
50599
50603
50606
50611
50613
50618
50621
50625
50628
50633
50635
50640
50643
50647
50650
50655
50657
50662
50664
50669
50672
50676
50679
50684
50686
50691
50694
50698
50701
50706
50708
50713
50716
50722
50727
50733
50738
50744
50749
50756
50760
50767
50771
50778
50783
50789
50794
50800
50805
50812
50816
50823
50827
50834
50839
50845
50850
50856
50861
50867
50872
50879
50883
50890
50894
50901
50906
50912
50917
50923
50928
50935
50939
50946
50950
50957
50962
50968
50973
50979
50984
50990
50995
51002
51006
51013
51017
51024
51029
51035
51040
51046
51051
51058
51062
51069
51073
51080
51085
51091
51096
51102
51107
51114
51118
51125
51129
51136
51140
51147
51152
51158
51163
51169
51174
51178
51181
51186
51189
51194
51197
51202
51205
51210
51213
51218
51221
51226
51229
51234
51236
51241
51244
51249
51252
51257
51260
51265
51268
51273
51276
51281
51284
51289
51292
51297
51299
51304
51307
51312
51315
51320
51323
51328
51331
51336
51339
51344
51347
51352
51355
51360
51362
51367
51370
51375
51378
51383
51386
51391
51394
51399
51402
51407
51410
51415
51418
51423
51425
51430
51433
51438
51441
51446
51449
51454
51457
51462
51465
51470
51473
51478
51481
51486
51488
51493
51496
51501
51504
51509
51512
51517
51520
51525
51528
51533
51536
51541
51544
51549
51551
51556
51559
51564
51567
51572
51575
51580
51583
51588
51591
51596
51599
51604
51607
51612
51614
51619
51622
51627
51630
51635
51638
51644
51649
51656
51661
51668
51673
51680
51685
51692
51697
51704
51709
51716
51721
51728
51733
51740
51745
51752
51756
51763
51768
51775
51780
51787
51792
51799
51804
51811
51816
51823
51828
51835
51840
51847
51852
51859
51864
51871
51875
51882
51887
51894
51899
51906
51911
51918
51923
51930
51935
51942
51947
51954
51959
51966
51971
51978
51983
51990
51994
52001
52006
52013
52018
52025
52030
52037
52042
52049
52054
52061
52066
52073
52078
52085
52090
52097
52102
52109
52113
52120
52125
52132
52137
52144
52149
52156
52161
52168
52173
52180
