8
15
23
30
38
45
54
60
69
75
84
90
99
106
114
121
129
136
144
151
160
166
175
181
190
196
205
212
220
227
235
242
250
257
266
272
281
287
296
303
311
318
326
333
341
348
357
363
372
378
387
393
402
409
417
424
432
439
447
454
463
469
478
484
493
500
507
516
522
531
537
546
553
561
568
576
583
591
598
607
613
622
628
637
643
648
652
658
661
667
671
676
680
686
689
695
699
704
708
714
717
723
727
732
736
742
746
751
755
761
764
770
774
779
783
789
792
798
802
807
811
817
820
826
830
835
839
845
849
854
858
864
867
873
877
882
886
892
895
901
905
910
914
920
923
929
933
938
942
948
952
957
961
967
970
976
980
985
989
995
998
1004
1008
1013
1017
1023
1026
1032
1036
1041
1045
1051
1055
1060
1064
1070
1073
1079
1083
1088
1092
1098
1101
1107
1111
1116
1120
1126
1129
1135
1139
1144
1148
1154
1158
1163
1167
1173
1176
1182
1186
1191
1195
1201
1204
1210
1214
1219
1223
1229
1232
1238
1242
1247
1251
1257
1261
1266
1270
1276
1279
1285
1289
1294
1298
1304
1307
1313
1318
1321
1326
1329
1334
1338
1343
1346
1351
1354
1360
1363
1368
1371
1376
1380
1385
1388
1393
1396
1401
1405
1410
1413
1418
1421
1427
1430
1435
1438
1443
1447
1452
1455
1460
1463
1469
1472
1477
1480
1485
1488
1494
1497
1502
1505
1510
1514
1519
1522
1527
1530
1536
1539
1544
1547
1552
1556
1561
1564
1569
1572
1577
1581
1586
1589
1594
1597
1603
1606
1611
1614
1619
1623
1628
1631
1636
1639
1645
1648
1653
1656
1661
1664
1670
1673
1678
1681
1686
1690
1695
1698
1703
1706
1712
1715
1720
1723
1728
1731
1737
1740
1745
1748
1753
1757
1762
1765
1770
1773
1779
1782
1787
1790
1795
1799
1804
1807
1812
1815
1820
1824
1829
1832
1837
1840
1846
1849
1854
1857
1862
1866
1871
1874
1879
1882
1888
1891
1896
1899
1904
1907
1913
1916
1921
1924
1930
1934
1940
1944
1950
1954
1960
1964
1970
1975
1981
1985
1991
1995
2001
2005
2011
2015
2022
2026
2032
2036
2042
2046
2052
2056
2062
2067
2073
2077
2083
2087
2093
2097
2103
2107
2114
2118
2124
2128
2134
2138
2144
2148
2154
2159
2165
2169
2175
2179
2185
2189
2195
2199
2206
2210
2216
2220
2226
2230
2236
2240
2246
2251
2257
2261
2267
2271
2277
2281
2287
2291
2298
2302
2308
2312
2318
2322
2328
2332
2338
2343
2349
2353
2359
2363
2369
2373
2379
2383
2390
2394
2400
2404
2410
2414
2420
2424
2430
2435
2441
2445
2451
2455
2461
2465
2471
2475
2482
2486
2492
2496
2502
2506
2512
2516
2522
2527
2533
2537
2543
2547
2553
2557
2561
2564
2568
2571
2575
2578
2582
2585
2589
2592
2597
2599
2604
2606
2611
2613
2618
2620
2625
2627
2632
2635
2639
2642
2646
2649
2653
2656
2660
2663
2668
2670
2675
2677
2682
2684
2689
2691
2696
2698
2703
2706
2710
2713
2717
2720
2724
2727
2731
2734
2739
2741
2746
2748
2753
2755
2760
2762
2767
2769
2774
2777
2781
2784
2788
2791
2795
2798
2802
2805
2809
2812
2817
2819
2824
2826
2831
2833
2838
2840
2845
2848
2852
2855
2859
2862
2866
2869
2873
2876
2880
2883
2888
2890
2895
2897
2902
2904
2909
2911
2916
2919
2923
2926
2930
2933
2937
2940
2944
2947
2951
2954
2959
2961
2966
2968
2973
2975
2980
2982
2987
2990
2994
2997
3001
3004
3008
3011
3015
3018
3022
3025
3030
3032
3037
3039
3044
3046
3051
3053
3058
3060
3065
3068
3072
3075
3079
3082
3086
3089
3093
3096
3101
3103
3108
3110
3115
3117
3122
3124
3129
3131
3136
3139
3143
3146
3150
3153
3157
3160
3164
3167
3172
3174
3179
3181
3186
3188
3193
3195
3200
3202
3207
3210
3214
3217
3221
3224
3228
3231
3235
3238
3242
3245
3249
3252
3256
3259
3264
3266
3271
3273
3278
3280
3285
3288
3292
3295
3299
3302
3306
3309
3314
3316
3321
3323
3328
3330
3335
3338
3342
3345
3349
3352
3356
3359
3363
3366
3371
3373
3378
3380
3385
3387
3392
3395
3399
3402
3406
3409
3413
3416
3421
3423
3428
3430
3435
3437
3442
3445
3449
3452
3456
3459
3463
3466
3471
3473
3478
3480
3485
3487
3492
3494
3499
3502
3506
3509
3513
3516
3520
3523
3528
3530
3535
3537
3542
3544
3549
3552
3556
3559
3563
3566
3570
3573
3578
3580
3585
3587
3592
3594
3599
3601
3606
3609
3613
3616
3620
3623
3627
3630
3635
3637
3642
3644
3649
3651
3656
3659
3663
3666
3670
3673
3677
3680
3685
3687
3692
3694
3699
3701
3706
3709
3713
3716
3720
3723
3727
3730
3734
3737
3742
3744
3749
3751
3756
3758
3763
3766
3770
3773
3777
3780
3784
3787
3792
3794
3799
3801
3806
3808
3813
3816
3820
3823
3827
3830
3834
3837
3841
3844
3849
3851
3855
3858
3863
3866
3870
3873
3878
3881
3886
3888
3893
3896
3901
3903
3908
3911
3916
3919
3923
3926
3931
3934
3939
3941
3946
3949
3954
3956
3961
3964
3969
3972
3976
3979
3984
3987
3992
3994
3999
4002
4007
4009
4014
4017
4022
4025
4029
4032
4037
4040
4045
4047
4052
4055
4060
4062
4067
4070
4075
4078
4082
4085
4090
4093
4098
4100
4105
4108
4113
4115
4120
4123
4128
4131
4135
4138
4143
4146
4151
4153
4158
4161
4166
4168
4173
4176
4181
4184
4188
4191
4196
4199
4204
4206
4211
4214
4219
4221
4226
4229
4234
4237
4241
4244
4249
4252
4257
4259
4264
4267
4272
4274
4279
4282
4287
4290
4294
4297
4302
4305
4310
4312
4317
4320
4325
4327
4332
4335
4340
4343
4347
4350
4355
4358
4363
4365
4370
4373
4378
4380
4385
4388
4393
4396
4400
4403
4408
4411
4416
4418
4423
4426
4431
4433
4438
4441
4446
4449
4453
4456
4461
4464
4469
4474
4477
4482
4485
4490
4493
4498
4501
4506
4509
4514
4517
4522
4525
4530
4533
4538
4541
4546
4549
4554
4557
4562
4565
4570
4573
4578
4581
4586
4589
4594
4597
4602
4605
4610
4613
4618
4621
4626
4629
4634
4637
4642
4645
4650
4653
4658
4661
4666
4670
4675
4678
4683
4686
4691
4694
4699
4702
4707
4710
4715
4718
4723
4726
4731
4734
4739
4742
4747
4750
4755
4758
4763
4766
4771
4774
4779
4782
4787
4790
4795
4798
4803
4806
4811
4814
4819
4822
4827
4830
4835
4838
4843
4846
4851
4854
4859
4862
4867
4871
4876
4879
4884
4887
4892
4895
4900
4903
4908
4911
4916
4919
4924
4927
4932
4935
4940
4943
4948
4951
4956
4959
4964
4967
4972
4975
4980
4983
4988
4991
4996
4999
5004
5007
5012
5015
5020
5023
5028
5031
5036
5039
5044
5047
5052
5055
5060
5063
5068
5072
5077
5080
5085
5088
5093
5096
5101
5104
5109
5112
5117
5120
5125
5128
5133
5136
5142
5146
5152
5156
5162
5166
5172
5176
5182
5187
5193
5197
5203
5207
5213
5217
5223
5227
5233
5238
5244
5248
5254
5258
5264
5268
5274
5278
5285
5289
5295
5299
5305
5309
5315
5319
5325
5329
5336
5340
5346
5350
5356
5360
5366
5370
5376
5381
5387
5391
5397
5401
5407
5411
5417
5421
5427
5432
5438
5442
5448
5452
5458
5462
5468
5472
5478
5483
5489
5493
5499
5503
5509
5513
5519
5523
5530
5534
5540
5544
5550
5554
5560
5564
5570
5574
5581
5585
5591
5595
5601
5605
5611
5615
5621
5626
5632
5636
5642
5646
5652
5656
5662
5666
5672
5677
5683
5687
5693
5697
5703
5707
5713
5717
5723
5728
5734
5738
5744
5748
5754
5758
5764
5768
5775
5779
5787
5794
5803
5810
5819
5826
5835
5841
5850
5857
5866
5873
5882
5889
5898
5904
5913
5920
5929
5936
5945
5952
5961
5967
5976
5983
5992
5999
6008
6015
6024
6030
6039
6046
6055
6062
6071
6078
6087
6093
6102
6109
6118
6125
6134
6141
6150
6156
6165
6172
6181
6188
6197
6204
6213
6219
6228
6235
6244
6251
6260
6267
6276
6282
6291
6298
6307
6314
6323
6330
6339
6345
6354
6361
6370
6377
6386
6393
6402
6408
6417
6424
6433
6440
6449
6456
6465
6469
6472
6477
6479
6484
6487
6492
6494
6499
6502
6506
6509
6514
6517
6521
6524
6529
6532
6536
6539
6544
6546
6551
6554
6559
6561
6566
6569
6574
6576
6581
6584
6588
6591
6596
6599
6603
6606
6611
6614
6618
6621
6626
6628
6633
6636
6641
6643
6648
6651
6656
6658
6663
6666
6670
6673
6678
6681
6685
6688
6693
6695
6700
6703
6708
6710
6715
6718
6723
6725
6730
6733
6737
6740
6745
6748
6752
6755
6760
6763
6767
6770
6775
6777
6782
6785
6790
6792
6797
6800
6805
6807
6812
6815
6819
6822
6827
6830
6834
6837
6842
6845
6849
6852
6857
6859
6864
6867
6872
6874
6879
6882
6886
6889
6894
6897
6901
6904
6909
6912
6916
6919
6924
6926
6931
6934
6939
6941
6946
6949
6954
6956
6961
6964
6968
6971
6976
6979
6983
6986
6991
6994
6998
7001
7006
7008
7013
7016
7021
7023
7028
7031
7036
7038
7043
7046
7050
7053
7058
7061
7065
7068
7073
7075
7080
7083
7088
7090
7095
7098
7102
7105
7110
7113
7118
7120
7125
7128
7133
7136
7140
7143
7148
7151
7156
7158
7163
7166
7171
7174
7178
7181
7186
7189
7194
7197
7201
7204
7209
7212
7217
7219
7224
7227
7232
7235
7239
7242
7247
7250
7255
7257
7262
7265
7270
7273
7277
7280
7285
7288
7293
7296
7300
7303
7308
7311
7316
7318
7323
7326
7331
7334
7338
7341
7346
7349
7354
7356
7361
7364
7369
7372
7377
7379
7384
7387
7392
7395
7399
7402
7407
7410
7415
7417
7422
7425
7430
7433
7437
7440
7445
7448
7453
7455
7460
7463
7468
7471
7476
7478
7483
7486
7491
7494
7498
7501
7506
7509
7514
7516
7521
7524
7529
7532
7536
7539
7544
7547
7552
7554
7559
7562
7567
7570
7575
7577
7582
7585
7590
7593
7597
7600
7605
7608
7613
7615
7620
7623
7628
7631
7635
7638
7643
7646
7651
7654
7658
7661
7666
7669
7674
7676
7681
7684
7689
7692
7696
7699
7704
7707
7712
7718
7722
7729
7733
7739
7744
7750
7754
7761
7765
7771
7776
7782
7786
7793
7797
7803
7808
7814
7818
7825
7829
7835
7840
7846
7851
7857
7861
7868
7872
7878
7883
7889
7893
7900
7904
7910
7915
7921
7925
7932
7936
7942
7947
7953
7957
7964
7968
7975
7979
7985
7990
7996
8000
8007
8011
8017
8022
8028
8032
8039
8043
8049
8054
8060
8064
8071
8075
8081
8086
8092
8097
8103
8107
8114
8118
8124
8129
8135
8139
8146
8150
8156
8161
8167
8171
8178
8182
8188
8193
8199
8203
8210
8214
8221
8225
8231
8236
8242
8246
8253
8257
8263
8268
8274
8278
8285
8289
8295
8300
8306
8310
8317
8321
8327
8332
8338
8343
8348
8352
8357
8361
8366
8370
8375
8379
8384
8388
8393
8397
8402
8406
8412
8415
8421
8424
8430
8433
8439
8442
8448
8451
8457
8460
8466
8470
8475
8479
8484
8488
8493
8497
8502
8506
8511
8515
8520
8524
8530
8533
8539
8542
8548
8551
8557
8560
8566
8569
8575
8578
8584
8587
8593
8597
8602
8606
8611
8615
8620
8624
8629
8633
8638
8642
8647
8651
8657
8660
8666
8669
8675
8678
8684
8687
8693
8696
8702
8705
8711
8715
8720
8724
8729
8733
8738
8742
8747
8751
8756
8760
8765
8769
8775
8778
8784
8787
8793
8796
8802
8805
8811
8814
8820
8823
8829
8832
8838
8842
8847
8851
8856
8860
8865
8869
8874
8878
8883
8887
8892
8896
8902
8905
8911
8914
8920
8923
8929
8932
8938
8941
8947
8950
8956
8960
8965
8969
8974
8978
8983
8987
8995
9001
9009
9015
9023
9030
9038
9044
9052
9058
9066
9073
9081
9087
9095
9101
9110
9116
9124
9130
9138
9144
9153
9159
9167
9173
9181
9187
9196
9202
9210
9216
9224
9231
9239
9245
9253
9259
9267
9274
9282
9288
9296
9302
9310
9317
9325
9331
9339
9345
9354
9360
9368
9374
9382
9388
9397
9403
9411
9417
9425
9431
9440
9446
9454
9460
9468
9475
9483
9489
9497
9503
9511
9518
9526
9532
9540
9546
9554
9561
9569
9575
9583
9589
9598
9603
9606
9611
9614
9619
9622
9627
9630
9635
9638
9643
9646
9651
9654
9659
9662
9667
9670
9675
9678
9683
9686
9691
9694
9699
9702
9707
9710
9715
9718
9723
9726
9731
9734
9739
9742
9747
9750
9755
9758
9763
9766
9771
9774
9779
9782
9787
9790
9795
9798
9803
9806
9811
9814
9819
9822
9827
9830
9835
9838
9843
9846
9851
9854
9859
9862
9867
9870
9875
9878
9883
9886
9891
9894
9899
9902
9907
9910
9915
9918
9923
9926
9931
9935
9940
9943
9948
9951
9956
9959
9964
9967
9972
9975
9980
9983
9988
9991
9996
9999
10004
10007
10012
10015
10020
10023
10028
10031
10036
10039
10044
10047
10052
10055
10060
10063
10068
10071
10076
10079
10084
10087
10092
10095
10100
10103
10108
10111
10116
10119
10124
10127
10132
10135
10140
10143
10148
10151
10156
10159
10164
10167
10172
10175
10180
10183
10188
10191
10196
10199
10204
10207
10212
10215
10220
10223
10228
10231
10236
10239
10244
10252
10259
10267
10274
10282
10289
10298
10304
10313
10319
10328
10334
10343
10350
10358
10365
10373
10380
10388
10395
10404
10410
10419
10425
10434
10440
10449
10456
10464
10471
10479
10486
10494
10501
10510
10516
10525
10531
10540
10547
10555
10562
10570
10577
10585
10592
10601
10607
10616
10622
10631
10637
10646
10653
10661
10668
10676
10683
10691
10698
10707
10713
10722
10728
10737
10744
10751
10760
10766
10775
10781
10790
10797
10805
10812
10820
10827
10835
10842
10851
10857
10866
10872
10881
10887
10892
10896
10902
10905
10911
10915
10920
10924
10930
10933
10939
10943
10948
10952
10958
10961
10967
10971
10976
10980
10986
10990
10995
10999
11005
11008
11014
11018
11023
11027
11033
11036
11042
11046
11051
11055
11061
11064
11070
11074
11079
11083
11089
11093
11098
11102
11108
11111
11117
11121
11126
11130
11136
11139
11145
11149
11154
11158
11164
11167
11173
11177
11182
11186
11192
11196
11201
11205
11211
11214
11220
11224
11229
11233
11239
11242
11248
11252
11257
11261
11267
11270
11276
11280
11285
11289
11295
11299
11304
11308
11314
11317
11323
11327
11332
11336
11342
11345
11351
11355
11360
11364
11370
11373
11379
11383
11388
11392
11398
11402
11407
11411
11417
11420
11426
11430
11435
11439
11445
11448
11454
11458
11463
11467
11473
11476
11482
11486
11491
11495
11501
11505
11510
11514
11520
11523
11529
11533
11538
11542
11548
11551
11557
11562
11565
11570
11573
11578
11582
11587
11590
11595
11598
11604
11607
11612
11615
11620
11624
11629
11632
11637
11640
11645
11649
11654
11657
11662
11665
11671
11674
11679
11682
11687
11691
11696
11699
11704
11707
11713
11716
11721
11724
11729
11732
11738
11741
11746
11749
11754
11758
11763
11766
11771
11774
11780
11783
11788
11791
11796
11800
11805
11808
11813
11816
11821
11825
11830
11833
11838
11841
11847
11850
11855
11858
11863
11867
11872
11875
11880
11883
11889
11892
11897
11900
11905
11908
11914
11917
11922
11925
11930
11934
11939
11942
11947
11950
11956
11959
11964
11967
11972
11975
11981
11984
11989
11992
11997
12001
12006
12009
12014
12017
12023
12026
12031
12034
12039
12043
12048
12051
12056
12059
12064
12068
12073
12076
12081
12084
12090
12093
12098
12101
12106
12110
12115
12118
12123
12126
12132
12135
12140
12143
12148
12151
12157
12160
12165
12168
12174
12178
12184
12188
12194
12198
12204
12208
12214
12219
12225
12229
12235
12239
12245
12249
12255
12259
12266
12270
12276
12280
12286
12290
12296
12300
12306
12311
12317
12321
12327
12331
12337
12341
12347
12351
12358
12362
12368
12372
12378
12382
12388
12392
12398
12403
12409
12413
12419
12423
12429
12433
12439
12443
12450
12454
12460
12464
12470
12474
12480
12484
12490
12495
12501
12505
12511
12515
12521
12525
12531
12535
12542
12546
12552
12556
12562
12566
12572
12576
12582
12587
12593
12597
12603
12607
12613
12617
12623
12627
12634
12638
12644
12648
12654
12658
12664
12668
12674
12679
12685
12689
12695
12699
12705
12709
12715
12719
12726
12730
12736
12740
12746
12750
12756
12760
12766
12771
12777
12781
12787
12791
12797
12801
12805
12808
12812
12815
12819
12822
12826
12829
12833
12836
12841
12843
12848
12850
12855
12857
12862
12864
12869
12871
12876
12879
12883
12886
12890
12893
12897
12900
12904
12907
12912
12914
12919
12921
12926
12928
12933
12935
12940
12942
12947
12950
12954
12957
12961
12964
12968
12971
12975
12978
12983
12985
12990
12992
12997
12999
13004
13006
13011
13013
13018
13021
13025
13028
13032
13035
13039
13042
13046
13049
13053
13056
13061
13063
13068
13070
13075
13077
13082
13084
13089
13092
13096
13099
13103
13106
13110
13113
13117
13120
13124
13127
13132
13134
13139
13141
13146
13148
13153
13155
13160
13163
13167
13170
13174
13177
13181
13184
13188
13191
13195
13198
13203
13205
13210
13212
13217
13219
13224
13226
13231
13234
13238
13241
13245
13248
13252
13255
13259
13262
13266
13269
13274
13276
13281
13283
13288
13290
13295
13297
13302
13304
13309
13312
13316
13319
13323
13326
13330
13333
13337
13340
13345
13347
13352
13354
13359
13361
13366
13368
13373
13375
13380
13383
13387
13390
13394
13397
13401
13404
13408
13411
13416
13418
13423
13425
13430
13432
13437
13439
13444
13446
13451
13454
13458
13461
13465
13468
13472
13475
13479
13482
13486
13489
13493
13496
13500
13503
13508
13510
13515
13517
13522
13524
13529
13532
13536
13539
13543
13546
13550
13553
13558
13560
13565
13567
13572
13574
13579
13582
13586
13589
13593
13596
13600
13603
13607
13610
13615
13617
13622
13624
13629
13631
13636
13639
13643
13646
13650
13653
13657
13660
13665
13667
13672
13674
13679
13681
13686
13689
13693
13696
13700
13703
13707
13710
13715
13717
13722
13724
13729
13731
13736
13738
13743
13746
13750
13753
13757
13760
13764
13767
13772
13774
13779
13781
13786
13788
13793
13796
13800
13803
13807
13810
13814
13817
13822
13824
13829
13831
13836
13838
13843
13845
13850
13853
13857
13860
13864
13867
13871
13874
13879
13881
13886
13888
13893
13895
13900
13903
13907
13910
13914
13917
13921
13924
13929
13931
13936
13938
13943
13945
13950
13953
13957
13960
13964
13967
13971
13974
13978
13981
13986
13988
13993
13995
14000
14002
14007
14010
14014
14017
14021
14024
14028
14031
14036
14038
14043
14045
14050
14052
14057
14060
14064
14067
14071
14074
14078
14081
14085
14088
14093
14095
14099
14102
14107
14110
14114
14117
14122
14125
14130
14132
14137
14140
14145
14147
14152
14155
14160
14163
14167
14170
14175
14178
14183
14185
14190
14193
14198
14200
14205
14208
14213
14216
14220
14223
14228
14231
14236
14238
14243
14246
14251
14253
14258
14261
14266
14269
14273
14276
14281
14284
14289
14291
14296
14299
14304
14306
14311
14314
14319
14322
14326
14329
14334
14337
14342
14344
14349
14352
14357
14359
14364
14367
14372
14375
14379
14382
14387
14390
14395
14397
14402
14405
14410
14412
14417
14420
14425
14428
14432
14435
14440
14443
14448
14450
14455
14458
14463
14465
14470
14473
14478
14481
14485
14488
14493
14496
14501
14503
14508
14511
14516
14518
14523
14526
14531
14534
14538
14541
14546
14549
14554
14556
14561
14564
14569
14571
14576
14579
14584
14587
14591
14594
14599
14602
14607
14609
14614
14617
14622
14624
14629
14632
14637
14640
14644
14647
14652
14655
14660
14662
14667
14670
14675
14677
14682
14685
14690
14693
14697
14700
14705
14708
14713
14718
14721
14726
14729
14734
14737
14742
14745
14750
14753
14758
14761
14766
14769
14774
14777
14782
14785
14790
14793
14798
14801
14806
14809
14814
14817
14822
14825
14830
14833
14838
14841
14846
14849
14854
14857
14862
14865
14870
14873
14878
14881
14886
14889
14894
14897
14902
14905
14910
14914
14919
14922
14927
14930
14935
14938
14943
14946
14951
14954
14959
14962
14967
14970
14975
14978
14983
14986
14991
14994
14999
15002
15007
15010
15015
15018
15023
15026
15031
15034
15039
15042
15047
15050
15055
15058
15063
15066
15071
15074
15079
15082
15087
15090
15095
15098
15103
15106
15111
15115
15120
15123
15128
15131
15136
15139
15144
15147
15152
15155
15160
15163
15168
15171
15176
15179
15184
15187
15192
15195
15200
15203
15208
15211
15216
15219
15224
15227
15232
15235
15240
15243
15248
15251
15256
15259
15264
15267
15272
15275
15280
15283
15288
15291
15296
15299
15304
15307
15312
15316
15321
15324
15329
15332
15337
15340
15345
15348
15353
15356
15361
15364
15369
15372
15377
15380
15386
15390
15396
15400
15406
15410
15416
15420
15426
15431
15437
15441
15447
15451
15457
15461
15467
15471
15477
15482
15488
15492
15498
15502
15508
15512
15518
15522
15529
15533
15539
15543
15549
15553
15559
15563
15569
15573
15580
15584
15590
15594
15600
15604
15610
15614
15620
15625
15631
15635
15641
15645
15651
15655
15661
15665
15671
15676
15682
15686
15692
15696
15702
15706
15712
15716
15722
15727
15733
15737
15743
15747
15753
15757
15763
15767
15774
15778
15784
15788
15794
15798
15804
15808
15814
15818
15825
15829
15835
15839
15845
15849
15855
15859
15865
15870
15876
15880
15886
15890
15896
15900
15906
15910
15916
15921
15927
15931
15937
15941
15947
15951
15957
15961
15967
15972
15978
15982
15988
15992
15998
16002
16008
16012
16019
16023
16031
16038
16047
16054
16063
16070
16079
16085
16094
16101
16110
16117
16126
16133
16142
16148
16157
16164
16173
16180
16189
16196
16205
16211
16220
16227
16236
16243
16252
16259
16268
16274
16283
16290
16299
16306
16315
16322
16331
16337
16346
16353
16362
16369
16378
16385
16394
16400
16409
16416
16425
16432
16441
16448
16457
16463
16472
16479
16488
16495
16504
16511
16520
16526
16535
16542
16551
16558
16567
16574
16583
16589
16598
16605
16614
16621
16630
16637
16646
16652
16661
16668
16677
16684
16693
16700
16709
16713
16716
16721
16723
16728
16731
16736
16738
16743
16746
16750
16753
16758
16761
16765
16768
16773
16776
16780
16783
16788
16790
16795
16798
16803
16805
16810
16813
16818
16820
16825
16828
16832
16835
16840
16843
16847
16850
16855
16858
16862
16865
16870
16872
16877
16880
16885
16887
16892
16895
16900
16902
16907
16910
16914
16917
16922
16925
16929
16932
16937
16939
16944
16947
16952
16954
16959
16962
16967
16969
16974
16977
16981
16984
16989
16992
16996
16999
17004
17007
17011
17014
17019
17021
17026
17029
17034
17036
17041
17044
17049
17051
17056
17059
17063
17066
17071
17074
17078
17081
17086
17089
17093
17096
17101
17103
17108
17111
17116
17118
17123
17126
17130
17133
17138
17141
17145
17148
17153
17156
17160
17163
17168
17170
17175
17178
17183
17185
17190
17193
17198
17200
17205
17208
17212
17215
17220
17223
17227
17230
17235
17238
17242
17245
17250
17252
17257
17260
17265
17267
17272
17275
17280
17282
17287
17290
17294
17297
17302
17305
17309
17312
17317
17319
17324
17327
17332
17334
17339
17342
17346
17349
17354
17357
17362
17364
17369
17372
17377
17380
17384
17387
17392
17395
17400
17402
17407
17410
17415
17418
17422
17425
17430
17433
17438
17441
17445
17448
17453
17456
17461
17463
17468
17471
17476
17479
17483
17486
17491
17494
17499
17501
17506
17509
17514
17517
17521
17524
17529
17532
17537
17540
17544
17547
17552
17555
17560
17562
17567
17570
17575
17578
17582
17585
17590
17593
17598
17600
17605
17608
17613
17616
17621
17623
17628
17631
17636
17639
17643
17646
17651
17654
17659
17661
17666
17669
17674
17677
17681
17684
17689
17692
17697
17699
17704
17707
17712
17715
17720
17722
17727
17730
17735
17738
17742
17745
17750
17753
17758
17760
17765
17768
17773
17776
17780
17783
17788
17791
17796
17798
17803
17806
17811
17814
17819
17821
17826
17829
17834
17837
17841
17844
17849
17852
17857
17859
17864
17867
17872
17875
17879
17882
17887
17890
17895
17898
17902
17905
17910
17913
17918
17920
17925
17928
17933
17936
17940
17943
17948
17951
17956
17962
17966
17973
17977
17983
17988
17994
17998
18005
18009
18015
18020
18026
18030
18037
18041
18047
18052
18058
18062
18069
18073
18079
18084
18090
18095
18101
18105
18112
18116
18122
18127
18133
18137
18144
18148
18154
18159
18165
18169
18176
18180
18186
18191
18197
18201
18208
18212
18219
18223
18229
18234
18240
18244
18251
18255
18261
18266
18272
18276
18283
18287
18293
18298
18304
18308
18315
18319
18325
18330
18336
18341
18347
18351
18358
18362
18368
18373
18379
18383
18390
18394
18400
18405
18411
18415
18422
18426
18432
18437
18443
18447
18454
18458
18465
18469
18475
18480
18486
18490
18497
18501
18507
18512
18518
18522
18529
18533
18539
18544
18550
18554
18561
18565
18571
18576
18582
18587
18592
18596
18601
18605
18610
18614
18619
18623
18628
18632
18637
18641
18646
18650
18656
18659
18665
18668
18674
18677
18683
18686
18692
18695
18701
18704
18710
18714
18719
18723
18728
18732
18737
18741
18746
18750
18755
18759
18764
18768
18774
18777
18783
18786
18792
18795
18801
18804
18810
18813
18819
18822
18828
18831
18837
18841
18846
18850
18855
18859
18864
18868
18873
18877
18882
18886
18891
18895
18901
18904
18910
18913
18919
18922
18928
18931
18937
18940
18946
18949
18955
18959
18964
18968
18973
18977
18982
18986
18991
18995
19000
19004
19009
19013
19019
19022
19028
19031
19037
19040
19046
19049
19055
19058
19064
19067
19073
19076
19082
19086
19091
19095
19100
19104
19109
19113
19118
19122
19127
19131
19136
19140
19146
19149
19155
19158
19164
19167
19173
19176
19182
19185
19191
19194
19200
19204
19209
19213
19218
19222
19227
19231
19239
19245
19253
19259
19267
19274
19282
19288
19296
19302
19310
19317
19325
19331
19339
19345
19354
19360
19368
19374
19382
19388
19397
19403
19411
19417
19425
19431
19440
19446
19454
19460
19468
19475
19483
19489
19497
19503
19511
19518
19526
19532
19540
19546
19554
19561
19569
19575
19583
19589
19598
19604
19612
19618
19626
19632
19641
19647
19655
19661
19669
19675
19684
19690
19698
19704
19712
19719
19727
19733
19741
19747
19755
19762
19770
19776
19784
19790
19798
19805
19813
19819
19827
19833
19842
19847
19850
19855
19858
19863
19866
19871
19874
19879
19882
19887
19890
19895
19898
19903
19906
19911
19914
19919
19922
19927
19930
19935
19938
19943
19946
19951
19954
19959
19962
19967
19970
19975
19978
19983
19986
19991
19994
19999
20002
20007
20010
20015
20018
20023
20026
20031
20034
20039
20042
20047
20050
20055
20058
20063
20066
20071
20074
20079
20082
20087
20090
20095
20098
20103
20106
20111
20114
20119
20122
20127
20130
20135
20138
20143
20146
20151
20154
20159
20162
20167
20170
20175
20179
20184
20187
20192
20195
20200
20203
20208
20211
20216
20219
20224
20227
20232
20235
20240
20243
20248
20251
20256
20259
20264
20267
20272
20275
20280
20283
20288
20291
20296
20299
20304
20307
20312
20315
20320
20323
20328
20331
20336
20339
20344
20347
20352
20355
20360
20363
20368
20371
20376
20379
20384
20387
20392
20395
20400
20403
20408
20411
20416
20419
20424
20427
20432
20435
20440
20443
20448
20451
20456
20459
20464
20467
20472
20475
20480
20483
20488
20496
20503
20511
20518
20526
20533
20542
20548
20557
20563
20572
20578
20587
20594
20602
20609
20617
20624
20632
20639
20648
20654
20663
20669
20678
20684
20693
20700
20708
20715
20723
20730
20738
20745
20754
20760
20769
20775
20784
20791
20799
20806
20814
20821
20829
20836
20845
20851
20860
20866
20875
20881
20890
20897
20905
20912
20920
20927
20935
20942
20951
20957
20966
20972
20981
20988
20995
21004
21010
21019
21025
21034
21041
21049
21056
21064
21071
21079
21086
21095
21101
21110
21116
21125
21131
21136
21140
21146
21149
21155
21159
21164
21168
21174
21177
21183
21187
21192
21196
21202
21205
21211
21215
21220
21224
21230
21234
21239
21243
21249
21252
21258
21262
21267
21271
21277
21280
21286
21290
21295
21299
21305
21308
21314
21318
21323
21327
21333
21337
21342
21346
21352
21355
21361
21365
21370
21374
21380
21383
21389
21393
21398
21402
21408
21411
21417
21421
21426
21430
21436
21440
21445
21449
21455
21458
21464
21468
21473
21477
21483
21486
21492
21496
21501
21505
21511
21514
21520
21524
21529
21533
21539
21543
21548
21552
21558
21561
21567
21571
21576
21580
21586
21589
21595
21599
21604
21608
21614
21617
21623
21627
21632
21636
21642
21646
21651
21655
21661
21664
21670
21674
21679
21683
21689
21692
21698
21702
21707
21711
21717
21720
21726
21730
21735
21739
21745
21749
21754
21758
21764
21767
21773
21777
21782
21786
21792
21795
21801
21806
21809
21814
21817
21822
21826
21831
21834
21839
21842
21848
21851
21856
21859
21864
21868
21873
21876
21881
21884
21889
21893
21898
21901
21906
21909
21915
21918
21923
21926
21931
21935
21940
21943
21948
21951
21957
21960
21965
21968
21973
21976
21982
21985
21990
21993
21998
22002
22007
22010
22015
22018
22024
22027
22032
22035
22040
22044
22049
22052
22057
22060
22065
22069
22074
22077
22082
22085
22091
22094
22099
22102
22107
22111
22116
22119
22124
22127
22133
22136
22141
22144
22149
22152
22158
22161
22166
22169
22174
22178
22183
22186
22191
22194
22200
22203
22208
22211
22216
22219
22225
22228
22233
22236
22241
22245
22250
22253
22258
22261
22267
22270
22275
22278
22283
22287
22292
22295
22300
22303
22308
22312
22317
22320
22325
22328
22334
22337
22342
22345
22350
22354
22359
22362
22367
22370
22376
22379
22384
22387
22392
22395
22401
22404
22409
22412
22418
22422
22428
22432
22438
22442
22448
22452
22458
22463
22469
22473
22479
22483
22489
22493
22499
22503
22510
22514
22520
22524
22530
22534
22540
22544
22550
22555
22561
22565
22571
22575
22581
22585
22591
22595
22602
22606
22612
22616
22622
22626
22632
22636
22642
22647
22653
22657
22663
22667
22673
22677
22683
22687
22694
22698
22704
22708
22714
22718
22724
22728
22734
22739
22745
22749
22755
22759
22765
22769
22775
22779
22786
22790
22796
22800
22806
22810
22816
22820
22826
22831
22837
22841
22847
22851
22857
22861
22867
22871
22878
22882
22888
22892
22898
22902
22908
22912
22918
22923
22929
22933
22939
22943
22949
22953
22959
22963
22970
22974
22980
22984
22990
22994
23000
23004
23010
23015
23021
23025
23031
23035
23041
23045
23049
23052
23056
23059
23063
23066
23070
23073
23077
23080
23085
23087
23092
23094
23099
23101
23106
23108
23113
23115
23120
23123
23127
23130
23134
23137
23141
23144
23148
23151
23156
23158
23163
23165
23170
23172
23177
23179
23184
23186
23191
23194
23198
23201
23205
23208
23212
23215
23219
23222
23227
23229
23234
23236
23241
23243
23248
23250
23255
23257
23262
23265
23269
23272
23276
23279
23283
23286
23290
23293
23297
23300
23305
23307
23312
23314
23319
23321
23326
23328
23333
23336
23340
23343
23347
23350
23354
23357
23361
23364
23368
23371
23376
23378
23383
23385
23390
23392
23397
23399
23404
23407
23411
23414
23418
23421
23425
23428
23432
23435
23439
23442
23447
23449
23454
23456
23461
23463
23468
23470
23475
23478
23482
23485
23489
23492
23496
23499
23503
23506
23510
23513
23518
23520
23525
23527
23532
23534
23539
23541
23546
23548
23553
23556
23560
23563
23567
23570
23574
23577
23581
23584
23589
23591
23596
23598
23603
23605
23610
23612
23617
23619
23624
23627
23631
23634
23638
23641
23645
23648
23652
23655
23660
23662
23667
23669
23674
23676
23681
23683
23688
23690
23695
23698
23702
23705
23709
23712
23716
23719
23723
23726
23730
23733
23737
23740
23744
23747
23752
23754
23759
23761
23766
23768
23773
23776
23780
23783
23787
23790
23794
23797
23802
23804
23809
23811
23816
23818
23823
23826
23830
23833
23837
23840
23844
23847
23851
23854
23859
23861
23866
23868
23873
23875
23880
23883
23887
23890
23894
23897
23901
23904
23909
23911
23916
23918
23923
23925
23930
23933
23937
23940
23944
23947
23951
23954
23959
23961
23966
23968
23973
23975
23980
23982
23987
23990
23994
23997
24001
24004
24008
24011
24016
24018
24023
24025
24030
24032
24037
24040
24044
24047
24051
24054
24058
24061
24066
24068
24073
24075
24080
24082
24087
24089
24094
24097
24101
24104
24108
24111
24115
24118
24123
24125
24130
24132
24137
24139
24144
24147
24151
24154
24158
24161
24165
24168
24173
24175
24180
24182
24187
24189
24194
24197
24201
24204
24208
24211
24215
24218
24222
24225
24230
24232
24237
24239
24244
24246
24251
24254
24258
24261
24265
24268
24272
24275
24280
24282
24287
24289
24294
24296
24301
24304
24308
24311
24315
24318
24322
24325
24329
24332
24337
24339
24343
24346
24351
24354
24358
24361
24366
24369
24374
24376
24381
24384
24389
24391
24396
24399
24404
24407
24411
24414
24419
24422
24427
24429
24434
24437
24442
24444
24449
24452
24457
24460
24464
24467
24472
24475
24480
24482
24487
24490
24495
24497
24502
24505
24510
24513
24517
24520
24525
24528
24533
24535
24540
24543
24548
24550
24555
24558
24563
24566
24570
24573
24578
24581
24586
24588
24593
24596
24601
24603
24608
24611
24616
24619
24623
24626
24631
24634
24639
24641
24646
24649
24654
24656
24661
24664
24669
24672
24676
24679
24684
24687
24692
24694
24699
24702
24707
24709
24714
24717
24722
24725
24729
24732
24737
24740
24745
24747
24752
24755
24760
24762
24767
24770
24775
24778
24782
24785
24790
24793
24798
24800
24805
24808
24813
24815
24820
24823
24828
24831
24835
24838
24843
24846
24851
24853
24858
24861
24866
24868
24873
24876
24881
24884
24888
24891
24896
24899
24904
24906
24911
24914
24919
24921
24926
24929
24934
24937
24941
24944
24949
24952
24957
24962
24965
24970
24973
24978
24981
24986
24989
24994
24997
25002
25005
25010
25013
25018
25021
25026
25029
25034
25037
25042
25045
25050
25053
25058
25061
25066
25069
25074
25077
25082
25085
25090
25093
25098
25101
25106
25109
25114
25117
25122
25125
25130
25133
25138
25141
25146
25149
25154
25158
25163
25166
25171
25174
25179
25182
25187
25190
25195
25198
25203
25206
25211
25214
25219
25222
25227
25230
25235
25238
25243
25246
25251
25254
25259
25262
25267
25270
25275
25278
25283
25286
25291
25294
25299
25302
25307
25310
25315
25318
25323
25326
25331
25334
25339
25342
25347
25350
25355
25359
25364
25367
25372
25375
25380
25383
25388
25391
25396
25399
25404
25407
25412
25415
25420
25423
25428
25431
25436
25439
25444
25447
25452
25455
25460
25463
25468
25471
25476
25479
25484
25487
25492
25495
25500
25503
25508
25511
25516
25519
25524
25527
25532
25535
25540
25543
25548
25551
25556
25560
25565
25568
25573
25576
25581
25584
25589
25592
25597
25600
25605
25608
25613
25616
25621
25624
25630
25634
25640
25644
25650
25654
25660
25664
25670
25675
25681
25685
25691
25695
25701
25705
25711
25715
25721
25726
25732
25736
25742
25746
25752
25756
25762
25766
25773
25777
25783
25787
25793
25797
25803
25807
25813
25817
25824
25828
25834
25838
25844
25848
25854
25858
25864
25869
25875
25879
25885
25889
25895
25899
25905
25909
25915
25920
25926
25930
25936
25940
25946
25950
25956
25960
25966
25971
25977
25981
25987
25991
25997
26001
26007
26011
26018
26022
26028
26032
26038
26042
26048
26052
26058
26062
26069
26073
26079
26083
26089
26093
26099
26103
26109
26114
26120
26124
26130
26134
26140
26144
26150
26154
26160
26165
26171
26175
26181
26185
26191
26195
26201
26205
26211
26216
26222
26226
26232
26236
26242
26246
26252
26256
26263
26267
26275
26282
26291
26298
26307
26314
26323
26329
26338
26345
26354
26361
26370
26377
26386
26392
26401
26408
26417
26424
26433
26440
26449
26455
26464
26471
26480
26487
26496
26503
26512
26518
26527
26534
26543
26550
26559
26566
26575
26581
26590
26597
26606
26613
26622
26629
26638
26644
26653
26660
26669
26676
26685
26692
26701
26707
26716
26723
26732
26739
26748
26755
26764
26770
26779
26786
26795
26802
26811
26818
26827
26833
26842
26849
26858
26865
26874
26881
26890
26896
26905
26912
26921
26928
26937
26944
26953
26957
26960
26965
26967
26972
26975
26980
26982
26987
26990
26994
26997
27002
27005
27009
27012
27017
27020
27024
27027
27032
27034
27039
27042
27047
27049
27054
27057
27062
27064
27069
27072
27076
27079
27084
27087
27091
27094
27099
27102
27106
27109
27114
27116
27121
27124
27129
27131
27136
27139
27144
27146
27151
27154
27158
27161
27166
27169
27173
27176
27181
27183
27188
27191
27196
27198
27203
27206
27211
27213
27218
27221
27225
27228
27233
27236
27240
27243
27248
27251
27255
27258
27263
27265
27270
27273
27278
27280
27285
27288
27293
27295
27300
27303
27307
27310
27315
27318
27322
27325
27330
27333
27337
27340
27345
27347
27352
27355
27360
27362
27367
27370
27374
27377
27382
27385
27389
27392
27397
27400
27404
27407
27412
27414
27419
27422
27427
27429
27434
27437
27442
27444
27449
27452
27456
27459
27464
27467
27471
27474
27479
27482
27486
27489
27494
27496
27501
27504
27509
27511
27516
27519
27524
27526
27531
27534
27538
27541
27546
27549
27553
27556
27561
27563
27568
27571
27576
27578
27583
27586
27590
27593
27598
27601
27606
27608
27613
27616
27621
27624
27628
27631
27636
27639
27644
27646
27651
27654
27659
27662
27666
27669
27674
27677
27682
27685
27689
27692
27697
27700
27705
27707
27712
27715
27720
27723
27727
27730
27735
27738
27743
27745
27750
27753
27758
27761
27765
27768
27773
27776
27781
27784
27788
27791
27796
27799
27804
27806
27811
27814
27819
27822
27826
27829
27834
27837
27842
27844
27849
27852
27857
27860
27865
27867
27872
27875
27880
27883
27887
27890
27895
27898
27903
27905
27910
27913
27918
27921
27925
27928
27933
27936
27941
27943
27948
27951
27956
27959
27964
27966
27971
27974
27979
27982
27986
27989
27994
27997
28002
28004
28009
28012
28017
28020
28024
28027
28032
28035
28040
28042
28047
28050
28055
28058
28063
28065
28070
28073
28078
28081
28085
28088
28093
28096
28101
28103
28108
28111
28116
28119
28123
28126
28131
28134
28139
28142
28146
28149
28154
28157
28162
28164
28169
28172
28177
28180
28184
28187
28192
28195
28200
28206
28210
28217
28221
28227
28232
28238
28242
28249
28253
28259
28264
28270
28274
28281
28285
28291
28296
28302
28306
28313
28317
28323
28328
28334
28339
28345
28349
28356
28360
28366
28371
28377
28381
28388
28392
28398
28403
28409
28413
28420
28424
28430
28435
28441
28445
28452
28456
28463
28467
28473
28478
28484
28488
28495
28499
28505
28510
28516
28520
28527
28531
28537
28542
28548
28552
28559
28563
28569
28574
28580
28585
28591
28595
28602
28606
28612
28617
28623
28627
28634
28638
28644
28649
28655
28659
28666
28670
28676
28681
28687
28691
28698
28702
28709
28713
28719
28724
28730
28734
28741
28745
28751
28756
28762
28766
28773
28777
28783
28788
28794
28798
28805
28809
28815
28820
28826
28831
28836
28840
28845
28849
28854
28858
28863
28867
28872
28876
28881
28885
28890
28894
28900
28903
28909
28912
28918
28921
28927
28930
28936
28939
28945
28948
28954
28958
28963
28967
28972
28976
28981
28985
28990
28994
28999
29003
29008
29012
29018
29021
29027
29030
29036
29039
29045
29048
29054
29057
29063
29066
29072
29075
29081
29085
29090
29094
29099
29103
29108
29112
29117
29121
29126
29130
29135
29139
29145
29148
29154
29157
29163
29166
29172
29175
29181
29184
29190
29193
29199
29203
29208
29212
29217
29221
29226
29230
29235
29239
29244
29248
29253
29257
29263
29266
29272
29275
29281
29284
29290
29293
29299
29302
29308
29311
29317
29320
29326
29330
29335
29339
29344
29348
29353
29357
29362
29366
29371
29375
29380
29384
29390
29393
29399
29402
29408
29411
29417
29420
29426
29429
29435
29438
29444
29448
29453
29457
29462
29466
29471
29475
29483
29489
29497
29503
29511
29518
29526
29532
29540
29546
29554
29561
29569
29575
29583
29589
29598
29604
29612
29618
29626
29632
29641
29647
29655
29661
29669
29675
29684
29690
29698
29704
29712
29719
29727
29733
29741
29747
29755
29762
29770
29776
29784
29790
29798
29805
29813
29819
29827
29833
29842
29848
29856
29862
29870
29876
29885
29891
29899
29905
29913
29919
29928
29934
29942
29948
29956
29963
29971
29977
29985
29991
29999
30006
30014
30020
30028
30034
30042
30049
30057
30063
30071
30077
30086
30091
30094
30099
30102
30107
30110
30115
30118
30123
30126
30131
30134
30139
30142
30147
30150
30155
30158
30163
30166
30171
30174
30179
30182
30187
30190
30195
30198
30203
30206
30211
30214
30219
30222
30227
30230
30235
30238
30243
30246
30251
30254
30259
30262
30267
30270
30275
30278
30283
30286
30291
30294
30299
30302
30307
30310
30315
30318
30323
30326
30331
30334
30339
30342
30347
30350
30355
30358
30363
30366
30371
30374
30379
30382
30387
30390
30395
30398
30403
30406
30411
30414
30419
30423
30428
30431
30436
30439
30444
30447
30452
30455
30460
30463
30468
30471
30476
30479
30484
30487
30492
30495
30500
30503
30508
30511
30516
30519
30524
30527
30532
30535
30540
30543
30548
30551
30556
30559
30564
30567
30572
30575
30580
30583
30588
30591
30596
30599
30604
30607
30612
30615
30620
30623
30628
30631
30636
30639
30644
30647
30652
30655
30660
30663
30668
30671
30676
30679
30684
30687
30692
30695
30700
30703
30708
30711
30716
30719
30724
30727
30732
30740
30747
30755
30762
30770
30777
30786
30792
30801
30807
30816
30822
30831
30838
30846
30853
30861
30868
30876
30883
30892
30898
30907
30913
30922
30928
30937
30944
30952
30959
30967
30974
30982
30989
30998
31004
31013
31019
31028
31035
31043
31050
31058
31065
31073
31080
31089
31095
31104
31110
31119
31125
31134
31141
31149
31156
31164
31171
31179
31186
31195
31201
31210
31216
31225
31232
31239
31248
31254
31263
31269
31278
31285
31293
31300
31308
31315
31323
31330
31339
31345
31354
31360
31369
31375
31380
31384
31390
31393
31399
31403
31408
31412
31418
31421
31427
31431
31436
31440
31446
31449
31455
31459
31464
31468
31474
31478
31483
31487
31493
31496
31502
31506
31511
31515
31521
31524
31530
31534
31539
31543
31549
31552
31558
31562
31567
31571
31577
31581
31586
31590
31596
31599
31605
31609
31614
31618
31624
31627
31633
31637
31642
31646
31652
31655
31661
31665
31670
31674
31680
31684
31689
31693
31699
31702
31708
31712
31717
31721
31727
31730
31736
31740
31745
31749
31755
31758
31764
31768
31773
31777
31783
31787
31792
31796
31802
31805
31811
31815
31820
31824
31830
31833
31839
31843
31848
31852
31858
31861
31867
31871
31876
31880
31886
31890
31895
31899
31905
31908
31914
31918
31923
31927
31933
31936
31942
31946
31951
31955
31961
31964
31970
31974
31979
31983
31989
31993
31998
32002
32008
32011
32017
32021
32026
32030
32036
32039
32045
32050
32053
32058
32061
32066
32070
32075
32078
32083
32086
32092
32095
32100
32103
32108
32112
32117
32120
32125
32128
32133
32137
32142
32145
32150
32153
32159
32162
32167
32170
32175
32179
32184
32187
32192
32195
32201
32204
32209
32212
32217
32220
32226
32229
32234
32237
32242
32246
32251
32254
32259
32262
32268
32271
32276
32279
32284
32288
32293
32296
32301
32304
32309
32313
32318
32321
32326
32329
32335
32338
32343
32346
32351
32355
32360
32363
32368
32371
32377
32380
32385
32388
32393
32396
32402
32405
32410
32413
32418
32422
32427
32430
32435
32438
32444
32447
32452
32455
32460
32463
32469
32472
32477
32480
32485
32489
32494
32497
32502
32505
32511
32514
32519
32522
32527
32531
32536
32539
32544
32547
32552
32556
32561
32564
32569
32572
32578
32581
32586
32589
32594
32598
32603
32606
32611
32614
32620
32623
32628
32631
32636
32639
32645
32648
32653
32656
32662
32666
32672
32676
32682
32686
32692
32696
32702
32707
32713
32717
32723
32727
32733
32737
32743
32747
32754
32758
32764
32768
32774
32778
32784
32788
32794
32799
32805
32809
32815
32819
32825
32829
32835
32839
32846
32850
32856
32860
32866
32870
32876
32880
32886
32891
32897
32901
32907
32911
32917
32921
32927
32931
32938
32942
32948
32952
32958
32962
32968
32972
32978
32983
32989
32993
32999
33003
33009
33013
33019
33023
33030
33034
33040
33044
33050
33054
33060
33064
33070
33075
33081
33085
33091
33095
33101
33105
33111
33115
33122
33126
33132
33136
33142
33146
33152
33156
33162
33167
33173
33177
33183
33187
33193
33197
33203
33207
33214
33218
33224
33228
33234
33238
33244
33248
33254
33259
33265
33269
33275
33279
33285
33289
33293
33296
33300
33303
33307
33310
33314
33317
33321
33324
33329
33331
33336
33338
33343
33345
33350
33352
33357
33359
33364
33367
33371
33374
33378
33381
33385
33388
33392
33395
33400
33402
33407
33409
33414
33416
33421
33423
33428
33430
33435
33438
33442
33445
33449
33452
33456
33459
33463
33466
33471
33473
33478
33480
33485
33487
33492
33494
33499
33501
33506
33509
33513
33516
33520
33523
33527
33530
33534
33537
33541
33544
33549
33551
33556
33558
33563
33565
33570
33572
33577
33580
33584
33587
33591
33594
33598
33601
33605
33608
33612
33615
33620
33622
33627
33629
33634
33636
33641
33643
33648
33651
33655
33658
33662
33665
33669
33672
33676
33679
33683
33686
33691
33693
33698
33700
33705
33707
33712
33714
33719
33722
33726
33729
33733
33736
33740
33743
33747
33750
33754
33757
33762
33764
33769
33771
33776
33778
33783
33785
33790
33792
33797
33800
33804
33807
33811
33814
33818
33821
33825
33828
33833
33835
33840
33842
33847
33849
33854
33856
33861
33863
33868
33871
33875
33878
33882
33885
33889
33892
33896
33899
33904
33906
33911
33913
33918
33920
33925
33927
33932
33934
33939
33942
33946
33949
33953
33956
33960
33963
33967
33970
33974
33977
33981
33984
33988
33991
33996
33998
34003
34005
34010
34012
34017
34020
34024
34027
34031
34034
34038
34041
34046
34048
34053
34055
34060
34062
34067
34070
34074
34077
34081
34084
34088
34091
34095
34098
34103
34105
34110
34112
34117
34119
34124
34127
34131
34134
34138
34141
34145
34148
34153
34155
34160
34162
34167
34169
34174
34177
34181
34184
34188
34191
34195
34198
34203
34205
34210
34212
34217
34219
34224
34226
34231
34234
34238
34241
34245
34248
34252
34255
34260
34262
34267
34269
34274
34276
34281
34284
34288
34291
34295
34298
34302
34305
34310
34312
34317
34319
34324
34326
34331
34333
34338
34341
34345
34348
34352
34355
34359
34362
34367
34369
34374
34376
34381
34383
34388
34391
34395
34398
34402
34405
34409
34412
34417
34419
34424
34426
34431
34433
34438
34441
34445
34448
34452
34455
34459
34462
34466
34469
34474
34476
34481
34483
34488
34490
34495
34498
34502
34505
34509
34512
34516
34519
34524
34526
34531
34533
34538
34540
34545
34548
34552
34555
34559
34562
34566
34569
34573
34576
34581
34583
34587
34590
34595
34598
34602
34605
34610
34613
34618
34620
34625
34628
34633
34635
34640
34643
34648
34651
34655
34658
34663
34666
34671
34673
34678
34681
34686
34688
34693
34696
34701
34704
34708
34711
34716
34719
34724
34726
34731
34734
34739
34741
34746
34749
34754
34757
34761
34764
34769
34772
34777
34779
34784
34787
34792
34794
34799
34802
34807
34810
34814
34817
34822
34825
34830
34832
34837
34840
34845
34847
34852
34855
34860
34863
34867
34870
34875
34878
34883
34885
34890
34893
34898
34900
34905
34908
34913
34916
34920
34923
34928
34931
34936
34938
34943
34946
34951
34953
34958
34961
34966
34969
34973
34976
34981
34984
34989
34991
34996
34999
35004
35006
35011
35014
35019
35022
35026
35029
35034
35037
35042
35044
35049
35052
35057
35059
35064
35067
35072
35075
35079
35082
35087
35090
35095
35097
35102
35105
35110
35112
35117
35120
35125
35128
35132
35135
35140
35143
35148
35150
35155
35158
35163
35165
35170
35173
35178
35181
35185
35188
35193
35196
35201
35206
35209
35214
35217
35222
35225
35230
35233
35238
35241
35246
35249
35254
35257
35262
35265
35270
35273
35278
35281
35286
35289
35294
35297
35302
35305
35310
35313
35318
35321
35326
35329
35334
35337
35342
35345
35350
35353
35358
35361
35366
35369
35374
35377
35382
35385
35390
35393
35398
35402
35407
35410
35415
35418
35423
35426
35431
35434
35439
35442
35447
35450
35455
35458
35463
35466
35471
35474
35479
35482
35487
35490
35495
35498
35503
35506
35511
35514
35519
35522
35527
35530
35535
35538
35543
35546
35551
35554
35559
35562
35567
35570
35575
35578
35583
35586
35591
35594
35599
35603
35608
35611
35616
35619
35624
35627
35632
35635
35640
35643
35648
35651
35656
35659
35664
35667
35672
35675
35680
35683
35688
35691
35696
35699
35704
35707
35712
35715
35720
35723
35728
35731
35736
35739
35744
35747
35752
35755
35760
35763
35768
35771
35776
35779
35784
35787
35792
35795
35800
35804
35809
35812
35817
35820
35825
35828
35833
35836
35841
35844
35849
35852
35857
35860
35865
35868
35874
35878
35884
35888
35894
35898
35904
35908
35914
35919
35925
35929
35935
35939
35945
35949
35955
35959
35965
35970
35976
35980
35986
35990
35996
36000
36006
36010
36017
36021
36027
36031
36037
36041
36047
36051
36057
36061
36068
36072
36078
36082
36088
36092
36098
36102
36108
36113
36119
36123
36129
36133
36139
36143
36149
36153
36159
36164
36170
36174
36180
36184
36190
36194
36200
36204
36210
36215
36221
36225
36231
36235
36241
36245
36251
36255
36262
36266
36272
36276
36282
36286
36292
36296
36302
36306
36313
36317
36323
36327
36333
36337
36343
36347
36353
36358
36364
36368
36374
36378
36384
36388
36394
36398
36404
36409
36415
36419
36425
36429
36435
36439
36445
36449
36455
36460
36466
36470
36476
36480
36486
36490
36496
36500
36507
36511
36519
36526
36535
36542
36551
36558
36567
36573
36582
36589
36598
36605
36614
36621
36630
36636
36645
36652
36661
36668
36677
36684
36693
36699
36708
36715
36724
36731
36740
36747
36756
36762
36771
36778
36787
36794
36803
36810
36819
36825
36834
36841
36850
36857
36866
36873
36882
36888
36897
36904
36913
36920
36929
36936
36945
36951
36960
36967
36976
36983
36992
36999
37008
37014
37023
37030
37039
37046
37055
37062
37071
37077
37086
37093
37102
37109
37118
37125
37134
37140
37149
37156
37165
37172
37181
37188
37197
37201
37204
37209
37211
37216
37219
37224
37226
37231
37234
37238
37241
37246
37249
37253
37256
37261
37264
37268
37271
37276
37278
37283
37286
37291
37293
37298
37301
37306
37308
37313
37316
37320
37323
37328
37331
37335
37338
37343
37346
37350
37353
37358
37360
37365
37368
37373
37375
37380
37383
37388
37390
37395
37398
37402
37405
37410
37413
37417
37420
37425
37427
37432
37435
37440
37442
37447
37450
37455
37457
37462
37465
37469
37472
37477
37480
37484
37487
37492
37495
37499
37502
37507
37509
37514
37517
37522
37524
37529
37532
37537
37539
37544
37547
37551
37554
37559
37562
37566
37569
37574
37577
37581
37584
37589
37591
37596
37599
37604
37606
37611
37614
37618
37621
37626
37629
37633
37636
37641
37644
37648
37651
37656
37658
37663
37666
37671
37673
37678
37681
37686
37688
37693
37696
37700
37703
37708
37711
37715
37718
37723
37726
37730
37733
37738
37740
37745
37748
37753
37755
37760
37763
37768
37770
37775
37778
37782
37785
37790
37793
37797
37800
37805
37807
37812
37815
37820
37822
37827
37830
37834
37837
37842
37845
37850
37852
37857
37860
37865
37868
37872
37875
37880
37883
37888
37890
37895
37898
37903
37906
37910
37913
37918
37921
37926
37929
37933
37936
37941
37944
37949
37951
37956
37959
37964
37967
37971
37974
37979
37982
37987
37989
37994
37997
38002
38005
38009
38012
38017
38020
38025
38028
38032
38035
38040
38043
38048
38050
38055
38058
38063
38066
38070
38073
38078
38081
38086
38088
38093
38096
38101
38104
38109
38111
38116
38119
38124
38127
38131
38134
38139
38142
38147
38149
38154
38157
38162
38165
38169
38172
38177
38180
38185
38187
38192
38195
38200
38203
38208
38210
38215
38218
38223
38226
38230
38233
38238
38241
38246
38248
38253
38256
38261
38264
38268
38271
38276
38279
38284
38286
38291
38294
38299
38302
38307
38309
38314
38317
38322
38325
38329
38332
38337
38340
38345
38347
38352
38355
38360
38363
38367
38370
38375
38378
38383
38386
38390
38393
38398
38401
38406
38408
38413
38416
38421
38424
38428
38431
38436
38439
38444
38450
38454
38461
38465
38471
38476
38482
38486
38493
38497
38503
38508
38514
38518
38525
38529
38535
38540
38546
38550
38557
38561
38567
38572
38578
38583
38589
38593
38600
38604
38610
38615
38621
38625
38632
38636
38642
38647
38653
38657
38664
38668
38674
38679
38685
38689
38696
38700
38707
38711
38717
38722
38728
38732
38739
38743
38749
38754
38760
38764
38771
38775
38781
38786
38792
38796
38803
38807
38813
38818
38824
38829
38835
38839
38846
38850
38856
38861
38867
38871
38878
38882
38888
38893
38899
38903
38910
38914
38920
38925
38931
38935
38942
38946
38953
38957
38963
38968
38974
38978
38985
38989
38995
39000
39006
39010
39017
39021
39027
39032
39038
39042
39049
39053
39059
39064
39070
39075
39080
39084
39089
39093
39098
39102
39107
39111
39116
39120
39125
39129
39134
39138
39144
39147
39153
39156
39162
39165
39171
39174
39180
39183
39189
39192
39198
39202
39207
39211
39216
39220
39225
39229
39234
39238
39243
39247
39252
39256
39262
39265
39271
39274
39280
39283
39289
39292
39298
39301
39307
39310
39316
39319
39325
39329
39334
39338
39343
39347
39352
39356
39361
39365
39370
39374
39379
39383
39389
39392
39398
39401
39407
39410
39416
39419
39425
39428
39434
39437
39443
39447
39452
39456
39461
39465
39470
39474
39479
39483
39488
39492
39497
39501
39507
39510
39516
39519
39525
39528
39534
39537
39543
39546
39552
39555
39561
39564
39570
39574
39579
39583
39588
39592
39597
39601
39606
39610
39615
39619
39624
39628
39634
39637
39643
39646
39652
39655
39661
39664
39670
39673
39679
39682
39688
39692
39697
39701
39706
39710
39715
39719
39727
39733
39741
39747
39755
39762
39770
39776
39784
39790
39798
39805
39813
39819
39827
39833
39842
39848
39856
39862
39870
39876
39885
39891
39899
39905
39913
39919
39928
39934
39942
39948
39956
39963
39971
39977
39985
39991
39999
40006
40014
40020
40028
40034
40042
40049
40057
40063
40071
40077
40086
40092
40100
40106
40114
40120
40129
40135
40143
40149
40157
40163
40172
40178
40186
40192
40200
40207
40215
40221
40229
40235
40243
40250
40258
40264
40272
40278
40286
40293
40301
40307
40315
40321
40330
40335
40338
40343
40346
40351
40354
40359
40362
40367
40370
40375
40378
40383
40386
40391
40394
40399
40402
40407
40410
40415
40418
40423
40426
40431
40434
40439
40442
40447
40450
40455
40458
40463
40466
40471
40474
40479
40482
40487
40490
40495
40498
40503
40506
40511
40514
40519
40522
40527
40530
40535
40538
40543
40546
40551
40554
40559
40562
40567
40570
40575
40578
40583
40586
40591
40594
40599
40602
40607
40610
40615
40618
40623
40626
40631
40634
40639
40642
40647
40650
40655
40658
40663
40667
40672
40675
40680
40683
40688
40691
40696
40699
40704
40707
40712
40715
40720
40723
40728
40731
40736
40739
40744
40747
40752
40755
40760
40763
40768
40771
40776
40779
40784
40787
40792
40795
40800
40803
40808
40811
40816
40819
40824
40827
40832
40835
40840
40843
40848
40851
40856
40859
40864
40867
40872
40875
40880
40883
40888
40891
40896
40899
40904
40907
40912
40915
40920
40923
40928
40931
40936
40939
40944
40947
40952
40955
40960
40963
40968
40971
40976
40984
40991
40999
41006
41014
41021
41030
41036
41045
41051
41060
41066
41075
41082
41090
41097
41105
41112
41120
41127
41136
41142
41151
41157
41166
41172
41181
41188
41196
41203
41211
41218
41226
41233
41242
41248
41257
41263
41272
41279
41287
41294
41302
41309
41317
41324
41333
41339
41348
41354
41363
41369
41378
41385
41393
41400
41408
41415
41423
41430
41439
41445
41454
41460
41469
41476
41483
41492
41498
41507
41513
41522
41529
41537
41544
41552
41559
41567
41574
41583
41589
41598
41604
41613
41619
41624
41628
41634
41637
41643
41647
41652
41656
41662
41665
41671
41675
41680
41684
41690
41693
41699
41703
41708
41712
41718
41722
41727
41731
41737
41740
41746
41750
41755
41759
41765
41768
41774
41778
41783
41787
41793
41796
41802
41806
41811
41815
41821
41825
41830
41834
41840
41843
41849
41853
41858
41862
41868
41871
41877
41881
41886
41890
41896
41899
41905
41909
41914
41918
41924
41928
41933
41937
41943
41946
41952
41956
41961
41965
41971
41974
41980
41984
41989
41993
41999
42002
42008
42012
42017
42021
42027
42031
42036
42040
42046
42049
42055
42059
42064
42068
42074
42077
42083
42087
42092
42096
42102
42105
42111
42115
42120
42124
42130
42134
42139
42143
42149
42152
42158
42162
42167
42171
42177
42180
42186
42190
42195
42199
42205
42208
42214
42218
42223
42227
42233
42237
42242
42246
42252
42255
42261
42265
42270
42274
42280
42283
42289
42294
42297
42302
42305
42310
42314
42319
42322
42327
42330
42336
42339
42344
42347
42352
42356
42361
42364
42369
42372
42377
42381
42386
42389
42394
42397
42403
42406
42411
42414
42419
42423
42428
42431
42436
42439
42445
42448
42453
42456
42461
42464
42470
42473
42478
42481
42486
42490
42495
42498
42503
42506
42512
42515
42520
42523
42528
42532
42537
42540
42545
42548
42553
42557
42562
42565
42570
42573
42579
42582
42587
42590
42595
42599
42604
42607
42612
42615
42621
42624
42629
42632
42637
42640
42646
42649
42654
42657
42662
42666
42671
42674
42679
42682
42688
42691
42696
42699
42704
42707
42713
42716
42721
42724
42729
42733
42738
42741
42746
42749
42755
42758
42763
42766
42771
42775
42780
42783
42788
42791
42796
42800
42805
42808
42813
42816
42822
42825
42830
42833
42838
42842
42847
42850
42855
42858
42864
42867
42872
42875
42880
42883
42889
42892
42897
42900
42906
42910
42916
42920
42926
42930
42936
42940
42946
42951
42957
42961
42967
42971
42977
42981
42987
42991
42998
43002
43008
43012
43018
43022
43028
43032
43038
43043
43049
43053
43059
43063
43069
43073
43079
43083
43090
43094
43100
43104
43110
43114
43120
43124
43130
43135
43141
43145
43151
43155
43161
43165
43171
43175
43182
43186
43192
43196
43202
43206
43212
43216
43222
43227
43233
43237
43243
43247
43253
43257
43263
43267
43274
43278
43284
43288
43294
43298
43304
43308
43314
43319
43325
43329
43335
43339
43345
43349
43355
43359
43366
43370
43376
43380
43386
43390
43396
43400
43406
43411
43417
43421
43427
43431
43437
43441
43447
43451
43458
43462
43468
43472
43478
43482
43488
43492
43498
43503
43509
43513
43519
43523
43529
43533
43537
43540
43544
43547
43551
43554
43558
43561
43565
43568
43573
43575
43580
43582
43587
43589
43594
43596
43601
43603
43608
43611
43615
43618
43622
43625
43629
43632
43636
43639
43644
43646
43651
43653
43658
43660
43665
43667
43672
43674
43679
43682
43686
43689
43693
43696
43700
43703
43707
43710
43715
43717
43722
43724
43729
43731
43736
43738
43743
43745
43750
43753
43757
43760
43764
43767
43771
43774
43778
43781
43785
43788
43793
43795
43800
43802
43807
43809
43814
43816
43821
43824
43828
43831
43835
43838
43842
43845
43849
43852
43856
43859
43864
43866
43871
43873
43878
43880
43885
43887
43892
43895
43899
43902
43906
43909
43913
43916
43920
43923
43927
43930
43935
43937
43942
43944
43949
43951
43956
43958
43963
43966
43970
43973
43977
43980
43984
43987
43991
43994
43998
44001
44006
44008
44013
44015
44020
44022
44027
44029
44034
44036
44041
44044
44048
44051
44055
44058
44062
44065
44069
44072
44077
44079
44084
44086
44091
44093
44098
44100
44105
44107
44112
44115
44119
44122
44126
44129
44133
44136
44140
44143
44148
44150
44155
44157
44162
44164
44169
44171
44176
44178
44183
44186
44190
44193
44197
44200
44204
44207
44211
44214
44218
44221
44225
44228
44232
44235
44240
44242
44247
44249
44254
44256
44261
44264
44268
44271
44275
44278
44282
44285
44290
44292
44297
44299
44304
44306
44311
44314
44318
44321
44325
44328
44332
44335
44339
44342
44347
44349
44354
44356
44361
44363
44368
44371
44375
44378
44382
44385
44389
44392
44397
44399
44404
44406
44411
44413
44418
44421
44425
44428
44432
44435
44439
44442
44447
44449
44454
44456
44461
44463
44468
44470
44475
44478
44482
44485
44489
44492
44496
44499
44504
44506
44511
44513
44518
44520
44525
44528
44532
44535
44539
44542
44546
44549
44554
44556
44561
44563
44568
44570
44575
44577
44582
44585
44589
44592
44596
44599
44603
44606
44611
44613
44618
44620
44625
44627
44632
44635
44639
44642
44646
44649
44653
44656
44661
44663
44668
44670
44675
44677
44682
44685
44689
44692
44696
44699
44703
44706
44710
44713
44718
44720
44725
44727
44732
44734
44739
44742
44746
44749
44753
44756
44760
44763
44768
44770
44775
44777
44782
44784
44789
44792
44796
44799
44803
44806
44810
44813
44817
44820
44825
44827
44831
44834
44839
44842
44846
44849
44854
44857
44862
44864
44869
44872
44877
44879
44884
44887
44892
44895
44899
44902
44907
44910
44915
44917
44922
44925
44930
44932
44937
44940
44945
44948
44952
44955
44960
44963
44968
44970
44975
44978
44983
44985
44990
44993
44998
45001
45005
45008
45013
45016
45021
45023
45028
45031
45036
45038
45043
45046
45051
45054
45058
45061
45066
45069
45074
45076
45081
45084
45089
45091
45096
45099
45104
45107
45111
45114
45119
45122
45127
45129
45134
45137
45142
45144
45149
45152
45157
45160
45164
45167
45172
45175
45180
45182
45187
45190
45195
45197
45202
45205
45210
45213
45217
45220
45225
45228
45233
45235
45240
45243
45248
45250
45255
45258
45263
45266
45270
45273
45278
45281
45286
45288
45293
45296
45301
45303
45308
45311
45316
45319
45323
45326
45331
45334
45339
45341
45346
45349
45354
45356
45361
45364
45369
45372
45376
45379
45384
45387
45392
45394
45399
45402
45407
45409
45414
45417
45422
45425
45429
45432
45437
45440
45445
45450
45453
45458
45461
45466
45469
45474
45477
45482
45485
45490
45493
45498
45501
45506
45509
45514
45517
45522
45525
45530
45533
45538
45541
45546
45549
45554
45557
45562
45565
45570
45573
45578
45581
45586
45589
45594
45597
45602
45605
45610
45613
45618
45621
45626
45629
45634
45637
45642
45646
45651
45654
45659
45662
45667
45670
45675
45678
45683
45686
45691
45694
45699
45702
45707
45710
45715
45718
45723
45726
45731
45734
45739
45742
45747
45750
45755
45758
45763
45766
45771
45774
45779
45782
45787
45790
45795
45798
45803
45806
45811
45814
45819
45822
45827
45830
45835
45838
45843
45847
45852
45855
45860
45863
45868
45871
45876
45879
45884
45887
45892
45895
45900
45903
45908
45911
45916
45919
45924
45927
45932
45935
45940
45943
45948
45951
45956
45959
45964
45967
45972
45975
45980
45983
45988
45991
45996
45999
46004
46007
46012
46015
46020
46023
46028
46031
46036
46039
46044
46048
46053
46056
46061
46064
46069
46072
46077
46080
46085
46088
46093
46096
46101
46104
46109
46112
46118
46122
46128
46132
46138
46142
46148
46152
46158
46163
46169
46173
46179
46183
46189
46193
46199
46203
46209
46214
46220
46224
46230
46234
46240
46244
46250
46254
46261
46265
46271
46275
46281
46285
46291
46295
46301
46305
46312
46316
46322
46326
46332
46336
46342
46346
46352
46357
46363
46367
46373
46377
46383
46387
46393
46397
46403
46408
46414
46418
46424
46428
46434
46438
46444
46448
46454
46459
46465
46469
46475
46479
46485
46489
46495
46499
46506
46510
46516
46520
46526
46530
46536
46540
46546
46550
46557
46561
46567
46571
46577
46581
46587
46591
46597
46602
46608
46612
46618
46622
46628
46632
46638
46642
46648
46653
46659
46663
46669
46673
46679
46683
46689
46693
46699
46704
46710
46714
46720
46724
46730
46734
46740
46744
46751
46755
46763
46770
46779
46786
46795
46802
46811
46817
46826
46833
46842
46849
46858
46865
46874
46880
46889
46896
46905
46912
46921
46928
46937
46943
46952
46959
46968
46975
46984
46991
47000
47006
47015
47022
47031
47038
47047
47054
47063
47069
47078
47085
47094
47101
47110
47117
47126
47132
47141
47148
47157
47164
47173
47180
47189
47195
47204
47211
47220
47227
47236
47243
47252
47258
47267
47274
47283
47290
47299
47306
47315
47321
47330
47337
47346
47353
47362
47369
47378
47384
47393
47400
47409
47416
47425
47432
47441
47445
47448
47453
47455
47460
47463
47468
47470
47475
47478
47482
47485
47490
47493
47497
47500
47505
47508
47512
47515
47520
47522
47527
47530
47535
47537
47542
47545
47550
47552
47557
47560
47564
47567
47572
47575
47579
47582
47587
47590
47594
47597
47602
47604
47609
47612
47617
47619
47624
47627
47632
47634
47639
47642
47646
47649
47654
47657
47661
47664
47669
47671
47676
47679
47684
47686
47691
47694
47699
47701
47706
47709
47713
47716
47721
47724
47728
47731
47736
47739
47743
47746
47751
47753
47758
47761
47766
47768
47773
47776
47781
47783
47788
47791
47795
47798
47803
47806
47810
47813
47818
47821
47825
47828
47833
47835
47840
47843
47848
47850
47855
47858
47862
47865
47870
47873
47877
47880
47885
47888
47892
47895
47900
47902
47907
47910
47915
47917
47922
47925
47930
47932
47937
47940
47944
47947
47952
47955
47959
47962
47967
47970
47974
47977
47982
47984
47989
47992
47997
47999
48004
48007
48012
48014
48019
48022
48026
48029
48034
48037
48041
48044
48049
48051
48056
48059
48064
48066
48071
48074
48078
48081
48086
48089
48094
48096
48101
48104
48109
48112
48116
48119
48124
48127
48132
48134
48139
48142
48147
48150
48154
48157
48162
48165
48170
48173
48177
48180
48185
48188
48193
48195
48200
48203
48208
48211
48215
48218
48223
48226
48231
48233
48238
48241
48246
48249
48253
48256
48261
48264
48269
48272
48276
48279
48284
48287
48292
48294
48299
48302
48307
48310
48314
48317
48322
48325
48330
48332
48337
48340
48345
48348
48353
48355
48360
48363
48368
48371
48375
48378
48383
48386
48391
48393
48398
48401
48406
48409
48413
48416
48421
48424
48429
48431
48436
48439
48444
48447
48452
48454
48459
48462
48467
48470
48474
48477
48482
48485
48490
48492
48497
48500
48505
48508
48512
48515
48520
48523
48528
48530
48535
48538
48543
48546
48551
48553
48558
48561
48566
48569
48573
48576
48581
48584
48589
48591
48596
48599
48604
48607
48611
48614
48619
48622
48627
48630
48634
48637
48642
48645
48650
48652
48657
48660
48665
48668
48672
48675
48680
48683
48688
48694
48698
48705
48709
48715
48720
48726
48730
48737
48741
48747
48752
48758
48762
48769
48773
48779
48784
48790
48794
48801
48805
48811
48816
48822
48827
48833
48837
48844
48848
48854
48859
48865
48869
48876
48880
48886
48891
48897
48901
48908
48912
48918
48923
48929
48933
48940
48944
48951
48955
48961
48966
48972
48976
48983
48987
48993
48998
49004
49008
49015
49019
49025
49030
49036
49040
49047
49051
49057
49062
49068
49073
49079
49083
49090
49094
49100
49105
49111
49115
49122
49126
49132
49137
49143
49147
49154
49158
49164
49169
49175
49179
49186
49190
49197
49201
49207
49212
49218
49222
49229
49233
49239
49244
49250
49254
49261
49265
49271
49276
49282
49286
49293
49297
49303
49308
49314
49319
49324
49328
49333
49337
49342
49346
49351
49355
49360
49364
49369
49373
49378
49382
49388
49391
49397
49400
49406
49409
49415
49418
49424
49427
49433
49436
49442
49446
49451
49455
49460
49464
49469
49473
49478
49482
49487
49491
49496
49500
49506
49509
49515
49518
49524
49527
49533
49536
49542
49545
49551
49554
49560
49563
49569
49573
49578
49582
49587
49591
49596
49600
49605
49609
49614
49618
49623
49627
49633
49636
49642
49645
49651
49654
49660
49663
49669
49672
49678
49681
49687
49691
49696
49700
49705
49709
49714
49718
49723
49727
49732
49736
49741
49745
49751
49754
49760
49763
49769
49772
49778
49781
49787
49790
49796
49799
49805
49808
49814
49818
49823
49827
49832
49836
49841
49845
49850
49854
49859
49863
49868
49872
49878
49881
49887
49890
49896
49899
49905
49908
49914
49917
49923
49926
49932
49936
49941
49945
49950
49954
49959
49963
49971
49977
49985
49991
49999
50006
50014
50020
50028
50034
50042
50049
50057
50063
50071
50077
50086
50092
50100
50106
50114
50120
50129
50135
50143
50149
50157
50163
50172
50178
50186
50192
50200
50207
50215
50221
50229
50235
50243
50250
50258
50264
50272
50278
50286
50293
50301
50307
50315
50321
50330
50336
50344
50350
50358
50364
50373
50379
50387
50393
50401
50407
50416
50422
50430
50436
50444
50451
50459
50465
50473
50479
50487
50494
50502
50508
50516
50522
50530
50537
50545
50551
50559
50565
50574
50579
50582
50587
50590
50595
50598
50603
50606
50611
50614
50619
50622
50627
50630
50635
50638
50643
50646
50651
50654
50659
50662
50667
50670
50675
50678
50683
50686
50691
50694
50699
50702
50707
50710
50715
50718
50723
50726
50731
50734
50739
50742
50747
50750
50755
50758
50763
50766
50771
50774
50779
50782
50787
50790
50795
50798
50803
50806
50811
50814
50819
50822
50827
50830
50835
50838
50843
50846
50851
50854
50859
50862
50867
50870
50875
50878
50883
50886
50891
50894
50899
50902
50907
50911
50916
50919
50924
50927
50932
50935
50940
50943
50948
50951
50956
50959
50964
50967
50972
50975
50980
50983
50988
50991
50996
50999
51004
51007
51012
51015
51020
51023
51028
51031
51036
51039
51044
51047
51052
51055
51060
51063
51068
51071
51076
51079
51084
51087
51092
51095
51100
51103
51108
51111
51116
51119
51124
51127
51132
51135
51140
51143
51148
51151
51156
51159
51164
51167
51172
51175
51180
51183
51188
51191
51196
51199
51204
51207
51212
51215
51220
