7
13
20
26
34
39
47
53
60
66
74
79
87
92
100
106
113
119
127
132
140
146
153
159
167
172
180
185
193
199
206
212
220
225
233
239
246
252
259
265
273
278
286
292
299
305
313
318
326
332
339
345
352
358
366
371
379
385
392
398
406
416
425
435
444
454
463
473
482
493
501
512
520
531
539
550
558
569
578
588
597
607
616
626
635
646
654
665
673
684
692
703
711
722
731
741
750
760
769
779
788
799
806
812
819
825
833
838
846
852
859
865
873
878
886
891
899
905
912
918
926
931
939
945
952
958
965
971
979
984
992
998
1005
1011
1019
1024
1032
1037
1045
1051
1058
1064
1072
1077
1085
1091
1098
1104
1111
1117
1125
1130
1138
1144
1151
1157
1165
1170
1178
1183
1191
1197
1204
1210
1218
1223
1231
1237
1244
1252
1258
1266
1273
1281
1287
1295
1302
1310
1316
1324
1331
1339
1345
1353
1360
1368
1374
1382
1389
1397
1403
1411
1418
1426
1432
1441
1447
1455
1461
1470
1476
1484
1490
1499
1505
1513
1519
1528
1534
1542
1548
1557
1563
1571
1577
1586
1592
1600
1606
1615
1621
1629
1636
1644
1650
1658
1665
1673
1679
1688
1695
1705
1712
1722
1729
1739
1746
1756
1763
1772
1780
1789
1797
1806
1814
1823
1831
1840
1847
1857
1864
1874
1881
1891
1898
1908
1915
1924
1932
1941
1949
1958
1966
1975
1983
1992
1999
2009
2016
2026
2033
2043
2050
2060
2067
2076
2084
2093
2101
2110
2118
2127
2135
2144
2151
2161
2168
2178
2185
2195
2202
2212
2219
2228
2236
2245
2253
2262
2270
2279
2287
2294
2299
2307
2312
2320
2325
2333
2338
2346
2351
2359
2364
2372
2377
2384
2390
2397
2403
2410
2416
2423
2429
2436
2442
2449
2455
2462
2467
2475
2480
2488
2493
2501
2506
2514
2519
2527
2532
2540
2545
2552
2558
2565
2571
2578
2584
2591
2597
2604
2610
2617
2623
2630
2635
2643
2648
2656
2661
2669
2674
2682
2687
2695
2703
2709
2718
2724
2732
2739
2747
2753
2762
2768
2776
2783
2791
2797
2806
2812
2820
2827
2835
2841
2850
2856
2865
2871
2879
2886
2894
2900
2909
2915
2923
2930
2938
2944
2953
2959
2967
2974
2982
2988
2997
3003
3011
3018
3026
3033
3041
3047
3056
3062
3070
3077
3085
3091
3100
3106
3114
3121
3129
3135
3144
3150
3158
3165
3173
3179
3188
3194
3203
3209
3219
3227
3238
3246
3257
3265
3275
3284
3294
3303
3313
3321
3332
3340
3351
3359
3369
3378
3388
3397
3407
3416
3426
3434
3445
3453
3464
3472
3482
3491
3501
3510
3520
3529
3538
3548
3557
3567
3576
3586
3594
3605
3613
3624
3632
3642
3651
3661
3670
3680
3689
3698
3708
3717
3727
3736
3746
3754
3765
3773
3784
3792
3802
3811
3821
3830
3840
3849
3857
3864
3873
3880
3889
3896
3905
3912
3921
3928
3937
3944
3953
3960
3969
3976
3985
3992
4001
4008
4017
4024
4033
4040
4049
4056
4065
4072
4081
4088
4097
4104
4113
4120
4129
4136
4145
4151
4160
4167
4176
4183
4192
4199
4208
4215
4224
4231
4240
4247
4257
4266
4277
4286
4296
4305
4316
4325
4335
4344
4355
4364
4374
4383
4394
4403
4413
4422
4433
4442
4453
4461
4472
4481
4492
4500
4511
4520
4531
4539
4550
4559
4570
4578
4589
4598
4609
4618
4628
4637
4648
4657
4667
4676
4687
4696
4706
4715
4726
4735
4745
4754
4765
4774
4785
4793
4804
4813
4824
4834
4846
4856
4868
4877
4889
4899
4911
4921
4933
4942
4954
4964
4976
4986
4998
5007
5019
5029
5041
5051
5063
5072
5084
5094
5106
5116
5128
5137
5149
5159
5171
5181
5193
5202
5214
5224
5236
5246
5258
5267
5279
5289
5301
5311
5323
5332
5344
5354
5366
5376
5388
5397
5409
5419
5431
5441
5452
5462
5474
5484
5496
5506
5515
5523
5532
5540
5549
5557
5566
5574
5583
5591
5600
5608
5617
5625
5635
5642
5652
5659
5669
5676
5686
5693
5703
5710
5720
5727
5737
5744
5754
5762
5771
5779
5788
5796
5805
5813
5822
5830
5839
5847
5856
5864
5873
5881
5891
5898
5908
5915
5925
5932
5942
5949
5959
5966
5976
5983
5993
6001
6010
6018
6027
6035
6044
6052
6061
6069
6078
6086
6095
6103
6112
6120
6131
6140
6151
6161
6172
6181
6192
6202
6213
6222
6233
6243
6254
6263
6274
6284
6295
6304
6316
6325
6336
6345
6357
6366
6377
6386
6398
6407
6418
6427
6439
6448
6459
6469
6480
6489
6500
6510
6521
6530
6541
6551
6562
6571
6582
6592
6603
6612
6623
6633
6644
6653
6665
6674
6685
6694
6706
6715
6726
6735
6747
6756
6767
6776
6788
6797
6808
6818
6826
6836
6844
6854
6862
6872
6880
6890
6898
6909
6917
6927
6935
6945
6953
6963
6971
6981
6989
7000
7008
7018
7026
7036
7044
7054
7062
7072
7080
7091
7099
7109
7117
7127
7135
7145
7153
7163
7171
7182
7190
7200
7208
7218
7226
7236
7247
7256
7267
7276
7287
7297
7308
7317
7328
7337
7348
7358
7369
7378
7389
7398
7410
7419
7430
7439
7450
7459
7471
7480
7491
7500
7511
7520
7532
7541
7552
7561
7572
7582
7593
7600
7606
7613
7619
7626
7632
7639
7645
7652
7658
7666
7671
7679
7684
7692
7697
7705
7710
7718
7724
7731
7737
7744
7750
7757
7763
7770
7776
7784
7789
7797
7802
7810
7815
7823
7828
7836
7842
7849
7855
7862
7868
7875
7881
7888
7894
7902
7907
7915
7920
7928
7933
7941
7946
7954
7960
7967
7973
7980
7986
7993
7999
8006
8012
8019
8025
8033
8038
8046
8051
8059
8064
8072
8077
8085
8093
8100
8109
8116
8125
8132
8141
8148
8157
8164
8173
8180
8189
8196
8205
8212
8221
8228
8237
8244
8253
8260
8269
8276
8285
8292
8301
8308
8317
8324
8333
8340
8349
8356
8365
8372
8381
8388
8397
8404
8413
8420
8429
8436
8445
8452
8461
8468
8477
8484
8493
8500
8509
8516
8525
8532
8541
8548
8557
8564
8573
8580
8588
8595
8604
8611
8620
8629
8637
8647
8654
8664
8672
8682
8689
8699
8707
8717
8724
8734
8742
8752
8759
8769
8777
8787
8794
8804
8812
8822
8829
8839
8847
8856
8864
8874
8882
8891
8899
8909
8917
8926
8934
8944
8952
8961
8969
8979
8987
8996
9004
9014
9022
9031
9039
9049
9056
9066
9074
9084
9091
9101
9109
9119
9126
9136
9144
9154
9161
9171
9179
9189
9196
9206
9214
9224
9231
9241
9249
9259
9266
9273
9278
9285
9291
9298
9303
9311
9316
9323
9328
9336
9341
9348
9354
9361
9366
9374
9379
9386
9391
9399
9404
9411
9417
9424
9429
9436
9442
9449
9454
9462
9467
9474
9480
9487
9492
9499
9505
9512
9517
9525
9530
9537
9543
9550
9555
9562
9568
9575
9580
9588
9593
9600
9605
9613
9618
9625
9631
9638
9643
9651
9656
9663
9668
9676
9681
9688
9694
9701
9706
9714
9719
9726
9731
9741
9750
9761
9770
9781
9790
9801
9810
9820
9829
9840
9849
9860
9869
9880
9889
9899
9908
9919
9928
9939
9948
9959
9968
9978
9987
9998
10007
10018
10027
10038
10047
10057
10066
10077
10086
10097
10106
10117
10126
10136
10145
10156
10165
10176
10185
10196
10205
10215
10224
10235
10244
10255
10264
10275
10284
10294
10303
10314
10323
10334
10343
10354
10363
10373
10382
10390
10397
10406
10412
10421
10428
10437
10443
10452
10459
10468
10474
10483
10490
10499
10505
10514
10521
10530
10536
10545
10552
10561
10567
10576
10583
10592
10598
10607
10614
10623
10629
10638
10645
10654
10660
10669
10676
10685
10691
10700
10707
10716
10722
10731
10738
10747
10753
10762
10769
10778
10784
10793
10800
10809
10815
10824
10831
10840
10846
10855
10862
10871
10877
10886
10893
10902
10908
10917
10924
10933
10941
10951
10959
10969
10977
10987
10995
11005
11013
11023
11031
11041
11049
11059
11067
11077
11085
11095
11103
11113
11121
11131
11139
11149
11157
11167
11175
11185
11193
11203
11211
11221
11229
11239
11247
11257
11265
11275
11283
11293
11301
11311
11319
11329
11337
11347
11355
11365
11373
11383
11391
11401
11409
11419
11426
11436
11444
11454
11462
11472
11480
11490
11498
11508
11516
11526
11534
11544
11552
11562
11570
11577
11585
11592
11600
11607
11615
11622
11630
11637
11645
11652
11660
11667
11675
11682
11690
11697
11706
11712
11721
11727
11736
11742
11751
11757
11766
11772
11781
11787
11796
11802
11811
11817
11826
11833
11841
11848
11856
11863
11871
11878
11886
11893
11901
11908
11916
11923
11931
11938
11946
11953
11961
11968
11977
11983
11992
11998
12007
12013
12022
12028
12037
12043
12052
12058
12067
12073
12082
12088
12097
12104
12112
12119
12127
12134
12142
12149
12157
12164
12172
12179
12187
12194
12202
12209
12217
12224
12231
12236
12243
12249
12256
12261
12269
12274
12281
12287
12294
12299
12307
12312
12319
12324
12332
12337
12344
12350
12357
12362
12370
12375
12382
12388
12395
12400
12408
12413
12420
12425
12433
12438
12445
12451
12458
12463
12471
12476
12483
12489
12496
12501
12509
12514
12521
12526
12534
12539
12546
12552
12559
12564
12572
12577
12584
12590
12597
12602
12610
12615
12622
12627
12635
12640
12647
12653
12660
12665
12673
12678
12685
12691
12698
12703
12711
12716
12723
12728
12736
12741
12748
12754
12761
12766
12774
12779
12786
12792
12799
12804
12812
12817
12824
12829
12837
12842
12849
12855
12865
12873
12883
12891
12901
12909
12919
12927
12938
12946
12956
12964
12974
12982
12992
13000
13010
13019
13029
13037
13047
13055
13065
13073
13083
13091
13102
13110
13120
13128
13138
13146
13156
13164
13174
13183
13193
13201
13211
13222
13232
13244
13253
13265
13275
13286
13296
13308
13318
13329
13339
13351
13360
13372
13382
13393
13403
13415
13425
13436
13446
13458
13467
13479
13489
13501
13510
13522
13532
13543
13553
13565
13574
13586
13596
13608
13617
13629
13639
13647
13653
13661
13668
13676
13682
13690
13697
13705
13711
13719
13726
13734
13740
13749
13755
13763
13769
13778
13784
13792
13799
13806
13814
13820
13829
13835
13843
13849
13858
13864
13872
13879
13886
13894
13900
13909
13915
13923
13929
13938
13944
13952
13959
13967
13974
13982
13989
13997
14004
14012
14019
14027
14034
14042
14049
14058
14064
14073
14079
14088
14094
14103
14109
14118
14124
14133
14140
14148
14155
14163
14170
14178
14185
14193
14200
14208
14215
14223
14230
14239
14245
14254
14260
14269
14275
14284
14290
14299
14305
14315
14323
14333
14342
14352
14360
14370
14379
14389
14397
14407
14416
14426
14434
14444
14453
14463
14471
14482
14490
14500
14508
14519
14527
14537
14545
14556
14564
14574
14582
14593
14601
14611
14620
14630
14638
14648
14657
14667
14675
14685
14694
14704
14712
14722
14731
14741
14749
14760
14768
14778
14786
14797
14805
14815
14823
14834
14842
14852
14860
14871
14882
14892
14904
14913
14925
14935
14947
14956
14968
14978
14990
14999
15011
15021
15033
15042
15054
15064
15075
15085
15097
15107
15118
15128
15140
15150
15161
15171
15183
15193
15204
15214
15226
15235
15247
15257
15269
15278
15290
15300
15312
15321
15333
15343
15355
15364
15376
15386
15397
15407
15419
15429
15436
15441
15449
15454
15461
15467
15474
15480
15487
15492
15500
15505
15513
15518
15525
15531
15538
15544
15551
15556
15564
15569
15577
15582
15589
15595
15602
15608
15615
15620
15628
15633
15641
15646
15653
15659
15666
15672
15679
15684
15692
15697
15705
15710
15717
15723
15730
15736
15743
15748
15756
15761
15769
15774
15781
15787
15794
15800
15807
15812
15820
15825
15832
15838
15845
15851
15858
15863
15871
15876
15884
15889
15896
15902
15909
15915
15922
15927
15935
15940
15948
15953
15960
15966
15973
15979
15986
15991
15999
16004
16012
16017
16024
16030
16039
16046
16055
16062
16071
16078
16087
16094
16103
16110
16119
16126
16135
16142
16151
16158
16167
16174
16183
16190
16199
16206
16215
16223
16232
16239
16248
16255
16264
16271
16280
16287
16296
16303
16312
16319
16328
16335
16344
16351
16360
16367
16376
16383
16389
16396
16402
16409
16415
16423
16428
16436
16441
16449
16455
16462
16468
16475
16481
16489
16494
16502
16507
16515
16521
16528
16534
16541
16547
16555
16560
16568
16573
16581
16587
16594
16600
16607
16613
16621
16626
16634
16639
16647
16653
16660
16666
16673
16679
16687
16692
16700
16705
16713
16719
16726
16732
16739
16745
16753
16758
16766
16771
16779
16785
16792
16798
16805
16811
16819
16824
16832
16837
16845
16850
16858
16864
16871
16881
16890
16900
16909
16919
16928
16938
16947
16957
16966
16977
16985
16996
17004
17015
17023
17034
17042
17053
17062
17072
17081
17091
17100
17110
17119
17129
17138
17149
17157
17168
17176
17187
17195
17206
17214
17225
17234
17244
17253
17263
17272
17282
17291
17301
17310
17321
17329
17340
17348
17359
17367
17378
17386
17397
17406
17416
17425
17433
17439
17447
17453
17462
17468
17476
17482
17490
17497
17505
17511
17519
17525
17534
17540
17548
17554
17563
17569
17577
17583
17591
17598
17606
17612
17620
17626
17635
17641
17649
17655
17663
17670
17678
17684
17692
17699
17707
17713
17721
17727
17736
17742
17750
17756
17764
17771
17779
17785
17793
17800
17807
17815
17821
17829
17836
17844
17850
17858
17864
17873
17879
17887
17893
17901
17908
17916
17922
17930
17937
17945
17951
17959
17965
17974
17980
17988
17994
18002
18009
18017
18023
18031
18037
18046
18052
18060
18066
18075
18082
18087
18095
18100
18108
18113
18121
18126
18134
18139
18146
18152
18159
18165
18172
18178
18185
18191
18198
18203
18211
18216
18224
18229
18237
18242
18250
18255
18262
18268
18275
18281
18288
18294
18301
18307
18314
18320
18327
18332
18340
18345
18353
18358
18366
18371
18379
18384
18391
18397
18404
18410
18417
18423
18430
18436
18443
18448
18456
18461
18469
18474
18482
18487
18495
18500
18508
18513
18520
18526
18533
18539
18546
18552
18559
18565
18572
18577
18585
18590
18598
18603
18611
18616
18624
18629
18636
18642
18649
18655
18662
18668
18675
18681
18688
18694
18701
18706
18714
18719
18727
18732
18740
18745
18752
18758
18766
18772
18780
18786
18794
18800
18808
18814
18822
18828
18835
18841
18849
18855
18863
18869
18877
18883
18891
18897
18905
18911
18919
18924
18932
18938
18946
18952
18960
18966
18974
18980
18988
18994
19002
19007
19015
19021
19029
19035
19043
19049
19057
19063
19071
19077
19085
19091
19098
19104
19112
19118
19126
19132
19140
19146
19154
19160
19168
19174
19181
19187
19195
19201
19209
19215
19223
19229
19237
19243
19251
19257
19265
19270
19278
19284
19292
19298
19306
19312
19320
19326
19334
19340
19348
19353
19361
19369
19376
19385
19391
19400
19407
19415
19422
19431
19438
19446
19453
19462
19468
19477
19484
19493
19499
19508
19515
19523
19530
19539
19545
19554
19561
19570
19576
19585
19592
19600
19607
19616
19623
19631
19638
19647
19653
19662
19669
19677
19684
19693
19700
19708
19715
19724
19730
19739
19746
19755
19765
19775
19785
19795
19805
19815
19825
19835
19845
19855
19865
19875
19885
19895
19905
19915
19925
19935
19945
19955
19965
19975
19985
19995
20005
20015
20025
20035
20045
20055
20065
20075
20085
20095
20105
20115
20125
20135
20145
20155
20165
20175
20182
20188
20195
20201
20208
20214
20221
20227
20235
20240
20248
20253
20261
20266
20274
20279
20287
20293
20300
20306
20313
20319
20326
20332
20339
20345
20353
20358
20366
20371
20379
20384
20392
20397
20405
20411
20418
20424
20431
20437
20444
20450
20457
20463
20471
20476
20484
20489
20497
20502
20510
20515
20523
20529
20536
20542
20549
20555
20562
20568
20575
20581
20589
20594
20602
20607
20615
20620
20628
20634
20641
20647
20654
20660
20667
20673
20680
20686
20694
20699
20707
20712
20720
20725
20733
20738
20746
20752
20759
20765
20772
20778
20785
20791
20798
20809
20818
20829
20839
20850
20859
20870
20880
20891
20900
20912
20921
20932
20941
20953
20962
20973
20982
20994
21003
21014
21024
21035
21044
21055
21065
21076
21085
21096
21106
21117
21126
21138
21147
21158
21167
21179
21188
21199
21208
21220
21229
21240
21250
21261
21270
21281
21291
21302
21311
21322
21332
21343
21352
21359
21365
21372
21378
21385
21391
21398
21404
21411
21417
21424
21430
21437
21443
21450
21456
21464
21469
21477
21482
21490
21495
21503
21508
21516
21521
21529
21534
21542
21547
21555
21561
21568
21574
21581
21587
21594
21600
21607
21613
21620
21626
21633
21639
21646
21652
21660
21665
21673
21678
21686
21691
21699
21704
21712
21717
21725
21730
21738
21743
21751
21757
21764
21770
21777
21783
21790
21796
21803
21809
21816
21822
21829
21835
21842
21848
21855
21861
21869
21874
21882
21887
21895
21900
21908
21913
21921
21926
21934
21939
21947
21952
21960
21967
21976
21983
21992
21999
22008
22014
22023
22030
22039
22046
22055
22062
22070
22077
22086
22093
22102
22109
22118
22124
22133
22140
22149
22156
22165
22172
22180
22187
22196
22203
22212
22219
22228
22234
22243
22250
22259
22266
22275
22282
22290
22297
22306
22313
22322
22329
22338
22344
22353
22360
22369
22376
22385
22392
22400
22407
22416
22423
22432
22439
22448
22454
22463
22470
22479
22486
22495
22502
22510
22517
22526
22533
22542
22549
22558
22564
22573
22581
22587
22595
22601
22609
22615
22623
22629
22638
22644
22652
22658
22666
22672
22680
22686
22695
22701
22709
22715
22723
22729
22737
22743
22752
22758
22766
22772
22780
22786
22794
22800
22809
22815
22823
22829
22837
22843
22851
22857
22865
22872
22880
22886
22894
22900
22908
22914
22922
22929
22937
22944
22950
22957
22963
22970
22976
22984
22989
22997
23002
23010
23016
23023
23029
23036
23042
23050
23055
23063
23068
23076
23082
23089
23095
23102
23108
23116
23121
23129
23134
23142
23147
23155
23161
23168
23174
23181
23187
23195
23200
23208
23213
23221
23227
23234
23240
23247
23253
23261
23266
23274
23279
23287
23293
23300
23306
23313
23319
23327
23332
23340
23345
23353
23358
23366
23372
23379
23385
23392
23398
23406
23411
23419
23424
23432
23438
23445
23451
23458
23464
23472
23480
23486
23494
23500
23508
23514
23522
23528
23536
23542
23550
23556
23564
23570
23578
23584
23592
23598
23606
23612
23620
23627
23635
23641
23649
23655
23663
23669
23677
23683
23691
23697
23705
23711
23719
23725
23733
23739
23747
23753
23761
23767
23775
23782
23790
23796
23804
23810
23818
23824
23832
23838
23846
23852
23860
23866
23874
23880
23888
23894
23902
23908
23916
23922
23929
23935
23942
23948
23956
23961
23969
23974
23982
23988
23995
24001
24008
24014
24022
24027
24035
24041
24048
24054
24061
24067
24075
24080
24088
24093
24101
24107
24114
24120
24127
24133
24141
24146
24154
24160
24167
24173
24180
24186
24194
24199
24207
24212
24220
24226
24233
24239
24246
24252
24260
24265
24273
24279
24286
24292
24300
24307
24316
24323
24332
24339
24348
24355
24364
24371
24380
24387
24396
24403
24412
24419
24428
24435
24444
24451
24460
24467
24476
24483
24492
24499
24508
24515
24524
24531
24540
24547
24556
24563
24572
24579
24588
24595
24604
24611
24620
24627
24636
24643
24652
24659
24667
24674
24683
24690
24699
24706
24715
24722
24731
24738
24747
24754
24763
24770
24779
24786
24795
24802
24811
24818
24827
24834
24843
24850
24859
24866
24876
24885
24896
24904
24915
24924
24935
24943
24954
24963
24973
24982
24993
25002
25012
25021
25032
25040
25051
25060
25071
25079
25090
25099
25109
25118
25129
25138
25148
25157
25168
25176
25187
25196
25207
25215
25226
25235
25245
25254
25261
25266
25274
25279
25287
25292
25300
25305
25313
25318
25326
25331
25339
25344
25352
25357
25365
25370
25378
25383
25391
25396
25404
25409
25417
25422
25430
25435
25443
25448
25455
25461
25468
25474
25481
25487
25494
25500
25507
25513
25520
25526
25533
25539
25546
25552
25559
25565
25572
25578
25585
25591
25598
25604
25611
25617
25624
25630
25637
25642
25650
25655
25663
25668
25676
25681
25689
25694
25702
25707
25715
25720
25730
25738
25748
25756
25766
25774
25784
25793
25803
25811
25821
25829
25839
25847
25857
25866
25876
25884
25894
25902
25912
25920
25931
25939
25949
25957
25967
25975
25985
25993
26004
26012
26022
26030
26040
26048
26058
26067
26077
26085
26095
26103
26113
26121
26131
26140
26150
26158
26165
26173
26180
26189
26195
26204
26210
26219
26226
26234
26241
26249
26256
26265
26271
26280
26287
26295
26302
26310
26317
26326
26332
26341
26347
26356
26363
26371
26378
26387
26393
26402
26408
26417
26424
26432
26439
26447
26454
26463
26469
26478
26485
26493
26500
26508
26515
26524
26530
26539
26545
26554
26561
26569
26576
26585
26591
26600
26606
26615
26622
26630
26637
26645
26652
26661
26667
26676
26682
26691
26698
26705
26710
26718
26723
26730
26736
26743
26748
26756
26761
26768
26774
26781
26786
26794
26799
26806
26812
26819
26824
26832
26837
26844
26850
26857
26862
26870
26875
26882
26888
26895
26900
26908
26913
26920
26926
26933
26938
26946
26951
26958
26964
26971
26976
26984
26989
26996
27002
27009
27014
27022
27030
27037
27045
27052
27061
27067
27076
27083
27091
27098
27107
27113
27122
27129
27137
27144
27153
27159
27168
27175
27183
27190
27199
27205
27214
27221
27229
27236
27245
27251
27260
27267
27275
27282
27291
27297
27306
27313
27321
27328
27337
27343
27352
27359
27367
27374
27383
27389
27398
27405
27413
27420
27429
27435
27444
27451
27459
27466
27475
27481
27490
27497
27505
27512
27521
27527
27536
27543
27551
27558
27567
27573
27582
27589
27597
27605
27611
27620
27626
27635
27641
27650
27656
27664
27671
27679
27686
27694
27701
27709
27715
27724
27730
27739
27745
27754
27760
27769
27775
27783
27790
27798
27805
27813
27820
27828
27834
27843
27849
27858
27864
27873
27879
27887
27894
27902
27909
27917
27924
27932
27939
27947
27953
27962
27968
27977
27983
27992
27998
28006
28013
28021
28028
28036
28044
28051
28059
28066
28075
28081
28090
28097
28105
28112
28121
28127
28136
28143
28151
28158
28166
28173
28182
28188
28197
28204
28212
28219
28228
28234
28243
28250
28258
28265
28273
28280
28289
28295
28304
28311
28319
28326
28335
28341
28350
28357
28365
28372
28380
28387
28396
28403
28412
28419
28428
28435
28444
28451
28460
28467
28476
28483
28492
28499
28508
28515
28524
28531
28540
28547
28556
28562
28571
28578
28587
28594
28603
28610
28619
28626
28635
28642
28651
28658
28667
28674
28683
28690
28699
28706
28715
28722
28731
28738
28747
28753
28762
28769
28778
28785
28794
28801
28810
28817
28826
28833
28842
28849
28858
28865
28874
28881
28890
28897
28906
28913
28922
28929
28937
28944
28953
28960
28969
28979
28987
28997
29005
29015
29024
29034
29042
29052
29060
29071
29079
29089
29097
29107
29116
29126
29134
29144
29152
29162
29171
29181
29189
29199
29207
29218
29226
29236
29244
29254
29263
29273
29281
29289
29296
29305
29311
29320
29327
29335
29342
29351
29357
29366
29373
29381
29388
29397
29403
29412
29419
29427
29434
29443
29450
29458
29465
29474
29480
29489
29496
29504
29511
29520
29526
29535
29542
29550
29557
29566
29572
29581
29588
29596
29603
29612
29619
29627
29634
29643
29649
29658
29665
29673
29680
29689
29695
29704
29711
29719
29726
29735
29741
29750
29757
29765
29772
29781
29788
29796
29803
29812
29818
29827
29835
29841
29849
29855
29863
29869
29877
29883
29891
29897
29905
29911
29919
29925
29933
29939
29947
29953
29962
29968
29976
29982
29990
29996
30004
30010
30018
30024
30032
30038
30046
30052
30060
30066
30074
30080
30089
30095
30103
30109
30117
30123
30131
30137
30145
30151
30159
30165
30173
30179
30187
30193
30201
30207
30216
30222
30230
30236
30244
30250
30258
30264
30272
30278
30286
30292
30300
30306
30314
30320
30328
30334
30342
30349
30357
30363
30371
30377
30385
30391
30399
30405
30413
30419
30427
30433
30441
30447
30455
30461
30469
30476
30484
30490
30498
30504
30511
30516
30524
30529
30537
30542
30549
30555
30562
30568
30575
30580
30588
30593
30601
30606
30613
30619
30626
30632
30639
30644
30652
30657
30665
30670
30677
30683
30690
30696
30703
30708
30716
30721
30729
30734
30741
30747
30754
30760
30767
30772
30780
30785
30793
30798
30805
30811
30818
30824
30831
30836
30844
30849
30857
30864
30870
30877
30883
30890
30896
30903
30909
30916
30922
30929
30935
30942
30948
30956
30961
30969
30974
30982
30987
30995
31000
31008
31013
31021
31026
31034
31040
31047
31053
31060
31066
31073
31079
31086
31092
31099
31105
31112
31118
31125
31131
31139
31144
31152
31157
31165
31170
31178
31183
31191
31196
31204
31209
31217
31223
31230
31236
31243
31249
31256
31262
31269
31275
31282
31291
31299
31308
31316
31325
31333
31343
31350
31360
31367
31377
31385
31394
31402
31411
31419
31429
31436
31446
31453
31463
31470
31480
31488
31497
31505
31514
31522
31532
31539
31549
31556
31566
31574
31583
31591
31600
31608
31618
31625
31635
31642
31652
31659
31669
31677
31686
31694
31703
31711
31721
31728
31738
31745
31755
31763
31772
31780
31789
31797
31806
31814
31824
31835
31844
31855
31864
31876
31885
31896
31905
31917
31926
31937
31946
31958
31967
31978
31987
31999
32008
32019
32028
32040
32049
32060
32069
32080
32090
32101
32110
32121
32131
32142
32151
32162
32172
32183
32192
32203
32213
32224
32233
32244
32254
32265
32274
32285
32294
32306
32315
32326
32335
32347
32358
32368
32379
32389
32401
32410
32422
32431
32443
32453
32464
32474
32485
32495
32507
32516
32528
32537
32549
32559
32570
32580
32591
32601
32613
32622
32634
32643
32655
32665
32676
32686
32697
32707
32719
32728
32740
32749
32761
32771
32782
32792
32803
32813
32825
32834
32846
32855
32867
32877
32888
32898
32909
32919
32931
32940
32952
32961
32973
32983
32990
32995
33002
33008
33015
33020
33028
33033
33040
33046
33053
33058
33066
33071
33078
33084
33091
33096
33104
33109
33116
33122
33129
33134
33142
33147
33154
33160
33167
33172
33180
33185
33192
33198
33205
33210
33218
33223
33230
33236
33243
33248
33256
33261
33268
33273
33281
33286
33293
33299
33306
33311
33319
33324
33331
33337
33344
33349
33357
33362
33369
33375
33382
33387
33395
33400
33407
33413
33420
33425
33433
33438
33445
33451
33458
33463
33471
33476
33483
33489
33500
33509
33521
33530
33541
33551
33562
33572
33583
33592
33604
33613
33625
33634
33645
33655
33666
33676
33687
33696
33708
33717
33729
33738
33749
33759
33770
33780
33791
33800
33812
33821
33833
33842
33853
33863
33874
33884
33895
33904
33916
33925
33937
33946
33957
33967
33978
33988
33999
34008
34020
34029
34041
34050
34061
34071
34082
34092
34100
34107
34116
34123
34132
34138
34147
34154
34163
34170
34178
34185
34194
34201
34210
34217
34225
34232
34241
34248
34257
34263
34272
34279
34288
34295
34304
34310
34319
34326
34335
34342
34350
34357
34366
34373
34382
34389
34397
34404
34413
34420
34429
34435
34444
34451
34459
34465
34473
34480
34488
34494
34503
34509
34517
34524
34532
34538
34547
34553
34561
34568
34576
34582
34591
34597
34605
34612
34620
34626
34635
34641
34649
34656
34664
34670
34679
34685
34693
34700
34708
34714
34723
34729
34737
34744
34752
34758
34767
34773
34781
34787
34796
34805
34813
34823
34830
34840
34848
34857
34865
34875
34883
34892
34900
34910
34917
34927
34935
34945
34952
34962
34970
34979
34987
34997
35004
35014
35022
35032
35039
35049
35057
35066
35074
35084
35092
35101
35109
35119
35126
35136
35144
35154
35161
35171
35179
35188
35196
35206
35213
35223
35231
35241
35248
35258
35266
35275
35283
35293
35301
35310
35317
35322
35329
35335
35342
35347
35355
35360
35367
35373
35380
35385
35393
35398
35405
35411
35418
35423
35430
35436
35443
35448
35456
35461
35468
35474
35481
35486
35494
35499
35506
35512
35519
35524
35532
35537
35544
35550
35556
35563
35568
35576
35581
35588
35594
35601
35606
35614
35619
35626
35632
35641
35649
35659
35667
35677
35685
35695
35702
35712
35720
35730
35738
35748
35756
35766
35773
35783
35791
35801
35809
35819
35827
35836
35844
35854
35862
35872
35880
35890
35898
35907
35915
35925
35933
35943
35951
35961
35969
35978
35986
35996
36004
36012
36019
36028
36035
36043
36050
36059
36066
36074
36081
36090
36097
36105
36112
36121
36128
36136
36143
36152
36159
36167
36174
36183
36190
36198
36205
36214
36221
36229
36236
36245
36252
36260
36267
36276
36283
36291
36298
36307
36314
36322
36329
36338
36345
36353
36360
36369
36376
36384
36391
36400
36407
36415
36422
36431
36438
36446
36453
36462
36469
36475
36483
36489
36496
36502
36510
36516
36523
36529
36537
36543
36550
36556
36564
36570
36577
36583
36591
36597
36604
36610
36618
36624
36632
36637
36645
36651
36659
36664
36672
36678
36686
36691
36699
36705
36713
36718
36726
36732
36740
36745
36753
36759
36767
36772
36780
36786
36794
36800
36807
36813
36821
36827
36834
36840
36848
36854
36861
36867
36875
36881
36888
36894
36902
36908
36915
36921
36929
36935
36942
36948
36956
36962
36970
36975
36983
36989
36997
37002
37010
37016
37024
37030
37038
37044
37053
37059
37067
37073
37081
37088
37096
37102
37110
37116
37125
37131
37139
37145
37153
37160
37168
37174
37182
37188
37197
37203
37211
37217
37225
37232
37240
37246
37254
37260
37269
37275
37283
37289
37297
37304
37312
37318
37326
37332
37341
37347
37355
37361
37369
37376
37384
37390
37398
37404
37413
37419
37427
37433
37441
37448
37456
37462
37470
37476
37485
37491
37500
37508
37518
37526
37535
37543
37553
37561
37570
37578
37588
37596
37605
37613
37623
37631
37641
37648
37658
37666
37676
37683
37693
37701
37711
37718
37728
37736
37746
37753
37763
37771
37781
37789
37798
37806
37816
37824
37833
37841
37851
37859
37868
37876
37886
37894
37903
37913
37922
37933
37942
37952
37961
37972
37981
37992
38000
38011
38020
38031
38039
38050
38059
38070
38079
38089
38098
38109
38118
38128
38137
38148
38157
38168
38176
38187
38196
38207
38215
38226
38235
38246
38256
38267
38277
38288
38298
38309
38319
38330
38340
38351
38361
38372
38382
38393
38403
38414
38424
38435
38445
38457
38466
38478
38487
38499
38508
38520
38529
38541
38550
38562
38571
38583
38592
38599
38605
38613
38618
38626
38632
38639
38645
38653
38659
38666
38672
38680
38685
38693
38699
38706
38712
38720
38726
38733
38739
38747
38752
38760
38766
38774
38779
38787
38793
38800
38806
38814
38819
38827
38833
38841
38846
38854
38860
38867
38873
38881
38886
38894
38900
38908
38913
38921
38927
38934
38940
38948
38954
38961
38967
38975
38980
38988
38994
39001
39007
39015
39021
39028
39034
39042
39047
39055
39061
39068
39074
39082
39088
39095
39101
39109
39114
39122
39128
39136
39141
39150
39158
39167
39175
39185
39192
39202
39210
39219
39227
39236
39244
39254
39261
39271
39279
39288
39296
39305
39313
39323
39330
39340
39348
39357
39365
39374
39382
39392
39399
39409
39417
39426
39434
39443
39451
39461
39468
39478
39486
39495
39503
39512
39520
39527
39532
39540
39545
39553
39558
39565
39571
39578
39584
39591
39597
39604
39609
39617
39622
39630
39635
39642
39648
39655
39661
39668
39674
39681
39686
39694
39699
39707
39712
39720
39725
39732
39738
39745
39751
39758
39763
39771
39776
39784
39789
39797
39802
39809
39815
39822
39828
39835
39841
39848
39853
39861
39866
39874
39879
39886
39892
39899
39905
39912
39918
39925
39930
39938
39946
39953
39962
39969
39978
39984
39993
40000
40009
40016
40025
40031
40040
40047
40056
40063
40072
40078
40087
40094
40103
40110
40119
40125
40134
40141
40150
40157
40166
40172
40181
40188
40197
40204
40213
40219
40228
40235
40244
40251
40260
40267
40273
40281
40286
40294
40300
40307
40313
40321
40327
40334
40340
40348
40353
40361
40367
40374
40380
40388
40394
40401
40407
40415
40420
40428
40434
40441
40447
40455
40461
40468
40474
40482
40487
40495
40501
40508
40514
40522
40528
40535
40541
40549
40554
40562
40568
40575
40581
40589
40595
40602
40608
40616
40621
40631
40640
40651
40660
40671
40680
40691
40700
40711
40720
40731
40740
40751
40760
40771
40780
40791
40800
40811
40820
40831
40840
40851
40860
40871
40880
40891
40900
40911
40920
40930
40939
40950
40959
40970
40979
40990
40999
41010
41019
41030
41039
41050
41059
41070
41079
41090
41099
41110
41119
41130
41139
41150
41159
41166
41172
41180
41185
41193
41199
41206
41212
41220
41225
41233
41239
41246
41252
41260
41266
41273
41279
41287
41292
41300
41306
41313
41319
41327
41332
41340
41346
41353
41359
41367
41373
41380
41386
41394
41399
41407
41413
41420
41426
41434
41439
41447
41453
41461
41466
41474
41480
41487
41493
41501
41506
41514
41520
41527
41533
41541
41546
41554
41560
41568
41573
41581
41587
41594
41600
41608
41613
41621
41627
41634
41640
41648
41653
41661
41667
41675
41680
41688
41694
41701
41707
41714
41719
41726
41732
41739
41744
41752
41757
41764
41770
41777
41782
41790
41795
41802
41808
41815
41820
41828
41833
41840
41846
41853
41858
41865
41871
41878
41883
41891
41896
41903
41909
41916
41921
41929
41934
41941
41947
41954
41959
41967
41972
41979
41985
41992
41997
42004
42010
42017
42022
42030
42035
42042
42048
42055
42060
42068
42073
42080
42090
42099
42109
42118
42128
42137
42147
42156
42167
42175
42186
42194
42205
42213
42224
42233
42243
42252
42262
42271
42281
42290
42301
42309
42320
42328
42339
42347
42358
42367
42377
42386
42396
42405
42415
42424
42435
42443
42454
42462
42473
42481
42492
42501
42509
42515
42523
42529
42537
42543
42552
42558
42566
42572
42580
42586
42595
42601
42609
42615
42623
42629
42638
42644
42652
42658
42666
42672
42681
42687
42695
42701
42709
42715
42724
42730
42738
42744
42752
42758
42767
42773
42781
42787
42795
42801
42810
42816
42824
42830
42838
42844
42853
42859
42867
42873
42881
42887
42896
42902
42910
42916
42924
42930
42939
42945
42953
42959
42967
42973
42981
42988
42996
43002
43010
43016
43024
43031
43039
43045
43053
43062
43070
43080
43088
43097
43105
43115
43123
43132
43140
43150
43158
43167
43175
43185
43193
43202
43210
43220
43228
43237
43245
43255
43263
43272
43280
43290
43298
43308
43315
43325
43333
43343
43350
43360
43368
43378
43385
43395
43403
43413
43420
43427
43433
43441
43447
43455
43461
43469
43475
43483
43488
43496
43502
43510
43516
43524
43530
43538
43544
43551
43557
43565
43571
43579
43585
43593
43599
43607
43612
43620
43626
43634
43640
43648
43654
43662
43668
43676
43681
43689
43695
43703
43709
43717
43723
43731
43737
43744
43750
43758
43764
43772
43778
43786
43792
43800
43805
43813
43819
43827
43833
43841
43847
43855
43861
43869
43874
43884
43892
43902
43910
43920
43928
43938
43946
43956
43965
43975
43983
43993
44001
44011
44019
44029
44037
44047
44056
44066
44074
44084
44092
44102
44110
44120
44128
44139
44147
44157
44165
44175
44183
44193
44201
44211
44219
44230
44238
44248
44256
44266
44274
44284
44292
44302
44311
44321
44329
44339
44347
44357
44365
44375
44383
44393
44402
44412
44420
44430
44438
44448
44456
44466
44474
44485
44493
44503
44511
44518
44524
44532
44538
44546
44552
44560
44566
44574
44580
44587
44593
44601
44607
44615
44621
44629
44635
44643
44649
44656
44662
44670
44676
44684
44690
44698
44704
44712
44718
44725
44731
44739
44745
44753
44759
44767
44773
44781
44787
44794
44800
44808
44814
44822
44828
44836
44842
44850
44856
44863
44869
44877
44883
44891
44902
44911
44922
44931
44943
44952
44963
44972
44984
44993
45004
45013
45024
45034
45045
45054
45065
45075
45086
45095
45106
45116
45127
45136
45147
45156
45168
45177
45188
45197
45209
45218
45229
45238
45250
45259
45270
45279
45290
45300
45311
45320
45331
45341
45352
45361
45372
45382
45393
45402
45409
45415
45423
45429
45437
45443
45451
45457
45464
45470
45478
45484
45492
45498
45506
45512
45519
45525
45533
45539
45547
45553
45561
45567
45574
45580
45588
45594
45602
45608
45616
45622
45629
45635
45643
45649
45657
45663
45671
45677
45684
45690
45698
45704
45712
45718
45726
45732
45739
45745
45753
45759
45767
45773
45781
45787
45794
45800
45808
45814
45823
45830
45839
45847
45856
45863
45873
45880
45889
45896
45906
45913
45922
45930
45939
45946
45955
45963
45972
45979
45989
45996
46005
46013
46022
46029
46038
46046
46055
46062
46072
46079
46088
46095
46105
46112
46121
46129
46138
46145
46155
46162
46171
46178
46188
46195
46204
46212
46221
46228
46237
46245
46254
46261
46271
46278
46287
46294
46304
46311
46320
46328
46337
46344
46354
46361
46370
46377
46387
46394
46403
46411
46420
46430
46439
46449
46458
46469
46477
46488
46496
46507
46516
46526
46535
46546
46554
46565
46573
46584
46593
46603
46612
46623
46631
46642
46650
46661
46670
46680
46689
46700
46708
46719
46727
46738
46747
46757
46766
46777
46785
46796
46804
46815
46824
46834
46843
46854
46862
46873
46881
46892
46901
46911
46920
46931
46939
46950
46958
46969
46978
46988
46997
47008
47016
47027
47035
47046
47055
47065
47074
47084
47093
47104
47114
47126
47136
47147
47157
47169
47179
47191
47200
47212
47222
47234
47243
47255
47265
47277
47287
47298
47308
47320
47330
47341
47351
47363
47373
47385
47394
47406
47416
47428
47438
47449
47459
47471
47481
47492
47502
47514
47524
47536
47545
47557
47566
47574
47583
47591
47600
47608
47617
47625
47634
47642
47651
47659
47668
47676
47685
47693
47702
47710
47719
47727
47736
47744
47754
47761
47771
47778
47788
47795
47805
47812
47822
47829
47839
47846
47856
47863
47873
47880
47890
47897
47907
47914
47922
47929
47937
47944
47952
47959
47967
47974
47982
47989
47997
48004
48012
48019
48028
48034
48043
48049
48058
48064
48073
48079
48088
48094
48103
48109
48118
48125
48133
48140
48148
48155
48163
48170
48178
48185
48193
48200
48208
48215
48224
48230
48239
48245
48254
48260
48269
48275
48284
48290
48299
48305
48313
48319
48327
48333
48341
48348
48356
48362
48370
48376
48385
48391
48399
48405
48413
48419
48428
48434
48442
48448
48456
48463
48471
48477
48485
48491
48500
48506
48514
48520
48528
48534
48543
48549
48557
48563
48571
48578
48586
48592
48600
48606
48614
48621
48629
48635
48643
48649
48658
48664
48672
48678
48686
48693
48701
48707
48715
48721
48729
48736
48744
48750
48758
48764
48771
48777
48784
48790
48797
48803
48810
48816
48824
48829
48837
48842
48850
48855
48863
48869
48876
48882
48889
48895
48902
48908
48915
48921
48929
48934
48942
48947
48955
48960
48968
48974
48981
48987
48994
49000
49007
49013
49021
49026
49034
49039
49047
49052
49060
49065
49073
49079
49086
49092
49099
49105
49112
49118
49126
49131
49139
49144
49152
49157
49165
49171
49178
49184
49191
49197
49204
49210
49217
49223
49231
49236
49244
49249
49257
49262
49270
49276
49283
49289
49296
49302
49309
49315
49322
49328
49336
49341
49349
49356
49365
49372
49381
49388
49397
49403
49412
49419
49428
49435
49444
49451
49460
49466
49475
49482
49491
49498
49507
49514
49523
49529
49538
49545
49554
49561
49570
49577
49586
49592
49601
49608
49617
49624
49633
49640
49649
49655
49664
49671
49680
49687
49696
49703
49712
49718
49727
49734
49743
49750
49759
49766
49775
49781
49790
49797
49806
49813
49822
49829
49838
49844
49853
49860
49869
49876
49885
49892
49901
49907
49916
49923
49932
49939
49948
49956
49962
49970
49976
49984
49990
49998
50004
50012
50018
50026
50032
50040
50046
50054
50060
50068
50074
50082
50088
50096
50102
50110
50116
50124
50130
50139
50145
50153
50159
50167
50173
50181
50187
50195
50201
50209
50215
50223
50229
50237
50243
50251
50257
50265
50271
50279
50285
50293
50299
50307
50313
50322
50328
50336
50342
50350
50356
50364
50370
50378
50384
50392
50398
50406
50412
