15
28
44
57
72
86
101
115
130
143
159
172
188
201
216
230
245
258
274
287
303
316
331
345
360
374
389
401
412
425
436
449
460
473
484
497
508
521
532
545
556
569
580
592
603
616
627
640
651
664
675
688
699
712
723
736
750
763
778
791
806
819
834
847
862
875
889
902
917
930
945
958
973
986
1001
1014
1029
1041
1056
1069
1080
1090
1102
1111
1123
1133
1145
1154
1166
1176
1187
1197
1209
1219
1230
1240
1252
1262
1273
1283
1295
1304
1316
1326
1338
1347
1359
1369
1380
1390
1402
1412
1423
1433
1445
1456
1466
1477
1487
1499
1508
1520
1529
1541
1551
1562
1572
1584
1593
1605
1614
1626
1636
1647
1657
1669
1678
1690
1699
1711
1721
1732
1742
1753
1763
1775
1784
1796
1806
1817
1827
1838
1848
1860
1872
1883
1896
1906
1919
1930
1942
1953
1966
1976
1989
2000
2013
2023
2036
2047
2059
2070
2083
2093
2106
2117
2130
2140
2153
2164
2176
2187
2200
2210
2223
2235
2246
2259
2270
2282
2293
2306
2317
2329
2340
2353
2364
2376
2387
2400
2411
2423
2434
2447
2458
2470
2481
2494
2505
2517
2528
2541
2552
2564
2575
2588
2599
2611
2624
2636
2650
2662
2676
2687
2701
2713
2727
2739
2753
2764
2778
2790
2804
2816
2829
2841
2855
2867
2881
2893
2906
2918
2932
2944
2955
2965
2977
2987
2998
3008
3020
3030
3041
3051
3063
3073
3084
3094
3106
3116
3127
3137
3149
3159
3170
3180
3192
3202
3213
3223
3235
3245
3259
3272
3287
3300
3315
3328
3342
3355
3370
3383
3398
3411
3426
3438
3453
3466
3481
3494
3509
3522
3536
3549
3564
3577
3592
3605
3620
3632
3647
3661
3673
3687
3700
3714
3726
3741
3753
3767
3779
3794
3806
3820
3833
3847
3859
3873
3886
3900
3912
3927
3939
3953
3965
3975
3987
3998
4010
4020
4032
4043
4055
4065
4078
4088
4100
4110
4123
4133
4145
4156
4168
4178
4190
4201
4213
4223
4235
4246
4258
4268
4281
4291
4302
4311
4322
4331
4342
4351
4362
4371
4382
4392
4403
4412
4423
4432
4443
4452
4463
4472
4484
4493
4504
4513
4524
4533
4544
4553
4564
4574
4585
4594
4605
4614
4625
4634
4649
4663
4678
4692
4707
4721
4737
4750
4766
4779
4795
4808
4824
4838
4853
4867
4882
4896
4912
4925
4941
4954
4970
4983
4999
5013
5028
5042
5055
5066
5080
5091
5105
5116
5130
5141
5155
5166
5179
5191
5204
5216
5229
5241
5254
5266
5279
5290
5304
5315
5329
5340
5354
5365
5380
5393
5408
5421
5436
5449
5464
5477
5492
5505
5520
5533
5548
5561
5576
5589
5604
5617
5632
5645
5660
5673
5688
5701
5716
5729
5744
5757
5772
5786
5798
5812
5824
5838
5851
5865
5877
5891
5903
5918
5930
5944
5956
5970
5982
5997
6009
6023
6035
6049
6062
6076
6088
6102
6114
6129
6141
6155
6166
6176
6188
6198
6210
6220
6232
6242
6254
6264
6276
6286
6298
6308
6320
6330
6342
6352
6364
6374
6386
6396
6408
6418
6430
6440
6452
6462
6474
6484
6496
6506
6516
6525
6535
6544
6554
6563
6573
6582
6592
6601
6612
6620
6631
6639
6650
6658
6669
6677
6688
6697
6707
6716
6726
6735
6745
6754
6764
6773
6784
6792
6803
6811
6822
6830
6841
6849
6860
6869
6879
6891
6902
6914
6925
6938
6948
6961
6972
6984
6995
7007
7018
7031
7041
7054
7065
7077
7088
7100
7111
7124
7134
7147
7158
7170
7181
7193
7204
7217
7227
7240
7251
7263
7274
7284
7293
7304
7313
7324
7332
7343
7352
7363
7372
7383
7391
7402
7411
7422
7431
7442
7450
7461
7470
7481
7490
7501
7509
7520
7529
7540
7549
7560
7568
7579
7588
7599
7608
7618
7630
7641
7654
7665
7677
7688
7701
7712
7725
7735
7748
7759
7772
7783
7795
7806
7819
7830
7842
7853
7866
7877
7890
7900
7913
7924
7937
7948
7960
7971
7984
7995
8008
8020
8034
8045
8059
8071
8084
8096
8110
8121
8135
8147
8160
8172
8186
8197
8211
8223
8237
8248
8262
8274
8287
8299
8313
8324
8338
8350
8363
8375
8389
8401
8414
8426
8440
8452
8466
8477
8491
8503
8517
8528
8542
8554
8568
8580
8593
8605
8619
8631
8644
8656
8670
8682
8696
8707
8721
8733
8747
8758
8772
8784
8795
8808
8819
8832
8842
8855
8866
8879
8890
8903
8913
8926
8937
8950
8961
8973
8984
8997
9008
9021
9032
9044
9055
9068
9079
9092
9103
9114
9123
9134
9143
9154
9163
9174
9183
9194
9203
9214
9223
9234
9243
9254
9263
9274
9283
9294
9303
9314
9323
9334
9343
9354
9363
9374
9383
9394
9404
9415
9424
9435
9444
9455
9464
9475
9484
9495
9504
9515
9524
9535
9545
9556
9566
9577
9587
9599
9608
9620
9629
9641
9651
9662
9672
9683
9693
9705
9714
9726
9735
9747
9757
9768
9778
9789
9799
9810
9820
9832
9841
9853
9862
9874
9884
9895
9905
9916
9926
9937
9946
9958
9967
9979
9988
10000
10009
10021
10030
10042
10051
10063
10072
10084
10093
10105
10114
10126
10135
10147
10156
10168
10177
10189
10198
10209
10219
10230
10240
10251
10261
10272
10282
10293
10303
10312
10323
10332
10343
10352
10363
10372
10383
10392
10402
10411
10422
10431
10442
10451
10462
10471
10482
10491
10501
10510
10521
10530
10541
10550
10561
10570
10581
10590
10600
10612
10623
10635
10646
10658
10669
10681
10692
10704
10715
10727
10738
10750
10761
10773
10784
10796
10807
10819
10830
10842
10853
10865
10876
10888
10899
10911
10922
10934
10945
10958
10968
10981
10992
11005
11015
11028
11039
11052
11062
11075
11086
11099
11109
11122
11133
11146
11156
11169
11180
11193
11203
11216
11227
11240
11250
11263
11274
11286
11298
11309
11322
11333
11346
11357
11370
11381
11394
11405
11418
11429
11442
11453
11466
11477
11490
11501
11514
11525
11538
11549
11562
11573
11586
11597
11610
11621
11634
11645
11658
11669
11682
11695
11707
11721
11733
11747
11759
11773
11785
11799
11811
11825
11837
11851
11863
11876
11888
11902
11914
11928
11940
11954
11966
11980
11992
12006
12018
12032
12044
12057
12069
12080
12093
12104
12116
12127
12140
12151
12163
12174
12187
12198
12210
12221
12234
12245
12257
12268
12281
12292
12305
12315
12328
12339
12352
12362
12375
12386
12399
12409
12422
12433
12446
12457
12468
12479
12489
12501
12510
12522
12532
12544
12553
12565
12575
12587
12596
12608
12618
12630
12639
12651
12661
12673
12682
12694
12704
12716
12725
12737
12747
12759
12768
12780
12790
12802
12815
12827
12840
12852
12865
12877
12890
12902
12915
12927
12940
12952
12966
12977
12991
13002
13016
13027
13041
13052
13066
13077
13091
13102
13116
13128
13141
13153
13166
13178
13191
13203
13218
13231
13246
13259
13274
13287
13302
13315
13331
13344
13359
13372
13387
13400
13415
13428
13443
13457
13472
13485
13500
13513
13525
13536
13549
13560
13573
13584
13597
13608
13621
13632
13644
13655
13668
13679
13692
13703
13716
13727
13740
13751
13763
13774
13787
13798
13811
13822
13835
13846
13859
13870
13883
13893
13906
13917
13930
13942
13952
13964
13975
13987
13997
14010
14020
14032
14042
14055
14065
14077
14088
14100
14110
14123
14133
14145
14155
14168
14178
14190
14201
14213
14223
14236
14246
14258
14268
14281
14296
14309
14325
14338
14354
14367
14382
14396
14411
14425
14440
14453
14469
14482
14498
14511
14526
14540
14555
14569
14584
14599
14612
14628
14641
14657
14670
14686
14699
14715
14728
14744
14757
14773
14786
14802
14815
14831
14844
14860
14873
14889
14902
14914
14928
14940
14954
14965
14979
14991
15005
15017
15031
15042
15056
15068
15082
15094
15107
15119
15133
15145
15159
15171
15184
15196
15210
15222
15233
15242
15253
15262
15273
15282
15293
15302
15313
15322
15333
15342
15353
15362
15373
15382
15393
15402
15413
15422
15433
15442
15453
15462
15473
15482
15493
15502
15513
15522
15533
15542
15553
15562
15573
15587
15600
15615
15628
15643
15656
15671
15684
15699
15712
15727
15740
15754
15767
15782
15795
15810
15823
15838
15851
15866
15879
15894
15907
15922
15934
15949
15962
15977
15991
16003
16017
16029
16043
16055
16069
16081
16095
16107
16121
16134
16148
16160
16174
16186
16200
16212
16226
16238
16252
16264
16278
16291
16305
16319
16332
16346
16359
16374
16386
16401
16413
16428
16441
16455
16468
16482
16495
16510
16522
16537
16549
16564
16577
16591
16604
16618
16631
16646
16658
16673
16683
16692
16703
16711
16722
16731
16742
16750
16761
16770
16780
16789
16800
16809
16819
16828
16839
16848
16858
16867
16878
16886
16897
16906
16917
16925
16936
16945
16956
16964
16975
16984
16994
17003
17014
17023
17033
17042
17053
17061
17072
17083
17093
17104
17114
17125
17135
17146
17156
17167
17177
17189
17198
17210
17219
17231
17240
17252
17261
17273
17283
17294
17304
17315
17325
17336
17346
17357
17367
17379
17388
17400
17409
17421
17430
17442
17451
17463
17473
17484
17494
17503
17513
17522
17532
17541
17551
17560
17571
17579
17590
17598
17609
17617
17628
17636
17647
17656
17666
17675
17685
17694
17704
17713
17724
17732
17743
17751
17762
17770
17781
17789
17800
17809
17819
17828
17838
17847
17857
17869
17879
17891
17901
17913
17923
17935
17945
17957
17967
17979
17989
18001
18011
18023
18033
18045
18055
18067
18077
18089
18099
18111
18121
18133
18144
18156
18166
18178
18188
18199
18209
18220
18230
18242
18251
18263
18272
18284
18294
18305
18315
18327
18336
18348
18357
18369
18379
18390
18400
18412
18421
18433
18442
18454
18464
18475
18485
18496
18506
18518
18528
18540
18551
18563
18573
18585
18596
18608
18618
18631
18641
18653
18663
18676
18686
18698
18709
18721
18731
18743
18754
18766
18776
18788
18799
18811
18821
18834
18844
18856
18866
18879
18889
18901
18912
18927
18941
18957
18971
18987
19000
19016
19030
19046
19060
19076
19089
19105
19119
19135
19149
19165
19178
19194
19208
19224
19238
19254
19267
19278
19291
19302
19316
19327
19340
19351
19365
19376
19389
19400
19414
19425
19438
19449
19462
19474
19487
19498
19511
19523
19536
19547
19560
19572
19585
19598
19610
19624
19635
19649
19661
19675
19686
19700
19712
19726
19737
19751
19763
19777
19788
19802
19814
19828
19839
19853
19865
19878
19890
19904
19916
19929
19941
19955
19965
19974
19985
19994
20004
20013
20024
20033
20044
20052
20063
20072
20083
20092
20102
20111
20122
20131
20141
20150
20161
20170
20181
20189
20200
20209
20220
20229
20239
20248
20259
20268
20279
20287
20298
20307
20318
20326
20337
20347
20357
20367
20377
20387
20397
20407
20417
20427
20437
20447
20457
20467
20477
20487
20497
20507
20517
20527
20537
20547
20557
20567
20577
20587
20597
20607
20617
20627
20637
20647
20657
20667
20677
20687
20697
20706
20717
20725
20736
20745
20755
20764
20775
20784
20794
20803
20814
20822
20833
20842
20853
20861
20872
20881
20891
20900
20911
20920
20930
20939
20950
20958
20969
20978
20988
20997
21008
21017
21027
21036
21050
21062
21076
21088
21102
21114
21128
21141
21155
21167
21181
21193
21207
21219
21233
21246
21260
21272
21286
21298
21312
21324
21338
21351
21365
21377
21391
21403
21417
21428
21438
21450
21460
21472
21482
21494
21504
21516
21526
21538
21548
21560
21570
21582
21592
21604
21614
21626
21636
21648
21658
21670
21680
21691
21701
21713
21723
21735
21745
21757
21767
21778
21788
21800
21809
21821
21831
21843
21852
21864
21874
21886
21895
21907
21917
21929
21938
21950
21960
21972
21981
21993
22003
22015
22024
22036
22046
22058
22067
22079
22089
22101
22110
22122
22132
22144
22153
22165
22175
22189
22202
22217
22230
22245
22258
22273
22285
22300
22313
22328
22341
22356
22369
22384
22396
22411
22424
22439
22452
22467
22480
22495
22507
22522
22535
22550
22563
22578
22590
22600
22613
22623
22635
22646
22658
22668
22681
22691
22704
22714
22726
22737
22749
22759
22772
22782
22795
22805
22817
22828
22840
22850
22863
22873
22886
22896
22908
22919
22931
22941
22954
22967
22978
22992
23003
23016
23028
23041
23053
23066
23077
23091
23102
23115
23127
23140
23152
23165
23176
23190
23201
23215
23226
23239
23251
23264
23275
23289
23300
23314
23325
23338
23350
23364
23377
23391
23404
23418
23431
23446
23458
23473
23485
23500
23513
23527
23540
23554
23567
23582
23594
23609
23621
23636
23648
23663
23676
23690
23703
23717
23730
23745
23757
23768
23778
23790
23800
23812
23822
23834
23844
23856
23866
23878
23888
23900
23910
23922
23932
23944
23954
23966
23976
23988
23998
24010
24020
24032
24042
24054
24064
24076
24086
24098
24108
24120
24130
24145
24159
24175
24188
24204
24218
24234
24247
24263
24277
24293
24306
24322
24336
24352
24365
24381
24395
24411
24424
24440
24454
24470
24483
24499
24510
24519
24530
24540
24551
24560
24571
24581
24592
24601
24613
24622
24633
24642
24654
24663
24674
24683
24695
24704
24715
24725
24736
24745
24756
24766
24777
24786
24797
24807
24818
24828
24837
24848
24857
24868
24876
24887
24896
24907
24916
24927
24935
24946
24955
24966
24975
24986
24994
25005
25014
25025
25034
25045
25053
25064
25073
25084
25093
25104
25112
25123
25132
25143
25152
25162
25171
25182
25194
25205
25218
25228
25241
25252
25265
25275
25288
25299
25312
25322
25335
25346
25359
25369
25382
25393
25406
25416
25429
25440
25453
25463
25476
25487
25500
25511
25520
25532
25541
25552
25562
25573
25582
25594
25603
25615
25624
25635
25645
25656
25665
25677
25686
25698
25707
25718
25728
25739
25748
25760
25769
25781
25790
25801
25811
25822
25831
25843
25852
25864
25873
25884
25894
25906
25916
25928
25937
25949
25959
25971
25981
25993
26002
26014
26024
26036
26046
26058
26067
26079
26089
26101
26111
26123
26132
26144
26154
26166
26176
26188
26197
26209
26219
26231
26241
26252
26262
26274
26284
26296
26306
26318
26328
26340
26350
26362
26372
26384
26394
26406
26416
26428
26438
26450
26460
26472
26482
26494
26504
26516
26526
26538
26548
26560
26571
26581
26593
26602
26614
26624
26636
26645
26657
26667
26678
26688
26700
26710
26721
26731
26743
26753
26764
26774
26786
26795
26807
26817
26829
26838
26850
26860
26871
26881
26894
26906
26919
26931
26945
26956
26970
26981
26995
27007
27020
27032
27045
27057
27071
27082
27096
27107
27121
27133
27146
27158
27171
27183
27197
27208
27218
27227
27238
27246
27257
27266
27276
27285
27296
27304
27315
27324
27334
27343
27354
27362
27373
27382
27392
27401
27412
27420
27431
27440
27450
27459
27470
27478
27489
27498
27508
27517
27528
27537
27547
27556
27567
27575
27587
27597
27609
27619
27631
27642
27654
27664
27676
27686
27699
27709
27721
27731
27743
27753
27766
27776
27788
27798
27810
27821
27833
27843
27855
27865
27877
27888
27900
27911
27920
27931
27941
27952
27961
27973
27982
27993
28003
28014
28023
28035
28044
28055
28065
28076
28085
28097
28106
28117
28127
28138
28147
28159
28168
28179
28189
28200
28209
28221
28233
28243
28256
28266
28279
28289
28302
28312
28325
28335
28348
28358
28371
28381
28394
28404
28417
28427
28439
28450
28462
28473
28485
28496
28508
28519
28531
28542
28554
28565
28577
28588
28600
28611
28623
28634
28643
28654
28664
28675
28684
28695
28705
28716
28725
28737
28746
28757
28766
28778
28787
28798
28807
28819
28828
28839
28849
28860
28869
28880
28890
28901
28910
28921
28931
28942
28951
28963
28972
28983
28993
29002
29013
29022
29033
29041
29052
29061
29072
29081
29091
29100
29111
29120
29131
29139
29150
29159
29170
29179
29190
29198
29209
29218
29229
29238
29248
29257
29268
29277
29288
29296
29307
29316
29327
29336
29347
29355
29366
29379
29390
29403
29415
29428
29439
29452
29464
29477
29488
29501
29513
29526
29537
29550
29562
29575
29586
29599
29611
29624
29635
29648
29660
29673
29684
29697
29709
29722
29733
29746
29760
29773
29787
29800
29814
29827
29842
29854
29869
29881
29896
29908
29923
29936
29950
29963
29977
29990
30004
30017
30032
30044
30059
30072
30084
30097
30109
30123
30134
30148
30160
30173
30185
30199
30210
30224
30236
30249
30261
30275
30286
30300
30312
30325
30337
30351
30362
30376
30388
30401
30413
30427
30438
30447
30458
30467
30478
30487
30498
30507
30519
30528
30539
30548
30559
30568
30579
30588
30600
30609
30620
30629
30640
30649
30660
30669
30680
30690
30701
30710
30721
30730
30741
30750
30761
30771
30782
30791
30802
30811
30822
30836
30849
30863
30876
30891
30903
30918
30931
30945
30958
30972
30985
31000
31012
31027
31040
31054
31067
31082
31094
31109
31122
31135
31146
31156
31168
31178
31190
31200
31212
31222
31233
31243
31255
31265
31277
31287
31299
31309
31320
31330
31342
31352
31364
31374
31386
31396
31407
31417
31429
31439
31449
31458
31469
31478
31489
31497
31508
31517
31528
31537
31547
31556
31567
31576
31587
31595
31606
31615
31626
31635
31646
31654
31665
31674
31685
31694
31704
31713
31724
31733
31744
31752
31763
31772
31783
31796
31807
31821
31832
31845
31857
31870
31881
31895
31906
31919
31931
31944
31955
31969
31980
31993
32005
32018
32029
32043
32054
32067
32079
32092
32103
32117
32128
32142
32153
32166
32177
32186
32198
32207
32218
32228
32239
32249
32260
32269
32281
32290
32301
32311
32322
32332
32343
32352
32364
32373
32384
32394
32405
32415
32426
32435
32447
32456
32468
32477
32488
32498
32509
32522
32533
32546
32557
32570
32581
32594
32605
32618
32629
32642
32653
32666
32677
32690
32701
32715
32726
32739
32750
32763
32774
32787
32798
32811
32822
32835
32846
32860
32872
32886
32898
32912
32924
32938
32950
32964
32976
32990
33002
33016
33028
33042
33054
33068
33080
33094
33106
33120
33132
33146
33158
33172
33184
33198
33210
33220
33229
33240
33249
33260
33269
33280
33289
33299
33308
33319
33328
33339
33348
33359
33368
33379
33387
33398
33407
33418
33427
33438
33447
33458
33467
33477
33486
33497
33506
33517
33526
33537
33546
33556
33565
33576
33585
33596
33605
33617
33627
33640
33650
33663
33673
33686
33696
33709
33719
33731
33742
33754
33765
33777
33788
33800
33811
33823
33834
33846
33856
33869
33879
33892
33902
33915
33925
33938
33948
33960
33971
33983
33994
34006
34021
34034
34049
34062
34077
34090
34105
34118
34133
34146
34161
34174
34189
34202
34217
34230
34245
34258
34273
34287
34302
34315
34330
34341
34351
34363
34373
34385
34395
34407
34417
34429
34438
34450
34460
34472
34482
34494
34504
34516
34526
34537
34547
34559
34569
34581
34591
34603
34613
34625
34634
34646
34656
34668
34678
34690
34700
34712
34722
34733
34743
34754
34763
34774
34783
34794
34804
34815
34824
34835
34844
34856
34865
34876
34885
34896
34906
34917
34926
34937
34946
34958
34967
34978
34987
34998
35008
35019
35028
35039
35048
35060
35069
35082
35094
35108
35120
35134
35146
35160
35172
35186
35198
35212
35224
35238
35250
35264
35276
35290
35302
35316
35328
35342
35354
35368
35380
35393
35405
35416
35428
35439
35452
35462
35475
35486
35498
35509
35522
35532
35545
35556
35568
35579
35592
35602
35615
35626
35638
35649
35662
35672
35685
35696
35708
35719
35732
35742
35755
35766
35778
35789
35802
35815
35826
35840
35851
35864
35876
35889
35901
35914
35925
35939
35950
35963
35975
35988
36000
36013
36024
36038
36049
36063
36074
36087
36099
36112
36123
36137
36148
36162
36173
36186
36200
36213
36228
36241
36256
36269
36284
36297
36312
36325
36340
36353
36368
36381
36396
36409
36424
36437
36452
36465
36480
36492
36507
36520
36535
36548
36563
36576
36587
36596
36607
36616
36627
36636
36647
36656
36667
36676
36688
36697
36708
36717
36728
36737
36748
36757
36768
36777
36788
36798
36809
36818
36829
36838
36849
36858
36869
36878
36889
36898
36910
36919
36930
36939
36950
36959
36970
36979
36994
37007
37023
37036
37051
37065
37080
37093
37109
37122
37137
37151
37166
37179
37195
37208
37223
37237
37252
37265
37281
37294
37305
37315
37326
37336
37348
37357
37369
37378
37390
37400
37411
37421
37432
37442
37454
37463
37475
37484
37496
37506
37517
37527
37538
37548
37560
37569
37581
37590
37602
37612
37623
37633
37644
37654
37666
37675
37687
37696
37708
37718
37729
37739
37751
37760
37772
37782
37793
37803
37815
37824
37836
37846
37858
37867
37879
37889
37900
37910
37922
37931
37943
37953
37964
37974
37986
37996
38007
38017
38029
38038
38050
38060
38074
38086
38100
38113
38127
38139
38154
38166
38180
38193
38207
38219
38234
38246
38260
38273
38287
38299
38314
38326
38340
38353
38367
38379
38393
38406
38420
38432
38447
38459
38473
38487
38499
38514
38526
38541
38553
38568
38580
38595
38607
38622
38634
38649
38661
38676
38688
38703
38715
38730
38742
38757
38769
38784
38796
38811
38823
38838
38849
38858
38869
38879
38890
38899
38911
38920
38931
38941
38952
38961
38972
38982
38993
39002
39014
39023
39034
39044
39055
39064
39075
39085
39096
39105
39117
39126
39137
39147
39158
39167
39178
39188
39199
39208
39220
39229
39240
39251
39260
39272
39281
39293
39302
39314
39323
39335
39344
39356
39365
39377
39386
39398
39407
39419
39428
39439
39449
39460
39470
39481
39491
39502
39512
39523
39533
39544
39554
39565
39575
39586
39596
39607
39616
39628
39637
39648
39658
39670
39679
39691
39701
39712
39722
39734
39744
39755
39765
39777
39787
39797
39809
39819
39830
39840
39852
39862
39872
39884
39894
39905
39915
39927
39937
39947
39959
39969
39980
39994
40006
40020
40033
40047
40059
40074
40086
40100
40113
40127
40139
40154
40166
40180
40193
40207
40219
40234
40246
40260
40273
40287
40299
40313
40325
40339
40351
40365
40377
40391
40403
40417
40429
40443
40455
40469
40481
40495
40507
40521
40533
40547
40559
40573
40585
40599
40611
40625
40637
40651
40663
40677
40689
40699
40712
40722
40734
40745
40757
40767
40780
40790
40802
40813
40825
40835
40848
40858
40870
40881
40893
40904
40916
40926
40939
40949
40961
40972
40984
40994
41007
41017
41029
41040
41052
41065
41076
41089
41100
41114
41125
41138
41149
41163
41174
41187
41198
41212
41223
41236
41247
41260
41272
41285
41296
41309
41321
41334
41345
41358
41369
41378
41390
41399
41410
41420
41431
41441
41452
41461
41473
41482
41494
41503
41514
41524
41535
41545
41556
41565
41577
41586
41597
41607
41618
41628
41639
41648
41660
41669
41681
41690
41701
41711
41722
41732
41743
41752
41764
41778
41790
41804
41816
41830
41842
41856
41868
41882
41894
41908
41920
41934
41946
41960
41972
41986
41998
42012
42024
42038
42050
42064
42076
42090
42101
42110
42121
42130
42141
42150
42161
42170
42181
42190
42201
42210
42221
42231
42242
42251
42262
42271
42282
42291
42302
42311
42322
42331
42342
42351
42363
42372
42383
42392
42403
42412
42423
42432
42442
42451
42462
42470
42481
42490
42500
42509
42520
42529
42539
42548
42559
42567
42578
42587
42597
42606
42617
42626
42636
42645
42656
42664
42675
42684
42694
42703
42714
42723
42733
42742
42753
42761
42772
42781
42791
42803
42814
42826
42837
42849
42860
42872
42883
42895
42906
42919
42929
42942
42952
42965
42975
42988
42998
43011
43021
43034
43045
43057
43068
43080
43091
43103
43114
43126
43137
43150
43161
43170
43181
43191
43202
43211
43222
43232
43243
43252
43264
43273
43284
43293
43305
43314
43325
43334
43346
43355
43366
43376
43387
43396
43407
43417
43428
43437
43448
43458
43469
43478
43488
43497
43507
43516
43526
43535
43546
43554
43565
43573
43584
43593
43603
43612
43622
43631
43642
43650
43661
43669
43680
43689
43699
43708
43718
43727
43737
43746
43757
43765
43776
43784
43795
43804
43814
43823
43835
43845
43857
43868
43880
43890
43902
43913
43925
43935
43947
43958
43970
43980
43992
44003
44015
44025
44037
44048
44060
44070
44082
44093
44105
44115
44127
44138
44150
44164
44176
44191
44203
44217
44230
44244
44256
44271
44283
44297
44310
44324
44336
44351
44363
44377
44390
44404
44416
44431
44443
44458
44470
44482
44493
44506
44517
44529
44540
44553
44564
44577
44587
44600
44611
44624
44635
44647
44658
44671
44682
44694
44705
44718
44729
44742
44752
44765
44776
44789
44800
44812
44823
44836
44847
44859
44870
44883
44893
44902
44912
44921
44932
44940
44951
44960
44970
44979
44990
44998
45009
45018
45028
45037
45048
45056
45067
45076
45086
45095
45106
45114
45125
45134
45144
45153
45163
45172
45183
45191
45202
45211
45221
45231
45240
45251
45260
45271
45280
45291
45300
45311
45320
45331
45340
45351
45360
45371
45380
45391
45400
45411
45420
45431
45440
45451
45460
45470
45479
45490
45499
45510
45519
45530
45539
45550
45559
45570
45579
45590
45601
45610
45622
45631
45643
45652
45664
45673
45685
45694
45706
45715
45727
45736
45748
45757
45769
45778
45789
45799
45810
45820
45831
45841
45852
45862
45873
45883
45894
45904
45915
45925
45936
45946
45957
45966
45978
45987
45997
46006
46017
46025
46036
46045
46056
46064
46075
46084
46094
46103
46114
46123
46133
46142
46153
46161
46172
46181
46192
46200
46211
46220
46230
46239
46250
46259
46269
46278
46289
46297
46308
46317
46328
46339
46349
46360
46370
46382
46391
46403
46413
46424
46434
46446
46455
46467
46476
46488
46498
46509
46519
46531
46540
46552
46562
46573
46583
46594
46604
46616
46625
46637
46647
46658
46668
46680
46689
46701
46710
46722
46732
46743
46757
46770
46785
46798
46813
46826
46840
46853
46868
46881
46896
46909
46923
46936
46951
46964
46979
46992
47006
47019
47034
47047
47062
47073
47083
47095
47105
47117
47127
47139
47149
47161
47171
47183
47193
47205
47215
47227
47237
47249
47259
47271
47281
47293
47303
47315
47325
47337
47347
47359
47369
47381
47391
47403
47413
47425
47435
47447
47457
47469
47484
47497
47513
47526
47542
47555
47571
47584
47600
47613
47629
47642
47657
47671
47686
47700
47715
47729
47744
47758
47773
47787
47802
47815
47831
47844
47857
47868
47881
47892
47905
47916
47929
47940
47953
47964
47977
47988
48001
48013
48026
48037
48050
48061
48074
48085
48098
48109
48122
48133
48146
48157
48170
48182
48195
48206
48219
48234
48248
48263
48277
48292
48306
48321
48335
48351
48364
48380
48393
48409
48422
48438
48452
48467
48481
48496
48510
48525
48539
48554
48568
48584
48597
48613
48626
48637
48646
48658
48667
48679
48688
48700
48709
48721
48730
48742
48751
48763
48772
48784
48793
48805
48814
48826
48835
48847
48856
48868
48877
48889
48898
48910
48919
48933
48945
48959
48972
48986
48998
49013
49025
49039
49051
49066
49078
49092
49105
49119
49131
49145
49158
49172
49184
49199
49211
49225
49237
49252
49264
49278
49291
49305
49317
49328
49340
49351
49363
49374
49386
49397
49409
49420
49432
49443
49455
49466
49478
49489
49501
49512
49525
49535
49548
49558
49571
49581
49594
49604
49617
49627
49640
49650
49662
49672
49685
49695
49707
49718
49730
49740
49753
49763
49776
49786
49798
49809
49821
49831
49844
49854
49867
49877
49889
49900
49912
49922
49935
49945
49958
49968
49980
49991
50003
50013
50026
50036
