11
20
31
40
51
61
72
81
92
101
112
122
133
142
153
162
173
183
194
203
214
223
234
244
255
264
275
284
295
305
316
325
336
345
356
366
377
386
397
406
417
427
438
447
458
467
478
488
499
508
519
528
539
549
560
569
580
589
600
610
621
630
641
650
662
671
682
691
702
711
723
732
743
752
763
772
784
793
804
813
824
833
845
857
867
879
889
901
911
923
933
945
955
967
977
989
999
1011
1021
1034
1044
1056
1066
1078
1088
1100
1110
1122
1132
1144
1154
1166
1176
1188
1198
1210
1221
1233
1243
1255
1265
1277
1287
1299
1309
1321
1331
1343
1353
1365
1375
1387
1397
1410
1420
1432
1442
1454
1464
1476
1486
1498
1508
1520
1530
1542
1552
1564
1574
1587
1597
1609
1619
1631
1642
1655
1665
1678
1689
1701
1712
1725
1735
1748
1759
1771
1782
1795
1805
1818
1829
1842
1852
1865
1876
1888
1899
1912
1922
1935
1946
1958
1969
1982
1992
2005
2016
2028
2039
2052
2063
2075
2086
2099
2109
2122
2133
2145
2156
2169
2179
2192
2203
2215
2226
2239
2249
2262
2273
2286
2296
2309
2320
2332
2343
2356
2366
2379
2390
2399
2410
2419
2431
2440
2451
2460
2471
2481
2492
2501
2512
2521
2533
2542
2553
2562
2574
2583
2594
2603
2614
2624
2635
2644
2655
2664
2676
2685
2696
2705
2717
2726
2737
2746
2757
2767
2778
2787
2798
2807
2819
2828
2839
2848
2859
2869
2880
2889
2900
2910
2921
2930
2941
2950
2962
2971
2982
2991
3002
3012
3023
3032
3043
3053
3064
3073
3084
3093
3105
3114
3125
3134
3145
3155
3166
3175
3186
3196
3207
3216
3226
3235
3245
3254
3264
3273
3283
3292
3302
3311
3321
3330
3340
3349
3359
3368
3379
3387
3398
3406
3417
3425
3436
3444
3455
3463
3474
3482
3493
3501
3512
3521
3531
3540
3550
3559
3569
3578
3588
3597
3607
3616
3626
3635
3645
3654
3664
3673
3684
3692
3703
3711
3722
3730
3741
3749
3760
3768
3779
3787
3798
3806
3817
3826
3836
3845
3855
3864
3874
3883
3893
3902
3912
3921
3931
3942
3951
3962
3972
3983
3992
4003
4013
4024
4033
4044
4054
4065
4074
4085
4095
4106
4115
4127
4136
4147
4156
4168
4177
4188
4197
4209
4218
4229
4238
4250
4259
4270
4280
4291
4300
4311
4321
4332
4341
4352
4362
4373
4382
4393
4403
4414
4423
4434
4444
4455
4464
4476
4485
4496
4505
4517
4526
4537
4546
4558
4567
4578
4587
4599
4608
4619
4629
4640
4649
4660
4670
4681
4690
4701
4711
4722
4731
4742
4752
4763
4772
4784
4793
4804
4813
4825
4834
4845
4855
4866
4876
4888
4897
4909
4919
4930
4940
4952
4961
4973
4983
4994
5004
5016
5025
5037
5047
5058
5068
5080
5089
5101
5111
5122
5132
5144
5153
5165
5175
5186
5196
5208
5217
5229
5238
5250
5260
5271
5281
5293
5302
5314
5324
5335
5345
5357
5366
5378
5388
5399
5409
5421
5430
5442
5452
5463
5473
5485
5494
5506
5516
5527
5537
5549
5558
5570
5580
5591
5601
5612
5622
5635
5646
5659
5670
5683
5694
5707
5718
5731
5742
5755
5767
5780
5791
5804
5815
5828
5839
5852
5863
5876
5887
5900
5912
5925
5936
5949
5960
5973
5984
5997
6008
6021
6032
6045
6057
6070
6081
6094
6105
6118
6129
6142
6153
6166
6177
6190
6202
6215
6226
6239
6250
6263
6274
6287
6298
6311
6322
6335
6346
6355
6366
6375
6386
6395
6406
6415
6426
6436
6447
6456
6467
6476
6487
6496
6507
6516
6528
6537
6548
6557
6568
6577
6588
6597
6608
6618
6629
6638
6649
6658
6669
6678
6689
6698
6710
6719
6730
6739
6750
6759
6770
6779
6790
6800
6811
6820
6831
6840
6851
6860
6871
6880
6892
6901
6912
6921
6932
6941
6952
6961
6972
6982
6993
7002
7013
7022
7033
7042
7053
7062
7073
7083
7095
7106
7119
7130
7143
7154
7167
7178
7191
7201
7214
7225
7238
7249
7262
7273
7286
7297
7309
7320
7333
7344
7357
7368
7381
7392
7405
7416
7428
7439
7452
7463
7476
7487
7500
7511
7524
7534
7547
7558
7571
7582
7595
7606
7619
7630
7642
7653
7666
7677
7690
7701
7714
7725
7738
7749
7761
7772
7785
7796
7809
7820
7833
7844
7857
7867
7877
7886
7897
7905
7916
7925
7936
7944
7955
7964
7974
7983
7994
8003
8013
8022
8033
8042
8052
8061
8072
8080
8091
8100
8111
8119
8130
8139
8150
8158
8169
8178
8188
8197
8208
8217
8227
8236
8247
8255
8266
8275
8286
8294
8305
8314
8325
8333
8344
8353
8363
8372
8383
8392
8402
8411
8422
8431
8441
8450
8461
8469
8480
8489
8500
8508
8519
8528
8538
8547
8558
8567
8577
8586
8597
8606
8616
8627
8636
8647
8656
8667
8676
8688
8697
8708
8717
8728
8737
8748
8758
8769
8778
8789
8798
8809
8819
8830
8839
8850
8859
8870
8879
8891
8900
8911
8920
8931
8940
8952
8961
8972
8981
8992
9001
9012
9022
9033
9042
9053
9062
9073
9083
9094
9103
9114
9123
9134
9143
9155
9164
9175
9184
9195
9204
9215
9225
9236
9245
9256
9265
9276
9286
9297
9306
9317
9326
9337
9346
9358
9367
9378
9387
9398
9407
9419
9428
9439
9448
9459
9468
9479
9489
9500
9509
9520
9529
9541
9550
9561
9570
9581
9591
9602
9611
9622
9631
9643
9652
9663
9672
9683
9693
9704
9713
9724
9733
9745
9754
9765
9774
9785
9795
9806
9815
9826
9835
9847
9856
9867
9876
9887
9897
9908
9917
9928
9937
9949
9958
9969
9978
9989
9999
10010
10019
10030
10040
10051
10060
10071
10080
10092
10101
10112
10121
10132
10142
10153
10162
10173
10182
10194
10203
10214
10226
10236
10249
10259
10272
10282
10295
10305
10318
10328
10341
10351
10364
10374
10387
10397
10410
10420
10432
10443
10455
10466
10478
10489
10501
10512
10524
10535
10547
10558
10570
10581
10593
10604
10616
10627
10639
10649
10662
10672
10685
10695
10708
10718
10731
10741
10754
10764
10777
10787
10800
10810
10823
10833
10845
10856
10868
10879
10891
10902
10914
10925
10937
10948
10960
10971
10983
10994
11006
11018
11029
11041
11052
11065
11075
11088
11099
11111
11122
11135
11145
11158
11168
11181
11192
11204
11215
11228
11238
11251
11262
11274
11285
11297
11308
11321
11331
11344
11355
11367
11378
11391
11401
11414
11425
11437
11448
11460
11471
11484
11494
11507
11518
11530
11541
11554
11564
11577
11587
11600
11611
11623
11634
11647
11657
11670
11681
11693
11704
11716
11727
11740
11750
11763
11774
11786
11797
11810
11820
11833
11844
11856
11867
11878
11888
11900
11910
11922
11932
11944
11954
11966
11976
11988
11998
12010
12020
12032
12042
12054
12064
12076
12086
12098
12108
12120
12130
12142
12152
12164
12174
12186
12196
12208
12218
12229
12239
12251
12261
12273
12283
12295
12305
12317
12327
12339
12349
12361
12371
12383
12393
12405
12415
12427
12437
12449
12459
12471
12481
12493
12503
12515
12525
12537
12547
12559
12569
12580
12590
12602
12612
12624
12634
12646
12656
12668
12678
12690
12700
12710
12718
12729
12737
12747
12756
12766
12775
12785
12793
12804
12812
12823
12831
12841
12850
12860
12869
12879
12887
12898
12906
12916
12925
12935
12944
12954
12962
12973
12981
12992
13000
13010
13019
13029
13038
13048
13056
13067
13075
13085
13094
13104
13113
13123
13131
13142
13150
13161
13169
13179
13188
13198
13207
13217
13225
13236
13244
13254
13263
13273
13282
13292
13300
13311
13319
13330
13338
13348
13357
13367
13376
13386
13394
13405
13413
13426
13437
13450
13461
13474
13485
13498
13509
13523
13534
13547
13558
13571
13582
13595
13606
13620
13631
13644
13655
13668
13679
13692
13703
13717
13728
13741
13752
13765
13776
13789
13800
13813
13825
13838
13849
13862
13873
13886
13897
13910
13922
13935
13946
13959
13970
13983
13994
14007
14019
14032
14043
14056
14067
14080
14091
14104
14116
14129
14140
14153
14165
14175
14187
14197
14210
14220
14232
14242
14255
14265
14277
14287
14300
14310
14322
14332
14345
14355
14367
14377
14390
14400
14412
14422
14435
14445
14457
14467
14480
14490
14502
14512
14525
14535
14547
14557
14570
14580
14592
14602
14615
14625
14637
14647
14660
14670
14682
14692
14705
14715
14727
14737
14750
14760
14772
14782
14795
14805
14817
14827
14840
14850
14862
14872
14885
14895
14907
14917
14929
14940
14952
14962
14974
14985
14997
15007
15019
15030
15042
15052
15065
15075
15087
15097
15110
15120
15132
15142
15155
15165
15177
15187
15200
15210
15222
15233
15245
15255
15267
15278
15290
15300
15312
15323
15335
15345
15357
15368
15380
15390
15403
15413
15425
15435
15448
15458
15470
15480
15493
15503
15515
15525
15538
15548
15560
15571
15583
15593
15605
15616
15628
15638
15650
15661
15673
15683
15695
15706
15718
15729
15738
15750
15759
15771
15780
15792
15801
15813
15822
15834
15843
15855
15864
15876
15885
15897
15906
15918
15927
15939
15948
15960
15969
15981
15990
16001
16011
16022
16032
16043
16053
16064
16074
16085
16095
16106
16116
16127
16137
16148
16158
16169
16179
16190
16200
16211
16221
16232
16242
16253
16262
16274
16283
16295
16304
16316
16325
16337
16346
16358
16367
16379
16388
16400
16409
16421
16430
16442
16451
16463
16475
16485
16497
16507
16519
16529
16541
16552
16564
16574
16586
16596
16608
16618
16630
16641
16653
16663
16675
16685
16697
16707
16720
16730
16742
16752
16764
16774
16786
16796
16809
16819
16831
16841
16853
16863
16875
16886
16898
16908
16920
16930
16942
16952
16964
16975
16987
16997
17009
17019
17031
17041
17053
17064
17076
17086
17098
17108
17120
17130
17143
17153
17165
17175
17187
17197
17209
17219
17232
17242
17254
17264
17276
17286
17298
17309
17321
17331
17343
17354
17363
17374
17383
17394
17403
17414
17424
17435
17444
17455
17464
17475
17484
17495
17505
17516
17525
17536
17545
17556
17565
17576
17586
17597
17606
17617
17626
17637
17646
17657
17667
17678
17687
17698
17707
17718
17727
17738
17748
17759
17768
17779
17788
17799
17808
17819
17829
17840
17849
17860
17869
17880
17889
17900
17910
17921
17930
17941
17950
17961
17970
17981
17991
18002
18011
18022
18031
18042
18051
18062
18073
18082
18094
18103
18115
18124
18135
18145
18156
18166
18177
18187
18197
18208
18218
18229
18239
18250
18259
18271
18280
18292
18301
18312
18322
18333
18343
18354
18364
18375
18384
18396
18405
18417
18426
18437
18447
18458
18468
18479
18489
18500
18509
18521
18530
18542
18551
18562
18572
18583
18593
18604
18614
18625
18634
18646
18655
18667
18676
18687
18697
18708
18718
18729
18739
18750
18759
18771
18780
18792
18801
18812
18822
18833
18843
18854
18864
18875
18884
18896
18905
18917
18926
18936
18944
18955
18963
18973
18982
18992
19001
19011
19019
19030
19038
19049
19057
19067
19076
19086
19095
19105
19113
19124
19132
19143
19151
19161
19170
19180
19189
19199
19207
19218
19226
19237
19245
19255
19264
19274
19283
19293
19301
19312
19320
19331
19339
19349
19358
19368
19377
19387
19395
19406
19414
19425
19433
19443
19452
19462
19471
19481
19489
19500
19508
19519
19527
19537
19546
19556
19564
19575
19583
19594
19602
19612
19621
19631
19640
19650
19658
19669
19677
19688
19696
19706
19717
19726
19738
19747
19759
19768
19779
19789
19800
19810
19821
19830
19842
19851
19863
19872
19883
19893
19904
19914
19925
19934
19946
19955
19967
19976
19988
19997
20008
20018
20029
20039
20050
20059
20071
20080
20092
20101
20112
20122
20133
20143
20154
20163
20175
20184
20196
20205
20216
20226
20237
20247
20258
20268
20279
20288
20300
20309
20321
20330
20341
20351
20362
20372
20383
20392
20404
20413
20425
20434
20445
20455
20466
20476
20487
20498
20507
20518
20527
20538
20547
20559
20568
20579
20588
20599
20608
20619
20629
20640
20649
20660
20669
20680
20690
20701
20710
20721
20730
20741
20750
20762
20771
20782
20791
20802
20811
20823
20832
20843
20852
20863
20872
20883
20893
20904
20913
20924
20933
20944
20954
20965
20974
20985
20994
21005
21014
21026
21035
21046
21055
21066
21075
21086
21096
21107
21116
21127
21136
21147
21157
21168
21177
21188
21197
21208
21217
21228
21237
21248
21257
21268
21277
21288
21297
21309
21318
21329
21338
21349
21358
21369
21378
21390
21399
21410
21419
21430
21439
21450
21459
21470
21480
21491
21500
21511
21520
21531
21540
21551
21561
21572
21581
21592
21601
21612
21621
21632
21641
21653
21662
21673
21682
21693
21702
21713
21722
21734
21743
21754
21763
21774
21783
21794
21803
21814
21824
21835
21844
21855
21864
21875
21884
21895
21905
21916
21925
21937
21947
21960
21970
21982
21993
22005
22015
22028
22038
22050
22061
22073
22083
22096
22106
22118
22129
22141
22152
22164
22174
22187
22197
22209
22220
22232
22242
22255
22265
22277
22288
22300
22310
22323
22333
22346
22356
22368
22379
22391
22401
22414
22424
22436
22447
22459
22469
22482
22492
22504
22515
22527
22538
22550
22560
22573
22583
22595
22606
22618
22628
22641
22651
22663
22674
22686
22696
22709
22719
22732
22743
22752
22763
22772
22783
22792
22803
22812
22823
22832
22843
22852
22863
22872
22883
22892
22903
22912
22923
22932
22943
22952
22963
22973
22984
22993
23004
23013
23024
23033
23044
23053
23064
23073
23084
23093
23104
23113
23124
23133
23144
23153
23164
23173
23184
23193
23204
23214
23225
23234
23245
23254
23265
23274
23285
23294
23305
23314
23325
23334
23345
23354
23365
23374
23385
23394
23405
23414
23425
23434
23445
23455
23466
23475
23486
23495
23506
23517
23526
23537
23546
23557
23566
23577
23586
23597
23607
23618
23627
23638
23647
23658
23667
23678
23687
23699
23708
23719
23728
23739
23748
23759
23768
23779
23789
23800
23809
23820
23829
23840
23849
23860
23869
23881
23890
23901
23910
23921
23930
23941
23950
23961
23971
23982
23991
24002
24011
24022
24031
24042
24051
24063
24072
24083
24092
24103
24112
24123
24132
24143
24153
24164
24173
24184
24193
24204
24213
24224
24233
24244
24253
24264
24273
24284
24293
24304
24313
24324
24333
24344
24353
24364
24373
24384
24393
24404
24413
24424
24433
24444
24453
24464
24473
24484
24493
24504
24513
24524
24533
24544
24553
24564
24573
24584
24593
24604
24613
24624
24633
24644
24653
24664
24673
24684
24693
24704
24713
24724
24733
24744
24753
24764
24773
24784
24793
24804
24814
24825
24834
24845
24854
24865
24874
24885
24894
24905
24914
24925
24934
24945
24954
24966
24977
24990
25001
25014
25025
25038
25049
25062
25073
25086
25097
25110
25121
25134
25145
25158
25169
25182
25193
25206
25217
25230
25241
25254
25265
25278
25289
25302
25313
25326
25337
25350
25361
25374
25385
25398
25409
25422
25433
25446
25457
25470
25481
25494
25505
25518
25529
25542
25553
25566
25577
25590
25601
25614
25625
25638
25649
25662
25673
25686
25697
25710
25721
25734
25745
25758
25769
25782
25794
25805
25818
25829
25842
25853
25866
25876
25889
25900
25913
25924
25937
25948
25961
25971
25984
25995
26008
26019
26032
26043
26055
26066
26079
26090
26103
26114
26127
26138
26150
26161
26174
26185
26198
26209
26222
26233
26245
26256
26269
26280
26293
26304
26317
26327
26340
26351
26364
26375
26388
26399
26412
26422
26435
26446
26459
26470
26483
26494
26507
26517
26528
26538
26549
26559
26570
26580
26591
26601
26612
26622
26633
26643
26654
26664
26675
26685
26696
26706
26717
26727
26738
26748
26759
26769
26780
26790
26801
26811
26822
26832
26843
26853
26864
26874
26885
26895
26906
26916
26927
26937
26948
26958
26969
26979
26990
27000
27011
27021
27032
27042
27053
27063
27074
27084
27095
27105
27116
27126
27137
27147
27158
27168
27179
27189
27201
27210
27222
27231
27241
27250
27260
27269
27279
27288
27298
27307
27318
27326
27337
27345
27356
27364
27375
27384
27394
27403
27413
27422
27432
27441
27452
27460
27471
27479
27490
27498
27509
27518
27528
27537
27547
27556
27566
27575
27586
27594
27605
27613
27624
27632
27643
27652
27662
27671
27681
27690
27700
27709
27720
27728
27739
27747
27758
27766
27777
27786
27796
27805
27815
27824
27834
27843
27854
27862
27873
27881
27892
27900
27911
27919
27930
27939
27949
27958
27968
27977
27987
27996
28007
28015
28026
28034
28045
28053
28064
28073
28084
28093
28105
28114
28126
28135
28147
28156
28168
28177
28189
28198
28210
28219
28230
28240
28251
28261
28272
28282
28293
28303
28314
28324
28335
28345
28356
28365
28377
28386
28398
28407
28419
28428
28440
28449
28461
28470
28482
28491
28502
28512
28523
28533
28544
28554
28565
28575
28586
28596
28607
28617
28628
28637
28649
28658
28670
28679
28691
28700
28712
28721
28733
28742
28754
28763
28774
28784
28795
28805
28816
28826
28837
28847
28858
28868
28879
28890
28900
28912
28922
28934
28944
28955
28965
28977
28987
28999
29009
29021
29030
29042
29052
29064
29074
29086
29095
29107
29117
29129
29139
29151
29161
29172
29182
29194
29204
29216
29226
29238
29247
29259
29269
29281
29291
29303
29312
29324
29334
29346
29356
29368
29378
29389
29399
29411
29421
29433
29443
29455
29464
29476
29486
29498
29508
29520
29529
29541
29551
29563
29573
29585
29595
29606
29616
29628
29638
29650
29660
29672
29681
29693
29703
29715
29725
29737
29748
29757
29769
29778
29789
29799
29810
29820
29831
29840
29852
29861
29872
29882
29893
29903
29914
29923
29935
29944
29955
29965
29976
29986
29997
30006
30018
30027
30039
30048
30059
30069
30080
30089
30101
30110
30122
30131
30142
30152
30163
30172
30184
30193
30205
30214
30225
30235
30246
30256
30267
30276
30288
30297
30308
30318
30329
30339
30350
30359
30371
30380
30391
30401
30412
30422
30433
30442
30454
30463
30475
30484
30495
30507
30517
30529
30539
30551
30561
30573
30584
30596
30606
30618
30628
30640
30650
30663
30673
30685
30695
30707
30717
30729
30740
30752
30762
30774
30784
30796
30806
30819
30829
30841
30851
30863
30873
30885
30896
30908
30918
30930
30940
30952
30962
30975
30985
30997
31007
31019
31029
31041
31052
31064
31074
31086
31096
31108
31118
31131
31141
31153
31163
31175
31185
31197
31208
31220
31230
31242
31252
31264
31274
31287
31297
31309
31319
31328
31339
31347
31358
31367
31377
31386
31397
31405
31416
31425
31436
31444
31455
31464
31474
31483
31494
31502
31513
31522
31532
31541
31552
31561
31571
31580
31591
31599
31610
31619
31629
31638
31649
31657
31668
31677
31688
31696
31707
31716
31726
31735
31746
31754
31765
31774
31784
31793
31804
31813
31823
31832
31843
31851
31862
31871
31881
31890
31901
31909
31920
31929
31940
31948
31959
31968
31978
31987
31998
32006
32017
32026
32038
32049
32062
32072
32085
32096
32108
32119
32132
32142
32155
32166
32178
32189
32202
32212
32225
32236
32248
32259
32272
32282
32295
32306
32318
32329
32342
32352
32365
32376
32388
32399
32412
32422
32435
32446
32458
32469
32482
32492
32505
32516
32528
32539
32552
32562
32575
32586
32598
32609
32622
32633
32645
32656
32669
32679
32692
32703
32715
32726
32739
32749
32762
32773
32785
32796
32806
32815
32825
32834
32845
32853
32864
32873
32883
32892
32903
32911
32922
32931
32941
32950
32961
32969
32980
32989
32999
33008
33019
33027
33038
33047
33057
33066
33077
33085
33096
33105
33115
33124
33135
33143
33154
33163
33173
33182
33193
33201
33212
33221
33231
33240
33251
33259
33270
33279
33289
33298
33309
33317
33328
33337
33347
33356
33367
33375
33386
33395
33405
33414
33425
33433
33444
33453
33463
33472
33482
33491
33502
33512
33521
33532
33541
33552
33561
33572
33581
33592
33601
33612
33621
33632
33641
33652
33661
33672
33681
33692
33701
33711
33720
33731
33740
33751
33760
33771
33780
33791
33800
33811
33820
33831
33840
33851
33860
33871
33880
33891
33900
33910
33919
33930
33939
33950
33959
33970
33979
33990
33999
34010
34019
34030
34039
34050
34059
34070
34079
34090
34099
34109
34118
34129
34138
34149
34158
34169
34178
34189
34198
34209
34218
34229
34238
34249
34260
34269
34281
34290
34302
34311
34323
34332
34344
34353
34364
34374
34385
34395
34406
34416
34427
34437
34448
34458
34469
34478
34490
34499
34511
34520
34532
34541
34553
34562
34574
34583
34594
34604
34615
34625
34636
34646
34657
34667
34678
34688
34699
34708
34720
34729
34741
34750
34762
34771
34783
34792
34804
34813
34824
34834
34845
34855
34866
34876
34887
34897
34908
34917
34929
34938
34950
34959
34971
34980
34992
35001
35011
35020
35031
35040
35051
35060
35071
35080
35091
35099
35110
35119
35130
35139
35150
35159
35170
35179
35189
35198
35209
35218
35229
35238
35249
35258
35269
35277
35288
35297
35308
35317
35328
35337
35348
35357
35368
35376
35387
35396
35407
35416
35427
35436
35447
35456
35466
35475
35486
35495
35506
35515
35526
35535
35546
35554
35565
35574
35585
35594
35605
35614
35625
35634
35645
35653
35664
35673
35684
35693
35704
35713
35724
35733
35743
35752
35763
35772
35783
35792
35803
35812
35823
35835
35845
35857
35868
35880
35890
35902
35913
35925
35935
35947
35958
35970
35980
35993
36003
36015
36025
36038
36048
36060
36070
36083
36093
36105
36115
36128
36138
36150
36161
36173
36183
36195
36206
36218
36228
36240
36251
36263
36273
36285
36296
36308
36318
36331
36341
36353
36363
36376
36386
36398
36408
36421
36431
36443
36453
36466
36476
36488
36499
36511
36521
36533
36544
36556
36566
36579
36590
36603
36615
36628
36639
36653
36664
36677
36689
36702
36713
36727
36738
36751
36763
36776
36787
36801
36812
36825
36837
36850
36861
36875
36886
36899
36910
36924
36935
36948
36960
36973
36984
36998
37009
37022
37034
37047
37058
37072
37083
37096
37108
37121
37132
37146
37157
37170
37182
37195
37206
37219
37231
37244
37255
37269
37280
37293
37305
37318
37329
37343
37355
37366
37378
37389
37402
37412
37425
37436
37448
37459
37472
37482
37495
37506
37518
37529
37542
37552
37565
37576
37588
37599
37612
37622
37635
37646
37658
37669
37682
37692
37705
37716
37728
37739
37752
37762
37775
37786
37798
37809
37822
37832
37845
37856
37868
37879
37892
37902
37915
37926
37938
37949
37962
37972
37985
37996
38008
38019
38032
38042
38055
38066
38078
38089
38102
38112
38125
38136
38148
38159
38171
38181
38190
38200
38209
38219
38228
38238
38247
38257
38266
38276
38285
38295
38304
38314
38323
38333
38342
38352
38361
38371
38380
38390
38399
38409
38418
38428
38437
38447
38456
38466
38475
38485
38494
38504
38513
38523
38532
38542
38551
38561
38570
38580
38589
38599
38608
38618
38627
38637
38646
38656
38665
38675
38684
38694
38703
38713
38722
38733
38741
38752
38760
38771
38779
38790
38798
38809
38817
38828
38836
38847
38855
38866
38874
38885
38893
38904
38912
38923
38931
38942
38950
38961
38969
38980
38988
38999
39007
39018
39029
39038
39049
39058
39069
39078
39089
39098
39109
39118
39129
39138
39149
39158
39169
39178
39189
39198
39209
39218
39229
39238
39249
39258
39269
39278
39289
39298
39309
39318
39329
39338
39349
39358
39369
39378
39389
39398
39409
39418
39429
39438
39449
39458
39469
39478
39489
39498
39509
39518
39529
39538
39549
39558
39569
39578
39589
39598
39609
39618
39629
39638
39649
39658
39669
39678
39689
39698
39709
39718
39729
39738
39749
39758
39769
39778
39789
39798
39809
39818
39829
39838
39849
39858
39869
39878
39889
39900
39909
39920
39930
39941
39950
39962
39971
39982
39991
40003
40012
40023
40033
40044
40053
40064
40074
40085
40094
40106
40115
40126
40135
40147
40156
40167
40177
40188
40197
40209
40218
40229
40238
40250
40259
40270
40280
40291
40300
40311
40321
40332
40341
40353
40362
40373
40382
40394
40403
40414
40424
40435
40444
40456
40465
40476
40485
40497
40506
40517
40527
40538
40547
40558
40568
40579
40588
40600
40609
40620
40629
40641
40650
40661
40671
40682
40691
40703
40712
40722
40731
40741
40750
40760
40769
40779
40788
40798
40807
40817
40826
40836
40845
40855
40864
40874
40883
40893
40902
40912
40921
40932
40940
40951
40959
40970
40978
40989
40997
41008
41016
41027
41035
41046
41054
41065
41073
41084
41092
41103
41112
41121
41132
41140
41151
41159
41170
41178
41189
41197
41208
41216
41227
41235
41246
41254
41265
41273
41284
41292
41303
41312
41321
41332
41340
41351
41359
41370
41378
41389
41397
41408
41416
41427
41435
41446
41454
41465
41475
41486
41496
41507
41517
41528
41538
41549
41559
41570
41580
41591
41601
41612
41622
41633
41643
41654
41664
41675
41685
41696
41706
41717
41727
41738
41748
41759
41769
41781
41790
41802
41811
41823
41832
41844
41853
41865
41874
41886
41895
41907
41916
41928
41937
41949
41958
41970
41979
41991
42000
42012
42021
42033
42042
42054
42063
42075
42085
42096
42106
42117
42127
42138
42148
42159
42169
42180
42190
42201
42211
42222
42232
42240
42251
42259
42270
42278
42289
42297
42308
42316
42327
42335
42346
42354
42365
42373
42384
42392
42403
42411
42422
42430
42441
42449
42459
42468
42478
42487
42497
42506
42516
42525
42535
42544
42554
42563
42573
42582
42592
42601
42611
42620
42630
42639
42649
42658
42668
42676
42687
42695
42706
42714
42725
42733
42744
42752
42763
42771
42782
42790
42801
42809
42820
42828
42839
42847
42858
42866
42877
42885
42895
42904
42914
42923
42933
42942
42952
42961
42971
42980
42990
42999
43009
43018
43028
43037
43047
43056
43066
43075
43085
43094
43104
43113
43124
43132
43143
43151
43162
43171
43181
43190
43200
43209
43220
43228
43239
43247
43258
43267
43277
43286
43296
43305
43315
43324
43335
43343
43354
43362
43373
43382
43392
43401
43411
43420
43431
43439
43450
43458
43469
43478
43488
43497
43507
43516
43527
43535
43546
43554
43565
43573
43584
43593
43603
43612
43622
43631
43642
43650
43661
43669
43680
43689
43699
43708
43718
43727
43738
43746
43757
43765
43776
43785
43795
43804
43814
43825
43834
43845
43854
43866
43875
43886
43895
43906
43916
43927
43936
43947
43956
43968
43977
43988
43997
44008
44018
44029
44038
44049
44058
44070
44079
44090
44099
44110
44120
44131
44140
44151
44160
44172
44181
44192
44201
44212
44222
44233
44242
44253
44262
44274
44283
44294
44303
44314
44324
44335
44344
44355
44365
44376
44385
44396
44405
44417
44426
44437
44446
44457
44467
44478
44487
44498
44507
44519
44528
44539
44548
44559
44571
44582
44595
44606
44619
44630
44642
44653
44666
44677
44690
44701
44713
44724
44737
44748
44761
44772
44784
44795
44808
44819
44832
44843
44855
44866
44879
44890
44903
44914
44926
44937
44950
44961
44974
44985
44997
45008
45021
45032
45045
45056
45068
45079
45092
45103
45116
45127
45139
45150
45163
45174
45187
45198
45210
45221
45234
45245
45258
45269
45281
45292
45305
45316
45329
45340
45352
45363
45376
45386
45394
45405
45413
45423
45432
45442
45450
45461
45469
45479
45488
45498
45507
45517
45525
45536
45544
45554
45563
45573
45581
45592
45600
45611
45619
45629
45638
45648
45656
45667
45675
45685
45694
45704
45712
45723
45731
45742
45750
45760
45769
45779
45787
45798
45806
45816
45825
45835
45844
45854
45862
45873
45881
45891
45900
45910
45918
45929
45937
45947
45956
45966
45975
45985
45993
46004
46012
46022
46031
46041
46049
46060
46068
46079
46087
46097
46106
46116
46124
46135
46143
46153
46162
46172
46180
46191
46199
46210
46218
46228
46237
46247
46255
46266
46276
46285
46295
46304
46314
46323
46333
46342
46352
46361
46371
46380
46390
46399
46409
46418
46428
46437
46447
46456
46466
46475
46486
46494
46505
46513
46524
46532
46543
46551
46562
46570
46581
46589
46600
46608
46619
46627
46638
46646
46657
46666
46675
46686
46694
46705
46713
46724
46732
46743
46751
46762
46770
46781
46789
46800
46808
46819
46827
46838
46846
46857
46866
46875
46886
46894
46905
46913
46924
46932
46943
46951
46962
46970
46981
46989
47000
47008
47019
47027
47038
47046
47057
47066
47075
47086
47094
47105
47113
47124
47132
47143
47151
47162
47170
47180
47189
47200
47208
47219
47228
47239
47247
47258
47267
47277
47286
47297
47306
47316
47325
47336
47344
47355
47364
47375
47383
47394
47403
47413
47422
47433
47442
47452
47461
47472
47480
47491
47500
47511
47519
47530
47539
47549
47558
47569
47578
47588
47597
47608
47616
47627
47636
47647
47655
47666
47675
47685
47694
47705
47714
47724
47733
47744
47752
47763
47772
47783
47791
47802
47811
47822
47830
47841
47850
47860
47869
47880
47889
47899
47908
47919
47927
47938
47947
47958
47968
47980
47990
48002
48012
48024
48034
48046
48056
48068
48078
48089
48099
48111
48121
48133
48143
48155
48165
48177
48187
48199
48209
48220
48230
48242
48252
48264
48274
48286
48296
48308
48318
48330
48340
48352
48361
48373
48383
48395
48405
48417
48427
48439
48449
48461
48471
48483
48492
48504
48514
48526
48536
48548
48558
48570
48580
48592
48602
48614
48623
48635
48645
48657
48667
48679
48689
48701
48711
48723
48733
48745
48755
48766
48776
48788
48798
48810
48820
48832
48843
48855
48865
48877
48887
48899
48910
48922
48932
48944
48954
48966
48977
48989
48999
49011
49021
49033
49044
49056
49066
49078
49088
49101
49111
49123
49133
49145
49155
49168
49178
49190
49200
49212
49222
49235
49245
49257
49267
49279
49289
49302
49312
49324
49334
49346
49357
49369
49379
49391
49401
49413
49424
49436
49446
49458
49468
49480
49491
49503
49513
49525
49535
49546
49555
49566
49575
49586
49595
49607
49616
49627
49636
49647
49656
49667
49677
49688
49697
49708
49717
49728
49737
49749
49758
49769
49778
49789
49798
49809
49819
49830
49839
49850
49859
49870
49879
49891
49900
49911
49920
49931
49940
49951
49961
49972
49981
49992
50001
50012
50021
50033
50042
50053
50062
50073
50082
50093
50103
50114
50123
50134
50143
50154
50163
50175
50184
50195
50204
50215
50224
50235
50245
50256
50265
