7
13
21
27
35
41
48
54
62
68
76
82
90
95
103
109
117
123
131
137
144
150
158
164
172
178
186
191
199
205
213
219
227
233
240
246
254
260
268
274
281
287
295
301
309
315
323
328
336
342
350
356
364
370
377
383
391
397
405
411
419
424
432
438
446
452
460
466
473
479
487
493
501
507
514
520
528
534
542
548
556
561
569
575
583
589
597
603
610
616
624
630
638
644
652
657
665
671
679
685
693
699
706
712
720
726
734
740
748
753
761
767
775
782
788
795
801
808
814
821
827
834
840
848
853
861
866
874
879
887
892
900
906
913
919
926
932
939
945
952
958
965
971
979
984
992
997
1005
1010
1018
1023
1031
1037
1044
1050
1057
1063
1070
1076
1083
1089
1096
1102
1110
1115
1123
1128
1136
1141
1149
1154
1162
1168
1175
1181
1188
1194
1201
1207
1214
1220
1227
1233
1241
1246
1254
1259
1267
1272
1280
1285
1293
1299
1306
1312
1319
1325
1332
1338
1345
1351
1358
1364
1372
1377
1385
1390
1398
1403
1411
1416
1424
1430
1437
1443
1450
1456
1463
1469
1476
1482
1489
1495
1503
1508
1516
1521
1529
1534
1542
1547
1555
1561
1568
1574
1581
1587
1594
1600
1607
1613
1620
1628
1634
1642
1648
1656
1662
1670
1677
1685
1691
1699
1705
1713
1719
1728
1734
1742
1748
1756
1762
1770
1777
1785
1791
1799
1805
1813
1819
1828
1834
1842
1848
1856
1862
1870
1876
1885
1891
1899
1905
1913
1919
1927
1934
1942
1948
1956
1962
1970
1976
1985
1991
1999
2005
2013
2019
2027
2034
2042
2048
2056
2062
2070
2076
2085
2091
2099
2105
2113
2119
2127
2133
2142
2148
2156
2162
2170
2176
2184
2191
2199
2205
2213
2219
2227
2233
2242
2248
2256
2262
2270
2276
2284
2291
2299
2305
2313
2319
2327
2333
2341
2348
2354
2362
2368
2376
2382
2389
2395
2403
2409
2417
2423
2431
2436
2444
2450
2458
2464
2472
2477
2485
2491
2499
2505
2513
2519
2526
2532
2540
2546
2554
2560
2568
2573
2581
2587
2595
2601
2609
2614
2622
2628
2636
2642
2650
2656
2663
2669
2677
2683
2691
2697
2705
2710
2718
2724
2732
2738
2746
2751
2759
2765
2773
2779
2787
2793
2800
2806
2814
2820
2828
2834
2841
2847
2855
2861
2869
2875
2883
2888
2896
2902
2910
2916
2924
2930
2937
2943
2951
2957
2965
2971
2978
2984
2992
2998
3006
3012
3020
3025
3033
3039
3047
3054
3060
3068
3074
3082
3088
3096
3102
3110
3116
3124
3130
3138
3144
3152
3158
3166
3172
3180
3186
3194
3200
3208
3214
3222
3228
3236
3242
3250
3256
3264
3270
3278
3284
3292
3298
3306
3312
3320
3326
3334
3340
3348
3354
3362
3368
3376
3382
3390
3396
3404
3410
3418
3424
3432
3438
3446
3452
3460
3466
3474
3480
3488
3494
3502
3508
3515
3521
3529
3535
3543
3549
3557
3563
3571
3577
3585
3591
3599
3605
3613
3619
3627
3633
3641
3647
3655
3661
3669
3675
3683
3689
3697
3703
3711
3717
3725
3731
3739
3745
3753
3759
3767
3773
3781
3787
3795
3801
3809
3815
3823
3829
3837
3843
3851
3857
3865
3871
3879
3885
3893
3899
3906
3912
3919
3925
3933
3938
3946
3952
3959
3965
3972
3978
3986
3991
3999
4005
4012
4018
4025
4031
4039
4044
4052
4058
4065
4071
4078
4084
4092
4097
4105
4111
4118
4124
4131
4137
4145
4150
4158
4164
4171
4177
4184
4190
4198
4203
4211
4217
4224
4230
4237
4243
4251
4256
4264
4270
4277
4283
4290
4296
4304
4309
4317
4323
4330
4336
4343
4349
4357
4362
4370
4376
4383
4389
4396
4402
4410
4415
4423
4429
4436
4442
4449
4455
4463
4468
4476
4482
4489
4495
4502
4508
4516
4521
4529
4535
4542
4548
4555
4561
4569
4574
4582
4588
4595
4601
4609
4614
4622
4627
4635
4641
4648
4654
4662
4667
4675
4680
4688
4694
4701
4707
4715
4720
4728
4733
4741
4747
4754
4760
4768
4774
4781
4787
4795
4801
4809
4814
4822
4828
4836
4842
4849
4855
4863
4869
4877
4882
4890
4896
4904
4910
4917
4923
4931
4937
4945
4950
4958
4964
4972
4978
4985
4991
4999
5005
5013
5018
5026
5032
5040
5046
5053
5059
5067
5073
5081
5086
5094
5100
5108
5114
5121
5127
5135
5141
5149
5154
5162
5168
5176
5182
5189
5195
5203
5209
5217
5222
5230
5236
5244
5250
5257
5263
5271
5277
5285
5290
5298
5304
5312
5318
5325
5331
5339
5345
5353
5358
5366
5372
5380
5386
5393
5399
5407
5413
5421
5426
5434
5440
5448
5454
5461
5467
5475
5481
5489
5494
5502
5508
5516
5522
5529
5535
5543
5549
5557
5562
5570
5576
5584
5590
5598
5604
5612
5618
5626
5632
5640
5646
5654
5660
5668
5675
5683
5689
5697
5703
5711
5717
5725
5731
5739
5745
5753
5759
5768
5774
5782
5788
5796
5802
5810
5816
5824
5830
5838
5844
5852
5859
5867
5873
5881
5887
5895
5901
5909
5915
5923
5929
5937
5943
5951
5958
5966
5972
5980
5986
5994
6000
6008
6014
6022
6028
6036
6042
6051
6057
6065
6071
6079
6085
6093
6099
6107
6113
6121
6127
6135
6142
6150
6156
6164
6170
6178
6184
6192
6198
6206
6212
6220
6226
6235
6241
6249
6255
6263
6269
6277
6283
6291
6297
6305
6311
6319
6326
6333
6341
6347
6355
6361
6369
6375
6383
6389
6397
6403
6411
6418
6424
6432
6438
6445
6451
6459
6465
6472
6478
6486
6492
6500
6505
6513
6519
6527
6532
6540
6546
6554
6559
6567
6573
6581
6587
6594
6600
6608
6614
6621
6627
6635
6641
6649
6654
6662
6668
6676
6681
6689
6695
6703
6708
6716
6722
6730
6736
6743
6749
6757
6763
6770
6776
6784
6790
6798
6803
6811
6817
6825
6830
6838
6844
6852
6857
6865
6871
6879
6885
6892
6898
6906
6912
6919
6925
6933
6939
6946
6952
6960
6966
6974
6979
6987
6993
7001
7006
7014
7020
7028
7034
7041
7047
7055
7061
7068
7074
7082
7088
7095
7101
7109
7115
7123
7128
7136
7142
7150
7155
7163
7169
7177
7183
7190
7196
7204
7210
7218
7223
7231
7237
7245
7251
7259
7264
7272
7278
7286
7292
7300
7305
7313
7319
7327
7333
7340
7346
7354
7360
7368
7374
7381
7387
7395
7401
7409
7415
7422
7428
7436
7442
7450
7456
7463
7469
7477
7483
7491
7496
7504
7510
7518
7524
7532
7537
7545
7551
7559
7565
7573
7578
7586
7592
7600
7606
7614
7619
7627
7633
7641
7647
7654
7660
7668
7674
7682
7688
7695
7701
7709
7715
7723
7729
7736
7742
7750
7756
7764
7770
7777
7783
7791
7797
7805
7810
7818
7824
7832
7838
7846
7851
7859
7865
7873
7879
7887
7892
7900
7906
7914
7920
7928
7933
7941
7947
7955
7961
7968
7974
7981
7987
7995
8001
8009
8015
8023
8029
8037
8043
8050
8056
8064
8070
8078
8084
8092
8098
8106
8112
8119
8125
8133
8139
8147
8153
8161
8167
8175
8181
8189
8194
8202
8208
8216
8222
8230
8236
8244
8250
8258
8263
8271
8277
8285
8291
8299
8305
8313
8319
8327
8333
8340
8346
8354
8360
8368
8374
8382
8388
8396
8402
8409
8415
8423
8429
8437
8443
8451
8457
8465
8471
8479
8484
8492
8498
8506
8512
8520
8526
8534
8540
8548
8553
8561
8567
8575
8581
8589
8595
8603
8609
8617
8623
8630
8636
8644
8650
8658
8664
8672
8678
8686
8692
8699
8705
8713
8719
8727
8733
8741
8747
8755
8762
8768
8775
8781
8789
8794
8802
8808
8815
8821
8828
8834
8842
8847
8855
8861
8868
8874
8882
8887
8895
8900
8908
8914
8921
8927
8935
8940
8948
8954
8961
8967
8974
8980
8988
8993
9001
9007
9014
9020
9027
9033
9041
9046
9054
9060
9067
9073
9081
9086
9094
9099
9107
9113
9120
9126
9134
9139
9147
9153
9160
9166
9173
9179
9187
9192
9200
9206
9213
9219
9226
9232
9240
9245
9253
9259
9266
9272
9280
9285
9293
9298
9306
9312
9319
9325
9333
9338
9346
9352
9359
9365
9372
9378
9386
9391
9399
9405
9412
9418
9425
9431
9439
9444
9452
9458
9465
9471
9479
9484
9492
9497
9505
9511
9518
9524
9532
9537
9545
9552
9558
9566
9572
9580
9586
9594
9600
9608
9613
9621
9627
9635
9641
9649
9655
9663
9669
9677
9682
9690
9696
9704
9710
9718
9724
9732
9738
9745
9751
9759
9765
9773
9779
9787
9793
9801
9807
9814
9820
9828
9834
9842
9848
9856
9862
9870
9876
9883
9889
9897
9903
9911
9917
9925
9931
9939
9945
9951
9959
9965
9973
9979
9987
9993
10001
10007
10014
10020
10028
10034
10042
10048
10056
10062
10070
10076
10083
10089
10097
10103
10111
10117
10125
10131
10139
10145
10151
10159
10165
10173
10179
10187
10193
10201
10207
10214
10220
10228
10234
10242
10248
10256
10262
10270
10276
10283
10289
10297
10303
10311
10317
10325
10331
10339
10345
10351
10358
10364
10372
10378
10386
10392
10400
10406
10414
10420
10428
10434
10442
10448
10456
10462
10470
10476
10484
10489
10497
10503
10511
10517
10525
10531
10539
10545
10553
10559
10567
10573
10581
10587
10595
10601
10609
10615
10622
10628
10636
10642
10650
10656
10664
10670
10678
10684
10692
10698
10706
10712
10720
10726
10734
10740
10748
10754
10761
10767
10775
10781
10789
10795
10803
10809
10817
10823
10831
10837
10845
10851
10859
10865
10873
10879
10887
10892
10900
10906
10914
10920
10928
10934
10942
10948
10956
10962
10970
10976
10984
10990
10998
11004
11012
11018
11026
11031
11039
11045
11053
11059
11067
11073
11081
11087
11095
11101
11109
11115
11122
11128
11136
11142
11150
11156
11164
11169
11177
11183
11191
11197
11205
11211
11218
11224
11232
11238
11246
11252
11260
11266
11273
11279
11287
11293
11301
11307
11315
11320
11328
11334
11342
11348
11356
11362
11370
11375
11383
11389
11397
11403
11411
11417
11424
11430
11438
11444
11452
11458
11466
11471
11479
11485
11493
11499
11507
11513
11521
11526
11534
11540
11548
11554
11562
11568
11575
11581
11589
11595
11603
11609
11617
11623
11630
11636
11644
11650
11658
11664
11672
11677
11685
11691
11699
11705
11713
11719
11726
11732
11740
11746
11754
11760
11768
11774
11781
11787
11795
11801
11809
11815
11823
11828
11836
11843
11849
11857
11863
11871
11877
11885
11891
11899
11905
11913
11919
11927
11933
11941
11947
11955
11961
11969
11975
11983
11989
11997
12003
12011
12017
12025
12031
12039
12045
12053
12059
12067
12073
12081
12087
12095
12101
12109
12115
12123
12129
12137
12143
12151
12157
12165
12171
12179
12185
12193
12199
12207
12213
12221
12227
12235
12241
12249
12255
12263
12269
12277
12283
12291
12297
12305
12311
12319
12325
12333
12339
12347
12353
12361
12367
12375
12381
12389
12395
12403
12409
12417
12423
12431
12437
12445
12451
12459
12465
12473
12479
12487
12493
12501
12507
12515
12521
12529
12535
12543
12549
12557
12563
12571
12577
12585
12591
12599
12605
12613
12619
12627
12633
12641
12647
12655
12661
12669
12675
12683
12689
12697
12703
12710
12716
12724
12730
12738
12743
12751
12757
12765
12771
12778
12784
12792
12798
12806
12811
12819
12825
12833
12839
12846
12852
12860
12866
12874
12879
12887
12893
12901
12907
12914
12920
12928
12934
12942
12947
12955
12961
12969
12975
12982
12988
12996
13002
13010
13015
13023
13029
13037
13043
13050
13056
13064
13070
13078
13083
13091
13097
13105
13111
13118
13124
13132
13138
13146
13151
13159
13165
13173
13179
13186
13192
13200
13206
13214
13220
13227
13233
13241
13247
13255
13260
13268
13274
13282
13288
13295
13301
13309
13315
13323
13328
13336
13342
13350
13356
13363
13369
13377
13383
13391
13396
13404
13410
13418
13424
13431
13437
13444
13450
13458
13463
13471
13477
13484
13490
13498
13503
13511
13517
13524
13530
13538
13543
13551
13557
13564
13570
13578
13583
13591
13597
13605
13610
13618
13624
13631
13637
13645
13650
13658
13664
13671
13677
13685
13690
13698
13704
13711
13717
13725
13730
13738
13744
13752
13757
13765
13771
13778
13784
13792
13797
13805
13811
13818
13824
13832
13837
13845
13851
13858
13864
13872
13877
13885
13891
13899
13904
13912
13918
13925
13931
13939
13944
13952
13958
13965
13971
13979
13984
13992
13998
14005
14011
14019
14024
14032
14038
14046
14051
14059
14065
14072
14078
14086
14091
14099
14105
14112
14118
14126
14131
14139
14145
14152
14158
14166
14171
14179
14185
14193
14198
14206
14212
14219
14226
14232
14240
14246
14254
14260
14268
14274
14282
14288
14296
14302
14310
14316
14324
14330
14338
14344
14352
14358
14366
14372
14380
14386
14394
14400
14408
14414
14422
14428
14436
14442
14450
14456
14464
14470
14478
14484
14492
14498
14506
14512
14520
14526
14534
14540
14548
14554
14562
14568
14576
14582
14590
14596
14604
14610
14618
14624
14632
14638
14646
14652
14660
14666
14674
14680
14688
14694
14702
14708
14716
14722
14730
14736
14744
14750
14758
14764
14772
14778
14786
14792
14800
14806
14814
14820
14828
14834
14842
14848
14856
14862
14870
14876
14884
14890
14898
14904
14912
14918
14926
14932
14940
14946
14954
14960
14968
14975
14981
14989
14995
15003
15009
15016
15022
15030
15036
15044
15050
15058
15064
15070
15078
15084
15092
15098
15106
15112
15118
15126
15132
15140
15146
15154
15160
15166
15174
15180
15188
15194
15202
15208
15214
15222
15228
15236
15242
15250
15256
15262
15270
15276
15284
15290
15298
15304
15310
15318
15324
15332
15338
15346
15352
15358
15366
15372
15380
15386
15394
15400
15406
15414
15420
15428
15434
15442
15448
15454
15462
15468
15476
15482
15490
15496
15502
15510
15516
15524
15530
15538
15544
15550
15558
15564
15572
15578
15586
15592
15598
15606
15612
15620
15626
15634
15640
15646
15654
15660
15668
15674
15682
15688
15694
15702
15708
15716
15722
15730
15736
15743
15749
15757
15763
15771
15777
15784
15790
15798
15804
15812
15818
15826
15831
15839
15845
15853
15859
15867
15872
15880
15886
15894
15900
15908
15914
15921
15927
15935
15941
15949
15955
15963
15968
15976
15982
15990
15996
16004
16009
16017
16023
16031
16037
16045
16051
16058
16064
16072
16078
16086
16092
16100
16105
16113
16119
16127
16133
16141
16146
16154
16160
16168
16174
16182
16188
16195
16201
16209
16215
16223
16229
16236
16242
16250
16256
16264
16270
16278
16283
16291
16297
16305
16311
16319
16325
16332
16338
16346
16352
16360
16366
16373
16379
16387
16393
16401
16407
16415
16420
16428
16434
16442
16448
16456
16462
16469
16475
16483
16489
16497
16503
16510
16516
16524
16530
16538
16544
16552
16559
16565
16573
16579
16587
16593
16601
16607
16615
16621
16628
16634
16642
16648
16656
16662
16670
16676
16684
16690
16697
16703
16711
16717
16725
16731
16739
16745
16753
16759
16766
16772
16780
16786
16794
16800
16808
16814
16822
16828
16835
16841
16849
16855
16863
16869
16877
16883
16891
16897
16904
16910
16918
16924
16932
16938
16946
16952
16960
16966
16973
16979
16987
16993
17001
17007
17015
17021
17029
17035
17042
17048
17056
17062
17070
17076
17084
17090
17098
17104
17111
17117
17125
17131
17139
17145
17153
17159
17167
17173
17180
17186
17194
17200
17208
17214
17222
17228
17236
17242
17249
17255
17263
17269
17277
17283
17291
17297
17305
17311
17318
17324
17332
17338
17346
17352
17360
17366
17374
17380
17388
17394
17401
17407
17415
17421
17429
17435
17443
17449
17457
17463
17471
17477
17485
17490
17498
17504
17512
17518
17526
17532
17540
17546
17554
17560
17568
17573
17581
17587
17595
17601
17609
17615
17623
17629
17637
17643
17651
17657
17664
17670
17678
17684
17692
17698
17706
17712
17720
17726
17734
17740
17747
17753
17761
17767
17775
17781
17789
17795
17803
17809
17817
17823
17831
17836
17844
17850
17858
17864
17872
17878
17886
17892
17900
17906
17914
17919
17927
17933
17941
17947
17955
17961
17969
17975
17983
17989
17997
18003
18010
18016
18024
18031
18037
18044
18050
18058
18063
18071
18077
18084
18090
18097
18103
18111
18116
18124
18130
18137
18143
18150
18156
18164
18169
18177
18183
18190
18196
18204
18209
18217
18222
18230
18236
18243
18249
18257
18262
18270
18275
18283
18289
18296
18302
18310
18315
18323
18328
18336
18342
18349
18355
18363
18368
18376
18382
18389
18395
18402
18408
18416
18421
18429
18435
18442
18448
18455
18461
18469
18474
18482
18488
18495
18501
18508
18514
18522
18527
18535
18541
18548
18554
18562
18567
18575
18580
18588
18594
18601
18607
18615
18620
18628
18633
18641
18647
18654
18660
18668
18673
18681
18686
18694
18700
18707
18713
18721
18726
18734
18740
18747
18753
18760
18766
18774
18782
18788
18796
18802
18810
18816
18824
18830
18838
18844
18852
18858
18866
18872
18880
18886
18894
18900
18909
18915
18923
18929
18937
18943
18951
18957
18965
18971
18979
18985
18993
18999
19007
19013
19021
19027
19036
19042
19050
19056
19064
19070
19078
19084
19092
19098
19106
19112
19120
19126
19134
19140
19148
19154
19163
19169
19177
19183
19191
19197
19205
19211
19219
19225
19233
19239
19247
19253
19261
19267
19275
19281
19289
19296
19304
19310
19318
19324
19332
19338
19346
19352
19360
19366
19374
19380
19388
19394
19402
19408
19416
19423
19431
19437
19445
19451
19459
19465
19473
19479
19487
19493
19501
19507
19515
19521
19529
19535
19543
19549
19557
19563
19571
19578
19586
19592
19600
19606
19614
19620
19628
19635
19643
19649
19657
19663
19671
19677
19685
19692
19700
19706
19714
19720
19728
19734
19743
19749
19757
19763
19771
19777
19785
19791
19800
19806
19814
19820
19828
19834
19842
19848
19857
19863
19871
19877
19885
19891
19899
19906
19914
19920
19928
19934
19942
19948
19956
19963
19971
19977
19985
19991
19999
20005
20013
20020
20028
20034
20042
20048
20056
20062
20071
20077
20085
20091
20099
20105
20113
20119
20128
20134
20142
20148
20156
20162
20170
20176
20185
20191
20199
20205
20213
20219
20227
20234
20242
20248
20256
20262
20270
20276
20284
20291
20299
20305
20313
20319
20327
20333
20341
20348
20356
20363
20369
20377
20383
20391
20397
20405
20411
20418
20424
20432
20438
20446
20452
20460
20466
20474
20479
20487
20493
20501
20507
20515
20521
20529
20535
20542
20548
20556
20562
20570
20576
20584
20590
20597
20603
20611
20617
20625
20631
20639
20645
20653
20658
20666
20672
20680
20686
20694
20700
20708
20714
20721
20727
20735
20741
20749
20755
20763
20769
20776
20782
20790
20796
20804
20810
20818
20824
20832
20837
20845
20851
20859
20865
20873
20879
20887
20893
20900
20906
20914
20920
20928
20934
20942
20948
20955
20961
20969
20975
20983
20989
20997
21003
21011
21016
21024
21030
21038
21044
21052
21058
21066
21072
21079
21085
21093
21099
21107
21113
21121
21127
21134
21140
21147
21153
21160
21166
21174
21179
21187
21192
21200
21206
21213
21219
21226
21232
21240
21245
21253
21258
21266
21272
21279
21285
21292
21298
21306
21311
21319
21324
21332
21338
21345
21351
21358
21364
21372
21377
21385
21390
21398
21404
21411
21417
21424
21430
21438
21443
21451
21456
21464
21470
21477
21483
21490
21496
21504
21509
21517
21522
21530
21536
21543
21549
21556
21562
21570
21575
21583
21588
21596
21601
21609
21615
21622
21628
21635
21641
21649
21654
21662
21667
21675
21681
21688
21694
21701
21707
21715
21720
21728
21733
21741
21747
21754
21760
21767
21773
21781
21786
21794
21799
21807
21813
21820
21826
21833
21839
21847
21852
21860
21865
21873
21879
21886
21892
21899
21905
21913
21918
21926
21931
21939
21945
21952
21958
21965
21972
21978
21986
21991
21999
22005
22013
22018
22026
22032
22039
22045
22053
22059
22066
22072
22080
22086
22093
22099
22107
22112
22120
22126
22134
22139
22147
22153
22161
22166
22174
22180
22187
22193
22201
22207
22214
22220
22228
22234
22241
22247
22255
22260
22268
22274
22282
22287
22295
22301
22309
22314
22322
22328
22335
22341
22349
22355
22362
22368
22376
22382
22389
22395
22403
22408
22416
22422
22430
22435
22443
22449
22457
22462
22470
22476
22483
22489
22497
22503
22510
22516
22524
22530
22537
22543
22551
22556
22564
22570
22578
22583
22591
22597
22605
22610
22618
22624
22631
22637
22645
22651
22658
22664
22672
22678
22685
22691
22699
22704
22712
22718
22726
22731
22738
22744
22752
22758
22766
22772
22780
22786
22794
22800
22807
22813
22821
22827
22835
22841
22849
22855
22863
22869
22876
22882
22890
22896
22904
22910
22918
22924
22932
22938
22946
22951
22959
22965
22973
22979
22987
22993
23001
23007
23015
23020
23028
23034
23042
23048
23056
23062
23070
23076
23084
23090
23097
23103
23111
23117
23125
23131
23139
23145
23153
23159
23166
23172
23180
23186
23194
23200
23208
23214
23222
23228
23236
23241
23249
23255
23263
23269
23277
23283
23291
23297
23305
23310
23318
23324
23332
23338
23346
23352
23360
23366
23374
23380
23387
23393
23401
23407
23415
23421
23429
23435
23443
23449
23456
23462
23470
23476
23484
23490
23498
23504
23512
23518
23526
23531
23539
23545
23553
23559
23567
23573
23581
23587
23595
23600
23607
23613
23620
23626
23634
23639
23647
23652
23660
23666
23673
23679
23686
23692
23700
23705
23713
23719
23726
23732
23739
23745
23753
23758
23766
23771
23779
23785
23792
23798
23806
23811
23819
23824
23832
23838
23845
23851
23858
23864
23872
23877
23885
23891
23898
23904
23911
23917
23925
23930
23938
23943
23951
23957
23964
23970
23978
23983
23991
23996
24004
24010
24017
24023
24030
24036
24044
24049
24057
24063
24070
24076
24083
24089
24097
24102
24110
24115
24123
24129
24136
24142
24150
24155
24163
24168
24176
24182
24189
24195
24202
24208
24216
24221
24229
24235
24242
24248
24255
24261
24269
24274
24282
24287
24295
24301
24308
24314
24322
24327
24335
24340
24348
24354
24361
24368
24374
24382
24387
24395
24401
24408
24414
24422
24427
24435
24441
24448
24454
24462
24467
24475
24481
24488
24494
24502
24507
24515
24521
24528
24534
24542
24547
24555
24561
24569
24574
24582
24588
24595
24601
24609
24614
24622
24628
24635
24641
24649
24654
24662
24668
24675
24681
24689
24694
24702
24708
24715
24721
24729
24734
24742
24748
24755
24761
24769
24775
24782
24788
24796
24801
24809
24815
24822
24828
24836
24841
24849
24855
24862
24868
24876
24881
24889
24895
24902
24908
24916
24921
24929
24935
24942
24948
24956
24962
24969
24975
24983
24988
24996
25002
25009
25015
25023
25028
25036
25042
25049
25055
25063
25068
25076
25082
25089
25095
25103
25108
25116
25122
25129
25135
25143
25150
25156
25164
25170
25178
25184
25192
25198
25205
25211
25219
25225
25233
25239
25247
25253
25261
25266
25274
25280
25288
25294
25302
25308
25316
25322
25329
25335
25343
25349
25357
25363
25371
25377
25384
25390
25398
25404
25412
25418
25426
25432
25440
25445
25453
25459
25467
25473
25481
25487
25495
25501
25508
25514
25522
25528
25536
25542
25550
25556
25563
25569
25577
25583
25591
25597
25605
25611
25619
25624
25632
25638
25646
25652
25660
25666
25674
25680
25687
25693
25701
25707
25715
25721
25729
25735
25742
25748
25756
25762
25770
25776
25784
25790
25798
25803
25811
25817
25825
25831
25839
25845
25853
25859
25866
25872
25879
25885
25893
25899
25907
25913
25921
25926
25934
25940
25948
25954
25962
25968
25976
25981
25989
25995
26003
26009
26017
26023
26031
26036
26044
26050
26058
26064
26072
26078
26086
26091
26099
26105
26113
26119
26127
26133
26141
26146
26154
26160
26168
26174
26182
26188
26196
26201
26209
26215
26223
26229
26237
26243
26251
26256
26264
26270
26278
26284
26292
26298
26305
26311
26319
26325
26333
26339
26347
26353
26360
26366
26374
26380
26388
26394
26402
26408
26415
26421
26429
26435
26443
26449
26457
26463
26470
26476
26484
26490
26498
26504
26512
26518
26525
26531
26539
26545
26553
26559
26567
26573
26580
26586
26594
26600
26608
26614
26622
26628
26635
26641
26649
26655
26663
26669
26677
26682
26690
26696
26704
26710
26718
26724
26732
26738
26746
26752
26760
26766
26774
26780
26788
26794
26802
26808
26816
26822
26830
26836
26844
26850
26858
26864
26872
26879
26887
26893
26901
26907
26915
26921
26929
26935
26943
26949
26957
26963
26971
26977
26985
26991
26999
27005
27013
27019
27027
27033
27041
27048
27056
27062
27070
27076
27084
27090
27098
27104
27112
27118
27126
27132
27140
27146
27154
27160
27168
27174
27182
27188
27196
27202
27210
27217
27225
27231
27239
27245
27253
27259
27267
27273
27281
27287
27295
27301
27309
27315
27323
27329
27337
27343
27351
27357
27365
27371
27380
27386
27394
27400
27408
27414
27422
27428
27436
27442
27450
27456
27464
27470
27478
27484
27492
27498
27506
27512
27520
27526
27534
27540
27548
27554
27562
27568
27576
27582
27590
27596
27604
27610
27618
27625
27633
27639
27647
27653
27661
27667
27675
27681
27689
27695
27703
27709
27717
27723
27731
27737
27745
27751
27759
27765
27773
27779
27787
27794
27802
27808
27816
27822
27830
27836
27844
27850
27858
27864
27872
27878
27886
27892
27900
27906
27914
27920
27928
27934
27942
27948
27956
27963
27971
27977
27985
27991
27999
28005
28013
28019
28027
28033
28041
28047
28055
28061
28069
28075
28083
28089
28097
28103
28111
28117
28126
28132
28140
28146
28154
28160
28168
28174
28182
28188
28196
28202
28210
28216
28224
28230
28238
28244
28252
28258
28266
28272
28280
28286
28294
28300
28308
28314
28322
28328
28336
28342
28350
28357
28365
28371
28379
28385
28393
28399
28407
28413
28421
28427
28435
28441
28450
28456
28464
28470
28478
28484
28492
28498
28506
28512
28520
28526
28534
28541
28549
28555
28563
28569
28577
28583
28591
28597
28605
28611
28619
28625
28633
28640
28648
28654
28662
28668
28676
28682
28690
28696
28704
28710
28718
28724
28733
28739
28747
28753
28761
28767
28775
28781
28789
28795
28803
28809
28817
28824
28832
28838
28846
28852
28860
28866
28874
28880
28888
28894
28902
28908
28917
28923
28931
28937
28945
28951
28959
28965
28973
28979
28987
28993
29001
29008
29015
29023
29029
29037
29043
29051
29057
29065
29072
29078
29086
29091
29099
29105
29112
29118
29126
29131
29139
29145
29152
29158
29166
29172
29179
29185
29193
29198
29206
29212
29219
29225
29233
29238
29246
29252
29259
29265
29273
29279
29286
29292
29300
29305
29313
29319
29326
29332
29340
29345
29353
29359
29367
29372
29380
29386
29393
29399
29407
29412
29420
29426
29433
29439
29447
29452
29460
29466
29474
29479
29487
29493
29500
29506
29514
29519
29527
29533
29540
29546
29554
29559
29567
29573
29581
29586
29594
29600
29607
29613
29621
29626
29634
29640
29647
29653
29661
29667
29674
29680
29688
29693
29701
29707
29714
29720
29728
29733
29741
29747
29754
29760
29768
29774
29781
29787
29795
29800
29808
29815
29821
29829
29835
29843
29849
29857
29863
29871
29877
29885
29891
29899
29905
29913
29918
29926
29932
29940
29946
29954
29960
29968
29974
29982
29988
29996
30002
30010
30016
30024
30029
30037
30043
30051
30057
30065
30071
30079
30085
30093
30099
30107
30113
30121
30127
30135
30140
30148
30154
30162
30168
30176
30182
30190
30196
30204
30210
30218
30224
30232
30238
30245
30251
30259
30265
30273
30279
30287
30293
30301
30307
30315
30321
30329
30335
30343
30349
30356
30362
30370
30376
30384
30390
30398
30404
30412
30418
30426
30432
30440
30446
30454
30460
30467
30473
30481
30487
30495
30501
30509
30515
30523
30529
30537
30543
30551
30557
30565
30571
30578
30584
30592
30598
30606
30613
30619
30626
30632
30639
30645
30653
30658
30666
30671
30679
30685
30692
30698
30705
30711
30719
30724
30732
30737
30745
30751
30758
30764
30771
30777
30785
30790
30798
30803
30811
30817
30824
30830
30837
30843
30851
30856
30864
30869
30877
30883
30890
30896
30903
30909
30917
30922
30930
30935
30943
30949
30956
30962
30969
30975
30983
30988
30996
31001
31009
31015
31022
31028
31035
31041
31049
31054
31062
31067
31075
31080
31088
31094
31101
31107
31114
31120
31128
31133
31141
31146
31154
31160
31167
31173
31180
31186
31194
31199
31207
31212
31220
31226
31233
31239
31246
31252
31260
31265
31273
31278
31286
31292
31299
31305
31312
31320
31326
31334
31340
31348
31354
31362
31368
31376
31382
31390
31396
31404
31410
31418
31424
31432
31438
31446
31452
31460
31466
31474
31480
31488
31494
31503
31509
31517
31523
31531
31537
31545
31551
31559
31565
31573
31579
31587
31593
31601
31607
31615
31621
31629
31635
31643
31649
31657
31663
31671
31677
31686
31692
31700
31706
31714
31720
31728
31734
31742
31748
31756
31762
31770
31776
31784
31790
31798
31804
31812
31818
31826
31832
31840
31846
31854
31860
31869
31875
31883
31889
31897
31903
31911
31917
31925
31931
31939
31945
31953
31959
31967
31973
31981
31987
31995
32001
32009
32015
32023
32029
32037
32043
32052
32058
32066
32072
32080
32086
32094
32101
32107
32114
32120
32127
32133
32140
32146
32154
32159
32167
32172
32180
32185
32193
32199
32206
32212
32219
32225
32232
32238
32246
32251
32259
32264
32272
32277
32285
32291
32298
32304
32311
32317
32324
32330
32338
32343
32351
32356
32364
32369
32377
32382
32390
32396
32403
32409
32416
32422
32429
32435
32443
32448
32456
32461
32469
32474
32482
32488
32495
32501
32508
32514
32521
32527
32535
32540
32548
32553
32561
32566
32574
32580
32587
32593
32600
32606
32613
32619
32627
32632
32640
32645
32653
32658
32666
32671
32679
32685
32692
32698
32705
32711
32718
32724
32732
32737
32745
32750
32758
32763
32771
32777
32784
32790
32797
32803
32810
32816
32824
32830
32838
32844
32851
32857
32865
32871
32879
32885
32892
32898
32906
32912
32920
32926
32933
32939
32947
32953
32961
32967
32974
32980
32988
32994
33002
33008
33015
33021
33029
33035
33043
33049
33056
33062
33070
33076
33084
33090
33097
33103
33111
33117
33125
33131
33138
33144
33152
33158
33166
33172
33179
33185
33193
33199
33207
33213
33220
33226
33234
33240
33248
33254
33261
33267
33275
33281
33289
33295
33302
33308
33316
33322
33330
33336
33343
33349
33357
33363
33371
33377
33384
33390
33398
33404
33412
33418
33425
33431
33439
33445
33453
33459
33466
33472
33480
33486
33494
33500
33507
33513
33521
33527
33535
33541
33548
33554
33562
33568
33576
33582
33589
33595
33603
33609
33617
33623
33630
33636
33644
33650
33658
33665
33671
33679
33684
33692
33698
33705
33711
33719
33725
33732
33738
33746
33751
33759
33765
33772
33778
33786
33792
33799
33805
33813
33818
33826
33832
33839
33845
33853
33859
33866
33872
33880
33885
33893
33899
33906
33912
33920
33926
33933
33939
33947
33952
33960
33966
33973
33979
33987
33993
34000
34006
34014
34019
34027
34033
34040
34046
34054
34060
34067
34073
34081
34086
34094
34100
34107
34113
34121
34127
34134
34140
34148
34153
34161
34167
34174
34180
34188
34194
34201
34207
34215
34220
34228
34234
34241
34247
34255
34261
34268
34274
34282
34287
34295
34301
34308
34314
34322
34328
34335
34341
34349
34354
34362
34368
34375
34381
34389
34395
34403
34409
34417
34423
34430
34436
34444
34450
34458
34464
34472
34478
34485
34491
34499
34505
34513
34519
34527
34533
34540
34546
34554
34560
34568
34574
34582
34588
34595
34601
34609
34615
34623
34629
34637
34643
34650
34656
34664
34670
34678
34684
34692
34698
34705
34711
34719
34725
34733
34739
34747
34753
34760
34766
34774
34780
34788
34794
34802
34808
34815
34821
34829
34835
34843
34849
34857
34863
34871
34876
34884
34890
34898
34904
34912
34918
34926
34931
34939
34945
34953
34959
34967
34973
34981
34986
34994
35000
35008
35014
35022
35028
35036
35041
35049
35055
35063
35069
35077
35083
35091
35096
35104
35110
35118
35124
35132
35138
35146
35151
35159
35165
35173
35179
35187
35193
35201
35207
35215
35221
35229
35235
35243
35249
35257
35263
35271
35277
35285
35291
35299
35305
35313
35319
35327
35333
35341
35347
35355
35361
35369
35375
35383
35389
35397
35403
35411
35417
35425
35431
35439
35445
35453
35459
35467
35473
35481
35487
35495
35501
35509
35515
35523
35529
35537
35543
35551
35557
35565
35571
35579
35586
35594
35600
35608
35614
35622
35628
35636
35642
35650
35656
35664
35670
35678
35684
35692
35698
35706
35712
35720
35726
35734
35740
35748
35754
35762
35768
35776
35782
35790
35796
35804
35810
35818
35824
35832
35838
35846
35852
35860
35866
35874
35880
35888
35894
35902
35908
35916
35922
35930
35936
35944
35950
35958
35964
35972
35979
35986
35994
36000
36008
36016
36022
36030
36036
36044
36050
36058
36064
36072
36079
36087
36093
36101
36107
36115
36121
36129
36135
36144
36150
36158
36164
36172
36178
36186
36192
36200
36207
36215
36221
36229
36235
36243
36249
36257
36263
36272
36278
36286
36292
36300
36306
36314
36320
36328
36335
36343
36349
36357
36363
36371
36377
36385
36391
36399
36406
36414
36420
36428
36434
36442
36448
36456
36462
36471
36477
36485
36491
36499
36505
36513
36519
36527
36534
36542
36548
36556
36562
36570
36576
36584
36590
36599
36605
36613
36619
36627
36633
36641
36647
36655
36662
36670
36676
36684
36690
36698
36704
36712
36718
36727
36733
36741
36747
36755
36761
36769
36775
36783
36789
36798
36804
36812
36818
36826
36832
36840
36847
36853
36861
36867
36875
36881
36889
36895
36903
36909
36917
36923
36931
36937
36945
36951
36959
36965
36973
36979
36987
36992
37000
37006
37014
37020
37028
37034
37042
37048
37056
37062
37070
37076
37084
37090
37098
37104
37112
37118
37126
37132
37139
37145
37153
37159
37167
37173
37181
37187
37195
37201
37209
37215
37223
37229
37237
37243
37251
37257
37265
37271
37279
37284
37292
37298
37306
37312
37320
37326
37334
37340
37348
37354
37362
37368
37376
37382
37390
37396
37404
37410
37418
37424
37431
37437
37445
37451
37459
37465
37473
37479
37487
37493
37501
37507
37515
37521
37529
37535
37543
37549
37557
37563
37571
37576
37584
37590
37598
37604
37612
37618
37626
37632
37640
37647
37653
37661
37667
37675
37681
37689
37695
37703
37709
37717
37723
37731
37737
37745
37751
37759
37765
37773
37779
37787
37793
37801
37807
37815
37821
37829
37835
37843
37849
37857
37863
37871
37877
37885
37891
37899
37905
37913
37919
37927
37933
37941
37947
37955
37961
37969
37975
37983
37989
37997
38003
38010
38016
38024
38030
38038
38044
38052
38058
38066
38072
38080
38086
38094
38100
38108
38114
38122
38128
38136
38142
38150
38156
38164
38170
38178
38184
38192
38198
38206
38212
38220
38226
38234
38240
38248
38254
38262
38268
38276
38282
38290
38296
38304
38310
38318
38324
38332
38338
38346
38352
38360
38366
38373
38379
38387
38393
38401
38407
38415
38421
38429
38435
38443
38449
38456
38462
38470
38476
38484
38490
38497
38503
38511
38517
38525
38531
38539
38544
38552
38558
38566
38572
38580
38585
38593
38599
38607
38613
38621
38627
38634
38640
38648
38654
38662
38668
38676
38681
38689
38695
38703
38709
38717
38722
38730
38736
38744
38750
38758
38764
38771
38777
38785
38791
38799
38805
38813
38818
38826
38832
38840
38846
38854
38859
38867
38873
38881
38887
38895
38901
38908
38914
38922
38928
38936
38942
38949
38955
38963
38969
38977
38983
38991
38996
39004
39010
39018
39024
39032
39038
39045
39051
39059
39065
39073
39079
39086
39092
39100
39106
39114
39120
39128
39133
39141
39147
39155
39161
39169
39175
39182
39188
39196
39202
39210
39216
39223
39229
39237
39243
39251
39257
39265
39270
39277
39283
39291
39297
39305
39311
39319
39325
39333
39339
39347
39353
39361
39367
39374
39380
39388
39394
39402
39408
39416
39422
39430
39436
39444
39450
39458
39464
39472
39477
39485
39491
39499
39505
39513
39519
39527
39533
39541
39547
39555
39561
39569
39575
39582
39588
39596
39602
39610
39616
39624
39630
39638
39644
39652
39658
39666
39672
39680
39685
39693
39699
39707
39713
39721
39727
39735
39741
39749
39755
39763
39769
39777
39782
39790
39796
39804
39810
39818
39824
39832
39838
39846
39852
39860
39866
39874
39880
39887
39893
39901
39907
39915
39921
39929
39935
39943
39949
39957
39963
39971
39977
39985
39990
39998
40004
40012
40020
40026
40034
40040
40048
40054
40062
40068
40076
40082
40090
40096
40104
40110
40118
40124
40132
40138
40146
40152
40160
40166
40174
40180
40188
40194
40202
40208
40216
40222
40230
40236
40244
40250
40258
40264
40272
40278
40287
40293
40301
40307
40315
40321
40329
40335
40343
40349
40357
40363
40371
40377
40385
40391
40399
40405
40413
40419
40427
40433
40441
40447
40455
40461
40469
40475
40483
40489
40497
40503
40511
40517
40525
40531
40539
40545
40553
40560
40568
40574
40582
40588
40596
40602
40610
40616
40624
40630
40638
40644
40652
40658
40666
40672
40680
40686
40694
40700
40708
40714
40722
40728
40736
40742
40750
40756
40764
40770
40778
40784
40792
40798
40806
40812
40820
40826
40834
40840
40848
40854
40862
40869
40877
40883
40891
40897
40905
40911
40919
40925
40933
40939
40947
40953
40961
40967
40975
40982
40989
40997
41003
41011
41017
41025
41031
41039
41045
41053
41059
41067
41073
41081
41087
41095
41102
41109
41117
41123
41131
41137
41145
41151
41159
41165
41173
41179
41187
41193
41201
41207
41215
41222
41229
41237
41243
41251
41257
41265
41271
41279
41285
41293
41299
41307
41313
41321
41327
41335
41342
41349
41357
41363
41371
41377
41385
41391
41399
41405
41413
41419
41427
41433
41441
41447
41455
41462
41468
41476
41482
41490
41496
41504
41510
41517
41523
41531
41537
41545
41551
41559
41565
41573
41578
41586
41592
41600
41606
41614
41620
41628
41634
41641
41647
41655
41661
41669
41675
41683
41689
41697
41702
41710
41716
41724
41730
41738
41744
41752
41758
41765
41771
41779
41785
41793
41799
41807
41813
41821
41826
41834
41840
41848
41854
41862
41868
41876
41882
41889
41895
41903
41909
41917
41923
41931
41937
41945
41950
41958
41964
41972
41978
41986
41992
42000
42006
42013
42019
42027
42033
42041
42047
42055
42061
42069
42074
42082
42088
42096
42102
42110
42116
42124
42130
42137
42143
42151
42157
42165
42171
42179
42185
42193
42200
42206
42214
42219
42227
42233
42240
42246
42254
42259
42267
42273
42281
42286
42294
42300
42307
42313
42321
42326
42334
42340
42348
42353
42361
42367
42374
42380
42388
42393
42401
42407
42414
42420
42428
42434
42441
42447
42455
42460
42468
42474
42481
42487
42495
42501
42508
42514
42522
42527
42535
42541
42548
42554
42562
42568
42574
42582
42588
42595
42601
42609
42614
42622
42628
42635
42641
42649
42655
42662
42668
42676
42681
42689
42695
42702
42708
42716
42722
42729
42735
42743
42748
42756
42762
42769
42775
42783
42788
42796
42802
42810
42815
42823
42829
42836
42842
42850
42855
42863
42869
42877
42882
42890
42896
42903
42909
42917
42922
42930
42936
42943
42949
42957
42963
42970
42976
42984
42989
42997
43003
43010
43016
43024
43030
43037
43043
43050
43056
43064
43069
43077
43083
43090
43096
43104
43109
43117
43123
43130
43136
43144
43149
43157
43163
43170
43176
43184
43189
43197
43203
43210
43216
43224
43229
43237
43242
43250
43256
43263
43269
43277
43282
43290
43296
43303
43309
43317
43322
43330
43336
43343
43349
43357
43362
43370
43376
43383
43389
43397
43402
43410
43416
43423
43429
43436
43442
43450
43455
43463
43469
43476
43482
43490
43495
43503
43509
43516
43522
43530
43535
43543
43549
43556
43562
43570
43575
43583
43589
43596
43602
43610
43615
43623
43629
43636
43642
43649
43655
43663
43668
43676
43682
43689
43695
43703
43708
43716
43722
43729
43735
43743
43748
43756
43762
43769
43775
43783
43788
43796
43802
43809
43815
43822
43828
43835
43841
43848
43854
43861
43867
43875
43880
43888
43893
43901
43906
43914
43919
43927
43933
43940
43946
43953
43959
43966
43972
43979
43985
43993
43998
44006
44011
44019
44024
44032
44037
44045
44051
44058
44064
44071
44077
44084
44090
44097
44103
44111
44116
44124
44129
44137
44142
44150
44155
44163
44169
44176
44182
44189
44195
44202
44208
44215
44221
44229
44234
44242
44247
44255
44260
44268
44274
44281
44287
44294
44300
44307
44313
44320
44326
44334
44339
44347
44352
44360
44365
44373
44378
44386
44392
44399
44405
44412
44418
44425
44431
44438
44444
44452
44457
44465
44470
44478
44483
44491
44496
44504
44510
44517
44523
44530
44536
44543
44549
44556
44562
44569
44575
44583
44589
44596
44602
44610
44616
44623
44629
44637
44643
44651
44656
44664
44670
44678
44683
44691
44697
44705
44711
44718
44724
44732
44738
44745
44751
44759
44765
44773
44778
44786
44792
44800
44805
44813
44819
44827
44833
44840
44846
44854
44860
44867
44873
44881
44887
44895
44900
44908
44914
44922
44927
44935
44941
44949
44954
44962
44968
44976
44982
44989
44995
45003
45009
45016
45022
45030
45036
45044
45049
45057
45063
45071
45076
45084
45090
45098
45104
45111
45117
45125
45131
45138
45144
45152
45158
45166
45171
45179
45185
45193
45198
45206
45212
45220
45226
45233
45239
45247
45253
45260
45266
45273
45279
45287
45293
45300
45306
45314
45320
45327
45333
45341
45347
45354
45360
45368
45374
45382
45387
45395
45401
45409
45414
45422
45428
45436
45441
45449
45455
45463
45469
45476
45482
45490
45496
45503
45509
45517
45523
45530
45536
45544
45550
45558
45563
45571
45577
45585
45590
45598
45604
45612
45617
45625
45631
45639
45645
45652
45658
45666
45672
45679
45685
45693
45699
45706
45712
45720
45726
45734
45739
45747
45753
45761
45766
45774
45780
45788
45793
45801
45807
45815
45820
45828
45834
45842
45848
45855
45861
45869
45875
45882
45888
45896
45902
45909
45915
45923
45929
45937
45942
45950
45956
45964
45969
45977
45983
45991
45996
46004
46010
46018
46024
46031
46037
46045
46051
46058
46064
46071
46077
46085
46091
46099
46105
46113
46119
46127
46133
46141
46147
46155
46161
46168
46174
46182
46188
46196
46202
46210
46216
46224
46230
46238
46244
46252
46258
46266
46271
46279
46285
46293
46299
46307
46313
46321
46327
46335
46341
46349
46355
46363
46369
46376
46382
46390
46396
46404
46410
46418
46424
46432
46438
46446
46452
46460
46466
46474
46479
46487
46493
46501
46507
46515
46521
46529
46535
46543
46549
46557
46563
46571
46576
46584
46590
46598
46604
46612
46618
46626
46632
46640
46646
46654
46660
46668
46674
46681
46687
46695
46701
46709
46715
46723
46729
46737
46743
46751
46757
46765
46771
46779
46784
46792
46799
46805
46812
46818
46825
46831
46839
46844
46852
46857
46865
46871
46878
46884
46891
46897
46905
46910
46918
46923
46931
46937
46944
46950
46957
46963
46971
46976
46984
46989
46997
47002
47010
47016
47023
47029
47036
47042
47050
47055
47063
47068
47076
47082
47089
47095
47102
47108
47116
47121
47129
47134
47142
47148
47155
47161
47168
47174
47182
47187
47195
47200
47208
47213
47221
47227
47234
47240
47247
47253
47261
47266
47274
47279
47287
47293
47300
47306
47313
47319
47327
47332
47340
47345
47353
47359
47366
47372
47379
47385
47392
47398
47406
47411
47419
47424
47432
47438
47445
47451
47458
47464
47472
47477
47485
47490
47498
47504
47511
47517
47524
47530
47538
47543
47551
47558
47564
47571
47577
47585
47590
47598
47603
47611
47617
47624
47630
47637
47643
47651
47656
47664
47669
47677
47683
47690
47696
47703
47709
47717
47722
47730
47736
47743
47749
47756
47762
47770
47775
47783
47788
47796
47802
47809
47815
47822
47828
47836
47841
47849
47854
47862
47868
47875
47881
47889
47894
47902
47907
47915
47921
47928
47934
47941
47947
47955
47960
47968
47973
47981
47987
47994
48000
48007
48013
48021
48026
48034
48039
48047
48053
48060
48066
48074
48079
48087
48092
48100
48106
48113
48119
48126
48132
48140
48145
48153
48158
48166
48172
48179
48185
48192
48198
48206
48211
48219
48225
48232
48238
48245
48251
48259
48264
48272
48277
48285
48291
48298
48304
48311
48317
48324
48330
48337
48343
48350
48356
48363
48369
48376
48382
48390
48395
48403
48408
48416
48421
48429
48434
48442
48447
48455
48461
48468
48474
48481
48487
48494
48500
48507
48513
48520
48526
48534
48539
48547
48552
48560
48565
48573
48578
48586
48591
48599
48605
48612
48618
48625
48631
48638
48644
48651
48657
48664
48670
48678
48683
48691
48696
48704
48709
48717
48722
48730
48735
48743
48749
48756
48762
48769
48775
48782
48788
48795
48801
48808
48814
48822
48827
48835
48840
48848
48853
48861
48866
48874
48880
48887
48893
48900
48906
48913
48919
48926
48932
48939
48945
48953
48958
48966
48971
48979
48984
48992
48997
49005
49010
49018
49024
49031
49037
49044
49050
49057
49063
49070
49076
49083
49089
49097
49102
49110
49115
49123
49128
49136
49143
49149
49157
49162
49170
49176
49184
49189
49197
49203
49210
49216
49224
49230
49237
49243
49251
49256
49264
49270
49278
49283
49291
49297
49304
49310
49318
49324
49331
49337
49345
49351
49358
49364
49372
49377
49385
49391
49399
49404
49412
49418
49425
49431
49439
49445
49452
49458
49466
49471
49479
49485
49493
49498
49506
49512
49519
49525
49533
49539
49546
49552
49560
49566
49573
49579
49587
49592
49600
49606
49614
49619
49627
49633
49640
49646
49654
49660
49667
49673
49681
49686
49694
49700
49708
49713
49721
49727
49734
49740
49748
49754
49761
49767
49775
49781
49788
49794
49802
49807
49815
49821
49829
49834
49842
49848
49855
49861
49869
49875
49882
49888
49896
49901
49909
49915
49923
49928
49936
49942
49949
49955
49962
49968
49976
49982
49990
49995
50003
50009
50017
50023
50030
50036
50044
50050
50058
50063
50071
50077
50085
50091
50098
50104
50112
50118
50126
50131
50139
50145
50153
50159
50167
50172
50180
50186
50194
50200
50207
50213
50221
50227
50235
50240
50248
50254
50262
50268
50275
50281
50289
50295
50303
50308
50316
50322
50330
50336
50343
50349
50357
50363
50371
50377
50384
50390
50398
50404
50412
50417
50425
50431
50439
50445
50452
50458
50466
50472
50480
50485
50493
50499
50507
50513
50520
50526
50534
50540
50548
50553
50561
50567
50575
50581
50589
50594
50602
50608
50616
50622
50629
50635
50643
50649
50657
50662
50670
50676
50684
50690
50697
50703
50711
