10
19
29
38
48
57
67
76
86
95
105
114
124
133
143
152
162
171
181
190
200
209
219
228
238
247
257
266
276
285
295
304
314
323
333
342
352
361
371
380
390
399
409
418
428
437
447
456
466
475
485
494
504
512
522
530
541
549
559
567
578
586
596
604
615
623
633
641
652
660
670
678
688
697
707
715
725
734
744
752
762
771
781
789
799
808
818
826
836
845
855
863
873
881
892
900
910
918
929
937
947
955
966
974
984
992
1003
1011
1021
1029
1040
1048
1058
1066
1076
1085
1095
1103
1113
1122
1132
1142
1151
1162
1171
1181
1190
1201
1210
1221
1229
1240
1249
1260
1268
1279
1288
1299
1308
1318
1327
1338
1347
1357
1366
1377
1386
1397
1405
1416
1425
1436
1444
1455
1464
1475
1484
1494
1503
1514
1523
1533
1542
1553
1562
1573
1581
1592
1601
1612
1620
1631
1640
1651
1660
1670
1679
1690
1699
1710
1718
1729
1738
1749
1757
1768
1777
1788
1797
1807
1816
1827
1836
1846
1855
1866
1875
1886
1894
1904
1912
1923
1931
1941
1950
1960
1968
1979
1987
1997
2006
2016
2024
2035
2043
2054
2062
2072
2081
2091
2099
2110
2118
2128
2137
2147
2155
2166
2174
2184
2193
2203
2212
2222
2230
2241
2249
2259
2268
2278
2286
2297
2305
2315
2324
2334
2342
2353
2361
2372
2380
2390
2399
2409
2417
2428
2436
2446
2455
2465
2473
2484
2492
2502
2511
2521
2530
2540
2548
2559
2567
2577
2586
2596
2604
2615
2623
2633
2642
2652
2660
2671
2679
2690
2698
2708
2718
2726
2736
2745
2755
2763
2774
2782
2792
2800
2811
2819
2829
2838
2848
2856
2866
2875
2885
2893
2904
2912
2922
2930
2941
2949
2959
2968
2978
2986
2996
3005
3015
3023
3034
3042
3052
3060
3071
3079
3089
3098
3108
3116
3126
3135
3145
3153
3164
3172
3182
3190
3201
3209
3219
3228
3238
3246
3256
3265
3275
3283
3294
3302
3312
3321
3331
3339
3349
3358
3368
3376
3387
3395
3405
3413
3424
3432
3443
3451
3461
3470
3480
3489
3499
3507
3518
3526
3537
3545
3555
3564
3574
3583
3593
3601
3612
3620
3631
3639
3649
3658
3668
3677
3687
3695
3706
3714
3725
3733
3743
3752
3762
3771
3781
3789
3800
3808
3819
3827
3838
3846
3856
3865
3875
3884
3894
3902
3913
3921
3932
3940
3950
3959
3969
3978
3988
3996
4007
4015
4026
4034
4044
4053
4063
4072
4082
4091
4102
4110
4121
4130
4140
4149
4160
4168
4179
4188
4198
4207
4218
4226
4237
4246
4256
4265
4276
4284
4295
4304
4314
4323
4334
4342
4353
4362
4372
4381
4392
4400
4411
4420
4430
4439
4450
4458
4469
4478
4488
4497
4508
4516
4527
4536
4546
4555
4566
4574
4585
4594
4604
4613
4624
4632
4643
4652
4662
4671
4681
4689
4699
4707
4717
4726
4736
4744
4754
4762
4773
4781
4791
4799
4809
4818
4828
4836
4846
4854
4864
4873
4883
4891
4901
4909
4920
4928
4938
4946
4956
4965
4975
4983
4993
5001
5011
5020
5030
5038
5048
5056
5067
5075
5085
5093
5103
5112
5122
5130
5140
5148
5158
5167
5177
5185
5195
5203
5214
5222
5232
5240
5250
5259
5269
5277
5287
5295
5305
5314
5324
5332
5342
5350
5361
5369
5379
5387
5397
5406
5416
5425
5435
5444
5455
5463
5474
5483
5493
5502
5513
5521
5532
5541
5551
5560
5571
5579
5590
5599
5609
5618
5629
5637
5648
5657
5667
5676
5686
5695
5706
5714
5725
5734
5744
5753
5764
5772
5783
5792
5802
5811
5822
5830
5841
5850
5860
5869
5880
5888
5899
5908
5918
5927
5937
5946
5957
5965
5976
5985
5995
6004
6015
6023
6034
6044
6053
6064
6072
6083
6092
6103
6111
6122
6131
6142
6150
6161
6170
6180
6189
6200
6209
6219
6228
6239
6248
6258
6267
6278
6287
6297
6306
6317
6325
6336
6345
6356
6364
6375
6384
6395
6403
6414
6423
6434
6442
6453
6462
6472
6481
6492
6501
6511
6520
6531
6540
6550
6559
6570
6580
6588
6598
6606
6617
6625
6635
6643
6654
6662
6672
6680
6691
6699
6709
6717
6728
6736
6746
6754
6764
6773
6783
6791
6801
6810
6820
6828
6838
6847
6857
6865
6875
6884
6894
6902
6912
6922
6930
6940
6948
6958
6967
6977
6985
6995
7003
7013
7022
7032
7040
7050
7058
7069
7077
7087
7095
7105
7113
7124
7132
7142
7150
7160
7169
7179
7187
7197
7205
7215
7224
7234
7242
7252
7260
7271
7279
7289
7297
7307
7315
7326
7334
7344
7352
7362
7371
7381
7390
7401
7409
7420
7429
7440
7448
7459
7468
7479
7487
7498
7507
7518
7526
7537
7546
7557
7565
7576
7585
7596
7604
7615
7624
7635
7643
7654
7663
7674
7682
7693
7702
7713
7721
7732
7741
7752
7760
7771
7780
7791
7799
7810
7819
7830
7838
7849
7858
7869
7877
7888
7897
7908
7916
7927
7936
7947
7955
7966
7975
7985
7993
8003
8012
8022
8030
8040
8049
8059
8067
8077
8086
8096
8104
8114
8123
8133
8141
8152
8160
8170
8178
8189
8197
8207
8215
8226
8234
8244
8252
8263
8271
8281
8290
8300
8308
8318
8327
8337
8345
8355
8364
8374
8382
8392
8401
8411
8419
8430
8438
8448
8456
8467
8475
8485
8493
8504
8512
8522
8530
8541
8549
8559
8568
8578
8586
8596
8605
8615
8623
8633
8642
8652
8660
8670
8679
8689
8697
8708
8716
8726
8734
8745
8753
8763
8771
8782
8790
8800
8808
8819
8827
8837
8846
8856
8864
8874
8883
8893
8903
8911
8921
8929
8939
8947
8958
8966
8976
8984
8994
9002
9012
9021
9031
9039
9049
9057
9067
9076
9086
9094
9104
9112
9122
9130
9141
9149
9159
9167
9177
9185
9196
9204
9214
9222
9232
9240
9250
9259
9269
9277
9287
9297
9306
9317
9325
9336
9345
9355
9364
9375
9383
9394
9403
9413
9422
9433
9441
9452
9461
9471
9480
9491
9499
9510
9519
9529
9538
9549
9557
9568
9577
9587
9596
9607
9615
9626
9635
9645
9654
9665
9673
9684
9693
9703
9712
9723
9731
9742
9751
9761
9770
9781
9789
9800
9809
9819
9828
9838
9847
9857
9866
9877
9885
9896
9904
9915
9924
9934
9943
9954
9962
9973
9981
9992
10001
10011
10020
10031
10039
10050
10058
10069
10078
10088
10097
10108
10116
10127
10135
10146
10155
10165
10174
10185
10193
10204
10212
10223
10232
10242
10251
10262
10270
10281
10289
10300
10309
10319
10328
10339
10347
10358
10368
10377
10388
10396
10407
10416
10427
10435
10446
10455
10465
10474
10485
10494
10504
10513
10524
10532
10543
10552
10563
10571
10582
10591
10601
10610
10621
10630
10640
10649
10660
10668
10679
10688
10699
10707
10718
10727
10737
10746
10757
10766
10776
10785
10796
10804
10815
10824
10835
10843
10854
10863
10873
10882
10893
10902
10912
10921
10932
10940
10951
10960
10971
10979
10990
10999
11010
11018
11029
11038
11048
11057
11068
11077
11087
11096
11107
11115
11126
11135
11146
11154
11165
11174
11184
11193
11204
11213
11223
11232
11243
11251
11261
11269
11279
11288
11298
11306
11317
11325
11335
11344
11354
11362
11373
11381
11391
11400
11410
11418
11429
11437
11447
11456
11466
11474
11485
11493
11503
11512
11522
11530
11541
11549
11559
11568
11578
11586
11596
11605
11615
11623
11634
11642
11652
11661
11671
11679
11690
11698
11708
11717
11727
11735
11746
11754
11764
11773
11783
11791
11802
11810
11820
11829
11839
11847
11858
11866
11876
11885
11895
11903
11914
11922
11932
11940
11951
11959
11969
11978
11988
11996
12007
12015
12025
12034
12044
12052
12063
12071
12081
12090
12100
12108
12119
12127
12137
12146
12156
12164
12174
12182
12192
12200
12211
12219
12229
12237
12247
12255
12266
12274
12284
12292
12302
12310
12321
12329
12339
12347
12357
12365
12376
12384
12394
12402
12412
12420
12430
12439
12449
12457
12467
12475
12485
12494
12504
12512
12522
12530
12540
12549
12559
12567
12577
12585
12595
12604
12614
12622
12632
12640
12650
12658
12669
12677
12687
12695
12705
12713
12724
12732
12742
12750
12760
12768
12779
12787
12797
12805
12815
12823
12834
12842
12852
12860
12870
12878
12888
12897
12907
12915
12925
12935
12944
12955
12963
12974
12983
12994
13002
13013
13022
13032
13041
13052
13061
13071
13080
13091
13100
13110
13119
13130
13138
13149
13158
13169
13177
13188
13197
13208
13216
13227
13236
13246
13255
13266
13275
13285
13294
13305
13313
13324
13333
13344
13352
13363
13372
13383
13391
13402
13411
13421
13430
13441
13450
13460
13469
13480
13489
13499
13508
13519
13527
13538
13547
13558
13566
13577
13586
13596
13605
13616
13625
13635
13644
13655
13664
13674
13683
13693
13702
13713
13721
13732
13741
13752
13760
13771
13780
13790
13799
13810
13819
13829
13838
13849
13857
13868
13877
13888
13896
13907
13916
13926
13935
13946
13955
13965
13974
13985
13993
14004
14013
14024
14032
14043
14052
14062
14071
14082
14091
14101
14110
14121
14129
14140
14149
14160
14168
14179
14188
14198
14207
14218
14227
14237
14246
14257
14265
14276
14285
14296
14304
14315
14324
14335
14343
14354
14363
14373
14383
14391
14401
14409
14419
14427
14437
14445
14456
14464
14474
14482
14492
14500
14510
14518
14529
14537
14547
14555
14565
14573
14583
14591
14601
14610
14620
14628
14638
14646
14656
14664
14674
14683
14693
14701
14711
14719
14729
14737
14747
14755
14766
14774
14784
14792
14802
14810
14820
14828
14839
14847
14857
14865
14875
14883
14893
14901
14911
14921
14930
14941
14949
14960
14969
14979
14988
14999
15007
15018
15027
15037
15046
15057
15065
15076
15085
15095
15104
15115
15123
15134
15143
15153
15162
15173
15181
15192
15201
15211
15220
15231
15239
15250
15259
15269
15278
15289
15297
15308
15318
15326
15336
15345
15355
15363
15374
15382
15392
15401
15411
15419
15430
15438
15448
15457
15467
15475
15486
15494
15504
15512
15523
15531
15541
15550
15560
15568
15579
15587
15597
15606
15616
15624
15635
15643
15653
15662
15672
15680
15690
15699
15709
15717
15728
15736
15746
15755
15765
15773
15784
15792
15802
15811
15821
15829
15840
15848
15858
15867
15877
15885
15895
15904
15914
15922
15933
15941
15951
15960
15970
15978
15989
15997
16007
16016
16026
16034
16045
16053
16063
16071
16082
16090
16100
16109
16119
16127
16138
16146
16156
16165
16175
16183
16193
16201
16211
16219
16229
16237
16248
16256
16266
16274
16284
16292
16302
16311
16321
16329
16339
16347
16357
16365
16376
16384
16394
16402
16412
16420
16430
16439
16449
16457
16467
16475
16485
16493
16504
16512
16522
16530
16540
16548
16558
16567
16577
16585
16595
16603
16613
16622
16632
16640
16650
16658
16668
16676
16687
16695
16705
16713
16723
16731
16741
16750
16760
16768
16778
16786
16796
16804
16815
16823
16833
16841
16851
16859
16869
16878
16888
16896
16906
16914
16924
16932
16942
16950
16960
16969
16979
16987
16997
17005
17015
17024
17034
17042
17052
17060
17070
17079
17089
17097
17107
17115
17125
17134
17144
17152
17162
17170
17180
17189
17199
17207
17217
17225
17235
17244
17254
17262
17272
17280
17290
17299
17309
17317
17327
17335
17345
17354
17364
17372
17382
17390
17400
17409
17419
17427
17437
17445
17455
17464
17474
17482
17492
17500
17510
17519
17529
17537
17547
17555
17565
17574
17584
17592
17602
17610
17620
17629
17639
17647
17657
17665
17675
17684
17694
17702
17712
17720
17730
17739
17749
17757
17767
17775
17785
17794
17804
17812
17822
17832
17840
17850
17859
17869
17877
17887
17896
17906
17914
17924
17933
17943
17951
17961
17970
17980
17988
17998
18007
18017
18025
18035
18044
18054
18062
18072
18081
18091
18099
18110
18118
18128
18136
18147
18155
18165
18173
18184
18192
18202
18210
18221
18229
18239
18247
18258
18266
18276
18284
18295
18303
18313
18322
18331
18341
18351
18359
18369
18377
18387
18395
18406
18414
18424
18432
18442
18450
18460
18469
18479
18487
18497
18505
18515
18524
18534
18542
18552
18560
18570
18578
18589
18597
18607
18615
18625
18633
18644
18652
18662
18670
18680
18688
18698
18707
18717
18725
18736
18744
18755
18763
18774
18782
18793
18801
18812
18820
18831
18839
18850
18858
18869
18877
18888
18896
18907
18915
18926
18934
18945
18953
18964
18972
18983
18991
19002
19010
19021
19029
19040
19048
19058
19067
19077
19086
19096
19105
19115
19124
19134
19143
19153
19162
19172
19181
19191
19200
19210
19219
19229
19238
19248
19257
19267
19276
19286
19295
19305
19314
19324
19333
19343
19352
19362
19371
19381
19390
19400
19408
19419
19427
19437
19445
19456
19464
19475
19483
19494
19502
19513
19521
19532
19540
19551
19559
19570
19578
19589
19597
19607
19616
19626
19635
19645
19654
19664
19673
19683
19692
19702
19711
19721
19730
19740
19749
19759
19767
19778
19786
19797
19805
19816
19824
19835
19843
19854
19862
19873
19881
19892
19900
19911
19919
19929
19938
19948
19957
19967
19976
19986
19995
20005
20014
20024
20033
20043
20052
20062
20071
20081
20089
20100
20108
20119
20127
20138
20146
20157
20165
20176
20184
20195
20203
20213
20222
20233
20241
20252
20261
20272
20280
20291
20300
20311
20319
20330
20339
20350
20358
20369
20378
20389
20397
20408
20417
20428
20436
20447
20456
20466
20475
20486
20495
20505
20514
20525
20534
20544
20553
20564
20573
20583
20592
20603
20612
20622
20631
20642
20651
20661
20670
20681
20690
20700
20709
20720
20728
20739
20748
20759
20767
20778
20787
20797
20805
20816
20824
20835
20843
20854
20862
20872
20881
20891
20900
20910
20919
20929
20938
20948
20956
20967
20975
20986
20994
21005
21013
21024
21032
21042
21051
21061
21070
21080
21089
21099
21108
21118
21126
21137
21145
21156
21164
21175
21183
21193
21202
21212
21222
21231
21242
21250
21261
21270
21281
21289
21300
21309
21320
21328
21339
21348
21359
21367
21378
21387
21398
21406
21417
21426
21437
21445
21456
21465
21475
21484
21495
21504
21514
21523
21534
21543
21553
21562
21573
21582
21592
21601
21612
21621
21631
21640
21651
21660
21670
21679
21690
21699
21709
21718
21729
21737
21748
21757
21768
21776
21787
21796
21807
21815
21826
21835
21846
21854
21865
21874
21884
21892
21903
21911
21921
21930
21940
21948
21959
21967
21977
21986
21996
22004
22015
22023
22033
22042
22052
22060
22071
22079
22089
22098
22108
22116
22127
22135
22146
22154
22164
22173
22183
22191
22202
22210
22220
22229
22239
22247
22258
22266
22276
22285
22295
22303
22314
22322
22332
22341
22351
22359
22370
22378
22389
22399
22407
22417
22425
22435
22444
22454
22462
22472
22480
22491
22499
22509
22517
22527
22536
22546
22554
22564
22572
22583
22591
22601
22609
22619
22628
22638
22646
22656
22664
22675
22683
22693
22701
22711
22720
22730
22738
22748
22756
22767
22775
22785
22793
22803
22811
22822
22830
22840
22848
22858
22867
22877
22885
22895
22903
22914
22922
22932
22940
22950
22960
22968
22978
22986
22997
23005
23015
23023
23034
23042
23052
23060
23070
23079
23089
23097
23107
23116
23126
23134
23144
23152
23163
23171
23181
23189
23200
23208
23218
23226
23236
23245
23255
23263
23273
23282
23292
23300
23310
23318
23329
23337
23347
23355
23366
23374
23384
23392
23402
23411
23421
23429
23439
23448
23458
23466
23476
23484
23495
23503
23513
23521
23532
23540
23550
23558
23568
23577
23587
23597
23605
23615
23623
23633
23641
23652
23660
23670
23678
23688
23696
23706
23715
23725
23733
23743
23751
23761
23770
23780
23788
23798
23806
23816
23824
23835
23843
23853
23861
23871
23879
23890
23898
23908
23916
23926
23934
23944
23953
23963
23971
23981
23989
23999
24008
24018
24026
24036
24044
24054
24062
24073
24081
24091
24099
24109
24117
24127
24136
24146
24155
24166
24174
24185
24194
24204
24213
24224
24232
24243
24251
24262
24271
24281
24290
24301
24309
24320
24329
24339
24348
24358
24367
24378
24386
24397
24406
24416
24425
24436
24444
24455
24463
24474
24483
24493
24502
24513
24521
24532
24541
24551
24560
24571
24579
24590
24598
24609
24618
24628
24637
24648
24656
24667
24676
24686
24695
24705
24714
24724
24732
24742
24751
24761
24769
24780
24788
24798
24807
24817
24825
24836
24844
24854
24863
24873
24881
24892
24900
24910
24919
24929
24937
24948
24956
24966
24975
24985
24993
25004
25012
25022
25031
25041
25049
25059
25068
25078
25086
25097
25105
25115
25124
25134
25142
25153
25161
25171
25180
25190
25198
25209
25217
25227
25235
25245
25253
25263
25271
25281
25290
25300
25308
25318
25326
25336
25344
25354
25363
25373
25381
25391
25399
25409
25417
25428
25436
25446
25454
25464
25472
25482
25490
25501
25509
25519
25527
25537
25545
25555
25564
25574
25582
25592
25600
25610
25618
25628
25637
25647
25655
25665
25673
25683
25691
25702
25710
25720
25728
25738
25746
25756
25764
25775
25783
25793
25801
25811
25819
25829
25838
25848
25856
25866
25874
25884
25892
25902
25911
25921
25929
25939
25947
25957
25965
25975
25984
25994
26002
26012
26020
26030
26038
26049
26057
26067
26075
26085
26093
26103
26111
26121
26129
26140
26148
26158
26166
26177
26185
26195
26203
26213
26222
26232
26240
26250
26259
26269
26277
26287
26296
26306
26314
26324
26333
26342
26352
26360
26370
26379
26389
26397
26407
26416
26426
26434
26444
26453
26462
26472
26480
26490
26499
26509
26517
26527
26536
26546
26554
26564
26573
26582
26592
26600
26610
26619
26629
26637
26647
26656
26666
26676
26685
26695
26704
26714
26723
26733
26742
26752
26761
26771
26780
26790
26799
26809
26818
26829
26837
26848
26856
26867
26875
26886
26894
26905
26913
26924
26932
26943
26951
26962
26971
26981
26990
27000
27009
27019
27028
27038
27047
27057
27066
27076
27085
27095
27104
27114
27123
27134
27142
27153
27161
27172
27180
27191
27199
27210
27218
27229
27237
27247
27255
27266
27274
27284
27293
27303
27312
27322
27330
27341
27349
27360
27368
27378
27387
27397
27406
27416
27424
27435
27443
27454
27462
27472
27481
27491
27500
27510
27518
27529
27537
27548
27556
27566
27575
27585
27594
27604
27612
27623
27631
27642
27650
27660
27669
27679
27688
27698
27708
27717
27727
27736
27746
27755
27765
27774
27784
27793
27803
27812
27822
27831
27841
27850
27861
27869
27880
27888
27899
27907
27918
27926
27937
27945
27956
27964
27975
27983
27994
28003
28013
28022
28032
28041
28051
28060
28070
28079
28089
28098
28108
28117
28127
28136
28146
28155
28166
28174
28185
28193
28204
28212
28223
28231
28242
28250
28261
28269
28280
28288
28299
28308
28318
28327
28337
28346
28356
28365
28375
28384
28394
28403
28413
28422
28432
28441
28451
28459
28469
28477
28488
28496
28506
28514
28524
28533
28543
28551
28561
28569
28580
28588
28598
28606
28616
28625
28635
28643
28653
28662
28672
28680
28690
28698
28709
28717
28727
28735
28745
28754
28764
28772
28782
28790
28801
28809
28819
28827
28838
28846
28856
28864
28874
28883
28893
28901
28911
28919
28930
28938
28948
28956
28966
28975
28985
28993
29003
29011
29022
29030
29040
29048
29059
29067
29077
29085
29095
29104
29114
29122
29132
29140
29151
29159
29169
29177
29187
29196
29206
29214
29224
29233
29243
29251
29261
29269
29280
29290
29298
29309
29317
29328
29336
29347
29355
29365
29374
29384
29393
29403
29412
29422
29431
29441
29449
29460
29468
29479
29487
29498
29506
29517
29525
29535
29544
29554
29563
29573
29582
29592
29601
29611
29619
29630
29638
29649
29657
29668
29676
29686
29695
29705
29714
29724
29733
29743
29752
29762
29770
29781
29789
29800
29808
29819
29827
29838
29846
29856
29865
29875
29884
29894
29903
29913
29922
29932
29940
29951
29959
29970
29978
29989
29997
30007
30016
30026
30035
30045
30054
30064
30073
30083
30091
30102
30110
30121
30131
30140
30150
30159
30169
30178
30188
30197
30207
30216
30227
30235
30246
30254
30265
30273
30284
30292
30303
30311
30322
30331
30341
30350
30360
30369
30379
30388
30398
30407
30417
30426
30437
30445
30456
30464
30475
30483
30494
30502
30513
30521
30532
30541
30551
30560
30570
30579
30589
30598
30608
30617
30627
30636
30647
30655
30666
30674
30685
30693
30704
30712
30723
30731
30742
30751
30761
30769
30779
30787
30798
30806
30816
30824
30835
30843
30853
30861
30872
30880
30890
30898
30909
30917
30927
30935
30946
30954
30964
30972
30983
30991
31001
31009
31020
31028
31038
31046
31057
31065
31075
31083
31094
31102
31112
31120
31131
31139
31149
31157
31168
31176
31186
31194
31205
31213
31223
31231
31241
31250
31260
31268
31278
31287
31297
31305
31315
31324
31334
31342
31352
31361
31371
31379
31389
31398
31408
31416
31426
31435
31445
31453
31463
31472
31482
31490
31500
31508
31518
31526
31536
31545
31555
31563
31573
31581
31591
31600
31610
31618
31628
31636
31646
31655
31665
31673
31683
31691
31702
31710
31720
31728
31738
31746
31757
31765
31775
31783
31793
31801
31812
31820
31830
31838
31848
31856
31867
31875
31885
31893
31903
31912
31922
31930
31940
31948
31958
31967
31977
31985
31995
32005
32013
32023
32031
32041
32049
32059
32068
32078
32086
32096
32104
32114
32122
32132
32141
32151
32159
32169
32177
32187
32195
32205
32214
32224
32232
32242
32250
32260
32268
32278
32287
32297
32305
32315
32323
32333
32341
32351
32359
32369
32378
32388
32396
32406
32415
32425
32433
32443
32452
32462
32470
32480
32489
32499
32507
32518
32526
32536
32544
32555
32563
32573
32581
32592
32600
32610
32618
32629
32637
32647
32656
32666
32674
32684
32693
32703
32711
32721
32730
32740
32748
32759
32767
32778
32786
32796
32805
32815
32824
32834
32843
32853
32861
32872
32880
32891
32899
32910
32918
32928
32937
32947
32956
32966
32975
32985
32993
33004
33012
33023
33031
33042
33050
33060
33069
33079
33088
33098
33107
33117
33125
33136
33144
33155
33163
33174
33182
33192
33201
33211
33220
33230
33239
33249
33257
33268
33276
33287
33295
33306
33314
33324
33333
33343
33352
33362
33371
33381
33389
33400
33408
33419
33427
33437
33446
33456
33465
33475
33484
33494
33502
33513
33521
33532
33540
33551
33559
33569
33577
33588
33596
33607
33615
33626
33634
33645
33653
33664
33672
33683
33691
33702
33710
33721
33729
33740
33748
33759
33767
33778
33786
33797
33805
33816
33824
33835
33843
33854
33862
33873
33881
33892
33900
33910
33919
33929
33938
33948
33957
33967
33976
33986
33995
34005
34014
34024
34033
34043
34052
34062
34071
34081
34090
34100
34109
34119
34128
34138
34147
34157
34166
34176
34185
34195
34204
34214
34223
34233
34242
34252
34260
34271
34279
34290
34298
34309
34317
34328
34336
34347
34355
34366
34374
34385
34393
34404
34414
34423
34434
34442
34453
34462
34473
34481
34492
34501
34511
34520
34531
34540
34550
34559
34570
34579
34589
34598
34609
34617
34628
34637
34648
34656
34667
34676
34687
34695
34706
34715
34725
34734
34745
34754
34764
34773
34784
34794
34802
34813
34821
34831
34840
34850
34859
34869
34877
34888
34896
34906
34915
34925
34934
34944
34952
34963
34971
34982
34990
35000
35009
35019
35027
35038
35046
35057
35065
35075
35084
35094
35102
35113
35121
35132
35140
35150
35159
35169
35178
35188
35196
35207
35215
35225
35234
35244
35253
35263
35272
35282
35291
35301
35310
35321
35329
35340
35348
35359
35367
35378
35386
35397
35406
35416
35425
35435
35444
35454
35463
35474
35482
35493
35501
35512
35520
35531
35539
35550
35559
35569
35578
35588
35597
35607
35616
35627
35635
35646
35654
35665
35673
35684
35692
35703
35713
35722
35733
35741
35752
35761
35772
35780
35791
35800
35810
35819
35830
35839
35849
35858
35869
35877
35888
35897
35908
35916
35927
35936
35946
35955
35966
35975
35985
35994
36005
36013
36024
36033
36044
36052
36063
36072
36082
36091
36102
36111
36121
36130
36141
36149
36160
36169
36180
36188
36199
36208
36218
36228
36237
36247
36256
36267
36275
36286
36295
36305
36314
36325
36333
36344
36353
36363
36372
36383
36391
36402
36411
36421
36430
36441
36449
36460
36469
36479
36488
36499
36507
36518
36527
36537
36546
36557
36565
36576
36585
36595
36604
36615
36623
36634
36643
36653
36662
36673
36683
36691
36701
36709
36719
36728
36738
36746
36756
36764
36774
36783
36793
36801
36811
36819
36830
36838
36848
36856
36866
36874
36885
36893
36903
36911
36921
36930
36940
36948
36958
36966
36976
36985
36995
37003
37013
37021
37032
37040
37050
37058
37068
37076
37087
37095
37105
37113
37123
37132
37142
37150
37160
37168
37178
37187
37197
37206
37216
37225
37235
37244
37255
37263
37274
37282
37293
37301
37312
37321
37331
37340
37350
37359
37369
37378
37389
37397
37408
37416
37427
37435
37446
37455
37465
37474
37484
37493
37503
37512
37523
37531
37542
37550
37561
37569
37580
37589
37599
37608
37618
37627
37637
37646
37657
37665
37676
37684
37695
37703
37714
37723
37733
37742
37752
37761
37771
37780
37791
37799
37810
37818
37829
37837
37848
37856
37866
37874
37885
37893
37904
37912
37922
37931
37941
37950
37960
37969
37979
37987
37998
38006
38017
38025
38036
38044
38054
38063
38073
38082
38092
38101
38111
38119
38130
38138
38149
38157
38168
38176
38186
38195
38205
38214
38224
38233
38243
38251
38262
38270
38281
38289
38300
38308
38318
38327
38337
38346
38356
38365
38375
38383
38394
38402
38413
38421
38432
38440
38450
38459
38469
38478
38488
38497
38507
38517
38526
38536
38545
38556
38564
38575
38583
38594
38603
38613
38622
38632
38641
38652
38660
38671
38679
38690
38699
38709
38718
38728
38737
38748
38756
38767
38776
38786
38795
38805
38814
38825
38833
38844
38852
38863
38872
38882
38891
38901
38910
38921
38929
38940
38948
38959
38968
38978
38987
38997
39006
39017
39025
39036
39045
39055
39064
39074
39083
39094
39102
39113
39121
39132
39141
39151
39160
39170
39179
39189
39198
39208
39217
39227
39236
39246
39255
39265
39274
39284
39293
39303
39312
39322
39331
39341
39350
39360
39369
39379
39388
39398
39407
39417
39426
39436
39445
39455
39464
39474
39483
39493
39502
39512
39521
39531
39540
39550
39559
39569
39578
39588
39597
39607
39616
39626
39635
39645
39654
39664
39673
39683
39692
39702
39711
39721
39730
39740
39749
39759
39768
39778
39787
39797
39806
39816
39825
39835
39844
39855
39863
39874
39882
39893
39902
39912
39921
39931
39940
39951
39959
39970
39979
39989
39998
40008
40017
40028
40036
40047
40056
40065
40076
40084
40095
40104
40114
40123
40133
40142
40153
40161
40172
40181
40191
40199
40209
40217
40227
40235
40245
40254
40264
40272
40282
40290
40300
40308
40318
40327
40337
40345
40355
40363
40373
40381
40391
40400
40410
40418
40428
40436
40446
40454
40464
40473
40483
40491
40501
40509
40519
40527
40537
40546
40556
40564
40574
40582
40592
40600
40610
40619
40629
40637
40647
40655
40665
40673
40683
40692
40702
40710
40720
40728
40738
40746
40756
40765
40775
40783
40793
40801
40811
40819
40829
40839
40847
40857
40865
40875
40883
40894
40902
40912
40920
40930
40938
40948
40957
40967
40975
40985
40993
41003
41012
41022
41030
41040
41048
41058
41066
41077
41085
41095
41103
41113
41121
41132
41140
41150
41158
41168
41176
41186
41195
41205
41213
41223
41231
41241
41250
41260
41268
41278
41286
41296
41304
41315
41323
41333
41341
41351
41359
41370
41378
41388
41396
41406
41414
41424
41433
41443
41451
41461
41469
41479
41488
41498
41506
41516
41524
41534
41542
41553
41561
41571
41579
41589
41597
41608
41616
41626
41634
41644
41652
41662
41671
41681
41689
41699
41709
41718
41729
41738
41749
41757
41768
41777
41788
41797
41807
41816
41827
41836
41847
41855
41866
41875
41886
41895
41905
41914
41925
41934
41945
41953
41964
41973
41984
41993
42003
42012
42023
42032
42043
42051
42062
42071
42082
42091
42101
42110
42121
42130
42141
42149
42160
42169
42180
42189
42199
42208
42219
42228
42239
42248
42258
42267
42278
42287
42298
42306
42317
42326
42337
42346
42356
42365
42376
42385
42396
42404
42415
42424
42435
42444
42454
42463
42474
42483
42494
42502
42513
42522
42533
42542
42552
42561
42572
42581
42592
42602
42611
42621
42630
42640
42649
42659
42668
42678
42687
42697
42706
42716
42725
42735
42744
42754
42763
42773
42782
42792
42801
42811
42820
42830
42839
42849
42858
42868
42877
42887
42896
42906
42915
42925
42934
42944
42953
42963
42972
42982
42991
43001
43010
43020
43029
43039
43048
43058
43067
43077
43086
43096
43105
43115
43124
43134
43143
43153
43162
43172
43181
43191
43200
43210
43219
43229
43238
43248
43257
43267
43276
43286
43295
43305
43314
43324
43333
43343
43352
43362
43372
43380
43391
43399
43409
43418
43428
43436
43447
43455
43465
43474
43484
43492
43503
43511
43521
43530
43540
43548
43559
43567
43577
43586
43596
43604
43615
43623
43633
43642
43652
43660
43671
43679
43689
43698
43708
43716
43727
43735
43745
43754
43764
43772
43783
43791
43801
43810
43820
43828
43839
43847
43857
43866
43876
43884
43895
43903
43913
43922
43932
43940
43951
43959
43970
43978
43988
43997
44007
44015
44026
44034
44044
44053
44063
44071
44082
44090
44100
44109
44119
44127
44138
44146
44156
44165
44175
44183
44194
44202
44212
44221
44231
44239
44250
44260
44268
44279
44287
44297
44306
44316
44325
44334
44344
44353
44363
44371
44382
44390
44400
44409
44419
44428
44438
44446
44457
44465
44475
44484
44494
44503
44513
44521
44532
44540
44550
44559
44569
44578
44588
44596
44607
44615
44625
44634
44644
44653
44663
44671
44682
44690
44700
44709
44719
44728
44738
44746
44757
44765
44775
44784
44794
44803
44813
44821
44832
44840
44850
44859
44869
44878
44888
44896
44907
44915
44925
44934
44944
44952
44963
44971
44981
44990
45000
45008
45019
45027
45037
45046
45056
45064
45075
45083
45093
45102
45112
45120
45131
45139
45149
45158
45168
45176
45187
45195
45205
45214
45224
45232
45243
45251
45261
45270
45280
45288
45299
45307
45317
45326
45336
45344
45355
45363
45373
45382
45392
45400
45411
45419
45429
45438
45448
45456
45467
45475
45486
45494
45504
45513
45523
45531
45542
45550
45560
45569
45579
45589
45597
45608
45616
45627
45635
45645
45654
45664
45673
45683
45692
45702
45710
45721
45729
45740
45748
45759
45767
45777
45786
45796
45805
45815
45824
45834
45842
45853
45861
45872
45880
45891
45899
45909
45918
45928
45937
45947
45956
45966
45974
45985
45993
46004
46012
46023
46031
46041
46050
46060
46069
46079
46088
46098
46106
46117
46125
46136
46144
46155
46163
46173
46182
46192
46201
46211
46220
46230
46238
46249
46257
46268
46276
46286
46295
46305
46314
46324
46333
46343
46351
46362
46370
46381
46389
46400
46408
46418
46427
46437
46447
46456
46466
46475
46485
46494
46504
46513
46523
46532
46542
46551
46561
46570
46580
46589
46599
46608
46618
46627
46637
46646
46656
46665
46675
46684
46694
46703
46713
46722
46732
46741
46751
46760
46770
46779
46789
46798
46808
46817
46827
46836
46846
46855
46865
46874
46884
46893
46903
46912
46922
46931
46941
46950
46960
46969
46979
46988
46998
47007
47017
47026
47036
47045
47055
47064
47074
47083
47093
47102
47112
47121
47131
47140
47150
47159
47169
47178
47188
47197
47207
47216
47226
47235
47245
47254
47264
47273
47283
47292
47302
47311
47321
47330
47340
47349
47359
47368
47378
47387
47397
47406
47417
47425
47436
47444
47455
47463
47474
47483
47493
47502
47512
47521
47531
47540
47551
47559
47570
47578
47589
47597
47608
47617
47627
47636
47646
47655
47665
47674
47685
47693
47704
47712
47723
47731
47742
47751
47761
47770
47780
47789
47799
47808
47819
47827
47838
47846
47857
47865
47876
47885
47895
47904
47914
47923
47933
47942
47953
47961
47972
47980
47991
47999
48010
48018
48029
48038
48048
48057
48067
48076
48086
48095
48106
48114
48125
48133
48144
48152
48163
48172
48182
48191
48201
48211
48219
48230
48238
48249
48257
48268
48276
48286
48295
48305
48314
48324
48333
48343
48351
48362
48370
48381
48389
48400
48408
48418
48427
48437
48446
48456
48465
48475
48484
48494
48502
48513
48521
48532
48540
48551
48559
48569
48578
48588
48598
48607
48618
48627
48637
48646
48657
48666
48676
48685
48696
48705
48715
48724
48735
48744
48754
48763
48774
48783
48794
48802
48813
48822
48833
48841
48852
48861
48872
48880
48891
48900
48911
48919
48930
48939
48950
48959
48969
48978
48988
48996
49006
49015
49025
49033
49044
49052
49062
49071
49081
49089
49100
49108
49118
49127
49137
49145
49156
49164
49174
49183
49193
49201
49212
49220
49230
49239
49249
49257
49268
49276
49286
49295
49305
49313
49323
49332
49342
49350
49361
49369
49379
49388
49398
49406
49417
49425
49435
49444
49454
49462
49473
49481
49491
49500
49510
49518
49529
49537
49547
49556
49566
49574
49585
49593
49603
49612
49622
49630
49641
49649
49659
49667
49678
49686
49696
49705
49715
49723
49734
49742
49752
49761
49771
49779
49790
49798
49808
49817
49827
49835
49846
49854
49864
49873
49883
49891
49901
49909
49919
49927
49938
49946
49956
49964
49974
49983
49993
50001
50011
50019
50030
50038
50048
50056
50066
50075
50085
50093
50103
50111
50122
50130
50140
50148
50158
50167
50177
50185
50195
50203
50214
50222
50232
50240
50250
50259
50269
50277
50287
50295
50306
50314
50324
50332
50342
50351
50361
50369
50379
50387
50398
