16
30
47
61
77
92
108
122
139
153
170
184
200
215
231
245
262
276
292
307
323
338
354
368
385
399
415
430
446
460
477
491
508
522
538
553
569
583
593
601
611
619
629
637
647
655
665
673
684
692
702
710
720
728
738
746
756
764
775
783
793
801
811
819
829
837
847
855
866
874
884
892
902
910
920
928
938
946
957
965
975
983
993
1001
1011
1019
1029
1037
1047
1056
1066
1074
1084
1092
1102
1110
1120
1129
1139
1148
1159
1167
1178
1186
1197
1206
1216
1225
1235
1244
1255
1263
1274
1283
1293
1302
1312
1321
1332
1340
1351
1360
1369
1380
1388
1399
1408
1418
1427
1437
1446
1457
1465
1476
1485
1494
1505
1513
1524
1533
1543
1552
1562
1571
1582
1590
1601
1610
1619
1630
1638
1649
1660
1669
1680
1689
1701
1710
1721
1730
1742
1751
1762
1771
1782
1792
1803
1812
1823
1833
1844
1853
1864
1874
1885
1894
1905
1914
1926
1935
1946
1955
1967
1976
1987
1996
2008
2017
2028
2037
2048
2058
2069
2078
2089
2099
2110
2119
2130
2140
2151
2160
2171
2180
2192
2201
2212
2220
2227
2236
2242
2251
2258
2266
2273
2282
2288
2297
2304
2312
2319
2328
2334
2343
2350
2358
2365
2374
2381
2389
2396
2405
2411
2420
2427
2435
2442
2451
2457
2466
2473
2481
2488
2497
2503
2512
2519
2527
2534
2543
2550
2558
2565
2574
2580
2589
2596
2604
2611
2620
2626
2635
2642
2650
2657
2666
2672
2681
2688
2696
2703
2712
2719
2727
2734
2743
2749
2758
2765
2773
2780
2789
2797
2807
2815
2825
2833
2843
2851
2861
2869
2879
2887
2897
2905
2915
2923
2933
2941
2951
2959
2969
2977
2987
2995
3005
3013
3023
3031
3041
3049
3059
3067
3077
3085
3095
3103
3113
3121
3131
3139
3148
3156
3166
3174
3184
3192
3202
3210
3220
3228
3238
3246
3256
3264
3274
3282
3292
3300
3309
3316
3325
3332
3341
3348
3357
3364
3373
3380
3389
3396
3405
3412
3421
3428
3437
3444
3453
3460
3469
3476
3485
3492
3501
3508
3517
3524
3533
3540
3549
3556
3565
3572
3581
3588
3597
3604
3613
3620
3629
3636
3645
3652
3661
3668
3678
3685
3694
3701
3710
3717
3726
3733
3742
3749
3758
3765
3774
3781
3790
3797
3806
3813
3822
3829
3838
3845
3854
3864
3872
3882
3890
3900
3908
3918
3926
3936
3945
3955
3963
3973
3981
3991
3999
4009
4017
4027
4036
4046
4054
4064
4072
4082
4090
4100
4108
4119
4127
4137
4145
4155
4163
4173
4181
4191
4199
4210
4218
4228
4236
4246
4254
4264
4272
4282
4291
4301
4309
4319
4327
4337
4345
4355
4363
4373
4382
4392
4400
4410
4418
4429
4439
4451
4461
4473
4483
4495
4505
4517
4527
4539
4549
4561
4571
4583
4593
4605
4615
4627
4637
4649
4659
4671
4681
4693
4703
4715
4725
4737
4747
4759
4769
4781
4791
4803
4813
4825
4835
4847
4857
4869
4879
4891
4901
4913
4923
4935
4945
4957
4967
4979
4987
4993
5002
5008
5016
5023
5031
5038
5046
5052
5061
5067
5075
5082
5090
5097
5105
5111
5120
5126
5135
5141
5149
5156
5164
5171
5178
5186
5193
5201
5207
5216
5222
5231
5237
5245
5252
5260
5267
5274
5282
5289
5297
5303
5312
5318
5327
5333
5341
5348
5356
5363
5370
5378
5385
5393
5399
5408
5414
5423
5429
5437
5444
5452
5459
5466
5474
5481
5489
5495
5502
5508
5516
5522
5530
5536
5544
5550
5558
5564
5572
5578
5586
5592
5600
5606
5614
5620
5628
5634
5642
5648
5656
5662
5670
5676
5684
5690
5698
5704
5712
5718
5726
5732
5740
5746
5753
5759
5767
5773
5781
5787
5795
5801
5809
5815
5823
5829
5837
5843
5851
5857
5865
5871
5879
5885
5893
5899
5907
5913
5921
5927
5935
5941
5949
5955
5963
5969
5977
5983
5991
5997
6005
6010
6018
6024
6032
6038
6046
6052
6060
6066
6075
6083
6093
6101
6111
6119
6129
6137
6147
6155
6165
6173
6183
6191
6199
6209
6217
6227
6235
6245
6253
6263
6271
6281
6289
6299
6307
6316
6324
6334
6342
6352
6360
6370
6378
6388
6396
6406
6414
6424
6432
6441
6449
6459
6467
6477
6485
6495
6503
6513
6521
6531
6539
6549
6557
6566
6574
6584
6592
6602
6610
6620
6628
6638
6650
6660
6672
6682
6694
6704
6716
6726
6738
6748
6760
6770
6782
6792
6804
6814
6826
6836
6848
6858
6870
6880
6892
6902
6914
6924
6936
6946
6958
6968
6980
6990
7002
7013
7024
7036
7046
7058
7068
7080
7090
7102
7112
7124
7134
7146
7156
7168
7178
7192
7205
7220
7232
7247
7260
7274
7287
7302
7314
7329
7342
7356
7369
7384
7396
7411
7424
7438
7451
7466
7478
7493
7506
7520
7533
7548
7560
7575
7588
7602
7615
7630
7642
7657
7670
7684
7697
7712
7724
7739
7754
7768
7783
7797
7812
7826
7841
7855
7871
7884
7900
7913
7929
7942
7958
7972
7987
8001
8016
8030
8045
8059
8074
8088
8104
8117
8133
8146
8162
8175
8191
8205
8220
8234
8249
8263
8271
8278
8286
8293
8302
8308
8317
8323
8332
8339
8347
8354
8362
8369
8378
8384
8393
8400
8408
8415
8423
8430
8439
8445
8454
8460
8469
8476
8484
8491
8500
8506
8515
8521
8530
8537
8545
8552
8560
8567
8576
8582
8591
8598
8606
8613
8621
8628
8637
8643
8652
8658
8667
8674
8682
8689
8698
8704
8713
8719
8728
8735
8743
8750
8758
8765
8774
8780
8789
8795
8804
8811
8822
8832
8844
8854
8866
8875
8887
8897
8909
8919
8930
8940
8952
8962
8974
8983
8995
9005
9017
9027
9038
9048
9060
9070
9082
9091
9103
9113
9125
9135
9146
9156
9168
9178
9190
9199
9211
9221
9233
9243
9254
9264
9276
9286
9298
9307
9319
9329
9341
9349
9356
9365
9371
9380
9387
9396
9402
9411
9418
9427
9433
9442
9449
9457
9464
9473
9480
9488
9495
9504
9511
9519
9526
9535
9542
9550
9557
9566
9572
9581
9588
9597
9603
9612
9619
9628
9634
9643
9650
9659
9665
9674
9681
9689
9696
9705
9712
9720
9727
9736
9743
9751
9758
9767
9773
9782
9789
9798
9804
9813
9820
9829
9835
9844
9851
9860
9866
9879
9891
9903
9916
9928
9941
9953
9966
9978
9991
10003
10016
10028
10041
10053
10066
10078
10091
10103
10116
10128
10141
10153
10166
10178
10191
10203
10216
10228
10241
10253
10266
10278
10291
10303
10316
10328
10341
10353
10366
10378
10391
10403
10412
10419
10428
10435
10444
10451
10461
10468
10477
10484
10493
10500
10510
10517
10526
10533
10542
10549
10559
10566
10575
10582
10591
10598
10608
10615
10624
10631
10640
10647
10657
10664
10673
10680
10689
10696
10706
10713
10722
10729
10738
10745
10755
10762
10771
10778
10787
10794
10803
10811
10820
10827
10836
10843
10852
10860
10869
10876
10885
10892
10901
10909
10918
10925
10934
10947
10959
10972
10984
10997
11009
11022
11034
11047
11059
11073
11084
11098
11109
11123
11134
11148
11159
11173
11185
11198
11210
11223
11235
11248
11260
11273
11285
11299
11310
11324
11335
11349
11360
11374
11385
11399
11410
11424
11436
11449
11461
11474
11486
11501
11514
11529
11543
11558
11571
11586
11600
11615
11628
11643
11657
11672
11685
11701
11714
11729
11742
11758
11771
11786
11799
11815
11828
11843
11856
11872
11885
11900
11914
11929
11942
11957
11971
11986
11999
12014
12023
12030
12039
12046
12055
12063
12072
12079
12088
12095
12104
12112
12121
12128
12137
12144
12153
12161
12170
12177
12186
12193
12202
12210
12219
12226
12235
12242
12251
12259
12268
12275
12284
12291
12300
12308
12317
12324
12333
12340
12349
12357
12366
12373
12382
12389
12398
12406
12415
12422
12431
12438
12447
12455
12464
12471
12480
12487
12496
12504
12513
12520
12529
12536
12545
12553
12562
12569
12578
12585
12597
12608
12621
12632
12645
12656
12669
12680
12693
12704
12717
12728
12741
12752
12765
12776
12789
12800
12813
12824
12837
12848
12861
12872
12885
12896
12909
12919
12932
12943
12956
12967
12980
12991
13004
13015
13028
13039
13052
13063
13076
13087
13100
13111
13124
13136
13150
13162
13176
13188
13202
13214
13228
13240
13254
13266
13280
13292
13306
13318
13332
13344
13357
13369
13383
13395
13409
13421
13435
13447
13461
13473
13487
13499
13513
13525
13539
13551
13565
13577
13590
13602
13616
13628
13642
13654
13664
13672
13682
13690
13700
13708
13718
13726
13736
13744
13754
13762
13772
13780
13790
13798
13808
13816
13826
13834
13844
13852
13862
13871
13881
13889
13899
13907
13917
13925
13935
13943
13953
13961
13971
13979
13989
13997
14007
14015
14025
14033
14043
14051
14061
14069
14080
14088
14098
14106
14116
14124
14134
14142
14152
14160
14170
14178
14188
14196
14206
14214
14224
14237
14249
14263
14274
14288
14300
14313
14325
14339
14350
14364
14376
14389
14401
14415
14426
14440
14452
14465
14477
14491
14502
14516
14528
14541
14553
14567
14578
14592
14604
14617
14629
14643
14654
14668
14680
14693
14705
14719
14730
14744
14756
14769
14781
14795
14804
14812
14821
14829
14838
14846
14856
14863
14873
14880
14890
14898
14907
14915
14924
14932
14942
14949
14959
14966
14976
14984
14993
15001
15010
15018
15028
15035
15045
15052
15062
15070
15079
15087
15096
15104
15114
15121
15131
15138
15148
15156
15165
15173
15182
15190
15200
15207
15217
15224
15234
15241
15251
15259
15268
15276
15285
15293
15303
15310
15320
15327
15337
15345
15354
15367
15378
15391
15402
15415
15426
15439
15450
15463
15474
15487
15498
15511
15522
15535
15546
15559
15570
15583
15594
15608
15619
15632
15643
15656
15667
15680
15691
15704
15715
15728
15739
15752
15763
15776
15787
15800
15811
15824
15835
15848
15860
15873
15884
15897
15908
15921
15929
15936
15945
15952
15961
15968
15977
15984
15993
16000
16008
16015
16024
16031
16040
16047
16056
16063
16072
16079
16088
16094
16103
16110
16119
16126
16135
16142
16151
16158
16167
16173
16182
16189
16198
16205
16214
16221
16230
16237
16246
16253
16261
16268
16277
16284
16293
16300
16309
16316
16325
16332
16340
16347
16356
16363
16372
16379
16388
16395
16404
16411
16420
16426
16435
16442
16451
16458
16467
16474
16483
16490
16498
16504
16512
16518
16526
16532
16540
16546
16554
16560
16568
16574
16582
16588
16596
16602
16610
16616
16624
16630
16638
16644
16652
16658
16666
16672
16680
16686
16694
16700
16708
16714
16722
16728
16736
16742
16750
16756
16765
16771
16779
16785
16793
16799
16807
16813
16821
16827
16835
16841
16849
16855
16863
16869
16877
16883
16891
16897
16905
16911
16919
16925
16933
16939
16947
16953
16961
16967
16975
16981
16989
16995
17003
17012
17019
17029
17036
17046
17053
17063
17070
17080
17087
17097
17104
17114
17121
17130
17138
17147
17155
17164
17172
17181
17189
17198
17206
17215
17223
17232
17239
17249
17256
17266
17273
17283
17290
17300
17307
17317
17324
17334
17341
17350
17358
17367
17375
17384
17392
17401
17409
17418
17426
17435
17443
17452
17459
17469
17476
17486
17493
17503
17510
17520
17527
17537
17544
17552
17558
17566
17573
17581
17587
17596
17602
17610
17616
17625
17631
17639
17646
17654
17660
17668
17675
17683
17689
17698
17704
17712
17718
17727
17733
17741
17748
17756
17762
17771
17777
17785
17791
17800
17806
17814
17821
17829
17835
17843
17850
17858
17864
17873
17879
17887
17893
17902
17908
17916
17923
17931
17937
17945
17952
17960
17966
17975
17981
17989
17996
18004
18010
18018
18025
18033
18039
18048
18054
18062
18070
18077
18086
18093
18102
18109
18118
18125
18134
18141
18150
18157
18165
18172
18181
18188
18197
18204
18213
18220
18229
18236
18245
18252
18261
18267
18276
18283
18292
18299
18308
18315
18324
18331
18340
18347
18356
18362
18371
18378
18387
18394
18403
18410
18419
18426
18435
18442
18451
18458
18466
18473
18482
18489
18498
18505
18514
18521
18530
18537
18546
18553
18562
18568
18577
18584
18593
18600
18608
18614
18623
18629
18637
18644
18652
18658
18667
18673
18681
18688
18696
18702
18711
18717
18725
18732
18740
18746
18755
18761
18770
18776
18784
18791
18799
18805
18814
18820
18828
18835
18843
18849
18858
18864
18872
18879
18887
18893
18902
18908
18916
18923
18931
18938
18946
18952
18961
18967
18975
18982
18990
18996
19005
19011
19019
19026
19034
19040
19049
19055
19063
19070
19078
19084
19093
19099
19108
19114
19122
19132
19141
19152
19161
19172
19180
19191
19200
19211
19220
19231
19239
19250
19259
19270
19279
19289
19298
19309
19318
19329
19338
19348
19357
19368
19377
19388
19396
19407
19416
19427
19436
19447
19455
19466
19475
19486
19495
19505
19514
19525
19534
19545
19554
19564
19573
19584
19593
19604
19612
19623
19632
19643
19652
19661
19668
19678
19685
19694
19702
19711
19718
19728
19735
19744
19752
19761
19768
19778
19785
19794
19802
19811
19818
19828
19835
19844
19852
19861
19868
19878
19885
19894
19902
19911
19918
19928
19935
19944
19952
19961
19968
19978
19985
19994
20002
20011
20018
20028
20035
20044
20052
20061
20068
20078
20085
20094
20102
20111
20118
20128
20135
20145
20152
20161
20169
20178
20189
20198
20209
20218
20230
20239
20250
20259
20271
20280
20291
20300
20311
20321
20332
20341
20352
20362
20373
20382
20393
20403
20414
20423
20434
20443
20455
20464
20475
20484
20496
20505
20516
20525
20537
20546
20557
20566
20577
20587
20598
20607
20618
20628
20639
20648
20659
20669
20680
20689
20700
20709
20721
20730
20741
20750
20763
20775
20789
20800
20814
20826
20839
20851
20865
20876
20890
20902
20916
20927
20941
20953
20966
20978
20992
21003
21017
21029
21043
21054
21068
21080
21093
21105
21119
21130
21144
21156
21170
21181
21195
21207
21220
21232
21246
21257
21271
21286
21299
21314
21328
21343
21356
21371
21385
21400
21413
21428
21442
21457
21470
21485
21499
21514
21527
21542
21556
21571
21584
21599
21613
21628
21641
21656
21670
21685
21698
21713
21727
21742
21755
21770
21784
21799
21812
21827
21841
21856
21870
21886
21900
21915
21929
21945
21959
21975
21988
22004
22018
22034
22047
22063
22077
22093
22107
22122
22136
22152
22166
22181
22195
22211
22225
22241
22254
22270
22284
22300
22313
22329
22343
22359
22373
22388
22402
22418
22431
22442
22456
22467
22481
22492
22506
22517
22531
22542
22555
22567
22580
22592
22605
22617
22630
22642
22655
22666
22680
22691
22705
22716
22730
22741
22755
22766
22779
22791
22804
22816
22829
22841
22854
22866
22879
22891
22904
22915
22929
22940
22954
22965
22979
22986
22992
23000
23006
23014
23019
23027
23033
23041
23047
23055
23060
23068
23074
23082
23088
23095
23101
23109
23115
23123
23129
23136
23142
23150
23156
23164
23170
23177
23183
23191
23197
23205
23210
23218
23224
23232
23238
23246
23251
23259
23265
23273
23279
23286
23292
23300
23306
23314
23320
23327
23333
23341
23347
23355
23361
23368
23374
23382
23388
23396
23401
23409
23415
23423
23429
23437
23442
23450
23456
23464
23470
23478
23483
23491
23497
23505
23511
23519
23525
23533
23540
23548
23554
23562
23568
23577
23583
23591
23597
23605
23611
23620
23626
23634
23640
23648
23655
23663
23669
23677
23683
23692
23698
23706
23712
23720
23726
23735
23741
23749
23755
23763
23770
23778
23784
23792
23798
23806
23813
23821
23827
23835
23841
23850
23856
23864
23870
23878
23885
23893
23899
23907
23913
23921
23928
23936
23942
23950
23956
23965
23971
23979
23985
23993
23999
24008
24014
24022
24033
24042
24053
24062
24073
24082
24093
24102
24113
24122
24133
24142
24153
24162
24173
24182
24193
24202
24213
24222
24233
24242
24253
24262
24273
24282
24293
24302
24313
24322
24333
24342
24353
24362
24373
24382
24393
24402
24413
24422
24433
24442
24453
24462
24473
24482
24493
24502
24513
24522
24533
24542
24553
24562
24573
24587
24599
24613
24625
24640
24652
24666
24678
24692
24705
24719
24731
24745
24757
24772
24784
24798
24810
24824
24837
24851
24863
24877
24889
24904
24916
24930
24942
24956
24969
24983
24995
25009
25021
25036
25048
25062
25074
25088
25096
25103
25112
25119
25127
25134
25143
25150
25158
25165
25174
25181
25189
25196
25205
25212
25221
25227
25236
25243
25252
25258
25267
25274
25283
25289
25298
25305
25314
25321
25329
25336
25345
25352
25360
25367
25376
25383
25391
25398
25407
25414
25422
25429
25438
25445
25454
25460
25469
25476
25485
25491
25500
25507
25516
25522
25531
25538
25547
25554
25562
25569
25578
25585
25593
25600
25609
25616
25624
25631
25640
25647
25653
25661
25667
25675
25681
25688
25694
25702
25708
25716
25722
25730
25735
25743
25749
25757
25763
25771
25776
25784
25790
25798
25804
25812
25818
25825
25831
25839
25845
25853
25859
25867
25872
25880
25886
25894
25900
25908
25913
25921
25927
25935
25941
25949
25955
25962
25968
25976
25982
25990
25996
26004
26009
26017
26023
26031
26037
26045
26050
26058
26064
26072
26078
26086
26092
26099
26105
26113
26119
26127
26133
26140
26146
26154
26160
26168
26176
26182
26191
26197
26206
26212
26220
26227
26235
26242
26250
26257
26265
26271
26280
26286
26295
26301
26310
26316
26324
26331
26339
26346
26354
26360
26369
26375
26384
26390
26399
26405
26413
26420
26428
26435
26443
26450
26458
26464
26473
26479
26488
26494
26502
26509
26517
26524
26532
26539
26547
26553
26562
26568
26577
26583
26592
26598
26606
26613
26621
26628
26636
26642
26651
26657
26666
26672
26681
26687
26695
26702
26710
26717
26729
26739
26751
26761
26773
26783
26795
26805
26817
26828
26840
26850
26862
26872
26884
26894
26906
26916
26928
26939
26951
26961
26973
26983
26995
27005
27017
27027
27039
27050
27062
27072
27084
27094
27106
27116
27128
27138
27150
27161
27173
27183
27195
27205
27217
27227
27239
27249
27258
27266
27276
27284
27294
27302
27312
27320
27330
27338
27348
27356
27366
27374
27384
27392
27402
27410
27420
27428
27438
27446
27456
27464
27474
27482
27492
27500
27510
27518
27528
27535
27545
27553
27563
27571
27581
27589
27599
27607
27617
27625
27635
27643
27653
27661
27671
27679
27689
27697
27707
27715
27725
27733
27743
27751
27761
27769
27782
27793
27806
27818
27831
27842
27855
27867
27880
27891
27904
27916
27929
27940
27953
27965
27978
27989
28002
28014
28027
28038
28051
28063
28076
28087
28100
28112
28125
28136
28149
28161
28174
28185
28199
28210
28223
28234
28248
28259
28272
28283
28297
28308
28321
28332
28346
28355
28362
28372
28379
28389
28396
28406
28413
28422
28430
28439
28447
28456
28464
28473
28481
28490
28497
28507
28514
28524
28531
28541
28548
28557
28565
28574
28582
28591
28599
28608
28616
28625
28632
28642
28649
28659
28666
28676
28683
28692
28700
28709
28717
28726
28734
28743
28751
28760
28767
28777
28784
28794
28801
28811
28818
28828
28835
28844
28852
28861
28871
28880
28891
28899
28910
28919
28930
28938
28949
28958
28969
28977
28988
28997
29007
29016
29027
29036
29046
29055
29066
29075
29085
29094
29105
29114
29124
29133
29144
29152
29163
29172
29183
29191
29202
29211
29222
29230
29241
29250
29261
29269
29280
29289
29299
29308
29319
29328
29338
29347
29358
29367
29377
29386
29397
29406
29416
29425
29436
29450
29462
29476
29488
29503
29515
29529
29541
29556
29568
29582
29594
29608
29621
29635
29647
29661
29674
29688
29700
29714
29727
29741
29753
29767
29779
29794
29806
29820
29832
29847
29859
29873
29885
29900
29912
29926
29938
29952
29965
29976
29986
29998
30008
30020
30030
30042
30051
30063
30073
30085
30095
30107
30117
30128
30138
30150
30160
30172
30182
30194
30203
30215
30225
30237
30247
30259
30269
30280
30290
30302
30312
30324
30334
30346
30355
30367
30377
30389
30399
30411
30421
30432
30442
30454
30464
30476
30486
30495
30502
30512
30519
30528
30536
30545
30553
30562
30569
30579
30586
30596
30603
30612
30620
30629
30637
30646
30653
30663
30670
30680
30687
30696
30704
30713
30721
30730
30737
30747
30754
30764
30771
30780
30788
30797
30805
30814
30821
30831
30838
30848
30855
30864
30872
30881
30889
30898
30905
30915
30922
30932
30939
30948
30956
30965
30973
30982
30989
30999
31006
31015
31023
31032
31040
31050
31057
31067
31074
31084
31092
31101
31109
31118
31126
31136
31143
31153
31161
31170
31178
31187
31195
31205
31212
31222
31229
31239
31247
31256
31264
31274
31281
31291
31298
31308
31316
31325
31333
31342
31350
31360
31367
31377
31385
31394
31402
31411
31419
31429
31436
31446
31453
31463
31471
31480
31488
31498
31505
31515
31522
31532
31540
31552
31563
31576
31586
31599
31610
31622
31633
31646
31656
31669
31680
31692
31703
31716
31726
31739
31750
31763
31773
31786
31797
31809
31820
31833
31843
31856
31867
31879
31890
31903
31913
31926
31937
31949
31960
31973
31984
31996
32007
32020
32030
32043
32054
32068
32080
32094
32106
32120
32132
32146
32158
32172
32184
32198
32210
32224
32236
32250
32262
32276
32289
32303
32315
32329
32341
32355
32367
32381
32393
32407
32419
32433
32445
32459
32471
32485
32497
32512
32524
32538
32550
32564
32576
32584
32591
32600
32607
32616
32623
32632
32639
32648
32655
32664
32671
32680
32687
32696
32703
32712
32719
32728
32735
32744
32751
32760
32767
32776
32783
32792
32799
32808
32815
32824
32831
32840
32847
32856
32863
32872
32878
32887
32894
32903
32910
32919
32926
32935
32942
32951
32958
32967
32974
32983
32990
32999
33006
33015
33022
33031
33038
33047
33054
33063
33070
33079
33086
33095
33102
33111
33118
33127
33134
33143
33150
33160
33168
33178
33186
33196
33204
33214
33222
33232
33240
33250
33258
33268
33276
33286
33295
33305
33313
33323
33331
33341
33349
33359
33367
33377
33385
33395
33403
33413
33421
33431
33440
33450
33458
33468
33476
33486
33494
33504
33512
33522
33530
33540
33548
33558
33566
33576
33585
33595
33603
33613
33621
33631
33639
33649
33657
33667
33675
33685
33693
33703
33711
33723
33734
33747
33758
33770
33781
33794
33805
33817
33828
33841
33852
33864
33875
33888
33899
33911
33922
33935
33946
33958
33969
33982
33993
34005
34016
34029
34040
34052
34063
34076
34087
34099
34110
34123
34134
34146
34157
34170
34181
34193
34204
34217
34228
34240
34251
34266
34279
34295
34308
34324
34337
34353
34366
34381
34395
34410
34424
34439
34453
34468
34482
34497
34510
34526
34539
34555
34568
34584
34597
34613
34626
34641
34655
34670
34684
34699
34713
34728
34741
34757
34770
34786
34799
34807
34813
34821
34827
34835
34841
34849
34855
34864
34870
34878
34884
34892
34898
34906
34912
34921
34927
34935
34941
34949
34955
34963
34969
34978
34984
34992
34998
35006
35012
35020
35026
35035
35041
35049
35055
35063
35069
35077
35083
35091
35098
35106
35112
35120
35126
35134
35140
35148
35155
35163
35169
35177
35183
35191
35197
35205
35212
35220
35226
35234
35240
35248
35254
35262
35269
35277
35283
35291
35297
35305
35311
35319
35326
35337
35347
35359
35368
35380
35390
35402
35411
35423
35433
35444
35454
35466
35476
35487
35497
35509
35519
35530
35540
35552
35561
35573
35583
35595
35604
35616
35626
35637
35647
35659
35669
35680
35690
35702
35712
35723
35733
35745
35754
35766
35776
35788
35797
35809
35819
35831
35840
35852
35862
35873
35888
35902
35918
35931
35947
35961
35976
35990
36006
36019
36035
36049
36064
36078
36094
36108
36123
36137
36153
36166
36182
36196
36211
36225
36241
36254
36270
36284
36299
36313
36329
36343
36358
36372
36388
36401
36417
36427
36435
36445
36453
36463
36471
36481
36489
36499
36507
36517
36525
36535
36543
36553
36561
36571
36579
36589
36597
36608
36616
36626
36634
36644
36652
36662
36670
36680
36688
36698
36706
36716
36724
36734
36742
36752
36760
36770
36778
36789
36797
36807
36815
36825
36833
36843
36851
36861
36869
36879
36887
36897
36905
36915
36923
36933
36941
36953
36963
36976
36986
36999
37009
37021
37032
37044
37055
37067
37078
37090
37100
37113
37123
37136
37146
37158
37169
37181
37192
37204
37215
37227
37237
37250
37260
37273
37283
37295
37306
37318
37329
37341
37352
37364
37374
37387
37397
37410
37420
37432
37443
37455
37466
37475
37483
37492
37500
37510
37517
37527
37535
37544
37552
37562
37569
37579
37587
37596
37604
37613
37621
37631
37638
37648
37656
37665
37673
37683
37690
37700
37708
37717
37725
37735
37742
37752
37759
37769
37777
37786
37794
37804
37811
37821
37829
37838
37846
37856
37863
37873
37880
37890
37898
37907
37915
37925
37932
37942
37950
37959
37967
37977
37984
37994
38002
38011
38019
38027
38034
38043
38050
38059
38066
38075
38081
38090
38097
38106
38113
38122
38129
38138
38144
38153
38160
38169
38176
38185
38192
38200
38207
38216
38223
38232
38239
38248
38255
38263
38270
38279
38286
38295
38302
38311
38318
38326
38333
38342
38349
38358
38365
38374
38380
38389
38396
38405
38412
38421
38428
38437
38443
38452
38459
38468
38475
38484
38491
38499
38506
38515
38522
38531
38538
38547
38554
38562
38569
38578
38585
38594
38602
38611
38619
38629
38636
38646
38654
38663
38671
38681
38688
38698
38706
38715
38723
38733
38740
38750
38758
38767
38775
38784
38792
38802
38809
38819
38827
38836
38844
38854
38861
38871
38879
38888
38896
38906
38913
38923
38931
38940
38948
38958
38965
38975
38982
38992
39000
39009
39017
39027
39034
39044
39052
39061
39069
39079
39086
39096
39104
39113
39121
39131
39138
39148
39155
39161
39169
39175
39183
39189
39197
39203
39211
39217
39225
39231
39239
39245
39253
39259
39267
39273
39281
39287
39295
39301
39309
39315
39323
39329
39337
39343
39351
39357
39365
39371
39379
39385
39393
39399
39407
39413
39421
39427
39435
39441
39449
39455
39463
39469
39477
39483
39491
39497
39505
39511
39519
39525
39533
39539
39547
39553
39561
39567
39575
39581
39589
39595
39603
39609
39617
39623
39631
39637
39645
39651
39659
39665
39673
39679
39688
39696
39706
39714
39724
39732
39742
39750
39759
39767
39777
39785
39795
39803
39813
39821
39831
39839
39847
39857
39865
39875
39883
39893
39901
39911
39919
39927
39937
39945
39955
39963
39973
39981
39991
39999
40007
40017
40025
40035
40043
40053
40061
40071
40079
40087
40097
40105
40115
40123
40133
40141
40151
40159
40167
40177
40185
40195
40203
40213
40222
40230
40240
40248
40258
40266
40276
40283
40293
40301
40311
40319
40329
40337
40347
40354
40364
40372
40382
40390
40400
40408
40417
40425
40435
40443
40453
40461
40471
40479
40488
40496
40506
40514
40524
40532
40542
40550
40559
40567
40577
40585
40595
40603
40613
40620
40630
40638
40648
40656
40666
40674
40684
40691
40701
40709
40719
40727
40737
40745
40755
40762
40771
40778
40788
40795
40804
40812
40821
40828
40838
40845
40854
40862
40871
40878
40888
40895
40904
40912
40921
40929
40938
40945
40955
40962
40971
40979
40988
40995
41005
41012
41021
41029
41038
41045
41055
41062
41071
41079
41088
41096
41105
41112
41122
41129
41138
41146
41155
41162
41172
41179
41188
41196
41205
41212
41222
41229
41238
41246
41255
41263
41272
41279
41289
41296
41305
41313
41323
41331
41341
41349
41359
41367
41377
41385
41395
41403
41413
41422
41432
41440
41450
41458
41468
41476
41486
41494
41504
41513
41522
41532
41540
41550
41558
41568
41576
41586
41594
41604
41613
41622
41632
41640
41650
41658
41668
41676
41686
41694
41704
41713
41722
41732
41740
41750
41758
41768
41776
41786
41794
41804
41813
41822
41832
41840
41850
41858
41864
41872
41878
41886
41892
41900
41906
41914
41920
41928
41935
41943
41949
41957
41963
41971
41977
41985
41991
41999
42005
42013
42020
42028
42034
42042
42048
42056
42062
42070
42076
42084
42090
42098
42105
42113
42119
42127
42133
42141
42147
42155
42161
42169
42175
42183
42190
42198
42204
42212
42218
42226
42232
42240
42246
42254
42260
42268
42275
42283
42289
42297
42303
42311
42317
42325
42331
42339
42345
42353
42360
42368
42374
42382
42388
42396
42402
42410
42416
42424
42435
42445
42457
42466
42478
42488
42499
42509
42521
42530
42542
42552
42563
42573
42585
42594
42606
42616
42628
42637
42649
42659
42670
42680
42692
42701
42713
42723
42734
42744
42756
42765
42777
42787
42798
42808
42820
42830
42841
42851
42863
42872
42884
42894
42905
42915
42927
42936
42948
42956
42962
42970
42977
42985
42991
43000
43006
43014
43021
43029
43035
43044
43050
43058
43065
43073
43079
43088
43094
43102
43108
43117
43123
43131
43138
43146
43152
43161
43167
43175
43182
43190
43196
43205
43211
43219
43226
43234
43240
43248
43255
43263
43269
43278
43284
43292
43299
43307
43313
43322
43328
43336
43343
43351
43357
43366
43372
43380
43387
43395
43401
43409
43416
43424
43430
43439
43445
43453
43460
43468
43474
43483
43489
43497
43511
43524
43539
43552
43567
43580
43595
43608
43623
43636
43650
43663
43678
43691
43706
43719
43734
43747
43762
43775
43790
43802
43817
43830
43845
43858
43873
43886
43901
43914
43929
43941
43956
43969
43984
43997
44012
44020
44027
44035
44042
44050
44057
44066
44072
44081
44087
44096
44102
44111
44118
44126
44133
44141
44148
44156
44163
44172
44178
44187
44193
44202
44208
44217
44224
44232
44239
44247
44254
44262
44269
44278
44284
44293
44299
44308
44315
44323
44330
44338
44345
44353
44360
44369
44375
44384
44390
44399
44405
44414
44421
44429
44436
44444
44451
44459
44466
44475
44481
44490
44496
44505
44512
44519
44528
44534
44543
44549
44559
44568
44578
44587
44598
44606
44617
44625
44636
44645
44655
44664
44674
44683
44694
44702
44713
44722
44732
44741
44751
44760
44771
44779
44790
44799
44808
44819
44827
44838
44847
44857
44866
44876
44885
44896
44904
44915
44924
44933
44944
44952
44963
44972
44982
44991
45001
45010
45021
45029
45040
45049
45058
45069
45080
45089
45100
45109
45120
45130
45141
45150
45161
45170
45182
45191
45202
45211
45222
45231
45243
45252
45263
45272
45283
45293
45304
45313
45324
45333
45345
45354
45365
45374
45385
45394
45406
45415
45426
45435
45446
45456
45467
45476
45487
45496
45508
45517
45528
45537
45548
45557
45569
45578
45589
45598
45609
45619
45630
45639
45648
45655
45665
45672
45682
45689
45699
45706
45716
45723
45733
45740
45750
45757
45767
45774
45784
45791
45801
45808
45817
45825
45834
45842
45851
45859
45868
45876
45885
45893
45902
45910
45919
45927
45936
45944
45953
45961
45970
45977
45987
45994
46004
46011
46021
46028
46038
46045
46055
46062
46072
46079
46089
46096
46106
46113
46123
46130
46139
46147
46156
46164
46173
46181
46193
46203
46215
46225
46237
46247
46259
46270
46282
46292
46304
46314
46326
46336
46348
46359
46371
46381
46393
46403
46415
46425
46438
46448
46460
46470
46482
46492
46504
46514
46527
46537
46549
46559
46571
46581
46593
46604
46616
46626
46638
46648
46660
46670
46682
46693
46705
46717
46727
46739
46749
46761
46771
46784
46794
46806
46816
46828
46838
46850
46861
46873
46883
46895
46905
46917
46928
46940
46950
46962
46972
46984
46994
47007
47017
47029
47039
47051
47061
47074
47084
47096
47106
47118
47128
47140
47151
47163
47173
47185
47195
47207
47218
47230
47240
47252
47262
47274
47284
47296
47306
47318
47328
47340
47350
47362
47372
47384
47394
47406
47416
47428
47438
47450
47460
47472
47482
47494
47504
47516
47526
47538
47548
47560
47570
47582
47592
47604
47614
47626
47636
47648
47658
47670
47680
47692
47702
47714
47724
47736
47746
47758
47768
47780
47790
47802
47812
47821
47829
47839
47847
47857
47865
47875
47883
47893
47901
47911
47919
47929
47937
47947
47955
47965
47973
47983
47991
48001
48009
48019
48027
48037
48045
48055
48063
48073
48081
48091
48099
48109
48117
48127
48135
48145
48153
48163
48171
48181
48189
48199
48207
48217
48225
48235
48243
48253
48261
48271
48279
48289
48297
48307
48315
48325
48337
48347
48359
48370
48382
48392
48405
48415
48427
48437
48450
48460
48472
48483
48495
48505
48518
48528
48540
48550
48563
48573
48585
48596
48608
48618
48631
48641
48653
48663
48676
48686
48698
48709
48721
48731
48744
48754
48766
48776
48789
48799
48811
48822
48834
48844
48857
48867
48879
48889
48899
48907
48918
48926
48936
48945
48955
48963
48974
48982
48992
49001
49011
49019
49030
49038
49049
49057
49067
49076
49086
49094
49105
49113
49123
49132
49142
49150
49161
49169
49179
49188
49198
49207
49217
49225
49236
49244
49254
49263
49273
49281
49292
49300
49310
49319
49329
49337
49348
49356
49367
49375
49385
49394
49404
49412
49423
49431
49441
49450
49460
49469
49476
49485
49492
49501
49509
49518
49525
49534
49541
49551
49558
49567
49574
49583
49591
49600
49607
49616
49623
49633
49640
49649
49656
49665
49672
49682
49689
49698
49705
49714
49722
49731
49738
49747
49754
49764
49771
49780
49787
49796
49804
49813
49820
49829
49836
49845
49853
49862
49869
49878
49885
49895
49902
49911
49918
49927
49935
49944
49951
49960
49967
49977
49984
49993
50000
50009
50016
50026
