10
19
30
39
50
59
70
79
90
99
110
119
130
139
150
159
170
179
190
199
209
218
229
238
249
258
269
278
289
298
309
318
329
338
349
358
369
378
389
398
408
417
428
437
448
457
468
477
488
497
508
517
528
537
548
557
568
577
588
597
607
616
627
636
647
656
667
676
687
696
707
716
727
736
747
756
767
776
787
796
806
815
826
835
846
855
866
875
886
895
906
915
926
935
946
955
966
975
986
998
1008
1021
1031
1043
1054
1066
1076
1089
1099
1111
1122
1134
1145
1157
1167
1180
1190
1202
1213
1225
1236
1247
1259
1270
1282
1292
1305
1315
1327
1338
1350
1361
1372
1384
1395
1407
1417
1430
1440
1452
1463
1475
1486
1497
1509
1520
1532
1542
1555
1565
1577
1588
1600
1611
1622
1634
1645
1657
1667
1680
1690
1702
1713
1725
1736
1747
1759
1770
1782
1792
1805
1815
1827
1838
1850
1861
1872
1884
1895
1907
1917
1930
1940
1952
1963
1973
1981
1991
1999
2009
2017
2027
2035
2045
2053
2064
2072
2082
2090
2100
2108
2118
2126
2136
2144
2155
2163
2173
2181
2191
2199
2209
2217
2227
2235
2246
2254
2264
2272
2282
2290
2300
2308
2318
2326
2337
2345
2355
2363
2373
2381
2391
2399
2409
2417
2427
2436
2446
2454
2464
2472
2482
2490
2500
2508
2518
2527
2537
2545
2555
2563
2573
2581
2591
2599
2609
2618
2628
2636
2646
2654
2664
2672
2682
2690
2700
2709
2719
2727
2737
2745
2755
2763
2773
2781
2791
2799
2810
2818
2828
2836
2846
2854
2864
2872
2882
2890
2901
2909
2919
2927
2937
2947
2956
2966
2975
2986
2994
3005
3013
3024
3033
3043
3052
3062
3071
3082
3090
3101
3109
3120
3129
3139
3148
3158
3167
3178
3186
3197
3206
3216
3225
3235
3244
3255
3263
3274
3282
3293
3302
3312
3321
3331
3340
3351
3359
3370
3378
3389
3398
3408
3417
3427
3436
3447
3455
3466
3475
3485
3494
3504
3513
3524
3532
3543
3551
3562
3571
3581
3590
3600
3609
3620
3628
3639
3647
3658
3667
3677
3686
3697
3705
3716
3724
3735
3744
3754
3763
3773
3782
3793
3801
3812
3820
3831
3840
3850
3859
3869
3878
3889
3897
3908
3916
3927
3936
3948
3957
3969
3978
3990
3999
4010
4020
4031
4041
4052
4062
4073
4083
4094
4103
4115
4124
4136
4145
4157
4166
4178
4187
4198
4208
4219
4229
4240
4250
4261
4271
4282
4291
4303
4312
4324
4333
4345
4354
4366
4375
4386
4396
4407
4417
4428
4438
4449
4459
4470
4479
4491
4500
4512
4521
4533
4542
4554
4563
4574
4584
4595
4605
4616
4626
4637
4647
4658
4667
4679
4688
4700
4709
4721
4730
4742
4751
4762
4772
4783
4793
4804
4814
4825
4835
4846
4855
4867
4876
4888
4897
4911
4923
4937
4949
4964
4976
4990
5002
5017
5029
5043
5055
5069
5082
5096
5108
5122
5135
5149
5161
5175
5188
5202
5214
5228
5240
5255
5267
5281
5293
5308
5320
5334
5346
5361
5373
5387
5399
5413
5426
5440
5452
5466
5479
5493
5505
5519
5532
5546
5558
5572
5584
5599
5611
5625
5637
5652
5664
5678
5690
5705
5717
5731
5743
5757
5770
5784
5796
5810
5823
5837
5849
5863
5876
5886
5895
5906
5915
5926
5935
5946
5955
5966
5975
5986
5995
6006
6015
6026
6035
6046
6055
6066
6075
6085
6094
6105
6114
6125
6134
6145
6154
6165
6174
6185
6194
6205
6214
6225
6234
6245
6254
6265
6274
6284
6293
6304
6313
6324
6333
6344
6353
6364
6373
6384
6393
6404
6413
6424
6433
6444
6453
6464
6473
6483
6492
6503
6512
6523
6532
6543
6552
6563
6572
6583
6592
6603
6612
6623
6632
6643
6652
6663
6672
6682
6691
6702
6711
6722
6731
6742
6751
6762
6771
6782
6791
6802
6811
6822
6831
6842
6851
6862
6871
6883
6892
6903
6913
6924
6933
6945
6954
6965
6975
6986
6996
7007
7016
7028
7037
7048
7058
7069
7078
7090
7099
7111
7120
7131
7141
7152
7161
7173
7182
7193
7203
7214
7224
7235
7244
7256
7265
7276
7286
7297
7306
7318
7327
7339
7348
7359
7369
7380
7389
7401
7410
7421
7431
7442
7452
7463
7472
7484
7493
7504
7514
7525
7534
7546
7555
7567
7576
7587
7597
7608
7617
7629
7638
7649
7659
7670
7680
7691
7700
7712
7721
7732
7742
7753
7762
7774
7783
7795
7804
7815
7825
7838
7849
7863
7874
7888
7899
7913
7924
7938
7949
7962
7974
7987
7999
8012
8024
8037
8049
8062
8073
8087
8098
8112
8123
8137
8148
8162
8173
8186
8198
8211
8223
8236
8248
8261
8273
8286
8298
8311
8322
8336
8347
8361
8372
8386
8397
8411
8422
8435
8447
8460
8472
8485
8497
8510
8522
8535
8546
8560
8571
8585
8596
8610
8621
8635
8646
8660
8671
8684
8696
8709
8721
8734
8746
8759
8771
8784
8795
8808
8820
8834
8846
8860
8872
8886
8898
8912
8924
8938
8950
8964
8976
8990
9002
9016
9028
9041
9053
9067
9079
9093
9105
9119
9131
9145
9157
9171
9183
9197
9209
9223
9235
9249
9261
9274
9286
9300
9312
9326
9338
9352
9364
9378
9390
9404
9416
9430
9442
9456
9468
9482
9494
9507
9519
9533
9545
9559
9571
9585
9597
9611
9623
9637
9649
9663
9675
9689
9701
9715
9727
9740
9752
9766
9778
9790
9801
9814
9825
9838
9849
9861
9872
9885
9896
9909
9920
9932
9943
9956
9967
9980
9991
10004
10014
10027
10038
10051
10062
10075
10085
10098
10109
10122
10133
10146
10157
10169
10180
10193
10204
10217
10228
10240
10251
10264
10275
10288
10299
10312
10322
10335
10346
10359
10370
10383
10393
10406
10417
10430
10441
10454
10465
10477
10488
10501
10512
10525
10536
10548
10559
10572
10583
10596
10607
10620
10630
10643
10654
10667
10678
10691
10701
10714
10725
10738
10749
10762
10773
10782
10793
10802
10813
10823
10834
10843
10854
10863
10875
10884
10895
10904
10915
10925
10936
10945
10956
10965
10977
10986
10997
11006
11017
11027
11038
11047
11058
11067
11079
11088
11099
11108
11119
11129
11140
11149
11160
11169
11181
11190
11201
11210
11221
11230
11242
11251
11262
11271
11282
11292
11303
11312
11323
11332
11344
11353
11364
11373
11384
11394
11405
11414
11425
11434
11446
11455
11466
11475
11486
11496
11507
11516
11527
11536
11548
11557
11568
11577
11588
11598
11609
11618
11629
11638
11650
11659
11670
11679
11690
11699
11711
11720
11731
11740
11752
11763
11776
11787
11799
11810
11823
11834
11846
11857
11870
11881
11893
11904
11917
11928
11940
11951
11964
11975
11988
11998
12011
12022
12035
12045
12058
12069
12082
12092
12105
12116
12129
12140
12151
12164
12175
12188
12198
12211
12222
12235
12245
12258
12269
12282
12292
12305
12316
12329
12340
12351
12364
12375
12388
12398
12411
12422
12435
12445
12458
12469
12482
12492
12505
12516
12529
12540
12551
12564
12575
12588
12598
12611
12622
12635
12645
12658
12669
12682
12692
12705
12716
12727
12737
12749
12759
12771
12781
12793
12803
12815
12825
12837
12847
12858
12868
12880
12890
12902
12912
12924
12934
12946
12956
12968
12978
12989
12999
13011
13021
13033
13043
13055
13065
13077
13087
13099
13109
13121
13130
13142
13152
13164
13174
13186
13196
13208
13218
13230
13240
13252
13261
13273
13283
13295
13305
13317
13327
13339
13349
13361
13371
13383
13392
13404
13414
13426
13436
13448
13458
13470
13480
13492
13502
13514
13524
13535
13545
13557
13567
13579
13589
13601
13611
13623
13633
13645
13655
13666
13676
13688
13698
13711
13723
13737
13749
13763
13775
13789
13801
13815
13826
13840
13852
13866
13878
13892
13904
13918
13930
13943
13955
13969
13981
13995
14007
14021
14033
14047
14058
14072
14084
14098
14110
14124
14136
14150
14162
14175
14187
14201
14213
14227
14239
14253
14265
14279
14290
14304
14316
14330
14342
14356
14368
14382
14394
14407
14419
14433
14445
14459
14471
14485
14497
14511
14522
14536
14548
14562
14574
14588
14600
14614
14626
14639
14651
14665
14677
14691
14703
14717
14729
14743
14755
14769
14781
14795
14807
14821
14833
14847
14859
14873
14885
14899
14911
14925
14937
14951
14963
14977
14990
15004
15016
15030
15042
15056
15068
15082
15094
15108
15120
15134
15146
15160
15172
15186
15198
15212
15224
15238
15250
15264
15277
15290
15304
15316
15330
15342
15356
15368
15382
15394
15408
15420
15434
15446
15460
15472
15486
15498
15512
15524
15538
15550
15564
15577
15590
15604
15616
15630
15642
15656
15667
15677
15689
15699
15711
15721
15733
15743
15755
15765
15777
15787
15798
15808
15820
15830
15842
15852
15864
15874
15886
15896
15908
15918
15929
15939
15951
15961
15973
15983
15995
16005
16017
16027
16039
16049
16061
16070
16082
16092
16104
16114
16126
16136
16148
16158
16170
16180
16192
16201
16213
16223
16235
16245
16257
16267
16279
16289
16301
16311
16323
16332
16344
16354
16366
16376
16388
16398
16410
16420
16432
16442
16454
16464
16475
16485
16497
16507
16519
16529
16541
16551
16563
16573
16585
16595
16606
16616
16628
16638
16649
16658
16669
16678
16689
16698
16709
16718
16729
16738
16749
16758
16769
16779
16790
16799
16810
16819
16830
16839
16850
16859
16870
16879
16890
16899
16911
16920
16931
16940
16951
16960
16971
16980
16991
17000
17011
17020
17031
17041
17052
17061
17072
17081
17092
17101
17112
17121
17132
17141
17152
17161
17173
17182
17193
17202
17213
17222
17233
17242
17253
17262
17273
17282
17293
17302
17314
17323
17334
17343
17354
17363
17374
17383
17394
17403
17414
17423
17434
17444
17455
17464
17475
17484
17495
17504
17515
17524
17535
17544
17555
17564
17576
17585
17596
17605
17616
17629
17640
17653
17665
17678
17689
17703
17714
17727
17739
17752
17763
17777
17788
17801
17813
17826
17837
17851
17862
17875
17887
17900
17911
17925
17936
17949
17961
17974
17985
17999
18010
18023
18035
18048
18059
18073
18084
18097
18109
18122
18133
18147
18158
18171
18183
18196
18207
18221
18232
18245
18257
18270
18281
18295
18306
18319
18331
18344
18355
18369
18380
18393
18405
18418
18429
18443
18454
18467
18479
18492
18503
18517
18528
18541
18553
18566
18577
18591
18602
18613
18622
18633
18642
18653
18663
18674
18683
18694
18703
18714
18724
18735
18744
18755
18764
18776
18785
18796
18805
18816
18825
18837
18846
18857
18866
18877
18886
18898
18907
18918
18927
18938
18948
18959
18968
18979
18988
18999
19009
19020
19029
19040
19049
19061
19070
19081
19090
19101
19110
19122
19131
19142
19151
19162
19171
19183
19192
19203
19212
19223
19233
19244
19253
19264
19273
19284
19294
19305
19314
19325
19334
19346
19355
19366
19375
19386
19395
19407
19416
19427
19436
19447
19456
19468
19477
19488
19497
19508
19518
19529
19538
19549
19558
19569
19579
19589
19597
19607
19615
19625
19634
19644
19652
19662
19670
19681
19689
19699
19707
19717
19726
19736
19744
19754
19762
19773
19781
19791
19799
19809
19818
19828
19836
19846
19854
19865
19873
19883
19891
19901
19910
19920
19928
19938
19946
19957
19965
19975
19983
19993
20001
20012
20020
20030
20038
20048
20057
20067
20075
20085
20093
20104
20112
20122
20130
20140
20149
20159
20167
20177
20185
20196
20204
20214
20222
20232
20241
20251
20259
20269
20277
20288
20296
20306
20314
20324
20333
20343
20351
20361
20369
20379
20388
20398
20406
20416
20424
20435
20443
20453
20461
20471
20480
20490
20498
20508
20516
20527
20535
20545
20553
20563
20572
20582
20591
20602
20610
20621
20630
20640
20649
20660
20668
20679
20687
20698
20707
20717
20726
20737
20745
20756
20765
20775
20784
20794
20803
20814
20822
20833
20842
20852
20861
20872
20880
20891
20899
20910
20919
20929
20938
20949
20957
20968
20977
20987
20996
21007
21015
21026
21034
21045
21054
21064
21073
21084
21092
21103
21112
21122
21131
21141
21150
21161
21169
21180
21189
21199
21208
21219
21227
21238
21246
21257
21266
21276
21285
21296
21304
21315
21324
21334
21343
21353
21362
21373
21381
21392
21401
21411
21420
21431
21439
21450
21459
21469
21478
21488
21497
21508
21516
21527
21539
21549
21561
21571
21583
21593
21605
21615
21627
21637
21649
21659
21671
21681
21693
21703
21715
21725
21737
21747
21759
21769
21781
21791
21803
21813
21825
21835
21847
21857
21869
21879
21891
21901
21913
21923
21935
21945
21957
21967
21979
21989
22001
22011
22023
22033
22045
22055
22067
22077
22089
22099
22111
22121
22133
22143
22155
22165
22177
22187
22199
22209
22221
22231
22243
22253
22265
22275
22287
22297
22309
22319
22331
22341
22353
22363
22375
22385
22397
22407
22419
22429
22441
22451
22463
22473
22485
22495
22507
22518
22528
22540
22550
22562
22572
22584
22594
22606
22616
22628
22638
22650
22660
22672
22682
22694
22704
22716
22726
22738
22748
22760
22770
22781
22791
22803
22813
22825
22835
22847
22857
22869
22879
22891
22901
22913
22923
22935
22945
22957
22967
22979
22989
23001
23011
23023
23033
23044
23054
23066
23076
23088
23098
23110
23120
23132
23142
23154
23164
23176
23186
23198
23208
23220
23230
23242
23252
23264
23274
23286
23296
23307
23317
23329
23339
23351
23361
23373
23383
23395
23405
23417
23427
23439
23449
23461
23471
23483
23495
23505
23517
23528
23540
23550
23562
23573
23585
23595
23607
23618
23630
23640
23652
23663
23675
23685
23697
23708
23720
23730
23742
23753
23765
23775
23787
23798
23810
23820
23832
23843
23855
23865
23877
23888
23900
23910
23923
23933
23945
23955
23968
23978
23990
24000
24013
24023
24035
24045
24058
24068
24080
24090
24103
24113
24125
24135
24148
24158
24170
24180
24193
24203
24215
24225
24238
24248
24260
24270
24283
24293
24305
24316
24328
24338
24350
24361
24373
24383
24395
24406
24418
24428
24440
24451
24463
24477
24489
24503
24515
24529
24541
24556
24568
24582
24594
24608
24620
24635
24647
24661
24673
24687
24699
24713
24726
24740
24752
24766
24778
24792
24805
24819
24831
24845
24857
24871
24884
24898
24910
24924
24936
24950
24963
24976
24990
25002
25016
25028
25042
25055
25069
25081
25095
25107
25121
25134
25148
25160
25174
25186
25200
25213
25226
25240
25252
25266
25278
25292
25305
25319
25331
25345
25357
25371
25384
25398
25410
25424
25436
25447
25457
25469
25479
25491
25501
25512
25522
25534
25544
25556
25566
25578
25587
25599
25609
25621
25631
25643
25652
25664
25674
25686
25696
25708
25718
25729
25739
25751
25761
25773
25783
25795
25804
25816
25826
25838
25848
25860
25869
25881
25891
25903
25913
25925
25935
25946
25956
25968
25978
25990
26000
26012
26021
26033
26043
26055
26065
26077
26086
26098
26108
26120
26130
26142
26152
26163
26173
26185
26195
26207
26217
26229
26238
26250
26260
26272
26282
26294
26303
26315
26325
26337
26347
26359
26369
26380
26390
26402
26412
26422
26431
26441
26450
26460
26469
26479
26488
26498
26507
26517
26526
26537
26545
26556
26564
26575
26583
26594
26602
26613
26621
26632
26640
26651
26660
26670
26679
26689
26698
26708
26717
26727
26736
26746
26755
26765
26774
26785
26793
26804
26812
26823
26831
26842
26850
26861
26869
26880
26888
26899
26908
26918
26927
26937
26946
26956
26965
26975
26984
26994
27003
27013
27022
27033
27041
27052
27060
27071
27079
27090
27098
27109
27117
27128
27136
27147
27156
27166
27175
27185
27194
27204
27213
27223
27232
27242
27251
27261
27270
27281
27289
27300
27308
27319
27327
27338
27346
27357
27365
27376
27384
27395
27406
27415
27427
27436
27447
27457
27468
27478
27489
27498
27510
27519
27530
27540
27551
27561
27572
27581
27593
27602
27613
27623
27634
27644
27655
27664
27676
27685
27697
27706
27717
27727
27738
27747
27759
27768
27780
27789
27800
27810
27821
27830
27842
27851
27863
27872
27883
27893
27904
27914
27925
27934
27946
27955
27966
27976
27987
27997
28008
28017
28029
28038
28049
28059
28070
28080
28091
28100
28112
28121
28133
28142
28153
28163
28174
28183
28195
28204
28216
28225
28236
28246
28257
28266
28278
28287
28299
28308
28319
28329
28340
28350
28361
28370
28380
28388
28398
28406
28416
28424
28434
28443
28453
28461
28471
28479
28489
28497
28508
28516
28526
28534
28544
28552
28562
28571
28581
28589
28599
28607
28617
28625
28636
28644
28654
28662
28672
28680
28690
28699
28709
28717
28727
28735
28745
28753
28763
28772
28782
28790
28800
28808
28818
28826
28837
28845
28855
28863
28873
28881
28891
28900
28910
28918
28928
28936
28946
28954
28965
28973
28983
28991
29001
29009
29019
29028
29038
29046
29056
29064
29074
29082
29093
29101
29111
29119
29129
29137
29147
29155
29166
29174
29184
29192
29202
29210
29220
29229
29239
29247
29257
29265
29275
29283
29294
29302
29312
29320
29330
29338
29348
29358
29366
29376
29385
29395
29403
29414
29422
29432
29440
29451
29459
29469
29478
29488
29496
29506
29515
29525
29533
29544
29552
29562
29570
29581
29589
29599
29608
29618
29626
29636
29645
29655
29663
29674
29682
29692
29700
29711
29719
29729
29738
29748
29756
29766
29775
29785
29793
29804
29812
29822
29830
29841
29849
29859
29868
29878
29886
29896
29905
29915
29923
29934
29942
29952
29961
29971
29979
29989
29998
30008
30016
30027
30035
30045
30053
30064
30072
30082
30091
30101
30109
30119
30128
30138
30146
30157
30165
30175
30183
30194
30202
30212
30221
30231
30239
30249
30258
30268
30276
30287
30295
30305
30313
30324
30334
30342
30352
30360
30370
30378
30388
30396
30407
30415
30425
30433
30443
30451
30461
30469
30480
30488
30498
30506
30516
30524
30534
30542
30552
30561
30571
30579
30589
30597
30607
30615
30625
30634
30644
30652
30662
30670
30680
30688
30698
30706
30717
30725
30735
30743
30753
30761
30771
30779
30790
30798
30808
30816
30826
30834
30844
30852
30862
30871
30881
30889
30899
30907
30917
30925
30935
30944
30954
30962
30972
30980
30990
30998
31008
31017
31027
31035
31045
31053
31063
31071
31081
31089
31100
31108
31118
31126
31136
31144
31154
31162
31173
31181
31191
31199
31209
31217
31227
31235
31245
31254
31264
31272
31282
31290
31300
31310
31319
31330
31339
31350
31358
31369
31378
31389
31398
31408
31417
31428
31437
31448
31456
31467
31476
31487
31496
31506
31515
31526
31535
31546
31554
31565
31574
31585
31594
31604
31613
31624
31633
31644
31652
31663
31672
31683
31692
31702
31711
31722
31731
31742
31750
31761
31770
31781
31790
31800
31809
31820
31829
31840
31849
31859
31868
31879
31888
31899
31907
31918
31927
31938
31947
31957
31966
31977
31986
31997
32005
32016
32025
32036
32045
32055
32064
32075
32084
32095
32103
32114
32123
32134
32143
32153
32162
32173
32182
32193
32201
32212
32221
32232
32241
32251
32260
32271
32280
32291
32300
32311
32320
32332
32341
32352
32361
32372
32382
32393
32402
32413
32422
32434
32443
32454
32463
32475
32484
32495
32504
32515
32525
32536
32545
32556
32565
32577
32586
32597
32606
32618
32627
32638
32647
32658
32668
32679
32688
32699
32708
32720
32729
32740
32749
32760
32770
32781
32790
32801
32811
32822
32831
32842
32851
32863
32872
32883
32892
32903
32913
32924
32933
32944
32954
32965
32974
32985
32994
33006
33015
33026
33035
33046
33056
33067
33076
33087
33097
33108
33117
33128
33137
33149
33158
33169
33178
33189
33199
33210
33219
33230
33240
33250
33261
33274
33286
33300
33311
33325
33337
33351
33362
33376
33388
33402
33413
33427
33439
33453
33464
33478
33490
33504
33515
33529
33541
33554
33566
33580
33592
33605
33617
33631
33643
33656
33668
33682
33694
33707
33719
33733
33745
33758
33770
33784
33796
33809
33821
33835
33846
33860
33872
33886
33897
33911
33923
33937
33948
33962
33974
33988
33999
34013
34025
34039
34050
34064
34076
34090
34101
34115
34127
34140
34152
34166
34178
34191
34203
34217
34229
34242
34252
34260
34270
34278
34289
34297
34307
34315
34326
34334
34344
34352
34363
34371
34381
34389
34400
34408
34418
34426
34436
34445
34455
34463
34473
34482
34492
34500
34510
34519
34529
34537
34547
34556
34566
34574
34584
34593
34603
34611
34621
34629
34640
34648
34658
34666
34677
34685
34695
34703
34714
34722
34732
34740
34751
34759
34769
34777
34788
34796
34806
34814
34824
34833
34843
34851
34861
34870
34880
34888
34898
34907
34917
34925
34935
34944
34954
34962
34972
34981
34991
34999
35009
35017
35028
35036
35046
35054
35065
35073
35083
35091
35102
35110
35120
35128
35139
35147
35157
35165
35176
35184
35194
35202
35212
35221
35233
35244
35257
35268
35281
35292
35305
35316
35329
35340
35353
35364
35377
35388
35401
35412
35425
35436
35449
35460
35473
35484
35497
35508
35521
35532
35545
35556
35569
35580
35593
35604
35617
35628
35641
35652
35665
35676
35689
35700
35713
35723
35736
35747
35760
35771
35784
35795
35808
35819
35832
35843
35856
35867
35880
35891
35904
35915
35928
35939
35952
35963
35976
35987
36000
36011
36024
36035
36048
36059
36072
36083
36096
36107
36120
36131
36144
36155
36168
36179
36192
36205
36216
36229
36240
36254
36265
36278
36289
36303
36314
36327
36338
36352
36363
36376
36387
36400
36412
36425
36436
36449
36461
36474
36485
36498
36510
36523
36534
36547
36558
36572
36583
36596
36607
36621
36632
36645
36656
36670
36681
36694
36705
36718
36730
36743
36754
36767
36779
36792
36803
36816
36828
36841
36852
36865
36877
36890
36901
36914
36925
36939
36950
36963
36974
36988
36999
37012
37023
37037
37048
37061
37072
37085
37097
37110
37121
37134
37146
37159
37170
37183
37195
37209
37221
37234
37246
37260
37272
37285
37297
37311
37323
37336
37348
37362
37374
37388
37399
37413
37425
37439
37450
37464
37476
37490
37501
37515
37527
37541
37552
37566
37578
37592
37604
37617
37629
37643
37655
37668
37680
37694
37706
37719
37731
37745
37757
37770
37782
37796
37808
37822
37833
37847
37859
37873
37884
37898
37910
37924
37935
37949
37961
37975
37987
38000
38012
38026
38038
38051
38063
38077
38089
38102
38114
38128
38140
38154
38166
38180
38192
38206
38219
38233
38245
38259
38271
38286
38298
38312
38324
38338
38350
38365
38377
38391
38403
38417
38430
38444
38456
38470
38482
38497
38509
38523
38535
38549
38561
38576
38588
38602
38614
38628
38641
38655
38667
38681
38693
38708
38720
38734
38746
38760
38772
38787
38799
38813
38825
38839
38852
38866
38878
38892
38904
38919
38931
38945
38957
38971
38983
38998
39010
39024
39036
39050
39063
39077
39089
39103
39115
39128
39140
39154
39166
39180
39192
39206
39218
39231
39243
39257
39269
39283
39295
39309
39321
39334
39346
39360
39372
39386
39398
39412
39424
39437
39449
39463
39475
39489
39501
39515
39527
39540
39552
39566
39578
39592
39604
39618
39630
39643
39655
39669
39681
39695
39707
39721
39733
39746
39758
39772
39784
39798
39810
39824
39836
39849
39861
39875
39887
39901
39913
39927
39939
39952
39964
39978
39990
40004
40016
40030
40042
40055
40067
40081
40093
40106
40117
40130
40142
40155
40166
40179
40191
40204
40215
40229
40240
40253
40264
40278
40289
40302
40314
40327
40338
40351
40363
40376
40387
40401
40412
40425
40436
40450
40461
40474
40486
40499
40510
40523
40535
40548
40559
40573
40584
40597
40608
40622
40633
40646
40657
40671
40682
40695
40707
40720
40731
40744
40756
40769
40780
40794
40805
40818
40829
40843
40854
40867
40879
40892
40903
40916
40928
40941
40952
40966
40977
40990
41001
41015
41026
41039
41051
41064
41075
41085
41093
41103
41112
41122
41130
41140
41149
41159
41167
41178
41186
41196
41204
41215
41223
41233
41242
41252
41260
41270
41279
41289
41297
41308
41316
41326
41334
41345
41353
41363
41371
41382
41390
41400
41409
41419
41427
41437
41446
41456
41464
41475
41483
41493
41501
41512
41520
41530
41539
41549
41557
41567
41576
41586
41594
41605
41613
41623
41631
41642
41650
41660
41668
41679
41687
41697
41706
41716
41724
41734
41743
41753
41761
41772
41780
41790
41798
41809
41817
41827
41836
41846
41854
41864
41873
41883
41891
41901
41910
41920
41928
41939
41947
41957
41965
41976
41984
41994
42003
42013
42021
42031
42040
42050
42060
42068
42078
42087
42097
42105
42116
42124
42134
42143
42153
42161
42172
42180
42190
42199
42209
42217
42228
42236
42246
42255
42265
42273
42284
42292
42302
42311
42321
42329
42340
42348
42358
42367
42377
42385
42395
42404
42414
42422
42433
42441
42451
42460
42470
42478
42489
42497
42507
42516
42526
42534
42545
42553
42563
42572
42582
42590
42601
42609
42619
42628
42638
42646
42657
42665
42675
42684
42694
42702
42713
42721
42731
42739
42750
42758
42768
42777
42787
42795
42806
42814
42824
42833
42843
42851
42862
42870
42880
42889
42899
42907
42918
42926
42936
42945
42955
42963
42974
42982
42992
43001
43011
43019
43029
43038
43049
43057
43068
43077
43088
43096
43107
43116
43127
43135
43146
43155
43166
43174
43185
43194
43205
43213
43224
43233
43244
43252
43263
43272
43282
43291
43302
43311
43321
43330
43341
43350
43360
43369
43380
43389
43399
43408
43419
43428
43438
43447
43458
43467
43477
43486
43497
43506
43516
43525
43536
43544
43555
43564
43575
43583
43594
43603
43614
43622
43633
43642
43653
43661
43672
43681
43692
43700
43711
43720
43731
43739
43750
43759
43769
43778
43789
43798
43808
43817
43828
43837
43847
43856
43867
43876
43886
43895
43906
43915
43925
43934
43945
43954
43964
43973
43984
43993
44004
44013
44024
44033
44044
44053
44064
44073
44084
44093
44105
44114
44125
44134
44145
44154
44165
44174
44185
44194
44205
44215
44226
44235
44246
44255
44266
44275
44286
44295
44306
44315
44327
44336
44347
44356
44367
44376
44387
44396
44407
44416
44427
44437
44448
44457
44468
44477
44488
44497
44508
44517
44528
44537
44549
44558
44569
44578
44589
44598
44609
44618
44629
44638
44650
44659
44670
44679
44690
44699
44710
44719
44730
44739
44750
44760
44771
44780
44791
44800
44811
44820
44831
44840
44851
44860
44872
44881
44892
44901
44912
44921
44932
44941
44952
44961
44972
44981
44989
44999
45007
45017
45025
45035
45043
45053
45061
45071
45079
45089
45097
45107
45115
45125
45133
45143
45151
45161
45169
45179
45187
45197
45205
45215
45223
45233
45241
45251
45259
45269
45277
45287
45295
45305
45313
45323
45331
45341
45349
45359
45367
45377
45385
45395
45403
45413
45421
45431
45439
45449
45457
45467
45474
45484
45492
45502
45510
45520
45528
45538
45546
45556
45564
45574
45582
45592
45600
45610
45618
45628
45636
45646
45654
45664
45672
45682
45690
45700
45708
45718
45726
45736
45744
45754
45762
45772
45780
45790
45798
45808
45816
45826
45834
45844
45852
45862
45870
45880
45888
45898
45906
45916
45924
45934
45942
45952
45962
45970
45980
45988
45998
46006
46016
46024
46034
46042
46052
46060
46070
46078
46088
46096
46106
46114
46124
46132
46142
46150
46160
46168
46178
46186
46196
46204
46214
46222
46232
46240
46250
46258
46268
46276
46286
46294
46304
46312
46322
46330
46340
46348
46358
46366
46376
46384
46394
46402
46412
46420
46430
46438
46448
46456
46466
46474
46484
46492
46502
46510
46520
46529
46539
46547
46557
46565
46575
46583
46593
46601
46611
46619
46629
46637
46647
46655
46665
46673
46683
46691
46701
46709
46719
46727
46737
46745
46755
46763
46773
46781
46791
46799
46809
46817
46827
46835
46845
46853
46863
46871
46881
46889
46899
46907
46917
46925
46937
46947
46960
46970
46983
46993
47006
47016
47029
47039
47051
47062
47074
47085
47097
47108
47120
47131
47143
47154
47166
47176
47189
47199
47212
47222
47235
47245
47258
47268
47280
47291
47303
47314
47326
47337
47349
47360
47372
47383
47395
47405
47418
47428
47441
47451
47464
47474
47487
47497
47509
47520
47532
47543
47555
47566
47578
47589
47601
47612
47624
47634
47647
47657
47670
47680
47693
47703
47716
47726
47738
47749
47761
47772
47784
47795
47807
47818
47830
47841
47853
47863
47876
47886
47899
47911
47921
47934
47944
47957
47967
47979
47990
48002
48013
48025
48036
48048
48059
48070
48082
48093
48105
48116
48128
48139
48150
48162
48173
48185
48196
48208
48219
48230
48242
48253
48265
48276
48288
48299
48310
48322
48333
48345
48356
48368
48379
48390
48402
48413
48425
48436
48448
48459
48470
48482
48493
48505
48516
48528
48539
48550
48562
48573
48585
48596
48608
48619
48630
48642
48653
48665
48676
48688
48699
48710
48722
48733
48745
48756
48768
48779
48790
48802
48813
48825
48836
48848
48859
48870
48882
48893
48902
48914
48923
48934
48944
48955
48965
48976
48985
48997
49006
49017
49027
49038
49048
49059
49068
49080
49089
49100
49110
49121
49131
49142
49151
49163
49172
49184
49193
49204
49214
49225
49234
49246
49255
49267
49276
49287
49297
49308
49317
49329
49338
49350
49359
49370
49380
49391
49401
49412
49421
49433
49442
49453
49463
49474
49484
49495
49504
49516
49525
49536
49546
49557
49567
49578
49587
49599
49608
49620
49629
49640
49650
49661
49670
49682
49691
49703
49712
49723
49733
49744
49753
49765
49774
49786
49795
49806
49816
49827
49837
49848
49857
49867
49875
49886
49894
49905
49913
49924
49932
49943
49951
49962
49970
49980
49989
49999
50008
50018
50027
50037
50046
50056
50065
50075
50083
50094
50102
50113
50121
50132
50140
50151
50159
50170
50178
50188
50197
50207
50216
50226
50235
50245
50254
50264
50273
50283
50291
50302
50310
50321
50329
50340
50348
50359
50367
50378
50386
50397
50405
50415
50424
50434
50443
50453
50462
50472
50481
50491
50500
50510
50518
50529
50537
50548
50556
50567
50575
50586
50594
50605
50613
50623
50632
50642
50651
50661
50670
50680
50689
50699
50708
50718
50726
50737
50745
50756
50764
50775
50783
50794
50802
50813
50821
50831
