22
43
65
86
108
129
151
172
194
215
237
258
281
301
324
344
367
387
410
430
453
473
496
517
539
560
582
603
625
646
668
689
711
732
755
775
798
811
823
837
849
863
875
889
901
915
927
941
953
967
979
993
1005
1019
1031
1045
1057
1071
1083
1097
1109
1123
1135
1149
1161
1175
1192
1208
1225
1241
1259
1274
1292
1308
1325
1341
1359
1374
1392
1408
1425
1441
1458
1474
1492
1507
1525
1541
1558
1574
1592
1607
1625
1641
1658
1674
1691
1707
1725
1740
1758
1774
1791
1807
1825
1840
1858
1874
1891
1906
1919
1935
1948
1963
1977
1992
2005
2021
2034
2049
2063
2078
2091
2107
2120
2136
2149
2164
2178
2193
2206
2222
2235
2250
2264
2279
2292
2308
2321
2336
2350
2365
2379
2394
2407
2423
2436
2451
2465
2480
2493
2509
2522
2537
2551
2566
2579
2595
2608
2624
2637
2652
2666
2681
2700
2718
2737
2755
2774
2792
2812
2829
2849
2866
2886
2903
2923
2941
2960
2978
2997
3015
3034
3052
3072
3089
3109
3126
3146
3163
3183
3201
3220
3238
3257
3275
3295
3312
3332
3349
3362
3374
3388
3400
3414
3425
3439
3451
3465
3477
3491
3502
3516
3528
3542
3554
3567
3579
3593
3605
3619
3631
3644
3656
3670
3682
3696
3707
3721
3733
3747
3759
3773
3784
3798
3810
3824
3836
3849
3861
3875
3887
3901
3913
3926
3938
3952
3964
3978
3990
4003
4015
4029
4041
4055
4066
4076
4085
4095
4104
4115
4123
4134
4143
4153
4162
4173
4181
4192
4200
4211
4220
4230
4239
4250
4258
4269
4278
4288
4297
4307
4316
4327
4335
4346
4355
4365
4374
4385
4393
4404
4412
4423
4432
4442
4451
4462
4470
4481
4490
4500
4509
4520
4528
4539
4547
4558
4567
4577
4586
4597
4605
4616
4625
4635
4644
4654
4663
4674
4682
4693
4702
4712
4721
4732
4740
4751
4759
4770
4779
4789
4797
4807
4816
4826
4834
4845
4853
4863
4872
4882
4890
4901
4909
4919
4928
4938
4946
4957
4965
4975
4984
4994
5002
5013
5021
5031
5040
5050
5058
5069
5077
5087
5096
5106
5114
5125
5133
5143
5152
5162
5170
5181
5189
5199
5208
5218
5226
5237
5245
5255
5264
5274
5282
5293
5301
5311
5320
5330
5338
5349
5357
5367
5376
5386
5394
5405
5413
5423
5432
5442
5454
5464
5476
5486
5499
5509
5521
5531
5544
5554
5566
5576
5588
5599
5611
5621
5633
5644
5656
5666
5678
5688
5701
5711
5723
5733
5746
5756
5768
5778
5790
5801
5813
5823
5835
5846
5858
5868
5880
5891
5903
5913
5925
5935
5948
5958
5970
5980
5992
6002
6014
6025
6037
6047
6060
6070
6082
6093
6105
6115
6128
6138
6150
6161
6173
6183
6196
6206
6218
6229
6241
6251
6264
6274
6286
6297
6309
6319
6332
6342
6354
6365
6377
6387
6400
6410
6422
6433
6445
6455
6468
6478
6490
6501
6513
6523
6536
6546
6558
6569
6581
6591
6604
6614
6626
6637
6649
6659
6672
6682
6694
6705
6717
6727
6740
6751
6764
6775
6788
6799
6813
6824
6837
6848
6861
6872
6885
6897
6910
6921
6934
6945
6958
6969
6983
6994
7007
7018
7031
7042
7055
7067
7080
7091
7104
7115
7128
7139
7153
7164
7177
7188
7201
7212
7225
7237
7250
7261
7271
7283
7293
7305
7315
7326
7336
7348
7358
7370
7380
7391
7401
7413
7423
7435
7445
7456
7466
7478
7488
7500
7510
7522
7531
7543
7553
7565
7575
7587
7596
7608
7618
7630
7640
7652
7661
7673
7683
7695
7705
7717
7726
7738
7748
7760
7770
7782
7792
7803
7813
7825
7835
7847
7857
7868
7878
7890
7900
7912
7922
7933
7943
7955
7965
7978
7988
8001
8011
8023
8034
8046
8057
8069
8079
8092
8102
8115
8125
8137
8148
8160
8171
8183
8193
8206
8216
8229
8239
8251
8262
8274
8285
8297
8308
8320
8330
8343
8353
8366
8376
8388
8399
8411
8422
8434
8444
8457
8467
8480
8490
8502
8512
8525
8535
8547
8558
8570
8581
8593
8603
8616
8626
8639
8649
8661
8672
8684
8695
8707
8717
8730
8740
8753
8763
8775
8786
8798
8809
8821
8831
8844
8854
8867
8877
8892
8906
8922
8936
8951
8965
8981
8995
9010
9024
9040
9054
9069
9083
9099
9113
9128
9142
9158
9172
9187
9201
9217
9231
9247
9260
9276
9290
9306
9319
9335
9349
9365
9378
9394
9408
9424
9437
9453
9467
9483
9496
9512
9526
9542
9555
9571
9585
9601
9615
9630
9644
9660
9674
9689
9701
9711
9723
9733
9746
9756
9768
9778
9790
9801
9813
9823
9835
9846
9858
9868
9880
9890
9903
9913
9925
9935
9947
9958
9970
9980
9992
10003
10015
10025
10037
10047
10060
10070
10082
10092
10104
10115
10127
10137
10149
10167
10184
10202
10219
10237
10254
10272
10289
10307
10324
10342
10359
10378
10394
10413
10429
10448
10464
10483
10499
10518
10534
10553
10570
10588
10605
10623
10640
10658
10675
10693
10710
10728
10745
10764
10780
10799
10810
10820
10832
10842
10854
10864
10876
10886
10898
10908
10920
10930
10941
10951
10963
10973
10985
10995
11007
11017
11029
11039
11051
11061
11072
11082
11094
11104
11116
11126
11138
11148
11160
11170
11182
11192
11204
11213
11225
11235
11247
11257
11269
11279
11291
11301
11312
11322
11334
11344
11356
11366
11378
11388
11400
11410
11422
11432
11444
11454
11466
11476
11488
11498
11510
11520
11532
11542
11554
11564
11576
11586
11598
11608
11620
11630
11642
11652
11664
11674
11686
11696
11708
11723
11736
11752
11765
11780
11794
11809
11822
11838
11851
11867
11880
11895
11909
11924
11937
11953
11966
11982
11995
12010
12024
12039
12052
12068
12081
12097
12110
12125
12139
12154
12167
12183
12196
12211
12225
12240
12254
12269
12282
12298
12311
12326
12340
12355
12369
12384
12397
12413
12426
12441
12455
12479
12502
12526
12549
12573
12596
12621
12643
12668
12690
12715
12737
12762
12785
12809
12832
12847
12861
12877
12891
12906
12920
12936
12950
12966
12979
12995
13009
13025
13039
13054
13068
13084
13098
13114
13127
13143
13157
13173
13187
13202
13216
13232
13246
13262
13275
13291
13305
13321
13335
13350
13364
13380
13394
13410
13423
13439
13453
13469
13483
13498
13512
13528
13542
13558
13571
13587
13601
13617
13631
13644
13655
13668
13680
13693
13704
13717
13729
13742
13753
13766
13778
13791
13802
13815
13827
13840
13851
13864
13876
13889
13900
13913
13925
13938
13949
13962
13974
13987
13998
14011
14023
14036
14047
14061
14072
14085
14096
14110
14121
14134
14145
14159
14170
14183
14194
14208
14219
14232
14243
14257
14268
14281
14298
14313
14331
14346
14364
14379
14396
14412
14429
14445
14462
14477
14495
14510
14528
14543
14561
14576
14593
14609
14626
14642
14659
14674
14692
14707
14725
14740
14758
14773
14790
14806
14823
14839
14856
14871
14889
14904
14922
14937
14955
14973
14989
15008
15024
15043
15059
15078
15094
15113
15129
15148
15164
15183
15199
15218
15234
15252
15269
15287
15304
15322
15339
15357
15374
15392
15409
15427
15444
15462
15479
15497
15513
15532
15548
15567
15583
15602
15618
15634
15648
15664
15679
15695
15709
15726
15740
15756
15771
15787
15801
15818
15832
15848
15863
15879
15893
15910
15924
15940
15955
15971
15985
16002
16016
16032
16047
16063
16077
16100
16122
16146
16168
16192
16214
16238
16260
16284
16306
16330
16352
16376
16398
16422
16444
16468
16490
16514
16536
16560
16582
16606
16628
16652
16674
16698
16720
16744
16766
16790
16812
16837
16860
16886
16909
16934
16958
16983
17007
17032
17055
17081
17104
17130
17153
17178
17202
17227
17251
17276
17299
17325
17348
17373
17397
17422
17446
17471
17494
17520
17543
17569
17589
17608
17629
17647
17668
17687
17707
17726
17747
17766
17786
17805
17826
17844
17865
17884
17904
17923
17944
17963
17983
18002
18023
18041
18062
18075
18087
18100
18112
18126
18137
18151
18162
18176
18188
18201
18213
18226
18238
18252
18263
18277
18288
18302
18314
18327
18339
18352
18364
18378
18389
18403
18414
18428
18440
18453
18465
18478
18490
18504
18515
18529
18540
18554
18566
18579
18591
18605
18616
18630
18641
18655
18667
18680
18692
18705
18717
18731
18742
18756
18767
18781
18793
18806
18818
18831
18841
18850
18860
18869
18879
18888
18898
18907
18917
18926
18937
18945
18956
18964
18975
18983
18994
19002
19013
19022
19032
19041
19051
19060
19070
19079
19089
19098
19109
19117
19128
19136
19147
19155
19166
19174
19185
19194
19204
19213
19223
19232
19242
19251
19261
19270
19281
19289
19300
19308
19319
19327
19338
19346
19357
19366
19376
19385
19395
19404
19414
19423
19433
19442
19459
19474
19492
19507
19524
19540
19557
19572
19590
19605
19623
19638
19655
19671
19688
19703
19721
19736
19754
19769
19786
19802
19819
19834
19852
19867
19885
19900
19917
19933
19950
19965
19983
19998
20015
20031
20048
20064
20081
20096
20114
20129
20146
20162
20179
20204
20227
20252
20275
20300
20324
20349
20372
20397
20420
20446
20469
20494
20517
20542
20566
20591
20614
20625
20634
20646
20655
20666
20676
20687
20697
20708
20717
20729
20738
20750
20759
20770
20780
20791
20801
20812
20821
20833
20842
20854
20863
20874
20884
20895
20905
20916
20925
20937
20946
20958
20967
20978
20988
20999
21009
21020
21029
21041
21050
21062
21071
21082
21092
21103
21113
21124
21133
21145
21154
21166
21175
21186
21196
21207
21217
21228
21237
21249
21258
21270
21279
21290
21300
21312
21323
21335
21346
21359
21369
21382
21393
21405
21416
21428
21439
21452
21462
21475
21486
21498
21509
21521
21532
21545
21555
21568
21579
21591
21602
21614
21625
21638
21648
21661
21672
21689
21704
21721
21736
21753
21768
21785
21800
21817
21832
21849
21865
21882
21897
21914
21929
21946
21961
21978
21993
22010
22025
22042
22058
22075
22090
22107
22122
22139
22154
22171
22186
22203
22218
22236
22251
22268
22283
22300
22315
22332
22347
22364
22379
22396
22411
22429
22453
22475
22499
22521
22546
22568
22592
22614
22638
22661
22685
22707
22731
22753
22778
22800
22824
22846
22871
22893
22917
22939
22963
22973
22983
22993
23003
23013
23023
23033
23043
23053
23063
23073
23083
23093
23103
23113
23123
23133
23143
23153
23163
23173
23183
23193
23203
23213
23223
23233
23243
23253
23263
23273
23283
23293
23303
23313
23323
23333
23343
23353
23363
23373
23383
23393
23403
23413
23423
23433
23443
23453
23463
23473
23483
23493
23503
23513
23523
23533
23543
23553
23563
23573
23583
23593
23603
23613
23623
23633
23643
23653
23663
23673
23683
23693
23703
23713
23723
23733
23751
23768
23787
23804
23822
23839
23858
23875
23893
23910
23929
23946
23965
23981
24000
24017
24036
24053
24070
24089
24106
24125
24141
24160
24177
24196
24213
24230
24249
24266
24285
24301
24320
24337
24356
24373
24390
24409
24433
24455
24479
24501
24525
24547
24571
24593
24617
24639
24663
24685
24709
24732
24756
24778
24802
24824
24848
24870
24894
24916
24940
24962
24986
24996
25004
25014
25022
25032
25040
25050
25058
25068
25076
25087
25095
25105
25113
25123
25131
25141
25149
25159
25167
25178
25186
25196
25204
25214
25222
25232
25240
25250
25258
25269
25277
25287
25295
25305
25313
25323
25331
25341
25349
25360
25368
25378
25386
25396
25404
25414
25422
25432
25440
25450
25459
25469
25477
25487
25495
25505
25513
25523
25531
25541
25550
25560
25568
25578
25586
25596
25604
25614
25622
25632
25641
25651
25659
25669
25677
25687
25695
25705
25713
25728
25741
25757
25770
25786
25799
25815
25828
25844
25857
25873
25886
25901
25915
25930
25944
25959
25973
25988
26002
26017
26031
26046
26059
26072
26083
26096
26107
26120
26131
26144
26155
26168
26179
26192
26203
26216
26227
26240
26251
26265
26276
26289
26300
26313
26324
26337
26348
26361
26372
26385
26396
26409
26420
26433
26444
26457
26469
26482
26493
26506
26517
26541
26564
26589
26612
26637
26660
26685
26708
26733
26756
26780
26803
26828
26851
26876
26899
26924
26947
26972
26995
27019
27042
27067
27090
27115
27138
27163
27186
27211
27234
27259
27281
27306
27329
27344
27357
27372
27386
27401
27414
27430
27443
27458
27472
27487
27500
27516
27529
27544
27558
27573
27586
27602
27615
27630
27644
27659
27672
27687
27701
27716
27729
27745
27758
27773
27787
27802
27815
27831
27844
27859
27873
27886
27900
27913
27927
27940
27954
27967
27981
27994
28008
28021
28035
28048
28062
28075
28089
28102
28116
28129
28143
28156
28170
28183
28197
28210
28224
28237
28251
28264
28278
28291
28305
28318
28332
28345
28359
28372
28387
28399
28414
28426
28441
28453
28468
28480
28495
28507
28522
28536
28548
28562
28575
28589
28601
28615
28628
28642
28654
28668
28681
28695
28707
28721
28734
28748
28760
28774
28787
28801
28813
28827
28840
28854
28866
28881
28893
28907
28919
28934
28946
28960
28972
28987
28999
29013
29036
29057
29080
29101
29124
29145
29168
29189
29212
29233
29256
29277
29300
29321
29344
29365
29388
29410
29433
29454
29477
29498
29521
29533
29543
29555
29565
29577
29587
29599
29609
29621
29631
29643
29653
29665
29675
29688
29698
29710
29720
29732
29742
29754
29764
29776
29786
29798
29808
29820
29830
29843
29853
29865
29875
29887
29898
29911
29922
29935
29946
29958
29969
29982
29993
30006
30017
30029
30040
30053
30064
30077
30088
30100
30111
30124
30135
30148
30159
30171
30182
30195
30206
30219
30230
30242
30253
30266
30277
30290
30301
30313
30324
30337
30348
30357
30369
30378
30390
30399
30411
30420
30432
30441
30453
30462
30474
30483
30495
30504
30516
30525
30537
30546
30558
30567
30579
30588
30600
30609
30621
30630
30642
30651
30663
30672
30684
30693
30705
30714
30726
30735
30747
30756
30768
30777
30789
30798
30810
30819
30831
30840
30851
30861
30872
30882
30893
30903
30914
30924
30935
30950
30964
30979
30993
31008
31022
31037
31051
31066
31080
31095
31109
31124
31138
31153
31167
31182
31196
31212
31225
31241
31254
31270
31283
31299
31312
31328
31341
31357
31370
31386
31399
31415
31428
31444
31458
31473
31487
31502
31516
31531
31545
31560
31574
31589
31603
31618
31634
31648
31664
31678
31695
31709
31725
31739
31756
31770
31786
31800
31816
31831
31847
31861
31877
31892
31908
31922
31938
31953
31969
31983
31999
32013
32030
32044
32060
32074
32091
32105
32121
32135
32151
32166
32182
32196
32212
32227
32243
32257
32273
32288
32304
32318
32334
32348
32365
32379
32395
32409
32426
32439
32450
32463
32475
32488
32499
32512
32524
32537
32548
32561
32573
32586
32597
32611
32622
32635
32646
32660
32671
32684
32695
32709
32720
32733
32745
32758
32769
32782
32794
32807
32818
32831
32843
32856
32867
32880
32892
32905
32916
32930
32941
32954
32965
32979
32990
33003
33021
33037
33055
33071
33089
33106
33124
33140
33158
33174
33192
33209
33227
33243
33261
33277
33295
33312
33330
33346
33364
33380
33398
33415
33433
33449
33467
33477
33486
33497
33506
33517
33526
33537
33546
33556
33565
33576
33585
33596
33605
33616
33625
33635
33644
33655
33664
33675
33684
33695
33704
33714
33723
33734
33743
33754
33763
33774
33783
33793
33802
33813
33822
33833
33842
33853
33862
33872
33881
33892
33901
33912
33921
33932
33941
33951
33960
33971
33980
33991
34000
34011
34020
34030
34039
34050
34059
34070
34079
34090
34099
34109
34118
34129
34138
34149
34158
34169
34178
34188
34197
34208
34217
34228
34238
34250
34260
34272
34282
34294
34303
34315
34325
34337
34347
34359
34369
34380
34390
34402
34412
34424
34434
34446
34455
34467
34477
34489
34499
34511
34521
34532
34542
34554
34564
34576
34586
34598
34607
34619
34629
34641
34651
34663
34673
34684
34694
34706
34720
34732
34746
34758
34772
34784
34798
34810
34824
34836
34850
34863
34877
34889
34903
34915
34929
34941
34955
34967
34981
34993
35007
35020
35034
35046
35060
35072
35086
35098
35112
35124
35138
35150
35165
35177
35191
35218
35243
35270
35295
35322
35347
35374
35399
35426
35451
35478
35503
35530
35555
35582
35607
35634
35659
35686
35711
35738
35763
35790
35815
35842
35867
35894
35919
35946
35971
35989
36005
36024
36040
36058
36075
36093
36109
36128
36144
36163
36179
36197
36214
36232
36248
36267
36283
36301
36318
36336
36353
36371
36387
36406
36421
36435
36450
36464
36479
36493
36508
36522
36538
36551
36567
36580
36596
36609
36625
36639
36654
36668
36683
36697
36712
36726
36741
36755
36771
36784
36800
36813
36829
36842
36858
36872
36887
36901
36916
36930
36945
36959
36974
36988
37004
37017
37033
37046
37062
37075
37091
37105
37120
37134
37149
37163
37178
37192
37215
37236
37260
37281
37304
37326
37349
37371
37394
37415
37439
37460
37484
37505
37528
37550
37573
37594
37618
37639
37663
37684
37707
37729
37752
37774
37797
37813
37827
37844
37858
37875
37889
37906
37920
37937
37951
37968
37982
37999
38013
38030
38044
38061
38075
38092
38106
38123
38137
38154
38168
38185
38199
38219
38237
38257
38275
38295
38313
38333
38351
38371
38389
38409
38427
38447
38465
38485
38503
38523
38541
38561
38579
38599
38618
38638
38656
38676
38694
38714
38732
38752
38770
38790
38808
38828
38846
38866
38884
38904
38922
38942
38958
38973
38990
39004
39021
39036
39053
39067
39084
39099
39116
39130
39147
39162
39179
39193
39210
39225
39242
39256
39273
39288
39305
39319
39336
39351
39363
39373
39386
39396
39408
39419
39431
39441
39454
39464
39476
39487
39499
39509
39522
39532
39544
39555
39567
39577
39590
39600
39612
39623
39635
39645
39658
39668
39680
39691
39703
39729
39754
39781
39805
39832
39857
39883
39908
39935
39959
39986
40011
40038
40062
40089
40114
40140
40165
40192
40216
40243
40268
40295
40319
40346
40371
40397
40422
40449
40473
40500
40525
40535
40544
40554
40563
40574
40582
40593
40601
40612
40621
40631
40640
40650
40659
40670
40678
40689
40698
40708
40717
40727
40736
40747
40755
40766
40775
40784
40795
40803
40814
40823
40833
40842
40852
40861
40872
40880
40891
40900
40909
40920
40928
40939
40948
40958
40967
40977
40986
40997
41005
41016
41025
41034
41045
41053
41064
41073
41083
41092
41102
41111
41122
41130
41141
41150
41159
41170
41178
41189
41198
41208
41217
41227
41236
41247
41255
41266
41275
41284
41295
41303
41314
41323
41336
41347
41360
41371
41384
41395
41408
41419
41432
41443
41456
41467
41480
41491
41504
41515
41528
41539
41552
41563
41577
41588
41601
41612
41625
41636
41649
41660
41673
41684
41697
41708
41721
41732
41745
41756
41769
41780
41793
41804
41817
41829
41842
41853
41866
41877
41890
41901
41914
41925
41938
41949
41962
41973
41986
41997
42010
42021
42034
42045
42058
42069
42083
42094
42104
42113
42124
42133
42144
42153
42164
42173
42184
42193
42204
42213
42224
42233
42244
42253
42264
42273
42284
42293
42303
42312
42323
42332
42343
42352
42363
42372
42383
42392
42403
42412
42423
42432
42443
42452
42463
42472
42483
42492
42502
42511
42522
42531
42542
42551
42562
42571
42582
42591
42602
42611
42622
42631
42642
42651
42662
42671
42682
42691
42701
42710
42721
42730
42741
42750
42761
42770
42781
42790
42801
42810
42821
42830
42841
42850
42861
42870
42880
42889
42900
42908
42919
42928
42938
42947
42958
42966
42977
42986
42996
43005
43016
43024
43035
43044
43055
43063
43074
43083
43093
43102
43113
43121
43132
43141
43151
43160
43171
43179
43190
43199
43209
43218
43229
43238
43248
43262
43275
43290
43302
43317
43330
43344
43357
43372
43384
43399
43412
43426
43439
43454
43466
43481
43494
43508
43521
43536
43548
43563
43576
43590
43603
43618
43630
43645
43658
43672
43685
43700
43712
43727
43740
43751
43765
43776
43789
43801
43814
43826
43839
43850
43864
43875
43888
43900
43913
43925
43938
43949
43963
43974
43988
43999
44012
44024
44037
44048
44062
44073
44087
44098
44111
44123
44136
44148
44161
44172
44186
44197
44210
44222
44235
44247
44260
44271
44285
44296
44310
44321
44334
44346
44359
44370
44384
44395
44409
44420
44433
44445
44458
44470
44483
44494
44508
44519
44535
44550
44566
44581
44597
44612
44628
44643
44659
44674
44690
44705
44721
44736
44752
44767
44783
44798
44814
44829
44846
44860
44877
44887
44895
44906
44914
44925
44933
44944
44952
44963
44971
44982
44990
45001
45009
45020
45028
45039
45047
45058
45066
45077
45085
45096
45104
45115
45123
45134
45142
45153
45161
45172
45180
45191
45199
45210
45218
45228
45239
45249
45261
45271
45283
45293
45305
45315
45327
45337
45348
45358
45370
45380
45392
45402
45414
45424
45436
45446
45458
45468
45478
45490
45500
45512
45522
45534
45544
45556
45566
45578
45588
45598
45610
45620
45632
45642
45654
45664
45676
45686
45698
45708
45718
45730
45740
45752
45762
45774
45784
45796
45806
45818
45828
45838
45850
45860
45872
45882
45894
45904
45918
45930
45945
45957
45972
45984
45999
46011
46026
46038
46053
46065
46080
46092
46107
46119
46134
46146
46161
46173
46188
46200
46215
46227
46242
46254
46269
46281
46296
46308
46323
46335
46350
46362
46377
46389
46404
46416
46431
46443
46458
46470
46485
46497
46512
46524
46539
46551
46566
46578
46593
46605
46620
46632
46647
46659
46674
46686
46701
46714
46726
46739
46751
46764
46776
46789
46801
46815
46826
46840
46851
46865
46876
46890
46902
46915
46927
46940
46952
46965
46977
46991
47002
47016
47027
47041
47052
47066
47077
47091
47103
47116
47135
47152
47171
47188
47208
47225
47244
47261
47280
47298
47317
47334
47353
47370
47390
47407
47426
47443
47462
47480
47499
47516
47535
47553
47572
47589
47608
47625
47645
47662
47681
47698
47717
47735
47754
47774
47793
47814
47833
47854
47873
47894
47913
47934
47953
47974
47993
48014
48033
48054
48073
48094
48113
48134
48153
48174
48193
48214
48233
48254
48273
48294
48313
48334
48353
48373
48392
48413
48432
48453
48475
48496
48518
48539
48562
48582
48605
48626
48648
48669
48692
48712
48735
48756
48778
48799
48822
48842
48865
48886
48908
48929
48952
48972
48995
49016
49038
49059
49082
49102
49125
49146
49157
49167
49178
49188
49200
49209
49221
49231
49242
49252
49264
49273
49285
49295
49306
49316
49328
49337
49349
49358
49370
49380
49391
49401
49413
49422
49434
49444
49455
49465
49477
49486
49498
49508
49519
49533
49545
49559
49571
49585
49597
49611
49623
49637
49649
49663
49675
49689
49701
49715
49727
49741
49753
49767
49779
49793
49805
49819
49831
49845
49857
49871
49883
49897
49909
49923
49935
49949
49961
49975
49987
50001
50013
50027
50039
