13
24
37
48
62
73
86
97
110
122
135
146
159
170
184
195
208
219
232
244
257
268
281
292
306
317
330
341
355
366
379
390
403
415
428
439
452
463
477
488
501
512
525
537
550
561
574
585
599
610
623
634
647
659
672
683
696
708
723
737
753
767
782
796
812
826
842
855
871
885
901
915
930
944
960
974
990
1003
1019
1033
1049
1063
1078
1092
1108
1122
1138
1151
1167
1181
1197
1211
1226
1240
1256
1270
1286
1299
1315
1329
1345
1359
1374
1388
1404
1418
1434
1447
1463
1477
1493
1507
1522
1536
1552
1566
1581
1595
1611
1625
1641
1654
1670
1683
1694
1707
1718
1731
1742
1755
1766
1779
1790
1803
1814
1827
1838
1851
1862
1875
1886
1899
1910
1923
1934
1947
1958
1971
1982
1995
2006
2019
2030
2043
2054
2067
2078
2091
2102
2115
2126
2139
2150
2163
2174
2187
2200
2212
2225
2237
2251
2262
2276
2288
2301
2313
2327
2338
2352
2364
2377
2389
2402
2414
2428
2439
2453
2465
2478
2490
2504
2515
2529
2541
2554
2566
2579
2591
2605
2616
2630
2642
2655
2667
2681
2692
2706
2718
2731
2743
2757
2768
2782
2793
2807
2819
2832
2844
2858
2869
2883
2895
2908
2920
2934
2945
2959
2970
2984
2996
3009
3021
3035
3046
3060
3072
3085
3097
3111
3122
3136
3149
3160
3173
3184
3197
3208
3221
3232
3245
3257
3270
3281
3294
3305
3318
3329
3342
3353
3367
3378
3391
3402
3415
3426
3439
3450
3463
3475
3488
3499
3512
3523
3536
3547
3560
3571
3585
3596
3609
3620
3633
3644
3657
3668
3681
3693
3706
3717
3730
3741
3754
3765
3778
3793
3806
3821
3835
3850
3863
3878
3892
3907
3920
3936
3949
3964
3978
3992
4007
4020
4036
4049
4064
4078
4092
4107
4120
4136
4152
4166
4182
4197
4213
4227
4244
4258
4274
4288
4305
4319
4335
4350
4366
4380
4396
4411
4427
4441
4458
4472
4488
4502
4519
4533
4549
4564
4580
4594
4610
4625
4641
4655
4672
4686
4702
4716
4733
4747
4763
4778
4794
4808
4824
4839
4855
4869
4884
4897
4912
4925
4940
4954
4969
4982
4997
5010
5026
5039
5054
5067
5082
5095
5111
5124
5139
5152
5167
5181
5196
5209
5224
5237
5252
5266
5281
5294
5308
5320
5334
5346
5360
5372
5386
5398
5412
5424
5438
5450
5464
5476
5490
5502
5516
5528
5542
5554
5568
5580
5594
5607
5621
5633
5647
5659
5673
5685
5699
5711
5725
5737
5751
5763
5777
5789
5805
5819
5835
5849
5865
5879
5895
5909
5926
5940
5956
5970
5986
6000
6016
6030
6046
6061
6077
6091
6106
6119
6134
6147
6162
6175
6190
6203
6218
6231
6246
6259
6274
6287
6302
6315
6330
6343
6358
6371
6386
6399
6414
6427
6442
6455
6470
6483
6498
6511
6526
6539
6552
6564
6578
6589
6603
6615
6628
6640
6654
6665
6679
6691
6705
6716
6730
6742
6755
6767
6781
6792
6806
6818
6832
6843
6857
6869
6884
6896
6911
6923
6937
6950
6964
6977
6991
7003
7018
7030
7045
7057
7071
7084
7098
7111
7125
7137
7152
7164
7179
7191
7206
7218
7232
7245
7259
7272
7286
7298
7313
7325
7340
7352
7366
7379
7393
7406
7420
7432
7447
7459
7474
7486
7500
7513
7527
7540
7554
7567
7581
7593
7608
7620
7635
7647
7661
7674
7688
7701
7715
7727
7742
7754
7769
7781
7796
7810
7825
7839
7854
7868
7883
7897
7913
7926
7942
7955
7971
7984
8000
8014
8029
8043
8058
8072
8087
8101
8116
8130
8146
8159
8175
8189
8202
8216
8229
8243
8256
8270
8283
8297
8310
8324
8337
8351
8364
8378
8391
8405
8418
8432
8445
8459
8472
8486
8499
8513
8526
8540
8553
8567
8580
8594
8607
8621
8634
8648
8661
8675
8688
8703
8715
8730
8742
8757
8769
8784
8796
8811
8823
8838
8850
8865
8877
8892
8904
8919
8931
8946
8958
8973
8985
9000
9012
9027
9039
9054
9066
9081
9093
9107
9120
9135
9148
9163
9176
9190
9203
9218
9231
9246
9259
9274
9286
9301
9314
9329
9342
9357
9370
9384
9397
9412
9425
9440
9453
9468
9480
9495
9508
9523
9536
9551
9564
9578
9591
9606
9619
9634
9647
9662
9675
9687
9701
9713
9727
9739
9753
9765
9778
9790
9804
9816
9830
9842
9856
9868
9881
9893
9907
9919
9933
9945
9959
9971
9984
9996
10010
10022
10036
10048
10062
10074
10087
10099
10113
10125
10139
10151
10165
10177
10190
10203
10214
10227
10238
10251
10263
10276
10287
10300
10311
10324
10336
10349
10360
10373
10384
10397
10409
10422
10433
10446
10457
10470
10482
10495
10506
10519
10530
10543
10555
10568
10579
10592
10603
10616
10628
10641
10652
10665
10676
10689
10701
10714
10725
10738
10749
10763
10774
10787
10798
10811
10822
10836
10847
10860
10871
10884
10895
10909
10920
10934
10946
10961
10973
10988
11000
11014
11027
11041
11054
11068
11080
11095
11107
11122
11134
11148
11161
11175
11188
11202
11214
11229
11241
11256
11268
11283
11295
11309
11322
11336
11349
11363
11375
11390
11402
11417
11429
11443
11456
11470
11483
11497
11509
11524
11536
11551
11563
11577
11590
11604
11617
11631
11644
11658
11670
11685
11697
11712
11724
11738
11751
11765
11778
11792
11804
11819
11831
11846
11858
11872
11885
11901
11915
11932
11946
11962
11977
11993
12007
12024
12038
12055
12069
12085
12100
12116
12130
12147
12161
12177
12192
12208
12223
12239
12253
12270
12284
12300
12315
12331
12345
12362
12376
12393
12407
12423
12438
12454
12468
12485
12499
12515
12530
12546
12561
12577
12591
12607
12621
12637
12651
12667
12681
12697
12712
12728
12742
12758
12772
12788
12802
12818
12833
12849
12863
12879
12893
12909
12923
12938
12952
12967
12981
12996
13010
13025
13039
13054
13068
13083
13097
13113
13126
13142
13155
13171
13184
13200
13213
13229
13243
13257
13273
13286
13302
13315
13331
13344
13358
13370
13384
13396
13410
13422
13436
13448
13462
13474
13488
13500
13514
13526
13540
13552
13566
13578
13592
13604
13618
13630
13644
13656
13670
13682
13696
13708
13722
13734
13748
13760
13774
13786
13800
13812
13826
13838
13852
13864
13878
13890
13904
13916
13930
13942
13956
13968
13982
13994
14008
14020
14034
14046
14060
14072
14086
14098
14112
14124
14138
14150
14164
14176
14190
14202
14216
14228
14242
14254
14268
14280
14294
14306
14320
14332
14347
14359
14373
14386
14400
14413
14427
14439
14454
14466
14481
14493
14507
14520
14534
14547
14561
14573
14588
14600
14615
14627
14641
14654
14668
14681
14694
14708
14721
14735
14747
14762
14774
14789
14801
14815
14828
14842
14855
14869
14881
14896
14908
14923
14935
14949
14962
14976
14989
15003
15016
15030
15043
15057
15070
15084
15097
15111
15124
15138
15151
15166
15178
15193
15205
15220
15232
15247
15259
15274
15286
15301
15314
15328
15341
15355
15368
15382
15395
15409
15422
15436
15449
15464
15476
15490
15503
15518
15531
15545
15558
15573
15586
15600
15613
15628
15641
15655
15668
15683
15696
15710
15723
15738
15751
15765
15778
15794
15808
15824
15838
15855
15869
15885
15899
15915
15930
15946
15960
15976
15990
16007
16021
16037
16051
16067
16082
16098
16112
16128
16143
16159
16173
16189
16203
16220
16234
16250
16264
16280
16295
16308
16324
16337
16352
16366
16381
16395
16410
16423
16439
16452
16468
16481
16496
16510
16525
16538
16554
16567
16583
16596
16611
16625
16640
16654
16669
16682
16698
16711
16727
16740
16755
16769
16784
16797
16813
16826
16842
16855
16870
16884
16899
16913
16928
16941
16957
16970
16986
16999
17014
17028
17043
17056
17072
17085
17101
17114
17129
17143
17159
17173
17189
17203
17219
17233
17249
17263
17279
17293
17309
17323
17339
17354
17370
17384
17400
17414
17430
17444
17460
17474
17490
17504
17520
17534
17551
17565
17581
17595
17611
17625
17641
17655
17671
17685
17701
17715
17731
17746
17762
17776
17792
17806
17822
17836
17852
17866
17882
17896
17912
17926
17942
17957
17973
17987
18003
18017
18033
18048
18062
18078
18092
18108
18122
18137
18151
18167
18181
18197
18211
18227
18240
18256
18270
18286
18300
18316
18330
18345
18359
18375
18389
18405
18419
18434
18448
18464
18478
18494
18508
18524
18537
18553
18567
18583
18597
18613
18627
18642
18656
18672
18686
18702
18716
18732
18745
18761
18775
18791
18805
18817
18832
18844
18858
18871
18885
18897
18912
18924
18938
18951
18965
18978
18992
19004
19019
19031
19045
19058
19072
19084
19099
19111
19126
19138
19152
19165
19179
19191
19206
19218
19232
19245
19259
19272
19286
19298
19313
19325
19339
19352
19366
19378
19393
19405
19420
19432
19446
19459
19473
19486
19500
19512
19527
19539
19554
19566
19580
19593
19607
19620
19634
19646
19661
19673
19688
19700
19715
19727
19741
19754
19768
19781
19795
19807
19822
19834
19849
19861
19875
19888
19902
19915
19930
19942
19957
19969
19984
19997
20011
20024
20039
20051
20066
20078
20093
20106
20120
20133
20148
20161
20173
20187
20198
20212
20224
20238
20249
20263
20275
20289
20300
20314
20326
20340
20351
20365
20377
20391
20402
20416
20428
20441
20453
20467
20479
20492
20504
20518
20530
20543
20555
20569
20581
20594
20606
20620
20632
20645
20657
20671
20683
20696
20708
20722
20733
20747
20759
20773
20784
20798
20810
20824
20835
20849
20861
20875
20886
20900
20912
20926
20937
20951
20963
20976
20987
21000
21011
21025
21036
21049
21060
21073
21085
21098
21109
21122
21133
21147
21158
21171
21182
21195
21207
21220
21231
21244
21255
21269
21280
21293
21304
21318
21329
21342
21353
21366
21378
21391
21402
21415
21426
21440
21451
21464
21475
21488
21500
21513
21524
21537
21548
21562
21573
21586
21597
21610
21624
21636
21651
21663
21678
21690
21705
21717
21732
21744
21759
21771
21786
21798
21813
21825
21840
21852
21867
21879
21894
21906
21921
21933
21948
21960
21975
21987
22002
22014
22029
22041
22056
22068
22083
22095
22109
22122
22137
22149
22164
22177
22191
22204
22219
22231
22246
22259
22273
22286
22301
22313
22328
22341
22355
22368
22383
22395
22410
22423
22437
22450
22465
22477
22492
22505
22519
22532
22547
22559
22574
22587
22601
22614
22629
22642
22654
22666
22679
22691
22704
22716
22729
22741
22754
22766
22779
22791
22804
22816
22829
22841
22854
22866
22879
22891
22904
22916
22929
22941
22954
22966
22979
22991
23004
23016
23029
23041
23054
23066
23079
23091
23104
23116
23129
23141
23154
23166
23179
23191
23204
23216
23229
23241
23254
23266
23279
23291
23304
23316
23329
23341
23354
23366
23379
23391
23404
23416
23429
23441
23454
23466
23481
23495
23510
23524
23539
23553
23568
23582
23597
23611
23626
23640
23655
23669
23684
23698
23713
23727
23742
23756
23771
23785
23800
23814
23829
23843
23858
23872
23887
23901
23916
23930
23945
23959
23974
23988
24003
24017
24032
24046
24061
24075
24090
24104
24119
24133
24148
24162
24178
24191
24207
24220
24236
24249
24265
24278
24294
24307
24323
24336
24350
24363
24377
24390
24404
24417
24431
24444
24458
24471
24485
24498
24512
24525
24539
24552
24566
24579
24594
24606
24621
24633
24648
24660
24675
24687
24702
24714
24729
24741
24756
24768
24783
24795
24810
24823
24837
24850
24864
24877
24891
24904
24918
24931
24945
24958
24972
24985
24999
25012
25026
25039
25054
25066
25081
25093
25108
25120
25135
25147
25162
25174
25189
25202
25213
25226
25237
25250
25261
25274
25285
25298
25309
25323
25334
25347
25358
25371
25382
25395
25406
25419
25430
25444
25455
25468
25479
25492
25503
25516
25527
25540
25551
25564
25576
25589
25600
25613
25624
25637
25648
25661
25672
25685
25697
25710
25721
25734
25745
25758
25769
25782
25793
25806
25818
25831
25842
25855
25866
25879
25890
25903
25914
25927
25939
25951
25964
25975
25988
25999
26012
26023
26037
26049
26064
26076
26091
26103
26118
26130
26145
26157
26172
26184
26199
26211
26226
26238
26253
26265
26280
26292
26307
26319
26334
26346
26361
26373
26388
26400
26415
26427
26441
26454
26468
26481
26495
26508
26522
26535
26549
26562
26576
26589
26603
26616
26630
26643
26657
26670
26684
26697
26711
26724
26738
26754
26768
26785
26799
26816
26830
26847
26861
26878
26892
26909
26923
26940
26954
26970
26985
27001
27016
27032
27047
27063
27078
27094
27109
27125
27140
27156
27170
27187
27201
27218
27232
27249
27263
27280
27294
27311
27325
27342
27356
27373
27387
27403
27418
27434
27449
27465
27480
27496
27511
27527
27542
27558
27573
27589
27602
27613
27626
27637
27650
27661
27674
27685
27698
27709
27722
27733
27746
27757
27770
27781
27794
27805
27818
27829
27842
27853
27866
27877
27890
27901
27914
27925
27938
27949
27962
27973
27986
27997
28010
28021
28034
28045
28058
28069
28082
28094
28107
28118
28131
28142
28155
28166
28179
28190
28203
28214
28227
28238
28251
28262
28275
28286
28299
28310
28323
28334
28347
28358
28371
28382
28395
28406
28419
28433
28445
28459
28472
28486
28498
28512
28525
28539
28551
28566
28578
28592
28604
28619
28631
28645
28657
28672
28684
28698
28711
28725
28737
28751
28764
28778
28790
28804
28817
28831
28843
28858
28870
28884
28896
28911
28923
28937
28949
28964
28976
28990
29003
29017
29029
29043
29056
29070
29082
29096
29109
29123
29135
29150
29162
29176
29188
29203
29215
29229
29242
29256
29268
29282
29295
29309
29322
29333
29346
29357
29371
29382
29395
29406
29419
29431
29444
29455
29468
29479
29493
29504
29517
29528
29541
29553
29566
29577
29590
29601
29615
29626
29639
29650
29664
29675
29688
29699
29712
29724
29737
29748
29761
29772
29786
29797
29810
29821
29834
29846
29859
29870
29883
29898
29911
29927
29940
29956
29969
29984
29998
30013
30027
30042
30055
30071
30084
30100
30113
30128
30142
30157
30171
30186
30199
30215
30228
30244
30257
30272
30286
30301
30315
30330
30343
30359
30372
30388
30401
30417
30430
30445
30459
30474
30488
30503
30516
30532
30545
30561
30574
30589
30603
30618
30632
30647
30660
30674
30686
30700
30712
30726
30738
30752
30764
30778
30790
30804
30816
30830
30842
30856
30868
30882
30894
30908
30920
30934
30946
30960
30972
30986
30998
31012
31024
31038
31050
31064
31076
31090
31102
31116
31128
31142
31154
31169
31181
31196
31208
31223
31235
31250
31262
31277
31289
31304
31316
31331
31343
31358
31370
31385
31397
31412
31424
31439
31451
31466
31478
31493
31505
31520
31532
31546
31559
31573
31586
31600
31613
31627
31643
31657
31673
31687
31704
31718
31734
31748
31765
31779
31795
31809
31826
31840
31856
31870
31887
31901
31917
31931
31948
31962
31978
31992
32009
32023
32039
32053
32070
32084
32100
32114
32131
32145
32161
32175
32188
32199
32212
32223
32236
32248
32261
32272
32285
32296
32310
32321
32334
32345
32358
32369
32383
32394
32407
32418
32431
32443
32456
32467
32480
32491
32504
32516
32529
32540
32553
32564
32578
32589
32602
32613
32626
32637
32651
32662
32675
32686
32699
32711
32724
32735
32748
32759
32772
32784
32797
32808
32821
32832
32846
32857
32870
32881
32894
32905
32919
32930
32943
32954
32967
32979
32992
33003
33016
33027
33040
33052
33065
33076
33089
33102
33113
33126
33138
33151
33162
33176
33187
33200
33212
33225
33236
33249
33261
33274
33285
33299
33310
33323
33335
33348
33359
33373
33384
33397
33409
33421
33434
33445
33459
33470
33483
33495
33508
33519
33533
33544
33557
33569
33581
33595
33607
33621
33633
33647
33659
33674
33686
33700
33712
33726
33738
33752
33765
33779
33791
33805
33817
33831
33843
33858
33870
33884
33896
33910
33922
33936
33949
33963
33975
33989
34001
34015
34027
34042
34054
34068
34080
34094
34106
34120
34133
34147
34159
34173
34185
34199
34211
34226
34238
34252
34264
34278
34290
34304
34317
34331
34343
34357
34369
34383
34395
34410
34422
34437
34451
34466
34480
34496
34509
34525
34539
34554
34568
34583
34597
34613
34626
34642
34656
34671
34685
34701
34714
34730
34743
34759
34773
34788
34802
34818
34831
34847
34861
34876
34890
34905
34919
34935
34948
34964
34978
34993
35008
35022
35037
35051
35067
35080
35096
35109
35125
35139
35154
35168
35184
35197
35213
35226
35242
35256
35271
35285
35300
35314
35330
35343
35359
35373
35388
35402
35417
35430
35445
35458
35473
35486
35502
35515
35530
35543
35558
35571
35586
35600
35615
35628
35643
35656
35671
35685
35700
35713
35728
35741
35756
35769
35785
35798
35813
35826
35841
35854
35869
35883
35898
35911
35925
35938
35952
35965
35979
35992
36006
36019
36033
36046
36060
36073
36087
36100
36114
36127
36141
36154
36169
36181
36196
36208
36223
36235
36250
36262
36277
36289
36304
36316
36331
36343
36358
36370
36385
36398
36412
36425
36439
36452
36466
36479
36493
36506
36520
36533
36547
36560
36574
36587
36601
36614
36629
36641
36656
36668
36683
36695
36710
36722
36737
36749
36764
36776
36791
36805
36817
36831
36843
36857
36869
36883
36895
36909
36921
36935
36947
36961
36973
36987
36999
37013
37026
37040
37052
37066
37078
37092
37104
37118
37130
37144
37156
37170
37182
37196
37208
37222
37234
37249
37261
37275
37287
37301
37313
37327
37339
37353
37365
37379
37391
37405
37417
37431
37443
37457
37469
37484
37496
37510
37522
37536
37548
37562
37574
37588
37600
37614
37626
37640
37652
37666
37678
37691
37702
37715
37726
37740
37751
37764
37775
37788
37800
37813
37824
37837
37849
37862
37873
37886
37897
37911
37922
37935
37946
37960
37971
37984
37995
38008
38020
38033
38044
38057
38069
38082
38093
38106
38118
38131
38142
38156
38167
38180
38192
38205
38216
38230
38241
38254
38266
38279
38290
38304
38315
38328
38340
38353
38364
38378
38389
38402
38413
38427
38438
38451
38463
38476
38487
38501
38512
38525
38537
38550
38561
38575
38586
38599
38611
38624
38635
38649
38660
38673
38685
38698
38709
38722
38734
38747
38758
38772
38783
38796
38808
38821
38832
38846
38857
38870
38882
38895
38908
38920
38934
38946
38960
38972
38986
38998
39012
39024
39037
39049
39063
39075
39089
39101
39115
39127
39141
39153
39166
39178
39192
39204
39218
39230
39244
39256
39270
39282
39295
39307
39321
39333
39347
39359
39373
39385
39399
39411
39425
39436
39450
39462
39477
39490
39506
39519
39535
39548
39563
39577
39592
39606
39621
39634
39650
39663
39679
39692
39707
39721
39736
39750
39765
39778
39794
39807
39823
39836
39851
39865
39880
39894
39909
39922
39938
39951
39967
39980
39996
40009
40024
40038
40053
40067
40082
40095
40111
40124
40140
40153
40168
40182
40197
40211
40227
40240
40256
40270
40285
40299
40315
40328
40344
40358
40373
40387
40403
40416
40432
40446
40461
40475
40491
40504
40520
40534
40549
40563
40579
40592
40608
40622
40637
40651
40667
40680
40696
40710
40725
40739
40755
40768
40784
40798
40813
40827
40840
40851
40864
40876
40889
40900
40914
40925
40938
40950
40963
40974
40987
40999
41012
41023
41037
41048
41061
41073
41086
41097
41111
41122
41135
41147
41159
41172
41183
41197
41208
41221
41233
41246
41257
41271
41282
41295
41307
41319
41332
41343
41357
41368
41381
41393
41406
41417
41431
41442
41455
41467
41479
41492
41503
41517
41528
41541
41553
41566
41577
41591
41602
41615
41627
41639
41652
41663
41677
41688
41701
41713
41729
41743
41759
41773
41789
41803
41820
41834
41850
41864
41880
41894
41910
41925
41941
41955
41971
41985
42001
42016
42032
42046
42062
42076
42092
42106
42123
42137
42153
42167
42183
42197
42213
42228
42244
42258
42274
42288
42304
42319
42335
42349
42365
42378
42390
42403
42415
42428
42440
42453
42465
42478
42490
42504
42515
42529
42540
42554
42565
42579
42590
42604
42616
42629
42641
42654
42666
42679
42691
42704
42716
42730
42741
42755
42766
42780
42791
42805
42816
42830
42841
42855
42867
42880
42892
42905
42917
42930
42942
42955
42967
42981
42992
43006
43017
43031
43042
43056
43067
43081
43093
43106
43118
43131
43143
43156
43168
43181
43193
43207
43218
43232
43243
43257
43268
43282
43293
43307
43321
43334
43349
43361
43376
43389
43403
43416
43431
43443
43458
43471
43486
43498
43513
43526
43540
43553
43568
43580
43595
43608
43623
43635
43650
43663
43677
43690
43705
43717
43732
43745
43760
43772
43787
43800
43814
43827
43842
43854
43869
43882
43897
43909
43924
43937
43951
43966
43980
43996
44010
44026
44040
44056
44070
44086
44100
44116
44130
44146
44159
44175
44189
44205
44219
44235
44249
44265
44279
44295
44309
44325
44340
44354
44369
44383
44398
44412
44427
44441
44456
44470
44485
44499
44514
44528
44543
44557
44572
44586
44602
44615
44631
44644
44660
44673
44689
44702
44718
44731
44747
44760
44776
44789
44805
44818
44834
44848
44863
44877
44892
44906
44921
44935
44950
44964
44979
44993
45008
45022
45037
45051
45066
45080
45095
45109
45121
45135
45147
45161
45173
45187
45199
45213
45225
45239
45251
45265
45277
45291
45303
45317
45330
45344
45356
45370
45382
45396
45408
45422
45434
45448
45460
45474
45486
45500
45512
45526
45538
45553
45565
45579
45591
45605
45617
45631
45643
45657
45669
45683
45695
45709
45721
45735
45750
45763
45778
45791
45806
45820
45835
45848
45863
45876
45892
45905
45920
45933
45948
45961
45977
45990
46005
46018
46033
46047
46062
46075
46087
46101
46113
46127
46139
46153
46165
46179
46190
46204
46216
46230
46242
46256
46268
46282
46294
46307
46319
46333
46345
46359
46371
46385
46397
46411
46422
46436
46448
46462
46474
46488
46500
46514
46526
46539
46551
46565
46577
46591
46603
46617
46629
46643
46654
46668
46680
46694
46706
46720
46732
46746
46758
46771
46786
46799
46815
46828
46843
46857
46872
46886
46901
46914
46930
46943
46959
46972
46987
47001
47016
47029
47045
47058
47074
47087
47102
47116
47131
47145
47160
47173
47189
47202
47218
47232
47244
47259
47271
47286
47298
47313
47325
47340
47352
47367
47379
47394
47406
47421
47433
47448
47460
47475
47487
47502
47514
47529
47541
47556
47568
47583
47595
47610
47622
47637
47649
47664
47676
47691
47703
47718
47731
47742
47755
47766
47779
47790
47803
47814
47827
47838
47851
47862
47875
47886
47899
47910
47923
47934
47947
47958
47971
47982
47995
48006
48019
48030
48043
48054
48067
48080
48092
48105
48117
48131
48142
48156
48168
48181
48193
48206
48218
48232
48243
48257
48269
48282
48294
48307
48319
48333
48344
48358
48370
48383
48395
48409
48420
48434
48445
48459
48471
48484
48496
48510
48521
48535
48547
48559
48573
48584
48598
48610
48622
48633
48646
48657
48670
48681
48694
48705
48718
48729
48742
48753
48766
48777
48790
48801
48814
48825
48838
48849
48862
48873
48886
48897
48910
48921
48934
48944
48957
48968
48981
48992
49005
49016
49029
49040
49053
49064
49077
49088
49101
49112
49127
49141
49156
49170
49185
49199
49214
49228
49243
49257
49272
49286
49302
49315
49331
49344
49360
49373
49389
49402
49418
49432
49446
49462
49475
49491
49504
49520
49533
49549
49562
49578
49592
49606
49622
49635
49651
49664
49680
49693
49709
49722
49738
49752
49766
49782
49795
49811
49824
49840
49854
49867
49881
49894
49908
49921
49935
49948
49963
49975
49990
50002
50017
50029
50044
50056
50071
50084
50098
50111
50125
50138
50152
50165
50179
50192
50207
50219
50234
50246
50261
50273
50288
50301
50315
50328
50342
50355
50369
50382
