11
21
32
42
54
63
75
84
96
106
117
127
138
148
160
169
181
190
202
212
223
233
245
254
266
275
287
297
308
318
329
339
351
360
372
381
393
403
414
424
436
445
457
466
478
488
499
509
520
530
542
551
563
572
581
589
599
607
617
625
635
642
652
660
670
678
688
696
706
713
723
731
741
749
759
767
776
784
794
802
812
820
830
838
847
855
865
873
883
891
901
909
918
926
936
944
954
962
972
979
989
997
1007
1015
1025
1033
1043
1050
1060
1068
1078
1086
1096
1104
1114
1121
1131
1139
1146
1152
1160
1165
1173
1179
1187
1192
1200
1206
1213
1219
1227
1233
1240
1246
1254
1260
1267
1273
1281
1286
1294
1300
1308
1313
1321
1327
1334
1340
1348
1354
1361
1367
1375
1381
1388
1394
1402
1407
1415
1421
1429
1434
1442
1448
1455
1461
1469
1475
1482
1488
1496
1502
1509
1515
1523
1528
1536
1542
1550
1555
1563
1569
1576
1582
1590
1596
1603
1609
1617
1623
1630
1636
1644
1649
1657
1663
1671
1676
1684
1690
1697
1703
1711
1717
1724
1730
1738
1744
1751
1757
1765
1770
1778
1784
1792
1797
1805
1811
1818
1824
1832
1838
1845
1851
1859
1865
1872
1878
1886
1891
1899
1905
1913
1918
1926
1932
1939
1945
1953
1959
1966
1972
1980
1986
1993
1999
2007
2012
2020
2026
2046
2064
2084
2103
2123
2141
2161
2180
2200
2218
2238
2257
2277
2295
2315
2334
2354
2372
2392
2411
2431
2449
2470
2488
2508
2526
2547
2565
2585
2603
2624
2642
2662
2680
2701
2719
2739
2757
2778
2807
2834
2863
2890
2919
2947
2976
3003
3032
3059
3088
3116
3145
3172
3201
3228
3257
3285
3314
3341
3370
3397
3426
3454
3483
3510
3517
3523
3531
3536
3544
3550
3558
3563
3571
3577
3585
3590
3598
3604
3612
3617
3625
3631
3639
3644
3652
3658
3666
3671
3679
3685
3693
3698
3706
3712
3720
3725
3733
3739
3747
3752
3760
3766
3774
3779
3787
3793
3801
3806
3814
3820
3828
3833
3841
3847
3855
3860
3868
3874
3881
3887
3895
3901
3908
3914
3922
3928
3935
3941
3949
3955
3962
3968
3976
3982
3989
3995
4003
4009
4016
4022
4030
4036
4043
4049
4057
4063
4070
4076
4084
4090
4097
4103
4111
4117
4124
4130
4155
4179
4204
4228
4254
4277
4303
4327
4352
4376
4402
4425
4451
4474
4500
4524
4549
4573
4599
4622
4648
4672
4697
4721
4747
4770
4796
4819
4845
4869
4877
4883
4891
4897
4906
4912
4920
4926
4934
4941
4949
4955
4963
4969
4978
4984
4992
4998
5006
5013
5021
5027
5035
5041
5050
5056
5064
5070
5079
5085
5093
5099
5107
5114
5122
5128
5136
5142
5151
5157
5165
5171
5179
5186
5194
5200
5208
5214
5223
5229
5237
5243
5251
5258
5266
5272
5280
5287
5295
5301
5309
5315
5324
5330
5338
5344
5352
5359
5367
5373
5381
5387
5396
5402
5410
5416
5424
5431
5439
5445
5453
5459
5468
5474
5482
5488
5497
5503
5511
5517
5525
5532
5540
5546
5554
5560
5569
5575
5583
5589
5597
5604
5612
5618
5626
5632
5641
5647
5655
5684
5712
5741
5769
5798
5826
5855
5883
5912
5940
5969
5997
6026
6054
6083
6111
6140
6168
6177
6185
6195
6203
6213
6221
6231
6239
6248
6256
6266
6274
6284
6292
6302
6310
6320
6328
6336
6346
6354
6364
6372
6382
6390
6400
6408
6416
6426
6434
6444
6452
6462
6470
6480
6488
6496
6506
6514
6524
6532
6542
6550
6560
6568
6576
6586
6594
6604
6612
6622
6630
6640
6648
6656
6666
6674
6684
6692
6702
6710
6720
6728
6736
6746
6754
6764
6772
6782
6790
6800
6808
6816
6826
6834
6844
6852
6862
6870
6880
6888
6920
6950
6982
7012
7044
7074
7106
7136
7168
7198
7230
7260
7292
7322
7354
7384
7391
7397
7404
7410
7418
7423
7431
7437
7444
7450
7457
7463
7471
7476
7484
7490
7497
7503
7510
7516
7524
7529
7537
7543
7550
7556
7563
7569
7577
7582
7590
7596
7603
7609
7616
7622
7630
7635
7643
7649
7656
7662
7669
7675
7683
7688
7696
7702
7709
7715
7722
7728
7736
7741
7749
7755
7762
7768
7775
7781
7789
7794
7802
7808
7815
7821
7828
7834
7842
7847
7876
7903
7932
7960
7989
8016
8046
8073
8102
8130
8159
8186
8215
8243
8272
8299
8329
8356
8385
8413
8442
8469
8498
8526
8555
8582
8612
8639
8649
8657
8667
8675
8685
8693
8703
8711
8721
8729
8739
8747
8757
8765
8775
8783
8793
8801
8811
8819
8829
8837
8847
8855
8865
8873
8883
8891
8901
8909
8919
8927
8937
8945
8955
8963
8973
8981
8991
8999
9009
9017
9027
9035
9046
9054
9064
9072
9082
9090
9100
9108
9118
9126
9136
9144
9154
9162
9172
9180
9190
9198
9211
9222
9235
9246
9259
9270
9284
9295
9308
9319
9332
9343
9356
9368
9381
9392
9405
9416
9429
9440
9454
9465
9478
9489
9502
9513
9526
9538
9551
9562
9575
9586
9599
9610
9624
9635
9648
9659
9672
9683
9696
9708
9721
9732
9745
9756
9769
9780
9794
9805
9818
9829
9842
9853
9867
9878
9891
9902
9915
9926
9939
9951
9964
9975
9988
9999
10012
10023
10037
10048
10061
10072
10085
10096
10109
10121
10129
10135
10143
10149
10157
10163
10171
10177
10185
10191
10199
10205
10213
10219
10227
10234
10242
10248
10256
10262
10270
10276
10284
10290
10298
10304
10312
10318
10326
10332
10340
10347
10355
10361
10369
10375
10383
10389
10397
10403
10411
10417
10425
10431
10439
10445
10453
10460
10468
10474
10482
10488
10496
10502
10510
10516
10524
10530
10538
10544
10552
10558
10566
10573
10581
10587
10595
10601
10609
10615
10623
10629
10637
10643
10651
10657
10665
10671
10679
10686
10694
10700
10708
10714
10722
10728
10736
10742
10750
10756
10764
10770
10778
10784
10792
10799
10807
10813
10821
10827
10835
10841
10849
10855
10863
10869
10877
10883
10892
10900
10910
10917
10927
10935
10945
10952
10962
10970
10979
10987
10997
11005
11014
11022
11032
11039
11049
11057
11067
11074
11084
11092
11101
11109
11119
11127
11136
11144
11154
11161
11171
11179
11189
11196
11206
11214
11223
11231
11241
11249
11258
11266
11276
11283
11293
11301
11311
11318
11328
11364
11399
11436
11471
11508
11542
11579
11614
11651
11686
11723
11757
11794
11829
11866
11901
11937
11972
12009
12044
12053
12060
12070
12077
12086
12094
12103
12110
12120
12127
12136
12144
12153
12160
12170
12177
12187
12194
12203
12211
12220
12227
12237
12244
12253
12261
12270
12277
12287
12294
12304
12311
12320
12328
12337
12344
12354
12361
12370
12378
12387
12394
12404
12411
12421
12428
12437
12445
12454
12461
12471
12478
12487
12495
12504
12511
12521
12528
12538
12545
12554
12562
12571
12578
12588
12595
12604
12612
12621
12628
12638
12645
12655
12662
12671
12679
12688
12695
12705
12712
12721
12729
12738
12745
12755
12762
12772
12779
12788
12796
12805
12812
12822
12829
12838
12846
12854
12861
12870
12876
12885
12892
12901
12907
12916
12923
12932
12938
12947
12954
12962
12969
12978
12985
12993
13000
13009
13016
13024
13031
13040
13047
13055
13062
13071
13077
13086
13093
13102
13108
13117
13124
13133
13139
13148
13155
13164
13170
13179
13186
13194
13201
13210
13217
13225
13232
13241
13248
13256
13263
13272
13278
13287
13294
13303
13309
13318
13325
13334
13340
13349
13356
13365
13371
13380
13387
13395
13402
13411
13418
13426
13433
13442
13449
13457
13464
13473
13480
13488
13495
13504
13510
13519
13526
13535
13541
13550
13557
13566
13572
13581
13591
13599
13609
13617
13628
13636
13646
13654
13664
13673
13683
13691
13701
13709
13720
13728
13738
13746
13756
13765
13775
13783
13793
13802
13812
13820
13830
13838
13849
13857
13867
13875
13885
13894
13904
13912
13922
13930
13941
13949
13959
13967
13978
13986
13996
14004
14014
14023
14033
14041
14051
14059
14070
14078
14088
14096
14106
14115
14125
14133
14141
14148
14157
14164
14173
14179
14188
14195
14204
14211
14219
14226
14235
14242
14251
14258
14265
14274
14281
14290
14297
14305
14312
14321
14328
14337
14343
14352
14359
14368
14375
14383
14390
14399
14406
14415
14422
14430
14437
14446
14453
14462
14468
14477
14484
14493
14500
14508
14515
14524
14531
14540
14547
14555
14562
14571
14578
14587
14593
14602
14609
14618
14625
14633
14640
14667
14692
14719
14745
14772
14797
14824
14850
14877
14902
14929
14955
14982
15007
15034
15060
15087
15112
15139
15165
15192
15217
15244
15270
15297
15322
15349
15375
15402
15427
15455
15480
15491
15500
15511
15520
15531
15540
15551
15560
15571
15581
15592
15601
15612
15621
15632
15641
15652
15661
15673
15682
15693
15702
15713
15722
15733
15742
15753
15763
15774
15783
15794
15803
15814
15823
15834
15843
15855
15864
15875
15884
15895
15904
15915
15924
15935
15945
15956
15965
15976
15985
15996
16005
16016
16025
16037
16046
16057
16066
16077
16086
16097
16106
16117
16127
16138
16147
16158
16167
16190
16211
16234
16255
16278
16299
16322
16344
16367
16388
16411
16432
16455
16476
16500
16521
16544
16565
16588
16609
16632
16654
16677
16698
16721
16742
16765
16786
16810
16831
16854
16865
16875
16887
16897
16909
16919
16930
16940
16952
16962
16974
16984
16995
17005
17017
17027
17039
17049
17060
17070
17082
17092
17104
17114
17126
17135
17147
17157
17169
17179
17191
17200
17212
17222
17234
17244
17256
17265
17277
17287
17299
17309
17321
17330
17342
17352
17364
17374
17386
17396
17407
17417
17429
17439
17451
17461
17472
17482
17494
17504
17516
17526
17537
17547
17559
17569
17581
17591
17602
17612
17624
17634
17646
17656
17668
17677
17689
17699
17711
17721
17733
17742
17754
17764
17776
17783
17789
17797
17802
17810
17816
17823
17829
17837
17842
17850
17856
17863
17869
17877
17882
17890
17896
17903
17909
17917
17922
17930
17936
17944
17949
17957
17963
17970
17976
17984
17989
17997
18003
18010
18016
18024
18029
18037
18043
18050
18056
18064
18069
18077
18083
18091
18096
18104
18110
18117
18123
18131
18136
18144
18150
18157
18163
18171
18176
18184
18190
18197
18203
18211
18216
18224
18230
18238
18243
18251
18258
18264
18272
18278
18286
18292
18300
18306
18314
18320
18327
18333
18341
18347
18355
18361
18369
18375
18383
18389
18396
18402
18410
18416
18424
18430
18438
18444
18452
18458
18465
18471
18479
18485
18493
18499
18507
18513
18521
18527
18534
18540
18548
18554
18562
18568
18576
18582
18590
18596
18603
18609
18617
18623
18631
18637
18645
18651
18659
18665
18672
18678
18686
18692
18700
18706
18714
18720
18728
18734
18741
18747
18755
18761
18769
18775
18783
18789
18797
18803
18810
18816
18824
18830
18838
18844
18852
18858
18866
18872
18879
18885
18893
18899
18907
18913
18921
18927
18935
18941
18948
18954
18962
18968
18976
18982
18990
18996
19004
19010
19017
19023
19031
19037
19045
19051
19059
19065
19073
19079
19086
19092
19100
19106
19114
19120
19128
19153
19176
19202
19225
19251
19274
19300
19323
19348
19372
19397
19421
19446
19470
19495
19519
19544
19567
19593
19616
19642
19665
19691
19714
19739
19763
19773
19782
19792
19801
19811
19820
19831
19839
19850
19859
19868
19879
19887
19898
19907
19916
19927
19935
19946
19955
19964
19975
19983
19994
20003
20012
20023
20031
20042
20051
20060
20071
20079
20090
20099
20108
20119
20127
20138
20147
20156
20167
20175
20186
20195
20204
20215
20223
20234
20243
20252
20263
20271
20282
20291
20300
20311
20319
20330
20339
20348
20359
20367
20378
20387
20396
20407
20415
20426
20435
20444
20455
20463
20474
20483
20492
20503
20511
20522
20531
20540
20551
20559
20570
20579
20588
20599
20607
20618
20627
20636
20647
20655
20666
20675
20684
20703
20720
20740
20757
20777
20794
20814
20831
20850
20868
20887
20905
20924
20942
20961
20978
20998
21015
21035
21052
21072
21089
21108
21126
21145
21163
21182
21200
21219
21236
21256
21273
21293
21310
21330
21347
21367
21384
21403
21421
21440
21458
21477
21516
21553
21592
21629
21669
21706
21745
21782
21821
21859
21898
21935
21974
22012
22051
22088
22127
22135
22142
22151
22158
22167
22174
22182
22189
22198
22205
22214
22221
22230
22236
22245
22252
22261
22268
22277
22283
22292
22299
22308
22315
22324
22331
22339
22346
22355
22362
22371
22378
22386
22393
22402
22409
22418
22425
22434
22440
22449
22456
22465
22472
22481
22488
22496
22503
22512
22519
22528
22535
22543
22550
22559
22566
22575
22582
22591
22597
22606
22613
22622
22629
22638
22644
22653
22660
22669
22676
22685
22692
22700
22707
22716
22723
22732
22739
22754
22767
22782
22795
22810
22823
22839
22852
22867
22880
22895
22908
22923
22937
22952
22965
22980
22993
23008
23022
23037
23050
23065
23078
23093
23106
23122
23135
23150
23163
23178
23191
23206
23220
23235
23248
23263
23276
23291
23305
23320
23333
23348
23361
23376
23389
23405
23418
23433
23446
23461
23474
23489
23503
23518
23531
23546
23559
23574
23588
23603
23614
23624
23636
23645
23657
23667
23678
23688
23700
23710
23721
23731
23743
23752
23764
23774
23785
23795
23807
23817
23828
23838
23850
23859
23871
23881
23893
23902
23914
23924
23935
23945
23957
23966
23978
23988
24000
24009
24021
24031
24042
24052
24064
24074
24085
24095
24107
24116
24128
24138
24149
24159
24171
24181
24192
24202
24214
24223
24235
24245
24256
24266
24278
24286
24292
24300
24306
24314
24320
24329
24335
24343
24349
24357
24363
24372
24378
24386
24392
24400
24406
24414
24421
24429
24435
24443
24449
24457
24464
24472
24478
24486
24492
24500
24506
24515
24521
24529
24535
24543
24549
24558
24564
24572
24578
24586
24592
24601
24607
24615
24621
24629
24635
24643
24650
24658
24664
24672
24678
24686
24693
24701
24707
24715
24721
24729
24735
24744
24750
24758
24764
24772
24778
24787
24793
24801
24807
24815
24821
24829
24836
24844
24850
24858
24864
24872
24879
24887
24893
24901
24907
24915
24922
24930
24936
24944
24950
24958
24964
24973
24979
24987
24993
25001
25007
25016
25022
25030
25036
25044
25050
25058
25065
25073
25079
25087
25093
25101
25108
25116
25122
25130
25136
25144
25150
25159
25165
25173
25179
25187
25197
25205
25215
25223
25234
25242
25252
25260
25270
25279
25289
25297
25307
25316
25326
25334
25344
25352
25363
25371
25381
25389
25399
25408
25418
25426
25436
25445
25455
25463
25473
25481
25492
25500
25510
25518
25529
25537
25547
25555
25565
25574
25584
25592
25602
25610
25621
25629
25639
25647
25658
25666
25676
25684
25694
25703
25713
25721
25731
25739
25750
25758
25768
25776
25787
25795
25805
25813
25823
25832
25842
25850
25860
25869
25879
25887
25897
25905
25916
25924
25934
25942
25952
25961
25972
25981
25992
26001
26012
26021
26032
26041
26052
26061
26072
26081
26092
26101
26112
26121
26132
26141
26152
26161
26172
26181
26192
26201
26212
26221
26232
26241
26252
26261
26272
26281
26292
26301
26312
26321
26332
26341
26352
26362
26373
26382
26393
26402
26413
26422
26433
26442
26453
26472
26489
26508
26525
26544
26561
26580
26597
26616
26633
26652
26669
26688
26705
26724
26741
26760
26777
26796
26813
26832
26849
26869
26886
26905
26922
26941
26958
26977
26994
27013
27030
27049
27066
27085
27102
27121
27138
27157
27174
27193
27210
27229
27237
27244
27253
27260
27269
27276
27285
27292
27301
27308
27317
27323
27332
27339
27348
27355
27364
27371
27380
27387
27396
27403
27412
27418
27427
27434
27443
27450
27459
27466
27475
27482
27491
27498
27507
27513
27522
27529
27538
27545
27554
27561
27570
27577
27586
27593
27602
27608
27617
27624
27633
27640
27649
27656
27665
27673
27679
27688
27694
27703
27709
27718
27724
27733
27739
27748
27754
27763
27769
27778
27784
27792
27799
27807
27814
27822
27829
27837
27844
27852
27859
27867
27874
27882
27889
27897
27903
27912
27918
27927
27933
27942
27948
27957
27963
27972
27978
27987
27993
28002
28008
28016
28023
28031
28038
28046
28053
28061
28068
28076
28083
28091
28098
28106
28113
28121
28127
28136
28142
28151
28157
28166
28172
28181
28187
28196
28202
28211
28217
28226
28232
28240
28247
28255
28262
28270
28277
28285
28292
28300
28307
28315
28322
28330
28337
28345
28351
28360
28366
28375
28381
28390
28396
28405
28411
28420
28426
28437
28446
28457
28466
28478
28487
28498
28507
28518
28528
28539
28548
28559
28568
28580
28589
28600
28609
28621
28630
28641
28650
28661
28671
28682
28691
28702
28711
28723
28732
28743
28752
28764
28773
28784
28793
28804
28814
28825
28834
28845
28854
28866
28875
28886
28895
28906
28916
28927
28956
28984
29014
29041
29071
29099
29128
29156
29186
29214
29243
29271
29301
29328
29358
29386
29402
29417
29434
29449
29465
29480
29497
29512
29528
29543
29560
29575
29591
29606
29623
29638
29655
29669
29686
29701
29718
29732
29749
29764
29781
29795
29812
29827
29844
29859
29875
29890
29907
29922
29938
29953
29970
29985
30001
30016
30033
30048
30065
30079
30096
30111
30128
30142
30159
30174
30193
30210
30230
30247
30267
30284
30304
30321
30341
30358
30378
30395
30415
30432
30452
30469
30489
30506
30526
30543
30563
30580
30600
30617
30637
30654
30674
30691
30711
30728
30748
30765
30772
30778
30786
30792
30800
30806
30814
30819
30827
30833
30841
30847
30855
30861
30868
30874
30882
30888
30896
30902
30910
30915
30923
30929
30937
30943
30951
30957
30964
30970
30978
30984
30992
30998
31006
31011
31019
31025
31033
31039
31047
31053
31061
31066
31074
31080
31088
31094
31102
31108
31115
31121
31129
31135
31143
31149
31157
31162
31170
31176
31184
31190
31198
31204
31211
31217
31225
31231
31239
31245
31253
31258
31266
31272
31280
31286
31294
31300
31308
31313
31321
31327
31335
31341
31349
31355
31362
31368
31376
31382
31390
31396
31404
31409
31417
31423
31431
31437
31445
31451
31458
31464
31472
31478
31486
31492
31500
31505
31513
31519
31527
31533
31541
31547
31555
31560
31568
31574
31582
31588
31596
31602
31609
31615
31623
31629
31637
31643
31651
31656
31664
31670
31680
31688
31698
31706
31716
31724
31734
31742
31753
31761
31771
31779
31789
31797
31807
31815
31826
31834
31844
31852
31862
31870
31880
31888
31898
31907
31917
31925
31935
31943
31953
31961
31971
31980
31990
31998
32008
32016
32026
32034
32044
32052
32063
32071
32081
32089
32099
32107
32117
32125
32136
32144
32154
32162
32172
32180
32190
32198
32208
32217
32227
32235
32245
32253
32263
32271
32281
32290
32300
32308
32318
32326
32336
32344
32354
32363
32373
32381
32391
32399
32409
32417
32427
32435
32446
32454
32464
32472
32482
32490
32500
32508
32519
32527
32537
32545
32555
32563
32573
32581
32591
32607
32621
32637
32651
32667
32681
32697
32711
32727
32741
32757
32771
32787
32801
32817
32831
32847
32862
32878
32892
32908
32922
32938
32952
32968
32982
32998
33012
33028
33042
33058
33072
33083
33093
33105
33115
33127
33137
33149
33159
33170
33180
33192
33202
33214
33224
33236
33246
33257
33267
33279
33289
33301
33311
33323
33333
33344
33354
33366
33376
33388
33398
33410
33420
33432
33441
33453
33463
33475
33485
33497
33507
33519
33528
33540
33550
33562
33572
33584
33594
33606
33615
33627
33637
33649
33659
33671
33681
33693
33703
33714
33724
33736
33746
33758
33768
33780
33790
33801
33811
33823
33833
33845
33855
33867
33877
33887
33896
33907
33916
33927
33936
33947
33956
33967
33976
33987
33996
34007
34016
34027
34036
34047
34056
34067
34076
34087
34096
34107
34116
34126
34135
34146
34155
34166
34175
34186
34195
34206
34215
34226
34235
34246
34255
34266
34275
34286
34295
34306
34315
34326
34335
34346
34355
34365
34374
34385
34394
34405
34414
34425
34434
34445
34455
34466
34475
34486
34495
34507
34516
34527
34536
34547
34556
34568
34577
34588
34597
34608
34618
34629
34638
34649
34658
34670
34679
34690
34699
34710
34719
34731
34740
34751
34760
34771
34781
34792
34801
34812
34821
34833
34842
34853
34862
34873
34882
34894
34903
34914
34923
34934
34944
34955
34964
34975
34984
34996
35005
35016
35025
35036
35045
35057
35070
35081
35094
35106
35119
35130
35144
35155
35168
35180
35193
35204
35218
35229
35242
35254
35267
35278
35292
35303
35316
35328
35341
35352
35366
35377
35390
35401
35415
35426
35439
35451
35464
35475
35489
35500
35513
35525
35538
35549
35563
35574
35587
35599
35612
35623
35637
35648
35661
35673
35686
35697
35710
35722
35735
35746
35760
35768
35775
35784
35791
35800
35807
35816
35823
35832
35839
35848
35855
35864
35870
35879
35886
35895
35902
35911
35918
35927
35934
35943
35950
35959
35966
35975
35981
35990
35997
36006
36013
36022
36029
36038
36045
36054
36061
36070
36077
36085
36092
36101
36108
36117
36124
36133
36140
36149
36156
36165
36172
36181
36188
36196
36203
36212
36219
36228
36235
36244
36251
36260
36267
36276
36283
36292
36298
36307
36314
36323
36330
36339
36347
36353
36362
36368
36376
36383
36391
36398
36406
36412
36421
36427
36436
36442
36450
36457
36465
36472
36480
36486
36495
36501
36509
36516
36524
36531
36539
36545
36554
36560
36569
36575
36583
36590
36598
36605
36613
36619
36628
36634
36642
36649
36657
36664
36672
36678
36687
36693
36702
36708
36716
36723
36731
36738
36746
36752
36761
36767
36775
36782
36790
36797
36805
36811
36820
36826
36835
36841
36849
36856
36864
36871
36879
36885
36894
36900
36908
36915
36923
36930
36938
36944
36953
36959
36968
36974
36982
36989
36997
37004
37012
37018
37027
37033
37041
37048
37056
37063
37071
37077
37086
37092
37101
37107
37115
37122
37130
37137
37145
37151
37160
37166
37174
37181
37189
37196
37204
37210
37219
37225
37234
37240
37248
37261
37272
37285
37297
37310
37321
37335
37346
37359
37370
37384
37395
37408
37420
37433
37444
37458
37469
37482
37493
37507
37518
37531
37543
37556
37567
37580
37592
37605
37616
37630
37641
37654
37666
37679
37690
37703
37715
37728
37739
37753
37762
37769
37778
37786
37795
37802
37812
37819
37828
37836
37845
37852
37862
37869
37878
37886
37895
37902
37912
37919
37928
37936
37945
37952
37962
37969
37978
37986
37995
38002
38012
38019
38028
38036
38045
38052
38062
38069
38078
38086
38095
38102
38112
38119
38128
38136
38145
38152
38162
38169
38178
38186
38195
38202
38212
38219
38228
38235
38245
38252
38261
38269
38278
38285
38295
38302
38311
38319
38328
38335
38345
38352
38361
38369
38378
38385
38395
38402
38411
38418
38427
38434
38443
38450
38459
38467
38476
38483
38492
38499
38508
38515
38524
38532
38541
38548
38557
38564
38573
38580
38589
38597
38606
38613
38622
38629
38638
38645
38655
38662
38671
38678
38687
38694
38703
38710
38720
38727
38736
38743
38752
38759
38768
38775
38785
38792
38801
38808
38817
38824
38833
38841
38850
38857
38866
38873
38882
38889
38898
38906
38915
38922
38931
38938
38947
38954
38963
38971
38980
38987
38996
39003
39012
39019
39029
39036
39045
39052
39067
39080
39095
39108
39124
39137
39152
39165
39180
39194
39209
39222
39237
39250
39266
39279
39294
39307
39322
39336
39351
39364
39379
39392
39408
39421
39436
39449
39464
39478
39493
39506
39521
39534
39550
39563
39578
39591
39606
39620
39635
39648
39663
39676
39692
39705
39720
39733
39748
39762
39777
39790
39805
39818
39834
39847
39862
39875
39890
39900
39909
39919
39928
39939
39947
39958
39967
39977
39986
39997
40005
40016
40024
40035
40044
40054
40063
40074
40082
40093
40102
40112
40121
40131
40140
40151
40159
40170
40179
40189
40198
40209
40217
40228
40236
40247
40256
40266
40275
40286
40294
40305
40314
40324
40333
40344
40352
40363
40371
40382
40391
40401
40410
40421
40429
40440
40449
40459
40468
40478
40487
40498
40506
40517
40526
40536
40545
40556
40564
40575
40583
40594
40603
40613
40622
40633
40641
40652
40661
40671
40680
40690
40699
40710
40718
40729
40746
40761
40778
40794
40811
40826
40844
40859
40876
40892
40909
40924
40941
40957
40974
40989
41007
41022
41039
41055
41072
41087
41104
41120
41137
41152
41170
41185
41202
41218
41235
41250
41268
41283
41300
41315
41333
41348
41365
41381
41398
41413
41431
41446
41463
41479
41495
41512
41527
41545
41560
41577
41593
41610
41625
41643
41659
41675
41691
41707
41723
41739
41755
41771
41787
41803
41819
41835
41851
41867
41883
41899
41915
41931
41947
41963
41979
41995
42011
42027
42043
42059
42075
42091
42121
42150
42181
42209
42240
42269
42299
42328
42359
42388
42418
42447
42478
42506
42537
42566
42596
42625
42656
42685
42715
42744
42775
42803
42834
42863
42883
42902
42923
42941
42962
42981
43002
43020
43041
43060
43081
43099
43120
43139
43160
43178
43199
43218
43238
43257
43278
43297
43317
43336
43357
43376
43396
43405
43413
43422
43430
43440
43447
43457
43464
43474
43482
43491
43499
43509
43516
43526
43533
43543
43551
43560
43568
43578
43585
43595
43602
43612
43620
43629
43637
43646
43654
43664
43671
43681
43689
43698
43706
43715
43723
43733
43740
43750
43758
43767
43775
43784
43792
43802
43809
43819
43827
43857
43885
43915
43943
43973
44001
44031
44059
44089
44117
44147
44175
44205
44233
44263
44291
44299
44305
44313
44319
44328
44334
44342
44348
44356
44363
44371
44377
44385
44391
44400
44406
44414
44420
44429
44435
44443
44449
44457
44464
44472
44478
44486
44492
44501
44507
44515
44521
44529
44536
44544
44550
44558
44565
44573
44579
44587
44593
44602
44608
44616
44622
44630
44637
44645
44651
44659
44666
44673
44681
44687
44695
44702
44710
44716
44724
44730
44739
44745
44753
44759
44767
44774
44782
44788
44796
44803
44811
44817
44825
44831
44840
44846
44854
44860
44868
44875
44883
44889
44897
44903
44912
44918
44926
44932
44941
44947
44955
44961
44969
44982
44994
45008
45019
45033
45045
45058
45070
45084
45095
45109
45121
45134
45146
45160
45171
45185
45197
45210
45222
45236
45247
45261
45273
45286
45298
45312
45323
45337
45349
45362
45374
45388
45399
45413
45425
45438
45450
45464
45475
45489
45496
45502
45510
45516
45524
45530
45538
45544
45552
45557
45565
45571
45579
45585
45593
45599
45607
45613
45620
45626
45634
45640
45648
45654
45662
45668
45676
45681
45689
45695
45703
45709
45717
45723
45731
45737
45745
45750
45758
45764
45772
45778
45786
45792
45800
45806
45813
45819
45827
45833
45841
45847
45855
45861
45869
45874
45882
45888
45896
45902
45910
45916
45924
45930
45938
45943
45951
45957
45965
45971
45979
45985
45993
45999
46006
46012
46020
46026
46034
46040
46048
46054
46062
46067
46075
46081
46089
46095
46103
46109
46117
46123
46151
46178
46206
46233
46261
46288
46317
46343
46372
46398
46427
46454
46482
46509
46537
46564
46592
46619
46648
46674
46703
46729
46740
46749
46760
46769
46781
46790
46801
46810
46821
46831
46842
46851
46862
46871
46883
46892
46903
46912
46924
46933
46944
46953
46964
46974
46985
46994
47005
47014
47026
47035
47046
47055
47067
47076
47087
47096
47107
47117
47128
47137
47148
47157
47169
47178
47189
47198
47209
47219
47230
47239
47250
47260
47271
47280
47291
47300
47312
47321
47332
47341
47352
47362
47373
47382
47393
47403
47415
47425
47437
47447
47459
47469
47481
47492
47504
47514
47526
47536
47548
47558
47570
47581
47593
47603
47615
47625
47637
47647
47660
47670
47682
47692
47704
47714
47726
47736
47749
47759
47771
47781
47793
47803
47815
47826
47838
47851
47863
47876
47888
47901
47913
47927
47938
47952
47963
47977
47989
48002
48014
48027
48039
48053
48064
48078
48089
48103
48115
48128
48140
48153
48165
48178
48190
48204
48215
48229
48240
48254
48266
48279
48291
48304
48316
48330
48341
48355
48366
48380
48392
48405
48417
48430
48442
48455
48477
48498
48521
48542
48565
48586
48609
48630
48653
48673
48696
48717
48740
48761
48784
48805
48828
48849
48872
48892
48915
48936
48959
48980
49003
49024
49047
49056
49064
49074
49082
49092
49099
49109
49117
49127
49135
49144
49152
49162
49170
49180
49187
49197
49205
49215
49223
49232
49240
49250
49258
49268
49275
49285
49293
49303
49311
49320
49328
49338
49346
49356
49363
49373
49381
49391
49399
49408
49416
49426
49434
49444
49451
49461
49469
49479
49487
49497
49504
49514
49522
49532
49540
49549
49557
49567
49575
49585
49592
49602
49610
49620
49628
49637
49645
49655
49663
49673
49680
49690
49698
49708
49716
49725
49733
49743
49751
49761
49768
49778
49786
49796
49804
49813
49823
49831
49841
49850
49860
49868
49878
49887
49897
49905
49915
49924
49934
49942
49952
49961
49971
49979
49989
49998
50008
50016
50026
50035
50045
50053
50063
50072
50082
50090
50100
50109
50119
50127
50137
50146
50156
50164
50174
50183
50193
50201
50211
50220
50230
50238
50248
50257
