16
30
46
60
77
91
107
121
138
152
168
182
199
213
229
243
260
274
290
304
321
335
351
365
382
404
424
446
466
488
508
530
550
572
592
614
634
656
676
698
718
740
760
782
803
825
845
867
887
909
929
946
962
979
995
1012
1028
1045
1061
1078
1094
1111
1127
1144
1160
1177
1193
1210
1226
1244
1259
1277
1292
1310
1325
1341
1356
1373
1387
1404
1419
1436
1450
1467
1482
1499
1513
1530
1545
1562
1576
1593
1608
1625
1639
1656
1671
1688
1702
1719
1734
1751
1765
1782
1797
1814
1828
1845
1860
1877
1891
1909
1925
1943
1959
1978
1994
2012
2028
2047
2063
2081
2097
2116
2132
2150
2166
2185
2201
2219
2235
2254
2271
2287
2305
2321
2339
2354
2372
2388
2406
2422
2440
2455
2473
2489
2507
2523
2541
2556
2574
2590
2608
2624
2642
2657
2675
2691
2709
2725
2743
2758
2776
2800
2822
2847
2869
2893
2916
2940
2963
2987
3009
3034
3056
3081
3103
3127
3150
3174
3197
3221
3243
3268
3290
3315
3337
3361
3384
3408
3430
3451
3470
3491
3511
3532
3551
3572
3592
3613
3632
3653
3673
3694
3713
3735
3754
3775
3794
3816
3835
3856
3875
3897
3916
3937
3957
3976
3993
4012
4029
4048
4065
4084
4101
4120
4137
4156
4173
4192
4209
4228
4245
4264
4281
4300
4317
4335
4351
4369
4385
4403
4420
4438
4454
4472
4488
4506
4523
4541
4557
4575
4591
4609
4624
4638
4654
4668
4684
4697
4713
4727
4743
4757
4773
4786
4802
4816
4832
4846
4862
4875
4891
4905
4921
4935
4951
4964
4980
4994
5010
5024
5045
5064
5085
5104
5125
5144
5165
5184
5205
5225
5246
5265
5286
5305
5326
5345
5366
5385
5406
5426
5447
5466
5487
5506
5527
5546
5563
5578
5595
5610
5627
5642
5659
5674
5691
5706
5723
5739
5756
5771
5788
5803
5820
5835
5852
5867
5884
5901
5916
5933
5948
5965
5980
5998
6013
6030
6045
6062
6077
6094
6110
6127
6142
6159
6174
6191
6207
6224
6239
6256
6271
6288
6303
6321
6336
6353
6368
6385
6400
6417
6433
6450
6465
6482
6497
6514
6533
6550
6570
6587
6606
6624
6643
6660
6680
6697
6716
6734
6753
6770
6790
6807
6826
6844
6863
6884
6903
6925
6944
6966
6985
7006
7026
7047
7067
7088
7107
7129
7148
7170
7189
7210
7230
7251
7271
7292
7311
7333
7351
7367
7386
7402
7421
7437
7456
7472
7490
7507
7525
7542
7560
7577
7595
7612
7630
7646
7665
7681
7700
7716
7743
7769
7797
7823
7851
7877
7905
7931
7959
7985
8012
8038
8066
8092
8111
8128
8147
8164
8183
8201
8220
8237
8256
8273
8292
8310
8329
8346
8365
8382
8402
8419
8438
8455
8474
8492
8510
8529
8546
8565
8581
8596
8613
8628
8645
8659
8676
8691
8708
8723
8739
8754
8771
8786
8803
8817
8834
8849
8866
8881
8898
8912
8929
8944
8961
8976
8992
9007
9024
9039
9056
9070
9087
9102
9119
9134
9150
9165
9182
9198
9213
9229
9244
9260
9275
9291
9306
9322
9337
9353
9368
9384
9399
9415
9430
9446
9461
9477
9492
9509
9525
9540
9557
9572
9588
9603
9620
9635
9651
9666
9683
9698
9714
9729
9746
9761
9778
9792
9809
9824
9841
9855
9872
9887
9904
9918
9935
9950
9967
9982
9998
10013
10030
10045
10064
10082
10101
10119
10139
10156
10176
10194
10213
10231
10251
10268
10288
10306
10325
10343
10363
10380
10400
10420
10439
10460
10479
10500
10519
10540
10559
10580
10599
10620
10639
10660
10679
10700
10718
10739
10758
10779
10798
10819
10840
10859
10880
10899
10920
10939
10960
10979
11000
11019
11040
11059
11080
11099
11120
11139
11160
11179
11200
11219
11240
11259
11280
11299
11320
11339
11362
11383
11406
11427
11450
11471
11494
11515
11538
11559
11583
11604
11627
11648
11671
11692
11715
11734
11751
11770
11788
11807
11824
11843
11861
11880
11897
11916
11934
11953
11970
11989
12007
12026
12043
12063
12080
12099
12116
12136
12153
12172
12189
12209
12226
12242
12257
12274
12289
12306
12321
12338
12353
12370
12384
12401
12416
12433
12448
12465
12480
12497
12512
12528
12543
12560
12575
12592
12607
12624
12639
12656
12671
12687
12702
12719
12734
12751
12766
12783
12798
12817
12834
12853
12870
12889
12906
12925
12942
12961
12978
12998
13015
13034
13051
13070
13087
13106
13123
13142
13159
13179
13196
13215
13232
13251
13268
13287
13304
13323
13340
13360
13390
13418
13448
13477
13507
13535
13565
13594
13624
13652
13682
13711
13741
13769
13800
13828
13858
13886
13905
13922
13942
13959
13979
13996
14016
14033
14053
14070
14090
14107
14127
14144
14164
14181
14201
14218
14238
14255
14275
14292
14312
14329
14349
14366
14386
14403
14423
14440
14460
14477
14497
14513
14527
14543
14557
14573
14587
14603
14618
14634
14648
14664
14678
14694
14708
14724
14739
14755
14769
14785
14799
14815
14829
14846
14860
14877
14891
14907
14922
14938
14953
14969
14984
15000
15014
15031
15045
15062
15076
15093
15107
15123
15138
15154
15169
15185
15200
15216
15230
15247
15261
15278
15292
15308
15323
15339
15364
15388
15414
15437
15463
15487
15512
15536
15562
15585
15611
15635
15660
15684
15710
15734
15759
15783
15809
15832
15858
15882
15907
15931
15957
15980
16007
16033
16061
16086
16114
16140
16168
16193
16221
16247
16274
16300
16328
16354
16381
16407
16435
16461
16488
16514
16531
16546
16564
16579
16597
16612
16630
16645
16663
16678
16696
16711
16729
16744
16762
16777
16795
16810
16828
16843
16861
16876
16894
16909
16927
16942
16960
16975
16995
17013
17034
17052
17073
17091
17112
17130
17151
17169
17189
17208
17228
17247
17267
17286
17306
17325
17345
17363
17384
17402
17423
17441
17462
17480
17501
17519
17540
17558
17578
17597
17617
17640
17661
17684
17705
17728
17749
17772
17793
17816
17837
17860
17881
17904
17925
17948
17969
17992
18014
18037
18058
18081
18102
18125
18146
18169
18190
18213
18234
18251
18266
18284
18299
18316
18332
18349
18365
18382
18397
18415
18430
18448
18463
18480
18496
18513
18529
18546
18561
18579
18594
18612
18627
18644
18660
18677
18693
18710
18725
18743
18758
18775
18791
18808
18824
18841
18856
18874
18889
18911
18931
18954
18974
18996
19017
19039
19060
19082
19102
19125
19145
19168
19188
19210
19231
19253
19274
19296
19316
19339
19359
19381
19402
19424
19445
19467
19487
19510
19530
19549
19567
19587
19605
19625
19642
19662
19680
19700
19718
19737
19755
19775
19793
19813
19830
19850
19868
19888
19906
19925
19943
19965
19985
20008
20028
20050
20071
20093
20114
20136
20156
20179
20199
20222
20242
20264
20285
20307
20328
20350
20370
20393
20413
20435
20456
20485
20512
20541
20568
20597
20624
20653
20680
20709
20736
20765
20792
20821
20848
20877
20904
20933
20960
20989
21016
21045
21072
21101
21128
21157
21184
21213
21240
21269
21296
21325
21352
21381
21399
21416
21435
21452
21471
21487
21506
21523
21542
21559
21578
21594
21613
21630
21649
21666
21685
21701
21720
21737
21756
21773
21789
21807
21823
21841
21857
21874
21890
21908
21924
21942
21958
21976
21991
22009
22025
22043
22059
22077
22093
22109
22123
22139
22153
22169
22183
22199
22213
22229
22243
22259
22273
22289
22303
22319
22333
22349
22363
22379
22393
22409
22423
22439
22453
22469
22483
22499
22513
22529
22543
22559
22573
22589
22603
22619
22633
22649
22663
22679
22693
22709
22723
22739
22756
22772
22790
22806
22823
22839
22857
22873
22890
22906
22924
22940
22957
22973
22991
23007
23024
23040
23058
23074
23091
23107
23125
23141
23158
23174
23190
23205
23222
23237
23254
23269
23286
23301
23318
23333
23350
23364
23381
23396
23413
23428
23445
23460
23477
23492
23509
23524
23541
23555
23572
23587
23604
23619
23636
23651
23668
23683
23700
23715
23732
23746
23763
23778
23795
23810
23827
23846
23864
23884
23902
23922
23940
23959
23977
23997
24015
24035
24053
24072
24090
24110
24128
24148
24166
24185
24203
24223
24241
24259
24279
24297
24316
24334
24354
24372
24391
24409
24429
24447
24466
24484
24504
24522
24541
24559
24579
24597
24616
24634
24654
24672
24691
24709
24729
24747
24766
24784
24804
24822
24840
24857
24875
24892
24911
24927
24946
24962
24981
24998
25016
25033
25052
25068
25087
25103
25122
25139
25157
25174
25193
25209
25228
25244
25263
25280
25298
25315
25334
25350
25369
25385
25404
25421
25447
25471
25497
25521
25547
25571
25597
25621
25647
25672
25698
25722
25748
25772
25798
25822
25848
25872
25898
25922
25949
25973
25999
26024
26050
26074
26101
26125
26152
26176
26202
26227
26253
26277
26293
26307
26323
26338
26354
26368
26385
26399
26415
26430
26446
26460
26477
26491
26507
26522
26538
26552
26569
26583
26599
26614
26630
26644
26661
26675
26691
26706
26728
26749
26772
26793
26816
26837
26860
26880
26903
26924
26947
26968
26991
27012
27034
27055
27078
27099
27122
27143
27166
27186
27209
27230
27253
27274
27297
27318
27340
27361
27384
27411
27436
27463
27489
27516
27541
27568
27594
27621
27646
27673
27699
27726
27751
27778
27804
27831
27848
27864
27881
27897
27915
27931
27947
27965
27981
27997
28015
28031
28047
28065
28081
28097
28115
28131
28147
28165
28182
28198
28215
28231
28248
28264
28281
28297
28314
28330
28348
28363
28381
28396
28414
28429
28447
28462
28480
28496
28513
28529
28546
28562
28586
28609
28634
28657
28682
28705
28730
28753
28778
28801
28825
28848
28873
28896
28921
28944
28969
28992
29017
29040
29064
29087
29112
29138
29162
29189
29213
29240
29264
29290
29315
29341
29366
29392
29417
29443
29467
29484
29500
29518
29534
29552
29568
29586
29602
29619
29635
29653
29669
29687
29703
29721
29737
29754
29770
29788
29804
29822
29838
29856
29873
29889
29907
29923
29941
29957
29974
29990
30008
30024
30042
30058
30076
30091
30109
30125
30143
30159
30177
30193
30210
30226
30244
30260
30278
30294
30312
30327
30345
30361
30379
30395
30425
30453
30483
30511
30541
30569
30599
30628
30658
30686
30716
30744
30774
30802
30832
30861
30891
30919
30949
30977
31007
31035
31056
31076
31097
31117
31138
31158
31179
31199
31220
31240
31262
31281
31303
31322
31344
31363
31385
31404
31426
31445
31467
31487
31508
31528
31549
31569
31590
31610
31631
31651
31672
31693
31712
31733
31752
31773
31792
31813
31832
31853
31873
31894
31913
31934
31953
31974
31993
32014
32033
32054
32080
32105
32131
32156
32182
32207
32234
32258
32285
32309
32336
32361
32387
32412
32438
32463
32489
32514
32541
32565
32592
32616
32643
32668
32694
32712
32729
32747
32764
32783
32799
32818
32834
32853
32870
32888
32905
32924
32940
32959
32975
32994
33011
33029
33046
33065
33081
33100
33116
33135
33152
33170
33187
33206
33222
33241
33257
33280
33302
33326
33348
33371
33393
33417
33439
33462
33484
33508
33530
33554
33575
33599
33621
33645
33666
33690
33712
33736
33757
33781
33803
33819
33834
33850
33865
33881
33896
33912
33927
33943
33958
33974
33989
34006
34020
34037
34051
34068
34082
34099
34113
34130
34144
34161
34176
34193
34209
34226
34242
34260
34275
34293
34308
34326
34342
34359
34375
34393
34408
34426
34441
34459
34475
34492
34508
34526
34542
34556
34572
34586
34602
34617
34633
34647
34663
34677
34693
34708
34724
34738
34754
34768
34784
34799
34815
34829
34845
34859
34875
34890
34917
34942
34969
34995
35022
35047
35074
35100
35127
35152
35179
35205
35232
35257
35284
35310
35337
35362
35389
35408
35425
35444
35462
35481
35498
35518
35535
35554
35572
35591
35608
35628
35645
35664
35682
35701
35718
35738
35755
35774
35792
35810
35827
35845
35862
35880
35897
35915
35932
35951
35967
35986
36002
36021
36037
36056
36073
36091
36108
36126
36143
36161
36178
36197
36213
36232
36248
36267
36283
36302
36319
36337
36354
36372
36389
36411
36432
36455
36476
36499
36520
36543
36564
36587
36607
36630
36651
36674
36695
36718
36739
36762
36783
36806
36824
36840
36859
36875
36893
36910
36928
36945
36963
36979
36998
37014
37033
37049
37067
37084
37102
37119
37137
37153
37172
37188
37206
37223
37241
37258
37276
37292
37311
37327
37344
37359
37377
37392
37410
37425
37442
37458
37475
37491
37508
37523
37541
37556
37574
37589
37607
37622
37639
37655
37672
37688
37705
37720
37738
37753
37771
37786
37804
37819
37836
37852
37869
37885
37902
37917
37935
37950
37964
37980
37994
38010
38024
38040
38054
38070
38084
38100
38114
38130
38144
38160
38174
38190
38204
38220
38234
38250
38264
38280
38294
38310
38326
38341
38358
38372
38389
38404
38421
38435
38452
38467
38484
38498
38515
38530
38547
38561
38578
38593
38610
38624
38641
38656
38673
38687
38704
38719
38736
38750
38767
38782
38799
38813
38830
38845
38862
38876
38893
38908
38925
38939
38956
38977
38997
39018
39038
39059
39079
39100
39120
39141
39161
39182
39202
39223
39243
39264
39284
39305
39325
39346
39366
39387
39407
39428
39448
39469
39489
39510
39529
39551
39570
39591
39611
39632
39651
39673
39692
39713
39733
39754
39773
39795
39814
39835
39855
39876
39895
39917
39934
39950
39968
39983
40001
40017
40034
40050
40068
40083
40101
40117
40134
40150
40168
40184
40201
40217
40235
40250
40268
40284
40301
40317
40338
40358
40380
40400
40422
40442
40462
40484
40504
40526
40546
40567
40587
40609
40629
40651
40671
40692
40712
40734
40754
40776
40796
40817
40837
40859
40879
40901
40921
40942
40959
40974
40991
41006
41023
41038
41055
41070
41087
41102
41119
41134
41151
41166
41183
41199
41216
41231
41248
41263
41280
41295
41321
41346
41373
41398
41424
41449
41476
41501
41527
41552
41579
41604
41630
41645
41659
41675
41689
41705
41719
41735
41749
41765
41779
41795
41809
41825
41839
41855
41869
41885
41898
41914
41928
41944
41958
41974
41988
42004
42018
42034
42048
42064
42078
42094
42108
42124
42138
42161
42182
42206
42227
42251
42272
42296
42317
42340
42362
42385
42407
42430
42452
42475
42496
42520
42541
42565
42586
42610
42631
42654
42676
42697
42717
42739
42759
42781
42801
42823
42843
42865
42885
42906
42926
42948
42968
42990
43010
43034
43056
43080
43102
43127
43149
43173
43195
43219
43242
43266
43288
43312
43334
43359
43381
43405
43427
43452
43474
43498
43520
43544
43567
43591
43613
43637
43655
43672
43691
43708
43727
43744
43762
43779
43798
43815
43834
43851
43870
43887
43904
43923
43940
43959
43976
43995
44012
44029
44048
44065
44084
44101
44120
44141
44160
44181
44200
44221
44240
44261
44280
44301
44320
44341
44360
44381
44400
44421
44440
44461
44480
44501
44520
44541
44560
44581
44600
44621
44641
44660
44681
44700
44721
44740
44760
44779
44800
44819
44840
44859
44879
44898
44919
44947
44974
45003
45030
45058
45085
45114
45141
45169
45196
45225
45243
45260
45278
45295
45313
45330
45349
45365
45384
45400
45419
45436
45454
45471
45489
45506
45525
45541
45560
45576
45595
45612
45630
45647
45665
45682
45701
45717
45736
45754
45771
45790
45807
45825
45842
45861
45878
45896
45913
45932
45949
45968
45984
46003
46020
46039
46056
46073
46089
46107
46123
46141
46157
46175
46191
46209
46225
46243
46259
46277
46293
46311
46327
46345
46361
46379
46395
46413
46439
46464
46491
46516
46543
46567
46594
46619
46646
46671
46697
46722
46749
46774
46801
46817
46831
46848
46862
46878
46893
46909
46924
46940
46954
46971
46985
47001
47016
47032
47047
47063
47077
47094
47108
47125
47139
47160
47179
47200
47219
47241
47260
47281
47300
47322
47341
47362
47381
47403
47422
47443
47462
47487
47511
47537
47561
47586
47610
47636
47660
47686
47709
47735
47759
47785
47809
47829
47847
47868
47886
47907
47925
47946
47964
47985
48003
48024
48042
48063
48081
48102
48120
48141
48158
48173
48190
48205
48222
48237
48254
48270
48287
48302
48319
48334
48351
48366
48383
48399
48416
48431
48448
48463
48485
48506
48529
48550
48573
48594
48617
48638
48661
48682
48705
48726
48749
48770
48793
48814
48837
48858
48881
48902
48925
48946
48962
48976
48993
49007
49024
49038
49055
49069
49086
49100
49117
49131
49148
49162
49179
49193
49210
49224
49241
49255
49272
49286
49303
49317
49334
49348
49365
49379
49396
49410
49426
49441
49457
49472
49488
49503
49519
49534
49550
49565
49581
49596
49612
49628
49642
49659
49673
49690
49704
49720
49735
49751
49766
49782
49797
49813
49827
49844
49858
49875
49889
49906
49920
49936
49951
49967
49982
49998
50013
50029
50043
50060
50074
50091
