17
33
51
67
85
100
118
134
152
168
185
201
219
235
253
268
286
302
320
336
353
369
387
403
421
436
454
470
488
504
522
539
555
572
588
606
622
638
656
672
688
706
722
738
756
772
788
806
822
838
856
872
888
906
922
938
956
972
988
1006
1023
1039
1056
1072
1089
1105
1123
1138
1156
1171
1189
1205
1222
1238
1255
1271
1289
1304
1322
1337
1355
1371
1388
1404
1421
1437
1455
1478
1499
1523
1544
1568
1589
1613
1634
1658
1679
1703
1724
1748
1769
1793
1814
1838
1859
1882
1904
1922
1939
1958
1975
1993
2010
2029
2046
2064
2081
2100
2117
2136
2152
2171
2188
2207
2224
2241
2260
2277
2296
2312
2331
2348
2367
2384
2401
2420
2437
2456
2472
2491
2514
2535
2558
2579
2603
2624
2647
2668
2691
2713
2736
2757
2780
2802
2825
2846
2869
2891
2913
2936
2957
2980
3002
3025
3046
3063
3079
3096
3112
3129
3145
3162
3178
3195
3211
3229
3244
3262
3277
3295
3310
3328
3343
3361
3377
3394
3410
3427
3443
3460
3476
3493
3509
3526
3542
3560
3575
3595
3613
3633
3652
3672
3690
3711
3729
3749
3768
3788
3806
3827
3845
3865
3884
3904
3922
3943
3961
3981
4000
4020
4037
4053
4070
4086
4103
4119
4136
4152
4169
4185
4202
4218
4235
4251
4268
4284
4301
4317
4334
4350
4367
4383
4400
4416
4433
4450
4466
4484
4500
4518
4534
4552
4568
4586
4602
4620
4636
4654
4670
4688
4704
4722
4738
4756
4772
4790
4806
4824
4840
4858
4874
4892
4908
4926
4942
4964
4985
5007
5028
5051
5071
5094
5115
5137
5158
5181
5201
5224
5245
5267
5288
5311
5330
5348
5368
5385
5405
5423
5442
5460
5480
5497
5517
5535
5554
5572
5592
5610
5629
5647
5667
5684
5704
5722
5741
5759
5779
5796
5817
5837
5859
5879
5901
5921
5943
5963
5985
6005
6027
6047
6069
6089
6111
6131
6153
6172
6194
6214
6236
6255
6273
6293
6311
6331
6349
6369
6387
6407
6424
6444
6462
6482
6500
6520
6538
6558
6576
6596
6613
6633
6651
6671
6689
6709
6727
6747
6765
6785
6802
6822
6842
6861
6882
6901
6921
6940
6961
6980
7000
7019
7040
7059
7080
7098
7119
7138
7159
7177
7198
7217
7238
7256
7277
7296
7317
7336
7356
7375
7396
7415
7439
7461
7486
7508
7532
7555
7579
7601
7626
7648
7672
7695
7719
7741
7766
7788
7812
7835
7859
7881
7906
7928
7947
7964
7983
8000
8019
8037
8056
8073
8092
8109
8128
8146
8165
8182
8201
8218
8238
8255
8274
8291
8310
8332
8352
8374
8394
8416
8436
8459
8479
8501
8521
8543
8563
8586
8606
8628
8648
8670
8690
8713
8733
8755
8775
8797
8817
8840
8860
8882
8902
8919
8935
8953
8969
8987
9003
9021
9037
9055
9071
9089
9105
9123
9139
9157
9173
9191
9207
9225
9240
9258
9274
9292
9308
9326
9342
9360
9376
9394
9410
9428
9444
9464
9482
9502
9521
9541
9559
9579
9598
9618
9636
9656
9675
9695
9713
9733
9752
9772
9790
9810
9829
9847
9864
9882
9899
9918
9934
9953
9970
9988
10005
10024
10040
10059
10076
10094
10111
10129
10146
10165
10181
10200
10217
10235
10252
10271
10287
10306
10323
10341
10359
10375
10394
10410
10428
10445
10463
10479
10498
10514
10532
10549
10567
10583
10602
10618
10636
10653
10671
10687
10706
10726
10745
10766
10784
10805
10824
10845
10863
10884
10903
10924
10942
10963
10982
11003
11021
11042
11061
11081
11100
11121
11140
11160
11179
11200
11219
11239
11261
11281
11303
11324
11346
11366
11388
11409
11431
11451
11474
11494
11516
11536
11559
11579
11601
11621
11644
11664
11683
11704
11723
11744
11763
11783
11802
11823
11842
11863
11882
11902
11921
11942
11961
11982
12001
12021
12040
12061
12080
12101
12120
12139
12157
12176
12194
12213
12231
12250
12268
12287
12305
12325
12342
12362
12379
12399
12416
12436
12453
12473
12490
12510
12532
12552
12575
12595
12617
12638
12660
12680
12703
12723
12745
12766
12788
12808
12831
12851
12873
12894
12916
12937
12959
12979
13003
13025
13049
13071
13096
13118
13142
13164
13188
13211
13235
13257
13281
13303
13328
13350
13374
13396
13421
13443
13467
13489
13513
13536
13557
13580
13602
13625
13646
13670
13691
13714
13736
13759
13780
13803
13825
13848
13869
13893
13914
13937
13959
13980
14003
14023
14046
14067
14090
14110
14133
14154
14177
14197
14220
14241
14264
14284
14307
14328
14351
14373
14397
14419
14443
14465
14489
14511
14535
14557
14580
14602
14626
14648
14672
14694
14718
14740
14764
14786
14809
14831
14855
14877
14901
14923
14946
14967
14990
15011
15034
15055
15078
15099
15122
15143
15166
15187
15210
15231
15254
15275
15298
15319
15337
15353
15371
15387
15405
15422
15440
15456
15474
15490
15509
15525
15543
15559
15577
15594
15612
15628
15646
15662
15681
15697
15715
15731
15749
15766
15785
15801
15820
15837
15855
15872
15891
15907
15926
15943
15962
15978
15997
16014
16032
16049
16068
16084
16103
16120
16139
16155
16174
16191
16209
16226
16245
16269
16291
16316
16338
16362
16385
16409
16431
16456
16478
16502
16525
16549
16571
16596
16618
16642
16665
16689
16707
16723
16741
16757
16776
16792
16810
16826
16845
16861
16879
16895
16914
16930
16948
16964
16983
16999
17017
17033
17052
17068
17086
17102
17121
17137
17159
17180
17203
17224
17247
17268
17291
17312
17335
17356
17379
17400
17423
17444
17467
17488
17510
17531
17554
17575
17598
17619
17642
17660
17676
17695
17711
17729
17746
17764
17780
17799
17815
17833
17850
17868
17884
17903
17919
17937
17954
17972
17988
18007
18023
18044
18064
18086
18106
18127
18147
18169
18189
18210
18230
18252
18272
18293
18313
18335
18355
18376
18396
18418
18438
18459
18479
18501
18521
18544
18565
18589
18610
18633
18655
18678
18699
18723
18744
18767
18789
18812
18833
18857
18878
18901
18923
18946
18967
18986
19003
19023
19040
19059
19077
19096
19114
19133
19150
19170
19187
19206
19224
19243
19261
19280
19297
19317
19334
19353
19371
19390
19408
19427
19444
19464
19481
19500
19518
19537
19555
19577
19598
19620
19641
19664
19684
19707
19727
19750
19771
19793
19814
19837
19857
19880
19900
19923
19944
19966
19987
20010
20030
20053
20073
20096
20114
20130
20148
20164
20183
20199
20217
20233
20252
20268
20286
20302
20321
20337
20355
20371
20390
20406
20424
20440
20459
20475
20493
20509
20528
20544
20562
20578
20596
20613
20631
20649
20665
20683
20699
20718
20734
20752
20768
20786
20803
20821
20837
20855
20872
20890
20906
20924
20940
20959
20975
20993
21009
21027
21044
21062
21078
21096
21113
21131
21154
21175
21198
21219
21242
21263
21286
21307
21330
21351
21374
21395
21418
21439
21462
21483
21506
21527
21550
21571
21594
21615
21634
21651
21670
21688
21707
21724
21744
21761
21780
21797
21817
21834
21853
21871
21890
21907
21926
21944
21963
21980
22000
22019
22039
22058
22079
22097
22118
22136
22157
22176
22196
22215
22235
22254
22275
22293
22314
22332
22353
22372
22392
22412
22431
22452
22471
22492
22511
22532
22551
22572
22591
22612
22631
22652
22671
22692
22710
22731
22750
22771
22790
22811
22830
22851
22870
22891
22910
22931
22950
22971
22990
23010
23028
23048
23066
23087
23105
23125
23143
23164
23182
23202
23220
23240
23259
23279
23297
23317
23336
23356
23374
23396
23417
23440
23460
23483
23504
23526
23547
23570
23590
23613
23634
23657
23677
23700
23721
23743
23764
23787
23807
23830
23851
23874
23897
23918
23941
23963
23986
24007
24031
24052
24075
24097
24120
24141
24164
24186
24209
24230
24254
24275
24298
24320
24339
24357
24377
24395
24415
24433
24453
24470
24490
24508
24528
24546
24566
24584
24604
24621
24641
24659
24679
24697
24717
24735
24754
24772
24792
24810
24830
24848
24868
24886
24905
24924
24942
24962
24979
24999
25017
25036
25054
25074
25091
25111
25129
25148
25166
25186
25204
25223
25241
25261
25278
25298
25316
25335
25353
25373
25390
25410
25428
25448
25467
25485
25504
25522
25542
25559
25579
25596
25616
25634
25653
25671
25690
25708
25728
25745
25765
25782
25802
25820
25836
25855
25871
25890
25906
25925
25941
25960
25976
25995
26011
26030
26046
26065
26081
26100
26116
26135
26151
26170
26186
26205
26221
26240
26256
26275
26291
26310
26326
26345
26361
26381
26399
26419
26437
26458
26476
26496
26514
26535
26553
26573
26591
26611
26630
26650
26668
26688
26707
26727
26745
26765
26784
26804
26822
26842
26861
26880
26900
26918
26935
26951
26968
26984
27001
27017
27034
27050
27067
27083
27101
27116
27134
27149
27167
27182
27200
27215
27233
27249
27266
27282
27299
27315
27332
27348
27365
27381
27398
27417
27435
27454
27472
27491
27509
27529
27546
27566
27583
27603
27620
27640
27658
27677
27695
27714
27732
27751
27769
27789
27806
27826
27843
27863
27880
27903
27925
27949
27970
27994
28016
28040
28061
28085
28107
28130
28152
28176
28198
28221
28243
28266
28288
28311
28333
28357
28378
28402
28424
28447
28469
28493
28514
28538
28559
28583
28605
28628
28650
28674
28695
28719
28738
28755
28774
28791
28810
28827
28846
28863
28882
28899
28918
28935
28954
28972
28991
29008
29027
29044
29063
29080
29099
29116
29137
29156
29177
29196
29218
29237
29258
29277
29298
29318
29339
29358
29379
29398
29420
29439
29460
29479
29500
29520
29541
29560
29581
29600
29622
29641
29662
29681
29699
29719
29737
29757
29775
29794
29812
29832
29850
29870
29888
29907
29925
29945
29963
29983
30001
30020
30038
30058
30076
30092
30111
30127
30145
30162
30180
30196
30215
30231
30250
30266
30284
30301
30319
30335
30354
30370
30388
30405
30423
30440
30458
30474
30493
30509
30527
30544
30562
30578
30597
30613
30635
30655
30678
30698
30721
30741
30763
30784
30806
30827
30849
30870
30892
30913
30934
30956
30977
30999
31020
31042
31063
31084
31106
31127
31146
31163
31183
31200
31219
31237
31256
31273
31293
31310
31329
31347
31366
31383
31403
31420
31439
31457
31476
31493
31513
31530
31550
31567
31586
31604
31623
31640
31660
31678
31695
31714
31731
31750
31767
31786
31803
31822
31839
31858
31874
31893
31910
31929
31946
31965
31982
32001
32018
32037
32054
32072
32089
32108
32125
32145
32163
32184
32202
32223
32241
32262
32280
32301
32319
32340
32358
32379
32397
32418
32436
32457
32475
32496
32514
32535
32558
32580
32604
32626
32650
32671
32695
32717
32741
32763
32786
32808
32832
32854
32878
32900
32923
32945
32969
32991
33015
33036
33058
33078
33100
33120
33142
33162
33184
33204
33226
33246
33268
33288
33310
33330
33352
33372
33394
33414
33436
33457
33476
33493
33512
33529
33548
33565
33584
33601
33620
33637
33657
33674
33693
33710
33729
33746
33765
33782
33801
33818
33838
33855
33873
33889
33907
33923
33941
33957
33975
33991
34009
34025
34044
34060
34078
34094
34112
34128
34146
34162
34180
34196
34214
34231
34249
34265
34283
34299
34317
34333
34351
34367
34385
34402
34420
34437
34453
34471
34487
34505
34521
34538
34554
34572
34588
34606
34622
34640
34655
34673
34689
34707
34723
34741
34757
34774
34790
34808
34824
34842
34858
34876
34892
34910
34927
34945
34961
34979
34995
35013
35030
35048
35064
35082
35098
35116
35133
35151
35167
35185
35201
35219
35236
35254
35270
35288
35304
35322
35339
35362
35383
35406
35428
35451
35472
35496
35517
35540
35562
35585
35606
35629
35651
35674
35695
35719
35740
35763
35785
35804
35822
35842
35860
35880
35897
35917
35935
35955
35973
35992
36010
36030
36048
36068
36085
36105
36123
36143
36161
36180
36198
36218
36236
36256
36274
36293
36311
36331
36349
36369
36388
36406
36426
36444
36462
36482
36500
36519
36537
36557
36575
36594
36612
36632
36650
36669
36687
36707
36725
36744
36762
36782
36800
36819
36837
36857
36875
36894
36912
36932
36950
36969
36987
37003
37021
37038
37056
37072
37091
37107
37125
37142
37160
37176
37195
37211
37229
37246
37264
37280
37299
37315
37333
37349
37368
37384
37402
37419
37437
37453
37475
37495
37517
37538
37560
37580
37602
37623
37645
37665
37688
37708
37730
37750
37773
37793
37815
37835
37858
37878
37900
37921
37943
37963
37985
38006
38028
38048
38068
38087
38108
38127
38148
38166
38187
38206
38227
38246
38266
38285
38306
38325
38346
38364
38385
38404
38425
38444
38464
38483
38504
38523
38544
38562
38583
38602
38623
38642
38662
38681
38701
38720
38741
38759
38780
38798
38819
38838
38858
38877
38897
38916
38937
38955
38976
38994
39015
39034
39054
39073
39093
39112
39133
39151
39172
39193
39212
39233
39253
39274
39293
39314
39334
39355
39374
39395
39415
39436
39455
39477
39496
39517
39536
39558
39577
39598
39616
39632
39651
39667
39686
39702
39721
39737
39755
39772
39790
39807
39825
39842
39860
39877
39895
39911
39930
39946
39965
39981
40000
40016
40035
40051
40069
40086
40106
40125
40145
40164
40184
40203
40223
40242
40262
40281
40301
40320
40340
40359
40379
40398
40418
40437
40457
40476
40496
40515
40535
40556
40576
40598
40618
40639
40659
40681
40701
40723
40742
40764
40784
40806
40826
40847
40867
40889
40910
40930
40951
40971
40992
41012
41033
41053
41074
41094
41115
41135
41156
41176
41197
41217
41238
41258
41279
41299
41320
41340
41361
41382
41402
41424
41443
41465
41485
41507
41526
41548
41568
41589
41609
41631
41651
41672
41692
41714
41734
41755
41775
41797
41820
41841
41864
41886
41909
41930
41953
41975
41998
42019
42042
42064
42087
42108
42131
42153
42176
42197
42221
42242
42265
42286
42304
42320
42338
42354
42373
42389
42407
42423
42442
42458
42476
42492
42511
42527
42545
42561
42580
42596
42614
42630
42649
42665
42683
42699
42718
42734
42752
42768
42786
42803
42821
42837
42855
42873
42890
42909
42926
42945
42962
42980
42997
43016
43033
43052
43069
43088
43105
43122
43141
43158
43177
43194
43213
43236
43257
43280
43302
43325
43346
43369
43391
43414
43435
43458
43480
43503
43524
43547
43569
43592
43613
43637
43658
43681
43702
43726
43747
43770
43791
43810
43828
43848
43865
43885
43903
43923
43940
43960
43978
43997
44015
44035
44053
44072
44090
44110
44127
44147
44165
44185
44208
44229
44252
44273
44296
44317
44340
44361
44384
44405
44429
44450
44473
44494
44517
44538
44561
44582
44605
44626
44650
44667
44683
44701
44716
44734
44750
44767
44783
44801
44817
44834
44850
44868
44883
44901
44917
44935
44950
44968
44984
45001
45017
45035
45051
45068
45084
45102
45122
45141
45161
45180
45200
45219
45239
45258
45278
45297
45317
45336
45356
45375
45395
45414
45434
45453
45473
45492
45512
45531
45551
45570
45587
45603
45620
45636
45653
45669
45687
45702
45720
45735
45753
45769
45786
45802
45819
45835
45853
45868
45886
45901
45919
45935
45952
45968
45985
46001
46019
46034
46052
46067
46085
46101
46118
46134
46151
46167
46186
46204
46224
46241
46261
46279
46298
46316
46336
46353
46373
46391
46410
46428
46448
46466
46485
46503
46523
46540
46560
46578
46599
46619
46641
46661
46682
46702
46724
46744
46765
46785
46807
46827
46848
46868
46890
46910
46931
46951
46973
46993
47014
47034
47056
47076
47098
47117
47139
47159
47180
47200
47222
47241
47263
47283
47305
47324
47346
47366
47387
47407
47429
47449
47470
47490
47512
47532
47553
47570
47585
47603
47618
47636
47651
47669
47684
47701
47717
47734
47750
47767
47783
47800
47816
47833
47848
47866
47881
47899
47914
47932
47947
47964
47980
47997
48013
48030
48046
48063
48079
48096
48113
48129
48146
48162
48180
48196
48212
48230
48246
48262
48280
48296
48312
48330
48346
48362
48380
48396
48412
48430
48446
48462
48480
48496
48512
48530
48546
48562
48580
48596
48612
48630
48646
48662
48683
48703
48725
48745
48767
48787
48809
48829
48851
48871
48893
48913
48935
48955
48977
48997
49019
49039
49061
49081
49103
49123
49144
49164
49185
49205
49226
49246
49267
49287
49308
49328
49349
49369
49390
49410
49431
49451
49472
49492
49513
49533
49554
49574
49595
49615
49636
49656
49676
49695
49716
49735
49756
49775
49796
49815
49836
49855
49875
49894
49915
49934
49955
49974
49995
50014
50035
