12
22
34
44
56
66
78
88
100
110
122
132
144
154
166
176
188
198
210
220
233
243
255
265
277
287
299
309
321
331
343
353
365
375
387
397
409
419
431
441
454
464
476
486
498
508
520
530
542
552
564
574
586
596
608
618
630
640
652
662
672
680
690
698
708
716
726
734
744
752
762
770
780
788
798
806
816
825
835
843
853
861
871
879
889
897
907
915
925
933
943
951
961
969
979
988
998
1006
1016
1024
1034
1042
1052
1060
1070
1078
1088
1096
1106
1114
1124
1132
1142
1151
1161
1169
1179
1187
1197
1205
1215
1223
1233
1241
1251
1259
1269
1277
1287
1295
1306
1314
1324
1343
1360
1379
1397
1416
1433
1453
1470
1489
1507
1526
1543
1563
1580
1599
1617
1636
1653
1673
1690
1709
1727
1746
1763
1783
1800
1819
1836
1856
1873
1892
1910
1929
1946
1966
1983
2002
2020
2028
2035
2044
2051
2059
2066
2075
2082
2091
2097
2106
2113
2122
2129
2137
2144
2153
2160
2168
2175
2184
2191
2200
2206
2215
2222
2231
2238
2246
2253
2262
2269
2277
2284
2293
2300
2309
2315
2324
2331
2340
2347
2355
2362
2371
2378
2386
2393
2402
2409
2418
2424
2433
2440
2449
2456
2464
2471
2480
2487
2496
2502
2511
2518
2527
2533
2542
2549
2558
2565
2573
2580
2589
2596
2605
2611
2620
2627
2636
2642
2651
2658
2667
2674
2682
2689
2697
2703
2712
2718
2726
2733
2741
2748
2756
2762
2771
2777
2785
2792
2800
2807
2815
2821
2830
2836
2845
2851
2859
2866
2874
2881
2888
2896
2903
2911
2917
2926
2932
2941
2947
2955
2962
2970
2977
2984
2992
2999
3007
3013
3022
3028
3037
3043
3051
3058
3066
3073
3080
3088
3095
3103
3109
3118
3124
3133
3139
3147
3154
3162
3169
3176
3184
3191
3199
3205
3214
3220
3229
3235
3243
3250
3258
3265
3272
3280
3287
3295
3301
3310
3316
3325
3331
3339
3346
3354
3361
3368
3376
3383
3391
3397
3406
3412
3421
3427
3437
3445
3456
3464
3475
3483
3494
3502
3513
3521
3532
3540
3551
3559
3570
3578
3589
3597
3607
3616
3626
3635
3645
3654
3664
3673
3683
3692
3702
3711
3721
3730
3740
3749
3759
3767
3778
3786
3797
3805
3816
3824
3835
3843
3854
3862
3873
3881
3892
3900
3911
3919
3929
3938
3948
3957
3967
3976
3986
3995
4005
4014
4024
4033
4043
4052
4062
4071
4081
4089
4097
4103
4111
4118
4126
4132
4140
4147
4155
4161
4169
4176
4184
4190
4198
4205
4213
4219
4227
4234
4242
4248
4256
4263
4271
4277
4285
4292
4300
4306
4314
4321
4329
4335
4343
4350
4358
4364
4372
4379
4387
4393
4401
4408
4416
4422
4430
4437
4445
4451
4460
4466
4474
4480
4489
4495
4503
4509
4518
4524
4532
4538
4547
4553
4561
4567
4576
4582
4590
4596
4605
4611
4619
4625
4634
4640
4648
4654
4663
4669
4677
4683
4692
4698
4706
4712
4722
4731
4741
4750
4761
4769
4780
4788
4799
4808
4818
4827
4837
4846
4857
4865
4876
4884
4895
4904
4914
4923
4933
4942
4953
4961
4972
4981
4991
5000
5010
5019
5030
5038
5049
5057
5068
5077
5087
5096
5106
5115
5126
5134
5145
5153
5164
5173
5183
5192
5202
5211
5222
5230
5241
5250
5260
5269
5279
5288
5299
5307
5318
5326
5337
5346
5356
5365
5375
5384
5395
5403
5414
5422
5433
5442
5449
5459
5466
5476
5483
5493
5500
5510
5517
5527
5534
5544
5551
5561
5568
5578
5585
5595
5602
5612
5619
5629
5636
5646
5653
5663
5670
5680
5687
5697
5704
5714
5721
5731
5738
5748
5755
5765
5772
5782
5789
5799
5806
5816
5823
5833
5840
5850
5857
5867
5874
5884
5891
5901
5908
5918
5925
5935
5942
5952
5959
5969
5976
5986
5993
6003
6010
6020
6027
6037
6044
6054
6061
6071
6078
6088
6095
6105
6112
6122
6129
6139
6146
6156
6163
6173
6180
6190
6197
6203
6210
6216
6224
6229
6237
6243
6250
6256
6264
6269
6277
6282
6290
6296
6303
6309
6317
6322
6330
6336
6343
6349
6356
6362
6370
6375
6383
6389
6396
6402
6410
6415
6423
6428
6436
6442
6449
6455
6463
6468
6476
6482
6489
6495
6502
6508
6516
6521
6529
6535
6542
6548
6556
6561
6569
6574
6582
6588
6595
6601
6609
6614
6622
6628
6635
6641
6648
6654
6662
6667
6675
6681
6688
6694
6702
6707
6715
6720
6728
6734
6741
6747
6755
6760
6768
6774
6781
6787
6794
6800
6808
6813
6821
6827
6834
6840
6848
6853
6861
6866
6874
6880
6887
6893
6901
6906
6917
6927
6939
6949
6961
6971
6983
6993
7005
7015
7027
7037
7049
7059
7071
7081
7093
7103
7115
7125
7137
7147
7159
7169
7181
7191
7203
7213
7225
7235
7247
7257
7268
7278
7290
7300
7312
7322
7334
7344
7356
7366
7378
7388
7400
7410
7422
7432
7444
7454
7466
7476
7488
7498
7510
7520
7532
7542
7554
7564
7576
7586
7598
7608
7619
7629
7641
7651
7666
7679
7694
7707
7722
7735
7750
7763
7778
7792
7807
7820
7835
7848
7863
7876
7891
7904
7919
7933
7948
7961
7976
7989
8004
8017
8032
8045
8060
8074
8089
8102
8117
8130
8145
8158
8173
8186
8201
8215
8230
8243
8258
8271
8286
8299
8314
8327
8342
8356
8371
8384
8399
8409
8418
8429
8438
8449
8457
8468
8477
8488
8497
8508
8516
8527
8536
8547
8556
8566
8575
8586
8595
8606
8615
8625
8634
8645
8654
8665
8673
8684
8693
8704
8713
8724
8732
8743
8752
8763
8772
8782
8791
8802
8811
8822
8831
8841
8850
8861
8870
8881
8889
8900
8909
8920
8929
8940
8948
8959
8968
8979
8988
8999
9007
9018
9027
9038
9047
9057
9066
9077
9086
9097
9106
9116
9125
9136
9144
9151
9160
9166
9175
9182
9190
9197
9206
9212
9221
9228
9236
9243
9252
9258
9267
9274
9282
9289
9298
9304
9313
9320
9328
9335
9344
9350
9359
9366
9375
9381
9390
9397
9405
9412
9421
9427
9436
9443
9451
9458
9467
9473
9482
9489
9497
9504
9513
9519
9528
9535
9543
9550
9559
9565
9574
9581
9589
9596
9605
9612
9620
9627
9636
9642
9651
9658
9666
9673
9682
9688
9697
9704
9712
9719
9728
9734
9743
9750
9758
9764
9772
9779
9787
9793
9801
9808
9816
9822
9831
9837
9845
9851
9860
9866
9874
9880
9889
9895
9903
9910
9918
9924
9932
9939
9947
9953
9962
9968
9976
9982
9991
9997
10005
10011
10020
10026
10034
10041
10049
10055
10063
10070
10078
10084
10093
10099
10107
10113
10122
10128
10136
10142
10151
10157
10165
10172
10180
10186
10194
10201
10209
10215
10224
10230
10238
10244
10253
10259
10267
10273
10282
10288
10296
10303
10311
10317
10325
10332
10340
10346
10355
10361
10369
10375
10384
10390
10398
10404
10413
10419
10427
10434
10442
10448
10456
10472
10486
10503
10517
10533
10548
10564
10578
10595
10609
10626
10640
10656
10671
10687
10701
10718
10732
10748
10763
10779
10794
10810
10824
10841
10855
10871
10886
10902
10916
10933
10947
10964
10978
10994
11009
11025
11039
11056
11070
11086
11101
11117
11132
11148
11162
11179
11193
11211
11228
11246
11263
11281
11298
11316
11333
11351
11368
11386
11403
11421
11438
11456
11473
11491
11508
11526
11543
11561
11578
11596
11613
11631
11648
11666
11683
11702
11718
11737
11753
11772
11788
11807
11823
11842
11858
11877
11893
11912
11928
11947
11971
11994
12019
12042
12067
12090
12115
12138
12163
12186
12210
12233
12258
12281
12306
12329
12354
12377
12402
12425
12449
12472
12497
12520
12545
12568
12593
12616
12641
12664
12674
12683
12693
12702
12712
12721
12731
12740
12751
12759
12770
12778
12789
12797
12808
12817
12827
12836
12846
12855
12865
12874
12885
12893
12904
12912
12923
12931
12942
12951
12961
12970
12980
12989
12999
13008
13019
13027
13038
13046
13057
13065
13076
13085
13095
13104
13114
13123
13133
13142
13153
13161
13172
13180
13191
13199
13210
13219
13229
13238
13248
13257
13267
13276
13284
13290
13299
13305
13314
13320
13328
13335
13343
13350
13358
13364
13373
13379
13388
13394
13403
13409
13417
13424
13432
13439
13447
13453
13462
13468
13477
13483
13491
13498
13506
13513
13521
13528
13536
13542
13551
13557
13566
13572
13580
13587
13595
13602
13610
13616
13625
13631
13640
13646
13655
13661
13669
13676
13684
13691
13699
13705
13714
13720
13729
13735
13743
13750
13758
13765
13773
13780
13788
13794
13803
13809
13818
13824
13832
13839
13847
13854
13862
13868
13877
13883
13892
13898
13907
13913
13923
13931
13941
13950
13960
13968
13979
13987
13997
14005
14016
14024
14034
14043
14053
14061
14072
14080
14090
14098
14109
14117
14127
14136
14146
14154
14164
14173
14183
14191
14202
14210
14220
14229
14239
14247
14257
14266
14276
14284
14295
14303
14313
14321
14332
14340
14350
14359
14369
14377
14388
14396
14406
14414
14425
14433
14443
14452
14462
14470
14481
14489
14499
14507
14518
14526
14536
14545
14555
14563
14573
14582
14592
14600
14611
14619
14629
14638
14648
14656
14666
14677
14687
14699
14709
14721
14731
14743
14753
14764
14774
14786
14796
14808
14818
14830
14840
14851
14861
14873
14883
14895
14905
14917
14927
14938
14948
14960
14970
14982
14992
15004
15014
15026
15035
15047
15057
15069
15079
15091
15101
15113
15122
15134
15144
15156
15166
15178
15188
15200
15209
15221
15231
15243
15253
15265
15275
15287
15297
15308
15318
15330
15340
15347
15352
15359
15364
15371
15376
15383
15388
15395
15400
15407
15413
15420
15425
15432
15437
15444
15449
15456
15461
15468
15473
15480
15486
15493
15498
15505
15510
15517
15522
15529
15534
15541
15546
15553
15559
15566
15571
15578
15583
15590
15595
15602
15607
15614
15619
15627
15632
15639
15644
15651
15656
15663
15668
15675
15680
15687
15692
15700
15705
15712
15717
15724
15729
15736
15741
15748
15753
15760
15765
15773
15778
15785
15790
15797
15802
15809
15814
15821
15826
15833
15838
15846
15851
15858
15863
15870
15875
15882
15887
15894
15899
15906
15912
15919
15924
15931
15936
15943
15948
15955
15960
15967
15972
15979
15985
15992
15997
16004
16009
16016
16021
16028
16033
16040
16045
16052
16064
16075
16088
16098
16111
16122
16134
16145
16158
16169
16181
16192
16205
16215
16228
16239
16252
16262
16275
16286
16298
16309
16322
16332
16345
16356
16369
16379
16392
16403
16415
16426
16439
16450
16462
16473
16486
16496
16509
16520
16532
16543
16556
16567
16579
16590
16603
16613
16626
16637
16650
16660
16673
16684
16696
16707
16720
16729
16737
16747
16754
16764
16772
16782
16789
16799
16807
16817
16824
16834
16842
16852
16859
16869
16877
16887
16894
16904
16912
16922
16929
16939
16947
16957
16964
16974
16982
16992
16999
17009
17017
17027
17034
17044
17052
17062
17069
17079
17087
17097
17104
17114
17122
17132
17139
17149
17157
17167
17174
17184
17192
17202
17209
17219
17227
17237
17244
17254
17262
17272
17279
17289
17297
17307
17314
17324
17332
17341
17349
17359
17367
17376
17384
17394
17402
17411
17419
17429
17437
17445
17451
17460
17466
17475
17481
17490
17496
17504
17511
17519
17526
17534
17541
17549
17555
17564
17570
17579
17585
17594
17600
17609
17615
17623
17630
17638
17645
17653
17660
17668
17674
17683
17689
17698
17704
17713
17719
17727
17734
17742
17749
17757
17764
17772
17779
17787
17793
17802
17808
17817
17823
17832
17838
17846
17853
17861
17868
17876
17883
17891
17897
17906
17912
17921
17927
17936
17942
17951
17957
17965
17972
17980
17987
17995
18002
18010
18016
18025
18031
18040
18046
18055
18061
18069
18076
18084
18091
18099
18106
18114
18121
18129
18135
18144
18150
18159
18165
18174
18180
18188
18195
18203
18210
18219
18226
18236
18243
18252
18260
18269
18277
18286
18293
18303
18310
18320
18327
18336
18344
18353
18361
18370
18377
18387
18394
18404
18411
18420
18428
18437
18444
18454
18461
18471
18478
18487
18495
18504
18512
18521
18528
18538
18545
18555
18562
18571
18579
18588
18596
18605
18612
18622
18629
18638
18646
18655
18663
18672
18679
18689
18696
18706
18713
18722
18730
18739
18747
18756
18763
18773
18780
18790
18797
18806
18814
18823
18830
18840
18847
18857
18864
18873
18881
18890
18898
18907
18914
18924
18931
18941
18948
18957
18965
18974
18982
18990
18996
19005
19011
19019
19026
19034
19041
19049
19055
19064
19070
19078
19085
19093
19100
19108
19114
19123
19129
19137
19144
19152
19159
19167
19173
19182
19188
19196
19203
19211
19218
19226
19232
19241
19247
19255
19262
19270
19277
19285
19291
19300
19306
19314
19321
19329
19336
19344
19350
19359
19365
19373
19380
19388
19395
19403
19409
19418
19424
19432
19439
19447
19454
19462
19468
19477
19483
19491
19498
19506
19513
19521
19527
19536
19542
19550
19557
19565
19581
19595
19611
19625
19642
19656
19672
19686
19702
19717
19733
19747
19763
19777
19794
19808
19824
19838
19854
19869
19885
19899
19915
19930
19946
19960
19976
19990
20007
20021
20037
20051
20067
20082
20098
20112
20128
20142
20159
20173
20189
20203
20224
20244
20266
20286
20308
20328
20350
20370
20392
20412
20434
20454
20476
20496
20518
20538
20560
20580
20602
20622
20644
20664
20686
20706
20728
20748
20770
20790
20812
20832
20854
20866
20876
20888
20898
20910
20920
20932
20942
20954
20964
20976
20986
20998
21008
21020
21030
21042
21052
21064
21074
21086
21096
21108
21118
21130
21140
21152
21162
21174
21184
21196
21206
21218
21228
21240
21250
21262
21272
21284
21294
21306
21316
21328
21338
21350
21360
21372
21382
21394
21404
21416
21426
21438
21448
21460
21470
21482
21492
21501
21509
21519
21527
21537
21545
21555
21563
21572
21580
21590
21598
21608
21616
21626
21634
21644
21652
21660
21670
21678
21688
21696
21706
21714
21724
21732
21740
21750
21758
21768
21776
21786
21794
21804
21812
21820
21830
21838
21848
21856
21866
21874
21884
21892
21900
21910
21918
21928
21936
21946
21954
21964
21972
21980
21990
21998
22008
22016
22026
22034
22044
22052
22060
22070
22078
22088
22096
22106
22114
22124
22132
22140
22150
22158
22168
22176
22186
22198
22208
22221
22231
22244
22254
22267
22277
22290
22300
22312
22323
22335
22346
22358
22369
22381
22392
22404
22415
22427
22437
22450
22460
22473
22483
22496
22506
22519
22529
22541
22552
22564
22575
22587
22598
22610
22621
22633
22644
22656
22666
22679
22689
22702
22712
22725
22735
22748
22758
22770
22781
22793
22804
22813
22820
22829
22836
22845
22852
22861
22869
22878
22885
22894
22901
22910
22917
22927
22934
22943
22950
22959
22966
22975
22982
22992
22999
23008
23015
23024
23031
23040
23048
23057
23064
23073
23080
23089
23096
23106
23113
23122
23129
23138
23145
23154
23161
23171
23178
23187
23194
23203
23210
23219
23227
23236
23243
23252
23259
23268
23275
23284
23292
23301
23308
23317
23324
23333
23340
23350
23357
23366
23373
23382
23389
23398
23406
23415
23422
23431
23438
23447
23460
23471
23485
23496
23510
23521
23535
23546
23560
23571
23585
23596
23610
23621
23635
23646
23660
23671
23685
23696
23710
23721
23735
23746
23760
23771
23785
23796
23810
23821
23835
23846
23860
23871
23885
23896
23910
23921
23934
23946
23959
23971
23984
23996
24009
24021
24034
24046
24059
24071
24084
24096
24109
24121
24134
24146
24159
24171
24180
24188
24198
24206
24216
24224
24234
24242
24252
24260
24270
24278
24288
24296
24306
24314
24324
24332
24342
24350
24360
24368
24378
24386
24396
24404
24414
24422
24432
24440
24450
24457
24467
24475
24485
24493
24503
24511
24521
24529
24539
24547
24557
24565
24575
24583
24593
24601
24611
24619
24629
24637
24647
24655
24665
24673
24683
24691
24701
24709
24719
24727
24737
24744
24754
24762
24772
24780
24790
24798
24808
24816
24826
24834
24844
24852
24862
24870
24880
24888
24898
24906
24916
24924
24934
24942
24954
24965
24978
24989
25002
25013
25026
25036
25049
25060
25073
25084
25097
25108
25121
25131
25144
25155
25168
25179
25192
25203
25215
25226
25239
25250
25263
25274
25287
25298
25310
25321
25334
25345
25358
25369
25382
25393
25405
25416
25429
25440
25453
25464
25477
25487
25500
25511
25524
25535
25548
25559
25572
25582
25596
25609
25624
25637
25651
25664
25679
25692
25706
25719
25734
25747
25761
25774
25789
25802
25816
25829
25844
25857
25871
25884
25899
25912
25927
25939
25954
25967
25982
25994
26009
26022
26037
26049
26064
26077
26092
26104
26119
26132
26147
26159
26174
26187
26202
26215
26229
26242
26257
26268
26277
26288
26298
26309
26318
26330
26339
26350
26360
26371
26380
26392
26401
26412
26422
26433
26442
26454
26463
26474
26483
26495
26504
26515
26525
26536
26545
26557
26566
26577
26587
26598
26607
26619
26628
26639
26649
26660
26669
26681
26690
26701
26710
26722
26731
26742
26752
26763
26772
26784
26793
26804
26814
26825
26834
26846
26855
26866
26876
26887
26896
26908
26917
26928
26935
26940
26948
26953
26961
26966
26974
26979
26987
26992
27000
27005
27013
27018
27026
27031
27039
27044
27051
27057
27064
27070
27077
27083
27090
27096
27103
27109
27116
27122
27129
27135
27142
27148
27155
27161
27168
27173
27181
27186
27194
27199
27207
27212
27220
27225
27233
27238
27246
27251
27259
27264
27272
27277
27284
27290
27297
27303
27310
27316
27323
27329
27336
27342
27349
27355
27362
27368
27375
27381
27388
27394
27401
27406
27414
27419
27427
27432
27440
27445
27453
27458
27466
27471
27479
27484
27492
27497
27505
27510
27517
27523
27530
27536
27543
27549
27556
27562
27569
27575
27582
27588
27595
27601
27608
27614
27621
27627
27634
27639
27646
27651
27658
27663
27670
27675
27682
27687
27694
27699
27706
27712
27719
27724
27731
27736
27743
27748
27755
27760
27767
27772
27779
27784
27792
27797
27804
27809
27816
27821
27828
27833
27840
27845
27852
27857
27864
27870
27877
27882
27889
27894
27901
27906
27913
27918
27925
27930
27937
27942
27950
27955
27962
27967
27974
27979
27986
27991
27998
28003
28010
28015
28022
28028
28035
28040
28047
28052
28059
28064
28071
28076
28083
28088
28095
28100
28107
28113
28120
28125
28132
28137
28144
28149
28156
28161
28168
28173
28180
28185
28193
28198
28205
28210
28217
28222
28239
28255
28272
28288
28305
28321
28339
28354
28372
28387
28405
28420
28438
28454
28471
28487
28504
28520
28537
28553
28571
28586
28604
28619
28637
28652
28670
28686
28703
28719
28736
28752
28769
28785
28803
28818
28836
28851
28878
28904
28932
28958
28986
29012
29039
29065
29093
29119
29147
29173
29200
29226
29254
29280
29308
29334
29362
29387
29415
29441
29469
29480
29489
29500
29509
29520
29529
29540
29549
29560
29569
29580
29589
29600
29609
29620
29629
29640
29649
29660
29669
29680
29689
29700
29709
29720
29729
29740
29749
29760
29769
29780
29789
29800
29809
29820
29829
29840
29849
29860
29870
29881
29890
29901
29910
29921
29930
29941
29950
29961
29970
29981
29990
30001
30010
30021
30030
30041
30050
30061
30070
30077
30083
30091
30097
30105
30111
30119
30125
30132
30138
30146
30152
30160
30166
30174
30180
30187
30193
30201
30207
30215
30221
30229
30235
30243
30248
30256
30262
30270
30276
30284
30290
30298
30303
30311
30317
30325
30331
30339
30345
30353
30358
30366
30372
30380
30386
30394
30400
30408
30414
30421
30427
30435
30441
30449
30455
30463
30469
30476
30482
30490
30496
30504
30510
30518
30524
30532
30537
30545
30551
30559
30565
30573
30579
30587
30592
30600
30606
30614
30620
30628
30634
30642
30647
30655
30661
30669
30675
30683
30689
30697
30703
30710
30716
30724
30730
30738
30744
30752
30758
30765
30771
30779
30785
30793
30799
30807
30813
30820
30828
30835
30844
30851
30860
30867
30876
30883
30892
30899
30908
30915
30924
30931
30940
30947
30956
30962
30971
30978
30987
30994
31003
31010
31019
31026
31035
31042
31051
31058
31067
31074
31083
31090
31098
31105
31114
31121
31130
31137
31146
31153
31162
31169
31178
31185
31194
31201
31210
31217
31226
31232
31241
31248
31257
31264
31273
31280
31289
31296
31305
31312
31321
31328
31337
31344
31353
31360
31368
31375
31384
31391
31400
31407
31416
31423
31432
31440
31450
31458
31468
31476
31486
31494
31504
31512
31522
31530
31540
31548
31558
31565
31575
31583
31593
31601
31611
31619
31629
31637
31647
31655
31665
31673
31683
31691
31700
31708
31718
31726
31736
31744
31754
31762
31772
31780
31790
31798
31808
31816
31826
31834
31843
31851
31861
31869
31879
31887
31897
31905
31915
31923
31933
31941
31951
31959
31969
31976
31986
31994
32004
32012
32022
32034
32045
32057
32068
32080
32091
32103
32114
32126
32137
32149
32160
32172
32183
32196
32206
32219
32229
32242
32252
32265
32275
32288
32298
32311
32322
32333
32346
32356
32369
32379
32392
32402
32415
32425
32438
32448
32461
32472
32483
32496
32506
32519
32529
32542
32552
32565
32575
32588
32598
32611
32622
32633
32646
32656
32669
32679
32692
32702
32715
32725
32738
32746
32753
32761
32768
32777
32783
32792
32799
32807
32814
32823
32829
32838
32845
32853
32860
32869
32875
32884
32890
32899
32906
32914
32921
32930
32936
32945
32952
32960
32967
32976
32982
32991
32998
33006
33013
33021
33028
33037
33043
33052
33059
33067
33074
33083
33089
33098
33105
33113
33120
33129
33135
33144
33151
33159
33166
33174
33181
33190
33196
33205
33212
33220
33227
33236
33242
33251
33258
33266
33273
33282
33288
33297
33303
33312
33319
33327
33334
33343
33349
33358
33365
33373
33380
33389
33395
33404
33411
33419
33426
33434
33441
33450
33456
33465
33472
33480
33487
33496
33502
33511
33518
33525
33530
33538
33543
33551
33556
33563
33569
33576
33582
33589
33595
33602
33607
33615
33620
33628
33633
33641
33646
33653
33659
33666
33672
33679
33685
33692
33697
33705
33710
33718
33723
33731
33736
33743
33749
33756
33762
33769
33775
33782
33787
33795
33800
33808
33813
33821
33826
33833
33839
33846
33852
33859
33865
33872
33877
33885
33890
33898
33903
33911
33916
33923
33929
33936
33942
33949
33955
33962
33967
33975
33980
33988
33993
34001
34006
34013
34019
34026
34032
34039
34045
34052
34057
34065
34070
34078
34083
34091
34096
34103
34109
34116
34122
34129
34135
34142
34147
34155
34160
34168
34173
34181
34186
34193
34199
34206
34212
34219
34225
34232
34237
34246
34254
34264
34271
34281
34289
34299
34306
34316
34324
34334
34341
34351
34359
34369
34376
34386
34394
34404
34411
34421
34429
34439
34446
34456
34464
34473
34481
34491
34499
34508
34516
34526
34534
34543
34551
34561
34569
34578
34586
34596
34604
34613
34621
34631
34639
34648
34656
34666
34673
34683
34691
34701
34708
34718
34726
34736
34743
34753
34761
34771
34778
34788
34796
34806
34813
34823
34831
34841
34848
34858
34866
34876
34883
34893
34901
34910
34918
34928
34936
34946
34954
34964
34972
34982
34990
35001
35009
35019
35027
35037
35045
35055
35064
35074
35082
35092
35100
35110
35118
35129
35137
35147
35155
35165
35173
35183
35192
35202
35210
35220
35228
35238
35246
35257
35265
35275
35283
35293
35301
35311
35320
35330
35338
35348
35356
35366
35375
35385
35393
35403
35411
35421
35429
35440
35448
35458
35466
35476
35484
35494
35503
35513
35521
35531
35539
35549
35557
35570
35582
35596
35607
35621
35633
35646
35658
35672
35683
35697
35709
35722
35734
35748
35759
35773
35785
35798
35810
35824
35835
35849
35861
35874
35886
35900
35911
35925
35937
35950
35962
35976
35987
36001
36013
36026
36038
36052
36063
36077
36089
36102
36114
36128
36139
36153
36165
36178
36190
36204
36215
36229
36241
36254
36266
36280
36288
36295
36304
36311
36320
36327
36335
36342
36351
36358
36367
36374
36383
36389
36398
36405
36414
36421
36430
36436
36445
36452
36461
36468
36477
36484
36492
36499
36508
36515
36524
36531
36539
36546
36555
36562
36571
36578
36587
36593
36602
36609
36618
36625
36634
36641
36649
36656
36665
36672
36681
36688
36696
36703
36712
36719
36728
36735
36744
36750
36759
36766
36775
36782
36791
36797
36806
36813
36822
36829
36838
36845
36853
36860
36869
36876
36885
36892
36901
36907
36916
36923
36932
36939
36948
36954
36963
36975
36985
36997
37008
37020
37030
37043
37053
37065
37076
37088
37098
37111
37121
37133
37143
37156
37166
37178
37189
37201
37211
37224
37234
37246
37257
37269
37279
37291
37302
37314
37324
37337
37347
37359
37370
37382
37392
37405
37415
37427
37438
37450
37460
37472
37483
37495
37505
37518
37528
37540
37551
37563
37573
37586
37596
37608
37618
37631
37641
37653
37664
37676
37686
37699
37709
37721
37732
37743
37752
37763
37772
37783
37792
37803
37812
37823
37832
37843
37852
37863
37872
37883
37892
37903
37912
37923
37933
37944
37953
37964
37973
37984
37993
38004
38013
38024
38033
38044
38053
38064
38073
38084
38093
38104
38113
38124
38134
38145
38154
38165
38174
38185
38194
38205
38214
38225
38234
38245
38254
38265
38274
38285
38294
38305
38314
38325
38335
38346
38355
38366
38375
38386
38395
38406
38415
38424
38431
38440
38447
38456
38463
38472
38479
38488
38495
38504
38511
38520
38527
38537
38544
38553
38560
38569
38576
38585
38592
38601
38608
38617
38624
38633
38640
38650
38657
38666
38673
38682
38689
38698
38705
38714
38721
38730
38737
38746
38753
38763
38770
38779
38786
38795
38802
38811
38818
38827
38834
38843
38850
38859
38866
38875
38883
38892
38899
38908
38915
38924
38931
38940
38947
38956
38963
38972
38979
38988
38996
39005
39012
39021
39028
39037
39044
39053
39060
39069
39078
39086
39095
39103
39112
39120
39130
39137
39147
39154
39164
39172
39181
39189
39198
39206
39216
39223
39233
39240
39250
39257
39267
39275
39284
39292
39301
39309
39319
39326
39336
39343
39353
39361
39370
39378
39387
39395
39405
39412
39422
39429
39439
39446
39456
39464
39473
39481
39490
39498
39508
39515
39525
39532
39542
39550
39559
39567
39576
39584
39593
39601
39611
39618
39628
39635
39645
39653
39662
39670
39679
39687
39697
39704
39714
39721
39731
39739
39748
39756
39765
39773
39782
39790
39800
39807
39823
39838
39854
39869
39886
39900
39917
39932
39947
39964
39978
39995
40010
40026
40041
40057
40072
40089
40103
40120
40135
40151
40166
40182
40197
40214
40228
40245
40260
40276
40291
40307
40322
40339
40353
40370
40385
40401
40416
40432
40447
40464
40478
40495
40510
40526
40541
40557
40572
40580
40587
40596
40603
40611
40618
40627
40634
40642
40649
40658
40665
40673
40680
40689
40696
40704
40711
40720
40727
40735
40742
40751
40758
40766
40773
40782
40789
40797
40804
40813
40820
40828
40835
40844
40851
40860
40866
40875
40882
40891
40897
40906
40913
40922
40928
40937
40944
40953
40959
40968
40975
40984
40990
40999
41006
41015
41021
41030
41037
41046
41052
41061
41068
41077
41083
41092
41099
41108
41114
41123
41130
41139
41146
41154
41161
41170
41177
41185
41192
41201
41208
41216
41223
41232
41252
41272
41292
41312
41332
41352
41372
41392
41412
41432
41452
41472
41492
41512
41532
41552
41572
41592
41612
41632
41652
41672
41692
41712
41732
41752
41772
41792
41812
41832
41840
41846
41854
41861
41869
41875
41883
41890
41898
41904
41913
41919
41927
41933
41942
41948
41956
41963
41971
41977
41985
41992
42000
42006
42015
42021
42029
42035
42044
42050
42058
42065
42073
42079
42087
42094
42102
42108
42116
42123
42131
42137
42146
42152
42160
42166
42175
42181
42189
42196
42204
42210
42218
42225
42233
42239
42248
42254
42262
42268
42277
42283
42291
42298
42306
42312
42320
42327
42335
42341
42349
42356
42364
42370
42379
42385
42393
42399
42408
42414
42422
42429
42437
42443
42451
42458
42466
42472
42481
42487
42495
42501
42510
42516
42524
42531
42539
42545
42553
42560
42568
42574
42582
42589
42597
42603
42622
42639
42659
42676
42695
42713
42732
42750
42769
42786
42806
42823
42842
42860
42879
42897
42916
42933
42953
42970
42989
43007
43026
43044
43063
43080
43100
43117
43136
43154
43173
43191
43210
43227
43248
43268
43290
43309
43331
43351
43373
43392
43414
43434
43455
43475
43497
43517
43538
43558
43580
43600
43621
43641
43663
43682
43704
43724
43746
43765
43787
43807
43829
43848
43870
43890
43911
43931
43953
43973
43994
44014
44025
44035
44047
44057
44069
44079
44091
44101
44112
44122
44134
44144
44156
44166
44178
44188
44199
44209
44221
44231
44243
44253
44265
44275
44286
44296
44308
44318
44330
44340
44352
44362
44374
44383
44395
44405
44417
44427
44439
44449
44461
44470
44482
44492
44504
44514
44526
44536
44548
44557
44569
44579
44591
44601
44613
44623
44635
44645
44656
44666
44678
44688
44700
44710
44722
44732
44743
44753
44765
44793
44819
44847
44873
44901
44927
44956
44982
45010
45036
45064
45090
45118
45145
45173
45199
45227
45253
45281
45307
45336
45362
45390
45416
45444
45470
45478
45485
45493
45500
45508
45515
45524
45530
45539
45545
45554
45561
45569
45576
45584
45591
45600
45606
45615
45621
45630
45636
45645
45652
45660
45667
45675
45682
45691
45697
45706
45712
45721
45728
45736
45743
45751
45758
45767
45773
45782
45788
45797
45803
45812
45819
45827
45834
45842
45849
45858
45864
45873
45879
45888
45895
45903
45910
45918
45925
45933
45940
45949
45955
45964
45970
45979
45986
45994
46001
46009
46016
46025
46031
46040
46046
46055
46062
46070
46077
46085
46092
46100
46115
46129
46145
46159
46175
46189
46204
46218
46234
46248
46264
46278
46294
46307
46323
46337
46353
46367
46383
46397
46412
46426
46442
46456
46472
46486
46501
46515
46531
46545
46561
46575
46591
46604
46620
46634
46650
46664
46680
46694
46709
46723
46739
46753
46769
46783
46799
46812
46828
46840
46851
46864
46875
46887
46898
46911
46922
46934
46945
46958
46969
46982
46992
47005
47016
47029
47039
47052
47063
47076
47087
47099
47110
47123
47134
47146
47157
47170
47181
47194
47204
47217
47228
47241
47251
47264
47275
47288
47299
47311
47322
47335
47346
47358
47369
47382
47393
47406
47416
47429
47440
47453
47463
47476
47487
47500
47511
47523
47534
47547
47558
47570
47581
47588
47594
47602
47607
47615
47621
47628
47634
47642
47648
47655
47661
47669
47674
47682
47688
47695
47701
47709
47715
47722
47728
47736
47741
47749
47755
47763
47768
47776
47782
47789
47795
47803
47808
47816
47822
47830
47835
47843
47849
47856
47862
47870
47875
47883
47889
47897
47902
47910
47916
47923
47929
47937
47943
47950
47956
47964
47969
47977
47983
47990
47996
48004
48010
48017
48023
48031
48036
48044
48050
48057
48063
48071
48077
48084
48090
48098
48103
48111
48117
48125
48130
48138
48144
48151
48157
48165
48170
48178
48184
48191
48196
48203
48208
48215
48220
48227
48232
48239
48244
48251
48256
48264
48269
48276
48281
48288
48293
48300
48305
48312
48317
48324
48329
48336
48342
48349
48354
48361
48366
48373
48378
48385
48390
48397
48402
48409
48415
48422
48427
48434
48439
48446
48451
48458
48463
48470
48475
48482
48487
48495
48500
48507
48512
48519
48524
48531
48536
48543
48548
48555
48560
48567
48573
48580
48585
48592
48597
48604
48609
48616
48621
48628
48633
48640
48646
48653
48658
48665
48670
48677
48682
48689
48694
48701
48706
48713
48718
48726
48731
48738
48743
48750
48755
48762
48767
48774
48779
48786
48791
48798
48804
48811
48816
48823
48828
48835
48840
48847
48855
48862
48871
48877
48886
48893
48901
48908
48917
48924
48932
48939
48948
48954
48963
48970
48978
48985
48994
49001
49009
49016
49025
49031
49040
49047
49055
49062
49071
49078
49086
49093
49102
49108
49117
49124
49132
49139
49148
49155
49163
49170
49179
49185
49194
49201
49210
49216
49225
49232
49240
49247
49256
49262
49271
49278
49287
49293
49302
49309
49317
49324
49333
49339
49348
49355
49364
49370
49379
49386
49394
49401
49410
49416
49425
49432
49441
49447
49456
49463
49471
49478
49487
49493
49502
49511
49519
49528
49536
49546
49553
49563
49571
49580
49588
49598
49605
49615
49622
49632
49640
49649
49657
49667
49674
49684
49692
49701
49709
49718
49726
49736
49743
49753
49761
49770
49778
49788
49795
49805
49813
49822
49830
49839
49847
49857
49864
49874
49882
49891
49899
49909
49916
49926
49933
49943
49951
49960
49968
49978
49985
49995
50003
50012
50020
50029
50037
50047
50054
50064
50072
50081
50089
50099
50106
50116
50124
50133
50141
50150
50158
50168
50175
50185
50193
50202
50210
50220
50227
