14
27
42
55
70
83
97
110
125
138
153
166
180
193
208
221
236
249
263
276
291
304
319
332
347
359
374
387
402
415
430
442
457
470
485
498
513
525
540
553
568
581
596
608
623
636
651
664
679
692
706
719
734
747
762
775
786
799
811
824
835
849
860
873
884
898
909
922
934
947
958
972
983
996
1007
1021
1032
1045
1057
1070
1081
1094
1106
1119
1130
1144
1155
1168
1180
1193
1204
1217
1229
1242
1253
1267
1278
1291
1302
1316
1327
1340
1352
1365
1376
1390
1401
1414
1425
1439
1450
1463
1475
1488
1499
1512
1524
1537
1548
1562
1573
1586
1598
1611
1622
1635
1647
1660
1677
1692
1709
1725
1742
1757
1775
1790
1807
1823
1840
1855
1872
1888
1905
1920
1938
1953
1970
1986
2003
2018
2035
2051
2068
2083
2101
2116
2133
2149
2166
2181
2199
2214
2231
2246
2264
2279
2296
2312
2329
2344
2362
2377
2394
2410
2426
2443
2458
2476
2491
2510
2528
2547
2565
2585
2602
2622
2640
2659
2677
2697
2714
2734
2752
2771
2789
2809
2826
2846
2864
2883
2901
2921
2938
2958
2976
2995
3013
3033
3050
3070
3088
3107
3125
3145
3162
3182
3200
3219
3237
3257
3274
3287
3299
3313
3324
3338
3350
3363
3375
3389
3401
3414
3426
3440
3451
3465
3477
3491
3502
3516
3528
3541
3553
3567
3579
3592
3604
3618
3629
3643
3655
3669
3680
3694
3706
3719
3731
3745
3757
3770
3782
3796
3807
3821
3833
3847
3858
3872
3884
3897
3909
3923
3935
3948
3960
3974
3985
3999
4011
4024
4036
4050
4062
4075
4087
4101
4112
4127
4140
4155
4169
4184
4197
4213
4226
4241
4255
4270
4283
4299
4312
4327
4341
4356
4369
4385
4398
4413
4427
4442
4455
4470
4484
4499
4512
4528
4541
4556
4570
4585
4598
4614
4627
4642
4656
4671
4684
4700
4713
4728
4742
4757
4770
4786
4799
4814
4827
4843
4856
4871
4885
4900
4913
4929
4942
4957
4971
4986
4999
5015
5028
5044
5059
5076
5090
5107
5122
5139
5153
5170
5185
5202
5216
5233
5248
5264
5279
5296
5311
5327
5342
5359
5374
5390
5405
5422
5436
5453
5468
5485
5499
5516
5531
5548
5562
5579
5594
5610
5625
5642
5657
5673
5688
5705
5720
5736
5751
5768
5782
5799
5814
5831
5845
5862
5881
5898
5917
5934
5953
5970
5990
6007
6026
6043
6062
6079
6099
6116
6135
6152
6171
6188
6207
6225
6244
6261
6280
6297
6316
6334
6353
6370
6389
6406
6425
6442
6462
6479
6498
6515
6534
6551
6571
6588
6607
6624
6643
6660
6679
6697
6716
6733
6752
6769
6788
6806
6827
6847
6869
6889
6911
6931
6951
6973
6993
7015
7035
7056
7076
7098
7118
7140
7160
7181
7201
7223
7243
7265
7285
7306
7326
7348
7368
7390
7410
7431
7451
7473
7493
7515
7535
7552
7567
7584
7599
7616
7631
7648
7664
7681
7696
7713
7728
7745
7760
7777
7793
7810
7825
7842
7857
7874
7889
7906
7922
7939
7954
7971
7986
8003
8018
8035
8051
8068
8083
8100
8115
8132
8147
8165
8180
8197
8212
8229
8244
8261
8276
8292
8307
8324
8339
8356
8371
8388
8403
8420
8435
8452
8467
8484
8499
8516
8530
8547
8562
8579
8594
8611
8626
8643
8658
8675
8690
8707
8722
8739
8754
8771
8785
8802
8817
8834
8849
8866
8881
8898
8913
8930
8945
8962
8977
8994
9009
9026
9040
9057
9072
9089
9104
9121
9136
9153
9168
9185
9203
9219
9238
9254
9273
9289
9307
9324
9342
9359
9377
9393
9412
9428
9447
9463
9482
9498
9516
9533
9551
9568
9586
9602
9621
9637
9656
9672
9691
9707
9725
9742
9760
9777
9795
9811
9830
9846
9865
9881
9900
9916
9934
9951
9969
9986
10009
10031
10055
10076
10100
10122
10145
10167
10191
10212
10236
10258
10281
10303
10327
10348
10372
10394
10418
10439
10463
10485
10508
10530
10554
10575
10599
10621
10644
10666
10690
10711
10735
10757
10780
10802
10826
10848
10871
10893
10908
10921
10936
10949
10965
10978
10993
11006
11021
11035
11050
11063
11078
11092
11107
11120
11135
11148
11164
11177
11192
11205
11221
11234
11249
11262
11277
11291
11306
11319
11334
11347
11363
11376
11391
11404
11420
11433
11448
11461
11476
11490
11505
11518
11533
11547
11562
11575
11590
11603
11619
11632
11647
11660
11675
11689
11701
11715
11727
11741
11753
11767
11780
11794
11806
11820
11832
11846
11858
11872
11885
11899
11911
11925
11937
11951
11963
11977
11990
12004
12016
12030
12042
12056
12068
12083
12095
12109
12121
12135
12147
12161
12173
12188
12200
12214
12226
12240
12252
12266
12278
12293
12305
12319
12331
12345
12357
12371
12383
12398
12410
12424
12436
12450
12462
12476
12497
12517
12539
12558
12580
12600
12622
12641
12663
12683
12704
12724
12746
12766
12787
12807
12829
12849
12870
12890
12912
12931
12953
12973
12995
13014
13036
13056
13078
13097
13119
13139
13160
13180
13202
13222
13243
13263
13278
13292
13308
13322
13338
13352
13368
13382
13398
13412
13427
13441
13457
13471
13487
13501
13517
13531
13547
13561
13577
13590
13606
13620
13636
13650
13666
13680
13696
13710
13726
13740
13755
13769
13785
13799
13815
13829
13845
13859
13875
13889
13904
13918
13934
13948
13964
13978
13994
14008
14024
14038
14058
14077
14098
14117
14138
14157
14178
14196
14217
14236
14257
14276
14297
14316
14337
14355
14376
14395
14416
14435
14456
14475
14495
14514
14535
14554
14575
14594
14615
14634
14654
14673
14694
14713
14734
14753
14774
14792
14813
14832
14853
14872
14886
14898
14912
14924
14938
14950
14964
14976
14990
15002
15016
15028
15042
15054
15068
15080
15094
15106
15120
15132
15146
15158
15172
15184
15198
15210
15224
15236
15250
15262
15276
15288
15302
15314
15328
15340
15354
15366
15380
15392
15406
15418
15432
15444
15458
15470
15484
15496
15510
15522
15536
15548
15562
15574
15588
15600
15614
15626
15640
15652
15666
15678
15692
15704
15718
15730
15744
15756
15770
15782
15802
15821
15842
15860
15881
15900
15920
15939
15960
15979
15999
16018
16039
16057
16078
16097
16117
16136
16157
16176
16196
16215
16236
16254
16275
16294
16315
16333
16354
16373
16393
16412
16433
16451
16472
16491
16512
16530
16551
16570
16590
16609
16630
16646
16660
16676
16690
16706
16720
16737
16751
16767
16781
16797
16811
16827
16842
16858
16872
16888
16902
16918
16933
16949
16963
16979
16993
17009
17023
17040
17054
17070
17084
17100
17114
17130
17145
17161
17175
17191
17205
17221
17236
17252
17266
17282
17296
17312
17326
17343
17357
17373
17387
17403
17417
17434
17448
17464
17480
17495
17512
17527
17544
17559
17576
17591
17608
17623
17640
17655
17672
17687
17704
17719
17736
17751
17768
17783
17800
17815
17832
17846
17863
17878
17895
17910
17927
17942
17959
17974
17991
18006
18023
18038
18055
18070
18087
18102
18119
18134
18151
18166
18183
18198
18214
18229
18246
18261
18281
18299
18320
18338
18358
18377
18397
18416
18436
18454
18475
18493
18514
18532
18552
18571
18591
18609
18630
18648
18669
18687
18707
18726
18746
18765
18785
18803
18824
18842
18862
18881
18901
18920
18940
18958
18979
18997
19012
19026
19042
19055
19071
19085
19100
19114
19130
19143
19159
19173
19188
19202
19218
19232
19247
19261
19277
19290
19306
19320
19335
19349
19365
19378
19394
19408
19423
19437
19453
19467
19482
19496
19512
19525
19541
19555
19570
19584
19600
19613
19629
19643
19658
19672
19688
19702
19717
19731
19747
19760
19776
19790
19805
19819
19835
19848
19864
19878
19893
19911
19928
19947
19964
19983
20000
20019
20036
20054
20071
20090
20107
20126
20143
20162
20179
20198
20214
20233
20250
20269
20286
20305
20322
20341
20357
20376
20393
20412
20429
20448
20465
20484
20501
20519
20536
20555
20572
20591
20608
20627
20644
20663
20679
20698
20715
20734
20751
20771
20789
20809
20827
20847
20865
20885
20903
20923
20941
20961
20979
20999
21017
21037
21055
21075
21093
21113
21131
21151
21170
21190
21208
21228
21246
21266
21284
21304
21322
21342
21360
21380
21398
21418
21436
21456
21474
21494
21512
21532
21545
21556
21569
21580
21594
21605
21618
21629
21642
21654
21667
21678
21691
21703
21716
21727
21740
21751
21765
21776
21789
21800
21814
21825
21838
21849
21862
21874
21887
21898
21911
21923
21936
21947
21960
21971
21985
21996
22009
22020
22034
22045
22058
22069
22082
22094
22107
22118
22131
22142
22156
22167
22180
22191
22205
22216
22229
22240
22253
22265
22278
22289
22302
22314
22327
22338
22351
22362
22376
22389
22400
22413
22425
22438
22449
22463
22474
22487
22499
22512
22523
22536
22548
22561
22572
22586
22597
22610
22622
22635
22646
22660
22671
22684
22696
22708
22721
22732
22746
22757
22770
22782
22795
22806
22820
22831
22844
22856
22868
22881
22892
22906
22917
22930
22942
22955
22966
22980
22991
23004
23016
23028
23041
23052
23066
23077
23090
23102
23115
23126
23140
23163
23185
23209
23231
23254
23276
23300
23322
23345
23367
23391
23413
23437
23458
23482
23504
23528
23549
23573
23595
23619
23640
23664
23686
23710
23732
23755
23777
23801
23823
23846
23868
23892
23914
23931
23946
23963
23978
23996
24011
24028
24043
24061
24076
24093
24108
24126
24141
24158
24173
24191
24206
24223
24238
24256
24271
24288
24303
24320
24336
24353
24368
24385
24401
24418
24433
24450
24466
24483
24498
24515
24531
24548
24563
24580
24596
24613
24628
24645
24660
24678
24693
24710
24725
24743
24758
24775
24790
24808
24823
24845
24866
24888
24909
24931
24952
24975
24995
25018
25038
25061
25081
25104
25125
25147
25168
25190
25211
25234
25254
25277
25297
25320
25340
25363
25384
25406
25427
25449
25470
25493
25513
25536
25556
25579
25599
25622
25643
25665
25684
25701
25721
25738
25757
25775
25794
25811
25831
25848
25867
25885
25904
25921
25941
25958
25977
25995
26014
26031
26051
26068
26088
26105
26124
26142
26161
26178
26198
26215
26234
26252
26271
26288
26308
26325
26344
26362
26381
26398
26418
26435
26454
26472
26490
26506
26525
26541
26559
26576
26594
26611
26629
26645
26664
26680
26699
26715
26733
26750
26768
26785
26803
26819
26838
26854
26872
26889
26907
26924
26942
26958
26977
26993
27012
27028
27046
27063
27081
27098
27116
27132
27151
27167
27186
27202
27220
27237
27255
27272
27289
27307
27324
27342
27358
27377
27393
27408
27421
27436
27450
27465
27478
27493
27507
27522
27535
27550
27564
27579
27592
27608
27621
27636
27649
27665
27678
27693
27706
27722
27735
27750
27763
27779
27792
27807
27821
27836
27849
27864
27878
27893
27906
27921
27935
27950
27963
27979
27992
28007
28020
28036
28049
28064
28077
28093
28106
28121
28134
28150
28163
28178
28192
28207
28220
28235
28249
28264
28277
28292
28306
28321
28337
28352
28368
28383
28400
28414
28431
28446
28461
28478
28492
28509
28524
28540
28555
28571
28586
28603
28617
28634
28649
28665
28680
28696
28711
28728
28742
28759
28774
28790
28805
28821
28836
28853
28867
28884
28899
28915
28930
28946
28961
28978
28992
29009
29024
29040
29062
29082
29104
29124
29146
29166
29188
29208
29230
29250
29272
29292
29314
29334
29356
29376
29398
29418
29440
29461
29483
29503
29525
29545
29567
29587
29609
29629
29651
29671
29693
29713
29735
29755
29777
29797
29819
29840
29861
29883
29903
29925
29945
29959
29971
29985
29997
30011
30023
30037
30049
30063
30075
30089
30101
30115
30127
30141
30153
30167
30180
30194
30206
30220
30232
30246
30258
30272
30284
30298
30310
30324
30336
30350
30362
30376
30388
30403
30415
30429
30441
30455
30467
30481
30493
30507
30519
30533
30545
30559
30571
30585
30597
30611
30623
30638
30650
30664
30676
30690
30702
30716
30728
30742
30754
30768
30780
30794
30806
30820
30832
30846
30859
30871
30885
30897
30911
30923
30936
30948
30962
30974
30988
31000
31014
31025
31039
31051
31065
31077
31091
31102
31116
31128
31142
31154
31168
31180
31193
31205
31219
31231
31245
31257
31270
31282
31296
31308
31322
31334
31348
31359
31373
31385
31399
31411
31425
31437
31450
31462
31476
31488
31502
31514
31527
31539
31553
31565
31579
31591
31605
31616
31630
31642
31656
31668
31682
31693
31707
31719
31733
31746
31757
31770
31782
31795
31806
31820
31831
31844
31856
31869
31880
31894
31905
31918
31930
31943
31954
31968
31979
31992
32004
32017
32028
32042
32053
32066
32077
32091
32102
32115
32127
32140
32151
32165
32176
32189
32201
32214
32225
32239
32250
32263
32275
32288
32299
32313
32324
32337
32349
32362
32373
32386
32398
32411
32422
32436
32447
32460
32472
32485
32496
32510
32523
32538
32551
32566
32579
32594
32607
32622
32635
32650
32663
32678
32691
32706
32718
32733
32746
32761
32774
32789
32802
32817
32830
32845
32858
32873
32886
32901
32914
32929
32941
32956
32969
32984
32997
33012
33025
33040
33053
33068
33081
33096
33109
33124
33137
33152
33164
33179
33192
33207
33220
33235
33248
33263
33276
33291
33304
33319
33332
33347
33360
33375
33387
33402
33415
33430
33443
33455
33468
33480
33494
33505
33519
33531
33544
33556
33569
33581
33595
33606
33620
33632
33645
33657
33670
33682
33696
33707
33721
33733
33746
33758
33772
33783
33797
33808
33822
33834
33847
33859
33873
33884
33898
33910
33922
33936
33947
33961
33973
33986
33998
34012
34023
34037
34048
34062
34074
34087
34099
34113
34124
34138
34150
34162
34176
34187
34201
34213
34226
34238
34252
34263
34277
34288
34302
34314
34335
34354
34375
34394
34415
34434
34455
34474
34495
34514
34535
34554
34575
34594
34616
34635
34656
34675
34696
34715
34736
34755
34776
34795
34816
34835
34856
34875
34896
34916
34937
34956
34977
34996
35017
35036
35049
35061
35075
35087
35101
35112
35126
35138
35152
35164
35178
35189
35203
35215
35229
35241
35254
35266
35280
35292
35306
35318
35331
35343
35357
35369
35383
35394
35408
35420
35434
35446
35460
35471
35485
35497
35511
35523
35536
35548
35562
35574
35588
35600
35613
35625
35639
35651
35665
35677
35690
35702
35716
35728
35742
35753
35767
35779
35793
35805
35819
35830
35844
35856
35870
35882
35895
35907
35921
35933
35947
35960
35972
35986
35998
36012
36024
36038
36049
36063
36075
36089
36101
36115
36127
36140
36152
36166
36178
36192
36204
36218
36229
36243
36255
36269
36281
36295
36307
36320
36332
36346
36358
36372
36384
36398
36410
36423
36435
36449
36461
36475
36487
36501
36512
36526
36538
36552
36564
36578
36590
36603
36615
36629
36641
36655
36667
36681
36692
36706
36718
36732
36744
36758
36770
36784
36795
36809
36821
36835
36847
36861
36873
36894
36914
36935
36955
36976
36996
37017
37037
37058
37078
37099
37119
37140
37160
37181
37201
37222
37242
37263
37283
37304
37324
37345
37365
37386
37406
37427
37447
37468
37488
37509
37529
37550
37570
37591
37611
37632
37652
37673
37693
37707
37720
37735
37747
37762
37775
37789
37802
37817
37829
37844
37857
37871
37884
37899
37911
37926
37939
37953
37966
37981
37994
38008
38021
38036
38048
38063
38076
38090
38103
38118
38130
38145
38158
38172
38185
38200
38212
38227
38240
38255
38267
38282
38295
38309
38322
38337
38349
38364
38377
38391
38404
38419
38441
38461
38483
38503
38525
38545
38567
38587
38609
38629
38651
38671
38693
38713
38735
38755
38777
38797
38819
38840
38862
38882
38904
38924
38946
38966
38988
39008
39030
39050
39072
39092
39114
39134
39156
39176
39191
39205
39221
39235
39250
39264
39280
39294
39310
39323
39339
39353
39369
39382
39398
39412
39428
39442
39457
39471
39487
39501
39516
39530
39546
39560
39576
39589
39605
39619
39635
39648
39664
39678
39694
39708
39723
39737
39753
39767
39782
39796
39812
39826
39842
39855
39871
39885
39901
39914
39930
39944
39960
39974
39989
40003
40019
40033
40048
40061
40076
40089
40104
40117
40132
40145
40160
40173
40188
40201
40216
40229
40244
40257
40272
40285
40300
40313
40328
40341
40356
40369
40384
40397
40412
40425
40440
40453
40468
40481
40496
40509
40524
40537
40552
40565
40580
40593
40608
40621
40636
40649
40664
40677
40692
40705
40720
40733
40748
40761
40776
40789
40804
40817
40832
40845
40860
40873
40888
40901
40916
40929
40951
40971
40993
41013
41035
41055
41078
41098
41120
41140
41162
41182
41205
41225
41247
41267
41289
41309
41332
41352
41374
41394
41416
41436
41459
41479
41501
41521
41543
41563
41586
41606
41628
41648
41670
41690
41713
41733
41755
41775
41797
41817
41840
41860
41874
41886
41900
41912
41926
41938
41953
41965
41979
41991
42005
42017
42032
42044
42058
42070
42084
42096
42110
42123
42137
42149
42163
42175
42189
42202
42216
42228
42242
42254
42268
42281
42295
42307
42321
42333
42347
42360
42373
42387
42399
42413
42425
42439
42452
42466
42478
42492
42504
42518
42531
42545
42557
42571
42583
42597
42610
42623
42637
42655
42671
42689
42705
42723
42739
42757
42773
42792
42808
42826
42842
42860
42876
42894
42910
42929
42945
42963
42979
42997
43013
43031
43047
43065
43082
43100
43116
43134
43150
43168
43184
43202
43219
43237
43253
43271
43287
43305
43321
43339
43355
43374
43390
43408
43422
43435
43450
43463
43478
43490
43505
43518
43533
43546
43560
43573
43588
43601
43616
43628
43643
43656
43671
43684
43698
43711
43726
43739
43754
43767
43781
43794
43809
43822
43837
43849
43864
43877
43892
43905
43919
43932
43947
43960
43975
43987
44002
44015
44030
44043
44058
44070
44085
44098
44113
44126
44140
44153
44168
44181
44196
44208
44223
44236
44251
44264
44278
44291
44306
44319
44334
44351
44366
44383
44398
44416
44431
44448
44463
44480
44496
44513
44528
44545
44561
44578
44593
44610
44625
44643
44658
44675
44690
44707
44723
44740
44755
44772
44788
44805
44820
44837
44852
44870
44885
44902
44917
44934
44950
44967
44982
44999
45015
45032
45047
45064
45079
45097
45112
45129
45144
45162
45177
45194
45209
45226
45245
45262
45281
45298
45317
45334
45353
45370
45389
45406
45425
45442
45461
45478
45497
45514
45533
45550
45569
45586
45605
45622
45642
45659
45678
45695
45714
45731
45750
45767
45786
45803
45822
45839
45858
45875
45894
45911
45930
45947
45966
45983
46002
46019
46039
46058
46078
46097
46117
46136
46157
46175
46196
46214
46235
46253
46274
46293
46313
46332
46352
46371
46391
46410
46431
46449
46470
46488
46509
46527
46548
46567
46587
46606
46626
46645
46666
46684
46705
46723
46744
46762
46783
46802
46822
46841
46861
46880
46900
46919
46940
46960
46978
46999
47017
47037
47056
47076
47095
47115
47133
47154
47172
47193
47211
47231
47250
47270
47288
47309
47327
47348
47366
47386
47405
47425
47444
47464
47482
47503
47521
47541
47560
47580
47599
47619
47637
47658
47676
47693
47709
47726
47742
47759
47775
47792
47808
47825
47841
47859
47874
47892
47907
47925
47940
47958
47973
47991
48007
48024
48040
48057
48073
48090
48106
48123
48139
48156
48172
48190
48205
48223
48238
48256
48271
48289
48304
48322
48338
48355
48371
48388
48404
48421
48437
48454
48470
48490
48509
48529
48548
48568
48587
48608
48626
48647
48665
48686
48704
48725
48744
48764
48783
48803
48822
48842
48861
48882
48900
48921
48939
48960
48978
48999
49018
49038
49057
49077
49096
49117
49135
49156
49174
49195
49213
49234
49253
49273
49292
49305
49316
49330
49341
49354
49366
49379
49390
49404
49415
49428
49440
49453
49464
49478
49489
49502
49514
49527
49538
49552
49563
49576
49588
49601
49612
49626
49637
49651
49662
49675
49687
49700
49711
49725
49736
49749
49761
49774
49785
49799
49810
49823
49835
49848
49859
49873
49884
49897
49909
49922
49933
49947
49958
49972
49983
49996
50008
50021
50032
50046
