9
17
27
34
44
52
62
69
79
87
96
104
114
122
131
139
149
156
166
174
184
191
201
209
218
226
236
244
253
261
271
278
288
296
306
313
323
331
340
348
358
366
375
383
393
400
410
418
428
435
445
453
462
470
480
488
497
505
515
522
532
540
544
547
552
554
559
562
567
569
574
577
581
584
589
592
596
599
604
607
611
614
619
621
626
629
634
636
641
644
649
651
656
659
663
666
671
674
678
681
686
689
693
696
701
703
708
711
716
718
723
726
731
733
738
741
745
748
753
756
760
763
768
771
775
778
783
785
790
793
798
800
805
808
813
815
820
823
827
830
835
838
842
845
850
853
857
860
865
867
872
875
880
882
887
890
895
897
902
905
909
912
917
920
924
927
932
935
939
942
947
949
954
957
962
964
969
972
977
979
984
987
991
994
999
1002
1006
1009
1014
1017
1021
1024
1029
1031
1036
1039
1044
1046
1051
1054
1059
1061
1066
1069
1073
1076
1081
1084
1088
1091
1096
1099
1103
1106
1111
1113
1118
1121
1126
1128
1133
1136
1140
1143
1148
1151
1155
1161
1166
1172
1177
1184
1188
1195
1200
1206
1211
1218
1222
1229
1234
1240
1245
1252
1256
1263
1267
1274
1279
1285
1290
1297
1301
1308
1313
1319
1324
1331
1335
1342
1347
1353
1358
1365
1369
1376
1380
1387
1392
1398
1403
1410
1414
1421
1426
1432
1437
1444
1448
1455
1460
1466
1471
1478
1482
1489
1493
1500
1505
1511
1516
1523
1527
1534
1539
1545
1550
1557
1561
1568
1573
1579
1584
1591
1595
1602
1606
1611
1615
1621
1625
1631
1635
1641
1644
1650
1654
1660
1664
1670
1674
1680
1683
1689
1693
1699
1703
1709
1713
1719
1722
1728
1732
1738
1742
1748
1752
1758
1761
1767
1771
1777
1781
1787
1791
1797
1800
1806
1810
1816
1820
1826
1830
1836
1839
1845
1849
1855
1859
1865
1869
1875
1878
1884
1888
1894
1898
1904
1908
1914
1917
1923
1927
1933
1937
1943
1947
1953
1956
1962
1966
1972
1976
1982
1986
1992
1995
2001
2005
2011
2015
2021
2025
2031
2034
2040
2044
2050
2054
2060
2064
2070
2073
2079
2083
2089
2093
2099
2103
2107
2109
2113
2115
2120
2122
2126
2128
2133
2135
2139
2141
2146
2148
2152
2154
2159
2161
2165
2167
2172
2174
2178
2180
2185
2187
2191
2193
2197
2200
2204
2206
2210
2213
2217
2219
2223
2226
2230
2232
2236
2239
2243
2245
2249
2252
2256
2258
2262
2265
2269
2271
2275
2277
2282
2284
2288
2290
2295
2297
2301
2303
2308
2310
2314
2316
2321
2323
2327
2329
2334
2336
2340
2342
2347
2349
2353
2355
2360
2362
2366
2368
2372
2375
2379
2381
2385
2388
2392
2394
2398
2401
2405
2407
2411
2414
2418
2420
2424
2427
2431
2433
2437
2440
2444
2446
2450
2452
2457
2459
2463
2465
2470
2472
2476
2478
2483
2485
2489
2491
2496
2498
2502
2504
2509
2511
2515
2517
2522
2524
2528
2530
2535
2537
2541
2543
2547
2550
2554
2556
2560
2563
2567
2569
2573
2576
2580
2582
2586
2589
2593
2595
2599
2602
2606
2608
2612
2615
2619
2621
2625
2627
2632
2634
2638
2640
2645
2647
2651
2653
2658
2660
2664
2666
2671
2673
2677
2679
2684
2686
2690
2692
2697
2699
2703
2707
2709
2714
2716
2721
2723
2728
2730
2735
2737
2742
2744
2749
2751
2756
2758
2763
2765
2770
2772
2777
2779
2783
2786
2790
2793
2797
2800
2804
2807
2811
2814
2818
2821
2825
2828
2832
2835
2839
2842
2846
2849
2853
2855
2860
2862
2867
2869
2874
2876
2881
2883
2888
2890
2895
2897
2902
2904
2909
2911
2916
2918
2923
2925
2930
2932
2936
2939
2943
2946
2950
2953
2957
2960
2964
2967
2971
2974
2978
2981
2985
2988
2992
2995
2999
3002
3006
3008
3013
3015
3020
3022
3027
3029
3034
3036
3041
3043
3048
3050
3055
3057
3062
3064
3069
3071
3076
3078
3083
3085
3089
3092
3096
3099
3103
3106
3110
3113
3117
3120
3124
3127
3131
3141
3149
3159
3167
3177
3185
3195
3203
3213
3221
3231
3239
3249
3257
3267
3275
3285
3293
3303
3311
3321
3329
3339
3347
3357
3365
3375
3383
3393
3401
3411
3419
3429
3437
3448
3456
3466
3474
3479
3483
3489
3493
3498
3502
3508
3512
3518
3521
3527
3531
3537
3541
3546
3550
3556
3560
3566
3569
3575
3579
3585
3589
3594
3598
3604
3608
3614
3617
3623
3627
3633
3637
3642
3646
3652
3656
3662
3665
3671
3675
3681
3685
3690
3694
3700
3704
3710
3713
3719
3723
3729
3733
3738
3742
3748
3752
3758
3761
3767
3771
3777
3781
3786
3790
3796
3800
3806
3809
3815
3819
3825
3829
3834
3838
3844
3848
3854
3857
3863
3867
3873
3877
3882
3886
3892
3896
3902
3905
3911
3915
3921
3927
3931
3938
3942
3949
3953
3960
3964
3971
3975
3981
3986
3992
3997
4003
4008
4014
4019
4025
4029
4036
4040
4047
4051
4058
4062
4069
4073
4079
4084
4090
4095
4101
4106
4112
4117
4123
4127
4134
4138
4145
4149
4156
4160
4167
4171
4178
4182
4188
4193
4199
4204
4210
4215
4221
4226
4232
4236
4243
4247
4254
4258
4265
4269
4276
4280
4286
4291
4297
4302
4308
4313
4320
4324
4331
4336
4343
4347
4354
4359
4366
4370
4377
4382
4389
4393
4400
4405
4412
4416
4423
4428
4435
4439
4446
4451
4458
4462
4469
4474
4481
4485
4492
4497
4504
4508
4515
4520
4527
4531
4538
4543
4550
4554
4561
4566
4573
4577
4584
4589
4596
4600
4607
4612
4619
4623
4630
4635
4642
4646
4653
4658
4665
4669
4676
4681
4688
4692
4699
4704
4711
4715
4722
4727
4734
4738
4745
4750
4757
4761
4768
4773
4780
4784
4790
4795
4801
4806
4812
4817
4824
4828
4835
4839
4846
4851
4857
4862
4868
4873
4880
4884
4891
4895
4902
4907
4913
4918
4924
4929
4936
4940
4947
4951
4958
4963
4969
4974
4980
4985
4992
4996
5003
5007
5014
5019
5025
5030
5036
5041
5048
5052
5059
5063
5070
5075
5081
5086
5092
5097
5104
5108
5115
5119
5126
5131
5137
5142
5148
5153
5160
5164
5171
5175
5182
5187
5193
5198
5204
5209
5216
5220
5227
5231
5238
5243
5249
5254
5260
5265
5272
5276
5283
5287
5294
5299
5305
5310
5316
5321
5328
5332
5339
5343
5350
5355
5361
5366
5372
5377
5384
5391
5396
5403
5408
5415
5420
5427
5432
5439
5444
5451
5456
5463
5468
5475
5480
5487
5492
5499
5504
5511
5516
5523
5528
5535
5540
5547
5552
5559
5564
5571
5576
5583
5588
5595
5600
5607
5612
5619
5624
5631
5636
5643
5648
5655
5660
5667
5672
5679
5684
5691
5696
5703
5708
5715
5720
5727
5732
5739
5744
5751
5756
5763
5768
5775
5780
5788
5793
5800
5805
5812
5817
5824
5829
5836
5841
5848
5853
5860
5865
5872
5877
5884
5889
5896
5901
5908
5913
5920
5925
5932
5937
5944
5949
5956
5961
5968
5973
5980
5985
5992
5997
6004
6009
6014
6018
6023
6027
6032
6036
6041
6045
6050
6054
6059
6063
6068
6072
6077
6081
6086
6090
6095
6099
6104
6108
6113
6117
6122
6126
6131
6135
6140
6144
6149
6153
6158
6162
6167
6171
6176
6180
6185
6189
6194
6198
6203
6207
6212
6216
6221
6225
6230
6234
6239
6243
6248
6252
6257
6261
6266
6270
6275
6279
6284
6288
6293
6297
6302
6306
6311
6315
6320
6324
6329
6333
6338
6342
6347
6351
6356
6360
6366
6370
6376
6381
6387
6391
6397
6402
6408
6412
6418
6423
6429
6433
6439
6444
6450
6454
6460
6465
6471
6475
6481
6486
6492
6496
6502
6507
6513
6517
6523
6528
6534
6538
6544
6549
6555
6559
6565
6570
6576
6580
6586
6591
6597
6601
6607
6612
6618
6622
6628
6633
6639
6643
6649
6654
6660
6664
6670
6675
6681
6685
6691
6696
6702
6706
6712
6717
6723
6727
6733
6738
6744
6748
6754
6759
6765
6769
6775
6780
6786
6793
6798
6805
6811
6818
6823
6830
6836
6843
6848
6855
6861
6868
6873
6880
6886
6893
6898
6905
6911
6918
6923
6930
6936
6943
6948
6956
6961
6968
6973
6981
6986
6993
6998
7006
7011
7018
7023
7031
7036
7043
7048
7056
7061
7068
7073
7081
7086
7093
7098
7106
7111
7118
7124
7131
7136
7143
7149
7156
7161
7168
7174
7181
7186
7193
7199
7206
7213
7218
7225
7230
7237
7242
7249
7254
7261
7266
7273
7278
7285
7290
7297
7302
7310
7315
7322
7327
7334
7339
7346
7351
7358
7363
7370
7375
7382
7387
7394
7399
7406
7412
7419
7424
7431
7436
7443
7448
7455
7460
7467
7472
7479
7484
7491
7496
7503
7509
7516
7521
7528
7533
7540
7545
7552
7557
7564
7569
7576
7581
7588
7593
7600
7606
7612
7619
7624
7631
7636
7643
7648
7655
7660
7667
7672
7679
7684
7691
7696
7703
7709
7716
7721
7728
7733
7740
7745
7752
7757
7769
7779
7792
7802
7814
7825
7837
7848
7860
7870
7883
7893
7906
7916
7928
7939
7951
7962
7974
7984
7997
8007
8020
8030
8042
8053
8065
8076
8088
8098
8111
8121
8134
8144
8156
8166
8174
8184
8193
8203
8211
8222
8230
8240
8248
8259
8267
8277
8286
8296
8304
8314
8323
8333
8341
8352
8360
8370
8378
8389
8397
8407
8416
8426
8434
8444
8453
8463
8471
8482
8490
8500
8509
8517
8526
8534
8544
8551
8561
8569
8578
8586
8596
8603
8613
8621
8630
8638
8648
8655
8665
8673
8682
8690
8700
8707
8717
8725
8734
8742
8752
8759
8769
8777
8786
8794
8804
8811
8821
8825
8828
8833
8835
8840
8843
8847
8850
8855
8858
8862
8865
8870
8872
8877
8880
8885
8887
8892
8895
8899
8902
8907
8909
8914
8917
8922
8924
8929
8932
8936
8939
8944
8947
8951
8954
8959
8961
8966
8969
8974
8976
8981
8984
8988
8991
8996
8998
9003
9006
9011
9013
9018
9021
9025
9028
9033
9036
9040
9043
9048
9050
9055
9058
9063
9065
9070
9073
9077
9080
9085
9087
9092
9095
9100
9102
9107
9110
9114
9117
9122
9125
9129
9132
9137
9139
9144
9147
9152
9154
9159
9162
9166
9169
9174
9176
9181
9184
9189
9191
9196
9199
9203
9206
9211
9214
9218
9221
9226
9228
9233
9236
9241
9243
9248
9251
9255
9258
9263
9265
9270
9273
9278
9280
9285
9288
9292
9295
9300
9303
9307
9310
9315
9317
9322
9325
9330
9332
9337
9340
9344
9347
9352
9354
9359
9362
9367
9369
9374
9378
9381
9386
9389
9394
9397
9402
9405
9410
9413
9418
9420
9425
9428
9433
9436
9441
9444
9449
9452
9457
9460
9464
9467
9472
9475
9480
9483
9488
9491
9496
9499
9504
9506
9511
9514
9519
9522
9527
9530
9535
9538
9543
9546
9550
9553
9558
9561
9566
9569
9574
9577
9582
9585
9590
9592
9597
9600
9605
9608
9613
9616
9621
9624
9629
9632
9636
9639
9644
9647
9652
9655
9660
9663
9668
9671
9676
9678
9683
9686
9691
9694
9699
9702
9707
9710
9715
9718
9722
9725
9730
9733
9738
9741
9746
9749
9754
9757
9762
9765
9769
9772
9777
9780
9785
9788
9793
9796
9801
9804
9809
9811
9816
9819
9824
9827
9832
9835
9840
9844
9850
9854
9860
9864
9869
9873
9879
9883
9889
9893
9899
9902
9908
9912
9918
9922
9928
9932
9937
9941
9947
9951
9957
9961
9967
9970
9976
9980
9986
9990
9996
10000
10005
10009
10015
10019
10025
10029
10035
10038
10044
10048
10054
10058
10064
10068
10073
10077
10083
10087
10093
10097
10103
10106
10112
10116
10122
10126
10132
10136
10141
10145
10151
10155
10161
10165
10171
10174
10180
10184
10190
10194
10200
10204
10209
10213
10219
10223
10229
10233
10239
10242
10248
10252
10258
10262
10268
10272
10277
10281
10287
10291
10297
10301
10307
10310
10319
10327
10337
10344
10354
10362
10372
10379
10389
10397
10406
10414
10424
10432
10441
10449
10459
10466
10476
10484
10494
10501
10511
10519
10528
10536
10546
10554
10563
10571
10581
10588
10598
10606
10616
10623
10633
10641
10650
10658
10668
10676
10685
10693
10703
10710
10720
10728
10738
10745
10755
10763
10772
10780
10790
10798
10807
10815
10825
10832
10842
10850
10854
10857
10862
10864
10869
10872
10877
10879
10884
10887
10891
10894
10899
10902
10906
10909
10914
10917
10921
10924
10929
10931
10936
10939
10944
10946
10951
10954
10959
10961
10966
10969
10973
10976
10981
10984
10988
10991
10996
10999
11003
11006
11011
11013
11018
11021
11026
11028
11033
11036
11041
11043
11048
11051
11055
11058
11063
11066
11070
11073
11078
11081
11085
11088
11093
11095
11100
11103
11108
11110
11115
11118
11123
11125
11130
11133
11137
11140
11145
11148
11152
11155
11160
11163
11167
11170
11175
11177
11182
11185
11190
11192
11197
11200
11205
11207
11212
11215
11219
11222
11227
11230
11234
11237
11242
11245
11249
11252
11257
11259
11264
11267
11272
11274
11279
11282
11287
11289
11294
11297
11301
11304
11309
11312
11316
11319
11324
11327
11331
11334
11339
11341
11346
11349
11354
11356
11361
11364
11369
11371
11376
11379
11383
11386
11391
11394
11398
11401
11406
11409
11413
11416
11421
11423
11428
11431
11436
11438
11443
11446
11450
11453
11458
11461
11465
11471
11476
11482
11487
11494
11498
11505
11510
11516
11521
11528
11532
11539
11544
11550
11555
11562
11566
11573
11577
11584
11589
11595
11600
11607
11611
11618
11623
11629
11634
11641
11645
11652
11657
11663
11668
11675
11679
11686
11690
11697
11702
11708
11713
11720
11724
11731
11736
11742
11747
11754
11758
11765
11770
11776
11781
11788
11792
11799
11803
11810
11815
11821
11826
11833
11837
11844
11849
11855
11860
11867
11871
11878
11883
11889
11894
11901
11905
11912
11916
11921
11925
11931
11935
11941
11945
11951
11954
11960
11964
11970
11974
11980
11984
11990
11993
11999
12003
12009
12013
12019
12023
12029
12032
12038
12042
12048
12052
12058
12062
12068
12071
12077
12081
12087
12091
12097
12101
12107
12110
12116
12120
12126
12130
12136
12140
12146
12149
12155
12159
12165
12169
12175
12179
12185
12188
12194
12198
12204
12208
12214
12218
12224
12227
12233
12237
12243
12247
12253
12257
12263
12266
12272
12276
12282
12286
12292
12296
12302
12305
12311
12315
12321
12325
12331
12335
12341
12344
12350
12354
12360
12364
12370
12374
12380
12383
12389
12393
12399
12403
12409
12413
12417
12419
12423
12425
12430
12432
12436
12438
12443
12445
12449
12451
12456
12458
12462
12464
12469
12471
12475
12477
12482
12484
12488
12490
12495
12497
12501
12503
12507
12510
12514
12516
12520
12523
12527
12529
12533
12536
12540
12542
12546
12549
12553
12555
12559
12562
12566
12568
12572
12575
12579
12581
12585
12587
12592
12594
12598
12600
12605
12607
12611
12613
12618
12620
12624
12626
12631
12633
12637
12639
12644
12646
12650
12652
12657
12659
12663
12665
12670
12672
12676
12678
12682
12685
12689
12691
12695
12698
12702
12704
12708
12711
12715
12717
12721
12724
12728
12730
12734
12737
12741
12743
12747
12750
12754
12756
12760
12762
12767
12769
12773
12775
12780
12782
12786
12788
12793
12795
12799
12801
12806
12808
12812
12814
12819
12821
12825
12827
12832
12834
12838
12840
12845
12847
12851
12853
12857
12860
12864
12866
12870
12873
12877
12879
12883
12886
12890
12892
12896
12899
12903
12905
12909
12912
12916
12918
12922
12925
12929
12931
12935
12937
12942
12944
12948
12950
12955
12957
12961
12963
12968
12970
12974
12976
12981
12983
12987
12989
12994
12996
13000
13002
13007
13009
13013
13017
13019
13024
13026
13031
13033
13038
13040
13045
13047
13052
13054
13059
13061
13066
13068
13073
13075
13080
13082
13087
13089
13093
13096
13100
13103
13107
13110
13114
13117
13121
13124
13128
13131
13135
13138
13142
13145
13149
13152
13156
13159
13163
13165
13170
13172
13177
13179
13184
13186
13191
13193
13198
13200
13205
13207
13212
13214
13219
13221
13226
13228
13233
13235
13240
13242
13246
13249
13253
13256
13260
13263
13267
13270
13274
13277
13281
13284
13288
13291
13295
13298
13302
13305
13309
13312
13316
13318
13323
13325
13330
13332
13337
13339
13344
13346
13351
13353
13358
13360
13365
13367
13372
13374
13379
13381
13386
13388
13393
13395
13399
13402
13406
13409
13413
13416
13420
13423
13427
13430
13434
13437
13441
13451
13459
13469
13477
13487
13495
13505
13513
13523
13531
13541
13549
13559
13567
13577
13585
13595
13603
13613
13621
13631
13639
13649
13657
13667
13675
13685
13693
13703
13711
13721
13729
13739
13747
13758
13766
13776
13784
13789
13793
13799
13803
13808
13812
13818
13822
13828
13831
13837
13841
13847
13851
13856
13860
13866
13870
13876
13879
13885
13889
13895
13899
13904
13908
13914
13918
13924
13927
13933
13937
13943
13947
13952
13956
13962
13966
13972
13975
13981
13985
13991
13995
14000
14004
14010
14014
14020
14023
14029
14033
14039
14043
14048
14052
14058
14062
14068
14071
14077
14081
14087
14091
14096
14100
14106
14110
14116
14119
14125
14129
14135
14139
14144
14148
14154
14158
14164
14167
14173
14177
14183
14187
14192
14196
14202
14206
14212
14215
14221
14225
14231
14237
14241
14248
14252
14259
14263
14270
14274
14281
14285
14291
14296
14302
14307
14313
14318
14324
14329
14335
14339
14346
14350
14357
14361
14368
14372
14379
14383
14389
14394
14400
14405
14411
14416
14422
14427
14433
14437
14444
14448
14455
14459
14466
14470
14477
14481
14488
14492
14498
14503
14509
14514
14520
14525
14531
14536
14542
14546
14553
14557
14564
14568
14575
14579
14586
14590
14596
14601
14607
14612
14618
14623
14630
14634
14641
14646
14653
14657
14664
14669
14676
14680
14687
14692
14699
14703
14710
14715
14722
14726
14733
14738
14745
14749
14756
14761
14768
14772
14779
14784
14791
14795
14802
14807
14814
14818
14825
14830
14837
14841
14848
14853
14860
14864
14871
14876
14883
14887
14894
14899
14906
14910
14917
14922
14929
14933
14940
14945
14952
14956
14963
14968
14975
14979
14986
14991
14998
15002
15009
15014
15021
15025
15032
15037
15044
15048
15055
15060
15067
15071
15078
15083
15090
15094
15100
15105
15111
15116
15122
15127
15134
15138
15145
15149
15156
15161
15167
15172
15178
15183
15190
15194
15201
15205
15212
15217
15223
15228
15234
15239
15246
15250
15257
15261
15268
15273
15279
15284
15290
15295
15302
15306
15313
15317
15324
15329
15335
15340
15346
15351
15358
15362
15369
15373
15380
15385
15391
15396
15402
15407
15414
15418
15425
15429
15436
15441
15447
15452
15458
15463
15470
15474
15481
15485
15492
15497
15503
15508
15514
15519
15526
15530
15537
15541
15548
15553
15559
15564
15570
15575
15582
15586
15593
15597
15604
15609
15615
15620
15626
15631
15638
15642
15649
15653
15660
15665
15671
15676
15682
15687
15694
15701
15706
15713
15718
15725
15730
15737
15742
15749
15754
15761
15766
15773
15778
15785
15790
15797
15802
15809
15814
15821
15826
15833
15838
15845
15850
15857
15862
15869
15874
15881
15886
15893
15898
15905
15910
15917
15922
15929
15934
15941
15946
15953
15958
15965
15970
15977
15982
15989
15994
16001
16006
16013
16018
16025
16030
16037
16042
16049
16054
16061
16066
16073
16078
16085
16090
16098
16103
16110
16115
16122
16127
16134
16139
16146
16151
16158
16163
16170
16175
16182
16187
16194
16199
16206
16211
16218
16223
16230
16235
16242
16247
16254
16259
16266
16271
16278
16283
16290
16295
16302
16307
16314
16319
16324
16328
16333
16337
16342
16346
16351
16355
16360
16364
16369
16373
16378
16382
16387
16391
16396
16400
16405
16409
16414
16418
16423
16427
16432
16436
16441
16445
16450
16454
16459
16463
16468
16472
16477
16481
16486
16490
16495
16499
16504
16508
16513
16517
16522
16526
16531
16535
16540
16544
16549
16553
16558
16562
16567
16571
16576
16580
16585
16589
16594
16598
16603
16607
16612
16616
16621
16625
16630
16634
16639
16643
16648
16652
16657
16661
16666
16670
16676
16680
16686
16691
16697
16701
16707
16712
16718
16722
16728
16733
16739
16743
16749
16754
16760
16764
16770
16775
16781
16785
16791
16796
16802
16806
16812
16817
16823
16827
16833
16838
16844
16848
16854
16859
16865
16869
16875
16880
16886
16890
16896
16901
16907
16911
16917
16922
16928
16932
16938
16943
16949
16953
16959
16964
16970
16974
16980
16985
16991
16995
17001
17006
17012
17016
17022
17027
17033
17037
17043
17048
17054
17058
17064
17069
17075
17079
17085
17090
17096
17103
17108
17115
17121
17128
17133
17140
17146
17153
17158
17165
17171
17178
17183
17190
17196
17203
17208
17215
17221
17228
17233
17240
17246
17253
17258
17266
17271
17278
17283
17291
17296
17303
17308
17316
17321
17328
17333
17341
17346
17353
17358
17366
17371
17378
17383
17391
17396
17403
17408
17416
17421
17428
17434
17441
17446
17453
17459
17466
17471
17478
17484
17491
17496
17503
17509
17516
17523
17528
17535
17540
17547
17552
17559
17564
17571
17576
17583
17588
17595
17600
17607
17612
17620
17625
17632
17637
17644
17649
17656
17661
17668
17673
17680
17685
17692
17697
17704
17709
17716
17722
17729
17734
17741
17746
17753
17758
17765
17770
17777
17782
17789
17794
17801
17806
17813
17819
17826
17831
17838
17843
17850
17855
17862
17867
17874
17879
17886
17891
17898
17903
17910
17916
17922
17929
17934
17941
17946
17953
17958
17965
17970
17977
17982
17989
17994
18001
18006
18013
18019
18026
18031
18038
18043
18050
18055
18062
18067
18079
18089
18102
18112
18124
18135
18147
18158
18170
18180
18193
18203
18216
18226
18238
18249
18261
18272
18284
18294
18307
18317
18330
18340
18352
18363
18375
18386
18398
18408
18421
18431
18444
18454
18466
18476
18484
18494
18503
18513
18521
18532
18540
18550
18558
18569
18577
18587
18596
18606
18614
18624
18633
18643
18651
18662
18670
18680
18688
18699
18707
18717
18726
18736
18744
18754
18763
18773
18781
18792
18800
18810
18819
18827
18836
18844
18854
18861
18871
18879
18888
18896
18906
18913
18923
18931
18940
18948
18958
18965
18975
18983
18992
19000
19010
19017
19027
19035
19044
19052
19062
19069
19079
19087
19096
19104
19114
19121
19131
19135
19138
19143
19145
19150
19153
19157
19160
19165
19168
19172
19175
19180
19182
19187
19190
19195
19197
19202
19205
19209
19212
19217
19219
19224
19227
19232
19234
19239
19242
19246
19249
19254
19257
19261
19264
19269
19271
19276
19279
19284
19286
19291
19294
19298
19301
19306
19308
19313
19316
19321
19323
19328
19331
19335
19338
19343
19346
19350
19353
19358
19360
19365
19368
19373
19375
19380
19383
19387
19390
19395
19397
19402
19405
19410
19412
19417
19420
19424
19427
19432
19435
19439
19442
19447
19449
19454
19457
19462
19464
19469
19472
19476
19479
19484
19486
19491
19494
19499
19501
19506
19509
19513
19516
19521
19524
19528
19531
19536
19538
19543
19546
19551
19553
19558
19561
19565
19568
19573
19575
19580
19583
19588
19590
19595
19598
19602
19605
19610
19613
19617
19620
19625
19627
19632
19635
19640
19642
19647
19650
19654
19657
19662
19664
19669
19672
19677
19679
19684
19688
19691
19696
19699
19704
19707
19712
19715
19720
19723
19728
19730
19735
19738
19743
19746
19751
19754
19759
19762
19767
19770
19774
19777
19782
19785
19790
19793
19798
19801
19806
19809
19814
19816
19821
19824
19829
19832
19837
19840
19845
19848
19853
19856
19860
19863
19868
19871
19876
19879
19884
19887
19892
19895
19900
19902
19907
19910
19915
19918
19923
19926
19931
19934
19939
19942
19946
19949
19954
19957
19962
19965
19970
19973
19978
19981
19986
19988
19993
19996
20001
20004
20009
20012
20017
20020
20025
20028
20032
20035
20040
20043
20048
20051
20056
20059
20064
20067
20072
20075
20079
20082
20087
20090
20095
20098
20103
20106
20111
20114
20119
20121
20126
20129
20134
20137
20142
20145
20150
20154
20160
20164
20170
20174
20179
20183
20189
20193
20199
20203
20209
20212
20218
20222
20228
20232
20238
20242
20247
20251
20257
20261
20267
20271
20277
20280
20286
20290
20296
20300
20306
20310
20315
20319
20325
20329
20335
20339
20345
20348
20354
20358
20364
20368
20374
20378
20383
20387
20393
20397
20403
20407
20413
20416
20422
20426
20432
20436
20442
20446
20451
20455
20461
20465
20471
20475
20481
20484
20490
20494
20500
20504
20510
20514
20519
20523
20529
20533
20539
20543
20549
20552
20558
20562
20568
20572
20578
20582
20587
20591
20597
20601
20607
20611
20617
20620
20629
20637
20647
20654
20664
20672
20682
20689
20699
20707
20716
20724
20734
20742
20751
20759
20769
20776
20786
20794
20804
20811
20821
20829
20838
20846
20856
20864
20873
20881
20891
20898
20908
20916
20926
20933
20943
20951
20960
20968
20978
20986
20995
21003
21013
21020
21030
21038
21048
21055
21065
21073
21082
21090
21100
21108
21117
21125
21135
21142
21152
21160
21164
21167
21172
21174
21179
21182
21187
21189
21194
21197
21201
21204
21209
21212
21216
21219
21224
21227
21231
21234
21239
21241
21246
21249
21254
21256
21261
21264
21269
21271
21276
21279
21283
21286
21291
21294
21298
21301
21306
21309
21313
21316
21321
21323
21328
21331
21336
21338
21343
21346
21351
21353
21358
21361
21365
21368
21373
21376
21380
21383
21388
21391
21395
21398
21403
21405
21410
21413
21418
21420
21425
21428
21433
21435
21440
21443
21447
21450
21455
21458
21462
21465
21470
21473
21477
21480
21485
21487
21492
21495
21500
21502
21507
21510
21515
21517
21522
21525
21529
21532
21537
21540
21544
21547
21552
21555
21559
21562
21567
21569
21574
21577
21582
21584
21589
21592
21597
21599
21604
21607
21611
21614
21619
21622
21626
21629
21634
21637
21641
21644
21649
21651
21656
21659
21664
21666
21671
21674
21679
21681
21686
21689
21693
21696
21701
21704
21708
21711
21716
21719
21723
21726
21731
21733
21738
21741
21746
21748
21753
21756
21760
21763
21768
21771
21775
21781
21786
21792
21797
21804
21808
21815
21820
21826
21831
21838
21842
21849
21854
21860
21865
21872
21876
21883
21887
21894
21899
21905
21910
21917
21921
21928
21933
21939
21944
21951
21955
21962
21967
21973
21978
21985
21989
21996
22000
22007
22012
22018
22023
22030
22034
22041
22046
22052
22057
22064
22068
22075
22080
22086
22091
22098
22102
22109
22113
22120
22125
22131
22136
22143
22147
22154
22159
22165
22170
22177
22181
22188
22193
22199
22204
22211
22215
22222
22226
22231
22235
22241
22245
22251
22255
22261
22264
22270
22274
22280
22284
22290
22294
22300
22303
22309
22313
22319
22323
22329
22333
22339
22342
22348
22352
22358
22362
22368
22372
22378
22381
22387
22391
22397
22401
22407
22411
22417
22420
22426
22430
22436
22440
22446
22450
22456
22459
22465
22469
22475
22479
22485
22489
22495
22498
22504
22508
22514
22518
22524
22528
22534
22537
22543
22547
22553
22557
22563
22567
22573
22576
22582
22586
22592
22596
22602
22606
22612
22615
22621
22625
22631
22635
22641
22645
22651
22654
22660
22664
22670
22674
22680
22684
22690
22693
22699
22703
22709
22713
22719
22723
22727
22729
22733
22735
22740
22742
22746
22748
22753
22755
22759
22761
22766
22768
22772
22774
22779
22781
22785
22787
22792
22794
22798
22800
22805
22807
22811
22813
22817
22820
22824
22826
22830
22833
22837
22839
22843
22846
22850
22852
22856
22859
22863
22865
22869
22872
22876
22878
22882
22885
22889
22891
22895
22897
22902
22904
22908
22910
22915
22917
22921
22923
22928
22930
22934
22936
22941
22943
22947
22949
22954
22956
22960
22962
22967
22969
22973
22975
22980
22982
22986
22988
22992
22995
22999
23001
23005
23008
23012
23014
23018
23021
23025
23027
23031
23034
23038
23040
23044
23047
23051
23053
23057
23060
23064
23066
23070
23072
23077
23079
23083
23085
23090
23092
23096
23098
23103
23105
23109
23111
23116
23118
23122
23124
23129
23131
23135
23137
23142
23144
23148
23150
23155
23157
23161
23163
23167
23170
23174
23176
23180
23183
23187
23189
23193
23196
23200
23202
23206
23209
23213
23215
23219
23222
23226
23228
23232
23235
23239
23241
23245
23247
23252
23254
23258
23260
23265
23267
23271
23273
23278
23280
23284
23286
23291
23293
23297
23299
23304
23306
23310
23312
23317
23319
23323
23327
23329
23334
23336
23341
23343
23348
23350
23355
23357
23362
23364
23369
23371
23376
23378
23383
23385
23390
23392
23397
23399
23403
23406
23410
23413
23417
23420
23424
23427
23431
23434
23438
23441
23445
23448
23452
23455
23459
23462
23466
23469
23473
23475
23480
23482
23487
23489
23494
23496
23501
23503
23508
23510
23515
23517
23522
23524
23529
23531
23536
23538
23543
23545
23550
23552
23556
23559
23563
23566
23570
23573
23577
23580
23584
23587
23591
23594
23598
23601
23605
23608
23612
23615
23619
23622
23626
23628
23633
23635
23640
23642
23647
23649
23654
23656
23661
23663
23668
23670
23675
23677
23682
23684
23689
23691
23696
23698
23703
23705
23709
23712
23716
23719
23723
23726
23730
23733
23737
23740
23744
23747
23751
23761
23769
23779
23787
23797
23805
23815
23823
23833
23841
23851
23859
23869
23877
23887
23895
23905
23913
23923
23931
23941
23949
23959
23967
23977
23985
23995
24003
24013
24021
24031
24039
24049
24057
24068
24076
24086
24094
24099
24103
24109
24113
24118
24122
24128
24132
24138
24141
24147
24151
24157
24161
24166
24170
24176
24180
24186
24189
24195
24199
24205
24209
24214
24218
24224
24228
24234
24237
24243
24247
24253
24257
24262
24266
24272
24276
24282
24285
24291
24295
24301
24305
24310
24314
24320
24324
24330
24333
24339
24343
24349
24353
24358
24362
24368
24372
24378
24381
24387
24391
24397
24401
24406
24410
24416
24420
24426
24429
24435
24439
24445
24449
24454
24458
24464
24468
24474
24477
24483
24487
24493
24497
24502
24506
24512
24516
24522
24525
24531
24535
24541
24547
24551
24558
24562
24569
24573
24580
24584
24591
24595
24601
24606
24612
24617
24623
24628
24634
24639
24645
24649
24656
24660
24667
24671
24678
24682
24689
24693
24699
24704
24710
24715
24721
24726
24732
24737
24743
24747
24754
24758
24765
24769
24776
24780
24787
24791
24798
24802
24808
24813
24819
24824
24830
24835
24841
24846
24852
24856
24863
24867
24874
24878
24885
24889
24896
24900
24906
24911
24917
24922
24928
24933
24940
24944
24951
24956
24963
24967
24974
24979
24986
24990
24997
25002
25009
25013
25020
25025
25032
25036
25043
25048
25055
25059
25066
25071
25078
25082
25089
25094
25101
25105
25112
25117
25124
25128
25135
25140
25147
25151
25158
25163
25170
25174
25181
25186
25193
25197
25204
25209
25216
25220
25227
25232
25239
25243
25250
25255
25262
25266
25273
25278
25285
25289
25296
25301
25308
25312
25319
25324
25331
25335
25342
25347
25354
25358
25365
25370
25377
25381
25388
25393
25400
25404
25410
25415
25421
25426
25432
25437
25444
25448
25455
25459
25466
25471
25477
25482
25488
25493
25500
25504
25511
25515
25522
25527
25533
25538
25544
25549
25556
25560
25567
25571
25578
25583
25589
25594
25600
25605
25612
25616
25623
25627
25634
25639
25645
25650
25656
25661
25668
25672
25679
25683
25690
25695
25701
25706
25712
25717
25724
25728
25735
25739
25746
25751
25757
25762
25768
25773
25780
25784
25791
25795
25802
25807
25813
25818
25824
25829
25836
25840
25847
25851
25858
25863
25869
25874
25880
25885
25892
25896
25903
25907
25914
25919
25925
25930
25936
25941
25948
25952
25959
25963
25970
25975
25981
25986
25992
25997
26004
26011
26016
26023
26028
26035
26040
26047
26052
26059
26064
26071
26076
26083
26088
26095
26100
26107
26112
26119
26124
26131
26136
26143
26148
26155
26160
26167
26172
26179
26184
26191
26196
26203
26208
26215
26220
26227
26232
26239
26244
26251
26256
26263
26268
26275
26280
26287
26292
26299
26304
26311
26316
26323
26328
26335
26340
26347
26352
26359
26364
26371
26376
26383
26388
26395
26400
26408
26413
26420
26425
26432
26437
26444
26449
26456
26461
26468
26473
26480
26485
26492
26497
26504
26509
26516
26521
26528
26533
26540
26545
26552
26557
26564
26569
26576
26581
26588
26593
26600
26605
26612
26617
26624
26629
26634
26638
26643
26647
26652
26656
26661
26665
26670
26674
26679
26683
26688
26692
26697
26701
26706
26710
26715
26719
26724
26728
26733
26737
26742
26746
26751
26755
26760
26764
26769
26773
26778
26782
26787
26791
26796
26800
26805
26809
26814
26818
26823
26827
26832
26836
26841
26845
26850
26854
26859
26863
26868
26872
26877
26881
26886
26890
26895
26899
26904
26908
26913
26917
26922
26926
26931
26935
26940
26944
26949
26953
26958
26962
26967
26971
26976
26980
26986
26990
26996
27001
27007
27011
27017
27022
27028
27032
27038
27043
27049
27053
27059
27064
27070
27074
27080
27085
27091
27095
27101
27106
27112
27116
27122
27127
27133
27137
27143
27148
27154
27158
27164
27169
27175
27179
27185
27190
27196
27200
27206
27211
27217
27221
27227
27232
27238
27242
27248
27253
27259
27263
27269
27274
27280
27284
27290
27295
27301
27305
27311
27316
27322
27326
27332
27337
27343
27347
27353
27358
27364
27368
27374
27379
27385
27389
27395
27400
27406
27413
27418
27425
27431
27438
27443
27450
27456
27463
27468
27475
27481
27488
27493
27500
27506
27513
27518
27525
27531
27538
27543
27550
27556
27563
27568
27576
27581
27588
27593
27601
27606
27613
27618
27626
27631
27638
27643
27651
27656
27663
27668
27676
27681
27688
27693
27701
27706
27713
27718
27726
27731
27738
27744
27751
27756
27763
27769
27776
27781
27788
27794
27801
27806
27813
27819
27826
27833
27838
27845
27850
27857
27862
27869
27874
27881
27886
27893
27898
27905
27910
27917
27922
27930
27935
27942
27947
27954
27959
27966
27971
27978
27983
27990
27995
28002
28007
28014
28019
28026
28032
28039
28044
28051
28056
28063
28068
28075
28080
28087
28092
28099
28104
28111
28116
28123
28129
28136
28141
28148
28153
28160
28165
28172
28177
28184
28189
28196
28201
28208
28213
28220
28226
28232
28239
28244
28251
28256
28263
28268
28275
28280
28287
28292
28299
28304
28311
28316
28323
28329
28336
28341
28348
28353
28360
28365
28372
28377
28389
28399
28412
28422
28434
28445
28457
28468
28480
28490
28503
28513
28526
28536
28548
28559
28571
28582
28594
28604
28617
28627
28640
28650
28662
28673
28685
28696
28708
28718
28731
28741
28754
28764
28776
28786
28794
28804
28813
28823
28831
28842
28850
28860
28868
28879
28887
28897
28906
28916
28924
28934
28943
28953
28961
28972
28980
28990
28998
29009
29017
29027
29036
29046
29054
29064
29073
29083
29091
29102
29110
29120
29129
29137
29146
29154
29164
29171
29181
29189
29198
29206
29216
29223
29233
29241
29250
29258
29268
29275
29285
29293
29302
29310
29320
29327
29337
29345
29354
29362
29372
29379
29389
29397
29406
29414
29424
29431
29441
29445
29448
29453
29455
29460
29463
29467
29470
29475
29478
29482
29485
29490
29492
29497
29500
29505
29507
29512
29515
29519
29522
29527
29529
29534
29537
29542
29544
29549
29552
29556
29559
29564
29567
29571
29574
29579
29581
29586
29589
29594
29596
29601
29604
29608
29611
29616
29618
29623
29626
29631
29633
29638
29641
29645
29648
29653
29656
29660
29663
29668
29670
29675
29678
29683
29685
29690
29693
29697
29700
29705
29707
29712
29715
29720
29722
29727
29730
29734
29737
29742
29745
29749
29752
29757
29759
29764
29767
29772
29774
29779
29782
29786
29789
29794
29796
29801
29804
29809
29811
29816
29819
29823
29826
29831
29834
29838
29841
29846
29848
29853
29856
29861
29863
29868
29871
29875
29878
29883
29885
29890
29893
29898
29900
29905
29908
29912
29915
29920
29923
29927
29930
29935
29937
29942
29945
29950
29952
29957
29960
29964
29967
29972
29974
29979
29982
29987
29989
29994
29998
30001
30006
30009
30014
30017
30022
30025
30030
30033
30038
30040
30045
30048
30053
30056
30061
30064
30069
30072
30077
30080
30084
30087
30092
30095
30100
30103
30108
30111
30116
30119
30124
30126
30131
30134
30139
30142
30147
30150
30155
30158
30163
30166
30170
30173
30178
30181
30186
30189
30194
30197
30202
30205
30210
30212
30217
30220
30225
30228
30233
30236
30241
30244
30249
30252
30256
30259
30264
30267
30272
30275
30280
30283
30288
30291
30296
30298
30303
30306
30311
30314
30319
30322
30327
30330
30335
30338
30342
30345
30350
30353
30358
30361
30366
30369
30374
30377
30382
30385
30389
30392
30397
30400
30405
30408
30413
30416
30421
30424
30429
30431
30436
30439
30444
30447
30452
30455
30460
30464
30470
30474
30480
30484
30489
30493
30499
30503
30509
30513
30519
30522
30528
30532
30538
30542
30548
30552
30557
30561
30567
30571
30577
30581
30587
30590
30596
30600
30606
30610
30616
30620
30625
30629
30635
30639
30645
30649
30655
30658
30664
30668
30674
30678
30684
30688
30693
30697
30703
30707
30713
30717
30723
30726
30732
30736
30742
30746
30752
30756
30761
30765
30771
30775
30781
30785
30791
30794
30800
30804
30810
30814
30820
30824
30829
30833
30839
30843
30849
30853
30859
30862
30868
30872
30878
30882
30888
30892
30897
30901
30907
30911
30917
30921
30927
30930
30939
30947
30957
30964
30974
30982
30992
30999
31009
31017
31026
31034
31044
31052
31061
31069
31079
31086
31096
31104
31114
31121
31131
31139
31148
31156
31166
31174
31183
31191
31201
31208
31218
31226
31236
31243
31253
31261
31270
31278
31288
31296
31305
31313
31323
31330
31340
31348
31358
31365
31375
31383
31392
31400
31410
31418
31427
31435
31445
31452
31462
31470
31474
31477
31482
31484
31489
31492
31497
31499
31504
31507
31511
31514
31519
31522
31526
31529
31534
31537
31541
31544
31549
31551
31556
31559
31564
31566
31571
31574
31579
31581
31586
31589
31593
31596
31601
31604
31608
31611
31616
31619
31623
31626
31631
31633
31638
31641
31646
31648
31653
31656
31661
31663
31668
31671
31675
31678
31683
31686
31690
31693
31698
31701
31705
31708
31713
31715
31720
31723
31728
31730
31735
31738
31743
31745
31750
31753
31757
31760
31765
31768
31772
31775
31780
31783
31787
31790
31795
31797
31802
31805
31810
31812
31817
31820
31825
31827
31832
31835
31839
31842
31847
31850
31854
31857
31862
31865
31869
31872
31877
31879
31884
31887
31892
31894
31899
31902
31907
31909
31914
31917
31921
31924
31929
31932
31936
31939
31944
31947
31951
31954
31959
31961
31966
31969
31974
31976
31981
31984
31989
31991
31996
31999
32003
32006
32011
32014
32018
32021
32026
32029
32033
32036
32041
32043
32048
32051
32056
32058
32063
32066
32070
32073
32078
32081
32085
32091
32096
32102
32107
32114
32118
32125
32130
32136
32141
32148
32152
32159
32164
32170
32175
32182
32186
32193
32197
32204
32209
32215
32220
32227
32231
32238
32243
32249
32254
32261
32265
32272
32277
32283
32288
32295
32299
32306
32310
32317
32322
32328
32333
32340
32344
32351
32356
32362
32367
32374
32378
32385
32390
32396
32401
32408
32412
32419
32423
32430
32435
32441
32446
32453
32457
32464
32469
32475
32480
32487
32491
32498
32503
32509
32514
32521
32525
32532
32536
32541
32545
32551
32555
32561
32565
32571
32574
32580
32584
32590
32594
32600
32604
32610
32613
32619
32623
32629
32633
32639
32643
32649
32652
32658
32662
32668
32672
32678
32682
32688
32691
32697
32701
32707
32711
32717
32721
32727
32730
32736
32740
32746
32750
32756
32760
32766
32769
32775
32779
32785
32789
32795
32799
32805
32808
32814
32818
32824
32828
32834
32838
32844
32847
32853
32857
32863
32867
32873
32877
32883
32886
32892
32896
32902
32906
32912
32916
32922
32925
32931
32935
32941
32945
32951
32955
32961
32964
32970
32974
32980
32984
32990
32994
33000
33003
33009
33013
33019
33023
33029
33033
33037
33039
33043
33045
33050
33052
33056
33058
33063
33065
33069
33071
33076
33078
33082
33084
33089
33091
33095
33097
33102
33104
33108
33110
33115
33117
33121
33123
33127
33130
33134
33136
33140
33143
33147
33149
33153
33156
33160
33162
33166
33169
33173
33175
33179
33182
33186
33188
33192
33195
33199
33201
33205
33207
33212
33214
33218
33220
33225
33227
33231
33233
33238
33240
33244
33246
33251
33253
33257
33259
33264
33266
33270
33272
33277
33279
33283
33285
33290
33292
33296
33298
33302
33305
33309
33311
33315
33318
33322
33324
33328
33331
33335
33337
33341
33344
33348
33350
33354
33357
33361
33363
33367
33370
33374
33376
33380
33382
33387
33389
33393
33395
33400
33402
33406
33408
33413
33415
33419
33421
33426
33428
33432
33434
33439
33441
33445
33447
33452
33454
33458
33460
33465
33467
33471
33473
33477
33480
33484
33486
33490
33493
33497
33499
33503
33506
33510
33512
33516
33519
33523
33525
33529
33532
33536
33538
33542
33545
33549
33551
33555
33557
33562
33564
33568
33570
33575
33577
33581
33583
33588
33590
33594
33596
33601
33603
33607
33609
33614
33616
33620
33622
33627
33629
33633
33637
33639
33644
33646
33651
33653
33658
33660
33665
33667
33672
33674
33679
33681
33686
33688
33693
33695
33700
33702
33707
33709
33713
33716
33720
33723
33727
33730
33734
33737
33741
33744
33748
33751
33755
33758
33762
33765
33769
33772
33776
33779
33783
33785
33790
33792
33797
33799
33804
33806
33811
33813
33818
33820
33825
33827
33832
33834
33839
33841
33846
33848
33853
33855
33860
33862
33866
33869
33873
33876
33880
33883
33887
33890
33894
33897
33901
33904
33908
33911
33915
33918
33922
33925
33929
33932
33936
33938
33943
33945
33950
33952
33957
33959
33964
33966
33971
33973
33978
33980
33985
33987
33992
33994
33999
34001
34006
34008
34013
34015
34019
34022
34026
34029
34033
34036
34040
34043
34047
34050
34054
34057
34061
34071
34079
34089
34097
34107
34115
34125
34133
34143
34151
34161
34169
34179
34187
34197
34205
34215
34223
34233
34241
34251
34259
34269
34277
34287
34295
34305
34313
34323
34331
34341
34349
34359
34367
34378
34386
34396
34404
34409
34413
34419
34423
34428
34432
34438
34442
34448
34451
34457
34461
34467
34471
34476
34480
34486
34490
34496
34499
34505
34509
34515
34519
34524
34528
34534
34538
34544
34547
34553
34557
34563
34567
34572
34576
34582
34586
34592
34595
34601
34605
34611
34615
34620
34624
34630
34634
34640
34643
34649
34653
34659
34663
34668
34672
34678
34682
34688
34691
34697
34701
34707
34711
34716
34720
34726
34730
34736
34739
34745
34749
34755
34759
34764
34768
34774
34778
34784
34787
34793
34797
34803
34807
34812
34816
34822
34826
34832
34835
34841
34845
34851
34857
34861
34868
34872
34879
34883
34890
34894
34901
34905
34911
34916
34922
34927
34933
34938
34944
34949
34955
34959
34966
34970
34977
34981
34988
34992
34999
35003
35009
35014
35020
35025
35031
35036
35042
35047
35053
35057
35064
35068
35075
35079
35086
35090
35097
35101
35108
35112
35118
35123
35129
35134
35140
35145
35151
35156
35162
35166
35173
35177
35184
35188
35195
35199
35206
35210
35216
35221
35227
35232
35238
35243
35250
35254
35261
35266
35273
35277
35284
35289
35296
35300
35307
35312
35319
35323
35330
35335
35342
35346
35353
35358
35365
35369
35376
35381
35388
35392
35399
35404
35411
35415
35422
35427
35434
35438
35445
35450
35457
35461
35468
35473
35480
35484
35491
35496
35503
35507
35514
35519
35526
35530
35537
35542
35549
35553
35560
35565
35572
35576
35583
35588
35595
35599
35606
35611
35618
35622
35629
35634
35641
35645
35652
35657
35664
35668
35675
35680
35687
35691
35698
35703
35710
35714
35720
35725
35731
35736
35742
35747
35754
35758
35765
35769
35776
35781
35787
35792
35798
35803
35810
35814
35821
35825
35832
35837
35843
35848
35854
35859
35866
35870
35877
35881
35888
35893
35899
35904
35910
35915
35922
35926
35933
35937
35944
35949
35955
35960
35966
35971
35978
35982
35989
35993
36000
36005
36011
36016
36022
36027
36034
36038
36045
36049
36056
36061
36067
36072
36078
36083
36090
36094
36101
36105
36112
36117
36123
36128
36134
36139
36146
36150
36157
36161
36168
36173
36179
36184
36190
36195
36202
36206
36213
36217
36224
36229
36235
36240
36246
36251
36258
36262
36269
36273
36280
36285
36291
36296
36302
36307
36314
36321
36326
36333
36338
36345
36350
36357
36362
36369
36374
36381
36386
36393
36398
36405
36410
36417
36422
36429
36434
36441
36446
36453
36458
36465
36470
36477
36482
36489
36494
36501
36506
36513
36518
36525
36530
36537
36542
36549
36554
36561
36566
36573
36578
36585
36590
36597
36602
36609
36614
36621
36626
36633
36638
36645
36650
36657
36662
36669
36674
36681
36686
36693
36698
36705
36710
36718
36723
36730
36735
36742
36747
36754
36759
36766
36771
36778
36783
36790
36795
36802
36807
36814
36819
36826
36831
36838
36843
36850
36855
36862
36867
36874
36879
36886
36891
36898
36903
36910
36915
36922
36927
36934
36939
36944
36948
36953
36957
36962
36966
36971
36975
36980
36984
36989
36993
36998
37002
37007
37011
37016
37020
37025
37029
37034
37038
37043
37047
37052
37056
37061
37065
37070
37074
37079
37083
37088
37092
37097
37101
37106
37110
37115
37119
37124
37128
37133
37137
37142
37146
37151
37155
37160
37164
37169
37173
37178
37182
37187
37191
37196
37200
37205
37209
37214
37218
37223
37227
37232
37236
37241
37245
37250
37254
37259
37263
37268
37272
37277
37281
37286
37290
37296
37300
37306
37311
37317
37321
37327
37332
37338
37342
37348
37353
37359
37363
37369
37374
37380
37384
37390
37395
37401
37405
37411
37416
37422
37426
37432
37437
37443
37447
37453
37458
37464
37468
37474
37479
37485
37489
37495
37500
37506
37510
37516
37521
37527
37531
37537
37542
37548
37552
37558
37563
37569
37573
37579
37584
37590
37594
37600
37605
37611
37615
37621
37626
37632
37636
37642
37647
37653
37657
37663
37668
37674
37678
37684
37689
37695
37699
37705
37710
37716
37723
37728
37735
37741
37748
37753
37760
37766
37773
37778
37785
37791
37798
37803
37810
37816
37823
37828
37835
37841
37848
37853
37860
37866
37873
37878
37886
37891
37898
37903
37911
37916
37923
37928
37936
37941
37948
37953
37961
37966
37973
37978
37986
37991
37998
38003
38011
38016
38023
38028
38036
38041
38048
38054
38061
38066
38073
38079
38086
38091
38098
38104
38111
38116
38123
38129
38136
38143
38148
38155
38160
38167
38172
38179
38184
38191
38196
38203
38208
38215
38220
38227
38232
38240
38245
38252
38257
38264
38269
38276
38281
38288
38293
38300
38305
38312
38317
38324
38329
38336
38342
38349
38354
38361
38366
38373
38378
38385
38390
38397
38402
38409
38414
38421
38426
38433
38439
38446
38451
38458
38463
38470
38475
38482
38487
38494
38499
38506
38511
38518
38523
38530
38536
38542
38549
38554
38561
38566
38573
38578
38585
38590
38597
38602
38609
38614
38621
38626
38633
38639
38646
38651
38658
38663
38670
38675
38682
38687
38699
38709
38722
38732
38744
38755
38767
38778
38790
38800
38813
38823
38836
38846
38858
38869
38881
38892
38904
38914
38927
38937
38950
38960
38972
38983
38995
39006
39018
39028
39041
39051
39064
39074
39086
39096
39104
39114
39123
39133
39141
39152
39160
39170
39178
39189
39197
39207
39216
39226
39234
39244
39253
39263
39271
39282
39290
39300
39308
39319
39327
39337
39346
39356
39364
39374
39383
39393
39401
39412
39420
39430
39439
39447
39456
39464
39474
39481
39491
39499
39508
39516
39526
39533
39543
39551
39560
39568
39578
39585
39595
39603
39612
39620
39630
39637
39647
39655
39664
39672
39682
39689
39699
39707
39716
39724
39734
39741
39751
39755
39758
39763
39765
39770
39773
39777
39780
39785
39788
39792
39795
39800
39802
39807
39810
39815
39817
39822
39825
39829
39832
39837
39839
39844
39847
39852
39854
39859
39862
39866
39869
39874
39877
39881
39884
39889
39891
39896
39899
39904
39906
39911
39914
39918
39921
39926
39928
39933
39936
39941
39943
39948
39951
39955
39958
39963
39966
39970
39973
39978
39980
39985
39988
39993
39995
40000
40003
40007
40010
40015
40017
40022
40025
40030
40032
40037
40040
40044
40047
40052
40055
40059
40062
40067
40069
40074
40077
40082
40084
40089
40092
40096
40099
40104
40106
40111
40114
40119
40121
40126
40129
40133
40136
40141
40144
40148
40151
40156
40158
40163
40166
40171
40173
40178
40181
40185
40188
40193
40195
40200
40203
40208
40210
40215
40218
40222
40225
40230
40233
40237
40240
40245
40247
40252
40255
40260
40262
40267
40270
40274
40277
40282
40284
40289
40292
40297
40299
40304
40308
40311
40316
40319
40324
40327
40332
40335
40340
40343
40348
40350
40355
40358
40363
40366
40371
40374
40379
40382
40387
40390
40394
40397
40402
40405
40410
40413
40418
40421
40426
40429
40434
40436
40441
40444
40449
40452
40457
40460
40465
40468
40473
40476
40480
40483
40488
40491
40496
40499
40504
40507
40512
40515
40520
40522
40527
40530
40535
40538
40543
40546
40551
40554
40559
40562
40566
40569
40574
40577
40582
40585
40590
40593
40598
40601
40606
40608
40613
40616
40621
40624
40629
40632
40637
40640
40645
40648
40652
40655
40660
40663
40668
40671
40676
40679
40684
40687
40692
40695
40699
40702
40707
40710
40715
40718
40723
40726
40731
40734
40739
40741
40746
40749
40754
40757
40762
40765
40770
40774
40780
40784
40790
40794
40799
40803
40809
40813
40819
40823
40829
40832
40838
40842
40848
40852
40858
40862
40867
40871
40877
40881
40887
40891
40897
40900
40906
40910
40916
40920
40926
40930
40935
40939
40945
40949
40955
40959
40965
40968
40974
40978
40984
40988
40994
40998
41003
41007
41013
41017
41023
41027
41033
41036
41042
41046
41052
41056
41062
41066
41071
41075
41081
41085
41091
41095
41101
41104
41110
41114
41120
41124
41130
41134
41139
41143
41149
41153
41159
41163
41169
41172
41178
41182
41188
41192
41198
41202
41207
41211
41217
41221
41227
41231
41237
41240
41249
41257
41267
41274
41284
41292
41302
41309
41319
41327
41336
41344
41354
41362
41371
41379
41389
41396
41406
41414
41424
41431
41441
41449
41458
41466
41476
41484
41493
41501
41511
41518
41528
41536
41546
41553
41563
41571
41580
41588
41598
41606
41615
41623
41633
41640
41650
41658
41668
41675
41685
41693
41702
41710
41720
41728
41737
41745
41755
41762
41772
41780
41784
41787
41792
41794
41799
41802
41807
41809
41814
41817
41821
41824
41829
41832
41836
41839
41844
41847
41851
41854
41859
41861
41866
41869
41874
41876
41881
41884
41889
41891
41896
41899
41903
41906
41911
41914
41918
41921
41926
41929
41933
41936
41941
41943
41948
41951
41956
41958
41963
41966
41971
41973
41978
41981
41985
41988
41993
41996
42000
42003
42008
42011
42015
42018
42023
42025
42030
42033
42038
42040
42045
42048
42053
42055
42060
42063
42067
42070
42075
42078
42082
42085
42090
42093
42097
42100
42105
42107
42112
42115
42120
42122
42127
42130
42135
42137
42142
42145
42149
42152
42157
42160
42164
42167
42172
42175
42179
42182
42187
42189
42194
42197
42202
42204
42209
42212
42217
42219
42224
42227
42231
42234
42239
42242
42246
42249
42254
42257
42261
42264
42269
42271
42276
42279
42284
42286
42291
42294
42299
42301
42306
42309
42313
42316
42321
42324
42328
42331
42336
42339
42343
42346
42351
42353
42358
42361
42366
42368
42373
42376
42380
42383
42388
42391
42395
42401
42406
42412
42417
42424
42428
42435
42440
42446
42451
42458
42462
42469
42474
42480
42485
42492
42496
42503
42507
42514
42519
42525
42530
42537
42541
42548
42553
42559
42564
42571
42575
42582
42587
42593
42598
42605
42609
42616
42620
42627
42632
42638
42643
42650
42654
42661
42666
42672
42677
42684
42688
42695
42700
42706
42711
42718
42722
42729
42733
42740
42745
42751
42756
42763
42767
42774
42779
42785
42790
42797
42801
42808
42813
42819
42824
42831
42835
42842
42846
42851
42855
42861
42865
42871
42875
42881
42884
42890
42894
42900
42904
42910
42914
42920
42923
42929
42933
42939
42943
42949
42953
42959
42962
42968
42972
42978
42982
42988
42992
42998
43001
43007
43011
43017
43021
43027
43031
43037
43040
43046
43050
43056
43060
43066
43070
43076
43079
43085
43089
43095
43099
43105
43109
43115
43118
43124
43128
43134
43138
43144
43148
43154
43157
43163
43167
43173
43177
43183
43187
43193
43196
43202
43206
43212
43216
43222
43226
43232
43235
43241
43245
43251
43255
43261
43265
43271
43274
43280
43284
43290
43294
43300
43304
43310
43313
43319
43323
43329
43333
43339
43343
43347
43349
43353
43355
43360
43362
43366
43368
43373
43375
43379
43381
43386
43388
43392
43394
43399
43401
43405
43407
43412
43414
43418
43420
43425
43427
43431
43433
43437
43440
43444
43446
43450
43453
43457
43459
43463
43466
43470
43472
43476
43479
43483
43485
43489
43492
43496
43498
43502
43505
43509
43511
43515
43517
43522
43524
43528
43530
43535
43537
43541
43543
43548
43550
43554
43556
43561
43563
43567
43569
43574
43576
43580
43582
43587
43589
43593
43595
43600
43602
43606
43608
43612
43615
43619
43621
43625
43628
43632
43634
43638
43641
43645
43647
43651
43654
43658
43660
43664
43667
43671
43673
43677
43680
43684
43686
43690
43692
43697
43699
43703
43705
43710
43712
43716
43718
43723
43725
43729
43731
43736
43738
43742
43744
43749
43751
43755
43757
43762
43764
43768
43770
43775
43777
43781
43783
43787
43790
43794
43796
43800
43803
43807
43809
43813
43816
43820
43822
43826
43829
43833
43835
43839
43842
43846
43848
43852
43855
43859
43861
43865
43867
43872
43874
43878
43880
43885
43887
43891
43893
43898
43900
43904
43906
43911
43913
43917
43919
43924
43926
43930
43932
43937
43939
43943
43947
43949
43954
43956
43961
43963
43968
43970
43975
43977
43982
43984
43989
43991
43996
43998
44003
44005
44010
44012
44017
44019
44023
44026
44030
44033
44037
44040
44044
44047
44051
44054
44058
44061
44065
44068
44072
44075
44079
44082
44086
44089
44093
44095
44100
44102
44107
44109
44114
44116
44121
44123
44128
44130
44135
44137
44142
44144
44149
44151
44156
44158
44163
44165
44170
44172
44176
44179
44183
44186
44190
44193
44197
44200
44204
44207
44211
44214
44218
44221
44225
44228
44232
44235
44239
44242
44246
44248
44253
44255
44260
44262
44267
44269
44274
44276
44281
44283
44288
44290
44295
44297
44302
44304
44309
44311
44316
44318
44323
44325
44329
44332
44336
44339
44343
44346
44350
44353
44357
44360
44364
44367
44371
44381
44389
44399
44407
44417
44425
44435
44443
44453
44461
44471
44479
44489
44497
44507
44515
44525
44533
44543
44551
44561
44569
44579
44587
44597
44605
44615
44623
44633
44641
44651
44659
44669
44677
44688
44696
44706
44714
44719
44723
44729
44733
44738
44742
44748
44752
44758
44761
44767
44771
44777
44781
44786
44790
44796
44800
44806
44809
44815
44819
44825
44829
44834
44838
44844
44848
44854
44857
44863
44867
44873
44877
44882
44886
44892
44896
44902
44905
44911
44915
44921
44925
44930
44934
44940
44944
44950
44953
44959
44963
44969
44973
44978
44982
44988
44992
44998
45001
45007
45011
45017
45021
45026
45030
45036
45040
45046
45049
45055
45059
45065
45069
45074
45078
45084
45088
45094
45097
45103
45107
45113
45117
45122
45126
45132
45136
45142
45145
45151
45155
45161
45167
45171
45178
45182
45189
45193
45200
45204
45211
45215
45221
45226
45232
45237
45243
45248
45254
45259
45265
45269
45276
45280
45287
45291
45298
45302
45309
45313
45319
45324
45330
45335
45341
45346
45352
45357
45363
45367
45374
45378
45385
45389
45396
45400
45407
45411
45418
45422
45428
45433
45439
45444
45450
45455
45461
45466
45472
45476
45483
45487
45494
45498
45505
45509
45516
45520
45526
45531
45537
45542
45548
45553
45560
45564
45571
45576
45583
45587
45594
45599
45606
45610
45617
45622
45629
45633
45640
45645
45652
45656
45663
45668
45675
45679
45686
45691
45698
45702
45709
45714
45721
45725
45732
45737
45744
45748
45755
45760
45767
45771
45778
45783
45790
45794
45801
45806
45813
45817
45824
45829
45836
45840
45847
45852
45859
45863
45870
45875
45882
45886
45893
45898
45905
45909
45916
45921
45928
45932
45939
45944
45951
45955
45962
45967
45974
45978
45985
45990
45997
46001
46008
46013
46020
46024
46030
46035
46041
46046
46052
46057
46064
46068
46075
46079
46086
46091
46097
46102
46108
46113
46120
46124
46131
46135
46142
46147
46153
46158
46164
46169
46176
46180
46187
46191
46198
46203
46209
46214
46220
46225
46232
46236
46243
46247
46254
46259
46265
46270
46276
46281
46288
46292
46299
46303
46310
46315
46321
46326
46332
46337
46344
46348
46355
46359
46366
46371
46377
46382
46388
46393
46400
46404
46411
46415
46422
46427
46433
46438
46444
46449
46456
46460
46467
46471
46478
46483
46489
46494
46500
46505
46512
46516
46523
46527
46534
46539
46545
46550
46556
46561
46568
46572
46579
46583
46590
46595
46601
46606
46612
46617
46624
46631
46636
46643
46648
46655
46660
46667
46672
46679
46684
46691
46696
46703
46708
46715
46720
46727
46732
46739
46744
46751
46756
46763
46768
46775
46780
46787
46792
46799
46804
46811
46816
46823
46828
46835
46840
46847
46852
46859
46864
46871
46876
46883
46888
46895
46900
46907
46912
46919
46924
46931
46936
46943
46948
46955
46960
46967
46972
46979
46984
46991
46996
47003
47008
47015
47020
47028
47033
47040
47045
47052
47057
47064
47069
47076
47081
47088
47093
47100
47105
47112
47117
47124
47129
47136
47141
47148
47153
47160
47165
47172
47177
47184
47189
47196
47201
47208
47213
47220
47225
47232
47237
47244
47249
47254
47258
47263
47267
47272
47276
47281
47285
47290
47294
47299
47303
47308
47312
47317
47321
47326
47330
47335
47339
47344
47348
47353
47357
47362
47366
47371
47375
47380
47384
47389
47393
47398
47402
47407
47411
47416
47420
47425
47429
47434
47438
47443
47447
47452
47456
47461
47465
47470
47474
47479
47483
47488
47492
47497
47501
47506
47510
47515
47519
47524
47528
47533
47537
47542
47546
47551
47555
47560
47564
47569
47573
47578
47582
47587
47591
47596
47600
47606
47610
47616
47621
47627
47631
47637
47642
47648
47652
47658
47663
47669
47673
47679
47684
47690
47694
47700
47705
47711
47715
47721
47726
47732
47736
47742
47747
47753
47757
47763
47768
47774
47778
47784
47789
47795
47799
47805
47810
47816
47820
47826
47831
47837
47841
47847
47852
47858
47862
47868
47873
47879
47883
47889
47894
47900
47904
47910
47915
47921
47925
47931
47936
47942
47946
47952
47957
47963
47967
47973
47978
47984
47988
47994
47999
48005
48009
48015
48020
48026
48033
48038
48045
48051
48058
48063
48070
48076
48083
48088
48095
48101
48108
48113
48120
48126
48133
48138
48145
48151
48158
48163
48170
48176
48183
48188
48196
48201
48208
48213
48221
48226
48233
48238
48246
48251
48258
48263
48271
48276
48283
48288
48296
48301
48308
48313
48321
48326
48333
48338
48346
48351
48358
48364
48371
48376
48383
48389
48396
48401
48408
48414
48421
48426
48433
48439
48446
48453
48458
48465
48470
48477
48482
48489
48494
48501
48506
48513
48518
48525
48530
48537
48542
48550
48555
48562
48567
48574
48579
48586
48591
48598
48603
48610
48615
48622
48627
48634
48639
48646
48652
48659
48664
48671
48676
48683
48688
48695
48700
48707
48712
48719
48724
48731
48736
48743
48749
48756
48761
48768
48773
48780
48785
48792
48797
48804
48809
48816
48821
48828
48833
48840
48846
48852
48859
48864
48871
48876
48883
48888
48895
48900
48907
48912
48919
48924
48931
48936
48943
48949
48956
48961
48968
48973
48980
48985
48992
48997
49009
49019
49032
49042
49054
49065
49077
49088
49100
49110
49123
49133
49146
49156
49168
49179
49191
49202
49214
49224
49237
49247
49260
49270
49282
49293
49305
49316
49328
49338
49351
49361
49374
49384
49396
49406
49414
49424
49433
49443
49451
49462
49470
49480
49488
49499
49507
49517
49526
49536
49544
49554
49563
49573
49581
49592
49600
49610
49618
49629
49637
49647
49656
49666
49674
49684
49693
49703
49711
49722
49730
49740
49749
49757
49766
49774
49784
49791
49801
49809
49818
49826
49836
49843
49853
49861
49870
49878
49888
49895
49905
49913
49922
49930
49940
49947
49957
49965
49974
49982
49992
49999
50009
50017
50026
50034
50044
50051
50061
50065
50068
50073
50075
50080
50083
50087
50090
50095
50098
50102
50105
50110
50112
50117
50120
50125
50127
50132
50135
50139
50142
50147
50149
50154
50157
50162
50164
50169
50172
50176
50179
50184
50187
50191
50194
50199
50201
50206
50209
50214
50216
50221
50224
50228
50231
50236
50238
50243
50246
50251
50253
50258
50261
50265
50268
50273
50276
50280
50283
50288
50290
50295
50298
50303
50305
50310
50313
50317
50320
50325
50327
50332
50335
50340
50342
50347
50350
50354
50357
50362
50365
50369
50372
50377
50379
50384
50387
50392
50394
50399
50402
50406
50409
50414
50416
50421
50424
50429
50431
50436
50439
50443
50446
50451
50454
50458
50461
50466
50468
50473
50476
50481
50483
50488
50491
50495
50498
50503
50505
50510
50513
50518
50520
50525
50528
50532
50535
50540
50543
50547
50550
50555
50557
50562
50565
50570
50572
50577
50580
50584
50587
50592
50594
50599
50602
50607
50609
50614
50618
50621
50626
50629
50634
50637
50642
50645
50650
50653
50658
50660
50665
50668
50673
50676
50681
50684
50689
50692
50697
50700
50704
50707
50712
50715
50720
50723
50728
50731
50736
50739
50744
50746
50751
50754
50759
50762
50767
50770
50775
50778
50783
50786
50790
50793
50798
50801
50806
50809
50814
50817
50822
50825
50830
50832
50837
50840
50845
50848
50853
50856
50861
50864
50869
50872
50876
50879
50884
50887
50892
50895
50900
50903
50908
50911
50916
50918
50923
50926
50931
50934
50939
50942
50947
50950
50955
50958
50962
50965
50970
50973
50978
50981
50986
50989
50994
50997
51002
51005
51009
51012
51017
51020
51025
51028
51033
51036
51041
51044
51049
51051
51056
51059
51064
51067
51072
51075
51080
51084
51090
51094
51100
51104
51109
51113
51119
51123
51129
51133
51139
51142
51148
51152
51158
51162
51168
51172
51177
51181
51187
51191
51197
51201
51207
51210
51216
51220
51226
51230
51236
51240
51245
51249
51255
51259
51265
51269
51275
51278
51284
51288
51294
51298
51304
51308
51313
51317
51323
51327
51333
51337
51343
51346
51352
51356
51362
51366
51372
51376
51381
51385
51391
51395
51401
51405
51411
51414
51420
51424
51430
51434
51440
51444
51449
51453
51459
51463
51469
51473
51479
51482
51488
51492
51498
51502
51508
51512
51517
51521
51527
51531
51537
51541
51547
51550
51559
51567
51577
51584
51594
51602
51612
51619
51629
51637
51646
51654
51664
51672
51681
51689
51699
51706
51716
51724
51734
51741
51751
51759
51768
51776
51786
51794
51803
51811
51821
51828
51838
51846
51856
51863
51873
51881
51890
51898
51908
51916
51925
51933
51943
51950
51960
51968
51978
51985
51995
52003
52012
52020
52030
52038
52047
52055
52065
52072
52082
52090
52094
52097
52102
52104
52109
52112
52117
52119
52124
52127
52131
52134
52139
52142
52146
52149
52154
52157
52161
52164
52169
52171
52176
52179
52184
52186
52191
52194
52199
52201
52206
52209
52213
52216
52221
52224
52228
52231
52236
52239
52243
52246
52251
52253
52258
52261
52266
52268
52273
52276
52281
52283
52288
52291
52295
52298
52303
52306
52310
52313
52318
52321
52325
52328
52333
52335
52340
52343
52348
52350
52355
52358
52363
52365
52370
52373
52377
52380
52385
52388
52392
52395
52400
52403
52407
52410
52415
52417
52422
52425
52430
52432
52437
52440
52445
52447
52452
52455
52459
52462
52467
52470
52474
52477
52482
52485
52489
52492
52497
52499
52504
52507
52512
52514
52519
52522
52527
52529
52534
52537
52541
52544
52549
52552
52556
52559
52564
52567
52571
52574
52579
52581
52586
52589
52594
52596
52601
52604
52609
52611
52616
52619
52623
52626
52631
52634
52638
52641
52646
52649
52653
52656
52661
52663
52668
52671
52676
52678
52683
52686
52690
52693
52698
52701
52705
52711
52716
52722
52727
52734
52738
52745
52750
52756
52761
52768
52772
52779
52784
52790
52795
52802
52806
52813
52817
52824
52829
52835
52840
52847
52851
52858
52863
52869
52874
52881
52885
52892
52897
52903
52908
52915
52919
52926
52930
52937
52942
52948
52953
52960
52964
52971
52976
52982
52987
52994
52998
53005
53010
53016
53021
53028
53032
53039
53043
53050
53055
53061
53066
53073
53077
53084
53089
53095
53100
53107
53111
53118
53123
53129
53134
53141
53145
53152
53156
53161
53165
53171
53175
53181
53185
53191
53194
53200
53204
53210
53214
53220
53224
53230
53233
53239
53243
53249
53253
53259
53263
53269
53272
53278
53282
53288
53292
53298
53302
53308
53311
53317
53321
53327
53331
53337
53341
53347
53350
53356
53360
53366
53370
53376
53380
53386
53389
53395
53399
53405
53409
53415
53419
53425
53428
53434
53438
53444
53448
53454
53458
53464
53467
53473
53477
53483
53487
53493
53497
53503
53506
53512
53516
53522
53526
53532
53536
53542
53545
53551
53555
53561
53565
53571
53575
53581
53584
53590
53594
53600
53604
53610
53614
53620
53623
53629
53633
53639
53643
53649
53653
53657
53659
53663
53665
53670
53672
53676
53678
53683
53685
53689
53691
53696
53698
53702
53704
53709
53711
53715
53717
53722
53724
53728
53730
53735
53737
53741
53743
53747
53750
53754
53756
53760
53763
53767
53769
53773
53776
53780
53782
53786
53789
53793
53795
53799
53802
53806
53808
53812
53815
53819
53821
53825
53827
53832
53834
53838
53840
53845
53847
53851
53853
53858
53860
53864
53866
53871
53873
53877
53879
53884
53886
53890
53892
53897
53899
53903
53905
53910
53912
53916
53918
53922
53925
53929
53931
53935
53938
53942
53944
53948
53951
53955
53957
53961
53964
53968
53970
53974
53977
53981
53983
53987
53990
53994
53996
54000
54002
54007
54009
54013
54015
54020
54022
54026
54028
54033
54035
54039
54041
54046
54048
54052
54054
54059
54061
54065
54067
54072
54074
54078
54080
54085
54087
54091
54093
54097
54100
54104
54106
54110
54113
54117
54119
54123
54126
54130
54132
54136
54139
54143
54145
54149
54152
54156
54158
54162
54165
54169
54171
54175
54177
54182
54184
54188
54190
54195
54197
54201
54203
54208
54210
54214
54216
54221
54223
54227
54229
54234
54236
54240
54242
54247
54249
54253
54257
54259
54264
54266
54271
54273
54278
54280
54285
54287
54292
54294
54299
54301
54306
54308
54313
54315
54320
54322
54327
54329
54333
54336
54340
54343
54347
54350
54354
54357
54361
54364
54368
54371
54375
54378
54382
54385
54389
54392
54396
54399
54403
54405
54410
54412
54417
54419
54424
54426
54431
54433
54438
54440
54445
54447
54452
54454
54459
54461
54466
54468
54473
54475
54480
54482
54486
54489
54493
54496
54500
54503
54507
54510
54514
54517
54521
54524
54528
54531
54535
54538
54542
54545
54549
54552
54556
54558
54563
54565
54570
54572
54577
54579
54584
54586
54591
54593
54598
54600
54605
54607
54612
54614
54619
54621
54626
54628
54633
54635
54639
54642
54646
54649
54653
54656
54660
54663
54667
54670
54674
54677
54681
54691
54699
54709
54717
54727
54735
54745
54753
54763
54771
54781
54789
54799
54807
54817
54825
54835
54843
54853
54861
54871
54879
54889
54897
54907
54915
54925
54933
54943
54951
54961
54969
54979
54987
54998
55006
55016
55024
55029
55033
55039
55043
55048
55052
55058
55062
55068
55071
55077
55081
55087
55091
55096
55100
55106
55110
55116
55119
55125
55129
55135
55139
55144
55148
55154
55158
55164
55167
55173
55177
55183
55187
55192
55196
55202
55206
55212
55215
55221
55225
55231
55235
55240
55244
55250
55254
55260
55263
55269
55273
55279
55283
55288
55292
55298
55302
55308
55311
55317
55321
55327
55331
55336
55340
55346
55350
55356
55359
55365
55369
55375
55379
55384
55388
55394
55398
55404
55407
55413
55417
55423
55427
55432
55436
55442
55446
55452
55455
55461
55465
55471
55477
55481
55488
55492
55499
55503
55510
55514
55521
55525
55531
55536
55542
55547
55553
55558
55564
55569
55575
55579
55586
55590
55597
55601
55608
55612
55619
55623
55629
55634
55640
55645
55651
55656
55662
55667
55673
55677
55684
55688
55695
55699
55706
55710
55717
55721
55728
55732
55738
55743
55749
55754
55760
55765
55771
55776
55782
55786
55793
55797
55804
55808
55815
55819
55826
55830
55836
55841
55847
55852
55858
55863
55870
55874
55881
55886
55893
55897
55904
55909
55916
55920
55927
55932
55939
55943
55950
55955
55962
55966
55973
55978
55985
55989
55996
56001
56008
56012
56019
56024
56031
56035
56042
56047
56054
56058
56065
56070
56077
56081
56088
56093
56100
56104
56111
56116
56123
56127
56134
56139
56146
56150
56157
56162
56169
56173
56180
56185
56192
56196
56203
56208
56215
56219
56226
56231
56238
56242
56249
56254
56261
56265
56272
56277
56284
56288
56295
56300
56307
56311
56318
56323
56330
56334
56340
56345
56351
56356
56362
56367
56374
56378
56385
56389
56396
56401
56407
56412
56418
56423
56430
56434
56441
56445
56452
56457
56463
56468
56474
56479
56486
56490
56497
56501
56508
56513
56519
56524
56530
56535
56542
56546
56553
56557
56564
56569
56575
56580
56586
56591
56598
56602
56609
56613
56620
56625
56631
56636
56642
56647
56654
56658
56665
56669
56676
56681
56687
56692
56698
56703
56710
56714
56721
56725
56732
56737
56743
56748
56754
56759
56766
56770
56777
56781
56788
56793
56799
56804
56810
56815
56822
56826
56833
56837
56844
56849
56855
56860
56866
56871
56878
56882
56889
56893
56900
56905
56911
56916
56922
56927
56934
56941
56946
56953
56958
56965
56970
56977
56982
56989
56994
57001
57006
57013
57018
57025
57030
57037
57042
57049
57054
57061
57066
57073
57078
57085
57090
57097
57102
57109
57114
57121
57126
57133
57138
57145
57150
57157
57162
57169
57174
57181
57186
57193
57198
57205
57210
57217
57222
57229
57234
57241
57246
57253
57258
57265
57270
57277
57282
57289
57294
57301
57306
57313
57318
57325
57330
57338
57343
57350
57355
57362
57367
57374
57379
57386
57391
57398
57403
57410
57415
57422
57427
57434
57439
57446
57451
57458
57463
57470
57475
57482
57487
57494
57499
57506
57511
57518
57523
57530
57535
57542
57547
57554
57559
57564
57568
57573
57577
57582
57586
57591
57595
57600
57604
57609
57613
57618
57622
57627
57631
57636
57640
57645
57649
57654
57658
57663
57667
57672
57676
57681
57685
57690
57694
57699
57703
57708
57712
57717
57721
57726
57730
57735
57739
57744
57748
57753
57757
57762
57766
57771
57775
57780
57784
57789
57793
57798
57802
57807
57811
57816
57820
57825
57829
57834
57838
57843
57847
57852
57856
57861
57865
57870
57874
57879
57883
57888
57892
57897
57901
57906
57910
57916
57920
57926
57931
57937
57941
57947
57952
57958
57962
57968
57973
57979
57983
57989
57994
58000
58004
58010
58015
58021
58025
58031
58036
58042
58046
58052
58057
58063
58067
58073
58078
58084
58088
58094
58099
58105
58109
58115
58120
58126
58130
58136
58141
58147
58151
58157
58162
58168
58172
58178
58183
58189
58193
58199
58204
58210
58214
58220
58225
58231
58235
58241
58246
58252
58256
58262
58267
58273
58277
58283
58288
58294
58298
58304
58309
58315
58319
58325
58330
58336
58343
58348
58355
58361
58368
58373
58380
58386
58393
58398
58405
58411
58418
58423
58430
58436
58443
58448
58455
58461
58468
58473
58480
58486
58493
58498
58506
58511
58518
58523
58531
58536
58543
58548
58556
58561
58568
58573
58581
58586
58593
58598
58606
58611
58618
58623
58631
58636
58643
58648
58656
58661
58668
58674
58681
58686
58693
58699
58706
58711
58718
58724
58731
58736
58743
58749
58756
58763
58768
58775
58780
58787
58792
58799
58804
58811
58816
58823
58828
58835
58840
58847
58852
58860
58865
58872
58877
58884
58889
58896
58901
58908
58913
58920
58925
58932
58937
58944
58949
58956
58962
58969
58974
58981
58986
58993
58998
59005
59010
59017
59022
59029
59034
59041
59046
59053
59059
59066
59071
59078
59083
59090
59095
59102
59107
59114
59119
59126
59131
59138
59143
59150
59156
59162
59169
59174
59181
59186
59193
59198
59205
59210
59217
59222
59229
59234
59241
59246
59253
59259
59266
59271
59278
59283
59290
59295
59302
59307
59319
59329
59342
59352
59364
59375
59387
59398
59410
59420
59433
59443
59456
59466
59478
59489
59501
59512
59524
59534
59547
59557
59570
59580
59592
59603
59615
59626
59638
59648
59661
59671
59684
59694
59706
59716
59724
59734
59743
59753
59761
59772
59780
59790
59798
59809
59817
59827
59836
59846
59854
59864
59873
59883
59891
59902
59910
59920
59928
59939
59947
59957
59966
59976
59984
59994
60003
60013
60021
60032
60040
60050
60059
60067
60076
60084
60094
60101
60111
60119
60128
60136
60146
60153
60163
60171
60180
60188
60198
60205
60215
60223
60232
60240
60250
60257
60267
60275
60284
60292
60302
60309
60319
60327
60336
60344
60354
60361
60371
60375
60378
60383
60385
60390
60393
60397
60400
60405
60408
60412
60415
60420
60422
60427
60430
60435
60437
60442
60445
60449
60452
60457
60459
60464
60467
60472
60474
60479
60482
60486
60489
60494
60497
60501
60504
60509
60511
60516
60519
60524
60526
60531
60534
60538
60541
60546
60548
60553
60556
60561
60563
60568
60571
60575
60578
60583
60586
60590
60593
60598
60600
60605
60608
60613
60615
60620
60623
60627
60630
60635
60637
60642
60645
60650
60652
60657
60660
60664
60667
60672
60675
60679
60682
60687
60689
60694
60697
60702
60704
60709
60712
60716
60719
60724
60726
60731
60734
60739
60741
60746
60749
60753
60756
60761
60764
60768
60771
60776
60778
60783
60786
60791
60793
60798
60801
60805
60808
60813
60815
60820
60823
60828
60830
60835
60838
60842
60845
60850
60853
60857
60860
60865
60867
60872
60875
60880
60882
60887
60890
60894
60897
60902
60904
60909
60912
60917
60919
60924
60928
60931
60936
60939
60944
60947
60952
60955
60960
60963
60968
60970
60975
60978
60983
60986
60991
60994
60999
61002
61007
61010
61014
61017
61022
61025
61030
61033
61038
61041
61046
61049
61054
61056
61061
61064
61069
61072
61077
61080
61085
61088
61093
61096
61100
61103
61108
61111
61116
61119
61124
61127
61132
61135
61140
61142
61147
61150
61155
61158
61163
61166
61171
61174
61179
61182
61186
61189
61194
61197
61202
61205
61210
61213
61218
61221
61226
61228
61233
61236
61241
61244
61249
61252
61257
61260
61265
61268
61272
61275
61280
61283
61288
61291
61296
61299
61304
61307
61312
61315
61319
61322
61327
61330
61335
61338
61343
61346
61351
61354
61359
61361
61366
61369
61374
61377
61382
61385
61390
61394
61400
61404
61410
61414
61419
61423
61429
61433
61439
61443
61449
61452
61458
61462
61468
61472
61478
61482
61487
61491
61497
61501
61507
61511
61517
61520
61526
61530
61536
61540
61546
61550
61555
61559
61565
61569
61575
61579
61585
61588
61594
61598
61604
61608
61614
61618
61623
61627
61633
61637
61643
61647
61653
61656
61662
61666
61672
61676
61682
61686
61691
61695
61701
61705
61711
61715
61721
61724
61730
61734
61740
61744
61750
61754
61759
61763
61769
61773
61779
61783
61789
61792
61798
61802
61808
61812
61818
61822
61827
61831
61837
61841
61847
61851
61857
61860
61869
61877
61887
61894
61904
61912
61922
61929
61939
61947
61956
61964
61974
61982
61991
61999
62009
62016
62026
62034
62044
62051
62061
62069
62078
62086
62096
62104
62113
62121
62131
62138
62148
62156
62166
62173
62183
62191
62200
62208
62218
62226
62235
62243
62253
62260
62270
62278
62288
62295
62305
62313
62322
62330
62340
62348
62357
62365
62375
62382
62392
62400
62404
62407
62412
62414
62419
62422
62427
62429
62434
62437
62441
62444
62449
62452
62456
62459
62464
62467
62471
62474
62479
62481
62486
62489
62494
62496
62501
62504
62509
62511
62516
62519
62523
62526
62531
62534
62538
62541
62546
62549
62553
62556
62561
62563
62568
62571
62576
62578
62583
62586
62591
62593
62598
62601
62605
62608
62613
62616
62620
62623
62628
62631
62635
62638
62643
62645
62650
62653
62658
62660
62665
62668
62673
62675
62680
62683
62687
62690
62695
62698
62702
62705
62710
62713
62717
62720
62725
62727
62732
62735
62740
62742
62747
62750
62755
62757
62762
62765
62769
62772
62777
62780
62784
62787
62792
62795
62799
62802
62807
62809
62814
62817
62822
62824
62829
62832
62837
62839
62844
62847
62851
62854
62859
62862
62866
62869
62874
62877
62881
62884
62889
62891
62896
62899
62904
62906
62911
62914
62919
62921
62926
62929
62933
62936
62941
62944
62948
62951
62956
62959
62963
62966
62971
62973
62978
62981
62986
62988
62993
62996
63000
63003
63008
63011
63015
63021
63026
63032
63037
63044
63048
63055
63060
63066
63071
63078
63082
63089
63094
63100
63105
63112
63116
63123
63127
63134
63139
63145
63150
63157
63161
63168
63173
63179
63184
63191
63195
63202
63207
63213
63218
63225
63229
63236
63240
63247
63252
63258
63263
63270
63274
63281
63286
63292
63297
63304
63308
63315
63320
63326
63331
63338
63342
63349
63353
63360
63365
63371
63376
63383
63387
63394
63399
63405
63410
63417
63421
63428
63433
63439
63444
63451
63455
63462
63466
63471
63475
63481
63485
63491
63495
63501
63504
63510
63514
63520
63524
63530
63534
63540
63543
63549
63553
63559
63563
63569
63573
63579
63582
63588
63592
63598
63602
63608
63612
63618
63621
63627
63631
63637
63641
63647
63651
63657
63660
63666
63670
63676
63680
63686
63690
63696
63699
63705
63709
63715
63719
63725
63729
63735
63738
63744
63748
63754
63758
63764
63768
63774
63777
63783
63787
63793
63797
63803
63807
63813
63816
63822
63826
63832
63836
63842
63846
63852
63855
63861
63865
63871
63875
63881
63885
63891
63894
63900
63904
63910
63914
63920
63924
63930
63933
63939
63943
63949
63953
63959
63963
63967
63969
63973
63975
63980
63982
63986
63988
63993
63995
63999
64001
64006
64008
64012
64014
64019
64021
64025
64027
64032
64034
64038
64040
64045
64047
64051
64053
64057
64060
64064
64066
64070
64073
64077
64079
64083
64086
64090
64092
64096
64099
64103
64105
64109
64112
64116
64118
64122
64125
64129
64131
64135
64137
64142
64144
64148
64150
64155
64157
64161
64163
64168
64170
64174
64176
64181
64183
64187
64189
64194
64196
64200
64202
64207
64209
64213
64215
64220
64222
64226
64228
64232
64235
64239
64241
64245
64248
64252
64254
64258
64261
64265
64267
64271
64274
64278
64280
64284
64287
64291
64293
64297
64300
64304
64306
64310
64312
64317
64319
64323
64325
64330
64332
64336
64338
64343
64345
64349
64351
64356
64358
64362
64364
64369
64371
64375
64377
64382
64384
64388
64390
64395
64397
64401
64403
64407
64410
64414
64416
64420
64423
64427
64429
64433
64436
64440
64442
64446
64449
64453
64455
64459
64462
64466
64468
64472
64475
64479
64481
64485
64487
64492
64494
64498
64500
64505
64507
64511
64513
64518
64520
64524
64526
64531
64533
64537
64539
64544
64546
64550
64552
64557
64559
64563
64567
64569
64574
64576
64581
64583
64588
64590
64595
64597
64602
64604
64609
64611
64616
64618
64623
64625
64630
64632
64637
64639
64643
64646
64650
64653
64657
64660
64664
64667
64671
64674
64678
64681
64685
64688
64692
64695
64699
64702
64706
64709
64713
64715
64720
64722
64727
64729
64734
64736
64741
64743
64748
64750
64755
64757
64762
64764
64769
64771
64776
64778
64783
64785
64790
64792
64796
64799
64803
64806
64810
64813
64817
64820
64824
64827
64831
64834
64838
64841
64845
64848
64852
64855
64859
64862
64866
64868
64873
64875
64880
64882
64887
64889
64894
64896
64901
64903
64908
64910
64915
64917
64922
64924
64929
64931
64936
64938
64943
64945
64949
64952
64956
64959
64963
64966
64970
64973
64977
64980
64984
64987
64991
65001
65009
65019
65027
65037
65045
65055
65063
65073
65081
65091
65099
65109
65117
65127
65135
65145
65153
65163
65171
65181
65189
65199
65207
65217
65225
65235
65243
65253
65261
65271
65279
65289
65297
65308
65316
65326
65334
65339
65343
65349
65353
65358
65362
65368
65372
65378
65381
65387
65391
65397
65401
65406
65410
65416
65420
65426
65429
65435
65439
65445
65449
65454
65458
65464
65468
65474
65477
65483
65487
65493
65497
65502
65506
65512
65516
65522
65525
65531
65535
65541
65545
65550
65554
65560
65564
65570
65573
65579
65583
65589
65593
65598
65602
65608
65612
65618
65621
65627
65631
65637
65641
65646
65650
65656
65660
65666
65669
65675
65679
65685
65689
65694
65698
65704
65708
65714
65717
65723
65727
65733
65737
65742
65746
65752
65756
65762
65765
65771
65775
65781
65787
65791
65798
65802
65809
65813
65820
65824
65831
65835
65841
65846
65852
65857
65863
65868
65874
65879
65885
65889
65896
65900
65907
65911
65918
65922
65929
65933
65939
65944
65950
65955
65961
65966
65972
65977
65983
65987
65994
65998
66005
66009
66016
66020
66027
66031
66038
66042
66048
66053
66059
66064
66070
66075
66081
66086
66092
66096
66103
66107
66114
66118
66125
66129
66136
66140
66146
66151
66157
66162
66168
66173
66180
66184
66191
66196
66203
66207
66214
66219
66226
66230
66237
66242
66249
66253
66260
66265
66272
66276
66283
66288
66295
66299
66306
66311
66318
66322
66329
66334
66341
66345
66352
66357
66364
66368
66375
66380
66387
66391
66398
66403
66410
66414
66421
66426
66433
66437
66444
66449
66456
66460
66467
66472
66479
66483
66490
66495
66502
66506
66513
66518
66525
66529
66536
66541
66548
66552
66559
66564
66571
66575
66582
66587
66594
66598
66605
66610
66617
66621
66628
66633
66640
66644
66650
66655
66661
66666
66672
66677
66684
66688
66695
66699
66706
66711
66717
66722
66728
66733
66740
66744
66751
66755
66762
66767
66773
66778
66784
66789
66796
66800
66807
66811
66818
66823
66829
66834
66840
66845
66852
66856
66863
66867
66874
66879
66885
66890
66896
66901
66908
66912
66919
66923
66930
66935
66941
66946
66952
66957
66964
66968
66975
66979
66986
66991
66997
67002
67008
67013
67020
67024
67031
67035
67042
67047
67053
67058
67064
67069
67076
67080
67087
67091
67098
67103
67109
67114
67120
67125
67132
67136
67143
67147
67154
67159
67165
67170
67176
67181
67188
67192
67199
67203
67210
67215
67221
67226
67232
67237
67244
67251
67256
67263
67268
67275
67280
67287
67292
67299
67304
67311
67316
67323
67328
67335
67340
67347
67352
67359
67364
67371
67376
67383
67388
67395
67400
67407
67412
67419
67424
67431
67436
67443
67448
67455
67460
67467
67472
67479
67484
67491
67496
67503
67508
67515
67520
67527
67532
67539
67544
67551
67556
67563
67568
67575
67580
67587
67592
67599
67604
67611
67616
67623
67628
67635
67640
67648
67653
67660
67665
67672
67677
67684
67689
67696
67701
67708
67713
67720
67725
67732
67737
67744
67749
67756
67761
67768
67773
67780
67785
67792
67797
67804
67809
67816
67821
67828
67833
67840
67845
67852
67857
67864
67869
67874
67878
67883
67887
67892
67896
67901
67905
67910
67914
67919
67923
67928
67932
67937
67941
67946
67950
67955
67959
67964
67968
67973
67977
67982
67986
67991
67995
68000
68004
68009
68013
68018
68022
68027
68031
68036
68040
68045
68049
68054
68058
68063
68067
68072
68076
68081
68085
68090
68094
68099
68103
68108
68112
68117
68121
68126
68130
68135
68139
68144
68148
68153
68157
68162
68166
68171
68175
68180
68184
68189
68193
68198
68202
68207
68211
68216
68220
68226
68230
68236
68241
68247
68251
68257
68262
68268
68272
68278
68283
68289
68293
68299
68304
68310
68314
68320
68325
68331
68335
68341
68346
68352
68356
68362
68367
68373
68377
68383
68388
68394
68398
68404
68409
68415
68419
68425
68430
68436
68440
68446
68451
68457
68461
68467
68472
68478
68482
68488
68493
68499
68503
68509
68514
68520
68524
68530
68535
68541
68545
68551
68556
68562
68566
68572
68577
68583
68587
68593
68598
68604
68608
68614
68619
68625
68629
68635
68640
68646
68653
68658
68665
68671
68678
68683
68690
68696
68703
68708
68715
68721
68728
68733
68740
68746
68753
68758
68765
68771
68778
68783
68790
68796
68803
68808
68816
68821
68828
68833
68841
68846
68853
68858
68866
68871
68878
68883
68891
68896
68903
68908
68916
68921
68928
68933
68941
68946
68953
68958
68966
68971
68978
68984
68991
68996
69003
69009
69016
69021
69028
69034
69041
69046
69053
69059
69066
69073
69078
69085
69090
69097
69102
69109
69114
69121
69126
69133
69138
69145
69150
69157
69162
69170
69175
69182
69187
69194
69199
69206
69211
69218
69223
69230
69235
69242
69247
69254
69259
69266
69272
69279
69284
69291
69296
69303
69308
69315
69320
69327
69332
69339
69344
69351
69356
69363
69369
69376
69381
69388
69393
69400
69405
69412
69417
69424
69429
69436
69441
69448
69453
69460
69466
69472
69479
69484
69491
69496
69503
69508
69515
69520
69527
69532
69539
69544
69551
69556
69563
69569
69576
69581
69588
69593
69600
69605
69612
69617
69629
69639
69652
69662
69674
69685
69697
69708
69720
69730
69743
69753
69766
69776
69788
69799
69811
69822
69834
69844
69857
69867
69880
69890
69902
69913
69925
69936
69948
69958
69971
69981
69994
70004
70016
70026
70034
70044
70053
70063
70071
70082
70090
70100
70108
70119
70127
70137
70146
70156
70164
70174
70183
70193
70201
70212
70220
70230
70238
70249
70257
70267
70276
70286
70294
70304
70313
70323
70331
70342
70350
70360
70369
70377
70386
70394
70404
70411
70421
70429
70438
70446
70456
70463
70473
70481
70490
70498
70508
70515
70525
70533
70542
70550
70560
70567
70577
70585
70594
70602
70612
70619
70629
70637
70646
70654
70664
70671
70681
70685
70688
70693
70695
70700
70703
70707
70710
70715
70718
70722
70725
70730
70732
70737
70740
70745
70747
70752
70755
70759
70762
70767
70769
70774
70777
70782
70784
70789
70792
70796
70799
70804
70807
70811
70814
70819
70821
70826
70829
70834
70836
70841
70844
70848
70851
70856
70858
70863
70866
70871
70873
70878
70881
70885
70888
70893
70896
70900
70903
70908
70910
70915
70918
70923
70925
70930
70933
70937
70940
70945
70947
70952
70955
70960
70962
70967
70970
70974
70977
70982
70985
70989
70992
70997
70999
71004
71007
71012
71014
71019
71022
71026
71029
71034
71036
71041
71044
71049
71051
71056
71059
71063
71066
71071
71074
71078
71081
71086
71088
71093
71096
71101
71103
71108
71111
71115
71118
71123
71125
71130
71133
71138
71140
71145
71148
71152
71155
71160
71163
71167
71170
71175
71177
71182
71185
71190
71192
71197
71200
71204
71207
71212
71214
71219
71222
71227
71229
71234
71238
71241
71246
71249
71254
71257
71262
71265
71270
71273
71278
71280
71285
71288
71293
71296
71301
71304
71309
71312
71317
71320
71324
71327
71332
71335
71340
71343
71348
71351
71356
71359
71364
71366
71371
71374
71379
71382
71387
71390
71395
71398
71403
71406
71410
71413
71418
71421
71426
71429
71434
71437
71442
71445
71450
71452
71457
71460
71465
71468
71473
71476
71481
71484
71489
71492
71496
71499
71504
71507
71512
71515
71520
71523
71528
71531
71536
71538
71543
71546
71551
71554
71559
71562
71567
71570
71575
71578
71582
71585
71590
71593
71598
71601
71606
71609
71614
71617
71622
71625
71629
71632
71637
71640
71645
71648
71653
71656
71661
71664
71669
71671
71676
71679
71684
71687
71692
71695
71700
71704
71710
71714
71720
71724
71729
71733
71739
71743
71749
71753
71759
71762
71768
71772
71778
71782
71788
71792
71797
71801
71807
71811
71817
71821
71827
71830
71836
71840
71846
71850
71856
71860
71865
71869
71875
71879
71885
71889
71895
71898
71904
71908
71914
71918
71924
71928
71933
71937
71943
71947
71953
71957
71963
71966
71972
71976
71982
71986
71992
71996
72001
72005
72011
72015
72021
72025
72031
72034
72040
72044
72050
72054
72060
72064
72069
72073
72079
72083
72089
72093
72099
72102
72108
72112
72118
72122
72128
72132
72137
72141
72147
72151
72157
72161
72167
72170
