6
11
18
22
29
34
40
45
52
56
63
68
74
79
86
90
97
102
108
113
120
124
131
136
142
147
154
158
165
170
176
181
188
192
199
204
210
215
222
226
233
238
244
249
256
260
267
272
278
283
290
294
301
306
312
317
324
328
335
340
346
351
358
362
369
374
380
385
392
396
403
408
414
419
426
430
437
442
448
453
460
464
471
476
482
487
494
498
505
510
516
521
528
532
539
544
550
555
562
566
573
578
584
589
596
600
607
612
618
623
630
634
641
646
652
657
664
668
675
680
686
691
698
702
709
714
720
725
732
736
743
748
754
759
766
770
777
782
788
793
800
804
810
815
822
827
834
838
845
850
857
862
869
873
880
885
892
897
903
908
915
920
927
932
938
943
950
955
962
966
973
978
985
990
997
1001
1008
1013
1020
1025
1031
1036
1043
1048
1055
1060
1066
1071
1078
1083
1090
1094
1101
1106
1113
1118
1125
1129
1136
1141
1148
1153
1159
1164
1171
1176
1183
1188
1194
1199
1206
1211
1218
1223
1229
1234
1241
1246
1253
1257
1264
1269
1276
1281
1288
1292
1299
1304
1311
1316
1322
1327
1334
1339
1346
1351
1357
1362
1369
1374
1381
1385
1392
1397
1404
1409
1416
1420
1427
1432
1439
1444
1450
1455
1462
1467
1474
1479
1485
1490
1497
1502
1509
1513
1520
1525
1532
1537
1544
1548
1555
1560
1567
1572
1579
1583
1590
1595
1602
1607
1613
1618
1625
1630
1637
1641
1648
1653
1660
1665
1671
1676
1683
1688
1695
1700
1706
1711
1718
1723
1730
1734
1741
1746
1753
1758
1764
1769
1776
1781
1788
1793
1799
1804
1811
1816
1823
1827
1834
1839
1846
1851
1857
1862
1869
1874
1881
1886
1892
1897
1904
1909
1916
1920
1927
1932
1939
1944
1951
1955
1962
1967
1974
1979
1985
1990
1997
2002
2009
2013
2020
2025
2032
2037
2044
2048
2055
2060
2067
2072
2078
2083
2090
2095
2102
2107
2112
2119
2124
2131
2136
2142
2147
2154
2159
2166
2170
2177
2182
2189
2194
2201
2205
2212
2217
2224
2229
2235
2240
2247
2252
2259
2263
2270
2275
2282
2287
2294
2298
2305
2310
2317
2322
2328
2333
2340
2345
2352
2357
2362
2369
2374
2381
2386
2392
2397
2404
2410
2415
2422
2427
2433
2438
2445
2450
2457
2461
2468
2473
2480
2485
2491
2496
2503
2508
2514
2519
2526
2531
2538
2542
2549
2554
2561
2566
2572
2577
2584
2589
2596
2600
2607
2612
2619
2623
2630
2635
2642
2647
2653
2658
2665
2670
2677
2681
2688
2693
2700
2705
2711
2716
2723
2728
2734
2739
2746
2751
2758
2762
2769
2774
2781
2786
2792
2797
2804
2809
2815
2820
2827
2832
2839
2843
2850
2855
2862
2867
2873
2878
2885
2890
2897
2901
2908
2913
2920
2924
2931
2936
2943
2948
2954
2959
2966
2971
2978
2982
2989
2994
3001
3006
3012
3017
3024
3029
3035
3040
3047
3052
3059
3063
3070
3075
3082
3087
3093
3098
3105
3110
3117
3121
3128
3133
3140
3144
3151
3156
3163
3168
3174
3179
3186
3191
3198
3202
3208
3213
3219
3224
3230
3235
3241
3246
3253
3257
3264
3268
3275
3279
3286
3290
3297
3302
3308
3313
3319
3324
3330
3335
3342
3346
3353
3357
3364
3368
3375
3379
3386
3391
3397
3402
3408
3413
3419
3424
3430
3435
3442
3446
3453
3457
3464
3468
3475
3480
3486
3491
3497
3502
3508
3513
3519
3524
3531
3535
3542
3546
3553
3557
3564
3569
3575
3580
3586
3591
3597
3602
3608
3613
3620
3624
3631
3635
3642
3646
3653
3657
3664
3669
3675
3680
3686
3691
3697
3702
3709
3713
3720
3724
3731
3735
3742
3746
3753
3758
3764
3769
3775
3780
3786
3791
3797
3802
3809
3813
3820
3824
3831
3835
3842
3847
3853
3858
3864
3869
3875
3880
3886
3891
3898
3902
3909
3913
3920
3924
3931
3936
3942
3947
3953
3958
3964
3969
3975
3980
3987
3991
3998
4002
4009
4015
4020
4027
4032
4039
4044
4050
4055
4062
4067
4074
4079
4085
4090
4097
4102
4109
4114
4120
4125
4132
4137
4144
4149
4155
4160
4167
4172
4179
4184
4191
4195
4202
4207
4214
4219
4226
4230
4237
4242
4249
4254
4261
4265
4272
4277
4284
4289
4296
4300
4307
4312
4319
4324
4331
4336
4342
4347
4354
4359
4366
4371
4377
4382
4389
4394
4401
4406
4412
4417
4424
4429
4436
4441
4447
4452
4459
4464
4471
4476
4482
4487
4494
4499
4506
4511
4518
4522
4529
4534
4541
4546
4553
4557
4564
4569
4576
4581
4588
4592
4599
4604
4611
4616
4623
4627
4634
4639
4646
4651
4658
4663
4669
4674
4681
4686
4693
4698
4704
4709
4716
4721
4728
4733
4739
4744
4751
4756
4763
4768
4774
4779
4786
4791
4798
4803
4809
4814
4821
4826
4833
4838
4845
4849
4856
4862
4867
4874
4878
4885
4890
4896
4901
4908
4913
4919
4924
4931
4936
4941
4948
4953
4959
4964
4971
4976
4981
4988
4993
4999
5004
5011
5016
5021
5028
5033
5039
5044
5051
5056
5061
5068
5073
5079
5084
5091
5096
5101
5108
5113
5119
5124
5131
5136
5141
5148
5153
5159
5164
5171
5176
5181
5188
5193
5199
5204
5211
5216
5221
5228
5233
5239
5244
5251
5256
5261
5268
5273
5279
5284
5291
5296
5301
5308
5313
5319
5324
5331
5336
5341
5348
5353
5359
5364
5371
5376
5381
5388
5393
5399
5404
5411
5416
5421
5428
5433
5439
5444
5451
5456
5461
5468
5473
5479
5484
5491
5496
5501
5508
5513
5519
5524
5531
5536
5541
5548
5553
5559
5564
5571
5576
5581
5588
5593
5599
5604
5611
5616
5621
5628
5633
5639
5644
5651
5656
5661
5668
5673
5679
5684
5691
5696
5703
5707
5714
5719
5726
5731
5737
5742
5749
5754
5761
5766
5772
5777
5784
5789
5796
5800
5807
5812
5819
5824
5831
5835
5842
5847
5854
5859
5865
5870
5877
5882
5889
5894
5900
5905
5912
5917
5924
5928
5935
5940
5947
5952
5959
5963
5970
5975
5982
5987
5993
5998
6005
6010
6017
6022
6028
6033
6040
6045
6052
6056
6063
6068
6075
6080
6086
6091
6098
6103
6110
6115
6121
6126
6133
6138
6145
6149
6156
6161
6168
6173
6180
6184
6191
6196
6203
6208
6214
6219
6226
6231
6238
6243
6249
6254
6261
6266
6273
6277
6284
6289
6296
6301
6308
6312
6319
6324
6331
6336
6342
6347
6354
6359
6366
6371
6377
6382
6389
6394
6401
6405
6412
6417
6424
6429
6435
6440
6447
6452
6459
6464
6470
6475
6482
6487
6494
6500
6505
6512
6516
6523
6528
6534
6539
6546
6550
6557
6562
6568
6573
6580
6585
6591
6596
6603
6607
6614
6619
6625
6630
6637
6641
6648
6653
6660
6664
6671
6676
6682
6687
6694
6698
6705
6710
6716
6721
6728
6732
6739
6744
6751
6755
6762
6767
6773
6778
6785
6789
6796
6801
6807
6812
6819
6824
6830
6835
6842
6846
6853
6858
6864
6869
6876
6880
6887
6892
6898
6903
6910
6915
6921
6926
6933
6937
6944
6949
6955
6960
6967
6971
6978
6983
6990
6994
7001
7006
7012
7017
7024
7028
7035
7040
7046
7051
7058
7062
7069
7074
7081
7085
7092
7097
7103
7108
7115
7119
7126
7131
7137
7142
7149
7154
7160
7165
7172
7176
7183
7188
7194
7199
7206
7210
7217
7222
7228
7233
7240
7245
7251
7256
7263
7267
7274
7279
7285
7290
7297
7301
7308
7314
7319
7325
7330
7336
7341
7348
7352
7359
7363
7370
7374
7381
7386
7392
7397
7403
7408
7414
7419
7426
7430
7437
7441
7448
7452
7459
7464
7470
7475
7481
7486
7493
7497
7504
7508
7515
7519
7526
7531
7537
7542
7548
7553
7559
7564
7571
7575
7582
7586
7593
7597
7604
7609
7615
7620
7626
7631
7637
7642
7649
7653
7660
7664
7671
7676
7682
7687
7693
7698
7704
7709
7716
7720
7727
7731
7738
7742
7749
7754
7760
7765
7771
7776
7782
7787
7794
7798
7805
7809
7816
7821
7827
7832
7838
7843
7849
7854
7861
7865
7872
7876
7883
7887
7894
7899
7905
7910
7916
7921
7927
7932
7939
7943
7950
7954
7961
7965
7972
7977
7983
7988
7994
7999
8006
8010
8017
8021
8028
8032
8039
8044
8050
8055
8061
8066
8072
8077
8084
8088
8095
8099
8106
8110
8117
8122
8128
8134
8139
8146
8151
8157
8162
8169
8174
8180
8185
8192
8197
8204
8208
8215
8220
8227
8231
8238
8243
8250
8255
8261
8266
8273
8278
8284
8289
8296
8301
8308
8312
8319
8324
8331
8335
8342
8347
8354
8359
8365
8370
8377
8382
8388
8393
8400
8405
8412
8416
8423
8428
8435
8439
8446
8451
8458
8463
8469
8474
8481
8486
8492
8497
8504
8509
8516
8520
8527
8532
8539
8543
8550
8555
8562
8567
8573
8578
8585
8590
8596
8601
8608
8613
8620
8624
8631
8636
8643
8647
8654
8659
8666
8671
8677
8682
8689
8694
8700
8705
8712
8717
8724
8728
8735
8740
8747
8751
8758
8763
8770
8775
8781
8786
8793
8798
8804
8809
8816
8821
8828
8832
8839
8844
8851
8855
8862
8867
8874
8879
8885
8890
8897
8902
8908
8913
8920
8925
8932
8936
8943
8948
8955
8959
8966
8972
8977
8983
8988
8994
8999
9005
9010
9016
9021
9028
9032
9039
9043
9050
9054
9061
9066
9071
9078
9082
9089
9093
9100
9104
9111
9116
9121
9128
9132
9139
9143
9150
9154
9161
9166
9171
9178
9182
9189
9193
9200
9204
9211
9216
9221
9228
9232
9239
9243
9250
9254
9261
9266
9271
9278
9282
9289
9293
9300
9304
9311
9316
9321
9328
9332
9339
9343
9350
9354
9361
9366
9371
9378
9382
9389
9393
9400
9404
9411
9416
9421
9428
9432
9439
9443
9450
9454
9461
9466
9471
9478
9482
9489
9493
9500
9504
9511
9516
9521
9528
9532
9539
9543
9550
9554
9561
9566
9571
9578
9582
9589
9593
9600
9604
9611
9616
9621
9628
9632
9639
9643
9650
9654
9661
9666
9671
9678
9682
9689
9693
9700
9704
9711
9716
9721
9728
9732
9739
9743
9750
9754
9761
9766
9771
9778
9782
9789
9793
9799
9804
9811
9815
9822
9827
9833
9838
9845
9849
9856
9861
9867
9872
9879
9883
9890
9895
9901
9906
9913
9918
9923
9930
9935
9941
9946
9953
9957
9964
9969
9975
9980
9987
9991
9998
10003
10009
10014
10021
10025
10032
10037
10043
10048
10055
10060
10066
10071
10078
10082
10089
10094
10100
10105
10112
10116
10123
10128
10134
10139
10146
10150
10157
10162
10168
10173
10180
10185
10191
10196
10203
10207
10214
10219
10225
10230
10237
10241
10248
10253
10259
10264
10271
10275
10282
10287
10293
10298
10305
10310
10316
10321
10328
10332
10339
10344
10350
10355
10362
10366
10373
10378
10384
10389
10396
10400
10407
10412
10418
10423
10430
10435
10441
10446
10453
10457
10464
10469
10475
10480
10487
10491
10498
10503
10509
10514
10521
10525
10532
10537
10543
10548
10555
10560
10566
10571
10578
10582
10589
10594
10600
10605
10612
10616
10623
10629
10634
10641
10645
10652
10657
10663
10668
10675
10679
10686
10691
10697
10702
10709
10713
10720
10725
10731
10736
10743
10747
10754
10759
10765
10770
10777
10781
10788
10793
10799
10804
10811
10815
10822
10827
10833
10838
10845
10849
10856
10861
10867
10872
10879
10883
10890
10895
10901
10906
10913
10917
10924
10929
10935
10940
10947
10951
10958
10963
10969
10974
10981
10985
10992
10997
11003
11008
11015
11019
11026
11031
11037
11042
11049
11053
11060
11065
11071
11076
11083
11087
11094
11099
11105
11110
11117
11121
11128
11133
11139
11144
11151
11155
11162
11167
11173
11178
11185
11189
11196
11201
11207
11212
11219
11223
11230
11235
11241
11246
11253
11257
11264
11269
11275
11280
11287
11291
11298
11303
11309
11314
11321
11325
11332
11337
11343
11348
11355
11359
11366
11371
11377
11382
11389
11393
11400
11405
11411
11416
11423
11427
11433
11438
11445
11450
11457
11461
11468
11473
11480
11485
11492
11496
11503
11508
11515
11520
11526
11531
11538
11543
11550
11555
11561
11566
11573
11578
11585
11589
11596
11601
11608
11613
11620
11624
11631
11636
11643
11648
11654
11659
11666
11671
11678
11683
11689
11694
11701
11706
11713
11717
11724
11729
11736
11741
11748
11752
11759
11764
11771
11776
11782
11787
11794
11799
11806
11811
11817
11822
11829
11834
11841
11846
11852
11857
11864
11869
11876
11880
11887
11892
11899
11904
11911
11915
11922
11927
11934
11939
11945
11950
11957
11962
11969
11974
11980
11985
11992
11997
12004
12008
12015
12020
12027
12032
12039
12043
12050
12055
12062
12067
12073
12078
12085
12090
12097
12102
12108
12113
12120
12125
12132
12136
12143
12148
12155
12160
12167
12171
12178
12183
12190
12195
12202
12206
12213
12218
12225
12230
12236
12241
12248
12253
12260
12264
12271
12276
12283
12288
12294
12299
12306
12311
12318
12323
12329
12334
12341
12346
12353
12357
12364
12369
12376
12381
12387
12392
12399
12404
12411
12416
12422
12427
12434
12439
12446
12450
12457
12462
12469
12474
12480
12485
12492
12497
12504
12509
12515
12520
12527
12532
12539
12543
12550
12555
12562
12567
12574
12578
12585
12590
12597
12602
12608
12613
12620
12625
12632
12636
12643
12648
12655
12660
12667
12671
12678
12683
12690
12695
12701
12706
12713
12718
12725
12730
12735
12742
12747
12754
12759
12765
12770
12777
12782
12789
12793
12800
12805
12812
12817
12824
12828
12835
12840
12847
12852
12858
12863
12870
12875
12882
12886
12893
12898
12905
12910
12917
12921
12928
12933
12940
12945
12951
12956
12963
12968
12975
12980
12985
12992
12997
13004
13009
13015
13020
13027
13033
13038
13045
13050
13056
13061
13068
13073
13080
13084
13091
13096
13103
13108
13114
13119
13126
13131
13137
13142
13149
13154
13161
13165
13172
13177
13184
13189
13195
13200
13207
13212
13219
13223
13230
13235
13242
13246
13253
13258
13265
13270
13276
13281
13288
13293
13300
13304
13311
13316
13323
13328
13334
13339
13346
13351
13357
13362
13369
13374
13381
13385
13392
13397
13404
13409
13415
13420
13427
13432
13438
13443
13450
13455
13462
13466
13473
13478
13485
13490
13496
13501
13508
13513
13520
13524
13531
13536
13543
13547
13554
13559
13566
13571
13577
13582
13589
13594
13601
13605
13612
13617
13624
13629
13635
13640
13647
13652
13658
13663
13670
13675
13682
13686
13693
13698
13705
13710
13716
13721
13728
13733
13740
13744
13751
13756
13763
13767
13774
13779
13786
13791
13797
13802
13809
13814
13821
13825
13831
13836
13842
13847
13853
13858
13864
13869
13876
13880
13887
13891
13898
13902
13909
13913
13920
13925
13931
13936
13942
13947
13953
13958
13965
13969
13976
13980
13987
13991
13998
14002
14009
14014
14020
14025
14031
14036
14042
14047
14053
14058
14065
14069
14076
14080
14087
14091
14098
14103
14109
14114
14120
14125
14131
14136
14142
14147
14154
14158
14165
14169
14176
14180
14187
14192
14198
14203
14209
14214
14220
14225
14231
14236
14243
14247
14254
14258
14265
14269
14276
14280
14287
14292
14298
14303
14309
14314
14320
14325
14332
14336
14343
14347
14354
14358
14365
14369
14376
14381
14387
14392
14398
14403
14409
14414
14420
14425
14432
14436
14443
14447
14454
14458
14465
14470
14476
14481
14487
14492
14498
14503
14509
14514
14521
14525
14532
14536
14543
14547
14554
14559
14565
14570
14576
14581
14587
14592
14598
14603
14610
14614
14621
14625
14632
14638
14643
14650
14655
14662
14667
14673
14678
14685
14690
14697
14702
14708
14713
14720
14725
14732
14737
14743
14748
14755
14760
14767
14772
14778
14783
14790
14795
14802
14807
14814
14818
14825
14830
14837
14842
14849
14853
14860
14865
14872
14877
14884
14888
14895
14900
14907
14912
14919
14923
14930
14935
14942
14947
14954
14959
14965
14970
14977
14982
14989
14994
15000
15005
15012
15017
15024
15029
15035
15040
15047
15052
15059
15064
15070
15075
15082
15087
15094
15099
15105
15110
15117
15122
15129
15134
15141
15145
15152
15157
15164
15169
15176
15180
15187
15192
15199
15204
15211
15215
15222
15227
15234
15239
15246
15250
15257
15262
15269
15274
15281
15286
15292
15297
15304
15309
15316
15321
15327
15332
15339
15344
15351
15356
15362
15367
15374
15379
15386
15391
15397
15402
15409
15414
15421
15426
15432
15437
15444
15449
15456
15461
15468
15472
15479
15485
15490
15497
15501
15508
15513
15519
15524
15531
15536
15542
15547
15554
15559
15564
15571
15576
15582
15587
15594
15599
15604
15611
15616
15622
15627
15634
15639
15644
15651
15656
15662
15667
15674
15679
15684
15691
15696
15702
15707
15714
15719
15724
15731
15736
15742
15747
15754
15759
15764
15771
15776
15782
15787
15794
15799
15804
15811
15816
15822
15827
15834
15839
15844
15851
15856
15862
15867
15874
15879
15884
15891
15896
15902
15907
15914
15919
15924
15931
15936
15942
15947
15954
15959
15964
15971
15976
15982
15987
15994
15999
16004
16011
16016
16022
16027
16034
16039
16044
16051
16056
16062
16067
16074
16079
16084
16091
16096
16102
16107
16114
16119
16124
16131
16136
16142
16147
16154
16159
16164
16171
16176
16182
16187
16194
16199
16204
16211
16216
16222
16227
16234
16239
16244
16251
16256
16262
16267
16274
16279
16284
16291
16296
16302
16307
16314
16319
16326
16330
16337
16342
16349
16354
16360
16365
16372
16377
16384
16389
16395
16400
16407
16412
16419
16423
16430
16435
16442
16447
16454
16458
16465
16470
16477
16482
16488
16493
16500
16505
16512
16517
16523
16528
16535
16540
16547
16551
16558
16563
16570
16575
16582
16586
16593
16598
16605
16610
16616
16621
16628
16633
16640
16645
16651
16656
16663
16668
16675
16679
16686
16691
16698
16703
16709
16714
16721
16726
16733
16738
16744
16749
16756
16761
16768
16772
16779
16784
16791
16796
16803
16807
16814
16819
16826
16831
16837
16842
16849
16854
16861
16866
16872
16877
16884
16889
16896
16900
16907
16912
16919
16924
16931
16935
16942
16947
16954
16959
16965
16970
16977
16982
16989
16994
17000
17005
17012
17017
17024
17028
17035
17040
17047
17052
17058
17063
17070
17075
17082
17087
17093
17098
17105
17110
17117
17123
17128
17135
17139
17146
17151
17157
17162
17169
17173
17180
17185
17191
17196
17203
17208
17214
17219
17226
17230
17237
17242
17248
17253
17260
17264
17271
17276
17283
17287
17294
17299
17305
17310
17317
17321
17328
17333
17339
17344
17351
17355
17362
17367
17374
17378
17385
17390
17396
17401
17408
17412
17419
17424
17430
17435
17442
17447
17453
17458
17465
17469
17476
17481
17487
17492
17499
17503
17510
17515
17521
17526
17533
17538
17544
17549
17556
17560
17567
17572
17578
17583
17590
17594
17601
17606
17613
17617
17624
17629
17635
17640
17647
17651
17658
17663
17669
17674
17681
17685
17692
17697
17704
17708
17715
17720
17726
17731
17738
17742
17749
17754
17760
17765
17772
17777
17783
17788
17795
17799
17806
17811
17817
17822
17829
17833
17840
17845
17851
17856
17863
17868
17874
17879
17886
17890
17897
17902
17908
17913
17920
17924
17931
17937
17942
17948
17953
17959
17964
17971
17975
17982
17986
17993
17997
18004
18009
18015
18020
18026
18031
18037
18042
18049
18053
18060
18064
18071
18075
18082
18087
18093
18098
18104
18109
18116
18120
18127
18131
18138
18142
18149
18154
18160
18165
18171
18176
18182
18187
18194
18198
18205
18209
18216
18220
18227
18232
18238
18243
18249
18254
18260
18265
18272
18276
18283
18287
18294
18299
18305
18310
18316
18321
18327
18332
18339
18343
18350
18354
18361
18365
18372
18377
18383
18388
18394
18399
18405
18410
18417
18421
18428
18432
18439
18444
18450
18455
18461
18466
18472
18477
18484
18488
18495
18499
18506
18510
18517
18522
18528
18533
18539
18544
18550
18555
18562
18566
18573
18577
18584
18588
18595
18600
18606
18611
18617
18622
18629
18633
18640
18644
18651
18655
18662
18667
18673
18678
18684
18689
18695
18700
18707
18711
18718
18722
18729
18733
18740
18745
18751
18757
18762
18769
18774
18780
18785
18792
18797
18803
18808
18815
18820
18827
18831
18838
18843
18850
18854
18861
18866
18873
18878
18884
18889
18896
18901
18907
18912
18919
18924
18931
18935
18942
18947
18954
18958
18965
18970
18977
18982
18988
18993
19000
19005
19011
19016
19023
19028
19035
19039
19046
19051
19058
19062
19069
19074
19081
19086
19092
19097
19104
19109
19115
19120
19127
19132
19139
19143
19150
19155
19162
19166
19173
19178
19185
19190
19196
19201
19208
19213
19219
19224
19231
19236
19243
19247
19254
19259
19266
19270
19277
19282
19289
19294
19300
19305
19312
19317
19323
19328
19335
19340
19347
19351
19358
19363
19370
19374
19381
19386
19393
19398
19404
19409
19416
19421
19427
19432
19439
19444
19451
19455
19462
19467
19474
19478
19485
19490
19497
19502
19508
19513
19520
19525
19531
19536
19543
19548
19555
19559
19566
19571
19578
19582
19589
19595
19600
19606
19611
19617
19622
19628
19633
19639
19644
19651
19655
19662
19666
19673
19677
19684
19689
19694
19701
19705
19712
19716
19723
19727
19734
19739
19744
19751
19755
19762
19766
19773
19777
19784
19789
19794
19801
19805
19812
19816
19823
19827
19834
19839
19844
19851
19855
19862
19866
19873
19877
19884
19889
19894
19901
19905
19912
19916
19923
19927
19934
19939
19944
19951
19955
19962
19966
19973
19977
19984
19989
19994
20001
20005
20012
20016
20023
20027
20034
20039
20044
20051
20055
20062
20066
20073
20077
20084
20089
20094
20101
20105
20112
20116
20123
20127
20134
20139
20144
20151
20155
20162
20166
20173
20177
20184
20189
20194
20201
20205
20212
20216
20223
20227
20234
20239
20244
20251
20255
20262
20266
20273
20277
20284
20289
20294
20301
20305
20312
20316
20323
20327
20334
20339
20344
20351
20355
20362
20366
20373
20377
20384
20389
20394
20401
20405
20412
20416
20422
20427
20434
20438
20445
20450
20456
20461
20468
20472
20479
20484
20490
20495
20502
20506
20513
20518
20524
20529
20536
20541
20546
20553
20558
20564
20569
20576
20580
20587
20592
20598
20603
20610
20614
20621
20626
20632
20637
20644
20648
20655
20660
20666
20671
20678
20683
20689
20694
20701
20705
20712
20717
20723
20728
20735
20739
20746
20751
20757
20762
20769
20773
20780
20785
20791
20796
20803
20808
20814
20819
20826
20830
20837
20842
20848
20853
20860
20864
20871
20876
20882
20887
20894
20898
20905
20910
20916
20921
20928
20933
20939
20944
20951
20955
20962
20967
20973
20978
20985
20989
20996
21001
21007
21012
21019
21023
21030
21035
21041
21046
21053
21058
21064
21069
21076
21080
21087
21092
21098
21103
21110
21114
21121
21126
21132
21137
21144
21148
21155
21160
21166
21171
21178
21183
21189
21194
21201
21205
21212
21217
21223
21228
21235
21239
21246
21252
21257
21264
21268
21275
21280
21286
21291
21298
21302
21309
21314
21320
21325
21332
21336
21343
21348
21354
21359
21366
21370
21377
21382
21388
21393
21400
21404
21411
21416
21422
21427
21434
21438
21445
21450
21456
21461
21468
21472
21479
21484
21490
21495
21502
21506
21513
21518
21524
21529
21536
21540
21547
21552
21558
21563
21570
21574
21581
21586
21592
21597
21604
21608
21615
21620
21626
21631
21638
21642
21649
21654
21660
21665
21672
21676
21683
21688
21694
21699
21706
21710
21717
21722
21728
21733
21740
21744
21751
21756
21762
21767
21774
21778
21785
21790
21796
21801
21808
21812
21819
21824
21830
21835
21842
21846
21853
21858
21864
21869
21876
21880
21887
21892
21898
21903
21910
21914
21921
21926
21932
21937
21944
21948
21955
21960
21966
21971
21978
21982
21989
21994
22000
22005
22012
22016
22023
22028
22034
22039
22046
22050
22056
22061
22068
22073
22080
22084
22091
22096
22103
22108
22115
22119
22126
22131
22138
22143
22149
22154
22161
22166
22173
22178
22184
22189
22196
22201
22208
22212
22219
22224
22231
22236
22243
22247
22254
22259
22266
22271
22277
22282
22289
22294
22301
22306
22312
22317
22324
22329
22336
22340
22347
22352
22359
22364
22371
22375
22382
22387
22394
22399
22405
22410
22417
22422
22429
22434
22440
22445
22452
22457
22464
22469
22475
22480
22487
22492
22499
22503
22510
22515
22522
22527
22534
22538
22545
22550
22557
22562
22568
22573
22580
22585
22592
22597
22603
22608
22615
22620
22627
22631
22638
22643
22650
22655
22662
22666
22673
22678
22685
22690
22696
22701
22708
22713
22720
22725
22731
22736
22743
22748
22755
22759
22766
22771
22778
22783
22790
22794
22801
22806
22813
22818
22825
22829
22836
22841
22848
22853
22859
22864
22871
22876
22883
22887
22894
22899
22906
22911
22917
22922
22929
22934
22941
22946
22952
22957
22964
22969
22976
22980
22987
22992
22999
23004
23010
23015
23022
23027
23034
23039
23045
23050
23057
23062
23069
23073
23080
23085
23092
23097
23103
23108
23115
23120
23127
23132
23138
23143
23150
23155
23162
23166
23173
23178
23185
23190
23197
23201
23208
23213
23220
23225
23231
23236
23243
23248
23255
23259
23266
23271
23278
23283
23290
23294
23301
23306
23313
23318
23324
23329
23336
23341
23348
23353
23358
23365
23370
23377
23382
23388
23393
23400
23405
23412
23416
23423
23428
23435
23440
23447
23451
23458
23463
23470
23475
23481
23486
23493
23498
23505
23509
23516
23521
23528
23533
23540
23544
23551
23556
23563
23568
23574
23579
23586
23591
23598
23603
23608
23615
23620
23627
23632
23638
23643
23650
23656
23661
23668
23673
23679
23684
23691
23696
23703
23707
23714
23719
23726
23731
23737
23742
23749
23754
23760
23765
23772
23777
23784
23788
23795
23800
23807
23812
23818
23823
23830
23835
23842
23846
23853
23858
23865
23869
23876
23881
23888
23893
23899
23904
23911
23916
23923
23927
23934
23939
23946
23951
23957
23962
23969
23974
23980
23985
23992
23997
24004
24008
24015
24020
24027
24032
24038
24043
24050
24055
24061
24066
24073
24078
24085
24089
24096
24101
24108
24113
24119
24124
24131
24136
24143
24147
24154
24159
24166
24170
24177
24182
24189
24194
24200
24205
24212
24217
24224
24228
24235
24240
24247
24252
24258
24263
24270
24275
24281
24286
24293
24298
24305
24309
24316
24321
24328
24333
24339
24344
24351
24356
24363
24367
24374
24379
24386
24390
24397
24402
24409
24414
24420
24425
24432
24437
24444
24448
24454
24459
24465
24470
24476
24481
24487
24492
24499
24503
24510
24514
24521
24525
24532
24536
24543
24548
24554
24559
24565
24570
24576
24581
24588
24592
24599
24603
24610
24614
24621
24625
24632
24637
24643
24648
24654
24659
24665
24670
24676
24681
24688
24692
24699
24703
24710
24714
24721
24726
24732
24737
24743
24748
24754
24759
24765
24770
24777
24781
24788
24792
24799
24803
24810
24815
24821
24826
24832
24837
24843
24848
24854
24859
24866
24870
24877
24881
24888
24892
24899
24903
24910
24915
24921
24926
24932
24937
24943
24948
24955
24959
24966
24970
24977
24981
24988
24992
24999
25004
25010
25015
25021
25026
25032
25037
25043
25048
25055
25059
25066
25070
25077
25081
25088
25093
25099
25104
25110
25115
25121
25126
25132
25137
25144
25148
25155
25159
25166
25170
25177
25182
25188
25193
25199
25204
25210
25215
25221
25226
25233
25237
25244
25248
25255
25261
25266
25273
25278
25285
25290
25296
25301
25308
25313
25320
25325
25331
25336
25343
25348
25355
25360
25366
25371
25378
25383
25390
25395
25401
25406
25413
25418
25425
25430
25437
25441
25448
25453
25460
25465
25472
25476
25483
25488
25495
25500
25507
25511
25518
25523
25530
25535
25542
25546
25553
25558
25565
25570
25577
25582
25588
25593
25600
25605
25612
25617
25623
25628
25635
25640
25647
25652
25658
25663
25670
25675
25682
25687
25693
25698
25705
25710
25717
25722
25728
25733
25740
25745
25752
25757
25764
25768
25775
25780
25787
25792
25799
25803
25810
25815
25822
25827
25834
25838
25845
25850
25857
25862
25869
25873
25880
25885
25892
25897
25904
25909
25915
25920
25927
25932
25939
25944
25950
25955
25962
25967
25974
25979
25985
25990
25997
26002
26009
26014
26020
26025
26032
26037
26044
26049
26055
26060
26067
26072
26079
26084
26091
26095
26102
26108
26113
26120
26124
26131
26136
26142
26147
26154
26159
26165
26170
26177
26182
26187
26194
26199
26205
26210
26217
26222
26227
26234
26239
26245
26250
26257
26262
26267
26274
26279
26285
26290
26297
26302
26307
26314
26319
26325
26330
26337
26342
26347
26354
26359
26365
26370
26377
26382
26387
26394
26399
26405
26410
26417
26422
26427
26434
26439
26445
26450
26457
26462
26467
26474
26479
26485
26490
26497
26502
26507
26514
26519
26525
26530
26537
26542
26547
26554
26559
26565
26570
26577
26582
26587
26594
26599
26605
26610
26617
26622
26627
26634
26639
26645
26650
26657
26662
26667
26674
26679
26685
26690
26697
26702
26707
26714
26719
26725
26730
26737
26742
26747
26754
26759
26765
26770
26777
26782
26787
26794
26799
26805
26810
26817
26822
26827
26834
26839
26845
26850
26857
26862
26867
26874
26879
26885
26890
26897
26902
26907
26914
26919
26925
26930
26937
26942
26949
26953
26960
26965
26972
26977
26983
26988
26995
27000
27007
27012
27018
27023
27030
27035
27042
27046
27053
27058
27065
27070
27077
27081
27088
27093
27100
27105
27111
27116
27123
27128
27135
27140
27146
27151
27158
27163
27170
27174
27181
27186
27193
27198
27205
27209
27216
27221
27228
27233
27239
27244
27251
27256
27263
27268
27274
27279
27286
27291
27298
27302
27309
27314
27321
27326
27332
27337
27344
27349
27356
27361
27367
27372
27379
27384
27391
27395
27402
27407
27414
27419
27426
27430
27437
27442
27449
27454
27460
27465
27472
27477
27484
27489
27495
27500
27507
27512
27519
27523
27530
27535
27542
27547
27554
27558
27565
27570
27577
27582
27588
27593
27600
27605
27612
27617
27623
27628
27635
27640
27647
27651
27658
27663
27670
27675
27681
27686
27693
27698
27705
27710
27716
27721
27728
27733
27740
27746
27751
27758
27762
27769
27774
27780
27785
27792
27796
27803
27808
27814
27819
27826
27831
27837
27842
27849
27853
27860
27865
27871
27876
27883
27887
27894
27899
27906
27910
27917
27922
27928
27933
27940
27944
27951
27956
27962
27967
27974
27978
27985
27990
27997
28001
28008
28013
28019
28024
28031
28035
28042
28047
28053
28058
28065
28070
28076
28081
28088
28092
28099
28104
28110
28115
28122
28126
28133
28138
28144
28149
28156
28161
28167
28172
28179
28183
28190
28195
28201
28206
28213
28217
28224
28229
28236
28240
28247
28252
28258
28263
28270
28274
28281
28286
28292
28297
28304
28308
28315
28320
28327
28331
28338
28343
28349
28354
28361
28365
28372
28377
28383
28388
28395
28400
28406
28411
28418
28422
28429
28434
28440
28445
28452
28456
28463
28468
28474
28479
28486
28491
28497
28502
28509
28513
28520
28525
28531
28536
28543
28547
28554
28560
28565
28571
28576
28582
28587
28594
28598
28605
28609
28616
28620
28627
28632
28638
28643
28649
28654
28660
28665
28672
28676
28683
28687
28694
28698
28705
28710
28716
28721
28727
28732
28739
28743
28750
28754
28761
28765
28772
28777
28783
28788
28794
28799
28805
28810
28817
28821
28828
28832
28839
28843
28850
28855
28861
28866
28872
28877
28883
28888
28895
28899
28906
28910
28917
28922
28928
28933
28939
28944
28950
28955
28962
28966
28973
28977
28984
28988
28995
29000
29006
29011
29017
29022
29028
29033
29040
29044
29051
29055
29062
29067
29073
29078
29084
29089
29095
29100
29107
29111
29118
29122
29129
29133
29140
29145
29151
29156
29162
29167
29173
29178
29185
29189
29196
29200
29207
29211
29218
29223
29229
29234
29240
29245
29252
29256
29263
29267
29274
29278
29285
29290
29296
29301
29307
29312
29318
29323
29330
29334
29341
29345
29352
29356
29363
29368
29374
29380
29385
29392
29397
29403
29408
29415
29420
29426
29431
29438
29443
29450
29454
29461
29466
29473
29477
29484
29489
29496
29501
29507
29512
29519
29524
29530
29535
29542
29547
29554
29558
29565
29570
29577
29581
29588
29593
29600
29605
29611
29616
29623
29628
29634
29639
29646
29651
29658
29662
29669
29674
29681
29685
29692
29697
29704
29709
29715
29720
29727
29732
29738
29743
29750
29755
29762
29766
29773
29778
29785
29789
29796
29801
29808
29813
29819
29824
29831
29836
29842
29847
29854
29859
29866
29870
29877
29882
29889
29893
29900
29905
29912
29917
29923
29928
29935
29940
29946
29951
29958
29963
29970
29974
29981
29986
29993
29997
30004
30009
30016
30021
30027
30032
30039
30044
30050
30055
30062
30067
30074
30078
30085
30090
30097
30101
30108
30113
30120
30125
30131
30136
30143
30148
30154
30159
30166
30171
30178
30182
30189
30194
30201
30205
30212
30218
30223
30229
30234
30240
30245
30251
30256
30262
30267
30274
30278
30285
30289
30296
30300
30307
30312
30317
30324
30328
30335
30339
30346
30350
30357
30362
30367
30374
30378
30385
30389
30396
30400
30407
30412
30417
30424
30428
30435
30439
30446
30450
30457
30462
30467
30474
30478
30485
30489
30496
30500
30507
30512
30517
30524
30528
30535
30539
30546
30550
30557
30562
30567
30574
30578
30585
30589
30596
30600
30607
30612
30617
30624
30628
30635
30639
30646
30650
30657
30662
30667
30674
30678
30685
30689
30696
30700
30707
30712
30717
30724
30728
30735
30739
30746
30750
30757
30762
30767
30774
30778
30785
30789
30796
30800
30807
30812
30817
30824
30828
30835
30839
30846
30850
30857
30862
30867
30874
30878
30885
30889
30896
30900
30907
30912
30917
30924
30928
30935
30939
30946
30950
30957
30962
30967
30974
30978
30985
30989
30996
31000
31007
31012
31017
31024
31028
31035
31039
31045
31050
31057
31061
31068
31073
31079
31084
31091
31095
31102
31107
31113
31118
31125
31129
31136
31141
31147
31152
31159
31164
31169
31176
31181
31187
31192
31199
31203
31210
31215
31221
31226
31233
31237
31244
31249
31255
31260
31267
31271
31278
31283
31289
31294
31301
31306
31312
31317
31324
31328
31335
31340
31346
31351
31358
31362
31369
31374
31380
31385
31392
31396
31403
31408
31414
31419
31426
31431
31437
31442
31449
31453
31460
31465
31471
31476
31483
31487
31494
31499
31505
31510
31517
31521
31528
31533
31539
31544
31551
31556
31562
31567
31574
31578
31585
31590
31596
31601
31608
31612
31619
31624
31630
31635
31642
31646
31653
31658
31664
31669
31676
31681
31687
31692
31699
31703
31710
31715
31721
31726
31733
31737
31744
31749
31755
31760
31767
31771
31778
31783
31789
31794
31801
31806
31812
31817
31824
31828
31835
31840
31846
31851
31858
31862
31869
31875
31880
31887
31891
31898
31903
31909
31914
31921
31925
31932
31937
31943
31948
31955
31959
31966
31971
31977
31982
31989
31993
32000
32005
32011
32016
32023
32027
32034
32039
32045
32050
32057
32061
32068
32073
32079
32084
32091
32095
32102
32107
32113
32118
32125
32129
32136
32141
32147
32152
32159
32163
32170
32175
32181
32186
32193
32197
32204
32209
32215
32220
32227
32231
32238
32243
32249
32254
32261
32265
32272
32277
32283
32288
32295
32299
32306
32311
32317
32322
32329
32333
32340
32345
32351
32356
32363
32367
32374
32379
32385
32390
32397
32401
32408
32413
32419
32424
32431
32435
32442
32447
32453
32458
32465
32469
32476
32481
32487
32492
32499
32503
32510
32515
32521
32526
32533
32537
32544
32549
32555
32560
32567
32571
32578
32583
32589
32594
32601
32605
32612
32617
32623
32628
32635
32639
32646
32651
32657
32662
32669
32673
32679
32684
32691
32696
32703
32707
32714
32719
32726
32731
32738
32742
32749
32754
32761
32766
32772
32777
32784
32789
32796
32801
32807
32812
32819
32824
32831
32835
32842
32847
32854
32859
32866
32870
32877
32882
32889
32894
32900
32905
32912
32917
32924
32929
32935
32940
32947
32952
32959
32963
32970
32975
32982
32987
32994
32998
33005
33010
33017
33022
33028
33033
33040
33045
33052
33057
33063
33068
33075
33080
33087
33092
33098
33103
33110
33115
33122
33126
33133
33138
33145
33150
33157
33161
33168
33173
33180
33185
33191
33196
33203
33208
33215
33220
33226
33231
33238
33243
33250
33254
33261
33266
33273
33278
33285
33289
33296
33301
33308
33313
33319
33324
33331
33336
33343
33348
33354
33359
33366
33371
33378
33382
33389
33394
33401
33406
33413
33417
33424
33429
33436
33441
33448
33452
33459
33464
33471
33476
33482
33487
33494
33499
33506
33510
33517
33522
33529
33534
33540
33545
33552
33557
33564
33569
33575
33580
33587
33592
33599
33603
33610
33615
33622
33627
33633
33638
33645
33650
33657
33662
33668
33673
33680
33685
33692
33696
33703
33708
33715
33720
33726
33731
33738
33743
33750
33755
33761
33766
33773
33778
33785
33789
33796
33801
33808
33813
33820
33824
33831
33836
33843
33848
33854
33859
33866
33871
33878
33882
33889
33894
33901
33906
33913
33917
33924
33929
33936
33941
33947
33952
33959
33964
33971
33976
33981
33988
33993
34000
34005
34011
34016
34023
34028
34035
34039
34046
34051
34058
34063
34070
34074
34081
34086
34093
34098
34104
34109
34116
34121
34128
34132
34139
34144
34151
34156
34163
34167
34174
34179
34186
34191
34197
34202
34209
34214
34221
34226
34231
34238
34243
34250
34255
34261
34266
34273
34279
34284
34291
34296
34302
34307
34314
34319
34326
34330
34337
34342
34349
34354
34360
34365
34372
34377
34383
34388
34395
34400
34407
34411
34418
34423
34430
34435
34441
34446
34453
34458
34465
34469
34476
34481
34488
34492
34499
34504
34511
34516
34522
34527
34534
34539
34546
34550
34557
34562
34569
34574
34580
34585
34592
34597
34603
34608
34615
34620
34627
34631
34638
34643
34650
34655
34661
34666
34673
34678
34684
34689
34696
34701
34708
34712
34719
34724
34731
34736
34742
34747
34754
34759
34766
34770
34777
34782
34789
34793
34800
34805
34812
34817
34823
34828
34835
34840
34847
34851
34858
34863
34870
34875
34881
34886
34893
34898
34904
34909
34916
34921
34928
34932
34939
34944
34951
34956
34962
34967
34974
34979
34986
34990
34997
35002
35009
35013
35020
35025
35032
35037
35043
35048
35055
35060
35067
35071
35077
35082
35088
35093
35099
35104
35110
35115
35122
35126
35133
35137
35144
35148
35155
35159
35166
35171
35177
35182
35188
35193
35199
35204
35211
35215
35222
35226
35233
35237
35244
35248
35255
35260
35266
35271
35277
35282
35288
35293
35299
35304
35311
35315
35322
35326
35333
35337
35344
35349
35355
35360
35366
35371
35377
35382
35388
35393
35400
35404
35411
35415
35422
35426
35433
35438
35444
35449
35455
35460
35466
35471
35477
35482
35489
35493
35500
35504
35511
35515
35522
35526
35533
35538
35544
35549
35555
35560
35566
35571
35578
35582
35589
35593
35600
35604
35611
35615
35622
35627
35633
35638
35644
35649
35655
35660
35666
35671
35678
35682
35689
35693
35700
35704
35711
35716
35722
35727
35733
35738
35744
35749
35755
35760
35767
35771
35778
35782
35789
35793
35800
35805
35811
35816
35822
35827
35833
35838
35844
35849
35856
35860
35867
35871
35878
35884
35889
35896
35901
35908
35913
35919
35924
35931
35936
35943
35948
35954
35959
35966
35971
35978
35983
35989
35994
36001
36006
36013
36018
36024
36029
36036
36041
36048
36053
36060
36064
36071
36076
36083
36088
36095
36099
36106
36111
36118
36123
36130
36134
36141
36146
36153
36158
36165
36169
36176
36181
36188
36193
36200
36205
36211
36216
36223
36228
36235
36240
36246
36251
36258
36263
36270
36275
36281
36286
36293
36298
36305
36310
36316
36321
36328
36333
36340
36345
36351
36356
36363
36368
36375
36380
36387
36391
36398
36403
36410
36415
36422
36426
36433
36438
36445
36450
36457
36461
36468
36473
36480
36485
36492
36496
36503
36508
36515
36520
36527
36532
36538
36543
36550
36555
36562
36567
36573
36578
36585
36590
36597
36602
36608
36613
36620
36625
36632
36637
36643
36648
36655
36660
36667
36672
36678
36683
36690
36695
36702
36707
36714
36718
36725
36731
36736
36743
36747
36754
36759
36765
36770
36777
36782
36788
36793
36800
36805
36810
36817
36822
36828
36833
36840
36845
36850
36857
36862
36868
36873
36880
36885
36890
36897
36902
36908
36913
36920
36925
36930
36937
36942
36948
36953
36960
36965
36970
36977
36982
36988
36993
37000
37005
37010
37017
37022
37028
37033
37040
37045
37050
37057
37062
37068
37073
37080
37085
37090
37097
37102
37108
37113
37120
37125
37130
37137
37142
37148
37153
37160
37165
37170
37177
37182
37188
37193
37200
37205
37210
37217
37222
37228
37233
37240
37245
37250
37257
37262
37268
37273
37280
37285
37290
37297
37302
37308
37313
37320
37325
37330
37337
37342
37348
37353
37360
37365
37370
37377
37382
37388
37393
37400
37405
37410
37417
37422
37428
37433
37440
37445
37450
37457
37462
37468
37473
37480
37485
37490
37497
37502
37508
37513
37520
37525
37530
37537
37542
37548
37553
37560
37565
37572
37576
37583
37588
37595
37600
37606
37611
37618
37623
37630
37635
37641
37646
37653
37658
37665
37669
37676
37681
37688
37693
37700
37704
37711
37716
37723
37728
37734
37739
37746
37751
37758
37763
37769
37774
37781
37786
37793
37797
37804
37809
37816
37821
37828
37832
37839
37844
37851
37856
37862
37867
37874
37879
37886
37891
37897
37902
37909
37914
37921
37925
37932
37937
37944
37949
37955
37960
37967
37972
37979
37984
37990
37995
38002
38007
38014
38018
38025
38030
38037
38042
38049
38053
38060
38065
38072
38077
38083
38088
38095
38100
38107
38112
38118
38123
38130
38135
38142
38146
38153
38158
38165
38170
38177
38181
38188
38193
38200
38205
38211
38216
38223
38228
38235
38240
38246
38251
38258
38263
38270
38274
38281
38286
38293
38298
38304
38309
38316
38321
38328
38333
38339
38344
38351
38356
38363
38369
38374
38381
38385
38392
38397
38403
38408
38415
38419
38426
38431
38437
38442
38449
38454
38460
38465
38472
38476
38483
38488
38494
38499
38506
38510
38517
38522
38529
38533
38540
38545
38551
38556
38563
38567
38574
38579
38585
38590
38597
38601
38608
38613
38620
38624
38631
38636
38642
38647
38654
38658
38665
38670
38676
38681
38688
38693
38699
38704
38711
38715
38722
38727
38733
38738
38745
38749
38756
38761
38767
38772
38779
38784
38790
38795
38802
38806
38813
38818
38824
38829
38836
38840
38847
38852
38859
38863
38870
38875
38881
38886
38893
38897
38904
38909
38915
38920
38927
38931
38938
38943
38950
38954
38961
38966
38972
38977
38984
38988
38995
39000
39006
39011
39018
39023
39029
39034
39041
39045
39052
39057
39063
39068
39075
39079
39086
39091
39097
39102
39109
39114
39120
39125
39132
39136
39143
39148
39154
39159
39166
39170
39177
39183
39188
39194
39199
39205
39210
39217
39221
39228
39232
39239
39243
39250
39255
39261
39266
39272
39277
39283
39288
39295
39299
39306
39310
39317
39321
39328
39333
39339
39344
39350
39355
39362
39366
39373
39377
39384
39388
39395
39400
39406
39411
39417
39422
39428
39433
39440
39444
39451
39455
39462
39466
39473
39478
39484
39489
39495
39500
39506
39511
39518
39522
39529
39533
39540
39545
39551
39556
39562
39567
39573
39578
39585
39589
39596
39600
39607
39611
39618
39623
39629
39634
39640
39645
39651
39656
39663
39667
39674
39678
39685
39690
39696
39701
39707
39712
39718
39723
39730
39734
39741
39745
39752
39756
39763
39768
39774
39779
39785
39790
39796
39801
39808
39812
39819
39823
39830
39834
39841
39846
39852
39857
39863
39868
39875
39879
39886
39890
39897
39901
39908
39913
39919
39924
39930
39935
39941
39946
39953
39957
39964
39968
39975
39979
39986
39991
39997
40003
40008
40015
40020
40026
40031
40038
40043
40049
40054
40061
40066
40073
40077
40084
40089
40096
40100
40107
40112
40119
40124
40130
40135
40142
40147
40153
40158
40165
40170
40177
40181
40188
40193
40200
40204
40211
40216
40223
40228
40234
40239
40246
40251
40257
40262
40269
40274
40281
40285
40292
40297
40304
40308
40315
40320
40327
40332
40338
40343
40350
40355
40361
40366
40373
40378
40385
40389
40396
40401
40408
40412
40419
40424
40431
40436
40442
40447
40454
40459
40465
40470
40477
40482
40489
40493
40500
40505
40512
40516
40523
40528
40535
40540
40546
40551
40558
40563
40569
40574
40581
40586
40593
40597
40604
40609
40616
40620
40627
40632
40639
40644
40650
40655
40662
40667
40673
40678
40685
40690
40697
40701
40708
40713
40720
40724
40731
40736
40743
40748
40754
40759
40766
40771
40777
40782
40789
40794
40801
40805
40812
40817
40824
40828
40835
40841
40846
40852
40857
40863
40868
40874
40879
40885
40890
40897
40901
40908
40912
40919
40923
40930
40935
40940
40947
40951
40958
40962
40969
40973
40980
40985
40990
40997
41001
41008
41012
41019
41023
41030
41035
41040
41047
41051
41058
41062
41069
41073
41080
41085
41090
41097
41101
41108
41112
41119
41123
41130
41135
41140
41147
41151
41158
41162
41169
41173
41180
41185
41190
41197
41201
41208
41212
41219
41223
41230
41235
41240
41247
41251
41258
41262
41269
41273
41280
41285
41290
41297
41301
41308
41312
41319
41323
41330
41335
41340
41347
41351
41358
41362
41369
41373
41380
41385
41390
41397
41401
41408
41412
41419
41423
41430
41435
41440
41447
41451
41458
41462
41469
41473
41480
41485
41490
41497
41501
41508
41512
41519
41523
41530
41535
41540
41547
41551
41558
41562
41569
41573
41580
41585
41590
41597
41601
41608
41612
41619
41623
41630
41635
41640
41647
41651
41658
41662
41668
41673
41680
41684
41691
41696
41702
41707
41714
41718
41725
41730
41736
41741
41748
41752
41759
41764
41770
41775
41782
41787
41792
41799
41804
41810
41815
41822
41826
41833
41838
41844
41849
41856
41860
41867
41872
41878
41883
41890
41894
41901
41906
41912
41917
41924
41929
41935
41940
41947
41951
41958
41963
41969
41974
41981
41985
41992
41997
42003
42008
42015
42019
42026
42031
42037
42042
42049
42054
42060
42065
42072
42076
42083
42088
42094
42099
42106
42110
42117
42122
42128
42133
42140
42144
42151
42156
42162
42167
42174
42179
42185
42190
42197
42201
42208
42213
42219
42224
42231
42235
42242
42247
42253
42258
42265
42269
42276
42281
42287
42292
42299
42304
42310
42315
42322
42326
42333
42338
42344
42349
42356
42360
42367
42372
42378
42383
42390
42394
42401
42406
42412
42417
42424
42429
42435
42440
42447
42451
42458
42463
42469
42474
42481
42485
42492
42498
42503
42510
42514
42521
42526
42532
42537
42544
42548
42555
42560
42566
42571
42578
42582
42589
42594
42600
42605
42612
42616
42623
42628
42634
42639
42646
42650
42657
42662
42668
42673
42680
42684
42691
42696
42702
42707
42714
42718
42725
42730
42736
42741
42748
42752
42759
42764
42770
42775
42782
42786
42793
42798
42804
42809
42816
42820
42827
42832
42838
42843
42850
42854
42861
42866
42872
42877
42884
42888
42895
42900
42906
42911
42918
42922
42929
42934
42940
42945
42952
42956
42963
42968
42974
42979
42986
42990
42997
43002
43008
43013
43020
43024
43031
43036
43042
43047
43054
43058
43065
43070
43076
43081
43088
43092
43099
43104
43110
43115
43122
43126
43133
43138
43144
43149
43156
43160
43167
43172
43178
43183
43190
43194
43201
43206
43212
43217
43224
43228
43235
43240
43246
43251
43258
43262
43269
43274
43280
43285
43292
43296
43302
43307
43314
43319
43326
43330
43337
43342
43349
43354
43361
43365
43372
43377
43384
43389
43395
43400
43407
43412
43419
43424
43430
43435
43442
43447
43454
43458
43465
43470
43477
43482
43489
43493
43500
43505
43512
43517
43523
43528
43535
43540
43547
43552
43558
43563
43570
43575
43582
43586
43593
43598
43605
43610
43617
43621
43628
43633
43640
43645
43651
43656
43663
43668
43675
43680
43686
43691
43698
43703
43710
43715
43721
43726
43733
43738
43745
43749
43756
43761
43768
43773
43780
43784
43791
43796
43803
43808
43814
43819
43826
43831
43838
43843
43849
43854
43861
43866
43873
43877
43884
43889
43896
43901
43908
43912
43919
43924
43931
43936
43942
43947
43954
43959
43966
43971
43977
43982
43989
43994
44001
44005
44012
44017
44024
44029
44036
44040
44047
44052
44059
44064
44071
44075
44082
44087
44094
44099
44105
44110
44117
44122
44129
44133
44140
44145
44152
44157
44163
44168
44175
44180
44187
44192
44198
44203
44210
44215
44222
44226
44233
44238
44245
44250
44256
44261
44268
44273
44280
44285
44291
44296
44303
44308
44315
44319
44326
44331
44338
44343
44349
44354
44361
44366
44373
44378
44384
44389
44396
44401
44408
44412
44419
44424
44431
44436
44443
44447
44454
44459
44466
44471
44477
44482
44489
44494
44501
44505
44512
44517
44524
44529
44536
44540
44547
44552
44559
44564
44570
44575
44582
44587
44594
44599
44604
44611
44616
44623
44628
44634
44639
44646
44651
44658
44662
44669
44674
44681
44686
44693
44697
44704
44709
44716
44721
44727
44732
44739
44744
44751
44755
44762
44767
44774
44779
44786
44790
44797
44802
44809
44814
44820
44825
44832
44837
44844
44849
44854
44861
44866
44873
44878
44884
44889
44896
44902
44907
44914
44919
44925
44930
44937
44942
44949
44953
44960
44965
44972
44977
44983
44988
44995
45000
45006
45011
45018
45023
45030
45034
45041
45046
45053
45058
45064
45069
45076
45081
45088
45092
45099
45104
45111
45115
45122
45127
45134
45139
45145
45150
45157
45162
45169
45173
45180
45185
45192
45197
45203
45208
45215
45220
45226
45231
45238
45243
45250
45254
45261
45266
45273
45278
45284
45289
45296
45301
45307
45312
45319
45324
45331
45335
45342
45347
45354
45359
45365
45370
45377
45382
45389
45393
45400
45405
45412
45416
45423
45428
45435
45440
45446
45451
45458
45463
45470
45474
45481
45486
45493
45498
45504
45509
45516
45521
45527
45532
45539
45544
45551
45555
45562
45567
45574
45579
45585
45590
45597
45602
45609
45613
45620
45625
45632
45636
45643
45648
45655
45660
45666
45671
45678
45683
45690
45694
45700
45705
45711
45716
45722
45727
45733
45738
45745
45749
45756
45760
45767
45771
45778
45782
45789
45794
45800
45805
45811
45816
45822
45827
45834
45838
45845
45849
45856
45860
45867
45871
45878
45883
45889
45894
45900
45905
45911
45916
45922
45927
45934
45938
45945
45949
45956
45960
45967
45972
45978
45983
45989
45994
46000
46005
46011
46016
46023
46027
46034
46038
46045
46049
46056
46061
46067
46072
46078
46083
46089
46094
46100
46105
46112
46116
46123
46127
46134
46138
46145
46149
46156
46161
46167
46172
46178
46183
46189
46194
46201
46205
46212
46216
46223
46227
46234
46238
46245
46250
46256
46261
46267
46272
46278
46283
46289
46294
46301
46305
46312
46316
46323
46327
46334
46339
46345
46350
46356
46361
46367
46372
46378
46383
46390
46394
46401
46405
46412
46416
46423
46428
46434
46439
46445
46450
46456
46461
46467
46472
46479
46483
46490
46494
46501
46507
46512
46519
46524
46531
46536
46542
46547
46554
46559
46566
46571
46577
46582
46589
46594
46601
46606
46612
46617
46624
46629
46636
46641
46647
46652
46659
46664
46671
46676
46683
46687
46694
46699
46706
46711
46718
46722
46729
46734
46741
46746
46753
46757
46764
46769
46776
46781
46788
46792
46799
46804
46811
46816
46823
46828
46834
46839
46846
46851
46858
46863
46869
46874
46881
46886
46893
46898
46904
46909
46916
46921
46928
46933
46939
46944
46951
46956
46963
46968
46974
46979
46986
46991
46998
47003
47010
47014
47021
47026
47033
47038
47045
47049
47056
47061
47068
47073
47080
47084
47091
47096
47103
47108
47115
47119
47126
47131
47138
47143
47150
47155
47161
47166
47173
47178
47185
47190
47196
47201
47208
47213
47220
47225
47231
47236
47243
47248
47255
47260
47266
47271
47278
47283
47290
47295
47301
47306
47313
47318
47325
47330
47337
47341
47348
47354
47359
47366
47370
47377
47382
47388
47393
47400
47405
47411
47416
47423
47428
47433
47440
47445
47451
47456
47463
47468
47473
47480
47485
47491
47496
47503
47508
47513
47520
47525
47531
47536
47543
47548
47553
47560
47565
47571
47576
47583
47588
47593
47600
47605
47611
47616
47623
47628
47633
47640
47645
47651
47656
47663
47668
47673
47680
47685
47691
47696
47703
47708
47713
47720
47725
47731
47736
47743
47748
47753
47760
47765
47771
47776
47783
47788
47793
47800
47805
47811
47816
47823
47828
47833
47840
47845
47851
47856
47863
47868
47873
47880
47885
47891
47896
47903
47908
47913
47920
47925
47931
47936
47943
47948
47953
47960
47965
47971
47976
47983
47988
47993
48000
48005
48011
48016
48023
48028
48033
48040
48045
48051
48056
48063
48068
48073
48080
48085
48091
48096
48103
48108
48113
48120
48125
48131
48136
48143
48148
48153
48160
48165
48171
48176
48183
48188
48195
48199
48206
48211
48218
48223
48229
48234
48241
48246
48253
48258
48264
48269
48276
48281
48288
48292
48299
48304
48311
48316
48323
48327
48334
48339
48346
48351
48357
48362
48369
48374
48381
48386
48392
48397
48404
48409
48416
48420
48427
48432
48439
48444
48451
48455
48462
48467
48474
48479
48485
48490
48497
48502
48509
48514
48520
48525
48532
48537
48544
48548
48555
48560
48567
48572
48578
48583
48590
48595
48602
48607
48613
48618
48625
48630
48637
48641
48648
48653
48660
48665
48672
48676
48683
48688
48695
48700
48706
48711
48718
48723
48730
48735
48741
48746
48753
48758
48765
48769
48776
48781
48788
48793
48800
48804
48811
48816
48823
48828
48834
48839
48846
48851
48858
48863
48869
48874
48881
48886
48893
48897
48904
48909
48916
48921
48927
48932
48939
48944
48951
48956
48962
48967
48974
48979
48986
48992
48997
49004
49008
49015
49020
49026
49031
49038
49042
49049
49054
49060
49065
49072
49077
49083
49088
49095
49099
49106
49111
49117
49122
49129
49133
49140
49145
49152
49156
49163
49168
49174
49179
49186
49190
49197
49202
49208
49213
49220
49224
49231
49236
49243
49247
49254
49259
49265
49270
49277
49281
49288
49293
49299
49304
49311
49316
49322
49327
49334
49338
49345
49350
49356
49361
49368
49372
49379
49384
49390
49395
49402
49407
49413
49418
49425
49429
49436
49441
49447
49452
49459
49463
49470
49475
49482
49486
49493
49498
49504
49509
49516
49520
49527
49532
49538
49543
49550
49554
49561
49566
49573
49577
49584
49589
49595
49600
49607
49611
49618
49623
49629
49634
49641
49646
49652
49657
49664
49668
49675
49680
49686
49691
49698
49702
49709
49714
49720
49725
49732
49737
49743
49748
49755
49759
49766
49771
49777
49782
49789
49793
49800
49806
49811
49817
49822
49828
49833
49840
49844
49851
49855
49862
49866
49873
49878
49884
49889
49895
49900
49906
49911
49918
49922
49929
49933
49940
49944
49951
49956
49962
49967
49973
49978
49985
49989
49996
50000
50007
50011
50018
50023
50029
50034
50040
50045
50051
50056
50063
50067
50074
50078
50085
50089
50096
50101
50107
50112
50118
50123
50129
50134
50141
50145
50152
50156
50163
50168
50174
50179
50185
50190
50196
50201
50208
50212
50219
50223
50230
50234
50241
50246
50252
50257
50263
50268
50274
50279
50286
50290
50297
50301
50308
50313
50319
50324
50330
50335
50341
50346
50353
50357
50364
50368
50375
50379
50386
50391
50397
50402
50408
50413
50419
50424
50431
50435
50442
50446
50453
50457
50464
50469
50475
50480
50486
50491
50498
50502
50509
50513
50520
50524
50531
50536
50542
50547
50553
50558
50564
50569
50576
50580
50587
50591
50598
50602
50609
50614
50620
50626
50631
50638
50643
50649
50654
50661
50666
50672
50677
50684
50689
50696
50700
50707
50712
50719
50723
50730
50735
50742
50747
50753
50758
50765
50770
50776
50781
50788
50793
50800
50804
50811
50816
50823
50827
50834
50839
50846
50851
50857
50862
50869
50874
50880
50885
50892
50897
50904
50908
50915
50920
50927
50931
50938
50943
50950
50955
50961
50966
50973
50978
50984
50989
50996
51001
51008
51012
51019
51024
51031
51035
51042
51047
51054
51059
51065
51070
51077
51082
51088
51093
51100
51105
51112
51116
51123
51128
51135
51139
51146
51151
51158
51163
51169
51174
51181
51186
51192
51197
51204
51209
51216
51220
51227
51232
51239
51243
51250
51255
51262
51267
51273
51278
51285
51290
51296
51301
51308
51313
51320
51324
51331
51336
51343
51347
51354
51359
51366
51371
51377
51382
51389
51394
51400
51405
51412
51417
51424
51428
51435
51440
51447
51451
51458
51464
51469
51475
51480
51486
51491
51497
51502
51508
51513
51520
51524
51531
51535
51542
51546
51553
51558
51563
51570
51574
51581
51585
51592
51596
51603
51608
51613
51620
51624
51631
51635
51642
51646
51653
51658
51663
51670
51674
51681
51685
51692
51696
51703
51708
51713
51720
51724
51731
51735
51742
51746
51753
51758
51763
51770
51774
51781
51785
51792
51796
51803
51808
51813
51820
51824
51831
51835
51842
51846
51853
51858
51863
51870
51874
51881
51885
51892
51896
51903
51908
51913
51920
51924
51931
51935
51942
51946
51953
51958
51963
51970
51974
51981
51985
51992
51996
52003
52008
52013
52020
52024
52031
52035
52042
52046
52053
52058
52063
52070
52074
52081
52085
52092
52096
52103
52108
52113
52120
52124
52131
52135
52142
52146
52153
52158
52163
52170
52174
52181
52185
52192
52196
52203
52208
52213
52220
52224
52231
52235
52242
52246
52253
52258
52263
52270
52274
52281
52285
52291
52296
52303
52307
52314
52319
52325
52330
52337
52341
52348
52353
52359
52364
52371
52375
52382
52387
52393
52398
52405
52410
52415
52422
52427
52433
52438
52445
52449
52456
52461
52467
52472
52479
52483
52490
52495
52501
52506
52513
52517
52524
52529
52535
52540
52547
52552
52558
52563
52570
52574
52581
52586
52592
52597
52604
52608
52615
52620
52626
52631
52638
52642
52649
52654
52660
52665
52672
52677
52683
52688
52695
52699
52706
52711
52717
52722
52729
52733
52740
52745
52751
52756
52763
52767
52774
52779
52785
52790
52797
52802
52808
52813
52820
52824
52831
52836
52842
52847
52854
52858
52865
52870
52876
52881
52888
52892
52899
52904
52910
52915
52922
52927
52933
52938
52945
52949
52956
52961
52967
52972
52979
52983
52990
52995
53001
53006
53013
53017
53024
53029
53035
53040
53047
53052
53058
53063
53070
53074
53081
53086
53092
53097
53104
53108
53115
53121
53126
53133
53137
53144
53149
53155
53160
53167
53171
53178
53183
53189
53194
53201
53205
53212
53217
53223
53228
53235
53239
53246
53251
53257
53262
53269
53273
53280
53285
53291
53296
53303
53307
53314
53319
53325
53330
53337
53341
53348
53353
53359
53364
53371
53375
53382
53387
53393
53398
53405
53409
53416
53421
53427
53432
53439
53443
53450
53455
53461
53466
53473
53477
53484
53489
53495
53500
53507
53511
53518
53523
53529
53534
53541
53545
53552
53557
53563
53568
53575
53579
53586
53591
53597
53602
53609
53613
53620
53625
53631
53636
53643
53647
53654
53659
53665
53670
53677
53681
53688
53693
53699
53704
53711
53715
53722
53727
53733
53738
53745
53749
53756
53761
53767
53772
53779
53783
53790
53795
53801
53806
53813
53817
53824
53829
53835
53840
53847
53851
53858
53863
53869
53874
53881
53885
53892
53897
53903
53908
53915
53919
53925
53930
53937
53942
53949
53953
53960
53965
53972
53977
53984
53988
53995
54000
54007
54012
54018
54023
54030
54035
54042
54047
54053
54058
54065
54070
54077
54081
54088
54093
54100
54105
54112
54116
54123
54128
54135
54140
54146
54151
54158
54163
54170
54175
54181
54186
54193
54198
54205
54209
54216
54221
54228
54233
54240
54244
54251
54256
54263
54268
54274
54279
54286
54291
54298
54303
54309
54314
54321
54326
54333
54338
54344
54349
54356
54361
54368
54372
54379
54384
54391
54396
54403
54407
54414
54419
54426
54431
54437
54442
54449
54454
54461
54466
54472
54477
54484
54489
54496
54500
54507
54512
54519
54524
54531
54535
54542
54547
54554
54559
54565
54570
54577
54582
54589
54594
54600
54605
54612
54617
54624
54628
54635
54640
54647
54652
54659
54663
54670
54675
54682
54687
54694
54698
54705
54710
54717
54722
54728
54733
54740
54745
54752
54756
54763
54768
54775
54780
54786
54791
54798
54803
54810
54815
54821
54826
54833
54838
54845
54849
54856
54861
54868
54873
54879
54884
54891
54896
54903
54908
54914
54919
54926
54931
54938
54942
54949
54954
54961
54966
54972
54977
54984
54989
54996
55001
55007
55012
55019
55024
55031
55035
55042
55047
55054
55059
55066
55070
55077
55082
55089
55094
55100
55105
55112
55117
55124
55128
55135
55140
55147
55152
55159
55163
55170
55175
55182
55187
55193
55198
55205
55210
55217
55222
55227
55234
55239
55246
55251
55257
55262
55269
55274
55281
55285
55292
55297
55304
55309
55316
55320
55327
55332
55339
55344
55350
55355
55362
55367
55374
55378
55385
55390
55397
55402
55409
55413
55420
55425
55432
55437
55443
55448
55455
55460
55467
55472
55477
55484
55489
55496
55501
55507
55512
55519
55525
55530
55537
55542
55548
55553
55560
55565
55572
55576
55583
55588
55595
55600
55606
55611
55618
55623
55629
55634
55641
55646
55653
55657
55664
55669
55676
55681
55687
55692
55699
55704
55711
55715
55722
55727
55734
55738
55745
55750
55757
55762
55768
55773
55780
55785
55792
55796
55803
55808
55815
55820
55826
55831
55838
55843
55849
55854
55861
55866
55873
55877
55884
55889
55896
55901
55907
55912
55919
55924
55930
55935
55942
55947
55954
55958
55965
55970
55977
55982
55988
55993
56000
56005
56012
56016
56023
56028
56035
56039
56046
56051
56058
56063
56069
56074
56081
56086
56093
56097
56104
56109
56116
56121
56127
56132
56139
56144
56150
56155
56162
56167
56174
56178
56185
56190
56197
56202
56208
56213
56220
56225
56232
56236
56243
56248
56255
56259
56266
56271
56278
56283
56289
56294
56301
56306
56313
56317
56323
56328
56334
56339
56345
56350
56356
56361
56368
56372
56379
56383
56390
56394
56401
56405
56412
56417
56423
56428
56434
56439
56445
56450
56457
56461
56468
56472
56479
56483
56490
56494
56501
56506
56512
56517
56523
56528
56534
56539
56545
56550
56557
56561
56568
56572
56579
56583
56590
56595
56601
56606
56612
56617
56623
56628
56634
56639
56646
56650
56657
56661
56668
56672
56679
56684
56690
56695
56701
56706
56712
56717
56723
56728
56735
56739
56746
56750
56757
56761
56768
56772
56779
56784
56790
56795
56801
56806
56812
56817
56824
56828
56835
56839
56846
56850
56857
56861
56868
56873
56879
56884
56890
56895
56901
56906
56912
56917
56924
56928
56935
56939
56946
56950
56957
56962
56968
56973
56979
56984
56990
56995
57001
57006
57013
57017
57024
57028
57035
57039
57046
57051
57057
57062
57068
57073
57079
57084
57090
57095
57102
57106
57113
57117
57124
57130
57135
57142
57147
57154
57159
57165
57170
57177
57182
57189
57194
57200
57205
57212
57217
57224
57229
57235
57240
57247
57252
57259
57264
57270
57275
57282
57287
57294
57299
57306
57310
57317
57322
57329
57334
57341
57345
57352
57357
57364
57369
57376
57380
57387
57392
57399
57404
57411
57415
57422
57427
57434
57439
57446
57451
57457
57462
57469
57474
57481
57486
57492
57497
57504
57509
57516
57521
57527
57532
57539
57544
57551
57556
57562
57567
57574
57579
57586
57591
57597
57602
57609
57614
57621
57626
57633
57637
57644
57649
57656
57661
57668
57672
57679
57684
57691
57696
57703
57707
57714
57719
57726
57731
57738
57742
57749
57754
57761
57766
57773
57778
57784
57789
57796
57801
57808
57813
57819
57824
57831
57836
57843
57848
57854
57859
57866
57871
57878
57883
57889
57894
57901
57906
57913
57918
57924
57929
57936
57941
57948
57953
57960
57964
57971
57977
57982
57989
57993
58000
58005
58011
58016
58023
58028
58034
58039
58046
58051
58056
58063
58068
58074
58079
58086
58091
58096
58103
58108
58114
58119
58126
58131
58136
58143
58148
58154
58159
58166
58171
58176
58183
58188
58194
58199
58206
58211
58216
58223
58228
58234
58239
58246
58251
58256
58263
58268
58274
58279
58286
58291
58296
58303
58308
58314
58319
58326
58331
58336
58343
58348
58354
58359
58366
58371
58376
58383
58388
58394
58399
58406
58411
58416
58423
58428
58434
58439
58446
58451
58456
58463
58468
58474
58479
58486
58491
58496
58503
58508
58514
58519
58526
58531
58536
58543
58548
58554
58559
58566
58571
58576
58583
58588
58594
58599
58606
58611
58616
58623
58628
58634
58639
58646
58651
58656
58663
58668
58674
58679
58686
58691
58696
58703
58708
58714
58719
58726
58731
58736
58743
58748
58754
58759
58766
58771
58776
58783
58788
58794
58799
58806
58811
58818
58822
58829
58834
58841
58846
58852
58857
58864
58869
58876
58881
58887
58892
58899
58904
58911
58915
58922
58927
58934
58939
58946
58950
58957
58962
58969
58974
58980
58985
58992
58997
59004
59009
59015
59020
59027
59032
59039
59043
59050
59055
59062
59067
59074
59078
59085
59090
59097
59102
59108
59113
59120
59125
59132
59137
59143
59148
59155
59160
59167
59171
59178
59183
59190
59195
59201
59206
59213
59218
59225
59230
59236
59241
59248
59253
59260
59264
59271
59276
59283
59288
59295
59299
59306
59311
59318
59323
59329
59334
59341
59346
59353
59358
59364
59369
59376
59381
59388
59392
59399
59404
59411
59416
59423
59427
59434
59439
59446
59451
59457
59462
59469
59474
59481
59486
59492
59497
59504
59509
59516
59520
59527
59532
59539
59544
59550
59555
59562
59567
59574
59579
59585
59590
59597
59602
59609
59615
59620
59627
59631
59638
59643
59649
59654
59661
59665
59672
59677
59683
59688
59695
59700
59706
59711
59718
59722
59729
59734
59740
59745
59752
59756
59763
59768
59775
59779
59786
59791
59797
59802
59809
59813
59820
59825
59831
59836
59843
59847
59854
59859
59866
59870
59877
59882
59888
59893
59900
59904
59911
59916
59922
59927
59934
59939
59945
59950
59957
59961
59968
59973
59979
59984
59991
59995
60002
60007
60013
60018
60025
60030
60036
60041
60048
60052
60059
60064
60070
60075
60082
60086
60093
60098
60105
60109
60116
60121
60127
60132
60139
60143
60150
60155
60161
60166
60173
60177
60184
60189
60196
60200
60207
60212
60218
60223
60230
60234
60241
60246
60252
60257
60264
60269
60275
60280
60287
60291
60298
60303
60309
60314
60321
60325
60332
60337
60343
60348
60355
60360
60366
60371
60378
60382
60389
60394
60400
60405
60412
60416
60423
60429
60434
60440
60445
60451
60456
60463
60467
60474
60478
60485
60489
60496
60501
60507
60512
60518
60523
60529
60534
60541
60545
60552
60556
60563
60567
60574
60579
60585
60590
60596
60601
60608
60612
60619
60623
60630
60634
60641
60646
60652
60657
60663
60668
60674
60679
60686
60690
60697
60701
60708
60712
60719
60724
60730
60735
60741
60746
60752
60757
60764
60768
60775
60779
60786
60791
60797
60802
60808
60813
60819
60824
60831
60835
60842
60846
60853
60857
60864
60869
60875
60880
60886
60891
60897
60902
60909
60913
60920
60924
60931
60936
60942
60947
60953
60958
60964
60969
60976
60980
60987
60991
60998
61002
61009
61014
61020
61025
61031
61036
61042
61047
61054
61058
61065
61069
61076
61080
61087
61092
61098
61103
61109
61114
61121
61125
61132
61136
61143
61147
61154
61159
61165
61170
61176
61181
61187
61192
61199
61203
61210
61214
61221
61225
61232
61237
61243
61249
61254
61261
61266
61272
61277
61284
61289
61295
61300
61307
61312
61319
61323
61330
61335
61342
61346
61353
61358
61365
61370
61376
61381
61388
61393
61399
61404
61411
61416
61423
61427
61434
61439
61446
61450
61457
61462
61469
61474
61480
61485
61492
61497
61503
61508
61515
61520
61527
61531
61538
61543
61550
61554
61561
61566
61573
61578
61584
61589
61596
61601
61607
61612
61619
61624
61631
61635
61642
61647
61654
61658
61665
61670
61677
61682
61688
61693
61700
61705
61711
61716
61723
61728
61735
61739
61746
61751
61758
61762
61769
61774
61781
61786
61792
61797
61804
61809
61815
61820
61827
61832
61839
61843
61850
61855
61862
61866
61873
61878
61885
61890
61896
61901
61908
61913
61919
61924
61931
61936
61943
61947
61954
61959
61966
61970
61977
61982
61989
61994
62000
62005
62012
62017
62023
62028
62035
62040
62047
62051
62058
62063
62070
62074
62081
62087
62092
62098
62103
62109
62114
62120
62125
62131
62136
62143
62147
62154
62158
62165
62169
62176
62181
62186
62193
62197
62204
62208
62215
62219
62226
62231
62236
62243
62247
62254
62258
62265
62269
62276
62281
62286
62293
62297
62304
62308
62315
62319
62326
62331
62336
62343
62347
62354
62358
62365
62369
62376
62381
62386
62393
62397
62404
62408
62415
62419
62426
62431
62436
62443
62447
62454
62458
62465
62469
62476
62481
62486
62493
62497
62504
62508
62515
62519
62526
62531
62536
62543
62547
62554
62558
62565
62569
62576
62581
62586
62593
62597
62604
62608
62615
62619
62626
62631
62636
62643
62647
62654
62658
62665
62669
62676
62681
62686
62693
62697
62704
62708
62715
62719
62726
62731
62736
62743
62747
62754
62758
62765
62769
62776
62781
62786
62793
62797
62804
62808
62815
62819
62826
62831
62836
62843
62847
62854
62858
62865
62869
62876
62881
62886
62893
62897
62904
62908
62914
62919
62926
62930
62937
62942
62948
62953
62960
62964
62971
62976
62982
62987
62994
62998
63005
63010
63016
63021
63028
63033
63038
63045
63050
63056
63061
63068
63072
63079
63084
63090
63095
63102
63106
63113
63118
63124
63129
63136
63140
63147
63152
63158
63163
63170
63175
63181
63186
63193
63197
63204
63209
63215
63220
63227
63231
63238
63243
63249
63254
63261
63265
63272
63277
63283
63288
63295
63300
63306
63311
63318
63322
63329
63334
63340
63345
63352
63356
63363
63368
63374
63379
63386
63390
63397
63402
63408
63413
63420
63425
63431
63436
63443
63447
63454
63459
63465
63470
63477
63481
63488
63493
63499
63504
63511
63515
63522
63527
63533
63538
63545
63550
63556
63561
63568
63572
63579
63584
63590
63595
63602
63606
63613
63618
63624
63629
63636
63640
63647
63652
63658
63663
63670
63675
63681
63686
63693
63697
63704
63709
63715
63720
63727
63731
63738
63744
63749
63756
63760
63767
63772
63778
63783
63790
63794
63801
63806
63812
63817
63824
63828
63835
63840
63846
63851
63858
63862
63869
63874
63880
63885
63892
63896
63903
63908
63914
63919
63926
63930
63937
63942
63948
63953
63960
63964
63971
63976
63982
63987
63994
63998
64005
64010
64016
64021
64028
64032
64039
64044
64050
64055
64062
64066
64073
64078
64084
64089
64096
64100
64107
64112
64118
64123
64130
64134
64141
64146
64152
64157
64164
64168
64175
64180
64186
64191
64198
64202
64209
64214
64220
64225
64232
64236
64243
64248
64254
64259
64266
64270
64277
64282
64288
64293
64300
64304
64311
64316
64322
64327
64334
64338
64345
64350
64356
64361
64368
64372
64379
64384
64390
64395
64402
64406
64413
64418
64424
64429
64436
64440
64447
64452
64458
64463
64470
64474
64481
64486
64492
64497
64504
64508
64515
64520
64526
64531
64538
64542
64548
64553
64560
64565
64572
64576
64583
64588
64595
64600
64607
64611
64618
64623
64630
64635
64641
64646
64653
64658
64665
64670
64676
64681
64688
64693
64700
64704
64711
64716
64723
64728
64735
64739
64746
64751
64758
64763
64769
64774
64781
64786
64793
64798
64804
64809
64816
64821
64828
64832
64839
64844
64851
64856
64863
64867
64874
64879
64886
64891
64897
64902
64909
64914
64921
64926
64932
64937
64944
64949
64956
64961
64967
64972
64979
64984
64991
64995
65002
65007
65014
65019
65026
65030
65037
65042
65049
65054
65060
65065
65072
65077
65084
65089
65095
65100
65107
65112
65119
65123
65130
65135
65142
65147
65154
65158
65165
65170
65177
65182
65188
65193
65200
65205
65212
65217
65223
65228
65235
65240
65247
65251
65258
65263
65270
65275
65282
65286
65293
65298
65305
65310
65317
65321
65328
65333
65340
65345
65351
65356
65363
65368
65375
65379
65386
65391
65398
65403
65409
65414
65421
65426
65433
65438
65444
65449
65456
65461
65468
65472
65479
65484
65491
65496
65502
65507
65514
65519
65526
65531
65537
65542
65549
65554
65561
65565
65572
65577
65584
65589
65595
65600
65607
65612
65619
65624
65630
65635
65642
65647
65654
65658
65665
65670
65677
65682
65689
65693
65700
65705
65712
65717
65723
65728
65735
65740
65747
65751
65758
65763
65770
65775
65782
65786
65793
65798
65805
65810
65816
65821
65828
65833
65840
65845
65850
65857
65862
65869
65874
65880
65885
65892
65897
65904
65908
65915
65920
65927
65932
65939
65943
65950
65955
65962
65967
65973
65978
65985
65990
65997
66001
66008
66013
66020
66025
66032
66036
66043
66048
66055
66060
66066
66071
66078
66083
66090
66095
66100
66107
66112
66119
66124
66130
66135
66142
66148
66153
66160
66165
66171
66176
66183
66188
66195
66199
66206
66211
66218
66223
66229
66234
66241
66246
66252
66257
66264
66269
66276
66280
66287
66292
66299
66304
66310
66315
66322
66327
66334
66338
66345
66350
66357
66361
66368
66373
66380
66385
66391
66396
66403
66408
66415
66419
66426
66431
66438
66443
66449
66454
66461
66466
66472
66477
66484
66489
66496
66500
66507
66512
66519
66524
66530
66535
66542
66547
66553
66558
66565
66570
66577
66581
66588
66593
66600
66605
66611
66616
66623
66628
66635
66639
66646
66651
66658
66662
66669
66674
66681
66686
66692
66697
66704
66709
66716
66720
66727
66732
66739
66744
66750
66755
66762
66767
66773
66778
66785
66790
66797
66801
66808
66813
66820
66825
66831
66836
66843
66848
66855
66859
66866
66871
66878
66882
66889
66894
66901
66906
66912
66917
66924
66929
66936
66940
66946
66951
66957
66962
66968
66973
66979
66984
66991
66995
67002
67006
67013
67017
67024
67028
67035
67040
67046
67051
67057
67062
67068
67073
67080
67084
67091
67095
67102
67106
67113
67117
67124
67129
67135
67140
67146
67151
67157
67162
67168
67173
67180
67184
67191
67195
67202
67206
67213
67218
67224
67229
67235
67240
67246
67251
67257
67262
67269
67273
67280
67284
67291
67295
67302
67307
67313
67318
67324
67329
67335
67340
67346
67351
67358
67362
67369
67373
67380
67384
67391
67395
67402
67407
67413
67418
67424
67429
67435
67440
67447
67451
67458
67462
67469
67473
67480
67484
67491
67496
67502
67507
67513
67518
67524
67529
67535
67540
67547
67551
67558
67562
67569
67573
67580
67585
67591
67596
67602
67607
67613
67618
67624
67629
67636
67640
67647
67651
67658
67662
67669
67674
67680
67685
67691
67696
67702
67707
67713
67718
67725
67729
67736
67740
67747
67753
67758
67765
67770
67777
67782
67788
67793
67800
67805
67812
67817
67823
67828
67835
67840
67847
67852
67858
67863
67870
67875
67882
67887
67893
67898
67905
67910
67917
67922
67929
67933
67940
67945
67952
67957
67964
67968
67975
67980
67987
67992
67999
68003
68010
68015
68022
68027
68034
68038
68045
68050
68057
68062
68069
68074
68080
68085
68092
68097
68104
68109
68115
68120
68127
68132
68139
68144
68150
68155
68162
68167
68174
68179
68185
68190
68197
68202
68209
68214
68220
68225
68232
68237
68244
68249
68256
68260
68267
68272
68279
68284
68291
68295
68302
68307
68314
68319
68326
68330
68337
68342
68349
68354
68361
68365
68372
68377
68384
68389
68396
68401
68407
68412
68419
68424
68431
68436
68442
68447
68454
68459
68466
68471
68477
68482
68489
68494
68501
68506
68512
68517
68524
68529
68536
68541
68547
68552
68559
68564
68571
68576
68583
68587
68594
68600
68605
68612
68616
68623
68628
68634
68639
68646
68651
68657
68662
68669
68674
68679
68686
68691
68697
68702
68709
68714
68719
68726
68731
68737
68742
68749
68754
68759
68766
68771
68777
68782
68789
68794
68799
68806
68811
68817
68822
68829
68834
68839
68846
68851
68857
68862
68869
68874
68879
68886
68891
68897
68902
68909
68914
68919
68926
68931
68937
68942
68949
68954
68959
68966
68971
68977
68982
68989
68994
68999
69006
69011
69017
69022
69029
69034
69039
69046
69051
69057
69062
69069
69074
69079
69086
69091
69097
69102
69109
69114
69119
69126
69131
69137
69142
69149
69154
69159
69166
69171
69177
69182
69189
69194
69199
69206
69211
69217
69222
69229
69234
69239
69246
69251
69257
69262
69269
69274
69279
69286
69291
69297
69302
69309
69314
69319
69326
69331
69337
69342
69349
69354
69359
69366
69371
69377
69382
69389
69394
69399
69406
69411
69417
69422
69429
69434
69441
69445
69452
69457
69464
69469
69475
69480
69487
69492
69499
69504
69510
69515
69522
69527
69534
69538
69545
69550
69557
69562
69569
69573
69580
69585
69592
69597
69603
69608
69615
69620
69627
69632
69638
69643
69650
69655
69662
69666
69673
69678
69685
69690
69697
69701
69708
69713
69720
69725
69731
69736
69743
69748
69755
69760
69766
69771
69778
69783
69790
69794
69801
69806
69813
69818
69824
69829
69836
69841
69848
69853
69859
69864
69871
69876
69883
69887
69894
69899
69906
69911
69918
69922
69929
69934
69941
69946
69952
69957
69964
69969
69976
69981
69987
69992
69999
70004
70011
70015
70022
70027
70034
70039
70046
70050
70057
70062
70069
70074
70080
70085
70092
70097
70104
70109
70115
70120
70127
70132
70139
70143
70150
70155
70162
70167
70173
70178
70185
70190
70197
70202
70208
70213
70220
70225
70232
70238
70243
70250
70254
70261
70266
70272
70277
70284
70288
70295
70300
70306
70311
70318
70323
70329
70334
70341
70345
70352
70357
70363
70368
70375
70379
70386
70391
70398
70402
70409
70414
70420
70425
70432
70436
70443
70448
70454
70459
70466
70470
70477
70482
70489
70493
70500
70505
70511
70516
70523
70527
70534
70539
70545
70550
70557
70562
70568
70573
70580
70584
70591
70596
70602
70607
70614
70618
70625
70630
70636
70641
70648
70653
70659
70664
70671
70675
70682
70687
70693
70698
70705
70709
70716
70721
70728
70732
70739
70744
70750
70755
70762
70766
70773
70778
70784
70789
70796
70800
70807
70812
70819
70823
70830
70835
70841
70846
70853
70857
70864
70869
70875
70880
70887
70892
70898
70903
70910
70914
70921
70926
70932
70937
70944
70948
70955
70960
70966
70971
70978
70983
70989
70994
71001
71005
71012
71017
71023
71028
71035
71039
71046
71052
71057
71063
71068
71074
71079
71086
71090
71097
71101
71108
71112
71119
71124
71130
71135
71141
71146
71152
71157
71164
71168
71175
71179
71186
71190
71197
71202
71208
71213
71219
71224
71231
71235
71242
71246
71253
71257
71264
71269
71275
71280
71286
71291
71297
71302
71309
71313
71320
71324
71331
71335
71342
71347
71353
71358
71364
71369
71375
71380
71387
71391
71398
71402
71409
71414
71420
71425
71431
71436
71442
71447
71454
71458
71465
71469
71476
71480
71487
71492
71498
71503
71509
71514
71520
71525
71532
71536
71543
71547
71554
71559
71565
71570
71576
71581
71587
71592
71599
71603
71610
71614
71621
71625
71632
71637
71643
71648
71654
71659
71665
71670
71677
71681
71688
71692
71699
71703
71710
71715
71721
71726
71732
71737
71744
71748
71755
71759
71766
71770
71777
71782
71788
71793
71799
71804
71810
71815
71822
71826
71833
71837
71844
71848
71855
71860
71866
71872
71877
71884
71889
71895
71900
71907
71912
71918
71923
71930
71935
71942
71946
71953
71958
71965
71969
71976
71981
71988
71993
71999
72004
72011
72016
72022
72027
72034
72039
72046
72050
72057
72062
72069
72073
72080
72085
72092
72097
72103
72108
72115
72120
72126
72131
72138
72143
72150
72154
72161
72166
72173
72177
72184
72189
72196
72201
72207
72212
72219
72224
72230
72235
72242
72247
72254
72258
72265
72270
72277
72281
72288
72293
72300
72305
72311
72316
72323
72328
72334
72339
72346
72351
72358
72362
72369
72374
72381
72385
72392
72397
72404
72409
72415
72420
72427
72432
72438
72443
72450
72455
72462
72466
72473
72478
72485
72489
72496
72501
72508
72513
72519
72524
72531
72536
72542
72547
72554
72559
72566
72570
72577
72582
72589
72593
72600
72605
72612
72617
72623
72628
72635
72640
72646
72651
72658
72663
72670
72674
72681
72686
72693
72697
72704
72710
72715
72721
72726
72732
72737
72743
72748
72754
72759
72766
72770
72777
72781
72788
72792
72799
72804
72809
72816
72820
72827
72831
72838
72842
72849
72854
72859
72866
72870
72877
72881
72888
72892
72899
72904
72909
72916
72920
72927
72931
72938
72942
72949
72954
72959
72966
72970
72977
72981
72988
72992
72999
73004
73009
73016
73020
73027
73031
73038
73042
73049
73054
73059
73066
73070
73077
73081
73088
73092
73099
73104
73109
73116
73120
73127
73131
73138
73142
73149
73154
73159
73166
73170
73177
73181
73188
73192
73199
73204
73209
73216
73220
73227
73231
73238
73242
73249
73254
73259
73266
73270
73277
73281
73288
73292
73299
73304
73309
73316
73320
73327
73331
73338
73342
73349
73354
73359
73366
73370
73377
73381
73388
73392
73399
73404
73409
73416
73420
73427
73431
73438
73442
73449
73454
73459
73466
73470
73477
73481
73488
73492
73499
73504
73509
73516
73520
73527
73531
73537
73542
73549
73553
73560
73565
73571
73576
73583
73587
73594
73599
73605
73610
73617
73621
73628
73633
73639
73644
73651
73656
73661
73668
73673
73679
73684
73691
73695
73702
73707
73713
73718
73725
73729
73736
73741
73747
73752
73759
73763
73770
73775
73781
73786
73793
73798
73804
73809
73816
73820
73827
73832
73838
73843
73850
73854
73861
73866
73872
73877
73884
73888
73895
73900
73906
73911
73918
73923
73929
73934
73941
73945
73952
73957
73963
73968
73975
73979
73986
73991
73997
74002
74009
74013
74020
74025
74031
74036
74043
74048
74054
74059
74066
74070
74077
74082
74088
74093
74100
74104
74111
74116
74122
74127
74134
74138
74145
74150
74156
74161
74168
74173
74179
74184
74191
74195
74202
74207
74213
74218
74225
74229
74236
74241
74247
74252
74259
74263
74270
74275
74281
74286
74293
74298
74304
74309
74316
74320
74327
74332
74338
74343
74350
74354
74361
