14
26
40
52
66
78
93
105
119
131
145
157
171
184
198
210
224
236
250
262
277
289
303
315
329
341
355
368
382
394
405
415
427
437
448
458
470
480
492
501
513
523
535
545
556
566
578
588
600
609
621
631
643
652
664
674
686
696
707
717
729
739
751
760
772
782
794
804
815
825
837
847
859
868
880
890
902
911
923
933
945
955
969
982
996
1009
1023
1036
1051
1063
1078
1090
1105
1117
1132
1145
1159
1172
1186
1199
1213
1226
1241
1253
1268
1280
1295
1307
1322
1335
1349
1362
1376
1389
1403
1416
1431
1443
1458
1470
1485
1497
1512
1525
1539
1552
1566
1579
1594
1606
1621
1633
1648
1660
1675
1688
1702
1715
1729
1742
1756
1769
1784
1796
1811
1821
1829
1839
1848
1858
1866
1877
1885
1895
1903
1914
1922
1932
1941
1951
1959
1969
1978
1988
1996
2007
2015
2025
2033
2044
2052
2062
2071
2081
2089
2099
2108
2118
2126
2137
2145
2155
2163
2174
2182
2192
2201
2211
2219
2229
2238
2248
2256
2267
2275
2285
2293
2304
2312
2322
2331
2341
2349
2359
2368
2378
2386
2397
2405
2415
2424
2434
2442
2452
2461
2469
2476
2484
2491
2499
2506
2514
2521
2530
2536
2545
2551
2560
2566
2575
2581
2590
2597
2605
2612
2620
2627
2635
2642
2650
2657
2666
2672
2681
2687
2696
2702
2711
2717
2726
2733
2741
2748
2756
2763
2771
2778
2786
2793
2802
2811
2819
2829
2837
2847
2855
2865
2873
2882
2890
2900
2908
2918
2926
2936
2944
2953
2961
2971
2979
2989
2997
3007
3015
3024
3032
3042
3050
3060
3068
3078
3086
3095
3103
3113
3121
3131
3139
3149
3157
3166
3174
3184
3192
3202
3210
3220
3228
3237
3245
3255
3263
3273
3281
3291
3299
3308
3316
3326
3334
3344
3359
3373
3389
3402
3418
3432
3447
3461
3477
3490
3506
3520
3535
3549
3565
3578
3594
3608
3623
3637
3653
3666
3682
3696
3711
3725
3740
3753
3769
3782
3798
3811
3826
3840
3855
3869
3884
3897
3913
3926
3942
3955
3970
3984
3999
4013
4028
4041
4057
4070
4086
4099
4114
4128
4143
4157
4167
4176
4187
4195
4206
4215
4225
4234
4245
4254
4264
4273
4284
4292
4303
4312
4323
4331
4342
4351
4361
4370
4381
4390
4400
4409
4420
4428
4439
4448
4458
4467
4478
4487
4497
4506
4517
4525
4536
4545
4556
4564
4575
4584
4594
4603
4614
4623
4633
4642
4653
4661
4672
4681
4691
4700
4707
4717
4724
4733
4741
4750
4758
4767
4774
4784
4791
4801
4808
4817
4825
4834
4842
4851
4858
4868
4875
4885
4892
4901
4909
4918
4925
4935
4942
4952
4959
4968
4976
4985
4993
5002
5009
5019
5026
5036
5043
5052
5060
5069
5077
5086
5093
5103
5110
5119
5127
5136
5144
5153
5160
5170
5177
5187
5194
5203
5211
5220
5228
5237
5244
5254
5261
5271
5278
5287
5295
5304
5311
5321
5328
5338
5345
5354
5362
5371
5379
5388
5395
5405
5412
5422
5429
5438
5446
5455
5463
5472
5479
5489
5496
5505
5513
5522
5530
5538
5545
5554
5561
5570
5576
5585
5592
5601
5608
5617
5623
5632
5639
5648
5655
5664
5670
5679
5686
5695
5702
5711
5717
5726
5733
5742
5749
5758
5764
5773
5780
5789
5796
5804
5811
5820
5827
5836
5843
5851
5858
5867
5874
5883
5890
5898
5905
5914
5921
5930
5937
5945
5952
5961
5968
5977
5984
5992
5999
6008
6015
6024
6030
6039
6046
6055
6062
6071
6077
6086
6093
6102
6109
6118
6124
6133
6140
6149
6156
6165
6171
6180
6187
6196
6203
6212
6218
6227
6234
6243
6250
6258
6265
6274
6281
6290
6297
6305
6312
6321
6328
6337
6344
6354
6363
6373
6382
6392
6401
6411
6420
6430
6439
6449
6458
6468
6477
6487
6496
6506
6515
6525
6534
6544
6553
6563
6572
6582
6591
6601
6610
6620
6629
6639
6648
6658
6667
6677
6686
6696
6705
6715
6724
6734
6743
6753
6762
6772
6781
6791
6800
6810
6819
6826
6835
6842
6851
6858
6867
6874
6883
6890
6899
6906
6915
6922
6931
6938
6947
6954
6963
6970
6979
6986
6995
7002
7011
7018
7027
7034
7043
7050
7059
7066
7075
7082
7091
7098
7107
7114
7123
7130
7139
7146
7155
7162
7171
7178
7188
7195
7204
7211
7220
7227
7236
7243
7252
7259
7268
7275
7284
7291
7300
7307
7316
7323
7332
7339
7348
7355
7364
7371
7380
7387
7396
7403
7412
7419
7428
7435
7444
7451
7460
7467
7476
7483
7492
7499
7508
7515
7524
7531
7540
7547
7556
7564
7573
7580
7589
7596
7609
7621
7635
7647
7661
7673
7687
7698
7712
7724
7738
7750
7764
7776
7789
7801
7815
7827
7841
7853
7867
7878
7892
7904
7918
7930
7944
7956
7969
7981
7995
8007
8027
8046
8067
8086
8106
8125
8146
8165
8185
8204
8225
8244
8265
8283
8304
8323
8344
8362
8383
8402
8423
8441
8462
8481
8502
8521
8541
8549
8556
8565
8571
8580
8587
8595
8602
8611
8617
8626
8633
8641
8648
8657
8663
8672
8679
8687
8694
8703
8709
8718
8725
8733
8740
8749
8755
8764
8771
8779
8786
8795
8801
8810
8817
8825
8832
8841
8847
8856
8863
8871
8878
8887
8893
8902
8909
8917
8924
8933
8939
8948
8955
8963
8970
8979
8988
8995
9005
9012
9021
9029
9038
9045
9055
9062
9071
9079
9088
9095
9105
9112
9121
9129
9138
9145
9155
9162
9171
9179
9188
9195
9205
9212
9222
9229
9238
9246
9255
9262
9272
9279
9288
9296
9305
9312
9322
9329
9338
9346
9355
9362
9372
9379
9388
9396
9405
9412
9422
9429
9438
9446
9455
9463
9472
9479
9489
9496
9505
9513
9522
9529
9550
9569
9591
9610
9631
9651
9672
9691
9713
9732
9754
9773
9794
9814
9835
9854
9876
9895
9912
9931
9949
9968
9985
10005
10022
10041
10058
10078
10095
10114
10132
10151
10168
10187
10205
10224
10241
10261
10278
10297
10315
10334
10351
10370
10388
10407
10424
10444
10461
10480
10497
10517
10534
10553
10571
10590
10607
10626
10644
10663
10677
10689
10703
10715
10729
10741
10756
10768
10782
10794
10808
10820
10834
10847
10861
10873
10887
10899
10913
10925
10940
10952
10966
10978
10992
11004
11018
11031
11045
11057
11068
11078
11090
11100
11111
11121
11133
11143
11155
11164
11176
11186
11198
11208
11219
11229
11241
11251
11263
11272
11284
11294
11306
11315
11327
11337
11349
11359
11370
11380
11392
11402
11414
11423
11435
11445
11457
11467
11478
11488
11500
11510
11522
11531
11543
11553
11565
11574
11586
11596
11608
11618
11632
11645
11659
11672
11686
11699
11714
11726
11741
11753
11768
11780
11795
11808
11822
11835
11849
11862
11876
11889
11904
11916
11931
11943
11958
11970
11985
11998
12012
12025
12039
12052
12066
12079
12094
12106
12121
12133
12148
12160
12175
12188
12202
12215
12229
12242
12257
12269
12284
12296
12311
12323
12338
12351
12365
12378
12392
12405
12419
12432
12447
12459
12474
12484
12492
12502
12511
12521
12529
12540
12548
12558
12566
12577
12585
12595
12604
12614
12622
12632
12641
12651
12659
12670
12678
12688
12696
12707
12715
12725
12734
12744
12752
12762
12771
12781
12789
12800
12808
12818
12826
12837
12845
12855
12864
12874
12882
12892
12901
12911
12919
12930
12938
12948
12956
12967
12975
12985
12994
13004
13012
13022
13031
13041
13049
13060
13068
13078
13087
13097
13105
13115
13124
13132
13139
13147
13154
13162
13169
13177
13184
13193
13199
13208
13214
13223
13229
13238
13244
13253
13260
13268
13275
13283
13290
13298
13305
13313
13320
13329
13335
13344
13350
13359
13365
13374
13380
13389
13396
13404
13411
13419
13426
13434
13441
13449
13456
13465
13474
13482
13492
13500
13510
13518
13528
13536
13545
13553
13563
13571
13581
13589
13599
13607
13616
13624
13634
13642
13652
13660
13670
13678
13687
13695
13705
13713
13723
13731
13741
13749
13758
13766
13776
13784
13794
13802
13812
13820
13829
13837
13847
13855
13865
13873
13883
13891
13900
13908
13918
13926
13936
13944
13954
13962
13971
13979
13989
13997
14007
14022
14036
14052
14065
14081
14095
14110
14124
14140
14153
14169
14183
14198
14212
14228
14241
14257
14271
14286
14300
14316
14329
14345
14359
14374
14388
14403
14416
14432
14445
14461
14474
14489
14503
14518
14532
14547
14560
14576
14589
14605
14618
14633
14647
14662
14676
14691
14704
14720
14733
14749
14762
14777
14791
14806
14820
14830
14839
14850
14858
14869
14878
14888
14897
14908
14917
14927
14936
14947
14955
14966
14975
14986
14994
15005
15014
15024
15033
15044
15053
15063
15072
15083
15091
15102
15111
15121
15130
15141
15150
15160
15169
15180
15188
15199
15208
15219
15227
15238
15247
15257
15266
15277
15286
15296
15305
15316
15324
15335
15344
15354
15363
15370
15380
15387
15396
15404
15413
15421
15430
15437
15447
15454
15464
15471
15480
15488
15497
15505
15514
15521
15531
15538
15548
15555
15564
15572
15581
15588
15598
15605
15615
15622
15631
15639
15648
15656
15665
15672
15682
15689
15699
15706
15715
15723
15732
15740
15749
15756
15766
15773
15782
15790
15799
15807
15816
15823
15833
15840
15850
15857
15866
15874
15883
15891
15900
15907
15917
15924
15934
15941
15950
15958
15967
15974
15984
15991
16001
16008
16017
16025
16034
16042
16051
16058
16068
16075
16085
16092
16101
16109
16118
16126
16135
16142
16152
16159
16168
16176
16185
16193
16201
16208
16217
16224
16233
16239
16248
16255
16264
16271
16280
16286
16295
16302
16311
16318
16327
16333
16342
16349
16358
16365
16374
16380
16389
16396
16405
16412
16421
16427
16436
16443
16452
16459
16467
16474
16483
16490
16499
16506
16514
16521
16530
16537
16546
16553
16561
16568
16577
16584
16593
16600
16608
16615
16624
16631
16640
16647
16655
16662
16671
16678
16687
16693
16702
16709
16718
16725
16734
16740
16749
16756
16765
16772
16781
16787
16796
16803
16812
16819
16828
16834
16843
16850
16859
16866
16875
16881
16890
16897
16906
16913
16921
16928
16937
16944
16953
16960
16968
16975
16984
16991
17000
17007
17017
17026
17036
17045
17055
17064
17074
17083
17093
17102
17112
17121
17131
17140
17150
17159
17169
17178
17188
17197
17207
17216
17226
17235
17245
17254
17264
17273
17283
17292
17302
17311
17321
17330
17340
17349
17359
17368
17378
17387
17397
17406
17416
17425
17435
17444
17454
17463
17473
17482
17489
17498
17505
17514
17521
17530
17537
17546
17553
17562
17569
17578
17585
17594
17601
17610
17617
17626
17633
17642
17649
17658
17665
17674
17681
17690
17697
17706
17713
17722
17729
17738
17745
17754
17761
17770
17777
17786
17793
17802
17809
17818
17825
17834
17841
17851
17858
17867
17874
17883
17890
17899
17906
17915
17922
17931
17938
17947
17954
17963
17970
17979
17986
17995
18002
18011
18018
18027
18034
18043
18050
18059
18066
18075
18082
18091
18098
18107
18114
18123
18130
18139
18146
18155
18162
18171
18178
18187
18194
18203
18210
18219
18227
18236
18243
18252
18259
18272
18284
18298
18310
18324
18336
18350
18361
18375
18387
18401
18413
18427
18439
18452
18464
18478
18490
18504
18516
18530
18541
18555
18567
18581
18593
18607
18619
18632
18644
18658
18670
18690
18709
18730
18749
18769
18788
18809
18828
18848
18867
18888
18907
18928
18946
18967
18986
19007
19025
19046
19065
19086
19104
19125
19144
19165
19184
19204
19212
19219
19228
19234
19243
19250
19258
19265
19274
19280
19289
19296
19304
19311
19320
19326
19335
19342
19350
19357
19366
19372
19381
19388
19396
19403
19412
19418
19427
19434
19442
19449
19458
19464
19473
19480
19488
19495
19504
19510
19519
19526
19534
19541
19550
19556
19565
19572
19580
19587
19596
19602
19611
19618
19626
19633
19642
19651
19658
19668
19675
19684
19692
19701
19708
19718
19725
19734
19742
19751
19758
19768
19775
19784
19792
19801
19808
19818
19825
19834
19842
19851
19858
19868
19875
19885
19892
19901
19909
19918
19925
19935
19942
19951
19959
19968
19975
19985
19992
20001
20009
20018
20025
20035
20042
20051
20059
20068
20075
20085
20092
20101
20109
20118
20126
20135
20142
20152
20159
20168
20176
20185
20192
20213
20232
20254
20273
20294
20314
20335
20354
20376
20395
20417
20436
20457
20477
20498
20517
20539
20558
20575
20594
20612
20631
20648
20668
20685
20704
20721
20741
20758
20777
20795
20814
20831
20850
20868
20887
20904
20924
20941
20960
20978
20997
21014
21033
21051
21070
21087
21107
21124
21143
21160
21180
21197
21216
21234
21253
21270
21289
21307
21326
21340
21352
21366
21378
21392
21404
21419
21431
21445
21457
21471
21483
21497
21510
21524
21536
21550
21562
21576
21588
21603
21615
21629
21641
21655
21667
21681
21694
21708
21720
21731
21741
21753
21763
21774
21784
21796
21806
21818
21827
21839
21849
21861
21871
21882
21892
21904
21914
21926
21935
21947
21957
21969
21978
21990
22000
22012
22022
22033
22043
22055
22065
22077
22086
22098
22108
22120
22130
22141
22151
22163
22173
22185
22194
22206
22216
22228
22237
22249
22259
22271
22281
22295
22308
22322
22335
22349
22362
22377
22389
22404
22416
22431
22443
22458
22471
22485
22498
22512
22525
22539
22552
22567
22579
22594
22606
22621
22633
22648
22661
22675
22688
22702
22715
22729
22742
22757
22769
22784
22796
22811
22823
22838
22851
22865
22878
22892
22905
22920
22932
22947
22959
22974
22986
23001
23014
23028
23041
23055
23068
23082
23095
23110
23122
23137
23147
23155
23165
23174
23184
23192
23203
23211
23221
23229
23240
23248
23258
23267
23277
23285
23295
23304
23314
23322
23333
23341
23351
23359
23370
23378
23388
23397
23407
23415
23425
23434
23444
23452
23463
23471
23481
23489
23500
23508
23518
23527
23537
23545
23555
23564
23574
23582
23593
23601
23611
23619
23630
23638
23648
23657
23667
23675
23685
23694
23704
23712
23723
23731
23741
23750
23760
23768
23778
23787
23795
23802
23810
23817
23825
23832
23840
23847
23856
23862
23871
23877
23886
23892
23901
23907
23916
23923
23931
23938
23946
23953
23961
23968
23976
23983
23992
23998
24007
24013
24022
24028
24037
24043
24052
24059
24067
24074
24082
24089
24097
24104
24112
24119
24128
24137
24145
24155
24163
24173
24181
24191
24199
24208
24216
24226
24234
24244
24252
24262
24270
24279
24287
24297
24305
24315
24323
24333
24341
24350
24358
24368
24376
24386
24394
24404
24412
24421
24429
24439
24447
24457
24465
24475
24483
24492
24500
24510
24518
24528
24536
24546
24554
24563
24571
24581
24589
24599
24607
24617
24625
24634
24642
24652
24660
24670
24685
24699
24715
24728
24744
24758
24773
24787
24803
24816
24832
24846
24861
24875
24891
24904
24920
24934
24949
24963
24979
24992
25008
25022
25037
25051
25066
25079
25095
25108
25124
25137
25152
25166
25181
25195
25210
25223
25239
25252
25268
25281
25296
25310
25325
25339
25354
25367
25383
25396
25412
25425
25440
25454
25469
25483
25493
25502
25513
25521
25532
25541
25551
25560
25571
25580
25590
25599
25610
25618
25629
25638
25649
25657
25668
25677
25687
25696
25707
25716
25726
25735
25746
25754
25765
25774
25784
25793
25804
25813
25823
25832
25843
25851
25862
25871
25882
25890
25901
25910
25920
25929
25940
25949
25959
25968
25979
25987
25998
26007
26017
26026
26033
26043
26050
26059
26067
26076
26084
26093
26100
26110
26117
26127
26134
26143
26151
26160
26168
26177
26184
26194
26201
26211
26218
26227
26235
26244
26251
26261
26268
26278
26285
26294
26302
26311
26319
26328
26335
26345
26352
26362
26369
26378
26386
26395
26403
26412
26419
26429
26436
26445
26453
26462
26470
26479
26486
26496
26503
26513
26520
26529
26537
26546
26554
26563
26570
26580
26587
26597
26604
26613
26621
26630
26637
26647
26654
26664
26671
26680
26688
26697
26705
26714
26721
26731
26738
26748
26755
26764
26772
26781
26789
26798
26805
26815
26822
26831
26839
26848
26856
26864
26871
26880
26887
26896
26902
26911
26918
26927
26934
26943
26949
26958
26965
26974
26981
26990
26996
27005
27012
27021
27028
27037
27043
27052
27059
27068
27075
27084
27090
27099
27106
27115
27122
27130
27137
27146
27153
27162
27169
27177
27184
27193
27200
27209
27216
27224
27231
27240
27247
27256
27263
27271
27278
27287
27294
27303
27310
27318
27325
27334
27341
27350
27356
27365
27372
27381
27388
27397
27403
27412
27419
27428
27435
27444
27450
27459
27466
27475
27482
27491
27497
27506
27513
27522
27529
27538
27544
27553
27560
27569
27576
27584
27591
27600
27607
27616
27623
27631
27638
27647
27654
27663
27670
27680
27689
27699
27708
27718
27727
27737
27746
27756
27765
27775
27784
27794
27803
27813
27822
27832
27841
27851
27860
27870
27879
27889
27898
27908
27917
27927
27936
27946
27955
27965
27974
27984
27993
28003
28012
28022
28031
28041
28050
28060
28069
28079
28088
28098
28107
28117
28126
28136
28145
28152
28161
28168
28177
28184
28193
28200
28209
28216
28225
28232
28241
28248
28257
28264
28273
28280
28289
28296
28305
28312
28321
28328
28337
28344
28353
28360
28369
28376
28385
28392
28401
28408
28417
28424
28433
28440
28449
28456
28465
28472
28481
28488
28497
28504
28514
28521
28530
28537
28546
28553
28562
28569
28578
28585
28594
28601
28610
28617
28626
28633
28642
28649
28658
28665
28674
28681
28690
28697
28706
28713
28722
28729
28738
28745
28754
28761
28770
28777
28786
28793
28802
28809
28818
28825
28834
28841
28850
28857
28866
28873
28882
28890
28899
28906
28915
28922
28935
28947
28961
28973
28987
28999
29013
29024
29038
29050
29064
29076
29090
29102
29115
29127
29141
29153
29167
29179
29193
29204
29218
29230
29244
29256
29270
29282
29295
29307
29321
29333
29353
29372
29393
29412
29432
29451
29472
29491
29511
29530
29551
29570
29591
29609
29630
29649
29670
29688
29709
29728
29749
29767
29788
29807
29828
29847
29867
29875
29882
29891
29897
29906
29913
29921
29928
29937
29943
29952
29959
29967
29974
29983
29989
29998
30005
30013
30020
30029
30035
30044
30051
30059
30066
30075
30081
30090
30097
30105
30112
30121
30127
30136
30143
30151
30158
30167
30173
30182
30189
30197
30204
30213
30219
30228
30235
30243
30250
30259
30265
30274
30281
30289
30296
30305
30314
30321
30331
30338
30347
30355
30364
30371
30381
30388
30397
30405
30414
30421
30431
30438
30447
30455
30464
30471
30481
30488
30497
30505
30514
30521
30531
30538
30548
30555
30564
30572
30581
30588
30598
30605
30614
30622
30631
30638
30648
30655
30664
30672
30681
30688
30698
30705
30714
30722
30731
30738
30748
30755
30764
30772
30781
30789
30798
30805
30815
30822
30831
30839
30848
30855
30876
30895
30917
30936
30957
30977
30998
31017
31039
31058
31080
31099
31120
31140
31161
31180
31202
31221
31238
31257
31275
31294
31311
31331
31348
31367
31384
31404
31421
31440
31458
31477
31494
31513
31531
31550
31567
31587
31604
31623
31641
31660
31677
31696
31714
31733
31750
31770
31787
31806
31823
31843
31860
31879
31897
31916
31933
31952
31970
31989
32003
32015
32029
32041
32055
32067
32082
32094
32108
32120
32134
32146
32160
32173
32187
32199
32213
32225
32239
32251
32266
32278
32292
32304
32318
32330
32344
32357
32371
32383
32394
32404
32416
32426
32437
32447
32459
32469
32481
32490
32502
32512
32524
32534
32545
32555
32567
32577
32589
32598
32610
32620
32632
32641
32653
32663
32675
32685
32696
32706
32718
32728
32740
32749
32761
32771
32783
32793
32804
32814
32826
32836
32848
32857
32869
32879
32891
32900
32912
32922
32934
32944
32958
32971
32985
32998
33012
33025
33040
33052
33067
33079
33094
33106
33121
33134
33148
33161
33175
33188
33202
33215
33230
33242
33257
33269
33284
33296
33311
33324
33338
33351
33365
33378
33392
33405
33420
33432
33447
33459
33474
33486
33501
33514
33528
33541
33555
33568
33583
33595
33610
33622
33637
33649
33664
33677
33691
33704
33718
33731
33745
33758
33773
33785
33800
33810
33818
33828
33837
33847
33855
33866
33874
33884
33892
33903
33911
33921
33930
33940
33948
33958
33967
33977
33985
33996
34004
34014
34022
34033
34041
34051
34060
34070
34078
34088
34097
34107
34115
34126
34134
34144
34152
34163
34171
34181
34190
34200
34208
34218
34227
34237
34245
34256
34264
34274
34282
34293
34301
34311
34320
34330
34338
34348
34357
34367
34375
34386
34394
34404
34413
34423
34431
34441
34450
34458
34465
34473
34480
34488
34495
34503
34510
34519
34525
34534
34540
34549
34555
34564
34570
34579
34586
34594
34601
34609
34616
34624
34631
34639
34646
34655
34661
34670
34676
34685
34691
34700
34706
34715
34722
34730
34737
34745
34752
34760
34767
34775
34782
34791
34800
34808
34818
34826
34836
34844
34854
34862
34871
34879
34889
34897
34907
34915
34925
34933
34942
34950
34960
34968
34978
34986
34996
35004
35013
35021
35031
35039
35049
35057
35067
35075
35084
35092
35102
35110
35120
35128
35138
35146
35155
35163
35173
35181
35191
35199
35209
35217
35226
35234
35244
35252
35262
35270
35280
35288
35297
35305
35315
35323
35333
35348
35362
35378
35391
35407
35421
35436
35450
35466
35479
35495
35509
35524
35538
35554
35567
35583
35597
35612
35626
35642
35655
35671
35685
35700
35714
35729
35742
35758
35771
35787
35800
35815
35829
35844
35858
35873
35886
35902
35915
35931
35944
35959
35973
35988
36002
36017
36030
36046
36059
36075
36088
36103
36117
36132
36146
36156
36165
36176
36184
36195
36204
36214
36223
36234
36243
36253
36262
36273
36281
36292
36301
36312
36320
36331
36340
36350
36359
36370
36379
36389
36398
36409
36417
36428
36437
36447
36456
36467
36476
36486
36495
36506
36514
36525
36534
36545
36553
36564
36573
36583
36592
36603
36612
36622
36631
36642
36650
36661
36670
36680
36689
36696
36706
36713
36722
36730
36739
36747
36756
36763
36773
36780
36790
36797
36806
36814
36823
36831
36840
36847
36857
36864
36874
36881
36890
36898
36907
36914
36924
36931
36941
36948
36957
36965
36974
36982
36991
36998
37008
37015
37025
37032
37041
37049
37058
37066
37075
37082
37092
37099
37108
37116
37125
37133
37142
37149
37159
37166
37176
37183
37192
37200
37209
37217
37226
37233
37243
37250
37260
37267
37276
37284
37293
37300
37310
37317
37327
37334
37343
37351
37360
37368
37377
37384
37394
37401
37411
37418
37427
37435
37444
37452
37461
37468
37478
37485
37494
37502
37511
37519
37527
37534
37543
37550
37559
37565
37574
37581
37590
37597
37606
37612
37621
37628
37637
37644
37653
37659
37668
37675
37684
37691
37700
37706
37715
37722
37731
37738
37747
37753
37762
37769
37778
37785
37793
37800
37809
37816
37825
37832
37840
37847
37856
37863
37872
37879
37887
37894
37903
37910
37919
37926
37934
37941
37950
37957
37966
37973
37981
37988
37997
38004
38013
38019
38028
38035
38044
38051
38060
38066
38075
38082
38091
38098
38107
38113
38122
38129
38138
38145
38154
38160
38169
38176
38185
38192
38201
38207
38216
38223
38232
38239
38247
38254
38263
38270
38279
38286
38294
38301
38310
38317
38326
38333
38343
38352
38362
38371
38381
38390
38400
38409
38419
38428
38438
38447
38457
38466
38476
38485
38495
38504
38514
38523
38533
38542
38552
38561
38571
38580
38590
38599
38609
38618
38628
38637
38647
38656
38666
38675
38685
38694
38704
38713
38723
38732
38742
38751
38761
38770
38780
38789
38799
38808
38815
38824
38831
38840
38847
38856
38863
38872
38879
38888
38895
38904
38911
38920
38927
38936
38943
38952
38959
38968
38975
38984
38991
39000
39007
39016
39023
39032
39039
39048
39055
39064
39071
39080
39087
39096
39103
39112
39119
39128
39135
39144
39151
39160
39167
39177
39184
39193
39200
39209
39216
39225
39232
39241
39248
39257
39264
39273
39280
39289
39296
39305
39312
39321
39328
39337
39344
39353
39360
39369
39376
39385
39392
39401
39408
39417
39424
39433
39440
39449
39456
39465
39472
39481
39488
39497
39504
39513
39520
39529
39536
39545
39553
39562
39569
39578
39585
39598
39610
39624
39636
39650
39662
39676
39687
39701
39713
39727
39739
39753
39765
39778
39790
39804
39816
39830
39842
39856
39867
39881
39893
39907
39919
39933
39945
39958
39970
39984
39996
40016
40035
40056
40075
40095
40114
40135
40154
40174
40193
40214
40233
40254
40272
40293
40312
40333
40351
40372
40391
40412
40430
40451
40470
40491
40510
40530
40538
40545
40554
40560
40569
40576
40584
40591
40600
40606
40615
40622
40630
40637
40646
40652
40661
40668
40676
40683
40692
40698
40707
40714
40722
40729
40738
40744
40753
40760
40768
40775
40784
40790
40799
40806
40814
40821
40830
40836
40845
40852
40860
40867
40876
40882
40891
40898
40906
40913
40922
40928
40937
40944
40952
40959
40968
40977
40984
40994
41001
41010
41018
41027
41034
41044
41051
41060
41068
41077
41084
41094
41101
41110
41118
41127
41134
41144
41151
41160
41168
41177
41184
41194
41201
41211
41218
41227
41235
41244
41251
41261
41268
41277
41285
41294
41301
41311
41318
41327
41335
41344
41351
41361
41368
41377
41385
41394
41401
41411
41418
41427
41435
41444
41452
41461
41468
41478
41485
41494
41502
41511
41518
41539
41558
41580
41599
41620
41640
41661
41680
41702
41721
41743
41762
41783
41803
41824
41843
41865
41884
41901
41920
41938
41957
41974
41994
42011
42030
42047
42067
42084
42103
42121
42140
42157
42176
42194
42213
42230
42250
42267
42286
42304
42323
42340
42359
42377
42396
42413
42433
42450
42469
42486
42506
42523
42542
42560
42579
42596
42615
42633
42652
42666
42678
42692
42704
42718
42730
42745
42757
42771
42783
42797
42809
42823
42836
42850
42862
42876
42888
42902
42914
42929
42941
42955
42967
42981
42993
43007
43020
43034
43046
43057
43067
43079
43089
43100
43110
43122
43132
43144
43153
43165
43175
43187
43197
43208
43218
43230
43240
43252
43261
43273
43283
43295
43304
43316
43326
43338
43348
43359
43369
43381
43391
43403
43412
43424
43434
43446
43456
43467
43477
43489
43499
43511
43520
43532
43542
43554
43563
43575
43585
43597
43607
43621
43634
43648
43661
43675
43688
43703
43715
43730
43742
43757
43769
43784
43797
43811
43824
43838
43851
43865
43878
43893
43905
43920
43932
43947
43959
43974
43987
44001
44014
44028
44041
44055
44068
44083
44095
44110
44122
44137
44149
44164
44177
44191
44204
44218
44231
44246
44258
44273
44285
44300
44312
44327
44340
44354
44367
44381
44394
44408
44421
44436
44448
44463
44473
44481
44491
44500
44510
44518
44529
44537
44547
44555
44566
44574
44584
44593
44603
44611
44621
44630
44640
44648
44659
44667
44677
44685
44696
44704
44714
44723
44733
44741
44751
44760
44770
44778
44789
44797
44807
44815
44826
44834
44844
44853
44863
44871
44881
44890
44900
44908
44919
44927
44937
44945
44956
44964
44974
44983
44993
45001
45011
45020
45030
45038
45049
45057
45067
45076
45086
45094
45104
45113
45121
45128
45136
45143
45151
45158
45166
45173
45182
45188
45197
45203
45212
45218
45227
45233
45242
45249
45257
45264
45272
45279
45287
45294
45302
45309
45318
45324
45333
45339
45348
45354
45363
45369
45378
45385
45393
45400
45408
45415
45423
45430
45438
45445
45454
45463
45471
45481
45489
45499
45507
45517
45525
45534
45542
45552
45560
45570
45578
45588
45596
45605
45613
45623
45631
45641
45649
45659
45667
45676
45684
45694
45702
45712
45720
45730
45738
45747
45755
45765
45773
45783
45791
45801
45809
45818
45826
45836
45844
45854
45862
45872
45880
45889
45897
45907
45915
45925
45933
45943
45951
45960
45968
45978
45986
45996
46011
46025
46041
46054
46070
46084
46099
46113
46129
46142
46158
46172
46187
46201
46217
46230
46246
46260
46275
46289
46305
46318
46334
46348
46363
46377
46392
46405
46421
46434
46450
46463
46478
46492
46507
46521
46536
46549
46565
46578
46594
46607
46622
46636
46651
46665
46680
46693
46709
46722
46738
46751
46766
46780
46795
46809
46819
46828
46839
46847
46858
46867
46877
46886
46897
46906
46916
46925
46936
46944
46955
46964
46975
46983
46994
47003
47013
47022
47033
47042
47052
47061
47072
47080
47091
47100
47110
47119
47130
47139
47149
47158
47169
47177
47188
47197
47208
47216
47227
47236
47246
47255
47266
47275
47285
47294
47305
47313
47324
47333
47343
47352
47359
47369
47376
47385
47393
47402
47410
47419
47426
47436
47443
47453
47460
47469
47477
47486
47494
47503
47510
47520
47527
47537
47544
47553
47561
47570
47577
47587
47594
47604
47611
47620
47628
47637
47645
47654
47661
47671
47678
47688
47695
47704
47712
47721
47729
47738
47745
47755
47762
47771
47779
47788
47796
47805
47812
47822
47829
47839
47846
47855
47863
47872
47880
47889
47896
47906
47913
47923
47930
47939
47947
47956
47963
47973
47980
47990
47997
48006
48014
48023
48031
48040
48047
48057
48064
48074
48081
48090
48098
48107
48115
48124
48131
48141
48148
48157
48165
48174
48182
48190
48197
48206
48213
48222
48228
48237
48244
48253
48260
48269
48275
48284
48291
48300
48307
48316
48322
48331
48338
48347
48354
48363
48369
48378
48385
48394
48401
48410
48416
48425
48432
48441
48448
48456
48463
48472
48479
48488
48495
48503
48510
48519
48526
48535
48542
48550
48557
48566
48573
48582
48589
48597
48604
48613
48620
48629
48636
48644
48651
48660
48667
48676
48682
48691
48698
48707
48714
48723
48729
48738
48745
48754
48761
48770
48776
48785
48792
48801
48808
48817
48823
48832
48839
48848
48855
48864
48870
48879
48886
48895
48902
48910
48917
48926
48933
48942
48949
48957
48964
48973
48980
48989
48996
49006
49015
49025
49034
49044
49053
49063
49072
49082
49091
49101
49110
49120
49129
49139
49148
49158
49167
49177
49186
49196
49205
49215
49224
49234
49243
49253
49262
49272
49281
49291
49300
49310
49319
49329
49338
49348
49357
49367
49376
49386
49395
49405
49414
49424
49433
49443
49452
49462
49471
49478
49487
49494
49503
49510
49519
49526
49535
49542
49551
49558
49567
49574
49583
49590
49599
49606
49615
49622
49631
49638
49647
49654
49663
49670
49679
49686
49695
49702
49711
49718
49727
49734
49743
49750
49759
49766
49775
49782
49791
49798
49807
49814
49823
49830
49840
49847
49856
49863
49872
49879
49888
49895
49904
49911
49920
49927
49936
49943
49952
49959
49968
49975
49984
49991
50000
50007
50016
50023
50032
50039
50048
50055
50064
50071
50080
50087
50096
50103
50112
50119
50128
50135
50144
50151
50160
50167
50176
50183
50192
50199
50208
50216
50225
50232
50241
50248
50261
50273
50287
50299
50313
50325
50339
50350
50364
50376
50390
50402
50416
50428
50441
50453
50467
50479
50493
50505
50519
50530
50544
50556
50570
50582
50596
50608
50621
50633
50647
50659
50679
50698
50719
50738
50758
50777
50798
50817
50837
50856
50877
50896
50917
50935
50956
50975
50996
51014
51035
51054
51075
51093
51114
51133
51154
51173
51193
51201
51208
51217
51223
51232
51239
51247
51254
51263
51269
51278
51285
51293
51300
51309
51315
51324
51331
51339
51346
51355
51361
51370
51377
51385
51392
51401
51407
51416
51423
51431
51438
51447
51453
51462
51469
51477
51484
51493
51499
51508
51515
51523
51530
51539
51545
51554
51561
51569
51576
51585
51591
51600
51607
51615
51622
51631
51640
51647
51657
51664
51673
51681
51690
51697
51707
51714
51723
51731
51740
51747
51757
51764
51773
51781
51790
51797
51807
51814
51823
51831
51840
51847
51857
51864
51874
51881
51890
51898
51907
51914
51924
51931
51940
51948
51957
51964
51974
51981
51990
51998
52007
52014
52024
52031
52040
52048
52057
52064
52074
52081
52090
52098
52107
52115
52124
52131
52141
52148
52157
52165
52174
52181
52202
52221
52243
52262
52283
52303
52324
52343
52365
52384
52406
52425
52446
52466
52487
52506
52528
52547
52564
52583
52601
52620
52637
52657
52674
52693
52710
52730
52747
52766
52784
52803
52820
52839
52857
52876
52893
52913
52930
52949
52967
52986
53003
53022
53040
53059
53076
53096
53113
53132
53149
53169
53186
53205
53223
53242
53259
53278
53296
53315
53329
53341
53355
53367
53381
53393
53408
53420
53434
53446
53460
53472
53486
53499
53513
53525
53539
53551
53565
53577
53592
53604
53618
53630
53644
53656
53670
53683
53697
53709
53720
53730
53742
53752
53763
53773
53785
53795
53807
53816
53828
53838
53850
53860
53871
53881
53893
53903
53915
53924
53936
53946
53958
53967
53979
53989
54001
54011
54022
54032
54044
54054
54066
54075
54087
54097
54109
54119
54130
54140
54152
54162
54174
54183
54195
54205
54217
54226
54238
54248
54260
54270
54284
54297
54311
54324
54338
54351
54366
54378
54393
54405
54420
54432
54447
54460
54474
54487
54501
54514
54528
54541
54556
54568
54583
54595
54610
54622
54637
54650
54664
54677
54691
54704
54718
54731
54746
54758
54773
54785
54800
54812
54827
54840
54854
54867
54881
54894
54909
54921
54936
54948
54963
54975
54990
55003
55017
55030
55044
55057
55071
55084
55099
55111
55126
55136
55144
55154
55163
55173
55181
55192
55200
55210
55218
55229
55237
55247
55256
55266
55274
55284
55293
55303
55311
55322
55330
55340
55348
55359
55367
55377
55386
55396
55404
55414
55423
55433
55441
55452
55460
55470
55478
55489
55497
55507
55516
55526
55534
55544
55553
55563
55571
55582
55590
55600
55608
55619
55627
55637
55646
55656
55664
55674
55683
55693
55701
55712
55720
55730
55739
55749
55757
55767
55776
55784
55791
55799
55806
55814
55821
55829
55836
55845
55851
55860
55866
55875
55881
55890
55896
55905
55912
55920
55927
55935
55942
55950
55957
55965
55972
55981
55987
55996
56002
56011
56017
56026
56032
56041
56048
56056
56063
56071
56078
56086
56093
56101
56108
56117
56126
56134
56144
56152
56162
56170
56180
56188
56197
56205
56215
56223
56233
56241
56251
56259
56268
56276
56286
56294
56304
56312
56322
56330
56339
56347
56357
56365
56375
56383
56393
56401
56410
56418
56428
56436
56446
56454
56464
56472
56481
56489
56499
56507
56517
56525
56535
56543
56552
56560
56570
56578
56588
56596
56606
56614
56623
56631
56641
56649
56659
56674
56688
56704
56717
56733
56747
56762
56776
56792
56805
56821
56835
56850
56864
56880
56893
56909
56923
56938
56952
56968
56981
56997
57011
57026
57040
57055
57068
57084
57097
57113
57126
57141
57155
57170
57184
57199
57212
57228
57241
57257
57270
57285
57299
57314
57328
57343
57356
57372
57385
57401
57414
57429
57443
57458
57472
57482
57491
57502
57510
57521
57530
57540
57549
57560
57569
57579
57588
57599
57607
57618
57627
57638
57646
57657
57666
57676
57685
57696
57705
57715
57724
57735
57743
57754
57763
57773
57782
57793
57802
57812
57821
57832
57840
57851
57860
57871
57879
57890
57899
57909
57918
57929
57938
57948
57957
57968
57976
57987
57996
58006
58015
58022
58032
58039
58048
58056
58065
58073
58082
58089
58099
58106
58116
58123
58132
58140
58149
58157
58166
58173
58183
58190
58200
58207
58216
58224
58233
58240
58250
58257
58267
58274
58283
58291
58300
58308
58317
58324
58334
58341
58351
58358
58367
58375
58384
58392
58401
58408
58418
58425
58434
58442
58451
58459
58468
58475
58485
58492
58502
58509
58518
58526
58535
58543
58552
58559
58569
58576
58586
58593
58602
58610
58619
58626
58636
58643
58653
58660
58669
58677
58686
58694
58703
58710
58720
58727
58737
58744
58753
58761
58770
58778
58787
58794
58804
58811
58820
58828
58837
58845
58853
58860
58869
58876
58885
58891
58900
58907
58916
58923
58932
58938
58947
58954
58963
58970
58979
58985
58994
59001
59010
59017
59026
59032
59041
59048
59057
59064
59073
59079
59088
59095
59104
59111
59119
59126
59135
59142
59151
59158
59166
59173
59182
59189
59198
59205
59213
59220
59229
59236
59245
59252
59260
59267
59276
59283
59292
59299
59307
59314
59323
59330
59339
59345
59354
59361
59370
59377
59386
59392
59401
59408
59417
59424
59433
59439
59448
59455
59464
59471
59480
59486
59495
59502
59511
59518
59527
59533
59542
59549
59558
59565
59573
59580
59589
59596
59605
59612
59620
59627
59636
59643
59652
59659
59669
59678
59688
59697
59707
59716
59726
59735
59745
59754
59764
59773
59783
59792
59802
59811
59821
59830
59840
59849
59859
59868
59878
59887
59897
59906
59916
59925
59935
59944
59954
59963
59973
59982
59992
60001
60011
60020
60030
60039
60049
60058
60068
60077
60087
60096
60106
60115
60125
60134
60141
60150
60157
60166
60173
60182
60189
60198
60205
60214
60221
60230
60237
60246
60253
60262
60269
60278
60285
60294
60301
60310
60317
60326
60333
60342
60349
60358
60365
60374
60381
60390
60397
60406
60413
60422
60429
60438
60445
60454
60461
60470
60477
60486
60493
60503
60510
60519
60526
60535
60542
60551
60558
60567
60574
60583
60590
60599
60606
60615
60622
60631
60638
60647
60654
60663
60670
60679
60686
60695
60702
60711
60718
60727
60734
60743
60750
60759
60766
60775
60782
60791
60798
60807
60814
60823
60830
60839
60846
60855
60862
60871
60879
60888
60895
60904
60911
60924
60936
60950
60962
60976
60988
61002
61013
61027
61039
61053
61065
61079
61091
61104
61116
61130
61142
61156
61168
61182
61193
61207
61219
61233
61245
61259
61271
61284
61296
61310
61322
61342
61361
61382
61401
61421
61440
61461
61480
61500
61519
61540
61559
61580
61598
61619
61638
61659
61677
61698
61717
61738
61756
61777
61796
61817
61836
61856
61864
61871
61880
61886
61895
61902
61910
61917
61926
61932
61941
61948
61956
61963
61972
61978
61987
61994
62002
62009
62018
62024
62033
62040
62048
62055
62064
62070
62079
62086
62094
62101
62110
62116
62125
62132
62140
62147
62156
62162
62171
62178
62186
62193
62202
62208
62217
62224
62232
62239
62248
62254
62263
62270
62278
62285
62294
62303
62310
62320
62327
62336
62344
62353
62360
62370
62377
62386
62394
62403
62410
62420
62427
62436
62444
62453
62460
62470
62477
62486
62494
62503
62510
62520
62527
62537
62544
62553
62561
62570
62577
62587
62594
62603
62611
62620
62627
62637
62644
62653
62661
62670
62677
62687
62694
62703
62711
62720
62727
62737
62744
62753
62761
62770
62778
62787
62794
62804
62811
62820
62828
62837
62844
62865
62884
62906
62925
62946
62966
62987
63006
63028
63047
63069
63088
63109
63129
63150
63169
63191
63210
63227
63246
63264
63283
63300
63320
63337
63356
63373
63393
63410
63429
63447
63466
63483
63502
63520
63539
63556
63576
63593
63612
63630
63649
63666
63685
63703
63722
63739
63759
63776
63795
63812
63832
63849
63868
63886
63905
63922
63941
63959
63978
63992
64004
64018
64030
64044
64056
64071
64083
64097
64109
64123
64135
64149
64162
64176
64188
64202
64214
64228
64240
64255
64267
64281
64293
64307
64319
64333
64346
64360
64372
64383
64393
64405
64415
64426
64436
64448
64458
64470
64479
64491
64501
64513
64523
64534
64544
64556
64566
64578
64587
64599
64609
64621
64630
64642
64652
64664
64674
64685
64695
64707
64717
64729
64738
64750
64760
64772
64782
64793
64803
64815
64825
64837
64846
64858
64868
64880
64889
64901
64911
64923
64933
64947
64960
64974
64987
65001
65014
65029
65041
65056
65068
65083
65095
65110
65123
65137
65150
65164
65177
65191
65204
65219
65231
65246
65258
65273
65285
65300
65313
65327
65340
65354
65367
65381
65394
65409
65421
65436
65448
65463
65475
65490
65503
65517
65530
65544
65557
65572
65584
65599
65611
65626
65638
65653
65666
65680
65693
65707
65720
65734
65747
65762
65774
65789
65799
65807
65817
65826
65836
65844
65855
65863
65873
65881
65892
65900
65910
65919
65929
65937
65947
65956
65966
65974
65985
65993
66003
66011
66022
66030
66040
66049
66059
66067
66077
66086
66096
66104
66115
66123
66133
66141
66152
66160
66170
66179
66189
66197
66207
66216
66226
66234
66245
66253
66263
66271
66282
66290
66300
66309
66319
66327
66337
66346
66356
66364
66375
66383
66393
66402
66412
66420
66430
66439
66447
66454
66462
66469
66477
66484
66492
66499
66508
66514
66523
66529
66538
66544
66553
66559
66568
66575
66583
66590
66598
66605
66613
66620
66628
66635
66644
66650
66659
66665
66674
66680
66689
66695
66704
66711
66719
66726
66734
66741
66749
66756
66764
66771
66780
66789
66797
66807
66815
66825
66833
66843
66851
66860
66868
66878
66886
66896
66904
66914
66922
66931
66939
66949
66957
66967
66975
66985
66993
67002
67010
67020
67028
67038
67046
67056
67064
67073
67081
67091
67099
67109
67117
67127
67135
67144
67152
67162
67170
67180
67188
67198
67206
67215
67223
67233
67241
67251
67259
67269
67277
67286
67294
67304
67312
67322
67337
67351
67367
67380
67396
67410
67425
67439
67455
67468
67484
67498
67513
67527
67543
67556
67572
67586
67601
67615
67631
67644
67660
67674
67689
67703
67718
67731
67747
67760
67776
67789
67804
67818
67833
67847
67862
67875
67891
67904
67920
67933
67948
67962
67977
67991
68006
68019
68035
68048
68064
68077
68092
68106
68121
68135
68145
68154
68165
68173
68184
68193
68203
68212
68223
68232
68242
68251
68262
68270
68281
68290
68301
68309
68320
68329
68339
68348
68359
68368
68378
68387
68398
68406
68417
68426
68436
68445
68456
68465
68475
68484
68495
68503
68514
68523
68534
68542
68553
68562
68572
68581
68592
68601
68611
68620
68631
68639
68650
68659
68669
68678
68685
68695
68702
68711
68719
68728
68736
68745
68752
68762
68769
68779
68786
68795
68803
68812
68820
68829
68836
68846
68853
68863
68870
68879
68887
68896
68903
68913
68920
68930
68937
68946
68954
68963
68971
68980
68987
68997
69004
69014
69021
69030
69038
69047
69055
69064
69071
69081
69088
69097
69105
69114
69122
69131
69138
69148
69155
69165
69172
69181
69189
69198
69206
69215
69222
69232
69239
69249
69256
69265
69273
69282
69289
69299
69306
69316
69323
69332
69340
69349
69357
69366
69373
69383
69390
69400
69407
69416
69424
69433
69441
69450
69457
69467
69474
69483
69491
69500
69508
69516
69523
69532
69539
69548
69554
69563
69570
69579
69586
69595
69601
69610
69617
69626
69633
69642
69648
69657
69664
69673
69680
69689
69695
69704
69711
69720
69727
69736
69742
69751
69758
69767
69774
69782
69789
69798
69805
69814
69821
69829
69836
69845
69852
69861
69868
69876
69883
69892
69899
69908
69915
69923
69930
69939
69946
69955
69962
69970
69977
69986
69993
70002
70008
70017
70024
70033
70040
70049
70055
70064
70071
70080
70087
70096
70102
70111
70118
70127
70134
70143
70149
70158
70165
70174
70181
70190
70196
70205
70212
70221
70228
70236
70243
70252
70259
70268
70275
70283
70290
70299
70306
70315
70322
70332
70341
70351
70360
70370
70379
70389
70398
70408
70417
70427
70436
70446
70455
70465
70474
70484
70493
70503
70512
70522
70531
70541
70550
70560
70569
70579
70588
70598
70607
70617
70626
70636
70645
70655
70664
70674
70683
70693
70702
70712
70721
70731
70740
70750
70759
70769
70778
70788
70797
70804
70813
70820
70829
70836
70845
70852
70861
70868
70877
70884
70893
70900
70909
70916
70925
70932
70941
70948
70957
70964
70973
70980
70989
70996
71005
71012
71021
71028
71037
71044
71053
71060
71069
71076
71085
71092
71101
71108
71117
71124
71133
71140
71149
71156
71166
71173
71182
71189
71198
71205
71214
71221
71230
71237
71246
71253
71262
71269
71278
71285
71294
71301
71310
71317
71326
71333
71342
71349
71358
71365
71374
71381
71390
71397
71406
71413
71422
71429
71438
71445
71454
71461
71470
71477
71486
71493
71502
71509
71518
71525
71534
71542
71551
71558
71567
71574
71587
71599
71613
71625
71639
71651
71665
71676
71690
71702
71716
71728
71742
71754
71767
71779
71793
71805
71819
71831
71845
71856
71870
71882
71896
71908
71922
71934
71947
71959
71973
71985
72005
72024
72045
72064
72084
72103
72124
72143
72163
72182
72203
72222
72243
72261
72282
72301
72322
72340
72361
72380
72401
72419
72440
72459
72480
72499
72519
72527
72534
72543
72549
72558
72565
72573
72580
72589
72595
72604
72611
72619
72626
72635
72641
72650
72657
72665
72672
72681
72687
72696
72703
72711
72718
72727
72733
72742
72749
72757
72764
72773
72779
72788
72795
72803
72810
72819
72825
72834
72841
72849
72856
72865
72871
72880
72887
72895
72902
72911
72917
72926
72933
72941
72948
72957
72966
72973
72983
72990
72999
73007
73016
73023
73033
73040
73049
73057
73066
73073
73083
73090
73099
73107
73116
73123
73133
73140
73149
73157
73166
73173
73183
73190
73200
73207
73216
73224
73233
73240
73250
73257
73266
73274
73283
73290
73300
73307
73316
73324
73333
73340
73350
73357
73366
73374
73383
73390
73400
73407
73416
73424
73433
73441
73450
73457
73467
73474
73483
73491
73500
73507
73528
73547
73569
73588
73609
73629
73650
73669
73691
73710
73732
73751
73772
73792
73813
73832
73854
73873
73890
73909
73927
73946
73963
73983
74000
74019
74036
74056
74073
74092
74110
74129
74146
74165
74183
74202
74219
74239
74256
74275
74293
74312
74329
74348
74366
74385
74402
74422
74439
74458
74475
74495
74512
74531
74549
74568
74585
74604
74622
74641
