7
12
19
25
32
37
44
50
57
62
70
75
82
87
95
100
107
112
120
125
132
138
145
150
157
163
170
175
183
188
195
200
208
213
220
225
233
238
245
251
258
263
270
276
283
288
295
301
308
313
321
326
333
338
346
351
358
364
371
376
383
389
396
401
408
414
421
426
434
439
446
451
459
464
471
476
484
489
496
502
509
514
521
527
534
539
547
552
559
564
572
577
584
589
597
602
609
615
622
627
634
640
647
652
659
665
672
677
685
690
697
702
710
715
722
728
735
740
747
753
760
765
772
778
785
790
797
802
809
814
821
826
833
838
846
851
858
863
870
875
882
887
894
899
907
912
919
924
931
936
943
948
955
960
968
973
980
985
992
997
1004
1009
1016
1021
1028
1034
1041
1046
1053
1058
1065
1070
1077
1082
1089
1095
1102
1107
1114
1119
1126
1131
1138
1143
1150
1156
1163
1168
1175
1180
1187
1192
1199
1204
1211
1217
1224
1229
1236
1241
1248
1253
1260
1265
1272
1278
1284
1291
1296
1303
1308
1315
1320
1327
1332
1339
1345
1352
1357
1364
1369
1376
1381
1388
1393
1400
1406
1413
1418
1425
1430
1437
1442
1449
1454
1461
1467
1474
1479
1486
1491
1498
1503
1510
1520
1528
1538
1546
1556
1565
1575
1583
1593
1601
1611
1620
1630
1638
1648
1656
1666
1675
1685
1693
1703
1711
1722
1730
1740
1748
1758
1766
1777
1785
1795
1803
1813
1821
1832
1840
1850
1858
1868
1876
1887
1895
1905
1913
1923
1932
1942
1950
1960
1968
1978
1987
1997
2005
2015
2023
2033
2042
2052
2060
2070
2078
2088
2097
2107
2115
2125
2133
2144
2152
2162
2170
2180
2188
2199
2207
2217
2225
2235
2243
2254
2262
2272
2280
2287
2295
2302
2310
2317
2325
2332
2340
2347
2355
2362
2370
2377
2386
2392
2401
2407
2416
2422
2431
2437
2446
2452
2461
2467
2476
2483
2491
2498
2506
2513
2521
2528
2536
2543
2551
2558
2566
2573
2582
2588
2597
2603
2612
2618
2627
2633
2642
2648
2657
2663
2672
2679
2687
2694
2702
2709
2717
2724
2732
2739
2747
2754
2762
2769
2778
2784
2793
2799
2808
2814
2823
2829
2838
2844
2853
2859
2868
2875
2883
2890
2898
2905
2913
2920
2928
2935
2943
2950
2958
2965
2974
2983
2991
3001
3009
3019
3026
3036
3044
3054
3062
3071
3079
3089
3097
3107
3115
3124
3132
3142
3150
3160
3167
3177
3185
3195
3203
3213
3220
3230
3238
3248
3256
3265
3273
3283
3291
3301
3309
3318
3326
3336
3344
3354
3361
3371
3379
3389
3397
3407
3414
3424
3432
3442
3450
3459
3467
3477
3485
3495
3503
3512
3520
3530
3538
3548
3555
3565
3573
3583
3591
3601
3608
3618
3626
3636
3644
3653
3661
3671
3679
3689
3696
3706
3714
3724
3734
3742
3752
3760
3770
3778
3789
3797
3807
3815
3825
3833
3843
3852
3862
3870
3880
3888
3898
3907
3917
3925
3935
3943
3953
3961
3972
3980
3990
3998
4008
4016
4027
4035
4045
4053
4063
4071
4081
4090
4100
4108
4118
4126
4136
4145
4155
4163
4173
4181
4191
4199
4210
4218
4228
4236
4246
4254
4265
4273
4283
4291
4301
4309
4319
4328
4338
4346
4356
4364
4374
4383
4393
4401
4411
4419
4429
4437
4448
4456
4466
4474
4482
4488
4497
4503
4512
4518
4527
4533
4542
4548
4557
4563
4572
4578
4587
4593
4602
4608
4617
4623
4632
4638
4646
4653
4661
4668
4676
4683
4691
4698
4706
4713
4721
4728
4736
4743
4751
4758
4766
4773
4781
4788
4796
4802
4811
4817
4826
4832
4841
4847
4856
4862
4871
4877
4886
4892
4901
4907
4916
4922
4931
4937
4946
4952
4960
4967
4975
4982
4990
4997
5005
5012
5020
5027
5035
5042
5050
5057
5065
5072
5080
5087
5095
5102
5110
5116
5125
5131
5140
5146
5155
5161
5170
5176
5185
5191
5200
5206
5215
5223
5230
5239
5246
5255
5262
5271
5278
5287
5294
5303
5310
5319
5326
5335
5342
5351
5358
5367
5374
5383
5390
5399
5406
5415
5422
5430
5437
5446
5453
5462
5469
5478
5485
5494
5501
5510
5517
5526
5533
5542
5549
5558
5565
5574
5581
5590
5597
5606
5613
5622
5629
5638
5644
5653
5660
5669
5676
5685
5692
5701
5708
5717
5724
5733
5740
5749
5756
5765
5772
5781
5788
5797
5804
5813
5820
5829
5836
5845
5852
5860
5867
5876
5883
5892
5899
5908
5915
5924
5931
5940
5947
5956
5963
5971
5977
5985
5991
5999
6005
6013
6019
6027
6033
6041
6047
6055
6061
6069
6075
6083
6089
6097
6103
6111
6118
6126
6132
6140
6146
6154
6160
6168
6174
6182
6188
6196
6202
6210
6216
6224
6230
6238
6244
6252
6258
6266
6273
6281
6287
6295
6301
6309
6315
6323
6329
6337
6343
6351
6357
6365
6371
6379
6385
6393
6399
6407
6413
6422
6428
6436
6442
6450
6456
6464
6470
6478
6484
6492
6498
6506
6512
6520
6526
6534
6540
6548
6554
6562
6568
6577
6583
6591
6597
6605
6611
6619
6625
6633
6639
6647
6653
6661
6667
6675
6681
6689
6695
6703
6709
6717
6724
6732
6738
6746
6752
6760
6767
6772
6779
6784
6791
6796
6803
6808
6815
6820
6828
6833
6840
6845
6852
6857
6864
6869
6876
6881
6888
6894
6901
6906
6913
6918
6925
6930
6937
6942
6949
6954
6962
6967
6974
6979
6986
6991
6998
7003
7010
7015
7022
7028
7035
7040
7047
7052
7059
7064
7071
7076
7083
7088
7096
7101
7108
7113
7120
7125
7132
7137
7144
7149
7156
7162
7169
7174
7181
7186
7193
7198
7205
7210
7217
7222
7230
7235
7242
7247
7254
7259
7266
7271
7278
7283
7290
7296
7303
7308
7315
7320
7327
7332
7339
7344
7351
7356
7364
7369
7376
7381
7388
7393
7400
7405
7412
7417
7424
7430
7437
7442
7449
7454
7461
7466
7473
7478
7485
7490
7498
7503
7510
7515
7522
7527
7535
7541
7549
7555
7563
7569
7577
7583
7591
7597
7605
7611
7619
7625
7634
7640
7648
7654
7662
7668
7676
7682
7690
7696
7704
7710
7718
7724
7732
7739
7747
7753
7761
7767
7775
7781
7789
7795
7803
7809
7817
7823
7831
7837
7846
7852
7860
7866
7874
7880
7888
7894
7902
7908
7916
7922
7930
7936
7944
7951
7959
7965
7973
7979
7987
7993
8001
8007
8015
8021
8029
8035
8043
8049
8058
8064
8072
8078
8086
8092
8100
8106
8114
8120
8128
8134
8142
8148
8156
8163
8171
8177
8185
8191
8199
8205
8213
8219
8227
8233
8241
8247
8255
8261
8270
8276
8284
8290
8298
8304
8312
8320
8326
8334
8340
8349
8355
8363
8369
8378
8384
8392
8398
8407
8413
8421
8427
8436
8442
8450
8456
8464
8471
8479
8485
8493
8500
8508
8514
8522
8529
8537
8543
8551
8558
8566
8572
8580
8587
8595
8601
8609
8615
8624
8630
8638
8644
8653
8659
8667
8673
8682
8688
8696
8702
8711
8717
8725
8731
8740
8746
8754
8760
8768
8775
8783
8789
8797
8804
8812
8818
8826
8833
8841
8847
8855
8862
8870
8876
8884
8891
8899
8905
8913
8919
8928
8934
8942
8948
8957
8963
8971
8977
8986
8992
9000
9006
9015
9021
9028
9033
9041
9046
9054
9059
9067
9072
9080
9085
9093
9098
9106
9111
9118
9124
9131
9137
9144
9150
9157
9163
9170
9176
9183
9189
9196
9201
9209
9214
9222
9227
9235
9240
9248
9253
9261
9266
9274
9279
9286
9292
9299
9305
9312
9318
9325
9331
9338
9344
9351
9357
9364
9369
9377
9382
9390
9395
9403
9408
9416
9421
9429
9434
9442
9447
9454
9460
9467
9473
9480
9486
9493
9499
9506
9512
9519
9525
9532
9537
9545
9550
9558
9563
9571
9576
9584
9589
9597
9602
9610
9615
9622
9628
9635
9641
9648
9654
9661
9667
9674
9680
9687
9693
9700
9705
9713
9718
9726
9731
9739
9744
9752
9757
9765
9770
9778
9783
9790
9796
9803
9809
9816
9826
9834
9845
9853
9864
9872
9883
9891
9902
9910
9921
9929
9940
9948
9959
9967
9978
9986
9997
10005
10016
10024
10035
10043
10054
10062
10073
10081
10092
10100
10111
10119
10130
10138
10149
10157
10167
10176
10186
10195
10205
10214
10224
10233
10243
10252
10262
10271
10281
10290
10300
10309
10319
10328
10338
10347
10357
10366
10376
10385
10395
10404
10414
10423
10433
10442
10452
10461
10471
10480
10490
10499
10509
10517
10528
10536
10547
10555
10566
10573
10578
10585
10591
10598
10603
10610
10616
10623
10628
10636
10641
10648
10653
10661
10666
10673
10678
10686
10691
10698
10704
10711
10716
10723
10729
10736
10741
10749
10754
10761
10766
10774
10779
10786
10791
10799
10804
10811
10817
10824
10829
10836
10842
10849
10854
10861
10867
10874
10879
10887
10892
10899
10904
10912
10917
10924
10930
10937
10942
10949
10955
10962
10967
10974
10980
10987
10992
11000
11005
11012
11017
11025
11030
11037
11042
11050
11055
11062
11068
11075
11080
11087
11093
11100
11105
11113
11118
11125
11130
11138
11143
11150
11155
11163
11168
11175
11181
11188
11193
11200
11206
11213
11218
11225
11231
11238
11243
11251
11256
11263
11268
11276
11281
11288
11294
11301
11306
11313
11319
11326
11331
11338
11344
11351
11356
11363
11368
11375
11380
11387
11392
11399
11404
11412
11417
11424
11429
11436
11441
11448
11453
11460
11465
11473
11478
11485
11490
11497
11502
11509
11514
11521
11526
11534
11539
11546
11551
11558
11563
11570
11575
11582
11587
11594
11600
11607
11612
11619
11624
11631
11636
11643
11648
11655
11661
11668
11673
11680
11685
11692
11697
11704
11709
11716
11722
11729
11734
11741
11746
11753
11758
11765
11770
11777
11783
11790
11795
11802
11807
11814
11819
11826
11831
11838
11844
11850
11857
11862
11869
11874
11881
11886
11893
11898
11905
11911
11918
11923
11930
11935
11942
11947
11954
11959
11966
11972
11979
11984
11991
11996
12003
12008
12015
12020
12027
12033
12040
12045
12052
12057
12064
12069
12076
12086
12094
12104
12112
12122
12131
12141
12149
12159
12167
12177
12186
12196
12204
12214
12222
12232
12241
12251
12259
12269
12277
12288
12296
12306
12314
12324
12332
12343
12351
12361
12369
12379
12387
12398
12406
12416
12424
12434
12442
12453
12461
12471
12479
12489
12498
12508
12516
12526
12534
12544
12553
12563
12571
12581
12589
12599
12608
12618
12626
12636
12644
12654
12663
12673
12681
12691
12699
12710
12718
12728
12736
12746
12754
12765
12773
12783
12791
12801
12809
12820
12828
12838
12846
12853
12861
12868
12876
12883
12891
12898
12906
12913
12921
12928
12936
12943
12952
12958
12967
12973
12982
12988
12997
13003
13012
13018
13027
13033
13042
13049
13057
13064
13072
13079
13087
13094
13102
13109
13117
13124
13132
13139
13148
13154
13163
13169
13178
13184
13193
13199
13208
13214
13223
13229
13238
13245
13253
13260
13268
13275
13283
13290
13298
13305
13313
13320
13328
13335
13344
13350
13359
13365
13374
13380
13389
13395
13404
13410
13419
13425
13434
13441
13449
13456
13464
13471
13479
13486
13494
13501
13509
13516
13524
13531
13540
13549
13557
13567
13575
13585
13592
13602
13610
13620
13628
13637
13645
13655
13663
13673
13681
13690
13698
13708
13716
13726
13733
13743
13751
13761
13769
13779
13786
13796
13804
13814
13822
13831
13839
13849
13857
13867
13875
13884
13892
13902
13910
13920
13927
13937
13945
13955
13963
13973
13980
13990
13998
14008
14016
14025
14033
14043
14051
14061
14069
14078
14086
14096
14104
14114
14121
14131
14139
14149
14157
14167
14174
14184
14192
14202
14210
14219
14227
14237
14245
14255
14262
14272
14280
14290
14300
14308
14318
14326
14336
14344
14355
14363
14373
14381
14391
14399
14409
14418
14428
14436
14446
14454
14464
14473
14483
14491
14501
14509
14519
14527
14538
14546
14556
14564
14574
14582
14593
14601
14611
14619
14629
14637
14647
14656
14666
14674
14684
14692
14702
14711
14721
14729
14739
14747
14757
14765
14776
14784
14794
14802
14812
14820
14831
14839
14849
14857
14867
14875
14885
14894
14904
14912
14922
14930
14940
14949
14959
14967
14977
14985
14995
15003
15014
15022
15032
15040
15048
15054
15063
15069
15078
15084
15093
15099
15108
15114
15123
15129
15138
15144
15153
15159
15168
15174
15183
15189
15198
15204
15212
15219
15227
15234
15242
15249
15257
15264
15272
15279
15287
15294
15302
15309
15317
15324
15332
15339
15347
15354
15362
15368
15377
15383
15392
15398
15407
15413
15422
15428
15437
15443
15452
15458
15467
15473
15482
15488
15497
15503
15512
15518
15526
15533
15541
15548
15556
15563
15571
15578
15586
15593
15601
15608
15616
15623
15631
15638
15646
15653
15661
15668
15676
15682
15691
15697
15706
15712
15721
15727
15736
15742
15751
15757
15766
15772
15781
15789
15796
15805
15812
15821
15828
15837
15844
15853
15860
15869
15876
15885
15892
15901
15908
15917
15924
15933
15940
15949
15956
15965
15972
15981
15988
15996
16003
16012
16019
16028
16035
16044
16051
16060
16067
16076
16083
16092
16099
16108
16115
16124
16131
16140
16147
16156
16163
16172
16179
16188
16195
16204
16210
16219
16226
16235
16242
16251
16258
16267
16274
16283
16290
16299
16306
16315
16322
16331
16338
16347
16354
16363
16370
16379
16386
16395
16402
16411
16418
16426
16433
16442
16449
16458
16465
16474
16481
16490
16497
16506
16513
16522
16529
16537
16543
16551
16557
16565
16571
16579
16585
16593
16599
16607
16613
16621
16627
16635
16641
16649
16655
16663
16669
16677
16684
16692
16698
16706
16712
16720
16726
16734
16740
16748
16754
16762
16768
16776
16782
16790
16796
16804
16810
16818
16824
16832
16839
16847
16853
16861
16867
16875
16881
16889
16895
16903
16909
16917
16923
16931
16937
16945
16951
16959
16965
16973
16979
16988
16994
17002
17008
17016
17022
17030
17036
17044
17050
17058
17064
17072
17078
17086
17092
17100
17106
17114
17120
17128
17134
17143
17149
17157
17163
17171
17177
17185
17191
17199
17205
17213
17219
17227
17233
17241
17247
17255
17261
17269
17275
17283
17290
17298
17304
17312
17318
17326
17333
17338
17345
17350
17357
17362
17369
17374
17381
17386
17394
17399
17406
17411
17418
17423
17430
17435
17442
17447
17454
17460
17467
17472
17479
17484
17491
17496
17503
17508
17515
17520
17528
17533
17540
17545
17552
17557
17564
17569
17576
17581
17588
17594
17601
17606
17613
17618
17625
17630
17637
17642
17649
17654
17662
17667
17674
17679
17686
17691
17698
17703
17710
17715
17722
17728
17735
17740
17747
17752
17759
17764
17771
17776
17783
17788
17796
17801
17808
17813
17820
17825
17832
17837
17844
17849
17856
17862
17869
17874
17881
17886
17893
17898
17905
17910
17917
17922
17930
17935
17942
17947
17954
17959
17966
17971
17978
17983
17990
17996
18003
18008
18015
18020
18027
18032
18039
18044
18051
18056
18064
18069
18076
18081
18088
18093
18101
18107
18115
18121
18129
18135
18143
18149
18157
18163
18171
18177
18185
18191
18200
18206
18214
18220
18228
18234
18242
18248
18256
18262
18270
18276
18284
18290
18298
18305
18313
18319
18327
18333
18341
18347
18355
18361
18369
18375
18383
18389
18397
18403
18412
18418
18426
18432
18440
18446
18454
18460
18468
18474
18482
18488
18496
18502
18510
18517
18525
18531
18539
18545
18553
18559
18567
18573
18581
18587
18595
18601
18609
18615
18624
18630
18638
18644
18652
18658
18666
18672
18680
18686
18694
18700
18708
18714
18722
18729
18737
18743
18751
18757
18765
18771
18779
18785
18793
18799
18807
18813
18821
18827
18836
18842
18850
18856
18864
18870
18878
18886
18892
18900
18906
18915
18921
18929
18935
18944
18950
18958
18964
18973
18979
18987
18993
19002
19008
19016
19022
19030
19037
19045
19051
19059
19066
19074
19080
19088
19095
19103
19109
19117
19124
19132
19138
19146
19153
19161
19167
19175
19181
19190
19196
19204
19210
19219
19225
19233
19239
19248
19254
19262
19268
19277
19283
19291
19297
19306
19312
19320
19326
19334
19341
19349
19355
19363
19370
19378
19384
19392
19399
19407
19413
19421
19428
19436
19442
19450
19457
19465
19471
19479
19485
19494
19500
19508
19514
19523
19529
19537
19543
19552
19558
19566
19572
19581
19587
19594
19599
19607
19612
19620
19625
19633
19638
19646
19651
19659
19664
19672
19677
19684
19690
19697
19703
19710
19716
19723
19729
19736
19742
19749
19755
19762
19767
19775
19780
19788
19793
19801
19806
19814
19819
19827
19832
19840
19845
19852
19858
19865
19871
19878
19884
19891
19897
19904
19910
19917
19923
19930
19935
19943
19948
19956
19961
19969
19974
19982
19987
19995
20000
20008
20013
20020
20026
20033
20039
20046
20052
20059
20065
20072
20078
20085
20091
20098
20103
20111
20116
20124
20129
20137
20142
20150
20155
20163
20168
20176
20181
20188
20194
20201
20207
20214
20220
20227
20233
20240
20246
20253
20259
20266
20271
20279
20284
20292
20297
20305
20310
20318
20323
20331
20336
20344
20349
20356
20362
20369
20375
20382
20392
20400
20411
20419
20430
20438
20449
20457
20468
20476
20487
20495
20506
20514
20525
20533
20544
20552
20563
20571
20582
20590
20601
20609
20620
20628
20639
20647
20658
20666
20677
20685
20696
20704
20715
20723
20733
20742
20752
20761
20771
20780
20790
20799
20809
20818
20828
20837
20847
20856
20866
20875
20885
20894
20904
20913
20923
20932
20942
20951
20961
20970
20980
20989
20999
21008
21018
21027
21037
21046
21056
21065
21075
21083
21094
21102
21113
21121
21132
21139
21144
21151
21157
21164
21169
21176
21182
21189
21194
21202
21207
21214
21219
21227
21232
21239
21244
21252
21257
21264
21270
21277
21282
21289
21295
21302
21307
21315
21320
21327
21332
21340
21345
21352
21357
21365
21370
21377
21383
21390
21395
21402
21408
21415
21420
21427
21433
21440
21445
21453
21458
21465
21470
21478
21483
21490
21496
21503
21508
21515
21521
21528
21533
21540
21546
21553
21558
21566
21571
21578
21583
21591
21596
21603
21608
21616
21621
21628
21634
21641
21646
21653
21659
21666
21671
21679
21684
21691
21696
21704
21709
21716
21721
21729
21734
21741
21747
21754
21759
21766
21772
21779
21784
21791
21797
21804
21809
21817
21822
21829
21834
21842
21847
21854
21860
21867
21872
21879
21885
21892
21897
21904
21910
21917
21922
21929
21934
21941
21946
21953
21958
21965
21970
21978
21983
21990
21995
22002
22007
22014
22019
22026
22031
22039
22044
22051
22056
22063
22068
22075
22080
22087
22092
22100
22105
22112
22117
22124
22129
22136
22141
22148
22153
22160
22166
22173
22178
22185
22190
22197
22202
22209
22214
22221
22227
22234
22239
22246
22251
22258
22263
22270
22275
22282
22288
22295
22300
22307
22312
22319
22324
22331
22336
22343
22349
22356
22361
22368
22373
22380
22385
22392
22397
22404
22410
22416
22423
22428
22435
22440
22447
22452
22459
22464
22471
22477
22484
22489
22496
22501
22508
22513
22520
22525
22532
22538
22545
22550
22557
22562
22569
22574
22581
22586
22593
22599
22606
22611
22618
22623
22630
22635
22642
22652
22660
22670
22678
22688
22697
22707
22715
22725
22733
22743
22752
22762
22770
22780
22788
22798
22807
22817
22825
22835
22843
22854
22862
22872
22880
22890
22898
22909
22917
22927
22935
22945
22953
22964
22972
22982
22990
23000
23008
23019
23027
23037
23045
23055
23064
23074
23082
23092
23100
23110
23119
23129
23137
23147
23155
23165
23174
23184
23192
23202
23210
23220
23229
23239
23247
23257
23265
23276
23284
23294
23302
23312
23320
23331
23339
23349
23357
23367
23375
23386
23394
23404
23412
23419
23427
23434
23442
23449
23457
23464
23472
23479
23487
23494
23502
23509
23518
23524
23533
23539
23548
23554
23563
23569
23578
23584
23593
23599
23608
23615
23623
23630
23638
23645
23653
23660
23668
23675
23683
23690
23698
23705
23714
23720
23729
23735
23744
23750
23759
23765
23774
23780
23789
23795
23804
23811
23819
23826
23834
23841
23849
23856
23864
23871
23879
23886
23894
23901
23910
23916
23925
23931
23940
23946
23955
23961
23970
23976
23985
23991
24000
24007
24015
24022
24030
24037
24045
24052
24060
24067
24075
24082
24090
24097
24106
24115
24123
24133
24141
24151
24158
24168
24176
24186
24194
24203
24211
24221
24229
24239
24247
24256
24264
24274
24282
24292
24299
24309
24317
24327
24335
24345
24352
24362
24370
24380
24388
24397
24405
24415
24423
24433
24441
24450
24458
24468
24476
24486
24493
24503
24511
24521
24529
24539
24546
24556
24564
24574
24582
24591
24599
24609
24617
24627
24635
24644
24652
24662
24670
24680
24687
24697
24705
24715
24723
24733
24740
24750
24758
24768
24776
24785
24793
24803
24811
24821
24828
24838
24846
24856
24866
24874
24884
24892
24902
24910
24921
24929
24939
24947
24957
24965
24975
24984
24994
25002
25012
25020
25030
25039
25049
25057
25067
25075
25085
25093
25104
25112
25122
25130
25140
25148
25159
25167
25177
25185
25195
25203
25213
25222
25232
25240
25250
25258
25268
25277
25287
25295
25305
25313
25323
25331
25342
25350
25360
25368
25378
25386
25397
25405
25415
25423
25433
25441
25451
25460
25470
25478
25488
25496
25506
25515
25525
25533
25543
25551
25561
25569
25580
25588
25598
25606
25614
25620
25629
25635
25644
25650
25659
25665
25674
25680
25689
25695
25704
25710
25719
25725
25734
25740
25749
25755
25764
25770
25778
25785
25793
25800
25808
25815
25823
25830
25838
25845
25853
25860
25868
25875
25883
25890
25898
25905
25913
25920
25928
25934
25943
25949
25958
25964
25973
25979
25988
25994
26003
26009
26018
26024
26033
26039
26048
26054
26063
26069
26078
26084
26092
26099
26107
26114
26122
26129
26137
26144
26152
26159
26167
26174
26182
26189
26197
26204
26212
26219
26227
26234
26242
26248
26257
26263
26272
26278
26287
26293
26302
26308
26317
26323
26332
26338
26347
26355
26362
26371
26378
26387
26394
26403
26410
26419
26426
26435
26442
26451
26458
26467
26474
26483
26490
26499
26506
26515
26522
26531
26538
26547
26554
26562
26569
26578
26585
26594
26601
26610
26617
26626
26633
26642
26649
26658
26665
26674
26681
26690
26697
26706
26713
26722
26729
26738
26745
26754
26761
26770
26776
26785
26792
26801
26808
26817
26824
26833
26840
26849
26856
26865
26872
26881
26888
26897
26904
26913
26920
26929
26936
26945
26952
26961
26968
26977
26984
26992
26999
27008
27015
27024
27031
27040
27047
27056
27063
27072
27079
27088
27095
27103
27109
27117
27123
27131
27137
27145
27151
27159
27165
27173
27179
27187
27193
27201
27207
27215
27221
27229
27235
27243
27250
27258
27264
27272
27278
27286
27292
27300
27306
27314
27320
27328
27334
27342
27348
27356
27362
27370
27376
27384
27390
27398
27405
27413
27419
27427
27433
27441
27447
27455
27461
27469
27475
27483
27489
27497
27503
27511
27517
27525
27531
27539
27545
27554
27560
27568
27574
27582
27588
27596
27602
27610
27616
27624
27630
27638
27644
27652
27658
27666
27672
27680
27686
27694
27700
27709
27715
27723
27729
27737
27743
27751
27757
27765
27771
27779
27785
27793
27799
27807
27813
27821
27827
27835
27841
27849
27856
27864
27870
27878
27884
27892
27899
27904
27911
27916
27923
27928
27935
27940
27947
27952
27960
27965
27972
27977
27984
27989
27996
28001
28008
28013
28020
28026
28033
28038
28045
28050
28057
28062
28069
28074
28081
28086
28094
28099
28106
28111
28118
28123
28130
28135
28142
28147
28154
28160
28167
28172
28179
28184
28191
28196
28203
28208
28215
28220
28228
28233
28240
28245
28252
28257
28264
28269
28276
28281
28288
28294
28301
28306
28313
28318
28325
28330
28337
28342
28349
28354
28362
28367
28374
28379
28386
28391
28398
28403
28410
28415
28422
28428
28435
28440
28447
28452
28459
28464
28471
28476
28483
28488
28496
28501
28508
28513
28520
28525
28532
28537
28544
28549
28556
28562
28569
28574
28581
28586
28593
28598
28605
28610
28617
28622
28630
28635
28642
28647
28654
28659
28667
28673
28681
28687
28695
28701
28709
28715
28723
28729
28737
28743
28751
28757
28766
28772
28780
28786
28794
28800
28808
28814
28822
28828
28836
28842
28850
28856
28864
28871
28879
28885
28893
28899
28907
28913
28921
28927
28935
28941
28949
28955
28963
28969
28978
28984
28992
28998
29006
29012
29020
29026
29034
29040
29048
29054
29062
29068
29076
29083
29091
29097
29105
29111
29119
29125
29133
29139
29147
29153
29161
29167
29175
29181
29190
29196
29204
29210
29218
29224
29232
29238
29246
29252
29260
29266
29274
29280
29288
29295
29303
29309
29317
29323
29331
29337
29345
29351
29359
29365
29373
29379
29387
29393
29402
29408
29416
29422
29430
29436
29444
29452
29458
29466
29472
29481
29487
29495
29501
29510
29516
29524
29530
29539
29545
29553
29559
29568
29574
29582
29588
29596
29603
29611
29617
29625
29632
29640
29646
29654
29661
29669
29675
29683
29690
29698
29704
29712
29719
29727
29733
29741
29747
29756
29762
29770
29776
29785
29791
29799
29805
29814
29820
29828
29834
29843
29849
29857
29863
29872
29878
29886
29892
29900
29907
29915
29921
29929
29936
29944
29950
29958
29965
29973
29979
29987
29994
30002
30008
30016
30023
30031
30037
30045
30051
30060
30066
30074
30080
30089
30095
30103
30109
30118
30124
30132
30138
30147
30153
30160
30165
30173
30178
30186
30191
30199
30204
30212
30217
30225
30230
30238
30243
30250
30256
30263
30269
30276
30282
30289
30295
30302
30308
30315
30321
30328
30333
30341
30346
30354
30359
30367
30372
30380
30385
30393
30398
30406
30411
30418
30424
30431
30437
30444
30450
30457
30463
30470
30476
30483
30489
30496
30501
30509
30514
30522
30527
30535
30540
30548
30553
30561
30566
30574
30579
30586
30592
30599
30605
30612
30618
30625
30631
30638
30644
30651
30657
30664
30669
30677
30682
30690
30695
30703
30708
30716
30721
30729
30734
30742
30747
30754
30760
30767
30773
30780
30786
30793
30799
30806
30812
30819
30825
30832
30837
30845
30850
30858
30863
30871
30876
30884
30889
30897
30902
30910
30915
30922
30928
30935
30941
30948
30958
30966
30977
30985
30996
31004
31015
31023
31034
31042
31053
31061
31072
31080
31091
31099
31110
31118
31129
31137
31148
31156
31167
31175
31186
31194
31205
31213
31224
31232
31243
31251
31262
31270
31281
31289
31299
31308
31318
31327
31337
31346
31356
31365
31375
31384
31394
31403
31413
31422
31432
31441
31451
31460
31470
31479
31489
31498
31508
31517
31527
31536
31546
31555
31565
31574
31584
31593
31603
31612
31622
31631
31641
31649
31660
31668
31679
31687
31698
31705
31710
31717
31723
31730
31735
31742
31748
31755
31760
31768
31773
31780
31785
31793
31798
31805
31810
31818
31823
31830
31836
31843
31848
31855
31861
31868
31873
31881
31886
31893
31898
31906
31911
31918
31923
31931
31936
31943
31949
31956
31961
31968
31974
31981
31986
31993
31999
32006
32011
32019
32024
32031
32036
32044
32049
32056
32062
32069
32074
32081
32087
32094
32099
32106
32112
32119
32124
32132
32137
32144
32149
32157
32162
32169
32174
32182
32187
32194
32200
32207
32212
32219
32225
32232
32237
32245
32250
32257
32262
32270
32275
32282
32287
32295
32300
32307
32313
32320
32325
32332
32338
32345
32350
32357
32363
32370
32375
32383
32388
32395
32400
32408
32413
32420
32426
32433
32438
32445
32451
32458
32463
32470
32476
32483
32488
32495
32500
32507
32512
32519
32524
32531
32536
32544
32549
32556
32561
32568
32573
32580
32585
32592
32597
32605
32610
32617
32622
32629
32634
32641
32646
32653
32658
32666
32671
32678
32683
32690
32695
32702
32707
32714
32719
32726
32732
32739
32744
32751
32756
32763
32768
32775
32780
32787
32793
32800
32805
32812
32817
32824
32829
32836
32841
32848
32854
32861
32866
32873
32878
32885
32890
32897
32902
32909
32915
32922
32927
32934
32939
32946
32951
32958
32963
32970
32976
32982
32989
32994
33001
33006
33013
33018
33025
33030
33037
33043
33050
33055
33062
33067
33074
33079
33086
33091
33098
33104
33111
33116
33123
33128
33135
33140
33147
33152
33159
33165
33172
33177
33184
33189
33196
33201
33208
33218
33226
33236
33244
33254
33263
33273
33281
33291
33299
33309
33318
33328
33336
33346
33354
33364
33373
33383
33391
33401
33409
33420
33428
33438
33446
33456
33464
33475
33483
33493
33501
33511
33519
33530
33538
33548
33556
33566
33574
33585
33593
33603
33611
33621
33630
33640
33648
33658
33666
33676
33685
33695
33703
33713
33721
33731
33740
33750
33758
33768
33776
33786
33795
33805
33813
33823
33831
33842
33850
33860
33868
33878
33886
33897
33905
33915
33923
33933
33941
33952
33960
33970
33978
33985
33993
34000
34008
34015
34023
34030
34038
34045
34053
34060
34068
34075
34084
34090
34099
34105
34114
34120
34129
34135
34144
34150
34159
34165
34174
34181
34189
34196
34204
34211
34219
34226
34234
34241
34249
34256
34264
34271
34280
34286
34295
34301
34310
34316
34325
34331
34340
34346
34355
34361
34370
34377
34385
34392
34400
34407
34415
34422
34430
34437
34445
34452
34460
34467
34476
34482
34491
34497
34506
34512
34521
34527
34536
34542
34551
34557
34566
34573
34581
34588
34596
34603
34611
34618
34626
34633
34641
34648
34656
34663
34672
34681
34689
34699
34707
34717
34724
34734
34742
34752
34760
34769
34777
34787
34795
34805
34813
34822
34830
34840
34848
34858
34865
34875
34883
34893
34901
34911
34918
34928
34936
34946
34954
34963
34971
34981
34989
34999
35007
35016
35024
35034
35042
35052
35059
35069
35077
35087
35095
35105
35112
35122
35130
35140
35148
35157
35165
35175
35183
35193
35201
35210
35218
35228
35236
35246
35253
35263
35271
35281
35289
35299
35306
35316
35324
35334
35342
35351
35359
35369
35377
35387
35394
35404
35412
35422
35432
35440
35450
35458
35468
35476
35487
35495
35505
35513
35523
35531
35541
35550
35560
35568
35578
35586
35596
35605
35615
35623
35633
35641
35651
35659
35670
35678
35688
35696
35706
35714
35725
35733
35743
35751
35761
35769
35779
35788
35798
35806
35816
35824
35834
35843
35853
35861
35871
35879
35889
35897
35908
35916
35926
35934
35944
35952
35963
35971
35981
35989
35999
36007
36017
36026
36036
36044
36054
36062
36072
36081
36091
36099
36109
36117
36127
36135
36146
36154
36164
36172
36180
36186
36195
36201
36210
36216
36225
36231
36240
36246
36255
36261
36270
36276
36285
36291
36300
36306
36315
36321
36330
36336
36344
36351
36359
36366
36374
36381
36389
36396
36404
36411
36419
36426
36434
36441
36449
36456
36464
36471
36479
36486
36494
36500
36509
36515
36524
36530
36539
36545
36554
36560
36569
36575
36584
36590
36599
36605
36614
36620
36629
36635
36644
36650
36658
36665
36673
36680
36688
36695
36703
36710
36718
36725
36733
36740
36748
36755
36763
36770
36778
36785
36793
36800
36808
36814
36823
36829
36838
36844
36853
36859
36868
36874
36883
36889
36898
36904
36913
36921
36928
36937
36944
36953
36960
36969
36976
36985
36992
37001
37008
37017
37024
37033
37040
37049
37056
37065
37072
37081
37088
37097
37104
37113
37120
37128
37135
37144
37151
37160
37167
37176
37183
37192
37199
37208
37215
37224
37231
37240
37247
37256
37263
37272
37279
37288
37295
37304
37311
37320
37327
37336
37342
37351
37358
37367
37374
37383
37390
37399
37406
37415
37422
37431
37438
37447
37454
37463
37470
37479
37486
37495
37502
37511
37518
37527
37534
37543
37550
37558
37565
37574
37581
37590
37597
37606
37613
37622
37629
37638
37645
37654
37661
37669
37675
37683
37689
37697
37703
37711
37717
37725
37731
37739
37745
37753
37759
37767
37773
37781
37787
37795
37801
37809
37816
37824
37830
37838
37844
37852
37858
37866
37872
37880
37886
37894
37900
37908
37914
37922
37928
37936
37942
37950
37956
37964
37971
37979
37985
37993
37999
38007
38013
38021
38027
38035
38041
38049
38055
38063
38069
38077
38083
38091
38097
38105
38111
38120
38126
38134
38140
38148
38154
38162
38168
38176
38182
38190
38196
38204
38210
38218
38224
38232
38238
38246
38252
38260
38266
38275
38281
38289
38295
38303
38309
38317
38323
38331
38337
38345
38351
38359
38365
38373
38379
38387
38393
38401
38407
38415
38422
38430
38436
38444
38450
38458
38465
38470
38477
38482
38489
38494
38501
38506
38513
38518
38526
38531
38538
38543
38550
38555
38562
38567
38574
38579
38586
38592
38599
38604
38611
38616
38623
38628
38635
38640
38647
38652
38660
38665
38672
38677
38684
38689
38696
38701
38708
38713
38720
38726
38733
38738
38745
38750
38757
38762
38769
38774
38781
38786
38794
38799
38806
38811
38818
38823
38830
38835
38842
38847
38854
38860
38867
38872
38879
38884
38891
38896
38903
38908
38915
38920
38928
38933
38940
38945
38952
38957
38964
38969
38976
38981
38988
38994
39001
39006
39013
39018
39025
39030
39037
39042
39049
39054
39062
39067
39074
39079
39086
39091
39098
39103
39110
39115
39122
39128
39135
39140
39147
39152
39159
39164
39171
39176
39183
39188
39196
39201
39208
39213
39220
39225
39233
39239
39247
39253
39261
39267
39275
39281
39289
39295
39303
39309
39317
39323
39332
39338
39346
39352
39360
39366
39374
39380
39388
39394
39402
39408
39416
39422
39430
39437
39445
39451
39459
39465
39473
39479
39487
39493
39501
39507
39515
39521
39529
39535
39544
39550
39558
39564
39572
39578
39586
39592
39600
39606
39614
39620
39628
39634
39642
39649
39657
39663
39671
39677
39685
39691
39699
39705
39713
39719
39727
39733
39741
39747
39756
39762
39770
39776
39784
39790
39798
39804
39812
39818
39826
39832
39840
39846
39854
39861
39869
39875
39883
39889
39897
39903
39911
39917
39925
39931
39939
39945
39953
39959
39968
39974
39982
39988
39996
40002
40010
40018
40024
40032
40038
40047
40053
40061
40067
40076
40082
40090
40096
40105
40111
40119
40125
40134
40140
40148
40154
40162
40169
40177
40183
40191
40198
40206
40212
40220
40227
40235
40241
40249
40256
40264
40270
40278
40285
40293
40299
40307
40313
40322
40328
40336
40342
40351
40357
40365
40371
40380
40386
40394
40400
40409
40415
40423
40429
40438
40444
40452
40458
40466
40473
40481
40487
40495
40502
40510
40516
40524
40531
40539
40545
40553
40560
40568
40574
40582
40589
40597
40603
40611
40617
40626
40632
40640
40646
40655
40661
40669
40675
40684
40690
40698
40704
40713
40719
40726
40731
40739
40744
40752
40757
40765
40770
40778
40783
40791
40796
40804
40809
40816
40822
40829
40835
40842
40848
40855
40861
40868
40874
40881
40887
40894
40899
40907
40912
40920
40925
40933
40938
40946
40951
40959
40964
40972
40977
40984
40990
40997
41003
41010
41016
41023
41029
41036
41042
41049
41055
41062
41067
41075
41080
41088
41093
41101
41106
41114
41119
41127
41132
41140
41145
41152
41158
41165
41171
41178
41184
41191
41197
41204
41210
41217
41223
41230
41235
41243
41248
41256
41261
41269
41274
41282
41287
41295
41300
41308
41313
41320
41326
41333
41339
41346
41352
41359
41365
41372
41378
41385
41391
41398
41403
41411
41416
41424
41429
41437
41442
41450
41455
41463
41468
41476
41481
41488
41494
41501
41507
41514
41524
41532
41543
41551
41562
41570
41581
41589
41600
41608
41619
41627
41638
41646
41657
41665
41676
41684
41695
41703
41714
41722
41733
41741
41752
41760
41771
41779
41790
41798
41809
41817
41828
41836
41847
41855
41865
41874
41884
41893
41903
41912
41922
41931
41941
41950
41960
41969
41979
41988
41998
42007
42017
42026
42036
42045
42055
42064
42074
42083
42093
42102
42112
42121
42131
42140
42150
42159
42169
42178
42188
42197
42207
42215
42226
42234
42245
42253
42264
42271
42276
42283
42289
42296
42301
42308
42314
42321
42326
42334
42339
42346
42351
42359
42364
42371
42376
42384
42389
42396
42402
42409
42414
42421
42427
42434
42439
42447
42452
42459
42464
42472
42477
42484
42489
42497
42502
42509
42515
42522
42527
42534
42540
42547
42552
42559
42565
42572
42577
42585
42590
42597
42602
42610
42615
42622
42628
42635
42640
42647
42653
42660
42665
42672
42678
42685
42690
42698
42703
42710
42715
42723
42728
42735
42740
42748
42753
42760
42766
42773
42778
42785
42791
42798
42803
42811
42816
42823
42828
42836
42841
42848
42853
42861
42866
42873
42879
42886
42891
42898
42904
42911
42916
42923
42929
42936
42941
42949
42954
42961
42966
42974
42979
42986
42992
42999
43004
43011
43017
43024
43029
43036
43042
43049
43054
43061
43066
43073
43078
43085
43090
43097
43102
43110
43115
43122
43127
43134
43139
43146
43151
43158
43163
43171
43176
43183
43188
43195
43200
43207
43212
43219
43224
43232
43237
43244
43249
43256
43261
43268
43273
43280
43285
43292
43298
43305
43310
43317
43322
43329
43334
43341
43346
43353
43359
43366
43371
43378
43383
43390
43395
43402
43407
43414
43420
43427
43432
43439
43444
43451
43456
43463
43468
43475
43481
43488
43493
43500
43505
43512
43517
43524
43529
43536
43542
43548
43555
43560
43567
43572
43579
43584
43591
43596
43603
43609
43616
43621
43628
43633
43640
43645
43652
43657
43664
43670
43677
43682
43689
43694
43701
43706
43713
43718
43725
43731
43738
43743
43750
43755
43762
43767
43774
43784
43792
43802
43810
43820
43829
43839
43847
43857
43865
43875
43884
43894
43902
43912
43920
43930
43939
43949
43957
43967
43975
43986
43994
44004
44012
44022
44030
44041
44049
44059
44067
44077
44085
44096
44104
44114
44122
44132
44140
44151
44159
44169
44177
44187
44196
44206
44214
44224
44232
44242
44251
44261
44269
44279
44287
44297
44306
44316
44324
44334
44342
44352
44361
44371
44379
44389
44397
44408
44416
44426
44434
44444
44452
44463
44471
44481
44489
44499
44507
44518
44526
44536
44544
44551
44559
44566
44574
44581
44589
44596
44604
44611
44619
44626
44634
44641
44650
44656
44665
44671
44680
44686
44695
44701
44710
44716
44725
44731
44740
44747
44755
44762
44770
44777
44785
44792
44800
44807
44815
44822
44830
44837
44846
44852
44861
44867
44876
44882
44891
44897
44906
44912
44921
44927
44936
44943
44951
44958
44966
44973
44981
44988
44996
45003
45011
45018
45026
45033
45042
45048
45057
45063
45072
45078
45087
45093
45102
45108
45117
45123
45132
45139
45147
45154
45162
45169
45177
45184
45192
45199
45207
45214
45222
45229
45238
45247
45255
45265
45273
45283
45290
45300
45308
45318
45326
45335
45343
45353
45361
45371
45379
45388
45396
45406
45414
45424
45431
45441
45449
45459
45467
45477
45484
45494
45502
45512
45520
45529
45537
45547
45555
45565
45573
45582
45590
45600
45608
45618
45625
45635
45643
45653
45661
45671
45678
45688
45696
45706
45714
45723
45731
45741
45749
45759
45767
45776
45784
45794
45802
45812
45819
45829
45837
45847
45855
45865
45872
45882
45890
45900
45908
45917
45925
45935
45943
45953
45960
45970
45978
45988
45998
46006
46016
46024
46034
46042
46053
46061
46071
46079
46089
46097
46107
46116
46126
46134
46144
46152
46162
46171
46181
46189
46199
46207
46217
46225
46236
46244
46254
46262
46272
46280
46291
46299
46309
46317
46327
46335
46345
46354
46364
46372
46382
46390
46400
46409
46419
46427
46437
46445
46455
46463
46474
46482
46492
46500
46510
46518
46529
46537
46547
46555
46565
46573
46583
46592
46602
46610
46620
46628
46638
46647
46657
46665
46675
46683
46693
46701
46712
46720
46730
46738
46746
46752
46761
46767
46776
46782
46791
46797
46806
46812
46821
46827
46836
46842
46851
46857
46866
46872
46881
46887
46896
46902
46910
46917
46925
46932
46940
46947
46955
46962
46970
46977
46985
46992
47000
47007
47015
47022
47030
47037
47045
47052
47060
47066
47075
47081
47090
47096
47105
47111
47120
47126
47135
47141
47150
47156
47165
47171
47180
47186
47195
47201
47210
47216
47224
47231
47239
47246
47254
47261
47269
47276
47284
47291
47299
47306
47314
47321
47329
47336
47344
47351
47359
47366
47374
47380
47389
47395
47404
47410
47419
47425
47434
47440
47449
47455
47464
47470
47479
47487
47494
47503
47510
47519
47526
47535
47542
47551
47558
47567
47574
47583
47590
47599
47606
47615
47622
47631
47638
47647
47654
47663
47670
47679
47686
47694
47701
47710
47717
47726
47733
47742
47749
47758
47765
47774
47781
47790
47797
47806
47813
47822
47829
47838
47845
47854
47861
47870
47877
47886
47893
47902
47908
47917
47924
47933
47940
47949
47956
47965
47972
47981
47988
47997
48004
48013
48020
48029
48036
48045
48052
48061
48068
48077
48084
48093
48100
48109
48116
48124
48131
48140
48147
48156
48163
48172
48179
48188
48195
48204
48211
48220
48227
48235
48241
48249
48255
48263
48269
48277
48283
48291
48297
48305
48311
48319
48325
48333
48339
48347
48353
48361
48367
48375
48382
48390
48396
48404
48410
48418
48424
48432
48438
48446
48452
48460
48466
48474
48480
48488
48494
48502
48508
48516
48522
48530
48537
48545
48551
48559
48565
48573
48579
48587
48593
48601
48607
48615
48621
48629
48635
48643
48649
48657
48663
48671
48677
48686
48692
48700
48706
48714
48720
48728
48734
48742
48748
48756
48762
48770
48776
48784
48790
48798
48804
48812
48818
48826
48832
48841
48847
48855
48861
48869
48875
48883
48889
48897
48903
48911
48917
48925
48931
48939
48945
48953
48959
48967
48973
48981
48988
48996
49002
49010
49016
49024
49031
49036
49043
49048
49055
49060
49067
49072
49079
49084
49092
49097
49104
49109
49116
49121
49128
49133
49140
49145
49152
49158
49165
49170
49177
49182
49189
49194
49201
49206
49213
49218
49226
49231
49238
49243
49250
49255
49262
49267
49274
49279
49286
49292
49299
49304
49311
49316
49323
49328
49335
49340
49347
49352
49360
49365
49372
49377
49384
49389
49396
49401
49408
49413
49420
49426
49433
49438
49445
49450
49457
49462
49469
49474
49481
49486
49494
49499
49506
49511
49518
49523
49530
49535
49542
49547
49554
49560
49567
49572
49579
49584
49591
49596
49603
49608
49615
49620
49628
49633
49640
49645
49652
49657
49664
49669
49676
49681
49688
49694
49701
49706
49713
49718
49725
49730
49737
49742
49749
49754
49762
49767
49774
49779
49786
49791
49799
49805
49813
49819
49827
49833
49841
49847
49855
49861
49869
49875
49883
49889
49898
49904
49912
49918
49926
49932
49940
49946
49954
49960
49968
49974
49982
49988
49996
50003
50011
50017
50025
50031
50039
50045
50053
50059
50067
50073
50081
50087
50095
50101
50110
50116
50124
50130
50138
50144
50152
50158
50166
50172
50180
50186
50194
50200
50208
50215
50223
50229
50237
50243
50251
50257
50265
50271
50279
50285
50293
50299
50307
50313
50322
50328
50336
50342
50350
50356
50364
50370
50378
50384
50392
50398
50406
50412
50420
50427
50435
50441
50449
50455
50463
50469
50477
50483
50491
50497
50505
50511
50519
50525
50534
50540
50548
50554
50562
50568
50576
50584
50590
50598
50604
50613
50619
50627
50633
50642
50648
50656
50662
50671
50677
50685
50691
50700
50706
50714
50720
50728
50735
50743
50749
50757
50764
50772
50778
50786
50793
50801
50807
50815
50822
50830
50836
50844
50851
50859
50865
50873
50879
50888
50894
50902
50908
50917
50923
50931
50937
50946
50952
50960
50966
50975
50981
50989
50995
51004
51010
51018
51024
51032
51039
51047
51053
51061
51068
51076
51082
51090
51097
51105
51111
51119
51126
51134
51140
51148
51155
51163
51169
51177
51183
51192
51198
51206
51212
51221
51227
51235
51241
51250
51256
51264
51270
51279
51285
51292
51297
51305
51310
51318
51323
51331
51336
51344
51349
51357
51362
51370
51375
51382
51388
51395
51401
51408
51414
51421
51427
51434
51440
51447
51453
51460
51465
51473
51478
51486
51491
51499
51504
51512
51517
51525
51530
51538
51543
51550
51556
51563
51569
51576
51582
51589
51595
51602
51608
51615
51621
51628
51633
51641
51646
51654
51659
51667
51672
51680
51685
51693
51698
51706
51711
51718
51724
51731
51737
51744
51750
51757
51763
51770
51776
51783
51789
51796
51801
51809
51814
51822
51827
51835
51840
51848
51853
51861
51866
51874
51879
51886
51892
51899
51905
51912
51918
51925
51931
51938
51944
51951
51957
51964
51969
51977
51982
51990
51995
52003
52008
52016
52021
52029
52034
52042
52047
52054
52060
52067
52073
52080
52090
52098
52109
52117
52128
52136
52147
52155
52166
52174
52185
52193
52204
52212
52223
52231
52242
52250
52261
52269
52280
52288
52299
52307
52318
52326
52337
52345
52356
52364
52375
52383
52394
52402
52413
52421
52431
52440
52450
52459
52469
52478
52488
52497
52507
52516
52526
52535
52545
52554
52564
52573
52583
52592
52602
52611
52621
52630
52640
52649
52659
52668
52678
52687
52697
52706
52716
52725
52735
52744
52754
52763
52773
52781
52792
52800
52811
52819
52830
52837
52842
52849
52855
52862
52867
52874
52880
52887
52892
52900
52905
52912
52917
52925
52930
52937
52942
52950
52955
52962
52968
52975
52980
52987
52993
53000
53005
53013
53018
53025
53030
53038
53043
53050
53055
53063
53068
53075
53081
53088
53093
53100
53106
53113
53118
53125
53131
53138
53143
53151
53156
53163
53168
53176
53181
53188
53194
53201
53206
53213
53219
53226
53231
53238
53244
53251
53256
53264
53269
53276
53281
53289
53294
53301
53306
53314
53319
53326
53332
53339
53344
53351
53357
53364
53369
53377
53382
53389
53394
53402
53407
53414
53419
53427
53432
53439
53445
53452
53457
53464
53470
53477
53482
53489
53495
53502
53507
53515
53520
53527
53532
53540
53545
53552
53558
53565
53570
53577
53583
53590
53595
53602
53608
53615
53620
53627
53632
53639
53644
53651
53656
53663
53668
53676
53681
53688
53693
53700
53705
53712
53717
53724
53729
53737
53742
53749
53754
53761
53766
53773
53778
53785
53790
53798
53803
53810
53815
53822
53827
53834
53839
53846
53851
53858
53864
53871
53876
53883
53888
53895
53900
53907
53912
53919
53925
53932
53937
53944
53949
53956
53961
53968
53973
53980
53986
53993
53998
54005
54010
54017
54022
54029
54034
54041
54047
54054
54059
54066
54071
54078
54083
54090
54095
54102
54108
54114
54121
54126
54133
54138
54145
54150
54157
54162
54169
54175
54182
54187
54194
54199
54206
54211
54218
54223
54230
54236
54243
54248
54255
54260
54267
54272
54279
54284
54291
54297
54304
54309
54316
54321
54328
54333
54340
54350
54358
54368
54376
54386
54395
54405
54413
54423
54431
54441
54450
54460
54468
54478
54486
54496
54505
54515
54523
54533
54541
54552
54560
54570
54578
54588
54596
54607
54615
54625
54633
54643
54651
54662
54670
54680
54688
54698
54706
54717
54725
54735
54743
54753
54762
54772
54780
54790
54798
54808
54817
54827
54835
54845
54853
54863
54872
54882
54890
54900
54908
54918
54927
54937
54945
54955
54963
54974
54982
54992
55000
55010
55018
55029
55037
55047
55055
55065
55073
55084
55092
55102
55110
55117
55125
55132
55140
55147
55155
55162
55170
55177
55185
55192
55200
55207
55216
55222
55231
55237
55246
55252
55261
55267
55276
55282
55291
55297
55306
55313
55321
55328
55336
55343
55351
55358
55366
55373
55381
55388
55396
55403
55412
55418
55427
55433
55442
55448
55457
55463
55472
55478
55487
55493
55502
55509
55517
55524
55532
55539
55547
55554
55562
55569
55577
55584
55592
55599
55608
55614
55623
55629
55638
55644
55653
55659
55668
55674
55683
55689
55698
55705
55713
55720
55728
55735
55743
55750
55758
55765
55773
55780
55788
55795
55804
55813
55821
55831
55839
55849
55856
55866
55874
55884
55892
55901
55909
55919
55927
55937
55945
55954
55962
55972
55980
55990
55997
56007
56015
56025
56033
56043
56050
56060
56068
56078
56086
56095
56103
56113
56121
56131
56139
56148
56156
56166
56174
56184
56191
56201
56209
56219
56227
56237
56244
56254
56262
56272
56280
56289
56297
56307
56315
56325
56333
56342
56350
56360
56368
56378
56385
56395
56403
56413
56421
56431
56438
56448
56456
56466
56474
56483
56491
56501
56509
56519
56526
56536
56544
56554
56564
56572
56582
56590
56600
56608
56619
56627
56637
56645
56655
56663
56673
56682
56692
56700
56710
56718
56728
56737
56747
56755
56765
56773
56783
56791
56802
56810
56820
56828
56838
56846
56857
56865
56875
56883
56893
56901
56911
56920
56930
56938
56948
56956
56966
56975
56985
56993
57003
57011
57021
57029
57040
57048
57058
57066
57076
57084
57095
57103
57113
57121
57131
57139
57149
57158
57168
57176
57186
57194
57204
57213
57223
57231
57241
57249
57259
57267
57278
57286
57296
57304
57312
57318
57327
57333
57342
57348
57357
57363
57372
57378
57387
57393
57402
57408
57417
57423
57432
57438
57447
57453
57462
57468
57476
57483
57491
57498
57506
57513
57521
57528
57536
57543
57551
57558
57566
57573
57581
57588
57596
57603
57611
57618
57626
57632
57641
57647
57656
57662
57671
57677
57686
57692
57701
57707
57716
57722
57731
57737
57746
57752
57761
57767
57776
57782
57790
57797
57805
57812
57820
57827
57835
57842
57850
57857
57865
57872
57880
57887
57895
57902
57910
57917
57925
57932
57940
57946
57955
57961
57970
57976
57985
57991
58000
58006
58015
58021
58030
58036
58045
58053
58060
58069
58076
58085
58092
58101
58108
58117
58124
58133
58140
58149
58156
58165
58172
58181
58188
58197
58204
58213
58220
58229
58236
58245
58252
58260
58267
58276
58283
58292
58299
58308
58315
58324
58331
58340
58347
58356
58363
58372
58379
58388
58395
58404
58411
58420
58427
58436
58443
58452
58459
58468
58474
58483
58490
58499
58506
58515
58522
58531
58538
58547
58554
58563
58570
58579
58586
58595
58602
58611
58618
58627
58634
58643
58650
58659
58666
58675
58682
58690
58697
58706
58713
58722
58729
58738
58745
58754
58761
58770
58777
58786
58793
58801
58807
58815
58821
58829
58835
58843
58849
58857
58863
58871
58877
58885
58891
58899
58905
58913
58919
58927
58933
58941
58948
58956
58962
58970
58976
58984
58990
58998
59004
59012
59018
59026
59032
59040
59046
59054
59060
59068
59074
59082
59088
59096
59103
59111
59117
59125
59131
59139
59145
59153
59159
59167
59173
59181
59187
59195
59201
59209
59215
59223
59229
59237
59243
59252
59258
59266
59272
59280
59286
59294
59300
59308
59314
59322
59328
59336
59342
59350
59356
59364
59370
59378
59384
59392
59398
59407
59413
59421
59427
59435
59441
59449
59455
59463
59469
59477
59483
59491
59497
59505
59511
59519
59525
59533
59539
59547
59554
59562
59568
59576
59582
59590
59597
59602
59609
59614
59621
59626
59633
59638
59645
59650
59658
59663
59670
59675
59682
59687
59694
59699
59706
59711
59718
59724
59731
59736
59743
59748
59755
59760
59767
59772
59779
59784
59792
59797
59804
59809
59816
59821
59828
59833
59840
59845
59852
59858
59865
59870
59877
59882
59889
59894
59901
59906
59913
59918
59926
59931
59938
59943
59950
59955
59962
59967
59974
59979
59986
59992
59999
60004
60011
60016
60023
60028
60035
60040
60047
60052
60060
60065
60072
60077
60084
60089
60096
60101
60108
60113
60120
60126
60133
60138
60145
60150
60157
60162
60169
60174
60181
60186
60194
60199
60206
60211
60218
60223
60230
60235
60242
60247
60254
60260
60267
60272
60279
60284
60291
60296
60303
60308
60315
60320
60328
60333
60340
60345
60352
60357
60365
60371
60379
60385
60393
60399
60407
60413
60421
60427
60435
60441
60449
60455
60464
60470
60478
60484
60492
60498
60506
60512
60520
60526
60534
60540
60548
60554
60562
60569
60577
60583
60591
60597
60605
60611
60619
60625
60633
60639
60647
60653
60661
60667
60676
60682
60690
60696
60704
60710
60718
60724
60732
60738
60746
60752
60760
60766
60774
60781
60789
60795
60803
60809
60817
60823
60831
60837
60845
60851
60859
60865
60873
60879
60888
60894
60902
60908
60916
60922
60930
60936
60944
60950
60958
60964
60972
60978
60986
60993
61001
61007
61015
61021
61029
61035
61043
61049
61057
61063
61071
61077
61085
61091
61100
61106
61114
61120
61128
61134
61142
61150
61156
61164
61170
61179
61185
61193
61199
61208
61214
61222
61228
61237
61243
61251
61257
61266
61272
61280
61286
61294
61301
61309
61315
61323
61330
61338
61344
61352
61359
61367
61373
61381
61388
61396
61402
61410
61417
61425
61431
61439
61445
61454
61460
61468
61474
61483
61489
61497
61503
61512
61518
61526
61532
61541
61547
61555
61561
61570
61576
61584
61590
61598
61605
61613
61619
61627
61634
61642
61648
61656
61663
61671
61677
61685
61692
61700
61706
61714
61721
61729
61735
61743
61749
61758
61764
61772
61778
61787
61793
61801
61807
61816
61822
61830
61836
61845
61851
61858
61863
61871
61876
61884
61889
61897
61902
61910
61915
61923
61928
61936
61941
61948
61954
61961
61967
61974
61980
61987
61993
62000
62006
62013
62019
62026
62031
62039
62044
62052
62057
62065
62070
62078
62083
62091
62096
62104
62109
62116
62122
62129
62135
62142
62148
62155
62161
62168
62174
62181
62187
62194
62199
62207
62212
62220
62225
62233
62238
62246
62251
62259
62264
62272
62277
62284
62290
62297
62303
62310
62316
62323
62329
62336
62342
62349
62355
62362
62367
62375
62380
62388
62393
62401
62406
62414
62419
62427
62432
62440
62445
62452
62458
62465
62471
62478
62484
62491
62497
62504
62510
62517
62523
62530
62535
62543
62548
62556
62561
62569
62574
62582
62587
62595
62600
62608
62613
62620
62626
62633
62639
62646
62656
62664
62675
62683
62694
62702
62713
62721
62732
62740
62751
62759
62770
62778
62789
62797
62808
62816
62827
62835
62846
62854
62865
62873
62884
62892
62903
62911
62922
62930
62941
62949
62960
62968
62979
62987
62997
63006
63016
63025
63035
63044
63054
63063
63073
63082
63092
63101
63111
63120
63130
63139
63149
63158
63168
63177
63187
63196
63206
63215
63225
63234
63244
63253
63263
63272
63282
63291
63301
63310
63320
63329
63339
63347
63358
63366
63377
63385
63396
63403
63408
63415
63421
63428
63433
63440
63446
63453
63458
63466
63471
63478
63483
63491
63496
63503
63508
63516
63521
63528
63534
63541
63546
63553
63559
63566
63571
63579
63584
63591
63596
63604
63609
63616
63621
63629
63634
63641
63647
63654
63659
63666
63672
63679
63684
63691
63697
63704
63709
63717
63722
63729
63734
63742
63747
63754
63760
63767
63772
63779
63785
63792
63797
63804
63810
63817
63822
63830
63835
63842
63847
63855
63860
63867
63872
63880
63885
63892
63898
63905
63910
63917
63923
63930
63935
63943
63948
63955
63960
63968
63973
63980
63985
63993
63998
64005
64011
64018
64023
64030
64036
64043
64048
64055
64061
64068
64073
64081
64086
64093
64098
64106
64111
64118
64124
64131
64136
64143
64149
64156
64161
64168
64174
64181
64186
64193
64198
64205
64210
64217
64222
64229
64234
64242
64247
64254
64259
64266
64271
64278
64283
64290
64295
64303
64308
64315
64320
64327
64332
64339
64344
64351
64356
64364
64369
64376
64381
64388
64393
64400
64405
64412
64417
64424
64430
64437
64442
64449
64454
64461
64466
64473
64478
64485
64491
64498
64503
64510
64515
64522
64527
64534
64539
64546
64552
64559
64564
64571
64576
64583
64588
64595
64600
64607
64613
64620
64625
64632
64637
64644
64649
64656
64661
64668
64674
64680
64687
64692
64699
64704
64711
64716
64723
64728
64735
64741
64748
64753
64760
64765
64772
64777
64784
64789
64796
64802
64809
64814
64821
64826
64833
64838
64845
64850
64857
64863
64870
64875
64882
64887
64894
64899
64906
64916
64924
64934
64942
64952
64961
64971
64979
64989
64997
65007
65016
65026
65034
65044
65052
65062
65071
65081
65089
65099
65107
65118
65126
65136
65144
65154
65162
65173
65181
65191
65199
65209
65217
65228
65236
65246
65254
65264
65272
65283
65291
65301
65309
65319
65328
65338
65346
65356
65364
65374
65383
65393
65401
65411
65419
65429
65438
65448
65456
65466
65474
65484
65493
65503
65511
65521
65529
65540
65548
65558
65566
65576
65584
65595
65603
65613
65621
65631
65639
65650
65658
65668
65676
65683
65691
65698
65706
65713
65721
65728
65736
65743
65751
65758
65766
65773
65782
65788
65797
65803
65812
65818
65827
65833
65842
65848
65857
65863
65872
65879
65887
65894
65902
65909
65917
65924
65932
65939
65947
65954
65962
65969
65978
65984
65993
65999
66008
66014
66023
66029
66038
66044
66053
66059
66068
66075
66083
66090
66098
66105
66113
66120
66128
66135
66143
66150
66158
66165
66174
66180
66189
66195
66204
66210
66219
66225
66234
66240
66249
66255
66264
66271
66279
66286
66294
66301
66309
66316
66324
66331
66339
66346
66354
66361
66370
66379
66387
66397
66405
66415
66422
66432
66440
66450
66458
66467
66475
66485
66493
66503
66511
66520
66528
66538
66546
66556
66563
66573
66581
66591
66599
66609
66616
66626
66634
66644
66652
66661
66669
66679
66687
66697
66705
66714
66722
66732
66740
66750
66757
66767
66775
66785
66793
66803
66810
66820
66828
66838
66846
66855
66863
66873
66881
66891
66899
66908
66916
66926
66934
66944
66951
66961
66969
66979
66987
66997
67004
67014
67022
67032
67040
67049
67057
67067
67075
67085
67092
67102
67110
67120
67130
67138
67148
67156
67166
67174
67185
67193
67203
67211
67221
67229
67239
67248
67258
67266
67276
67284
67294
67303
67313
67321
67331
67339
67349
67357
67368
67376
67386
67394
67404
67412
67423
67431
67441
67449
67459
67467
67477
67486
67496
67504
67514
67522
67532
67541
67551
67559
67569
67577
67587
67595
67606
67614
67624
67632
67642
67650
67661
67669
67679
67687
67697
67705
67715
67724
67734
67742
67752
67760
67770
67779
67789
67797
67807
67815
67825
67833
67844
67852
67862
67870
67878
67884
67893
67899
67908
67914
67923
67929
67938
67944
67953
67959
67968
67974
67983
67989
67998
68004
68013
68019
68028
68034
68042
68049
68057
68064
68072
68079
68087
68094
68102
68109
68117
68124
68132
68139
68147
68154
68162
68169
68177
68184
68192
68198
68207
68213
68222
68228
68237
68243
68252
68258
68267
68273
68282
68288
68297
68303
68312
68318
68327
68333
68342
68348
68356
68363
68371
68378
68386
68393
68401
68408
68416
68423
68431
68438
68446
68453
68461
68468
68476
68483
68491
68498
68506
68512
68521
68527
68536
68542
68551
68557
68566
68572
68581
68587
68596
68602
68611
68619
68626
68635
68642
68651
68658
68667
68674
68683
68690
68699
68706
68715
68722
68731
68738
68747
68754
68763
68770
68779
68786
68795
68802
68811
68818
68826
68833
68842
68849
68858
68865
68874
68881
68890
68897
68906
68913
68922
68929
68938
68945
68954
68961
68970
68977
68986
68993
69002
69009
69018
69025
69034
69040
69049
69056
69065
69072
69081
69088
69097
69104
69113
69120
69129
69136
69145
69152
69161
69168
69177
69184
69193
69200
69209
69216
69225
69232
69241
69248
69256
69263
69272
69279
69288
69295
69304
69311
69320
69327
69336
69343
69352
69359
69367
69373
69381
69387
69395
69401
69409
69415
69423
69429
69437
69443
69451
69457
69465
69471
69479
69485
69493
69499
69507
69514
69522
69528
69536
69542
69550
69556
69564
69570
69578
69584
69592
69598
69606
69612
69620
69626
69634
69640
69648
69654
69662
69669
69677
69683
69691
69697
69705
69711
69719
69725
69733
69739
69747
69753
69761
69767
69775
69781
69789
69795
69803
69809
69818
69824
69832
69838
69846
69852
69860
69866
69874
69880
69888
69894
69902
69908
69916
69922
69930
69936
69944
69950
69958
69964
69973
69979
69987
69993
70001
70007
70015
70021
70029
70035
70043
70049
70057
70063
70071
70077
70085
70091
70099
70105
70113
70120
70128
70134
70142
70148
70156
70163
70168
70175
70180
70187
70192
70199
70204
70211
70216
70224
70229
70236
70241
70248
70253
70260
70265
70272
70277
70284
70290
70297
70302
70309
70314
70321
70326
70333
70338
70345
70350
70358
70363
70370
70375
70382
70387
70394
70399
70406
70411
70418
70424
70431
70436
70443
70448
70455
70460
70467
70472
70479
70484
70492
70497
70504
70509
70516
70521
70528
70533
70540
70545
70552
70558
70565
70570
70577
70582
70589
70594
70601
70606
70613
70618
70626
70631
70638
70643
70650
70655
70662
70667
70674
70679
70686
70692
70699
70704
70711
70716
70723
70728
70735
70740
70747
70752
70760
70765
70772
70777
70784
70789
70796
70801
70808
70813
70820
70826
70833
70838
70845
70850
70857
70862
70869
70874
70881
70886
70894
70899
70906
70911
70918
70923
70931
70937
70945
70951
70959
70965
70973
70979
70987
70993
71001
71007
71015
71021
71030
71036
71044
71050
71058
71064
71072
71078
71086
71092
71100
71106
71114
71120
71128
71135
71143
71149
71157
71163
71171
71177
71185
71191
71199
71205
71213
71219
71227
71233
71242
71248
71256
71262
71270
71276
71284
71290
71298
71304
71312
71318
71326
71332
71340
71347
71355
71361
71369
71375
71383
71389
71397
71403
71411
71417
71425
71431
71439
71445
71454
71460
71468
71474
71482
71488
71496
71502
71510
71516
71524
71530
71538
71544
71552
71559
71567
71573
71581
71587
71595
71601
71609
71615
71623
71629
71637
71643
71651
71657
71666
71672
71680
71686
71694
71700
71708
71716
71722
71730
71736
71745
71751
71759
71765
71774
71780
71788
71794
71803
71809
71817
71823
71832
71838
71846
71852
71860
71867
71875
71881
71889
71896
71904
71910
71918
71925
71933
71939
71947
71954
71962
71968
71976
71983
71991
71997
72005
72011
72020
72026
72034
72040
72049
72055
72063
72069
72078
72084
72092
72098
72107
72113
72121
72127
72136
72142
72150
72156
72164
72171
72179
72185
72193
72200
72208
72214
72222
72229
72237
72243
72251
72258
72266
72272
72280
72287
72295
72301
72309
72315
72324
72330
72338
72344
72353
72359
72367
72373
72382
72388
72396
72402
72411
72417
72424
72429
72437
72442
72450
72455
72463
72468
72476
72481
72489
72494
72502
72507
72514
72520
72527
72533
72540
72546
72553
72559
72566
72572
72579
72585
72592
72597
72605
72610
72618
72623
72631
72636
72644
72649
72657
72662
72670
72675
72682
72688
72695
72701
72708
72714
72721
72727
72734
72740
72747
72753
72760
72765
72773
72778
72786
72791
72799
72804
72812
72817
72825
72830
72838
72843
72850
72856
72863
72869
72876
72882
72889
72895
72902
72908
72915
72921
72928
72933
72941
72946
72954
72959
72967
72972
72980
72985
72993
72998
73006
73011
73018
73024
73031
73037
73044
73050
73057
73063
73070
73076
73083
73089
73096
73101
73109
73114
73122
73127
73135
73140
73148
73153
73161
73166
73174
73179
73186
73192
73199
73205
73212
73222
73230
73241
73249
73260
73268
73279
73287
73298
73306
73317
73325
73336
73344
73355
73363
73374
73382
73393
73401
73412
73420
73431
73439
73450
73458
73469
73477
73488
73496
73507
73515
73526
73534
73545
73553
73563
73572
73582
73591
73601
73610
73620
73629
73639
73648
73658
73667
73677
73686
73696
73705
73715
73724
73734
73743
73753
73762
73772
73781
73791
73800
73810
73819
73829
73838
73848
73857
73867
73876
73886
73895
73905
73913
73924
73932
73943
73951
73962
