8
15
23
30
39
45
54
61
69
76
84
91
100
106
115
122
130
137
146
152
161
167
176
183
191
198
207
213
222
229
237
244
252
259
268
274
283
290
298
305
313
320
329
335
344
351
359
366
375
381
390
396
405
412
420
427
436
442
451
458
466
473
481
488
497
503
512
519
527
534
542
549
558
564
573
580
588
595
604
610
619
625
634
641
649
656
665
671
680
687
695
702
710
717
726
732
741
748
756
763
771
778
787
793
802
809
817
824
833
839
848
854
863
870
878
885
894
900
909
916
924
931
939
946
954
960
968
974
982
988
996
1002
1010
1016
1024
1030
1038
1044
1052
1058
1066
1072
1080
1086
1094
1100
1108
1114
1122
1128
1136
1142
1150
1157
1165
1171
1179
1185
1193
1199
1207
1213
1221
1227
1235
1241
1249
1255
1263
1269
1277
1283
1291
1297
1305
1311
1319
1325
1333
1339
1347
1353
1362
1368
1376
1382
1390
1396
1404
1410
1418
1424
1432
1438
1446
1452
1460
1466
1474
1480
1488
1494
1502
1508
1516
1522
1530
1536
1544
1550
1558
1564
1573
1579
1587
1593
1601
1607
1615
1621
1629
1635
1643
1649
1657
1663
1671
1677
1685
1691
1699
1705
1713
1719
1727
1733
1741
1747
1755
1761
1769
1776
1784
1790
1798
1804
1812
1818
1826
1832
1840
1846
1854
1860
1868
1874
1882
1888
1896
1902
1910
1916
1924
1931
1939
1945
1953
1960
1968
1974
1982
1989
1997
2003
2012
2018
2026
2032
2041
2047
2055
2062
2069
2077
2083
2092
2098
2106
2112
2121
2127
2135
2142
2149
2157
2163
2172
2178
2186
2192
2201
2207
2215
2222
2229
2237
2243
2252
2258
2266
2272
2281
2287
2295
2302
2309
2317
2323
2332
2338
2346
2352
2361
2367
2375
2382
2389
2397
2403
2412
2418
2426
2432
2441
2447
2455
2462
2469
2477
2483
2492
2498
2506
2512
2521
2527
2535
2542
2549
2557
2563
2572
2578
2586
2592
2601
2607
2615
2622
2629
2637
2643
2652
2658
2666
2672
2681
2687
2695
2702
2709
2717
2723
2732
2738
2746
2752
2761
2767
2775
2782
2789
2797
2803
2812
2818
2826
2832
2841
2847
2855
2862
2869
2875
2883
2889
2897
2903
2911
2917
2925
2931
2939
2945
2953
2959
2967
2973
2981
2987
2995
3001
3009
3015
3023
3029
3037
3043
3051
3057
3065
3071
3079
3084
3092
3098
3106
3112
3120
3126
3134
3140
3148
3154
3162
3168
3176
3182
3190
3196
3204
3210
3218
3224
3232
3238
3246
3252
3260
3266
3274
3280
3288
3294
3302
3307
3315
3321
3329
3335
3343
3349
3357
3363
3371
3377
3385
3391
3399
3405
3413
3419
3427
3433
3441
3447
3455
3461
3469
3475
3483
3489
3497
3503
3511
3517
3525
3530
3538
3544
3551
3557
3565
3570
3578
3584
3592
3597
3605
3611
3618
3624
3632
3638
3645
3651
3659
3665
3672
3678
3686
3691
3699
3705
3713
3718
3726
3732
3739
3745
3753
3759
3766
3772
3780
3786
3793
3799
3807
3812
3820
3826
3834
3839
3847
3853
3860
3866
3874
3880
3887
3893
3901
3907
3914
3920
3928
3933
3941
3947
3955
3960
3968
3974
3981
3987
3995
4001
4008
4014
4022
4028
4035
4041
4049
4054
4062
4068
4076
4081
4089
4096
4101
4108
4114
4121
4126
4134
4139
4146
4152
4159
4164
4172
4177
4184
4190
4197
4202
4210
4215
4222
4228
4235
4240
4248
4253
4260
4266
4273
4278
4286
4291
4298
4304
4311
4316
4324
4329
4336
4342
4349
4354
4362
4367
4374
4379
4387
4392
4399
4405
4412
4417
4425
4430
4437
4443
4450
4455
4463
4468
4475
4481
4488
4493
4501
4506
4513
4519
4526
4531
4539
4544
4551
4557
4564
4569
4577
4582
4589
4595
4602
4607
4615
4620
4632
4643
4656
4666
4679
4690
4702
4713
4726
4736
4749
4760
4772
4783
4796
4806
4819
4830
4842
4853
4866
4876
4889
4900
4912
4923
4936
4946
4959
4970
4982
4993
5006
5016
5029
5040
5052
5063
5076
5087
5097
5109
5118
5130
5140
5152
5161
5173
5183
5195
5204
5216
5226
5238
5247
5259
5269
5281
5290
5302
5312
5324
5333
5345
5355
5367
5376
5388
5398
5410
5419
5431
5441
5453
5462
5474
5484
5495
5505
5517
5527
5538
5548
5560
5570
5581
5591
5603
5613
5624
5634
5646
5656
5667
5677
5689
5699
5710
5720
5732
5742
5753
5763
5775
5785
5796
5805
5812
5821
5828
5838
5845
5854
5861
5871
5878
5887
5894
5904
5911
5920
5927
5937
5944
5953
5960
5970
5977
5986
5993
6003
6010
6019
6026
6036
6043
6052
6059
6068
6076
6085
6092
6101
6109
6118
6125
6134
6142
6151
6158
6167
6175
6184
6191
6200
6208
6217
6224
6233
6241
6250
6257
6266
6274
6283
6290
6299
6306
6316
6323
6332
6339
6349
6356
6365
6372
6382
6389
6398
6405
6415
6422
6431
6438
6448
6455
6464
6471
6481
6488
6497
6505
6514
6522
6532
6539
6549
6557
6566
6574
6584
6591
6601
6609
6618
6626
6635
6643
6653
6660
6670
6678
6687
6695
6705
6712
6722
6730
6739
6747
6757
6764
6774
6781
6791
6799
6808
6816
6826
6833
6843
6851
6860
6868
6878
6885
6895
6902
6912
6920
6929
6937
6947
6954
6964
6972
6981
6989
6999
7006
7016
7024
7033
7041
7050
7058
7068
7075
7085
7093
7102
7110
7120
7127
7137
7145
7154
7162
7171
7179
7189
7196
7206
7214
7223
7231
7241
7248
7258
7266
7275
7283
7293
7300
7310
7317
7327
7335
7344
7352
7362
7369
7379
7387
7396
7404
7412
7418
7427
7433
7441
7448
7456
7462
7471
7477
7486
7492
7500
7507
7515
7521
7530
7536
7545
7551
7559
7566
7574
7580
7589
7595
7604
7610
7618
7625
7633
7639
7648
7654
7662
7669
7677
7684
7692
7698
7707
7713
7721
7728
7736
7743
7751
7757
7766
7772
7780
7787
7795
7802
7810
7816
7825
7831
7839
7846
7854
7861
7869
7875
7884
7890
7898
7905
7913
7919
7928
7934
7943
7949
7957
7964
7972
7978
7987
7993
8002
8008
8016
8023
8031
8037
8046
8052
8061
8067
8075
8082
8090
8096
8105
8111
8119
8126
8134
8141
8149
8155
8164
8170
8178
8185
8193
8200
8208
8214
8223
8229
8237
8244
8252
8259
8267
8273
8282
8288
8297
8305
8315
8323
8333
8341
8351
8359
8369
8377
8386
8394
8404
8412
8422
8430
8440
8448
8458
8466
8476
8483
8493
8501
8511
8519
8529
8537
8547
8555
8565
8573
8582
8590
8600
8608
8618
8626
8636
8644
8654
8662
8672
8679
8689
8697
8707
8715
8725
8733
8743
8751
8761
8769
8778
8786
8796
8804
8814
8822
8832
8840
8850
8858
8868
8875
8885
8893
8903
8911
8921
8929
8939
8947
8957
8965
8974
8982
8992
9000
9010
9018
9028
9036
9046
9056
9065
9075
9084
9095
9103
9114
9123
9133
9142
9153
9161
9172
9181
9191
9200
9211
9219
9230
9239
9249
9258
9269
9277
9288
9297
9307
9316
9326
9335
9346
9354
9365
9374
9384
9393
9404
9412
9423
9432
9442
9451
9462
9470
9481
9490
9500
9509
9520
9528
9539
9548
9558
9567
9577
9586
9597
9605
9616
9625
9635
9644
9655
9663
9674
9683
9693
9702
9713
9720
9726
9734
9740
9748
9754
9761
9767
9775
9781
9789
9795
9802
9808
9816
9822
9830
9836
9843
9849
9857
9863
9871
9877
9885
9890
9898
9904
9912
9918
9926
9931
9939
9945
9953
9959
9967
9972
9980
9986
9994
10000
10008
10014
10021
10027
10035
10041
10049
10055
10062
10068
10076
10082
10090
10096
10103
10109
10117
10123
10131
10137
10145
10150
10158
10164
10172
10178
10186
10191
10199
10205
10213
10219
10227
10232
10240
10246
10254
10260
10268
10274
10281
10287
10295
10301
10309
10315
10322
10328
10336
10342
10350
10356
10363
10369
10377
10383
10391
10397
10404
10410
10418
10424
10432
10438
10446
10451
10459
10465
10473
10479
10487
10492
10500
10506
10514
10520
10528
10533
10541
10547
10555
10561
10569
10575
10582
10590
10596
10604
10610
10618
10625
10633
10639
10647
10653
10662
10668
10676
10682
10690
10697
10705
10711
10719
10725
10734
10740
10748
10754
10762
10769
10777
10783
10791
10797
10806
10812
10820
10826
10834
10840
10849
10855
10863
10869
10877
10884
10892
10898
10906
10912
10921
10927
10935
10941
10949
10956
10964
10970
10978
10984
10993
10999
11007
11013
11021
11028
11036
11042
11050
11056
11065
11071
11079
11085
11093
11099
11108
11116
11126
11134
11144
11152
11162
11170
11180
11187
11197
11205
11215
11223
11233
11241
11251
11259
11269
11276
11286
11294
11304
11312
11322
11330
11340
11348
11357
11365
11375
11383
11393
11401
11411
11419
11429
11437
11446
11454
11464
11472
11482
11490
11500
11508
11518
11525
11535
11543
11553
11561
11571
11579
11589
11597
11607
11614
11624
11632
11642
11650
11660
11668
11678
11686
11695
11703
11713
11721
11731
11739
11749
11757
11767
11775
11785
11793
11803
11811
11821
11829
11839
11847
11857
11865
11875
11883
11893
11901
11911
11919
11929
11937
11947
11955
11965
11973
11983
11991
12001
12009
12019
12027
12037
12045
12055
12063
12073
12081
12091
12099
12109
12117
12127
12135
12145
12153
12163
12171
12181
12189
12199
12207
12217
12225
12235
12243
12253
12261
12271
12279
12289
12297
12304
12309
12317
12322
12329
12335
12342
12348
12355
12360
12368
12373
12380
12386
12393
12399
12406
12411
12419
12424
12432
12437
12444
12450
12457
12462
12470
12475
12483
12488
12495
12501
12508
12514
12521
12526
12534
12539
12546
12552
12559
12565
12572
12577
12585
12590
12597
12603
12610
12616
12623
12628
12636
12641
12649
12654
12661
12667
12674
12679
12687
12692
12700
12705
12712
12718
12725
12731
12738
12743
12751
12758
12763
12771
12776
12784
12789
12796
12802
12809
12815
12822
12827
12835
12840
12848
12853
12860
12866
12873
12879
12886
12891
12899
12904
12912
12917
12924
12930
12937
12943
12950
12956
12963
12968
12976
12981
12989
12994
13001
13007
13014
13020
13027
13032
13040
13045
13053
13058
13065
13071
13078
13084
13091
13096
13104
13109
13117
13122
13130
13135
13142
13148
13155
13161
13168
13173
13181
13186
13194
13199
13206
13212
13219
13225
13232
13237
13245
13250
13258
13263
13270
13276
13283
13289
13296
13301
13309
13314
13322
13327
13336
13343
13352
13359
13368
13375
13384
13391
13400
13407
13416
13423
13432
13439
13448
13455
13464
13471
13481
13488
13497
13504
13513
13520
13529
13536
13545
13552
13561
13568
13577
13584
13593
13600
13609
13616
13625
13633
13642
13649
13658
13665
13674
13681
13690
13697
13706
13713
13722
13729
13738
13745
13754
13761
13770
13778
13787
13794
13803
13810
13819
13826
13835
13842
13851
13858
13867
13874
13883
13890
13899
13906
13915
13922
13932
13939
13948
13955
13966
13976
13987
13997
14008
14018
14029
14039
14050
14060
14071
14081
14092
14102
14114
14123
14135
14144
14156
14165
14177
14186
14198
14207
14219
14228
14240
14249
14261
14271
14282
14292
14303
14313
14324
14334
14345
14355
14366
14376
14387
14397
14409
14418
14430
14439
14451
14460
14472
14481
14493
14502
14514
14523
14535
14544
14556
14566
14577
14587
14598
14608
14619
14629
14640
14650
14659
14666
14676
14683
14692
14700
14709
14717
14726
14733
14743
14750
14760
14767
14776
14784
14793
14800
14810
14817
14827
14834
14843
14851
14860
14868
14877
14884
14894
14901
14910
14918
14927
14935
14944
14951
14961
14968
14978
14985
14994
15002
15011
15018
15028
15035
15045
15052
15061
15069
15078
15086
15095
15102
15112
15119
15128
15136
15145
15153
15162
15169
15179
15186
15198
15208
15221
15231
15243
15254
15266
15277
15289
15299
15312
15322
15335
15345
15357
15368
15380
15390
15403
15413
15426
15436
15448
15459
15471
15482
15494
15504
15517
15527
15539
15550
15562
15573
15585
15595
15608
15618
15631
15641
15653
15664
15676
15686
15699
15709
15722
15732
15744
15755
15767
15778
15790
15800
15813
15823
15835
15846
15858
15869
15877
15884
15893
15900
15909
15916
15925
15931
15940
15947
15956
15963
15972
15979
15987
15994
16003
16010
16019
16026
16035
16041
16050
16057
16066
16073
16082
16089
16097
16104
16113
16120
16129
16136
16145
16151
16160
16167
16176
16183
16192
16199
16207
16214
16223
16230
16239
16246
16255
16261
16270
16277
16286
16293
16302
16309
16317
16324
16333
16340
16349
16356
16365
16371
16380
16392
16403
16416
16427
16440
16450
16463
16474
16487
16498
16511
16521
16534
16545
16558
16569
16581
16592
16605
16616
16629
16640
16652
16663
16676
16687
16700
16711
16723
16734
16747
16758
16771
16781
16794
16805
16818
16829
16842
16852
16865
16876
16889
16900
16913
16923
16936
16947
16960
16971
16983
16994
17007
17018
17031
17042
17054
17065
17078
17089
17102
17113
17125
17136
17149
17160
17173
17183
17196
17207
17220
17227
17232
17240
17245
17253
17258
17266
17271
17278
17284
17291
17297
17304
17310
17317
17322
17330
17335
17343
17348
17356
17361
17368
17374
17381
17387
17394
17400
17407
17413
17420
17425
17433
17438
17446
17451
17459
17464
17471
17477
17484
17490
17497
17503
17510
17515
17523
17528
17536
17541
17549
17554
17562
17567
17574
17580
17587
17593
17600
17606
17613
17618
17626
17631
17639
17644
17652
17657
17664
17670
17677
17683
17690
17696
17703
17709
17716
17721
17729
17734
17742
17747
17755
17760
17767
17773
17780
17786
17793
17799
17806
17811
17819
17824
17832
17837
17845
17850
17857
17863
17870
17876
17883
17889
17896
17902
17909
17914
17922
17927
17935
17940
17948
17953
17960
17966
17973
17979
17986
17992
17999
18004
18012
18017
18025
18030
18038
18043
18051
18056
18063
18069
18080
18090
18102
18112
18123
18133
18145
18155
18167
18176
18188
18198
18210
18220
18231
18241
18253
18263
18275
18284
18296
18306
18318
18327
18339
18349
18361
18371
18382
18392
18404
18414
18426
18435
18447
18457
18469
18479
18490
18500
18512
18522
18534
18543
18555
18565
18577
18586
18598
18608
18620
18630
18641
18651
18661
18670
18680
18689
18699
18708
18718
18727
18738
18746
18757
18765
18776
18784
18795
18803
18814
18823
18833
18842
18852
18861
18871
18880
18891
18899
18910
18918
18929
18937
18948
18956
18967
18976
18986
18995
19005
19014
19024
19033
19044
19052
19063
19071
19082
19090
19101
19109
19120
19129
19139
19148
19158
19167
19177
19186
19197
19205
19216
19224
19235
19243
19254
19262
19273
19282
19292
19301
19311
19320
19330
19339
19350
19358
19369
19377
19388
19396
19407
19415
19426
19435
19445
19454
19464
19473
19483
19492
19502
19514
19525
19537
19548
19560
19571
19584
19594
19607
19617
19630
19640
19653
19664
19676
19687
19699
19710
19723
19733
19746
19756
19769
19779
19792
19803
19815
19826
19838
19849
19862
19872
19885
19895
19908
19918
19931
19942
19954
19965
19977
19988
20001
20011
20024
20034
20047
20057
20070
20081
20093
20104
20116
20127
20137
20146
20157
20166
20177
20185
20196
20205
20216
20225
20235
20244
20255
20264
20275
20283
20294
20303
20314
20323
20334
20342
20353
20362
20373
20382
20392
20401
20412
20421
20432
20440
20451
20460
20471
20480
20491
20499
20510
20519
20530
20539
20549
20558
20569
20578
20589
20597
20608
20617
20628
20637
20648
20656
20667
20676
20687
20696
20706
20715
20726
20735
20746
20754
20765
20774
20785
20794
20805
20813
20824
20833
20844
20853
20863
20872
20883
20892
20900
20907
20916
20922
20931
20938
20946
20953
20962
20969
20977
20984
20993
20999
21008
21015
21024
21030
21039
21046
21054
21061
21070
21076
21085
21092
21101
21107
21116
21123
21131
21138
21147
21154
21162
21169
21178
21184
21193
21200
21208
21215
21224
21231
21239
21246
21255
21261
21270
21277
21286
21292
21301
21308
21316
21323
21332
21339
21347
21354
21363
21369
21378
21385
21393
21400
21409
21416
21424
21431
21440
21446
21455
21462
21471
21477
21486
21493
21501
21508
21517
21523
21532
21539
21548
21554
21563
21570
21578
21585
21594
21601
21609
21616
21625
21631
21640
21647
21656
21662
21671
21678
21686
21693
21702
21708
21717
21724
21733
21739
21752
21763
21776
21787
21800
21811
21824
21835
21848
21859
21872
21883
21896
21907
21920
21931
21944
21955
21968
21979
21992
22003
22016
22027
22040
22051
22064
22075
22088
22099
22112
22123
22136
22147
22160
22171
22184
22195
22208
22219
22232
22243
22256
22267
22280
22291
22304
22313
22320
22329
22337
22346
22353
22363
22370
22379
22386
22396
22403
22412
22420
22429
22436
22445
22453
22462
22469
22479
22486
22495
22503
22512
22519
22528
22536
22545
22552
22562
22569
22578
22585
22595
22602
22611
22619
22628
22635
22645
22652
22661
22668
22678
22685
22694
22702
22711
22718
22727
22735
22744
22751
22761
22768
22777
22784
22794
22801
22810
22818
22827
22834
22844
22851
22860
22867
22877
22884
22893
22901
22910
22917
22926
22934
22943
22950
22960
22967
22976
22984
22993
23000
23009
23017
23026
23033
23043
23050
23059
23066
23076
23083
23092
23100
23109
23116
23126
23133
23142
23149
23159
23166
23175
23183
23193
23201
23211
23219
23229
23238
23248
23256
23266
23274
23285
23293
23303
23311
23321
23330
23340
23348
23358
23366
23376
23385
23395
23403
23413
23421
23432
23440
23450
23458
23468
23477
23487
23495
23505
23513
23523
23532
23542
23550
23560
23568
23579
23587
23597
23605
23615
23624
23634
23642
23652
23660
23670
23679
23689
23697
23707
23715
23726
23734
23744
23752
23762
23771
23781
23789
23799
23807
23817
23826
23836
23844
23854
23862
23873
23881
23891
23899
23909
23918
23928
23936
23946
23954
23965
23973
23980
23986
23994
24000
24008
24014
24022
24028
24036
24042
24050
24056
24064
24070
24078
24083
24091
24097
24105
24111
24119
24125
24133
24139
24147
24153
24161
24167
24175
24181
24189
24194
24202
24208
24216
24222
24230
24236
24244
24250
24258
24264
24272
24278
24286
24292
24300
24305
24313
24319
24327
24333
24341
24347
24355
24361
24369
24375
24383
24389
24397
24403
24410
24416
24424
24430
24438
24448
24456
24466
24474
24484
24492
24503
24511
24521
24529
24539
24547
24558
24566
24576
24584
24594
24602
24613
24621
24631
24639
24649
24657
24668
24676
24686
24694
24704
24712
24722
24731
24741
24749
24759
24767
24777
24786
24796
24804
24814
24822
24832
24841
24851
24859
24869
24877
24887
24896
24906
24914
24924
24932
24942
24950
24961
24969
24979
24987
24997
25005
25016
25024
25034
25042
25052
25060
25071
25079
25089
25097
25107
25115
25126
25134
25144
25152
25162
25170
25180
25189
25199
25207
25217
25225
25235
25244
25254
25262
25272
25281
25292
25301
25312
25321
25332
25341
25352
25361
25372
25381
25392
25401
25412
25421
25432
25441
25452
25461
25472
25481
25492
25501
25511
25520
25531
25540
25551
25560
25571
25580
25591
25600
25611
25620
25631
25640
25651
25660
25671
25680
25691
25700
25711
25720
25731
25740
25750
25759
25770
25779
25790
25799
25810
25819
25830
25839
25850
25859
25870
25879
25890
25899
25910
25919
25930
25939
25950
25959
25970
25979
25989
25998
26009
26018
26029
26038
26049
26058
26069
26078
26089
26098
26109
26118
26129
26138
26149
26158
26169
26178
26185
26195
26202
26211
26219
26228
26235
26245
26252
26261
26269
26278
26286
26295
26302
26312
26319
26328
26336
26345
26352
26362
26369
26379
26386
26395
26403
26412
26419
26429
26436
26445
26453
26462
26470
26479
26486
26496
26503
26512
26520
26529
26536
26546
26553
26563
26570
26579
26587
26596
26603
26613
26620
26629
26637
26646
26654
26663
26670
26680
26687
26696
26704
26713
26720
26730
26737
26747
26754
26763
26771
26780
26787
26797
26804
26813
26821
26830
26837
26847
26854
26864
26871
26880
26888
26897
26904
26914
26921
26930
26938
26947
26955
26964
26971
26981
26988
26997
27005
27014
27021
27031
27038
27048
27055
27066
27076
27088
27098
27109
27119
27131
27141
27152
27162
27174
27184
27196
27205
27217
27227
27239
27248
27260
27270
27282
27291
27303
27313
27325
27335
27346
27356
27368
27378
27389
27399
27411
27421
27433
27442
27454
27464
27476
27485
27497
27507
27519
27528
27540
27550
27562
27572
27583
27593
27605
27615
27624
27631
27640
27647
27656
27663
27672
27679
27688
27695
27704
27711
27720
27727
27737
27744
27753
27760
27769
27776
27785
27792
27801
27808
27817
27824
27833
27840
27850
27857
27866
27873
27882
27889
27898
27905
27914
27921
27930
27937
27946
27953
27963
27970
27979
27986
27995
28002
28011
28018
28027
28034
28043
28050
28059
28066
28075
28083
28093
28100
28110
28118
28127
28135
28145
28153
28162
28170
28180
28187
28197
28205
28215
28222
28232
28240
28249
28257
28267
28274
28284
28292
28302
28309
28319
28327
28336
28344
28354
28362
28371
28379
28389
28396
28406
28414
28424
28431
28441
28449
28458
28466
28476
28483
28493
28501
28511
28518
28528
28536
28545
28553
28563
28571
28578
28583
28590
28596
28603
28608
28615
28621
28628
28633
28641
28646
28653
28658
28666
28671
28678
28683
28691
28696
28703
28709
28716
28721
28728
28734
28741
28746
28754
28759
28766
28771
28779
28784
28791
28796
28804
28809
28816
28822
28829
28834
28841
28847
28854
28859
28866
28872
28879
28884
28892
28897
28904
28909
28917
28922
28929
28935
28942
28947
28954
28960
28967
28972
28979
28985
28992
28997
29005
29010
29017
29022
29030
29036
29045
29051
29060
29066
29074
29081
29089
29096
29104
29110
29119
29125
29134
29140
29148
29155
29163
29170
29178
29184
29193
29199
29208
29214
29222
29229
29237
29244
29252
29259
29267
29273
29282
29288
29297
29303
29311
29318
29326
29333
29341
29347
29356
29362
29371
29377
29385
29392
29400
29407
29415
29422
29429
29437
29444
29452
29459
29467
29473
29482
29488
29497
29503
29511
29518
29526
29533
29541
29547
29556
29562
29571
29577
29585
29592
29600
29607
29615
29622
29629
29637
29644
29652
29659
29667
29673
29682
29688
29697
29703
29711
29718
29730
29741
29754
29765
29778
29788
29801
29812
29825
29836
29849
29859
29872
29883
29896
29907
29919
29930
29943
29954
29967
29978
29990
30001
30014
30025
30038
30049
30061
30072
30085
30096
30109
30119
30132
30143
30156
30167
30180
30190
30203
30214
30227
30238
30251
30261
30274
30285
30298
30309
30321
30332
30345
30356
30369
30380
30392
30403
30416
30427
30440
30451
30463
30474
30487
30498
30511
30521
30534
30545
30558
30569
30582
30592
30605
30616
30629
30640
30652
30663
30676
30687
30696
30704
30714
30722
30732
30740
30750
30758
30767
30775
30785
30793
30803
30811
30821
30829
30838
30846
30856
30864
30874
30882
30892
30900
30909
30917
30927
30935
30945
30953
30963
30971
30980
30988
30998
31006
31016
31024
31034
31042
31051
31059
31069
31077
31087
31095
31105
31113
31122
31130
31140
31148
31158
31166
31176
31184
31193
31201
31211
31219
31229
31237
31247
31255
31264
31272
31282
31290
31300
31308
31318
31326
31335
31343
31353
31361
31371
31379
31389
31397
31406
31414
31424
31432
31443
31452
31464
31473
31485
31494
31506
31515
31527
31536
31548
31557
31569
31578
31590
31599
31611
31620
31632
31641
31653
31662
31674
31683
31695
31704
31716
31725
31737
31746
31758
31767
31779
31788
31800
31809
31821
31830
31842
31851
31863
31872
31884
31893
31905
31914
31926
31935
31946
31956
31967
31977
31988
31998
32009
32019
32030
32040
32051
32061
32072
32082
32093
32103
32114
32124
32135
32145
32156
32166
32177
32187
32198
32208
32219
32229
32240
32250
32261
32271
32282
32292
32303
32313
32326
32337
32350
32361
32374
32385
32398
32409
32422
32433
32446
32457
32470
32482
32495
32506
32519
32530
32543
32554
32567
32578
32591
32602
32615
32626
32639
32651
32664
32675
32688
32699
32712
32723
32736
32747
32760
32771
32784
32795
32808
32820
32833
32844
32857
32868
32881
32892
32905
32916
32929
32940
32953
32964
32977
32989
33002
33013
33026
33037
33050
33061
33074
33085
33098
33109
33122
33133
33146
33157
33167
33179
33189
33201
33210
33222
33232
33244
33254
33266
33275
33287
33297
33309
33319
33331
33340
33352
33362
33374
33384
33396
33405
33417
33427
33439
33449
33461
33470
33482
33492
33504
33514
33526
33535
33547
33557
33569
33579
33591
33600
33612
33622
33634
33644
33656
33665
33677
33687
33699
33709
33717
33727
33735
33745
33753
33763
33771
33782
33790
33800
33808
33818
33826
33836
33844
33855
33863
33873
33881
33891
33899
33909
33917
33927
33936
33946
33954
33964
33972
33982
33990
34000
34009
34019
34027
34037
34045
34055
34063
34073
34081
34092
34100
34110
34118
34128
34136
34146
34154
34165
34173
34183
34191
34201
34209
34219
34230
34240
34251
34261
34273
34282
34294
34304
34315
34325
34336
34346
34358
34367
34379
34389
34400
34410
34421
34431
34443
34452
34464
34474
34485
34495
34506
34516
34528
34537
34549
34559
34570
34580
34592
34601
34613
34622
34634
34644
34655
34665
34677
34686
34698
34707
34719
34729
34740
34750
34762
34771
34783
34792
34804
34814
34825
34835
34847
34856
34868
34877
34889
34899
34910
34920
34932
34941
34953
34963
34974
34984
34995
35005
35017
35026
35038
35048
35059
35069
35080
35090
35102
35111
35123
35133
35144
35152
35158
35167
35173
35182
35188
35196
35203
35211
35218
35226
35233
35241
35247
35256
35262
35271
35277
35286
35292
35300
35307
35315
35322
35330
35336
35345
35351
35360
35366
35375
35381
35389
35396
35404
35411
35419
35426
35434
35440
35449
35455
35464
35470
35478
35485
35493
35500
35508
35515
35523
35529
35538
35544
35553
35559
35568
35574
35582
35589
35597
35604
35612
35618
35627
35633
35642
35648
35657
35663
35671
35679
35686
35695
35702
35711
35717
35726
35733
35742
35749
35757
35764
35773
35780
35789
35795
35804
35811
35820
35827
35835
35842
35851
35858
35867
35873
35882
35889
35898
35905
35914
35920
35929
35936
35945
35952
35960
35967
35976
35983
35992
35998
36007
36014
36023
36030
36038
36045
36054
36061
36070
36076
36085
36092
36101
36108
36117
36123
36132
36139
36148
36155
36163
36170
36179
36186
36195
36201
36210
36217
36226
36233
36241
36248
36257
36264
36273
36279
36288
36295
36304
36311
36320
36326
36335
36342
36351
36358
36365
36371
36379
36385
36393
36399
36407
36413
36420
36426
36434
36440
36448
36454
36462
36468
36475
36481
36489
36495
36503
36509
36517
36523
36530
36536
36544
36550
36558
36564
36572
36578
36585
36591
36599
36605
36613
36619
36627
36633
36640
36646
36654
36660
36668
36674
36682
36688
36695
36701
36709
36715
36723
36729
36737
36743
36750
36756
36764
36770
36778
36784
36792
36798
36805
36811
36819
36825
36833
36839
36847
36853
36861
36866
36874
36880
36888
36894
36902
36908
36916
36921
36929
36935
36943
36949
36957
36963
36971
36976
36984
36990
36998
37004
37012
37018
37026
37031
37039
37045
37053
37059
37067
37073
37081
37086
37094
37100
37108
37114
37122
37128
37137
37143
37151
37158
37166
37172
37181
37187
37195
37202
37210
37216
37225
37231
37239
37246
37254
37260
37269
37275
37283
37290
37298
37304
37313
37319
37327
37334
37342
37348
37357
37363
37371
37378
37386
37392
37401
37407
37415
37422
37430
37436
37445
37451
37459
37466
37474
37480
37489
37495
37503
37510
37518
37525
37533
37539
37548
37554
37562
37569
37577
37583
37592
37598
37606
37613
37621
37627
37636
37642
37650
37657
37665
37671
37680
37686
37694
37701
37709
37715
37724
37730
37738
37745
37753
37759
37768
37774
37782
37789
37797
37803
37812
37818
37826
37833
37841
37847
37857
37865
37876
37884
37895
37903
37914
37922
37933
37941
37952
37960
37971
37979
37990
37998
38009
38017
38028
38036
38047
38055
38066
38074
38085
38093
38104
38112
38123
38131
38142
38150
38161
38169
38180
38188
38198
38207
38217
38226
38236
38245
38255
38264
38274
38283
38293
38302
38312
38321
38331
38340
38350
38359
38369
38378
38388
38397
38407
38416
38426
38435
38445
38454
38464
38473
38483
38492
38502
38511
38518
38523
38531
38536
38544
38549
38557
38562
38570
38575
38583
38588
38596
38601
38609
38614
38622
38627
38635
38640
38648
38653
38661
38666
38674
38679
38687
38692
38700
38705
38712
38718
38725
38731
38738
38744
38751
38757
38764
38770
38777
38783
38790
38796
38803
38809
38816
38822
38829
38835
38842
38848
38855
38861
38868
38874
38881
38887
38894
38899
38907
38912
38920
38925
38933
38938
38946
38951
38959
38964
38972
38977
38985
38990
38998
39003
39011
39016
39024
39029
39037
39042
39050
39055
39063
39068
39076
39081
39088
39094
39101
39107
39114
39120
39127
39133
39140
39146
39153
39159
39166
39172
39179
39191
39202
39214
39225
39238
39248
39261
39272
39284
39295
39308
39318
39331
39342
39354
39365
39378
39388
39401
39412
39424
39435
39447
39458
39471
39481
39494
39505
39517
39528
39541
39551
39564
39575
39587
39598
39611
39621
39634
39645
39657
39668
39680
39691
39704
39714
39727
39738
39750
39761
39774
39784
39797
39808
39820
39831
39844
39854
39867
39878
39890
39901
39913
39924
39937
39947
39960
39971
39983
39994
40007
40017
40030
40041
40053
40064
40077
40087
40100
40111
40123
40133
40145
40155
40167
40177
40189
40199
40211
40221
40233
40243
40255
40265
40277
40287
40299
40309
40321
40331
40343
40353
40365
40375
40387
40398
40410
40420
40432
40442
40454
40464
40476
40486
40498
40508
40520
40530
40542
40552
40564
40574
40586
40596
40608
40618
40630
40640
40652
40662
40675
40685
40697
40707
40719
40729
40741
40751
40763
40773
40785
40795
40807
40817
40829
40839
40851
40861
40873
40883
40892
40900
40910
40917
40927
40935
40945
40952
40962
40970
40979
40987
40997
41005
41014
41022
41032
41039
41049
41057
41067
41074
41084
41092
41101
41109
41119
41127
41136
41144
41154
41161
41171
41179
41189
41196
41206
41214
41223
41231
41241
41249
41258
41266
41276
41283
41293
41301
41311
41318
41328
41336
41345
41353
41363
41371
41380
41388
41398
41405
41415
41423
41433
41440
41450
41458
41467
41475
41485
41493
41502
41510
41518
41525
41534
41540
41549
41556
41564
41571
41580
41586
41595
41602
41610
41617
41626
41632
41641
41648
41656
41663
41672
41679
41687
41694
41703
41709
41718
41725
41733
41740
41749
41755
41764
41771
41779
41786
41795
41801
41810
41817
41825
41832
41841
41848
41856
41863
41872
41878
41887
41894
41902
41909
41918
41924
41933
41940
41948
41955
41964
41970
41979
41986
41994
42001
42010
42017
42025
42032
42041
42047
42056
42063
42071
42078
42087
42093
42102
42109
42117
42124
42133
42139
42148
42155
42164
42170
42179
42186
42194
42201
42210
42216
42225
42232
42240
42247
42256
42262
42271
42278
42285
42290
42297
42303
42310
42315
42322
42328
42335
42340
42348
42353
42360
42365
42373
42378
42385
42390
42398
42403
42410
42416
42423
42428
42435
42441
42448
42453
42461
42466
42473
42478
42486
42491
42498
42503
42511
42516
42523
42529
42536
42541
42548
42554
42561
42566
42573
42579
42586
42591
42599
42604
42611
42616
42624
42629
42636
42642
42649
42654
42661
42667
42674
42679
42686
42692
42699
42704
42712
42717
42724
42729
42737
42742
42749
42754
42762
42767
42774
42780
42787
42792
42799
42805
42812
42817
42825
42830
42837
42842
42850
42855
42862
42867
42875
42880
42887
42893
42900
42905
42912
42918
42925
42930
42937
42943
42950
42955
42963
42968
42975
42980
42988
42993
43000
43006
43013
43018
43025
43031
43038
43043
43050
43061
43070
43082
43091
43103
43112
43123
43133
43144
43154
43165
43175
43185
43196
43206
43217
43227
43238
43247
43259
43268
43280
43289
43300
43310
43321
43331
43342
43352
43363
43372
43384
43393
43405
43414
43425
43435
43446
43456
43467
43477
43488
43497
43509
43518
43530
43537
43542
43550
43555
43563
43568
43575
43581
43588
43594
43601
43607
43614
43619
43627
43632
43640
43645
43653
43658
43665
43671
43678
43684
43691
43697
43704
43709
43717
43722
43730
43735
43743
43748
43755
43761
43768
43774
43781
43787
43794
43799
43807
43812
43820
43825
43833
43838
43845
43851
43858
43864
43871
43877
43884
43889
43897
43902
43910
43915
43923
43928
43935
43941
43948
43954
43961
43967
43974
43979
43987
43992
44000
44005
44013
44018
44025
44031
44038
44044
44051
44057
44064
44069
44077
44082
44090
44095
44103
44108
44115
44121
44128
44134
44141
44147
44154
44159
44167
44172
44180
44185
44193
44198
44205
44211
44218
44224
44231
44237
44244
44249
44257
44262
44270
44275
44283
44288
44295
44301
44308
44314
44321
44327
44334
44339
44347
44352
44360
44365
44372
44378
44385
44391
44398
44404
44411
44416
44424
44429
44437
44445
44452
44460
44467
44475
44482
44490
44497
44505
44512
44520
44527
44535
44542
44550
44557
44565
44572
44580
44587
44595
44602
44610
44617
44625
44632
44640
44647
44655
44662
44670
44677
44685
44692
44700
44707
44715
44722
44730
44737
44745
44752
44760
44767
44775
44782
44790
44797
44805
44812
44820
44827
44835
44842
44850
44857
44865
44872
44880
44887
44895
44902
44910
44917
44925
44932
44940
44947
44955
44962
44970
44977
44985
44992
45000
45007
45015
45022
45030
45037
45045
45052
45060
45067
45075
45082
45090
45097
45105
45112
45120
45127
45135
45142
45150
45157
45165
45172
45178
45186
45192
45200
45206
45214
45220
45228
45234
45242
45248
45256
45262
45270
45275
45283
45289
45297
45303
45311
45317
45325
45331
45339
45345
45353
45359
45367
45373
45381
45386
45394
45400
45408
45414
45422
45428
45436
45442
45450
45456
45464
45470
45478
45484
45492
45497
45505
45511
45519
45525
45533
45539
45547
45553
45561
45567
45575
45581
45589
45595
45602
45608
45616
45622
45630
45636
45644
45650
45658
45664
45672
45678
45686
45692
45700
45706
45713
45719
45727
45733
45741
45747
45755
45761
45769
45775
45783
45789
45797
45803
45811
45817
45824
45831
45837
45845
45850
45858
45864
45872
45877
45885
45891
45899
45904
45912
45918
45925
45931
45939
45945
45952
45958
45966
45972
45979
45985
45993
45998
46006
46012
46020
46025
46033
46039
46047
46052
46060
46066
46074
46079
46087
46093
46100
46106
46114
46120
46127
46133
46141
46147
46154
46160
46168
46173
46181
46187
46195
46200
46208
46214
46222
46227
46235
46241
46249
46254
46262
46268
46275
46281
46289
46295
46302
46308
46316
46322
46329
46335
46343
46348
46356
46362
46370
46375
46383
46389
46397
46402
46410
46416
46423
46429
46437
46443
46450
46456
46464
46470
46477
46483
46491
46497
46504
46510
46518
46523
46531
46542
46551
46562
46571
46582
46592
46603
46612
46623
46632
46643
46653
46664
46673
46684
46693
46704
46714
46725
46734
46745
46754
46765
46775
46786
46795
46806
46815
46826
46836
46847
46856
46867
46876
46887
46897
46908
46917
46928
46937
46948
46958
46969
46978
46989
46998
47009
47019
47030
47039
47050
47059
47070
47080
47091
47100
47111
47120
47131
47141
47152
47161
47172
47181
47193
47202
47213
47222
47233
47242
47254
47263
47274
47283
47294
47303
47315
47324
47335
47344
47355
47364
47376
47385
47396
47405
47416
47425
47437
47446
47457
47466
47477
47487
47495
47506
47514
47525
47533
47544
47552
47562
47571
47581
47590
47600
47609
47619
47627
47638
47646
47657
47665
47676
47684
47694
47703
47713
47722
47732
47741
47751
47760
47770
47778
47789
47797
47808
47816
47827
47835
47845
47854
47864
47873
47883
47892
47902
47910
47921
47929
47940
47948
47959
47967
47977
47986
47996
48005
48015
48024
48034
48043
48053
48061
48072
48080
48091
48099
48110
48118
48128
48137
48147
48156
48166
48175
48185
48193
48204
48212
48223
48231
48242
48250
48261
48271
48280
48290
48299
48310
48318
48329
48338
48348
48357
48368
48376
48387
48396
48406
48415
48426
48434
48445
48454
48464
48473
48484
48492
48503
48512
48522
48531
48542
48550
48561
48570
48580
48589
48600
48608
48619
48628
48638
48647
48658
48666
48677
48686
48696
48705
48716
48724
48735
48744
48754
48763
48774
48782
48793
48802
48812
48821
48832
48840
48851
48860
48870
48879
48890
48898
48909
48918
48928
48937
48947
48956
48967
48975
48986
48995
49005
49014
49025
49033
49044
49053
49063
49072
49083
49091
49102
49111
49121
49130
49138
49145
49153
49160
49168
49175
49184
49190
49199
49205
49214
49221
49229
49236
49244
49251
49260
49266
49275
49281
49290
49297
49305
49312
49320
49327
49336
49342
49351
49357
49366
49373
49381
49388
49396
49403
49412
49418
49427
49433
49442
49448
49457
49464
49472
49479
49487
49494
49503
49509
49518
49524
49533
49540
49548
49555
49563
49570
49579
49585
49594
49600
49609
49616
49624
49631
49639
49646
49653
49659
49667
49673
49681
49687
49695
49701
49709
49715
49722
49728
49736
49742
49750
49756
49764
49770
49778
49784
49792
49797
49805
49811
49819
49825
49833
49839
49847
49853
49861
49867
49874
49880
49888
49894
49902
49908
49916
49922
49930
49936
49944
49949
49957
49963
49971
49977
49985
49991
49999
50005
50013
50019
50026
50032
50040
50046
50054
50060
50068
50074
50082
50088
50096
50101
50109
50115
50123
50129
50137
50143
50151
50157
50165
50171
50178
50184
50192
50198
50206
50212
50220
50226
50234
50240
50248
50253
50261
50267
50275
50281
50289
50295
50303
50317
50329
50343
50355
50369
50381
50395
50407
50421
50433
50447
50459
50473
50486
50500
50512
50526
50538
50552
50564
50578
50590
50604
50616
50630
50642
50656
50669
50683
50695
50709
50721
50735
50747
50761
50773
50787
50799
50813
50825
50839
50852
50866
50878
50892
50904
50918
50930
50944
50956
50970
50982
50996
51003
51009
51017
51023
51031
51036
51044
51050
51058
51064
51071
51077
51085
51091
51099
51104
51112
51118
51126
51132
51139
51145
51153
51159
51167
51172
51180
51186
51194
51200
51208
51213
51221
51227
51235
51241
51248
51254
51262
51268
51276
51281
51289
51295
51303
51309
51316
51322
51330
51336
51344
51349
51357
51363
51371
51377
51384
51390
51398
51404
51412
51418
51425
51431
51439
51445
51453
51458
51466
51472
51480
51486
51493
51499
51507
51513
51521
51526
51534
51540
51548
51554
51561
51567
51575
51581
51589
51594
51602
51608
51616
51622
51630
51635
51643
51652
51660
51670
51677
51687
51695
51704
51712
51722
51730
51739
51747
51757
51764
51774
51782
51791
51799
51809
51817
51826
51834
51844
51851
51861
51869
51878
51886
51896
51904
51913
51921
51931
51938
51948
51956
51965
51973
51983
51991
52000
52008
52018
52025
52035
52043
52052
52060
52070
52078
52087
52095
52105
52112
52122
52130
52140
52147
52157
52165
52174
52182
52190
52196
52204
52210
52218
52224
52232
52238
52246
52253
52261
52267
52275
52281
52289
52295
52303
52309
52318
52324
52332
52338
52346
52352
52360
52366
52374
52381
52389
52395
52403
52409
52417
52423
52431
52437
52446
52452
52460
52466
52474
52480
52488
52494
52502
52509
52517
52523
52531
52537
52545
52551
52559
52565
52573
52580
52588
52594
52602
52608
52616
52622
52630
52636
52645
52651
52659
52665
52673
52679
52687
52693
52701
52708
52716
52722
52730
52736
52744
52750
52758
52764
52773
52779
52787
52793
52801
52807
52815
52821
52829
52836
52844
52850
52858
52864
52872
52878
52886
52892
52901
52907
52915
52921
52929
52935
52943
52949
52957
52963
52972
52978
52986
52992
53000
53006
53014
53020
53028
53039
53048
53060
53069
53080
53090
53101
53111
53122
53131
53143
53152
53164
53173
53184
53194
53205
53215
53226
53235
53247
53256
53267
53277
53288
53298
53309
53318
53330
53339
53351
53360
53371
53381
53392
53402
53413
53422
53434
53443
53454
53464
53475
53485
53496
53505
53517
53526
53538
53547
53558
53568
53579
53589
53600
53609
53621
53630
53641
53651
53662
53672
53683
53692
53704
53713
53725
53734
53745
53755
53766
53775
53786
53795
53806
53816
53827
53836
53847
53856
53868
53877
53888
53897
53908
53918
53929
53938
53949
53958
53970
53979
53990
53999
54010
54020
54031
54040
54051
54060
54072
54081
54092
54101
54112
54122
54133
54142
54153
54162
54174
54183
54194
54203
54214
54223
54235
54244
54255
54264
54275
54286
54296
54308
54317
54329
54339
54350
54360
54372
54382
54393
54403
54415
54425
54435
54447
54457
54468
54478
54490
54500
54510
54522
54532
54543
54553
54565
54575
54585
54597
54607
54618
54628
54640
54650
54660
54672
54682
54693
54703
54715
54725
54735
54747
54757
54768
54778
54790
54800
54810
54822
54832
54843
54853
54865
54873
54879
54887
54893
54901
54907
54916
54922
54930
54936
54944
54950
54958
54965
54973
54979
54987
54993
55001
55007
55016
55022
55030
55036
55044
55050
55058
55065
55073
55079
55087
55093
55101
55108
55116
55122
55130
55136
55144
55150
55159
55165
55173
55179
55187
55193
55201
55208
55216
55222
55230
55236
55244
55250
55259
55265
55273
55279
55287
55293
55301
55308
55316
55322
55330
55336
55344
55351
55359
55365
55373
55379
55387
55393
55402
55408
55416
55422
55430
55436
55444
55451
55459
55466
55471
55479
55484
55491
55497
55504
55509
55517
55522
55529
55535
55542
55547
55555
55560
55567
55573
55580
55585
55593
55598
55605
55611
55618
55623
55631
55636
55643
55649
55656
55661
55669
55674
55681
55687
55694
55699
55707
55712
55719
55725
55732
55737
55745
55750
55757
55763
55770
55775
55783
55788
55795
55801
55808
55813
55821
55826
55833
55839
55846
55851
55859
55864
55871
55877
55884
55889
55897
55902
55909
55915
55922
55927
55935
55940
55947
55953
55960
55965
55973
55978
55985
55991
55998
56003
56011
56016
56023
56029
56036
56041
56049
56054
56061
56067
56074
56079
56087
56092
56099
56105
56112
56117
56125
56130
56137
56143
56150
56159
56167
56177
56184
56194
56202
56211
56219
56229
56237
56246
56254
56264
56271
56281
56289
56298
56306
56316
56324
56333
56341
56351
56358
56368
56376
56385
56393
56403
56411
56420
56428
56438
56445
56455
56463
56472
56480
56490
56498
56507
56515
56525
56532
56542
56550
56559
56567
56577
56585
56594
56602
56612
56619
56629
56637
56647
56654
56664
56672
56681
56689
56699
56706
56716
56724
56734
56741
56751
56759
56768
56776
56786
56794
56800
56809
56815
56824
56830
56838
56845
56853
56860
56868
56874
56883
56889
56898
56904
56913
56919
56927
56934
56942
56949
56957
56963
56972
56978
56987
56993
57002
57008
57016
57023
57031
57038
57046
57052
57061
57067
57076
57082
57091
57097
57105
57112
57120
57127
57135
57141
57150
57156
57165
57171
57180
57186
57194
57201
57209
57216
57224
57230
57239
57245
57254
57260
57269
57275
57283
57290
57298
57305
57313
57319
57328
57334
57343
57349
57356
57362
57369
57375
57382
57388
57395
57401
57408
57414
57421
57427
57434
57440
57447
57453
57460
57466
57473
57479
57486
57492
57499
57505
57512
57518
57525
57531
57538
57544
57551
57557
57564
57570
57578
57583
57591
57596
57604
57609
57617
57622
57630
57635
57643
57648
57656
57661
57669
57674
57682
57687
57695
57700
57708
57713
57721
57726
57734
57739
57747
57752
57760
57765
57773
57778
57786
57791
57799
57805
57812
57818
57825
57831
57838
57844
57851
57857
57864
57870
57877
57883
57890
57896
57903
57909
57916
57922
57929
57935
57942
57948
57955
57961
57972
57981
57992
58002
58013
58022
58034
58043
58054
58064
58075
58084
58096
58105
58116
58125
58137
58146
58157
58167
58178
58187
58199
58208
58219
58229
58240
58249
58260
58270
58281
58290
58302
58311
58322
58332
58343
58352
58364
58373
58384
58393
58405
58414
58425
58435
58446
58455
58463
58473
58480
58490
58498
58508
58515
58525
58533
58543
58550
58560
58568
58578
58585
58595
58603
58612
58620
58630
58638
58647
58655
58665
58673
58682
58690
58700
58708
58717
58725
58735
58742
58752
58760
58770
58777
58787
58795
58805
58812
58822
58830
58840
58847
58857
58865
58874
58882
58892
58900
58909
58917
58927
58935
58944
58952
58962
58970
58979
58987
58997
59004
59014
59022
59032
59039
59049
59057
59067
59074
59084
59092
59102
59109
59119
59127
59136
59144
59154
59162
59171
59178
59184
59192
59198
59206
59212
59220
59226
59234
59240
59248
59254
59262
59268
59275
59281
59289
59295
59303
59309
59317
59323
59331
59337
59345
59351
59359
59365
59373
59378
59386
59392
59400
59406
59414
59420
59428
59434
59442
59448
59456
59462
59470
59476
59483
59489
59497
59503
59511
59517
59525
59531
59539
59545
59553
59559
59567
59573
59581
59586
59594
59600
59608
59614
59622
59628
59636
59642
59650
59656
59664
59670
59678
59683
59691
59697
59705
59711
59719
59725
59733
59739
59747
59753
59761
59767
59775
59781
59788
59794
59802
59808
59816
59822
59830
59836
59844
59850
59858
59864
59872
59878
59886
59891
59899
59905
59913
59919
59927
59933
59941
59947
59955
59961
59969
59978
59986
59995
60003
60013
60020
60030
60037
60047
60055
60064
60072
60081
60089
60099
60106
60116
60123
60133
60141
60150
60158
60167
60175
60185
60192
60202
60209
60219
60227
60236
60244
60253
60261
60271
60278
60288
60295
60305
60313
60322
60330
60339
60347
60357
60364
60374
60381
60391
60399
60408
60416
60425
60433
60443
60450
60460
60467
60477
60485
60494
60502
60511
60519
60529
60536
60546
60553
60563
60571
60580
60588
60597
60605
60615
60622
60632
60639
60649
60657
60666
60674
60683
60691
60701
60708
60718
60725
60735
60743
60752
60760
60769
60777
60787
60794
60804
60812
60821
60829
60838
60846
60856
60863
60873
60880
60888
60894
60902
60908
60916
60923
60931
60937
60945
60951
60960
60966
60974
60980
60988
60995
61003
61009
61017
61023
61031
61038
61046
61052
61060
61066
61075
61081
61089
61095
61103
61110
61118
61124
61132
61138
61147
61153
61161
61167
61175
61181
61190
61196
61204
61210
61218
61225
61233
61239
61247
61253
61262
61268
61276
61282
61290
61297
61305
61311
61319
61325
61333
61340
61348
61354
61361
61366
61374
61379
61386
61392
61399
61405
61412
61417
61425
61430
61438
61443
61450
61456
61463
61469
61476
61481
61489
61494
61502
61507
61514
61520
61527
61533
61540
61545
61553
61558
61566
61571
61578
61584
61591
61597
61604
61609
61617
61622
61630
61635
61642
61648
61655
61661
61668
61673
61681
61686
61694
61699
61706
61712
61719
61725
61732
61737
61745
61750
61757
61763
61770
61776
61783
61788
61796
61801
61809
61814
61821
61827
61834
61840
61847
61852
61860
61865
61873
61878
61885
61891
61898
61904
61911
61916
61924
61929
61937
61942
61949
61955
61963
61969
61977
61983
61991
61997
62005
62011
62019
62025
62033
62039
62047
62053
62061
62067
62075
62081
62089
62095
62103
62109
62117
62123
62131
62137
62145
62151
62159
62165
62173
62179
62187
62193
62201
62207
62215
62221
62229
62235
62243
62249
62257
62263
62271
62277
62286
62292
62300
62306
62314
62320
62328
62334
62342
62348
62356
62362
62370
62376
62384
62390
62398
62404
62412
62418
62426
62432
62440
62446
62454
62460
62468
62474
62482
62488
62496
62502
62510
62516
62524
62530
62538
62544
62552
62558
62566
62572
62580
62586
62594
62600
62609
62615
62623
62629
62637
62643
62651
62657
62665
62671
62679
62685
62693
62699
62707
62713
62721
62727
62735
62741
62749
62755
62763
62769
62777
62783
62791
62797
62805
62811
62819
62825
62833
62842
62849
62858
62865
62874
62881
62890
62897
62906
62913
62922
62929
62938
62945
62955
62962
62971
62978
62987
62994
63003
63010
63019
63026
63035
63042
63051
63058
63068
63075
63084
63091
63100
63107
63116
63123
63132
63139
63148
63155
63164
63171
63181
63188
63197
63204
63213
63220
63229
63236
63245
63252
63261
63268
63277
63284
63293
63301
63310
63317
63326
63333
63342
63349
63358
63365
63374
63381
63390
63397
63406
63414
63423
63430
63439
63446
63455
63462
63471
63478
63487
63494
63503
63510
63519
63527
63536
63543
63552
63559
63568
63575
63584
63591
63600
63607
63616
63623
63632
63639
63649
63656
63665
63672
63681
63688
63697
63704
63713
63720
63729
63736
63745
63752
63762
63769
63778
63785
63794
63801
63807
63814
63820
63827
63833
63841
63846
63854
63859
63867
63872
63880
63886
63893
63899
63906
63912
63919
63925
63933
63938
63946
63951
63959
63964
63972
63978
63985
63991
63998
64004
64011
64017
64025
64030
64038
64043
64051
64056
64064
64070
64077
64083
64090
64096
64103
64109
64117
64122
64130
64135
64143
64148
64156
64162
64169
64175
64182
64188
64195
64201
64209
64214
64222
64227
64235
64240
64248
64254
64261
64267
64274
64280
64287
64293
64301
64306
64314
64319
64327
64335
64341
64350
64356
64365
64371
64380
64386
64395
64401
64410
64416
64425
64431
64440
64446
64455
64461
64470
64476
64485
64491
64500
64506
64515
64521
64530
64536
64545
64551
64560
64566
64575
64581
64590
64596
64604
64611
64619
64626
64634
64641
64649
64656
64664
64671
64679
64686
64694
64701
64709
64716
64724
64731
64739
64746
64754
64761
64769
64776
64784
64791
64799
64806
64814
64821
64829
64836
64844
64851
64859
64865
64874
64880
64889
64895
64904
64910
64919
64925
64934
64940
64948
64954
64963
64969
64978
64984
64992
64999
65007
65014
65022
65029
65037
65043
65052
65058
65067
65073
65082
65088
65096
65103
65111
65118
65126
65133
65141
65147
65156
65162
65171
65177
65186
65192
65200
65207
65215
65222
65230
65237
65245
65251
65260
65266
65275
65281
65290
65296
65304
65311
65319
65326
65334
65340
65349
65355
65364
65370
65379
65385
65393
65400
65408
65415
65423
65430
65438
65444
65453
65459
65468
65474
65483
65489
65497
65504
65512
65519
65527
65534
65542
65548
65557
65563
65572
65578
65587
65593
65601
65608
65616
65623
65631
65643
65654
65666
65677
65689
65700
65712
65723
65735
65746
65759
65769
65782
65792
65805
65815
65828
65838
65851
65861
65874
65885
65897
65908
65920
65931
65943
65954
65966
65977
65990
66000
66013
66023
66036
66046
66059
66069
66082
66092
66105
66116
66128
66139
66151
66162
66174
66185
66197
66208
66221
66231
66244
66254
66267
66277
66290
66300
66313
66323
66336
66347
66359
66370
66379
66387
66396
66404
66414
66421
66431
66439
66448
66456
66466
66473
66483
66491
66500
66508
66518
66525
66535
66543
66552
66560
66569
66577
66587
66594
66604
66612
66621
66629
66639
66646
66656
66664
66673
66681
66691
66698
66708
66716
66725
66733
66743
66750
66760
66767
66777
66785
66794
66802
66812
66819
66829
66837
66846
66854
66864
66871
66881
66889
66898
66906
66916
66923
66933
66941
66950
66958
66967
66975
66985
66992
67002
67010
67019
67027
67037
67044
67054
67062
67071
67079
67088
67095
67104
67112
67121
67128
67138
67145
67154
67162
67171
67178
67188
67195
67204
67212
67221
67228
67238
67245
67254
67262
67271
67278
67288
67295
67304
67312
67321
67328
67338
67345
67354
67362
67371
67378
67388
67395
67404
67412
67421
67428
67438
67445
67454
67462
67471
67478
67488
67495
67504
67512
67521
67528
67538
67545
67554
67561
67571
67578
67587
67595
67604
67611
67621
67628
67637
67645
67654
67661
67671
67678
67687
67695
67704
67711
67721
67728
67737
67745
67754
67761
67771
67778
67787
67797
67806
67816
67825
67835
67844
67854
67863
67873
67882
67892
67901
67911
67920
67930
67939
67950
67958
67969
67977
67988
67996
68007
68015
68026
68034
68045
68053
68064
68072
68083
68092
68102
68111
68121
68130
68140
68149
68159
68168
68178
68187
68197
68206
68216
68225
68235
68244
68255
68263
68274
68282
68293
68301
68312
68320
68331
68339
68350
68358
68369
68377
68388
68397
68407
68416
68426
68435
68445
68453
68459
68468
68474
68483
68489
68498
68504
68512
68519
68527
68534
68542
68549
68557
68564
68572
68578
68587
68593
68602
68608
68617
68623
68631
68638
68646
68653
68661
68668
68676
68683
68691
68697
68706
68712
68721
68727
68736
68742
68751
68757
68765
68772
68780
68787
68795
68802
68810
68816
68825
68831
68840
68846
68855
68861
68870
68876
68884
68891
68899
68906
68914
68921
68929
68936
68944
68950
68959
68965
68974
68980
68989
69000
69010
69022
69032
69044
69054
69066
69076
69088
69098
69110
69120
69132
69142
69154
69164
69176
69186
69198
69208
69220
69230
69242
69252
69264
69274
69286
69296
69308
69318
69330
69340
69352
69362
69374
69384
69396
69406
69418
69428
69440
69450
69462
69472
69484
69494
69506
69515
69527
69537
69545
69556
69564
69574
69583
69593
69601
69612
69620
69630
69639
69649
69657
69668
69676
69687
69695
69705
69714
69724
69732
69743
69751
69761
69770
69780
69788
69799
69807
69817
69826
69836
69845
69855
69863
69874
69882
69892
69901
69911
69919
69930
69938
69948
69957
69967
69975
69986
69994
70005
70013
70023
70032
70042
70050
70061
70069
70079
70088
70098
70106
70117
70125
70135
70144
70154
70163
70173
70181
70192
70200
70210
70219
70229
70237
70248
70256
70266
70275
70285
70293
70304
70312
70323
70331
70341
70350
70360
70368
70379
70387
70397
70405
70412
70420
70427
70435
70442
70451
70457
70466
70472
70481
70488
70496
70503
70511
70518
70527
70533
70542
70548
70557
70564
70572
70579
70587
70594
70603
70609
70618
70624
70633
70640
70648
70655
70663
70670
70679
70685
70694
70700
70709
70715
70724
70731
70739
70746
70754
70761
70770
70776
70785
70791
70800
70807
70815
70822
70830
70837
70846
70852
70861
70867
70876
70883
70891
70898
70906
70913
70922
70928
70937
70943
70952
70959
70967
70974
70982
70989
70997
71004
71013
71019
71028
71034
71043
71050
71058
71065
71073
71080
71089
71095
71104
71110
71119
71126
71134
71141
71149
71156
71165
71171
71180
71186
71195
71202
71210
71217
71225
71232
71241
71247
71256
71262
71271
71278
71286
71293
71301
71308
71316
71323
71332
71338
71347
71353
71362
71369
71381
71391
71403
71413
71425
71435
71448
71458
71470
71480
71492
71502
71515
71525
71537
71547
71559
71569
71582
71592
71604
71614
71626
71636
71649
71659
71671
71681
71693
71703
71716
71726
71738
71748
71760
71770
71783
71793
71805
71815
71827
71837
71849
71860
71872
71882
71894
71904
71916
71927
71939
71949
71961
71971
71983
71994
72006
72016
72028
72038
72050
72061
72073
72083
72095
72109
72121
72135
72148
72162
72174
72189
72201
72215
72228
72242
72254
72269
72281
72295
72308
72322
72334
72349
72361
72375
72388
72402
72414
72428
72441
72455
72467
72482
72494
72508
72521
72535
72547
72562
72574
72588
72599
72609
72621
72631
72642
72652
72664
72674
72685
72695
72707
72717
72728
72738
72750
72760
72771
72781
72793
72803
72814
72824
72836
72846
72857
72867
72879
72889
72900
72910
72922
72932
72943
72953
72965
72975
72986
72996
73008
73018
73029
73039
73051
73061
73072
73082
73094
73104
73115
73125
73137
73147
73158
73168
73180
73190
73201
73211
73223
73233
73244
73254
73266
73276
73287
73297
73309
73319
73330
73340
73352
73362
73373
73383
73395
73405
73416
73426
73438
73448
73459
73469
73481
73491
73502
73512
73524
73534
73545
73555
73567
73575
73582
73590
73597
73605
73612
73621
73627
73636
73642
73651
73658
73666
73673
73681
73688
73697
73703
73712
73718
73727
73734
73742
73749
73757
73764
73773
73779
73788
73794
73803
73810
73818
73825
73833
73840
73849
73855
73864
73870
73879
73885
73894
73901
73909
73916
73924
73931
73940
73946
73955
73961
73970
73977
73985
73992
74000
74007
74016
74022
74031
74037
74046
74053
74061
74068
74076
74083
74092
74098
74107
74113
74122
74129
74137
74144
74149
74156
74162
74169
74174
74182
74187
74194
74199
74207
74212
74219
74225
74232
74237
74244
74250
74257
74262
74270
74275
74282
74287
74295
74300
74307
74313
74320
74325
74332
74338
74345
74350
74358
74363
74370
74375
74383
74388
74395
74401
74408
74413
74421
74426
74433
74438
74446
74451
74458
74464
74471
74476
74483
74489
74496
74501
74509
74514
74521
74526
74534
74539
74546
74552
74559
74564
74571
74577
74584
74589
74597
74602
74609
74614
74622
74627
74634
74640
74647
74652
74660
74665
74672
74683
74692
74703
74712
74723
74732
74743
74752
74763
74772
74784
74793
74804
74813
74824
74833
74844
74853
74864
74873
74884
74894
74905
74914
74925
74934
74945
74954
74965
74974
74985
74994
75006
75015
75026
75035
75046
75055
75066
75075
75086
75095
75106
75116
75127
75136
75147
75156
75167
75176
75187
75196
75207
75216
75228
75237
75248
75257
75268
75277
75288
75297
75308
75317
75329
75338
75349
75358
75369
75378
75389
75398
75409
75418
75429
75439
75450
75459
75470
75479
75490
75499
75510
75519
75530
75539
75551
75561
75569
75579
75587
75597
75605
75615
75624
75634
75642
75652
75660
75670
75678
75688
75697
75707
75715
75725
75733
75743
75751
75761
75770
75780
75788
75798
75806
75816
75824
75834
75843
75853
75861
75871
75879
75889
75897
75907
75916
75926
75934
75944
75952
75962
75970
75980
75989
75999
76007
76017
76025
76035
76043
76053
76062
76072
76080
76090
76098
76108
76116
76126
76135
76145
76153
76163
76171
76181
76189
76199
76208
76218
76226
76236
76244
76254
76262
76272
76281
76291
76299
76309
76317
76327
76335
76345
76354
76364
76372
76379
76384
76392
76397
76405
76410
76418
76423
76431
76436
76443
76449
76456
76462
76469
76475
76482
76488
76495
76500
76508
76513
76521
76526
76534
76539
76547
76552
76559
76565
76572
76578
76585
76591
76598
76604
76611
76616
76624
76629
76637
76642
76650
76655
76663
76668
76675
76681
76688
76694
76701
76707
76714
76720
76727
76732
76740
76745
76753
76758
76766
76771
76779
76784
76791
76797
76804
76810
76817
76823
76830
76836
76843
76848
76856
76861
76869
76874
76882
76887
76895
76900
76907
76913
76920
76926
76933
76939
76946
76952
76959
76964
76972
76977
76985
76990
76998
77003
77011
77016
77023
77029
77036
77042
77049
77055
77062
77068
77075
77080
77088
77093
77101
77106
77114
77119
77127
77132
77139
77145
77152
77158
77165
77171
77178
77184
77191
77196
77204
77209
77217
77222
77230
77235
77243
77248
77255
77261
77268
77274
77281
77287
77294
77300
77307
77312
77321
77328
77337
77344
77353
77360
77369
77376
77385
77392
77401
77408
77417
77424
77433
77440
77449
77456
77465
77472
77481
77488
77497
77504
77513
77520
77529
77536
77545
77552
77561
77568
77577
77584
77593
77600
77609
77616
77625
77632
77641
77648
77657
77664
77673
77680
77689
77696
77705
77712
77721
77728
77737
77744
77753
77760
77769
77776
77785
77792
77801
77808
77817
77824
77833
77840
77849
77856
77865
77872
77881
77888
77897
77904
77913
77920
77929
77936
77945
77952
77961
77968
77977
77984
77993
78000
78009
78016
78025
78032
78041
78048
78057
78065
78075
78083
78093
78101
78110
78118
78128
78136
78146
78154
78164
78171
78181
78189
78199
78207
78217
78225
78234
78242
78252
78260
78270
78278
78288
78295
78305
78313
78323
78331
78341
78349
78358
78366
78376
78384
78394
78402
78412
78419
78429
78437
78447
78455
78465
78473
78482
78490
78500
78508
78518
78526
78536
78543
78553
78561
78571
78579
78589
78597
78606
78614
78623
78630
78640
78647
78656
78664
78673
78680
78690
78697
78706
78714
78723
78731
78740
78747
78757
78764
78773
78781
78790
78797
78807
78814
78824
78831
78840
78848
78857
78864
78874
78881
78890
78898
78907
78915
78924
78931
78941
78948
78957
78965
78974
78981
78991
78998
79008
79015
79024
79032
79041
79048
79058
79065
79074
79082
79091
79099
79108
79115
79125
79132
79141
79149
79158
79165
79175
79182
79192
79199
79208
79216
79225
79232
79242
79249
79258
79266
79275
79282
79292
79299
79309
79316
79325
79333
79342
79349
79359
79366
79375
79383
79390
79395
79402
79407
79415
79420
79427
79432
79440
79445
79452
79457
79465
79470
79477
79482
79489
79495
79502
79507
79514
79520
79527
79532
79539
79545
79552
79557
79564
79570
79577
79582
79589
79594
79602
79607
79614
79619
79627
79632
79639
79644
79652
79657
79664
79669
79676
79682
79689
79694
79701
79707
79714
79719
79726
79732
79739
79744
79751
79757
79764
79769
79776
79781
79789
79794
79801
79806
79814
79819
79826
79831
79839
79844
79851
79856
79863
79869
79876
79881
79888
79894
79901
79906
79913
79919
79926
79931
79938
79944
79951
79956
79963
79968
79976
79981
79988
79993
80001
80006
80013
80018
80026
80031
80038
80043
80051
80056
80063
80068
80075
80081
80088
80093
80100
80106
80113
80118
80125
80131
80138
80143
80150
80155
80163
80168
80175
80180
80188
80193
80200
80205
80213
80218
80225
80230
80238
80247
80254
80263
80270
80279
80286
80295
80302
80311
80318
80327
80334
80343
80350
80359
80366
80375
80382
80391
80398
80408
80415
80424
80431
80440
80447
80456
80463
80472
80479
80488
80495
80504
80511
80520
80527
80536
80543
80552
80559
80568
80576
80585
80592
80601
80608
80617
80624
80633
80640
80649
80656
80665
80672
80681
80688
80697
80704
80713
80720
80729
80736
80746
80753
80761
80768
80776
80783
80791
80798
80806
80813
80821
80828
80836
80843
80852
80858
80867
80873
80882
80888
80897
80903
80912
80918
80927
80934
80942
80949
80957
80964
80972
80979
80987
80994
81002
81009
81017
81024
81033
81039
81048
81054
81063
81069
81078
81084
81093
81099
81108
81115
81123
81130
81138
81145
81153
81160
81168
81175
81183
81190
81199
81205
81214
81220
81229
81235
81244
81250
81259
81267
81276
81284
81294
81301
81311
81318
81328
81336
81345
81353
81362
81370
81380
81387
81397
81405
81414
81422
81431
81439
81449
81456
81466
81473
81483
81491
81500
81508
81518
81525
81535
81542
81552
81560
81569
81577
81586
81594
81604
81611
81621
81629
81638
81646
81655
81663
81673
81680
81690
81697
81707
81715
81724
81732
81742
81749
81759
81766
81776
81784
81793
81801
81810
81818
81828
81835
81845
81853
81862
81870
81879
81887
81897
81904
81914
81921
81931
81939
81948
81956
81966
81973
81983
81990
82000
82008
82017
82025
82034
82042
82052
82059
82069
82076
82086
82094
82103
82111
82121
82128
82138
82145
82155
82163
82172
82181
82188
82197
82205
82214
82221
82230
82238
82247
82254
82264
82271
82280
82287
82297
82304
82313
82321
82330
82337
82346
82354
82363
82370
82380
82387
82396
82403
82413
82420
82429
82437
82446
82453
82462
82470
82479
82486
82495
82503
82512
82519
82529
82536
82545
82552
82562
82569
82578
82586
82595
82602
82611
82619
82628
82635
82645
82652
82661
82668
82678
82685
82694
82702
82711
82718
82727
82735
82744
82751
82760
82768
82777
82784
82794
82807
82818
82832
82843
82856
82868
82881
82893
82906
82917
82931
82942
82955
82967
82980
82992
83005
83016
83030
83041
83055
83066
83079
83091
83104
83115
83129
83140
83154
83165
83178
83190
83203
83215
83228
83239
83253
83263
83272
83282
83291
83302
83310
83321
83329
83340
83349
83359
83368
83378
83387
83398
83406
83417
83426
83436
83445
83455
83464
83475
83483
83494
83503
83512
83523
83531
83542
83551
83561
83570
83580
83589
83600
83608
83619
83628
83637
83648
83656
83667
83676
83686
83695
83705
83714
83725
83733
83744
83753
83762
83773
83781
83792
83801
83811
83820
83830
83839
83850
83858
83869
83878
83887
83898
83906
83917
83926
83936
83945
83955
83964
83975
83983
83994
84003
84012
84022
84031
84042
84050
84061
84070
84080
84089
84100
84108
84119
84128
84138
84147
84158
84166
84177
84186
84197
84205
84216
84225
84235
84244
84255
84263
84274
84283
84293
84302
84313
84321
84332
84341
84351
84360
84371
84380
84390
84399
84410
84418
84429
84438
84448
84457
84468
84480
84490
84503
84513
84525
84536
84548
84558
84571
84581
84593
84604
84616
84627
84639
84649
84662
84672
84684
84695
84707
84718
84729
84741
84752
84764
84774
84787
84797
84809
84820
84832
84843
84854
84866
84877
84889
84899
84912
84922
84934
84945
84957
84968
84979
84991
85002
85014
85024
85037
85047
85059
85070
85082
85093
85104
85116
85127
85139
85149
85162
85172
85184
85195
85203
85209
85218
85224
85232
85239
85247
85253
85262
85268
85276
85283
85291
85297
85306
85312
85320
85327
85335
85341
85350
85356
85364
85371
85379
85385
85394
85400
85408
85415
85423
85430
85438
85444
85453
85459
85467
85474
85482
85488
85497
85503
85511
85518
85526
85532
85541
85547
85555
85562
85570
85576
85585
85591
85599
85606
85614
85620
85629
85635
85643
85650
85658
85665
85673
85679
85688
85694
85702
85709
85717
85723
85732
85738
85746
85753
85761
85767
85776
85782
85790
85797
85805
85811
85820
85826
85834
85841
85849
85855
85864
85870
85878
85885
85893
85900
85908
85914
85923
85929
85937
85944
85952
85958
85967
85973
85981
85988
85996
86002
86011
86017
86025
86032
86040
86046
86055
86061
86069
86076
86084
86090
86099
86105
86113
86120
86129
86136
86145
86152
86161
86168
86177
86184
86193
86200
86209
86216
86225
86232
86241
86248
86257
86264
86273
86280
86289
86295
86304
86311
86320
86327
86336
86343
86352
86359
86368
86375
86384
86391
86400
86407
86416
86423
86432
86439
86448
86455
86464
86471
86480
86486
86495
86502
86511
86518
86527
86534
86543
86550
86559
86566
86575
86582
86591
86598
86607
86614
86623
86630
86639
86646
86655
86662
86670
86677
86686
86693
86702
86709
86718
86725
86734
86741
86750
86757
86766
86773
86782
86789
86798
86805
86814
86821
86830
86837
86846
86853
86861
86868
86877
86884
86893
86900
86909
86916
86925
86932
86941
86948
86957
86964
86973
86980
86989
86996
87005
87012
87021
87028
87037
87046
87053
87063
87070
87080
87087
87096
87104
87113
87121
87130
87138
87147
87154
87164
87171
87181
87188
87198
87205
87214
87222
87231
87239
87248
87256
87265
87272
87282
87289
87299
87306
87316
87323
87332
87340
87349
87357
87366
87374
87383
87390
87400
87407
87417
87424
87434
87441
87450
87458
87467
87475
87484
87492
87501
87508
87518
87525
87535
87542
87552
87559
87568
87576
87585
87593
87602
87610
87616
87625
87631
87640
87646
87655
87661
87670
87676
87684
87691
87699
87706
87714
87721
87729
87736
87744
87750
87759
87765
87774
87780
87789
87795
87804
87810
87819
87825
87833
87840
87848
87855
87863
87870
87878
87885
87893
87899
87908
87914
87923
87929
87938
87944
87953
87959
87967
87974
87982
87989
87997
88004
88012
88019
88027
88034
88042
88048
88057
88063
88072
88078
88087
88093
88102
88108
88116
88123
88131
88138
88146
88153
88161
88168
88176
88183
88191
88197
88206
88212
88221
88227
88236
88242
88251
88257
88265
88272
88280
88289
88297
88307
88314
88324
88332
88341
88349
88359
88366
88376
88384
88393
88401
88411
88418
88428
88436
88445
88453
88463
88470
88480
88488
88497
88505
88515
88522
88532
88540
88549
88557
88567
88575
88584
88592
88602
88609
88619
88627
88636
88644
88654
88661
88671
88679
88688
88696
88706
88713
88723
88731
88740
88748
88758
88765
88775
88783
88792
88800
88810
88817
88822
88830
88835
88842
88848
88855
88860
88868
88873
88880
88886
88893
88898
88906
88911
88919
88924
88931
88937
88944
88949
88957
88962
88969
88975
88982
88987
88995
89000
89008
89013
89020
89026
89033
89038
89046
89051
89058
89064
89071
89076
89084
89089
89097
89102
89109
89115
89122
89127
89135
89140
89147
89153
89160
89165
89173
89178
89185
89191
89198
89204
89211
89216
89224
89229
89236
89242
89249
89254
89262
89267
89274
89280
89287
89293
89300
89305
89313
89318
89325
89331
89338
89343
89351
89356
89363
89369
89376
89382
89389
89394
89402
89407
89414
89420
89427
89432
89440
89445
89452
89458
89465
89471
89478
89483
89491
89496
89503
89509
89516
89521
89529
89534
89541
89547
89554
89560
89566
89573
89579
89586
89591
89599
89604
89611
89617
89624
89629
89637
89642
89649
89655
89666
89675
89687
89696
89708
89717
89729
89738
89750
89759
89771
89780
89792
89801
89813
89822
89834
89843
89854
89864
89875
89885
89896
89906
89917
89927
89938
89948
89959
89969
89980
89990
90001
90011
90022
90031
90043
90052
90064
90073
90085
90094
90106
90115
90127
90136
90148
90157
90169
90178
90190
90199
90210
90220
90231
90241
90252
90262
90273
90285
90295
90307
90317
90329
90339
90352
90362
90374
90384
90396
90406
90419
90429
90441
90451
90463
90473
90486
90496
90508
90518
90530
90540
90553
90563
90575
90585
90597
90607
90620
90630
90642
90652
90664
90674
90687
90697
90709
90719
90731
90741
90753
90764
90776
90786
90798
90808
90820
90831
90843
90853
90865
90875
90887
90898
90910
90920
90932
90942
90954
90965
90977
90987
90999
91009
91021
91032
91044
91054
91066
91076
91088
91099
91111
91121
91130
91141
91150
91161
91170
91181
91190
91200
91209
91220
91229
91240
91249
91260
91269
91279
91288
91299
91308
91319
91328
91339
91348
91358
91367
91378
91387
91398
91407
91418
91427
91437
91446
91457
91466
91477
91486
91497
91506
91516
91525
91536
91545
91556
91565
91576
91585
91595
91604
91615
91624
91635
91644
91655
91664
91674
91683
91694
91703
91714
91723
91734
91743
91753
91762
91773
91782
91793
91802
91813
91822
91832
91841
91852
91861
91872
91881
91892
91901
91911
91920
91931
91940
91951
91960
91971
91980
91991
91999
92010
92021
92031
92043
92053
92064
92074
92086
92096
92107
92117
92129
92139
92151
92160
92172
92182
92194
92203
92215
92225
92237
92246
92258
92268
92280
92290
92301
92311
92323
92333
92344
92354
92366
92376
92388
92397
92409
92419
92431
92440
92452
92462
92474
92483
92495
92505
92517
92527
92538
92548
92560
92570
92581
92591
92603
92613
92625
92634
92646
92656
92668
92677
92689
92699
92711
92720
92732
92740
92746
92754
92760
92769
92775
92783
92789
92798
92804
92812
92818
92827
92833
92841
92847
92856
92862
92870
92876
92884
92891
92899
92905
92913
92920
92928
92934
92942
92949
92957
92963
92971
92978
92986
92992
93000
93007
93015
93021
93029
93035
93044
93050
93058
93064
93073
93079
93087
93093
93102
93108
93116
93122
93131
93137
93145
93151
93160
93166
93174
93180
93188
93195
93203
93209
93217
93224
93232
93238
93246
93253
93261
93267
93275
93282
93290
93296
93304
93311
93321
93330
93341
93350
93361
93370
93381
93390
93400
93409
93420
93429
93440
93449
93460
93469
93480
93488
93499
93508
93519
93528
93539
93548
93559
93568
93578
93587
93598
93607
93618
93627
93638
93647
93657
93666
93677
93686
93697
93706
93717
93726
93737
93745
93756
93765
93776
93785
93796
93805
93816
93825
93835
93844
93855
93864
93875
93884
93895
93904
93914
93923
93934
93943
93954
93963
93974
93983
93994
94002
94010
94016
94024
94030
94039
94045
94053
94059
94067
94074
94082
94088
94096
94102
94111
94117
94125
94131
94139
94146
94154
94160
94168
94174
94183
94189
94197
94203
94211
94218
94226
94232
94240
94246
94255
94261
94269
94275
94283
94290
94298
94304
94312
94318
94327
94333
94341
94347
94355
94362
94370
94376
94384
94390
94399
94405
94413
94419
94427
94434
94442
94448
94456
94462
94471
94477
94485
94491
94499
94506
94514
94520
94528
94535
94543
94549
94557
94563
94572
94578
94586
94592
94600
94607
94615
94621
94629
94635
94644
94650
94658
94664
94672
94679
94687
94693
94701
94707
94716
94722
94730
94736
94744
94751
94759
94765
94773
94779
94788
94794
94802
94809
94814
94822
94827
94835
94840
94848
94853
94861
94866
94873
94879
94886
94892
94899
94905
94912
94918
94925
94930
94938
94943
94951
94956
94964
94969
94977
94982
94989
94995
95002
95008
95015
95021
95028
95034
95041
95047
95054
95059
95067
95072
95080
95085
95093
95098
95106
95111
95118
95124
95131
95137
95144
95150
95157
95163
95170
95175
95183
95188
95196
95201
95209
95214
95222
95227
95235
95240
95247
95253
95260
95266
95273
95279
95286
95292
95299
95304
95312
95317
95325
95330
95338
95343
95351
95356
95363
95369
95376
95382
95389
95395
95402
95408
95415
95421
95428
95433
95441
95446
95454
95459
95467
95472
95480
95485
95492
95498
95505
95511
95518
95524
95531
95537
95544
95549
95557
95562
95570
95575
95583
95588
95596
95601
95609
95614
95621
95627
95634
95640
95647
95653
95660
95666
95673
95678
95686
95691
95699
95704
95712
95722
95730
95741
95749
95759
95768
95778
95787
95797
95805
95816
95824
95835
95843
95853
95862
95872
95881
95891
95899
95910
95918
95929
95937
95947
95956
95966
95975
95985
95993
96004
96012
96023
96031
96041
96050
96060
96069
96079
96087
96098
96106
96117
96125
96135
96144
96154
96163
96173
96181
96192
96200
96211
96219
96229
96238
96248
96257
96267
96275
96286
96294
96305
96313
96323
96332
96342
96350
96361
96369
96380
96388
96398
96407
96417
96426
96436
96444
96455
96463
96474
96482
96492
96501
96511
96520
96530
96538
96549
96557
96568
96576
96586
96595
96605
96614
96624
96632
96643
96651
96662
96670
96677
96682
96690
96695
96703
96708
96716
96721
96728
96734
96741
96747
96754
96760
96767
96773
96780
96785
96793
96798
96806
96811
96819
96824
96832
96837
96844
96850
96857
96863
96870
96876
96883
96889
96896
96901
96909
96914
96922
96927
96935
96940
96947
96953
96960
96966
96973
96979
96986
96992
96999
97004
97012
97017
97025
97030
97038
97043
97051
97056
97063
97069
97076
97082
97089
97095
97102
97108
97115
97120
97128
97133
97141
97146
97154
97159
97166
97172
97179
97185
97192
97198
97205
97211
97218
97223
97231
97236
97244
97249
97257
97262
97270
97275
97282
97288
97295
97301
97308
97314
97321
97327
97334
97339
97347
97352
97360
97365
97373
97378
97385
97391
97398
97404
97411
97417
97424
97430
97437
97442
97450
97455
97463
97468
97476
97481
97489
97494
97501
97507
97514
97520
97527
97533
97540
97546
97553
97558
97566
97571
97579
97584
97592
97602
97611
97621
97630
97640
97649
97659
97668
97678
97687
97697
97706
97716
97725
97735
97744
97754
97763
97773
97782
97792
97801
97811
97820
97830
97839
97849
97858
97868
97877
97887
97896
97906
97915
97925
97934
97944
97953
97963
97972
97982
97991
98001
98010
98020
98029
98039
98048
98058
98067
98077
98086
98096
98105
98115
98124
98134
98143
98154
98162
98173
98181
98192
98200
98211
98219
98230
98238
98249
98257
98268
98276
98287
98295
98306
98314
98325
98333
98344
98352
98363
98371
98382
98390
98401
98409
98420
98427
98432
98439
98444
98452
98457
98464
98469
98477
98482
98489
98494
98502
98507
98514
98519
98527
98532
98539
98544
98552
98557
98564
98569
98577
98582
98589
98594
98602
98607
98614
98619
98627
98632
98639
98644
98652
98657
98664
98669
98676
98682
98689
98694
98701
98707
98714
98719
98726
98732
98739
98744
98751
98757
98764
98769
98776
98782
98789
98794
98801
98807
98814
98819
98826
98832
98839
98844
98851
98857
98864
98869
98876
98882
98889
98894
98901
98906
98914
98919
98926
98931
98939
98944
98951
98956
98964
98969
98976
98981
98989
98994
99001
99006
99014
99019
99026
99031
99039
99044
99051
99056
99064
99069
99076
99081
99089
99094
99101
99106
99114
99119
99126
99131
99139
99144
99151
99156
99163
99169
99176
99181
99188
99194
99201
99206
99213
99219
99226
99231
99238
99244
99251
99256
99263
99269
99276
99281
99288
99294
99301
99306
99313
99319
99326
99331
99338
99344
99356
99367
99380
99391
99404
99415
99428
99439
99451
99462
99475
99486
99499
99510
99523
99534
99546
99557
99570
99581
99594
99605
99618
99629
99642
99652
99665
99676
99689
99700
99713
99724
99737
99747
99760
99771
99784
99795
99808
99819
99832
99843
99855
99866
99879
99890
99903
99914
99927
99938
99950
99961
99974
99985
99998
100009
100022
100033
100045
100056
100069
100080
100093
100104
100117
100128
100141
100151
100164
