13
24
37
49
62
73
87
98
111
123
136
147
160
172
185
196
210
221
234
246
259
270
284
295
308
320
332
345
356
370
381
394
406
419
430
444
455
468
480
492
505
516
530
541
554
566
579
590
604
615
628
640
652
665
676
690
701
714
726
739
750
764
775
788
800
812
825
836
850
861
874
886
899
912
923
936
947
960
971
984
995
1008
1019
1032
1043
1056
1067
1080
1091
1104
1115
1128
1139
1152
1163
1176
1187
1200
1211
1224
1235
1248
1259
1272
1283
1296
1307
1320
1331
1344
1355
1368
1379
1392
1403
1416
1427
1440
1451
1464
1475
1488
1499
1512
1523
1536
1547
1560
1571
1584
1595
1608
1619
1632
1643
1656
1667
1680
1691
1704
1715
1728
1739
1752
1763
1776
1787
1800
1811
1824
1835
1848
1859
1872
1884
1897
1908
1921
1933
1946
1957
1970
1982
1995
2006
2019
2031
2044
2055
2068
2080
2093
2104
2117
2129
2142
2153
2166
2178
2191
2202
2215
2227
2240
2251
2265
2276
2289
2300
2314
2325
2338
2349
2363
2374
2387
2398
2412
2423
2436
2447
2461
2472
2485
2496
2510
2521
2534
2545
2559
2570
2583
2594
2608
2619
2632
2643
2657
2668
2681
2693
2706
2717
2730
2742
2755
2766
2779
2792
2803
2816
2828
2841
2852
2865
2877
2890
2901
2915
2926
2939
2950
2964
2975
2988
3000
3013
3024
3037
3049
3062
3073
3087
3098
3111
3122
3136
3147
3160
3172
3185
3196
3209
3221
3234
3245
3259
3270
3283
3294
3308
3319
3332
3343
3357
3368
3381
3393
3406
3417
3430
3442
3455
3466
3480
3491
3504
3515
3529
3540
3553
3565
3578
3589
3602
3614
3627
3638
3652
3663
3676
3687
3701
3712
3725
3736
3749
3760
3773
3784
3797
3808
3821
3832
3845
3856
3869
3880
3893
3904
3917
3928
3941
3952
3966
3977
3990
4001
4014
4025
4038
4049
4062
4073
4086
4097
4110
4121
4134
4145
4158
4169
4182
4193
4206
4218
4231
4242
4255
4266
4279
4290
4303
4314
4327
4338
4351
4362
4375
4386
4399
4410
4423
4434
4447
4458
4472
4483
4496
4507
4520
4531
4544
4555
4568
4579
4592
4603
4616
4627
4640
4651
4664
4676
4689
4700
4714
4725
4738
4750
4763
4774
4788
4799
4812
4824
4837
4848
4862
4873
4886
4898
4911
4922
4936
4947
4960
4971
4985
4996
5009
5021
5034
5045
5059
5070
5083
5095
5108
5119
5133
5144
5157
5169
5182
5193
5207
5218
5231
5243
5256
5267
5280
5292
5305
5316
5330
5341
5354
5366
5379
5390
5404
5415
5428
5440
5453
5464
5478
5489
5502
5514
5527
5538
5552
5563
5576
5587
5601
5614
5625
5638
5650
5663
5674
5688
5699
5712
5723
5737
5748
5761
5773
5786
5797
5811
5822
5835
5846
5860
5871
5884
5896
5909
5920
5933
5945
5958
5969
5983
5994
6007
6019
6032
6043
6056
6068
6081
6092
6106
6117
6130
6141
6155
6166
6179
6191
6204
6215
6229
6240
6253
6264
6278
6289
6302
6314
6327
6338
6351
6363
6376
6387
6401
6412
6425
6437
6450
6461
6474
6486
6499
6510
6524
6535
6548
6559
6573
6584
6597
6609
6622
6634
6647
6658
6672
6683
6696
6708
6721
6733
6746
6757
6771
6782
6796
6807
6820
6832
6845
6856
6870
6881
6895
6906
6919
6931
6944
6956
6969
6980
6994
7005
7018
7030
7043
7055
7068
7079
7093
7104
7118
7129
7142
7154
7167
7178
7192
7203
7217
7228
7241
7253
7266
7278
7291
7302
7316
7327
7340
7352
7365
7377
7390
7401
7415
7426
7440
7451
7464
7477
7488
7502
7513
7526
7538
7551
7562
7576
7587
7601
7612
7625
7637
7650
7661
7675
7686
7700
7711
7724
7736
7749
7760
7774
7785
7799
7810
7823
7835
7848
7859
7873
7884
7897
7909
7922
7934
7947
7958
7972
7983
7996
8008
8021
8033
8046
8057
8071
8082
8095
8107
8120
8132
8145
8156
8170
8181
8194
8206
8219
8231
8244
8255
8269
8280
8293
8305
8318
8329
8343
8354
8368
8379
8392
8404
8417
8430
8441
8454
8465
8479
8490
8503
8514
8527
8539
8552
8563
8576
8587
8601
8612
8625
8636
8649
8661
8674
8685
8698
8709
8723
8734
8747
8758
8772
8783
8796
8807
8820
8832
8845
8856
8869
8880
8894
8905
8918
8929
8942
8954
8967
8978
8991
9002
9016
9027
9040
9051
9064
9076
9089
9100
9113
9125
9138
9149
9162
9173
9187
9198
9211
9222
9235
9247
9260
9271
9284
9295
9309
9320
9333
9344
9357
9368
9381
9392
9405
9416
9429
9440
9453
9464
9477
9488
9501
9512
9525
9536
9549
9560
9573
9584
9598
9609
9622
9633
9646
9657
9670
9681
9694
9705
9718
9729
9742
9753
9766
9777
9790
9801
9814
9825
9838
9850
9863
9874
9887
9898
9911
9922
9935
9946
9959
9970
9983
9994
10007
10018
10031
10042
10055
10066
10079
10090
10104
10115
10128
10139
10152
10163
10176
10187
10200
10211
10224
10235
10248
10259
10272
10283
10296
10307
10321
10332
10345
10357
10370
10382
10395
10406
10420
10431
10444
10456
10469
10481
10494
10505
10519
10530
10544
10555
10568
10580
10593
10604
10618
10629
10643
10654
10667
10679
10692
10704
10717
10728
10742
10753
10766
10778
10791
10803
10816
10827
10841
10852
10866
10877
10890
10902
10915
10926
10940
10951
10965
10976
10989
11001
11014
11026
11039
11050
11064
11075
11088
11100
11113
11125
11138
11149
11163
11174
11188
11199
11212
11224
11237
11250
11261
11274
11285
11298
11309
11322
11333
11346
11357
11370
11381
11394
11405
11418
11429
11443
11454
11467
11478
11491
11502
11515
11526
11539
11550
11563
11574
11587
11598
11611
11622
11635
11647
11660
11671
11684
11695
11708
11719
11732
11743
11756
11767
11780
11791
11804
11815
11828
11840
11853
11864
11877
11888
11901
11912
11925
11936
11949
11960
11973
11984
11997
12008
12021
12032
12046
12057
12070
12081
12094
12105
12118
12129
12142
12153
12166
12177
12190
12201
12214
12225
12239
12250
12263
12275
12288
12300
12313
12324
12338
12349
12363
12374
12387
12399
12412
12424
12437
12448
12462
12473
12487
12498
12511
12523
12536
12548
12561
12572
12586
12597
12611
12622
12635
12647
12660
12672
12685
12696
12710
12721
12735
12746
12759
12771
12784
12796
12809
12820
12834
12845
12859
12870
12883
12895
12908
12920
12933
12944
12958
12969
12982
12994
13007
13019
13032
13043
13057
13068
13082
13093
13106
13118
13131
13143
13155
13166
13179
13190
13203
13214
13227
13237
13250
13261
13274
13285
13298
13309
13322
13332
13345
13356
13369
13380
13393
13404
13416
13427
13440
13451
13464
13475
13488
13499
13511
13522
13535
13546
13559
13570
13583
13594
13606
13617
13630
13641
13654
13665
13678
13688
13701
13712
13725
13736
13749
13760
13773
13783
13796
13807
13820
13831
13844
13855
13868
13878
13891
13902
13915
13926
13939
13950
13962
13973
13986
13997
14010
14021
14034
14045
14057
14069
14080
14093
14104
14116
14127
14140
14151
14163
14174
14187
14198
14211
14221
14234
14245
14258
14268
14281
14292
14305
14316
14328
14339
14352
14363
14375
14386
14399
14410
14423
14433
14446
14457
14470
14480
14493
14504
14517
14528
14540
14551
14564
14575
14587
14598
14611
14622
14635
14645
14658
14669
14682
14692
14705
14716
14729
14740
14752
14763
14776
14787
14799
14810
14823
14834
14847
14857
14870
14881
14894
14904
14917
14928
14941
14951
14964
14975
14988
14999
15011
15022
15035
15046
15059
15070
15082
15093
15106
15117
15130
15141
15153
15164
15177
15188
15201
15212
15224
15235
15248
15259
15272
15283
15295
15306
15319
15330
15343
15354
15366
15377
15390
15401
15414
15425
15437
15448
15461
15472
15485
15496
15508
15519
15532
15543
15556
15567
15579
15590
15603
15614
15627
15638
15650
15661
15674
15685
15698
15709
15721
15732
15745
15756
15769
15780
15792
15803
15816
15827
15840
15851
15863
15874
15887
15898
15911
15922
15935
15946
15959
15971
15984
15995
16008
16020
16033
16044
16057
16069
16082
16093
16106
16118
16131
16142
16155
16167
16180
16191
16204
16216
16229
16240
16253
16265
16278
16289
16302
16314
16327
16338
16352
16363
16376
16387
16401
16412
16425
16436
16450
16461
16474
16485
16499
16510
16523
16534
16548
16559
16572
16583
16597
16608
16621
16632
16646
16657
16670
16681
16695
16706
16719
16730
16744
16755
16768
16780
16793
16804
16817
16829
16842
16853
16866
16879
16890
16903
16915
16928
16939
16953
16964
16977
16989
17002
17013
17027
17038
17051
17063
17076
17087
17101
17112
17125
17137
17150
17161
17175
17186
17199
17211
17224
17235
17249
17260
17273
17285
17298
17309
17323
17334
17347
17359
17372
17383
17397
17408
17421
17433
17446
17457
17471
17482
17495
17507
17520
17531
17545
17556
17569
17581
17594
17605
17619
17630
17643
17655
17668
17679
17693
17704
17717
17729
17742
17753
17767
17778
17791
17803
17816
17827
17840
17851
17865
17876
17890
17901
17915
17926
17939
17951
17964
17976
17989
18001
18014
18025
18039
18050
18064
18075
18089
18100
18114
18125
18138
18150
18163
18175
18188
18200
18213
18224
18238
18249
18263
18274
18288
18299
18312
18324
18337
18349
18362
18374
18387
18399
18412
18423
18437
18448
18462
18473
18487
18498
18511
18523
18536
18548
18561
18573
18586
18597
18611
18622
18636
18647
18661
18672
18686
18697
18710
18722
18735
18747
18760
18772
18783
18796
18807
18820
18831
18844
18855
18868
18879
18892
18903
18916
18927
18940
18951
18963
18974
18987
18998
19011
19022
19035
19046
19059
19070
19083
19094
19107
19118
19131
19142
19155
19165
19178
19189
19202
19213
19226
19237
19250
19261
19274
19285
19298
19309
19322
19333
19346
19357
19369
19380
19393
19404
19417
19428
19441
19452
19465
19476
19489
19500
19513
19524
19537
19548
19560
19571
19584
19595
19608
19619
19632
19643
19656
19667
19680
19693
19704
19717
19729
19742
19753
19766
19778
19791
19802
19816
19827
19840
19851
19865
19876
19889
19901
19914
19925
19938
19950
19963
19974
19988
19999
20012
20023
20037
20048
20061
20073
20086
20097
20110
20122
20135
20146
20160
20171
20184
20195
20209
20220
20233
20244
20258
20269
20282
20294
20307
20318
20331
20343
20356
20367
20381
20392
20405
20416
20430
20441
20454
20466
20479
20490
20503
20515
20528
20539
20553
20564
20577
20588
20602
20613
20625
20636
20649
20660
20673
20684
20697
20708
20721
20732
20745
20756
20769
20780
20793
20804
20817
20828
20841
20852
20864
20875
20888
20899
20912
20923
20936
20947
20960
20971
20984
20995
21008
21019
21032
21043
21056
21067
21080
21091
21104
21114
21127
21138
21151
21162
21175
21186
21199
21210
21223
21234
21247
21258
21271
21282
21295
21306
21319
21330
21343
21354
21366
21377
21390
21401
21414
21425
21438
21449
21462
21473
21486
21497
21510
21521
21534
21545
21558
21569
21582
21593
21606
21617
21630
21641
21654
21665
21678
21690
21703
21714
21727
21738
21751
21762
21775
21786
21800
21811
21824
21835
21848
21859
21872
21883
21896
21908
21921
21932
21945
21956
21969
21980
21993
22004
22018
22029
22042
22053
22066
22077
22090
22101
22114
22126
22139
22150
22163
22174
22187
22198
22211
22222
22235
22247
22260
22271
22284
22295
22308
22319
22332
22343
22357
22368
22381
22392
22405
22416
22429
22440
22453
22465
22478
22489
22502
22515
22526
22539
22550
22564
22575
22588
22599
22613
22624
22637
22648
22662
22673
22686
22697
22710
22722
22735
22746
22759
22771
22784
22795
22808
22820
22833
22844
22857
22868
22882
22893
22906
22917
22931
22942
22955
22966
22980
22991
23004
23015
23028
23040
23053
23064
23077
23089
23102
23113
23126
23138
23151
23162
23175
23187
23200
23211
23224
23235
23249
23260
23273
23284
23298
23309
23322
23333
23347
23358
23371
23382
23395
23407
23419
23430
23443
23454
23467
23478
23491
23502
23515
23526
23539
23550
23563
23574
23587
23598
23611
23622
23635
23646
23658
23669
23682
23693
23706
23717
23730
23741
23754
23765
23778
23789
23802
23813
23826
23837
23850
23861
23874
23885
23898
23908
23921
23932
23945
23956
23969
23980
23993
24004
24017
24028
24041
24052
24065
24076
24089
24100
24113
24124
24137
24148
24160
24171
24184
24195
24208
24219
24232
24243
24256
24267
24280
24291
24304
24315
24328
24339
24352
24363
24376
24387
24400
24412
24425
24436
24449
24460
24473
24484
24498
24509
24522
24533
24546
24557
24570
24581
24595
24606
24619
24630
24643
24654
24667
24679
24692
24703
24716
24727
24740
24751
24764
24776
24789
24800
24813
24824
24837
24848
24862
24873
24886
24897
24910
24921
24934
24945
24959
24970
24983
24994
25007
25018
25031
25043
25056
25067
25080
25091
25104
25115
25128
25140
25153
25164
25177
25188
25201
25212
25226
25237
25250
25261
25274
25287
25298
25311
25322
25335
25346
25359
25370
25383
25394
25408
25419
25432
25443
25456
25467
25480
25491
25504
25515
25529
25540
25553
25564
25577
25588
25601
25612
25625
25636
25649
25661
25674
25685
25698
25709
25722
25733
25746
25757
25770
25782
25795
25806
25819
25830
25843
25854
25867
25878
25891
25903
25916
25927
25940
25951
25964
25975
25988
25999
26012
26024
26036
26049
26060
26073
26084
26097
26108
26121
26132
26145
26157
26170
26181
26194
26205
26218
26229
26243
26254
26267
26279
26292
26303
26317
26328
26342
26353
26366
26378
26391
26402
26416
26427
26441
26452
26465
26477
26490
26501
26515
26526
26540
26551
26564
26576
26589
26600
26614
26625
26638
26650
26663
26675
26688
26699
26713
26724
26737
26749
26762
26774
26787
26798
26812
26823
26836
26848
26861
26873
26886
26897
26911
26922
26935
26947
26960
26972
26985
26996
27010
27021
27034
27046
27059
27070
27084
27095
27109
27122
27133
27146
27157
27170
27181
27194
27205
27218
27229
27242
27253
27266
27277
27290
27301
27315
27326
27339
27350
27363
27374
27387
27398
27411
27422
27435
27446
27459
27470
27483
27494
27507
27519
27532
27543
27556
27567
27580
27591
27604
27615
27628
27639
27652
27663
27676
27687
27700
27712
27725
27736
27749
27760
27773
27784
27797
27808
27821
27832
27845
27856
27869
27880
27893
27904
27918
27929
27942
27953
27966
27977
27990
28001
28014
28025
28038
28049
28062
28073
28087
28098
28112
28123
28136
28148
28161
28173
28186
28198
28211
28222
28236
28247
28261
28272
28286
28297
28310
28322
28335
28347
28360
28371
28385
28396
28410
28421
28435
28446
28459
28471
28484
28496
28509
28521
28534
28545
28559
28570
28584
28595
28609
28620
28633
28645
28658
28670
28683
28694
28708
28719
28733
28744
28758
28769
28782
28794
28807
28819
28832
28844
28857
28868
28882
28893
28907
28918
28931
28943
28956
28968
28981
28992
29005
29017
29030
29041
29055
29066
29079
29090
29104
29115
29128
29140
29153
29164
29178
29189
29202
29213
29227
29238
29251
29263
29276
29287
29300
29312
29325
29336
29350
29361
29374
29386
29399
29410
29423
29435
29448
29459
29473
29484
29497
29508
29522
29533
29546
29558
29571
29582
29596
29607
29620
29631
29645
29656
29669
29681
29694
29705
29718
29730
29743
29754
29768
29779
29792
29804
29817
29828
29841
29853
29866
29877
29891
29903
29914
29927
29938
29950
29961
29974
29985
29997
30008
30021
30032
30045
30055
30068
30079
30092
30102
30115
30126
30139
30150
30162
30173
30186
30197
30209
30220
30233
30244
30257
30267
30280
30291
30304
30314
30327
30338
30351
30362
30374
30385
30398
30409
30421
30432
30445
30456
30469
30479
30492
30503
30516
30526
30539
30550
30563
30574
30586
30597
30610
30621
30633
30644
30657
30668
30681
30691
30704
30715
30728
30738
30751
30762
30775
30785
30798
30809
30822
30833
30845
30858
30869
30882
30894
30907
30918
30931
30943
30956
30967
30981
30992
31005
31016
31030
31041
31054
31066
31079
31090
31103
31115
31128
31139
31153
31164
31177
31188
31202
31213
31226
31238
31251
31262
31275
31287
31300
31311
31325
31336
31349
31360
31374
31385
31398
31409
31423
31434
31447
31459
31472
31483
31496
31508
31521
31532
31546
31557
31570
31581
31595
31606
31619
31631
31644
31655
31668
31680
31693
31704
31718
31729
31742
31753
31767
31778
31791
31803
31814
31827
31838
31851
31862
31875
31886
31899
31910
31923
31933
31946
31957
31970
31981
31994
32005
32018
32029
32042
32053
32066
32076
32089
32100
32113
32124
32137
32148
32161
32172
32185
32196
32209
32219
32232
32243
32256
32267
32280
32291
32304
32315
32328
32339
32352
32362
32375
32386
32399
32410
32423
32434
32447
32458
32471
32482
32495
32505
32518
32529
32542
32553
32566
32577
32590
32601
32614
32625
32638
32648
32661
32672
32685
32696
32709
32720
32733
32746
32757
32770
32781
32794
32805
32818
32829
32842
32853
32867
32878
32891
32902
32915
32926
32939
32950
32963
32974
32988
32999
33012
33023
33036
33047
33060
33071
33084
33095
33108
33120
33133
33144
33157
33168
33181
33192
33205
33216
33229
33241
33254
33265
33278
33289
33302
33313
33326
33337
33350
33362
33375
33386
33399
33410
33423
33434
33447
33458
33471
33483
33495
33508
33519
33532
33543
33556
33567
33580
33591
33604
33616
33629
33640
33653
33666
33677
33690
33701
33714
33725
33738
33749
33762
33774
33787
33798
33811
33822
33835
33846
33859
33870
33884
33895
33908
33919
33932
33943
33956
33967
33980
33992
34005
34016
34029
34040
34053
34064
34077
34088
34102
34113
34126
34137
34150
34161
34174
34185
34198
34210
34223
34234
34247
34258
34271
34282
34295
34306
34319
34331
34344
34355
34368
34379
34392
34403
34416
34427
34441
34452
34465
34476
34489
34500
34513
34524
34537
34549
34562
34573
34586
34597
34609
34620
34633
34644
34657
34667
34680
34691
34704
34715
34727
34738
34751
34762
34775
34785
34798
34809
34822
34833
34846
34856
34869
34880
34893
34904
34916
34927
34940
34951
34964
34974
34987
34998
35011
35022
35035
35045
35058
35069
35082
35093
35105
35116
35129
35140
35153
35163
35176
35187
35200
35211
35223
35234
35247
35258
35271
35282
35294
35305
35318
35329
35342
35352
35365
35376
35389
35400
35412
35423
35436
35447
35460
35471
35483
35494
35507
35518
35531
35541
35554
35567
35578
35591
35602
35615
35626
35639
35651
35664
35675
35688
35699
35712
35723
35737
35748
35761
35772
35785
35796
35809
35820
35834
35845
35858
35869
35882
35893
35906
35918
35931
35942
35955
35966
35979
35990
36003
36015
36028
36039
36052
36063
36076
36087
36101
36112
36125
36136
36149
36160
36173
36184
36198
36209
36222
36233
36246
36257
36270
36282
36295
36306
36319
36330
36343
36354
36367
36379
36392
36403
36416
36427
36440
36451
36465
36476
36489
36501
36512
36525
36536
36549
36559
36572
36583
36596
36607
36620
36630
36643
36654
36667
36678
36690
36701
36714
36725
36738
36749
36761
36772
36785
36796
36809
36820
36832
36843
36856
36867
36880
36890
36903
36914
36927
36938
36951
36961
36974
36985
36998
37009
37022
37032
37045
37056
37069
37080
37092
37103
37116
37127
37140
37151
37163
37174
37187
37198
37211
37222
37234
37245
37258
37269
37282
37292
37305
37316
37329
37340
37353
37363
37376
37387
37400
37411
37423
37434
37447
37460
37471
37484
37495
37508
37520
37533
37544
37557
37568
37581
37593
37606
37617
37630
37641
37654
37666
37679
37690
37703
37714
37727
37739
37752
37763
37776
37787
37800
37812
37825
37836
37849
37860
37873
37885
37898
37909
37922
37933
37946
37958
37971
37982
37995
38006
38020
38031
38044
38055
38068
38079
38093
38104
38117
38128
38141
38152
38166
38177
38190
38201
38214
38225
38239
38250
38263
38274
38287
38298
38312
38323
38336
38347
38360
38371
38385
38398
38409
38422
38433
38446
38457
38470
38482
38495
38506
38519
38530
38543
38554
38568
38579
38592
38603
38616
38627
38640
38651
38665
38676
38689
38700
38713
38724
38737
38749
38762
38773
38786
38797
38810
38821
38834
38846
38859
38870
38883
38894
38907
38918
38932
38943
38956
38967
38980
38991
39004
39015
39029
39040
39053
39064
39077
39088
39101
39113
39126
39137
39150
39161
39174
39185
39198
39210
39223
39234
39247
39258
39271
39282
39296
39309
39320
39333
39344
39357
39369
39382
39393
39406
39417
39431
39442
39455
39466
39479
39490
39504
39515
39528
39539
39552
39564
39577
39588
39601
39612
39625
39637
39650
39661
39674
39685
39699
39710
39723
39734
39747
39758
39772
39783
39796
39807
39820
39832
39845
39856
39869
39880
39893
39905
39918
39929
39942
39953
39967
39978
39991
40002
40015
40026
40040
40051
40064
40075
40088
40100
40113
40124
40137
40148
40161
40173
40186
40197
40210
40222
40233
40246
40257
40270
40281
40294
40305
40318
40329
40342
40353
40366
40377
40390
40401
40414
40425
40438
40449
40461
40472
40485
40496
40509
40520
40533
40544
40557
40568
40581
40592
40605
40616
40629
40640
40653
40664
40677
40688
40701
40711
40724
40735
40748
40759
40772
40783
40796
40807
40820
40831
40844
40855
40868
40879
40892
40903
40916
40927
40940
40951
40963
40974
40987
40998
41011
41022
41035
41046
41059
41070
41083
41094
41107
41118
41131
41143
41154
41167
41178
41191
41202
41215
41226
41238
41249
41262
41273
41286
41297
41310
41321
41333
41344
41357
41368
41381
41392
41405
41416
41429
41439
41452
41463
41476
41487
41500
41511
41524
41534
41547
41558
41571
41582
41595
41606
41619
41630
41642
41653
41666
41677
41690
41701
41714
41725
41737
41748
41761
41772
41785
41796
41809
41820
41832
41843
41856
41867
41880
41891
41904
41915
41928
41938
41951
41962
41975
41986
41999
42010
42023
42033
42046
42057
42070
42083
42094
42108
42119
42133
42144
42158
42169
42182
42194
42207
42219
42232
42244
42257
42268
42282
42293
42307
42318
42332
42343
42357
42368
42381
42393
42406
42418
42431
42443
42456
42467
42481
42492
42506
42517
42531
42542
42555
42567
42580
42592
42605
42617
42630
42642
42655
42666
42680
42691
42705
42716
42730
42741
42754
42766
42779
42791
42804
42816
42829
42840
42854
42865
42879
42890
42904
42915
42929
42940
42953
42965
42978
42991
43002
43015
43026
43039
43051
43064
43075
43088
43099
43113
43124
43137
43148
43161
43172
43186
43197
43210
43221
43234
43246
43259
43270
43283
43294
43307
43319
43332
43343
43356
43367
43381
43392
43405
43416
43429
43440
43454
43465
43478
43489
43502
43514
43527
43538
43551
43562
43575
43587
43600
43611
43624
43635
43649
43660
43673
43684
43697
43708
43722
43733
43746
43757
43770
43782
43795
43806
43819
43830
43843
43855
43868
43879
43892
43904
43915
43928
43939
43952
43963
43976
43986
43999
44010
44023
44034
44047
44058
44071
44081
44094
44105
44118
44129
44142
44153
44165
44176
44189
44200
44213
44224
44237
44248
44260
44271
44284
44295
44308
44319
44332
44343
44355
44366
44379
44390
44403
44414
44427
44437
44450
44461
44474
44485
44498
44509
44522
44532
44545
44556
44569
44580
44593
44604
44617
44627
44640
44651
44664
44675
44688
44699
44711
44722
44735
44746
44759
44770
44783
44794
44807
44818
44831
44842
44855
44866
44879
44890
44903
44914
44927
44938
44951
44962
44975
44986
45000
45011
45024
45035
45048
45059
45072
45083
45096
45107
45120
45131
45144
45155
45168
45179
45192
45204
45217
45228
45241
45252
45265
45276
45289
45300
45313
45324
45337
45348
45361
45372
45385
45397
45410
45421
45434
45445
45458
45469
45482
45493
45506
45517
45530
45541
45554
45565
45578
45589
45603
45614
45627
45638
45651
45662
45675
45686
45699
45710
45723
45734
45747
45758
45771
45782
45795
45806
45819
45830
45844
45855
45868
45879
45892
45903
45916
45927
45941
45952
45965
45976
45989
46000
46013
46024
46038
46049
46062
46073
46086
46097
46110
46121
46134
46146
46159
46170
46183
46194
46207
46218
46231
46243
46256
46267
46280
46291
46304
46315
46328
46340
46353
46364
46377
46388
46401
46412
46425
46437
46450
46461
46474
46485
46498
46509
46522
46534
46546
46559
46570
46583
46594
46607
46618
46631
46643
46656
46667
46680
46692
46705
46716
46730
46741
46754
46765
46779
46790
46803
46815
46828
46839
46853
46864
46877
46888
46902
46913
46926
46938
46951
46962
46975
46987
47000
47011
47025
47036
47049
47061
47074
47085
47098
47110
47123
47134
47148
47159
47172
47183
47197
47208
47221
47233
47246
47257
47271
47282
47295
47306
47320
47331
47344
47356
47369
47380
47393
47405
47418
47429
47443
47454
47467
47479
47492
47503
47516
47528
47541
47552
47566
47577
47590
47601
47614
47625
47638
47649
47662
47673
47686
47697
47710
47721
47734
47745
47758
47769
47782
47793
47806
47817
47830
47841
47854
47865
47878
47889
47902
47913
47926
47937
47950
47961
47974
47985
47998
48009
48022
48033
48046
48057
48070
48082
48095
48106
48119
48130
48143
48154
48167
48178
48191
48202
48215
48226
48239
48250
48263
48274
48287
48298
48311
48322
48335
48346
48359
48370
48383
48394
48407
48418
48431
48442
48455
48466
48479
48490
48503
48514
48527
48538
48552
48563
48577
48588
48602
48613
48626
48638
48651
48663
48676
48688
48701
48712
48726
48737
48751
48762
48776
48787
48801
48812
48825
48837
48850
48862
48875
48887
48900
48911
48925
48936
48950
48961
48975
48986
48999
49011
49024
49036
49049
49061
49074
49086
49099
49110
49124
49135
49149
49160
49174
49185
49198
49210
49223
49235
49248
49260
49273
49284
49298
49309
49323
49334
49348
49359
49373
49384
49397
49409
49422
49434
49447
49460
49471
49485
49496
49509
49521
49534
49546
49559
49570
49584
49595
49608
49620
49633
49645
49658
49669
49683
49694
49708
49719
49732
49744
49757
49768
49782
49793
49807
49818
49831
49843
49856
49868
49881
49892
49906
49917
49930
49942
49955
49967
49980
49991
50005
50016
50030
50041
50054
50066
50079
50090
50104
50115
50129
50140
50153
50165
50178
50190
50203
50214
50228
50239
50252
50264
50277
50289
50302
50313
50327
50338
50352
50363
50376
50388
50401
50412
50424
50435
50448
50459
50471
50482
50495
50506
50519
50529
50542
50553
50566
50577
50589
50600
50613
50624
50636
50647
50660
50671
50684
50694
50707
50718
50731
50742
50754
50765
50778
50789
50801
50812
50825
50836
50849
50859
50872
50883
50896
50907
50919
50930
50943
50954
50967
50977
50990
51001
51014
51024
51037
51048
51061
51072
51084
51095
51108
51119
51132
51142
51155
51166
51179
51189
51202
51213
51226
51237
51249
51260
51273
51284
51297
51307
51320
51331
51344
51355
51368
51379
51393
51404
51417
51428
51442
51453
51466
51477
51491
51502
51515
51526
51539
51551
51564
51575
51588
51600
51613
51624
51637
51649
51662
51673
51686
51697
51711
51722
51735
51746
51760
51771
51784
51795
51809
51820
51833
51844
51857
51869
51882
51893
51906
51918
51931
51942
51955
51967
51980
51991
52004
52016
52029
52040
52053
52064
52078
52089
52102
52113
52127
52138
52151
52162
52176
52187
52200
52211
52224
52236
52249
52260
52273
52285
52297
52309
52321
52333
52345
52357
52369
52381
52393
52405
52417
52429
52441
52453
52465
52477
52489
52501
52513
52525
52537
52549
52561
52573
52585
52597
52609
52621
52633
52645
52657
52669
52681
52693
52705
52717
52729
52741
52753
52765
52777
52789
52801
52813
52825
52837
52849
52861
52873
52885
52897
52909
52921
52933
52945
52957
52969
52981
52993
53005
53017
53029
53041
53053
53065
53077
53089
53101
53113
53125
53137
53149
53161
53173
53185
53197
53209
53221
53233
53245
53256
53269
53280
53293
53304
53317
53328
53341
53352
53365
53376
53389
53400
53413
53424
53437
53448
53461
53472
53485
53496
53509
53520
53533
53544
53557
53567
53580
53591
53604
53615
53628
53639
53652
53663
53676
53687
53700
53711
53724
53735
53748
53759
53772
53783
53796
53807
53820
53831
53844
53855
53868
53879
53892
53902
53915
53926
53939
53950
53963
53974
53987
53998
54011
54022
54035
54046
54059
54070
54083
54094
54107
54118
54131
54142
54155
54166
54179
54192
54203
54216
54227
54240
54251
54264
54275
54288
54299
54312
54323
54336
54347
54360
54371
54384
54395
54408
54419
54432
54443
54456
54467
54480
54491
54504
54515
54528
54539
54552
54563
54576
54587
54600
54611
54624
54635
54648
54659
54672
54683
54696
54707
54720
54731
54744
54755
54768
54779
54792
54803
54816
54827
54840
54851
54864
54875
54888
54899
54912
54923
54936
54947
54960
54971
54984
54995
55008
55019
55032
55043
55056
55067
55080
55091
55104
55115
55129
55140
55154
55165
55178
55190
55203
55215
55228
55239
55253
55264
55278
55289
55302
55314
55327
55339
55352
55364
55377
55388
55402
55413
55427
55438
55451
55463
55476
55488
55501
55512
55526
55537
55551
55562
55575
55587
55600
55612
55625
55637
55650
55661
55675
55686
55700
55711
55724
55736
55749
55761
55774
55785
55799
55810
55824
55835
55848
55860
55873
55885
55898
55910
55923
55934
55948
55959
55973
55984
55997
56009
56022
56035
56046
56059
56070
56083
56095
56108
56119
56132
56143
56156
56168
56181
56192
56205
56216
56229
56241
56254
56265
56278
56289
56302
56314
56327
56338
56351
56362
56375
56387
56400
56411
56424
56435
56448
56460
56473
56484
56497
56508
56521
56533
56546
56557
56570
56581
56595
56606
56619
56630
56643
56654
56668
56679
56692
56703
56716
56727
56741
56752
56765
56776
56789
56800
56814
56825
56838
56849
56862
56873
56887
56898
56911
56922
56935
56946
56960
56973
56984
56997
57008
57021
57032
57045
57056
57069
57080
57093
57105
57118
57129
57142
57153
57166
57177
57190
57201
57214
57225
57238
57250
57263
57274
57287
57298
57311
57322
57335
57346
57359
57370
57383
57395
57408
57419
57432
57443
57456
57467
57480
57491
57504
57515
57528
57540
57553
57564
57577
57588
57601
57612
57625
57636
57649
57660
57673
57685
57698
57709
57722
57733
57746
57757
57770
57781
57794
57805
57819
57830
57843
57854
57867
57878
57890
57901
57914
57925
57938
57949
57962
57972
57985
57996
58009
58020
58033
58044
58056
58067
58080
58091
58104
58115
58128
58138
58151
58162
58175
58186
58199
58210
58222
58233
58246
58257
58270
58281
58294
58304
58317
58328
58341
58352
58365
58376
58388
58399
58412
58423
58436
58447
58460
58470
58483
58494
58507
58518
58531
58542
58554
58565
58578
58589
58602
58613
58626
58636
58649
58660
58673
58684
58697
58708
58720
58731
58744
58755
58768
58779
58792
58805
58816
58829
58841
58854
58865
58879
58890
58903
58915
58928
58939
58953
58964
58977
58989
59002
59013
59027
59038
59051
59063
59076
59087
59101
59112
59125
59137
59150
59161
59175
59186
59199
59211
59224
59235
59249
59260
59273
59285
59298
59309
59323
59334
59347
59359
59372
59383
59397
59408
59421
59433
59446
59457
59471
59482
59495
59507
59520
59531
59545
59556
59569
59581
59594
59605
59619
59630
59643
59655
59668
59679
59693
59704
59717
59729
59742
59755
59766
59779
59791
59804
59815
59828
59840
59853
59864
59878
59889
59902
59913
59927
59938
59951
59963
59976
59987
60000
60012
60025
60036
60050
60061
60074
60085
60099
60110
60123
60135
60148
60159
60172
60184
60197
60208
60222
60233
60246
60257
60271
60282
60295
60306
60320
60331
60344
60356
60369
60380
60393
60405
60418
60429
60443
60454
60467
60478
60492
60503
60516
60528
60541
60552
60565
60577
60590
60601
60615
60626
60639
60650
60664
60675
60688
60700
60713
60724
60737
60748
60761
60772
60786
60797
60810
60821
60834
60845
60858
60870
60883
60894
60907
60918
60931
60942
60956
60967
60980
60991
61004
61015
61028
61040
61053
61064
61077
61088
61101
61112
61126
61137
61150
61161
61174
61185
61198
61210
61223
61234
61247
61258
61271
61282
61296
61307
61320
61331
61344
61355
61369
61380
61393
61404
61417
61428
61441
61453
61466
61477
61490
61501
61514
61525
61539
61550
61563
61574
61587
61598
61611
61623
61636
61649
61660
61674
61685
61699
61710
61724
61735
61749
61760
61773
61785
61798
61810
61823
61835
61848
61860
61873
61884
61898
61909
61923
61934
61948
61959
61973
61984
61997
62009
62022
62034
62047
62059
62072
62084
62097
62109
62122
62133
62147
62158
62172
62183
62197
62208
62222
62233
62246
62258
62271
62283
62296
62308
62321
62333
62346
62357
62371
62382
62396
62407
62421
62432
62446
62457
62471
62482
62495
62507
62520
62532
62545
62557
62570
62581
62595
62606
62619
62631
62644
62656
62669
62680
62694
62705
62719
62730
62743
62755
62768
62780
62793
62804
62818
62829
62843
62854
62867
62879
62892
62904
62917
62928
62942
62953
62967
62978
62991
63003
63016
63028
63041
63052
63066
63077
63091
63102
63115
63127
63140
63152
63165
63176
63190
63201
63215
63226
63239
63251
63264
63276
63289
63300
63314
63325
63338
63350
63363
63375
63388
63399
63413
63424
63438
63449
63462
63474
63487
63500
63511
63524
63536
63549
63560
63574
63585
63598
63610
63623
63634
63648
63659
63672
63684
63697
63708
63722
63733
63746
63758
63771
63782
63796
63807
63820
63832
63845
63856
63870
63881
63894
63906
63919
63930
63944
63955
63968
63980
63993
64004
64018
64029
64042
64054
64067
64078
64092
64103
64116
64128
64141
64152
64166
64177
64190
64202
64215
64226
64240
64251
64264
64276
64289
64300
64314
64325
64338
64350
64363
64374
64388
64399
64412
64424
64437
64448
64461
64473
64486
64497
64511
64522
64535
64547
64560
64571
64584
64596
64609
64620
64634
64645
64658
64670
64683
64694
64708
64719
64732
64744
64756
64769
64780
64794
64805
64818
64830
64843
64854
64868
64879
64892
64904
64916
64929
64940
64954
64965
64978
64990
65003
65014
65028
65039
65052
65064
65076
65089
65100
65114
65125
65138
65150
65163
65174
65188
65199
65212
65224
65236
65249
65260
65274
65285
65298
65310
65323
65334
65348
65359
65372
65384
65397
65408
65422
65433
65447
65458
65471
65483
65496
65508
65521
65532
65546
65557
65571
65582
65595
65607
65620
65632
65645
65657
65670
65681
65695
65706
65720
65731
65744
65756
65769
65781
65794
65805
65819
65830
65844
65855
65868
65880
65893
65905
65918
65930
65943
65954
65968
65979
65993
66004
66017
66029
66042
66054
66067
66078
66092
66103
66117
66128
66141
66153
66166
66178
66191
66203
66216
66227
66241
66252
66266
66277
66290
66302
66315
66326
66339
66350
66363
66375
66388
66399
66412
66423
66436
66448
66461
66472
66485
66496
66509
66521
66534
66545
66558
66569
66582
66594
66607
66618
66631
66642
66655
66667
66680
66691
66704
66715
66728
66740
66753
66764
66777
66788
66801
66813
66826
66837
66850
66861
66875
66886
66899
66910
66923
66934
66948
66959
66972
66983
66996
67007
67021
67032
67045
67056
67069
67080
67094
67105
67118
67129
67142
67153
67167
67178
67191
67202
67215
67226
67239
67250
67264
67275
67289
67300
67314
67325
67338
67350
67363
67375
67388
67400
67413
67424
67438
67449
67463
67474
67488
67499
67513
67524
67537
67549
67562
67574
67587
67599
67612
67623
67637
67648
67662
67673
67687
67698
67711
67723
67736
67748
67761
67773
67786
67798
67811
67822
67836
67847
67861
67872
67886
67897
67910
67922
67935
67947
67960
67972
67985
67996
68010
68021
68035
68046
68060
68071
68085
68096
68109
68121
68134
68146
68159
68171
68184
68197
68208
68221
68232
68245
68256
68269
68280
68293
68304
68317
68328
68341
68352
68365
68376
68390
68401
68414
68425
68438
68449
68462
68473
68486
68497
68510
68521
68534
68545
68558
68569
68582
68594
68607
68618
68631
68642
68655
68666
68679
68690
68703
68714
68727
68738
68751
68762
68775
68787
68800
68811
68824
68835
68848
68859
68872
68883
68896
68907
68920
68931
68944
68955
68968
68979
68993
69004
69017
69028
69041
69052
69065
69076
69089
69100
69113
69124
69137
69150
69161
69174
69185
69198
69209
69222
69233
69246
69257
69271
69282
69295
69306
69319
69330
69343
69354
69367
69378
69392
69403
69416
69427
69440
69451
69464
69475
69488
69499
69512
69524
69537
69548
69561
69572
69585
69596
69609
69620
69633
69645
69658
69669
69682
69693
69706
69717
69730
69741
69754
69766
69779
69790
69803
69814
69827
69838
69851
69862
69875
69887
69899
69912
69923
69936
69947
69960
69971
69984
69995
70008
70020
70033
70044
70057
70068
70081
70092
70105
70116
70129
70140
70153
70164
70177
70189
70202
70213
70226
70237
70250
70261
70275
70286
70299
70310
70323
70334
70347
70358
70372
70383
70396
70407
70420
70431
70444
70456
70469
70480
70493
70504
70517
70528
70541
70553
70566
70577
70590
70601
70614
70625
70639
70650
70663
70674
70687
70698
70711
70722
70736
70747
70760
70771
70784
70795
70808
70820
70833
70844
70857
70868
70881
70892
70905
70917
70930
70941
70954
70965
70978
70989
71003
71015
71026
71039
71050
71062
71073
71086
71097
71109
71120
71133
71144
71157
71167
71180
71191
71204
71214
71227
71238
71251
71262
71274
71285
71298
71309
71321
71332
71345
71356
71369
71379
71392
71403
71416
71426
71439
71450
71463
71474
71486
71497
71510
71521
71533
71544
71557
71568
71581
71591
71604
71615
71628
71638
71651
71662
71675
71686
71698
71709
71722
71733
71745
71756
71769
71780
71793
71803
71816
71827
71840
71850
71863
71874
71887
71897
71910
71921
71934
71945
71959
71970
71984
71995
72009
72020
72034
72045
72059
72070
72084
72095
72109
72120
72134
72145
72159
72170
72183
72195
72208
72220
72233
72245
72258
72270
72283
72295
72308
72320
72333
72345
72358
72370
72383
72395
72408
72419
72433
72444
72458
72469
72483
72494
72508
72519
72533
72544
72558
72569
72583
72594
72608
72619
72633
72644
72657
72669
72682
72694
72707
72719
72732
72744
72757
72769
72782
72794
72807
72819
72832
72844
72857
72869
72882
72893
72906
72917
72930
72941
72954
72965
72978
72989
73002
73013
73026
73037
73050
73061
73074
73085
73098
73109
73122
73133
73146
73157
73170
73181
73194
73205
73218
73229
73242
73253
73266
73277
73290
73301
73314
73325
73338
73349
73362
73373
73386
73397
73410
73421
73434
73445
73458
73469
73482
73493
73506
73517
73530
73541
73554
73565
73578
73589
73602
73613
73626
73637
73650
73661
73674
73685
73698
73709
73722
73733
73746
73757
73770
73781
73794
73805
73817
73828
73841
73852
73865
73876
73889
73900
73913
73924
73937
73948
73961
73971
73984
73995
74008
74019
74032
74043
74056
74067
74080
74091
74104
74115
74128
74138
74151
74162
74175
74186
74199
74210
74223
74234
74247
74258
74271
74282
74295
74305
74318
74329
74342
74353
74366
74377
74390
74401
74414
74425
74438
74449
74462
74472
74485
74496
74509
74520
74533
74544
74557
74568
74581
74592
74605
74616
74629
74639
74652
74663
74676
74687
74700
74711
74724
74735
74749
74760
74774
74785
74799
74810
74824
74835
74849
74860
74874
74885
74899
74910
74924
74935
74949
74960
74974
74985
74999
75010
75024
75035
75049
75060
75074
75085
75099
75110
75124
75135
75149
75160
75174
75185
75198
75210
75223
75235
75248
75260
75273
75285
75298
75310
75323
75335
75348
75360
75373
75385
75398
75410
75423
75435
75448
75460
75473
75485
75498
75510
75523
75535
75548
75560
75573
75585
75598
75610
75623
75635
75648
75661
75672
75685
75696
75709
75721
75734
75745
75758
75769
75783
75794
75807
75818
75831
75842
75856
75867
75880
75891
75904
75916
75929
75940
75953
75964
75977
75989
76002
76013
76026
76037
76051
76062
76075
76086
76099
76110
76124
76135
76148
76159
76172
76184
76197
76208
76221
76232
76245
76257
76270
76281
76294
76305
76319
76330
76343
76354
76367
76378
76392
76403
76416
76427
76440
76452
76465
76476
76489
76500
76513
76525
76538
76549
76562
76573
76587
76600
76611
76625
76636
76650
76661
76675
76686
76700
76711
76725
76736
76750
76761
76775
76786
76800
76811
76825
76836
76849
76861
76874
76886
76899
76911
76924
76936
76949
76961
76974
76986
76999
77011
77024
77036
77049
77061
77074
77085
77099
77110
77124
77135
77149
77160
77174
77185
77199
77210
77224
77235
77249
77260
77274
77285
77299
77310
77323
77335
77348
77360
77373
77385
77398
77410
77423
77435
77448
77460
77473
77485
77498
77510
77522
77533
77546
77557
77570
77581
77594
77605
77618
77628
77641
77652
77665
77676
77689
77700
77713
77724
77736
77747
77760
77771
77784
77795
77808
77819
77832
77843
77855
77866
77879
77890
77903
77914
77927
77938
77951
77961
77974
77985
77998
78009
78022
78033
78046
78057
78069
78080
78093
78104
78117
78128
78141
78152
78165
78176
78188
78199
78212
78223
78236
78247
78260
78271
78284
78294
78307
78318
78331
78342
78355
78366
78379
78390
78402
78413
78426
78439
78450
78463
78475
78488
78499
78513
78524
78537
78549
78562
78573
78586
78598
78611
78622
78636
78647
78660
78672
78685
78696
78710
78721
78734
78746
78758
78771
78782
78796
78807
78820
78832
78845
78856
78870
78881
78894
78906
78918
78931
78942
78956
78967
78980
78992
79005
79016
79030
79041
79054
79066
79078
79091
79102
79116
79127
79140
79152
79165
79176
79190
79201
79214
79226
79238
79251
79262
79276
79287
79300
79312
79325
79336
79350
79362
79373
79386
79397
79410
79421
79434
79444
79457
79468
79481
79492
79505
79516
79529
79539
79552
79563
79576
79587
79600
79611
79623
79634
79647
79658
79671
79682
79695
79706
79718
79729
79742
79753
79766
79777
79790
79801
79813
79824
79837
79848
79861
79872
79885
79895
79908
79919
79932
79943
79956
79967
79980
79990
80003
80014
80027
80038
80051
80062
80075
80085
80098
80109
80122
80133
80146
80157
80169
80180
80193
80204
80217
80228
80241
80252
80264
80275
80288
80299
80313
80324
80338
80349
80362
80374
80387
80399
80412
80424
80437
80448
80462
80473
80487
80498
80512
80523
80536
80548
80561
80573
80586
80597
80611
80622
80636
80647
80661
80672
80685
80697
80710
80722
80735
80747
80760
80771
80785
80796
80810
80821
80835
80846
80859
80871
80884
80896
80909
80920
80934
80945
80959
80970
80984
80995
81008
81020
81033
81045
81058
81070
81083
81094
81108
81119
81133
81144
81157
81169
81182
81194
81207
81219
81231
81242
81255
81266
81279
81290
81302
81313
81326
81337
81350
81361
81373
81384
81397
81408
81421
81432
81445
81455
81468
81479
81492
81503
81516
81526
81539
81550
81563
81574
81587
81598
81610
81621
81634
81645
81658
81669
81681
81692
81705
81716
81729
81740
81753
81763
81776
81787
81800
81811
81824
81834
81847
81858
81871
81882
81895
81906
81918
81929
81942
81953
81966
81977
81989
82000
82013
82024
82037
82048
82061
82071
82084
82095
82108
82119
82132
82142
82155
82166
82179
82190
82203
82214
82227
82238
82251
82262
82276
82287
82300
82311
82324
82335
82348
82359
82373
82384
82397
82408
82421
82432
82445
82456
82470
82481
82494
82505
82518
82529
82542
82553
82566
82578
82591
82602
82615
82626
82639
82650
82663
82675
82688
82699
82712
82723
82736
82747
82760
82772
82785
82796
82809
82820
82833
82844
82857
82869
82882
82893
82906
82917
82930
82941
82954
82966
82978
82991
83002
83015
83026
83039
83050
83063
83075
83088
83099
83112
83123
83136
83149
83160
83173
83184
83198
83209
83222
83233
83247
83258
83271
83282
83296
83307
83320
83331
83345
83356
83369
83380
83394
83405
83418
83429
83443
83454
83467
83478
83492
83503
83516
83527
83541
83552
83565
83576
83590
83601
83614
83625
83639
83650
83663
83674
83688
83699
83712
83723
83736
83748
83761
83772
83785
83797
83810
83821
83834
83846
83859
83870
83883
83895
83908
83919
83932
83944
83957
83968
83981
83993
84006
84017
84030
84042
84055
84066
84078
84089
84102
84113
84126
84137
84150
84160
84173
84184
84197
84208
84221
84232
84244
84255
84268
84279
84292
84303
84316
84326
84339
84350
84363
84374
84387
84398
84410
84421
84434
84445
84458
84469
84482
84492
84505
84516
84529
84540
84553
84564
84576
84587
84600
84611
84624
84635
84648
84658
84671
84682
84695
84706
84719
84730
84742
84753
84766
84777
84790
84801
84814
84824
84837
84848
84861
84872
84885
84896
84908
84919
84932
84943
84956
84967
84980
84990
85003
85014
85027
85038
85051
85062
85076
85087
85100
85112
85125
85136
85150
85161
85174
85186
85199
85211
85224
85235
85249
85260
85273
85285
85298
85309
85323
85334
85347
85359
85372
85384
85397
85408
85422
85433
85446
85458
85471
85482
85496
85507
85520
85532
85545
85557
85570
85581
85595
85606
85619
85631
85644
85655
85669
85680
85693
85705
85718
85730
85743
85754
85768
85779
85792
85804
85817
85828
85842
85853
85867
85878
85891
85903
85916
85927
85941
85952
85965
85977
85990
86001
86015
86028
86039
86052
86063
86076
86087
86101
86112
86125
86136
86149
86160
86173
86185
86198
86209
86222
86233
86246
86257
86271
86282
86295
86306
86319
86330
86343
86355
86368
86379
86392
86403
86416
86427
86441
86452
86465
86476
86489
86500
86513
86525
86538
86549
86562
86573
86586
86597
86611
86622
86635
86646
86659
86670
86684
86695
86708
86719
86732
86743
86756
86768
86781
86792
86805
86816
86829
86840
86854
86865
86878
86889
86902
86913
86926
86938
86951
86962
86974
86985
86998
87009
87021
87032
87045
87056
87069
87079
87092
87103
87116
87127
87139
87150
87163
87174
87186
87197
87210
87221
87234
87244
87257
87268
87281
87292
87304
87315
87328
87339
87351
87362
87375
87386
87399
87409
87422
87433
87446
87457
87469
87480
87493
87504
87517
87527
87540
87551
87564
87574
87587
87598
87611
87622
87634
87645
87658
87669
87682
87692
87705
87716
87729
87739
87752
87763
87776
87787
87799
87810
87823
87834
87847
87857
87870
87881
87894
87905
87917
87930
87941
87954
87965
87978
87989
88002
88013
88026
88037
88050
88061
88074
88085
88098
88109
88122
88133
88146
88157
88170
88181
88194
88205
88218
88229
88242
88254
88267
88278
88291
88302
88315
88326
88339
88350
88363
88374
88387
88398
88411
88422
88435
88446
88459
88470
88483
88494
88507
88518
88531
88542
88555
88566
88579
88591
88604
88615
88628
88639
88652
88663
88676
88687
88700
88711
88724
88735
88748
88759
88772
88783
88796
88807
88820
88831
88844
88857
88868
88881
88892
88905
88916
88929
88940
88953
88964
88977
88988
89001
89012
89025
89036
89049
89060
89073
89084
89097
89108
89121
89132
89145
89156
89169
89180
89193
89204
89217
89228
89241
89252
89265
89276
89289
89300
89313
89324
89337
89348
89361
89372
89385
89396
89409
89420
89433
89444
89457
89468
89481
89492
89505
89516
89529
89540
89553
89564
89577
89588
89601
89612
89625
89636
89649
89660
89673
89684
89697
89708
89721
89732
89745
89756
89769
89780
89792
89803
89816
89827
89840
89851
89864
89875
89888
89899
89912
89923
89936
89947
89960
89971
89983
89994
90007
90018
90031
90042
90055
90066
90079
90090
90103
90114
90127
90138
90151
90162
90175
90185
90198
90209
90222
90233
90246
90257
90270
90281
90294
90305
90318
90329
90342
90353
90366
90377
90389
90400
90413
90424
90437
90448
90461
90472
90485
90496
90509
90520
90533
90544
90557
90568
90580
90591
90604
90615
90628
90639
90652
90663
90676
90687
90700
90711
90724
90737
90748
90762
90773
90787
90798
90812
90823
90837
90848
90862
90873
90886
90898
90911
90923
90936
90948
90961
90973
90986
90998
91011
91023
91036
91047
91061
91072
91086
91097
91111
91122
91136
91147
91161
91172
91186
91197
91210
91222
91235
91247
91260
91272
91285
91297
91310
91322
91335
91347
91360
91371
91385
91396
91410
91421
91435
91446
91460
91471
91485
91496
91510
91521
91534
91546
91559
91571
91584
91596
91609
91621
91634
91646
91659
91671
91683
91694
91707
91718
91731
91742
91755
91766
91779
91790
91803
91814
91827
91838
91851
91862
91875
91886
91899
91910
91923
91934
91947
91958
91971
91982
91995
92006
92019
92030
92043
92054
92067
92078
92091
92102
92115
92126
92139
92150
92163
92173
92186
92197
92210
92221
92234
92245
92258
92269
92282
92293
92306
92317
92330
92341
92354
92365
92378
92389
92402
92413
92426
92437
92450
92461
92474
92485
92498
92509
92522
92533
92546
92557
92570
92581
92594
92605
92618
92631
92642
92655
92666
92679
92690
92703
92714
92727
92738
92751
92762
92775
92787
92800
92811
92824
92835
92848
92859
92872
92883
92896
92907
92920
92931
92944
92956
92969
92980
92993
93004
93017
93028
93041
93052
93065
93076
93089
93100
93113
93125
93138
93149
93162
93173
93186
93197
93210
93221
93234
93245
93258
93269
93282
93294
93307
93318
93331
93342
93355
93366
93379
93390
93403
93414
93427
93438
93451
93463
93476
93487
93500
93511
93524
93535
93548
93559
93572
93583
93596
93607
93621
93632
93645
93656
93669
93680
93693
93705
93718
93729
93742
93753
93766
93777
93791
93802
93815
93826
93839
93850
93863
93875
93888
93899
93912
93923
93936
93947
93961
93972
93985
93996
94009
94020
94033
94045
94058
94069
94082
94093
94106
94117
94131
94142
94155
94166
94179
94190
94204
94215
94228
94239
94252
94263
94276
94288
94301
94312
94325
94336
94349
94360
94374
94385
94398
94409
94422
94433
94446
94458
94471
94482
94495
94508
94519
94533
94544
94557
94569
94582
94594
94607
94618
94632
94643
94656
94668
94681
94693
94706
94717
94731
94742
94756
94767
94780
94792
94805
94816
94830
94841
94855
94866
94879
94891
94904
94916
94929
94940
94954
94965
94978
94990
95003
95015
95028
95039
95053
95064
95078
95089
95102
95114
95127
95138
95152
95163
95177
95188
95201
95213
95226
95238
95251
95262
95276
95287
95300
95312
95325
95337
95350
95361
95375
95386
95400
95411
95424
95436
95447
95460
95471
95484
95495
95508
95518
95531
95542
95555
95566
95579
95590
95603
95613
95626
95637
95650
95661
95674
95685
95697
95708
95721
95732
95745
95756
95769
95780
95792
95803
95816
95827
95840
95851
95864
95875
95887
95898
95911
95922
95935
95946
95959
95969
95982
95993
96006
96017
96030
96041
96054
96064
96077
96088
96101
96112
96125
96136
96149
96159
96172
96183
96196
96207
96220
96231
96243
96254
96267
96278
96291
96302
96315
96326
96338
96349
96362
96373
96386
96398
96410
96423
96435
96448
96460
96473
96485
96498
96510
96523
96535
96548
96560
96573
96585
96598
96610
96623
96635
96648
96660
96673
96685
96698
96710
96723
96735
96748
96760
96773
96785
96798
96810
96823
96835
96848
96860
96873
96885
96898
96910
96923
96935
96948
96960
96973
96985
96998
97010
97023
97035
97048
97060
97073
97085
97098
97110
97123
97135
97148
97160
97173
97185
97198
97210
97223
97235
97248
97260
97273
97285
97298
97309
97322
97334
97347
97358
97371
97383
97396
97407
97421
97432
97445
97456
97470
97481
97494
97506
97519
97530
97543
97555
97568
97579
97593
97604
97617
97628
97642
97653
97666
97678
97691
97702
97715
97727
97740
97751
97765
97776
97789
97800
97814
97825
97838
97849
97863
97874
97887
97899
97912
97923
97936
97948
97961
97972
97986
97997
98010
98021
98035
98046
98059
98071
98084
98095
98108
98120
98133
98144
98158
98169
98182
98193
98207
98218
98230
98241
98254
98265
98278
98289
98302
98313
98326
98337
98350
98361
98374
98385
98398
98409
98422
98433
98446
98457
98469
98480
98493
98504
98517
98528
98541
98552
98565
98576
98589
98600
98613
98624
98637
98648
98661
98672
98685
98696
98709
98719
98732
98743
98756
98767
98780
98791
98804
98815
98828
98839
98852
98863
98876
98887
98900
98911
98924
98935
98948
98959
98971
98982
98995
99006
99019
99030
99043
99054
99067
99078
99091
99102
99115
99126
99139
99150
99163
99175
99186
99199
99210
99223
99234
99247
99258
99271
99282
99295
99306
99319
99330
99343
99354
99366
99377
99390
99401
99414
99425
99438
99449
99462
99473
99486
99497
99510
99521
99534
99545
99558
99568
99581
99592
99605
99616
99629
99640
99653
99664
99677
99688
99701
99712
99725
99736
99749
99760
99772
99783
99796
99807
99820
99831
99844
99855
99868
99879
99892
99903
99916
99927
99940
99951
99963
99974
99987
99998
100011
100022
100035
100046
100059
100070
100083
100094
100107
100118
