8
15
23
30
38
45
53
60
68
75
83
90
98
105
113
120
128
135
143
150
158
165
173
180
188
195
203
210
218
225
233
240
248
255
263
270
278
285
293
300
308
315
323
330
338
345
353
360
368
375
383
390
398
405
413
420
428
435
443
450
458
465
473
480
488
495
503
510
518
525
533
540
548
555
563
570
578
585
593
600
608
615
623
630
638
645
653
660
668
675
683
690
698
705
713
720
728
735
743
750
758
765
773
780
788
795
804
810
819
825
834
840
849
855
862
868
876
882
890
895
903
909
917
923
931
936
944
950
958
964
972
977
985
991
999
1005
1012
1018
1026
1032
1040
1046
1053
1059
1067
1073
1081
1087
1094
1100
1108
1114
1122
1128
1135
1141
1149
1155
1163
1168
1176
1182
1190
1196
1204
1209
1217
1223
1231
1237
1245
1250
1258
1264
1272
1278
1286
1291
1299
1305
1313
1319
1326
1332
1340
1346
1354
1360
1367
1373
1381
1387
1395
1401
1408
1414
1422
1428
1436
1442
1449
1455
1463
1469
1477
1482
1490
1496
1504
1510
1518
1523
1531
1537
1545
1551
1559
1564
1572
1578
1586
1592
1600
1605
1613
1619
1627
1633
1640
1646
1654
1660
1668
1674
1681
1687
1695
1701
1709
1715
1722
1728
1736
1742
1750
1756
1763
1769
1776
1782
1790
1796
1804
1810
1818
1824
1832
1838
1846
1852
1860
1866
1874
1880
1888
1894
1902
1907
1915
1921
1929
1935
1943
1949
1957
1963
1971
1977
1985
1991
1999
2005
2013
2019
2027
2033
2040
2046
2054
2060
2068
2074
2082
2088
2096
2102
2110
2116
2124
2130
2138
2144
2152
2158
2166
2172
2179
2185
2193
2199
2207
2213
2221
2227
2235
2241
2249
2255
2263
2269
2277
2283
2291
2297
2305
2310
2318
2324
2332
2338
2346
2352
2360
2366
2374
2380
2388
2394
2402
2408
2416
2422
2430
2436
2444
2449
2457
2463
2471
2477
2484
2490
2498
2504
2512
2518
2526
2531
2539
2545
2553
2559
2567
2573
2581
2586
2594
2600
2608
2614
2622
2628
2635
2641
2649
2655
2663
2669
2677
2683
2690
2696
2704
2710
2718
2724
2732
2738
2745
2751
2759
2765
2773
2779
2787
2792
2800
2806
2814
2820
2828
2834
2842
2847
2855
2861
2869
2875
2883
2889
2897
2902
2910
2916
2924
2930
2938
2944
2951
2957
2965
2971
2979
2985
2993
2999
3006
3012
3020
3026
3034
3040
3048
3053
3061
3067
3075
3081
3089
3095
3103
3108
3116
3122
3130
3136
3144
3150
3158
3163
3171
3177
3185
3191
3199
3205
3212
3218
3226
3232
3240
3246
3254
3260
3267
3273
3281
3287
3295
3301
3309
3315
3322
3328
3336
3342
3350
3356
3364
3371
3379
3386
3394
3401
3409
3416
3424
3431
3439
3446
3454
3461
3469
3476
3484
3491
3499
3506
3514
3521
3529
3536
3544
3551
3559
3566
3574
3581
3589
3596
3604
3611
3619
3626
3634
3641
3649
3656
3664
3671
3679
3686
3694
3701
3709
3716
3724
3731
3739
3746
3754
3761
3769
3776
3784
3791
3799
3806
3814
3821
3829
3836
3844
3851
3859
3866
3874
3881
3889
3896
3904
3911
3919
3926
3934
3941
3949
3956
3964
3971
3979
3986
3994
4001
4009
4017
4024
4032
4039
4047
4054
4062
4069
4078
4084
4093
4099
4108
4114
4123
4129
4138
4145
4153
4160
4168
4175
4183
4190
4198
4205
4214
4220
4229
4235
4244
4250
4259
4265
4274
4281
4289
4296
4304
4311
4319
4326
4334
4341
4350
4356
4365
4371
4380
4386
4395
4401
4410
4417
4425
4432
4440
4447
4455
4462
4470
4477
4486
4492
4501
4507
4516
4522
4531
4537
4546
4553
4561
4568
4576
4583
4591
4598
4606
4613
4622
4628
4637
4643
4652
4658
4667
4673
4682
4689
4697
4704
4712
4719
4727
4734
4742
4749
4758
4764
4773
4779
4788
4794
4803
4810
4818
4825
4833
4840
4848
4855
4863
4870
4878
4885
4893
4900
4908
4915
4923
4930
4938
4945
4953
4960
4969
4975
4984
4990
4999
5005
5014
5020
5029
5035
5044
5051
5059
5066
5074
5081
5089
5096
5104
5111
5119
5126
5134
5141
5150
5156
5165
5171
5180
5186
5195
5201
5210
5216
5225
5232
5240
5247
5255
5262
5270
5277
5285
5292
5300
5307
5316
5322
5331
5337
5346
5352
5361
5367
5376
5382
5391
5397
5406
5413
5421
5428
5436
5443
5451
5458
5466
5473
5481
5488
5496
5502
5510
5516
5524
5530
5538
5544
5552
5558
5566
5572
5580
5586
5594
5600
5608
5614
5622
5628
5636
5642
5650
5656
5664
5670
5678
5684
5692
5698
5706
5712
5720
5726
5734
5740
5748
5754
5762
5768
5776
5782
5790
5796
5804
5810
5818
5824
5832
5838
5846
5852
5860
5866
5874
5880
5888
5895
5903
5909
5917
5923
5931
5937
5945
5951
5959
5965
5973
5979
5987
5993
6001
6007
6015
6021
6029
6035
6043
6049
6057
6063
6071
6077
6085
6091
6099
6105
6113
6120
6128
6134
6142
6148
6156
6162
6170
6176
6184
6191
6199
6205
6213
6219
6227
6233
6241
6247
6256
6262
6270
6276
6284
6290
6298
6304
6312
6318
6327
6333
6341
6347
6355
6361
6369
6375
6383
6390
6398
6404
6412
6418
6426
6432
6440
6446
6454
6461
6469
6475
6483
6489
6497
6503
6511
6517
6526
6532
6540
6546
6554
6560
6568
6574
6582
6588
6597
6603
6611
6617
6625
6631
6639
6645
6653
6660
6668
6674
6682
6688
6696
6702
6710
6716
6724
6731
6739
6745
6753
6759
6767
6773
6781
6788
6796
6802
6811
6817
6825
6832
6840
6846
6855
6861
6869
6876
6884
6890
6898
6905
6913
6919
6928
6934
6942
6949
6957
6963
6972
6978
6986
6993
7001
7007
7015
7022
7030
7036
7045
7051
7059
7066
7074
7080
7089
7095
7103
7110
7118
7124
7132
7139
7147
7153
7162
7168
7176
7183
7191
7197
7206
7212
7220
7227
7235
7241
7249
7256
7264
7270
7279
7285
7293
7300
7308
7314
7323
7329
7337
7344
7352
7358
7366
7373
7381
7387
7396
7402
7410
7417
7425
7431
7440
7446
7454
7461
7469
7475
7483
7490
7498
7504
7513
7519
7527
7534
7542
7548
7557
7563
7571
7578
7586
7592
7600
7607
7615
7621
7630
7636
7644
7650
7658
7664
7672
7678
7686
7692
7700
7706
7714
7721
7729
7735
7743
7749
7757
7763
7771
7777
7785
7791
7799
7806
7814
7820
7828
7834
7842
7848
7856
7862
7870
7876
7884
7891
7899
7905
7913
7919
7927
7933
7941
7947
7955
7961
7969
7976
7984
7990
7998
8004
8012
8018
8026
8032
8040
8046
8054
8061
8069
8075
8083
8089
8097
8103
8111
8117
8125
8131
8139
8146
8154
8160
8168
8174
8182
8188
8196
8202
8210
8216
8224
8231
8239
8245
8253
8259
8267
8273
8281
8287
8295
8301
8309
8316
8324
8330
8338
8344
8352
8358
8366
8372
8380
8386
8394
8401
8409
8415
8423
8429
8437
8443
8451
8457
8465
8471
8479
8485
8493
8499
8507
8514
8522
8528
8536
8542
8551
8557
8565
8571
8579
8585
8594
8600
8608
8614
8622
8629
8637
8643
8651
8657
8666
8672
8680
8686
8694
8700
8709
8715
8723
8729
8737
8744
8752
8758
8766
8772
8780
8787
8795
8801
8809
8815
8824
8830
8838
8844
8852
8859
8867
8873
8881
8887
8895
8902
8910
8916
8924
8930
8939
8945
8953
8959
8967
8973
8982
8988
8996
9002
9010
9017
9025
9031
9039
9045
9054
9060
9068
9074
9082
9088
9097
9103
9110
9116
9124
9130
9138
9144
9152
9158
9165
9171
9179
9185
9193
9199
9207
9213
9221
9226
9234
9240
9248
9254
9262
9268
9276
9282
9289
9295
9303
9309
9317
9323
9331
9337
9345
9350
9358
9364
9372
9378
9386
9392
9400
9406
9413
9419
9427
9433
9441
9447
9455
9461
9469
9474
9482
9488
9496
9502
9510
9516
9524
9530
9537
9543
9551
9557
9565
9571
9579
9585
9593
9598
9606
9612
9620
9626
9634
9640
9648
9654
9661
9667
9675
9681
9689
9695
9703
9709
9717
9722
9730
9736
9744
9750
9758
9764
9772
9778
9785
9791
9798
9804
9812
9818
9826
9832
9840
9846
9854
9860
9868
9874
9882
9888
9896
9902
9910
9916
9924
9930
9938
9944
9952
9958
9966
9972
9980
9986
9993
9999
10007
10013
10021
10027
10035
10041
10049
10055
10063
10069
10077
10083
10091
10097
10105
10111
10119
10125
10133
10139
10147
10153
10161
10167
10175
10181
10188
10194
10202
10208
10216
10222
10230
10236
10244
10250
10258
10264
10272
10278
10286
10292
10300
10306
10314
10320
10328
10334
10342
10348
10356
10362
10370
10376
10383
10389
10397
10403
10411
10417
10425
10431
10439
10445
10453
10459
10467
10473
10481
10487
10495
10501
10509
10515
10523
10529
10537
10543
10551
10557
10565
10571
10578
10584
10592
10598
10606
10612
10620
10626
10634
10640
10648
10654
10662
10668
10676
10682
10690
10698
10704
10712
10718
10726
10732
10741
10747
10755
10761
10769
10775
10783
10790
10798
10804
10812
10818
10826
10833
10841
10847
10855
10861
10869
10875
10884
10890
10898
10904
10912
10918
10926
10933
10941
10947
10955
10961
10969
10976
10984
10990
10998
11004
11012
11018
11027
11033
11041
11047
11055
11061
11070
11076
11084
11090
11098
11104
11112
11119
11127
11133
11141
11147
11155
11161
11170
11176
11184
11190
11198
11204
11213
11219
11227
11233
11241
11247
11255
11262
11270
11276
11284
11290
11298
11305
11313
11319
11327
11333
11341
11347
11356
11362
11370
11376
11384
11390
11398
11405
11413
11419
11427
11433
11441
11448
11456
11462
11470
11476
11484
11490
11499
11505
11513
11521
11527
11536
11542
11551
11557
11565
11572
11580
11587
11595
11602
11610
11616
11625
11631
11640
11646
11655
11661
11669
11676
11684
11691
11699
11705
11714
11720
11729
11735
11744
11750
11758
11765
11773
11780
11788
11795
11803
11809
11818
11824
11833
11839
11847
11854
11862
11869
11877
11884
11892
11898
11907
11913
11922
11928
11937
11943
11951
11958
11966
11973
11981
11987
11996
12002
12011
12017
12026
12032
12040
12047
12055
12062
12070
12077
12085
12091
12100
12106
12115
12123
12130
12138
12145
12154
12160
12169
12175
12184
12191
12199
12206
12215
12221
12230
12236
12245
12252
12260
12267
12276
12282
12291
12297
12306
12313
12321
12328
12337
12343
12352
12358
12367
12374
12382
12389
12398
12404
12413
12419
12428
12435
12443
12450
12459
12465
12474
12480
12489
12496
12504
12511
12520
12526
12535
12541
12550
12557
12565
12572
12581
12587
12596
12602
12611
12618
12626
12633
12642
12648
12657
12663
12672
12679
12687
12694
12703
12709
12718
12724
12733
12740
12748
12755
12764
12770
12779
12785
12794
12801
12809
12816
12823
12829
12837
12843
12851
12857
12865
12871
12879
12885
12893
12899
12907
12913
12921
12927
12935
12941
12949
12955
12963
12969
12977
12983
12991
12997
13005
13011
13019
13025
13033
13039
13047
13053
13061
13067
13074
13080
13088
13094
13102
13108
13116
13122
13130
13136
13144
13150
13158
13164
13172
13178
13186
13192
13200
13206
13214
13220
13228
13234
13242
13248
13256
13262
13270
13276
13284
13290
13298
13304
13312
13318
13326
13331
13339
13345
13353
13359
13367
13373
13381
13387
13395
13401
13409
13415
13423
13429
13437
13443
13451
13457
13465
13471
13479
13485
13493
13499
13507
13513
13521
13527
13535
13541
13549
13555
13563
13569
13577
13582
13590
13596
13604
13610
13618
13624
13632
13638
13646
13652
13660
13666
13674
13680
13688
13694
13702
13708
13716
13722
13730
13736
13744
13750
13758
13766
13773
13781
13788
13796
13803
13811
13818
13826
13833
13841
13848
13856
13863
13871
13878
13887
13893
13902
13908
13917
13923
13932
13938
13947
13953
13962
13968
13977
13983
13992
13999
14007
14014
14022
14029
14037
14044
14052
14059
14067
14074
14082
14089
14097
14104
14113
14119
14128
14134
14143
14149
14158
14164
14173
14179
14188
14194
14203
14209
14218
14225
14233
14240
14248
14256
14262
14271
14277
14286
14292
14301
14307
14315
14322
14330
14337
14345
14352
14360
14366
14375
14381
14390
14396
14405
14411
14420
14426
14434
14441
14449
14456
14464
14471
14479
14485
14494
14500
14509
14515
14524
14530
14538
14545
14553
14560
14568
14575
14583
14590
14598
14604
14613
14619
14628
14634
14643
14649
14657
14664
14672
14679
14687
14694
14702
14708
14717
14723
14732
14738
14747
14753
14762
14768
14776
14783
14791
14798
14806
14813
14821
14827
14836
14842
14851
14857
14866
14872
14880
14886
14894
14900
14908
14914
14922
14928
14936
14942
14951
14957
14965
14971
14979
14985
14993
14999
15007
15013
15021
15028
15036
15042
15050
15056
15064
15070
15078
15084
15092
15098
15107
15113
15121
15127
15135
15141
15149
15155
15163
15169
15177
15184
15192
15198
15206
15212
15220
15226
15234
15240
15248
15254
15263
15269
15277
15283
15291
15297
15305
15311
15319
15325
15333
15340
15348
15354
15362
15368
15376
15382
15390
15396
15404
15411
15419
15425
15433
15439
15447
15453
15461
15467
15475
15481
15490
15496
15504
15510
15518
15524
15532
15538
15546
15552
15560
15567
15575
15581
15590
15596
15604
15611
15619
15626
15634
15640
15649
15655
15663
15670
15678
15685
15693
15699
15708
15714
15722
15729
15737
15744
15752
15758
15767
15773
15782
15788
15796
15803
15811
15817
15826
15832
15841
15847
15855
15862
15870
15876
15885
15891
15900
15906
15914
15921
15929
15936
15944
15950
15959
15965
15973
15980
15988
15995
16003
16009
16018
16024
16032
16039
16047
16054
16062
16068
16077
16083
16091
16098
16106
16113
16121
16127
16136
16142
16151
16157
16165
16172
16180
16186
16195
16201
16210
16216
16224
16231
16239
16245
16254
16260
16269
16275
16283
16290
16298
16305
16313
16319
16328
16334
16342
16349
16357
16364
16372
16378
16387
16395
16401
16410
16416
16425
16431
16440
16446
16455
16461
16470
16476
16485
16491
16500
16506
16515
16521
16530
16536
16545
16551
16560
16566
16575
16581
16589
16596
16604
16611
16619
16626
16634
16641
16649
16656
16664
16671
16679
16686
16694
16701
16709
16716
16724
16731
16739
16746
16754
16761
16769
16776
16784
16790
16799
16805
16814
16820
16829
16835
16844
16850
16859
16865
16874
16880
16889
16895
16904
16910
16919
16925
16934
16940
16948
16955
16963
16970
16979
16985
16994
17001
17009
17016
17025
17031
17040
17047
17055
17062
17071
17077
17086
17092
17101
17108
17116
17123
17132
17138
17147
17154
17162
17169
17178
17184
17193
17200
17208
17215
17223
17230
17239
17245
17254
17261
17269
17276
17285
17291
17300
17307
17315
17322
17331
17337
17346
17353
17361
17368
17376
17383
17392
17398
17407
17414
17422
17429
17438
17444
17453
17460
17468
17475
17484
17490
17499
17505
17514
17521
17529
17536
17545
17551
17560
17567
17575
17582
17591
17597
17606
17613
17621
17628
17636
17643
17652
17658
17667
17674
17682
17689
17698
17706
17712
17720
17726
17734
17741
17749
17755
17763
17769
17778
17784
17792
17798
17806
17812
17821
17827
17835
17841
17849
17856
17864
17870
17878
17884
17893
17899
17907
17913
17921
17927
17936
17942
17950
17956
17964
17971
17979
17985
17993
17999
18007
18014
18022
18028
18036
18042
18051
18057
18065
18071
18079
18086
18094
18100
18108
18114
18122
18129
18137
18143
18151
18157
18166
18172
18180
18186
18194
18200
18209
18215
18223
18229
18237
18244
18252
18258
18266
18272
18281
18287
18295
18301
18309
18315
18324
18330
18338
18344
18352
18359
18367
18373
18381
18387
18396
18402
18410
18416
18424
18430
18439
18445
18453
18459
18467
18474
18482
18488
18496
18502
18510
18517
18525
18531
18539
18545
18554
18560
18568
18574
18582
18589
18597
18605
18611
18619
18625
18633
18639
18648
18654
18662
18668
18676
18682
18690
18697
18705
18711
18719
18725
18733
18740
18748
18754
18762
18768
18776
18782
18791
18797
18805
18811
18819
18825
18833
18840
18848
18854
18862
18868
18876
18883
18891
18897
18905
18911
18919
18925
18934
18940
18948
18954
18962
18968
18977
18983
18991
18997
19005
19011
19019
19026
19034
19040
19048
19054
19062
19068
19077
19083
19091
19097
19105
19111
19120
19126
19134
19140
19148
19154
19162
19169
19177
19183
19191
19197
19205
19212
19220
19226
19234
19240
19248
19254
19263
19269
19277
19283
19291
19297
19305
19312
19320
19326
19334
19340
19348
19355
19363
19369
19377
19383
19391
19397
19406
19412
19420
19426
19434
19440
19449
19455
19463
19469
19477
19483
19491
19497
19506
19512
19520
19526
19534
19541
19549
19555
19563
19569
19578
19584
19592
19598
19607
19613
19621
19627
19635
19642
19650
19656
19664
19670
19679
19685
19693
19699
19707
19714
19722
19728
19736
19743
19751
19757
19765
19771
19780
19786
19794
19800
19808
19815
19823
19829
19837
19844
19851
19859
19865
19873
19880
19888
19894
19902
19908
19917
19923
19931
19937
19945
19952
19960
19966
19974
19981
19989
19995
20003
20009
20018
20024
20032
20038
20046
20053
20061
20069
20075
20083
20090
20098
20104
20112
20119
20127
20133
20141
20148
20156
20162
20171
20177
20185
20191
20200
20206
20214
20220
20229
20235
20243
20249
20258
20264
20272
20279
20287
20293
20301
20308
20316
20322
20330
20337
20345
20351
20360
20366
20374
20380
20389
20395
20403
20409
20418
20424
20432
20438
20447
20453
20461
20468
20476
20482
20490
20497
20505
20511
20519
20526
20534
20540
20548
20555
20563
20569
20578
20584
20592
20598
20607
20613
20621
20627
20636
20642
20650
20657
20665
20671
20679
20686
20694
20700
20708
20715
20723
20729
20737
20744
20752
20758
20767
20773
20781
20787
20796
20802
20810
20816
20825
20831
20839
20845
20854
20860
20868
20875
20883
20889
20897
20904
20912
20918
20926
20933
20941
20947
20956
20962
20970
20976
20985
20993
20999
21007
21013
21021
21027
21036
21042
21050
21056
21064
21070
21078
21085
21093
21099
21107
21113
21121
21128
21136
21142
21150
21156
21164
21170
21179
21185
21193
21199
21207
21213
21221
21228
21236
21242
21250
21256
21264
21271
21279
21285
21293
21299
21307
21313
21322
21328
21336
21342
21350
21356
21365
21371
21379
21385
21393
21399
21407
21414
21422
21428
21436
21442
21450
21456
21465
21471
21479
21485
21493
21499
21508
21514
21522
21528
21536
21542
21550
21557
21565
21571
21579
21585
21593
21600
21608
21614
21622
21628
21636
21642
21651
21657
21665
21671
21679
21685
21693
21700
21708
21714
21722
21728
21736
21743
21751
21757
21765
21771
21779
21785
21794
21800
21808
21814
21823
21829
21837
21844
21852
21858
21867
21873
21881
21888
21896
21902
21911
21917
21925
21932
21940
21946
21955
21961
21969
21976
21984
21990
21999
22005
22013
22020
22028
22035
22043
22049
22058
22064
22072
22079
22087
22093
22102
22108
22116
22123
22131
22137
22146
22152
22160
22167
22175
22181
22190
22196
22204
22211
22219
22225
22234
22240
22248
22255
22263
22270
22278
22284
22293
22299
22307
22314
22322
22328
22337
22343
22351
22358
22366
22372
22381
22388
22394
22402
22408
22416
22422
22430
22436
22444
22449
22457
22463
22471
22477
22485
22491
22499
22505
22512
22518
22526
22532
22540
22546
22554
22560
22568
22573
22581
22587
22595
22601
22609
22615
22623
22629
22637
22642
22650
22656
22664
22670
22678
22684
22692
22698
22705
22711
22719
22725
22733
22739
22747
22753
22761
22766
22774
22780
22788
22794
22802
22808
22816
22822
22830
22835
22843
22849
22857
22863
22871
22877
22885
22891
22898
22904
22912
22918
22926
22932
22940
22946
22954
22959
22967
22973
22981
22987
22995
23001
23009
23015
23023
23028
23036
23042
23050
23056
23064
23070
23078
23084
23091
23097
23105
23111
23119
23125
23133
23139
23147
23152
23160
23166
23174
23180
23188
23194
23202
23208
23216
23221
23229
23235
23243
23251
23257
23265
23272
23280
23286
23295
23301
23309
23315
23324
23330
23338
23345
23353
23359
23367
23374
23382
23388
23397
23403
23411
23417
23426
23432
23440
23447
23455
23461
23469
23476
23484
23490
23499
23505
23513
23519
23528
23534
23542
23549
23557
23563
23571
23578
23586
23592
23601
23607
23615
23621
23630
23636
23644
23651
23659
23665
23673
23680
23688
23694
23703
23709
23717
23723
23732
23738
23745
23751
23759
23765
23773
23779
23787
23793
23801
23807
23815
23821
23829
23834
23842
23848
23856
23862
23870
23876
23884
23890
23898
23904
23912
23918
23926
23931
23939
23945
23953
23959
23967
23973
23981
23987
23995
24001
24009
24015
24023
24028
24036
24042
24050
24056
24064
24070
24078
24084
24092
24098
24106
24112
24120
24125
24133
24139
24147
24153
24161
24167
24175
24181
24189
24195
24203
24209
24217
24222
24230
24236
24244
24250
24258
24264
24272
24278
24286
24292
24300
24306
24314
24319
24327
24333
24341
24347
24355
24361
24369
24375
24383
24389
24397
24403
24411
24418
24426
24432
24440
24446
24454
24460
24468
24474
24482
24489
24497
24503
24511
24517
24525
24531
24539
24545
24553
24560
24568
24574
24582
24588
24596
24602
24610
24616
24624
24631
24639
24645
24653
24659
24667
24673
24681
24687
24695
24702
24710
24716
24724
24730
24738
24744
24752
24758
24766
24773
24781
24787
24795
24801
24809
24815
24823
24829
24837
24844
24852
24858
24866
24872
24880
24886
24894
24900
24908
24915
24923
24929
24937
24943
24951
24957
24965
24971
24979
24986
24994
25001
25009
25016
25025
25031
25040
25046
25055
25062
25070
25077
25085
25092
25101
25107
25116
25122
25131
25138
25146
25153
25161
25168
25177
25183
25192
25198
25207
25214
25222
25229
25237
25244
25253
25259
25268
25274
25283
25290
25298
25305
25313
25320
25329
25335
25344
25351
25359
25366
25374
25381
25390
25396
25405
25411
25420
25427
25435
25442
25450
25457
25466
25472
25481
25487
25496
25503
25511
25518
25526
25533
25542
25548
25557
25563
25572
25579
25587
25594
25602
25609
25618
25624
25633
25639
25648
25655
25663
25670
25679
25686
25692
25700
25706
25714
25720
25728
25734
25742
25748
25756
25762
25769
25775
25783
25789
25797
25803
25811
25817
25825
25831
25839
25845
25853
25858
25866
25872
25880
25886
25894
25900
25908
25914
25922
25928
25936
25941
25949
25955
25963
25969
25977
25983
25991
25997
26005
26011
26019
26025
26032
26038
26046
26052
26060
26066
26074
26080
26088
26094
26102
26108
26115
26121
26129
26135
26143
26149
26157
26163
26171
26177
26185
26191
26199
26204
26212
26218
26226
26232
26240
26246
26254
26260
26268
26274
26282
26287
26295
26301
26309
26315
26323
26329
26337
26343
26351
26357
26365
26371
26378
26384
26392
26398
26406
26412
26420
26426
26434
26440
26448
26454
26462
26467
26475
26481
26489
26495
26503
26509
26517
26525
26532
26540
26547
26555
26562
26570
26577
26586
26592
26601
26607
26616
26622
26631
26638
26646
26653
26661
26668
26676
26683
26692
26698
26707
26713
26722
26728
26737
26743
26752
26759
26767
26774
26782
26789
26797
26804
26813
26819
26828
26834
26843
26849
26858
26865
26873
26880
26888
26895
26903
26910
26919
26925
26934
26940
26949
26955
26964
26970
26979
26986
26994
27001
27009
27016
27024
27031
27040
27046
27055
27061
27070
27076
27085
27092
27100
27107
27115
27122
27130
27137
27145
27152
27161
27167
27176
27182
27191
27197
27206
27214
27220
27228
27234
27242
27249
27257
27263
27271
27277
27286
27292
27300
27306
27314
27321
27329
27335
27343
27349
27358
27364
27372
27378
27386
27393
27401
27407
27415
27421
27430
27436
27444
27450
27458
27465
27473
27479
27487
27493
27502
27508
27516
27522
27530
27537
27545
27551
27559
27565
27574
27580
27588
27594
27602
27609
27617
27623
27631
27637
27646
27652
27660
27666
27674
27681
27689
27695
27703
27709
27718
27724
27732
27738
27746
27753
27761
27767
27775
27781
27790
27796
27804
27810
27818
27825
27833
27839
27847
27853
27862
27868
27876
27882
27890
27897
27905
27911
27919
27925
27934
27940
27948
27954
27962
27969
27977
27983
27991
27997
28006
28012
28020
28026
28034
28040
28048
28054
28063
28069
28077
28083
28092
28098
28106
28112
28121
28127
28135
28141
28150
28156
28164
28170
28178
28185
28193
28199
28207
28214
28222
28228
28236
28243
28251
28257
28265
28272
28280
28286
28294
28301
28309
28315
28323
28329
28338
28344
28352
28358
28367
28373
28381
28387
28396
28402
28410
28416
28425
28431
28439
28445
28454
28460
28468
28474
28482
28489
28497
28503
28511
28518
28526
28532
28540
28547
28555
28561
28569
28576
28584
28590
28598
28605
28613
28619
28627
28633
28642
28648
28656
28662
28671
28677
28685
28691
28700
28706
28714
28720
28729
28735
28743
28749
28758
28764
28772
28778
28786
28793
28801
28807
28815
28822
28830
28836
28844
28851
28859
28865
28873
28880
28888
28894
28902
28910
28916
28924
28930
28938
28945
28953
28959
28967
28973
28982
28988
28996
29002
29010
29017
29025
29031
29039
29045
29054
29060
29068
29074
29082
29089
29097
29103
29111
29117
29126
29132
29140
29146
29154
29161
29169
29175
29183
29189
29198
29204
29212
29218
29226
29233
29241
29247
29255
29261
29270
29276
29284
29290
29298
29305
29313
29319
29327
29333
29342
29348
29356
29362
29370
29377
29385
29391
29399
29405
29414
29420
29428
29434
29442
29449
29457
29463
29471
29477
29486
29492
29500
29506
29514
29521
29529
29535
29543
29549
29558
29565
29571
29579
29585
29593
29599
29606
29612
29620
29626
29634
29640
29648
29654
29660
29668
29674
29682
29688
29696
29702
29708
29716
29722
29730
29736
29744
29750
29756
29764
29770
29778
29784
29792
29798
29804
29812
29818
29826
29832
29840
29846
29852
29860
29866
29874
29880
29888
29894
29900
29908
29914
29922
29928
29936
29942
29948
29956
29962
29970
29976
29984
29990
29996
30004
30010
30018
30024
30032
30038
30044
30052
30058
30066
30072
30080
30086
30092
30100
30106
30114
30120
30128
30134
30140
30148
30154
30162
30168
30176
30182
30188
30196
30202
30210
30216
30224
30230
30236
30244
30252
30259
30267
30274
30282
30289
30298
30304
30313
30319
30328
30335
30343
30350
30358
30365
30373
30380
30389
30395
30404
30410
30419
30426
30434
30441
30449
30456
30464
30471
30480
30486
30495
30501
30510
30517
30525
30532
30540
30547
30555
30562
30571
30577
30586
30592
30601
30608
30616
30623
30631
30638
30647
30653
30662
30668
30677
30683
30692
30699
30707
30714
30722
30729
30738
30744
30753
30759
30768
30774
30783
30790
30798
30805
30813
30820
30828
30834
30842
30848
30856
30863
30871
30877
30885
30891
30900
30906
30914
30920
30928
30934
30943
30949
30957
30963
30971
30978
30986
30992
31000
31006
31015
31021
31029
31035
31043
31049
31058
31064
31072
31078
31086
31093
31101
31107
31115
31121
31129
31136
31144
31150
31158
31164
31173
31179
31187
31193
31201
31208
31216
31222
31230
31236
31244
31251
31259
31265
31273
31279
31288
31294
31302
31308
31316
31322
31331
31337
31345
31351
31359
31366
31374
31380
31388
31394
31403
31409
31417
31423
31431
31437
31446
31452
31460
31466
31474
31481
31489
31495
31503
31509
31518
31524
31532
31538
31546
31552
31561
31567
31575
31581
31589
31596
31604
31612
31618
31627
31633
31641
31648
31656
31662
31671
31677
31685
31692
31700
31707
31715
31721
31730
31736
31744
31751
31759
31765
31774
31780
31788
31795
31803
31810
31818
31824
31833
31839
31847
31854
31862
31868
31877
31883
31891
31898
31906
31913
31921
31927
31936
31942
31950
31957
31965
31971
31980
31986
31994
32001
32009
32016
32024
32030
32039
32045
32053
32060
32068
32074
32083
32089
32097
32104
32112
32119
32127
32133
32142
32148
32156
32163
32171
32177
32186
32192
32200
32207
32215
32222
32230
32238
32244
32252
32258
32266
32272
32280
32287
32295
32301
32309
32315
32323
32329
32338
32344
32352
32358
32366
32372
32380
32386
32395
32401
32409
32415
32423
32429
32437
32444
32452
32458
32466
32472
32480
32486
32494
32501
32509
32515
32523
32529
32537
32543
32552
32558
32566
32572
32580
32586
32594
32600
32609
32615
32623
32629
32637
32643
32651
32658
32666
32672
32680
32686
32694
32700
32709
32715
32723
32729
32737
32743
32751
32757
32766
32772
32780
32786
32794
32800
32808
32815
32823
32829
32836
32842
32850
32856
32864
32870
32877
32883
32891
32897
32905
32911
32918
32924
32932
32938
32946
32952
32959
32965
32973
32979
32987
32993
33000
33006
33014
33020
33028
33034
33041
33047
33055
33061
33069
33075
33082
33088
33096
33102
33110
33116
33123
33129
33137
33143
33151
33157
33164
33170
33178
33184
33192
33198
33205
33211
33219
33225
33233
33239
33246
33252
33260
33266
33274
33280
33287
33293
33301
33307
33315
33321
33328
33334
33342
33348
33356
33362
33369
33375
33383
33389
33397
33403
33410
33416
33424
33430
33438
33444
33451
33457
33465
33471
33479
33487
33494
33502
33509
33517
33524
33532
33539
33547
33554
33562
33569
33577
33584
33593
33599
33608
33614
33623
33629
33638
33644
33653
33659
33668
33674
33683
33690
33698
33705
33713
33720
33728
33735
33743
33750
33758
33765
33773
33780
33789
33795
33804
33810
33819
33825
33834
33840
33849
33855
33864
33870
33879
33886
33894
33901
33909
33916
33924
33931
33939
33946
33954
33961
33969
33976
33985
33991
34000
34006
34015
34021
34030
34036
34045
34051
34060
34068
34075
34083
34090
34098
34105
34114
34120
34129
34135
34144
34151
34159
34166
34174
34181
34190
34196
34205
34211
34220
34227
34235
34242
34250
34257
34266
34272
34281
34287
34296
34303
34311
34318
34326
34333
34342
34348
34357
34363
34372
34379
34387
34394
34402
34409
34418
34424
34433
34439
34448
34455
34463
34470
34478
34485
34494
34500
34509
34515
34524
34531
34539
34546
34554
34561
34570
34576
34585
34591
34600
34607
34615
34622
34630
34637
34646
34652
34661
34667
34676
34683
34691
34698
34706
34713
34722
34728
34737
34743
34752
34759
34767
34774
34782
34789
34798
34804
34813
34819
34828
34835
34843
34850
34858
34865
34874
34880
34889
34895
34904
34911
34919
34926
34934
34940
34949
34955
34964
34970
34978
34985
34993
35000
35008
35014
35023
35029
35038
35044
35053
35059
35067
35074
35082
35089
35097
35103
35112
35118
35127
35133
35141
35148
35156
35163
35171
35178
35186
35192
35201
35207
35216
35222
35230
35237
35245
35252
35260
35266
35275
35281
35290
35296
35305
35311
35319
35326
35334
35341
35349
35355
35364
35370
35379
35385
35393
35400
35408
35415
35423
35430
35438
35444
35453
35459
35468
35474
35482
35489
35497
35504
35512
35518
35527
35533
35542
35548
35557
35563
35571
35578
35586
35593
35601
35607
35616
35622
35631
35637
35645
35652
35660
35667
35675
35682
35690
35696
35705
35711
35720
35726
35734
35741
35749
35756
35764
35770
35779
35785
35794
35800
35808
35814
35822
35829
35837
35843
35851
35858
35866
35872
35880
35887
35895
35901
35909
35916
35924
35930
35938
35945
35953
35959
35967
35974
35982
35988
35996
36003
36011
36017
36025
36032
36040
36046
36054
36061
36069
36075
36083
36090
36098
36104
36112
36119
36127
36133
36141
36148
36156
36162
36170
36177
36185
36191
36199
36206
36214
36220
36228
36235
36243
36249
36257
36264
36272
36278
36286
36293
36301
36307
36315
36322
36330
36336
36344
36351
36359
36365
36373
36380
36388
36394
36402
36409
36417
36423
36431
36438
36446
36452
36460
36467
36475
36481
36489
36496
36504
36510
36518
36525
36533
36539
36547
36554
36562
36568
36576
36583
36591
36597
36605
36612
36620
36626
36634
36641
36649
36655
36663
36670
36678
36684
36692
36699
36707
36713
36721
36728
36736
36742
36751
36757
36765
36772
36780
36786
36795
36801
36809
36816
36824
36830
36838
36845
36853
36859
36868
36874
36882
36889
36897
36903
36912
36918
36926
36933
36941
36947
36955
36962
36970
36976
36985
36991
36999
37006
37014
37020
37029
37035
37043
37050
37058
37064
37072
37079
37087
37093
37102
37108
37116
37123
37131
37137
37146
37152
37160
37167
37175
37181
37189
37196
37204
37210
37219
37225
37233
37240
37248
37254
37263
37269
37277
37284
37292
37298
37306
37313
37321
37327
37336
37342
37350
37357
37365
37371
37380
37386
37394
37401
37409
37415
37423
37430
37438
37444
37453
37459
37467
37474
37482
37488
37497
37503
37511
37519
37526
37534
37541
37549
37556
37564
37571
37579
37586
37595
37601
37610
37616
37625
37631
37640
37646
37655
37662
37670
37677
37685
37692
37700
37707
37715
37722
37731
37737
37746
37752
37761
37767
37776
37782
37791
37797
37806
37813
37821
37828
37836
37843
37851
37858
37866
37873
37882
37888
37897
37903
37912
37918
37927
37933
37942
37949
37957
37964
37972
37979
37987
37994
38002
38009
38017
38024
38033
38039
38048
38054
38063
38069
38078
38084
38093
38100
38108
38115
38123
38130
38138
38145
38153
38160
38169
38175
38184
38190
38199
38205
38214
38220
38228
38234
38243
38249
38257
38264
38272
38278
38287
38293
38301
38308
38316
38322
38331
38337
38345
38352
38360
38366
38375
38381
38389
38396
38404
38410
38419
38425
38433
38440
38448
38454
38463
38469
38477
38484
38492
38498
38507
38513
38521
38528
38536
38542
38551
38557
38565
38572
38580
38586
38595
38601
38609
38616
38624
38630
38639
38645
38653
38660
38668
38674
38683
38689
38697
38704
38712
38718
38727
38733
38741
38748
38756
38762
38771
38777
38785
38792
38800
38806
38815
38821
38829
38836
38843
38849
38857
38863
38871
38877
38885
38891
38899
38904
38912
38918
38926
38932
38940
38946
38954
38960
38968
38973
38981
38987
38995
39001
39009
39015
39023
39029
39036
39042
39050
39056
39064
39070
39078
39084
39092
39098
39105
39111
39119
39125
39133
39139
39147
39153
39161
39167
39174
39180
39188
39194
39202
39208
39216
39222
39230
39236
39242
39250
39256
39264
39270
39278
39284
39292
39298
39305
39311
39319
39325
39333
39339
39347
39353
39361
39367
39374
39380
39388
39394
39402
39408
39416
39422
39430
39436
39442
39450
39456
39464
39470
39478
39484
39492
39498
39505
39511
39519
39525
39533
39539
39547
39554
39560
39568
39574
39582
39588
39596
39602
39610
39616
39623
39629
39637
39643
39651
39657
39665
39671
39679
39685
39693
39698
39706
39712
39720
39726
39734
39740
39748
39754
39762
39768
39775
39781
39789
39795
39803
39809
39817
39823
39831
39837
39845
39850
39858
39864
39872
39878
39886
39892
39900
39906
39914
39920
39927
39933
39941
39947
39955
39961
39969
39975
39983
39989
39997
40002
40010
40016
40024
40030
40038
40044
40052
40058
40066
40072
40079
40085
40093
40099
40107
40113
40121
40127
40135
40141
40149
40154
40162
40168
40176
40182
40190
40196
40204
40210
40218
40224
40231
40237
40245
40251
40259
40265
40273
40279
40287
40293
40301
40306
40314
40322
40328
40336
40342
40350
40356
40364
40370
40378
40385
40393
40399
40407
40413
40421
40427
40435
40441
40449
40456
40464
40470
40478
40484
40492
40498
40506
40512
40520
40527
40535
40541
40549
40555
40563
40569
40577
40583
40591
40598
40606
40612
40620
40626
40634
40640
40648
40654
40662
40669
40677
40683
40691
40697
40705
40711
40719
40725
40733
40740
40748
40754
40762
40768
40776
40782
40790
40796
40804
40811
40819
40825
40833
40839
40847
40855
40861
40869
40875
40883
40889
40898
40904
40912
40918
40926
40932
40940
40947
40955
40961
40969
40975
40983
40989
40998
41004
41012
41018
41026
41032
41040
41047
41055
41061
41069
41075
41083
41090
41098
41104
41112
41118
41126
41132
41141
41147
41155
41161
41169
41175
41183
41190
41198
41204
41212
41218
41226
41232
41241
41247
41255
41261
41269
41275
41283
41290
41298
41304
41312
41318
41326
41333
41341
41347
41355
41361
41369
41375
41382
41388
41396
41402
41410
41416
41423
41429
41437
41443
41451
41457
41465
41471
41477
41485
41491
41499
41505
41513
41519
41525
41533
41539
41547
41553
41561
41567
41573
41581
41587
41595
41601
41609
41615
41621
41629
41635
41643
41649
41657
41663
41669
41677
41683
41691
41697
41705
41711
41717
41725
41731
41739
41745
41753
41759
41765
41773
41779
41787
41793
41801
41807
41813
41821
41827
41835
41841
41849
41855
41861
41869
41875
41883
41889
41897
41904
41912
41919
41927
41934
41942
41949
41957
41964
41973
41979
41988
41994
42003
42009
42018
42024
42033
42040
42048
42055
42063
42070
42078
42085
42093
42100
42109
42115
42124
42130
42139
42145
42154
42160
42169
42175
42184
42191
42199
42206
42214
42221
42229
42236
42244
42251
42260
42266
42275
42281
42290
42296
42305
42311
42320
42327
42335
42342
42350
42357
42365
42372
42380
42387
42395
42402
42411
42417
42426
42432
42441
42447
42456
42462
42471
42478
42486
42493
42501
42507
42516
42522
42531
42537
42546
42552
42561
42567
42576
42582
42591
42597
42606
42612
42621
42627
42636
42642
42651
42657
42666
42672
42681
42687
42696
42702
42711
42717
42726
42732
42741
42747
42756
42762
42771
42777
42786
42792
42801
42807
42816
42822
42831
42837
42846
42852
42861
42867
42876
42882
42891
42897
42905
42912
42920
42927
42935
42942
42950
42957
42965
42972
42980
42987
42995
43002
43010
43017
43025
43032
43040
43047
43055
43062
43070
43077
43085
43092
43100
43107
43115
43122
43130
43137
43145
43152
43160
43167
43175
43182
43190
43197
43205
43212
43220
43227
43235
43242
43250
43257
43265
43272
43280
43287
43295
43301
43309
43315
43324
43330
43339
43345
43354
43360
43368
43375
43383
43390
43398
43405
43413
43419
43428
43434
43443
43449
43458
43464
43472
43479
43487
43494
43502
43509
43517
43523
43532
43538
43547
43553
43562
43568
43576
43583
43591
43598
43606
43613
43621
43627
43636
43642
43651
43657
43666
43672
43680
43687
43695
43702
43710
43717
43725
43731
43740
43746
43755
43761
43770
43776
43784
43791
43799
43806
43814
43821
43829
43835
43844
43850
43859
43865
43873
43879
43888
43894
43903
43909
43917
43924
43932
43939
43947
43953
43962
43968
43977
43983
43992
43998
44006
44013
44021
44028
44036
44042
44051
44057
44066
44072
44081
44087
44095
44102
44110
44117
44125
44131
44140
44146
44155
44161
44170
44176
44184
44191
44199
44206
44214
44220
44229
44235
44244
44250
44259
44265
44273
44280
44288
44295
44303
44309
44318
44324
44333
44339
44348
44354
44362
44369
44377
44384
44392
44398
44407
44413
44421
44427
44435
44441
44450
44456
44464
44470
44479
44485
44493
44499
44508
44514
44522
44528
44537
44543
44551
44557
44565
44572
44580
44586
44594
44601
44609
44615
44623
44630
44638
44644
44652
44659
44667
44673
44681
44688
44696
44702
44710
44716
44725
44731
44739
44745
44754
44760
44768
44774
44783
44789
44797
44803
44812
44818
44826
44832
44841
44847
44855
44861
44869
44876
44884
44890
44898
44905
44913
44919
44927
44934
44942
44948
44956
44963
44971
44977
44985
44992
45000
45006
45014
45020
45029
45035
45043
45049
45058
45064
45072
45078
45087
45093
45101
45107
45116
45122
45130
45136
45145
45151
45159
45165
45173
45179
45187
45193
45201
45207
45215
45221
45229
45235
45243
45249
45258
45264
45272
45278
45286
45292
45300
45306
45314
45320
45328
45334
45342
45349
45357
45363
45371
45377
45385
45391
45399
45405
45413
45419
45427
45434
45442
45448
45456
45462
45470
45476
45484
45490
45498
45504
45512
45518
45527
45533
45541
45547
45555
45561
45569
45575
45583
45589
45597
45603
45612
45618
45626
45632
45640
45646
45654
45660
45668
45674
45682
45688
45696
45703
45711
45717
45725
45731
45739
45745
45753
45759
45767
45775
45781
45789
45795
45804
45810
45818
45824
45833
45839
45847
45853
45862
45868
45876
45882
45890
45897
45905
45911
45919
45926
45934
45940
45948
45955
45963
45969
45977
45983
45992
45998
46006
46012
46021
46027
46035
46041
46050
46056
46064
46070
46079
46085
46093
46099
46107
46114
46122
46128
46136
46143
46151
46157
46165
46172
46180
46186
46194
46200
46209
46215
46223
46229
46238
46244
46252
46258
46267
46273
46281
46287
46296
46302
46310
46316
46324
46331
46339
46345
46353
46360
46368
46374
46382
46389
46396
46402
46410
46416
46424
46430
46438
46444
46452
46458
46466
46471
46479
46485
46493
46499
46507
46513
46521
46527
46535
46541
46549
46554
46562
46568
46576
46582
46590
46596
46604
46610
46618
46624
46632
46637
46645
46651
46659
46665
46673
46679
46687
46693
46701
46707
46715
46720
46728
46734
46742
46748
46756
46762
46770
46776
46784
46790
46798
46803
46811
46817
46825
46831
46839
46845
46853
46859
46867
46873
46881
46886
46894
46900
46908
46914
46922
46928
46936
46942
46950
46956
46964
46969
46977
46983
46991
46997
47005
47011
47019
47025
47033
47039
47047
47052
47060
47066
47074
47080
47088
47094
47102
47108
47116
47122
47130
47135
47143
47149
47157
47163
47171
47177
47185
47191
47199
47205
47213
47218
47226
47232
47240
47246
47254
47260
47268
47274
47281
47287
47295
47301
47309
47315
47323
47329
47337
47343
47351
47357
47365
47371
47379
47385
47393
47399
47407
47413
47421
47427
47435
47441
47449
47455
47463
47469
47477
47483
47491
47497
47505
47511
47519
47525
47532
47538
47546
47552
47560
47566
47574
47580
47588
47594
47602
47608
47616
47622
47630
47636
47644
47650
47658
47664
47672
47678
47686
47692
47700
47706
47714
47720
47728
47734
47742
47748
47756
47762
47770
47776
47784
47789
47797
47803
47811
47819
47825
47833
47839
47847
47853
47861
47867
47875
47881
47889
47895
47903
47909
47918
47924
47932
47938
47946
47952
47960
47966
47974
47980
47988
47994
48002
48008
48016
48023
48031
48037
48045
48051
48059
48065
48073
48079
48087
48093
48101
48107
48115
48121
48130
48136
48144
48150
48158
48164
48172
48178
48186
48192
48200
48206
48214
48220
48228
48235
48243
48249
48257
48263
48271
48277
48285
48291
48299
48305
48313
48319
48327
48333
48342
48348
48356
48362
48370
48376
48384
48390
48398
48404
48412
48418
48426
48432
48440
48446
48454
48460
48468
48474
48482
48488
48496
48502
48510
48516
48524
48530
48538
48544
48552
48558
48566
48572
48580
48586
48594
48600
48608
48614
48622
48628
48636
48642
48650
48656
48664
48670
48678
48684
48692
48698
48706
48712
48720
48726
48734
48740
48748
48754
48762
48768
48776
48782
48790
48796
48804
48810
48818
48824
48832
48838
48846
48852
48860
48866
48874
48880
48888
48894
48902
48908
48916
48922
48930
48936
48944
48950
48958
48964
48972
48978
48986
48992
49000
49006
49014
49020
49028
49034
49042
49048
49056
49062
49070
49076
49084
49090
49098
49104
49112
49118
49126
49132
49140
49146
49154
49160
49168
49174
49182
49188
49196
49202
49210
49216
49224
49230
49238
49244
49252
49258
49266
49274
49281
49289
49296
49305
49311
49320
49327
49335
49342
49350
49357
49366
49372
49381
49388
49396
49403
49412
49418
49427
49433
49442
49449
49457
49464
49473
49479
49488
49495
49503
49510
49518
49525
49534
49540
49549
49556
49564
49571
49579
49586
49595
49601
49610
49617
49625
49632
49641
49647
49656
49662
49671
49678
49686
49693
49702
49708
49717
49724
49732
49739
49747
49754
49763
49769
49778
49785
49793
49800
49808
49815
49824
49830
49839
49846
49854
49861
49870
49876
49885
49891
49900
49907
49915
49922
49931
49937
49946
49953
49961
49968
49976
49983
49992
49998
50007
50014
50022
50029
50037
50044
50053
50059
50068
50076
50082
50091
50097
50105
50112
50120
50126
50135
50141
50149
50156
50164
50170
50179
50185
50193
50200
50208
50214
50223
50229
50238
50244
50252
50259
50267
50273
50282
50288
50296
50303
50311
50317
50326
50332
50340
50347
50355
50361
50370
50376
50384
50391
50399
50406
50414
50420
50429
50435
50443
50450
50458
50464
50473
50479
50487
50494
50502
50508
50517
50523
50531
50538
50546
50552
50561
50567
50576
50582
50590
50597
50605
50611
50620
50626
50634
50641
50649
50655
50664
50670
50678
50685
50693
50699
50708
50714
50723
50729
50737
50744
50752
50758
50767
50773
50781
50788
50794
50802
50808
50816
50822
50830
50836
50844
50849
50857
50863
50871
50877
50885
50891
50899
50905
50913
50918
50926
50932
50940
50946
50954
50960
50968
50974
50981
50987
50995
51001
51009
51015
51023
51029
51037
51043
51050
51056
51064
51070
51078
51084
51092
51098
51106
51112
51119
51125
51133
51139
51147
51153
51161
51167
51175
51181
51187
51195
51201
51209
51215
51223
51229
51237
51243
51250
51256
51264
51270
51278
51284
51292
51298
51306
51312
51319
51325
51333
51339
51347
51353
51361
51367
51375
51381
51387
51395
51401
51409
51415
51423
51429
51437
51443
51450
51456
51464
51470
51478
51484
51492
51498
51506
51512
51520
51526
51534
51540
51548
51555
51563
51569
51577
51583
51592
51598
51606
51612
51620
51627
51635
51641
51649
51655
51664
51670
51678
51684
51692
51699
51707
51713
51721
51727
51736
51742
51750
51756
51764
51770
51779
51785
51793
51799
51807
51814
51822
51828
51836
51842
51851
51857
51865
51871
51879
51886
51894
51900
51908
51914
51923
51929
51937
51943
51951
51958
51966
51972
51980
51986
51995
52001
52009
52015
52023
52029
52038
52044
52052
52060
52066
52074
52081
52089
52095
52104
52110
52118
52125
52133
52139
52148
52154
52162
52168
52177
52183
52191
52198
52206
52212
52221
52227
52235
52242
52250
52256
52264
52271
52279
52285
52294
52300
52308
52315
52323
52329
52338
52344
52352
52358
52367
52373
52381
52388
52396
52402
52411
52417
52425
52432
52440
52446
52454
52461
52469
52475
52484
52490
52498
52505
52513
52519
52528
52534
52542
52548
52557
52563
52571
52578
52586
52592
52601
52607
52615
52622
52630
52636
52644
52651
52659
52667
52674
52682
52689
52697
52704
52712
52719
52727
52734
52742
52749
52757
52764
52772
52779
52787
52794
52802
52809
52817
52824
52832
52839
52847
52854
52862
52869
52877
52884
52892
52899
52907
52914
52922
52929
52938
52944
52953
52959
52968
52974
52983
52989
52998
53004
53013
53019
53028
53034
53043
53049
53058
53064
53073
53079
53088
53094
53103
53109
53118
53124
53133
53139
53148
53154
53163
53169
53178
53184
53193
53200
53208
53215
53223
53230
53238
53245
53253
53260
53268
53275
53283
53290
53298
53305
53313
53320
53328
53335
53343
53350
53358
53365
53371
53379
53385
53393
53399
53407
53412
53420
53426
53434
53440
53448
53454
53462
53467
53475
53481
53489
53495
53503
53509
53516
53522
53530
53536
53544
53550
53558
53564
53571
53577
53585
53591
53599
53605
53613
53619
53626
53632
53640
53646
53654
53660
53668
53673
53681
53687
53695
53701
53709
53715
53723
53728
53736
53742
53750
53756
53764
53770
53778
53783
53791
53797
53805
53811
53819
53825
53832
53838
53846
53852
53860
53866
53874
53880
53887
53893
53901
53907
53915
53921
53929
53934
53942
53948
53956
53962
53970
53976
53984
53989
53997
54003
54011
54017
54025
54031
54039
54044
54051
54057
54065
54071
54079
54085
54093
54099
54107
54113
54121
54127
54135
54141
54149
54155
54163
54169
54177
54183
54191
54196
54204
54210
54218
54224
54232
54238
54246
54252
54260
54266
54274
54280
54288
54294
54302
54308
54316
54322
54330
54336
54343
54349
54357
54363
54371
54377
54385
54391
54399
54405
54413
54419
54427
54433
54441
54447
54455
54461
54469
54475
54483
54488
54496
54502
54510
54516
54524
54530
54538
54544
54552
54558
54566
54572
54580
54586
54594
54600
54608
54614
54622
54628
54635
54641
54649
54655
54663
54669
54677
54683
54691
54697
54705
54711
54719
54725
54733
54739
54747
54753
54761
54767
54775
54780
54788
54794
54802
54808
54816
54822
54830
54836
54844
54850
54858
54864
54872
54878
54886
54892
54900
54906
54914
54920
54927
54933
54941
54947
54955
54961
54969
54975
54983
54989
54997
55005
55011
55019
55025
55033
55039
55047
55053
55062
55068
55076
55082
55090
55096
55104
55110
55118
55125
55133
55139
55147
55153
55161
55167
55175
55182
55190
55196
55204
55210
55218
55224
55232
55238
55247
55253
55261
55267
55275
55281
55289
55295
55304
55310
55318
55324
55332
55338
55346
55352
55360
55367
55375
55381
55389
55395
55403
55409
55417
55424
55432
55438
55446
55452
55460
55466
55474
55480
55489
55495
55503
55509
55517
55523
55531
55537
55546
55552
55560
55566
55574
55580
55588
55594
55602
55608
55616
55622
55631
55637
55645
55651
55659
55665
55673
55679
55687
55693
55701
55708
55716
55722
55730
55736
55744
55750
55758
55764
55772
55778
55787
55793
55801
55807
55815
55821
55829
55835
55843
55849
55857
55864
55872
55878
55886
55892
55900
55906
55914
55920
55928
55934
55943
55949
55957
55963
55971
55977
55985
55991
55999
56005
56013
56020
56028
56034
56042
56048
56056
56062
56070
56076
56084
56091
56099
56105
56113
56119
56127
56133
56141
56147
56155
56161
56170
56176
56184
56190
56198
56204
56212
56218
56226
56232
56240
56247
56255
56261
56269
56275
56283
56289
56297
56305
56311
56320
56326
56334
56341
56349
56355
56364
56370
56378
56385
56393
56400
56408
56414
56423
56429
56437
56444
56452
56458
56467
56473
56481
56488
56496
56503
56511
56517
56526
56532
56540
56547
56555
56561
56570
56576
56584
56591
56599
56606
56614
56620
56629
56635
56643
56650
56658
56664
56673
56679
56687
56694
56702
56709
56717
56723
56732
56738
56746
56753
56761
56767
56776
56782
56790
56797
56805
56812
56820
56826
56835
56841
56849
56856
56864
56870
56879
56885
56893
56900
56908
56915
56923
56929
56938
56944
56952
56959
56967
56973
56982
56988
56996
57003
57011
57018
57026
57032
57041
57047
57055
57062
57070
57076
57085
57091
57099
57106
57114
57121
57129
57135
57144
57150
57158
57165
57173
57179
57188
57194
57202
57209
57217
57224
57231
57237
57245
57251
57259
57265
57273
57279
57287
57293
57301
57307
57315
57321
57329
57335
57343
57349
57357
57363
57371
57377
57385
57391
57399
57405
57413
57419
57427
57433
57441
57447
57455
57461
57469
57475
57483
57489
57497
57503
57511
57517
57524
57530
57538
57544
57552
57558
57566
57572
57580
57586
57594
57600
57608
57614
57622
57628
57636
57642
57650
57656
57664
57670
57678
57684
57692
57698
57706
57712
57720
57726
57734
57740
57748
57754
57762
57768
57776
57782
57790
57796
57804
57810
57818
57824
57830
57838
57844
57852
57858
57866
57872
57880
57886
57894
57900
57908
57914
57922
57928
57936
57942
57950
57956
57964
57970
57978
57986
57992
58001
58007
58016
58022
58030
58037
58045
58052
58060
58066
58075
58081
58090
58096
58105
58111
58119
58126
58134
58141
58149
58155
58164
58170
58179
58185
58193
58200
58208
58215
58223
58230
58238
58244
58253
58259
58268
58274
58282
58289
58297
58304
58312
58318
58327
58333
58342
58348
58357
58363
58371
58378
58386
58393
58401
58407
58416
58422
58431
58437
58445
58452
58460
58467
58475
58482
58490
58496
58504
58510
58519
58525
58534
58540
58548
58555
58563
58570
58578
58584
58593
58599
58608
58614
58622
58629
58637
58644
58652
58658
58667
58673
58682
58688
58696
58703
58711
58718
58726
58732
58741
58747
58756
58762
58770
58777
58785
58792
58800
58806
58815
58821
58830
58836
58844
58851
58859
58866
58874
58880
58889
58895
58904
58910
58918
58925
58933
58940
58948
58954
58963
58969
58978
58984
58992
58999
59007
59014
59022
59029
59037
59043
59052
59058
59066
59072
59081
59087
59096
59102
59110
59117
59125
59132
59140
59146
59155
59161
59170
59176
59185
59191
59199
59206
59214
59221
59229
59235
59244
59250
59259
59265
59273
59280
59288
59295
59303
59310
59318
59324
59333
59339
59348
59354
59362
59369
59377
59384
59392
59398
59407
59413
59422
59428
59437
59443
59451
59458
59466
59473
59481
59487
59496
59502
59511
59517
59525
59532
59540
59547
59555
59562
59570
59576
59585
59591
59600
59606
59614
59621
59628
59634
59642
59648
59656
59662
59670
59676
59684
59690
59698
59704
59712
59718
59726
59732
59740
59746
59754
59760
59768
59774
59782
59788
59796
59802
59810
59816
59824
59830
59838
59844
59852
59858
59866
59872
59880
59886
59894
59900
59908
59914
59921
59927
59935
59941
59949
59955
59963
59969
59977
59983
59991
59997
60005
60011
60019
60025
60033
60039
60047
60053
60061
60067
60075
60081
60089
60095
60103
60109
60117
60124
60130
60138
60144
60152
60158
60166
60172
60179
60185
60193
60199
60207
60213
60221
60227
60235
60240
60248
60254
60262
60268
60276
60282
60290
60296
60303
60309
60317
60323
60331
60337
60345
60351
60359
60364
60372
60378
60386
60392
60400
60406
60414
60420
60427
60433
60441
60447
60455
60461
60469
60475
60483
60488
60496
60502
60510
60516
60524
60530
60538
60544
60551
60557
60565
60571
60579
60585
60593
60599
60607
60612
60620
60626
60634
60640
60648
60654
60662
60668
60675
60681
60689
60695
60703
60709
60717
60723
60731
60736
60744
60750
60758
60764
60772
60778
60786
60792
60799
60805
60813
60819
60827
60833
60841
60847
60855
60860
60868
60874
60882
60888
60896
60902
60910
60916
60923
60929
60937
60943
60951
60957
60965
60971
60979
60984
60992
60998
61006
61013
61019
61027
61033
61041
61047
61055
61061
61069
61075
61083
61088
61096
61102
61110
61116
61124
61130
61138
61144
61152
61158
61166
61171
61179
61185
61193
61199
61207
61213
61221
61227
61235
61241
61249
61254
61262
61268
61276
61282
61290
61296
61304
61310
61318
61324
61332
61337
61345
61351
61359
61365
61373
61379
61387
61393
61401
61407
61415
61420
61428
61434
61442
61448
61456
61462
61470
61476
61484
61490
61498
61503
61511
61517
61525
61531
61539
61545
61553
61559
61567
61573
61581
61587
61596
61602
61610
61616
61624
61630
61638
61644
61652
61659
61667
61673
61681
61687
61695
61701
61709
61716
61724
61730
61738
61744
61752
61758
61766
61772
61781
61787
61795
61801
61809
61815
61823
61829
61838
61844
61852
61858
61866
61872
61880
61886
61894
61901
61909
61915
61923
61929
61937
61943
61951
61958
61966
61972
61980
61986
61994
62000
62008
62014
62023
62029
62037
62043
62051
62057
62065
62071
62080
62086
62094
62100
62108
62114
62122
62128
62136
62143
62151
62157
62165
62171
62179
62185
62193
62200
62208
62215
62223
62230
62238
62245
62253
62260
62269
62275
62284
62290
62299
62305
62314
62320
62329
62336
62344
62351
62359
62366
62374
62381
62389
62396
62405
62411
62420
62426
62435
62441
62450
62456
62465
62472
62480
62487
62495
62502
62510
62517
62525
62532
62541
62547
62556
62562
62571
62577
62586
62592
62601
62608
62616
62623
62631
62638
62646
62653
62661
62668
62677
62683
62692
62698
62707
62713
62722
62728
62737
62744
62752
62759
62767
62774
62782
62789
62797
62804
62813
62819
62828
62836
62843
62851
62858
62867
62873
62882
62888
62897
62904
62912
62919
62927
62934
62943
62949
62958
62965
62973
62980
62988
62995
63004
63010
63019
63025
63034
63041
63049
63056
63065
63071
63080
63086
63095
63102
63110
63117
63125
63132
63141
63147
63156
63163
63171
63178
63186
63193
63202
63208
63217
63223
63232
63239
63247
63254
63263
63269
63278
63284
63293
63300
63308
63315
63323
63330
63339
63345
63354
63362
63368
63376
63382
63390
63397
63405
63411
63419
63425
63433
63440
63448
63454
63462
63468
63476
63483
63491
63497
63505
63511
63519
63526
63534
63540
63548
63554
63563
63569
63577
63583
63591
63597
63606
63612
63620
63626
63634
63640
63649
63655
63663
63669
63677
63683
63692
63698
63706
63712
63720
63726
63735
63741
63749
63755
63763
63770
63778
63784
63792
63798
63806
63813
63821
63827
63835
63841
63849
63856
63864
63870
63878
63884
63892
63899
63907
63913
63921
63927
63935
63942
63950
63956
63964
63970
63979
63985
63993
63999
64007
64013
64022
64028
64036
64042
64050
64056
64065
64071
64079
64085
64093
64099
64108
64114
64122
64128
64136
64143
64151
64157
64165
64171
64179
64186
64194
64200
64208
64214
64222
64229
64237
64245
64251
64259
64265
64273
64279
64287
64293
64301
64308
64316
64322
64330
64336
64344
64350
64358
64364
64373
64379
64387
64393
64401
64407
64415
64421
64429
64436
64444
64450
64458
64464
64472
64478
64486
64492
64501
64507
64515
64521
64529
64535
64543
64549
64557
64564
64572
64578
64586
64592
64600
64606
64614
64620
64628
64635
64643
64649
64657
64663
64671
64677
64685
64691
64700
64706
64714
64720
64728
64734
64742
64748
64756
64763
64771
64777
64785
64791
64799
64805
64813
64819
64827
64833
64841
64847
64856
64862
64870
64876
64884
64891
64899
64905
64913
64919
64928
64934
64942
64948
64956
64963
64971
64977
64985
64991
65000
65006
65014
65020
65029
65035
65043
65049
65057
65064
65072
65078
65086
65092
65101
65107
65115
65121
65129
65136
65144
65150
65158
65164
65173
65179
65187
65193
65201
65208
65216
65222
65230
65237
65245
65251
65259
65265
65274
65280
65288
65294
65302
65309
65317
65323
65331
65337
65346
65352
65360
65366
65374
65381
65389
65395
65403
65409
65418
65424
65432
65438
65447
65453
65461
65467
65475
65482
65490
65496
65504
65510
65519
65525
65533
65540
65548
65555
65563
65570
65578
65585
65594
65600
65609
65615
65624
65630
65639
65646
65654
65661
65669
65676
65684
65691
65700
65706
65715
65721
65730
65736
65745
65751
65760
65767
65775
65782
65790
65797
65805
65812
65821
65827
65836
65842
65851
65857
65866
65873
65881
65888
65896
65903
65911
65918
65927
65933
65942
65948
65957
65963
65972
65978
65987
65994
66002
66009
66017
66024
66032
66039
66048
66054
66063
66069
66078
66084
66093
66100
66108
66115
66123
66130
66138
66145
66153
66160
66169
66175
66184
66190
66199
66205
66214
66221
66229
66236
66244
66251
66259
66266
66275
66281
66290
66296
66305
66311
66320
66327
66335
66342
66350
66357
66365
66372
66380
66387
66396
66402
66411
66417
66426
66432
66441
66448
66456
66464
66470
66478
66484
66492
66498
66506
66512
66520
66526
66534
66540
66548
66554
66562
66568
66576
66582
66590
66596
66604
66610
66618
66624
66632
66638
66646
66652
66660
66667
66675
66681
66689
66695
66703
66709
66717
66723
66731
66737
66745
66751
66759
66765
66773
66779
66787
66793
66801
66807
66815
66821
66829
66835
66843
66849
66857
66863
66872
66878
66886
66892
66900
66906
66914
66920
66928
66934
66942
66948
66956
66962
66970
66976
66984
66990
66998
67004
67012
67018
67026
67032
67040
67046
67054
67060
67068
67074
67083
67089
67097
67103
67111
67117
67125
67131
67139
67145
67153
67159
67167
67173
67181
67187
67195
67201
67209
67215
67223
67229
67237
67243
67252
67258
67267
67273
67281
67288
67296
67303
67311
67317
67326
67332
67341
67347
67355
67362
67370
67377
67385
67391
67400
67406
67415
67421
67429
67436
67444
67451
67459
67465
67474
67480
67489
67495
67503
67510
67518
67525
67533
67539
67548
67554
67563
67569
67577
67584
67592
67599
67607
67613
67622
67628
67637
67643
67651
67658
67666
67673
67681
67687
67696
67702
67711
67717
67725
67732
67740
67747
67755
67762
67770
67776
67785
67791
67800
67806
67814
67821
67829
67835
67844
67850
67859
67865
67874
67880
67889
67895
67904
67910
67918
67925
67933
67940
67948
67955
67963
67970
67978
67985
67993
67999
68008
68014
68023
68029
68038
68044
68053
68059
68068
68074
68083
68089
68097
68104
68112
68119
68127
68134
68142
68149
68157
68164
68172
68178
68187
68193
68202
68208
68217
68223
68232
68238
68247
68253
68262
68268
68276
68283
68291
68298
68306
68313
68321
68328
68336
68343
68351
68357
68366
68372
68381
68387
68396
68402
68411
68417
68426
68434
68440
68448
68455
68463
68469
68477
68484
68492
68498
68506
68513
68521
68527
68535
68542
68550
68556
68565
68571
68579
68585
68594
68600
68608
68614
68623
68629
68637
68643
68652
68658
68666
68672
68681
68687
68695
68702
68710
68716
68724
68731
68739
68745
68753
68760
68768
68774
68782
68789
68797
68803
68811
68818
68826
68832
68841
68847
68855
68861
68870
68876
68884
68890
68899
68905
68913
68919
68928
68934
68942
68949
68957
68963
68971
68978
68986
68992
69000
69007
69015
69021
69029
69036
69044
69050
69058
69065
69073
69079
69088
69094
69102
69108
69117
69123
69131
69137
69146
69152
69160
69166
69175
69181
69189
69195
69204
69210
69218
69225
69231
69239
69245
69253
69259
69267
69273
69281
69287
69295
69301
69308
69314
69322
69328
69336
69342
69350
69356
69364
69370
69378
69384
69392
69397
69405
69411
69419
69425
69433
69439
69447
69453
69461
69467
69475
69480
69488
69494
69502
69508
69516
69522
69530
69536
69544
69550
69558
69564
69571
69577
69585
69591
69599
69605
69613
69619
69627
69633
69641
69647
69654
69660
69668
69674
69682
69688
69696
69702
69710
69716
69724
69730
69738
69743
69751
69757
69765
69771
69779
69785
69793
69799
69807
69813
69821
69826
69834
69840
69848
69854
69862
69868
69876
69882
69890
69896
69904
69910
69917
69924
69930
69938
69944
69952
69958
69966
69972
69980
69986
69994
70000
70008
70014
70022
70028
70036
70042
70050
70055
70063
70069
70077
70083
70091
70097
70105
70111
70119
70125
70133
70139
70147
70153
70161
70167
70175
70181
70188
70194
70202
70208
70216
70222
70230
70236
70244
70250
70258
70264
70272
70278
70286
70292
70300
70306
70314
70320
70327
70333
70341
70347
70355
70361
70369
70375
70383
70389
70397
70403
70411
70417
70425
70431
70439
70445
70453
70458
70466
70472
70480
70486
70494
70500
70508
70514
70522
70528
70536
70542
70550
70556
70564
70570
70578
70584
70592
70597
70605
70611
70619
70627
70634
70642
70649
70657
70664
70672
70679
70687
70694
70702
70709
70717
70724
70732
70739
70747
70754
70762
70769
70777
70784
70793
70799
70808
70814
70823
70829
70838
70844
70853
70859
70868
70874
70883
70889
70898
70904
70913
70919
70928
70934
70943
70950
70958
70965
70973
70980
70988
70995
71003
71010
71018
71025
71033
71040
71048
71055
71063
71070
71078
71085
71093
71100
71109
71115
71124
71130
71139
71145
71154
71160
71169
71175
71184
71190
71199
71205
71214
71221
71227
71235
71241
71249
71255
71263
71269
71277
71283
71291
71297
71305
71311
71319
71325
71333
71339
71347
71353
71361
71367
71375
71381
71389
71395
71403
71409
71417
71423
71431
71436
71444
71450
71458
71464
71472
71478
71486
71492
71500
71506
71514
71520
71528
71534
71542
71548
71556
71562
71570
71576
71584
71590
71598
71604
71612
71618
71626
71632
71640
71646
71654
71659
71667
71673
71681
71687
71695
71701
71709
71715
71723
71729
71737
71743
71751
71757
71765
71771
71779
71785
71793
71799
71807
71813
71821
71827
71835
71841
71849
71855
71863
71869
71877
71882
71890
71896
71904
71910
71918
71926
71933
71941
71948
71957
71963
71972
71978
71987
71994
72002
72009
72018
72024
72033
72039
72048
72055
72063
72070
72079
72085
72094
72100
72109
72116
72124
72131
72140
72146
72155
72161
72170
72177
72185
72192
72201
72207
72216
72222
72231
72238
72246
72253
72262
72268
72277
72283
72292
72299
72307
72314
72323
72329
72338
72344
72353
72360
72368
72375
72384
72390
72399
72405
72414
72421
72429
72436
72445
72451
72460
72466
72475
72482
72490
72497
72506
72512
72521
72527
72536
72543
72551
72558
72567
72573
72582
72588
72597
72604
72612
72619
72628
72634
72643
72649
72658
72665
72673
72680
72689
72695
72704
72710
72719
72726
72734
72741
72750
72756
72765
72771
72780
72787
72794
72800
72808
72814
72822
72828
72836
72842
72850
72856
72864
72870
72877
72883
72891
72897
72905
72911
72919
72925
72933
72939
72947
72953
72961
72966
72974
72980
72988
72994
73002
73008
73016
73022
73030
73036
73044
73049
73057
73063
73071
73077
73085
73091
73099
73105
73113
73119
73127
73133
73140
73146
73154
73160
73168
73174
73182
73188
73196
73202
73210
73216
73223
73229
73237
73243
73251
73257
73265
73271
73279
73285
73293
73299
73307
73312
73320
73326
73334
73340
73348
73354
73362
73368
73376
73382
73390
73395
73403
73409
73417
73423
73431
73437
73445
73451
73459
73465
73473
73479
73486
73492
73500
73506
73514
73520
73528
73534
73542
73548
73556
73562
73570
73575
73583
73589
73597
73603
73611
73617
73625
73631
73639
73646
73652
73660
73666
73674
73680
73688
73694
73702
73708
73716
73722
73730
73735
73743
73749
73757
73763
73771
73777
73785
73791
73799
73805
73813
73819
73827
73832
73840
73846
73854
73860
73868
73874
73882
73888
73896
73902
73910
73916
73924
73929
73937
73943
73951
73957
73965
73971
73979
73985
73993
73999
74007
74013
74021
74026
74034
74040
74048
74054
74062
74068
74076
74082
74090
74096
74104
74110
74118
74123
74131
74137
74145
74151
74159
74165
74173
74179
74187
74193
74201
74207
74215
74220
74228
74234
74242
74248
74256
74262
74270
74276
74284
74290
74298
74304
74312
74317
74325
74331
74339
74345
74353
74359
74367
74373
74381
74387
74395
74401
74409
74414
74422
74428
74436
74442
74450
74456
74464
74470
74478
74485
74491
74499
74505
74513
74519
74527
74533
74541
74547
74555
74561
74569
74575
74583
74589
74597
74603
74611
74617
74625
74630
74638
74644
74652
74658
74666
74672
74680
74686
74694
74700
74708
74714
74722
74728
74736
74742
74750
74756
74764
74770
74777
74783
74791
74797
74805
74811
74819
74825
74833
74839
74847
74853
74861
74867
74875
74881
74889
74895
74903
74909
74917
74922
74930
74936
74944
74950
74958
74964
74972
74978
74986
74992
75000
75006
75014
75020
75028
75034
75042
75048
75056
75062
75069
75075
75083
75089
75097
75103
75111
75117
75125
75131
75139
75145
75153
75159
75167
75173
75181
75187
75195
75201
75209
75214
75222
75228
75236
75242
75250
75256
75264
75270
75278
75284
75292
75298
75306
75312
75320
75326
75334
75340
75348
75354
75362
75368
75376
75382
75390
75396
75404
75410
75418
75424
75432
75438
75446
75452
75460
75466
75474
75480
75488
75494
75502
75508
75516
75522
75530
75536
75544
75550
75558
75564
75572
75578
75586
75592
75600
75606
75614
75620
75628
75634
75642
75648
75656
75662
75670
75676
75684
75690
75698
75704
75712
75719
75727
75733
75741
75747
75755
75761
75769
75775
75783
75789
75797
75803
75811
75817
75825
75831
75839
75845
75853
75859
75867
75873
75881
75887
75895
75901
75909
75915
75923
75931
75938
75946
75953
75962
75968
75977
75984
75992
75999
76008
76014
76023
76030
76038
76045
76053
76060
76069
76075
76084
76091
76099
76106
76115
76121
76130
76137
76145
76152
76160
76167
76176
76182
76191
76198
76206
76213
76222
76228
76237
76244
76252
76259
76267
76274
76283
76289
76298
76305
76313
76320
76329
76335
76344
76351
76359
76366
76374
76381
76390
76396
76405
76412
76420
76427
76436
76442
76451
76458
76466
76473
76481
76488
76497
76503
76512
76519
76527
76534
76543
76549
76558
76565
76573
76580
76588
76595
76604
76610
76619
76626
76634
76641
76649
76656
76664
76671
76679
76686
76694
76701
76709
76716
76725
76731
76740
76746
76755
76761
76770
76776
76785
76791
76800
76807
76815
76822
76830
76837
76845
76852
76860
76867
76875
76882
76890
76897
76906
76912
76921
76927
76936
76942
76951
76957
76966
76972
76981
76988
76996
77003
77011
77018
77026
77033
77041
77048
77056
77063
77072
77078
77087
77093
77102
77108
77117
77123
77132
77138
77147
77153
77162
77169
77177
77184
77192
77199
77207
77214
77222
77229
77237
77244
77253
77259
77268
77274
77283
77289
77298
77304
77313
77319
77328
77334
77343
77350
77358
77365
77373
77380
77388
77395
77403
77410
77418
77425
77434
77441
77447
77455
77461
77469
77474
77482
77488
77496
77502
77510
77515
77523
77529
77537
77543
77550
77556
77564
77570
77578
77584
77591
77597
77605
77611
77619
77625
77632
77638
77646
77652
77660
77665
77673
77679
77687
77693
77701
77706
77714
77720
77728
77734
77741
77747
77755
77761
77769
77775
77782
77788
77796
77802
77810
77816
77823
77829
77837
77843
77851
77856
77864
77870
77878
77884
77892
77897
77905
77911
77919
77925
77933
77938
77946
77952
77960
77966
77973
77979
77987
77993
78001
78008
78014
78022
78028
78036
78042
78050
78056
78064
78069
78077
78083
78091
78097
78105
78111
78119
78125
78133
78138
78146
78152
78160
78166
78174
78180
78188
78194
78201
78207
78215
78221
78229
78235
78243
78249
78257
78263
78270
78276
78284
78290
78298
78304
78312
78318
78326
78332
78339
78345
78353
78359
78367
78373
78381
78387
78395
78401
78407
78415
78421
78429
78435
78443
78449
78457
78463
78470
78476
78484
78490
78498
78504
78512
78518
78526
78532
78539
78545
78553
78559
78567
78573
78581
78587
78595
78601
78607
78615
78621
78629
78635
78643
78651
78658
78666
78673
78682
78688
78697
78703
78712
78719
78727
78734
78742
78749
78758
78764
78773
78779
78788
78795
78803
78810
78818
78825
78834
78840
78849
78855
78864
78871
78879
78886
78894
78901
78910
78916
78925
78931
78940
78947
78955
78962
78970
78977
78986
78992
79001
79008
79016
79023
79031
79038
79047
79053
79062
79068
79077
79084
79092
79099
79107
79114
79123
79129
79138
79144
79153
79160
79168
79175
79183
79190
79199
79205
79214
79220
79229
79236
79244
79251
79259
79266
79274
79280
79289
79295
79304
79310
79318
79325
79333
79340
79348
79355
79363
79369
79378
79384
79393
79399
79408
79414
79422
79429
79437
79444
79452
79459
79467
79473
79482
79488
79497
79503
79512
79518
79526
79533
79541
79548
79556
79563
79571
79577
79586
79592
79601
79607
79616
79622
79630
79637
79645
79652
79660
79666
79675
79681
79690
79696
79705
79711
79719
79726
79734
79741
79749
79756
79764
79770
79779
79785
79794
79800
79809
79815
79823
79830
79838
79845
79853
79860
79868
79874
79883
79889
79898
79904
79913
79919
79927
79934
79942
79949
79957
79964
79972
79978
79987
79993
80002
80008
80016
80023
80031
80038
80046
80053
80061
80067
80076
80082
80091
80097
80106
80112
80120
80127
80135
80142
80150
80157
80165
80171
80180
80186
80195
80201
80210
80216
80224
80230
80238
80244
80252
80258
80266
80272
80280
80286
80294
80300
80308
80314
80323
80329
80337
80343
80351
80357
80365
80371
80379
80385
80393
80399
80407
80413
80421
80428
80436
80442
80450
80456
80464
80470
80478
80484
80492
80498
80506
80512
80520
80526
80535
80541
80549
80555
80563
80569
80577
80583
80591
80597
80605
80611
80619
80625
80633
80640
80648
80654
80662
80668
80676
80682
80690
80696
80704
80710
80718
80724
80732
80738
80747
80753
80761
80767
80775
80781
80789
80795
80803
80809
80817
80823
80832
80838
80847
80853
80862
80868
80877
80883
80892
80898
80907
80913
80922
80928
80936
80943
80951
80958
80966
80973
80981
80988
80996
81003
81011
81018
81026
81033
81041
81047
81056
81062
81071
81077
81086
81092
81101
81107
81116
81122
81131
81137
81146
81152
81160
81167
81175
81182
81190
81197
81205
81212
81220
81227
81235
81242
81250
81257
81265
81271
81280
81286
81295
81301
81310
81316
81325
81331
81340
81346
81355
81361
81370
81376
81384
81391
81399
81406
81414
81421
81429
81436
81444
81451
81459
81466
81474
81481
81489
81495
81504
81510
81519
81525
81534
81540
81549
81557
81563
81571
81577
81586
81592
81600
81606
81614
81621
81629
81635
81643
81650
81658
81664
81672
81678
81687
81693
81701
81707
81716
81722
81730
81736
81744
81751
81759
81765
81773
81780
81788
81794
81802
81808
81817
81823
81831
81837
81846
81852
81860
81866
81874
81881
81889
81895
81903
81910
81918
81924
81932
81938
81947
81953
81961
81967
81975
81982
81990
81996
82004
82011
82019
82025
82033
82039
82048
82054
82062
82068
82077
82083
82091
82097
82105
82112
82120
82126
82134
82141
82149
82155
82163
82169
82178
82184
82192
82198
82207
82213
82221
82227
82235
82242
82250
82256
82265
82271
82279
82286
82294
82300
82309
82315
82323
82330
82338
82345
82353
82359
82368
82374
82382
82389
82397
82403
82412
82418
82426
82433
82441
82448
82456
82462
82471
82477
82485
82492
82500
82506
82515
82521
82529
82536
82544
82551
82559
82565
82574
82580
82588
82595
82603
82609
82618
82624
82632
82639
82647
82654
82662
82668
82677
82683
82691
82698
82706
82712
82721
82727
82735
82742
82750
82757
82765
82771
82780
82786
82794
82801
82809
82815
82824
82830
82838
82845
82853
82860
82868
82874
82883
82889
82897
82904
82912
82918
82927
82933
82941
82948
82956
82963
82971
82977
82986
82992
83000
83007
83015
83021
83030
83036
83044
83051
83059
83066
83074
83080
83089
83095
83103
83110
83118
83124
83133
83139
83147
83154
83162
83170
83176
83185
83191
83200
83206
83214
83221
83229
83236
83244
83250
83259
83265
83274
83280
83288
83295
83303
83310
83318
83324
83333
83339
83348
83354
83362
83369
83377
83384
83392
83398
83407
83413
83422
83428
83436
83443
83451
83458
83466
83472
83481
83487
83496
83502
83510
83517
83525
83532
83540
83546
83555
83561
83570
83576
83584
83591
83599
83606
83614
83620
83629
83635
83644
83650
83658
83665
83673
83680
83688
83695
83703
83709
83718
83724
83733
83739
83747
83754
83762
83769
83777
83783
83791
83797
83805
83811
83819
83825
83833
83839
83847
83853
83861
83868
83876
83882
83890
83896
83904
83910
83918
83924
83932
83938
83946
83952
83961
83967
83975
83981
83989
83995
84003
84009
84017
84023
84031
84037
84045
84052
84060
84066
84074
84080
84088
84094
84102
84108
84116
84122
84130
84136
84144
84151
84159
84165
84173
84179
84187
84193
84201
84207
84215
84221
84229
84235
84244
84250
84258
84264
84272
84278
84286
84292
84300
84306
84314
84320
84328
84335
84343
84349
84357
84363
84371
84377
84385
84391
84399
84405
84413
84419
84428
84434
84442
84448
84456
84462
84470
84476
84484
84490
84498
84504
84512
84519
84526
84534
84540
84548
84554
84562
84568
84576
84582
84590
84596
84604
84610
84619
84625
84633
84639
84647
84653
84661
84667
84675
84681
84689
84695
84703
84711
84717
84725
84731
84739
84745
84753
84759
84767
84773
84781
84787
84795
84802
84810
84816
84824
84830
84838
84844
84852
84858
84866
84872
84880
84886
84895
84901
84909
84915
84923
84929
84937
84943
84951
84957
84965
84971
84979
84986
84994
85000
85008
85014
85022
85028
85036
85042
85050
85056
85064
85070
85078
85085
85093
85099
85107
85113
85121
85127
85135
85141
85149
85155
85163
85169
85178
85184
85192
85198
85206
85212
85220
85226
85234
85240
85248
85254
85262
85269
85277
85283
85291
85297
85305
85311
85319
85325
85333
85339
85347
85353
85362
85368
85376
85382
85390
85396
85404
85410
85418
85424
85432
85438
85446
85453
85460
85468
85474
85482
85488
85497
85503
85512
85518
85527
85533
85541
85548
85556
85563
85571
85578
85586
85592
85601
85607
85616
85622
85631
85637
85645
85652
85660
85667
85675
85682
85690
85696
85705
85711
85720
85726
85735
85741
85749
85756
85764
85771
85779
85786
85794
85800
85809
85815
85824
85830
85839
85845
85853
85860
85868
85875
85883
85890
85898
85904
85913
85919
85928
85934
85943
85949
85957
85964
85972
85979
85987
85995
86001
86009
86015
86023
86029
86037
86043
86052
86058
86066
86072
86080
86086
86094
86100
86108
86115
86123
86129
86137
86143
86151
86157
86165
86171
86180
86186
86194
86200
86208
86214
86222
86228
86236
86243
86251
86257
86265
86271
86279
86285
86293
86299
86308
86314
86322
86328
86336
86342
86350
86356
86365
86371
86379
86385
86393
86399
86407
86413
86421
86428
86436
86442
86450
86456
86464
86470
86478
86484
86493
86499
86507
86513
86521
86527
86535
86541
86549
86556
86564
86570
86578
86584
86592
86598
86606
86612
86621
86627
86635
86641
86649
86655
86663
86669
86677
86684
86692
86700
86706
86714
86720
86728
86734
86742
86748
86756
86762
86770
86776
86784
86790
86798
86804
86812
86818
86826
86832
86840
86846
86854
86860
86868
86874
86882
86888
86896
86902
86910
86916
86924
86930
86938
86944
86952
86958
86966
86972
86980
86986
86994
87000
87008
87014
87022
87028
87036
87042
87050
87056
87064
87070
87078
87084
87092
87099
87107
87113
87121
87127
87135
87141
87149
87155
87163
87169
87177
87183
87191
87197
87205
87211
87219
87225
87233
87239
87247
87253
87261
87267
87275
87281
87289
87295
87303
87309
87317
87323
87331
87337
87345
87351
87359
87365
87373
87379
87387
87393
87401
87407
87415
87421
87429
87435
87443
87449
87457
87465
87471
87479
87486
87494
87500
87509
87515
87523
87530
87538
87544
87553
87559
87567
87574
87582
87588
87597
87603
87611
87618
87626
87632
87641
87647
87655
87662
87670
87676
87684
87691
87699
87705
87714
87720
87728
87735
87743
87749
87758
87764
87772
87779
87787
87793
87802
87808
87816
87823
87831
87837
87846
87852
87860
87867
87875
87881
87889
87896
87904
87910
87919
87925
87933
87940
87948
87954
87963
87969
87977
87984
87992
87998
88007
88013
88021
88028
88036
88042
88051
88057
88065
88072
88080
88086
88094
88101
88109
88115
88124
88130
88138
88144
88152
88158
88166
88172
88180
88186
88194
88201
88209
88215
88223
88229
88237
88243
88251
88257
88266
88272
88280
88286
88294
88300
88308
88314
88322
88329
88337
88343
88351
88357
88365
88371
88379
88385
88394
88400
88408
88414
88422
88428
88436
88442
88450
88457
88465
88471
88479
88485
88493
88499
88507
88513
88521
88528
88536
88542
88550
88556
88564
88570
88578
88584
88593
88599
88607
88613
88621
88627
88635
88641
88649
88656
88664
88670
88678
88684
88692
88698
88706
88712
88721
88727
88735
88741
88749
88755
88763
88769
88777
88784
88792
88798
88806
88812
88820
88826
88834
88840
88849
88855
88863
88869
88877
88883
88891
88897
88905
88911
88920
88926
88934
88940
88948
88954
88962
88968
88976
88983
88991
88997
89005
89011
89019
89025
89032
89038
89046
89052
89060
89066
89074
89080
89088
89094
89102
89108
89116
89122
89130
89136
89144
89150
89158
89164
89172
89178
89186
89192
89200
89206
89214
89220
89228
89234
89242
89248
89256
89262
89270
89276
89284
89290
89298
89304
89312
89318
89326
89332
89340
89346
89354
89360
89368
89374
89382
89388
89396
89402
89410
89416
89424
89430
89438
89444
89452
89458
89466
89472
89480
89486
89493
89499
89507
89513
89521
89527
89535
89541
89549
89557
89564
89572
89579
89588
89594
89603
89609
89618
89625
89633
89640
89649
89655
89664
89670
89679
89686
89694
89701
89709
89716
89725
89731
89740
89747
89755
89762
89770
89777
89786
89792
89801
89808
89816
89823
89831
89838
89847
89853
89862
89869
89876
89885
89891
89900
89907
89915
89922
89930
89937
89946
89952
89961
89968
89976
89983
89991
89998
90007
90013
90022
90029
90036
90045
90051
90060
90067
90075
90082
90090
90097
90106
90112
90121
90128
90136
90143
90151
90158
90167
90173
90182
90189
90196
90205
90211
90220
90227
90235
90242
90250
90257
90266
90274
90281
90289
90296
90304
90311
90319
90326
90335
90341
90350
90356
90365
90371
90380
90386
90395
90402
90410
90417
90425
90432
90440
90447
90455
90462
90471
90477
90486
90492
90501
90507
90516
90522
90531
90538
90546
90553
90561
90568
90576
90583
90591
90598
90607
90613
90622
90628
90637
90643
90652
90658
90667
90674
90682
90689
90697
90704
90712
90719
90727
90734
90743
90749
90758
90764
90773
90779
90788
90794
90803
90810
90818
90825
90833
90840
90848
90855
90863
90870
90879
90885
90894
90900
90909
90915
90924
90930
90939
90946
90954
90961
90969
90976
90984
90991
90999
91006
91015
91021
91030
91036
91045
91051
91060
91067
91075
91082
91090
91097
91105
91112
91120
91127
91136
91142
91151
91158
91164
91172
91178
91186
91191
91199
91205
91213
91219
91226
91232
91240
91246
91254
91260
91267
91273
91281
91287
91295
91301
91307
91315
91321
91329
91335
91342
91348
91356
91362
91370
91376
91382
91390
91396
91404
91410
91417
91423
91431
91437
91445
91451
91457
91465
91471
91479
91485
91492
91498
91506
91512
91520
91526
91532
91540
91546
91554
91560
91567
91573
91581
91587
91595
91601
91607
91615
91621
91629
91635
91642
91648
91656
91662
91670
91676
91682
91690
91696
91704
91710
91717
91723
91731
91737
91745
91751
91757
91765
91772
91780
91787
91795
91802
91810
91817
91825
91832
91840
91847
91855
91862
91871
91877
91886
91892
91901
91907
91916
91922
91931
91937
91946
91952
91961
91968
91976
91983
91991
91998
92006
92013
92021
92028
92036
92043
92051
92058
92067
92073
92082
92088
92097
92103
92112
92118
92127
92133
92142
92148
92157
92164
92172
92179
92187
92194
92202
92209
92217
92224
92232
92239
92247
92254
92263
92269
92278
92284
92293
92299
92308
92314
92323
92329
92338
92344
92353
92360
92368
92375
92382
92388
92396
92402
92410
92416
92424
92429
92437
92443
92451
92457
92465
92471
92478
92484
92492
92498
92506
92512
92520
92525
92533
92539
92547
92553
92561
92567
92574
92580
92588
92594
92602
92608
92616
92621
92629
92635
92643
92649
92657
92663
92671
92676
92684
92690
92698
92704
92712
92718
92725
92731
92739
92745
92753
92759
92767
92772
92780
92786
92794
92800
92808
92814
92821
92827
92835
92841
92849
92855
92863
92868
92876
92882
92890
92896
92904
92910
92918
92923
92931
92937
92945
92951
92959
92965
92972
92978
92986
92992
93000
93006
93014
93019
93027
93033
93041
93047
93055
93061
93068
93074
93082
93088
93096
93102
93110
93115
93123
93129
93137
93143
93151
93157
93165
93170
93178
93184
93192
93198
93206
93212
93219
93225
93233
93241
93247
93255
93261
93269
93275
93283
93290
93298
93304
93312
93318
93326
93332
93340
93347
93355
93361
93369
93375
93383
93389
93397
93404
93412
93418
93426
93432
93440
93446
93455
93461
93469
93475
93483
93489
93497
93503
93512
93518
93526
93532
93540
93546
93554
93560
93569
93575
93583
93589
93597
93603
93611
93618
93626
93632
93640
93646
93654
93660
93668
93675
93683
93689
93697
93703
93711
93717
93725
93732
93740
93746
93754
93760
93768
93774
93783
93789
93797
93803
93811
93817
93825
93831
93840
93848
93854
93862
93869
93877
93883
93891
93898
93906
93912
93920
93927
93935
93941
93949
93956
93964
93970
93978
93985
93993
93999
94007
94014
94022
94028
94037
94043
94051
94057
94066
94072
94080
94086
94095
94101
94109
94115
94124
94130
94138
94144
94153
94159
94167
94173
94182
94188
94196
94202
94211
94217
94225
94232
94240
94246
94254
94261
94269
94275
94283
94290
94298
94304
94312
94319
94327
94333
94341
94348
94356
94362
94370
94377
94385
94391
94399
94406
94414
94420
94429
94435
94443
94449
94458
94464
94472
94478
94487
94493
94501
94507
94516
94522
94530
94536
94545
94551
94559
94566
94574
94580
94589
94595
94603
94610
94618
94624
94633
94639
94647
94654
94662
94669
94677
94683
94692
94698
94706
94713
94721
94727
94736
94742
94750
94757
94765
94772
94779
94787
94794
94802
94808
94817
94823
94831
94838
94846
94852
94861
94867
94875
94882
94890
94897
94904
94912
94919
94927
94933
94942
94948
94956
94963
94971
94977
94986
94992
95000
95007
95015
95022
95029
95037
95044
95052
95058
95067
95073
95081
95088
95096
95102
95111
95117
95125
95132
95140
95147
95154
95162
95169
95177
95183
95192
95198
95206
95214
95220
95228
95234
95242
95248
95256
95263
95271
95277
95285
95291
95299
95305
95314
95320
95328
95334
95342
95348
95356
95362
95371
95377
95385
95391
95399
95405
95413
95420
95428
95434
95442
95448
95456
95462
95470
95477
95485
95491
95499
95505
95513
95519
95528
95534
95542
95548
95556
95562
95570
95576
95585
95591
95599
95605
95613
95619
95627
95634
95642
95648
95656
95662
95670
95676
95685
95691
95699
95705
95713
95719
95727
95733
95742
95748
95756
95762
95770
95776
95784
95791
95799
95805
95813
95819
95827
95833
95841
95848
95856
95862
95870
95876
95884
95890
95899
95905
95913
95919
95927
95933
95941
95947
95956
95962
95970
95976
95984
95990
95998
96005
96013
96019
96027
96033
96041
96047
96055
96062
96070
96076
96084
96092
96099
96107
96114
96123
96129
96138
96144
96153
96160
96168
96175
96183
96190
96199
96205
96214
96220
96229
96236
96244
96251
96259
96266
96275
96281
96290
96296
96305
96312
96320
96327
96335
96342
96351
96357
96366
96372
96381
96388
96396
96403
96411
96418
96427
96433
96442
96449
96457
96464
96472
96479
96488
96494
96503
96509
96518
96525
96533
96540
96548
96555
96564
96570
96579
96585
96594
96601
96609
96616
96624
96631
96640
96646
96655
96661
96670
96677
96685
96692
96700
96707
96716
96722
96731
96737
96746
96753
96761
96768
96777
96784
96790
96798
96804
96812
96818
96826
96832
96840
96846
96854
96860
96868
96874
96882
96888
96896
96902
96910
96916
96924
96930
96938
96944
96952
96958
96966
96972
96980
96986
96994
97000
97008
97014
97022
97028
97036
97042
97050
97056
97064
97070
97077
97083
97091
97097
97105
97111
97119
97125
97133
97139
97147
97153
97161
97167
97175
97181
97189
97195
97203
97209
97217
97223
97231
97237
97245
97251
97259
97265
97273
97279
97287
97293
97301
97307
97315
97321
97329
97335
97343
97349
97357
97363
97371
97377
97383
97391
97397
97405
97411
97419
97425
97433
97439
97447
97453
97461
97467
97475
97481
97489
97495
97503
97509
97517
97523
97531
97537
97545
97552
97560
97567
97575
97582
97590
97597
97605
97612
97620
97627
97635
97642
97650
97657
97665
97672
97680
97687
97695
97702
97710
97717
97725
97732
97740
97747
97755
97762
97770
97777
97785
97792
97800
97807
97816
97822
97831
97837
97846
97852
97861
97867
97876
97882
97891
97897
97906
97912
97921
97927
97936
97942
97951
97957
97966
97972
97981
97987
97996
98002
98011
98017
98026
98032
98041
98047
98056
98062
98071
98078
98086
98093
98101
98108
98116
98123
98131
98138
98146
98153
98161
98168
98176
98183
98191
98198
98206
98213
98221
98228
98236
98243
98251
98258
98266
98273
98281
98287
98295
98301
98309
98315
98323
98329
98337
98343
98351
98357
98365
98371
98379
98385
98393
98399
98407
98413
98421
98427
98435
98441
98449
98455
98464
98470
98478
98484
98492
98498
98506
98512
98520
98526
98534
98540
98548
98554
98562
98568
98576
98582
98590
98596
98604
98610
98618
98624
98632
98638
98647
98653
98661
98667
98675
98681
98689
98695
98703
98709
98717
98723
98731
98737
98745
98751
98759
98765
98773
98779
98787
98793
98801
98807
98815
98821
98830
98836
98844
98850
98858
98864
98872
98878
98886
98892
98900
98906
98914
98920
98928
98934
98942
98948
98956
98962
98970
98976
98984
98990
98998
99004
99013
99019
99027
99033
99041
99047
99055
99061
99069
99075
99083
99089
99097
99103
99111
99117
99125
99131
99138
99144
99152
99158
99166
99172
99180
99186
99194
99200
99208
99214
99222
99228
99236
99241
99249
99255
99263
99269
99277
99283
99291
99297
99305
99311
99319
99325
99333
99339
99347
99352
99360
99366
99374
99380
99388
99394
99402
99408
99416
99422
99430
99436
99444
99450
99458
99463
99471
99477
99485
99491
99499
99505
99513
99519
99527
99533
99541
99547
99555
99561
99568
99574
99582
99588
99596
99602
99610
99616
99624
99630
99638
99644
99652
99658
99666
99672
99679
99685
99693
99699
99707
99713
99721
99727
99735
99741
99749
99755
99763
99769
99777
99783
99790
99796
99804
99810
99818
99824
99832
99838
99846
99852
99860
99866
99874
99880
99888
99894
99901
99907
99915
99921
99929
99935
99943
99949
99957
99964
99970
99978
99984
99992
99998
100006
100012
100020
100026
100034
100040
100048
100054
100062
100067
100075
100081
100089
100095
100103
100109
100117
100123
100131
100137
100145
100151
100159
100165
100173
100178
100186
100192
100200
100206
100214
100220
100228
100234
100242
100248
100256
100262
100270
100276
100284
100289
100297
100303
100311
100317
100325
100331
100339
100345
100353
100359
100367
100373
100381
100387
100394
100400
100408
100414
100422
100428
100436
100442
100450
100456
100464
100470
100478
100484
100492
100498
100505
100511
100519
100525
100533
100539
100547
100553
100561
100567
100575
100581
100589
100595
100603
100609
100616
100622
100630
100636
100644
100650
