13
24
38
49
63
74
88
99
113
124
138
149
163
174
188
199
213
224
238
249
262
274
287
299
312
324
337
349
362
374
387
399
412
424
441
456
474
489
507
522
540
555
572
588
605
621
638
654
671
687
704
719
737
752
770
785
803
818
835
851
868
884
901
918
933
950
965
982
997
1014
1029
1046
1061
1078
1094
1111
1126
1143
1158
1175
1190
1207
1222
1239
1254
1271
1287
1304
1319
1336
1351
1368
1383
1400
1415
1432
1447
1465
1480
1497
1512
1529
1544
1561
1576
1593
1606
1618
1632
1644
1657
1669
1683
1695
1708
1720
1734
1746
1759
1771
1785
1797
1811
1822
1836
1848
1862
1873
1887
1899
1913
1924
1938
1950
1964
1975
1989
2001
2015
2027
2040
2052
2066
2078
2091
2103
2117
2129
2142
2154
2168
2180
2193
2205
2219
2231
2245
2256
2270
2282
2296
2307
2321
2333
2348
2362
2378
2391
2407
2421
2437
2450
2466
2480
2496
2509
2525
2539
2555
2568
2584
2598
2614
2627
2643
2657
2673
2686
2702
2716
2732
2745
2761
2775
2791
2804
2820
2834
2849
2863
2879
2893
2908
2920
2931
2944
2955
2967
2978
2991
3002
3014
3025
3038
3049
3061
3072
3085
3096
3108
3119
3132
3143
3156
3166
3179
3190
3203
3213
3226
3237
3250
3260
3273
3284
3297
3308
3319
3332
3343
3359
3374
3391
3406
3422
3437
3454
3469
3486
3500
3517
3532
3549
3564
3580
3595
3612
3627
3643
3658
3675
3690
3707
3721
3738
3753
3770
3785
3801
3816
3833
3848
3865
3879
3896
3912
3927
3944
3959
3976
3991
4008
4022
4039
4054
4071
4086
4103
4118
4135
4149
4166
4181
4198
4213
4230
4245
4262
4276
4293
4308
4325
4340
4357
4372
4389
4403
4420
4435
4452
4471
4489
4509
4527
4547
4564
4584
4602
4622
4640
4659
4677
4697
4715
4735
4752
4772
4790
4810
4828
4847
4865
4885
4903
4923
4941
4960
4978
4998
5016
5036
5053
5073
5091
5111
5129
5148
5161
5173
5187
5199
5212
5224
5238
5250
5263
5275
5289
5301
5314
5326
5340
5352
5365
5377
5391
5403
5416
5428
5442
5454
5467
5479
5493
5505
5518
5530
5544
5556
5569
5581
5595
5607
5620
5632
5646
5658
5671
5683
5697
5709
5722
5734
5748
5760
5779
5797
5816
5834
5854
5871
5891
5908
5928
5946
5965
5983
6002
6020
6040
6057
6077
6094
6114
6132
6151
6169
6188
6206
6226
6243
6263
6280
6292
6304
6316
6328
6340
6352
6364
6376
6388
6400
6412
6424
6436
6448
6460
6472
6484
6496
6508
6520
6532
6544
6556
6568
6580
6592
6604
6616
6628
6640
6652
6664
6676
6688
6709
6728
6750
6769
6791
6810
6831
6851
6872
6892
6913
6932
6954
6973
6995
7014
7035
7055
7076
7096
7117
7136
7158
7177
7199
7212
7223
7237
7248
7261
7273
7286
7297
7311
7322
7335
7347
7360
7371
7385
7396
7409
7421
7434
7445
7459
7470
7483
7495
7508
7519
7533
7544
7558
7569
7582
7594
7607
7618
7632
7643
7656
7668
7681
7692
7706
7717
7730
7742
7755
7766
7780
7791
7804
7824
7842
7862
7881
7901
7919
7940
7958
7978
7997
8017
8035
8056
8074
8094
8113
8133
8151
8172
8190
8203
8215
8229
8241
8255
8267
8281
8293
8307
8319
8333
8345
8359
8371
8385
8397
8411
8423
8436
8448
8462
8474
8488
8500
8514
8526
8540
8552
8566
8578
8592
8604
8618
8630
8644
8656
8669
8681
8695
8707
8721
8733
8747
8759
8773
8785
8799
8811
8825
8837
8851
8863
8877
8889
8902
8914
8928
8948
8967
8988
9006
9027
9046
9067
9085
9106
9125
9146
9164
9185
9204
9225
9243
9264
9283
9303
9322
9343
9362
9382
9401
9422
9441
9461
9480
9501
9520
9540
9559
9580
9599
9619
9641
9661
9684
9704
9727
9747
9770
9790
9813
9833
9856
9876
9899
9919
9942
9962
9984
10005
10027
10048
10060
10070
10082
10092
10105
10115
10127
10137
10150
10160
10172
10182
10195
10205
10217
10227
10240
10250
10262
10272
10285
10295
10307
10317
10330
10340
10352
10362
10375
10385
10397
10407
10420
10430
10442
10452
10465
10475
10487
10497
10510
10520
10541
10560
10581
10600
10621
10640
10661
10681
10702
10721
10742
10761
10782
10801
10823
10842
10863
10882
10903
10922
10943
10954
10964
10976
10986
10998
11008
11020
11030
11042
11052
11063
11073
11085
11095
11107
11117
11129
11139
11151
11161
11173
11183
11193
11205
11215
11227
11237
11249
11259
11271
11281
11293
11303
11313
11325
11335
11347
11357
11369
11379
11391
11401
11413
11423
11433
11445
11455
11469
11482
11497
11509
11524
11537
11551
11564
11579
11591
11606
11619
11633
11646
11661
11673
11688
11701
11715
11728
11743
11755
11770
11783
11797
11810
11825
11837
11852
11865
11879
11892
11907
11919
11934
11947
11961
11981
12000
12021
12039
12060
12079
12100
12118
12139
12158
12179
12197
12218
12237
12258
12276
12297
12316
12336
12355
12376
12395
12415
12434
12455
12468
12480
12494
12506
12520
12532
12546
12558
12572
12584
12598
12610
12623
12635
12649
12661
12675
12687
12701
12713
12727
12739
12753
12765
12778
12790
12804
12816
12830
12842
12856
12868
12882
12894
12908
12920
12933
12945
12959
12971
12985
12997
13011
13023
13037
13049
13063
13075
13088
13100
13114
13126
13140
13152
13164
13174
13187
13197
13209
13220
13232
13242
13255
13265
13278
13288
13300
13311
13323
13333
13346
13356
13369
13379
13391
13402
13414
13424
13437
13447
13460
13470
13482
13493
13505
13515
13528
13538
13551
13561
13573
13584
13596
13606
13619
13633
13645
13659
13671
13685
13697
13711
13723
13737
13749
13763
13775
13789
13801
13815
13827
13841
13853
13867
13879
13893
13905
13919
13931
13945
13957
13971
13983
13997
14009
14023
14035
14049
14061
14075
14087
14101
14113
14127
14139
14153
14165
14179
14191
14205
14217
14231
14243
14257
14269
14283
14295
14309
14324
14337
14353
14366
14381
14395
14410
14423
14439
14452
14468
14481
14496
14510
14525
14538
14554
14567
14583
14596
14611
14625
14640
14653
14669
14682
14698
14711
14726
14740
14755
14768
14784
14797
14812
14824
14835
14848
14859
14872
14883
14896
14906
14919
14930
14943
14954
14967
14978
14990
15001
15014
15025
15038
15049
15062
15072
15085
15096
15109
15120
15133
15144
15156
15167
15180
15191
15204
15215
15228
15238
15251
15262
15275
15286
15299
15310
15322
15333
15346
15357
15370
15381
15394
15404
15417
15428
15441
15452
15465
15480
15494
15510
15524
15540
15554
15570
15584
15600
15614
15630
15644
15660
15674
15690
15704
15720
15734
15750
15764
15780
15794
15810
15824
15840
15854
15869
15883
15899
15913
15929
15943
15959
15973
15989
16003
16019
16033
16050
16065
16083
16098
16115
16131
16148
16164
16181
16196
16214
16229
16247
16262
16279
16295
16312
16328
16345
16360
16378
16393
16411
16426
16443
16459
16476
16492
16509
16524
16542
16557
16574
16590
16607
16623
16640
16655
16673
16688
16706
16721
16738
16754
16771
16786
16799
16814
16827
16842
16855
16870
16883
16898
16911
16926
16940
16955
16968
16983
16996
17011
17024
17039
17052
17067
17080
17095
17109
17124
17137
17152
17165
17180
17193
17208
17221
17236
17249
17264
17278
17293
17306
17321
17334
17349
17362
17377
17390
17405
17418
17430
17440
17452
17463
17475
17485
17497
17508
17520
17530
17542
17553
17565
17575
17587
17598
17610
17620
17632
17643
17655
17665
17677
17688
17700
17710
17722
17733
17745
17755
17767
17778
17790
17800
17816
17830
17847
17861
17877
17892
17908
17922
17939
17953
17969
17984
18000
18014
18031
18045
18061
18076
18092
18106
18123
18137
18153
18168
18184
18198
18215
18229
18246
18260
18276
18291
18307
18320
18331
18344
18355
18368
18379
18392
18403
18416
18427
18440
18451
18464
18475
18488
18499
18512
18523
18536
18547
18560
18571
18584
18595
18608
18619
18632
18643
18656
18667
18680
18691
18704
18715
18728
18739
18752
18763
18776
18787
18800
18811
18824
18835
18848
18859
18872
18883
18896
18907
18920
18942
18962
18985
19005
19027
19048
19070
19090
19113
19133
19155
19176
19198
19218
19241
19261
19283
19304
19326
19347
19369
19381
19392
19404
19415
19427
19438
19450
19461
19473
19484
19496
19507
19519
19530
19542
19553
19565
19576
19588
19599
19611
19622
19634
19645
19657
19668
19680
19691
19703
19714
19727
19737
19750
19760
19773
19783
19796
19806
19819
19829
19842
19852
19865
19875
19888
19898
19911
19921
19934
19944
19957
19967
19980
19990
20003
20013
20026
20039
20051
20065
20077
20091
20103
20116
20128
20142
20154
20168
20180
20193
20205
20219
20231
20245
20257
20270
20282
20296
20308
20322
20334
20347
20359
20373
20385
20399
20411
20424
20436
20450
20462
20476
20488
20501
20513
20527
20539
20553
20565
20578
20590
20604
20616
20630
20642
20655
20667
20681
20693
20707
20719
20732
20744
20758
20770
20781
20794
20805
20818
20829
20842
20853
20866
20877
20890
20901
20914
20924
20937
20948
20961
20972
20985
20996
21009
21020
21033
21044
21057
21068
21081
21091
21104
21115
21128
21139
21152
21163
21176
21187
21200
21211
21224
21235
21248
21258
21271
21282
21295
21306
21319
21330
21343
21354
21367
21378
21391
21402
21415
21425
21438
21449
21462
21473
21486
21497
21509
21520
21532
21543
21556
21566
21579
21589
21602
21613
21625
21636
21649
21659
21672
21682
21695
21706
21718
21729
21741
21752
21765
21775
21788
21799
21811
21822
21834
21845
21858
21868
21881
21891
21904
21915
21927
21938
21951
21961
21974
21984
21997
22008
22020
22031
22043
22054
22067
22077
22090
22101
22113
22124
22136
22156
22175
22196
22215
22236
22255
22276
22295
22316
22335
22356
22375
22396
22415
22436
22454
22475
22494
22515
22534
22555
22574
22595
22614
22635
22654
22666
22677
22689
22700
22712
22723
22736
22746
22759
22769
22782
22792
22805
22816
22828
22839
22851
22862
22874
22885
22898
22908
22921
22931
22944
22954
22967
22978
22990
23001
23013
23024
23036
23047
23060
23070
23083
23093
23106
23116
23129
23140
23152
23163
23175
23190
23204
23220
23234
23250
23264
23280
23294
23310
23324
23340
23354
23370
23384
23400
23414
23430
23443
23459
23473
23489
23503
23519
23533
23549
23563
23580
23596
23614
23630
23648
23664
23682
23698
23716
23732
23750
23766
23784
23799
23817
23833
23851
23867
23885
23901
23919
23935
23953
23969
23980
23990
24002
24012
24023
24033
24045
24055
24066
24076
24088
24098
24110
24119
24131
24141
24153
24162
24174
24184
24196
24205
24217
24227
24239
24249
24260
24270
24282
24292
24303
24313
24325
24335
24347
24356
24368
24378
24390
24399
24411
24421
24433
24442
24454
24464
24476
24486
24497
24507
24519
24529
24540
24550
24562
24572
24584
24593
24605
24615
24626
24636
24648
24658
24670
24680
24692
24702
24714
24724
24736
24746
24758
24768
24780
24790
24801
24811
24823
24833
24845
24855
24867
24877
24889
24899
24911
24921
24933
24943
24955
24965
24976
24986
24998
25008
25020
25030
25042
25052
25064
25074
25086
25096
25108
25118
25130
25140
25152
25161
25173
25183
25195
25205
25217
25227
25239
25249
25261
25273
25284
25296
25307
25320
25330
25343
25354
25366
25377
25390
25400
25413
25424
25436
25447
25460
25470
25483
25494
25506
25517
25529
25540
25553
25563
25576
25587
25599
25610
25623
25633
25646
25657
25669
25680
25693
25713
25732
25752
25771
25791
25810
25830
25849
25869
25888
25908
25927
25948
25966
25987
26005
26026
26044
26065
26083
26104
26122
26143
26162
26182
26201
26222
26241
26262
26282
26303
26322
26343
26363
26384
26403
26424
26444
26465
26484
26506
26525
26546
26565
26587
26606
26627
26646
26668
26687
26708
26728
26749
26768
26789
26809
26830
26849
26870
26890
26911
26930
26942
26953
26965
26976
26989
26999
27012
27022
27035
27046
27058
27069
27081
27092
27105
27115
27128
27138
27151
27162
27174
27185
27197
27208
27221
27231
27244
27254
27267
27278
27290
27301
27313
27324
27337
27347
27360
27371
27389
27405
27424
27440
27458
27475
27493
27510
27528
27544
27563
27579
27598
27614
27632
27649
27667
27684
27702
27718
27737
27753
27771
27788
27806
27823
27841
27857
27876
27892
27911
27927
27945
27961
27979
27995
28014
28030
28048
28064
28083
28099
28117
28133
28152
28168
28186
28202
28221
28237
28255
28271
28290
28306
28324
28340
28361
28380
28401
28420
28441
28460
28481
28501
28522
28541
28562
28581
28602
28621
28643
28662
28683
28702
28723
28742
28763
28782
28804
28817
28828
28842
28853
28867
28878
28892
28903
28917
28928
28942
28953
28966
28978
28991
29003
29016
29028
29041
29053
29066
29078
29091
29103
29116
29127
29141
29152
29166
29177
29191
29202
29216
29227
29241
29252
29266
29277
29290
29302
29315
29327
29340
29356
29371
29387
29402
29418
29433
29449
29464
29480
29495
29511
29526
29542
29557
29573
29588
29604
29619
29635
29650
29666
29681
29697
29712
29728
29743
29759
29774
29790
29805
29821
29838
29853
29871
29886
29904
29919
29936
29952
29969
29985
30002
30017
30035
30050
30068
30083
30101
30116
30133
30149
30166
30182
30199
30214
30232
30247
30265
30280
30298
30313
30330
30346
30363
30381
30397
30415
30432
30450
30466
30485
30501
30519
30536
30554
30570
30589
30605
30623
30640
30658
30674
30693
30709
30727
30743
30762
30778
30796
30813
30831
30847
30866
30882
30900
30917
30935
30951
30970
30986
31004
31021
31039
31051
31061
31074
31084
31096
31107
31119
31130
31142
31152
31165
31175
31188
31198
31210
31221
31233
31243
31256
31266
31279
31289
31301
31312
31324
31335
31347
31357
31370
31380
31392
31403
31415
31426
31438
31448
31461
31471
31484
31494
31506
31517
31529
31539
31552
31562
31575
31585
31597
31608
31620
31631
31643
31653
31666
31676
31688
31699
31711
31722
31734
31744
31757
31767
31780
31790
31802
31813
31825
31836
31848
31858
31871
31881
31894
31904
31916
31927
31939
31950
31962
31972
31985
31995
32008
32018
32030
32041
32053
32064
32076
32086
32099
32109
32122
32132
32144
32155
32167
32178
32190
32200
32213
32224
32234
32246
32256
32268
32278
32290
32300
32312
32322
32334
32344
32356
32366
32377
32387
32399
32409
32421
32431
32443
32453
32465
32475
32487
32497
32509
32519
32530
32540
32552
32562
32574
32584
32596
32606
32618
32628
32640
32650
32664
32676
32690
32702
32716
32728
32742
32754
32768
32780
32794
32806
32820
32832
32846
32858
32872
32884
32898
32910
32924
32936
32950
32963
32977
32989
33003
33015
33029
33041
33055
33067
33088
33107
33129
33148
33169
33189
33210
33229
33251
33270
33291
33311
33332
33351
33373
33392
33413
33433
33454
33473
33495
33514
33535
33555
33576
33595
33617
33636
33657
33672
33686
33702
33716
33732
33746
33762
33776
33792
33806
33822
33836
33852
33866
33882
33896
33912
33926
33942
33956
33972
33986
34002
34016
34032
34046
34061
34075
34091
34105
34121
34135
34151
34165
34184
34201
34221
34238
34258
34275
34294
34312
34331
34349
34368
34385
34405
34422
34442
34459
34478
34496
34515
34533
34552
34569
34589
34606
34626
34643
34663
34681
34701
34720
34740
34758
34778
34797
34817
34835
34855
34874
34894
34912
34932
34951
34971
34989
35009
35028
35048
35066
35087
35105
35125
35143
35164
35182
35202
35220
35241
35259
35279
35297
35318
35336
35350
35363
35378
35390
35405
35418
35432
35445
35460
35472
35487
35500
35515
35527
35542
35555
35569
35582
35597
35609
35624
35637
35652
35664
35679
35692
35706
35719
35734
35746
35761
35774
35789
35801
35816
35829
35843
35856
35871
35883
35898
35911
35926
35938
35953
35966
35980
35993
36008
36020
36035
36048
36063
36081
36098
36117
36134
36153
36169
36188
36205
36224
36241
36259
36276
36295
36312
36331
36347
36366
36383
36402
36419
36437
36454
36473
36490
36509
36530
36549
36571
36590
36612
36631
36652
36672
36693
36713
36734
36753
36775
36794
36816
36835
36856
36876
36897
36917
36938
36957
36979
36998
37020
37039
37061
37080
37101
37121
37142
37162
37183
37202
37224
37237
37249
37263
37275
37289
37301
37315
37326
37340
37352
37366
37378
37392
37404
37417
37429
37443
37455
37469
37481
37495
37506
37520
37532
37546
37558
37572
37584
37597
37609
37623
37635
37649
37661
37675
37687
37700
37712
37726
37738
37752
37764
37778
37789
37803
37815
37829
37841
37855
37870
37883
37898
37912
37927
37940
37956
37969
37984
37998
38013
38026
38041
38055
38070
38083
38099
38112
38127
38141
38156
38169
38184
38198
38213
38226
38242
38255
38270
38284
38299
38312
38327
38341
38356
38369
38385
38398
38413
38427
38442
38455
38468
38480
38494
38505
38519
38531
38544
38556
38570
38582
38595
38607
38621
38632
38646
38658
38672
38683
38697
38709
38722
38734
38748
38760
38773
38785
38799
38810
38824
38836
38850
38861
38875
38887
38900
38912
38926
38938
38951
38963
38977
38988
39002
39014
39028
39039
39053
39070
39086
39104
39120
39138
39154
39172
39188
39206
39222
39240
39256
39274
39290
39308
39324
39342
39358
39376
39392
39410
39426
39444
39460
39478
39494
39512
39528
39546
39562
39580
39596
39614
39630
39648
39664
39682
39697
39715
39731
39749
39765
39777
39787
39800
39810
39823
39833
39846
39856
39869
39879
39891
39902
39914
39925
39937
39948
39960
39971
39983
39994
40006
40016
40029
40039
40052
40062
40075
40085
40098
40108
40120
40131
40143
40154
40166
40177
40189
40200
40212
40227
40240
40256
40269
40285
40298
40314
40327
40343
40356
40372
40385
40400
40414
40429
40443
40458
40472
40487
40501
40516
40530
40545
40558
40574
40587
40603
40616
40632
40645
40661
40674
40690
40703
40719
40732
40747
40761
40776
40797
40816
40837
40856
40878
40897
40918
40937
40958
40978
40999
41018
41039
41058
41080
41099
41120
41139
41160
41180
41201
41220
41241
41260
41282
41301
41322
41341
41362
41376
41388
41402
41415
41429
41442
41455
41469
41482
41495
41509
41522
41535
41549
41562
41575
41589
41602
41615
41629
41642
41655
41669
41682
41695
41709
41722
41735
41749
41762
41775
41789
41802
41815
41829
41842
41855
41869
41882
41895
41909
41922
41935
41949
41962
41975
41989
42002
42015
42027
42040
42052
42065
42077
42090
42102
42115
42127
42140
42152
42165
42177
42190
42202
42215
42227
42240
42252
42266
42277
42291
42302
42316
42327
42341
42352
42366
42377
42391
42402
42416
42427
42441
42452
42466
42477
42491
42503
42516
42528
42541
42553
42566
42578
42591
42603
42616
42628
42641
42653
42666
42678
42691
42703
42716
42728
42742
42753
42765
42775
42787
42797
42809
42819
42831
42841
42854
42864
42876
42886
42898
42908
42920
42930
42943
42953
42965
42975
42987
42997
43009
43019
43032
43042
43054
43064
43076
43086
43098
43108
43121
43131
43143
43153
43165
43175
43187
43197
43209
43226
43242
43259
43275
43293
43309
43325
43343
43359
43375
43393
43409
43425
43443
43459
43475
43493
43509
43525
43543
43559
43575
43593
43609
43625
43643
43659
43675
43688
43699
43712
43723
43736
43747
43760
43771
43784
43795
43808
43819
43832
43844
43857
43868
43881
43892
43905
43916
43929
43940
43953
43964
43977
43988
44001
44013
44026
44037
44050
44061
44074
44085
44098
44110
44120
44132
44142
44154
44165
44177
44187
44199
44209
44222
44232
44244
44254
44266
44276
44289
44299
44311
44321
44333
44344
44356
44366
44378
44388
44400
44411
44423
44433
44445
44455
44468
44478
44490
44500
44512
44522
44535
44545
44557
44567
44579
44590
44602
44612
44624
44634
44646
44657
44669
44679
44691
44701
44714
44724
44736
44746
44758
44769
44781
44791
44804
44815
44828
44840
44853
44864
44878
44889
44902
44913
44927
44938
44951
44963
44976
44987
45001
45012
45025
45036
45050
45061
45074
45086
45099
45110
45123
45135
45148
45159
45173
45184
45196
45207
45219
45230
45242
45253
45265
45276
45288
45299
45311
45322
45334
45345
45357
45368
45380
45391
45403
45414
45426
45437
45449
45460
45472
45483
45495
45506
45518
45529
45542
45552
45565
45575
45588
45598
45611
45621
45634
45644
45657
45667
45680
45690
45703
45713
45726
45736
45750
45762
45777
45789
45804
45816
45831
45843
45858
45870
45885
45897
45912
45924
45939
45951
45966
45978
45993
46005
46020
46032
46047
46059
46074
46086
46101
46113
46128
46140
46154
46167
46181
46194
46208
46221
46235
46248
46262
46275
46289
46311
46331
46353
46373
46396
46416
46438
46458
46480
46501
46523
46543
46565
46585
46608
46628
46650
46670
46692
46713
46735
46755
46777
46797
46820
46840
46862
46882
46899
46915
46933
46949
46966
46982
47000
47016
47034
47049
47067
47083
47101
47116
47134
47150
47168
47184
47201
47217
47235
47251
47269
47284
47302
47318
47336
47351
47369
47385
47403
47419
47432
47444
47458
47470
47484
47496
47510
47522
47536
47548
47562
47574
47588
47600
47614
47626
47640
47652
47666
47678
47692
47704
47718
47730
47744
47756
47770
47782
47796
47808
47822
47834
47848
47863
47877
47893
47907
47923
47936
47952
47966
47982
47996
48012
48025
48041
48055
48071
48085
48101
48114
48130
48144
48160
48174
48190
48203
48219
48233
48249
48263
48279
48292
48308
48322
48338
48352
48368
48381
48397
48411
48427
48441
48457
48470
48482
48492
48504
48514
48526
48536
48548
48558
48570
48580
48592
48602
48614
48624
48636
48646
48658
48668
48680
48690
48702
48712
48724
48734
48746
48756
48768
48778
48790
48800
48812
48822
48834
48844
48856
48866
48878
48888
48900
48910
48922
48932
48944
48954
48972
48989
49007
49024
49043
49059
49078
49094
49113
49130
49148
49165
49184
49200
49219
49235
49254
49271
49289
49306
49325
49341
49360
49376
49395
49412
49430
49447
49466
49482
49501
49517
49536
49553
49571
49588
49606
49621
49635
49651
49665
49680
49694
49710
49724
49740
49753
49769
49783
49799
49812
49828
49842
49858
49872
49887
49901
49917
49931
49946
49960
49976
49990
50006
50019
50035
50049
50065
50078
50094
50108
50124
50138
50153
50167
50183
50197
50212
50226
50242
50256
50275
50292
50311
50329
50348
50365
50385
50402
50421
50439
50458
50475
50495
50512
50531
50549
50568
50585
50605
50622
50641
50659
50680
50699
50721
50740
50762
50781
50803
50822
50843
50863
50884
50904
50925
50945
50966
50986
51007
51026
51048
51067
51089
51108
51130
51149
51171
51190
51211
51226
51239
51254
51267
51282
51295
51310
51323
51338
51351
51366
51379
51394
51407
51423
51436
51451
51464
51479
51492
51507
51520
51535
51548
51563
51576
51591
51604
51619
51633
51648
51661
51676
51689
51704
51717
51732
51745
51760
51773
51788
51801
51816
51829
51845
51858
51873
51886
51901
51914
51929
51942
51964
51985
52008
52029
52052
52072
52095
52116
52139
52160
52182
52203
52226
52247
52270
52291
52313
52334
52357
52378
52401
52422
52443
52458
52471
52486
52499
52515
52528
52543
52556
52572
52585
52600
52613
52629
52642
52657
52670
52685
52699
52714
52727
52742
52756
52771
52784
52799
52813
52828
52841
52856
52870
52885
52898
52913
52926
52942
52955
52967
52977
52989
52999
53012
53022
53034
53044
53056
53067
53079
53089
53101
53111
53124
53134
53146
53156
53168
53179
53191
53201
53213
53223
53236
53246
53258
53268
53280
53291
53303
53313
53325
53335
53348
53358
53370
53380
53392
53403
53415
53425
53437
53447
53460
53470
53482
53492
53505
53515
53527
53537
53549
53560
53572
53582
53594
53604
53617
53627
53639
53649
53661
53679
53695
53713
53729
53747
53764
53782
53798
53816
53832
53850
53867
53885
53901
53919
53935
53953
53970
53988
54004
54022
54038
54056
54073
54091
54107
54125
54141
54159
54176
54194
54210
54228
54244
54262
54279
54297
54313
54331
54347
54365
54382
54400
54412
54422
54434
54444
54457
54467
54479
54489
54502
54512
54524
54534
54546
54557
54569
54579
54591
54602
54614
54624
54636
54646
54659
54669
54681
54691
54704
54714
54726
54736
54748
54759
54771
54781
54793
54804
54816
54826
54838
54849
54861
54871
54883
54893
54906
54916
54928
54938
54951
54961
54981
54999
55019
55037
55057
55075
55095
55114
55134
55152
55172
55190
55210
55228
55249
55267
55287
55305
55325
55343
55363
55382
55402
55420
55440
55458
55471
55483
55497
55509
55523
55535
55549
55561
55575
55587
55601
55613
55626
55638
55652
55664
55678
55690
55704
55716
55730
55742
55756
55768
55781
55793
55807
55819
55833
55845
55859
55871
55885
55898
55910
55922
55935
55947
55960
55972
55985
55997
56010
56022
56035
56047
56060
56072
56085
56097
56110
56122
56135
56147
56160
56172
56185
56197
56210
56222
56235
56247
56260
56272
56285
56297
56310
56322
56335
56347
56360
56372
56385
56397
56410
56422
56435
56447
56461
56473
56487
56499
56513
56525
56539
56551
56565
56577
56591
56603
56617
56629
56643
56655
56669
56681
56695
56707
56721
56733
56746
56758
56772
56784
56798
56810
56824
56836
56850
56862
56876
56888
56902
56914
56928
56940
56954
56966
56980
56993
57004
57017
57029
57042
57053
57066
57078
57091
57102
57115
57127
57140
57151
57165
57176
57189
57200
57214
57225
57238
57249
57263
57274
57287
57299
57312
57323
57336
57348
57361
57372
57385
57397
57410
57421
57434
57446
57459
57470
57484
57495
57508
57519
57533
57544
57557
57568
57582
57593
57606
57618
57631
57643
57657
57668
57682
57694
57707
57719
57733
57744
57758
57770
57783
57795
57809
57820
57834
57846
57860
57871
57885
57897
57910
57922
57936
57947
57961
57973
57986
57998
58012
58023
58037
58049
58062
58074
58088
58100
58113
58129
58144
58160
58175
58192
58206
58223
58237
58254
58269
58285
58300
58316
58331
58348
58362
58379
58393
58410
58425
58441
58456
58472
58487
58504
58518
58535
58549
58566
58581
58597
58612
58628
58643
58660
58674
58691
58705
58722
58737
58753
58766
58777
58790
58802
58815
58826
58839
58851
58864
58875
58888
58900
58913
58924
58937
58949
58962
58973
58986
58998
59011
59022
59035
59047
59060
59071
59084
59096
59109
59120
59133
59145
59158
59169
59183
59194
59207
59218
59232
59243
59256
59267
59281
59292
59305
59316
59330
59341
59354
59365
59378
59390
59404
59415
59429
59441
59454
59466
59480
59491
59505
59517
59531
59542
59556
59568
59581
59593
59607
59618
59632
59644
59658
59669
59683
59695
59708
59720
59734
59745
59759
59771
59785
59796
59810
59822
59835
59847
59861
59872
59886
59898
59912
59926
59938
59952
59964
59978
59991
60005
60017
60031
60043
60057
60070
60084
60096
60110
60122
60136
60149
60163
60175
60189
60201
60215
60228
60242
60254
60268
60280
60294
60307
60321
60333
60347
60359
60374
60386
60400
60412
60426
60438
60453
60465
60479
60491
60505
60517
60532
60544
60565
60584
60606
60625
60647
60666
60687
60707
60728
60748
60769
60788
60810
60829
60851
60870
60891
60911
60932
60952
60973
60992
61014
61033
61055
61074
61096
61115
61136
61156
61177
61192
61205
61220
61233
61248
61262
61277
61290
61305
61318
61334
61347
61362
61375
61390
61403
61419
61432
61447
61460
61475
61489
61504
61517
61532
61545
61560
61574
61589
61602
61617
61630
61646
61659
61674
61691
61706
61724
61739
61757
61772
61790
61805
61822
61838
61855
61871
61888
61904
61921
61937
61954
61969
61987
62002
62020
62035
62053
62068
62081
62093
62107
62118
62132
62144
62158
62169
62183
62195
62209
62220
62234
62246
62260
62271
62285
62297
62311
62322
62336
62348
62361
62373
62387
62399
62412
62424
62438
62450
62463
62478
62491
62506
62520
62535
62548
62563
62577
62592
62605
62621
62634
62649
62663
62677
62692
62705
62721
62734
62749
62763
62777
62792
62805
62821
62834
62849
62863
62877
62892
62905
62921
62933
62944
62957
62968
62981
62992
63005
63015
63028
63039
63052
63063
63076
63087
63100
63110
63123
63134
63147
63158
63171
63182
63194
63205
63218
63229
63242
63253
63266
63277
63289
63300
63313
63324
63346
63366
63388
63408
63430
63450
63473
63493
63515
63535
63557
63577
63600
63620
63642
63662
63684
63704
63727
63747
63769
63789
63800
63810
63822
63832
63844
63854
63866
63876
63888
63898
63910
63920
63932
63942
63954
63964
63976
63986
63998
64008
64020
64030
64042
64052
64064
64074
64086
64096
64108
64118
64130
64140
64152
64162
64174
64184
64196
64206
64218
64228
64240
64250
64262
64272
64284
64294
64306
64315
64327
64337
64349
64359
64371
64381
64393
64403
64415
64425
64437
64450
64462
64475
64487
64500
64512
64526
64537
64551
64562
64576
64588
64601
64613
64626
64638
64652
64663
64677
64688
64702
64714
64727
64739
64752
64764
64777
64789
64803
64814
64828
64839
64853
64865
64878
64890
64903
64915
64929
64940
64954
64972
64988
65007
65023
65042
65058
65076
65093
65111
65128
65146
65162
65181
65197
65216
65232
65251
65267
65285
65302
65320
65337
65355
65371
65390
65406
65425
65441
65460
65476
65494
65511
65529
65546
65564
65580
65599
65615
65634
65650
65669
65685
65703
65719
65734
65751
65766
65783
65797
65814
65829
65846
65861
65878
65892
65909
65924
65941
65956
65973
65987
66004
66019
66036
66051
66068
66082
66099
66114
66131
66146
66163
66177
66194
66209
66226
66241
66258
66272
66289
66304
66321
66336
66353
66367
66384
66399
66416
66436
66454
66475
66493
66513
66532
66552
66570
66591
66609
66629
66648
66668
66686
66707
66725
66746
66764
66784
66803
66823
66840
66855
66873
66888
66906
66921
66938
66954
66971
66987
67004
67019
67037
67052
67070
67085
67103
67118
67135
67151
67168
67184
67201
67216
67234
67249
67267
67282
67300
67315
67332
67348
67365
67381
67398
67413
67431
67446
67464
67479
67497
67512
67529
67545
67562
67579
67594
67611
67626
67643
67658
67675
67690
67707
67722
67739
67755
67772
67787
67804
67819
67836
67851
67868
67883
67900
67915
67932
67948
67965
67980
67997
68012
68029
68045
68063
68079
68097
68113
68131
68147
68164
68180
68198
68214
68232
68248
68266
68282
68299
68315
68333
68349
68367
68383
68401
68413
68423
68435
68445
68457
68467
68480
68490
68502
68512
68524
68534
68547
68557
68569
68579
68591
68601
68614
68624
68636
68646
68658
68668
68681
68691
68703
68713
68725
68735
68748
68758
68770
68780
68792
68802
68815
68825
68837
68847
68859
68869
68881
68892
68904
68914
68926
68936
68949
68960
68973
68984
68997
69008
69021
69032
69045
69056
69069
69080
69093
69104
69117
69128
69141
69152
69165
69176
69189
69200
69213
69224
69237
69248
69261
69272
69285
69296
69309
69320
69333
69344
69357
69368
69383
69396
69411
69424
69439
69452
69467
69480
69495
69509
69524
69537
69552
69565
69580
69593
69608
69621
69636
69650
69665
69678
69693
69706
69721
69734
69749
69762
69777
69791
69806
69819
69834
69847
69862
69875
69890
69902
69912
69925
69935
69948
69958
69971
69981
69994
70004
70016
70027
70039
70050
70062
70073
70085
70096
70108
70119
70131
70141
70154
70164
70177
70187
70200
70210
70223
70233
70245
70256
70268
70279
70291
70302
70314
70325
70337
70348
70360
70370
70383
70393
70406
70416
70429
70451
70472
70495
70516
70538
70559
70582
70603
70626
70646
70669
70690
70713
70733
70756
70777
70800
70821
70843
70864
70887
70908
70930
70951
70974
70995
71018
71038
71061
71075
71088
71103
71116
71131
71144
71158
71171
71186
71199
71214
71227
71242
71254
71269
71282
71297
71310
71325
71338
71352
71365
71380
71393
71408
71421
71436
71448
71463
71476
71491
71504
71519
71532
71546
71559
71574
71587
71602
71615
71630
71642
71657
71670
71685
71698
71713
71727
71739
71753
71766
71780
71792
71807
71819
71833
71846
71860
71872
71886
71899
71913
71925
71940
71952
71966
71979
71993
72005
72019
72032
72046
72058
72073
72085
72099
72112
72126
72138
72153
72165
72179
72191
72206
72218
72232
72245
72259
72271
72286
72298
72312
72324
72339
72358
72375
72394
72411
72430
72447
72466
72484
72503
72520
72539
72556
72575
72592
72611
72629
72648
72665
72684
72701
72720
72737
72756
72774
72793
72810
72829
72846
72865
72882
72901
72919
72938
72955
72974
72991
73010
73027
73048
73068
73090
73110
73132
73152
73174
73194
73216
73236
73258
73278
73300
73320
73342
73362
73384
73404
73426
73446
73468
73488
73510
73530
73552
73572
73594
73614
73636
73656
73672
73687
73703
73718
73735
73749
73766
73781
73797
73812
73829
73843
73860
73875
73891
73906
73923
73937
73954
73969
73985
74000
74017
74031
74048
74063
74079
74094
74111
74125
74142
74155
74166
74180
74191
74205
74216
74230
74241
74255
74266
74280
74291
74305
74316
74330
74341
74355
74366
74380
74391
74405
74416
74430
74441
74455
74466
74480
74491
74505
74516
74530
74541
74555
74566
74580
74591
74605
74619
74632
74647
74659
74674
74687
74702
74714
74729
74742
74757
74769
74784
74797
74812
74824
74839
74852
74867
74879
74894
74907
74922
74934
74949
74962
74977
74989
75004
75017
75032
75044
75059
75072
75087
75099
75114
75127
75142
75154
75169
75182
75197
75209
75224
75237
75252
75264
75279
75292
75307
75319
75334
75347
75358
75372
75383
75396
75408
75421
75432
75446
75457
75470
75482
75495
75506
75520
75531
75544
75556
75569
75580
75594
75605
75618
75630
75643
75654
75668
75679
75693
75704
75717
75729
75742
75753
75767
75778
75800
75820
75842
75862
75885
75905
75927
75947
75970
75990
76012
76032
76055
76075
76097
76117
76140
76160
76182
76202
76225
76245
76258
76270
76284
76295
76309
76321
76334
76346
76360
76371
76385
76397
76411
76422
76436
76448
76461
76473
76487
76498
76512
76524
76538
76549
76563
76575
76588
76600
76614
76625
76639
76651
76665
76676
76690
76702
76715
76727
76741
76752
76766
76778
76792
76803
76817
76829
76842
76854
76868
76879
76893
76905
76917
76928
76940
76951
76963
76974
76986
76997
77009
77020
77032
77043
77055
77066
77078
77089
77101
77112
77124
77135
77147
77158
77170
77181
77193
77204
77216
77227
77239
77250
77263
77273
77286
77296
77309
77319
77332
77342
77355
77365
77378
77388
77401
77411
77424
77434
77447
77457
77470
77480
77493
77503
77516
77526
77539
77549
77562
77572
77585
77595
77608
77619
77631
77642
77656
77668
77682
77694
77708
77721
77735
77747
77761
77773
77787
77800
77814
77826
77840
77852
77866
77879
77893
77905
77919
77931
77945
77958
77972
77984
77998
78010
78024
78037
78051
78063
78077
78089
78104
78116
78130
78142
78156
78168
78183
78195
78209
78221
78235
78247
78262
78274
78288
78300
78311
78324
78335
78348
78359
78372
78383
78396
78407
78420
78431
78444
78455
78468
78479
78492
78503
78516
78527
78540
78551
78564
78575
78588
78599
78612
78622
78635
78646
78659
78670
78683
78694
78707
78718
78731
78742
78755
78772
78787
78805
78820
78838
78853
78871
78886
78904
78919
78937
78952
78970
78985
79003
79018
79036
79051
79069
79084
79102
79117
79135
79150
79168
79183
79201
79216
79236
79256
79276
79296
79316
79336
79356
79376
79396
79416
79436
79456
79476
79496
79516
79536
79556
79576
79596
79616
79636
79656
79676
79696
79716
79736
79756
79776
79796
79816
79836
79856
79876
79895
79913
79932
79950
79970
79987
80007
80025
80044
80062
80082
80099
80119
80137
80156
80174
80194
80211
80231
80249
80268
80286
80298
80309
80322
80333
80346
80356
80369
80380
80393
80404
80417
80427
80440
80451
80464
80475
80487
80498
80511
80522
80535
80546
80558
80569
80582
80593
80606
80617
80629
80640
80653
80664
80677
80687
80700
80711
80724
80735
80748
80761
80773
80787
80798
80812
80824
80837
80849
80863
80874
80888
80900
80914
80925
80939
80951
80964
80976
80990
81001
81015
81027
81041
81052
81066
81078
81091
81103
81117
81128
81142
81154
81168
81187
81205
81225
81243
81262
81280
81300
81318
81338
81355
81375
81393
81413
81430
81450
81468
81488
81506
81525
81543
81563
81581
81600
81618
81638
81656
81670
81683
81698
81711
81726
81739
81754
81767
81782
81795
81810
81823
81838
81851
81866
81879
81894
81907
81922
81935
81950
81962
81977
81990
82005
82018
82033
82046
82061
82074
82089
82102
82117
82130
82145
82158
82173
82186
82201
82214
82229
82242
82256
82269
82284
82297
82312
82325
82336
82346
82358
82368
82380
82390
82402
82412
82424
82434
82446
82456
82467
82477
82489
82499
82511
82521
82533
82543
82555
82565
82577
82587
82598
82608
82620
82630
82642
82652
82664
82674
82686
82696
82708
82718
82730
82739
82751
82761
82773
82783
82795
82805
82817
82827
82839
82849
82861
82870
82882
82892
82904
82914
82926
82948
82969
82991
83012
83034
83055
83078
83098
83121
83141
83164
83184
83207
83228
83250
83271
83293
83314
83337
83357
83380
83400
83423
83443
83466
83487
83509
83530
83552
83564
83575
83588
83598
83611
83622
83635
83645
83658
83669
83682
83692
83705
83716
83728
83739
83752
83763
83775
83786
83799
83810
83822
83833
83846
83856
83869
83880
83893
83903
83916
83927
83940
83950
83963
83974
83987
83997
84010
84021
84033
84044
84057
84068
84080
84091
84104
84115
84127
84138
84151
84161
84174
84185
84198
84208
84221
84232
84245
84255
84268
84279
84300
84320
84341
84361
84383
84402
84424
84444
84465
84485
84507
84526
84548
84568
84589
84609
84631
84650
84672
84692
84713
84733
84746
84758
84772
84784
84798
84810
84823
84835
84849
84861
84875
84887
84900
84912
84926
84938
84952
84964
84977
84989
85003
85015
85029
85041
85054
85066
85080
85092
85106
85118
85131
85143
85157
85169
85183
85195
85208
85220
85234
85246
85260
85275
85289
85305
85319
85334
85348
85364
85378
85394
85407
85423
85437
85453
85467
85482
85496
85512
85526
85542
85555
85571
85585
85601
85615
85630
85644
85660
85674
85690
85703
85714
85727
85738
85751
85762
85775
85786
85799
85810
85823
85834
85847
85858
85871
85882
85895
85906
85919
85930
85943
85954
85967
85978
85991
86002
86015
86026
86039
86050
86063
86074
86087
86098
86111
86122
86135
86146
86159
86170
86183
86194
86207
86218
86231
86242
86255
86266
86279
86290
86303
86314
86327
86338
86351
86362
86375
86386
86399
86411
86424
86435
86448
86459
86473
86484
86497
86508
86521
86532
86546
86557
86570
86581
86594
86606
86619
86630
86643
86654
86667
86679
86692
86703
86716
86727
86741
86752
86765
86776
86789
86800
86814
86829
86843
86859
86873
86889
86903
86919
86933
86949
86963
86979
86993
87009
87022
87038
87052
87068
87082
87098
87112
87128
87142
87158
87172
87188
87202
87217
87231
87247
87261
87277
87291
87307
87320
87331
87344
87356
87369
87380
87394
87405
87418
87429
87443
87454
87467
87479
87492
87503
87517
87528
87541
87552
87566
87577
87590
87602
87615
87626
87639
87651
87664
87675
87689
87700
87713
87725
87738
87749
87762
87774
87787
87798
87812
87823
87836
87848
87859
87871
87882
87895
87905
87918
87929
87941
87952
87965
87975
87988
87998
88011
88022
88034
88045
88058
88068
88081
88092
88104
88115
88127
88138
88151
88161
88174
88185
88197
88208
88221
88231
88244
88255
88267
88278
88290
88301
88314
88324
88337
88348
88360
88371
88384
88394
88407
88417
88430
88441
88453
88464
88477
88489
88503
88515
88528
88540
88554
88566
88579
88591
88605
88617
88630
88642
88656
88668
88681
88693
88707
88719
88732
88744
88758
88770
88783
88795
88809
88821
88834
88846
88860
88872
88884
88895
88907
88918
88930
88941
88953
88964
88976
88987
88999
89010
89022
89033
89045
89056
89068
89079
89091
89102
89114
89125
89137
89148
89160
89171
89183
89194
89206
89217
89230
89240
89253
89263
89276
89286
89299
89309
89322
89332
89345
89355
89368
89378
89391
89401
89414
89424
89437
89447
89460
89470
89483
89493
89506
89516
89529
89541
89552
89565
89576
89589
89600
89613
89624
89637
89648
89661
89672
89685
89696
89709
89720
89732
89743
89756
89767
89780
89791
89804
89815
89828
89839
89852
89863
89876
89887
89900
89911
89924
89934
89947
89958
89971
89982
89995
90006
90019
90030
90043
90054
90067
90078
90091
90102
90115
90126
90138
90149
90162
90173
90186
90197
90210
90221
90234
90245
90258
90269
90290
90310
90332
90352
90373
90393
90415
90435
90457
90476
90498
90518
90540
90560
90581
90601
90623
90643
90665
90684
90706
90726
90748
90768
90789
90809
90831
90851
90873
90892
90914
90934
90956
90970
90982
90997
91009
91023
91036
91050
91062
91077
91089
91103
91116
91130
91143
91157
91169
91184
91196
91210
91223
91237
91249
91264
91276
91291
91303
91317
91330
91344
91359
91372
91387
91400
91416
91429
91444
91457
91472
91486
91501
91514
91529
91542
91558
91571
91586
91599
91614
91628
91643
91656
91671
91684
91700
91713
91728
91741
91756
91770
91785
91798
91813
91830
91845
91862
91877
91894
91909
91926
91941
91958
91974
91991
92006
92023
92038
92055
92070
92087
92102
92120
92135
92152
92167
92184
92199
92216
92231
92248
92264
92281
92299
92315
92333
92349
92367
92383
92401
92417
92435
92451
92469
92485
92503
92519
92537
92553
92571
92587
92605
92621
92639
92655
92673
92689
92707
92723
92741
92757
92775
92791
92809
92825
92843
92859
92877
92894
92913
92930
92949
92966
92985
93002
93021
93038
93057
93073
93092
93109
93128
93145
93164
93181
93200
93217
93236
93253
93271
93288
93307
93324
93343
93360
93379
93396
93415
93432
93451
93467
93489
93510
93533
93554
93576
93597
93620
93641
93664
93684
93707
93728
93751
93771
93794
93815
93838
93859
93881
93902
93925
93937
93948
93961
93972
93985
93996
94008
94019
94032
94043
94056
94067
94079
94090
94103
94114
94127
94138
94151
94161
94174
94185
94198
94209
94222
94232
94245
94256
94269
94280
94293
94304
94316
94327
94340
94351
94364
94375
94387
94398
94411
94422
94435
94446
94459
94469
94482
94493
94506
94517
94530
94545
94558
94574
94587
94603
94616
94632
94645
94660
94674
94689
94703
94718
94732
94747
94761
94776
94789
94805
94818
94834
94847
94863
94876
94892
94905
94920
94934
94949
94963
94978
94992
95007
95020
95036
95049
95065
95078
95094
95107
95123
95136
95151
95165
95180
95194
95206
95216
95228
95238
95250
95260
95272
95282
95294
95304
95316
95326
95338
95348
95360
95370
95382
95392
95404
95414
95426
95436
95448
95458
95470
95480
95492
95502
95514
95524
95536
95546
95558
95569
95580
95592
95602
95614
95624
95636
95646
95658
95668
95680
95690
95702
95712
95724
95734
95746
95756
95768
95778
95790
95800
95815
95828
95843
95856
95871
95885
95900
95913
95928
95941
95957
95970
95985
95998
96013
96026
96042
96055
96070
96083
96098
96112
96127
96140
96155
96168
96183
96197
96212
96225
96240
96253
96269
96282
96297
96310
96325
96339
96354
96367
96382
96395
96407
96418
96431
96442
96455
96465
96478
96489
96502
96513
96525
96536
96549
96560
96573
96583
96596
96607
96620
96631
96644
96654
96667
96678
96691
96702
96714
96725
96738
96749
96762
96772
96785
96796
96809
96820
96833
96843
96856
96867
96880
96891
96903
96914
96927
96938
96951
96961
96975
96987
97002
97014
97029
97041
97056
97068
97083
97095
97110
97122
97137
97149
97164
97176
97190
97203
97217
97230
97244
97257
97271
97284
97298
97311
97325
97338
97352
97365
97379
97391
97406
97418
97433
97445
97460
97472
97487
97499
97516
97532
97550
97566
97583
97599
97617
97633
97650
97666
97684
97700
97717
97733
97751
97767
97784
97800
97818
97834
97851
97867
97885
97901
97918
97934
97952
97969
97984
98001
98017
98034
98049
98066
98082
98099
98114
98131
98147
98164
98179
98196
98212
98229
98244
98261
98277
98294
98309
98326
98342
98359
98374
98392
98407
98424
98439
98457
98472
98485
98497
98511
98523
98536
98548
98562
98574
98587
98599
98613
98625
98638
98650
98664
98676
98689
98701
98715
98727
98740
98752
98766
98778
98791
98803
98817
98829
98842
98854
98868
98880
98893
98905
98919
98931
98944
98956
98970
98982
98995
99007
99021
99033
99046
99058
99072
99084
99100
99114
99130
99144
99160
99174
99190
99204
99221
99235
99251
99265
99281
99295
99311
99325
99341
99356
99372
99386
99402
99416
99432
99446
99462
99476
99493
99507
99523
99537
99553
99567
99583
99597
99613
99628
99644
99658
99674
99688
99704
99718
99734
99748
99765
99783
99800
99819
99836
99855
99872
99890
99907
99926
99943
99962
99979
99998
100015
100032
100051
100068
100087
100104
100123
100140
100157
100176
100193
100212
100229
100248
