7
13
21
27
35
41
49
55
63
69
77
83
91
97
105
111
119
125
133
139
147
153
161
167
175
181
189
195
202
208
216
222
230
236
244
250
258
264
272
278
286
292
300
306
314
320
328
334
342
348
356
362
370
376
384
390
397
403
411
417
425
431
439
445
453
459
467
473
481
487
495
501
509
515
523
529
537
543
551
557
565
571
579
585
592
598
606
612
620
626
634
640
648
654
662
668
676
682
690
696
704
710
718
724
732
738
746
752
760
766
774
780
787
793
801
807
815
821
829
835
843
849
857
863
871
877
885
891
899
905
913
919
927
933
941
947
955
961
969
975
983
989
997
1004
1012
1018
1026
1032
1040
1046
1054
1060
1068
1074
1083
1089
1097
1103
1111
1117
1125
1131
1139
1145
1153
1159
1168
1174
1182
1188
1196
1202
1210
1216
1224
1230
1238
1245
1253
1259
1267
1273
1281
1287
1295
1301
1309
1315
1324
1330
1338
1344
1352
1358
1366
1372
1380
1386
1394
1400
1409
1416
1421
1428
1433
1440
1445
1452
1457
1464
1469
1476
1481
1489
1494
1501
1506
1513
1518
1525
1530
1537
1542
1549
1554
1561
1567
1574
1579
1586
1591
1598
1603
1610
1615
1622
1627
1634
1640
1647
1652
1659
1664
1671
1676
1683
1688
1695
1700
1707
1712
1720
1725
1732
1737
1744
1749
1756
1761
1768
1773
1780
1785
1792
1798
1805
1810
1817
1822
1829
1834
1841
1846
1853
1858
1865
1871
1878
1883
1890
1895
1902
1907
1914
1919
1926
1931
1938
1943
1951
1956
1963
1968
1975
1980
1987
1992
1999
2004
2011
2016
2023
2030
2035
2042
2047
2054
2059
2067
2072
2079
2084
2091
2096
2104
2109
2116
2121
2128
2133
2141
2146
2153
2158
2165
2170
2178
2183
2190
2195
2202
2207
2215
2220
2227
2232
2239
2244
2252
2257
2264
2269
2276
2281
2289
2294
2301
2306
2313
2318
2326
2331
2338
2343
2350
2355
2362
2368
2375
2380
2387
2392
2399
2405
2412
2417
2424
2429
2436
2442
2449
2454
2461
2466
2473
2479
2486
2491
2498
2503
2510
2516
2523
2528
2535
2540
2547
2553
2560
2565
2572
2577
2584
2590
2597
2602
2609
2614
2621
2627
2634
2639
2646
2651
2658
2663
2670
2675
2683
2688
2696
2701
2709
2714
2722
2727
2734
2740
2747
2753
2760
2766
2773
2779
2786
2791
2799
2804
2812
2817
2825
2830
2838
2843
2850
2856
2863
2869
2876
2882
2889
2895
2902
2908
2915
2920
2928
2933
2941
2946
2954
2959
2967
2972
2979
2985
2992
2998
3005
3011
3018
3024
3031
3036
3044
3049
3057
3062
3070
3075
3083
3088
3096
3101
3108
3114
3121
3127
3134
3140
3147
3153
3160
3165
3173
3178
3186
3191
3199
3204
3212
3217
3224
3230
3237
3243
3250
3256
3263
3269
3276
3282
3289
3294
3302
3307
3315
3320
3328
3333
3341
3346
3353
3359
3366
3372
3379
3385
3392
3398
3405
3410
3418
3423
3431
3436
3444
3449
3457
3462
3470
3475
3482
3488
3495
3501
3508
3514
3521
3527
3534
3539
3547
3552
3560
3565
3573
3578
3586
3591
3598
3606
3612
3620
3626
3634
3640
3648
3654
3662
3668
3676
3682
3691
3697
3705
3711
3719
3725
3733
3739
3747
3753
3761
3767
3775
3782
3790
3796
3804
3810
3818
3824
3832
3838
3846
3852
3860
3867
3875
3881
3889
3895
3903
3909
3917
3923
3931
3937
3945
3951
3958
3964
3971
3977
3984
3990
3997
4003
4010
4016
4023
4029
4036
4042
4049
4055
4062
4068
4075
4081
4088
4094
4101
4107
4114
4120
4127
4133
4140
4146
4153
4159
4166
4172
4179
4185
4192
4198
4205
4211
4218
4224
4231
4237
4244
4250
4257
4263
4270
4276
4283
4289
4296
4302
4309
4315
4322
4328
4335
4341
4348
4354
4361
4367
4374
4380
4387
4393
4400
4406
4413
4419
4426
4432
4439
4445
4452
4458
4465
4471
4478
4484
4491
4497
4504
4510
4517
4523
4530
4536
4543
4549
4556
4562
4569
4575
4582
4588
4595
4601
4608
4614
4621
4627
4634
4640
4647
4653
4660
4666
4673
4679
4686
4692
4699
4705
4712
4718
4725
4731
4738
4744
4752
4758
4766
4772
4781
4787
4795
4801
4809
4816
4824
4830
4838
4844
4853
4859
4867
4873
4881
4888
4896
4902
4910
4916
4925
4931
4939
4945
4954
4960
4968
4974
4982
4989
4997
5003
5011
5017
5026
5032
5040
5046
5054
5061
5069
5075
5083
5089
5098
5104
5112
5118
5126
5133
5140
5146
5154
5160
5168
5174
5182
5188
5196
5201
5209
5215
5223
5229
5237
5243
5251
5257
5264
5270
5278
5284
5292
5298
5306
5312
5320
5325
5333
5339
5347
5353
5361
5367
5375
5381
5389
5394
5402
5408
5416
5422
5430
5436
5444
5450
5457
5463
5471
5477
5485
5491
5499
5506
5512
5520
5526
5534
5540
5548
5554
5562
5568
5576
5582
5590
5596
5604
5610
5618
5624
5632
5638
5646
5652
5660
5666
5674
5680
5688
5694
5702
5708
5716
5722
5730
5736
5744
5750
5758
5764
5772
5778
5786
5792
5800
5806
5814
5820
5828
5834
5842
5848
5856
5862
5870
5876
5884
5890
5898
5904
5912
5918
5926
5932
5940
5946
5954
5960
5968
5974
5982
5988
5996
6002
6010
6016
6024
6030
6037
6043
6051
6056
6064
6070
6078
6083
6091
6097
6105
6110
6118
6124
6132
6137
6145
6151
6159
6164
6172
6178
6186
6191
6199
6205
6213
6218
6226
6232
6239
6245
6253
6259
6266
6272
6280
6286
6293
6299
6307
6313
6320
6326
6334
6340
6347
6353
6361
6367
6374
6380
6388
6394
6401
6407
6415
6421
6428
6434
6442
6447
6455
6461
6469
6474
6482
6488
6496
6501
6509
6515
6523
6528
6536
6542
6550
6555
6563
6569
6577
6582
6590
6596
6604
6609
6617
6623
6630
6636
6644
6650
6657
6663
6671
6677
6684
6690
6698
6704
6711
6717
6725
6731
6738
6744
6752
6758
6765
6771
6779
6785
6792
6798
6806
6812
6819
6825
6833
6839
6847
6853
6861
6867
6875
6881
6890
6896
6904
6910
6918
6924
6932
6938
6946
6953
6961
6967
6975
6981
6989
6995
7003
7010
7018
7024
7032
7038
7046
7052
7060
7066
7075
7081
7089
7095
7103
7109
7117
7123
7132
7138
7146
7152
7160
7166
7174
7180
7188
7195
7203
7209
7217
7223
7231
7237
7245
7252
7260
7266
7274
7280
7288
7295
7300
7307
7312
7319
7324
7331
7336
7343
7348
7355
7360
7368
7373
7380
7385
7392
7397
7404
7409
7416
7421
7428
7433
7440
7446
7453
7458
7465
7470
7477
7482
7489
7494
7501
7506
7513
7519
7526
7531
7538
7543
7550
7555
7562
7567
7574
7579
7586
7591
7599
7604
7611
7616
7623
7628
7635
7640
7647
7652
7659
7664
7671
7677
7684
7689
7696
7701
7708
7713
7720
7725
7732
7737
7744
7750
7757
7762
7769
7774
7781
7786
7793
7798
7805
7810
7817
7822
7830
7835
7842
7847
7854
7859
7866
7871
7878
7883
7890
7897
7903
7910
7916
7924
7929
7937
7943
7950
7956
7964
7969
7977
7983
7990
7996
8004
8009
8017
8023
8030
8036
8044
8049
8057
8063
8070
8076
8084
8089
8097
8103
8110
8116
8124
8129
8137
8143
8150
8156
8164
8169
8177
8183
8190
8196
8204
8209
8217
8223
8230
8236
8244
8249
8257
8263
8270
8276
8284
8290
8298
8304
8312
8318
8326
8332
8340
8346
8354
8360
8368
8374
8382
8388
8396
8401
8409
8415
8423
8429
8437
8443
8451
8457
8465
8471
8479
8485
8493
8499
8507
8513
8521
8527
8534
8540
8548
8554
8562
8568
8576
8582
8590
8596
8604
8610
8618
8624
8632
8638
8646
8652
8660
8666
8673
8679
8687
8693
8701
8707
8715
8721
8729
8735
8743
8749
8757
8763
8771
8777
8785
8791
8799
8804
8812
8818
8826
8832
8840
8846
8853
8858
8866
8871
8879
8884
8892
8897
8905
8910
8917
8923
8930
8936
8943
8949
8956
8962
8969
8974
8982
8987
8995
9000
9008
9013
9021
9026
9033
9039
9046
9052
9059
9065
9072
9078
9085
9090
9098
9103
9111
9116
9124
9129
9137
9142
9149
9155
9162
9168
9175
9181
9188
9194
9201
9206
9214
9219
9227
9232
9240
9245
9253
9258
9265
9271
9278
9284
9291
9297
9304
9310
9317
9322
9330
9335
9343
9348
9356
9361
9369
9374
9381
9387
9394
9400
9407
9413
9420
9426
9433
9438
9445
9450
9457
9463
9470
9475
9482
9487
9494
9500
9507
9512
9519
9524
9532
9537
9544
9549
9556
9561
9569
9574
9581
9586
9593
9599
9606
9611
9618
9623
9630
9636
9643
9648
9655
9660
9667
9673
9680
9685
9692
9697
9705
9710
9717
9722
9729
9734
9742
9747
9754
9759
9766
9772
9779
9784
9791
9796
9803
9809
9816
9821
9828
9833
9841
9846
9853
9858
9865
9870
9878
9883
9890
9895
9902
9907
9915
9920
9927
9932
9939
9945
9952
9957
9964
9969
9976
9982
9989
9994
10001
10006
10014
10019
10026
10031
10038
10043
10051
10056
10063
10068
10075
10080
10088
10093
10100
10105
10112
10118
10125
10130
10137
10142
10149
10155
10162
10167
10174
10179
10187
10192
10199
10204
10211
10216
10224
10229
10236
10241
10248
10254
10261
10266
10273
10278
10285
10291
10298
10303
10310
10315
10322
10328
10335
10340
10347
10352
10360
10365
10372
10377
10384
10391
10396
10404
10409
10417
10422
10430
10435
10443
10448
10455
10461
10468
10474
10481
10487
10494
10500
10507
10512
10520
10525
10533
10538
10546
10551
10559
10564
10571
10577
10584
10590
10597
10603
10610
10616
10623
10628
10636
10641
10649
10654
10662
10667
10675
10680
10687
10693
10700
10706
10713
10719
10726
10732
10739
10744
10752
10757
10765
10770
10778
10783
10791
10796
10803
10809
10816
10822
10829
10835
10842
10848
10855
10860
10868
10873
10881
10886
10894
10899
10907
10912
10919
10925
10932
10938
10945
10951
10958
10964
10971
10976
10984
10989
10997
11002
11010
11015
11023
11028
11035
11041
11048
11054
11061
11067
11074
11080
11087
11092
11100
11105
11113
11118
11126
11131
11139
11144
11151
11157
11164
11170
11178
11184
11192
11198
11207
11213
11221
11227
11236
11242
11250
11256
11265
11271
11279
11285
11293
11300
11308
11314
11322
11329
11337
11343
11351
11358
11366
11372
11380
11386
11395
11401
11409
11415
11424
11430
11438
11444
11453
11459
11467
11473
11482
11488
11496
11502
11510
11517
11525
11531
11539
11546
11554
11560
11568
11575
11583
11589
11597
11603
11612
11618
11626
11632
11641
11647
11655
11661
11670
11676
11684
11690
11699
11705
11713
11719
11727
11734
11742
11748
11756
11763
11771
11777
11785
11792
11800
11806
11814
11820
11829
11835
11843
11849
11858
11864
11872
11878
11887
11893
11901
11907
11916
11922
11930
11936
11944
11951
11957
11964
11970
11978
11983
11991
11997
12004
12010
12017
12023
12031
12036
12044
12050
12057
12063
12071
12076
12084
12089
12097
12103
12110
12116
12124
12129
12137
12143
12150
12156
12163
12169
12177
12182
12190
12196
12203
12209
12216
12222
12230
12235
12243
12249
12256
12262
12270
12275
12283
12288
12296
12302
12309
12315
12323
12328
12336
12342
12349
12355
12362
12368
12376
12381
12389
12395
12402
12408
12415
12421
12429
12434
12442
12448
12455
12461
12469
12474
12481
12486
12494
12499
12507
12512
12520
12525
12533
12538
12545
12551
12558
12564
12571
12577
12584
12590
12597
12602
12610
12615
12623
12628
12636
12641
12649
12654
12661
12667
12674
12680
12687
12693
12700
12706
12713
12718
12726
12731
12739
12744
12752
12757
12765
12770
12777
12783
12790
12796
12803
12809
12816
12822
12829
12834
12842
12847
12855
12860
12868
12873
12881
12886
12893
12899
12906
12912
12919
12925
12932
12938
12945
12950
12958
12963
12971
12976
12984
12989
12997
13002
13009
13015
13022
13028
13035
13041
13048
13054
13061
13066
13074
13079
13087
13092
13100
13105
13113
13118
13125
13131
13138
13144
13151
13157
13164
13170
13177
13182
13190
13195
13203
13208
13216
13221
13229
13234
13241
13247
13254
13260
13267
13273
13280
13286
13293
13298
13306
13311
13319
13324
13332
13337
13345
13350
13357
13363
13370
13376
13383
13390
13395
13403
13408
13416
13421
13428
13434
13441
13447
13454
13460
13467
13472
13480
13485
13493
13498
13506
13511
13518
13524
13531
13537
13544
13550
13557
13562
13570
13575
13583
13588
13595
13601
13608
13614
13621
13627
13634
13639
13647
13652
13660
13665
13673
13678
13685
13691
13698
13704
13711
13717
13724
13729
13737
13742
13750
13755
13763
13768
13775
13781
13788
13794
13801
13806
13814
13819
13827
13832
13840
13845
13852
13858
13865
13871
13878
13884
13891
13896
13904
13909
13917
13922
13930
13935
13942
13948
13955
13961
13968
13974
13981
13986
13994
13999
14007
14012
14019
14025
14032
14038
14045
14051
14058
14063
14071
14076
14084
14089
14097
14102
14109
14115
14122
14128
14135
14141
14148
14153
14161
14166
14174
14179
14186
14192
14199
14205
14212
14218
14225
14230
14238
14243
14251
14256
14264
14269
14276
14282
14289
14297
14303
14311
14317
14325
14331
14339
14345
14353
14359
14367
14373
14381
14387
14395
14401
14409
14415
14423
14429
14437
14443
14451
14457
14465
14471
14479
14485
14493
14499
14507
14513
14521
14527
14535
14541
14549
14555
14563
14569
14577
14583
14591
14597
14605
14611
14619
14625
14633
14639
14647
14653
14661
14667
14675
14681
14689
14696
14704
14710
14718
14724
14732
14738
14746
14753
14758
14766
14771
14779
14784
14792
14797
14805
14810
14817
14823
14830
14836
14843
14849
14856
14862
14869
14875
14882
14887
14895
14900
14908
14913
14921
14926
14934
14939
14946
14952
14959
14965
14972
14978
14985
14991
14998
15004
15011
15016
15024
15029
15037
15042
15050
15055
15063
15068
15076
15081
15088
15094
15101
15107
15114
15120
15127
15133
15140
15146
15152
15159
15165
15172
15178
15185
15191
15198
15204
15211
15216
15224
15229
15237
15242
15250
15255
15263
15268
15276
15281
15288
15294
15301
15307
15314
15320
15327
15333
15340
15346
15352
15359
15365
15372
15378
15385
15391
15398
15404
15411
15416
15424
15429
15437
15442
15450
15457
15462
15470
15475
15482
15488
15495
15500
15508
15513
15520
15526
15533
15538
15546
15551
15558
15564
15571
15576
15584
15589
15596
15602
15609
15614
15622
15627
15634
15640
15647
15652
15660
15665
15672
15678
15685
15690
15698
15703
15710
15716
15723
15728
15736
15741
15748
15754
15761
15766
15774
15779
15786
15792
15799
15804
15812
15817
15824
15830
15837
15842
15850
15855
15862
15868
15875
15880
15888
15893
15900
15906
15913
15918
15926
15931
15938
15944
15951
15956
15964
15969
15976
15982
15989
15994
16002
16007
16014
16020
16027
16032
16040
16045
16052
16058
16065
16070
16078
16083
16090
16096
16103
16108
16116
16121
16128
16134
16141
16146
16154
16159
16166
16172
16179
16184
16192
16197
16204
16210
16217
16222
16230
16235
16242
16248
16255
16260
16268
16273
16280
16286
16293
16298
16306
16311
16319
16324
16331
16337
16344
16349
16357
16362
16369
16375
16382
16387
16395
16400
16407
16412
16419
16424
16431
16436
16443
16448
16455
16460
16467
16473
16480
16485
16492
16497
16504
16509
16516
16521
16528
16533
16541
16546
16553
16558
16565
16570
16577
16582
16589
16594
16601
16607
16614
16619
16626
16631
16638
16643
16650
16655
16662
16667
16674
16680
16687
16692
16699
16704
16711
16716
16723
16728
16735
16740
16748
16753
16760
16765
16772
16777
16784
16789
16796
16801
16808
16814
16821
16826
16833
16838
16845
16850
16857
16862
16869
16874
16881
16887
16894
16899
16906
16911
16918
16923
16930
16935
16942
16947
16955
16960
16967
16972
16979
16986
16992
16999
17005
17012
17018
17025
17031
17038
17044
17051
17057
17065
17070
17078
17083
17091
17096
17104
17109
17117
17122
17130
17136
17143
17149
17156
17162
17169
17175
17182
17188
17195
17201
17209
17214
17222
17227
17235
17240
17248
17253
17261
17266
17274
17279
17287
17293
17300
17306
17313
17319
17326
17332
17339
17345
17352
17358
17366
17371
17379
17384
17392
17397
17405
17410
17418
17423
17431
17437
17444
17450
17457
17463
17470
17476
17483
17489
17496
17502
17509
17515
17523
17528
17536
17541
17549
17554
17562
17567
17575
17580
17588
17594
17601
17607
17614
17620
17627
17633
17640
17646
17653
17659
17667
17672
17680
17685
17693
17698
17706
17713
17719
17726
17732
17740
17745
17753
17758
17766
17772
17779
17785
17793
17798
17806
17811
17819
17825
17832
17838
17846
17851
17859
17864
17872
17878
17885
17891
17899
17904
17912
17917
17925
17931
17938
17944
17952
17957
17965
17970
17978
17984
17991
17997
18005
18010
18018
18023
18031
18037
18044
18050
18057
18063
18071
18076
18084
18090
18097
18103
18110
18116
18124
18129
18137
18143
18150
18156
18163
18169
18177
18182
18190
18196
18203
18209
18216
18222
18230
18235
18243
18249
18256
18262
18269
18275
18283
18288
18296
18302
18309
18315
18322
18328
18336
18341
18349
18356
18362
18370
18376
18384
18390
18398
18404
18412
18417
18425
18431
18439
18445
18453
18459
18467
18473
18481
18486
18494
18500
18508
18514
18522
18528
18536
18542
18549
18555
18563
18569
18577
18583
18591
18597
18605
18611
18618
18624
18632
18638
18646
18652
18660
18666
18674
18680
18687
18693
18701
18707
18715
18721
18729
18735
18743
18749
18755
18763
18769
18777
18783
18791
18797
18805
18811
18818
18824
18832
18838
18846
18852
18860
18866
18874
18880
18887
18893
18901
18907
18915
18921
18929
18935
18943
18949
18955
18963
18971
18977
18985
18991
18999
19006
19014
19020
19028
19034
19043
19049
19057
19063
19071
19077
19086
19092
19100
19106
19114
19121
19129
19135
19143
19149
19158
19164
19172
19178
19186
19192
19201
19207
19215
19221
19229
19236
19244
19250
19258
19264
19272
19279
19287
19293
19301
19307
19316
19322
19330
19336
19344
19351
19359
19365
19373
19379
19387
19394
19402
19408
19416
19422
19431
19437
19445
19451
19459
19465
19474
19480
19488
19494
19502
19509
19517
19523
19531
19537
19546
19552
19560
19566
19574
19580
19589
19595
19603
19609
19617
19624
19632
19638
19646
19652
19661
19667
19675
19681
19689
19695
19704
19710
19718
19724
19732
19739
19747
19753
19761
19767
19775
19782
19790
19796
19804
19810
19819
19825
19833
19841
19847
19855
19861
19869
19875
19883
19889
19897
19903
19911
19917
19925
19931
19939
19945
19953
19959
19967
19974
19982
19988
19996
20002
20010
20016
20024
20030
20038
20044
20052
20058
20066
20072
20080
20086
20094
20100
20108
20115
20123
20129
20137
20143
20151
20157
20165
20171
20179
20185
20193
20199
20207
20213
20221
20227
20235
20241
20249
20256
20264
20270
20278
20284
20292
20298
20306
20312
20320
20326
20334
20340
20348
20354
20362
20368
20376
20382
20390
20397
20405
20411
20419
20425
20433
20439
20447
20453
20461
20467
20475
20481
20489
20495
20503
20509
20517
20523
20530
20535
20542
20547
20554
20559
20566
20571
20578
20583
20591
20596
20603
20608
20615
20620
20627
20632
20639
20644
20652
20657
20664
20669
20676
20681
20688
20693
20700
20705
20713
20718
20725
20730
20737
20742
20749
20754
20761
20766
20773
20779
20786
20791
20798
20803
20810
20815
20822
20827
20834
20840
20847
20852
20859
20864
20871
20876
20883
20888
20895
20901
20908
20913
20920
20925
20932
20937
20944
20949
20956
20962
20969
20974
20981
20986
20993
20998
21005
21010
21017
21023
21029
21036
21041
21048
21053
21060
21065
21072
21077
21084
21090
21097
21102
21109
21114
21121
21126
21133
21138
21145
21151
21158
21163
21170
21175
21182
21187
21194
21199
21206
21212
21219
21224
21231
21236
21244
21250
21258
21264
21273
21279
21287
21293
21302
21308
21316
21322
21330
21337
21345
21351
21359
21366
21374
21380
21388
21394
21403
21409
21417
21423
21432
21438
21446
21452
21460
21467
21475
21481
21489
21496
21504
21510
21518
21524
21533
21539
21547
21553
21562
21568
21576
21582
21591
21597
21605
21611
21619
21626
21634
21640
21648
21655
21663
21669
21677
21683
21692
21698
21706
21712
21721
21727
21735
21741
21749
21756
21764
21770
21778
21785
21793
21799
21807
21813
21822
21828
21836
21842
21851
21857
21865
21871
21879
21886
21894
21900
21908
21915
21923
21929
21937
21944
21952
21958
21966
21972
21981
21987
21995
22001
22010
22016
22024
22030
22038
22045
22051
22058
22064
22071
22077
22084
22090
22097
22103
22110
22116
22123
22129
22136
22142
22149
22155
22162
22168
22175
22181
22188
22194
22201
22207
22214
22220
22227
22233
22240
22246
22253
22259
22266
22272
22279
22285
22292
22298
22305
22311
22318
22324
22331
22337
22344
22350
22357
22363
22370
22376
22383
22389
22396
22402
22409
22415
22422
22428
22435
22441
22448
22454
22461
22467
22474
22480
22487
22493
22500
22506
22513
22519
22526
22532
22539
22545
22552
22558
22565
22571
22578
22584
22591
22597
22604
22610
22617
22623
22630
22636
22643
22649
22657
22662
22670
22675
22683
22689
22696
22702
22709
22715
22723
22728
22736
22741
22749
22755
22762
22768
22775
22781
22789
22794
22802
22807
22815
22820
22828
22834
22841
22847
22854
22860
22868
22873
22881
22886
22894
22900
22907
22913
22920
22926
22934
22939
22947
22952
22960
22966
22973
22979
22986
22992
23000
23005
23013
23018
23026
23031
23039
23045
23052
23058
23065
23071
23079
23084
23092
23097
23105
23111
23118
23124
23131
23137
23145
23150
23158
23163
23171
23177
23184
23190
23197
23204
23210
23218
23223
23231
23237
23245
23250
23258
23264
23272
23277
23285
23291
23299
23304
23312
23318
23326
23331
23339
23345
23353
23358
23366
23372
23380
23385
23393
23399
23407
23412
23420
23426
23434
23439
23447
23453
23461
23466
23474
23480
23488
23493
23501
23507
23515
23520
23528
23534
23542
23547
23555
23561
23568
23574
23582
23588
23595
23601
23609
23615
23622
23628
23636
23642
23649
23655
23663
23669
23676
23682
23690
23696
23703
23709
23717
23723
23730
23736
23744
23750
23757
23763
23771
23777
23784
23792
23798
23806
23812
23820
23827
23835
23841
23849
23855
23864
23870
23878
23884
23892
23898
23907
23913
23921
23927
23935
23942
23950
23956
23964
23970
23979
23985
23993
23999
24007
24013
24022
24028
24036
24042
24050
24057
24065
24071
24079
24085
24093
24100
24108
24114
24122
24128
24137
24143
24151
24157
24165
24172
24180
24186
24194
24200
24208
24215
24223
24229
24237
24243
24252
24258
24266
24272
24280
24286
24295
24301
24309
24315
24323
24330
24338
24344
24352
24358
24367
24373
24381
24387
24395
24401
24410
24416
24424
24430
24438
24445
24453
24459
24467
24473
24482
24488
24496
24502
24510
24516
24525
24531
24539
24545
24553
24559
24567
24573
24581
24587
24595
24602
24610
24616
24624
24630
24638
24645
24652
24660
24666
24674
24680
24688
24695
24702
24710
24716
24724
24730
24738
24745
24752
24760
24766
24774
24780
24788
24795
24802
24810
24816
24824
24830
24838
24845
24852
24860
24866
24874
24880
24888
24895
24902
24910
24916
24924
24930
24938
24945
24952
24960
24966
24974
24980
24988
24995
25002
25010
25016
25024
25030
25038
25045
25052
25059
25064
25071
25076
25083
25088
25095
25100
25107
25112
25120
25125
25132
25137
25144
25149
25156
25161
25168
25173
25181
25186
25193
25198
25205
25210
25217
25222
25229
25234
25242
25247
25254
25259
25266
25271
25278
25283
25290
25295
25302
25308
25315
25320
25327
25332
25339
25344
25351
25356
25363
25369
25376
25381
25388
25393
25400
25405
25412
25417
25424
25430
25437
25442
25449
25454
25461
25466
25473
25478
25485
25491
25498
25503
25510
25515
25522
25527
25534
25539
25546
25552
25558
25565
25570
25577
25582
25589
25594
25601
25606
25613
25619
25626
25631
25638
25643
25650
25655
25662
25667
25674
25680
25687
25692
25699
25704
25711
25716
25723
25728
25735
25741
25748
25753
25760
25765
25772
25777
25784
25789
25796
25802
25808
25815
25820
25827
25833
25840
25845
25852
25858
25865
25870
25877
25883
25890
25895
25902
25908
25915
25920
25927
25933
25940
25945
25952
25958
25965
25970
25977
25983
25990
25995
26002
26008
26015
26020
26027
26033
26040
26045
26052
26058
26065
26070
26077
26083
26090
26095
26102
26108
26115
26120
26127
26133
26140
26145
26152
26158
26165
26170
26177
26183
26190
26195
26202
26208
26215
26220
26227
26233
26240
26245
26252
26258
26265
26270
26277
26283
26290
26295
26302
26308
26315
26320
26327
26334
26339
26346
26351
26358
26364
26371
26376
26383
26388
26395
26401
26408
26413
26420
26425
26432
26438
26445
26450
26457
26462
26469
26475
26482
26487
26494
26499
26507
26512
26519
26524
26531
26536
26544
26549
26556
26561
26568
26573
26581
26586
26593
26598
26605
26610
26618
26623
26630
26635
26642
26647
26655
26660
26667
26672
26679
26685
26692
26697
26704
26709
26716
26722
26729
26734
26741
26746
26753
26759
26766
26771
26778
26783
26790
26796
26803
26808
26815
26820
26827
26833
26840
26845
26852
26857
26865
26870
26877
26882
26889
26894
26902
26907
26914
26919
26926
26931
26939
26944
26951
26956
26963
26968
26976
26981
26988
26993
27000
27006
27013
27018
27025
27030
27037
27043
27050
27055
27062
27067
27074
27080
27087
27092
27099
27104
27111
27117
27124
27129
27136
27141
27148
27154
27161
27166
27173
27178
27186
27191
27198
27203
27210
27216
27224
27230
27238
27244
27252
27258
27266
27272
27280
27286
27294
27299
27307
27313
27321
27327
27335
27341
27349
27355
27363
27369
27377
27383
27391
27396
27404
27410
27418
27424
27432
27438
27446
27452
27460
27466
27474
27480
27488
27493
27501
27507
27515
27521
27529
27535
27543
27549
27557
27563
27571
27577
27585
27590
27598
27604
27612
27618
27626
27632
27640
27646
27654
27660
27668
27674
27682
27687
27695
27701
27709
27715
27723
27729
27737
27743
27751
27757
27765
27771
27779
27784
27792
27798
27805
27810
27817
27822
27830
27835
27842
27847
27855
27860
27867
27872
27879
27885
27892
27897
27904
27910
27917
27922
27929
27935
27942
27947
27954
27959
27967
27972
27979
27984
27992
27997
28004
28009
28016
28022
28029
28034
28041
28047
28054
28059
28066
28072
28079
28084
28091
28096
28104
28109
28116
28121
28129
28134
28141
28146
28153
28159
28166
28171
28178
28184
28191
28196
28203
28209
28216
28221
28228
28233
28241
28246
28253
28258
28266
28271
28278
28283
28290
28296
28303
28308
28315
28321
28328
28333
28340
28346
28353
28358
28365
28370
28378
28383
28390
28395
28403
28408
28415
28420
28427
28433
28440
28445
28452
28458
28465
28470
28477
28483
28490
28495
28502
28507
28515
28520
28527
28532
28540
28545
28552
28557
28564
28570
28577
28582
28589
28595
28602
28607
28614
28620
28627
28632
28639
28644
28652
28657
28664
28669
28676
28682
28690
28696
28704
28710
28717
28723
28731
28737
28745
28751
28759
28764
28772
28778
28786
28792
28800
28805
28813
28819
28827
28833
28841
28847
28854
28860
28868
28874
28882
28888
28896
28901
28909
28915
28923
28929
28937
28942
28950
28956
28964
28970
28978
28984
28991
28997
29005
29011
29019
29025
29033
29038
29046
29052
29060
29066
29074
29079
29087
29093
29101
29107
29115
29121
29128
29134
29142
29148
29156
29162
29169
29175
29183
29189
29197
29203
29211
29216
29224
29230
29238
29244
29252
29258
29265
29271
29279
29285
29293
29299
29306
29312
29320
29326
29334
29340
29348
29353
29361
29367
29375
29381
29389
29395
29402
29408
29416
29422
29430
29436
29443
29449
29457
29463
29471
29477
29485
29490
29498
29504
29512
29518
29526
29532
29539
29546
29552
29560
29565
29573
29579
29587
29592
29600
29606
29613
29619
29627
29633
29640
29646
29654
29659
29667
29673
29681
29686
29694
29700
29707
29713
29721
29727
29734
29740
29748
29753
29761
29767
29775
29780
29788
29794
29801
29807
29815
29821
29828
29834
29842
29847
29855
29861
29869
29874
29882
29888
29895
29901
29909
29915
29922
29928
29936
29941
29949
29955
29963
29968
29976
29982
29989
29995
30003
30009
30016
30022
30030
30035
30043
30049
30057
30062
30070
30076
30083
30089
30097
30103
30110
30116
30124
30129
30137
30143
30151
30156
30164
30170
30177
30183
30191
30197
30204
30210
30218
30223
30231
30237
30245
30250
30258
30264
30271
30277
30285
30291
30298
30304
30312
30317
30325
30331
30339
30344
30352
30358
30365
30371
30379
30385
30392
30398
30406
30411
30419
30425
30433
30438
30446
30452
30460
30466
30474
30480
30488
30494
30502
30508
30516
30522
30530
30536
30544
30550
30558
30564
30572
30578
30586
30592
30600
30607
30615
30621
30629
30635
30643
30649
30657
30663
30671
30677
30685
30691
30699
30705
30713
30719
30727
30733
30741
30747
30755
30762
30770
30776
30784
30790
30798
30804
30812
30818
30826
30832
30840
30846
30854
30860
30868
30874
30882
30888
30896
30902
30911
30917
30925
30931
30939
30945
30953
30959
30967
30973
30981
30987
30995
31001
31009
31015
31023
31030
31035
31043
31048
31056
31061
31069
31074
31082
31087
31095
31100
31108
31113
31121
31126
31134
31139
31147
31152
31160
31165
31173
31178
31186
31191
31199
31204
31212
31217
31224
31230
31237
31243
31250
31256
31263
31269
31276
31282
31289
31295
31302
31308
31315
31321
31328
31334
31341
31347
31354
31360
31367
31373
31380
31386
31393
31399
31406
31411
31419
31424
31432
31437
31445
31450
31458
31463
31471
31476
31484
31489
31497
31502
31510
31515
31523
31528
31536
31541
31549
31554
31562
31567
31575
31580
31588
31593
31600
31606
31613
31619
31626
31632
31639
31645
31652
31658
31665
31671
31678
31684
31691
31697
31704
31710
31717
31723
31730
31736
31743
31749
31756
31762
31769
31775
31782
31787
31795
31800
31808
31813
31821
31826
31834
31839
31847
31852
31860
31865
31873
31878
31885
31891
31898
31904
31912
31917
31925
31930
31938
31944
31951
31957
31964
31970
31978
31983
31991
31997
32004
32010
32017
32023
32031
32036
32044
32049
32057
32063
32070
32076
32084
32089
32097
32102
32110
32116
32123
32129
32136
32142
32150
32155
32163
32169
32176
32182
32189
32195
32203
32208
32216
32221
32229
32235
32242
32248
32256
32261
32269
32274
32282
32288
32295
32301
32308
32314
32322
32327
32335
32341
32348
32354
32361
32367
32375
32380
32388
32393
32401
32407
32415
32421
32429
32435
32443
32450
32458
32464
32472
32478
32487
32493
32501
32507
32515
32522
32530
32536
32544
32550
32559
32565
32573
32579
32587
32594
32602
32608
32616
32622
32631
32637
32645
32651
32659
32665
32674
32680
32688
32694
32702
32709
32717
32723
32731
32737
32746
32752
32760
32766
32774
32781
32789
32795
32803
32809
32818
32824
32832
32838
32846
32853
32861
32867
32875
32881
32890
32896
32904
32910
32918
32924
32933
32939
32947
32953
32961
32968
32976
32982
32990
32996
33005
33011
33019
33025
33033
33040
33048
33054
33062
33068
33077
33083
33091
33097
33105
33112
33118
33126
33132
33139
33145
33153
33159
33166
33172
33180
33186
33194
33199
33207
33213
33221
33226
33234
33240
33248
33254
33261
33267
33275
33281
33288
33294
33302
33308
33316
33321
33329
33335
33343
33348
33356
33362
33370
33376
33383
33389
33397
33403
33410
33416
33424
33430
33438
33443
33451
33457
33465
33470
33478
33484
33492
33497
33505
33511
33519
33525
33532
33538
33546
33552
33559
33565
33573
33579
33587
33592
33600
33606
33614
33619
33627
33633
33641
33647
33654
33660
33668
33674
33681
33687
33695
33701
33709
33714
33722
33728
33736
33741
33749
33755
33763
33769
33776
33782
33790
33796
33803
33809
33817
33823
33831
33836
33844
33850
33858
33863
33871
33877
33885
33890
33898
33904
33912
33918
33925
33931
33939
33945
33952
33958
33966
33972
33980
33985
33993
33999
34007
34012
34020
34026
34034
34040
34047
34053
34061
34067
34074
34080
34087
34093
34101
34107
34113
34121
34127
34133
34141
34147
34153
34161
34167
34173
34181
34187
34193
34201
34207
34213
34221
34227
34233
34241
34247
34253
34261
34267
34273
34281
34287
34293
34301
34307
34313
34321
34327
34333
34341
34347
34353
34361
34367
34373
34381
34387
34393
34401
34407
34413
34421
34427
34433
34441
34447
34453
34461
34467
34473
34481
34487
34493
34501
34507
34513
34521
34527
34533
34541
34547
34553
34561
34567
34573
34581
34587
34593
34601
34607
34613
34621
34627
34633
34641
34647
34653
34660
34666
34673
34679
34686
34692
34700
34705
34713
34718
34726
34731
34739
34745
34752
34758
34765
34771
34779
34784
34792
34797
34805
34810
34818
34824
34831
34837
34844
34850
34858
34863
34871
34876
34884
34889
34897
34903
34910
34916
34923
34929
34937
34942
34950
34955
34963
34968
34976
34982
34989
34995
35002
35008
35016
35021
35029
35034
35042
35047
35055
35061
35068
35074
35081
35087
35095
35100
35108
35113
35121
35126
35134
35140
35147
35153
35160
35166
35174
35179
35187
35192
35200
35205
35213
35219
35226
35232
35239
35245
35253
35258
35266
35271
35279
35284
35292
35298
35305
35311
35318
35324
35332
35337
35345
35350
35357
35363
35370
35376
35383
35389
35397
35402
35410
35415
35423
35428
35436
35442
35449
35455
35462
35468
35476
35481
35489
35494
35502
35507
35515
35521
35528
35534
35541
35547
35555
35560
35568
35573
35581
35586
35594
35600
35607
35613
35620
35626
35634
35639
35647
35652
35660
35665
35673
35679
35686
35692
35699
35705
35713
35718
35726
35731
35739
35744
35752
35758
35765
35771
35778
35784
35792
35797
35805
35810
35818
35823
35831
35837
35844
35850
35857
35863
35871
35876
35884
35889
35896
35901
35909
35914
35921
35927
35934
35940
35947
35952
35960
35965
35972
35978
35985
35991
35998
36003
36011
36016
36023
36029
36036
36042
36049
36054
36062
36067
36075
36080
36087
36093
36100
36105
36113
36118
36126
36131
36138
36144
36151
36156
36164
36169
36177
36182
36189
36195
36202
36207
36215
36220
36228
36233
36240
36246
36253
36259
36266
36271
36279
36284
36291
36297
36304
36310
36317
36322
36330
36335
36342
36348
36355
36361
36368
36373
36381
36386
36393
36399
36406
36412
36419
36424
36432
36437
36445
36450
36457
36463
36470
36475
36483
36488
36496
36501
36508
36514
36521
36526
36534
36539
36547
36552
36559
36565
36572
36577
36585
36590
36598
36603
36610
36616
36623
36629
36636
36641
36649
36654
36661
36667
36674
36680
36687
36693
36701
36707
36713
36721
36727
36733
36741
36747
36753
36761
36767
36773
36781
36787
36793
36801
36807
36813
36821
36827
36833
36841
36847
36853
36861
36867
36873
36881
36887
36893
36901
36907
36913
36921
36927
36933
36941
36947
36953
36961
36967
36973
36981
36987
36993
37001
37007
37013
37021
37027
37033
37041
37047
37053
37061
37067
37073
37081
37087
37093
37101
37107
37113
37121
37127
37133
37141
37147
37153
37161
37167
37173
37181
37188
37194
37202
37208
37216
37222
37229
37235
37243
37249
37257
37263
37270
37276
37284
37290
37298
37304
37311
37317
37325
37331
37339
37345
37352
37358
37366
37372
37380
37386
37393
37399
37407
37413
37421
37427
37434
37440
37448
37454
37462
37468
37476
37481
37489
37495
37503
37509
37517
37522
37530
37536
37544
37550
37558
37563
37571
37577
37585
37591
37599
37604
37612
37618
37626
37632
37640
37645
37653
37659
37667
37673
37681
37686
37694
37700
37708
37714
37722
37728
37735
37741
37749
37755
37763
37769
37776
37782
37790
37796
37804
37810
37817
37823
37831
37837
37845
37851
37858
37864
37872
37878
37886
37892
37899
37905
37913
37919
37927
37933
37940
37946
37954
37960
37968
37974
37981
37987
37995
38001
38009
38015
38023
38028
38036
38042
38050
38056
38065
38071
38079
38085
38094
38100
38108
38114
38123
38129
38137
38143
38152
38158
38166
38172
38180
38187
38195
38201
38209
38216
38224
38230
38238
38245
38253
38259
38267
38274
38282
38288
38296
38303
38311
38317
38325
38331
38340
38346
38354
38360
38369
38375
38383
38389
38398
38404
38412
38418
38427
38433
38441
38447
38456
38462
38470
38476
38484
38491
38499
38505
38513
38520
38528
38534
38541
38547
38555
38561
38569
38575
38583
38589
38597
38603
38611
38617
38625
38631
38639
38645
38653
38659
38667
38673
38681
38686
38694
38700
38708
38714
38722
38728
38736
38742
38750
38756
38764
38770
38778
38784
38792
38798
38806
38812
38820
38826
38833
38839
38847
38853
38861
38867
38875
38881
38889
38895
38903
38909
38917
38923
38931
38937
38945
38951
38959
38965
38973
38978
38986
38992
39000
39006
39014
39020
39028
39034
39042
39050
39056
39064
39070
39078
39084
39092
39098
39106
39112
39120
39126
39134
39140
39148
39155
39163
39169
39177
39183
39191
39197
39205
39211
39219
39225
39233
39239
39247
39253
39261
39268
39276
39282
39290
39296
39304
39310
39318
39324
39332
39338
39346
39352
39360
39366
39374
39381
39389
39395
39403
39409
39417
39423
39431
39437
39445
39451
39459
39465
39473
39480
39485
39493
39498
39506
39511
39519
39524
39532
39537
39545
39550
39558
39563
39571
39576
39584
39589
39597
39602
39610
39615
39623
39628
39636
39641
39649
39654
39662
39667
39674
39680
39687
39693
39700
39706
39713
39719
39726
39732
39739
39745
39752
39758
39765
39771
39778
39784
39791
39797
39804
39810
39817
39823
39830
39836
39843
39849
39856
39861
39869
39874
39882
39887
39895
39900
39908
39913
39921
39926
39934
39939
39947
39952
39960
39965
39973
39978
39986
39991
39999
40004
40012
40017
40025
40030
40038
40043
40050
40056
40063
40069
40076
40082
40089
40095
40102
40108
40115
40121
40128
40134
40141
40147
40154
40160
40167
40173
40180
40186
40193
40199
40206
40212
40219
40225
40232
40237
40245
40250
40258
40263
40271
40276
40284
40289
40297
40302
40310
40317
40322
40330
40335
40343
40348
40356
40361
40369
40374
40382
40387
40395
40400
40408
40413
40421
40426
40434
40439
40447
40452
40460
40465
40473
40478
40486
40491
40499
40504
40512
40517
40525
40530
40538
40543
40550
40556
40563
40569
40576
40582
40589
40595
40602
40608
40615
40621
40628
40634
40641
40647
40654
40660
40667
40673
40680
40686
40693
40699
40706
40712
40719
40725
40732
40738
40745
40751
40758
40766
40772
40780
40786
40794
40800
40808
40814
40822
40829
40837
40843
40851
40857
40865
40871
40879
40885
40894
40900
40908
40914
40922
40928
40936
40942
40950
40957
40965
40971
40979
40985
40993
40999
41007
41013
41022
41028
41036
41042
41050
41056
41064
41070
41078
41085
41093
41099
41107
41113
41121
41127
41135
41141
41149
41156
41164
41170
41178
41184
41192
41198
41206
41212
41221
41227
41235
41241
41249
41255
41263
41269
41277
41284
41292
41298
41306
41312
41320
41326
41334
41340
41349
41355
41363
41369
41377
41383
41391
41397
41405
41412
41420
41426
41434
41440
41448
41454
41462
41468
41477
41483
41491
41497
41505
41512
41518
41525
41531
41539
41544
41552
41558
41565
41571
41578
41584
41592
41597
41605
41611
41618
41624
41631
41637
41645
41650
41658
41664
41671
41677
41684
41690
41698
41703
41711
41717
41724
41730
41737
41743
41751
41756
41764
41770
41777
41783
41790
41796
41804
41809
41817
41823
41830
41836
41843
41849
41857
41862
41870
41876
41883
41889
41896
41902
41910
41915
41923
41929
41936
41942
41949
41955
41963
41968
41976
41982
41989
41995
42002
42008
42016
42021
42029
42035
42042
42048
42055
42061
42069
42074
42082
42088
42095
42101
42108
42114
42122
42127
42135
42141
42148
42154
42161
42167
42175
42180
42188
42194
42201
42207
42215
42220
42228
42233
42241
42247
42254
42260
42268
42273
42281
42286
42294
42300
42307
42313
42321
42326
42334
42339
42347
42353
42360
42366
42374
42382
42388
42396
42402
42411
42417
42425
42431
42440
42446
42454
42460
42469
42475
42483
42489
42498
42504
42512
42518
42527
42533
42541
42547
42556
42562
42570
42576
42585
42591
42599
42605
42613
42620
42628
42634
42642
42649
42657
42663
42671
42678
42686
42692
42700
42707
42715
42721
42729
42736
42744
42750
42758
42765
42773
42779
42787
42794
42802
42808
42816
42823
42831
42837
42845
42851
42860
42866
42874
42880
42889
42895
42903
42909
42918
42924
42932
42938
42947
42953
42961
42967
42976
42982
42990
42996
43005
43011
43019
43025
43034
43040
43048
43054
43062
43069
43076
43082
43089
43095
43102
43108
43116
43121
43129
43134
43142
43147
43155
43161
43168
43174
43181
43187
43194
43200
43208
43213
43221
43226
43234
43239
43247
43253
43260
43266
43273
43279
43286
43292
43300
43305
43313
43318
43326
43332
43339
43345
43352
43358
43365
43371
43379
43384
43392
43397
43405
43410
43418
43424
43431
43437
43444
43450
43457
43463
43471
43476
43484
43489
43497
43502
43510
43516
43523
43529
43536
43542
43549
43556
43562
43569
43575
43582
43588
43595
43601
43608
43614
43621
43627
43635
43640
43648
43653
43661
43666
43674
43679
43687
43692
43700
43706
43713
43719
43726
43732
43739
43745
43752
43758
43765
43771
43779
43784
43792
43797
43805
43810
43818
43823
43831
43836
43844
43849
43857
43863
43870
43876
43883
43889
43896
43902
43909
43915
43922
43928
43936
43941
43949
43954
43962
43967
43975
43980
43988
43993
44001
44007
44014
44020
44027
44033
44040
44046
44053
44059
44066
44072
44079
44085
44093
44098
44106
44111
44119
44124
44132
44137
44145
44150
44158
44164
44171
44177
44184
44190
44197
44203
44210
44216
44224
44230
44238
44244
44252
44258
44266
44272
44279
44285
44293
44299
44307
44313
44321
44327
44335
44341
44348
44354
44362
44368
44376
44382
44390
44396
44404
44410
44417
44423
44431
44437
44445
44451
44459
44465
44473
44479
44486
44492
44500
44506
44514
44520
44528
44534
44542
44548
44555
44561
44569
44575
44583
44589
44597
44603
44611
44617
44624
44630
44638
44644
44652
44658
44666
44672
44680
44686
44693
44699
44707
44713
44721
44727
44735
44741
44749
44755
44762
44768
44776
44782
44790
44796
44804
44810
44818
44824
44831
44837
44845
44851
44859
44865
44873
44879
44887
44893
44900
44906
44914
44920
44928
44934
44942
44948
44956
44962
44969
44975
44983
44989
44997
45003
45011
45017
45025
45031
45038
45044
45052
45058
45066
45072
45080
45086
45094
45100
45108
45114
45122
45128
45136
45142
45150
45157
45165
45171
45179
45185
45193
45199
45207
45213
45221
45228
45236
45242
45250
45256
45264
45270
45278
45284
45293
45299
45307
45313
45321
45327
45335
45341
45349
45355
45364
45370
45378
45384
45392
45398
45406
45412
45420
45427
45435
45441
45449
45455
45463
45469
45477
45483
45491
45498
45506
45512
45520
45526
45534
45540
45548
45554
45563
45569
45577
45583
45591
45597
45605
45611
45619
45625
45634
45640
45648
45654
45662
45668
45676
45682
45690
45697
45705
45711
45719
45725
45733
45739
45747
45753
45761
45768
45776
45782
45790
45796
45804
45810
45818
45824
45833
45839
45847
45853
45861
45867
45875
45882
45890
45896
45904
45910
45919
45925
45933
45939
45947
45954
45962
45968
45976
45982
45991
45997
46005
46011
46019
46026
46034
46040
46048
46054
46063
46069
46077
46083
46091
46097
46106
46112
46120
46126
46134
46141
46149
46155
46163
46169
46178
46184
46192
46198
46206
46213
46221
46227
46235
46241
46250
46256
46264
46270
46278
46285
46293
46299
46307
46313
46322
46328
46336
46342
46350
46356
46365
46371
46379
46385
46393
46400
46408
46414
46422
46428
46437
46443
46451
46457
46465
46472
46480
46486
46494
46500
46509
46515
46523
46529
46537
46544
46552
46558
46566
46572
46581
46587
46595
46601
46609
46615
46624
46631
46636
46644
46649
46657
46662
46670
46675
46682
46688
46695
46701
46708
46714
46721
46727
46734
46739
46747
46752
46760
46765
46773
46778
46786
46791
46798
46804
46811
46817
46824
46830
46837
46843
46850
46855
46863
46868
46876
46881
46889
46894
46901
46907
46914
46920
46927
46933
46940
46946
46953
46958
46966
46971
46979
46984
46992
46997
47005
47010
47017
47023
47030
47036
47043
47049
47056
47062
47069
47074
47081
47086
47093
47098
47106
47111
47118
47123
47130
47135
47143
47148
47155
47160
47167
47172
47180
47185
47192
47197
47204
47209
47217
47222
47229
47234
47241
47246
47254
47259
47266
47271
47278
47283
47291
47296
47303
47308
47315
47320
47328
47333
47340
47345
47352
47357
47365
47370
47377
47382
47389
47394
47402
47407
47414
47419
47426
47431
47439
47444
47451
47456
47463
47468
47476
47481
47488
47493
47500
47505
47513
47518
47525
47530
47537
47542
47550
47555
47562
47567
47574
47579
47587
47592
47599
47604
47611
47616
47624
47629
47636
47641
47648
47653
47661
47666
47673
47678
47685
47690
47698
47703
47710
47715
47722
47727
47735
47740
47747
47752
47759
47764
47771
47777
47784
47790
47798
47803
47811
47816
47824
47830
47837
47843
47851
47856
47864
47869
47877
47883
47890
47896
47904
47909
47917
47922
47930
47936
47943
47949
47957
47962
47970
47975
47983
47989
47996
48002
48010
48015
48023
48028
48036
48042
48049
48055
48063
48068
48076
48081
48089
48095
48102
48108
48115
48121
48129
48134
48142
48148
48155
48161
48168
48174
48182
48187
48195
48201
48208
48214
48221
48227
48235
48240
48248
48254
48261
48267
48274
48280
48288
48293
48301
48307
48314
48320
48327
48333
48341
48346
48354
48360
48367
48373
48380
48386
48394
48399
48407
48413
48420
48426
48433
48439
48447
48452
48460
48465
48473
48479
48486
48492
48500
48505
48513
48518
48526
48532
48539
48545
48553
48558
48566
48571
48579
48585
48592
48598
48606
48611
48619
48624
48631
48636
48644
48649
48657
48662
48670
48675
48683
48688
48695
48701
48708
48714
48721
48727
48734
48740
48747
48753
48760
48765
48773
48778
48786
48791
48799
48804
48812
48817
48824
48830
48837
48843
48850
48856
48863
48869
48876
48882
48889
48894
48902
48907
48915
48920
48928
48933
48941
48946
48954
48959
48966
48972
48979
48985
48992
48998
49005
49011
49018
49024
49030
49037
49043
49050
49056
49063
49069
49076
49082
49089
49094
49102
49107
49115
49120
49128
49133
49141
49146
49154
49159
49166
49172
49179
49185
49192
49198
49205
49211
49218
49224
49230
49237
49243
49250
49256
49263
49269
49276
49282
49289
49294
49302
49307
49315
49320
49328
49333
49341
49346
49354
49359
49366
49373
49378
49385
49391
49398
49403
49411
49416
49423
49429
49436
49441
49448
49454
49461
49466
49474
49479
49486
49492
49499
49504
49511
49517
49524
49529
49537
49542
49549
49555
49562
49567
49574
49580
49587
49592
49600
49605
49612
49618
49625
49630
49638
49643
49650
49655
49663
49668
49675
49681
49688
49693
49701
49706
49713
49718
49726
49731
49738
49744
49751
49756
49764
49769
49776
49781
49789
49794
49801
49807
49814
49819
49827
49832
49839
49844
49852
49857
49864
49870
49877
49882
49890
49898
49904
49912
49918
49926
49932
49940
49946
49954
49960
49968
49974
49982
49988
49997
50003
50011
50017
50025
50031
50039
50045
50053
50059
50067
50073
50081
50087
50096
50102
50110
50116
50124
50130
50138
50144
50152
50158
50166
50172
50180
50186
50195
50201
50209
50215
50223
50229
50237
50243
50251
50257
50265
50271
50279
50285
50294
50300
50308
50314
50322
50328
50336
50342
50350
50356
50364
50370
50378
50384
50393
50399
50407
50413
50421
50427
50435
50441
50449
50455
50463
50469
50477
50483
50492
50498
50506
50512
50520
50526
50534
50540
50548
50554
50562
50568
50576
50582
50591
50597
50605
50611
50619
50625
50633
50639
50647
50653
50661
50667
50675
50681
50690
50696
50704
50710
50717
50723
50731
50737
50744
50750
50758
50764
50772
50777
50785
50791
50799
50804
50812
50818
50826
50832
50839
50845
50853
50859
50866
50872
50880
50886
50894
50899
50907
50913
50921
50926
50934
50940
50948
50954
50961
50967
50975
50981
50988
50994
51002
51008
51016
51021
51029
51035
51043
51048
51056
51062
51070
51076
51083
51089
51097
51103
51110
51116
51124
51130
51138
51143
51151
51157
51165
51171
51178
51184
51192
51198
51205
51211
51219
51225
51233
51241
51247
51255
51261
51269
51275
51283
51289
51297
51303
51311
51317
51325
51331
51339
51345
51353
51359
51367
51373
51381
51387
51395
51401
51409
51415
51423
51429
51437
51443
51451
51457
51465
51471
51479
51485
51493
51499
51507
51513
51521
51527
51535
51541
51549
51555
51564
51570
51578
51584
51592
51598
51606
51612
51620
51626
51634
51640
51648
51654
51662
51668
51676
51682
51690
51696
51704
51710
51718
51724
51732
51738
51746
51752
51760
51766
51774
51780
51788
51794
51802
51808
51816
51822
51830
51836
51844
51850
51858
51864
51872
51878
51887
51893
51901
51907
51915
51921
51929
51935
51943
51949
51957
51963
51971
51977
51985
51991
51999
52005
52013
52019
52027
52033
52041
52047
52055
52061
52069
52075
52083
52089
52097
52103
52111
52117
52125
52131
52139
52145
52153
52159
52167
52173
52180
52185
52192
52197
52204
52209
52217
52222
52229
52234
52241
52246
52253
52259
52266
52271
52278
52283
52290
52296
52303
52308
52315
52320
52327
52332
52340
52345
52352
52357
52364
52369
52376
52382
52389
52394
52401
52406
52413
52419
52426
52431
52438
52443
52450
52455
52463
52468
52475
52480
52487
52492
52499
52505
52512
52517
52524
52529
52536
52542
52549
52554
52561
52566
52573
52578
52586
52591
52598
52603
52610
52615
52623
52628
52635
52640
52647
52652
52659
52665
52672
52677
52684
52689
52696
52701
52709
52714
52721
52726
52733
52738
52746
52751
52758
52763
52770
52775
52782
52788
52795
52800
52807
52812
52819
52824
52832
52837
52844
52849
52856
52861
52869
52874
52881
52886
52893
52898
52905
52911
52918
52923
52930
52935
52942
52947
52955
52960
52967
52972
52979
52984
52992
52997
53004
53009
53016
53021
53028
53034
53041
53046
53053
53058
53065
53071
53078
53083
53090
53095
53102
53109
53115
53123
53128
53136
53142
53149
53155
53163
53168
53176
53182
53189
53195
53203
53209
53216
53222
53230
53235
53243
53249
53256
53262
53270
53275
53283
53289
53296
53302
53310
53316
53323
53329
53337
53342
53350
53356
53363
53369
53377
53382
53390
53396
53404
53409
53417
53423
53430
53436
53444
53449
53457
53463
53470
53475
53482
53487
53495
53500
53507
53512
53519
53525
53532
53537
53544
53550
53557
53562
53569
53574
53582
53587
53594
53599
53607
53612
53619
53624
53631
53637
53644
53649
53656
53662
53669
53674
53681
53686
53694
53699
53706
53711
53719
53724
53731
53736
53743
53749
53756
53761
53768
53774
53781
53786
53793
53798
53806
53811
53818
53823
53831
53836
53843
53848
53855
53861
53868
53873
53880
53886
53893
53898
53905
53910
53918
53923
53930
53935
53943
53948
53955
53960
53967
53973
53980
53985
53992
53997
54005
54010
54017
54022
54030
54035
54042
54047
54054
54060
54067
54072
54079
54085
54092
54097
54104
54109
54117
54122
54129
54134
54142
54147
54154
54159
54166
54172
54179
54184
54191
54197
54204
54209
54216
54224
54230
54238
54244
54252
54258
54266
54272
54280
54286
54294
54300
54308
54314
54322
54328
54336
54342
54350
54356
54364
54370
54378
54384
54392
54398
54406
54412
54420
54426
54434
54440
54448
54454
54462
54468
54476
54482
54490
54496
54504
54510
54518
54524
54532
54538
54546
54552
54560
54566
54574
54580
54588
54594
54602
54608
54616
54622
54630
54636
54644
54650
54658
54664
54672
54678
54686
54692
54700
54706
54714
54720
54728
54734
54742
54748
54756
54762
54770
54776
54784
54790
54798
54804
54812
54818
54826
54832
54840
54846
54854
54860
54867
54872
54879
54884
54891
54897
54904
54909
54916
54921
54929
54934
54941
54946
54953
54959
54966
54971
54978
54983
54991
54996
55003
55008
55015
55021
55028
55033
55040
55045
55053
55058
55065
55070
55077
55083
55090
55095
55102
55107
55115
55120
55127
55132
55139
55145
55152
55157
55164
55169
55177
55182
55189
55194
55201
55207
55214
55219
55226
55231
55239
55244
55251
55256
55263
55269
55276
55281
55288
55293
55301
55306
55313
55318
55325
55331
55338
55343
55350
55355
55363
55368
55375
55381
55388
55394
55401
55407
55413
55420
55426
55433
55439
55445
55452
55458
55465
55471
55477
55484
55490
55497
55503
55509
55516
55522
55529
55535
55541
55548
55554
55561
55567
55573
55580
55586
55593
55599
55605
55612
55618
55625
55631
55637
55644
55650
55657
55663
55669
55676
55682
55689
55695
55701
55708
55714
55721
55727
55733
55740
55746
55753
55759
55765
55772
55778
55785
55791
55797
55804
55810
55817
55823
55829
55836
55842
55849
55855
55861
55868
55874
55881
55887
55893
55900
55906
55913
55919
55925
55932
55938
55945
55951
55957
55964
55970
55977
55983
55989
55996
56002
56009
56015
56021
56028
56034
56041
56047
56053
56060
56066
56073
56079
56085
56092
56098
56105
56111
56117
56124
56130
56137
56143
56149
56156
56162
56169
56175
56181
56188
56194
56201
56207
56213
56220
56226
56233
56239
56245
56252
56258
56265
56272
56277
56284
56290
56297
56302
56310
56315
56322
56328
56335
56340
56348
56353
56360
56366
56373
56378
56386
56391
56398
56404
56411
56416
56424
56429
56436
56442
56449
56454
56461
56467
56474
56479
56487
56492
56499
56505
56512
56517
56525
56530
56537
56543
56550
56555
56563
56568
56575
56581
56588
56593
56601
56606
56613
56619
56626
56631
56639
56645
56653
56659
56667
56673
56681
56687
56695
56701
56709
56715
56723
56729
56737
56744
56752
56758
56766
56772
56780
56786
56794
56800
56808
56814
56822
56828
56836
56842
56850
56857
56865
56871
56879
56885
56893
56899
56907
56913
56921
56927
56935
56941
56949
56955
56963
56970
56978
56984
56992
56998
57006
57012
57020
57026
57034
57040
57048
57054
57062
57068
57076
57083
57091
57097
57105
57111
57119
57125
57133
57139
57147
57153
57161
57167
57175
57181
57189
57196
57204
57210
57218
57224
57232
57238
57246
57252
57260
57266
57274
57280
57288
57294
57302
57309
57316
57322
57329
57335
57342
57348
57356
57361
57369
57374
57382
57388
57395
57401
57408
57414
57422
57427
57435
57440
57448
57453
57461
57467
57474
57480
57487
57493
57501
57506
57514
57519
57527
57533
57540
57546
57553
57559
57567
57572
57580
57585
57593
57598
57606
57612
57619
57625
57632
57638
57646
57651
57659
57664
57672
57678
57685
57691
57698
57704
57711
57717
57725
57730
57738
57743
57751
57757
57764
57770
57777
57783
57791
57796
57804
57809
57817
57823
57830
57836
57843
57849
57856
57862
57870
57875
57883
57888
57896
57902
57909
57915
57922
57928
57936
57941
57949
57954
57962
57967
57975
57981
57988
57994
58001
58007
58015
58020
58028
58033
58041
58047
58054
58060
58067
58073
58081
58086
58094
58099
58107
58112
58120
58126
58133
58139
58146
58154
58160
58168
58174
58183
58189
58197
58203
58211
58218
58226
58232
58240
58246
58255
58261
58269
58275
58284
58290
58298
58304
58312
58319
58327
58333
58341
58347
58356
58362
58370
58376
58384
58391
58399
58405
58413
58420
58428
58434
58442
58448
58457
58463
58471
58477
58485
58492
58500
58506
58514
58521
58528
58536
58542
58550
58557
58565
58571
58579
58585
58594
58600
58608
58614
58622
58629
58637
58643
58651
58658
58666
58672
58680
58686
58695
58701
58709
58715
58723
58730
58736
58744
58750
58758
58764
58772
58778
58786
58791
58799
58805
58813
58819
58827
58833
58841
58847
58854
58860
58868
58874
58882
58888
58896
58902
58910
58915
58923
58929
58937
58943
58951
58957
58965
58971
58979
58984
58992
58998
59006
59012
59020
59026
59034
59040
59047
59053
59061
59067
59075
59081
59089
59095
59103
59108
59116
59122
59130
59136
59144
59150
59158
59164
59172
59177
59185
59191
59199
59205
59213
59219
59227
59233
59240
59246
59254
59260
59268
59274
59282
59288
59296
59301
59308
59314
59321
59327
59335
59340
59348
59353
59361
59367
59374
59380
59387
59393
59401
59406
59414
59420
59427
59433
59440
59446
59454
59459
59467
59472
59480
59486
59493
59499
59507
59512
59520
59525
59533
59539
59546
59552
59559
59565
59573
59578
59586
59592
59599
59605
59612
59618
59626
59631
59639
59644
59652
59658
59665
59671
59679
59684
59692
59697
59705
59711
59718
59724
59731
59737
59745
59750
59758
59764
59771
59777
59784
59790
59798
59803
59811
59816
59824
59830
59837
59843
59851
59856
59864
59869
59877
59883
59890
59896
59903
59909
59917
59922
59930
59936
59943
59949
59956
59962
59970
59975
59983
59988
59996
60002
60009
60015
60023
60028
60036
60041
60049
60055
60062
60068
60075
60081
60089
60094
60102
60108
60115
60121
60128
60133
60140
60145
60152
60158
60165
60170
60177
60182
60190
60195
60202
60207
60214
60220
60227
60232
60239
60244
60252
60257
60264
60269
60276
60282
60289
60294
60301
60306
60314
60319
60326
60331
60338
60344
60351
60356
60363
60368
60376
60381
60388
60393
60400
60406
60413
60418
60425
60430
60438
60443
60450
60455
60462
60468
60475
60480
60487
60492
60500
60505
60512
60517
60524
60530
60537
60542
60549
60554
60562
60567
60574
60579
60586
60592
60599
60604
60611
60616
60624
60629
60636
60641
60648
60654
60661
60666
60673
60678
60686
60691
60698
60703
60710
60716
60723
60728
60735
60740
60748
60753
60760
60766
60773
60779
60786
60792
60798
60805
60811
60818
60824
60830
60837
60843
60850
60856
60862
60869
60875
60882
60888
60894
60901
60907
60914
60920
60926
60933
60939
60946
60952
60958
60965
60971
60978
60984
60990
60997
61003
61010
61016
61022
61029
61035
61042
61048
61054
61061
61067
61074
61080
61086
61093
61099
61106
61112
61118
61125
61131
61138
61144
61150
61157
61163
61170
61176
61182
61189
61195
61202
61208
61214
61221
61227
61234
61240
61246
61253
61259
61266
61272
61278
61285
61291
61298
61304
61310
61317
61323
61330
61336
61342
61349
61355
61362
61368
61374
61381
61387
61394
61400
61406
61413
61419
61426
61432
61438
61445
61451
61458
61464
61470
61477
61483
61490
61496
61502
61509
61515
61522
61530
61536
61544
61550
61559
61565
61573
61579
61587
61594
61602
61608
61616
61623
61631
61637
61645
61651
61660
61666
61674
61680
61688
61695
61703
61709
61717
61724
61732
61738
61746
61752
61761
61767
61775
61781
61789
61796
61804
61810
61818
61825
61833
61839
61847
61853
61862
61868
61876
61882
61891
61897
61905
61911
61919
61926
61934
61940
61948
61954
61963
61969
61977
61983
61992
61998
62006
62013
62018
62025
62030
62037
62042
62049
62054
62061
62067
62074
62079
62086
62091
62098
62103
62110
62115
62123
62128
62135
62140
62147
62152
62159
62164
62171
62176
62184
62189
62196
62201
62208
62213
62220
62225
62232
62238
62245
62250
62257
62262
62269
62274
62281
62286
62294
62299
62306
62311
62318
62323
62330
62335
62342
62347
62355
62360
62367
62375
62381
62389
62395
62403
62409
62417
62423
62431
62437
62445
62451
62459
62465
62473
62479
62487
62493
62501
62507
62515
62521
62529
62535
62543
62549
62557
62563
62571
62577
62585
62591
62599
62605
62613
62619
62627
62633
62641
62647
62655
62661
62669
62675
62683
62689
62697
62703
62711
62717
62725
62731
62739
62745
62753
62759
62767
62773
62781
62787
62795
62801
62809
62815
62823
62829
62837
62843
62851
62857
62865
62871
62879
62885
62893
62899
62907
62913
62921
62927
62935
62941
62949
62955
62963
62969
62977
62983
62991
62997
63005
63011
63019
63025
63033
63039
63047
63053
63061
63067
63075
63081
63089
63095
63103
63109
63117
63123
63131
63137
63145
63151
63159
63165
63173
63179
63187
63193
63201
63207
63214
63219
63226
63231
63238
63244
63251
63256
63263
63268
63276
63281
63288
63293
63300
63306
63313
63318
63325
63330
63337
63343
63350
63355
63362
63367
63375
63380
63387
63392
63399
63405
63412
63417
63424
63429
63436
63442
63449
63454
63461
63466
63474
63479
63486
63491
63498
63504
63511
63516
63523
63528
63536
63541
63548
63553
63560
63565
63573
63578
63586
63591
63599
63604
63612
63617
63625
63630
63638
63643
63651
63656
63664
63669
63677
63682
63690
63695
63703
63708
63716
63721
63729
63734
63742
63747
63755
63760
63768
63773
63781
63786
63793
63799
63806
63812
63819
63825
63832
63838
63845
63851
63858
63864
63871
63877
63884
63890
63897
63903
63910
63916
63923
63929
63936
63942
63949
63955
63962
63968
63975
63981
63988
63994
64001
64007
64014
64020
64027
64033
64039
64046
64052
64059
64065
64072
64078
64085
64091
64098
64104
64111
64117
64124
64130
64137
64143
64150
64156
64163
64169
64176
64182
64189
64195
64202
64208
64215
64221
64228
64234
64241
64247
64254
64260
64267
64273
64279
64286
64292
64299
64305
64312
64318
64325
64331
64338
64344
64351
64357
64364
64370
64377
64383
64390
64396
64403
64409
64416
64422
64429
64435
64442
64448
64455
64463
64469
64477
64484
64492
64498
64507
64513
64521
64528
64536
64542
64551
64557
64565
64571
64580
64586
64594
64601
64609
64615
64624
64630
64638
64645
64653
64659
64667
64674
64682
64688
64697
64703
64711
64718
64726
64732
64741
64747
64755
64761
64770
64776
64784
64791
64799
64805
64814
64821
64826
64834
64839
64846
64852
64859
64864
64872
64877
64885
64890
64897
64903
64910
64915
64923
64928
64936
64941
64948
64954
64961
64966
64974
64979
64986
64992
64999
65005
65012
65017
65025
65030
65037
65043
65050
65056
65063
65068
65076
65081
65088
65094
65101
65106
65114
65119
65127
65132
65139
65145
65152
65157
65165
65170
65178
65183
65190
65196
65203
65208
65216
65221
65229
65234
65241
65247
65254
65259
65267
65272
65279
65285
65292
65298
65305
65310
65318
65323
65330
65336
65343
65349
65356
65361
65369
65374
65381
65387
65394
65399
65407
65412
65420
65425
65432
65438
65445
65450
65458
65463
65471
65478
65484
65492
65498
65506
65512
65520
65526
65534
65540
65548
65554
65562
65568
65576
65582
65590
65596
65604
65610
65618
65624
65632
65638
65646
65652
65660
65666
65673
65679
65687
65693
65701
65707
65715
65721
65729
65735
65743
65749
65757
65763
65771
65777
65785
65791
65799
65805
65813
65819
65827
65833
65841
65847
65855
65861
65868
65874
65882
65888
65896
65902
65910
65916
65924
65930
65938
65944
65952
65958
65966
65972
65980
65986
65994
66000
66008
66014
66022
66028
66036
66042
66050
66056
66063
66069
66077
66083
66091
66097
66105
66111
66119
66125
66133
66139
66147
66153
66161
66167
66175
66181
66189
66195
66203
66209
66217
66223
66231
66237
66245
66251
66258
66264
66272
66278
66286
66292
66300
66306
66314
66320
66328
66334
66342
66348
66356
66362
66370
66376
66384
66391
66396
66403
66409
66416
66421
66429
66434
66441
66447
66454
66459
66467
66472
66479
66485
66492
66497
66505
66510
66517
66523
66530
66535
66543
66548
66555
66561
66568
66573
66581
66586
66593
66599
66606
66611
66619
66624
66631
66637
66644
66649
66657
66662
66669
66675
66682
66687
66695
66700
66707
66713
66720
66725
66733
66738
66745
66751
66758
66763
66771
66776
66783
66789
66796
66801
66809
66814
66821
66827
66834
66839
66847
66852
66859
66865
66872
66877
66884
66890
66897
66902
66910
66915
66922
66928
66935
66940
66948
66953
66960
66966
66973
66978
66986
66991
66998
67004
67011
67016
67024
67029
67036
67042
67049
67054
67062
67067
67074
67081
67086
67093
67098
67105
67110
67117
67123
67130
67135
67142
67147
67154
67159
67166
67172
67179
67184
67191
67196
67203
67208
67216
67221
67228
67233
67240
67245
67252
67257
67265
67270
67277
67282
67289
67294
67301
67307
67314
67319
67326
67331
67338
67343
67350
67356
67363
67368
67375
67380
67387
67392
67399
67405
67412
67417
67424
67429
67436
67441
67449
67454
67461
67466
67473
67478
67485
67490
67498
67503
67510
67515
67522
67527
67534
67540
67547
67552
67559
67564
67571
67576
67583
67589
67596
67601
67608
67613
67620
67625
67632
67638
67645
67652
67657
67664
67669
67676
67681
67688
67693
67701
67706
67713
67718
67725
67730
67737
67742
67749
67755
67762
67767
67774
67779
67786
67791
67798
67803
67811
67816
67823
67828
67835
67840
67847
67852
67859
67865
67872
67877
67884
67889
67896
67901
67908
67913
67921
67926
67933
67938
67945
67950
67957
67962
67969
67975
67982
67987
67994
67999
68006
68011
68018
68024
68031
68036
68043
68048
68055
68060
68067
68072
68080
68085
68092
68097
68104
68109
68116
68121
68128
68134
68141
68146
68153
68158
68165
68170
68177
68182
68190
68195
68202
68207
68214
68219
68226
68231
68238
68244
68251
68256
68263
68268
68275
68280
68287
68292
68300
68305
68312
68317
68324
68329
68336
68343
68348
68355
68360
68368
68373
68380
68385
68393
68398
68405
68410
68418
68423
68430
68435
68442
68448
68455
68460
68467
68473
68480
68485
68492
68498
68505
68510
68517
68523
68530
68535
68542
68547
68555
68560
68567
68572
68580
68585
68592
68597
68605
68610
68617
68622
68629
68635
68642
68647
68654
68660
68667
68672
68679
68685
68692
68697
68704
68710
68717
68722
68729
68734
68742
68747
68754
68759
68767
68772
68779
68784
68792
68797
68804
68809
68816
68822
68829
68834
68841
68847
68854
68859
68866
68872
68879
68884
68891
68897
68904
68909
68916
68921
68929
68934
68941
68946
68954
68959
68966
68971
68979
68984
68991
68996
69004
69009
69016
69021
69028
69034
69042
69048
69056
69062
69070
69076
69084
69090
69098
69104
69112
69118
69126
69132
69140
69146
69154
69160
69168
69174
69182
69188
69196
69202
69210
69216
69223
69229
69237
69243
69251
69257
69265
69271
69279
69285
69293
69299
69307
69313
69321
69327
69335
69341
69349
69355
69363
69369
69377
69383
69391
69397
69405
69411
69418
69424
69432
69438
69446
69452
69460
69466
69474
69480
69488
69494
69502
69508
69516
69522
69530
69536
69544
69550
69558
69564
69572
69578
69586
69592
69600
69606
69613
69619
69627
69633
69640
69646
69653
69659
69666
69672
69680
69685
69693
69698
69706
69711
69719
69725
69732
69738
69745
69751
69758
69764
69772
69777
69785
69790
69798
69803
69811
69817
69824
69830
69837
69843
69850
69856
69864
69869
69877
69882
69890
69895
69903
69909
69916
69922
69929
69935
69942
69948
69956
69961
69969
69974
69982
69987
69995
70001
70008
70014
70021
70027
70034
70040
70048
70053
70061
70066
70074
70079
70087
70093
70100
70106
70113
70119
70126
70132
70140
70145
70153
70158
70166
70171
70179
70185
70192
70198
70205
70210
70217
70222
70229
70234
70241
70246
70254
70259
70266
70271
70278
70283
70290
70295
70302
70308
70315
70320
70327
70332
70339
70344
70351
70357
70364
70369
70376
70381
70388
70393
70400
70405
70413
70418
70425
70430
70437
70442
70449
70454
70461
70467
70474
70479
70486
70491
70498
70503
70510
70516
70523
70528
70535
70540
70547
70552
70559
70564
70572
70577
70584
70589
70596
70601
70608
70613
70621
70626
70633
70638
70645
70650
70657
70662
70669
70675
70682
70687
70694
70699
70706
70711
70718
70723
70731
70736
70743
70748
70755
70760
70767
70772
70780
70785
70792
70797
70804
70809
70816
70821
70828
70834
70841
70849
70855
70863
70869
70878
70884
70892
70898
70906
70913
70921
70927
70935
70941
70950
70956
70964
70970
70978
70985
70993
70999
71007
71013
71022
71028
71036
71042
71050
71057
71065
71071
71079
71085
71094
71100
71108
71114
71122
71129
71137
71143
71151
71157
71166
71172
71180
71186
71194
71201
71209
71215
71223
71229
71238
71244
71251
71257
71265
71271
71278
71284
71292
71298
71306
71311
71319
71325
71333
71339
71346
71352
71360
71366
71374
71379
71387
71393
71401
71407
71414
71420
71428
71434
71442
71447
71455
71461
71469
71475
71482
71488
71496
71502
71510
71515
71523
71529
71537
71542
71550
71556
71564
71570
71577
71583
71591
71597
71605
71610
71618
71624
71632
71638
71645
71651
71659
71665
71673
71678
71686
71692
71700
71706
71714
71720
71728
71734
71742
71748
71756
71762
71771
71777
71785
71791
71799
71805
71813
71819
71827
71834
71842
71848
71856
71862
71870
71876
71884
71890
71899
71905
71913
71919
71927
71933
71941
71947
71955
71962
71970
71976
71984
71990
71998
72004
72012
72018
72027
72033
72041
72047
72055
72061
72069
72075
72084
72090
72098
72104
72112
72118
72126
72132
72140
72147
72155
72161
72169
72175
72183
72189
72197
72203
72212
72218
72226
72232
72240
72246
72254
72260
72268
72275
72283
72289
72297
72303
72311
72317
72325
72332
72338
72346
72352
72359
72365
72373
72379
72387
72392
72400
72406
72414
72420
72427
72433
72441
72447
72455
72460
72468
72474
72482
72487
72495
72501
72509
72515
72522
72528
72536
72542
72550
72555
72563
72569
72577
72583
72590
72596
72604
72610
72618
72623
72631
72637
72645
72650
72658
72664
72672
72678
72685
72691
72699
72705
72713
72718
72726
72732
72740
72746
72753
72759
72767
72773
72781
72786
72794
72800
72808
72813
72821
72827
72835
72841
72848
72854
72862
72868
72876
72881
72889
72895
72903
72909
72916
72922
72930
72936
72943
72949
72957
72963
72971
72976
72984
72990
72998
73004
73011
73017
73025
73031
73039
73044
73052
73058
73066
73072
73079
73085
73093
73099
73106
73112
73120
73126
73134
73139
73147
73153
73161
73167
73174
73180
73188
73195
73200
73208
73213
73221
73226
73234
73239
73247
73252
73259
73265
73272
73278
73285
73291
73298
73304
73311
73316
73324
73329
73337
73342
73350
73355
73363
73368
73375
73381
73388
73394
73401
73407
73414
73420
73427
73433
73440
73445
73453
73458
73466
73471
73479
73484
73492
73497
73504
73510
73517
73523
73530
73536
73543
73549
73556
73561
73569
73574
73582
73587
73595
73600
73608
73613
73621
73626
73633
73639
73646
73652
73659
73665
73672
73678
73685
73690
73698
73703
73711
73716
73724
73729
73737
73742
73749
73755
73762
73768
73775
73781
73788
73794
73801
73807
73814
73819
73827
73832
73839
73845
73853
73858
73866
73872
73880
73885
73893
73899
73906
73912
73920
73926
73933
73939
73947
73952
73960
73966
73974
73979
73987
73993
74000
74006
74014
74020
74027
74033
74041
74046
74054
74060
74068
74073
74081
74087
74094
74100
74108
74114
74121
74127
74135
74140
74148
74154
74162
74167
74175
74181
74188
74194
74202
74208
74215
74221
74229
74234
74242
74248
74256
74261
74269
74275
74282
74288
74296
74302
74309
74315
74323
74328
74336
74342
74350
74355
74363
74369
74376
74382
74390
74396
74403
74409
74417
74422
74430
74436
74444
74449
74457
74463
74470
74476
74484
74490
74497
74503
74511
74516
74524
74530
74538
74543
74551
74557
74564
74570
74578
74584
74592
74597
74605
74611
74619
74625
74632
74638
74646
74652
74660
74666
74673
74679
74687
74693
74701
74707
74713
74721
74727
74735
74741
74748
74754
74762
74768
74776
74782
74788
74796
74802
74810
74816
74823
74829
74837
74843
74851
74857
74863
74871
74877
74885
74891
74898
74904
74912
74918
74926
74932
74938
74946
74952
74960
74966
74973
74979
74987
74993
75001
75007
75013
75021
75027
75035
75041
75048
75054
75062
75068
75076
75082
75088
75096
75102
75110
75116
75123
75129
75137
75143
75151
75157
75163
75171
75177
75185
75191
75198
75204
75212
75218
75226
75232
75238
75246
75252
75260
75266
75273
75279
75287
75293
75301
75307
75313
75321
75327
75335
75341
75348
75354
75362
75368
75376
75382
75388
75396
75402
75410
75417
75422
75430
75435
75443
75448
75455
75461
75468
75474
75481
75487
75494
75499
75507
75512
75520
75525
75533
75538
75545
75551
75558
75564
75571
75577
75584
75589
75597
75602
75610
75615
75622
75628
75635
75641
75648
75654
75661
75666
75674
75679
75687
75692
75700
75705
75712
75718
75725
75731
75738
75744
75751
75756
75764
75769
75777
75782
75790
75795
75802
75808
75815
75821
75828
75833
75841
75846
75854
75859
75867
75872
75879
75885
75892
75898
75905
75911
75918
75923
75931
75936
75944
75949
75957
75962
75969
75975
75982
75988
75995
76001
76008
76013
76021
76026
76034
76039
76046
76052
76059
76065
76072
76078
76085
76090
76098
76103
76111
76116
76124
76129
76136
76142
76149
76155
76162
76168
76175
76180
76188
76193
76201
76206
76213
76219
76226
76232
76239
76245
76252
76257
76265
76270
76278
76283
76291
76299
76305
76313
76319
76327
76333
76341
76347
76355
76361
76370
76376
76384
76390
76398
76404
76412
76418
76426
76432
76440
76447
76455
76461
76469
76475
76483
76489
76497
76503
76511
76517
76526
76532
76540
76546
76554
76560
76568
76574
76582
76588
76596
76603
76611
76617
76625
76631
76639
76645
76653
76659
76667
76673
76682
76688
76696
76702
76710
76716
76724
76730
76738
76744
76752
76759
76767
76773
76781
76787
76795
76801
76809
76815
76823
76830
76838
76844
76852
76858
76866
76872
76880
76886
76894
76900
76909
76915
76923
76929
76937
76943
76951
76957
76965
76971
76979
76986
76994
77000
77008
77014
77022
77028
77036
77042
77050
77056
77065
77071
77079
77085
77093
77099
77107
77113
77121
77127
77135
77142
77150
77156
77164
77170
77177
77183
77190
77196
77204
77209
77217
77223
77230
77236
77244
77249
77257
77263
77270
77276
77283
77289
77297
77302
77310
77316
77323
77329
77337
77342
77350
77356
77363
77369
77376
77382
77390
77395
77403
77409
77416
77422
77430
77435
77443
77449
77456
77462
77470
77475
77483
77488
77496
77502
77509
77515
77523
77528
77536
77542
77549
77555
77563
77568
77576
77581
77589
77595
77602
77608
77616
77621
77629
77635
77642
77648
77656
77661
77669
77674
77682
77688
77695
77701
77709
77714
77722
77728
77735
77741
77749
77754
77762
77768
77775
77781
77788
77794
77802
77807
77815
77821
77828
77834
77842
77847
77855
77861
77868
77874
77881
77887
77895
77900
77908
77914
77921
77927
77935
77940
77948
77954
77961
77967
77974
77980
77988
77993
78001
78007
78014
78020
78028
78033
78041
78047
78054
78060
78068
78075
78080
78087
78092
78099
78104
78111
78116
78123
78129
78136
78141
78148
78153
78160
78165
78172
78177
78185
78190
78197
78202
78209
78214
78221
78226
78233
78239
78246
78251
78258
78263
78270
78275
78282
78287
78295
78300
78307
78312
78319
78324
78331
78336
78343
78349
78356
78361
78368
78373
78380
78385
78392
78397
78405
78410
78417
78422
78429
78434
78441
78446
78453
78459
78466
78471
78478
78483
78490
78495
78502
78507
78515
78520
78527
78532
78539
78544
78551
78556
78563
78569
78576
78581
78588
78593
78600
78605
78612
78617
78625
78630
78637
78642
78649
78654
78661
78666
78673
78678
78686
78691
78698
78703
78710
78715
78722
78727
78734
78740
78747
78752
78759
78764
78771
78776
78783
78788
78796
78801
78808
78813
78820
78825
78832
78837
78844
78850
78857
78862
78869
78874
78881
78886
78893
78900
78905
78912
78918
78925
78930
78937
78943
78950
78955
78962
78968
78975
78980
78988
78993
79000
79005
79013
79018
79025
79030
79038
79043
79050
79056
79063
79068
79075
79081
79088
79093
79100
79106
79113
79118
79125
79131
79138
79143
79151
79156
79163
79168
79176
79181
79188
79193
79201
79206
79213
79219
79226
79231
79238
79244
79251
79256
79263
79269
79276
79281
79288
79294
79301
79306
79314
79319
79326
79331
79339
79344
79351
79356
79364
79369
79376
79382
79389
79394
79401
79407
79414
79419
79426
79432
79439
79444
79451
79457
79464
79469
79477
79484
79489
79496
79501
79509
79514
79521
79526
79534
79539
79546
79551
79559
79564
79571
79576
79583
79589
79596
79601
79608
79614
79621
79626
79633
79639
79646
79651
79658
79664
79671
79676
79683
79688
79696
79701
79708
79713
79721
79726
79733
79738
79746
79751
79758
79763
79770
79776
79783
79788
79795
79801
79808
79813
79820
79826
79833
79838
79845
79851
79858
79863
79870
79875
79883
79888
79895
79900
79908
79913
79920
79925
79933
79938
79945
79950
79957
79963
79970
79975
79982
79988
79995
80000
80007
80013
80020
80025
80032
80038
80045
80050
80057
80062
80070
80075
80082
80087
80095
80100
80107
80112
80120
80125
80132
80137
80145
80150
80157
80162
80169
80175
80182
80187
80194
80200
80207
80212
80219
80225
80232
80237
80244
80249
80257
80262
80269
80274
80282
80287
80294
80299
80307
80312
80319
80324
80332
80337
80344
80349
80356
80361
80368
80373
80380
80385
80392
80397
80405
80410
80417
80422
80429
80434
80441
80446
80453
80458
80465
80471
80478
80483
80490
80495
80502
80507
80514
80519
80526
80532
80539
80544
80551
80556
80563
80568
80575
80580
80587
80592
80600
80605
80612
80617
80624
80629
80636
80641
80648
80653
80661
80666
80673
80678
80685
80690
80697
80702
80709
80714
80721
80727
80734
80739
80746
80751
80758
80763
80770
80775
80782
80787
80795
80800
80807
80812
80819
80824
80831
80836
80843
80848
80856
80861
80868
80873
80880
80885
80892
80897
80904
80909
80917
80923
80931
80937
80946
80952
80960
80966
80974
80981
80989
80995
81003
81009
81018
81024
81032
81038
81046
81053
81061
81067
81075
81081
81090
81096
81104
81110
81118
81125
81133
81139
81147
81153
81162
81168
81176
81182
81190
81197
81205
81211
81219
81225
81234
81240
81248
81254
81262
81269
81277
81283
81291
81297
81306
81312
81320
81326
81334
81341
81349
81355
81363
81369
81378
81384
81392
81398
81406
81413
81421
81427
81435
81442
81450
81456
81464
81470
81479
81486
81491
81498
81503
81511
81516
81523
81528
81535
81541
81548
81553
81560
81565
81573
81578
81585
81590
81597
81603
81610
81615
81622
81627
81635
81640
81647
81652
81659
81665
81672
81677
81684
81689
81697
81702
81709
81714
81721
81727
81734
81739
81746
81751
81759
81764
81771
81776
81783
81789
81796
81801
81808
81813
81821
81826
81833
81838
81845
81851
81858
81863
81870
81875
81883
81888
81895
81900
81907
81913
81920
81925
81932
81937
81945
81950
81957
81962
81969
81975
81982
81987
81994
81999
82007
82012
82019
82024
82031
82037
82044
82049
82056
82061
82069
82074
82081
82086
82093
82099
82106
82111
82118
82123
82131
82136
82143
82148
82155
82161
82168
82173
82180
82185
82193
82198
82205
82210
82217
82223
82230
82235
82242
82247
82255
82260
82267
82272
82279
82285
82292
82297
82304
82310
82317
82322
82329
82334
82342
82347
82354
82359
82366
82372
82379
82384
82391
82396
82404
82409
82416
82421
82428
82434
82441
82446
82453
82458
82466
82471
82478
82484
82491
82496
82504
82509
82516
82522
82529
82534
82542
82547
82554
82560
82567
82572
82580
82585
82592
82598
82605
82610
82618
82623
82630
82636
82643
82648
82656
82661
82668
82674
82681
82687
82694
82699
82707
82712
82719
82725
82732
82737
82745
82750
82757
82763
82770
82775
82783
82788
82795
82801
82808
82813
82821
82826
82833
82839
82846
82851
82859
82864
82871
82877
82884
82889
82897
82902
82910
82915
82922
82928
82935
82940
82948
82953
82960
82966
82973
82978
82986
82991
82998
83004
83011
83016
83024
83029
83036
83042
83049
83054
83062
83067
83074
83080
83087
83092
83100
83105
83112
83118
83125
83130
83138
83143
83151
83156
83163
83169
83176
83181
83189
83194
83201
83207
83214
83219
83227
83232
83239
83245
83252
83257
83265
83270
83277
83283
83290
83295
83303
83308
83315
83321
83328
83333
83341
83346
83353
83361
83367
83375
83381
83389
83395
83403
83410
83418
83424
83432
83438
83446
83452
83461
83467
83475
83481
83489
83495
83503
83510
83518
83524
83532
83538
83546
83552
83561
83567
83575
83581
83589
83595
83603
83609
83618
83624
83632
83638
83646
83652
83660
83667
83675
83681
83689
83695
83703
83709
83718
83724
83732
83738
83746
83752
83760
83767
83775
83781
83789
83795
83803
83810
83816
83823
83829
83836
83842
83849
83855
83862
83868
83875
83881
83888
83894
83901
83907
83914
83920
83927
83933
83940
83946
83953
83959
83966
83972
83979
83985
83993
83998
84006
84011
84019
84024
84032
84037
84045
84050
84058
84063
84071
84076
84084
84089
84097
84102
84110
84115
84123
84128
84136
84141
84149
84154
84162
84168
84175
84181
84188
84194
84201
84207
84214
84220
84227
84233
84241
84247
84255
84260
84268
84274
84282
84288
84296
84301
84309
84315
84323
84329
84336
84342
84350
84356
84364
84370
84377
84383
84391
84397
84405
84411
84418
84424
84432
84438
84446
84451
84459
84465
84473
84479
84487
84492
84500
84506
84514
84520
84527
84533
84541
84547
84555
84561
84568
84574
84582
84588
84596
84602
84609
84615
84623
84629
84637
84642
84650
84656
84664
84670
84678
84683
84691
84697
84705
84711
84719
84724
84732
84738
84746
84752
84759
84765
84773
84779
84787
84793
84800
84806
84814
84820
84828
84833
84841
84847
84855
84861
84869
84874
84882
84888
84896
84902
84910
84915
84923
84929
84937
84943
84950
84956
84964
84970
84978
84984
84991
84997
85005
85011
85019
85025
85032
85038
85046
85052
85060
85065
85073
85079
85086
85092
85100
85106
85114
85120
85128
85134
85142
85148
85156
85162
85170
85176
85184
85190
85198
85204
85212
85217
85225
85231
85239
85245
85253
85259
85267
85273
85281
85287
85295
85301
85309
85315
85323
85329
85337
85343
85350
85356
85364
85370
85378
85384
85392
85398
85406
85412
85420
85426
85434
85440
85448
85454
85462
85468
85476
85482
85489
85495
85503
85509
85517
85523
85531
85537
85545
85551
85559
85565
85573
85579
85587
85593
85601
85607
85615
85620
85628
85634
85642
85648
85656
85662
85670
85676
85684
85690
85698
85704
85712
85718
85726
85732
85740
85746
85754
85759
85767
85773
85781
85787
85795
85801
85809
85815
85823
85829
85837
85843
85851
85857
85865
85871
85879
85885
85892
85898
85906
85912
85920
85926
85934
85941
85946
85953
85958
85965
85970
85977
85982
85990
85995
86002
86007
86014
86019
86026
86031
86039
86044
86051
86056
86063
86068
86075
86080
86088
86093
86100
86105
86112
86117
86124
86129
86137
86142
86149
86154
86161
86166
86173
86178
86186
86191
86198
86203
86210
86215
86222
86227
86234
86240
86247
86252
86259
86264
86271
86276
86283
86289
86296
86301
86308
86313
86320
86325
86332
86338
86345
86350
86357
86362
86369
86374
86381
86387
86394
86399
86406
86411
86418
86423
86430
86436
86443
86448
86455
86460
86467
86472
86479
86485
86492
86497
86504
86509
86516
86521
86528
86534
86540
86547
86552
86559
86564
86571
86576
86583
86590
86595
86602
86607
86614
86619
86626
86632
86639
86644
86651
86656
86663
86668
86676
86681
86688
86693
86700
86705
86712
86718
86725
86730
86737
86742
86749
86754
86762
86767
86774
86779
86786
86791
86798
86803
86811
86816
86823
86828
86835
86840
86847
86853
86860
86865
86872
86877
86884
86889
86897
86902
86909
86914
86921
86926
86933
86939
86946
86951
86958
86963
86970
86975
86982
86988
86995
87000
87007
87012
87019
87024
87032
87037
87044
87049
87056
87061
87068
87074
87081
87086
87093
87098
87105
87110
87118
87123
87130
87135
87142
87147
87154
87159
87167
87172
87179
87184
87191
87196
87203
87209
87216
87221
87228
87233
87240
87245
87253
87258
87265
87270
87277
87282
87289
87295
87302
87307
87314
87319
87326
87331
87338
87344
87351
87356
87363
87368
87375
87380
87388
87393
87400
87405
87412
87417
87424
87431
87437
87445
87450
87458
87464
87472
87477
87485
87491
87499
87504
87512
87518
87526
87531
87539
87545
87552
87558
87566
87572
87579
87585
87593
87599
87606
87612
87620
87626
87633
87639
87647
87652
87660
87666
87674
87679
87687
87693
87701
87706
87714
87720
87728
87733
87741
87747
87754
87760
87768
87774
87781
87787
87795
87801
87808
87814
87822
87828
87835
87841
87849
87854
87862
87868
87876
87881
87889
87895
87903
87908
87916
87922
87930
87935
87943
87949
87956
87962
87970
87976
87983
87989
87997
88003
88010
88016
88024
88030
88037
88043
88051
88056
88064
88070
88078
88083
88091
88097
88105
88110
88118
88125
88131
88139
88145
88152
88158
88166
88172
88180
88185
88193
88199
88207
88213
88220
88226
88234
88240
88247
88253
88261
88267
88275
88280
88288
88294
88302
88308
88315
88321
88329
88335
88342
88348
88356
88362
88370
88375
88383
88389
88397
88403
88410
88416
88424
88430
88438
88443
88451
88457
88465
88470
88478
88484
88492
88498
88505
88511
88519
88525
88533
88538
88546
88552
88560
88565
88573
88579
88587
88593
88600
88606
88614
88620
88628
88633
88641
88647
88655
88660
88668
88674
88682
88688
88695
88701
88709
88715
88723
88728
88736
88742
88750
88756
88763
88770
88776
88784
88789
88797
88803
88811
88816
88824
88830
88838
88843
88851
88857
88865
88870
88878
88884
88892
88897
88905
88911
88919
88924
88932
88938
88946
88951
88959
88965
88973
88978
88986
88992
89000
89005
89013
89019
89027
89032
89040
89046
89054
89059
89067
89073
89081
89086
89094
89100
89108
89113
89121
89127
89135
89140
89148
89154
89162
89167
89175
89181
89189
89194
89202
89208
89216
89221
89229
89235
89243
89248
89256
89262
89270
89275
89283
89289
89297
89302
89310
89316
89324
89329
89337
89343
89351
89356
89364
89370
89378
89383
89391
89397
89405
89410
89418
89424
89432
89437
89445
89451
89459
89464
89472
89478
89486
89491
89499
89505
89513
89518
89526
89532
89540
89545
89553
89559
89567
89572
89580
89586
89594
89599
89607
89613
89621
89626
89634
89640
89648
89653
89661
89667
89675
89681
89689
89695
89703
89709
89717
89724
89732
89738
89746
89752
89760
89766
89774
89781
89789
89795
89803
89809
89817
89823
89831
89838
89846
89852
89860
89866
89874
89880
89888
89895
89903
89909
89917
89923
89931
89937
89945
89952
89960
89966
89974
89980
89988
89994
90002
90009
90017
90023
90031
90037
90045
90051
90059
90066
90074
90080
90088
90094
90102
90108
90116
90123
90131
90137
90145
90151
90159
90165
90173
90180
90188
90194
90202
90208
90216
90222
90230
90237
90245
90251
90259
90265
90273
90279
90287
90294
90302
90308
90316
90322
90330
90336
90344
90351
90359
90365
90373
90379
90387
90393
90401
90408
90416
90422
90430
90436
90444
90450
90458
90465
90473
90479
90487
90493
90501
90507
90515
90522
90530
90536
90544
90550
90558
90564
90572
90579
90587
90593
90601
90608
90614
90622
90628
90636
90642
90650
90656
90664
90670
90678
90684
90692
90698
90706
90712
90720
90726
90734
90740
90748
90754
90762
90768
90776
90781
90789
90795
90803
90809
90817
90823
90831
90837
90845
90851
90859
90865
90873
90879
90887
90893
90901
90907
90915
90921
90929
90935
90943
90949
90956
90962
90970
90976
90984
90990
90998
91004
91012
91018
91026
91032
91040
91046
91054
91060
91068
91074
91082
91088
91096
91102
91110
91116
91124
91130
91137
91143
91151
91157
91165
91171
91179
91185
91193
91199
91207
91213
91221
91227
91235
91241
91249
91255
91262
91267
91275
91280
91287
91293
91300
91305
91313
91318
91326
91331
91338
91344
91351
91356
91364
91369
91377
91382
91389
91395
91402
91407
91415
91420
91427
91433
91440
91446
91453
91458
91466
91471
91478
91484
91491
91497
91504
91509
91517
91522
91529
91535
91542
91547
91555
91560
91568
91573
91580
91586
91593
91598
91606
91611
91619
91624
91631
91637
91644
91649
91657
91662
91670
91675
91682
91688
91695
91700
91708
91713
91720
91726
91733
91739
91746
91751
91759
91764
91771
91777
91784
91790
91797
91802
91810
91815
91822
91828
91835
91840
91848
91853
91861
91866
91873
91879
91886
91891
91899
91904
91912
91917
91924
91930
91937
91942
91950
91955
91963
91968
91975
91981
91988
91993
92001
92009
92015
92023
92029
92038
92044
92052
92058
92067
92073
92081
92087
92095
92102
92110
92116
92124
92131
92139
92145
92153
92159
92168
92174
92182
92188
92197
92203
92211
92217
92225
92232
92240
92246
92254
92261
92269
92275
92283
92289
92298
92304
92312
92318
92327
92333
92341
92347
92356
92362
92370
92376
92384
92391
92399
92405
92413
92420
92428
92434
92442
92448
92457
92463
92471
92477
92486
92492
92500
92506
92514
92521
92529
92535
92543
92550
92558
92564
92572
92578
92587
92593
92601
92607
92616
92622
92630
92636
92644
92651
92659
92665
92673
92680
92688
92694
92702
92709
92717
92723
92731
92737
92746
92752
92760
92766
92775
92781
92789
92795
92803
92810
92818
92824
92832
92839
92847
92853
92861
92867
92874
92879
92887
92892
92900
92905
92912
92918
92925
92931
92938
92944
92951
92956
92964
92969
92977
92982
92989
92995
93002
93008
93015
93021
93028
93033
93041
93046
93054
93059
93066
93072
93079
93085
93092
93098
93105
93110
93118
93123
93131
93136
93143
93149
93156
93162
93169
93175
93182
93187
93195
93200
93208
93213
93220
93226
93233
93239
93246
93252
93259
93264
93272
93277
93285
93290
93297
93303
93310
93316
93323
93329
93336
93341
93349
93354
93362
93367
93374
93380
93387
93393
93400
93406
93413
93418
93426
93431
93439
93444
93451
93456
93463
93468
93475
93480
93487
93492
93500
93505
93512
93517
93524
93529
93536
93541
93549
93554
93561
93566
93573
93578
93585
93590
93597
93603
93610
93615
93622
93627
93634
93639
93646
93652
93659
93664
93671
93676
93683
93688
93695
93701
93708
93713
93720
93725
93732
93737
93744
93749
93757
93762
93769
93774
93781
93786
93793
93798
93806
93811
93818
93823
93830
93835
93842
93847
93854
93860
93867
93872
93879
93884
93891
93896
93903
93909
93916
93921
93928
93933
93940
93945
93952
93958
93965
93970
93977
93982
93989
93994
94001
94006
94014
94019
94026
94031
94038
94043
94050
94055
94063
94068
94075
94080
94087
94092
94099
94104
94112
94117
94124
94129
94136
94141
94148
94153
94160
94166
94173
94178
94185
94190
94197
94202
94209
94215
94222
94227
94234
94239
94246
94251
94258
94263
94271
94276
94283
94288
94295
94300
94307
94312
94320
94325
94332
94337
94344
94349
94356
94361
94369
94374
94381
94386
94393
94400
94405
94413
94418
94426
94431
94439
94444
94452
94457
94465
94470
94478
94483
94491
94496
94504
94509
94517
94522
94530
94535
94543
94548
94556
94561
94569
94574
94582
94587
94595
94600
94608
94613
94621
94626
94633
94639
94646
94652
94659
94665
94672
94678
94685
94691
94698
94704
94711
94717
94724
94730
94737
94743
94750
94756
94763
94769
94776
94782
94789
94795
94802
94808
94815
94821
94828
94834
94841
94847
94854
94860
94867
94873
94879
94886
94892
94899
94905
94912
94918
94925
94931
94938
94944
94951
94957
94964
94970
94977
94983
94990
94996
95003
95009
95016
95022
95029
95035
95042
95048
95055
95061
95068
95074
95081
95087
95094
95100
95107
95113
95119
95126
95132
95139
95145
95152
95158
95165
95171
95178
95184
95191
95197
95204
95210
95217
95223
95230
95236
95243
95249
95256
95262
95269
95275
95282
95287
95294
95299
95306
95312
95319
95324
95331
95336
95343
95349
95356
95361
95368
95373
95380
95386
95393
95398
95405
95410
95417
95423
95430
95435
95442
95447
95455
95460
95467
95472
95479
95484
95492
95497
95504
95509
95516
95521
95529
95534
95541
95546
95553
95558
95566
95571
95578
95583
95590
95595
95603
95608
95615
95620
95627
95633
95640
95645
95652
95658
95666
95672
95680
95686
95694
95700
95708
95714
95721
95727
95735
95741
95749
95755
95763
95769
95777
95783
95790
95796
95804
95810
95818
95824
95832
95838
95846
95852
95859
95865
95873
95879
95887
95893
95901
95907
95915
95921
95928
95934
95942
95948
95956
95962
95970
95976
95984
95990
95997
96003
96011
96017
96025
96031
96039
96045
96053
96059
96066
96072
96080
96086
96094
96100
96108
96114
96122
96128
96135
96141
96149
96155
96163
96169
96177
96183
96191
96197
96204
96210
96218
96224
96232
96238
96246
96252
96260
96266
96273
96279
96287
96293
96301
96307
96315
96321
96329
96335
96342
96348
96356
96362
96370
96376
96384
96390
96398
96404
96411
96417
96425
96431
96439
96445
96453
96459
96467
96473
96480
96487
96493
96501
96506
96514
96520
96527
96533
96541
96546
96554
96560
96567
96573
96581
96586
96594
96600
96607
96613
96621
96626
96634
96640
96648
96653
96661
96667
96674
96680
96688
96693
96701
96707
96714
96720
96728
96733
96741
96747
96754
96760
96768
96773
96781
96787
96795
96800
96808
96814
96821
96827
96835
96840
96848
96854
96861
96867
96875
96880
96888
96894
96901
96907
96915
96920
96928
96934
96942
96947
96955
96961
96968
96974
96982
96987
96995
97001
97008
97014
97022
97027
97035
97041
97048
97054
97062
97067
97075
97081
97089
97094
97102
97108
97115
97121
97129
97134
97142
97148
97155
97161
97169
97174
97182
97188
97195
97201
97209
97214
97222
97228
97236
97241
97249
97255
97262
97268
97276
97281
97289
97295
97302
97308
97316
97321
97329
97335
97342
97348
97356
97361
97369
97375
97382
97388
97395
97401
97409
97414
97422
97427
97435
97441
97448
97454
97461
97467
97475
97480
97488
97493
97501
97507
97514
97520
97527
97533
97541
97546
97554
97559
97567
97573
97580
97586
97593
97599
97607
97612
97620
97625
97633
97639
97646
97652
97659
97665
97673
97678
97686
97692
97699
97705
97712
97718
97726
97731
97739
97744
97752
97758
97765
97771
97778
97784
97792
97797
97805
97810
97818
97824
97831
97837
97844
97850
97858
97863
97871
97876
97884
97890
97897
97903
97910
97916
97924
97929
97937
97942
97950
97957
97962
97970
97975
97983
97988
97996
98001
98009
98014
98022
98027
98035
98040
98048
98053
98061
98066
98073
98079
98086
98092
98099
98105
98112
98118
98125
98131
98138
98144
98151
98157
98164
98170
98177
98183
98190
98195
98203
98208
98216
98221
98229
98234
98242
98247
98255
98260
98268
98273
98281
98286
98294
98302
98308
98316
98322
98330
98337
98345
98351
98359
98365
98373
98380
98388
98394
98402
98408
98416
98423
98431
98437
98445
98451
98459
98466
98474
98480
98488
98494
98502
98509
98517
98523
98531
98537
98545
98552
98560
98566
98574
98580
98588
98595
98603
98609
98617
98623
98631
98638
98646
98652
98660
98666
98674
98681
98689
98695
98703
98709
98717
98724
98732
98738
98746
98752
98760
98767
98775
98781
98789
98795
98803
98810
98818
98824
98832
98838
98846
98853
98861
98868
98873
98881
98886
98894
98899
98907
98912
98920
98925
98933
98938
98946
98951
98959
98964
98972
98977
98984
98990
98997
99003
99010
99016
99023
99029
99036
99042
99049
99055
99062
99068
99075
99081
99088
99094
99101
99106
99114
99119
99127
99132
99140
99145
99153
99158
99166
99171
99179
99184
99192
99197
99205
99210
99217
99223
99230
99236
99243
99249
99256
99262
99269
99275
99282
99288
99295
99301
99308
99314
99321
99327
99334
99339
99347
99352
99360
99365
99373
99378
99386
99391
99399
99406
99411
99419
99424
99432
99437
99445
99450
99458
99463
99471
99476
99484
99489
99497
99502
99509
99515
99522
99528
99535
99541
99548
99554
99561
99567
99574
99580
99587
99593
99600
99606
99613
99618
99626
99631
99639
99644
99652
99657
99665
99670
99678
99683
99691
99696
99704
99709
99716
99722
99729
99735
99742
99748
99755
99761
99768
99774
99781
99787
99794
99800
99807
99813
99820
99825
99833
99838
99846
99851
99859
99864
99872
99877
99885
99890
99898
99903
99911
99916
99923
99929
99936
99942
99949
99955
99962
99968
99975
99981
99988
99994
100001
100007
100014
100020
100027
100032
100040
100045
100053
100058
100066
100071
100079
100084
100092
100097
100105
100110
100118
100123
100130
100136
100143
100149
100156
100162
100169
100175
100182
100188
100195
100201
100208
100214
100221
