11
21
33
43
55
65
77
87
99
108
120
130
142
152
164
174
186
196
208
217
229
239
251
261
273
283
295
305
317
326
338
348
360
370
382
392
404
414
426
435
447
457
466
477
486
497
506
517
526
537
546
557
565
576
585
596
605
616
625
636
645
656
665
675
684
695
704
715
724
735
744
755
764
775
783
794
803
814
823
834
843
854
863
874
883
893
902
913
922
933
942
953
962
973
982
993
1001
1012
1022
1031
1042
1050
1061
1070
1080
1089
1100
1109
1119
1128
1139
1147
1158
1167
1178
1186
1197
1206
1216
1225
1236
1245
1255
1264
1275
1283
1294
1303
1313
1322
1333
1342
1352
1361
1372
1380
1391
1400
1411
1419
1430
1439
1449
1458
1469
1478
1488
1497
1508
1516
1527
1536
1546
1555
1566
1575
1585
1592
1598
1605
1611
1618
1624
1632
1637
1645
1650
1658
1664
1671
1677
1684
1690
1698
1703
1711
1716
1724
1729
1737
1743
1750
1756
1763
1769
1777
1782
1790
1795
1803
1809
1816
1822
1829
1835
1843
1848
1856
1861
1869
1874
1882
1888
1895
1901
1908
1914
1922
1927
1935
1940
1948
1954
1961
1967
1974
1980
1987
1993
2001
2006
2014
2019
2027
2033
2040
2046
2053
2059
2067
2072
2080
2085
2093
2099
2106
2116
2125
2136
2145
2156
2165
2176
2185
2196
2205
2216
2225
2236
2245
2256
2265
2276
2285
2296
2305
2315
2324
2335
2344
2355
2364
2375
2384
2395
2404
2415
2424
2435
2444
2455
2464
2475
2484
2495
2504
2514
2523
2534
2543
2554
2563
2574
2583
2594
2603
2614
2623
2634
2643
2654
2663
2674
2683
2694
2703
2713
2722
2733
2742
2753
2762
2773
2782
2793
2802
2813
2822
2833
2842
2853
2862
2870
2880
2888
2898
2905
2915
2923
2933
2941
2951
2958
2968
2976
2986
2994
3004
3011
3021
3029
3039
3047
3057
3064
3074
3082
3092
3100
3110
3117
3127
3135
3145
3153
3163
3170
3180
3188
3198
3206
3216
3223
3233
3241
3251
3259
3269
3276
3286
3294
3304
3312
3321
3329
3339
3347
3357
3365
3374
3382
3392
3400
3410
3418
3427
3435
3445
3453
3463
3471
3479
3485
3494
3500
3509
3515
3524
3530
3539
3545
3554
3560
3569
3575
3584
3590
3599
3605
3614
3620
3629
3635
3644
3650
3659
3665
3674
3680
3689
3695
3704
3710
3719
3725
3734
3740
3749
3755
3764
3770
3779
3785
3794
3800
3809
3815
3824
3830
3839
3845
3854
3860
3869
3875
3884
3890
3899
3905
3914
3920
3929
3935
3944
3950
3959
3965
3974
3980
3989
3995
4004
4010
4019
4025
4034
4040
4049
4055
4064
4070
4079
4085
4094
4105
4115
4126
4136
4147
4157
4168
4178
4189
4199
4210
4220
4231
4241
4252
4262
4273
4283
4294
4304
4315
4325
4336
4346
4357
4367
4378
4388
4399
4409
4420
4430
4441
4451
4462
4472
4483
4493
4504
4514
4525
4535
4546
4556
4567
4577
4588
4598
4609
4619
4630
4640
4651
4661
4672
4682
4693
4700
4706
4714
4720
4728
4733
4741
4747
4755
4761
4769
4774
4782
4788
4796
4802
4810
4815
4823
4829
4837
4843
4851
4856
4864
4870
4878
4884
4892
4897
4905
4911
4919
4925
4933
4938
4946
4952
4960
4966
4974
4979
4987
4993
5001
5007
5015
5020
5028
5034
5042
5048
5055
5061
5069
5075
5083
5089
5096
5102
5110
5116
5124
5130
5137
5143
5151
5157
5165
5171
5178
5184
5192
5198
5206
5212
5219
5225
5233
5239
5247
5253
5260
5266
5274
5281
5286
5293
5298
5305
5310
5317
5322
5329
5334
5341
5346
5353
5358
5365
5370
5377
5382
5389
5394
5401
5406
5414
5419
5426
5431
5438
5443
5450
5455
5462
5467
5474
5479
5486
5491
5498
5503
5510
5515
5522
5527
5534
5539
5547
5552
5559
5564
5571
5576
5583
5588
5595
5600
5607
5612
5619
5624
5631
5636
5643
5648
5655
5660
5667
5672
5680
5685
5692
5697
5704
5709
5716
5721
5728
5733
5740
5745
5752
5757
5764
5769
5776
5781
5788
5793
5800
5805
5813
5818
5825
5830
5837
5848
5857
5869
5878
5889
5899
5910
5919
5931
5940
5951
5961
5972
5981
5993
6002
6014
6023
6034
6044
6055
6064
6076
6085
6096
6106
6117
6126
6138
6147
6158
6168
6179
6189
6200
6209
6221
6230
6241
6251
6262
6271
6283
6292
6303
6313
6324
6333
6345
6354
6366
6375
6386
6396
6407
6416
6428
6437
6448
6458
6469
6478
6490
6499
6510
6520
6531
6541
6552
6561
6573
6582
6592
6601
6612
6621
6632
6641
6651
6660
6671
6680
6691
6700
6710
6719
6730
6739
6750
6759
6769
6778
6789
6798
6809
6818
6828
6837
6848
6857
6868
6877
6887
6896
6907
6916
6927
6936
6946
6955
6966
6975
6986
6995
7005
7014
7026
7036
7048
7059
7071
7081
7094
7104
7116
7127
7139
7149
7162
7172
7184
7195
7207
7217
7230
7240
7252
7263
7275
7285
7298
7308
7320
7330
7343
7353
7365
7376
7388
7398
7411
7421
7433
7444
7456
7466
7479
7489
7501
7512
7524
7534
7547
7557
7569
7580
7592
7602
7614
7625
7637
7647
7660
7670
7682
7693
7700
7705
7713
7718
7725
7731
7738
7743
7751
7756
7764
7769
7776
7782
7789
7794
7802
7807
7815
7820
7827
7833
7840
7845
7853
7858
7866
7871
7878
7884
7891
7896
7904
7909
7917
7922
7929
7935
7942
7947
7955
7960
7968
7973
7980
7986
7993
7998
8006
8011
8019
8024
8031
8037
8044
8049
8057
8062
8069
8075
8082
8088
8095
8100
8108
8113
8120
8126
8133
8139
8146
8151
8159
8164
8171
8177
8184
8190
8197
8202
8210
8215
8222
8228
8235
8241
8249
8256
8265
8271
8280
8287
8296
8302
8311
8318
8326
8333
8342
8349
8357
8364
8373
8379
8388
8395
8404
8410
8419
8426
8435
8441
8450
8457
8465
8472
8481
8488
8496
8503
8512
8518
8527
8534
8543
8549
8558
8565
8574
8580
8589
8596
8604
8611
8620
8627
8635
8642
8651
8657
8666
8677
8687
8699
8709
8721
8731
8742
8752
8764
8774
8786
8796
8807
8817
8829
8839
8851
8861
8872
8882
8894
8904
8916
8926
8938
8947
8959
8969
8981
8991
9003
9012
9024
9034
9046
9056
9068
9077
9089
9099
9111
9121
9133
9142
9154
9164
9176
9186
9198
9208
9219
9229
9241
9251
9263
9273
9283
9291
9301
9309
9319
9327
9337
9346
9356
9364
9374
9382
9392
9400
9410
9419
9429
9437
9447
9455
9465
9473
9483
9492
9502
9510
9520
9528
9538
9546
9556
9565
9575
9583
9593
9601
9611
9619
9629
9638
9648
9656
9666
9674
9684
9692
9702
9711
9721
9729
9739
9747
9757
9765
9775
9784
9794
9802
9812
9820
9830
9838
9848
9857
9867
9875
9885
9893
9903
9911
9921
9930
9940
9948
9960
9970
9982
9993
10005
10015
10027
10038
10050
10060
10072
10083
10095
10105
10118
10128
10140
10150
10163
10173
10185
10195
10208
10218
10230
10240
10253
10263
10275
10286
10298
10308
10320
10331
10343
10353
10365
10376
10383
10388
10395
10400
10407
10413
10420
10425
10432
10437
10445
10450
10457
10462
10469
10474
10482
10487
10494
10499
10506
10512
10519
10524
10531
10536
10543
10549
10556
10561
10568
10573
10581
10586
10593
10598
10605
10610
10618
10623
10630
10635
10642
10648
10655
10660
10667
10672
10679
10685
10692
10697
10704
10709
10717
10722
10729
10734
10741
10746
10754
10759
10766
10771
10778
10784
10791
10796
10803
10812
10820
10830
10838
10847
10855
10865
10873
10883
10890
10900
10908
10918
10926
10935
10943
10953
10961
10971
10978
10988
10996
11006
11013
11023
11031
11041
11049
11058
11066
11076
11084
11094
11101
11111
11119
11129
11137
11146
11154
11164
11172
11182
11189
11199
11207
11217
11224
11234
11242
11252
11260
11269
11277
11287
11295
11305
11312
11322
11330
11340
11348
11357
11365
11375
11383
11393
11400
11410
11418
11430
11440
11452
11462
11475
11485
11497
11507
11519
11530
11542
11552
11564
11574
11587
11597
11609
11619
11631
11642
11654
11664
11676
11686
11699
11709
11721
11731
11743
11754
11766
11776
11788
11798
11811
11821
11833
11843
11855
11866
11878
11886
11892
11901
11907
11916
11922
11931
11937
11946
11952
11961
11967
11975
11982
11990
11997
12005
12012
12020
12027
12035
12042
12050
12056
12065
12071
12080
12086
12095
12101
12110
12116
12125
12131
12140
12146
12154
12161
12169
12176
12184
12191
12199
12206
12214
12221
12229
12235
12244
12250
12259
12265
12274
12280
12289
12295
12304
12310
12319
12325
12333
12340
12348
12355
12363
12370
12378
12385
12393
12400
12408
12414
12423
12429
12438
12444
12453
12459
12468
12474
12483
12489
12498
12504
12512
12519
12527
12534
12542
12549
12557
12564
12572
12579
12587
12593
12602
12608
12617
12625
12631
12639
12645
12653
12659
12667
12673
12681
12687
12695
12701
12709
12715
12723
12729
12737
12743
12751
12757
12765
12771
12779
12785
12793
12799
12807
12813
12821
12827
12835
12841
12849
12855
12863
12869
12877
12883
12892
12898
12906
12912
12920
12926
12934
12940
12948
12954
12962
12968
12976
12982
12990
12996
13004
13010
13018
13024
13032
13038
13046
13052
13060
13066
13074
13080
13088
13097
13105
13115
13123
13133
13141
13151
13159
13169
13177
13186
13194
13204
13212
13222
13230
13240
13248
13258
13266
13276
13283
13293
13301
13311
13319
13329
13337
13347
13355
13365
13373
13382
13390
13400
13408
13418
13426
13436
13444
13454
13462
13472
13479
13489
13497
13507
13515
13525
13533
13543
13551
13561
13569
13578
13586
13596
13604
13614
13622
13632
13640
13650
13658
13668
13675
13685
13693
13703
13711
13721
13729
13739
13747
13757
13765
13774
13782
13792
13800
13810
13818
13828
13836
13843
13851
13858
13866
13873
13881
13888
13896
13903
13911
13918
13926
13933
13942
13948
13957
13963
13972
13978
13987
13993
14002
14008
14017
14023
14032
14039
14047
14054
14062
14069
14077
14084
14092
14099
14107
14114
14122
14129
14138
14144
14153
14159
14168
14174
14183
14189
14198
14204
14213
14219
14228
14235
14243
14250
14258
14265
14273
14280
14288
14295
14303
14310
14318
14325
14334
14340
14349
14355
14364
14370
14379
14385
14394
14400
14408
14415
14423
14430
14438
14445
14453
14460
14469
14475
14484
14490
14499
14505
14514
14521
14529
14536
14544
14551
14559
14566
14575
14581
14590
14596
14605
14611
14620
14626
14635
14642
14650
14657
14665
14672
14680
14687
14696
14702
14711
14717
14726
14732
14741
14748
14756
14763
14771
14778
14786
14793
14802
14808
14817
14823
14832
14838
14847
14853
14861
14867
14875
14881
14889
14895
14903
14910
14918
14924
14932
14938
14946
14952
14961
14967
14975
14981
14989
14995
15003
15010
15018
15024
15032
15038
15046
15052
15061
15067
15075
15081
15089
15095
15103
15109
15118
15124
15132
15138
15146
15152
15160
15167
15175
15181
15189
15195
15203
15209
15218
15224
15232
15238
15246
15252
15260
15267
15275
15281
15289
15295
15303
15309
15318
15324
15332
15338
15346
15352
15360
15366
15373
15379
15387
15392
15400
15406
15413
15419
15427
15432
15440
15446
15453
15459
15467
15473
15480
15486
15494
15499
15507
15513
15520
15526
15534
15539
15547
15553
15560
15566
15574
15580
15587
15593
15601
15606
15614
15620
15627
15633
15641
15646
15654
15660
15668
15673
15681
15687
15694
15700
15708
15713
15721
15727
15734
15740
15748
15753
15761
15767
15775
15780
15788
15794
15801
15807
15815
15820
15828
15834
15841
15847
15855
15860
15868
15874
15882
15887
15895
15901
15908
15914
15922
15927
15935
15941
15948
15954
15962
15968
15975
15981
15989
15994
16002
16008
16015
16021
16029
16034
16042
16048
16055
16061
16069
16075
16082
16088
16096
16103
16109
16117
16123
16131
16137
16145
16151
16159
16165
16173
16179
16187
16193
16201
16207
16215
16221
16229
16235
16243
16249
16257
16263
16271
16277
16285
16291
16298
16304
16312
16318
16326
16332
16340
16346
16354
16360
16368
16374
16382
16388
16396
16402
16410
16416
16424
16430
16438
16444
16452
16458
16466
16472
16480
16486
16493
16499
16507
16513
16521
16527
16535
16541
16549
16555
16563
16569
16577
16583
16591
16598
16603
16611
16616
16624
16629
16637
16642
16650
16655
16663
16668
16676
16681
16689
16694
16702
16707
16715
16720
16728
16733
16741
16746
16754
16759
16767
16772
16780
16785
16793
16798
16806
16811
16819
16824
16832
16837
16845
16850
16858
16863
16871
16876
16884
16889
16897
16902
16910
16915
16923
16928
16936
16941
16949
16954
16962
16967
16975
16980
16988
16993
17001
17006
17014
17019
17027
17032
17040
17045
17053
17058
17066
17071
17079
17084
17092
17097
17105
17110
17118
17123
17131
17136
17144
17149
17157
17162
17170
17175
17183
17188
17196
17203
17209
17217
17222
17230
17236
17244
17249
17257
17263
17271
17276
17284
17290
17297
17303
17311
17317
17324
17330
17338
17344
17351
17357
17365
17370
17378
17384
17392
17397
17405
17411
17419
17424
17432
17438
17446
17451
17459
17465
17472
17478
17486
17492
17499
17505
17513
17519
17526
17532
17540
17545
17553
17559
17567
17572
17580
17586
17594
17599
17607
17613
17621
17626
17634
17640
17647
17653
17661
17667
17674
17680
17688
17694
17701
17707
17715
17720
17728
17734
17742
17747
17755
17761
17769
17774
17782
17788
17795
17801
17809
17815
17822
17828
17835
17840
17848
17853
17860
17866
17873
17878
17886
17891
17898
17904
17911
17916
17924
17929
17936
17942
17949
17954
17962
17967
17974
17980
17987
17992
18000
18005
18013
18018
18025
18031
18038
18043
18051
18056
18063
18069
18076
18081
18089
18094
18101
18107
18114
18119
18127
18132
18139
18145
18152
18157
18165
18170
18178
18183
18190
18196
18203
18208
18216
18221
18228
18234
18241
18246
18254
18259
18266
18272
18279
18290
18299
18311
18320
18332
18341
18352
18362
18373
18383
18394
18403
18415
18424
18436
18445
18456
18466
18477
18487
18498
18507
18519
18528
18540
18549
18561
18570
18581
18591
18602
18612
18623
18632
18644
18653
18665
18674
18685
18695
18706
18716
18727
18736
18748
18757
18769
18778
18789
18799
18810
18820
18831
18841
18852
18861
18873
18882
18894
18903
18914
18924
18935
18945
18956
18965
18977
18986
18998
19007
19018
19026
19032
19040
19047
19055
19061
19069
19076
19084
19090
19098
19105
19113
19119
19127
19134
19142
19148
19157
19163
19171
19177
19186
19192
19200
19206
19215
19221
19229
19235
19244
19250
19258
19264
19273
19279
19287
19294
19302
19308
19316
19323
19331
19337
19345
19352
19360
19366
19374
19381
19389
19395
19403
19410
19418
19424
19433
19439
19447
19453
19462
19468
19476
19482
19491
19497
19505
19511
19520
19526
19534
19541
19549
19555
19562
19567
19575
19580
19587
19593
19600
19606
19613
19618
19626
19631
19639
19644
19651
19657
19664
19670
19677
19682
19690
19695
19703
19708
19715
19721
19728
19734
19741
19746
19754
19759
19766
19772
19779
19785
19792
19797
19805
19810
19818
19823
19830
19836
19843
19849
19856
19861
19869
19874
19882
19887
19894
19900
19907
19913
19920
19925
19933
19938
19945
19951
19958
19964
19971
19976
19984
19989
19997
20002
20009
20015
20022
20028
20035
20040
20048
20053
20061
20066
20073
20079
20086
20092
20099
20104
20112
20117
20124
20130
20137
20143
20150
20155
20163
20168
20176
20181
20188
20194
20201
20207
20214
20219
20227
20232
20240
20245
20252
20258
20265
20272
20277
20285
20290
20297
20303
20310
20315
20323
20328
20336
20341
20348
20354
20361
20366
20374
20379
20387
20392
20399
20405
20412
20417
20425
20430
20438
20443
20450
20456
20463
20468
20476
20481
20489
20494
20501
20507
20514
20519
20527
20532
20540
20545
20552
20558
20565
20570
20578
20583
20591
20596
20603
20609
20616
20621
20629
20634
20641
20647
20654
20660
20667
20672
20680
20685
20692
20698
20705
20711
20718
20723
20731
20736
20743
20749
20756
20762
20769
20774
20782
20787
20794
20800
20807
20813
20820
20825
20833
20838
20845
20851
20858
20864
20871
20876
20884
20893
20901
20911
20918
20928
20936
20945
20953
20963
20971
20980
20988
20998
21005
21015
21023
21033
21040
21050
21058
21067
21075
21085
21092
21102
21110
21120
21127
21137
21145
21154
21162
21172
21180
21189
21197
21207
21214
21224
21232
21242
21249
21259
21267
21276
21284
21294
21301
21311
21319
21329
21336
21346
21354
21363
21371
21381
21389
21398
21406
21416
21423
21433
21441
21451
21458
21468
21476
21485
21493
21503
21510
21520
21528
21538
21545
21555
21563
21570
21575
21583
21588
21595
21601
21608
21614
21621
21626
21634
21639
21646
21652
21659
21665
21672
21677
21685
21690
21697
21703
21710
21716
21723
21728
21736
21741
21749
21754
21761
21767
21774
21779
21787
21792
21800
21805
21812
21818
21825
21830
21838
21843
21851
21856
21863
21869
21876
21881
21889
21894
21902
21907
21914
21920
21927
21933
21940
21945
21953
21958
21965
21971
21978
21984
21991
21996
22004
22009
22016
22022
22029
22035
22042
22047
22055
22060
22067
22073
22080
22086
22097
22106
22117
22127
22138
22147
22159
22168
22179
22189
22200
22209
22221
22230
22241
22251
22262
22271
22283
22292
22303
22313
22324
22333
22345
22354
22365
22375
22386
22395
22407
22416
22427
22437
22448
22457
22469
22478
22489
22499
22510
22519
22531
22540
22551
22561
22572
22581
22593
22602
22613
22623
22634
22643
22654
22664
22675
22684
22696
22705
22716
22726
22737
22746
22758
22767
22778
22785
22790
22797
22802
22809
22814
22822
22827
22834
22839
22846
22851
22859
22864
22871
22876
22883
22888
22896
22901
22908
22913
22920
22925
22933
22938
22945
22950
22957
22962
22970
22975
22982
22987
22994
22999
23007
23012
23019
23024
23031
23036
23044
23049
23056
23061
23068
23073
23081
23086
23093
23098
23105
23110
23117
23123
23130
23135
23142
23147
23154
23160
23167
23172
23179
23184
23191
23197
23204
23209
23216
23221
23228
23234
23241
23246
23253
23258
23265
23271
23278
23283
23290
23295
23302
23308
23315
23320
23327
23332
23339
23345
23352
23357
23364
23369
23376
23382
23389
23394
23401
23406
23413
23418
23426
23431
23438
23443
23450
23461
23470
23482
23491
23502
23512
23523
23533
23544
23553
23565
23574
23586
23595
23606
23616
23627
23637
23648
23657
23669
23678
23690
23699
23710
23720
23731
23741
23752
23761
23773
23782
23794
23803
23814
23824
23835
23845
23856
23865
23877
23886
23898
23907
23918
23928
23939
23949
23960
23970
23978
23988
23996
24007
24015
24025
24033
24044
24052
24062
24070
24080
24089
24099
24107
24117
24126
24136
24144
24154
24163
24173
24181
24191
24200
24209
24219
24227
24237
24246
24256
24264
24274
24283
24293
24301
24311
24320
24329
24339
24347
24357
24366
24376
24384
24394
24403
24413
24421
24431
24440
24449
24459
24467
24477
24486
24494
24500
24508
24514
24522
24528
24536
24542
24551
24557
24565
24571
24579
24585
24593
24599
24607
24614
24622
24628
24636
24642
24650
24656
24664
24670
24679
24685
24693
24699
24707
24713
24721
24727
24735
24742
24750
24756
24764
24770
24778
24784
24792
24798
24807
24813
24821
24827
24835
24841
24849
24855
24864
24870
24878
24884
24892
24898
24906
24912
24920
24927
24935
24941
24949
24955
24963
24969
24977
24983
24992
24998
25006
25012
25020
25026
25034
25040
25048
25055
25063
25069
25077
25083
25091
25097
25105
25111
25120
25126
25134
25140
25148
25154
25162
25169
25174
25182
25187
25195
25200
25208
25213
25221
25226
25234
25239
25246
25252
25259
25265
25272
25278
25285
25291
25298
25304
25311
25316
25324
25329
25337
25342
25350
25355
25363
25368
25376
25381
25388
25394
25401
25407
25414
25420
25427
25433
25440
25446
25453
25458
25466
25471
25479
25484
25492
25497
25505
25510
25518
25523
25530
25536
25543
25549
25556
25562
25569
25575
25582
25588
25595
25600
25608
25613
25621
25626
25634
25639
25647
25652
25660
25665
25672
25678
25685
25691
25698
25707
25714
25723
25731
25740
25747
25756
25764
25773
25780
25790
25797
25806
25813
25823
25830
25839
25846
25856
25863
25872
25880
25889
25896
25905
25913
25922
25929
25938
25946
25955
25962
25972
25979
25988
25995
26005
26012
26021
26029
26038
26045
26054
26062
26071
26078
26087
26095
26104
26111
26121
26128
26137
26144
26154
26161
26170
26178
26186
26195
26202
26212
26219
26228
26235
26245
26252
26261
26269
26278
26285
26294
26303
26310
26320
26327
26337
26344
26353
26361
26370
26378
26387
26395
26404
26411
26421
26428
26438
26445
26454
26462
26471
26479
26488
26496
26505
26512
26522
26529
26539
26546
26556
26563
26572
26580
26589
26597
26606
26614
26622
26631
26639
26648
26656
26665
26672
26682
26689
26699
26706
26716
26723
26732
26740
26749
26757
26766
26774
26782
26791
26799
26808
26816
26825
26832
26842
26849
26859
26866
26876
26883
26892
26900
26909
26917
26926
26934
26942
26951
26959
26968
26976
26985
26992
27002
27009
27019
27026
27036
27048
27059
27071
27082
27094
27105
27117
27128
27141
27151
27164
27174
27187
27197
27210
27220
27233
27244
27256
27267
27279
27290
27302
27313
27326
27336
27349
27359
27372
27382
27395
27405
27418
27429
27441
27452
27464
27475
27487
27498
27510
27521
27529
27536
27545
27552
27561
27567
27576
27583
27592
27599
27607
27614
27623
27630
27639
27646
27654
27661
27670
27677
27686
27692
27701
27708
27717
27724
27733
27739
27748
27755
27764
27771
27779
27786
27795
27802
27811
27818
27826
27833
27842
27849
27858
27864
27873
27880
27889
27896
27905
27911
27920
27927
27936
27943
27951
27958
27967
27974
27983
27990
27998
28005
28014
28021
28030
28036
28045
28052
28061
28068
28077
28083
28092
28099
28108
28115
28123
28130
28139
28146
28155
28162
28170
28177
28186
28193
28199
28207
28212
28220
28226
28234
28239
28247
28253
28261
28266
28274
28280
28288
28293
28301
28307
28315
28320
28328
28334
28342
28347
28355
28361
28369
28374
28382
28388
28396
28401
28409
28415
28423
28428
28436
28442
28450
28455
28463
28469
28477
28482
28490
28496
28504
28509
28517
28523
28531
28536
28544
28550
28557
28563
28571
28577
28584
28590
28598
28604
28611
28617
28625
28631
28638
28644
28652
28658
28665
28671
28679
28685
28692
28698
28706
28712
28719
28725
28733
28743
28751
28762
28770
28781
28789
28800
28808
28819
28827
28838
28846
28857
28865
28876
28884
28895
28903
28913
28922
28932
28941
28951
28960
28970
28979
28989
28998
29008
29017
29027
29036
29046
29055
29065
29073
29084
29092
29103
29111
29122
29130
29141
29149
29160
29168
29179
29187
29198
29206
29217
29225
29235
29244
29254
29263
29273
29282
29292
29301
29311
29320
29330
29339
29349
29358
29368
29377
29387
29395
29406
29414
29425
29433
29444
29452
29463
29470
29476
29484
29490
29498
29503
29511
29517
29525
29531
29538
29544
29552
29558
29566
29572
29579
29585
29593
29599
29607
29612
29620
29626
29634
29640
29647
29653
29661
29667
29675
29681
29688
29694
29702
29708
29716
29721
29729
29735
29743
29749
29757
29762
29770
29776
29784
29790
29797
29803
29811
29817
29825
29830
29838
29844
29852
29858
29866
29871
29879
29885
29893
29899
29906
29912
29920
29926
29934
29940
29947
29953
29961
29967
29975
29980
29988
29994
30002
30008
30015
30021
30029
30035
30043
30049
30056
30062
30070
30076
30084
30089
30097
30103
30111
30117
30124
30130
30142
30152
30164
30174
30186
30196
30208
30218
30230
30240
30252
30262
30274
30284
30297
30307
30319
30329
30341
30351
30363
30373
30385
30395
30407
30417
30429
30439
30452
30462
30474
30484
30496
30506
30518
30528
30540
30550
30562
30572
30584
30592
30599
30607
30614
30622
30629
30637
30644
30652
30659
30668
30674
30683
30689
30698
30704
30713
30719
30728
30734
30743
30750
30758
30765
30773
30780
30788
30795
30803
30810
30818
30825
30834
30840
30849
30855
30864
30870
30879
30885
30894
30900
30909
30916
30924
30931
30939
30946
30954
30961
30969
30976
30984
30991
31000
31006
31015
31021
31030
31036
31045
31051
31060
31067
31075
31082
31090
31097
31105
31112
31120
31127
31135
31142
31147
31154
31159
31166
31171
31178
31183
31190
31195
31202
31207
31214
31219
31226
31231
31238
31243
31251
31256
31263
31268
31275
31280
31287
31292
31299
31304
31311
31316
31323
31328
31335
31340
31347
31352
31360
31365
31372
31377
31384
31389
31396
31401
31408
31413
31420
31425
31432
31437
31444
31449
31456
31461
31468
31474
31481
31486
31493
31498
31505
31510
31517
31522
31529
31534
31541
31546
31553
31558
31565
31570
31577
31583
31590
31595
31602
31607
31614
31619
31626
31631
31638
31643
31650
31655
31662
31667
31674
31679
31686
31692
31699
31704
31711
31716
31723
31728
31735
31740
31747
31752
31759
31764
31771
31776
31784
31791
31799
31806
31814
31821
31829
31836
31844
31851
31860
31866
31875
31881
31890
31896
31905
31911
31920
31927
31935
31942
31950
31957
31965
31972
31980
31987
31996
32002
32011
32017
32026
32032
32041
32047
32056
32062
32071
32078
32086
32093
32101
32108
32116
32123
32131
32138
32147
32153
32162
32168
32177
32183
32192
32198
32207
32214
32222
32229
32237
32244
32252
32259
32267
32274
32282
32289
32298
32304
32313
32319
32328
32334
32343
32349
32358
32365
32371
32379
32385
32393
32399
32407
32413
32421
32427
32435
32441
32449
32455
32463
32469
32477
32483
32491
32497
32505
32511
32519
32525
32533
32539
32547
32553
32561
32567
32575
32581
32589
32595
32603
32609
32617
32623
32631
32637
32645
32651
32659
32665
32673
32679
32687
32693
32701
32707
32715
32721
32729
32735
32743
32749
32757
32763
32771
32777
32785
32791
32799
32805
32813
32819
32826
32832
32840
32846
32854
32860
32868
32874
32882
32888
32896
32902
32910
32916
32924
32930
32938
32944
32952
32958
32966
32972
32980
32986
32994
33000
33008
33015
33020
33027
33032
33039
33045
33052
33057
33064
33069
33077
33082
33089
33094
33101
33107
33114
33119
33126
33131
33139
33144
33151
33156
33163
33169
33176
33181
33188
33193
33201
33206
33213
33218
33225
33231
33238
33243
33250
33255
33263
33268
33275
33280
33287
33293
33300
33305
33312
33317
33325
33330
33337
33342
33349
33355
33362
33367
33374
33379
33387
33392
33399
33404
33411
33417
33424
33429
33436
33441
33449
33454
33461
33466
33473
33479
33486
33491
33498
33503
33511
33516
33523
33534
33544
33555
33565
33577
33587
33597
33609
33619
33629
33641
33651
33661
33673
33683
33693
33705
33715
33725
33737
33747
33757
33769
33779
33789
33801
33811
33821
33833
33843
33853
33865
33875
33885
33897
33907
33917
33929
33939
33949
33961
33971
33981
33993
34001
34008
34016
34023
34032
34038
34047
34054
34062
34069
34078
34084
34093
34100
34108
34115
34124
34130
34139
34146
34154
34161
34170
34176
34185
34192
34200
34207
34216
34222
34231
34238
34246
34253
34262
34268
34277
34284
34292
34299
34308
34314
34323
34330
34338
34345
34354
34360
34369
34376
34384
34391
34400
34406
34415
34422
34430
34437
34446
34452
34461
34468
34476
34483
34492
34498
34507
34514
34522
34529
34538
34544
34553
34560
34568
34575
34584
34590
34599
34606
34614
34621
34630
34636
34645
34652
34660
34667
34675
34682
34691
34697
34706
34714
34721
34728
34736
34743
34751
34758
34766
34773
34781
34788
34796
34803
34811
34818
34826
34833
34841
34848
34856
34863
34871
34878
34886
34893
34901
34908
34916
34923
34931
34938
34946
34953
34961
34968
34976
34983
34991
34998
35006
35013
35021
35028
35036
35043
35051
35058
35066
35073
35081
35088
35096
35103
35111
35118
35126
35133
35141
35148
35156
35163
35171
35178
35186
35193
35201
35208
35216
35223
35231
35238
35246
35253
35261
35268
35276
35283
35291
35298
35306
35313
35321
35328
35336
35343
35351
35358
35366
35373
35381
35388
35396
35403
35411
35418
35426
35433
35441
35450
35457
35466
35473
35482
35489
35498
35505
35514
35521
35530
35537
35546
35553
35562
35569
35578
35585
35594
35601
35610
35617
35626
35633
35642
35649
35658
35665
35674
35681
35690
35697
35706
35713
35722
35729
35738
35745
35754
35761
35770
35777
35786
35793
35802
35809
35819
35826
35835
35842
35851
35858
35867
35874
35883
35890
35899
35906
35915
35922
35931
35938
35947
35954
35963
35970
35979
35986
35995
36002
36011
36018
36027
36034
36043
36050
36059
36066
36075
36082
36091
36098
36107
36114
36123
36130
36139
36146
36155
36162
36167
36174
36179
36186
36191
36199
36204
36211
36216
36223
36228
36235
36241
36248
36253
36260
36265
36272
36277
36285
36290
36297
36302
36309
36314
36321
36327
36334
36339
36346
36351
36358
36363
36371
36376
36383
36388
36395
36400
36407
36413
36420
36425
36432
36437
36444
36449
36457
36462
36469
36474
36481
36486
36493
36499
36506
36511
36518
36523
36530
36535
36543
36548
36555
36560
36567
36572
36579
36585
36592
36597
36604
36609
36616
36621
36629
36634
36641
36647
36654
36659
36667
36672
36680
36685
36692
36698
36705
36710
36718
36723
36730
36736
36743
36749
36756
36761
36769
36774
36781
36787
36794
36799
36807
36812
36820
36825
36832
36838
36845
36850
36858
36863
36871
36876
36883
36889
36896
36901
36909
36914
36921
36927
36934
36940
36947
36952
36960
36965
36972
36978
36985
36990
36998
37003
37011
37016
37023
37029
37036
37041
37049
37054
37061
37067
37074
37080
37087
37092
37100
37105
37112
37118
37125
37131
37138
37143
37151
37156
37163
37169
37176
37181
37189
37194
37202
37207
37214
37220
37227
37232
37240
37245
37252
37258
37265
37271
37278
37283
37291
37296
37303
37309
37316
37321
37329
37337
37344
37353
37360
37369
37376
37385
37392
37401
37407
37416
37423
37432
37439
37448
37455
37464
37471
37480
37486
37495
37502
37511
37518
37527
37534
37543
37550
37559
37565
37574
37581
37590
37597
37606
37613
37622
37629
37638
37644
37653
37660
37669
37676
37685
37692
37701
37708
37717
37723
37732
37739
37748
37755
37764
37771
37778
37783
37790
37795
37802
37807
37814
37819
37826
37831
37838
37843
37851
37856
37863
37868
37875
37880
37887
37892
37899
37904
37911
37916
37924
37929
37936
37941
37948
37953
37960
37965
37972
37977
37984
37989
37997
38002
38009
38014
38021
38026
38033
38038
38045
38050
38057
38062
38070
38075
38082
38087
38094
38099
38106
38111
38118
38123
38130
38135
38143
38148
38155
38160
38167
38172
38179
38184
38191
38196
38203
38208
38215
38221
38228
38233
38240
38245
38252
38257
38264
38269
38276
38281
38288
38294
38301
38306
38313
38318
38325
38330
38337
38342
38349
38354
38361
38367
38374
38379
38386
38391
38398
38403
38410
38415
38422
38427
38434
38440
38447
38452
38459
38464
38471
38480
38487
38497
38504
38514
38521
38531
38538
38547
38555
38564
38572
38581
38589
38598
38606
38615
38622
38632
38639
38649
38656
38666
38673
38682
38690
38699
38707
38716
38724
38733
38741
38750
38757
38767
38774
38784
38791
38801
38808
38817
38825
38834
38842
38851
38859
38868
38876
38885
38892
38902
38911
38919
38929
38937
38946
38954
38964
38972
38981
38989
38999
39007
39017
39024
39034
39042
39052
39059
39069
39077
39087
39094
39104
39112
39122
39130
39139
39147
39157
39165
39174
39182
39192
39200
39210
39217
39227
39235
39245
39252
39262
39270
39280
39287
39297
39305
39315
39323
39332
39340
39349
39357
39367
39374
39384
39392
39401
39409
39419
39426
39436
39444
39453
39461
39471
39478
39488
39496
39505
39513
39523
39530
39540
39548
39557
39565
39575
39582
39592
39600
39609
39617
39627
39634
39644
39652
39661
39669
39679
39686
39696
39704
39713
39721
39731
39738
39748
39756
39765
39773
39783
39790
39800
39808
39817
39825
39835
39842
39852
39860
39869
39877
39887
39894
39904
39912
39919
39925
39933
39939
39947
39953
39961
39967
39974
39980
39988
39994
40002
40008
40016
40022
40030
40035
40043
40049
40057
40063
40071
40077
40085
40091
40098
40104
40112
40118
40126
40132
40140
40146
40153
40159
40167
40173
40181
40187
40195
40201
40209
40214
40222
40228
40236
40242
40250
40256
40264
40270
40277
40283
40291
40297
40305
40311
40319
40325
40332
40338
40346
40352
40360
40366
40374
40380
40388
40393
40401
40407
40415
40421
40429
40435
40443
40449
40456
40462
40470
40476
40484
40490
40498
40504
40511
40517
40525
40531
40539
40545
40553
40559
40567
40572
40580
40586
40594
40600
40608
40614
40622
40629
40634
40641
40646
40653
40658
40665
40671
40678
40683
40690
40695
40702
40707
40715
40720
40727
40732
40739
40744
40751
40756
40764
40769
40776
40781
40788
40793
40800
40806
40813
40818
40825
40830
40837
40842
40849
40855
40862
40867
40874
40879
40886
40891
40899
40904
40911
40916
40923
40928
40935
40941
40948
40953
40960
40965
40972
40977
40984
40990
40997
41002
41009
41014
41021
41026
41034
41039
41046
41051
41058
41063
41070
41075
41083
41092
41099
41108
41115
41124
41131
41140
41148
41157
41164
41173
41180
41189
41196
41206
41213
41222
41229
41238
41245
41254
41261
41271
41278
41287
41294
41303
41310
41319
41327
41336
41343
41352
41359
41368
41375
41385
41392
41401
41408
41417
41424
41433
41440
41450
41457
41466
41473
41482
41489
41498
41506
41515
41522
41531
41538
41547
41555
41564
41572
41582
41589
41599
41607
41616
41624
41634
41641
41651
41659
41668
41676
41686
41693
41703
41711
41720
41728
41737
41745
41755
41762
41772
41780
41789
41797
41807
41814
41824
41832
41841
41849
41859
41866
41876
41884
41893
41901
41911
41918
41928
41935
41945
41953
41962
41970
41982
41992
42004
42015
42027
42037
42050
42060
42072
42082
42095
42105
42117
42128
42140
42150
42163
42173
42185
42195
42208
42218
42230
42241
42253
42263
42276
42286
42298
42308
42321
42331
42343
42354
42366
42376
42389
42399
42411
42421
42434
42444
42456
42467
42479
42489
42502
42512
42524
42534
42547
42557
42569
42580
42592
42602
42615
42625
42637
42647
42660
42670
42678
42688
42697
42707
42715
42725
42734
42744
42752
42763
42771
42781
42789
42800
42808
42818
42826
42837
42845
42855
42864
42874
42882
42892
42901
42911
42919
42929
42938
42948
42956
42967
42975
42985
42993
43004
43012
43022
43030
43041
43049
43059
43068
43078
43086
43096
43105
43115
43123
43133
43142
43152
43160
43171
43179
43189
43197
43208
43218
43226
43236
43245
43255
43263
43274
43282
43292
43301
43311
43319
43330
43338
43348
43357
43367
43375
43386
43394
43404
43413
43423
43431
43442
43450
43460
43469
43479
43487
43498
43506
43516
43525
43535
43543
43553
43562
43572
43580
43591
43599
43609
43618
43628
43636
43647
43655
43665
43674
43684
43692
43703
43711
43721
43730
43740
43748
43759
43767
43777
43786
43796
43804
43815
43823
43833
43842
43852
43860
43868
43874
43883
43889
43897
43904
43912
43919
43927
43933
43942
43948
43957
43963
43971
43978
43986
43993
44001
44007
44016
44022
44031
44037
44045
44052
44060
44067
44075
44081
44090
44096
44105
44111
44119
44126
44134
44141
44149
44155
44164
44170
44179
44185
44193
44200
44208
44215
44223
44229
44238
44244
44253
44259
44267
44274
44282
44289
44297
44303
44312
44318
44327
44333
44341
44348
44356
44363
44369
44377
44383
44391
44397
44405
44411
44419
44425
44433
44439
44447
44453
44461
44467
44475
44481
44489
44495
44503
44509
44517
44523
44531
44536
44544
44550
44558
44564
44572
44578
44586
44592
44600
44606
44614
44620
44628
44634
44642
44648
44656
44662
44670
44676
44684
44690
44698
44704
44711
44717
44725
44731
44739
44745
44753
44759
44767
44773
44781
44787
44795
44801
44809
44815
44823
44829
44837
44843
44851
44857
44865
44871
44879
44885
44892
44898
44906
44912
44920
44926
44934
44940
44948
44954
44962
44968
44976
44982
44990
44996
45005
45013
45023
45030
45040
45048
45058
45065
45075
45083
45093
45100
45110
45118
45128
45135
45145
45153
45162
45170
45180
45188
45197
45205
45215
45223
45232
45240
45250
45258
45267
45275
45285
45292
45302
45310
45320
45327
45337
45345
45355
45362
45372
45380
45390
45397
45407
45415
45424
45432
45442
45450
45459
45467
45477
45485
45494
45502
45512
45520
45529
45537
45545
45551
45559
45566
45574
45580
45589
45595
45603
45609
45618
45624
45632
45639
45647
45653
45662
45668
45676
45682
45691
45697
45705
45712
45720
45726
45734
45741
45749
45755
45764
45770
45778
45785
45793
45799
45807
45814
45822
45828
45837
45843
45851
45857
45866
45872
45880
45887
45895
45901
45910
45916
45924
45930
45939
45945
45953
45960
45968
45974
45982
45989
45997
46003
46012
46018
46026
46033
46041
46047
46055
46062
46070
46076
46085
46091
46099
46105
46114
46120
46128
46138
46146
46157
46165
46175
46184
46194
46203
46213
46221
46232
46240
46250
46259
46269
46278
46288
46296
46307
46315
46326
46334
46344
46353
46363
46371
46382
46390
46401
46409
46419
46428
46438
46446
46457
46465
46476
46484
46494
46503
46513
46522
46532
46540
46551
46560
46567
46577
46584
46594
46601
46611
46618
46628
46635
46645
46652
46662
46669
46679
46686
46696
46703
46713
46720
46730
46737
46747
46754
46764
46771
46781
46788
46798
46805
46815
46822
46832
46839
46849
46856
46866
46873
46883
46890
46900
46907
46917
46924
46934
46941
46951
46958
46968
46975
46985
46992
47002
47009
47019
47027
47034
47042
47049
47057
47064
47072
47079
47087
47094
47103
47109
47118
47124
47133
47139
47148
47154
47163
47169
47178
47185
47193
47200
47208
47215
47223
47230
47238
47245
47253
47260
47269
47275
47284
47290
47299
47305
47314
47320
47329
47335
47344
47351
47359
47366
47374
47381
47389
47396
47404
47411
47419
47426
47435
47441
47450
47456
47465
47471
47480
47486
47495
47502
47510
47517
47525
47532
47540
47547
47555
47562
47570
47577
47586
47592
47601
47607
47616
47622
47631
47637
47646
47652
47661
47668
47675
47680
47687
47693
47700
47705
47713
47718
47725
47730
47738
47743
47750
47756
47763
47768
47775
47781
47788
47793
47801
47806
47813
47819
47826
47831
47838
47844
47851
47856
47864
47869
47876
47881
47889
47894
47901
47907
47914
47919
47926
47932
47939
47944
47952
47957
47964
47970
47977
47982
47989
47995
48002
48007
48015
48020
48027
48032
48040
48045
48052
48058
48065
48070
48078
48083
48090
48095
48103
48108
48115
48121
48128
48133
48140
48146
48153
48158
48166
48171
48178
48183
48191
48196
48203
48209
48216
48221
48229
48234
48241
48246
48254
48259
48266
48272
48279
48284
48291
48297
48304
48312
48319
48327
48334
48342
48349
48357
48364
48372
48379
48387
48394
48402
48409
48417
48424
48432
48439
48447
48454
48462
48469
48477
48484
48492
48499
48508
48514
48523
48529
48538
48544
48553
48559
48568
48574
48583
48589
48598
48604
48613
48619
48628
48634
48643
48649
48658
48664
48673
48679
48688
48694
48703
48710
48718
48725
48733
48740
48748
48755
48763
48770
48778
48785
48793
48800
48808
48815
48823
48830
48838
48845
48851
48859
48865
48873
48879
48887
48893
48901
48907
48915
48920
48928
48934
48942
48948
48956
48962
48970
48976
48984
48990
48997
49003
49011
49017
49025
49031
49039
49045
49053
49059
49067
49073
49080
49086
49094
49100
49108
49114
49122
49128
49136
49142
49150
49155
49163
49169
49177
49183
49191
49197
49205
49211
49219
49225
49233
49238
49246
49252
49260
49266
49274
49280
49288
49294
49302
49308
49315
49321
49329
49335
49343
49349
49357
49363
49371
49377
49385
49390
49398
49404
49412
49418
49426
49432
49440
49446
49454
49460
49468
49475
49481
49488
49494
49501
49507
49514
49520
49527
49533
49540
49546
49553
49559
49566
49572
49579
49585
49592
49598
49605
49611
49618
49624
49631
49637
49644
49650
49657
49663
49670
49676
49683
49689
49696
49702
49709
49715
49722
49728
49735
49741
49748
49754
49761
49767
49774
49780
49787
49793
49800
49806
49813
49819
49826
49832
49839
49845
49852
49858
49865
49871
49878
49884
49891
49897
49904
49910
49917
49923
49930
49936
49943
49949
49956
49962
49969
49975
49986
49995
50007
50016
50027
50037
50048
50057
50069
50078
50089
50099
50110
50120
50131
50140
50152
50161
50172
50182
50193
50202
50214
50223
50235
50244
50255
50265
50276
50285
50297
50306
50317
50327
50338
50348
50359
50368
50380
50389
50400
50410
50421
50430
50442
50451
50463
50472
50480
50487
50496
50503
50511
50518
50527
50534
50542
50549
50558
50565
50573
50580
50589
50596
50605
50611
50620
50627
50636
50642
50651
50658
50667
50673
50682
50689
50698
50705
50713
50720
50729
50736
50744
50751
50760
50767
50775
50782
50791
50798
50806
50813
50822
50829
50838
50844
50853
50860
50869
50875
50884
50891
50900
50906
50915
50922
50931
50938
50946
50953
50962
50969
50977
50984
50993
51000
51008
51015
51024
51031
51039
51046
51055
51062
51071
51077
51086
51093
51102
51108
51117
51124
51133
51140
51146
51153
51159
51166
51172
51180
51185
51193
51198
51206
51211
51219
51225
51232
51238
51245
51251
51259
51264
51272
51277
51285
51290
51298
51304
51311
51317
51324
51330
51338
51343
51351
51356
51364
51369
51377
51383
51390
51396
51403
51409
51417
51422
51430
51435
51443
51448
51456
51462
51469
51475
51482
51488
51496
51501
51509
51514
51522
51527
51535
51541
51548
51554
51561
51567
51575
51580
51588
51593
51601
51606
51614
51620
51627
51633
51640
51646
51654
51659
51667
51672
51680
51685
51693
51699
51706
51712
51719
51725
51733
51738
51746
51751
51759
51764
51772
51778
51785
51791
51798
51804
51812
51817
51825
51830
51838
51843
51851
51862
51872
51883
51893
51905
51915
51925
51937
51947
51957
51969
51979
51989
52001
52011
52021
52033
52043
52053
52065
52075
52085
52097
52107
52117
52129
52139
52149
52161
52171
52181
52193
52203
52213
52225
52235
52245
52257
52267
52277
52289
52299
52307
52313
52321
52327
52335
52341
52349
52355
52363
52369
52377
52383
52391
52397
52405
52411
52419
52425
52433
52439
52447
52453
52461
52467
52475
52481
52489
52495
52503
52509
52517
52523
52531
52537
52545
52551
52559
52565
52573
52579
52587
52593
52601
52607
52615
52621
52629
52635
52643
52649
52657
52663
52671
52677
52685
52691
52699
52705
52713
52719
52727
52733
52741
52747
52755
52761
52769
52775
52783
52789
52797
52803
52811
52817
52825
52831
52839
52845
52853
52859
52867
52873
52881
52887
52895
52901
52909
52915
52923
52929
52937
52943
52951
52957
52965
52971
52979
52985
52993
52999
53007
53013
53021
53027
53038
53047
53058
53067
53078
53087
53098
53107
53118
53128
53139
53148
53159
53168
53179
53188
53199
53208
53219
53229
53240
53249
53260
53269
53280
53289
53300
53309
53320
53330
53341
53350
53361
53370
53381
53390
53401
53410
53421
53431
53442
53451
53462
53471
53482
53491
53502
53513
53522
53533
53543
53554
53563
53574
53584
53595
53604
53616
53625
53636
53645
53657
53666
53677
53687
53698
53707
53718
53728
53739
53748
53760
53769
53780
53789
53801
53810
53821
53831
53842
53851
53862
53872
53883
53892
53904
53913
53924
53933
53945
53954
53965
53975
53986
53995
54006
54016
54027
54036
54047
54057
54068
54077
54089
54098
54109
54118
54130
54139
54150
54160
54171
54180
54191
54201
54211
54220
54231
54240
54251
54259
54270
54279
54290
54299
54310
54318
54329
54338
54349
54358
54369
54377
54388
54397
54408
54417
54428
54436
54447
54456
54467
54476
54487
54495
54506
54515
54526
54535
54545
54554
54565
54574
54585
54594
54604
54613
54624
54633
54644
54653
54663
54672
54683
54692
54703
54712
54722
54731
54742
54751
54762
54771
54781
54790
54801
54810
54821
54829
54840
54849
54860
54869
54880
54888
54899
54908
54916
54925
54933
54942
54950
54959
54967
54976
54984
54994
55001
55011
55018
55028
55035
55045
55052
55062
55070
55079
55087
55096
55104
55113
55121
55130
55138
55148
55155
55165
55172
55182
55189
55199
55206
55216
55224
55233
55241
55250
55258
55267
55275
55284
55292
55301
55309
55319
55326
55336
55343
55353
55360
55370
55377
55387
55395
55404
55412
55421
55429
55438
55446
55455
55463
55473
55480
55490
55497
55504
55509
55516
55521
55529
55534
55541
55546
55553
55559
55566
55571
55578
55583
55591
55596
55603
55608
55615
55621
55628
55633
55640
55645
55653
55658
55665
55670
55677
55683
55690
55695
55702
55707
55715
55720
55727
55732
55739
55745
55752
55757
55764
55769
55777
55782
55789
55794
55801
55807
55814
55819
55826
55831
55839
55844
55851
55856
55863
55869
55876
55881
55888
55893
55901
55906
55913
55918
55925
55931
55938
55947
55954
55963
55970
55979
55987
55996
56003
56012
56019
56028
56036
56045
56052
56061
56068
56077
56085
56094
56101
56110
56117
56127
56134
56143
56150
56159
56166
56176
56183
56192
56199
56208
56215
56225
56232
56241
56248
56257
56264
56274
56281
56290
56297
56306
56314
56323
56330
56339
56346
56355
56363
56372
56379
56388
56395
56404
56412
56421
56428
56437
56445
56454
56461
56470
56478
56487
56494
56503
56511
56520
56527
56536
56544
56553
56560
56569
56577
56586
56593
56602
56610
56619
56626
56635
56643
56652
56659
56668
56676
56685
56692
56701
56709
56718
56725
56734
56742
56751
56758
56767
56775
56784
56791
56800
56808
56817
56824
56833
56841
56850
56857
56866
56874
56883
56890
56899
56907
56916
56923
56932
56940
56949
56956
56965
56973
56982
56989
56998
57006
57015
57022
57031
57039
57048
57055
57064
57072
57081
57088
57098
57105
57114
57122
57132
57140
57150
57158
57168
57176
57185
57193
57203
57211
57221
57229
57239
57247
57257
57265
57273
57283
57291
57301
57309
57319
57327
57337
57345
57353
57363
57371
57381
57389
57399
57407
57417
57425
57433
57443
57451
57461
57469
57479
57487
57497
57505
57513
57523
57531
57541
57549
57559
57567
57577
57585
57597
57607
57620
57630
57643
57653
57666
57676
57689
57699
57712
57722
57735
57745
57758
57768
57781
57791
57803
57814
57826
57837
57849
57860
57872
57883
57895
57906
57918
57929
57941
57952
57964
57975
57987
57998
58010
58020
58033
58043
58056
58066
58079
58089
58102
58112
58125
58135
58148
58158
58171
58181
58194
58204
58216
58227
58239
58250
58262
58273
58285
58294
58302
58312
58320
58330
58338
58348
58356
58366
58374
58384
58392
58401
58409
58419
58427
58437
58445
58455
58463
58473
58481
58491
58499
58509
58516
58526
58534
58544
58552
58562
58570
58580
58588
58598
58606
58616
58624
58633
58641
58651
58659
58669
58677
58687
58695
58705
58713
58723
58731
58741
58748
58758
58766
58776
58785
58795
58804
58815
58823
58834
58843
58853
58862
58873
58881
58892
58901
58911
58920
58931
58939
58950
58959
58969
58978
58989
58997
59008
59017
59027
59036
59047
59055
59066
59075
59085
59094
59105
59113
59124
59133
59143
59152
59163
59171
59182
59191
59201
59210
59218
59225
59234
59240
59249
59256
59264
59271
59280
59286
59295
59302
59310
59317
59326
59332
59341
59348
59356
59363
59372
59378
59387
59394
59402
59409
59418
59424
59433
59440
59448
59455
59464
59470
59479
59486
59494
59501
59510
59516
59525
59532
59540
59547
59556
59562
59571
59578
59586
59593
59602
59608
59617
59624
59632
59639
59648
59655
59663
59670
59679
59685
59694
59701
59709
59716
59725
59731
59740
59747
59755
59762
59771
59777
59786
59793
59801
59808
59817
59823
59832
59839
59847
59854
59863
59869
59878
59885
59893
59900
59911
59920
59932
59941
59953
59962
59974
59983
59995
60004
60016
60025
60037
60046
60058
60067
60079
60088
60100
60109
60121
60130
60142
60151
60163
60172
60184
60193
60205
60214
60226
60235
60247
60256
60268
60277
60289
60298
60310
60319
60331
60340
60352
60361
60373
60382
60394
60403
60414
60424
60435
60445
60456
60466
60477
60487
60498
60508
60519
60529
60540
60550
60561
60571
60582
60592
60603
60613
60624
60634
60645
60654
60661
60671
60678
60688
60695
60704
60712
60721
60729
60738
60745
60755
60762
60772
60779
60788
60796
60805
60813
60822
60830
60839
60846
60856
60863
60873
60880
60889
60897
60906
60914
60923
60930
60940
60947
60957
60964
60973
60981
60990
60998
61007
61015
61024
61031
61041
61048
61058
61065
61074
61082
61091
61099
61108
61115
61125
61132
61142
61149
61158
61166
61175
61183
61192
61200
61209
61216
61226
61233
61243
61250
61259
61267
61276
61284
61293
61300
61310
61319
61327
61337
61345
61355
61363
61373
61381
61391
61399
61409
61417
61427
61435
61445
61453
61463
61471
61481
61489
61499
61507
61516
61524
61534
61542
61552
61560
61570
61578
61588
61596
61606
61614
61624
61632
61642
61650
61660
61668
61678
61686
61696
61704
61713
61721
61731
61739
61749
61757
61767
61775
61782
61790
61797
61805
61812
61820
61827
61835
61842
61850
61857
61866
61872
61881
61887
61896
61902
61911
61917
61926
61932
61941
61948
61956
61963
61971
61978
61986
61993
62001
62008
62016
62023
62031
62038
62047
62053
62062
62068
62077
62083
62092
62098
62107
62113
62122
62129
62137
62144
62152
62159
62167
62174
62182
62189
62197
62204
62213
62219
62228
62234
62243
62249
62258
62264
62273
62279
62288
62294
62303
62310
62318
62325
62333
62340
62348
62355
62363
62370
62378
62385
62394
62400
62409
62415
62424
62430
62439
62445
62454
62460
62469
62475
62484
62491
62502
62512
62524
62534
62545
62555
62567
62577
62589
62598
62610
62620
62632
62641
62653
62663
62675
62685
62696
62706
62718
62728
62739
62749
62761
62771
62783
62792
62804
62814
62826
62836
62847
62857
62869
62879
62890
62900
62912
62922
62934
62943
62955
62965
62977
62986
62998
63008
63020
63030
63041
63051
63063
63073
63084
63094
63106
63116
63128
63137
63149
63159
63171
63181
63192
63199
63204
63212
63217
63225
63230
63238
63243
63251
63256
63264
63269
63277
63282
63290
63295
63303
63308
63316
63321
63329
63334
63342
63347
63355
63360
63368
63373
63381
63386
63394
63399
63407
63412
63420
63425
63433
63438
63446
63451
63459
63464
63472
63477
63485
63490
63498
63503
63511
63516
63523
63529
63536
63542
63549
63555
63562
63568
63575
63581
63588
63594
63601
63607
63614
63620
63627
63633
63640
63646
63653
63659
63666
63672
63679
63685
63692
63698
63705
63711
63718
63724
63731
63737
63744
63750
63757
63763
63770
63777
63783
63791
63797
63805
63811
63819
63825
63833
63839
63847
63853
63861
63867
63875
63881
63889
63895
63903
63909
63917
63923
63931
63937
63945
63951
63959
63965
63973
63979
63987
63993
64001
64007
64015
64021
64029
64035
64043
64049
64057
64063
64071
64077
64085
64091
64099
64105
64113
64119
64127
64133
64141
64147
64155
64161
64169
64175
64183
64189
64197
64203
64211
64217
64225
64231
64239
64245
64253
64259
64267
64273
64281
64287
64295
64301
64309
64315
64323
64329
64337
64343
64351
64357
64365
64371
64379
64385
64393
64399
64407
64415
64423
64431
64439
64447
64455
64463
64471
64479
64487
64495
64503
64511
64519
64527
64535
64543
64551
64559
64567
64575
64583
64591
64599
64607
64615
64623
64631
64639
64647
64655
64663
64671
64679
64687
64695
64703
64711
64719
64727
64735
64743
64751
64759
64767
64775
64783
64791
64799
64807
64815
64823
64831
64839
64847
64855
64863
64871
64879
64887
64895
64903
64911
64919
64927
64935
64943
64951
64959
64967
64975
64983
64991
64999
65007
65015
65023
65031
65039
65047
65058
65068
65080
65090
65101
65111
65123
65133
65145
65154
65166
65176
65188
65197
65209
65219
65231
65241
65252
65262
65274
65284
65295
65305
65317
65327
65339
65348
65360
65370
65382
65392
65403
65413
65425
65435
65446
65456
65468
65478
65490
65499
65511
65521
65533
65542
65554
65564
65576
65583
65588
65596
65601
65609
65614
65622
65627
65635
65640
65647
65653
65660
65666
65673
65679
65686
65692
65699
65704
65712
65717
65725
65730
65738
65743
65751
65756
65763
65769
65776
65782
65789
65795
65802
65808
65815
65821
65828
65833
65841
65846
65854
65859
65867
65872
65880
65885
65892
65898
65905
65911
65918
65924
65931
65937
65944
65949
65957
65962
65970
65975
65983
65988
65996
66001
66009
66014
66021
66027
66034
66040
66047
66053
66062
66069
66078
66085
66094
66101
66110
66118
66127
66134
66143
66150
66159
66166
66176
66183
66192
66199
66208
66215
66224
66231
66241
66248
66257
66264
66273
66280
66289
66297
66306
66313
66322
66329
66338
66345
66355
66362
66371
66378
66387
66394
66403
66410
66420
66427
66436
66443
66452
66459
66468
66476
66485
66492
66501
66508
66517
66524
66533
66541
66550
66557
66566
66573
66582
66589
66599
66606
66615
66622
66631
66638
66647
66655
66664
66671
66680
66687
66696
66703
66712
66720
66729
66736
66745
66752
66759
66764
66771
66777
66784
66789
66796
66802
66809
66814
66822
66827
66834
66839
66847
66852
66859
66864
66872
66877
66884
66890
66897
66902
66909
66915
66922
66927
66934
66940
66947
66952
66960
66965
66972
66977
66985
66990
66997
67002
67010
67015
67022
67028
67035
67040
67047
67053
67060
67065
67072
67078
67085
67090
67098
67103
67110
67115
67123
67128
67135
67140
67148
67153
67160
67166
67173
67178
67185
67191
67198
67203
67212
67220
67230
67238
67248
67256
67265
67273
67283
67291
67301
67309
67318
67326
67336
67344
67354
67362
67372
67379
67389
67397
67407
67415
67425
67432
67442
67450
67460
67468
67478
67485
67495
67503
67513
67521
67531
67539
67548
67556
67566
67574
67584
67592
67601
67609
67619
67627
67637
67645
67654
67662
67672
67680
67690
67698
67708
67715
67725
67733
67743
67751
67761
67768
67778
67786
67796
67804
67814
67822
67831
67839
67849
67857
67867
67874
67880
67887
67893
67900
67906
67913
67919
67926
67932
67939
67945
67952
67958
67965
67971
67978
67984
67991
67997
68004
68010
68017
68023
68030
68036
68043
68049
68056
68062
68069
68075
68082
68088
68096
68101
68109
68114
68122
68127
68135
68140
68148
68153
68161
68166
68174
68179
68187
68192
68200
68205
68213
68218
68226
68231
68239
68244
68252
68257
68265
68270
68278
68283
68291
68296
68308
68319
68332
68343
68356
68367
68379
68390
68403
68414
68427
68438
68450
68461
68474
68485
68498
68509
68522
68532
68545
68556
68569
68580
68593
68603
68616
68627
68640
68651
68664
68675
68687
68698
68711
68722
68735
68746
68758
68769
68779
68788
68799
68808
68819
68828
68839
68848
68859
68868
68879
68888
68898
68907
68918
68927
68938
68947
68958
68967
68978
68987
68998
69007
69017
69026
69037
69046
69057
69066
69077
69086
69097
69106
69117
69126
69136
69145
69156
69165
69176
69185
69196
69205
69216
69225
69236
69245
69255
69264
69275
69284
69295
69304
69315
69324
69331
69340
69347
69357
69364
69373
69380
69390
69397
69406
69413
69423
69430
69439
69446
69456
69463
69472
69479
69489
69496
69505
69512
69522
69529
69538
69545
69555
69562
69571
69578
69587
69595
69604
69611
69620
69628
69637
69644
69653
69661
69670
69677
69686
69694
69703
69710
69719
69727
69736
69743
69752
69760
69769
69776
69785
69793
69802
69809
69818
69825
69835
69842
69851
69858
69868
69875
69884
69891
69901
69908
69917
69924
69934
69941
69950
69957
69967
69976
69984
69994
70001
70011
70019
70029
70036
70046
70054
70064
70071
70081
70089
70099
70106
70116
70124
70134
70141
70151
70159
70169
70176
70186
70194
70203
70211
70221
70229
70238
70246
70256
70264
70273
70281
70291
70299
70308
70316
70326
70334
70343
70351
70361
70369
70378
70386
70396
70403
70413
70421
70431
70438
70448
70456
70466
70473
70483
70491
70501
70508
70518
70526
70533
70538
70546
70551
70558
70564
70571
70577
70584
70589
70597
70602
70610
70615
70622
70628
70635
70640
70648
70653
70661
70666
70673
70679
70686
70692
70699
70704
70712
70717
70724
70730
70737
70743
70750
70755
70763
70768
70776
70781
70788
70794
70801
70807
70814
70819
70827
70832
70839
70845
70852
70858
70865
70870
70878
70883
70891
70896
70903
70909
70916
70921
70929
70934
70942
70947
70954
70960
70967
70973
70980
70985
70993
70998
71005
71011
71018
71024
71031
71036
71044
71049
71057
71062
71069
71075
71082
71088
71095
71100
71109
71117
71127
71135
71145
71153
71163
71171
71181
71188
71198
71206
71216
71224
71234
71242
71252
71260
71270
71277
71287
71295
71305
71313
71323
71331
71341
71349
71358
71366
71376
71384
71394
71402
71412
71420
71430
71438
71447
71455
71465
71473
71483
71491
71501
71509
71519
71526
71536
71544
71554
71562
71572
71580
71590
71598
71608
71615
71625
71633
71643
71651
71659
71666
71675
71682
71691
71698
71707
71714
71723
71730
71739
71746
71755
71761
71770
71777
71786
71793
71802
71809
71818
71825
71834
71841
71850
71857
71866
71872
71881
71888
71897
71904
71913
71920
71929
71936
71945
71952
71961
71968
71976
71983
71992
71999
72008
72015
72024
72031
72040
72047
72056
72063
72072
72079
72087
72094
72103
72110
72119
72126
72135
72142
72151
72158
72166
72172
72181
72187
72196
72202
72210
72217
72225
72232
72240
72246
72255
72261
72270
72276
72284
72291
72299
72306
72314
72320
72329
72335
72344
72350
72358
72365
72373
72380
72388
72395
72403
72409
72418
72424
72433
72439
72447
72454
72462
72469
72477
72483
72492
72498
72507
72513
72521
72528
72536
72543
72551
72558
72565
72573
72580
72588
72595
72603
72609
72618
72624
72633
72639
72647
72654
72662
72669
72677
72683
72692
72698
72707
72713
72721
72730
72737
72746
72753
72762
72770
72779
72786
72795
72802
72811
72819
72828
72835
72844
72851
72860
72868
72877
72884
72893
72900
72909
72917
72926
72933
72942
72949
72958
72966
72975
72982
72991
72998
73007
73015
73024
73031
73040
73047
73056
73064
73073
73080
73089
73096
73105
73113
73122
73129
73138
73145
73154
73162
73171
73178
73187
73194
73203
73211
73220
73227
73236
73244
73254
73262
73271
73279
73289
73297
73306
73314
73324
73332
73341
73349
73359
73367
73376
73384
73394
73402
73411
73419
73429
73437
73446
73454
73464
73472
73482
73489
73499
73507
73517
73524
73534
73542
73552
73559
73569
73577
73587
73594
73604
73612
73622
73629
73639
73647
73657
73664
73674
73682
73692
73700
73710
73718
73728
73736
73746
73754
73764
73772
73782
73790
73800
73808
73818
73826
73836
73844
73854
73862
73872
73880
73890
73898
73908
73916
73926
73934
73944
73952
73962
73970
73980
73988
73998
74006
74016
74024
74034
74042
74052
74060
74070
74078
74088
74096
74106
74114
74124
74132
74142
74150
74160
74168
74178
74186
74196
74204
74214
74222
74232
74240
74250
74258
74268
74276
74286
74294
74304
74312
74322
74330
74337
74343
74351
74357
74364
74370
74378
74384
74391
74397
74405
74411
74418
74424
74432
74438
74445
74451
74459
74465
74473
74478
74486
74492
74500
74505
74513
74519
74527
74532
74540
74546
74554
74559
74567
74573
74581
74587
74594
74600
74608
74614
74621
74627
74635
74641
74648
74654
74662
74668
74675
74681
74689
74695
74703
74708
74716
74722
74730
74735
74743
74749
74757
74762
74770
74776
74784
74789
74797
74803
74811
74817
74824
74830
74838
74844
74851
74857
74865
74871
74878
74884
74892
74898
74905
74911
74919
74925
74933
74938
74946
74952
74960
74965
74973
74979
74987
74992
75000
75006
75014
75019
75027
75033
75041
75047
75054
75060
75068
75075
75080
75087
75092
75100
75105
75112
75117
75124
75130
75137
75142
75149
75154
75162
75167
75174
75179
75187
75192
75199
75204
75211
75217
75224
75229
75236
75241
75249
75254
75261
75266
75273
75279
75286
75291
75298
75304
75311
75316
75323
75328
75336
75341
75348
75353
75360
75366
75373
75378
75385
75390
75398
75403
75410
75415
75423
75428
75435
75440
75447
75453
75460
75465
75472
75477
75485
75490
75497
75506
75514
75524
75531
75541
75549
75558
75566
75576
75583
75593
75601
75610
75618
75628
75635
75645
75653
75662
75670
75680
75687
75697
75705
75714
75722
75732
75739
75749
75757
75766
75774
75784
75792
75801
75809
75819
75826
75836
75844
75853
75861
75871
75878
75888
75896
75905
75913
75923
75930
75940
75948
75957
75965
75975
75982
75992
76000
76009
76017
76027
76034
76044
76052
76061
76069
76079
76087
76096
76104
76112
76118
76126
76132
76140
76147
76155
76161
76169
76175
76184
76190
76198
76204
76212
76219
76227
76233
76241
76247
76256
76262
76270
76276
76284
76291
76299
76305
76313
76319
76328
76334
76342
76348
76356
76362
76371
76377
76385
76391
76399
76406
76414
76420
76428
76434
76443
76449
76457
76463
76471
76478
76486
76492
76500
76506
76515
76521
76529
76535
76543
76550
76558
76564
76572
76578
76587
76593
76601
76607
76615
76621
76630
76636
76644
76650
76658
76665
76673
76679
76687
76693
76702
76708
76716
76722
76730
76737
76745
76754
76762
76772
76780
76790
76798
76808
76816
76826
76834
76844
76851
76861
76869
76879
76887
76897
76905
76915
76923
76933
76941
76951
76958
76968
76976
76986
76994
77004
77012
77022
77030
77040
77048
77058
77065
77075
77083
77093
77101
77111
77119
77129
77137
77147
77155
77165
77172
77182
77190
77200
77208
77218
77226
77236
77244
77254
77262
77272
77279
77289
77297
77307
77314
77319
77326
77332
77339
77344
77352
77357
77364
77370
77377
77382
77390
77395
77402
77408
77415
77420
77428
77433
77440
77446
77453
77458
77466
77471
77478
77484
77491
77496
77503
77509
77516
77521
77529
77534
77541
77547
77554
77559
77567
77572
77579
77585
77592
77597
77605
77610
77617
77623
77630
77635
77643
77648
77655
77661
77668
77673
77681
77686
77693
77698
77706
77711
77718
77724
77731
77736
77744
77749
77756
77762
77769
77774
77782
77787
77794
77800
77807
77812
77820
77825
77832
77838
77845
77850
77858
77863
77870
77876
77883
77888
77895
77901
77908
77913
77921
77926
77933
77941
77948
77956
77963
77972
77978
77987
77994
78002
78009
78018
78024
78033
78040
78048
78055
78064
78070
78079
78086
78094
78101
78110
78116
78125
78132
78140
78147
78156
78162
78171
78178
78186
78193
78202
78208
78217
78224
78232
78239
78247
78254
78263
78269
78278
78285
78293
78300
78309
78315
78324
78331
78339
78346
78355
78361
78370
78377
78385
78391
78400
78406
78414
78421
78429
78436
78444
78450
78459
78465
78474
78480
78488
78495
78503
78510
78518
78524
78533
78539
78548
78554
78562
78569
78577
78584
78592
78598
78607
78613
78622
78628
78636
78643
78651
78658
78666
78672
78681
78687
78696
78702
78710
78717
78725
78732
78740
78746
78755
78761
78770
78776
78784
78791
78799
78806
78814
78820
78829
78835
78844
78850
78858
78865
78873
78880
78888
78895
78900
78907
78913
78920
78925
78933
78938
78945
78951
78958
78963
78971
78976
78983
78988
78996
79001
79008
79014
79021
79026
79034
79039
79046
79052
79059
79064
79072
79077
79084
79089
79097
79102
79109
79115
79122
79127
79135
79140
79147
79153
79160
79165
79173
79178
79185
79190
79198
79203
79210
79216
79223
79228
79236
79241
79248
79254
79261
79266
79274
79279
79286
79291
79299
79304
79311
79317
79324
79329
79337
79342
79349
79355
79362
79367
79375
79380
79387
79392
79400
79405
79412
79418
79425
79430
79438
79443
79450
79456
79463
79468
79476
79481
79488
79493
79501
79506
79513
79519
79526
79531
79539
79550
79559
79570
79580
79591
79600
79612
79621
79632
79642
79653
79662
79674
79683
79694
79703
79715
79724
79735
79745
79756
79765
79777
79786
79797
79807
79818
79827
79838
79848
79859
79868
79880
79889
79900
79910
79921
79930
79942
79951
79962
79971
79983
79992
80003
80013
80024
80033
80045
80054
80065
80075
80086
80095
80107
80117
80125
80136
80144
80154
80163
80173
80181
80192
80200
80210
80219
80229
80237
80248
80256
80266
80275
80285
80293
80304
80312
80322
80331
80341
80349
80360
80368
80379
80387
80397
80406
80416
80424
80435
80443
80453
80462
80472
80480
80491
80499
80509
80518
80528
80536
80547
80555
80565
80574
80584
80592
80603
80611
80622
80630
80640
80649
80656
80661
80668
80673
80681
80686
80693
80698
80705
80711
80718
80723
80730
80736
80743
80748
80755
80760
80768
80773
80780
80785
80793
80798
80805
80810
80817
80823
80830
80835
80842
80847
80855
80860
80867
80872
80880
80885
80892
80897
80904
80910
80917
80922
80929
80935
80942
80947
80954
80959
80967
80972
80979
80984
80991
80997
81004
81009
81016
81022
81029
81034
81041
81046
81054
81059
81066
81071
81079
81084
81091
81096
81103
81109
81116
81121
81128
81133
81141
81146
81153
81162
81170
81179
81187
81196
81204
81213
81221
81230
81238
81247
81255
81264
81272
81281
81289
81298
81306
81315
81323
81332
81340
81350
81357
81367
81374
81384
81391
81401
81408
81418
81425
81435
81442
81452
81459
81469
81476
81486
81493
81503
81510
81520
81528
81536
81546
81553
81563
81570
81580
81587
81597
81604
81614
81621
81631
81638
81648
81655
81665
81672
81682
81689
81699
81706
81716
81724
81733
81741
81750
81758
81767
81775
81784
81791
81801
81808
81818
81825
81834
81842
81851
81859
81868
81875
81885
81892
81902
81909
81918
81926
81935
81943
81952
81960
81969
81976
81986
81993
82003
82010
82019
82027
82036
82044
82053
82060
82070
82077
82087
82094
82103
82111
82120
82128
82137
82145
82154
82161
82171
82178
82188
82195
82204
82212
82221
82229
82238
82250
82260
82273
82283
82295
82306
82318
82328
82341
82351
82364
82374
82386
82397
82409
82419
82432
82442
82455
82465
82477
82488
82500
82510
82523
82533
82546
82556
82568
82579
82591
82601
82614
82624
82637
82647
82659
82670
82682
82692
82702
82710
82720
82728
82738
82746
82757
82765
82775
82783
82793
82801
82811
82820
82830
82838
82848
82856
82866
82875
82885
82893
82903
82911
82921
82929
82940
82948
82958
82966
82976
82984
82995
83003
83013
83021
83031
83039
83049
83058
83068
83076
83086
83094
83104
83113
83123
83131
83141
83149
83159
83167
83178
83186
83196
83204
83214
83222
83233
83245
83255
83268
83278
83290
83301
83313
83324
83336
83346
83359
83369
83382
83392
83404
83415
83427
83437
83450
83460
83473
83483
83495
83506
83518
83529
83541
83551
83564
83574
83586
83597
83609
83620
83632
83642
83655
83665
83678
83688
83700
83711
83723
83733
83746
83756
83769
83779
83791
83802
83814
83824
83837
83847
83859
83870
83882
83892
83905
83915
83928
83938
83950
83961
83973
83983
83996
84006
84019
84029
84041
84052
84064
84074
84087
84097
84110
84120
84132
84143
84155
84165
84178
84188
84201
84211
84223
84234
84246
84256
84269
84279
84292
84302
84314
84325
84337
84347
84360
84370
84383
84393
84405
84416
84428
84438
84451
84461
84474
84484
84496
84507
84515
84521
84529
84536
84544
84550
84558
84565
84573
84579
84587
84594
84602
84608
84616
84623
84631
84637
84645
84652
84660
84666
84674
84681
84689
84695
84703
84710
84718
84724
84732
84739
84747
84753
84761
84768
84776
84782
84790
84797
84805
84811
84819
84826
84834
84840
84848
84855
84863
84869
84878
84884
84892
84898
84907
84913
84921
84927
84936
84944
84950
84958
84965
84973
84979
84987
84994
85002
85008
85017
85023
85031
85037
85046
85052
85060
85066
85075
85081
85089
85096
85104
85110
85118
85125
85133
85139
85148
85154
85162
85168
85177
85183
85191
85197
85206
85212
85220
85227
85235
85241
85249
85256
85264
85270
85279
85285
85293
85299
85308
85314
85322
85328
85337
85343
85351
85358
85366
85372
85380
85387
85395
85401
85410
85416
85424
85430
85439
85445
85453
85459
85468
85474
85482
85489
85497
85503
85511
85518
85526
85532
85541
85547
85555
85561
85570
85576
85584
85590
85599
85605
85613
85620
85628
85634
85642
85649
85657
85663
85671
85678
85689
85699
85710
85720
85732
85742
85752
85764
85774
85784
85796
85806
85816
85828
85838
85848
85860
85870
85880
85892
85902
85912
85924
85934
85944
85956
85966
85976
85988
85998
86008
86020
86030
86040
86052
86062
86072
86084
86094
86104
86116
86126
86136
86148
86158
86168
86180
86190
86200
86212
86222
86232
86244
86254
86264
86276
86286
86296
86308
86318
86328
86340
86350
86359
86367
86376
86384
86393
86401
86411
86418
86428
86435
86445
86452
86462
86470
86479
86487
86496
86504
86513
86521
86531
86538
86548
86555
86565
86573
86582
86590
86599
86607
86616
86624
86634
86641
86651
86658
86668
86675
86685
86693
86702
86710
86719
86727
86736
86744
86754
86761
86771
86778
86788
86796
86805
86813
86821
86827
86836
86842
86850
86857
86865
86871
86880
86886
86894
86901
86909
86915
86924
86930
86938
86945
86953
86959
86968
86974
86982
86989
86997
87003
87012
87018
87026
87033
87041
87048
87056
87062
87071
87077
87085
87092
87100
87106
87115
87121
87129
87136
87144
87150
87159
87165
87173
87180
87188
87194
87203
87209
87217
87224
87232
87238
87247
87253
87261
87268
87276
87283
87291
87297
87306
87312
87320
87327
87335
87341
87350
87356
87364
87371
87379
87385
87394
87400
87408
87415
87423
87429
87438
87444
87452
87462
87470
87481
87489
87500
87508
87518
87527
87537
87546
87556
87565
87575
87583
87594
87602
87613
87621
87632
87640
87650
87659
87669
87678
87688
87697
87707
87715
87726
87734
87745
87753
87764
87772
87782
87791
87801
87810
87820
87829
87839
87847
87858
87866
87877
87885
87896
87904
87914
87923
87933
87942
87952
87961
87971
87979
87990
87998
88009
88017
88028
88036
88046
88055
88065
88072
88077
88084
88089
88096
88101
88108
88113
88121
88126
88133
88138
88145
88150
88157
88162
88170
88175
88182
88187
88194
88199
88206
88211
88219
88224
88231
88236
88243
88248
88255
88260
88268
88273
88280
88285
88292
88297
88304
88309
88317
88322
88329
88334
88341
88346
88353
88358
88365
88371
88378
88383
88390
88395
88402
88407
88414
88420
88427
88432
88439
88444
88451
88456
88463
88469
88476
88481
88488
88493
88500
88505
88512
88518
88525
88530
88537
88542
88549
88554
88561
88567
88574
88579
88586
88591
88598
88603
88610
88616
88623
88628
88635
88640
88647
88652
88659
88665
88671
88678
88683
88691
88696
88704
88709
88716
88722
88729
88735
88742
88747
88755
88760
88768
88773
88780
88786
88793
88799
88806
88811
88819
88824
88832
88837
88844
88850
88857
88863
88870
88876
88883
88888
88896
88901
88909
88914
88921
88927
88934
88940
88947
88952
88960
88965
88973
88978
88985
88991
88998
89004
89011
89016
89024
89029
89037
89042
89050
89055
89062
89068
89075
89081
89088
89093
89101
89106
89114
89119
89126
89132
89139
89145
89152
89157
89165
89170
89178
89183
89190
89196
89203
89209
89216
89221
89229
89234
89242
89247
89255
89260
89267
89273
89280
89286
89293
89298
89306
89311
89319
89330
89339
89350
89359
89371
89380
89391
89400
89411
89421
89432
89441
89452
89461
89473
89482
89493
89502
89513
89523
89534
89543
89554
89563
89575
89584
89595
89604
89615
89625
89636
89645
89656
89665
89677
89686
89697
89706
89717
89727
89738
89747
89758
89767
89779
89788
89799
89808
89819
89829
89840
89849
89860
89870
89881
89890
89901
89910
89922
89931
89942
89950
89957
89965
89972
89981
89987
89996
90003
90011
90018
90026
90033
90042
90048
90057
90064
90072
90079
90088
90094
90103
90109
90118
90125
90133
90140
90149
90155
90164
90171
90179
90186
90194
90201
90210
90216
90225
90232
90240
90247
90255
90262
90271
90277
90286
90293
90301
90308
90317
90323
90332
90338
90347
90354
90362
90369
90378
90384
90393
90400
90408
90415
90423
90430
90439
90445
90454
90461
90469
90476
90484
90491
90500
90506
90515
90522
90530
90537
90546
90552
90561
90567
90576
90583
90591
90598
90607
90613
90622
90631
90639
90648
90656
90666
90673
90683
90691
90700
90708
90718
90725
90735
90743
90752
90760
90770
90777
90787
90795
90804
90812
90822
90829
90839
90847
90856
90864
90874
90881
90891
90899
90908
90916
90926
90933
90943
90951
90960
90968
90978
90985
90995
91003
91012
91020
91030
91037
91047
91055
91064
91072
91082
91089
91099
91107
91116
91124
91134
91141
91151
91159
91168
91176
91184
91190
91199
91205
91214
91220
91229
91235
91244
91250
91259
91265
91274
91280
91289
91295
91304
91310
91319
91325
91334
91340
91348
91355
91363
91370
91378
91385
91393
91400
91408
91415
91423
91430
91438
91445
91453
91460
91468
91475
91483
91490
91498
91504
91513
91519
91528
91534
91543
91549
91558
91564
91573
91579
91588
91594
91603
91609
91618
91624
91633
91639
91648
91655
91660
91668
91673
91680
91686
91693
91698
91706
91711
91718
91724
91731
91736
91744
91749
91756
91762
91769
91774
91782
91787
91794
91800
91807
91812
91820
91825
91833
91838
91845
91851
91858
91863
91871
91876
91883
91889
91896
91901
91909
91914
91921
91927
91934
91939
91947
91952
91959
91965
91972
91977
91985
91990
91998
92003
92010
92016
92023
92028
92036
92041
92048
92054
92061
92066
92074
92079
92086
92092
92099
92104
92111
92116
92123
92128
92135
92140
92147
92152
92159
92164
92171
92176
92183
92188
92196
92201
92208
92213
92220
92225
92232
92237
92244
92249
92256
92261
92268
92273
92280
92286
92293
92298
92305
92310
92317
92322
92329
92334
92341
92346
92353
92358
92365
92370
92378
92383
92390
92395
92402
92407
92414
92419
92426
92431
92438
92443
92450
92455
92462
92468
92475
92480
92487
92492
92499
92504
92511
92516
92523
92528
92535
92540
92547
92552
92560
92565
92572
92577
92584
92589
92596
92601
92608
92615
92621
92629
92635
92642
92648
92656
92662
92670
92675
92683
92689
92697
92702
92710
92716
92724
92730
92737
92743
92751
92757
92765
92770
92778
92784
92792
92797
92805
92811
92819
92825
92832
92838
92846
92852
92859
92865
92873
92879
92887
92892
92900
92906
92914
92920
92927
92933
92941
92947
92954
92960
92968
92974
92982
92987
92995
93001
93009
93015
93022
93028
93036
93042
93049
93055
93063
93069
93077
93082
93090
93096
93104
93109
93117
93123
93131
93137
93144
93150
93158
93164
93172
93177
93185
93191
93199
93204
93212
93218
93226
93236
93244
93255
93263
93274
93282
93292
93301
93311
93320
93330
93338
93349
93357
93368
93376
93386
93395
93405
93414
93424
93432
93443
93451
93462
93470
93480
93489
93499
93508
93518
93526
93537
93545
93556
93564
93574
93583
93593
93602
93612
93620
93631
93639
93650
93658
93669
93677
93687
93696
93706
93713
93718
93725
93731
93738
93743
93751
93756
93763
93768
93776
93781
93788
93794
93801
93806
93813
93819
93826
93831
93839
93844
93851
93856
93864
93869
93876
93882
93889
93894
93901
93907
93914
93919
93927
93932
93939
93944
93952
93957
93964
93970
93977
93982
93990
93995
94002
94007
94015
94020
94027
94033
94040
94045
94052
94058
94065
94070
94078
94083
94090
94095
94103
94108
94115
94121
94128
94133
94140
94146
94153
94158
94166
94171
94178
94183
94191
94196
94203
94209
94216
94221
94229
94234
94241
94246
94254
94259
94266
94272
94279
94284
94291
94300
94307
94316
94323
94332
94340
94349
94356
94365
94372
94381
94389
94398
94405
94414
94421
94430
94438
94447
94454
94463
94470
94479
94487
94496
94503
94512
94519
94528
94536
94545
94552
94561
94568
94577
94585
94594
94601
94610
94617
94626
94634
94643
94650
94659
94666
94675
94683
94692
94699
94708
94715
94724
94732
94741
94748
94757
94764
94773
94781
94790
94797
94806
94813
94822
94830
94839
94846
94855
94862
94871
94879
94888
94895
94904
94911
94920
94928
94937
94944
94953
94960
94968
94975
94984
94991
95000
95007
95016
95023
95032
95039
95047
95054
95063
95070
95079
95086
95095
95102
95111
95118
95127
95133
95142
95149
95158
95165
95174
95181
95190
95197
95206
95212
95221
95228
95237
95244
95253
95260
95269
95276
95285
95292
95300
95307
95316
95323
95332
95339
95348
95355
95364
95371
95379
95386
95395
95402
95411
95418
95427
95434
95443
95450
95459
95465
95474
95481
95490
95497
95506
95513
95522
95529
95538
95545
95554
95562
95571
95578
95587
95594
95603
95611
95620
95627
95636
95643
95653
95660
95669
95676
95685
95692
95702
95709
95718
95725
95734
95742
95751
95758
95767
95774
95783
95791
95800
95807
95816
95823
95833
95840
95849
95856
95865
95872
95882
95889
95898
95905
95914
95921
95931
95938
95947
95954
95963
95971
95980
95987
95996
96003
96012
96020
96029
96036
96045
96052
96062
96069
96078
96085
96094
96101
96111
96118
96127
96134
96143
96151
96161
96170
96181
96190
96200
96209
96220
96229
96239
96248
96259
96268
96278
96287
96298
96307
96317
96326
96337
96346
96356
96365
96376
96385
96395
96404
96415
96424
96434
96443
96454
96463
96473
96482
96493
96502
96512
96521
96532
96541
96551
96560
96571
96580
96591
96599
96610
96619
96630
96638
96649
96658
96669
96677
96688
96697
96708
96716
96727
96736
96747
96755
96766
96775
96786
96794
96805
96814
96825
96833
96844
96851
96856
96864
96869
96876
96882
96889
96895
96902
96907
96915
96920
96927
96933
96940
96946
96953
96958
96966
96971
96978
96984
96991
96997
97004
97009
97017
97022
97029
97035
97042
97048
97055
97060
97068
97073
97080
97086
97093
97099
97106
97111
97119
97124
97131
97137
97144
97150
97157
97162
97170
97175
97182
97188
97195
97201
97208
97213
97221
97226
97233
97239
97246
97252
97259
97264
97272
97277
97284
97290
97297
97303
97310
97315
97323
97328
97335
97341
97348
97354
97361
97366
97374
97379
97386
97392
97399
97405
97412
97417
97425
97430
97437
97444
97449
97456
97461
97468
97474
97481
97486
97493
97498
97505
97511
97518
97523
97530
97535
97542
97548
97555
97560
97567
97572
97579
97585
97592
97597
97604
97609
97616
97622
97629
97634
97641
97646
97653
97659
97666
97671
97678
97683
97690
97696
97703
97708
97715
97720
97727
97733
97740
97745
97752
97757
97764
97770
97777
97782
97789
97794
97802
97807
97814
97819
97826
97831
97839
97844
97851
97856
97863
97868
97876
97881
97888
97893
97900
97905
97913
97918
97925
97930
97937
97942
97950
97955
97962
97967
97974
97979
97987
97992
97999
98004
98011
98016
98024
98029
98041
98051
98063
98073
98085
98096
98108
98118
98130
98140
98153
98163
98175
98185
98197
98207
98220
98230
98242
98252
98264
98275
98287
98297
98309
98319
98331
98342
98354
98364
98376
98386
98399
98409
98421
98431
98443
98453
98466
98476
98488
98498
98506
98512
98520
98526
98534
98540
98548
98554
98562
98568
98576
98582
98590
98596
98604
98610
98618
98624
98633
98639
98647
98653
98661
98667
98675
98681
98689
98695
98703
98709
98717
98723
98731
98737
98745
98751
98760
98766
98774
98780
98788
98794
98802
98808
98816
98822
98830
98836
98844
98850
98858
98864
98872
98878
98887
98893
98901
98907
98915
98921
98929
98935
98943
98949
98957
98963
98971
98977
98985
98991
98999
99005
99013
99020
99028
99034
99042
99048
99056
99062
99070
99076
99084
99090
99098
99104
99112
99118
99126
99132
99140
99147
99155
99161
99169
99175
99183
99189
99197
99203
99211
99217
99225
99231
99238
99244
99251
99257
99264
99270
99277
99283
99290
99296
99303
99309
99316
99322
99329
99335
99342
99348
99355
99361
99368
99374
99381
99387
99394
99400
99407
99413
99421
99426
99434
99439
99447
99452
99460
99465
99473
99478
99486
99491
99499
99504
99512
99517
99525
99530
99538
99543
99551
99556
99564
99569
99577
99582
99590
99596
99603
99609
99616
99622
99629
99635
99642
99648
99655
99661
99668
99674
99681
99687
99694
99700
99707
99713
99720
99726
99733
99739
99746
99752
99759
99765
99773
99778
99786
99791
99799
99804
99812
99817
99825
99830
99838
99843
99851
99856
99864
99870
99879
99885
99894
99900
99909
99915
99924
99930
99939
99945
99953
99960
99968
99975
99983
99990
99998
100005
100013
100020
100028
100034
100043
100049
100058
100064
100073
100079
100088
100094
100103
100109
100118
100124
100132
100139
100147
100154
100162
100169
100177
100184
100192
100199
100207
100213
100222
100228
100237
100243
100252
100258
100267
100273
100282
100288
100297
100303
100311
100318
100326
100333
100341
100348
100356
100363
100371
100378
100386
100392
100401
100407
100416
100422
100431
100437
100446
100452
100461
100467
100476
100482
100490
100497
100505
100512
100520
100527
100535
