11
21
32
42
53
63
74
84
95
105
116
126
137
147
158
168
179
189
200
210
222
231
243
252
264
273
285
294
306
315
327
336
348
357
369
378
390
400
410
422
431
443
452
464
473
485
494
506
515
527
536
548
557
569
578
590
600
610
622
631
643
652
664
673
684
694
705
715
727
736
748
758
769
779
791
800
812
822
833
843
855
864
876
886
897
907
919
928
940
950
961
971
983
992
1004
1014
1025
1035
1047
1056
1068
1077
1089
1099
1110
1120
1132
1141
1153
1163
1174
1184
1196
1205
1217
1227
1238
1248
1260
1269
1281
1291
1302
1312
1324
1335
1344
1355
1365
1376
1385
1397
1406
1417
1427
1438
1447
1459
1468
1479
1488
1500
1509
1520
1530
1541
1550
1562
1571
1582
1592
1603
1612
1623
1633
1644
1653
1665
1674
1685
1695
1706
1715
1727
1736
1747
1756
1768
1777
1788
1798
1809
1818
1830
1839
1850
1860
1871
1880
1892
1901
1912
1921
1933
1942
1953
1963
1974
1985
1995
2006
2016
2027
2037
2049
2058
2070
2079
2091
2100
2112
2122
2133
2143
2154
2164
2175
2185
2197
2206
2218
2227
2239
2248
2260
2270
2281
2291
2302
2312
2323
2333
2345
2354
2366
2375
2387
2396
2408
2418
2429
2439
2450
2460
2471
2481
2493
2502
2514
2523
2535
2544
2556
2566
2577
2587
2598
2607
2619
2628
2640
2649
2661
2670
2681
2691
2702
2712
2723
2733
2744
2753
2765
2774
2786
2795
2807
2816
2827
2837
2848
2858
2869
2879
2890
2900
2911
2920
2932
2941
2953
2962
2974
2983
2994
3004
3015
3025
3036
3046
3057
3067
3077
3088
3098
3109
3119
3130
3140
3151
3160
3172
3181
3193
3202
3214
3225
3235
3246
3256
3267
3277
3288
3298
3309
3319
3330
3340
3351
3361
3372
3382
3393
3403
3414
3424
3435
3445
3456
3466
3477
3487
3498
3508
3519
3529
3540
3550
3561
3571
3582
3592
3603
3613
3624
3634
3645
3655
3666
3676
3687
3697
3708
3718
3729
3739
3750
3760
3771
3781
3792
3802
3813
3823
3834
3844
3855
3865
3876
3887
3897
3909
3918
3930
3940
3952
3961
3973
3983
3994
4004
4016
4026
4037
4047
4059
4069
4080
4090
4102
4111
4123
4133
4145
4154
4166
4176
4187
4197
4209
4219
4230
4240
4252
4262
4273
4283
4295
4304
4316
4326
4338
4347
4359
4369
4381
4390
4402
4412
4423
4433
4445
4455
4466
4477
4486
4497
4507
4518
4527
4539
4548
4559
4569
4580
4589
4601
4610
4621
4631
4642
4651
4663
4672
4683
4692
4704
4713
4724
4734
4745
4754
4766
4775
4786
4796
4807
4816
4828
4837
4848
4858
4869
4878
4890
4899
4910
4919
4931
4940
4951
4961
4972
4981
4993
5002
5013
5023
5034
5043
5055
5064
5075
5085
5096
5106
5117
5127
5139
5148
5160
5170
5181
5191
5203
5212
5224
5234
5245
5255
5267
5276
5288
5297
5309
5319
5330
5340
5352
5361
5373
5383
5394
5404
5416
5425
5437
5447
5458
5468
5479
5489
5501
5510
5522
5532
5543
5553
5565
5574
5586
5596
5607
5617
5629
5638
5650
5659
5671
5681
5692
5702
5714
5723
5734
5743
5755
5764
5775
5785
5796
5806
5817
5826
5838
5847
5859
5868
5879
5889
5900
5910
5921
5930
5942
5951
5962
5972
5983
5993
6004
6013
6025
6034
6046
6055
6066
6076
6087
6097
6108
6117
6129
6138
6149
6159
6170
6180
6191
6200
6212
6221
6233
6242
6253
6263
6274
6284
6295
6304
6316
6325
6336
6346
6357
6367
6378
6387
6398
6408
6419
6428
6440
6449
6460
6470
6481
6490
6502
6511
6522
6531
6543
6552
6563
6573
6584
6593
6605
6614
6625
6635
6646
6655
6666
6676
6687
6696
6708
6717
6728
6738
6749
6758
6770
6779
6790
6799
6811
6820
6831
6841
6852
6861
6873
6882
6893
6903
6914
6923
6935
6944
6955
6964
6976
6985
6996
7007
7017
7028
7038
7050
7059
7071
7080
7092
7102
7113
7123
7135
7144
7156
7165
7177
7187
7198
7208
7220
7229
7241
7250
7262
7272
7283
7293
7304
7314
7326
7335
7347
7357
7368
7378
7389
7399
7411
7420
7432
7442
7453
7463
7474
7484
7496
7505
7517
7526
7538
7548
7559
7569
7581
7590
7602
7611
7623
7633
7644
7654
7666
7675
7687
7697
7708
7718
7730
7740
7751
7761
7773
7783
7793
7805
7815
7826
7836
7848
7858
7868
7880
7890
7901
7911
7923
7933
7943
7955
7965
7976
7986
7998
8008
8018
8030
8040
8051
8061
8073
8083
8093
8105
8115
8126
8136
8148
8158
8168
8180
8190
8201
8211
8223
8233
8244
8253
8265
8274
8285
8295
8306
8315
8327
8336
8347
8357
8368
8377
8389
8398
8409
8419
8430
8439
8451
8460
8471
8481
8492
8501
8513
8522
8533
8543
8554
8564
8575
8584
8596
8605
8616
8626
8637
8646
8658
8667
8678
8688
8699
8708
8720
8729
8740
8750
8761
8770
8782
8791
8802
8812
8823
8833
8843
8854
8864
8875
8884
8896
8905
8916
8927
8936
8948
8957
8968
8978
8989
8999
9010
9019
9031
9040
9051
9061
9072
9082
9093
9102
9114
9123
9134
9144
9155
9165
9176
9185
9197
9206
9218
9227
9238
9248
9259
9268
9280
9289
9301
9310
9321
9331
9342
9351
9363
9372
9384
9393
9404
9414
9425
9435
9446
9455
9467
9476
9487
9497
9508
9518
9529
9540
9550
9562
9571
9583
9593
9604
9614
9626
9635
9647
9657
9668
9678
9690
9699
9711
9721
9733
9742
9754
9764
9775
9785
9797
9806
9818
9828
9839
9849
9861
9870
9882
9892
9903
9913
9925
9935
9946
9956
9968
9977
9989
9999
10010
10020
10032
10041
10053
10063
10074
10084
10096
10106
10117
10127
10139
10148
10160
10171
10181
10193
10202
10214
10224
10235
10245
10257
10267
10278
10288
10300
10310
10320
10332
10342
10353
10363
10375
10385
10395
10407
10417
10428
10438
10450
10460
10470
10482
10492
10503
10513
10525
10535
10545
10557
10567
10578
10588
10600
10610
10620
10632
10642
10653
10663
10675
10685
10695
10707
10717
10728
10738
10750
10760
10770
10782
10792
10803
10813
10824
10833
10845
10854
10865
10875
10886
10896
10907
10916
10928
10937
10949
10958
10969
10979
10990
11000
11011
11020
11032
11041
11052
11062
11073
11083
11094
11103
11115
11124
11136
11145
11156
11166
11177
11187
11198
11207
11219
11228
11239
11249
11260
11270
11281
11290
11302
11311
11323
11332
11343
11353
11364
11374
11385
11394
11406
11415
11426
11436
11447
11457
11468
11477
11489
11500
11509
11521
11530
11542
11551
11562
11572
11583
11593
11604
11614
11624
11635
11645
11656
11666
11677
11686
11698
11707
11719
11728
11739
11749
11760
11770
11781
11791
11802
11811
11823
11832
11844
11853
11864
11874
11885
11895
11906
11916
11927
11936
11948
11957
11969
11978
11989
11999
12010
12020
12031
12041
12052
12061
12073
12082
12094
12103
12114
12124
12135
12145
12156
12166
12177
12187
12198
12208
12220
12229
12241
12250
12262
12271
12283
12293
12304
12314
12325
12335
12347
12356
12368
12377
12389
12398
12410
12420
12431
12441
12452
12462
12474
12483
12495
12504
12516
12525
12537
12547
12558
12568
12579
12589
12601
12610
12622
12631
12643
12652
12664
12674
12685
12695
12706
12716
12728
12737
12749
12758
12770
12781
12790
12802
12811
12823
12832
12843
12853
12864
12874
12885
12894
12906
12915
12927
12936
12947
12957
12968
12978
12989
12998
13010
13019
13031
13040
13052
13061
13072
13082
13093
13103
13114
13123
13135
13144
13156
13165
13176
13186
13197
13207
13218
13227
13239
13248
13260
13269
13280
13290
13301
13311
13322
13332
13343
13352
13364
13373
13384
13393
13405
13414
13426
13435
13447
13456
13468
13477
13489
13498
13510
13519
13531
13540
13552
13561
13573
13582
13594
13603
13615
13624
13636
13645
13656
13666
13677
13687
13698
13708
13719
13729
13740
13750
13761
13771
13782
13792
13803
13813
13824
13834
13845
13855
13866
13876
13887
13897
13908
13917
13929
13938
13950
13959
13971
13982
13991
14003
14012
14024
14033
14045
14054
14066
14075
14087
14096
14108
14117
14128
14138
14149
14159
14170
14180
14191
14201
14212
14222
14233
14243
14254
14263
14275
14284
14296
14305
14317
14326
14338
14347
14359
14368
14380
14389
14400
14410
14421
14431
14442
14452
14463
14473
14484
14494
14505
14515
14526
14535
14547
14556
14568
14577
14588
14598
14610
14619
14631
14641
14652
14662
14674
14683
14695
14705
14716
14726
14738
14747
14759
14769
14781
14790
14802
14812
14823
14833
14845
14854
14866
14876
14887
14897
14909
14918
14930
14940
14951
14961
14973
14983
14994
15004
15016
15025
15037
15047
15058
15068
15080
15089
15101
15111
15122
15132
15144
15154
15165
15175
15186
15196
15208
15217
15229
15239
15250
15260
15272
15281
15293
15303
15314
15324
15336
15345
15357
15367
15379
15388
15400
15410
15421
15431
15443
15452
15464
15474
15485
15495
15507
15516
15528
15538
15549
15559
15571
15581
15592
15602
15614
15623
15635
15645
15656
15666
15678
15687
15699
15709
15720
15730
15742
15752
15763
15773
15784
15793
15805
15814
15826
15835
15847
15856
15868
15877
15889
15898
15910
15919
15931
15940
15952
15961
15973
15982
15994
16003
16015
16024
16036
16045
16056
16066
16077
16087
16098
16108
16119
16129
16140
16150
16161
16171
16182
16192
16203
16213
16224
16234
16245
16255
16266
16276
16287
16297
16308
16317
16329
16338
16350
16359
16370
16379
16391
16400
16412
16421
16433
16442
16454
16463
16475
16484
16496
16505
16517
16526
16538
16547
16559
16568
16580
16589
16601
16610
16622
16631
16643
16652
16664
16673
16685
16694
16706
16715
16727
16736
16748
16757
16769
16778
16790
16799
16811
16820
16832
16841
16853
16862
16873
16883
16894
16904
16915
16925
16936
16946
16957
16967
16978
16988
16999
17009
17020
17030
17041
17051
17062
17072
17083
17093
17104
17114
17125
17135
17146
17156
17168
17177
17189
17198
17210
17219
17231
17240
17252
17261
17273
17283
17294
17304
17315
17325
17336
17346
17357
17367
17378
17388
17400
17409
17421
17430
17442
17451
17463
17472
17484
17493
17505
17515
17526
17536
17547
17557
17568
17578
17589
17599
17610
17620
17632
17641
17653
17662
17673
17682
17694
17703
17715
17724
17735
17745
17756
17766
17777
17786
17798
17807
17819
17828
17839
17849
17860
17870
17881
17890
17902
17911
17923
17932
17944
17953
17964
17974
17985
17995
18006
18015
18027
18036
18048
18057
18068
18078
18089
18099
18110
18119
18131
18140
18152
18161
18172
18182
18193
18203
18214
18224
18235
18244
18256
18265
18276
18286
18298
18307
18319
18329
18340
18350
18362
18372
18383
18393
18405
18415
18425
18437
18447
18458
18468
18480
18490
18500
18512
18522
18533
18543
18555
18565
18575
18587
18597
18608
18618
18630
18640
18650
18662
18672
18683
18693
18705
18715
18725
18737
18747
18758
18768
18780
18790
18800
18812
18822
18833
18843
18855
18865
18875
18887
18897
18908
18919
18928
18940
18949
18960
18970
18981
18990
19002
19011
19023
19032
19043
19053
19064
19073
19085
19094
19106
19115
19126
19136
19147
19156
19168
19177
19189
19198
19209
19219
19230
19239
19251
19260
19272
19281
19292
19302
19313
19322
19334
19343
19354
19364
19375
19385
19396
19405
19417
19426
19437
19447
19458
19468
19479
19488
19500
19509
19520
19530
19541
19551
19562
19572
19584
19593
19605
19615
19626
19636
19648
19657
19669
19679
19690
19700
19712
19721
19733
19743
19754
19764
19776
19785
19797
19807
19818
19828
19840
19849
19861
19871
19882
19892
19904
19913
19925
19934
19946
19956
19967
19977
19989
19998
20010
20020
20031
20041
20053
20062
20074
20084
20095
20105
20117
20126
20138
20148
20159
20169
20180
20189
20201
20210
20221
20231
20242
20251
20263
20272
20283
20293
20304
20314
20325
20334
20346
20355
20366
20376
20387
20396
20408
20417
20429
20438
20449
20459
20470
20479
20491
20500
20511
20521
20532
20542
20553
20562
20574
20583
20594
20604
20615
20624
20636
20645
20657
20666
20677
20687
20698
20707
20719
20728
20739
20749
20760
20770
20781
20790
20802
20811
20822
20831
20843
20852
20863
20873
20884
20893
20905
20914
20926
20935
20946
20956
20967
20976
20988
20997
21009
21018
21029
21039
21050
21059
21071
21080
21092
21101
21112
21122
21133
21142
21154
21163
21175
21184
21195
21205
21216
21225
21237
21246
21257
21267
21278
21288
21299
21308
21320
21329
21340
21350
21361
21371
21382
21391
21403
21412
21423
21433
21444
21454
21465
21474
21486
21497
21506
21518
21527
21539
21548
21560
21569
21581
21590
21602
21611
21623
21632
21644
21653
21665
21674
21686
21695
21707
21716
21728
21737
21749
21758
21770
21779
21791
21800
21812
21821
21833
21842
21854
21863
21875
21884
21896
21905
21917
21926
21938
21947
21959
21968
21980
21989
22001
22010
22022
22031
22043
22052
22064
22073
22085
22094
22106
22115
22126
22136
22148
22157
22169
22179
22190
22200
22212
22221
22233
22243
22254
22264
22276
22285
22297
22307
22318
22328
22340
22349
22361
22371
22382
22392
22404
22413
22425
22435
22446
22456
22468
22477
22489
22499
22511
22520
22532
22542
22553
22563
22575
22584
22596
22606
22617
22627
22639
22648
22660
22670
22681
22691
22703
22712
22724
22734
22745
22754
22766
22775
22786
22796
22807
22816
22828
22837
22848
22858
22869
22879
22890
22899
22911
22920
22931
22941
22952
22961
22973
22982
22994
23003
23014
23024
23035
23044
23056
23065
23076
23086
23097
23107
23118
23127
23139
23148
23159
23169
23180
23189
23201
23210
23222
23231
23242
23252
23263
23272
23284
23293
23304
23314
23325
23335
23346
23357
23367
23378
23388
23399
23409
23420
23430
23441
23451
23463
23472
23484
23493
23505
23514
23526
23535
23547
23557
23568
23578
23589
23599
23610
23620
23631
23641
23653
23662
23674
23683
23695
23704
23716
23725
23737
23747
23758
23768
23779
23789
23800
23810
23821
23831
23843
23852
23864
23873
23885
23894
23906
23915
23927
23937
23948
23958
23969
23979
23990
24000
24011
24021
24033
24042
24054
24064
24075
24085
24097
24106
24118
24127
24139
24149
24160
24170
24182
24191
24203
24213
24224
24234
24245
24255
24267
24276
24288
24298
24309
24319
24331
24340
24352
24361
24373
24383
24394
24404
24416
24425
24437
24447
24458
24468
24479
24489
24501
24510
24522
24532
24543
24553
24565
24574
24585
24594
24606
24615
24626
24636
24647
24657
24668
24677
24689
24698
24709
24719
24730
24740
24751
24760
24772
24781
24792
24802
24813
24823
24834
24843
24855
24864
24876
24885
24896
24906
24917
24926
24938
24947
24959
24968
24979
24989
25000
25009
25021
25030
25042
25051
25062
25072
25083
25093
25104
25113
25125
25134
25145
25155
25166
25176
25187
25196
25207
25217
25228
25237
25249
25258
25269
25279
25290
25299
25311
25320
25331
25341
25352
25361
25373
25382
25393
25403
25414
25423
25435
25444
25455
25465
25476
25485
25497
25506
25517
25527
25538
25547
25559
25568
25579
25589
25600
25609
25621
25630
25641
25651
25662
25671
25683
25692
25703
25713
25724
25733
25744
25754
25765
25774
25786
25795
25806
25816
25827
25836
25847
25857
25868
25878
25889
25899
25910
25920
25931
25941
25952
25962
25974
25983
25995
26004
26016
26025
26037
26046
26058
26067
26079
26089
26100
26110
26121
26131
26142
26152
26163
26173
26184
26194
26206
26215
26227
26236
26248
26257
26269
26278
26290
26299
26311
26321
26332
26342
26353
26363
26374
26384
26395
26405
26416
26426
26438
26447
26459
26468
26480
26489
26501
26510
26521
26530
26542
26551
26563
26572
26584
26593
26604
26614
26625
26635
26646
26656
26667
26676
26688
26697
26709
26718
26730
26739
26750
26760
26771
26781
26792
26802
26813
26823
26834
26843
26855
26864
26876
26885
26897
26906
26917
26927
26938
26948
26959
26969
26980
26990
27000
27011
27021
27032
27042
27053
27063
27074
27083
27095
27104
27115
27125
27137
27146
27158
27168
27179
27189
27201
27211
27222
27232
27244
27253
27265
27275
27286
27296
27308
27318
27329
27339
27351
27360
27372
27382
27394
27403
27415
27425
27436
27446
27458
27467
27479
27489
27501
27510
27522
27532
27543
27553
27565
27575
27586
27596
27608
27617
27629
27639
27650
27660
27672
27682
27693
27703
27714
27724
27735
27745
27757
27766
27778
27787
27799
27809
27820
27830
27841
27851
27863
27872
27884
27893
27905
27915
27926
27936
27947
27957
27969
27978
27990
27999
28011
28021
28032
28042
28053
28063
28075
28084
28096
28105
28117
28127
28138
28148
28159
28169
28181
28190
28202
28211
28223
28233
28244
28254
28265
28275
28287
28296
28307
28317
28328
28338
28350
28359
28371
28381
28392
28402
28414
28423
28435
28445
28456
28466
28478
28487
28499
28509
28520
28530
28542
28551
28563
28573
28584
28594
28606
28615
28627
28637
28648
28658
28670
28679
28691
28700
28712
28722
28733
28743
28755
28764
28776
28786
28797
28807
28819
28828
28840
28850
28861
28871
28883
28892
28904
28914
28925
28935
28947
28956
28968
28979
28989
29001
29010
29022
29032
29043
29053
29065
29074
29086
29096
29107
29117
29129
29138
29150
29160
29172
29181
29193
29203
29214
29224
29236
29245
29257
29267
29278
29288
29300
29309
29321
29331
29342
29352
29364
29374
29385
29395
29407
29416
29428
29438
29449
29459
29471
29480
29492
29502
29513
29523
29535
29545
29556
29566
29578
29587
29599
29610
29619
29631
29640
29652
29661
29673
29682
29694
29703
29715
29724
29736
29745
29757
29766
29778
29787
29799
29808
29820
29829
29841
29850
29862
29871
29883
29892
29904
29913
29925
29934
29946
29955
29967
29976
29988
29997
30009
30018
30030
30039
30051
30060
30072
30081
30093
30102
30114
30123
30135
30144
30156
30165
30177
30186
30198
30207
30219
30230
30240
30252
30261
30273
30283
30294
30304
30316
30325
30337
30347
30358
30368
30380
30389
30401
30411
30422
30432
30444
30453
30465
30475
30486
30496
30508
30517
30529
30539
30550
30560
30572
30581
30593
30603
30615
30624
30636
30646
30657
30667
30679
30688
30700
30710
30721
30731
30743
30752
30764
30774
30785
30795
30807
30816
30828
30838
30849
30859
30871
30880
30892
30903
30912
30924
30933
30945
30954
30966
30975
30987
30996
31008
31017
31029
31038
31049
31059
31070
31080
31091
31101
31112
31122
31133
31143
31154
31164
31175
31184
31196
31205
31217
31226
31238
31247
31259
31268
31280
31289
31301
31310
31321
31331
31342
31352
31363
31373
31384
31394
31405
31415
31426
31436
31447
31456
31468
31477
31489
31500
31510
31521
31531
31542
31552
31563
31573
31584
31594
31605
31615
31626
31636
31648
31657
31669
31678
31690
31699
31711
31720
31732
31741
31753
31762
31774
31783
31795
31805
31816
31826
31837
31847
31858
31868
31879
31889
31900
31910
31921
31931
31943
31952
31964
31973
31985
31994
32006
32015
32027
32036
32048
32057
32069
32078
32090
32100
32111
32121
32132
32142
32154
32163
32175
32185
32197
32206
32218
32228
32239
32249
32261
32271
32282
32292
32304
32314
32325
32335
32347
32356
32368
32378
32390
32399
32411
32421
32432
32442
32454
32464
32475
32485
32497
32507
32518
32528
32540
32549
32561
32571
32583
32592
32604
32614
32626
32635
32647
32657
32668
32678
32690
32700
32711
32721
32733
32742
32754
32764
32775
32784
32796
32805
32817
32826
32838
32847
32859
32868
32880
32889
32901
32910
32922
32931
32943
32952
32964
32973
32985
32994
33006
33015
33027
33036
33048
33057
33069
33078
33090
33099
33111
33120
33132
33141
33153
33162
33174
33183
33195
33204
33216
33225
33237
33246
33258
33267
33278
33288
33299
33309
33320
33330
33341
33351
33362
33372
33383
33393
33404
33414
33426
33435
33447
33457
33468
33478
33490
33499
33511
33520
33532
33542
33553
33563
33575
33584
33596
33606
33617
33627
33638
33648
33660
33669
33681
33691
33702
33712
33724
33733
33745
33754
33766
33776
33787
33797
33809
33818
33830
33840
33851
33861
33872
33882
33894
33903
33915
33925
33936
33946
33958
33967
33979
33990
34000
34011
34021
34033
34042
34054
34064
34075
34085
34097
34106
34118
34127
34139
34149
34160
34170
34182
34191
34203
34213
34224
34234
34245
34255
34267
34276
34288
34298
34309
34319
34331
34340
34352
34361
34373
34383
34394
34404
34416
34425
34437
34447
34458
34468
34479
34489
34501
34510
34522
34532
34543
34553
34565
34574
34586
34597
34607
34619
34628
34640
34650
34662
34671
34683
34693
34704
34714
34726
34736
34747
34757
34769
34779
34790
34800
34812
34821
34833
34843
34855
34864
34876
34886
34897
34907
34919
34929
34940
34950
34962
34972
34983
34993
35005
35014
35026
35036
35048
35057
35069
35079
35091
35100
35112
35122
35133
35143
35155
35165
35176
35186
35198
35207
35219
35229
35241
35252
35262
35273
35283
35295
35304
35316
35326
35337
35347
35359
35368
35380
35390
35401
35411
35423
35432
35444
35453
35465
35475
35486
35496
35508
35517
35529
35539
35550
35560
35572
35581
35593
35603
35614
35624
35635
35645
35657
35666
35678
35688
35699
35709
35721
35730
35742
35752
35763
35773
35785
35794
35806
35815
35827
35838
35848
35859
35869
35880
35890
35902
35911
35923
35932
35944
35953
35965
35975
35986
35996
36007
36017
36028
36038
36050
36059
36071
36080
36092
36101
36113
36123
36134
36144
36155
36165
36176
36186
36198
36207
36219
36228
36240
36249
36261
36271
36282
36292
36303
36313
36324
36334
36346
36355
36367
36376
36388
36397
36409
36419
36430
36440
36451
36461
36472
36482
36494
36503
36514
36524
36535
36545
36556
36566
36577
36587
36598
36608
36619
36629
36640
36650
36662
36671
36683
36692
36704
36713
36725
36734
36746
36755
36767
36776
36788
36797
36809
36819
36830
36840
36851
36861
36872
36882
36893
36903
36914
36924
36935
36945
36957
36966
36978
36987
36999
37008
37020
37029
37041
37050
37062
37071
37083
37092
37104
37114
37125
37135
37146
37156
37167
37176
37188
37197
37209
37218
37230
37239
37250
37260
37271
37281
37292
37302
37313
37322
37334
37343
37355
37364
37376
37385
37396
37406
37417
37427
37438
37448
37459
37469
37480
37489
37501
37510
37522
37531
37543
37552
37563
37573
37584
37594
37605
37615
37626
37636
37646
37657
37667
37678
37688
37699
37709
37720
37729
37741
37750
37761
37770
37782
37791
37803
37812
37823
37833
37844
37854
37865
37875
37885
37896
37906
37917
37927
37938
37947
37959
37968
37980
37989
38000
38010
38021
38031
38042
38052
38063
38072
38084
38093
38105
38114
38125
38135
38146
38156
38167
38177
38188
38197
38209
38218
38230
38239
38250
38260
38271
38281
38292
38302
38313
38322
38334
38343
38355
38364
38375
38385
38396
38407
38417
38428
38438
38450
38459
38471
38480
38492
38502
38513
38523
38534
38544
38556
38565
38577
38586
38598
38608
38619
38629
38641
38650
38662
38671
38683
38693
38704
38714
38725
38735
38747
38756
38768
38777
38789
38799
38810
38820
38832
38841
38853
38862
38874
38884
38895
38905
38916
38926
38938
38947
38959
38968
38980
38990
39001
39011
39022
39032
39044
39053
39065
39075
39086
39095
39107
39116
39128
39137
39149
39158
39170
39179
39191
39200
39212
39221
39233
39242
39254
39263
39275
39284
39296
39305
39317
39326
39338
39347
39359
39368
39380
39389
39401
39410
39422
39431
39443
39452
39464
39473
39485
39494
39506
39515
39527
39536
39548
39557
39569
39578
39589
39599
39610
39620
39631
39641
39652
39662
39673
39683
39694
39705
39715
39726
39736
39748
39757
39769
39779
39790
39800
39812
39821
39833
39843
39854
39864
39876
39885
39897
39907
39918
39928
39940
39949
39961
39971
39982
39992
40004
40013
40025
40035
40046
40056
40068
40077
40089
40098
40110
40120
40131
40141
40153
40162
40174
40184
40195
40205
40217
40226
40238
40248
40259
40269
40281
40290
40302
40312
40323
40333
40345
40354
40366
40377
40387
40399
40408
40420
40430
40442
40451
40463
40473
40485
40494
40506
40516
40528
40537
40549
40559
40570
40580
40592
40602
40613
40623
40635
40645
40656
40666
40678
40688
40699
40709
40721
40730
40742
40752
40764
40773
40785
40795
40807
40816
40828
40838
40850
40859
40871
40881
40892
40902
40914
40924
40935
40945
40957
40968
40977
40989
40998
41009
41019
41030
41039
41051
41060
41072
41081
41092
41102
41113
41122
41134
41143
41155
41164
41175
41185
41196
41205
41217
41226
41238
41247
41258
41268
41279
41288
41300
41309
41321
41330
41341
41351
41362
41371
41383
41392
41403
41413
41424
41434
41445
41454
41466
41475
41486
41496
41507
41517
41528
41537
41549
41558
41569
41579
41590
41601
41611
41622
41632
41643
41653
41664
41674
41685
41695
41706
41716
41727
41737
41748
41758
41769
41779
41790
41800
41811
41821
41832
41842
41853
41863
41874
41884
41895
41905
41916
41926
41937
41947
41958
41968
41979
41989
42000
42010
42021
42031
42042
42052
42063
42073
42084
42094
42105
42115
42126
42136
42147
42157
42168
42178
42189
42199
42210
42220
42231
42241
42252
42262
42273
42283
42294
42304
42315
42325
42336
42346
42357
42367
42378
42388
42399
42409
42420
42430
42441
42451
42462
42472
42483
42493
42504
42514
42525
42535
42546
42556
42567
42577
42588
42598
42609
42619
42630
42640
42651
42661
42672
42682
42693
42703
42714
42724
42735
42745
42756
42766
42777
42787
42798
42808
42819
42829
42841
42850
42862
42872
42883
42893
42905
42914
42926
42936
42947
42957
42969
42978
42990
43000
43011
43021
43033
43042
43054
43064
43075
43085
43097
43106
43118
43128
43139
43149
43161
43170
43182
43192
43204
43213
43225
43235
43246
43256
43268
43277
43289
43299
43310
43320
43332
43341
43353
43363
43374
43384
43396
43405
43417
43427
43438
43449
43459
43471
43480
43492
43502
43513
43523
43535
43545
43556
43566
43578
43588
43598
43610
43620
43631
43641
43653
43663
43673
43685
43695
43706
43716
43728
43738
43748
43760
43770
43781
43791
43803
43813
43823
43835
43845
43856
43866
43878
43888
43898
43910
43920
43931
43941
43953
43963
43973
43985
43995
44006
44016
44028
44038
44049
44059
44070
44080
44092
44102
44112
44124
44134
44144
44156
44166
44176
44188
44198
44208
44220
44230
44240
44252
44262
44272
44284
44294
44304
44316
44326
44336
44348
44358
44368
44380
44390
44400
44412
44422
44432
44444
44454
44464
44476
44486
44496
44508
44518
44528
44540
44550
44560
44572
44582
44592
44604
44614
44624
44636
44646
44656
44667
44677
44688
44698
44709
44719
44731
44740
44752
44761
44773
44783
44794
44804
44815
44825
44837
44846
44858
44867
44879
44889
44900
44910
44921
44931
44942
44952
44964
44973
44985
44994
45006
45016
45027
45037
45048
45058
45070
45079
45091
45100
45112
45122
45133
45143
45154
45164
45175
45185
45197
45206
45218
45227
45239
45249
45260
45271
45280
45292
45301
45312
45322
45333
45343
45354
45363
45375
45384
45396
45405
45416
45426
45437
45447
45458
45467
45479
45488
45500
45509
45520
45530
45541
45551
45562
45571
45583
45592
45604
45613
45624
45634
45645
45655
45666
45675
45687
45696
45708
45717
45728
45738
45749
45759
45770
45779
45791
45800
45812
45821
45832
45842
45853
45863
45874
45883
45895
45906
45916
45927
45937
45948
45958
45969
45979
45990
46000
46011
46021
46032
46042
46053
46063
46074
46084
46095
46105
46116
46126
46137
46147
46158
46168
46179
46189
46200
46210
46221
46231
46242
46252
46263
46273
46284
46294
46305
46315
46326
46336
46347
46357
46368
46378
46389
46399
46410
46420
46431
46441
46452
46462
46473
46483
46494
46504
46515
46525
46536
46546
46557
46567
46579
46588
46600
46610
46621
46631
46643
46653
46664
46674
46686
46696
46706
46718
46728
46739
46749
46761
46771
46781
46793
46803
46814
46824
46836
46846
46856
46868
46878
46889
46899
46911
46921
46931
46943
46953
46964
46974
46986
46996
47006
47018
47028
47039
47049
47061
47071
47081
47093
47103
47114
47124
47136
47146
47156
47168
47178
47189
47199
47211
47221
47232
47242
47253
47263
47274
47284
47295
47305
47316
47326
47337
47347
47358
47368
47379
47389
47400
47410
47421
47431
47443
47452
47464
47473
47485
47494
47506
47515
47527
47536
47548
47557
47569
47578
47590
47599
47611
47621
47631
47643
47652
47664
47673
47685
47694
47706
47715
47727
47736
47748
47757
47769
47778
47790
47799
47811
47821
47831
47842
47851
47863
47872
47883
47893
47904
47914
47925
47934
47946
47955
47967
47976
47987
47997
48008
48018
48029
48038
48050
48059
48070
48080
48091
48101
48112
48121
48133
48142
48154
48163
48174
48184
48195
48205
48216
48225
48237
48246
48257
48267
48278
48288
48299
48308
48320
48329
48341
48350
48361
48371
48382
48392
48403
48412
48424
48433
48444
48454
48465
48475
48486
48497
48507
48518
48528
48540
48549
48561
48571
48582
48592
48604
48613
48625
48634
48646
48656
48667
48677
48689
48698
48710
48720
48731
48741
48752
48762
48774
48783
48795
48805
48816
48826
48838
48847
48859
48868
48880
48890
48901
48911
48923
48932
48944
48954
48965
48975
48986
48996
49008
49017
49029
49039
49050
49060
49072
49081
49093
49103
49114
49124
49135
49145
49156
49166
49177
49187
49198
49208
49220
49229
49241
49250
49262
49271
49283
49293
49304
49314
49325
49335
49346
49356
49367
49377
49389
49398
49410
49419
49431
49440
49452
49462
49473
49483
49494
49504
49515
49525
49536
49546
49558
49567
49579
49588
49600
49609
49621
49631
49642
49652
49663
49673
49684
49694
49705
49715
49727
49738
49747
49759
49768
49780
49789
49800
49810
49821
49831
49842
49852
49862
49873
49883
49894
49904
49915
49924
49936
49945
49957
49966
49977
49987
49998
50008
50019
50029
50040
50049
50061
50070
50082
50091
50102
50112
50123
50133
50144
50154
50165
50174
50186
50195
50207
50216
50227
50237
50248
50258
50269
50279
50290
50299
50311
50320
50332
50341
50352
50362
50373
50382
50394
50403
50415
50424
50436
50445
50457
50466
50478
50487
50499
50508
50520
50529
50541
50550
50561
50571
50582
50592
50603
50613
50624
50634
50645
50655
50666
50676
50687
50697
50708
50718
50729
50738
50750
50759
50771
50780
50792
50801
50813
50822
50834
50843
50855
50864
50876
50885
50897
50906
50917
50927
50938
50948
50959
50970
50980
50991
51001
51012
51022
51034
51043
51055
51064
51076
51085
51097
51107
51118
51128
51139
51149
51161
51170
51182
51191
51203
51212
51224
51234
51245
51255
51266
51276
51288
51297
51309
51318
51330
51339
51351
51361
51372
51382
51393
51403
51415
51424
51436
51445
51457
51466
51478
51488
51499
51509
51520
51530
51542
51551
51563
51574
51583
51595
51604
51616
51625
51637
51646
51658
51667
51679
51688
51700
51709
51721
51730
51742
51751
51763
51772
51784
51793
51805
51814
51826
51835
51846
51856
51867
51877
51888
51898
51909
51919
51930
51940
51951
51961
51972
51982
51993
52003
52014
52024
52035
52045
52056
52066
52077
52087
52098
52107
52119
52128
52140
52149
52161
52170
52182
52191
52203
52212
52224
52233
52244
52254
52266
52275
52287
52297
52308
52318
52330
52340
52351
52361
52373
52383
52393
52405
52415
52426
52436
52448
52458
52468
52480
52490
52501
52511
52523
52533
52543
52555
52565
52576
52586
52598
52608
52618
52630
52640
52651
52661
52673
52683
52693
52705
52715
52726
52736
52748
52758
52768
52780
52790
52801
52811
52823
52833
52843
52854
52863
52874
52884
52895
52904
52916
52925
52936
52946
52957
52966
52978
52987
52998
53007
53019
53028
53039
53049
53060
53069
53081
53090
53101
53111
53122
53131
53142
53152
53163
53172
53184
53193
53204
53214
53225
53234
53246
53255
53266
53275
53287
53296
53307
53317
53328
53337
53349
53358
53369
53379
53390
53399
53411
53420
53431
53440
53452
53461
53472
53482
53493
53502
53514
53525
53534
53546
53555
53566
53576
53587
53596
53608
53617
53628
53638
53649
53658
53670
53679
53691
53700
53711
53721
53732
53741
53753
53762
53773
53783
53794
53803
53815
53824
53835
53845
53856
53866
53877
53886
53898
53907
53918
53928
53939
53948
53960
53969
53980
53990
54001
54010
54022
54031
54043
54052
54063
54073
54084
54093
54105
54114
54125
54135
54147
54156
54168
54178
54189
54199
54211
54220
54232
54242
54254
54263
54275
54285
54296
54306
54318
54327
54339
54349
54360
54370
54382
54392
54403
54413
54425
54434
54446
54456
54467
54477
54489
54499
54510
54520
54532
54541
54553
54563
54574
54584
54596
54605
54617
54627
54639
54648
54660
54670
54681
54691
54703
54714
54724
54735
54745
54756
54766
54778
54787
54799
54808
54820
54829
54841
54851
54862
54872
54883
54893
54904
54914
54926
54935
54947
54956
54968
54977
54989
54999
55010
55020
55031
55041
55052
55062
55074
55083
55095
55104
55116
55125
55137
55147
55158
55168
55179
55189
55200
55210
55222
55231
55243
55252
55264
55273
55285
55295
55306
55316
55327
55337
55348
55359
55369
55380
55390
55401
55411
55422
55432
55443
55453
55464
55474
55486
55495
55507
55516
55528
55537
55549
55558
55570
55579
55591
55601
55612
55622
55633
55643
55654
55664
55675
55685
55696
55706
55718
55727
55739
55748
55760
55769
55781
55790
55802
55811
55823
55833
55844
55854
55865
55875
55886
55896
55907
55917
55928
55938
55950
55959
55971
55980
55992
56003
56013
56024
56034
56046
56055
56067
56076
56088
56098
56109
56119
56130
56140
56152
56161
56173
56182
56194
56204
56215
56225
56237
56246
56258
56267
56279
56289
56300
56310
56321
56331
56343
56352
56364
56373
56385
56395
56406
56416
56428
56437
56449
56458
56470
56480
56491
56501
56512
56522
56534
56543
56555
56564
56576
56586
56597
56607
56618
56628
56640
56649
56661
56672
56681
56693
56702
56714
56723
56735
56744
56756
56765
56777
56786
56798
56807
56819
56828
56840
56849
56861
56870
56882
56891
56903
56912
56924
56933
56945
56954
56966
56975
56987
56996
57008
57017
57029
57038
57050
57059
57071
57080
57092
57101
57113
57122
57134
57143
57155
57164
57175
57185
57196
57206
57217
57227
57238
57248
57259
57269
57280
57290
57301
57311
57322
57332
57344
57353
57365
57375
57386
57396
57407
57417
57429
57438
57450
57460
57471
57481
57492
57502
57514
57523
57535
57545
57556
57566
57577
57587
57599
57608
57620
57630
57641
57651
57663
57672
57684
57693
57705
57715
57726
57736
57748
57757
57769
57778
57790
57800
57811
57821
57833
57842
57854
57863
57875
57885
57896
57906
57918
57927
57939
57948
57959
57969
57981
57990
58002
58012
58023
58033
58045
58055
58066
58076
58088
58097
58109
58119
58130
58140
58152
58162
58173
58183
58195
58204
58216
58226
58238
58247
58259
58269
58280
58290
58302
58311
58323
58333
58345
58354
58366
58376
58387
58397
58409
58419
58430
58440
58452
58461
58473
58483
58494
58504
58516
58526
58537
58547
58558
58567
58578
58588
58599
58608
58620
58629
58640
58650
58661
58670
58682
58691
58702
58711
58723
58732
58743
58753
58764
58773
58785
58794
58805
58815
58826
58835
58846
58856
58867
58876
58888
58897
58908
58918
58929
58938
58950
58959
58970
58979
58991
59000
59011
59021
59032
59041
59053
59062
59073
59083
59094
59103
59115
59124
59135
59144
59156
59165
59176
59187
59196
59208
59217
59229
59238
59250
59259
59271
59280
59291
59301
59312
59322
59333
59343
59354
59364
59375
59385
59396
59405
59417
59426
59438
59447
59459
59468
59480
59489
59501
59510
59521
59531
59542
59552
59563
59573
59584
59594
59605
59615
59626
59635
59647
59656
59668
59677
59689
59698
59710
59719
59731
59740
59751
59761
59772
59782
59793
59804
59814
59825
59835
59846
59856
59867
59877
59888
59898
59909
59919
59930
59940
59951
59961
59972
59982
59993
60003
60014
60024
60035
60045
60056
60066
60077
60087
60098
60108
60119
60129
60140
60150
60161
60171
60182
60192
60203
60213
60224
60234
60245
60255
60266
60276
60287
60297
60308
60318
60329
60339
60350
60360
60371
60381
60392
60403
60412
60424
60433
60445
60454
60466
60475
60487
60496
60508
60517
60529
60538
60549
60559
60570
60580
60591
60601
60612
60622
60633
60643
60654
60664
60675
60684
60696
60705
60717
60726
60738
60747
60759
60768
60780
60789
60801
60810
60821
60831
60842
60852
60863
60873
60884
60894
60905
60915
60926
60936
60947
60956
60968
60977
60989
60998
61010
61019
61031
61040
61052
61061
61072
61082
61093
61103
61115
61124
61136
61146
61157
61167
61179
61188
61200
61210
61221
61231
61243
61252
61264
61274
61285
61295
61307
61316
61328
61338
61349
61359
61371
61380
61392
61402
61413
61423
61435
61444
61456
61465
61477
61487
61498
61508
61520
61529
61541
61551
61562
61572
61584
61593
61605
61615
61626
61636
61648
61657
61669
61679
61690
61700
61712
61721
61733
61743
61754
61763
61775
61784
61796
61805
61817
61826
61837
61847
61858
61868
61879
61889
61900
61910
61921
61930
61942
61951
61963
61972
61984
61993
62005
62014
62025
62035
62046
62056
62067
62077
62088
62098
62109
62118
62130
62139
62151
62160
62172
62181
62193
62202
62213
62223
62234
62244
62255
62265
62276
62286
62297
62306
62318
62327
62339
62348
62360
62369
62381
62390
62401
62411
62422
62432
62443
62453
62464
62474
62485
62495
62506
62516
62527
62537
62548
62558
62570
62579
62591
62600
62612
62621
62633
62642
62654
62663
62675
62684
62696
62705
62717
62727
62738
62748
62759
62769
62780
62790
62801
62811
62822
62832
62843
62853
62865
62874
62886
62895
62907
62916
62928
62937
62949
62958
62970
62979
62991
63000
63012
63022
63033
63043
63054
63065
63074
63086
63095
63107
63116
63127
63137
63148
63158
63169
63178
63190
63199
63211
63220
63231
63241
63252
63262
63273
63282
63294
63303
63315
63324
63336
63345
63356
63366
63377
63387
63398
63407
63419
63428
63440
63449
63460
63470
63481
63491
63502
63511
63523
63532
63544
63553
63564
63574
63585
63595
63606
63616
63627
63636
63648
63657
63669
63678
63689
63699
63710
63721
63731
63742
63752
63763
63773
63785
63794
63806
63815
63827
63837
63848
63858
63869
63879
63891
63900
63912
63921
63933
63943
63954
63964
63975
63985
63996
64006
64018
64027
64039
64048
64060
64070
64081
64091
64102
64112
64124
64133
64145
64154
64166
64176
64187
64197
64208
64218
64229
64239
64251
64260
64272
64281
64293
64303
64314
64325
64335
64347
64356
64368
64378
64389
64399
64411
64420
64432
64442
64454
64463
64475
64485
64496
64506
64518
64527
64539
64549
64560
64570
64582
64592
64603
64613
64625
64634
64646
64656
64667
64677
64689
64699
64710
64720
64732
64741
64753
64763
64774
64784
64796
64805
64817
64827
64839
64848
64860
64870
64881
64891
64903
64912
64924
64935
64944
64956
64965
64977
64986
64997
65007
65018
65028
65039
65049
65059
65070
65080
65091
65101
65112
65121
65133
65142
65154
65163
65174
65184
65195
65205
65216
65226
65237
65246
65258
65267
65279
65288
65299
65309
65320
65330
65341
65351
65362
65371
65383
65392
65404
65413
65424
65434
65445
65455
65466
65476
65487
65496
65508
65517
65529
65538
65549
65559
65570
65581
65590
65602
65611
65622
65632
65643
65653
65664
65673
65685
65694
65706
65715
65726
65736
65747
65757
65768
65777
65789
65798
65809
65819
65830
65840
65851
65860
65872
65881
65893
65902
65913
65923
65934
65944
65955
65964
65976
65985
65996
66006
66017
66027
66038
66047
66059
66068
66080
66089
66100
66110
66121
66131
66142
66151
66163
66172
66183
66193
66204
66214
66225
66236
66246
66257
66267
66279
66288
66300
66309
66321
66331
66342
66352
66364
66373
66385
66394
66406
66416
66427
66437
66449
66458
66470
66479
66491
66501
66512
66522
66533
66543
66555
66564
66576
66586
66597
66607
66618
66628
66640
66649
66661
66671
66682
66692
66703
66713
66725
66734
66746
66755
66767
66777
66788
66798
66810
66819
66831
66840
66852
66862
66873
66883
66895
66904
66915
66925
66937
66946
66958
66968
66980
66989
67001
67011
67023
67032
67044
67054
67066
67075
67087
67097
67108
67118
67130
67140
67151
67161
67173
67183
67194
67204
67216
67226
67237
67247
67259
67268
67280
67290
67302
67311
67323
67333
67345
67354
67366
67376
67388
67397
67409
67419
67430
67440
67452
67462
67473
67483
67495
67505
67516
67526
67538
67548
67559
67569
67581
67590
67602
67612
67623
67633
67645
67654
67666
67676
67687
67697
67709
67718
67730
67740
67751
67761
67773
67782
67794
67804
67815
67825
67837
67846
67858
67868
67879
67889
67901
67910
67922
67932
67944
67953
67965
67975
67986
67996
68008
68017
68029
68039
68050
68060
68072
68081
68093
68103
68114
68124
68136
68145
68157
68167
68178
68188
68200
68209
68221
68232
68241
68253
68262
68273
68283
68294
68303
68315
68324
68335
68345
68356
68366
68377
68386
68398
68407
68418
68428
68439
68448
68460
68469
68481
68490
68501
68511
68522
68531
68543
68552
68563
68573
68584
68594
68605
68614
68626
68635
68646
68656
68667
68676
68688
68697
68709
68718
68729
68739
68750
68759
68771
68780
68791
68801
68812
68822
68833
68842
68854
68863
68875
68884
68896
68905
68917
68926
68938
68947
68959
68968
68980
68989
69001
69010
69022
69031
69043
69052
69064
69073
69085
69094
69106
69115
69127
69136
69148
69157
69169
69178
69190
69199
69211
69220
69232
69241
69253
69262
69274
69283
69295
69304
69316
69325
69336
69346
69357
69367
69378
69388
69399
69409
69420
69430
69441
69452
69462
69473
69483
69494
69504
69516
69525
69537
69546
69558
69567
69579
69589
69600
69610
69621
69631
69643
69652
69664
69673
69685
69694
69706
69716
69727
69737
69748
69758
69770
69779
69791
69800
69812
69821
69833
69843
69854
69864
69875
69885
69897
69906
69918
69927
69939
69948
69960
69970
69981
69991
70002
70012
70024
70033
70045
70054
70066
70077
70086
70098
70107
70118
70128
70139
70149
70160
70169
70181
70190
70202
70211
70222
70232
70243
70253
70264
70273
70285
70294
70306
70315
70326
70336
70347
70357
70368
70377
70389
70398
70410
70419
70430
70440
70451
70461
70472
70481
70493
70502
70514
70523
70534
70544
70555
70565
70576
70585
70597
70606
70618
70627
70638
70648
70659
70669
70680
70689
70701
70710
70722
70731
70742
70751
70763
70772
70783
70793
70804
70813
70825
70834
70845
70855
70866
70875
70887
70896
70907
70917
70928
70937
70949
70958
70969
70979
70990
70999
71011
71020
71031
71041
71052
71062
71073
71082
71094
71103
71114
71124
71135
71144
71156
71165
71176
71186
71197
71206
71218
71227
71238
71248
71259
71268
71280
71289
71300
71310
71321
71331
71341
71352
71362
71373
71382
71394
71403
71414
71423
71435
71444
71456
71465
71477
71486
71497
71507
71518
71528
71539
71549
71560
71570
71581
71590
71602
71611
71623
71632
71644
71653
71665
71674
71685
71695
71706
71716
71727
71737
71748
71758
71769
71778
71790
71799
71811
71820
71832
71841
71853
71862
71873
71883
71894
71904
71915
71925
71936
71946
71957
71966
71978
71987
71999
72008
72020
72029
72041
72050
72061
72072
72081
72093
72102
72113
72123
72134
72143
72155
72164
72176
72185
72196
72206
72217
72226
72238
72247
72259
72268
72279
72289
72300
72309
72321
72330
72342
72351
72362
72372
72383
72392
72404
72413
72425
72434
72445
72455
72466
72475
72487
72496
72507
72517
72528
72538
72549
72558
72570
72579
72590
72600
72611
72621
72632
72641
72653
72662
72673
72683
72694
72704
72715
72724
72735
72744
72756
72765
72777
72786
72798
72807
72819
72828
72840
72849
72861
72870
72882
72891
72903
72912
72924
72933
72945
72954
72966
72975
72987
72996
73007
73017
73028
73038
73049
73059
73070
73080
73091
73101
73112
73122
73133
73143
73154
73164
73175
73185
73196
73206
73217
73227
73238
73248
73259
73268
73280
73289
73301
73310
73322
73331
73343
73352
73364
73375
73385
73397
73406
73418
73428
73439
73449
73461
73470
73482
73492
73503
73513
73525
73534
73546
73556
73567
73577
73589
73598
73610
73620
73631
73641
73653
73662
73674
73684
73695
73705
73717
73726
73738
73748
73760
73769
73781
73791
73802
73812
73824
73833
73845
73855
73866
73876
73888
73897
73909
73919
73930
73940
73952
73961
73973
73983
73994
74003
74015
74024
74035
74045
74056
74066
74077
74086
74098
74107
74118
74128
74139
74149
74160
74169
74181
74190
74201
74211
74222
74232
74243
74252
74264
74273
74285
74294
74305
74315
74326
74335
74347
74356
74368
74377
74388
74398
74409
74418
74430
74439
74451
74460
74471
74481
74492
74502
74513
74522
74534
74543
74554
74564
74575
74585
74596
74605
74617
74628
74638
74649
74659
74670
74680
74691
74701
74712
74722
74733
74743
74755
74764
74776
74785
74797
74806
74818
74827
74839
74848
74860
74870
74881
74891
74902
74912
74923
74933
74944
74954
74965
74975
74987
74996
75008
75017
75029
75038
75050
75059
75071
75080
75092
75102
75113
75123
75134
75144
75155
75165
75176
75186
75197
75207
75219
75228
75240
75251
75261
75272
75282
75294
75303
75315
75325
75336
75346
75358
75367
75379
75389
75400
75410
75422
75431
75443
75453
75464
75474
75486
75495
75507
75517
75528
75538
75550
75559
75571
75581
75592
75602
75614
75623
75635
75644
75656
75666
75677
75687
75699
75708
75720
75730
75741
75751
75763
75772
75784
75794
75805
75815
75827
75836
75848
75858
75869
75879
75891
75900
75912
75923
75932
75944
75953
75965
75974
75985
75995
76006
76016
76027
76036
76048
76057
76069
76078
76089
76099
76110
76120
76131
76140
76152
76161
76173
76182
76194
76203
76214
76224
76235
76245
76256
76265
76277
76286
76298
76307
76318
76328
76339
76349
76360
76369
76381
76390
76402
76411
76422
76432
76443
76453
76464
76474
76485
76494
76506
76515
76526
76536
76547
76557
76569
76578
76590
76600
76611
76621
76633
76642
76654
76664
76675
76685
76697
76706
76718
76727
76739
76749
76760
76770
76782
76791
76803
76813
76824
76834
76846
76855
76867
76877
76888
76898
76909
76919
76931
76940
76952
76962
76973
76983
76995
77004
77016
77026
77037
77047
77059
77068
77080
77089
77101
77111
77122
77132
77144
77155
77165
77176
77186
77198
77207
77219
77229
77240
77250
77261
77271
77283
77292
77304
77314
77325
77335
77346
77356
77368
77377
77389
77399
77410
77420
77431
77441
77453
77462
77474
77484
77495
77505
77517
77526
77538
77547
77559
77569
77580
77590
77602
77611
77623
77632
77644
77654
77665
77675
77687
77696
77708
77717
77729
77739
77750
77760
77772
77781
77792
77802
77814
77823
77835
77845
77857
77866
77878
77888
77899
77909
77921
77931
77942
77952
77964
77974
77985
77995
78007
78016
78028
78038
78050
78059
78071
78081
78092
78102
78114
78124
78135
78145
78157
78167
78178
78188
78200
78209
78221
78231
78243
78252
78264
78274
78286
78295
78307
78317
78328
78338
78350
78360
78371
78382
78391
78403
78412
78424
78433
78445
78454
78466
78475
78487
78496
78508
78517
78529
78538
78550
78559
78571
78580
78592
78601
78613
78622
78634
78643
78654
78664
78675
78685
78696
78706
78717
78727
78738
78748
78759
78769
78780
78790
78801
78811
78822
78832
78843
78853
78864
78874
78885
78895
78906
78915
78927
78936
78948
78957
78969
78978
78989
78999
79010
79020
79031
79041
79053
79062
79074
79083
79095
79104
79116
79126
79137
79147
79158
79168
79180
79189
79201
79210
79222
79231
79243
79253
79264
79274
79285
79295
79307
79316
79328
79337
79349
79358
79370
79380
79391
79401
79412
79422
79434
79443
79455
79464
79476
79485
79497
79507
79518
79528
79539
79549
79561
79570
79582
79591
79603
79614
79623
79635
79644
79656
79665
79677
79686
79698
79707
79718
79728
79739
79749
79760
79770
79781
79791
79802
79812
79823
79832
79844
79853
79865
79874
79886
79895
79907
79916
79928
79937
79948
79958
79969
79979
79990
80000
80011
80021
80032
80042
80053
80062
80074
80083
80095
80104
80116
80125
80137
80146
80158
80167
80178
80188
80199
80209
80220
80230
80241
80251
80262
80273
80282
80294
80303
80315
80324
80336
80345
80357
80366
80378
80387
80399
80408
80420
80429
80441
80450
80462
80471
80483
80492
80504
80513
80525
80534
80546
80555
80567
80576
80588
80597
80609
80618
80630
80639
80651
80660
80672
80681
80693
80702
80714
80723
80735
80744
80756
80765
80777
80786
80798
80807
80819
80828
80840
80849
80861
80870
80882
80893
80902
80914
80923
80935
80944
80956
80965
80977
80986
80998
81007
81019
81028
81040
81049
81061
81070
81082
81091
81103
81112
81124
81133
81145
81154
81166
81175
81187
81196
81208
81217
81229
81238
81250
81259
81271
81280
81292
81301
81313
81322
81334
81343
81355
81364
81376
81385
81396
81406
81417
81427
81438
81448
81459
81469
81480
81490
81501
81511
81522
81532
81543
81553
81564
81574
81586
81596
81606
81618
81628
81638
81650
81660
81670
81682
81692
81702
81714
81724
81734
81746
81756
81766
81778
81788
81798
81810
81820
81830
81842
81852
81862
81874
81884
81894
81906
81916
81926
81938
81948
81958
81970
81980
81990
82002
82012
82022
82034
82044
82054
82066
82076
82086
82098
82108
82118
82130
82140
82150
82162
82172
82182
82193
82203
82214
82224
82235
82245
82256
82266
82278
82287
82299
82308
82320
82329
82341
82351
82362
82372
82383
82393
82404
82414
82425
82435
82447
82456
82468
82477
82489
82498
82510
82520
82531
82541
82552
82562
82573
82583
82594
82604
82616
82625
82637
82646
82658
82667
82679
82689
82700
82710
82721
82731
82742
82752
82763
82773
82785
82794
82806
82815
82827
82836
82848
82859
82869
82880
82890
82901
82911
82922
82932
82943
82953
82964
82974
82985
82995
83006
83016
83027
83037
83048
83058
83069
83079
83090
83100
83111
83121
83132
83142
83153
83163
83175
83184
83196
83205
83217
83226
83238
83247
83259
83268
83280
83289
83301
83310
83322
83331
83343
83352
83364
83373
83385
83394
83406
83415
83427
83436
83448
83457
83469
83480
83489
83501
83510
83521
83531
83542
83551
83563
83572
83583
83593
83604
83613
83625
83634
83645
83655
83666
83675
83687
83696
83707
83717
83728
83737
83749
83758
83769
83779
83790
83800
83811
83820
83832
83841
83852
83862
83873
83882
83894
83903
83914
83924
83935
83944
83956
83965
83976
83986
83997
84006
84018
84027
84038
84048
84059
84069
84079
84090
84100
84111
84120
84132
84143
84153
84165
84174
84186
84196
84208
84217
84229
84239
84250
84260
84272
84282
84293
84303
84315
84325
84336
84346
84358
84367
84379
84389
84401
84410
84422
84432
84443
84453
84465
84475
84486
84496
84508
84518
84529
84539
84551
84560
84572
84582
84594
84603
84615
84625
84637
84646
84658
84668
84679
84689
84701
84711
84722
84732
84744
84753
84764
84773
84785
84794
84805
84815
84826
84835
84847
84856
84867
84877
84888
84897
84909
84918
84930
84939
84950
84960
84971
84980
84992
85001
85012
85022
85033
85042
85054
85063
85074
85084
85095
85105
85116
85125
85137
85146
85157
85167
85178
85187
85199
85208
85219
85229
85240
85249
85261
85270
85282
85291
85302
85312
85323
85332
85344
85353
85364
85374
85385
85394
85406
85415
85426
85437
85446
85458
85467
85479
85488
85500
85509
85521
85530
85542
85551
85563
85572
85584
85593
85605
85614
85625
85635
85646
85656
85667
85677
85688
85698
85709
85719
85730
85740
85751
85761
85772
85782
85793
85802
85814
85823
85835
85844
85856
85865
85877
85886
85898
85907
85919
85928
85940
85949
85961
85970
85981
85991
86002
86012
86023
86033
86044
86054
86065
86075
86086
86096
86107
86118
86128
86140
86149
86161
86171
86182
86192
86204
86214
86225
86235
86247
86256
86268
86278
86289
86299
86311
86321
86332
86342
86354
86363
86375
86385
86397
86406
86418
86428
86439
86449
86461
86470
86482
86492
86504
86513
86525
86535
86546
86556
86568
86578
86589
86599
86611
86620
86632
86642
86653
86663
86675
86685
86696
86706
86717
86727
86739
86748
86760
86770
86782
86791
86803
86813
86825
86834
86846
86856
86868
86877
86889
86899
86911
86920
86932
86942
86954
86963
86975
86985
86997
87006
87018
87028
87040
87049
87061
87071
87083
87092
87104
87114
87125
87135
87147
87157
87168
87178
87190
87200
87211
87221
87233
87243
87254
87264
87276
87286
87297
87307
87319
87329
87340
87350
87361
87371
87383
87392
87404
87414
87425
87435
87447
87456
87468
87478
87489
87499
87511
87520
87532
87542
87553
87563
87575
87584
87596
87606
87617
87627
87639
87648
87660
87670
87681
87691
87703
87712
87724
87733
87745
87755
87766
87776
87788
87797
87809
87819
87830
87840
87852
87861
87873
87883
87894
87904
87916
87925
87937
87947
87958
87968
87980
87989
88001
88012
88021
88033
88042
88054
88063
88075
88084
88096
88105
88117
88126
88138
88147
88159
88168
88180
88189
88201
88210
88222
88231
88243
88252
88264
88273
88285
88294
88306
88315
88327
88336
88348
88357
88369
88378
88390
88399
88411
88420
88432
88441
88453
88462
88474
88483
88495
88504
88516
88525
88537
88546
88558
88567
88579
88588
88600
88609
88621
88630
88642
88651
88663
88672
88683
88693
88704
88714
88725
88735
88747
88756
88768
88777
88789
88798
88810
88820
88831
88841
88852
88862
88874
88883
88895
88904
88916
88925
88937
88947
88958
88968
88979
88989
89001
89010
89022
89031
89043
89052
89064
89074
89085
89095
89106
89116
89128
89137
89149
89158
89170
89179
89191
89201
89212
89222
89233
89243
89255
89264
89276
89285
89297
89306
89318
89328
89339
89350
89359
89371
89380
89391
89401
89412
89421
89433
89442
89453
89463
89474
89483
89495
89504
89515
89525
89536
89545
89557
89566
89577
89587
89598
89607
89619
89628
89639
89649
89660
89670
89681
89690
89702
89711
89722
89732
89743
89752
89764
89773
89784
89794
89805
89814
89826
89835
89846
89856
89867
89876
89888
89897
89908
89918
89929
89939
89949
89960
89970
89981
89990
90002
90011
90022
90031
90042
90052
90063
90072
90084
90093
90104
90114
90125
90134
90146
90155
90166
90176
90187
90196
90208
90217
90228
90237
90249
90258
90269
90279
90290
90299
90311
90320
90331
90341
90352
90361
90373
90382
90393
90403
90414
90423
90435
90444
90455
90464
90476
90485
90496
90506
90517
90526
90538
90547
90558
90568
90579
90588
90600
90609
90620
90630
90641
90650
90662
90671
90682
90692
90703
90713
90724
90734
90745
90755
90766
90776
90787
90797
90808
90818
90829
90839
90850
90860
90871
90881
90893
90902
90914
90923
90935
90944
90956
90965
90977
90986
90998
91007
91019
91028
91040
91049
91061
91071
91081
91093
91102
91114
91123
91135
91144
91156
91165
91177
91186
91198
91207
91219
91228
91240
91249
91261
91271
91281
91293
91302
91313
91323
91335
91344
91356
91366
91378
91387
91399
91409
91421
91430
91442
91452
91464
91473
91485
91495
91507
91516
91528
91538
91550
91559
91571
91581
91593
91602
91614
91624
91636
91645
91657
91667
91679
91688
91700
91710
91721
91731
91743
91753
91764
91774
91786
91796
91807
91817
91829
91839
91850
91860
91872
91882
91893
91904
91913
91924
91934
91945
91954
91966
91975
91986
91996
92007
92016
92028
92037
92048
92058
92069
92078
92090
92099
92110
92120
92131
92140
92152
92161
92172
92182
92193
92202
92214
92223
92234
92244
92255
92264
92276
92285
92296
92306
92317
92326
92338
92347
92358
92368
92379
92388
92400
92409
92420
92430
92441
92450
92461
92471
92482
92491
92503
92512
92523
92533
92544
92555
92565
92576
92586
92597
92607
92618
92628
92639
92649
92660
92670
92681
92691
92702
92712
92723
92733
92744
92754
92765
92775
92786
92796
92807
92817
92828
92838
92849
92859
92871
92880
92892
92901
92913
92922
92934
92943
92955
92964
92976
92985
92997
93006
93018
93027
93039
93048
93060
93069
93081
93090
93102
93111
93123
93132
93144
93153
93165
93175
93186
93197
93206
93218
93227
93238
93248
93259
93269
93280
93289
93301
93310
93322
93331
93342
93352
93363
93373
93384
93393
93405
93414
93425
93435
93446
93456
93467
93476
93488
93497
93509
93518
93529
93539
93550
93560
93571
93580
93592
93601
93612
93622
93633
93643
93654
93663
93675
93684
93696
93705
93716
93726
93737
93747
93758
93767
93779
93788
93799
93809
93820
93830
93841
93852
93861
93872
93882
93893
93902
93914
93923
93934
93944
93955
93964
93976
93985
93996
94005
94017
94026
94037
94047
94058
94067
94079
94088
94099
94109
94120
94129
94140
94150
94161
94170
94182
94191
94202
94212
94223
94232
94244
94253
94264
94273
94285
94294
94305
94315
94326
94335
94347
94356
94367
94377
94388
94397
94409
94418
94429
94438
94450
94459
94470
94480
94491
94500
94512
94523
94532
94544
94553
94565
94574
94586
94595
94607
94616
94628
94637
94649
94658
94670
94679
94691
94700
94712
94721
94733
94742
94754
94763
94775
94784
94795
94805
94816
94826
94837
94847
94858
94868
94879
94889
94900
94910
94921
94931
94942
94952
94963
94973
94984
94994
95005
95015
95026
95036
95047
95056
95068
95077
95089
95098
95110
95119
95131
95140
95151
95161
95173
95182
95194
95204
95215
95225
95237
95247
95258
95268
95280
95289
95301
95311
95322
95332
95344
95354
95365
95375
95387
95396
95408
95418
95430
95439
95451
95461
95472
95482
95494
95503
95515
95525
95537
95546
95558
95568
95579
95589
95601
95611
95622
95632
95644
95653
95665
95675
95686
95696
95708
95718
95729
95739
95750
95759
95771
95780
95791
95801
95812
95821
95833
95842
95853
95863
95874
95883
95895
95904
95915
95925
95936
95945
95957
95966
95977
95987
95998
96007
96019
96028
96039
96049
96060
96070
96081
96090
96102
96111
96122
96132
96143
96152
96164
96173
96184
96194
96205
96214
96226
96235
96246
96256
96267
96276
96288
96297
96308
96318
96329
96339
96349
96360
96370
96381
96390
96401
96411
96422
96432
96444
96453
96465
96475
96486
96496
96508
96517
96529
96538
96550
96560
96571
96581
96593
96602
96614
96624
96635
96645
96656
96666
96678
96687
96699
96709
96720
96730
96742
96751
96763
96772
96784
96794
96805
96815
96827
96836
96848
96858
96869
96879
96890
96900
96912
96921
96933
96943
96954
96964
96976
96985
96997
97007
97018
97028
97039
97050
97059
97071
97080
97092
97101
97112
97122
97133
97143
97154
97163
97175
97184
97196
97205
97216
97226
97237
97247
97258
97267
97279
97288
97300
97309
97321
97330
97341
97351
97362
97372
97383
97392
97404
97413
97425
97434
97445
97455
97466
97476
97487
97496
97508
97517
97529
97538
97549
97559
97570
97580
97591
97601
97612
97621
97633
97644
97654
97666
97675
97687
97697
97708
97718
97730
97740
97751
97761
97773
97783
97793
97805
97815
97826
97836
97848
97858
97868
97880
97890
97901
97911
97923
97933
97943
97955
97965
97976
97986
97998
98008
98018
98030
98040
98051
98061
98073
98083
98093
98105
98115
98126
98136
98148
98158
98168
98180
98190
98201
98211
98223
98233
98243
98255
98266
98276
98288
98297
98309
98319
98330
98340
98352
98362
98373
98383
98395
98404
98416
98426
98437
98447
98459
98469
98480
98490
98502
98511
98523
98533
98545
98554
98566
98576
98587
98597
98609
98618
98630
98640
98652
98661
98673
98683
98694
98704
98716
98726
98737
98747
98759
98768
98780
98790
98801
98811
98823
98833
98844
98854
98866
98875
98887
98897
98908
98918
98929
98939
98951
98960
98972
98982
98993
99003
99015
99024
99036
99045
99057
99067
99078
99088
99100
99109
99121
99131
99142
99152
99163
99173
99185
99194
99206
99216
99227
99237
99249
99258
99270
99279
99291
99301
99312
99322
99334
99343
99355
99365
99376
99386
99397
99407
99419
99428
99440
99450
99461
99471
99483
99492
99504
99514
99525
99534
99546
99555
99566
99576
99587
99597
99608
99617
99629
99638
99650
99659
99670
99680
99691
99701
99712
99721
99733
99742
99753
99763
99774
99784
99795
99804
99816
99825
99837
99846
99857
99867
99878
99888
99899
99908
99920
99929
99940
99950
99961
99971
99982
99991
100003
100012
100024
100033
100044
100054
100065
100075
100086
100095
100107
