11
20
31
40
51
60
71
80
91
100
111
121
132
141
152
161
172
181
192
201
212
221
232
242
253
262
273
282
293
302
313
322
333
342
353
363
374
383
394
403
414
423
434
443
454
463
474
484
495
504
515
524
535
544
555
564
575
584
595
605
616
625
636
645
656
665
676
686
694
705
713
724
732
743
751
762
770
781
789
800
808
819
827
838
846
857
865
876
884
895
903
913
922
932
941
951
960
970
979
989
998
1008
1017
1027
1036
1046
1055
1065
1074
1084
1093
1103
1112
1122
1130
1141
1149
1160
1168
1179
1187
1198
1206
1217
1225
1236
1244
1255
1263
1274
1282
1293
1301
1312
1320
1331
1338
1344
1352
1358
1365
1371
1379
1385
1393
1398
1406
1412
1420
1426
1433
1439
1447
1453
1460
1466
1474
1480
1488
1493
1501
1507
1515
1521
1528
1534
1542
1548
1555
1561
1569
1575
1583
1588
1596
1602
1610
1616
1623
1629
1637
1643
1651
1656
1664
1670
1678
1683
1691
1697
1705
1711
1718
1724
1732
1738
1746
1751
1759
1765
1773
1778
1786
1792
1800
1806
1813
1819
1827
1833
1841
1846
1854
1860
1868
1873
1881
1887
1895
1901
1908
1914
1922
1928
1936
1941
1949
1955
1963
1969
1976
1985
1992
2001
2009
2018
2025
2035
2042
2051
2059
2068
2075
2085
2092
2101
2109
2118
2125
2135
2142
2151
2158
2168
2175
2184
2192
2201
2208
2218
2225
2234
2242
2251
2258
2268
2275
2284
2292
2301
2308
2317
2325
2334
2341
2351
2358
2367
2375
2384
2391
2401
2408
2417
2425
2434
2441
2451
2458
2467
2474
2484
2491
2500
2508
2517
2524
2534
2541
2550
2558
2567
2574
2584
2591
2600
2608
2617
2624
2633
2641
2650
2657
2667
2676
2684
2694
2702
2712
2720
2730
2738
2748
2756
2766
2774
2783
2791
2801
2809
2819
2827
2837
2845
2855
2863
2873
2881
2891
2898
2908
2916
2926
2934
2944
2952
2962
2970
2980
2988
2998
3006
3015
3023
3033
3041
3051
3059
3069
3077
3087
3095
3105
3113
3123
3130
3140
3148
3158
3166
3176
3184
3194
3202
3212
3220
3230
3238
3247
3255
3265
3273
3283
3291
3301
3309
3319
3327
3337
3345
3355
3364
3375
3383
3394
3403
3414
3422
3433
3442
3452
3461
3472
3481
3491
3500
3511
3520
3530
3539
3550
3558
3569
3578
3589
3597
3608
3617
3628
3636
3647
3656
3666
3675
3686
3695
3705
3714
3725
3733
3744
3753
3764
3772
3783
3792
3803
3811
3822
3831
3841
3850
3861
3870
3880
3889
3900
3909
3919
3928
3939
3947
3958
3967
3978
3986
3997
4006
4016
4025
4033
4042
4050
4059
4067
4076
4084
4093
4101
4111
4118
4128
4135
4145
4152
4162
4169
4179
4186
4196
4204
4213
4221
4230
4238
4247
4255
4264
4272
4281
4289
4299
4306
4316
4323
4333
4340
4350
4357
4367
4374
4384
4392
4401
4409
4418
4426
4435
4443
4452
4460
4469
4477
4487
4494
4504
4511
4521
4528
4538
4545
4555
4563
4572
4580
4589
4597
4606
4614
4623
4631
4640
4648
4658
4668
4676
4686
4694
4704
4712
4722
4730
4740
4748
4758
4766
4776
4784
4794
4802
4812
4820
4830
4838
4848
4856
4866
4874
4884
4892
4902
4910
4920
4928
4938
4946
4956
4964
4974
4982
4992
5000
5010
5018
5028
5036
5046
5054
5064
5072
5082
5090
5100
5108
5118
5126
5136
5144
5154
5162
5172
5180
5190
5198
5208
5216
5226
5234
5244
5252
5262
5270
5280
5288
5298
5306
5316
5324
5334
5342
5353
5362
5373
5382
5393
5402
5413
5422
5433
5443
5454
5463
5474
5483
5494
5503
5514
5523
5534
5544
5555
5564
5575
5584
5595
5604
5615
5624
5635
5645
5656
5665
5676
5685
5696
5705
5716
5725
5736
5746
5757
5766
5777
5786
5797
5806
5817
5826
5837
5847
5858
5867
5878
5887
5898
5907
5918
5927
5938
5948
5959
5968
5979
5988
5999
6006
6011
6018
6024
6031
6036
6044
6049
6056
6062
6069
6074
6082
6087
6094
6099
6107
6112
6119
6125
6132
6137
6145
6150
6157
6163
6170
6175
6182
6188
6195
6200
6208
6213
6220
6226
6233
6238
6246
6251
6258
6263
6271
6276
6283
6289
6296
6301
6309
6314
6321
6327
6334
6339
6347
6352
6359
6364
6372
6377
6384
6390
6397
6402
6410
6415
6422
6428
6435
6440
6447
6453
6460
6465
6473
6478
6485
6491
6498
6503
6511
6516
6523
6528
6536
6541
6548
6554
6561
6566
6574
6579
6586
6592
6599
6604
6611
6617
6624
6629
6637
6642
6649
6655
6662
6667
6675
6683
6690
6698
6705
6713
6720
6728
6735
6744
6750
6759
6765
6774
6780
6789
6796
6804
6811
6819
6826
6834
6841
6850
6856
6865
6871
6880
6886
6895
6901
6910
6917
6925
6932
6940
6947
6955
6962
6971
6977
6986
6992
7001
7007
7016
7023
7031
7038
7046
7053
7061
7068
7077
7083
7092
7098
7107
7113
7122
7128
7137
7144
7152
7159
7167
7174
7182
7189
7198
7204
7213
7219
7228
7234
7243
7250
7258
7265
7273
7280
7288
7295
7303
7310
7319
7325
7334
7340
7347
7352
7359
7364
7371
7376
7383
7388
7395
7400
7407
7412
7419
7425
7432
7437
7444
7449
7456
7461
7468
7473
7480
7485
7492
7497
7505
7510
7517
7522
7529
7534
7541
7546
7553
7558
7565
7570
7577
7583
7590
7595
7602
7607
7614
7619
7626
7631
7638
7643
7650
7655
7663
7668
7675
7680
7687
7692
7699
7704
7711
7716
7723
7728
7735
7741
7748
7753
7760
7765
7772
7777
7784
7789
7796
7801
7808
7813
7820
7826
7833
7838
7845
7850
7857
7862
7869
7874
7881
7886
7893
7898
7906
7911
7918
7923
7930
7935
7942
7947
7954
7959
7966
7971
7978
7984
7991
7996
8003
8008
8015
8021
8029
8035
8042
8048
8056
8062
8069
8075
8083
8089
8096
8102
8110
8116
8123
8129
8137
8143
8151
8156
8164
8170
8178
8183
8191
8197
8205
8210
8218
8224
8232
8237
8245
8251
8259
8265
8272
8278
8286
8292
8299
8305
8313
8319
8326
8332
8340
8346
8353
8359
8367
8373
8381
8386
8394
8400
8408
8413
8421
8427
8435
8440
8448
8454
8462
8467
8475
8481
8489
8495
8502
8508
8516
8522
8529
8535
8543
8549
8556
8562
8570
8576
8583
8589
8597
8603
8611
8616
8624
8630
8638
8643
8651
8657
8665
8673
8679
8687
8693
8701
8707
8715
8721
8729
8735
8743
8750
8758
8764
8772
8778
8786
8792
8800
8806
8814
8820
8829
8835
8843
8849
8857
8863
8871
8877
8885
8891
8899
8905
8914
8920
8928
8934
8942
8948
8956
8962
8970
8976
8984
8991
8999
9005
9013
9019
9027
9033
9041
9047
9055
9061
9070
9076
9084
9090
9098
9104
9112
9118
9126
9132
9140
9146
9155
9161
9169
9175
9183
9189
9197
9203
9211
9217
9225
9232
9240
9246
9254
9260
9268
9274
9282
9288
9296
9302
9311
9317
9325
9331
9339
9348
9356
9365
9373
9382
9390
9399
9407
9416
9424
9433
9441
9450
9458
9467
9475
9484
9492
9501
9509
9518
9526
9536
9543
9553
9560
9570
9577
9587
9594
9604
9611
9621
9628
9638
9645
9655
9662
9672
9679
9689
9696
9706
9714
9722
9732
9739
9749
9756
9766
9773
9783
9790
9800
9807
9817
9824
9834
9841
9851
9858
9868
9875
9885
9892
9902
9910
9919
9927
9936
9944
9953
9961
9970
9978
9986
9992
10000
10006
10015
10021
10029
10035
10043
10050
10058
10064
10072
10079
10087
10093
10101
10107
10116
10122
10130
10136
10144
10151
10159
10165
10173
10180
10188
10194
10202
10208
10217
10223
10231
10237
10245
10252
10260
10266
10274
10281
10289
10295
10303
10309
10318
10324
10332
10338
10347
10353
10361
10367
10375
10382
10390
10396
10404
10410
10419
10425
10433
10439
10448
10454
10462
10468
10476
10483
10491
10497
10505
10511
10520
10526
10534
10540
10549
10555
10563
10569
10577
10584
10592
10598
10606
10612
10621
10627
10634
10640
10648
10653
10661
10667
10674
10680
10688
10694
10701
10707
10715
10720
10728
10734
10742
10747
10755
10761
10768
10774
10782
10788
10795
10801
10809
10814
10822
10828
10836
10841
10849
10855
10862
10868
10876
10882
10889
10895
10903
10908
10916
10922
10930
10935
10943
10949
10956
10962
10970
10975
10983
10989
10997
11002
11010
11016
11023
11029
11037
11043
11050
11056
11064
11069
11077
11083
11091
11096
11104
11110
11117
11123
11131
11137
11144
11150
11158
11163
11171
11177
11185
11190
11198
11204
11211
11217
11225
11231
11238
11244
11252
11257
11265
11271
11279
11287
11294
11302
11309
11318
11324
11333
11339
11348
11355
11363
11370
11378
11385
11394
11400
11409
11415
11424
11431
11439
11446
11454
11461
11470
11476
11485
11491
11500
11507
11515
11522
11530
11537
11546
11552
11561
11567
11576
11583
11591
11598
11606
11613
11622
11628
11637
11644
11652
11659
11667
11674
11683
11689
11698
11704
11713
11720
11728
11735
11743
11750
11759
11765
11774
11780
11789
11796
11804
11811
11819
11826
11835
11841
11850
11856
11865
11872
11880
11887
11895
11902
11911
11917
11926
11932
11941
11950
11957
11966
11973
11982
11989
11998
12005
12014
12021
12030
12037
12046
12053
12062
12069
12078
12085
12094
12101
12110
12117
12126
12133
12142
12149
12159
12166
12175
12182
12191
12198
12207
12214
12223
12230
12239
12246
12255
12262
12271
12278
12287
12294
12303
12310
12319
12326
12335
12342
12351
12358
12367
12375
12384
12391
12400
12407
12416
12423
12432
12439
12448
12455
12464
12471
12480
12487
12496
12503
12512
12519
12528
12535
12544
12551
12560
12567
12576
12584
12593
12600
12609
12616
12623
12628
12635
12640
12647
12652
12660
12665
12672
12677
12684
12689
12697
12702
12709
12714
12721
12726
12734
12739
12746
12751
12758
12763
12771
12776
12783
12788
12795
12800
12808
12813
12820
12825
12832
12837
12845
12850
12857
12862
12869
12874
12882
12887
12894
12899
12906
12911
12919
12924
12931
12936
12943
12948
12956
12961
12968
12973
12980
12985
12993
12998
13005
13010
13017
13022
13030
13035
13042
13047
13054
13059
13067
13072
13079
13084
13091
13096
13104
13109
13116
13121
13128
13133
13141
13146
13153
13158
13165
13170
13178
13183
13190
13195
13202
13207
13215
13220
13227
13232
13239
13244
13252
13257
13265
13271
13280
13286
13294
13301
13309
13315
13324
13330
13338
13345
13353
13359
13368
13374
13382
13389
13397
13404
13412
13418
13427
13433
13441
13448
13456
13462
13471
13477
13485
13492
13500
13507
13514
13522
13529
13537
13543
13552
13558
13566
13573
13581
13587
13596
13602
13610
13617
13625
13632
13639
13647
13654
13662
13668
13677
13683
13691
13698
13706
13712
13721
13727
13735
13742
13750
13757
13764
13772
13779
13787
13793
13802
13808
13816
13823
13831
13837
13846
13852
13860
13867
13875
13882
13889
13897
13904
13912
13922
13931
13942
13951
13962
13971
13982
13991
14001
14010
14021
14030
14041
14050
14061
14070
14080
14089
14100
14109
14120
14129
14140
14149
14159
14168
14179
14188
14199
14208
14219
14228
14238
14247
14258
14267
14278
14287
14298
14307
14317
14326
14337
14346
14357
14366
14377
14386
14396
14405
14416
14425
14436
14445
14456
14465
14475
14484
14495
14504
14515
14524
14535
14544
14554
14563
14574
14583
14590
14596
14603
14609
14616
14622
14629
14635
14642
14648
14655
14661
14668
14674
14681
14687
14694
14700
14707
14713
14720
14726
14733
14739
14746
14752
14759
14765
14773
14778
14786
14791
14799
14804
14812
14817
14825
14830
14838
14843
14851
14856
14864
14869
14877
14882
14890
14895
14903
14908
14916
14921
14929
14934
14942
14948
14955
14961
14968
14974
14981
14987
14994
15000
15007
15013
15020
15026
15033
15039
15046
15052
15059
15065
15072
15078
15085
15091
15098
15104
15111
15117
15125
15130
15138
15143
15151
15156
15164
15169
15177
15182
15190
15195
15203
15208
15216
15221
15229
15234
15242
15247
15255
15260
15268
15278
15286
15297
15305
15316
15324
15335
15343
15354
15362
15373
15381
15391
15400
15410
15419
15429
15438
15448
15457
15467
15476
15486
15494
15505
15513
15524
15532
15543
15551
15562
15570
15581
15589
15599
15608
15618
15627
15637
15646
15656
15665
15675
15684
15694
15702
15713
15721
15732
15740
15751
15759
15770
15778
15789
15797
15808
15816
15826
15835
15845
15854
15864
15873
15883
15892
15902
15911
15921
15929
15940
15948
15955
15960
15967
15972
15979
15985
15992
15997
16004
16009
16017
16022
16029
16034
16041
16046
16054
16059
16066
16071
16078
16084
16091
16096
16103
16108
16115
16121
16128
16133
16140
16145
16153
16158
16165
16170
16177
16182
16190
16195
16202
16207
16214
16220
16227
16232
16239
16244
16251
16257
16264
16269
16276
16281
16289
16294
16301
16306
16313
16318
16326
16331
16338
16343
16350
16356
16363
16368
16375
16380
16387
16393
16400
16405
16412
16417
16425
16430
16437
16442
16449
16454
16462
16467
16474
16479
16486
16492
16499
16504
16511
16516
16523
16529
16536
16541
16548
16553
16561
16566
16573
16578
16585
16590
16598
16603
16610
16615
16622
16628
16635
16641
16648
16654
16661
16667
16674
16680
16687
16693
16700
16706
16714
16719
16727
16732
16740
16745
16753
16758
16766
16771
16779
16784
16792
16798
16805
16811
16818
16824
16831
16837
16844
16850
16857
16863
16870
16876
16883
16889
16897
16902
16910
16915
16923
16928
16936
16941
16949
16954
16962
16967
16975
16981
16988
16994
17001
17007
17014
17020
17027
17033
17040
17046
17053
17059
17066
17072
17080
17085
17093
17098
17106
17111
17119
17124
17132
17137
17145
17150
17158
17164
17171
17177
17184
17190
17197
17203
17210
17216
17223
17229
17236
17242
17249
17255
17263
17268
17276
17281
17289
17294
17302
17313
17322
17333
17342
17353
17362
17373
17382
17393
17403
17414
17423
17434
17443
17454
17463
17474
17483
17495
17504
17515
17524
17535
17544
17555
17564
17575
17585
17596
17605
17616
17625
17636
17645
17656
17665
17677
17686
17697
17706
17717
17726
17737
17746
17757
17767
17778
17787
17798
17807
17818
17827
17838
17847
17859
17868
17879
17888
17899
17908
17919
17928
17939
17949
17960
17969
17980
17991
18001
18012
18022
18034
18044
18054
18066
18076
18086
18098
18108
18118
18130
18140
18150
18162
18172
18182
18194
18204
18214
18226
18236
18246
18258
18268
18278
18290
18300
18310
18322
18332
18342
18354
18364
18374
18386
18396
18406
18418
18428
18438
18450
18460
18470
18482
18492
18502
18514
18524
18534
18546
18556
18566
18578
18588
18598
18610
18620
18630
18638
18644
18653
18659
18668
18674
18682
18689
18697
18704
18712
18718
18727
18733
18742
18748
18757
18763
18771
18778
18786
18793
18801
18807
18816
18822
18831
18837
18845
18852
18860
18867
18875
18882
18890
18896
18905
18911
18920
18926
18934
18941
18949
18956
18964
18970
18979
18985
18994
19000
19009
19015
19023
19030
19038
19045
19053
19059
19068
19074
19083
19089
19097
19104
19112
19119
19127
19134
19142
19148
19157
19163
19172
19178
19186
19193
19201
19208
19216
19222
19231
19237
19246
19252
19261
19267
19275
19285
19293
19303
19311
19321
19329
19339
19347
19357
19365
19375
19384
19394
19402
19412
19420
19430
19438
19448
19456
19466
19474
19484
19493
19503
19511
19521
19529
19539
19547
19557
19565
19575
19583
19593
19602
19612
19620
19630
19638
19648
19656
19666
19674
19684
19692
19702
19711
19721
19729
19739
19747
19757
19765
19775
19783
19793
19801
19811
19820
19830
19838
19848
19856
19866
19874
19884
19892
19902
19910
19920
19929
19939
19947
19958
19967
19979
19988
20000
20009
20021
20030
20042
20051
20063
20072
20084
20093
20105
20114
20126
20135
20147
20156
20168
20177
20189
20198
20210
20219
20230
20240
20251
20261
20272
20282
20293
20303
20314
20324
20335
20345
20356
20366
20377
20387
20398
20408
20419
20429
20440
20450
20461
20471
20482
20491
20503
20512
20524
20533
20545
20554
20566
20575
20587
20596
20603
20608
20615
20620
20627
20632
20639
20645
20652
20657
20664
20669
20676
20681
20689
20694
20701
20706
20713
20718
20725
20731
20738
20743
20750
20755
20762
20767
20775
20780
20787
20792
20799
20804
20811
20817
20824
20829
20836
20841
20848
20853
20861
20866
20873
20878
20885
20890
20897
20903
20910
20915
20922
20927
20934
20939
20947
20952
20959
20964
20971
20976
20983
20989
20996
21001
21008
21013
21020
21025
21033
21038
21045
21050
21057
21062
21069
21075
21082
21087
21094
21099
21106
21111
21119
21124
21131
21136
21143
21148
21155
21160
21168
21173
21180
21185
21192
21197
21204
21210
21217
21222
21229
21234
21241
21246
21254
21259
21266
21274
21281
21290
21297
21306
21313
21322
21329
21338
21345
21354
21361
21370
21377
21386
21393
21402
21409
21418
21425
21434
21441
21450
21457
21466
21473
21482
21489
21498
21505
21514
21521
21530
21537
21546
21553
21562
21569
21578
21585
21594
21601
21610
21617
21626
21633
21641
21648
21657
21664
21673
21680
21689
21696
21705
21712
21721
21728
21737
21744
21753
21760
21769
21776
21785
21792
21801
21808
21817
21824
21833
21840
21849
21856
21865
21872
21881
21888
21897
21904
21913
21920
21929
21936
21945
21953
21960
21968
21975
21983
21990
21998
22005
22013
22020
22028
22035
22043
22050
22058
22065
22073
22080
22089
22095
22104
22110
22119
22125
22134
22140
22149
22155
22164
22170
22179
22185
22194
22200
22209
22216
22224
22231
22239
22246
22254
22261
22269
22276
22284
22291
22299
22306
22314
22321
22329
22336
22344
22351
22360
22366
22375
22381
22390
22396
22405
22411
22420
22426
22435
22441
22450
22456
22465
22471
22480
22487
22495
22502
22510
22517
22525
22532
22540
22547
22555
22562
22570
22577
22585
22592
22602
22610
22621
22629
22640
22648
22659
22667
22678
22686
22697
22705
22716
22724
22735
22743
22754
22762
22772
22781
22791
22800
22810
22819
22829
22838
22848
22857
22867
22876
22886
22895
22905
22914
22924
22932
22943
22951
22962
22970
22981
22989
23000
23008
23019
23027
23038
23046
23057
23065
23076
23084
23094
23103
23113
23122
23132
23141
23151
23160
23170
23179
23189
23198
23208
23217
23227
23236
23246
23254
23265
23273
23282
23289
23299
23306
23315
23323
23332
23340
23349
23356
23366
23373
23383
23390
23399
23407
23416
23424
23433
23440
23450
23457
23467
23474
23483
23491
23500
23507
23517
23524
23534
23541
23550
23558
23567
23575
23584
23591
23601
23608
23618
23625
23634
23642
23651
23659
23668
23675
23685
23692
23701
23709
23718
23726
23735
23742
23752
23759
23769
23776
23785
23793
23802
23810
23819
23826
23836
23843
23853
23860
23869
23877
23886
23893
23903
23910
23920
23927
23935
23941
23949
23955
23963
23969
23977
23983
23991
23997
24005
24012
24020
24026
24034
24040
24048
24054
24062
24068
24076
24082
24090
24097
24105
24111
24119
24125
24133
24139
24147
24153
24161
24167
24175
24182
24190
24196
24204
24210
24218
24224
24232
24238
24246
24252
24260
24267
24275
24281
24289
24295
24303
24309
24317
24323
24331
24337
24345
24352
24360
24366
24374
24380
24388
24394
24402
24408
24416
24422
24430
24437
24445
24451
24459
24465
24473
24479
24487
24493
24501
24507
24515
24522
24530
24536
24544
24550
24558
24564
24572
24578
24586
24595
24602
24611
24618
24627
24634
24643
24650
24659
24666
24675
24682
24691
24698
24707
24714
24723
24730
24739
24746
24755
24762
24771
24778
24787
24794
24803
24810
24819
24826
24835
24843
24852
24859
24868
24875
24884
24891
24900
24907
24916
24923
24932
24939
24948
24955
24964
24971
24980
24987
24996
25003
25012
25019
25028
25035
25044
25051
25060
25067
25076
25083
25093
25100
25109
25116
25125
25132
25141
25148
25157
25164
25173
25180
25189
25196
25205
25212
25221
25228
25237
25244
25253
25260
25269
25278
25286
25296
25304
25313
25321
25331
25339
25348
25356
25366
25374
25383
25391
25401
25409
25418
25426
25436
25444
25453
25461
25471
25479
25488
25496
25506
25514
25523
25531
25541
25549
25558
25566
25576
25584
25593
25601
25611
25619
25628
25636
25646
25654
25663
25671
25681
25689
25698
25706
25716
25724
25733
25741
25751
25759
25768
25776
25786
25794
25803
25811
25821
25829
25838
25846
25856
25864
25873
25881
25891
25899
25908
25916
25926
25934
25943
25951
25961
25969
25976
25985
25992
26001
26008
26017
26024
26033
26040
26049
26056
26065
26072
26081
26088
26097
26103
26112
26119
26128
26135
26144
26151
26160
26167
26176
26183
26192
26199
26208
26215
26224
26231
26239
26246
26255
26262
26271
26278
26287
26294
26303
26310
26319
26326
26335
26342
26351
26358
26367
26373
26382
26389
26398
26405
26414
26421
26430
26437
26446
26453
26462
26469
26478
26485
26494
26501
26509
26516
26525
26532
26541
26548
26557
26564
26573
26580
26589
26596
26605
26612
26621
26628
26637
26643
26651
26658
26667
26674
26682
26689
26698
26705
26714
26720
26729
26736
26745
26752
26760
26767
26776
26783
26792
26798
26807
26814
26823
26830
26838
26845
26854
26861
26869
26876
26885
26892
26901
26907
26916
26923
26932
26939
26947
26954
26963
26970
26979
26985
26994
27001
27010
27017
27025
27032
27041
27048
27056
27063
27072
27079
27088
27094
27103
27110
27119
27126
27134
27141
27150
27157
27166
27172
27181
27188
27197
27204
27212
27219
27228
27235
27243
27250
27259
27266
27275
27281
27290
27297
27306
27314
27324
27332
27342
27350
27359
27367
27377
27385
27395
27403
27412
27420
27430
27438
27448
27456
27466
27473
27483
27491
27501
27509
27519
27526
27536
27544
27554
27562
27572
27579
27589
27597
27607
27615
27625
27633
27642
27650
27660
27668
27678
27686
27695
27703
27713
27721
27731
27739
27748
27756
27766
27774
27784
27792
27802
27809
27819
27827
27837
27845
27855
27862
27872
27880
27890
27898
27908
27916
27925
27933
27943
27951
27961
27971
27979
27989
27998
28008
28016
28027
28035
28045
28054
28064
28072
28083
28091
28101
28109
28120
28128
28138
28147
28157
28165
28176
28184
28194
28203
28213
28221
28231
28240
28250
28258
28269
28277
28287
28296
28306
28314
28325
28333
28343
28352
28362
28370
28380
28389
28399
28407
28418
28426
28436
28445
28455
28463
28474
28482
28492
28500
28511
28519
28529
28538
28548
28556
28567
28575
28585
28594
28604
28612
28622
28632
28640
28650
28658
28668
28676
28686
28694
28704
28712
28722
28730
28740
28748
28758
28766
28776
28784
28794
28802
28812
28820
28830
28838
28848
28856
28866
28874
28884
28892
28902
28910
28920
28928
28938
28946
28956
28964
28974
28982
28992
29000
29010
29018
29029
29037
29047
29055
29065
29073
29083
29091
29101
29109
29119
29127
29137
29145
29155
29163
29173
29181
29191
29199
29209
29217
29227
29235
29245
29253
29263
29271
29279
29286
29295
29302
29311
29317
29326
29333
29342
29349
29357
29364
29373
29380
29389
29396
29404
29411
29420
29427
29436
29442
29451
29458
29467
29474
29483
29489
29498
29505
29514
29521
29529
29536
29545
29552
29561
29568
29576
29583
29592
29599
29608
29614
29623
29630
29639
29646
29655
29661
29670
29677
29686
29693
29701
29708
29717
29724
29733
29740
29748
29755
29764
29771
29780
29786
29795
29802
29811
29818
29827
29833
29842
29849
29858
29865
29873
29880
29889
29896
29905
29912
29920
29927
29936
29946
29955
29965
29974
29984
29993
30003
30012
30022
30031
30041
30050
30060
30069
30079
30088
30098
30107
30117
30126
30136
30145
30156
30164
30175
30183
30194
30202
30213
30221
30232
30240
30251
30259
30270
30278
30289
30297
30308
30316
30327
30336
30345
30356
30364
30375
30383
30394
30402
30413
30421
30432
30440
30451
30459
30470
30478
30489
30497
30508
30516
30527
30536
30545
30556
30564
30575
30583
30594
30602
30613
30620
30626
30634
30640
30648
30654
30662
30668
30676
30682
30690
30696
30704
30710
30718
30724
30732
30738
30746
30752
30760
30766
30774
30780
30788
30793
30801
30807
30815
30821
30829
30835
30843
30849
30857
30863
30871
30877
30885
30891
30899
30905
30913
30919
30927
30933
30941
30947
30955
30961
30968
30974
30982
30988
30996
31002
31010
31016
31024
31030
31038
31044
31052
31058
31066
31072
31080
31086
31094
31100
31108
31114
31122
31128
31136
31142
31149
31155
31163
31169
31177
31183
31191
31197
31205
31211
31219
31225
31233
31239
31247
31253
31261
31271
31279
31289
31298
31308
31316
31327
31335
31345
31354
31364
31372
31383
31391
31401
31410
31420
31428
31439
31447
31457
31465
31476
31484
31494
31503
31513
31521
31532
31540
31550
31559
31569
31577
31588
31596
31606
31615
31625
31633
31643
31652
31662
31670
31681
31689
31699
31708
31718
31726
31737
31745
31755
31764
31774
31782
31793
31801
31811
31820
31830
31838
31848
31857
31867
31875
31886
31894
31904
31913
31923
31931
31938
31944
31952
31958
31965
31971
31979
31985
31993
31998
32006
32012
32020
32025
32033
32039
32047
32053
32060
32066
32074
32080
32088
32093
32101
32107
32115
32120
32128
32134
32142
32148
32155
32161
32169
32175
32182
32188
32196
32202
32210
32215
32223
32229
32237
32243
32250
32256
32264
32270
32277
32283
32291
32297
32305
32310
32318
32324
32332
32338
32345
32351
32359
32365
32372
32378
32386
32392
32400
32405
32413
32419
32427
32432
32440
32446
32454
32460
32467
32473
32481
32487
32495
32500
32508
32514
32522
32527
32535
32541
32549
32555
32562
32568
32576
32582
32589
32595
32603
32609
32620
32629
32641
32650
32662
32671
32683
32692
32704
32713
32725
32734
32746
32755
32767
32776
32788
32797
32809
32818
32830
32839
32851
32860
32872
32881
32893
32902
32914
32923
32935
32944
32956
32965
32977
32986
32998
33007
33019
33028
33040
33049
33061
33070
33082
33091
33103
33112
33124
33133
33145
33154
33166
33175
33187
33196
33208
33217
33229
33238
33250
33259
33271
33280
33292
33300
33307
33315
33322
33330
33337
33345
33352
33360
33367
33375
33382
33390
33397
33405
33412
33420
33427
33435
33442
33450
33457
33465
33472
33480
33487
33495
33502
33510
33517
33525
33532
33540
33547
33555
33562
33571
33577
33586
33592
33601
33607
33616
33622
33631
33637
33646
33652
33661
33667
33676
33682
33691
33697
33706
33712
33721
33727
33736
33742
33751
33757
33766
33772
33781
33787
33796
33802
33811
33817
33826
33833
33841
33848
33856
33863
33871
33878
33886
33893
33901
33908
33916
33923
33931
33938
33946
33953
33961
33969
33976
33985
33992
34001
34007
34016
34023
34032
34039
34047
34054
34063
34070
34079
34086
34093
34102
34109
34118
34125
34133
34140
34149
34156
34165
34171
34180
34187
34196
34203
34211
34218
34227
34234
34243
34250
34258
34265
34274
34281
34290
34296
34305
34312
34321
34328
34336
34343
34352
34359
34368
34375
34383
34390
34399
34406
34415
34421
34430
34437
34446
34453
34461
34468
34477
34484
34493
34500
34508
34515
34524
34531
34540
34546
34555
34562
34571
34578
34586
34593
34602
34609
34618
34626
34635
34643
34652
34660
34670
34677
34687
34694
34704
34712
34721
34729
34738
34746
34756
34763
34773
34780
34790
34797
34807
34815
34824
34832
34841
34849
34859
34866
34876
34883
34893
34901
34910
34918
34927
34935
34945
34952
34962
34969
34979
34986
34996
35004
35013
35021
35030
35038
35048
35055
35065
35072
35082
35090
35099
35107
35116
35124
35133
35141
35151
35158
35168
35175
35185
35193
35202
35210
35219
35227
35237
35244
35254
35261
35271
35279
35285
35294
35300
35309
35315
35324
35330
35339
35345
35354
35360
35369
35375
35384
35390
35399
35405
35414
35420
35429
35435
35444
35450
35459
35465
35474
35480
35489
35495
35504
35510
35519
35525
35534
35540
35549
35555
35564
35570
35579
35585
35594
35600
35609
35615
35624
35630
35639
35645
35654
35660
35669
35675
35683
35690
35698
35705
35713
35720
35728
35735
35743
35750
35758
35765
35773
35780
35788
35795
35803
35810
35818
35825
35833
35840
35848
35855
35863
35870
35878
35885
35893
35900
35908
35915
35923
35930
35937
35942
35949
35954
35961
35966
35973
35979
35986
35991
35998
36003
36010
36015
36022
36028
36035
36040
36047
36052
36059
36064
36071
36077
36084
36089
36096
36101
36108
36113
36120
36126
36133
36138
36145
36150
36157
36162
36170
36175
36182
36187
36194
36199
36206
36211
36219
36224
36231
36236
36243
36248
36255
36260
36268
36273
36280
36285
36292
36297
36304
36309
36317
36322
36329
36334
36341
36346
36353
36359
36366
36371
36378
36383
36390
36395
36402
36408
36415
36420
36427
36432
36439
36444
36451
36457
36464
36469
36476
36481
36488
36493
36500
36506
36513
36518
36525
36530
36537
36542
36549
36555
36562
36567
36574
36579
36586
36591
36599
36604
36611
36617
36624
36630
36638
36643
36651
36656
36664
36670
36677
36683
36690
36696
36704
36709
36717
36722
36730
36736
36743
36749
36756
36762
36770
36775
36783
36788
36796
36802
36809
36815
36822
36828
36836
36841
36849
36854
36862
36868
36875
36881
36888
36894
36902
36907
36915
36921
36928
36934
36941
36947
36955
36960
36968
36973
36981
36987
36994
37000
37007
37013
37021
37026
37034
37039
37047
37053
37060
37066
37073
37079
37087
37092
37100
37105
37113
37119
37126
37132
37139
37145
37153
37158
37166
37171
37179
37185
37192
37198
37205
37211
37219
37224
37232
37238
37245
37251
37260
37268
37277
37285
37294
37302
37311
37319
37328
37336
37345
37353
37362
37370
37379
37387
37396
37404
37413
37421
37430
37438
37447
37455
37464
37472
37481
37489
37498
37506
37515
37523
37532
37540
37549
37557
37566
37574
37583
37591
37600
37608
37617
37625
37634
37642
37651
37659
37669
37676
37686
37693
37703
37710
37720
37727
37737
37744
37754
37761
37771
37778
37788
37795
37805
37812
37822
37829
37839
37846
37856
37863
37873
37880
37890
37897
37907
37914
37924
37933
37940
37949
37957
37966
37973
37983
37990
37999
38007
38016
38023
38032
38040
38049
38056
38066
38073
38082
38090
38099
38106
38116
38123
38132
38139
38149
38156
38165
38173
38182
38189
38199
38206
38215
38222
38232
38239
38248
38256
38265
38272
38282
38289
38298
38306
38315
38322
38331
38339
38348
38355
38365
38372
38381
38389
38398
38405
38414
38422
38431
38438
38448
38455
38464
38472
38481
38488
38498
38505
38514
38521
38531
38538
38547
38555
38564
38571
38581
38588
38597
38604
38613
38621
38631
38639
38648
38656
38666
38674
38684
38691
38701
38709
38719
38726
38736
38744
38754
38762
38771
38779
38789
38797
38807
38814
38824
38832
38842
38849
38859
38867
38877
38885
38894
38902
38912
38920
38930
38937
38947
38955
38965
38972
38982
38990
39000
39008
39017
39025
39035
39043
39053
39060
39070
39078
39088
39095
39105
39113
39123
39131
39140
39148
39158
39166
39176
39183
39193
39201
39211
39218
39228
39236
39246
39254
39263
39271
39281
39288
39294
39302
39308
39316
39322
39330
39335
39343
39349
39357
39363
39371
39377
39385
39390
39398
39404
39412
39418
39426
39432
39439
39445
39453
39459
39467
39473
39481
39487
39494
39500
39508
39514
39522
39528
39536
39542
39549
39555
39563
39569
39577
39583
39591
39596
39604
39610
39618
39624
39632
39638
39646
39651
39659
39665
39673
39679
39687
39693
39701
39706
39714
39720
39728
39734
39742
39748
39755
39761
39769
39775
39783
39789
39797
39803
39810
39816
39824
39830
39838
39844
39852
39857
39865
39871
39879
39885
39893
39899
39907
39912
39920
39926
39934
39940
39950
39958
39968
39976
39986
39995
40005
40013
40023
40031
40042
40050
40060
40068
40078
40087
40097
40105
40115
40123
40133
40142
40152
40160
40170
40178
40189
40197
40207
40215
40225
40234
40244
40252
40262
40270
40280
40289
40299
40307
40317
40325
40336
40344
40354
40362
40372
40381
40391
40399
40409
40417
40427
40436
40446
40454
40464
40472
40483
40491
40501
40509
40519
40528
40538
40546
40556
40564
40574
40583
40593
40601
40611
40619
40630
40638
40649
40657
40668
40676
40687
40695
40706
40714
40724
40733
40743
40752
40762
40771
40781
40790
40800
40809
40819
40827
40838
40846
40857
40865
40876
40884
40895
40903
40914
40922
40932
40941
40951
40960
40970
40979
40989
40998
41008
41017
41027
41035
41046
41054
41065
41073
41084
41092
41103
41111
41122
41130
41141
41149
41159
41168
41178
41187
41197
41206
41216
41225
41235
41244
41254
41262
41270
41276
41285
41291
41300
41306
41315
41321
41330
41336
41345
41351
41360
41366
41375
41381
41390
41396
41405
41411
41420
41426
41434
41441
41449
41456
41464
41471
41479
41486
41494
41501
41509
41516
41524
41531
41539
41546
41554
41561
41569
41576
41584
41590
41599
41605
41614
41620
41629
41635
41644
41650
41659
41665
41674
41680
41689
41695
41704
41710
41719
41725
41734
41740
41748
41755
41763
41770
41778
41785
41793
41800
41808
41815
41823
41830
41838
41845
41853
41860
41868
41875
41883
41890
41898
41904
41913
41919
41928
41934
41943
41950
41956
41963
41969
41977
41982
41990
41995
42003
42009
42016
42022
42029
42035
42043
42048
42056
42062
42069
42075
42082
42088
42096
42101
42109
42114
42122
42128
42135
42141
42148
42154
42162
42167
42175
42181
42188
42194
42201
42207
42215
42220
42228
42233
42241
42247
42254
42260
42267
42273
42281
42286
42294
42300
42307
42313
42320
42326
42334
42339
42347
42352
42360
42366
42373
42379
42386
42392
42400
42405
42413
42419
42426
42432
42439
42445
42453
42458
42466
42471
42479
42485
42492
42498
42505
42511
42519
42524
42532
42538
42545
42551
42558
42564
42572
42577
42585
42590
42601
42610
42621
42630
42641
42650
42661
42671
42682
42691
42702
42711
42722
42731
42742
42752
42763
42772
42783
42792
42803
42812
42823
42833
42844
42853
42864
42873
42884
42893
42904
42914
42925
42934
42945
42954
42965
42974
42985
42995
43006
43015
43026
43035
43046
43055
43066
43076
43087
43096
43107
43116
43127
43136
43147
43157
43168
43177
43188
43197
43208
43217
43228
43238
43249
43258
43265
43271
43279
43284
43292
43298
43305
43311
43319
43325
43332
43338
43346
43351
43359
43365
43373
43378
43386
43392
43399
43405
43413
43418
43426
43432
43440
43445
43453
43459
43466
43472
43480
43486
43493
43499
43507
43512
43520
43526
43534
43539
43547
43553
43560
43566
43574
43579
43587
43593
43601
43606
43614
43620
43627
43633
43641
43647
43654
43660
43668
43673
43681
43687
43694
43700
43708
43714
43721
43727
43735
43740
43748
43754
43762
43767
43775
43781
43788
43794
43802
43808
43815
43821
43829
43834
43842
43848
43855
43861
43869
43875
43882
43888
43896
43901
43909
43915
43923
43928
43936
43942
43950
43956
43964
43970
43978
43984
43992
43998
44006
44012
44020
44026
44034
44040
44048
44054
44062
44068
44076
44082
44090
44096
44104
44110
44118
44124
44132
44138
44146
44152
44160
44167
44175
44181
44189
44195
44203
44209
44217
44223
44231
44237
44245
44251
44259
44265
44273
44279
44287
44293
44301
44307
44315
44321
44329
44335
44343
44349
44357
44363
44371
44377
44385
44391
44400
44406
44414
44420
44428
44434
44442
44448
44456
44462
44470
44476
44484
44490
44498
44504
44512
44518
44526
44532
44540
44546
44554
44560
44568
44574
44582
44589
44594
44601
44607
44614
44619
44627
44632
44639
44645
44652
44657
44665
44670
44677
44682
44690
44695
44702
44708
44715
44720
44728
44733
44740
44746
44753
44758
44765
44771
44778
44783
44791
44796
44803
44809
44816
44821
44829
44834
44841
44846
44854
44859
44866
44872
44879
44884
44892
44897
44904
44910
44917
44922
44930
44935
44942
44947
44955
44960
44967
44973
44980
44985
44993
44998
45005
45011
45018
45023
45030
45036
45043
45048
45056
45061
45068
45074
45081
45086
45094
45099
45106
45111
45119
45124
45131
45137
45144
45149
45157
45162
45169
45175
45182
45187
45194
45200
45207
45212
45220
45225
45232
45238
45245
45250
45258
45263
45272
45279
45288
45295
45304
45311
45320
45327
45336
45343
45352
45359
45368
45375
45384
45391
45400
45407
45416
45423
45432
45439
45448
45455
45464
45471
45480
45487
45496
45503
45512
45519
45528
45535
45544
45551
45560
45567
45576
45583
45592
45599
45608
45615
45624
45631
45640
45647
45656
45663
45672
45679
45688
45695
45704
45711
45720
45727
45736
45743
45752
45759
45769
45776
45785
45792
45801
45808
45817
45824
45833
45840
45849
45856
45865
45872
45881
45888
45897
45904
45913
45920
45929
45936
45943
45949
45957
45963
45970
45976
45984
45990
45997
46003
46011
46017
46024
46030
46038
46044
46051
46057
46065
46071
46078
46084
46092
46098
46106
46111
46119
46125
46133
46138
46146
46152
46160
46165
46173
46179
46187
46192
46200
46206
46214
46219
46227
46233
46241
46246
46254
46260
46268
46274
46281
46287
46295
46301
46308
46314
46322
46328
46335
46341
46349
46355
46362
46368
46376
46382
46389
46395
46403
46409
46416
46422
46430
46436
46444
46449
46457
46463
46471
46476
46484
46490
46498
46503
46511
46517
46525
46530
46538
46544
46552
46557
46565
46571
46579
46585
46592
46598
46606
46617
46626
46638
46647
46659
46668
46680
46689
46701
46710
46722
46731
46743
46752
46764
46773
46785
46794
46805
46815
46826
46836
46847
46857
46868
46878
46889
46899
46910
46920
46931
46941
46952
46962
46973
46982
46994
47003
47015
47024
47036
47045
47057
47066
47078
47087
47099
47108
47120
47129
47141
47150
47161
47171
47182
47192
47203
47213
47224
47234
47245
47255
47266
47276
47287
47297
47305
47315
47323
47333
47341
47351
47359
47369
47377
47387
47395
47405
47413
47423
47431
47441
47449
47459
47467
47478
47486
47496
47504
47514
47522
47532
47540
47550
47558
47568
47576
47586
47594
47604
47612
47622
47630
47640
47648
47659
47667
47677
47685
47695
47703
47713
47721
47731
47739
47749
47757
47767
47775
47785
47793
47803
47811
47821
47829
47840
47848
47858
47866
47876
47884
47894
47902
47912
47920
47930
47938
47948
47956
47966
47974
47982
47989
47998
48005
48014
48021
48030
48036
48045
48052
48061
48068
48077
48084
48093
48099
48108
48115
48124
48131
48140
48147
48155
48162
48171
48178
48187
48194
48203
48210
48218
48225
48234
48241
48250
48257
48266
48273
48281
48288
48297
48304
48313
48320
48329
48335
48344
48351
48360
48367
48376
48383
48392
48398
48407
48414
48423
48430
48439
48446
48454
48461
48470
48477
48486
48493
48502
48509
48517
48524
48533
48540
48549
48556
48565
48572
48580
48587
48596
48603
48612
48619
48628
48634
48641
48646
48654
48659
48667
48672
48680
48685
48693
48698
48705
48711
48718
48724
48731
48737
48744
48750
48757
48763
48770
48775
48783
48788
48796
48801
48809
48814
48822
48827
48834
48840
48847
48853
48860
48866
48873
48879
48886
48892
48899
48904
48912
48917
48925
48930
48938
48943
48951
48956
48964
48969
48976
48982
48989
48995
49002
49008
49015
49021
49028
49034
49040
49047
49053
49060
49066
49073
49079
49086
49092
49099
49104
49112
49117
49125
49130
49138
49143
49151
49156
49164
49169
49176
49182
49189
49195
49202
49208
49215
49221
49228
49234
49240
49247
49253
49260
49266
49273
49279
49286
49292
49299
49304
49312
49317
49325
49336
49346
49358
49367
49379
49389
49400
49410
49422
49432
49443
49453
49465
49474
49486
49496
49507
49517
49529
49539
49550
49560
49572
49581
49593
49603
49615
49624
49636
49646
49657
49667
49679
49688
49700
49710
49722
49731
49743
49753
49764
49774
49786
49796
49807
49817
49829
49838
49850
49860
49871
49881
49893
49903
49914
49924
49936
49945
49957
49967
49978
49987
49995
50005
50012
50022
50030
50040
50047
50057
50065
50074
50082
50092
50100
50109
50117
50127
50134
50144
50152
50162
50169
50179
50187
50197
50204
50214
50222
50231
50239
50249
50257
50266
50274
50284
50291
50301
50309
50319
50326
50336
50344
50353
50361
50371
50379
50388
50396
50406
50414
50423
50431
50441
50448
50458
50466
50476
50483
50493
50501
50510
50518
50528
50536
50545
50553
50563
50571
50580
50588
50598
50605
50615
50623
50633
50640
50650
50658
50666
50672
50681
50687
50695
50702
50710
50716
50725
50731
50740
50746
50754
50761
50769
50775
50784
50790
50798
50805
50813
50820
50828
50834
50843
50849
50857
50864
50872
50878
50887
50893
50902
50908
50916
50923
50931
50937
50946
50952
50961
50967
50975
50982
50990
50996
51005
51011
51019
51026
51034
51041
51049
51055
51064
51070
51078
51085
51093
51099
51108
51114
51123
51129
51137
51144
51152
51158
51167
51173
51182
51188
51196
51203
51211
51217
51226
51232
51240
51247
51255
51262
51270
51276
51285
51291
51299
51306
51313
51318
51325
51331
51338
51343
51351
51356
51363
51368
51376
51381
51388
51394
51401
51406
51414
51419
51426
51431
51439
51444
51451
51457
51464
51469
51477
51482
51489
51494
51502
51507
51514
51520
51527
51532
51540
51545
51552
51557
51565
51570
51577
51583
51590
51595
51603
51608
51615
51620
51628
51633
51640
51646
51653
51658
51666
51671
51678
51683
51691
51696
51703
51709
51716
51721
51729
51734
51741
51746
51754
51759
51766
51772
51779
51784
51792
51797
51804
51809
51817
51822
51829
51835
51842
51847
51855
51860
51867
51872
51880
51885
51892
51898
51905
51910
51918
51923
51930
51935
51943
51948
51955
51963
51969
51977
51983
51992
51998
52006
52012
52021
52027
52035
52041
52049
52056
52064
52070
52078
52085
52093
52099
52107
52114
52122
52128
52136
52142
52151
52157
52165
52171
52180
52186
52194
52200
52209
52215
52223
52229
52237
52244
52252
52258
52266
52273
52281
52287
52295
52301
52310
52316
52324
52330
52339
52345
52353
52359
52368
52374
52382
52388
52396
52403
52411
52417
52425
52432
52440
52446
52454
52461
52469
52475
52483
52489
52498
52504
52512
52518
52527
52533
52541
52547
52555
52562
52570
52576
52584
52591
52599
52605
52613
52620
52627
52633
52641
52646
52654
52660
52667
52673
52681
52686
52694
52700
52707
52713
52721
52726
52734
52740
52747
52753
52761
52766
52774
52780
52788
52793
52801
52807
52814
52820
52828
52833
52841
52847
52854
52860
52868
52873
52881
52887
52894
52900
52908
52913
52921
52927
52935
52940
52948
52954
52961
52967
52975
52980
52988
52994
53001
53007
53015
53020
53028
53034
53041
53047
53055
53060
53068
53074
53082
53087
53095
53101
53108
53114
53122
53127
53135
53141
53148
53154
53162
53167
53175
53181
53188
53194
53202
53207
53215
53221
53229
53234
53242
53248
53255
53261
53269
53274
53285
53294
53305
53314
53325
53334
53345
53354
53365
53374
53385
53394
53405
53414
53425
53434
53445
53455
53466
53475
53486
53495
53506
53515
53526
53535
53546
53555
53566
53575
53586
53595
53606
53615
53627
53636
53647
53656
53667
53676
53687
53696
53707
53716
53727
53736
53747
53756
53767
53776
53787
53797
53808
53817
53828
53837
53848
53857
53868
53877
53888
53897
53908
53917
53928
53936
53942
53951
53957
53966
53972
53981
53987
53996
54002
54011
54017
54026
54032
54041
54047
54056
54062
54070
54077
54085
54092
54100
54107
54115
54122
54130
54137
54145
54152
54160
54167
54175
54182
54190
54196
54205
54211
54220
54226
54235
54241
54250
54256
54265
54271
54280
54286
54295
54301
54310
54316
54325
54331
54339
54346
54354
54361
54369
54376
54384
54391
54399
54406
54414
54421
54429
54436
54444
54451
54459
54465
54474
54480
54489
54495
54504
54510
54519
54525
54534
54540
54549
54555
54564
54570
54579
54586
54591
54598
54603
54611
54616
54623
54628
54636
54641
54648
54653
54660
54666
54673
54678
54685
54691
54698
54703
54710
54715
54723
54728
54735
54740
54748
54753
54760
54765
54772
54778
54785
54790
54797
54803
54810
54815
54822
54827
54835
54840
54847
54852
54860
54865
54872
54877
54884
54890
54897
54902
54909
54915
54922
54927
54934
54939
54947
54952
54959
54964
54972
54977
54984
54989
54997
55002
55009
55014
55021
55027
55034
55039
55046
55052
55059
55064
55071
55076
55084
55089
55096
55101
55109
55114
55121
55126
55133
55139
55146
55151
55158
55164
55171
55176
55183
55188
55196
55201
55208
55213
55221
55226
55233
55238
55245
55255
55263
55273
55282
55292
55300
55311
55319
55329
55337
55348
55356
55366
55375
55385
55393
55404
55412
55422
55430
55441
55449
55459
55468
55478
55486
55496
55505
55515
55523
55534
55542
55552
55561
55571
55579
55589
55598
55608
55616
55627
55635
55645
55653
55664
55672
55682
55691
55701
55709
55720
55728
55738
55746
55757
55765
55775
55784
55794
55802
55813
55821
55831
55839
55850
55858
55868
55877
55887
55895
55905
55914
55924
55932
55942
55950
55960
55968
55978
55987
55997
56005
56015
56023
56033
56042
56052
56060
56070
56078
56088
56097
56107
56115
56125
56133
56143
56152
56162
56170
56180
56188
56198
56207
56217
56225
56235
56243
56253
56262
56272
56280
56290
56298
56308
56317
56327
56335
56345
56353
56363
56372
56382
56390
56400
56408
56418
56427
56437
56445
56455
56463
56473
56482
56492
56500
56510
56518
56528
56537
56547
56555
56565
56573
56583
56592
56599
56604
56611
56617
56624
56629
56637
56642
56649
56655
56662
56667
56674
56680
56687
56692
56700
56705
56712
56718
56725
56730
56737
56743
56750
56755
56763
56768
56775
56781
56788
56793
56800
56806
56813
56818
56826
56831
56838
56844
56851
56856
56864
56869
56876
56881
56889
56894
56901
56907
56914
56919
56927
56932
56939
56944
56952
56957
56964
56970
56977
56982
56990
56995
57002
57007
57015
57020
57027
57033
57040
57045
57053
57058
57065
57070
57078
57083
57090
57096
57103
57108
57116
57121
57128
57134
57141
57146
57153
57159
57166
57171
57179
57184
57191
57197
57204
57209
57216
57222
57229
57234
57242
57247
57254
57260
57267
57272
57280
57287
57296
57303
57312
57319
57328
57335
57344
57351
57360
57367
57376
57383
57392
57399
57408
57415
57424
57431
57440
57447
57456
57463
57472
57479
57488
57495
57504
57511
57520
57527
57536
57543
57552
57559
57568
57575
57584
57591
57600
57607
57616
57623
57632
57639
57648
57655
57664
57671
57680
57687
57696
57703
57712
57719
57728
57735
57744
57751
57760
57767
57776
57783
57792
57799
57808
57815
57824
57831
57840
57847
57856
57863
57872
57879
57888
57895
57904
57911
57920
57929
57937
57946
57954
57963
57971
57980
57988
57997
58005
58014
58022
58031
58039
58048
58056
58065
58073
58083
58090
58100
58107
58117
58124
58134
58141
58151
58158
58168
58175
58185
58192
58202
58209
58219
58227
58236
58244
58253
58261
58270
58278
58287
58295
58304
58312
58321
58329
58338
58346
58355
58363
58373
58380
58390
58397
58407
58414
58424
58431
58441
58448
58458
58465
58475
58482
58492
58499
58509
58517
58526
58534
58543
58551
58560
58568
58575
58581
58588
58594
58601
58607
58614
58620
58627
58633
58640
58646
58653
58659
58666
58672
58679
58685
58692
58698
58705
58711
58718
58724
58731
58737
58744
58750
58757
58763
58770
58776
58783
58789
58796
58802
58809
58815
58822
58828
58835
58841
58848
58854
58861
58867
58874
58880
58887
58893
58900
58906
58913
58919
58926
58932
58939
58945
58952
58958
58965
58971
58978
58984
58991
58997
59004
59010
59017
59023
59030
59036
59043
59049
59056
59062
59069
59075
59082
59088
59095
59101
59108
59114
59121
59127
59134
59140
59147
59153
59160
59166
59173
59179
59186
59192
59199
59205
59212
59218
59225
59231
59238
59247
59255
59265
59273
59283
59291
59301
59309
59319
59327
59337
59345
59355
59363
59371
59381
59389
59399
59407
59417
59425
59435
59443
59453
59461
59471
59479
59488
59496
59506
59514
59524
59532
59542
59550
59560
59568
59578
59586
59596
59604
59613
59621
59631
59639
59649
59657
59667
59675
59685
59693
59703
59711
59721
59729
59738
59746
59756
59764
59774
59782
59792
59800
59810
59818
59828
59836
59846
59854
59863
59871
59881
59889
59896
59901
59909
59914
59922
59927
59935
59940
59948
59953
59961
59966
59973
59979
59986
59992
59999
60005
60012
60018
60025
60031
60038
60043
60051
60056
60064
60069
60077
60082
60090
60095
60103
60108
60115
60121
60128
60134
60141
60147
60154
60160
60167
60173
60180
60185
60193
60198
60206
60211
60219
60224
60232
60237
60245
60250
60257
60263
60270
60276
60283
60289
60296
60302
60309
60315
60322
60327
60335
60340
60348
60353
60361
60366
60374
60379
60387
60392
60399
60405
60412
60418
60425
60431
60438
60444
60451
60457
60464
60469
60477
60482
60490
60495
60503
60508
60516
60521
60529
60534
60541
60549
60556
60565
60572
60581
60588
60597
60604
60613
60619
60628
60635
60644
60651
60660
60667
60676
60683
60691
60698
60707
60714
60723
60730
60739
60746
60755
60761
60770
60777
60786
60793
60802
60809
60818
60825
60833
60840
60849
60856
60865
60872
60881
60888
60897
60903
60912
60919
60928
60935
60944
60951
60960
60967
60975
60982
60991
60998
61007
61014
61023
61030
61039
61045
61054
61061
61070
61077
61086
61093
61102
61109
61117
61124
61133
61140
61149
61156
61165
61172
61181
61187
61196
61203
61212
61219
61230
61240
61251
61261
61272
61282
61293
61303
61314
61324
61335
61345
61356
61366
61377
61387
61398
61408
61419
61429
61440
61450
61461
61471
61482
61492
61503
61513
61524
61534
61545
61555
61566
61576
61587
61597
61608
61618
61629
61639
61650
61660
61671
61681
61692
61702
61713
61723
61734
61744
61755
61765
61776
61786
61797
61807
61818
61828
61839
61849
61860
61870
61878
61884
61893
61899
61908
61914
61923
61929
61938
61944
61953
61959
61968
61974
61983
61989
61998
62004
62013
62019
62028
62034
62043
62049
62058
62064
62073
62079
62088
62094
62103
62109
62118
62124
62133
62139
62148
62154
62163
62169
62178
62184
62193
62199
62208
62214
62223
62229
62238
62244
62253
62259
62268
62274
62283
62289
62298
62304
62313
62319
62328
62334
62343
62349
62358
62364
62373
62379
62388
62394
62403
62409
62418
62424
62433
62439
62448
62454
62463
62469
62478
62484
62493
62499
62508
62514
62523
62529
62538
62544
62552
62558
62566
62573
62581
62587
62596
62602
62610
62617
62625
62631
62640
62646
62654
62661
62669
62675
62684
62690
62698
62704
62713
62719
62727
62734
62742
62748
62757
62763
62771
62778
62786
62792
62801
62807
62815
62822
62830
62836
62844
62851
62859
62865
62874
62880
62888
62895
62903
62909
62918
62924
62932
62939
62947
62953
62962
62968
62976
62983
62991
62997
63005
63012
63020
63026
63035
63041
63049
63056
63064
63070
63079
63085
63093
63100
63108
63114
63123
63129
63137
63144
63151
63159
63165
63174
63180
63188
63195
63203
63209
63218
63225
63230
63237
63243
63250
63255
63263
63268
63275
63280
63288
63293
63300
63306
63313
63318
63325
63331
63338
63343
63351
63356
63363
63368
63376
63381
63388
63394
63401
63406
63413
63419
63426
63431
63439
63444
63451
63456
63464
63469
63476
63482
63489
63494
63502
63507
63514
63519
63527
63532
63539
63545
63552
63557
63564
63570
63577
63582
63590
63595
63602
63607
63615
63620
63627
63633
63640
63645
63652
63658
63665
63670
63678
63683
63690
63695
63703
63708
63715
63721
63728
63733
63741
63746
63753
63758
63766
63771
63778
63784
63791
63796
63803
63809
63816
63821
63829
63834
63841
63846
63854
63859
63866
63872
63879
63888
63895
63904
63911
63920
63927
63936
63943
63952
63959
63968
63975
63984
63991
64000
64007
64016
64023
64032
64039
64049
64056
64065
64072
64081
64088
64097
64104
64113
64120
64129
64136
64145
64152
64161
64168
64177
64184
64193
64200
64209
64217
64226
64233
64242
64249
64258
64265
64274
64281
64290
64297
64306
64313
64322
64329
64338
64345
64354
64361
64370
64377
64387
64394
64403
64410
64419
64426
64435
64442
64451
64458
64467
64474
64483
64490
64499
64506
64515
64522
64531
64538
64549
64559
64571
64581
64592
64602
64614
64624
64636
64645
64657
64667
64679
64689
64700
64710
64722
64732
64744
64753
64765
64775
64787
64796
64808
64818
64830
64840
64851
64861
64873
64883
64895
64904
64916
64926
64938
64948
64959
64969
64981
64991
65003
65012
65024
65034
65046
65055
65067
65077
65089
65099
65110
65120
65132
65142
65154
65163
65175
65185
65197
65207
65218
65228
65236
65243
65252
65259
65268
65275
65284
65291
65300
65307
65315
65322
65331
65338
65347
65354
65363
65370
65379
65386
65395
65401
65410
65417
65426
65433
65442
65449
65458
65465
65474
65480
65489
65496
65505
65512
65521
65528
65537
65544
65553
65560
65568
65575
65584
65591
65600
65607
65616
65623
65632
65639
65647
65654
65663
65670
65679
65686
65695
65702
65711
65718
65727
65733
65742
65749
65758
65765
65774
65781
65790
65797
65806
65812
65821
65828
65837
65844
65853
65860
65869
65876
65885
65892
65900
65907
65914
65919
65927
65932
65940
65945
65953
65958
65966
65971
65979
65984
65992
65997
66005
66010
66018
66023
66031
66036
66044
66049
66057
66062
66069
66075
66082
66088
66095
66101
66108
66114
66121
66127
66134
66140
66147
66153
66160
66166
66173
66179
66186
66192
66199
66205
66212
66218
66225
66230
66238
66243
66251
66256
66264
66269
66277
66282
66290
66295
66303
66308
66316
66321
66329
66334
66342
66347
66355
66360
66368
66373
66381
66386
66393
66399
66406
66412
66419
66425
66432
66438
66445
66451
66458
66464
66471
66477
66484
66490
66497
66503
66510
66516
66523
66529
66536
66541
66549
66554
66562
66567
66575
66581
66589
66595
66604
66610
66618
66624
66633
66639
66647
66653
66662
66668
66676
66682
66690
66697
66705
66711
66719
66726
66734
66740
66748
66755
66763
66769
66777
66783
66792
66798
66806
66812
66821
66827
66835
66841
66850
66856
66864
66870
66879
66885
66893
66899
66907
66914
66922
66928
66936
66943
66951
66957
66965
66972
66980
66986
66994
67000
67009
67015
67023
67029
67038
67044
67052
67058
67067
67073
67081
67087
67096
67102
67110
67116
67124
67131
67139
67145
67153
67160
67168
67174
67182
67189
67197
67203
67211
67217
67226
67235
67242
67252
67259
67269
67276
67286
67293
67303
67310
67319
67327
67336
67344
67353
67361
67370
67378
67387
67394
67404
67411
67421
67428
67438
67445
67455
67462
67471
67479
67488
67496
67505
67513
67522
67530
67539
67546
67556
67563
67573
67580
67590
67597
67607
67614
67623
67631
67640
67648
67657
67665
67674
67682
67691
67698
67708
67715
67725
67732
67742
67749
67759
67766
67775
67783
67792
67800
67809
67817
67826
67834
67843
67850
67860
67867
67877
67884
67893
67900
67910
67917
67927
67934
67944
67951
67961
67968
67978
67985
67995
68002
68012
68019
68028
68036
68045
68053
68062
68070
68079
68087
68096
68104
68113
68121
68130
68138
68147
68154
68164
68171
68181
68188
68198
68205
68215
68222
68232
68239
68249
68256
68266
68273
68283
68290
68299
68307
68316
68324
68333
68341
68350
68358
68367
68375
68384
68392
68401
68409
68418
68425
68435
68442
68452
68459
68469
68476
68486
68493
68503
68510
68520
68527
68536
68544
68554
68562
68572
68579
68589
68597
68607
68615
68624
68632
68642
68650
68660
68667
68677
68685
68695
68703
68713
68720
68730
68738
68748
68756
68765
68773
68783
68791
68801
68808
68818
68826
68836
68844
68853
68861
68871
68879
68889
68897
68906
68914
68924
68932
68942
68949
68959
68967
68977
68985
68994
69002
69012
69020
69030
69038
69047
69055
69065
69073
69083
69090
69100
69108
69118
69126
69135
69143
69153
69161
69171
69178
69188
69195
69201
69209
69215
69223
69229
69236
69242
69250
69256
69264
69270
69278
69284
69290
69298
69304
69312
69318
69326
69332
69338
69346
69352
69360
69366
69374
69380
69386
69394
69400
69408
69414
69422
69428
69434
69442
69448
69456
69462
69470
69476
69482
69490
69496
69504
69510
69518
69524
69530
69538
69544
69552
69558
69566
69572
69578
69586
69592
69600
69606
69614
69620
69626
69634
69640
69648
69654
69662
69668
69674
69682
69688
69696
69702
69710
69716
69722
69730
69736
69744
69750
69758
69764
69770
69778
69784
69792
69798
69806
69812
69818
69826
69832
69840
69846
69854
69860
69868
69874
69882
69889
69897
69903
69911
69917
69926
69932
69940
69946
69954
69961
69969
69975
69983
69989
69998
70004
70012
70018
70026
70033
70041
70047
70055
70061
70070
70076
70084
70090
70098
70104
70113
70119
70127
70133
70141
70148
70156
70162
70170
70176
70185
70191
70199
70205
70213
70220
70228
70234
70242
70248
70257
70263
70271
70277
70285
70292
70300
70306
70314
70320
70329
70335
70343
70349
70357
70363
70372
70378
70386
70392
70400
70407
70415
70421
70429
70435
70444
70450
70458
70464
70472
70479
70487
70493
70501
70509
70516
70525
70532
70540
70547
70556
70563
70572
70578
70587
70594
70603
70610
70618
70625
70634
70641
70649
70656
70665
70672
70681
70687
70696
70703
70712
70719
70727
70734
70743
70750
70758
70765
70774
70781
70790
70796
70805
70812
70821
70828
70836
70843
70852
70859
70867
70874
70883
70890
70899
70905
70914
70921
70930
70937
70945
70952
70961
70968
70977
70983
70992
70999
71008
71014
71023
71030
71039
71046
71054
71061
71070
71077
71086
71092
71101
71108
71117
71123
71132
71139
71148
71155
71162
71167
71175
71180
71188
71193
71200
71206
71213
71219
71226
71232
71239
71244
71252
71257
71265
71270
71277
71283
71290
71296
71303
71309
71316
71321
71329
71334
71342
71347
71355
71360
71367
71373
71380
71386
71393
71398
71406
71411
71419
71424
71432
71437
71444
71450
71457
71463
71470
71476
71483
71488
71496
71501
71509
71514
71521
71527
71534
71540
71547
71553
71560
71565
71573
71578
71586
71591
71599
71604
71611
71617
71624
71630
71637
71642
71650
71655
71663
71668
71676
71681
71688
71694
71701
71707
71714
71720
71727
71732
71740
71745
71753
71758
71765
71771
71778
71784
71791
71797
71804
71809
71817
71824
71830
71838
71844
71852
71858
71866
71872
71880
71885
71893
71899
71907
71913
71921
71927
71935
71941
71949
71954
71962
71968
71976
71982
71990
71996
72004
72010
72017
72023
72031
72037
72045
72051
72059
72065
72073
72079
72086
72092
72100
72106
72114
72120
72128
72134
72142
72148
72155
72161
72169
72175
72183
72189
72197
72203
72211
72217
72223
72231
72237
72245
72251
72259
72265
72273
72279
72286
72292
72300
72306
72314
72320
72328
72334
72342
72348
72355
72361
72369
72375
72383
72389
72397
72403
72411
72417
72423
72431
72437
72445
72451
72459
72465
72473
72479
72488
72496
72505
72513
72522
72530
72540
72547
72557
72564
72574
72582
72591
72599
72608
72616
72626
72633
72643
72650
72660
72667
72677
72685
72694
72702
72711
72719
72729
72736
72746
72753
72763
72771
72780
72788
72797
72805
72815
72822
72832
72839
72849
72856
72866
72874
72883
72891
72900
72908
72918
72925
72935
72942
72952
72960
72969
72977
72986
72994
73003
73011
73021
73028
73038
73045
73055
73063
73072
73080
73089
73097
73107
73114
73124
73131
73137
73145
73151
73159
73165
73173
73179
73186
73192
73200
73206
73214
73220
73228
73234
73241
73247
73255
73261
73269
73275
73283
73289
73296
73302
73310
73316
73324
73330
73338
73344
73351
73357
73365
73371
73379
73385
73393
73399
73406
73412
73420
73426
73434
73440
73448
73454
73461
73467
73475
73481
73489
73495
73503
73509
73516
73522
73530
73536
73544
73550
73558
73564
73571
73577
73585
73591
73599
73605
73613
73619
73627
73632
73640
73646
73654
73660
73668
73674
73682
73687
73695
73701
73709
73715
73723
73729
73737
73742
73750
73756
73764
73770
73778
73788
73796
73806
73814
73825
73833
73843
73851
73862
73870
73880
73888
73898
73907
73917
73925
73935
73944
73954
73962
73972
73981
73991
73999
74009
74018
74027
74037
74045
74055
74064
74074
74082
74092
74101
74111
74119
74129
74138
74147
74157
74165
74175
74184
74194
74202
74212
74221
74231
74239
74249
74258
74267
74277
74285
74295
74304
74314
74322
74332
74341
74351
74359
74369
74378
74387
74397
74405
74415
74424
74434
74442
74452
74461
74471
74479
74489
74497
74507
74515
74526
74534
74544
74552
74562
74570
74580
74589
74599
74607
74617
74625
74635
74644
74654
74662
74672
74680
74690
74698
74709
74717
74727
74735
74745
74753
74764
74772
74782
74790
74800
74808
74818
74827
74837
74845
74855
74863
74873
74882
74892
74900
74910
74918
74928
74936
74947
74955
74965
74973
74983
74991
75002
75010
75020
75028
75038
75046
75056
75065
75075
75083
75093
75101
75111
75120
75130
75138
75146
75152
75160
75166
75174
75181
75189
75195
75203
75209
75217
75224
75232
75238
75246
75252
75260
75267
75275
75281
75289
75295
75303
75310
75318
75324
75332
75338
75346
75353
75361
75367
75375
75381
75389
75396
75404
75410
75418
75424
75432
75439
75447
75453
75461
75467
75475
75482
75490
75496
75504
75510
75518
75525
75533
75539
75547
75553
75561
75568
75576
75582
75590
75596
75604
75611
75619
75625
75633
75639
75647
75654
75662
75668
75676
75682
75690
75697
75705
75711
75719
75725
75733
75740
75748
75754
75762
75768
75776
75783
75790
75795
75802
75807
75815
75820
75827
75832
75840
75845
75852
75857
75864
75870
75877
75882
75889
75895
75902
75907
75914
75920
75927
75932
75939
75944
75952
75957
75964
75969
75977
75982
75989
75994
76002
76007
76014
76019
76026
76032
76039
76044
76051
76057
76064
76069
76076
76082
76089
76094
76101
76106
76114
76119
76126
76131
76139
76144
76151
76156
76164
76169
76176
76181
76188
76194
76201
76206
76213
76219
76226
76231
76238
76244
76251
76256
76263
76268
76276
76281
76288
76293
76301
76306
76313
76318
76326
76331
76338
76343
76350
76356
76363
76368
76375
76381
76388
76393
76400
76406
76413
76418
76425
76430
76438
76443
76450
76455
76463
76468
76476
76482
76490
76496
76504
76510
76518
76524
76532
76538
76546
76552
76560
76566
76574
76580
76588
76594
76602
76608
76616
76622
76630
76636
76644
76650
76658
76664
76672
76678
76686
76692
76700
76707
76715
76721
76729
76735
76743
76749
76757
76763
76771
76777
76785
76791
76799
76805
76813
76819
76827
76833
76841
76847
76855
76861
76869
76875
76883
76889
76897
76903
76911
76917
76925
76931
76940
76946
76954
76960
76968
76974
76982
76988
76996
77002
77010
77016
77024
77030
77038
77044
77052
77058
77066
77072
77080
77086
77094
77100
77108
77114
77122
77128
77136
77142
77152
77161
77171
77180
77191
77199
77210
77218
77229
77238
77248
77257
77267
77276
77287
77295
77306
77315
77325
77334
77344
77353
77364
77372
77383
77392
77401
77412
77420
77431
77440
77450
77459
77469
77478
77489
77497
77508
77517
77526
77537
77545
77556
77565
77575
77584
77594
77603
77614
77622
77633
77642
77651
77662
77670
77681
77690
77700
77709
77719
77728
77739
77747
77758
77767
77776
77787
77795
77806
77816
77824
77834
77842
77852
77861
77871
77879
77889
77897
77907
77916
77926
77934
77944
77952
77962
77971
77981
77989
77999
78007
78017
78026
78036
78044
78054
78062
78072
78081
78091
78099
78109
78117
78127
78136
78146
78154
78164
78172
78182
78191
78201
78209
78219
78227
78237
78246
78256
78264
78274
78282
78292
78301
78311
78319
78329
78337
78347
78356
78366
78374
78384
78392
78402
78411
78421
78429
78439
78447
78457
78466
78476
78484
78494
78504
78512
78522
78530
78540
78548
78558
78566
78576
78584
78594
78602
78612
78620
78630
78638
78648
78656
78666
78674
78684
78692
78702
78710
78720
78728
78738
78746
78756
78764
78774
78782
78792
78800
78810
78818
78828
78836
78846
78854
78864
78872
78882
78890
78901
78909
78919
78927
78937
78945
78955
78963
78973
78981
78991
78999
79009
79017
79027
79035
79045
79053
79063
79071
79081
79089
79099
79107
79117
79125
79135
79143
79150
79155
79162
79167
79174
79179
79187
79192
79199
79204
79211
79216
79224
79229
79236
79241
79248
79253
79261
79266
79273
79278
79285
79290
79298
79303
79310
79315
79322
79327
79335
79340
79347
79352
79359
79364
79372
79377
79384
79389
79396
79401
79409
79414
79421
79426
79433
79438
79446
79451
79458
79463
79470
79475
79482
79488
79495
79500
79507
79512
79519
79525
79532
79537
79544
79549
79556
79562
79569
79574
79581
79586
79593
79599
79606
79611
79618
79623
79630
79636
79643
79648
79655
79660
79667
79673
79680
79685
79692
79697
79704
79710
79717
79722
79729
79734
79741
79747
79754
79759
79766
79771
79778
79783
79791
79796
79803
79808
79815
79823
79830
79839
79846
79855
79862
79871
79878
79887
79894
79903
79910
79919
79926
79935
79942
79951
79958
79967
79974
79983
79990
79999
80006
80015
80022
80030
80037
80046
80053
80062
80069
80078
80085
80094
80101
80110
80117
80126
80133
80142
80149
80158
80165
80174
80181
80190
80197
80206
80213
80222
80229
80238
80244
80253
80260
80269
80276
80285
80292
80301
80308
80317
80324
80333
80340
80349
80356
80365
80372
80381
80388
80397
80404
80413
80420
80429
80436
80445
80452
80460
80467
80475
80481
80490
80496
80505
80511
80520
80526
80535
80541
80549
80556
80564
80571
80579
80586
80594
80601
80609
80615
80624
80630
80639
80645
80654
80660
80669
80675
80684
80690
80698
80705
80713
80720
80728
80735
80743
80750
80758
80764
80773
80779
80788
80794
80803
80809
80818
80824
80832
80839
80847
80854
80862
80869
80877
80884
80892
80899
80907
80913
80922
80928
80937
80943
80952
80958
80967
80973
80981
80988
80996
81003
81011
81018
81026
81033
81041
81048
81056
81062
81071
81077
81086
81092
81101
81107
81116
81122
81130
81137
81145
81151
81159
81165
81173
81179
81187
81193
81201
81208
81216
81222
81230
81236
81244
81250
81258
81264
81272
81279
81287
81293
81301
81307
81315
81321
81329
81335
81343
81350
81358
81364
81372
81378
81386
81392
81400
81406
81414
81421
81429
81435
81443
81449
81457
81463
81471
81477
81485
81492
81500
81506
81514
81520
81528
81534
81542
81548
81556
81563
81571
81577
81585
81591
81599
81605
81613
81619
81627
81634
81642
81648
81656
81662
81670
81676
81684
81690
81698
81705
81713
81719
81727
81733
81741
81747
81755
81761
81769
81776
81784
81790
81798
81808
81817
81827
81836
81847
81855
81866
81874
81885
81894
81904
81913
81923
81932
81943
81951
81962
81971
81981
81990
82000
82009
82020
82028
82039
82048
82057
82068
82076
82087
82096
82106
82115
82125
82134
82145
82153
82164
82173
82182
82193
82201
82212
82221
82231
82240
82250
82259
82270
82278
82289
82298
82307
82318
82326
82337
82346
82356
82365
82375
82384
82395
82403
82414
82423
82432
82443
82451
82459
82465
82473
82480
82488
82494
82502
82509
82517
82523
82531
82538
82546
82552
82560
82567
82575
82581
82589
82596
82604
82610
82618
82625
82633
82639
82647
82654
82662
82668
82676
82683
82691
82697
82705
82712
82720
82726
82734
82741
82749
82755
82763
82770
82778
82784
82792
82799
82807
82813
82821
82828
82836
82842
82850
82857
82865
82871
82879
82886
82894
82900
82908
82915
82923
82929
82937
82944
82952
82958
82966
82973
82981
82987
82995
83002
83010
83016
83024
83031
83039
83045
83053
83060
83068
83074
83082
83089
83097
83103
83111
83118
83126
83132
83142
83150
83160
83168
83179
83187
83197
83205
83216
83224
83234
83242
83252
83261
83271
83279
83289
83298
83308
83316
83326
83335
83345
83353
83363
83372
83381
83391
83399
83409
83418
83428
83436
83446
83455
83465
83473
83483
83492
83501
83511
83519
83529
83538
83548
83556
83566
83575
83585
83593
83603
83612
83621
83631
83639
83649
83658
83668
83676
83686
83695
83705
83713
83723
83732
83741
83751
83759
83769
83778
83788
83799
83808
83819
83828
83839
83848
83859
83868
83879
83889
83900
83909
83920
83929
83940
83949
83960
83969
83981
83990
84001
84010
84021
84030
84041
84050
84061
84071
84082
84091
84102
84111
84122
84131
84142
84151
84163
84172
84183
84192
84203
84212
84223
84232
84243
84253
84264
84273
84284
84293
84304
84313
84324
84333
84345
84354
84365
84374
84385
84394
84405
84414
84425
84435
84446
84455
84466
84475
84484
84492
84501
84509
84519
84526
84536
84544
84553
84561
84571
84578
84588
84595
84605
84613
84622
84630
84640
84647
84657
84665
84674
84682
84691
84699
84709
84716
84726
84734
84743
84751
84761
84768
84778
84786
84795
84803
84812
84820
84830
84837
84847
84855
84864
84872
84882
84889
84899
84906
84916
84924
84933
84941
84951
84958
84968
84976
84985
84993
85002
85010
85020
85027
85037
85045
85054
85062
85072
85079
85089
85097
85106
85114
85123
85131
85141
85148
85153
85161
85166
85173
85179
85186
85192
85199
85204
85212
85217
85224
85230
85237
85243
85250
85255
85263
85268
85276
85281
85288
85294
85301
85306
85314
85319
85327
85332
85339
85345
85352
85358
85365
85370
85378
85383
85390
85396
85403
85409
85416
85421
85429
85434
85441
85447
85454
85460
85467
85472
85480
85485
85493
85498
85505
85511
85518
85523
85531
85536
85544
85549
85556
85562
85569
85575
85582
85587
85595
85600
85607
85613
85620
85626
85633
85638
85646
85651
85659
85664
85671
85677
85684
85689
85697
85702
85710
85715
85722
85728
85735
85741
85747
85754
85760
85767
85772
85780
85785
85793
85800
85805
85812
85817
85824
85829
85836
85841
85848
85854
85861
85866
85873
85878
85885
85890
85897
85902
85910
85915
85922
85927
85934
85939
85946
85951
85958
85963
85971
85976
85983
85988
85995
86000
86007
86012
86019
86025
86032
86037
86044
86049
86056
86061
86068
86073
86081
86086
86093
86098
86105
86110
86117
86122
86129
86134
86142
86147
86154
86159
86166
86171
86178
86183
86190
86196
86203
86208
86215
86220
86227
86232
86239
86244
86252
86257
86264
86269
86276
86281
86288
86293
86300
86305
86313
86318
86325
86330
86337
86342
86349
86354
86361
86367
86374
86379
86386
86391
86398
86403
86410
86415
86423
86428
86435
86440
86447
86452
86461
86469
86478
86486
86495
86503
86512
86520
86530
86537
86547
86554
86564
86571
86581
86588
86598
86606
86615
86623
86632
86640
86649
86657
86666
86674
86684
86691
86701
86708
86718
86725
86735
86743
86752
86760
86769
86777
86786
86794
86803
86811
86821
86828
86838
86845
86855
86862
86872
86879
86889
86897
86906
86914
86923
86931
86940
86948
86957
86965
86975
86982
86992
86999
87009
87016
87026
87034
87043
87051
87060
87068
87077
87085
87094
87102
87112
87121
87132
87141
87152
87161
87172
87180
87191
87200
87211
87220
87231
87240
87251
87259
87270
87279
87290
87299
87310
87319
87329
87338
87349
87358
87369
87378
87389
87398
87408
87417
87428
87437
87448
87457
87468
87477
87486
87497
87506
87517
87526
87537
87546
87556
87565
87576
87585
87596
87605
87616
87625
87635
87644
87655
87664
87675
87684
87695
87703
87714
87723
87734
87743
87754
87763
87770
87780
87787
87797
87804
87814
87821
87831
87838
87847
87855
87864
87872
87881
87889
87898
87906
87915
87923
87932
87939
87949
87956
87966
87973
87983
87990
88000
88007
88016
88024
88033
88041
88050
88058
88067
88075
88084
88092
88101
88108
88118
88125
88135
88142
88152
88159
88169
88176
88185
88193
88202
88210
88219
88227
88236
88244
88253
88261
88270
88277
88287
88294
88304
88311
88321
88328
88338
88345
88354
88362
88371
88379
88388
88396
88405
88413
88422
88430
88439
88446
88452
88459
88465
88472
88478
88485
88491
88498
88504
88512
88517
88525
88530
88538
88543
88551
88556
88564
88570
88577
88583
88590
88596
88603
88609
88616
88622
88629
88635
88643
88648
88656
88661
88669
88674
88682
88687
88695
88701
88708
88714
88721
88727
88734
88740
88747
88753
88760
88766
88774
88779
88787
88792
88800
88805
88813
88818
88826
88832
88839
88845
88852
88858
88865
88871
88878
88884
88891
88897
88905
88910
88918
88923
88931
88936
88944
88949
88957
88963
88970
88976
88983
88989
88996
89002
89009
89015
89022
89028
89036
89041
89049
89054
89062
89067
89075
89080
89088
89094
89102
89109
89117
89123
89131
89138
89146
89152
89160
89167
89175
89181
89189
89196
89204
89210
89218
89225
89233
89239
89247
89254
89262
89268
89277
89283
89291
89297
89306
89312
89320
89326
89335
89341
89349
89355
89364
89370
89378
89384
89393
89399
89407
89413
89422
89428
89436
89442
89451
89457
89465
89472
89480
89486
89494
89501
89509
89515
89523
89530
89538
89544
89552
89559
89567
89573
89581
89588
89596
89602
89610
89617
89625
89631
89639
89646
89654
89660
89669
89675
89683
89689
89698
89704
89712
89718
89727
89733
89741
89748
89753
89760
89766
89773
89778
89785
89791
89798
89803
89810
89816
89823
89828
89835
89841
89848
89853
89860
89866
89873
89878
89885
89891
89898
89903
89910
89916
89923
89928
89935
89941
89948
89953
89960
89966
89973
89978
89985
89991
89998
90003
90010
90016
90023
90028
90035
90041
90048
90053
90060
90066
90073
90078
90085
90091
90098
90103
90110
90116
90123
90128
90135
90141
90148
90153
90160
90166
90173
90178
90185
90191
90198
90203
90210
90216
90223
90228
90236
90241
90248
90253
90261
90266
90273
90278
90286
90291
90298
90303
90311
90316
90323
90328
90336
90341
90348
90353
90361
90366
90373
90378
90386
90391
90398
90407
90415
90425
90432
90442
90450
90459
90467
90477
90484
90494
90502
90511
90519
90529
90536
90546
90554
90563
90571
90581
90589
90598
90606
90616
90623
90633
90641
90650
90658
90668
90675
90685
90693
90702
90710
90720
90727
90737
90745
90755
90762
90772
90780
90789
90797
90807
90814
90824
90832
90841
90849
90859
90866
90876
90884
90893
90901
90911
90918
90928
90936
90946
90953
90963
90971
90980
90988
90998
91005
91015
91023
91032
91040
91050
91059
91067
91077
91085
91095
91103
91113
91121
91130
91138
91148
91156
91166
91174
91184
91192
91202
91210
91218
91228
91236
91246
91254
91264
91272
91282
91290
91298
91308
91316
91326
91334
91344
91352
91362
91370
91378
91388
91396
91406
91414
91424
91432
91442
91450
91458
91468
91476
91486
91494
91504
91512
91522
91530
91538
91548
91556
91566
91574
91584
91592
91602
91610
91618
91628
91636
91646
91654
91664
91672
91682
91690
91698
91708
91716
91726
91734
91740
91749
91755
91763
91770
91778
91785
91793
91799
91808
91814
91822
91829
91837
91844
91852
91858
91867
91873
91882
91888
91896
91903
91911
91918
91925
91933
91940
91948
91954
91963
91969
91978
91984
91992
91999
92007
92014
92021
92029
92036
92044
92050
92059
92065
92074
92080
92088
92095
92103
92110
92117
92125
92132
92140
92146
92155
92161
92170
92176
92184
92191
92199
92206
92213
92221
92228
92236
92242
92251
92257
92266
92272
92280
92287
92295
92302
92309
92317
92324
92332
92338
92347
92353
92362
92368
92375
92381
92388
92394
92402
92407
92415
92420
92428
92434
92441
92447
92454
92460
92468
92473
92481
92487
92494
92500
92507
92513
92521
92526
92534
92539
92547
92553
92560
92566
92573
92579
92587
92592
92600
92606
92613
92619
92626
92632
92640
92645
92653
92658
92666
92672
92679
92685
92692
92698
92706
92711
92719
92725
92732
92738
92745
92751
92759
92764
92772
92777
92785
92791
92798
92804
92811
92817
92825
92830
92838
92844
92851
92857
92864
92870
92878
92883
92891
92896
92904
92910
92917
92923
92930
92936
92944
92949
92957
92963
92970
92976
92983
92989
92997
93002
93010
93015
93023
93029
93036
93042
93049
93055
93064
93072
93082
93090
93100
93108
93117
93125
93135
93143
93153
93161
93171
93178
93188
93196
93206
93214
93224
93232
93241
93249
93259
93267
93277
93285
93295
93302
93312
93320
93330
93338
93348
93356
93365
93373
93383
93391
93401
93409
93419
93426
93436
93444
93454
93462
93472
93480
93489
93497
93507
93515
93525
93533
93543
93550
93560
93568
93578
93586
93596
93604
93613
93621
93631
93639
93649
93657
93667
93674
93684
93692
93702
93710
93719
93727
93737
93745
93755
93762
93772
93780
93790
93798
93807
93815
93825
93833
93843
93851
93860
93868
93878
93886
93896
93903
93913
93921
93931
93939
93949
93956
93966
93974
93984
93992
94001
94009
94019
94027
94037
94045
94054
94062
94072
94080
94090
94097
94107
94115
94125
94133
94143
94150
94160
94168
94178
94186
94195
94203
94213
94221
94231
94239
94248
94256
94266
94274
94284
94291
94301
94309
94319
94327
94337
94344
94354
94362
94372
94380
94389
94397
94403
94411
94418
94426
94432
94440
94447
94455
94461
94470
94476
94484
94490
94499
94505
94513
94520
94528
94534
94542
94549
94557
94563
94572
94578
94586
94592
94601
94607
94615
94622
94630
94636
94644
94651
94659
94665
94673
94680
94688
94694
94703
94709
94717
94723
94732
94738
94746
94753
94761
94767
94775
94782
94790
94796
94805
94811
94819
94825
94834
94840
94848
94855
94863
94869
94877
94884
94892
94898
94906
94913
94921
94927
94936
94942
94950
94956
94965
94971
94979
94986
94994
95000
95008
95015
95023
95029
95039
95048
95058
95067
95078
95086
95097
95106
95116
95125
95136
95144
95155
95164
95174
95183
95194
95202
95213
95222
95232
95241
95252
95260
95271
95280
95290
95299
95309
95318
95329
95337
95348
95357
95367
95376
95387
95395
95406
95415
95425
95434
95445
95453
95464
95473
95483
95492
95503
95511
95522
95531
95541
95550
95560
95569
95580
95588
95599
95608
95618
95627
95638
95646
95657
95666
95676
95685
95693
95702
95710
95720
95727
95737
95745
95754
95762
95771
95779
95789
95796
95806
95814
95823
95831
95841
95848
95858
95865
95875
95883
95892
95900
95910
95917
95927
95934
95944
95952
95961
95969
95979
95986
95996
96004
96013
96021
96030
96038
96048
96055
96065
96073
96082
96090
96100
96107
96117
96124
96134
96142
96151
96159
96169
96176
96186
96193
96203
96211
96220
96228
96238
96245
96255
96263
96272
96280
96289
96297
96307
96314
96324
96334
96342
96353
96361
96371
96380
96390
96398
96409
96417
96427
96436
96446
96454
96465
96473
96483
96492
96502
96510
96521
96529
96539
96548
96558
96566
96577
96585
96595
96604
96614
96622
96633
96641
96651
96660
96670
96678
96689
96697
96707
96716
96726
96734
96745
96753
96763
96772
96782
96790
96801
96809
96819
96828
96838
96846
96857
96865
96875
96884
96894
96902
96913
96921
96932
96940
96950
96959
96969
96977
96988
96996
97003
97008
97015
97020
97027
97033
97040
97045
97052
97057
97064
97070
97077
97082
97089
97094
97101
97107
97114
97119
97126
97131
97138
97144
97151
97156
97163
97168
97175
97181
97188
97193
97200
97205
97212
97218
97225
97230
97237
97242
97249
97255
97262
97267
97274
97279
97286
97292
97299
97304
97311
97316
97323
97329
97336
97341
97348
97353
97361
97366
97373
97378
97385
97390
97398
97403
97410
97415
97422
97427
97435
97440
97447
97452
97459
97464
97472
97477
97484
97489
97496
97501
97509
97514
97521
97526
97533
97538
97546
97551
97558
97563
97570
97575
97583
97588
97595
97600
97607
97612
97620
97625
97632
97637
97644
97649
97657
97662
97671
97678
97687
97695
97704
97711
97720
97728
97737
97744
97753
97761
97770
97777
97787
97794
97803
97810
97820
97827
97836
97843
97853
97860
97869
97877
97886
97893
97902
97910
97919
97926
97935
97943
97952
97959
97968
97976
97985
97992
98002
98009
98018
98025
98035
98042
98051
98058
98068
98075
98084
98092
98101
98108
98117
98125
98134
98141
98150
98158
98167
98174
98184
98191
98200
98207
98217
98224
98233
98240
98250
98257
98266
98273
98283
98290
98299
98307
98316
98323
98332
98340
98350
98358
98368
98377
98387
98395
98405
98414
98424
98432
98443
98451
98461
98469
98480
98488
98498
98507
98517
98525
98535
98544
98554
98562
98573
98581
98591
98599
98610
98618
98628
98636
98647
98655
98665
98674
98684
98692
98702
98711
98721
98729
98740
98748
98758
98766
98777
98785
98795
98804
98814
98822
98832
98841
98851
98859
98870
98878
98888
98896
98907
98915
98925
98933
98944
98952
98962
98971
98981
98989
98999
99008
99018
99026
99033
99038
99045
99050
99057
99063
99070
99075
99082
99087
99094
99100
99107
99112
99119
99124
99131
99137
99144
99149
99156
99161
99168
99174
99181
99186
99193
99198
99205
99211
99218
99223
99230
99235
99242
99248
99255
99260
99267
99272
99279
99285
99292
99297
99304
99309
99316
99322
99329
99334
99341
99346
99353
99359
99366
99371
99378
99383
99391
99396
99403
99408
99415
99420
99428
99433
99440
99445
99452
99457
99465
99470
99477
99482
99489
99494
99502
99507
99514
99519
99526
99531
99539
99544
99551
99556
99563
99568
99576
99581
99588
99593
99600
99605
99613
99618
99625
99630
99637
99642
99650
99655
99662
99667
99674
99679
99687
99692
99699
99704
99711
99722
99731
99742
99752
99763
99772
99783
99793
99804
99813
99824
99834
99845
99854
99865
99875
99886
99895
99906
99916
99927
99936
99947
99957
99968
99977
99988
99998
100009
100018
100029
100039
100050
100059
100070
100080
100091
100100
100111
100121
100132
100141
100153
100162
100173
100182
100194
100203
100214
100223
100235
100244
100255
100264
100276
100285
100296
100305
100317
100326
100337
100346
100358
100367
100378
100387
100399
