26
51
78
103
129
154
181
206
232
257
284
309
335
360
387
412
438
463
490
515
541
566
593
618
644
659
672
687
700
715
728
743
756
771
784
799
812
827
840
855
868
883
896
911
924
939
952
967
980
995
1008
1023
1036
1051
1064
1079
1092
1107
1120
1135
1148
1163
1176
1191
1204
1219
1232
1247
1260
1275
1288
1303
1312
1320
1330
1338
1347
1355
1365
1373
1382
1390
1400
1408
1418
1425
1435
1443
1453
1460
1470
1478
1488
1495
1505
1513
1523
1531
1540
1548
1558
1566
1575
1583
1593
1601
1611
1618
1628
1636
1646
1653
1663
1671
1681
1688
1698
1706
1716
1724
1733
1741
1751
1759
1768
1776
1786
1794
1803
1811
1821
1829
1839
1846
1856
1864
1874
1881
1891
1899
1909
1917
1926
1934
1944
1952
1960
1966
1974
1980
1988
1995
2003
2009
2017
2023
2032
2038
2046
2052
2060
2066
2075
2081
2089
2095
2103
2110
2118
2124
2132
2138
2147
2153
2161
2167
2175
2181
2190
2196
2204
2210
2218
2225
2233
2239
2247
2253
2261
2268
2276
2282
2290
2296
2305
2311
2319
2325
2333
2340
2348
2354
2362
2368
2376
2383
2391
2397
2405
2411
2420
2426
2434
2440
2448
2454
2463
2469
2477
2483
2491
2498
2506
2512
2520
2526
2535
2541
2549
2555
2563
2569
2578
2584
2592
2598
2606
2613
2635
2656
2679
2700
2723
2743
2766
2787
2810
2831
2853
2874
2897
2918
2941
2962
2984
3005
3028
3049
3072
3093
3114
3137
3158
3181
3202
3224
3245
3268
3297
3324
3353
3380
3409
3436
3465
3492
3521
3549
3578
3605
3634
3661
3690
3717
3746
3773
3802
3830
3859
3886
3915
3922
3928
3936
3942
3950
3955
3963
3969
3977
3983
3990
3996
4004
4010
4018
4023
4031
4037
4045
4051
4058
4064
4072
4078
4086
4091
4099
4105
4113
4119
4126
4132
4140
4146
4154
4159
4167
4173
4181
4187
4194
4200
4208
4214
4222
4227
4235
4241
4249
4255
4262
4268
4276
4282
4290
4295
4303
4309
4317
4323
4330
4336
4344
4350
4358
4363
4371
4377
4385
4391
4398
4404
4412
4418
4426
4432
4439
4445
4453
4459
4467
4472
4480
4486
4494
4500
4507
4513
4521
4527
4535
4540
4548
4554
4562
4568
4575
4581
4593
4604
4617
4628
4640
4651
4664
4675
4688
4698
4711
4722
4735
4746
4758
4769
4782
4793
4805
4816
4829
4840
4853
4863
4876
4887
4900
4911
4923
4934
4947
4958
4970
4981
4994
5005
5018
5028
5041
5052
5065
5076
5088
5099
5112
5123
5136
5146
5159
5170
5183
5193
5206
5217
5230
5241
5248
5254
5261
5267
5274
5280
5287
5293
5300
5306
5314
5319
5327
5332
5340
5345
5353
5358
5366
5372
5379
5385
5392
5398
5405
5411
5418
5424
5432
5437
5445
5450
5458
5463
5471
5476
5484
5490
5497
5503
5510
5516
5523
5529
5536
5542
5550
5555
5563
5568
5576
5581
5589
5594
5602
5608
5615
5621
5628
5634
5641
5647
5654
5660
5667
5673
5681
5686
5694
5699
5707
5712
5720
5725
5733
5739
5746
5752
5759
5765
5772
5778
5785
5791
5799
5804
5812
5817
5825
5830
5838
5843
5851
5857
5864
5870
5877
5883
5890
5896
5903
5912
5920
5930
5938
5948
5956
5965
5973
5983
5991
6001
6009
6019
6026
6036
6044
6054
6062
6072
6079
6089
6097
6107
6115
6125
6133
6142
6150
6160
6168
6178
6186
6196
6203
6213
6221
6231
6239
6249
6256
6266
6274
6284
6292
6302
6310
6319
6327
6337
6345
6355
6363
6373
6380
6390
6398
6408
6416
6426
6433
6443
6451
6461
6469
6479
6487
6496
6504
6514
6522
6532
6540
6550
6557
6567
6592
6615
6640
6663
6688
6711
6736
6759
6784
6807
6832
6855
6880
6903
6928
6951
6976
6999
7024
7047
7073
7096
7121
7144
7169
7192
7217
7240
7249
7256
7266
7273
7283
7290
7300
7307
7317
7324
7334
7341
7351
7358
7368
7375
7385
7392
7402
7409
7419
7426
7436
7443
7453
7460
7470
7477
7487
7494
7504
7511
7521
7528
7538
7545
7555
7562
7571
7579
7588
7596
7605
7613
7622
7630
7639
7647
7656
7664
7673
7681
7690
7698
7707
7715
7724
7732
7741
7749
7758
7766
7775
7783
7792
7800
7809
7817
7826
7834
7843
7851
7860
7868
7877
7884
7894
7901
7911
7920
7928
7937
7945
7954
7962
7971
7979
7988
7996
8005
8013
8022
8030
8039
8047
8056
8064
8073
8081
8090
8098
8107
8115
8124
8132
8141
8149
8158
8166
8175
8183
8192
8200
8209
8217
8226
8234
8243
8251
8260
8268
8277
8285
8294
8302
8311
8319
8328
8336
8345
8353
8362
8370
8379
8387
8396
8404
8413
8421
8430
8438
8447
8455
8464
8472
8481
8489
8498
8506
8515
8523
8532
8540
8549
8557
8566
8574
8600
8625
8651
8676
8703
8727
8754
8779
8805
8830
8857
8881
8908
8932
8959
8984
9010
9035
9062
9086
9113
9138
9164
9189
9216
9240
9248
9255
9263
9270
9278
9285
9293
9300
9308
9315
9323
9330
9338
9345
9353
9360
9368
9375
9383
9390
9398
9405
9413
9420
9428
9435
9444
9450
9459
9465
9474
9480
9489
9495
9504
9510
9519
9525
9534
9540
9549
9555
9564
9570
9579
9585
9594
9600
9609
9615
9624
9630
9639
9646
9654
9661
9669
9676
9684
9691
9699
9706
9714
9721
9729
9736
9744
9751
9759
9766
9774
9781
9789
9796
9804
9811
9819
9826
9834
9841
9850
9856
9865
9871
9880
9890
9899
9910
9919
9930
9939
9950
9959
9970
9979
9990
9999
10010
10019
10030
10039
10050
10059
10070
10079
10089
10098
10109
10118
10129
10138
10149
10158
10169
10178
10189
10198
10209
10218
10229
10238
10249
10258
10269
10278
10288
10297
10308
10317
10328
10337
10348
10357
10368
10377
10388
10397
10408
10417
10428
10437
10448
10457
10468
10477
10487
10496
10507
10516
10527
10536
10544
10551
10559
10566
10575
10581
10590
10596
10605
10612
10620
10627
10636
10642
10651
10657
10666
10673
10681
10688
10696
10703
10712
10718
10727
10734
10742
10749
10757
10764
10773
10779
10788
10795
10803
10810
10818
10825
10834
10840
10849
10856
10863
10872
10878
10887
10894
10902
10909
10917
10924
10933
10939
10948
10955
10963
10970
10978
10985
10994
11000
11009
11016
11023
11032
11038
11047
11054
11062
11069
11077
11084
11093
11099
11108
11115
11123
11130
11138
11145
11154
11160
11169
11176
11183
11197
11209
11224
11236
11251
11263
11277
11290
11304
11317
11331
11343
11358
11370
11385
11397
11411
11424
11438
11451
11465
11477
11492
11504
11519
11531
11546
11558
11572
11585
11599
11612
11626
11638
11653
11665
11680
11692
11706
11719
11733
11746
11760
11772
11787
11799
11814
11826
11835
11843
11852
11860
11870
11877
11887
11895
11904
11912
11922
11929
11939
11947
11956
11964
11974
11981
11991
11999
12008
12016
12025
12033
12043
12050
12060
12068
12077
12085
12095
12102
12112
12120
12129
12137
12147
12154
12164
12172
12181
12189
12199
12206
12216
12223
12233
12241
12250
12258
12268
12275
12285
12293
12302
12310
12320
12327
12337
12345
12354
12362
12372
12379
12389
12397
12406
12414
12423
12431
12441
12448
12458
12466
12475
12482
12488
12496
12502
12510
12516
12524
12529
12537
12543
12551
12557
12565
12571
12578
12584
12592
12598
12606
12612
12620
12626
12633
12639
12647
12653
12661
12667
12675
12680
12688
12694
12702
12708
12716
12722
12730
12735
12743
12749
12757
12763
12771
12777
12784
12790
12798
12804
12812
12818
12826
12831
12839
12845
12853
12859
12867
12873
12881
12886
12894
12900
12908
12914
12922
12928
12935
12941
12949
12955
12963
12969
12977
12983
12990
12996
13004
13010
13018
13024
13032
13037
13045
13051
13059
13065
13073
13079
13086
13092
13100
13106
13114
13120
13135
13149
13165
13179
13195
13208
13224
13238
13254
13268
13284
13297
13313
13327
13343
13357
13373
13386
13402
13416
13432
13446
13462
13475
13491
13505
13521
13535
13551
13564
13580
13594
13610
13624
13640
13653
13669
13683
13699
13713
13729
13742
13758
13772
13788
13809
13829
13850
13870
13892
13911
13933
13953
13974
13994
14016
14035
14057
14077
14098
14118
14140
14159
14181
14201
14222
14242
14264
14283
14305
14325
14346
14366
14387
14407
14429
14448
14461
14472
14485
14496
14509
14520
14534
14545
14558
14569
14582
14593
14606
14618
14631
14642
14655
14666
14679
14690
14704
14715
14728
14739
14752
14763
14776
14788
14801
14812
14825
14836
14849
14860
14874
14885
14898
14909
14922
14933
14946
14958
14971
14982
14995
15006
15019
15030
15044
15055
15068
15079
15092
15103
15127
15149
15173
15195
15220
15242
15266
15288
15312
15335
15359
15381
15405
15427
15452
15474
15498
15520
15545
15567
15591
15613
15637
15660
15684
15706
15730
15752
15765
15776
15789
15801
15814
15825
15839
15850
15863
15875
15888
15899
15913
15924
15937
15949
15962
15973
15987
15998
16011
16023
16036
16047
16061
16072
16085
16096
16110
16121
16134
16146
16159
16170
16184
16195
16208
16220
16233
16244
16258
16269
16282
16294
16307
16318
16332
16343
16356
16368
16381
16392
16405
16429
16452
16476
16499
16523
16546
16571
16593
16618
16640
16665
16687
16712
16735
16759
16782
16806
16829
16853
16876
16901
16923
16948
16970
16995
17017
17042
17065
17074
17081
17091
17098
17108
17115
17125
17132
17141
17149
17158
17166
17175
17183
17192
17199
17209
17216
17226
17233
17243
17250
17259
17267
17276
17284
17293
17301
17310
17317
17327
17334
17344
17351
17361
17368
17378
17385
17394
17402
17411
17419
17428
17436
17445
17452
17462
17469
17479
17486
17496
17503
17512
17520
17529
17537
17546
17554
17563
17570
17580
17587
17597
17604
17614
17621
17631
17638
17647
17655
17664
17672
17681
17689
17698
17705
17715
17724
17732
17742
17750
17759
17767
17777
17785
17794
17802
17812
17820
17829
17837
17847
17855
17864
17872
17882
17890
17899
17907
17917
17925
17934
17942
17952
17960
17969
17977
17987
17995
18004
18012
18022
18030
18039
18047
18057
18065
18074
18082
18092
18100
18109
18117
18127
18135
18144
18152
18162
18170
18179
18187
18197
18205
18214
18222
18232
18240
18249
18257
18267
18275
18284
18292
18302
18310
18319
18327
18337
18345
18354
18362
18372
18380
18389
18398
18405
18415
18422
18431
18439
18448
18456
18465
18472
18482
18489
18498
18506
18515
18523
18532
18539
18549
18556
18565
18573
18582
18590
18599
18606
18616
18623
18633
18640
18649
18657
18666
18673
18683
18690
18700
18707
18716
18724
18733
18740
18750
18757
18767
18774
18783
18791
18800
18807
18817
18824
18834
18841
18850
18858
18867
18875
18884
18891
18901
18908
18917
18925
18934
18942
18951
18958
18968
18975
18984
18992
19001
19009
19018
19025
19035
19042
19052
19060
19066
19074
19080
19088
19094
19102
19108
19116
19122
19131
19137
19145
19151
19159
19165
19173
19179
19187
19193
19202
19208
19216
19222
19230
19236
19244
19250
19258
19264
19272
19279
19287
19293
19301
19307
19315
19321
19329
19335
19343
19350
19358
19364
19372
19378
19386
19392
19400
19406
19414
19421
19429
19435
19443
19449
19457
19463
19471
19477
19485
19491
19500
19506
19514
19520
19528
19534
19542
19548
19556
19562
19571
19577
19585
19591
19599
19605
19613
19619
19627
19633
19642
19648
19656
19662
19670
19676
19684
19690
19698
19704
19712
19737
19760
19786
19809
19835
19858
19884
19907
19932
19956
19981
20005
20030
20054
20079
20103
20128
20151
20177
20200
20226
20249
20275
20298
20323
20347
20372
20396
20404
20410
20418
20424
20433
20439
20447
20453
20462
20468
20476
20482
20491
20497
20505
20511
20519
20526
20534
20540
20548
20555
20563
20569
20577
20584
20592
20598
20606
20612
20621
20627
20635
20641
20650
20656
20664
20670
20679
20685
20693
20699
20708
20714
20722
20728
20736
20743
20751
20757
20765
20772
20780
20786
20794
20801
20809
20815
20823
20829
20838
20844
20852
20858
20867
20873
20881
20887
20896
20902
20910
20916
20925
20931
20939
20945
20953
20960
20968
20974
20982
20989
20997
21003
21011
21018
21026
21032
21040
21046
21055
21061
21072
21082
21093
21103
21114
21124
21136
21145
21157
21166
21178
21188
21199
21209
21220
21230
21242
21251
21263
21272
21284
21294
21305
21315
21326
21336
21347
21357
21369
21378
21390
21399
21411
21421
21432
21442
21453
21463
21475
21484
21496
21505
21517
21527
21538
21548
21559
21569
21580
21590
21602
21611
21623
21632
21644
21654
21665
21675
21686
21696
21708
21717
21729
21738
21745
21754
21761
21771
21778
21787
21794
21803
21811
21820
21827
21836
21843
21853
21860
21869
21876
21885
21893
21902
21909
21918
21925
21935
21942
21951
21958
21968
21975
21984
21991
22000
22008
22017
22024
22033
22040
22050
22057
22066
22073
22082
22090
22099
22106
22115
22122
22132
22139
22148
22155
22165
22172
22181
22188
22197
22205
22214
22221
22230
22237
22247
22254
22263
22270
22279
22287
22296
22303
22312
22319
22329
22336
22345
22352
22362
22369
22377
22384
22393
22400
22408
22415
22424
22431
22440
22446
22455
22462
22471
22478
22486
22493
22502
22509
22518
22524
22533
22540
22549
22556
22564
22571
22580
22587
22595
22602
22611
22618
22627
22633
22642
22649
22658
22665
22673
22680
22689
22696
22705
22711
22720
22727
22736
22743
22751
22758
22767
22774
22782
22789
22798
22805
22814
22820
22829
22836
22845
22852
22860
22867
22876
22883
22892
22898
22907
22914
22923
22930
22938
22945
22954
22961
22969
22976
22985
22992
23001
23007
23016
23023
23032
23040
23049
23057
23066
23074
23083
23091
23101
23108
23118
23125
23135
23142
23152
23159
23169
23177
23186
23194
23203
23211
23220
23228
23237
23245
23255
23262
23272
23279
23289
23296
23306
23314
23323
23331
23340
23348
23357
23365
23374
23382
23392
23399
23409
23416
23426
23433
23443
23450
23460
23468
23477
23485
23494
23502
23511
23519
23528
23536
23546
23553
23563
23570
23580
23587
23597
23605
23614
23622
23631
23639
23648
23656
23665
23688
23710
23734
23756
23780
23801
23825
23847
23871
23893
23916
23938
23962
23984
24008
24030
24053
24075
24099
24121
24145
24166
24190
24212
24236
24258
24281
24303
24327
24338
24348
24360
24370
24381
24391
24403
24413
24424
24434
24446
24456
24468
24477
24489
24499
24511
24520
24532
24542
24554
24563
24575
24585
24597
24607
24618
24628
24640
24650
24661
24671
24683
24693
24705
24714
24726
24736
24748
24757
24769
24779
24791
24800
24812
24822
24834
24844
24855
24865
24877
24887
24898
24908
24920
24930
24942
24951
24963
24973
24985
24994
25005
25015
25026
25036
25048
25057
25069
25079
25090
25100
25112
25121
25133
25143
25154
25164
25176
25185
25197
25206
25218
25228
25239
25249
25261
25270
25282
25292
25303
25313
25325
25334
25346
25356
25367
25377
25388
25398
25410
25419
25431
25441
25452
25462
25474
25483
25495
25505
25516
25526
25538
25547
25559
25568
25580
25590
25601
25611
25623
25632
25644
25654
25665
25694
25722
25751
25779
25809
25836
25866
25894
25923
25951
25981
26008
26038
26065
26095
26123
26152
26180
26210
26237
26267
26295
26324
26335
26345
26357
26366
26378
26388
26399
26409
26421
26431
26442
26452
26464
26474
26484
26496
26506
26517
26527
26539
26549
26559
26571
26581
26592
26602
26614
26624
26634
26646
26656
26667
26677
26689
26699
26709
26721
26731
26742
26752
26764
26774
26784
26796
26806
26817
26827
26839
26849
26859
26871
26881
26892
26902
26914
26924
26934
26946
26956
26967
26991
27013
27037
27060
27084
27106
27130
27153
27177
27199
27223
27246
27270
27292
27316
27339
27363
27385
27409
27432
27456
27478
27502
27525
27549
27571
27595
27618
27631
27643
27657
27668
27682
27694
27708
27719
27733
27745
27759
27770
27784
27796
27810
27821
27835
27847
27861
27872
27886
27898
27911
27923
27937
27949
27962
27974
27988
28000
28013
28025
28039
28051
28064
28076
28090
28102
28115
28127
28141
28153
28166
28178
28192
28203
28217
28229
28243
28254
28268
28280
28294
28313
28330
28349
28366
28385
28402
28421
28438
28457
28474
28494
28511
28530
28547
28566
28583
28602
28619
28638
28655
28675
28692
28711
28728
28747
28764
28783
28800
28819
28836
28856
28873
28892
28909
28928
28945
28964
28993
29020
29049
29076
29105
29132
29161
29188
29217
29245
29274
29301
29330
29357
29386
29413
29442
29469
29498
29526
29555
29582
29611
29638
29649
29658
29669
29678
29689
29698
29710
29719
29730
29739
29750
29759
29771
29780
29791
29800
29811
29820
29832
29841
29852
29861
29872
29881
29893
29902
29913
29922
29933
29942
29953
29963
29974
29983
29994
30003
30014
30024
30035
30044
30055
30064
30075
30085
30096
30105
30116
30125
30136
30146
30157
30166
30177
30186
30197
30207
30218
30227
30238
30247
30258
30267
30279
30288
30297
30305
30315
30323
30333
30341
30351
30359
30368
30376
30386
30394
30404
30412
30422
30430
30439
30447
30457
30465
30475
30483
30493
30501
30510
30518
30528
30536
30546
30554
30564
30572
30581
30589
30599
30607
30617
30625
30635
30643
30652
30660
30670
30678
30688
30696
30706
30714
30723
30731
30741
30749
30759
30767
30777
30785
30794
30802
30812
30820
30830
30838
30848
30856
30865
30873
30883
30891
30901
30909
30919
30927
30936
30944
30954
30962
30970
30976
30984
30990
30998
31004
31012
31019
31027
31033
31041
31047
31055
31062
31069
31077
31083
31091
31097
31105
31112
31119
31127
31133
31141
31147
31155
31162
31169
31177
31183
31191
31197
31205
31212
31219
31227
31233
31241
31247
31255
31262
31269
31277
31283
31291
31297
31305
31312
31319
31327
31333
31341
31347
31355
31362
31369
31377
31383
31391
31397
31405
31412
31419
31427
31433
31441
31447
31455
31462
31469
31477
31483
31491
31497
31505
31512
31519
31527
31533
31541
31547
31555
31562
31569
31577
31583
31591
31597
31613
31627
31644
31658
31674
31689
31705
31719
31736
31750
31767
31781
31797
31812
31828
31842
31859
31873
31889
31904
31920
31935
31951
31965
31982
31996
32012
32027
32043
32057
32074
32088
32105
32119
32135
32150
32166
32180
32197
32211
32227
32242
32258
32273
32288
32301
32317
32330
32346
32359
32374
32388
32403
32417
32432
32445
32461
32474
32490
32503
32518
32532
32547
32561
32576
32589
32605
32618
32634
32647
32662
32676
32691
32705
32720
32733
32749
32762
32778
32791
32807
32820
32835
32849
32864
32878
32893
32906
32922
32935
32952
32968
32985
33001
33018
33034
33052
33067
33085
33100
33118
33134
33151
33167
33184
33200
33218
33233
33251
33266
33284
33300
33317
33333
33350
33366
33384
33399
33417
33432
33450
33466
33483
33499
33516
33532
33550
33565
33583
33598
33606
33613
33622
33629
33638
33645
33654
33661
33669
33676
33685
33692
33701
33708
33717
33724
33733
33739
33748
33755
33764
33771
33780
33787
33796
33802
33811
33818
33827
33834
33843
33850
33859
33866
33874
33881
33890
33897
33906
33913
33922
33929
33938
33944
33953
33960
33969
33976
33985
33992
34001
34007
34016
34023
34032
34039
34048
34055
34064
34071
34079
34086
34095
34102
34111
34118
34127
34134
34143
34149
34158
34165
34174
34181
34190
34197
34206
34212
34221
34228
34237
34244
34253
34262
34269
34279
34286
34295
34303
34312
34319
34329
34336
34345
34353
34362
34369
34379
34386
34395
34403
34412
34419
34429
34436
34445
34453
34462
34469
34479
34486
34496
34503
34512
34520
34529
34536
34546
34553
34562
34570
34579
34586
34596
34603
34612
34620
34629
34636
34646
34653
34662
34670
34679
34686
34696
34703
34712
34720
34729
34737
34746
34753
34763
34770
34779
34787
34796
34803
34813
34820
34829
34837
34846
34853
34863
34870
34879
34887
34896
34916
34935
34955
34974
34995
35013
35034
35053
35073
35092
35113
35131
35152
35170
35191
35210
35230
35249
35270
35288
35309
35328
35348
35367
35387
35406
35427
35445
35466
35485
35505
35524
35545
35563
35584
35593
35601
35611
35619
35628
35636
35646
35654
35663
35671
35681
35689
35698
35706
35716
35724
35733
35741
35751
35759
35768
35776
35786
35794
35803
35811
35821
35829
35838
35846
35856
35864
35873
35881
35891
35899
35908
35916
35926
35934
35943
35951
35961
35969
35978
35986
35996
36004
36013
36021
36031
36039
36048
36056
36066
36074
36083
36091
36101
36109
36118
36126
36136
36144
36153
36161
36171
36179
36188
36196
36206
36214
36223
36231
36241
36255
36267
36282
36294
36308
36321
36335
36347
36362
36374
36388
36401
36415
36428
36442
36454
36469
36481
36495
36508
36522
36534
36549
36561
36576
36588
36602
36615
36629
36641
36656
36668
36682
36695
36709
36722
36736
36748
36763
36775
36789
36802
36816
36828
36843
36855
36870
36882
36896
36909
36922
36934
36946
36959
36971
36984
36996
37009
37021
37034
37046
37059
37071
37084
37096
37109
37121
37134
37146
37159
37171
37184
37196
37209
37221
37234
37246
37259
37271
37284
37296
37309
37321
37334
37346
37359
37371
37384
37396
37409
37421
37434
37446
37459
37471
37484
37496
37509
37521
37534
37546
37559
37571
37584
37604
37623
37643
37662
37683
37701
37722
37741
37761
37780
37801
37819
37840
37858
37879
37898
37918
37937
37958
37976
37997
38016
38036
38055
38075
38094
38115
38133
38154
38173
38193
38212
38233
38251
38278
38304
38332
38358
38386
38412
38440
38466
38494
38520
38547
38573
38601
38627
38655
38681
38709
38735
38763
38789
38817
38842
38870
38896
38924
38935
38944
38955
38964
38975
38985
38996
39005
39016
39025
39036
39046
39057
39066
39077
39086
39098
39107
39118
39127
39138
39147
39159
39168
39179
39188
39199
39208
39220
39229
39240
39249
39260
39270
39281
39290
39301
39310
39321
39331
39342
39351
39362
39371
39383
39392
39403
39412
39423
39432
39444
39453
39464
39473
39484
39493
39505
39514
39525
39534
39545
39555
39566
39575
39586
39595
39602
39608
39616
39621
39629
39635
39642
39648
39656
39662
39669
39675
39683
39688
39696
39702
39709
39715
39723
39729
39736
39742
39750
39755
39763
39769
39776
39782
39790
39796
39803
39809
39817
39822
39830
39836
39843
39849
39857
39863
39870
39876
39884
39889
39897
39903
39910
39916
39924
39930
39937
39943
39951
39956
39964
39970
39977
39983
39991
39997
40004
40010
40018
40023
40031
40037
40044
40050
40058
40064
40071
40077
40085
40090
40098
40104
40111
40117
40125
40131
40138
40144
40152
40157
40165
40171
40178
40184
40192
40198
40205
40211
40219
40224
40232
40238
40245
40251
40259
40270
40279
40291
40300
40312
40321
40333
40342
40354
40363
40375
40384
40396
40405
40417
40426
40438
40447
40459
40468
40480
40489
40501
40510
40522
40531
40542
40552
40563
40573
40584
40594
40605
40615
40626
40636
40647
40657
40668
40678
40689
40699
40710
40720
40731
40741
40752
40762
40773
40783
40794
40803
40815
40824
40836
40845
40857
40866
40878
40887
40899
40908
40920
40929
40946
40961
40978
40993
41011
41026
41043
41058
41076
41091
41108
41123
41141
41156
41173
41188
41206
41221
41238
41253
41271
41286
41303
41318
41335
41351
41368
41383
41400
41416
41433
41448
41465
41481
41498
41513
41530
41546
41563
41578
41595
41609
41622
41637
41650
41665
41678
41693
41706
41721
41734
41749
41762
41777
41790
41805
41818
41833
41846
41861
41874
41889
41902
41917
41930
41945
41958
41973
41986
42001
42014
42029
42042
42057
42070
42085
42098
42113
42126
42141
42154
42169
42182
42197
42210
42225
42238
42253
42266
42274
42281
42290
42297
42306
42313
42322
42329
42338
42345
42353
42360
42369
42376
42385
42392
42401
42408
42417
42424
42433
42439
42448
42455
42464
42471
42480
42487
42496
42503
42512
42518
42527
42534
42543
42550
42559
42566
42575
42582
42591
42598
42606
42613
42622
42629
42638
42645
42654
42661
42670
42677
42685
42692
42701
42708
42717
42724
42733
42740
42749
42756
42765
42771
42780
42787
42796
42803
42812
42819
42828
42835
42844
42850
42859
42866
42875
42882
42891
42898
42907
42914
42923
42930
42943
42954
42967
42978
42991
43002
43016
43027
43040
43051
43064
43075
43089
43100
43113
43124
43137
43148
43162
43173
43186
43197
43210
43221
43234
43246
43259
43270
43283
43294
43307
43319
43332
43343
43356
43367
43380
43392
43405
43416
43429
43440
43453
43464
43478
43489
43502
43513
43526
43537
43551
43562
43575
43587
43597
43610
43620
43633
43643
43655
43666
43678
43689
43701
43712
43724
43734
43747
43757
43770
43780
43792
43803
43815
43826
43838
43849
43861
43871
43884
43894
43907
43917
43929
43940
43952
43963
43975
43986
43998
44008
44021
44031
44044
44054
44066
44077
44089
44100
44112
44123
44135
44145
44158
44168
44181
44191
44203
44214
44226
44237
44249
44258
44265
44274
44281
44290
44297
44306
44313
44322
44329
44338
44345
44354
44361
44370
44377
44386
44393
44402
44409
44418
44425
44434
44441
44450
44457
44466
44473
44482
44489
44498
44505
44514
44521
44530
44537
44546
44553
44562
44569
44578
44585
44594
44601
44610
44617
44626
44633
44642
44649
44658
44665
44674
44681
44690
44697
44706
44713
44722
44729
44738
44745
44755
44762
44771
44778
44787
44794
44803
44810
44819
44826
44835
44842
44851
44858
44867
44874
44883
44890
44899
44906
44915
44922
44931
44938
44947
44954
44963
44970
44980
44987
44996
45003
45012
45019
45028
45036
45045
45052
45061
45068
45077
45085
45094
45101
45110
45117
45126
45133
45143
45150
45159
45166
45175
45182
45192
45199
45208
45215
45224
45231
45240
45248
45257
45264
45273
45280
45289
45297
45305
45314
45321
45330
45337
45346
45354
45363
45370
45379
45386
45395
45402
45412
45419
45428
45435
45444
45451
45461
45468
45477
45484
45493
45500
45509
45517
45526
45533
45542
45549
45558
45566
45575
45582
45589
45595
45603
45609
45617
45623
45631
45637
45645
45651
45659
45665
45673
45678
45686
45692
45700
45706
45714
45720
45728
45734
45742
45748
45756
45762
45770
45775
45783
45789
45797
45803
45811
45817
45825
45831
45839
45845
45853
45859
45867
45872
45880
45886
45894
45900
45908
45914
45922
45928
45936
45942
45950
45956
45964
45969
45977
45983
45991
45997
46005
46011
46019
46025
46033
46039
46047
46053
46061
46066
46074
46080
46088
46094
46102
46108
46116
46122
46130
46136
46144
46150
46158
46163
46171
46177
46185
46191
46199
46205
46213
46219
46227
46233
46241
46257
46271
46288
46302
46319
46333
46349
46364
46380
46395
46411
46425
46442
46456
46473
46487
46503
46518
46534
46549
46565
46579
46596
46610
46627
46641
46657
46672
46688
46703
46719
46733
46750
46764
46781
46795
46811
46826
46842
46857
46873
46887
46904
46915
46924
46935
46945
46956
46965
46976
46986
46997
47006
47017
47027
47038
47047
47058
47068
47079
47088
47099
47109
47120
47129
47140
47150
47161
47170
47181
47191
47202
47211
47222
47232
47243
47252
47263
47273
47284
47293
47304
47314
47325
47334
47346
47355
47366
47375
47387
47396
47407
47416
47428
47437
47448
47457
47469
47478
47489
47498
47510
47519
47530
47539
47551
47560
47571
47580
47592
47603
47616
47627
47640
47651
47664
47675
47688
47699
47712
47723
47736
47747
47760
47771
47784
47795
47808
47819
47832
47843
47856
47867
47880
47891
47904
47914
47927
47938
47951
47962
47975
47986
47999
48010
48023
48034
48047
48058
48071
48082
48095
48106
48119
48130
48143
48154
48167
48178
48191
48202
48215
48226
48239
48249
48257
48263
48271
48278
48286
48292
48301
48307
48315
48322
48330
48336
48345
48351
48359
48366
48374
48380
48389
48395
48403
48409
48418
48424
48432
48439
48447
48453
48462
48468
48476
48483
48491
48497
48506
48512
48520
48527
48535
48541
48549
48556
48564
48570
48579
48585
48593
48600
48608
48614
48623
48629
48637
48644
48652
48658
48667
48673
48681
48688
48696
48702
48710
48717
48725
48731
48740
48746
48754
48761
48769
48775
48784
48790
48798
48805
48813
48819
48828
48834
48842
48849
48856
48864
48870
48879
48885
48893
48900
48926
48951
48978
49003
49030
49055
49082
49107
49134
49159
49186
49211
49238
49263
49290
49315
49342
49367
49394
49419
49446
49471
49498
49523
49550
49575
49587
49598
49611
49622
49635
49646
49659
49670
49683
49694
49707
49718
49731
49742
49755
49766
49779
49790
49803
49814
49827
49838
49851
49862
49875
49886
49899
49909
49922
49933
49946
49957
49970
49981
49994
50005
50018
50029
50042
50053
50066
50077
50090
50101
50114
50125
50138
50149
50162
50173
50186
50197
50210
50221
50229
50235
50244
50250
50259
50265
50274
50280
50288
50295
50303
50310
50318
50325
50333
50340
50348
50354
50363
50369
50378
50384
50393
50399
50407
50414
50422
50429
50437
50444
50452
50459
50467
50473
50482
50488
50497
50503
50512
50518
50527
50533
50541
50548
50556
50563
50571
50578
50586
50592
50601
50607
50616
50622
50631
50637
50646
50652
50660
50667
50675
50682
50690
50697
50705
50712
50720
50726
50735
50741
50750
50756
50765
50771
50779
50786
50794
50801
50809
50816
50824
50831
50839
50845
50854
50860
50869
50875
50884
50890
50899
50906
50915
50922
50931
50938
50947
50954
50963
50970
50979
50986
50995
51002
51011
51018
51027
51034
51043
51050
51059
51066
51075
51082
51091
51098
51107
51114
51123
51130
51139
51146
51155
51162
51171
51178
51187
51194
51203
51210
51219
51226
51235
51242
51251
51258
51267
51274
51283
51290
51299
51306
51315
51322
51331
51338
51347
51354
51363
51370
51379
51386
51396
51403
51412
51419
51428
51435
51444
51451
51460
51467
51476
51483
51492
51499
51508
51515
51524
51531
51540
51547
51556
51563
51582
51600
51620
51638
51656
51676
51694
51713
51731
51751
51769
51788
51806
51826
51844
51863
51881
51901
51919
51938
51956
51976
51994
52013
52031
52051
52069
52088
52106
52126
52144
52163
52181
52201
52219
52238
52260
52280
52303
52323
52345
52366
52388
52408
52431
52451
52473
52494
52516
52536
52559
52579
52601
52622
52644
52665
52687
52707
52730
52750
52772
52793
52815
52835
52858
52878
52888
52897
52908
52916
52927
52936
52947
52955
52966
52975
52986
52994
53005
53014
53025
53033
53044
53053
53064
53072
53083
53092
53103
53111
53122
53131
53141
53150
53161
53170
53180
53189
53200
53209
53219
53228
53239
53248
53258
53267
53278
53287
53297
53306
53317
53326
53336
53345
53356
53365
53375
53384
53395
53403
53414
53423
53434
53442
53453
53462
53473
53481
53492
53501
53512
53520
53531
53540
53551
53571
53589
53610
53628
53649
53667
53688
53706
53727
53745
53765
53784
53804
53823
53843
53862
53882
53901
53921
53939
53960
53978
53999
54017
54038
54056
54077
54095
54116
54134
54154
54173
54193
54212
54227
54241
54256
54270
54285
54299
54314
54328
54343
54357
54372
54386
54402
54415
54431
54444
54460
54473
54489
54502
54518
54532
54546
54562
54575
54591
54604
54620
54633
54649
54662
54678
54692
54706
54722
54735
54751
54764
54780
54793
54809
54822
54838
54852
54866
54880
54892
54906
54918
54932
54945
54959
54971
54985
54997
55011
55024
55038
55050
55064
55076
55090
55103
55117
55129
55143
55155
55169
55182
55196
55208
55222
55234
55248
55261
55275
55287
55301
55313
55328
55340
55354
55366
55380
55392
55407
55419
55433
55445
55459
55471
55486
55498
55512
55531
55548
55567
55585
55604
55621
55641
55658
55677
55694
55714
55731
55750
55768
55787
55804
55823
55841
55860
55877
55897
55914
55933
55951
55970
55987
56006
56024
56043
56060
56080
56097
56116
56133
56153
56170
56180
56189
56200
56209
56220
56229
56240
56248
56259
56268
56279
56288
56299
56308
56319
56327
56338
56347
56358
56367
56378
56387
56397
56406
56417
56426
56437
56446
56457
56466
56476
56485
56496
56505
56516
56525
56536
56545
56554
56565
56574
56585
56594
56605
56614
56624
56633
56644
56653
56664
56673
56684
56693
56703
56712
56723
56732
56743
56752
56763
56771
56782
56791
56802
56811
56822
56831
56842
56850
56857
56865
56872
56880
56887
56896
56902
56911
56917
56926
56932
56941
56948
56956
56963
56971
56978
56986
56993
57002
57008
57017
57023
57032
57038
57047
57054
57062
57069
57077
57084
57092
57099
57108
57114
57123
57129
57138
57145
57153
57160
57168
57175
57183
57190
57199
57205
57214
57220
57229
57235
57244
57251
57259
57266
57274
57281
57289
57296
57305
57311
57320
57326
57335
57342
57349
57358
57364
57373
57379
57388
57395
57403
57410
57418
57425
57433
57440
57449
57455
57464
57470
57479
57485
57494
57501
57522
57542
57564
57584
57605
57625
57647
57667
57689
57708
57730
57750
57772
57792
57813
57833
57855
57875
57897
57916
57938
57958
57980
58000
58021
58041
58063
58083
58105
58124
58146
58155
58163
58173
58181
58191
58199
58209
58217
58227
58235
58244
58252
58262
58270
58280
58288
58298
58306
58316
58324
58333
58341
58351
58359
58369
58377
58387
58395
58405
58413
58422
58430
58440
58448
58458
58466
58476
58484
58494
58502
58511
58519
58529
58537
58547
58555
58565
58573
58583
58591
58601
58608
58618
58626
58636
58644
58654
58662
58672
58680
58690
58697
58707
58715
58725
58733
58743
58751
58761
58769
58779
58786
58807
58827
58849
58869
58891
58911
58933
58953
58975
58995
59016
59036
59058
59078
59100
59120
59142
59162
59184
59204
59226
59245
59267
59287
59309
59329
59351
59371
59393
59413
59435
59454
59463
59471
59480
59488
59497
59505
59514
59522
59531
59539
59548
59556
59565
59573
59582
59590
59599
59607
59616
59624
59633
59641
59650
59658
59667
59675
59684
59692
59701
59709
59718
59726
59735
59743
59752
59760
59769
59777
59786
59794
59803
59811
59820
59828
59837
59845
59854
59862
59871
59879
59888
59896
59905
59913
59922
59930
59939
59947
59956
59964
59973
59981
59990
59998
60007
60015
60024
60032
60041
60049
60058
60066
60075
60083
60092
60100
60109
60129
60148
60169
60188
60209
60228
60248
60267
60288
60307
60328
60347
60367
60386
60407
60426
60447
60466
60486
60505
60526
60545
60566
60585
60605
60624
60645
60664
60685
60704
60724
60743
60764
60774
60782
60793
60801
60812
60820
60831
60839
60850
60858
60869
60877
60888
60896
60906
60915
60925
60934
60944
60953
60963
60972
60982
60991
61001
61010
61020
61028
61039
61047
61058
61066
61077
61085
61096
61104
61115
61123
61134
61142
61153
61161
61171
61180
61190
61199
61209
61218
61228
61237
61247
61256
61266
61275
61285
61293
61304
61312
61323
61331
61342
61350
61361
61369
61380
61388
61399
61407
61417
61429
61439
61451
61461
61473
61483
61495
61505
61517
61527
61539
61549
61561
61571
61584
61594
61606
61616
61628
61638
61650
61660
61672
61682
61694
61704
61716
61726
61739
61749
61761
61771
61783
61793
61805
61815
61827
61837
61849
61859
61871
61881
61894
61904
61916
61926
61938
61948
61960
61970
61982
61992
62004
62014
62026
62036
62048
62059
62068
62076
62085
62093
62103
62110
62120
62128
62137
62145
62155
62162
62172
62180
62189
62197
62207
62214
62224
62232
62241
62249
62259
62266
62276
62284
62293
62301
62311
62318
62328
62336
62345
62353
62363
62370
62380
62388
62397
62405
62414
62422
62432
62439
62449
62457
62466
62474
62484
62491
62501
62509
62518
62526
62536
62543
62553
62561
62570
62578
62588
62595
62605
62613
62622
62630
62640
62647
62657
62665
62674
62682
62692
62699
62709
62717
62726
62734
62742
62749
62757
62764
62772
62779
62787
62794
62802
62809
62817
62824
62832
62839
62847
62854
62863
62869
62878
62884
62893
62899
62908
62914
62923
62929
62938
62944
62953
62959
62968
62975
62983
62990
62998
63005
63013
63020
63028
63035
63043
63050
63058
63065
63073
63080
63089
63095
63104
63110
63119
63125
63134
63140
63149
63155
63164
63170
63179
63185
63194
63201
63209
63216
63224
63231
63239
63246
63254
63261
63269
63276
63284
63291
63299
63306
63315
63321
63330
63336
63345
63351
63360
63366
63375
63381
63390
63403
63414
63427
63438
63451
63462
63475
63486
63499
63510
63524
63535
63548
63559
63572
63583
63596
63607
63620
63631
63645
63656
63669
63680
63693
63704
63717
63728
63741
63752
63765
63777
63790
63801
63814
63825
63838
63849
63862
63873
63886
63898
63911
63922
63935
63946
63959
63970
63983
63994
64007
64019
64032
64043
64056
64065
64073
64083
64091
64100
64108
64118
64126
64136
64143
64153
64161
64171
64179
64188
64196
64206
64214
64224
64231
64241
64249
64259
64266
64276
64284
64294
64302
64311
64319
64329
64337
64347
64354
64364
64372
64382
64390
64399
64407
64417
64425
64435
64442
64452
64460
64470
64477
64487
64495
64505
64513
64522
64530
64540
64548
64558
64565
64575
64583
64593
64601
64610
64618
64628
64636
64646
64653
64663
64671
64681
64688
64698
64706
64716
64724
64734
64743
64754
64763
64774
64783
64794
64803
64814
64823
64834
64843
64854
64863
64874
64882
64893
64902
64913
64922
64933
64942
64953
64962
64973
64982
64993
65002
65013
65022
65032
65041
65052
65061
65072
65081
65092
65101
65112
65121
65132
65141
65152
65161
65172
65180
65191
65200
65211
65220
65231
65240
65251
65260
65271
65280
65291
65300
65311
65320
65330
65339
65350
65359
65370
65379
65391
65402
65414
65425
65438
65448
65461
65471
65484
65495
65507
65518
65531
65541
65554
65564
65577
65588
65600
65611
65623
65634
65647
65657
65670
65681
65693
65704
65716
65727
65740
65750
65763
65773
65786
65797
65809
65820
65833
65843
65856
65866
65879
65890
65902
65913
65925
65936
65949
65959
65972
65983
65995
66006
66018
66029
66042
66052
66064
66074
66086
66096
66108
66119
66131
66141
66153
66163
66175
66186
66198
66208
66220
66230
66242
66253
66265
66275
66287
66297
66309
66320
66332
66342
66354
66364
66377
66387
66399
66409
66421
66431
66444
66454
66466
66476
66488
66498
66511
66521
66533
66543
66555
66565
66578
66588
66600
66610
66622
66633
66645
66655
66667
66677
66689
66700
66712
66722
66751
66779
66809
66837
66867
66895
66925
66953
66983
67011
67041
67068
67098
67126
67156
67184
67214
67242
67272
67300
67330
67358
67388
67402
67414
67428
67440
67455
67467
67481
67493
67508
67520
67534
67546
67561
67573
67587
67599
67614
67626
67640
67652
67667
67679
67693
67705
67720
67732
67746
67758
67773
67785
67799
67811
67826
67838
67852
67864
67879
67891
67905
67917
67932
67944
67958
67970
67985
67997
68011
68023
68038
68047
68055
68064
68072
68081
68089
68098
68106
68116
68123
68133
68140
68150
68157
68167
68175
68184
68192
68201
68209
68218
68226
68236
68243
68253
68260
68270
68277
68287
68294
68304
68312
68321
68329
68338
68346
68355
68363
68373
68380
68390
68397
68407
68414
68424
68432
68441
68449
68458
68466
68475
68483
68492
68500
68510
68517
68527
68534
68544
68551
68561
68569
68578
68586
68595
68603
68612
68620
68630
68637
68647
68654
68664
68671
68679
68685
68693
68699
68707
68713
68721
68727
68735
68741
68749
68755
68763
68769
68777
68783
68791
68797
68805
68811
68819
68825
68833
68839
68847
68853
68861
68867
68875
68881
68889
68895
68903
68909
68917
68923
68931
68937
68946
68952
68960
68966
68974
68980
68988
68994
69002
69008
69016
69022
69030
69036
69044
69050
69058
69064
69072
69078
69086
69092
69100
69106
69114
69120
69128
69134
69142
69148
69156
69162
69170
69176
69184
69190
69198
69204
69212
69219
69227
69233
69241
69247
69255
69261
69269
69275
69283
69289
69297
69303
69311
69317
69325
69331
69344
69356
69369
69381
69395
69406
69420
69432
69445
69457
69471
69482
69496
69508
69521
69533
69547
69558
69572
69584
69597
69609
69623
69634
69648
69660
69673
69685
69699
69710
69724
69736
69749
69761
69775
69786
69800
69812
69825
69837
69850
69862
69876
69887
69901
69913
69926
69938
69952
69963
69977
69989
70003
70015
70029
70042
70056
70068
70083
70095
70109
70122
70136
70148
70162
70175
70189
70201
70216
70228
70242
70255
70269
70281
70295
70308
70322
70334
70349
70361
70375
70388
70402
70414
70429
70441
70455
70467
70482
70494
70508
70521
70535
70547
70562
70574
70588
70600
70615
70627
70641
70651
70660
70671
70680
70691
70699
70710
70719
70730
70739
70749
70758
70769
70778
70789
70797
70808
70817
70828
70837
70847
70856
70867
70876
70887
70895
70906
70915
70926
70935
70945
70954
70965
70974
70985
70993
71004
71013
71024
71033
71043
71052
71063
71072
71083
71091
71102
71111
71122
71131
71141
71150
71161
71170
71181
71190
71200
71209
71220
71229
71240
71248
71259
71268
71279
71291
71301
71313
71324
71336
71346
71359
71369
71381
71392
71404
71414
71427
71437
71449
71460
71472
71482
71495
71505
71517
71528
71540
71550
71563
71573
71585
71595
71608
71618
71630
71641
71653
71663
71676
71686
71698
71709
71721
71731
71744
71754
71766
71777
71789
71799
71812
71822
71834
71845
71857
71867
71879
71890
71902
71912
71925
71940
71953
71969
71982
71997
72011
72026
72039
72055
72068
72083
72097
72112
72125
72141
72154
72169
72183
72198
72211
72227
72240
72255
72269
72284
72297
72313
72326
72341
72355
72370
72383
72399
72412
72427
72441
72456
72469
72485
72498
72513
72527
72542
72555
72571
72584
72604
72623
72644
72663
72684
72703
72724
72742
72763
72782
72803
72822
72843
72862
72883
72901
72922
72941
72962
72981
73002
73021
73041
73060
73081
73100
73121
73140
73161
73180
73200
73219
73240
73248
73255
73264
73271
73280
73287
73295
73302
73311
73318
73327
73334
73342
73349
73358
73365
73374
73381
73389
73396
73405
73412
73421
73428
73436
73443
73452
73459
73468
73475
73483
73490
73499
73506
73515
73522
73531
73537
73546
73553
73562
73569
73578
73584
73593
73600
73609
73616
73625
73631
73640
73647
73656
73663
73672
73678
73687
73694
73703
73710
73719
73725
73734
73741
73750
73757
73766
73772
73781
73788
73797
73804
73813
73820
73828
73835
73844
73851
73860
73867
73875
73882
73891
73898
73907
73914
73924
73932
73942
73950
73960
73968
73978
73987
73997
74005
74015
74023
74033
74041
74051
74060
74070
74078
74088
74096
74106
74114
74125
74133
74143
74151
74161
74169
74179
74187
74198
74206
74216
74224
74234
74242
74252
74261
74271
74279
74289
74297
74307
74315
74325
74334
74344
74352
74362
74370
74380
74388
74399
74407
74417
74425
74435
74443
74453
74461
74472
74480
74490
74498
74508
74516
74526
74535
74545
74553
74563
74571
74581
74591
74599
74609
74617
74627
74636
74646
74654
74664
74672
74682
74691
74701
74709
74719
74727
74738
74746
74756
74764
74774
74782
74793
74801
74811
74819
74829
74838
74848
74856
74866
74874
74884
74893
74903
74911
74921
74929
74940
74948
74958
74966
74976
74984
74995
75003
75013
75021
75031
75040
75050
75058
75068
75076
75086
75095
75105
75113
75123
75131
75142
75150
75160
75168
75178
75186
75197
75205
75215
75223
75233
75242
75261
75278
75297
75314
75333
75350
75369
75386
75405
75422
75442
75459
75478
75495
75514
75531
75550
75567
75586
75603
75623
75640
75659
75676
75695
75712
75731
75748
75767
75784
75804
75821
75840
75857
75876
75893
75910
75926
75944
75960
75978
75994
76012
76028
76046
76062
76080
76096
76114
76130
76148
76164
76182
76198
76216
76231
76249
76265
76283
76299
76317
76333
76351
76367
76385
76401
76419
76435
76453
76469
76487
76503
76521
76537
76555
76567
76578
76590
76601
76614
76624
76637
76648
76660
76671
76684
76694
76707
76718
76730
76741
76754
76764
76777
76788
76800
76811
76824
76834
76847
76858
76870
76881
76894
76904
76917
76928
76940
76951
76964
76974
76987
76998
77010
77021
77034
77044
77057
77068
77080
77091
77104
77114
77127
77138
77150
77161
77174
77184
77197
77208
77216
77223
77232
77239
77248
77255
77264
77271
77280
77287
77296
77303
77312
77319
77327
77334
77343
77350
77359
77366
77375
77382
77391
77398
77407
77414
77423
77430
77439
77445
77454
77461
77470
77477
77486
77493
77502
77509
77518
77525
77534
77541
77550
77556
77565
77572
77581
77588
77597
77604
77613
77620
77629
77636
77645
77652
77661
77668
77676
77683
77692
77699
77708
77715
77724
77731
77740
77747
77756
77763
77772
77779
77787
77794
77803
77810
77819
77826
77835
77842
77851
77858
77867
77880
77891
77904
77916
77929
77940
77954
77965
77978
77990
78003
78014
78027
78039
78052
78063
78077
78088
78101
78113
78126
78137
78151
78162
78175
78187
78199
78212
78223
78237
78248
78261
78273
78286
78297
78311
78322
78335
78347
78359
78372
78383
78397
78408
78421
78433
78446
78457
78471
78482
78495
78507
78519
78532
78548
78563
78579
78594
78611
78625
78642
78657
78673
78688
78705
78719
78736
78751
78767
78782
78798
78813
78830
78844
78861
78876
78892
78907
78924
78938
78955
78970
78986
79001
79018
79032
79049
79063
79080
79095
79111
79126
79143
79157
79174
79189
79205
79215
79224
79235
79243
79254
79263
79273
79282
79293
79302
79312
79321
79332
79340
79351
79360
79371
79379
79390
79399
79409
79418
79429
79438
79448
79457
79468
79476
79487
79496
79506
79515
79526
79535
79545
79554
79565
79573
79584
79593
79604
79612
79623
79632
79642
79651
79662
79671
79681
79690
79701
79709
79720
79729
79739
79748
79759
79768
79778
79787
79798
79806
79817
79826
79837
79845
79856
79865
79873
79882
79890
79899
79907
79916
79924
79933
79941
79950
79958
79967
79975
79985
79992
80002
80009
80019
80026
80036
80043
80053
80060
80070
80077
80087
80094
80104
80112
80121
80129
80138
80146
80155
80163
80172
80180
80189
80197
80206
80214
80223
80231
80241
80248
80258
80265
80275
80282
80292
80299
80309
80316
80326
80333
80343
80351
80360
80368
80377
80385
80394
80402
80411
80419
80428
80436
80445
80453
80462
80470
80480
80487
80497
80504
80514
80523
80533
80542
80552
80561
80572
80580
80591
80599
80610
80618
80629
80638
80648
80657
80667
80676
80686
80695
80706
80714
80725
80733
80744
80753
80763
80772
80782
80791
80801
80810
80821
80829
80840
80848
80859
80867
80878
80887
80897
80906
80916
80925
80935
80944
80955
80963
80974
80982
80993
81002
81012
81021
81031
81040
81050
81059
81070
81078
81089
81097
81108
81116
81127
81136
81146
81157
81167
81178
81188
81199
81209
81220
81230
81241
81251
81262
81272
81283
81293
81305
81314
81326
81335
81347
81356
81368
81377
81389
81398
81410
81419
81431
81440
81452
81462
81473
81483
81494
81504
81515
81525
81536
81546
81557
81567
81578
81588
81600
81609
81621
81630
81642
81651
81663
81672
81684
81693
81705
81714
81726
81735
81747
81757
81768
81778
81789
81799
81810
81817
81823
81831
81837
81845
81851
81859
81865
81873
81879
81887
81893
81901
81907
81915
81921
81929
81935
81943
81949
81957
81963
81971
81977
81985
81991
81999
82005
82013
82019
82027
82033
82041
82047
82055
82061
82069
82075
82083
82089
82097
82103
82111
82117
82125
82131
82139
82145
82153
82159
82167
82173
82181
82187
82195
82201
82209
82215
82223
82229
82237
82243
82251
82257
82265
82271
82278
82284
82292
82298
82306
82312
82320
82326
82334
82340
82348
82354
82362
82368
82376
82382
82390
82396
82404
82410
82418
82424
82432
82438
82446
82452
82460
82466
82494
82520
82548
82575
82603
82629
82657
82684
82712
82738
82766
82793
82821
82847
82876
82902
82930
82956
82985
83011
83039
83066
83093
83121
83147
83162
83176
83192
83206
83222
83236
83252
83266
83281
83295
83311
83325
83341
83355
83371
83385
83401
83414
83430
83444
83460
83474
83490
83504
83520
83534
83549
83563
83579
83593
83609
83623
83639
83653
83669
83682
83698
83712
83728
83742
83758
83772
83788
83802
83811
83818
83827
83834
83843
83850
83859
83866
83875
83882
83891
83899
83908
83915
83924
83931
83940
83947
83956
83963
83972
83979
83988
83996
84005
84012
84021
84028
84037
84044
84053
84060
84069
84076
84086
84093
84102
84109
84118
84125
84134
84141
84150
84157
84166
84173
84183
84190
84199
84206
84215
84222
84231
84238
84247
84254
84263
84271
84280
84287
84296
84303
84312
84319
84328
84335
84344
84351
84360
84368
84377
84384
84393
84400
84409
84416
84425
84432
84441
84448
84468
84486
84507
84525
84546
84564
84585
84603
84624
84642
84662
84681
84701
84720
84740
84759
84779
84798
84818
84836
84857
84875
84896
84914
84935
84953
84974
84992
85013
85031
85051
85070
85090
85100
85109
85119
85128
85138
85147
85158
85166
85177
85186
85195
85206
85214
85225
85234
85243
85254
85262
85273
85282
85291
85302
85310
85321
85330
85339
85350
85358
85369
85378
85387
85398
85406
85417
85426
85435
85446
85454
85465
85474
85483
85494
85502
85513
85522
85531
85542
85550
85561
85570
85579
85590
85598
85609
85618
85627
85638
85646
85657
85666
85675
85686
85694
85705
85714
85723
85734
85753
85771
85790
85808
85827
85845
85864
85882
85901
85919
85939
85956
85976
85993
86013
86030
86050
86067
86087
86104
86124
86142
86161
86179
86198
86216
86235
86253
86272
86290
86309
86327
86347
86364
86384
86401
86412
86422
86434
86444
86456
86465
86477
86487
86499
86509
86521
86530
86542
86552
86564
86574
86586
86595
86607
86617
86629
86639
86651
86660
86672
86682
86694
86704
86716
86725
86737
86747
86759
86769
86781
86790
86802
86812
86824
86834
86846
86855
86867
86877
86889
86899
86911
86920
86932
86942
86954
86964
86976
86985
86997
87007
87019
87029
87040
87050
87062
87074
87084
87097
87107
87120
87130
87142
87153
87165
87176
87188
87199
87211
87222
87233
87245
87256
87268
87279
87291
87302
87313
87325
87336
87348
87359
87371
87382
87393
87405
87416
87428
87439
87451
87462
87473
87485
87496
87508
87519
87531
87542
87553
87565
87576
87588
87599
87611
87622
87633
87645
87656
87668
87679
87691
87702
87713
87722
87730
87740
87748
87757
87765
87775
87783
87793
87800
87810
87818
87828
87835
87845
87853
87863
87871
87880
87888
87898
87906
87916
87923
87933
87941
87951
87958
87968
87976
87986
87994
88003
88011
88021
88029
88039
88046
88056
88064
88074
88081
88091
88099
88109
88117
88126
88134
88144
88152
88162
88169
88179
88187
88197
88204
88214
88222
88232
88240
88249
88257
88267
88275
88285
88292
88302
88310
88320
88327
88337
88345
88355
88363
88372
88380
88387
88393
88400
88406
88414
88419
88427
88433
88440
88446
88454
88459
88467
88473
88480
88486
88494
88499
88507
88512
88520
88526
88533
88539
88547
88552
88560
88566
88573
88579
88587
88592
88600
88606
88613
88619
88626
88632
88640
88645
88653
88659
88666
88672
88680
88685
88693
88699
88706
88712
88720
88725
88733
88739
88746
88752
88759
88765
88773
88778
88786
88792
88799
88805
88813
88818
88826
88832
88839
88845
88853
88858
88866
88871
88879
88885
88892
88898
88906
88911
88919
88925
88932
88938
88946
88951
88959
88965
88972
88978
88985
88991
88999
89004
89012
89018
89025
89031
89039
89062
89084
89108
89130
89154
89176
89199
89221
89245
89267
89291
89313
89337
89359
89381
89405
89427
89451
89473
89497
89519
89541
89565
89587
89611
89633
89657
89679
89701
89711
89720
89731
89740
89751
89759
89770
89779
89790
89799
89810
89818
89829
89838
89849
89858
89868
89877
89888
89897
89908
89917
89927
89936
89947
89956
89967
89975
89986
89995
90006
90015
90026
90034
90045
90054
90065
90074
90084
90093
90104
90113
90124
90133
90143
90152
90163
90172
90183
90191
90202
90211
90222
90231
90242
90250
90261
90270
90281
90290
90301
90309
90320
90329
90340
90349
90356
90365
90372
90381
90388
90397
90404
90413
90420
90430
90437
90446
90453
90462
90469
90478
90485
90494
90501
90510
90518
90527
90534
90543
90550
90559
90566
90575
90582
90591
90598
90608
90615
90624
90631
90640
90647
90656
90663
90672
90679
90688
90696
90705
90712
90721
90728
90737
90744
90753
90760
90769
90776
90786
90793
90802
90809
90818
90825
90834
90841
90850
90857
90866
90874
90883
90890
90899
90906
90915
90922
90931
90938
90947
90954
90964
90971
90980
90991
91001
91013
91022
91034
91044
91055
91065
91077
91087
91098
91108
91120
91129
91141
91151
91162
91172
91184
91194
91205
91215
91227
91236
91248
91258
91270
91279
91291
91301
91312
91322
91334
91343
91355
91365
91377
91386
91398
91408
91419
91429
91441
91451
91462
91472
91484
91493
91505
91515
91526
91536
91548
91558
91569
91579
91591
91600
91612
91622
91633
91643
91655
91666
91678
91689
91702
91712
91725
91736
91748
91759
91771
91782
91795
91805
91818
91829
91841
91852
91864
91875
91888
91898
91911
91922
91934
91945
91957
91968
91981
91991
92004
92015
92027
92038
92050
92061
92074
92084
92097
92108
92120
92131
92143
92154
92167
92177
92190
92201
92213
92224
92237
92247
92260
92270
92283
92293
92301
92311
92319
92329
92338
92348
92356
92366
92374
92385
92393
92403
92411
92421
92430
92440
92448
92458
92466
92476
92485
92495
92503
92513
92521
92532
92540
92550
92558
92568
92577
92587
92595
92605
92613
92623
92632
92642
92650
92660
92668
92679
92687
92697
92705
92715
92724
92734
92742
92752
92760
92770
92779
92789
92797
92807
92815
92826
92834
92844
92852
92862
92871
92881
92889
92899
92907
92917
92926
92936
92944
92954
92972
92989
93008
93025
93044
93061
93080
93097
93116
93133
93152
93169
93188
93205
93224
93241
93260
93277
93296
93313
93332
93349
93368
93385
93404
93421
93440
93456
93475
93492
93511
93528
93547
93564
93583
93600
93619
93636
93644
93650
93658
93665
93673
93679
93688
93694
93702
93709
93717
93723
93731
93738
93746
93752
93761
93767
93775
93782
93790
93796
93804
93811
93819
93825
93834
93840
93848
93855
93863
93869
93878
93884
93892
93898
93907
93913
93921
93928
93936
93942
93951
93957
93965
93971
93980
93986
93994
94001
94009
94015
94024
94030
94038
94045
94053
94059
94067
94074
94082
94088
94097
94103
94111
94118
94126
94132
94140
94147
94155
94161
94170
94176
94184
94191
94199
94205
94213
94220
94228
94234
94243
94249
94257
94264
94272
94278
94287
94303
94317
94334
94348
94364
94379
94395
94409
94426
94440
94456
94471
94487
94501
94518
94532
94548
94563
94579
94593
94610
94624
94640
94655
94671
94685
94702
94716
94733
94747
94763
94778
94794
94808
94825
94839
94855
94870
94886
94900
94917
94931
94947
94962
94978
94993
95010
95024
95041
95056
95073
95087
95104
95119
95136
95150
95167
95182
95199
95213
95230
95245
95262
95276
95293
95308
95325
95339
95356
95371
95388
95402
95419
95434
95451
95465
95482
95497
95514
95528
95545
95560
95577
95591
95608
95617
95625
95634
95642
95652
95659
95669
95677
95686
95694
95704
95711
95721
95729
95738
95746
95756
95763
95773
95781
95790
95798
95807
95815
95825
95832
95842
95850
95859
95867
95877
95884
95894
95902
95911
95919
95929
95936
95946
95954
95963
95971
95981
95988
95998
96005
96015
96023
96032
96040
96050
96057
96067
96075
96084
96092
96102
96109
96119
96127
96136
96144
96154
96161
96171
96179
96188
96196
96205
96213
96223
96230
96240
96248
96257
96265
96275
96285
96293
96304
96312
96322
96331
96341
96350
96360
96368
96379
96387
96398
96406
96416
96425
96435
96444
96454
96462
96473
96481
96492
96500
96510
96519
96529
96538
96548
96556
96567
96575
96586
96594
96604
96613
96623
96632
96642
96650
96661
96669
96680
96688
96698
96707
96717
96726
96736
96744
96755
96763
96774
96782
96792
96801
96811
96820
96830
96838
96849
96857
96868
96876
96886
96895
96905
96913
96924
96942
96959
96978
96995
97013
97030
97049
97066
97084
97101
97120
97137
97155
97172
97191
97208
97226
97243
97262
97279
97297
97314
97333
97350
97368
97385
97404
97421
97439
97456
97475
97492
97510
97527
97546
97563
97581
97600
97617
97637
97654
97674
97691
97711
97728
97748
97765
97785
97802
97821
97839
97858
97876
97895
97913
97932
97950
97969
97987
98006
98024
98043
98061
98079
98098
98116
98135
98153
98172
98190
98209
98227
98246
98261
98275
98290
98304
98319
98333
98348
98362
98378
98391
98407
98420
98436
98449
98465
98479
98494
98508
98523
98537
98552
98566
98581
98595
98611
98624
98640
98653
98669
98682
98698
98712
98727
98741
98756
98770
98785
98799
98814
98828
98844
98857
98873
98886
98902
98913
98923
98934
98944
98956
98965
98977
98987
98998
99008
99020
99029
99041
99050
99062
99072
99083
99093
99105
99114
99126
99136
99147
99157
99168
99178
99190
99199
99211
99221
99232
99242
99254
99263
99275
99284
99296
99306
99317
99327
99339
99348
99360
99370
99381
99391
99402
99412
99424
99433
99445
99455
99466
99476
99488
99497
99509
99519
99530
99540
99551
99561
99573
99583
99592
99603
99612
99623
99632
99643
99652
99663
99672
99683
99692
99703
99712
99723
99732
99743
99751
99762
99771
99782
99791
99802
99811
99822
99831
99842
99851
99862
99871
99882
99891
99902
99911
99921
99930
99941
99950
99961
99970
99981
99990
100001
100010
100021
100030
100041
100050
100061
100070
100081
100089
100100
100109
100120
100129
100140
100149
100160
100169
100180
100189
100200
100209
100220
100229
100240
