15
28
43
56
71
84
99
112
127
140
155
168
183
196
211
224
239
252
267
280
295
308
323
336
351
364
379
392
408
421
436
449
464
477
492
505
520
533
548
559
569
581
591
603
613
625
635
647
657
669
679
691
701
713
723
735
745
757
766
778
788
800
810
822
832
844
854
866
876
888
898
910
920
932
942
954
964
976
985
997
1007
1019
1029
1041
1051
1063
1073
1085
1095
1107
1117
1129
1139
1151
1161
1173
1183
1194
1204
1216
1226
1238
1248
1260
1270
1282
1292
1304
1314
1326
1336
1345
1356
1365
1376
1385
1396
1405
1415
1424
1435
1444
1455
1464
1475
1484
1494
1503
1514
1523
1534
1543
1554
1563
1573
1582
1593
1602
1613
1622
1633
1642
1652
1661
1672
1681
1692
1701
1712
1721
1731
1740
1751
1760
1771
1780
1791
1800
1810
1819
1830
1839
1850
1859
1870
1879
1889
1898
1913
1927
1943
1957
1973
1987
2002
2016
2032
2046
2062
2076
2092
2105
2121
2135
2151
2165
2181
2195
2210
2224
2240
2254
2270
2284
2299
2313
2329
2343
2359
2373
2389
2402
2418
2432
2448
2462
2478
2492
2507
2521
2537
2551
2567
2585
2602
2621
2638
2656
2673
2692
2709
2727
2744
2763
2780
2798
2815
2834
2851
2869
2886
2905
2922
2940
2957
2969
2979
2991
3001
3013
3024
3036
3046
3058
3068
3081
3091
3103
3113
3125
3136
3148
3158
3170
3180
3193
3203
3215
3225
3237
3248
3260
3270
3282
3292
3305
3315
3327
3337
3349
3359
3372
3382
3394
3404
3416
3427
3439
3449
3461
3471
3484
3494
3506
3516
3528
3539
3549
3557
3567
3575
3586
3594
3604
3612
3623
3631
3641
3649
3660
3668
3678
3686
3697
3705
3715
3723
3734
3742
3752
3760
3771
3779
3789
3797
3808
3816
3826
3834
3845
3853
3863
3871
3882
3890
3900
3908
3919
3927
3937
3945
3956
3964
3974
3982
3993
4001
4011
4019
4029
4038
4048
4056
4066
4075
4085
4093
4103
4112
4122
4130
4140
4149
4159
4167
4177
4186
4196
4204
4214
4223
4233
4241
4251
4260
4270
4278
4288
4297
4307
4316
4324
4333
4341
4351
4358
4368
4375
4385
4393
4402
4410
4419
4427
4437
4444
4454
4462
4471
4479
4488
4496
4506
4513
4523
4530
4540
4548
4557
4565
4575
4582
4592
4599
4609
4617
4626
4634
4643
4651
4661
4668
4678
4686
4698
4708
4720
4730
4743
4753
4765
4775
4788
4798
4810
4820
4833
4843
4855
4865
4878
4888
4900
4910
4922
4933
4945
4955
4967
4978
4990
5000
5012
5023
5035
5045
5057
5068
5080
5090
5102
5112
5125
5135
5147
5157
5170
5180
5192
5202
5215
5225
5237
5246
5254
5264
5271
5281
5289
5299
5306
5316
5324
5334
5341
5351
5359
5369
5376
5386
5394
5404
5411
5421
5429
5439
5446
5456
5464
5473
5481
5491
5499
5508
5516
5526
5534
5543
5551
5561
5579
5595
5613
5630
5648
5664
5683
5699
5717
5733
5752
5768
5786
5803
5821
5837
5855
5872
5890
5906
5925
5941
5959
5975
5994
6010
6028
6045
6063
6079
6098
6114
6132
6145
6156
6169
6181
6194
6205
6218
6230
6243
6254
6267
6279
6292
6303
6316
6328
6341
6352
6365
6377
6390
6401
6414
6426
6439
6450
6463
6475
6488
6499
6512
6524
6537
6548
6562
6573
6586
6597
6611
6622
6635
6646
6660
6671
6684
6695
6709
6720
6733
6744
6758
6769
6779
6790
6800
6812
6821
6833
6843
6854
6864
6875
6885
6897
6906
6918
6928
6939
6949
6960
6970
6982
6991
7003
7013
7024
7034
7045
7055
7067
7076
7088
7098
7109
7119
7131
7140
7152
7161
7173
7183
7194
7204
7216
7225
7237
7246
7258
7268
7279
7289
7301
7310
7322
7331
7343
7353
7364
7374
7383
7394
7403
7413
7422
7433
7442
7452
7461
7472
7481
7491
7500
7511
7520
7530
7539
7550
7559
7569
7578
7589
7598
7608
7617
7628
7637
7647
7656
7667
7676
7686
7695
7706
7715
7725
7734
7745
7754
7764
7773
7784
7793
7804
7812
7823
7832
7843
7851
7862
7871
7882
7890
7907
7923
7941
7957
7975
7991
8009
8025
8043
8059
8077
8093
8111
8127
8145
8161
8179
8195
8213
8228
8246
8262
8280
8296
8314
8330
8348
8364
8382
8398
8413
8427
8443
8457
8473
8486
8502
8516
8532
8546
8562
8575
8591
8605
8621
8635
8651
8664
8680
8694
8710
8724
8740
8753
8769
8783
8799
8813
8829
8842
8858
8872
8888
8902
8918
8931
8947
8961
8977
8991
9007
9020
9036
9050
9066
9080
9096
9107
9116
9127
9136
9147
9156
9167
9176
9187
9196
9207
9216
9227
9236
9247
9256
9267
9276
9287
9297
9308
9317
9328
9337
9348
9357
9368
9377
9388
9397
9408
9417
9428
9437
9448
9457
9468
9477
9488
9498
9509
9518
9529
9538
9549
9558
9569
9578
9589
9598
9609
9618
9629
9638
9649
9658
9669
9678
9689
9699
9714
9727
9742
9755
9770
9783
9798
9811
9826
9839
9854
9867
9882
9895
9910
9923
9938
9951
9966
9979
9994
10007
10022
10035
10050
10063
10078
10091
10107
10120
10135
10148
10163
10176
10191
10204
10219
10232
10247
10260
10275
10288
10303
10316
10328
10338
10350
10360
10373
10383
10395
10405
10418
10428
10440
10450
10463
10473
10485
10495
10508
10518
10530
10540
10553
10563
10575
10585
10598
10608
10620
10630
10643
10653
10665
10675
10688
10698
10710
10720
10733
10743
10755
10765
10778
10788
10800
10810
10823
10833
10845
10855
10868
10878
10890
10900
10913
10923
10932
10939
10948
10956
10965
10972
10982
10989
10998
11005
11015
11022
11031
11039
11048
11055
11064
11072
11081
11088
11098
11105
11114
11121
11131
11138
11147
11155
11164
11171
11180
11188
11197
11204
11214
11221
11230
11237
11247
11254
11263
11272
11280
11289
11297
11306
11314
11323
11331
11340
11348
11357
11365
11374
11382
11391
11399
11408
11416
11426
11433
11443
11450
11460
11467
11477
11484
11494
11501
11511
11518
11528
11535
11545
11552
11562
11570
11579
11587
11596
11604
11613
11621
11630
11638
11647
11655
11664
11672
11684
11694
11707
11717
11729
11740
11752
11762
11775
11785
11797
11808
11820
11830
11843
11853
11865
11876
11888
11898
11911
11921
11933
11944
11956
11966
11979
11989
12001
12012
12024
12034
12047
12057
12069
12080
12092
12103
12115
12124
12131
12141
12148
12158
12165
12174
12182
12191
12199
12208
12215
12225
12232
12242
12249
12258
12266
12275
12283
12292
12299
12309
12316
12326
12333
12342
12350
12359
12367
12376
12383
12393
12400
12410
12417
12426
12434
12443
12451
12460
12467
12477
12484
12494
12501
12510
12518
12527
12535
12544
12551
12561
12568
12578
12585
12594
12602
12611
12619
12628
12636
12645
12652
12662
12669
12679
12686
12695
12703
12712
12720
12729
12736
12746
12753
12763
12770
12779
12787
12796
12804
12813
12820
12830
12837
12847
12854
12864
12872
12882
12890
12900
12908
12918
12927
12937
12945
12955
12963
12973
12981
12991
13000
13010
13018
13028
13036
13046
13054
13064
13073
13083
13091
13101
13109
13119
13127
13137
13146
13156
13164
13174
13182
13192
13200
13210
13219
13229
13237
13247
13255
13265
13273
13283
13292
13302
13310
13323
13335
13349
13361
13375
13387
13401
13413
13427
13439
13453
13465
13479
13491
13505
13517
13531
13543
13557
13569
13583
13595
13609
13621
13635
13647
13661
13673
13687
13699
13713
13725
13739
13751
13765
13777
13790
13802
13816
13828
13837
13845
13854
13862
13871
13879
13888
13896
13905
13913
13922
13930
13939
13947
13956
13964
13973
13981
13990
13998
14007
14015
14024
14032
14041
14049
14058
14066
14075
14083
14093
14100
14110
14117
14127
14134
14144
14151
14161
14168
14178
14185
14195
14204
14212
14222
14230
14239
14247
14257
14265
14275
14282
14292
14300
14310
14318
14327
14335
14345
14353
14363
14370
14380
14388
14398
14405
14415
14423
14433
14441
14450
14458
14468
14476
14486
14493
14503
14511
14521
14529
14538
14546
14556
14564
14574
14581
14591
14599
14609
14616
14626
14634
14644
14652
14659
14668
14675
14684
14691
14700
14707
14716
14723
14732
14739
14748
14755
14764
14771
14780
14786
14795
14802
14811
14818
14827
14834
14843
14850
14859
14866
14875
14882
14891
14898
14907
14914
14922
14929
14938
14945
14954
14961
14970
14977
14986
14993
15002
15009
15018
15025
15034
15041
15050
15056
15065
15072
15081
15088
15097
15104
15113
15120
15129
15136
15145
15152
15161
15168
15177
15184
15192
15199
15208
15215
15224
15231
15240
15247
15256
15263
15272
15279
15288
15295
15304
15311
15320
15326
15335
15342
15351
15358
15367
15374
15383
15391
15398
15407
15414
15423
15430
15439
15446
15455
15461
15470
15477
15486
15493
15502
15509
15518
15525
15533
15540
15549
15556
15565
15572
15581
15588
15597
15604
15612
15619
15628
15635
15644
15651
15660
15667
15676
15683
15690
15699
15706
15715
15722
15731
15738
15747
15754
15762
15769
15778
15785
15794
15801
15812
15821
15832
15841
15852
15861
15872
15881
15892
15901
15912
15921
15932
15941
15952
15961
15972
15981
15992
16001
16012
16021
16032
16041
16052
16061
16072
16081
16092
16101
16112
16121
16132
16141
16152
16161
16172
16181
16192
16202
16213
16222
16233
16242
16253
16262
16273
16282
16293
16302
16313
16322
16333
16342
16353
16362
16373
16382
16393
16402
16413
16422
16433
16442
16453
16462
16473
16482
16493
16502
16516
16528
16543
16555
16570
16582
16597
16609
16624
16636
16651
16663
16678
16690
16705
16717
16732
16744
16759
16771
16786
16798
16813
16825
16840
16852
16867
16879
16894
16906
16921
16933
16948
16960
16975
16987
17002
17014
17029
17041
17056
17068
17083
17095
17110
17122
17137
17149
17164
17176
17191
17203
17218
17230
17245
17257
17272
17284
17299
17311
17326
17338
17350
17361
17374
17384
17397
17408
17421
17431
17444
17455
17467
17478
17491
17502
17514
17525
17538
17548
17561
17572
17585
17595
17608
17619
17631
17642
17655
17666
17678
17689
17702
17713
17724
17737
17748
17760
17771
17784
17795
17805
17813
17823
17831
17841
17849
17860
17868
17878
17886
17896
17904
17915
17923
17933
17941
17951
17959
17970
17978
17988
17996
18006
18014
18025
18033
18043
18051
18061
18069
18079
18088
18098
18106
18116
18124
18134
18143
18153
18161
18171
18179
18189
18198
18208
18221
18232
18245
18256
18269
18280
18293
18304
18318
18329
18342
18353
18366
18377
18390
18401
18415
18426
18439
18450
18463
18474
18487
18498
18512
18523
18536
18547
18560
18571
18584
18595
18608
18620
18633
18644
18657
18668
18681
18692
18705
18717
18730
18741
18754
18765
18778
18789
18802
18814
18827
18838
18851
18862
18875
18886
18899
18911
18924
18934
18943
18954
18962
18973
18982
18993
19001
19012
19021
19031
19040
19051
19060
19070
19079
19090
19098
19109
19118
19129
19137
19148
19157
19167
19176
19187
19196
19206
19215
19226
19234
19245
19254
19265
19273
19284
19293
19303
19312
19323
19332
19342
19351
19362
19370
19381
19390
19401
19409
19420
19429
19439
19448
19459
19468
19478
19487
19498
19506
19517
19526
19537
19545
19556
19565
19576
19584
19595
19604
19614
19623
19634
19643
19653
19662
19673
19681
19694
19705
19718
19729
19742
19753
19767
19778
19791
19802
19815
19826
19839
19851
19864
19875
19888
19899
19912
19923
19937
19948
19961
19972
19985
19996
20009
20021
20034
20045
20058
20069
20082
20093
20107
20118
20131
20142
20155
20166
20179
20191
20204
20215
20228
20239
20252
20263
20277
20286
20294
20304
20312
20322
20330
20340
20348
20358
20366
20376
20384
20394
20402
20410
20420
20428
20438
20446
20456
20464
20474
20482
20492
20500
20510
20518
20527
20535
20545
20553
20563
20571
20581
20589
20599
20607
20617
20625
20635
20643
20652
20662
20671
20682
20691
20702
20711
20721
20730
20741
20750
20761
20770
20780
20789
20800
20809
20820
20829
20839
20848
20859
20868
20879
20888
20898
20907
20918
20927
20938
20947
20957
20966
20977
20986
20997
21006
21016
21025
21036
21045
21056
21065
21075
21084
21095
21104
21115
21124
21134
21143
21157
21169
21183
21196
21210
21222
21237
21249
21263
21276
21290
21302
21316
21329
21343
21355
21370
21382
21396
21409
21423
21435
21449
21462
21476
21488
21503
21515
21529
21542
21556
21568
21583
21595
21609
21621
21636
21648
21662
21675
21689
21701
21716
21728
21742
21754
21769
21781
21795
21808
21822
21834
21849
21861
21875
21888
21902
21914
21928
21941
21955
21967
21979
21990
22003
22014
22026
22037
22050
22061
22074
22084
22097
22108
22121
22132
22144
22155
22168
22179
22192
22202
22215
22226
22239
22250
22262
22273
22286
22297
22310
22320
22333
22344
22357
22368
22380
22391
22404
22415
22428
22438
22451
22462
22475
22486
22498
22509
22522
22533
22546
22556
22569
22580
22593
22604
22616
22627
22640
22651
22664
22674
22687
22696
22703
22712
22719
22728
22736
22745
22752
22761
22768
22778
22785
22794
22801
22810
22818
22827
22834
22843
22850
22860
22867
22876
22883
22892
22900
22909
22916
22925
22932
22942
22949
22958
22965
22974
22982
22991
22998
23007
23014
23024
23031
23040
23047
23056
23064
23073
23080
23089
23096
23106
23113
23122
23129
23138
23146
23155
23162
23171
23178
23187
23195
23204
23211
23220
23227
23237
23244
23253
23260
23269
23277
23286
23293
23302
23309
23319
23326
23335
23342
23354
23365
23377
23388
23401
23411
23424
23435
23447
23458
23471
23481
23494
23505
23517
23528
23541
23551
23564
23575
23587
23598
23611
23621
23634
23645
23657
23668
23681
23691
23704
23715
23727
23738
23751
23761
23774
23785
23797
23808
23821
23831
23844
23855
23867
23878
23891
23901
23914
23925
23937
23955
23971
23990
24006
24024
24041
24059
24076
24094
24110
24129
24145
24164
24180
24198
24215
24233
24250
24268
24284
24303
24319
24337
24354
24372
24389
24407
24423
24442
24458
24477
24493
24511
24528
24546
24557
24566
24577
24586
24597
24606
24617
24627
24638
24647
24658
24667
24678
24687
24699
24708
24719
24728
24739
24748
24759
24768
24780
24789
24800
24809
24820
24829
24840
24850
24861
24870
24881
24890
24901
24910
24921
24931
24942
24951
24962
24971
24981
24990
25000
25009
25019
25028
25038
25047
25057
25066
25076
25085
25095
25104
25114
25123
25133
25142
25152
25161
25171
25180
25191
25199
25210
25218
25229
25237
25248
25256
25267
25275
25286
25294
25305
25313
25324
25332
25343
25354
25364
25376
25386
25398
25407
25419
25429
25441
25451
25463
25472
25484
25494
25506
25516
25528
25537
25549
25559
25571
25581
25593
25602
25614
25624
25636
25646
25658
25667
25679
25689
25701
25711
25723
25732
25744
25754
25766
25776
25788
25797
25809
25819
25831
25841
25853
25862
25874
25884
25896
25906
25918
25927
25939
25950
25960
25972
25982
25994
26004
26016
26026
26038
26048
26060
26070
26082
26092
26104
26114
26125
26135
26147
26157
26169
26179
26191
26201
26213
26223
26235
26245
26257
26267
26279
26289
26300
26310
26322
26332
26344
26354
26366
26376
26388
26398
26410
26420
26432
26442
26454
26464
26476
26485
26497
26509
26520
26532
26543
26555
26566
26578
26589
26601
26612
26624
26635
26647
26658
26670
26681
26693
26704
26716
26727
26739
26750
26762
26773
26785
26796
26808
26819
26831
26842
26855
26865
26878
26888
26901
26911
26924
26934
26947
26957
26970
26980
26993
27003
27016
27026
27039
27049
27062
27072
27085
27095
27108
27118
27131
27141
27154
27164
27177
27187
27200
27211
27223
27234
27246
27257
27269
27280
27297
27312
27329
27345
27362
27377
27395
27410
27427
27443
27460
27475
27492
27508
27525
27540
27558
27573
27590
27606
27623
27638
27655
27671
27688
27703
27721
27736
27753
27769
27786
27801
27819
27834
27851
27866
27884
27899
27916
27932
27949
27964
27982
27997
28014
28030
28046
28063
28078
28096
28111
28128
28144
28158
28174
28188
28204
28218
28234
28248
28265
28279
28295
28309
28325
28339
28355
28369
28385
28400
28416
28430
28446
28460
28476
28490
28506
28520
28537
28551
28567
28581
28597
28611
28627
28641
28657
28672
28688
28702
28718
28732
28748
28762
28771
28778
28787
28794
28803
28810
28819
28827
28836
28843
28852
28859
28868
28875
28885
28892
28901
28908
28917
28924
28933
28941
28950
28957
28966
28973
28982
28989
28999
29006
29015
29022
29031
29038
29047
29055
29064
29071
29080
29087
29096
29103
29113
29120
29129
29136
29145
29152
29161
29169
29178
29185
29194
29201
29210
29217
29227
29234
29243
29250
29259
29266
29275
29283
29292
29301
29308
29317
29325
29334
29341
29351
29358
29367
29374
29384
29391
29400
29408
29417
29424
29433
29441
29450
29457
29467
29474
29483
29491
29500
29507
29516
29524
29533
29540
29550
29557
29566
29573
29583
29590
29599
29607
29616
29623
29633
29640
29649
29656
29666
29673
29682
29690
29699
29706
29715
29723
29732
29739
29749
29756
29765
29772
29782
29789
29798
29806
29815
29822
29832
29839
29848
29855
29865
29872
29881
29889
29898
29905
29914
29922
29931
29938
29948
29955
29964
29972
29981
29988
29997
30005
30014
30021
30031
30038
30047
30054
30064
30071
30080
30088
30097
30104
30114
30128
30141
30156
30168
30183
30196
30210
30223
30238
30250
30265
30278
30292
30305
30320
30332
30347
30360
30374
30387
30402
30415
30429
30442
30457
30469
30481
30491
30503
30513
30526
30536
30548
30558
30571
30581
30593
30603
30616
30626
30638
30648
30661
30671
30683
30693
30705
30716
30728
30738
30750
30761
30773
30783
30795
30806
30818
30828
30840
30851
30863
30873
30885
30894
30902
30911
30919
30929
30936
30946
30953
30963
30971
30980
30988
30998
31005
31015
31022
31032
31040
31049
31057
31067
31074
31084
31091
31101
31109
31118
31126
31135
31143
31153
31160
31170
31178
31187
31195
31204
31212
31222
31229
31239
31247
31256
31264
31273
31281
31291
31298
31308
31316
31325
31333
31342
31350
31360
31367
31377
31385
31393
31403
31410
31420
31428
31437
31445
31454
31462
31471
31478
31488
31495
31504
31512
31521
31529
31538
31545
31555
31562
31572
31579
31588
31596
31605
31613
31622
31629
31639
31646
31656
31663
31672
31680
31689
31696
31706
31713
31723
31730
31739
31747
31756
31764
31773
31780
31790
31797
31807
31814
31823
31831
31840
31848
31857
31864
31874
31881
31890
31898
31907
31915
31924
31931
31941
31948
31958
31965
31974
31982
31991
31999
32008
32017
32025
32034
32042
32051
32059
32068
32076
32085
32093
32102
32110
32119
32127
32136
32144
32153
32161
32170
32178
32187
32195
32204
32212
32221
32229
32238
32246
32255
32263
32273
32280
32290
32297
32307
32314
32324
32331
32341
32348
32358
32365
32375
32382
32392
32399
32409
32416
32426
32433
32443
32450
32460
32467
32477
32484
32494
32501
32511
32519
32528
32536
32545
32553
32562
32570
32579
32587
32596
32604
32613
32621
32630
32638
32647
32655
32664
32672
32681
32689
32698
32706
32715
32723
32732
32740
32749
32757
32766
32774
32784
32791
32801
32811
32820
32830
32839
32850
32858
32869
32878
32888
32897
32908
32916
32927
32936
32946
32955
32966
32974
32985
32994
33004
33013
33024
33032
33043
33052
33062
33071
33082
33090
33101
33110
33120
33129
33140
33148
33159
33168
33178
33187
33198
33206
33217
33226
33236
33245
33256
33264
33275
33284
33294
33303
33314
33322
33333
33342
33352
33361
33372
33380
33391
33400
33410
33419
33430
33438
33449
33458
33468
33477
33487
33496
33507
33519
33529
33541
33551
33563
33573
33585
33595
33607
33618
33630
33640
33652
33662
33674
33684
33696
33707
33718
33730
33740
33752
33762
33774
33784
33796
33807
33818
33830
33840
33852
33862
33874
33884
33896
33907
33918
33930
33940
33952
33962
33974
33984
33996
34007
34018
34030
34040
34052
34062
34074
34084
34096
34107
34118
34130
34140
34152
34162
34174
34184
34196
34207
34218
34230
34240
34254
34267
34282
34294
34309
34322
34336
34349
34364
34376
34391
34404
34418
34431
34446
34458
34473
34486
34500
34513
34528
34540
34555
34568
34582
34595
34610
34622
34637
34650
34664
34677
34692
34704
34719
34732
34746
34759
34774
34786
34801
34814
34828
34841
34856
34868
34883
34896
34910
34923
34938
34950
34965
34978
34986
34993
35002
35009
35018
35025
35033
35040
35049
35056
35065
35072
35081
35087
35096
35103
35112
35119
35128
35135
35143
35150
35159
35166
35175
35182
35191
35197
35206
35213
35222
35229
35238
35245
35253
35260
35269
35276
35285
35292
35300
35307
35316
35323
35332
35339
35348
35354
35363
35370
35379
35386
35395
35402
35410
35417
35426
35433
35442
35449
35458
35464
35473
35480
35489
35496
35505
35512
35520
35527
35536
35543
35552
35559
35568
35574
35583
35598
35611
35626
35640
35655
35668
35683
35697
35712
35725
35740
35754
35769
35782
35797
35811
35826
35839
35854
35868
35883
35896
35911
35925
35940
35953
35968
35982
35997
36010
36025
36038
36053
36066
36081
36094
36109
36122
36137
36151
36166
36179
36194
36207
36222
36235
36250
36263
36278
36292
36307
36320
36335
36348
36363
36376
36391
36404
36419
36433
36448
36461
36472
36482
36494
36503
36515
36525
36537
36546
36558
36568
36580
36589
36601
36611
36623
36632
36644
36654
36666
36675
36687
36697
36709
36718
36730
36740
36752
36761
36773
36783
36795
36804
36816
36826
36838
36847
36859
36869
36880
36890
36902
36912
36925
36935
36947
36958
36970
36980
36993
37003
37015
37026
37038
37048
37061
37071
37083
37094
37106
37116
37129
37139
37151
37162
37174
37184
37197
37207
37219
37230
37242
37252
37265
37275
37287
37298
37310
37321
37330
37337
37346
37353
37362
37369
37378
37385
37394
37401
37410
37417
37426
37433
37442
37449
37458
37465
37474
37481
37491
37498
37507
37514
37523
37530
37539
37546
37555
37562
37571
37578
37587
37594
37603
37610
37619
37626
37635
37642
37651
37659
37668
37675
37684
37691
37700
37707
37716
37723
37732
37739
37748
37755
37764
37771
37780
37787
37796
37804
37813
37820
37829
37836
37846
37853
37862
37869
37878
37886
37895
37902
37911
37918
37928
37935
37944
37951
37960
37967
37977
37984
37993
38000
38009
38017
38026
38033
38042
38049
38059
38066
38075
38082
38091
38099
38108
38115
38124
38131
38140
38148
38157
38164
38173
38180
38190
38197
38206
38213
38222
38229
38239
38246
38255
38262
38271
38279
38288
38295
38304
38312
38321
38328
38337
38344
38354
38361
38370
38377
38387
38394
38403
38410
38419
38427
38436
38443
38452
38460
38469
38476
38485
38492
38502
38509
38518
38525
38534
38542
38551
38558
38567
38575
38584
38591
38600
38607
38617
38624
38633
38640
38650
38657
38666
38673
38682
38690
38699
38706
38715
38723
38732
38739
38748
38755
38765
38772
38781
38788
38797
38805
38814
38821
38830
38838
38847
38854
38863
38870
38880
38887
38896
38903
38913
38920
38929
38936
38945
38953
38962
38969
38980
38990
39001
39011
39022
39032
39043
39053
39064
39074
39085
39095
39106
39116
39127
39137
39148
39158
39169
39179
39190
39200
39211
39221
39232
39242
39253
39263
39274
39284
39295
39305
39316
39326
39337
39347
39358
39368
39379
39389
39400
39410
39421
39431
39442
39452
39463
39473
39484
39494
39505
39515
39527
39536
39548
39558
39569
39579
39591
39601
39612
39622
39634
39643
39655
39665
39676
39686
39698
39708
39719
39729
39741
39750
39762
39772
39784
39793
39805
39815
39826
39836
39848
39857
39869
39879
39891
39900
39912
39922
39933
39943
39955
39965
39976
39986
39998
40007
40019
40029
40040
40050
40062
40072
40083
40093
40105
40114
40126
40136
40147
40159
40169
40181
40191
40204
40214
40226
40236
40248
40259
40271
40281
40293
40303
40316
40326
40338
40348
40360
40371
40383
40393
40405
40415
40428
40438
40450
40460
40472
40483
40495
40505
40517
40527
40540
40550
40562
40572
40584
40595
40607
40617
40629
40639
40652
40662
40674
40684
40697
40707
40719
40729
40741
40752
40764
40774
40786
40796
40809
40819
40831
40841
40853
40864
40876
40886
40898
40908
40921
40931
40943
40953
40965
40976
40988
41004
41019
41035
41050
41066
41081
41097
41112
41129
41143
41160
41174
41191
41205
41222
41237
41253
41268
41284
41299
41315
41330
41346
41361
41378
41392
41409
41423
41440
41454
41471
41486
41502
41517
41533
41548
41564
41579
41596
41610
41627
41641
41658
41672
41689
41703
41720
41732
41742
41755
41765
41777
41788
41800
41810
41823
41833
41846
41856
41868
41879
41891
41901
41914
41924
41937
41947
41959
41970
41982
41992
42005
42015
42028
42038
42050
42061
42073
42083
42096
42106
42119
42129
42141
42152
42164
42174
42187
42197
42210
42220
42232
42243
42255
42265
42278
42288
42301
42311
42323
42334
42346
42356
42368
42379
42392
42403
42415
42426
42439
42450
42462
42473
42486
42497
42509
42520
42533
42544
42556
42567
42580
42591
42603
42614
42627
42638
42650
42661
42674
42685
42697
42708
42721
42732
42744
42755
42768
42779
42791
42802
42815
42826
42838
42849
42862
42873
42885
42896
42909
42920
42932
42943
42956
42967
42979
42990
43003
43014
43026
43037
43050
43061
43073
43084
43097
43108
43120
43131
43144
43155
43173
43190
43209
43225
43244
43261
43280
43296
43315
43332
43350
43367
43386
43403
43421
43438
43457
43474
43492
43509
43528
43544
43563
43580
43599
43615
43634
43651
43670
43686
43705
43722
43740
43757
43776
43793
43811
43828
43847
43864
43882
43899
43918
43934
43953
43962
43970
43979
43987
43997
44004
44014
44022
44031
44039
44049
44056
44066
44074
44083
44091
44100
44108
44118
44125
44135
44143
44152
44160
44170
44177
44187
44195
44204
44212
44222
44229
44239
44246
44256
44264
44273
44281
44291
44298
44308
44316
44325
44333
44343
44350
44360
44367
44377
44385
44394
44402
44412
44419
44429
44437
44446
44454
44464
44471
44481
44489
44498
44506
44515
44523
44533
44540
44550
44558
44567
44575
44585
44592
44602
44610
44619
44627
44636
44644
44654
44661
44671
44679
44688
44700
44710
44722
44732
44744
44754
44767
44777
44789
44799
44811
44821
44833
44844
44856
44866
44878
44888
44900
44911
44923
44933
44945
44955
44967
44977
44990
45000
45012
45022
45034
45044
45057
45067
45079
45089
45101
45111
45123
45134
45146
45156
45168
45178
45190
45201
45213
45223
45235
45245
45257
45267
45280
45290
45302
45312
45324
45334
45346
45357
45369
45379
45391
45401
45413
45424
45433
45441
45451
45458
45468
45476
45485
45493
45503
45510
45520
45528
45537
45545
45555
45563
45572
45580
45590
45597
45607
45615
45624
45632
45642
45649
45659
45667
45676
45684
45694
45702
45711
45719
45729
45736
45746
45754
45763
45771
45781
45788
45798
45806
45816
45823
45833
45841
45850
45858
45868
45875
45885
45893
45902
45910
45925
45939
45955
45969
45985
45999
46015
46028
46044
46058
46074
46088
46104
46118
46134
46147
46163
46177
46193
46207
46223
46237
46253
46266
46282
46296
46312
46326
46342
46356
46372
46386
46403
46417
46434
46448
46465
46479
46496
46510
46527
46541
46558
46572
46588
46603
46619
46634
46650
46665
46681
46696
46712
46727
46743
46758
46774
46788
46805
46819
46836
46850
46867
46881
46889
46896
46905
46912
46921
46928
46937
46944
46953
46960
46969
46976
46985
46992
47001
47008
47017
47024
47032
47039
47048
47055
47064
47071
47080
47087
47096
47103
47112
47119
47128
47135
47144
47151
47160
47167
47176
47182
47191
47198
47207
47214
47223
47230
47239
47246
47255
47262
47271
47278
47287
47294
47303
47310
47319
47326
47334
47341
47350
47357
47366
47373
47382
47389
47398
47405
47414
47421
47430
47437
47446
47453
47462
47469
47478
47484
47493
47500
47509
47516
47525
47532
47541
47548
47557
47564
47573
47580
47589
47596
47605
47612
47621
47628
47643
47657
47673
47686
47702
47716
47732
47745
47761
47775
47791
47804
47820
47834
47850
47863
47879
47893
47909
47922
47938
47952
47968
47981
47997
48011
48027
48040
48056
48070
48086
48099
48115
48129
48144
48158
48174
48188
48203
48217
48233
48247
48262
48276
48292
48306
48316
48324
48335
48343
48354
48362
48372
48381
48391
48400
48410
48418
48429
48437
48448
48456
48466
48475
48485
48494
48504
48513
48523
48531
48542
48550
48561
48569
48579
48588
48598
48607
48617
48626
48635
48645
48654
48664
48673
48683
48691
48702
48710
48721
48729
48739
48748
48758
48767
48777
48786
48795
48805
48814
48824
48833
48843
48851
48862
48870
48881
48889
48899
48908
48918
48927
48937
48946
48955
48965
48974
48984
49001
49017
49035
49051
49069
49085
49103
49119
49137
49153
49170
49186
49204
49220
49238
49254
49272
49288
49306
49322
49339
49355
49373
49389
49407
49423
49441
49457
49475
49491
49508
49524
49542
49558
49576
49592
49610
49626
49644
49660
49677
49687
49695
49705
49714
49724
49732
49743
49751
49761
49769
49780
49788
49798
49807
49817
49825
49835
49844
49854
49862
49873
49881
49891
49899
49910
49918
49928
49937
49947
49955
49965
49974
49984
49992
50003
50011
50021
50029
50040
50048
50058
50067
50077
50085
50095
50104
50114
50122
50133
50141
50151
50159
50170
50178
50188
50197
50207
50215
50225
50234
50244
50252
50263
50271
50281
50290
50300
50308
50318
50327
50337
50345
50356
50364
50374
50382
50393
50401
50411
50420
50430
50438
50448
50460
50470
50482
50492
50504
50514
50526
50537
50549
50559
50571
50581
50593
50603
50615
50626
50638
50648
50660
50670
50682
50692
50705
50715
50727
50737
50749
50759
50771
50781
50794
50804
50816
50826
50838
50848
50860
50871
50883
50893
50905
50915
50927
50937
50949
50960
50972
50982
50994
51004
51016
51026
51038
51049
51061
51071
51083
51093
51105
51115
51128
51138
51150
51160
51172
51182
51194
51204
51217
51227
51239
51249
51258
51265
51274
51281
51291
51298
51307
51314
51324
51331
51340
51347
51357
51364
51373
51380
51390
51397
51406
51413
51423
51430
51439
51446
51456
51463
51472
51479
51489
51496
51505
51512
51521
51529
51538
51545
51554
51562
51571
51578
51587
51595
51604
51611
51620
51628
51637
51644
51653
51661
51670
51677
51686
51694
51703
51710
51719
51727
51736
51743
51752
51759
51769
51776
51785
51792
51802
51809
51818
51825
51835
51842
51851
51858
51868
51875
51884
51891
51901
51908
51917
51924
51934
51941
51950
51957
51967
51974
51983
51990
52004
52017
52031
52044
52058
52071
52085
52098
52112
52125
52139
52152
52166
52179
52193
52206
52220
52233
52248
52260
52275
52287
52302
52314
52329
52341
52356
52368
52383
52392
52399
52409
52416
52426
52433
52443
52450
52460
52467
52477
52484
52494
52501
52511
52518
52528
52535
52545
52552
52562
52569
52579
52586
52596
52603
52613
52620
52630
52637
52647
52654
52664
52671
52681
52688
52698
52705
52715
52722
52732
52739
52749
52756
52766
52773
52783
52790
52800
52807
52817
52824
52834
52841
52851
52858
52868
52875
52885
52892
52902
52909
52919
52926
52936
52943
52953
52960
52970
52977
52987
52994
53004
53011
53021
53028
53038
53045
53055
53062
53072
53079
53089
53104
53117
53133
53146
53161
53175
53190
53203
53219
53232
53248
53261
53276
53290
53305
53318
53334
53347
53363
53376
53391
53405
53420
53433
53449
53462
53478
53491
53506
53516
53525
53535
53544
53555
53563
53574
53582
53593
53602
53612
53621
53632
53640
53651
53659
53670
53679
53689
53698
53709
53717
53728
53736
53747
53756
53766
53775
53786
53794
53805
53813
53824
53833
53843
53852
53863
53871
53882
53890
53901
53910
53921
53931
53942
53951
53963
53972
53983
53993
54004
54013
54025
54034
54045
54054
54066
54075
54086
54096
54107
54116
54128
54137
54148
54158
54169
54178
54189
54199
54210
54219
54231
54240
54251
54261
54272
54281
54293
54302
54313
54323
54335
54345
54357
54367
54379
54388
54400
54410
54422
54432
54444
54454
54465
54475
54487
54497
54509
54519
54531
54540
54552
54562
54574
54584
54596
54606
54617
54627
54639
54649
54661
54671
54683
54692
54704
54714
54726
54736
54748
54758
54769
54779
54791
54801
54813
54823
54835
54844
54856
54866
54878
54888
54900
54910
54922
54931
54943
54953
54965
54981
54995
55011
55025
55041
55055
55071
55086
55102
55116
55132
55146
55162
55176
55192
55207
55223
55237
55253
55267
55283
55297
55314
55328
55344
55358
55374
55388
55404
55418
55435
55449
55465
55479
55495
55509
55525
55540
55556
55570
55581
55591
55602
55612
55624
55633
55645
55654
55666
55676
55687
55697
55708
55718
55730
55739
55751
55760
55772
55782
55793
55803
55814
55824
55836
55845
55857
55866
55878
55888
55899
55909
55920
55930
55942
55951
55963
55972
55984
55994
56005
56015
56026
56036
56048
56057
56069
56078
56090
56100
56109
56116
56126
56133
56143
56150
56159
56167
56176
56184
56193
56200
56210
56217
56227
56234
56243
56251
56260
56268
56277
56285
56294
56301
56311
56318
56328
56335
56344
56352
56361
56369
56378
56385
56395
56402
56412
56419
56428
56436
56445
56453
56462
56470
56479
56486
56496
56503
56513
56520
56529
56537
56546
56554
56563
56570
56580
56587
56597
56604
56613
56621
56630
56638
56647
56655
56664
56671
56681
56688
56698
56705
56714
56722
56731
56739
56748
56755
56765
56772
56782
56789
56798
56806
56815
56823
56832
56840
56849
56856
56866
56873
56882
56889
56899
56906
56916
56923
56933
56940
56950
56957
56967
56974
56984
56991
57001
57008
57018
57025
57035
57042
57052
57059
57069
57076
57086
57093
57102
57110
57119
57127
57136
57144
57153
57161
57170
57178
57187
57195
57206
57216
57228
57238
57250
57260
57272
57282
57294
57304
57316
57326
57338
57348
57360
57370
57382
57392
57404
57414
57426
57436
57448
57458
57470
57480
57492
57502
57514
57524
57536
57546
57557
57567
57579
57589
57601
57611
57623
57633
57645
57655
57667
57677
57689
57699
57711
57721
57733
57743
57755
57765
57777
57787
57799
57809
57821
57831
57843
57853
57865
57875
57887
57897
57907
57915
57925
57934
57944
57952
57963
57971
57981
57990
58000
58008
58019
58027
58037
58046
58056
58064
58075
58083
58093
58102
58112
58120
58131
58139
58149
58158
58168
58176
58187
58195
58205
58214
58224
58232
58243
58251
58261
58270
58280
58288
58299
58307
58317
58326
58336
58344
58355
58363
58373
58382
58392
58400
58411
58419
58429
58438
58448
58456
58467
58475
58485
58494
58504
58512
58523
58531
58541
58550
58560
58568
58579
58587
58597
58606
58616
58634
58650
58668
58685
58703
58719
58738
58754
58772
58789
58807
58823
58842
58858
58876
58893
58911
58927
58946
58962
58980
58996
59015
59031
59049
59066
59079
59090
59103
59115
59128
59139
59153
59164
59177
59189
59202
59213
59226
59238
59251
59262
59276
59287
59300
59312
59325
59336
59350
59361
59374
59386
59398
59411
59422
59436
59447
59460
59472
59485
59496
59510
59521
59534
59546
59558
59571
59582
59596
59607
59620
59632
59645
59656
59670
59681
59694
59706
59718
59731
59744
59755
59768
59779
59793
59804
59817
59828
59842
59853
59866
59877
59891
59902
59915
59926
59940
59951
59964
59975
59989
60000
60013
60024
60038
60049
60062
60073
60087
60098
60111
60122
60136
60147
60160
60171
60185
60196
60209
60220
60234
60245
60258
60269
60283
60294
60307
60318
60331
60342
60352
60363
60373
60384
60394
60405
60415
60427
60436
60448
60457
60469
60478
60490
60500
60511
60521
60532
60542
60553
60563
60574
60584
60596
60605
60617
60626
60638
60647
60659
60669
60680
60690
60701
60711
60722
60732
60743
60753
60765
60774
60786
60795
60809
60821
60835
60847
60861
60873
60887
60899
60913
60925
60939
60951
60965
60977
60991
61003
61017
61029
61043
61055
61069
61081
61095
61107
61121
61133
61147
61159
61173
61185
61199
61211
61225
61237
61251
61263
61277
61289
61303
61315
61329
61341
61355
61367
61381
61393
61407
61419
61433
61445
61459
61471
61485
61497
61511
61523
61537
61549
61563
61574
61584
61596
61605
61617
61627
61638
61648
61660
61669
61681
61691
61703
61712
61724
61734
61745
61755
61767
61776
61788
61798
61809
61819
61831
61841
61852
61862
61874
61883
61895
61905
61916
61926
61938
61948
61959
61969
61981
61990
62002
62012
62023
62033
62045
62054
62066
62076
62088
62097
62109
62119
62130
62140
62152
62161
62173
62183
62195
62204
62216
62226
62237
62247
62259
62268
62280
62290
62301
62311
62323
62333
62344
62354
62366
62375
62387
62401
62414
62429
62441
62456
62469
62484
62496
62511
62524
62539
62551
62566
62579
62594
62606
62621
62634
62649
62661
62676
62689
62704
62716
62731
62744
62759
62771
62786
62799
62814
62826
62841
62854
62869
62881
62892
62902
62914
62924
62936
62945
62957
62967
62979
62989
63000
63010
63022
63032
63044
63053
63065
63075
63087
63097
63109
63118
63130
63140
63152
63162
63173
63183
63195
63205
63217
63226
63238
63248
63260
63270
63281
63291
63303
63313
63325
63335
63346
63356
63368
63378
63390
63399
63411
63421
63433
63443
63454
63464
63476
63486
63498
63508
63519
63529
63541
63551
63563
63572
63584
63594
63606
63616
63627
63637
63649
63659
63668
63676
63686
63694
63704
63711
63721
63729
63739
63747
63757
63764
63774
63782
63792
63800
63810
63817
63827
63835
63845
63853
63863
63870
63880
63888
63898
63906
63916
63923
63933
63941
63951
63959
63969
63976
63986
63994
64004
64012
64022
64029
64039
64047
64057
64065
64075
64082
64092
64100
64110
64118
64127
64135
64145
64153
64163
64171
64181
64189
64199
64207
64218
64226
64236
64244
64255
64263
64273
64281
64291
64300
64310
64318
64328
64337
64347
64355
64365
64373
64384
64392
64402
64410
64421
64429
64439
64447
64457
64466
64476
64484
64494
64503
64513
64521
64531
64539
64550
64558
64568
64576
64587
64595
64605
64613
64623
64632
64642
64650
64660
64669
64679
64687
64697
64705
64716
64724
64734
64742
64753
64761
64771
64779
64789
64798
64808
64816
64826
64835
64845
64853
64863
64871
64882
64890
64900
64908
64925
64940
64958
64973
64991
65006
65024
65039
65056
65072
65089
65105
65122
65138
65155
65171
65188
65203
65221
65236
65254
65269
65287
65302
65319
65335
65352
65368
65385
65401
65418
65434
65451
65466
65484
65499
65517
65532
65550
65565
65575
65583
65593
65602
65612
65620
65631
65639
65649
65657
65668
65676
65686
65695
65705
65713
65723
65732
65742
65750
65761
65769
65779
65787
65798
65806
65816
65825
65835
65843
65853
65862
65872
65880
65891
65899
65909
65917
65928
65936
65946
65955
65965
65973
65983
65992
66002
66010
66021
66029
66039
66047
66058
66066
66076
66085
66095
66103
66113
66122
66132
66140
66151
66159
66169
66178
66188
66196
66206
66215
66225
66233
66244
66252
66262
66270
66281
66289
66299
66308
66318
66326
66336
66345
66355
66363
66374
66385
66395
66406
66416
66428
66438
66448
66460
66470
66480
66492
66502
66512
66524
66534
66544
66556
66566
66576
66588
66598
66608
66620
66630
66640
66652
66662
66672
66684
66694
66704
66716
66726
66736
66748
66758
66768
66780
66790
66800
66812
66822
66832
66844
66854
66864
66876
66886
66896
66908
66918
66928
66940
66950
66960
66972
66982
66992
67004
67014
67024
67036
67046
67056
67068
67078
67088
67100
67110
67120
67132
67142
67152
67164
67174
67190
67204
67220
67234
67250
67264
67280
67294
67311
67325
67341
67355
67371
67385
67401
67415
67431
67446
67462
67476
67492
67506
67522
67536
67552
67566
67583
67597
67613
67627
67643
67657
67673
67686
67697
67711
67722
67735
67747
67760
67772
67785
67796
67810
67821
67835
67846
67859
67871
67884
67896
67909
67920
67934
67945
67959
67970
67983
67995
68008
68020
68033
68044
68058
68069
68083
68094
68107
68119
68132
68144
68157
68168
68182
68193
68207
68218
68231
68243
68256
68268
68281
68292
68306
68317
68331
68342
68355
68367
68380
68392
68405
68416
68429
68440
68453
68464
68477
68488
68501
68512
68525
68537
68550
68561
68574
68585
68598
68609
68622
68633
68647
68658
68671
68682
68695
68706
68719
68730
68743
68755
68768
68779
68792
68803
68816
68827
68840
68851
68865
68876
68889
68900
68913
68924
68937
68948
68961
68973
68986
68998
69009
69022
69033
69046
69057
69070
69081
69094
69105
69118
69129
69142
69153
69166
69177
69190
69201
69214
69225
69238
69249
69262
69273
69286
69297
69310
69320
69333
69344
69357
69368
69381
69392
69405
69416
69429
69440
69453
69463
69472
69483
69492
69502
69511
69522
69531
69541
69550
69561
69570
69581
69589
69600
69609
69620
69628
69639
69648
69659
69667
69678
69687
69698
69707
69717
69726
69737
69746
69756
69765
69776
69785
69796
69804
69815
69824
69835
69843
69854
69863
69874
69882
69893
69902
69913
69922
69932
69941
69952
69961
69971
69980
69991
70000
70011
70019
70030
70039
70050
70061
70070
70081
70090
70101
70110
70121
70130
70141
70150
70161
70170
70181
70190
70201
70210
70221
70231
70242
70251
70262
70271
70282
70291
70302
70311
70322
70331
70342
70351
70362
70371
70382
70391
70403
70412
70423
70432
70443
70452
70463
70472
70483
70492
70503
70512
70523
70532
70543
70552
70563
70573
70584
70593
70604
70613
70623
70631
70641
70649
70659
70667
70677
70685
70696
70704
70714
70722
70732
70740
70750
70758
70768
70777
70787
70795
70805
70813
70823
70831
70841
70849
70860
70868
70878
70886
70896
70904
70914
70922
70932
70941
70951
70959
70969
70977
70987
70995
71005
71013
71024
71032
71042
71050
71060
71068
71078
71086
71096
71105
71115
71123
71133
71141
71151
71159
71169
71177
71188
71196
71206
71214
71224
71232
71242
71250
71261
71270
71281
71291
71302
71311
71322
71332
71343
71352
71363
71373
71384
71393
71404
71414
71425
71434
71446
71455
71466
71475
71487
71496
71507
71516
71528
71537
71548
71557
71569
71578
71589
71599
71610
71619
71630
71640
71651
71660
71671
71681
71692
71701
71712
71722
71733
71742
71753
71763
71774
71783
71795
71804
71815
71824
71836
71845
71856
71865
71877
71886
71897
71906
71918
71927
71938
71948
71959
71968
71979
71988
71995
72004
72011
72020
72028
72037
72044
72053
72060
72070
72077
72086
72093
72102
72109
72119
72126
72135
72142
72151
72159
72168
72175
72184
72191
72201
72208
72217
72224
72233
72240
72250
72257
72266
72273
72282
72290
72299
72306
72315
72322
72331
72339
72348
72355
72364
72371
72381
72388
72397
72404
72413
72421
72430
72437
72446
72453
72462
72470
72479
72486
72495
72502
72512
72519
72528
72535
72544
72551
72561
72568
72577
72584
72593
72601
72610
72617
72626
72633
72643
72650
72659
72666
72675
72682
72692
72699
72711
72722
72735
72746
72759
72770
72782
72793
72806
72817
72830
72841
72853
72864
72877
72888
72901
72912
72924
72935
72948
72959
72972
72983
72995
73006
73019
73030
73043
73054
73066
73077
73090
73101
73114
73125
73137
73148
73161
73172
73185
73196
73208
73219
73232
73243
73256
73267
73279
73290
73303
73314
73327
73338
73350
73361
73374
73383
73391
73401
73409
73418
73426
73436
73444
73454
73461
73471
73479
73489
73496
73506
73514
73524
73532
73541
73549
73559
73567
73577
73584
73594
73602
73612
73619
73629
73637
73647
73655
73664
73672
73682
73690
73700
73707
73717
73725
73735
73742
73752
73760
73770
73778
73787
73795
73805
73813
73823
73830
73840
73848
73858
73865
73875
73883
73893
73901
73910
73918
73928
73936
73946
73953
73963
73971
73985
73997
74012
74024
74038
74051
74065
74077
74092
74104
74118
74131
74145
74158
74172
74184
74199
74211
74225
74238
74252
74264
74279
74291
74306
74318
74332
74345
74359
74371
74386
74398
74412
74425
74439
74452
74466
74478
74493
74505
74519
74532
74546
74558
74573
74585
74600
74612
74626
74639
74653
74665
74675
74684
74694
74703
74714
74722
74733
74742
74752
74761
74771
74780
74791
74799
74810
74819
74829
74838
74848
74857
74868
74876
74887
74896
74906
74915
74926
74934
74945
74953
74964
74973
74983
74992
75003
75011
75022
75030
75041
75050
75060
75069
75080
75088
75099
75108
75118
75127
75137
75146
75157
75165
75176
75185
75195
75204
75214
75223
75234
75242
75253
75262
75272
75281
75292
75300
75311
75319
75330
75339
75349
75358
75369
75377
75388
75396
75407
75416
75426
75435
75446
75454
75465
75475
75483
75494
75502
75513
75521
75532
75540
75551
75559
75570
75578
75588
75597
75607
75616
75626
75635
75645
75654
75664
75673
75683
75691
75702
75710
75721
75729
75740
75748
75759
75767
75778
75786
75796
75805
75815
75824
75834
75843
75853
75862
75872
75881
75891
75899
75910
75918
75929
75937
75948
75958
75967
75978
75987
75998
76007
76018
76027
76038
76047
76058
76067
76078
76087
76098
76107
76118
76127
76138
76147
76158
76167
76178
76187
76198
76207
76218
76227
76238
76247
76258
76267
76278
76287
76298
76307
76318
76327
76338
76347
76358
76367
76378
76387
76398
76407
76418
76427
76438
76447
76458
76467
76478
76487
76498
76507
76518
76527
76538
76547
76558
76567
76578
76587
76598
76607
76619
76629
76641
76651
76664
76674
76686
76696
76709
76719
76731
76741
76754
76764
76776
76786
76799
76809
76821
76831
76844
76854
76866
76876
76889
76899
76911
76921
76934
76944
76956
76966
76979
76989
77001
77011
77024
77034
77046
77056
77069
77079
77091
77101
77114
77124
77136
77146
77159
77169
77181
77191
77204
77214
77226
77236
77249
77265
77279
77296
77310
77327
77341
77358
77372
77388
77403
77419
77434
77450
77465
77481
77496
77512
77526
77543
77557
77574
77588
77605
77619
77636
77650
77666
77681
77697
77712
77726
77742
77756
77771
77785
77801
77815
77831
77844
77860
77874
77890
77903
77919
77933
77949
77963
77978
77992
78008
78022
78037
78051
78067
78081
78097
78110
78126
78140
78156
78169
78185
78199
78215
78229
78244
78258
78274
78288
78303
78317
78333
78347
78363
78376
78392
78401
78408
78417
78424
78433
78441
78450
78457
78466
78473
78483
78490
78499
78506
78515
78523
78532
78539
78548
78555
78565
78572
78581
78588
78597
78605
78614
78621
78630
78637
78647
78654
78663
78670
78679
78687
78696
78703
78712
78719
78729
78736
78745
78752
78761
78769
78778
78785
78794
78801
78811
78818
78827
78834
78843
78851
78860
78867
78876
78883
78892
78900
78909
78916
78925
78935
78943
78953
78961
78971
78979
78989
78997
79007
79015
79025
79033
79043
79051
79061
79069
79079
79087
79097
79105
79115
79123
79133
79141
79151
79159
79169
79177
79187
79195
79205
79213
79223
79231
79241
79249
79259
79267
79277
79285
79295
79303
79313
79321
79331
79339
79349
79357
79367
79375
79384
79391
79400
79407
79416
79423
79433
79440
79449
79456
79465
79472
79481
79489
79498
79505
79514
79521
79530
79537
79547
79554
79563
79570
79579
79586
79595
79603
79612
79619
79628
79635
79644
79651
79661
79668
79677
79684
79693
79700
79710
79717
79726
79733
79742
79749
79758
79766
79775
79782
79791
79798
79807
79814
79824
79831
79840
79847
79856
79863
79872
79880
79889
79896
79905
79912
79921
79928
79938
79945
79954
79961
79970
79977
79986
79994
80003
80010
80019
80028
80035
80045
80052
80062
80069
80079
80086
80096
80103
80113
80120
80129
80137
80146
80154
80163
80171
80180
80188
80197
80205
80214
80221
80231
80238
80248
80255
80265
80272
80282
80289
80299
80306
80315
80323
80332
80340
80349
80357
80366
80374
80383
80391
80400
80408
80417
80424
80434
80441
80451
80458
80468
80475
80485
80492
80502
80509
80518
80526
80535
80543
80552
80560
80569
80580
80589
80601
80610
80622
80631
80643
80652
80664
80673
80685
80694
80706
80715
80727
80736
80748
80757
80769
80778
80790
80799
80811
80820
80832
80841
80853
80862
80874
80883
80895
80904
80916
80925
80937
80946
80958
80967
80979
80988
81000
81012
81023
81036
81047
81060
81071
81084
81095
81107
81118
81131
81142
81155
81166
81179
81190
81202
81213
81226
81237
81250
81261
81274
81285
81298
81308
81321
81332
81345
81356
81369
81380
81393
81403
81416
81427
81440
81451
81464
81475
81488
81499
81511
81522
81535
81546
81559
81570
81583
81599
81613
81630
81644
81661
81675
81691
81706
81722
81737
81753
81767
81784
81798
81815
81829
81845
81860
81876
81891
81907
81921
81938
81952
81969
81983
81999
82014
82030
82045
82061
82075
82092
82106
82123
82137
82153
82168
82184
82199
82215
82229
82244
82257
82272
82285
82300
82313
82328
82341
82356
82369
82384
82397
82412
82425
82441
82454
82469
82482
82497
82510
82525
82538
82553
82566
82581
82594
82609
82622
82637
82651
82666
82679
82694
82707
82722
82735
82750
82763
82778
82791
82806
82819
82834
82846
82857
82869
82880
82892
82903
82915
82926
82938
82949
82961
82972
82984
82995
83007
83018
83030
83041
83053
83064
83076
83087
83099
83110
83122
83133
83145
83156
83168
83179
83191
83202
83213
83222
83234
83243
83255
83264
83275
83285
83296
83306
83317
83327
83337
83348
83358
83369
83379
83390
83399
83411
83420
83432
83441
83452
83462
83473
83483
83494
83504
83515
83524
83536
83545
83557
83566
83577
83587
83598
83608
83619
83629
83640
83649
83661
83670
83682
83691
83702
83712
83723
83733
83744
83754
83765
83774
83786
83795
83807
83816
83827
83837
83848
83858
83869
83879
83890
83899
83912
83924
83938
83949
83963
83975
83988
84000
84014
84025
84039
84051
84065
84076
84090
84102
84115
84127
84141
84152
84166
84178
84192
84203
84217
84229
84242
84254
84268
84279
84293
84305
84319
84330
84344
84356
84369
84381
84395
84406
84420
84432
84446
84457
84471
84479
84486
84495
84502
84511
84518
84527
84534
84543
84550
84559
84566
84575
84582
84591
84598
84607
84614
84623
84630
84639
84646
84655
84662
84671
84678
84687
84694
84703
84710
84719
84726
84735
84742
84751
84758
84767
84774
84783
84790
84799
84806
84815
84822
84831
84838
84847
84854
84863
84870
84879
84886
84895
84902
84911
84918
84927
84934
84943
84950
84959
84966
84975
84982
84991
84998
85007
85014
85023
85030
85039
85046
85055
85062
85071
85078
85087
85094
85103
85110
85119
85126
85135
85142
85151
85158
85167
85174
85183
85190
85199
85206
85215
85221
85230
85237
85246
85257
85266
85277
85287
85298
85307
85318
85328
85339
85348
85359
85369
85380
85389
85400
85410
85421
85430
85442
85451
85462
85471
85483
85492
85503
85512
85524
85533
85544
85553
85565
85574
85585
85595
85606
85615
85626
85636
85647
85656
85667
85677
85695
85711
85729
85745
85763
85779
85797
85813
85831
85847
85865
85881
85899
85915
85933
85949
85967
85983
86001
86017
86035
86051
86069
86085
86103
86119
86137
86153
86171
86187
86198
86207
86218
86227
86238
86248
86259
86268
86279
86288
86299
86309
86320
86329
86340
86349
86361
86370
86381
86390
86401
86410
86422
86431
86442
86451
86462
86471
86483
86492
86503
86512
86523
86533
86544
86553
86564
86573
86584
86594
86605
86614
86625
86634
86646
86655
86666
86675
86686
86695
86707
86716
86727
86736
86743
86752
86759
86768
86775
86784
86791
86800
86807
86816
86823
86832
86839
86848
86855
86864
86871
86880
86887
86896
86903
86912
86919
86928
86935
86944
86951
86960
86967
86976
86983
86992
86999
87008
87015
87024
87031
87040
87047
87056
87063
87072
87079
87088
87095
87104
87111
87120
87127
87136
87143
87152
87159
87168
87175
87184
87191
87200
87207
87216
87223
87233
87240
87251
87261
87272
87282
87294
87303
87315
87325
87336
87346
87357
87367
87379
87388
87400
87410
87421
87431
87442
87452
87464
87473
87485
87495
87506
87516
87527
87537
87549
87558
87570
87580
87591
87601
87613
87622
87634
87643
87655
87665
87676
87686
87698
87707
87719
87728
87740
87750
87761
87771
87783
87801
87817
87835
87851
87870
87886
87904
87920
87938
87955
87973
87989
88007
88024
88042
88058
88076
88092
88111
88127
88145
88161
88179
88196
88214
88230
88248
88265
88283
88299
88317
88333
88347
88360
88375
88388
88403
88416
88431
88444
88459
88472
88487
88500
88515
88528
88543
88556
88571
88584
88599
88612
88627
88640
88655
88668
88683
88696
88711
88724
88739
88752
88767
88780
88795
88807
88822
88835
88850
88863
88878
88891
88906
88919
88934
88947
88962
88975
88990
89003
89018
89031
89046
89059
89074
89084
89092
89102
89110
89120
89128
89138
89146
89156
89164
89174
89183
89193
89201
89211
89219
89229
89237
89247
89255
89265
89274
89283
89293
89301
89311
89319
89329
89337
89347
89355
89365
89374
89383
89393
89401
89411
89419
89429
89437
89447
89455
89465
89474
89483
89493
89501
89511
89519
89529
89537
89547
89555
89565
89574
89583
89593
89601
89611
89619
89629
89637
89647
89655
89665
89674
89683
89693
89701
89711
89719
89729
89737
89747
89755
89765
89774
89783
89793
89801
89811
89819
89829
89837
89847
89855
89865
89874
89883
89893
89901
89918
89934
89951
89967
89984
90000
90018
90033
90051
90066
90084
90099
90117
90133
90150
90166
90183
90199
90216
90232
90250
90265
90283
90298
90316
90331
90349
90365
90376
90385
90396
90405
90416
90426
90437
90446
90457
90466
90477
90487
90498
90507
90518
90527
90539
90548
90559
90568
90579
90588
90600
90609
90620
90629
90640
90649
90661
90670
90681
90690
90701
90711
90722
90731
90742
90751
90762
90772
90783
90792
90803
90812
90824
90833
90844
90853
90864
90873
90885
90894
90905
90914
90925
90934
90946
90955
90966
90975
90986
90996
91007
91016
91027
91036
91047
91057
91068
91077
91088
91097
91109
91118
91129
91138
91149
91158
91170
91179
91195
91209
91225
91239
91256
91270
91286
91300
91317
91331
91347
91361
91378
91392
91408
91422
91439
91453
91469
91483
91500
91514
91530
91544
91561
91575
91591
91605
91622
91636
91652
91666
91683
91697
91713
91727
91744
91758
91774
91788
91805
91819
91835
91849
91866
91880
91896
91910
91927
91941
91958
91973
91990
92006
92023
92038
92056
92071
92088
92104
92121
92136
92153
92169
92186
92201
92219
92234
92251
92267
92284
92299
92316
92332
92349
92364
92382
92397
92414
92430
92447
92462
92480
92495
92512
92527
92545
92560
92577
92593
92610
92625
92643
92658
92675
92691
92707
92724
92739
92757
92772
92784
92795
92808
92819
92832
92843
92856
92866
92879
92890
92903
92914
92927
92938
92951
92961
92974
92985
92998
93009
93022
93033
93045
93056
93069
93080
93093
93104
93117
93128
93140
93151
93164
93175
93188
93199
93212
93223
93235
93246
93259
93270
93283
93294
93307
93317
93330
93341
93354
93365
93378
93389
93402
93412
93420
93430
93438
93448
93457
93467
93475
93485
93493
93503
93512
93522
93530
93540
93548
93558
93567
93577
93585
93595
93603
93613
93622
93632
93640
93650
93658
93668
93677
93687
93695
93705
93713
93723
93732
93742
93750
93760
93768
93778
93787
93797
93805
93815
93823
93833
93842
93852
93860
93870
93878
93888
93897
93907
93915
93925
93933
93943
93952
93962
93970
93980
93988
93996
94004
94012
94020
94028
94036
94044
94052
94060
94068
94076
94084
94092
94100
94108
94116
94124
94132
94140
94148
94156
94164
94172
94180
94188
94196
94204
94212
94220
94228
94236
94244
94252
94260
94268
94276
94284
94292
94300
94308
94316
94324
94332
94340
94348
94356
94364
94372
94380
94388
94396
94404
94412
94420
94428
94436
94444
94452
94460
94468
94476
94484
94492
94500
94508
94516
94524
94532
94540
94548
94556
94564
94572
94580
94588
94596
94604
94612
94620
94628
94636
94644
94652
94660
94668
94676
94684
94692
94700
94708
94716
94724
94732
94740
94748
94756
94771
94785
94800
94814
94829
94843
94859
94872
94888
94901
94917
94931
94946
94960
94975
94989
95005
95018
95034
95047
95063
95077
95092
95106
95121
95134
95146
95159
95171
95184
95196
95209
95221
95234
95246
95259
95271
95284
95296
95309
95321
95334
95346
95359
95371
95384
95396
95409
95421
95434
95446
95459
95471
95484
95496
95509
95521
95534
95546
95559
95571
95584
95596
95610
95621
95635
95646
95660
95671
95685
95696
95705
95712
95721
95728
95737
95744
95753
95760
95769
95776
95785
95792
95801
95808
95817
95824
95833
95840
95849
95856
95865
95872
95881
95889
95898
95905
95914
95921
95930
95937
95946
95953
95962
95969
95978
95985
95994
96001
96010
96017
96026
96033
96042
96049
96058
96065
96075
96082
96091
96103
96114
96127
96138
96151
96161
96174
96185
96198
96209
96221
96232
96245
96256
96269
96279
96292
96303
96316
96327
96340
96350
96363
96374
96387
96398
96410
96421
96434
96445
96458
96468
96481
96492
96505
96516
96529
96539
96552
96563
96576
96587
96599
96610
96623
96634
96647
96657
96670
96681
96694
96705
96717
96728
96741
96752
96765
96776
96794
96810
96829
96845
96863
96880
96898
96915
96933
96949
96968
96984
97003
97019
97037
97054
97072
97089
97107
97123
97142
97158
97176
97193
97211
97228
97244
97258
97274
97288
97304
97318
97334
97349
97365
97379
97395
97409
97425
97439
97455
97470
97486
97500
97516
97530
97546
97560
97577
97591
97607
97621
97637
97651
97667
97681
97698
97712
97728
97742
97758
97772
97788
97803
97819
97833
97849
97863
97879
97893
97909
97924
97940
97954
97970
97984
98000
98014
98031
98045
98061
98075
98091
98106
98122
98137
98153
98168
98184
98199
98216
98230
98247
98261
98278
98292
98309
98324
98340
98355
98371
98386
98402
98417
98433
98448
98465
98479
98496
98510
98527
98541
98558
98573
98589
98604
98620
98635
98651
98666
98683
98697
98714
98728
98745
98759
98776
98790
98800
98808
98819
98827
98838
98846
98857
98865
98875
98884
98894
98903
98913
98922
98932
98941
98951
98959
98970
98978
98989
98997
99008
99016
99027
99035
99045
99054
99064
99073
99083
99092
99102
99111
99121
99129
99140
99148
99159
99167
99178
99186
99196
99205
99215
99224
99234
99243
99253
99262
99272
99280
99291
99299
99310
99318
99329
99337
99348
99356
99366
99375
99385
99394
99404
99413
99423
99432
99442
99450
99461
99469
99480
99488
99499
99507
99517
99526
99536
99545
99555
99564
99574
99583
99593
99601
99612
99620
99628
99635
99644
99651
99659
99666
99675
99682
99691
99697
99706
99713
99722
99729
99737
99744
99753
99760
99769
99775
99784
99791
99800
99807
99815
99822
99831
99838
99847
99853
99862
99869
99878
99885
99893
99900
99909
99916
99925
99931
99940
99947
99956
99963
99971
99978
99987
99996
100004
100014
100022
100032
100040
100050
100058
100068
100076
100086
100094
100104
100112
100122
100129
100139
100147
100157
100165
100175
100183
100193
100201
100211
100219
100229
100237
100247
100255
100264
100272
100282
100290
100300
100308
100318
100326
100336
100344
100354
100362
100372
100380
100390
100398
100407
100415
100425
100433
100443
100451
100461
100469
100479
100487
100497
100505
100515
100523
100533
100540
100550
100558
100568
100576
100586
100594
100604
100612
100622
100630
100640
100648
100658
100666
100676
100683
100693
100701
100711
100719
100729
100737
