9
16
25
32
41
49
58
65
74
81
91
98
107
114
123
131
140
147
156
163
173
180
189
196
205
212
222
229
238
245
254
262
271
278
287
294
304
311
320
327
336
344
353
360
369
376
385
393
402
409
418
425
435
442
451
458
467
475
484
491
500
508
515
524
530
539
546
555
561
570
577
586
592
601
608
617
623
632
639
648
654
663
670
678
685
694
701
709
716
725
732
740
747
756
763
771
778
787
794
802
809
818
824
833
840
849
855
864
871
880
886
895
902
911
917
926
933
942
948
957
964
972
979
988
995
1003
1010
1019
1026
1034
1041
1050
1057
1065
1073
1080
1089
1095
1104
1111
1120
1126
1135
1142
1150
1157
1166
1173
1181
1188
1197
1203
1212
1219
1228
1234
1243
1250
1258
1265
1274
1281
1289
1296
1305
1311
1320
1327
1336
1342
1351
1358
1366
1373
1382
1389
1397
1404
1413
1419
1428
1435
1444
1450
1459
1466
1475
1481
1490
1497
1505
1512
1521
1528
1536
1543
1552
1558
1567
1575
1581
1589
1595
1603
1610
1618
1624
1632
1638
1646
1653
1661
1667
1675
1681
1690
1696
1704
1710
1718
1724
1733
1739
1747
1753
1761
1767
1776
1782
1790
1796
1804
1811
1819
1825
1833
1839
1847
1854
1862
1868
1876
1882
1890
1897
1905
1911
1919
1925
1934
1940
1948
1954
1962
1968
1977
1983
1991
1997
2005
2011
2020
2026
2034
2040
2048
2055
2063
2069
2077
2083
2091
2098
2106
2112
2120
2126
2134
2141
2149
2157
2164
2172
2179
2187
2194
2202
2209
2217
2224
2232
2239
2247
2254
2262
2269
2277
2284
2292
2299
2307
2314
2322
2329
2337
2344
2352
2359
2367
2374
2382
2389
2397
2404
2412
2419
2427
2434
2442
2449
2457
2464
2472
2479
2487
2494
2502
2509
2517
2524
2532
2539
2547
2554
2562
2569
2577
2584
2592
2599
2607
2614
2622
2629
2637
2644
2652
2659
2667
2674
2682
2689
2697
2704
2712
2719
2728
2735
2744
2752
2761
2768
2777
2785
2794
2801
2811
2818
2827
2834
2844
2851
2860
2867
2877
2884
2893
2901
2910
2917
2926
2934
2943
2950
2959
2967
2976
2983
2993
3000
3009
3016
3026
3033
3042
3050
3059
3066
3075
3083
3092
3099
3108
3116
3125
3132
3142
3149
3158
3165
3175
3182
3191
3199
3207
3216
3223
3233
3240
3249
3256
3266
3273
3282
3291
3298
3308
3315
3324
3332
3341
3348
3358
3365
3374
3382
3391
3398
3408
3415
3424
3432
3441
3448
3458
3465
3474
3482
3491
3498
3508
3515
3525
3532
3541
3549
3558
3565
3575
3582
3591
3599
3608
3615
3625
3632
3641
3649
3658
3665
3675
3682
3691
3699
3708
3715
3725
3732
3741
3749
3758
3766
3775
3782
3792
3799
3808
3816
3825
3832
3842
3849
3858
3866
3875
3882
3891
3898
3908
3915
3925
3932
3941
3949
3958
3966
3975
3983
3992
3999
4009
4016
4026
4033
4043
4050
4059
4067
4076
4084
4093
4101
4110
4117
4127
4134
4144
4151
4161
4168
4177
4185
4194
4202
4211
4219
4228
4235
4245
4252
4262
4269
4279
4286
4295
4303
4312
4320
4329
4337
4346
4353
4363
4370
4380
4387
4397
4404
4413
4421
4430
4438
4447
4455
4462
4469
4477
4484
4492
4499
4507
4514
4522
4529
4537
4544
4552
4559
4567
4574
4582
4589
4597
4604
4612
4619
4627
4634
4642
4649
4657
4664
4672
4679
4687
4694
4702
4709
4717
4724
4732
4739
4747
4754
4762
4769
4777
4784
4792
4799
4807
4814
4822
4829
4837
4844
4852
4859
4867
4874
4882
4889
4897
4904
4912
4919
4927
4934
4942
4949
4957
4964
4972
4979
4987
4994
5002
5009
5017
5024
5032
5039
5047
5055
5062
5071
5078
5087
5094
5103
5110
5119
5126
5135
5142
5150
5157
5166
5173
5182
5189
5198
5205
5214
5221
5230
5237
5246
5252
5261
5268
5277
5284
5293
5300
5309
5316
5325
5332
5341
5347
5356
5363
5372
5379
5388
5395
5404
5411
5420
5427
5436
5443
5451
5458
5467
5474
5483
5490
5499
5506
5515
5522
5531
5538
5547
5553
5562
5569
5578
5585
5594
5601
5610
5617
5626
5633
5642
5649
5658
5665
5674
5681
5690
5697
5706
5713
5722
5729
5738
5745
5754
5761
5770
5777
5787
5794
5803
5810
5819
5826
5835
5842
5851
5858
5867
5874
5883
5890
5899
5906
5915
5922
5931
5938
5947
5955
5964
5971
5980
5987
5996
6003
6012
6019
6028
6035
6044
6051
6060
6067
6076
6083
6092
6099
6108
6115
6125
6132
6141
6148
6157
6164
6173
6180
6189
6196
6204
6210
6219
6225
6233
6240
6248
6254
6263
6269
6277
6284
6292
6298
6307
6313
6321
6328
6336
6342
6351
6357
6365
6372
6380
6386
6395
6401
6409
6416
6424
6430
6439
6445
6453
6460
6468
6474
6483
6489
6497
6504
6512
6518
6527
6533
6541
6548
6556
6562
6571
6577
6585
6592
6600
6607
6615
6621
6630
6636
6644
6651
6659
6665
6674
6680
6688
6695
6703
6709
6718
6724
6732
6739
6747
6755
6761
6769
6775
6783
6789
6797
6803
6811
6817
6825
6831
6839
6845
6854
6860
6868
6874
6882
6888
6896
6902
6910
6916
6924
6930
6938
6944
6953
6959
6967
6973
6981
6987
6995
7001
7009
7015
7023
7029
7037
7043
7052
7058
7066
7072
7080
7086
7094
7100
7108
7114
7122
7128
7136
7142
7151
7157
7165
7171
7179
7185
7193
7199
7207
7213
7221
7227
7235
7241
7250
7256
7264
7270
7277
7283
7291
7297
7305
7311
7318
7324
7332
7338
7346
7352
7360
7366
7372
7380
7386
7394
7400
7408
7414
7420
7428
7434
7442
7448
7456
7462
7468
7476
7482
7490
7496
7504
7510
7516
7524
7530
7538
7544
7552
7558
7564
7572
7578
7586
7592
7600
7606
7612
7620
7626
7634
7640
7648
7654
7660
7668
7674
7682
7688
7696
7702
7708
7716
7722
7730
7736
7744
7750
7756
7764
7770
7778
7784
7792
7798
7804
7812
7818
7826
7834
7841
7850
7856
7865
7872
7880
7887
7896
7902
7911
7918
7926
7933
7942
7948
7957
7964
7972
7979
7988
7994
8003
8010
8018
8025
8034
8040
8049
8056
8065
8071
8080
8087
8095
8102
8111
8117
8126
8133
8141
8148
8157
8163
8172
8179
8187
8194
8203
8209
8218
8225
8233
8240
8249
8255
8264
8271
8279
8286
8295
8302
8310
8317
8326
8332
8341
8348
8356
8363
8372
8378
8387
8394
8402
8409
8418
8424
8431
8437
8445
8451
8458
8464
8472
8478
8486
8491
8499
8505
8513
8518
8526
8532
8540
8546
8553
8559
8567
8573
8580
8586
8594
8600
8608
8613
8621
8627
8635
8640
8648
8654
8662
8668
8675
8681
8689
8695
8702
8708
8716
8722
8730
8735
8743
8749
8757
8762
8770
8776
8784
8790
8797
8803
8811
8817
8824
8830
8838
8844
8852
8857
8865
8871
8879
8885
8892
8898
8906
8912
8919
8925
8933
8939
8947
8953
8961
8967
8975
8981
8989
8995
9003
9009
9017
9023
9031
9038
9046
9052
9060
9066
9074
9080
9088
9094
9102
9108
9116
9122
9130
9136
9144
9151
9159
9165
9173
9179
9187
9193
9201
9207
9215
9221
9229
9235
9243
9249
9257
9264
9272
9278
9286
9292
9300
9306
9314
9320
9328
9334
9342
9348
9356
9362
9370
9377
9385
9391
9399
9405
9413
9419
9427
9433
9441
9447
9455
9463
9470
9478
9485
9494
9500
9509
9516
9524
9531
9539
9546
9555
9561
9570
9577
9585
9592
9601
9607
9616
9622
9631
9638
9646
9653
9662
9668
9677
9684
9692
9699
9707
9714
9723
9729
9738
9745
9753
9760
9768
9775
9784
9790
9799
9806
9814
9821
9830
9836
9845
9851
9860
9867
9875
9882
9891
9897
9906
9913
9921
9928
9936
9943
9952
9958
9967
9974
9982
9989
9997
10003
10012
10018
10026
10033
10041
10047
10056
10062
10070
10077
10085
10092
10100
10106
10115
10121
10129
10136
10144
10150
10159
10165
10173
10180
10188
10195
10203
10209
10218
10224
10232
10239
10247
10253
10262
10268
10276
10283
10291
10298
10306
10312
10321
10327
10335
10342
10350
10356
10365
10371
10379
10386
10394
10401
10409
10415
10424
10430
10438
10445
10453
10459
10468
10474
10482
10489
10497
10504
10512
10518
10526
10533
10541
10547
10555
10562
10570
10576
10584
10591
10599
10605
10613
10620
10628
10634
10642
10649
10657
10663
10671
10678
10686
10692
10701
10707
10715
10721
10730
10736
10744
10750
10759
10765
10773
10779
10788
10794
10802
10808
10817
10823
10831
10837
10846
10852
10860
10866
10875
10881
10889
10896
10904
10910
10918
10925
10933
10939
10947
10954
10962
10968
10976
10983
10991
10997
11005
11012
11020
11026
11034
11041
11049
11055
11063
11070
11076
11084
11090
11098
11104
11112
11118
11126
11132
11140
11146
11154
11159
11167
11173
11181
11187
11195
11201
11209
11215
11223
11229
11237
11243
11250
11256
11264
11270
11278
11284
11292
11298
11306
11312
11320
11326
11334
11339
11347
11353
11361
11367
11375
11381
11389
11395
11403
11409
11417
11423
11430
11436
11444
11450
11458
11464
11472
11478
11486
11492
11500
11506
11514
11520
11527
11533
11541
11547
11555
11561
11569
11575
11583
11589
11597
11603
11611
11617
11625
11631
11639
11646
11654
11660
11668
11674
11683
11689
11697
11703
11711
11718
11726
11732
11740
11746
11755
11761
11769
11775
11783
11790
11798
11804
11812
11818
11827
11833
11841
11847
11855
11862
11870
11876
11884
11890
11899
11905
11913
11919
11927
11934
11942
11948
11956
11962
11971
11977
11985
11991
11999
12006
12014
12020
12028
12034
12043
12049
12057
12063
12071
12078
12086
12092
12100
12106
12115
12121
12129
12135
12143
12150
12158
12164
12172
12178
12187
12193
12201
12207
12215
12222
12230
12237
12245
12252
12261
12267
12276
12282
12291
12298
12306
12313
12321
12328
12337
12343
12352
12358
12367
12374
12382
12389
12397
12404
12413
12419
12428
12434
12443
12450
12458
12465
12473
12480
12489
12495
12504
12510
12519
12526
12534
12541
12549
12556
12565
12571
12580
12586
12595
12602
12610
12617
12625
12632
12641
12647
12656
12662
12671
12678
12686
12693
12701
12708
12717
12723
12732
12738
12747
12754
12762
12769
12777
12784
12793
12799
12808
12816
12823
12832
12839
12848
12855
12864
12871
12880
12887
12896
12903
12912
12918
12927
12934
12943
12950
12959
12966
12975
12982
12991
12998
13007
13014
13023
13029
13038
13045
13054
13061
13070
13077
13086
13093
13102
13109
13118
13125
13133
13140
13149
13156
13165
13172
13181
13188
13197
13204
13213
13220
13229
13236
13244
13251
13260
13267
13276
13283
13292
13299
13308
13315
13324
13331
13340
13346
13355
13362
13371
13378
13387
13394
13403
13411
13417
13426
13432
13441
13447
13456
13462
13471
13477
13485
13492
13500
13507
13515
13522
13530
13537
13545
13552
13560
13566
13575
13581
13590
13596
13605
13611
13620
13626
13635
13641
13649
13656
13664
13671
13679
13686
13694
13701
13709
13716
13724
13730
13739
13745
13754
13760
13769
13775
13784
13790
13799
13805
13813
13820
13828
13835
13843
13850
13858
13865
13873
13880
13888
13894
13903
13910
13916
13924
13930
13938
13944
13952
13958
13966
13972
13979
13985
13993
13999
14007
14013
14021
14027
14035
14041
14048
14054
14062
14068
14076
14082
14090
14096
14104
14110
14118
14123
14131
14137
14145
14151
14159
14165
14173
14179
14187
14192
14200
14206
14214
14220
14228
14234
14242
14248
14256
14262
14269
14275
14283
14289
14297
14303
14311
14317
14325
14331
14338
14344
14352
14358
14366
14372
14380
14386
14394
14400
14408
14413
14421
14427
14435
14441
14449
14455
14462
14468
14476
14482
14490
14496
14503
14509
14517
14523
14531
14537
14544
14550
14558
14564
14572
14578
14585
14591
14599
14605
14613
14619
14627
14632
14640
14646
14654
14660
14668
14673
14681
14687
14695
14701
14709
14714
14722
14728
14736
14742
14750
14756
14763
14769
14777
14783
14791
14797
14804
14810
14818
14824
14832
14838
14845
14851
14859
14865
14873
14879
14887
14892
14900
14906
14914
14920
14928
14933
14941
14947
14955
14961
14969
14974
14982
14988
14996
15002
15010
15017
15025
15032
15040
15047
15055
15062
15071
15077
15086
15092
15101
15107
15116
15123
15131
15138
15146
15153
15161
15168
15177
15183
15192
15198
15207
15213
15222
15229
15237
15244
15252
15259
15267
15274
15283
15289
15298
15304
15313
15319
15328
15335
15343
15350
15358
15365
15373
15380
15389
15395
15404
15410
15419
15425
15434
15441
15449
15456
15464
15471
15479
15486
15495
15501
15510
15516
15525
15531
15540
15548
15555
15564
15571
15579
15586
15595
15602
15611
15617
15626
15633
15642
15648
15657
15664
15673
15680
15688
15695
15704
15711
15719
15726
15735
15742
15751
15757
15766
15773
15782
15789
15797
15804
15813
15820
15828
15835
15844
15851
15860
15866
15875
15882
15891
15897
15906
15913
15922
15929
15937
15944
15953
15960
15969
15975
15984
15991
16000
16006
16015
16022
16031
16038
16046
16053
16062
16069
16077
16084
16093
16100
16109
16117
16123
16132
16138
16147
16153
16162
16168
16177
16183
16192
16198
16207
16213
16222
16228
16237
16243
16252
16258
16267
16273
16282
16288
16297
16303
16311
16318
16326
16333
16341
16348
16356
16363
16371
16378
16386
16393
16401
16408
16416
16423
16431
16438
16446
16453
16461
16468
16476
16483
16491
16498
16506
16512
16521
16527
16536
16542
16551
16557
16566
16572
16581
16587
16596
16602
16611
16617
16626
16632
16641
16647
16656
16662
16671
16677
16686
16694
16701
16709
16716
16724
16731
16740
16746
16755
16761
16770
16777
16785
16792
16800
16807
16816
16822
16831
16837
16846
16852
16861
16868
16876
16883
16891
16898
16907
16913
16922
16928
16937
16944
16952
16959
16967
16974
16983
16989
16998
17004
17013
17019
17028
17035
17043
17050
17058
17065
17074
17080
17089
17095
17104
17111
17119
17126
17134
17141
17149
17156
17165
17171
17180
17186
17195
17202
17210
17217
17225
17232
17241
17247
17256
17262
17271
17278
17287
17294
17303
17310
17319
17326
17335
17342
17351
17358
17367
17374
17383
17390
17399
17406
17415
17422
17431
17438
17447
17454
17463
17470
17479
17486
17495
17502
17511
17518
17527
17534
17543
17550
17559
17566
17575
17582
17591
17598
17607
17614
17623
17630
17639
17646
17655
17662
17671
17678
17687
17694
17703
17710
17719
17726
17735
17742
17751
17758
17767
17774
17783
17790
17799
17806
17815
17822
17831
17838
17847
17854
17863
17870
17879
17886
17895
17902
17911
17918
17927
17934
17943
17950
17959
17967
17976
17983
17992
17999
18008
18015
18024
18031
18040
18047
18056
18063
18072
18079
18088
18096
18105
18112
18121
18128
18137
18144
18153
18160
18169
18176
18185
18192
18201
18208
18218
18225
18234
18241
18250
18257
18266
18273
18282
18289
18298
18305
18314
18321
18330
18338
18346
18355
18362
18371
18378
18387
18395
18401
18409
18415
18423
18429
18438
18444
18452
18458
18466
18472
18480
18487
18495
18501
18509
18515
18523
18529
18538
18544
18552
18558
18566
18572
18580
18587
18595
18601
18609
18615
18623
18630
18638
18644
18652
18658
18666
18672
18681
18687
18695
18701
18709
18715
18723
18730
18738
18744
18752
18758
18766
18772
18781
18787
18795
18801
18809
18815
18823
18830
18838
18844
18852
18858
18866
18873
18881
18887
18895
18902
18910
18917
18926
18932
18941
18948
18956
18963
18971
18978
18987
18993
19002
19009
19017
19024
19032
19039
19048
19054
19063
19070
19078
19085
19093
19100
19109
19115
19124
19131
19139
19146
19155
19161
19170
19176
19185
19192
19200
19207
19216
19222
19231
19237
19246
19253
19261
19268
19277
19283
19292
19298
19307
19314
19322
19329
19338
19344
19353
19359
19368
19375
19383
19390
19399
19405
19414
19421
19429
19436
19444
19451
19460
19466
19475
19484
19491
19500
19507
19516
19524
19533
19540
19549
19556
19566
19573
19582
19589
19598
19605
19615
19622
19631
19638
19647
19655
19664
19671
19680
19687
19697
19704
19713
19720
19729
19736
19746
19753
19762
19769
19778
19786
19795
19802
19811
19818
19827
19835
19844
19851
19860
19867
19877
19884
19893
19900
19909
19917
19926
19933
19942
19949
19958
19966
19975
19982
19991
19998
20008
20015
20024
20031
20040
20047
20057
20064
20073
20082
20089
20099
20106
20115
20123
20132
20139
20149
20156
20165
20173
20182
20189
20199
20206
20215
20223
20232
20239
20249
20256
20265
20273
20282
20289
20299
20306
20316
20323
20332
20340
20349
20356
20366
20373
20382
20390
20399
20406
20416
20423
20432
20440
20449
20456
20466
20473
20482
20490
20499
20506
20516
20523
20532
20540
20549
20557
20566
20573
20583
20590
20596
20604
20610
20618
20624
20632
20638
20646
20652
20660
20666
20674
20680
20688
20694
20702
20708
20716
20722
20730
20736
20744
20750
20758
20763
20771
20777
20785
20791
20799
20805
20813
20819
20827
20833
20841
20847
20855
20861
20869
20875
20883
20889
20897
20903
20911
20917
20925
20931
20938
20944
20952
20958
20966
20972
20980
20986
20994
21000
21008
21014
21022
21028
21036
21042
21050
21056
21064
21070
21078
21084
21092
21098
21106
21112
21119
21125
21133
21139
21147
21153
21161
21167
21175
21181
21189
21196
21204
21210
21218
21224
21232
21239
21247
21253
21261
21267
21276
21282
21290
21296
21304
21310
21319
21325
21333
21339
21347
21354
21362
21368
21376
21382
21390
21397
21405
21411
21419
21425
21434
21440
21448
21454
21462
21468
21477
21483
21491
21497
21505
21512
21520
21526
21534
21540
21548
21555
21563
21569
21577
21583
21592
21598
21606
21612
21620
21626
21635
21641
21649
21655
21663
21670
21678
21684
21692
21698
21706
21713
21721
21727
21735
21743
21751
21759
21767
21775
21783
21791
21799
21807
21815
21823
21831
21839
21847
21855
21863
21871
21879
21887
21895
21903
21911
21919
21927
21935
21943
21951
21959
21967
21975
21983
21991
21999
22007
22015
22023
22031
22039
22047
22055
22063
22071
22079
22087
22095
22103
22111
22119
22127
22135
22143
22151
22159
22167
22175
22183
22191
22199
22207
22215
22223
22232
22239
22249
22256
22265
22273
22282
22289
22299
22306
22316
22323
22332
22340
22349
22356
22366
22373
22382
22390
22399
22407
22416
22423
22433
22440
22449
22457
22466
22474
22483
22490
22500
22507
22516
22524
22533
22540
22550
22557
22567
22574
22583
22591
22600
22607
22617
22624
22634
22641
22650
22658
22667
22674
22684
22691
22700
22708
22717
22725
22734
22741
22751
22758
22767
22775
22784
22791
22797
22805
22811
22819
22824
22832
22838
22846
22852
22859
22865
22873
22879
22887
22893
22900
22906
22914
22920
22928
22934
22940
22948
22954
22962
22968
22975
22981
22989
22995
23003
23009
23015
23023
23029
23037
23043
23050
23056
23064
23070
23078
23084
23090
23098
23104
23112
23118
23125
23131
23139
23145
23153
23159
23165
23173
23179
23187
23193
23200
23206
23214
23220
23228
23234
23240
23248
23254
23262
23268
23275
23281
23289
23295
23303
23309
23315
23323
23329
23337
23344
23350
23358
23364
23372
23378
23385
23391
23399
23405
23413
23419
23426
23432
23440
23446
23454
23460
23468
23473
23481
23487
23495
23501
23509
23514
23522
23528
23536
23542
23550
23556
23563
23569
23577
23583
23591
23597
23604
23610
23618
23624
23632
23638
23646
23651
23659
23665
23673
23679
23687
23692
23700
23706
23714
23720
23728
23734
23741
23747
23755
23761
23769
23775
23782
23788
23796
23802
23810
23816
23824
23829
23837
23843
23851
23858
23864
23872
23878
23886
23892
23900
23906
23914
23920
23927
23933
23941
23947
23955
23961
23969
23975
23983
23989
23997
24002
24010
24016
24024
24030
24038
24044
24052
24058
24066
24072
24079
24085
24093
24099
24107
24113
24121
24127
24135
24141
24149
24154
24162
24168
24176
24182
24190
24196
24204
24210
24218
24224
24231
24237
24245
24251
24259
24265
24273
24279
24287
24293
24301
24306
24314
24320
24328
24334
24342
24348
24356
24362
24370
24376
24383
24391
24397
24405
24412
24420
24426
24435
24441
24449
24455
24464
24470
24478
24485
24493
24499
24507
24514
24522
24528
24537
24543
24551
24557
24566
24572
24580
24587
24595
24601
24609
24616
24624
24630
24639
24645
24653
24659
24668
24674
24682
24689
24697
24703
24711
24718
24726
24732
24741
24747
24755
24761
24770
24776
24784
24791
24799
24805
24813
24820
24828
24834
24843
24849
24857
24863
24872
24878
24886
24893
24901
24907
24915
24922
24929
24935
24943
24949
24957
24963
24971
24977
24985
24991
24999
25005
25013
25019
25027
25033
25041
25047
25055
25061
25069
25075
25083
25089
25097
25103
25111
25117
25125
25131
25139
25145
25153
25159
25167
25173
25181
25187
25195
25201
25209
25215
25223
25229
25237
25243
25251
25257
25265
25271
25279
25285
25293
25299
25307
25313
25321
25327
25335
25341
25349
25355
25363
25369
25377
25383
25390
25396
25404
25410
25418
25425
25431
25439
25445
25453
25459
25466
25472
25480
25486
25494
25500
25507
25513
25521
25527
25535
25541
25548
25554
25562
25568
25576
25582
25589
25595
25603
25609
25617
25623
25630
25636
25644
25650
25658
25664
25671
25677
25685
25691
25699
25705
25712
25718
25726
25732
25740
25746
25753
25759
25767
25773
25781
25787
25794
25800
25808
25814
25822
25828
25835
25841
25849
25855
25863
25869
25876
25882
25890
25896
25904
25910
25917
25923
25932
25939
25949
25956
25966
25973
25983
25990
26000
26007
26017
26024
26034
26041
26050
26058
26067
26075
26084
26092
26101
26109
26118
26126
26135
26143
26152
26159
26169
26176
26186
26193
26203
26210
26220
26227
26237
26244
26254
26261
26270
26278
26287
26295
26304
26312
26321
26329
26338
26346
26355
26363
26372
26379
26389
26396
26406
26413
26423
26430
26440
26447
26457
26464
26472
26479
26488
26494
26503
26510
26518
26525
26534
26540
26549
26556
26564
26571
26580
26586
26595
26602
26610
26617
26626
26633
26641
26648
26657
26663
26672
26679
26687
26694
26703
26709
26718
26725
26733
26740
26749
26755
26764
26771
26779
26786
26795
26802
26810
26817
26826
26832
26841
26848
26856
26863
26872
26878
26887
26894
26902
26909
26918
26924
26933
26940
26948
26955
26964
26971
26979
26986
26995
27001
27010
27017
27025
27032
27041
27048
27054
27062
27068
27076
27082
27089
27095
27103
27109
27117
27123
27131
27136
27144
27150
27158
27164
27172
27177
27185
27191
27199
27205
27213
27219
27226
27232
27240
27246
27254
27260
27268
27273
27281
27287
27295
27301
27309
27314
27322
27328
27336
27342
27350
27356
27363
27369
27377
27383
27391
27397
27405
27410
27418
27424
27432
27438
27446
27451
27459
27465
27473
27479
27487
27493
27500
27506
27514
27520
27528
27534
27541
27547
27555
27561
27569
27575
27583
27588
27596
27602
27610
27616
27624
27632
27639
27648
27655
27664
27670
27679
27686
27695
27702
27711
27717
27726
27733
27742
27749
27758
27764
27773
27780
27789
27796
27805
27811
27820
27827
27836
27843
27852
27858
27867
27874
27883
27890
27898
27905
27914
27921
27930
27937
27945
27952
27961
27968
27977
27984
27992
27999
28008
28015
28024
28031
28039
28046
28055
28062
28071
28078
28086
28093
28102
28109
28118
28124
28132
28139
28148
28155
28164
28171
28180
28187
28196
28203
28212
28219
28228
28235
28244
28251
28260
28267
28276
28283
28292
28299
28308
28314
28323
28330
28339
28346
28355
28362
28371
28378
28387
28394
28403
28410
28419
28426
28435
28442
28451
28458
28467
28474
28483
28490
28499
28505
28514
28521
28530
28537
28546
28553
28562
28569
28578
28585
28594
28601
28610
28617
28626
28633
28642
28651
28658
28667
28674
28683
28690
28699
28706
28715
28722
28731
28738
28747
28754
28763
28770
28779
28786
28795
28802
28811
28818
28827
28834
28843
28850
28859
28866
28875
28882
28891
28898
28907
28914
28923
28930
28939
28946
28955
28962
28971
28978
28987
28994
29003
29010
29020
29027
29036
29043
29052
29059
29068
29075
29084
29091
29100
29107
29116
29123
29132
29139
29147
29154
29163
29170
29179
29186
29195
29202
29211
29217
29226
29233
29242
29249
29258
29265
29274
29281
29290
29296
29305
29312
29321
29328
29337
29344
29353
29360
29369
29375
29384
29391
29400
29407
29416
29423
29432
29439
29448
29454
29463
29470
29479
29486
29495
29502
29511
29518
29527
29533
29542
29549
29558
29565
29574
29581
29590
29597
29606
29612
29621
29628
29637
29644
29653
29660
29669
29676
29683
29689
29697
29703
29711
29717
29724
29730
29738
29744
29752
29758
29765
29771
29779
29785
29793
29799
29807
29812
29820
29826
29834
29840
29848
29853
29861
29867
29875
29881
29889
29895
29902
29908
29916
29922
29930
29936
29943
29949
29957
29963
29971
29977
29985
29990
29998
30004
30012
30018
30026
30031
30039
30045
30053
30059
30067
30073
30080
30086
30094
30100
30108
30114
30121
30127
30135
30141
30149
30155
30163
30168
30176
30182
30190
30196
30204
30209
30217
30223
30231
30237
30245
30251
30259
30266
30275
30282
30290
30297
30306
30313
30321
30328
30337
30344
30353
30359
30368
30375
30384
30390
30399
30406
30415
30422
30430
30437
30446
30453
30461
30468
30477
30484
30493
30499
30508
30515
30524
30530
30539
30546
30555
30562
30570
30577
30586
30593
30601
30608
30617
30624
30633
30639
30648
30655
30664
30670
30679
30686
30695
30702
30710
30717
30726
30733
30741
30748
30757
30764
30773
30779
30788
30795
30804
30810
30819
30826
30835
30842
30851
30858
30867
30875
30884
30891
30901
30908
30917
30924
30934
30941
30950
30958
30967
30974
30983
30991
31000
31007
31017
31024
31033
31041
31050
31057
31066
31074
31083
31090
31100
31107
31116
31123
31133
31140
31149
31157
31166
31173
31183
31190
31199
31206
31216
31223
31232
31240
31249
31256
31265
31273
31282
31289
31299
31306
31315
31322
31332
31339
31348
31356
31365
31372
31382
31389
31398
31406
31412
31420
31426
31434
31440
31449
31455
31463
31469
31477
31483
31491
31498
31506
31512
31520
31526
31534
31541
31549
31555
31563
31569
31577
31583
31592
31598
31606
31612
31620
31626
31634
31641
31649
31655
31663
31669
31677
31684
31692
31698
31706
31712
31720
31726
31735
31741
31749
31755
31763
31769
31778
31784
31792
31798
31806
31812
31820
31827
31835
31841
31849
31855
31863
31869
31878
31884
31892
31898
31906
31914
31920
31928
31934
31943
31949
31957
31963
31972
31978
31986
31992
32001
32007
32015
32021
32030
32036
32044
32050
32059
32065
32073
32079
32088
32094
32102
32108
32117
32123
32131
32137
32146
32152
32160
32166
32175
32181
32189
32195
32204
32210
32218
32224
32233
32239
32247
32253
32262
32268
32276
32282
32291
32297
32305
32311
32320
32326
32334
32340
32349
32355
32363
32369
32378
32384
32392
32398
32406
32413
32421
32428
32437
32444
32453
32459
32468
32475
32484
32491
32499
32506
32515
32522
32531
32537
32546
32553
32562
32569
32577
32584
32593
32600
32609
32615
32624
32631
32640
32647
32655
32662
32671
32678
32687
32693
32702
32709
32718
32725
32733
32740
32749
32756
32765
32771
32780
32787
32796
32803
32811
32818
32827
32834
32843
32849
32858
32865
32874
32881
32889
32896
32905
32912
32921
32927
32936
32943
32952
32959
32967
32974
32982
32988
32996
33002
33010
33017
33025
33031
33039
33045
33054
33060
33068
33074
33082
33089
33097
33103
33111
33117
33126
33132
33140
33146
33154
33161
33169
33175
33183
33189
33198
33204
33212
33218
33226
33232
33241
33247
33255
33261
33269
33276
33284
33290
33298
33304
33313
33319
33327
33333
33341
33348
33356
33362
33370
33376
33385
33391
33399
33405
33413
33420
33428
33434
33442
33448
33457
33463
33471
33477
33485
33491
33500
33506
33514
33520
33528
33535
33543
33549
33557
33565
33571
33580
33586
33595
33601
33609
33616
33624
33631
33639
33645
33654
33660
33669
33675
33683
33690
33698
33705
33713
33719
33728
33734
33743
33749
33757
33764
33772
33779
33787
33794
33802
33808
33817
33823
33832
33838
33846
33853
33861
33868
33876
33882
33891
33897
33906
33912
33920
33927
33935
33942
33950
33957
33964
33972
33979
33987
33994
34002
34008
34017
34023
34032
34038
34046
34053
34061
34068
34076
34082
34091
34097
34106
34113
34119
34127
34133
34141
34147
34155
34161
34168
34174
34182
34188
34196
34202
34210
34216
34224
34229
34237
34243
34251
34257
34265
34271
34279
34285
34292
34298
34306
34312
34320
34326
34334
34340
34348
34353
34361
34367
34375
34381
34389
34395
34403
34409
34416
34422
34430
34436
34444
34450
34458
34464
34472
34477
34485
34491
34499
34505
34513
34519
34527
34533
34540
34546
34554
34560
34568
34574
34582
34588
34596
34601
34608
34614
34622
34628
34636
34642
34650
34656
34664
34670
34678
34684
34692
34698
34706
34712
34720
34726
34732
34740
34746
34754
34760
34768
34774
34782
34788
34796
34802
34810
34816
34824
34830
34838
34844
34851
34857
34865
34871
34879
34885
34893
34899
34907
34913
34921
34927
34935
34941
34949
34955
34963
34969
34976
34982
34990
34996
35004
35010
35018
35024
35032
35038
35046
35052
35060
35066
35074
35080
35088
35094
35101
35107
35115
35121
35129
35135
35143
35149
35157
35163
35171
35177
35185
35192
35200
35207
35215
35222
35231
35237
35246
35252
35261
35268
35276
35283
35291
35298
35307
35313
35322
35328
35337
35343
35352
35359
35367
35374
35382
35389
35398
35404
35413
35419
35428
35435
35443
35450
35458
35465
35474
35480
35489
35495
35504
35510
35519
35526
35534
35541
35549
35556
35565
35571
35580
35586
35595
35602
35610
35617
35625
35632
35640
35647
35656
35662
35671
35677
35686
35693
35701
35708
35716
35723
35732
35738
35746
35752
35761
35767
35775
35782
35790
35797
35805
35811
35820
35826
35834
35841
35849
35856
35864
35870
35879
35885
35893
35900
35908
35915
35923
35929
35938
35944
35953
35959
35967
35974
35982
35988
35997
36003
36012
36018
36026
36033
36041
36047
36056
36062
36071
36077
36085
36092
36100
36107
36115
36121
36130
36136
36144
36151
36159
36166
36174
36180
36189
36195
36203
36210
36218
36225
36233
36239
36248
36254
36262
36269
36277
36284
36292
36298
36306
36312
36320
36326
36334
36340
36348
36354
36362
36368
36376
36382
36390
36396
36404
36410
36418
36424
36432
36438
36446
36452
36460
36466
36474
36480
36488
36494
36502
36508
36516
36522
36530
36536
36544
36550
36558
36564
36572
36578
36586
36592
36600
36606
36614
36620
36628
36634
36642
36648
36656
36662
36670
36676
36684
36691
36699
36705
36713
36719
36727
36733
36741
36747
36755
36761
36769
36775
36783
36789
36797
36803
36811
36817
36825
36831
36839
36845
36853
36859
36867
36875
36882
36890
36897
36906
36912
36921
36927
36936
36943
36951
36958
36966
36973
36982
36988
36997
37004
37012
37019
37027
37034
37043
37049
37058
37064
37073
37080
37088
37095
37104
37110
37119
37125
37134
37141
37149
37156
37164
37171
37180
37186
37195
37202
37210
37217
37225
37232
37241
37247
37256
37262
37271
37278
37286
37293
37302
37308
37317
37323
37332
37339
37347
37354
37362
37369
37377
37384
37393
37400
37408
37415
37424
37431
37439
37446
37455
37462
37471
37477
37486
37493
37502
37508
37517
37524
37533
37540
37548
37555
37564
37571
37579
37586
37595
37602
37611
37617
37626
37633
37642
37648
37657
37664
37673
37680
37688
37695
37704
37711
37719
37726
37735
37742
37751
37757
37766
37773
37782
37788
37797
37804
37813
37820
37828
37835
37844
37851
37859
37866
37875
37882
37891
37897
37906
37913
37922
37928
37937
37946
37953
37962
37969
37978
37985
37994
38001
38010
38017
38026
38033
38042
38049
38058
38065
38075
38082
38091
38098
38107
38114
38123
38130
38139
38146
38155
38162
38171
38178
38187
38194
38203
38211
38220
38227
38236
38243
38252
38259
38268
38275
38284
38291
38300
38307
38316
38323
38332
38339
38349
38356
38365
38372
38381
38388
38397
38404
38413
38420
38429
38436
38445
38452
38461
38469
38476
38485
38492
38501
38508
38516
38523
38532
38539
38548
38555
38564
38570
38579
38586
38595
38602
38611
38617
38626
38633
38642
38649
38658
38665
38673
38680
38689
38696
38705
38712
38720
38727
38736
38743
38752
38759
38768
38774
38783
38790
38799
38806
38815
38822
38830
38837
38846
38853
38862
38869
38877
38884
38893
38900
38909
38916
38925
38931
38940
38947
38956
38963
38972
38978
38986
38993
39001
39008
39017
39023
39032
39038
39047
39054
39062
39069
39078
39084
39093
39099
39108
39115
39123
39130
39139
39145
39154
39160
39169
39176
39184
39191
39200
39206
39215
39221
39230
39237
39245
39252
39261
39267
39276
39282
39291
39298
39306
39313
39322
39328
39337
39343
39352
39359
39367
39374
39383
39389
39398
39404
39413
39420
39428
39435
39444
39450
39459
39465
39474
39481
39489
39496
39505
39511
39520
39526
39534
39541
39549
39556
39565
39571
39580
39587
39595
39602
39611
39617
39626
39633
39641
39648
39657
39663
39672
39679
39687
39694
39703
39709
39718
39724
39733
39740
39748
39755
39764
39770
39779
39786
39794
39801
39810
39816
39825
39832
39840
39847
39856
39862
39871
39878
39886
39893
39901
39908
39917
39923
39932
39939
39947
39954
39963
39969
39978
39985
39993
40000
40009
40015
40024
40031
40039
40046
40055
40062
40068
40076
40082
40090
40096
40103
40109
40117
40123
40131
40137
40144
40150
40158
40164
40172
40178
40185
40191
40199
40205
40213
40219
40226
40232
40240
40246
40254
40260
40267
40273
40281
40287
40295
40301
40308
40314
40322
40328
40336
40342
40349
40355
40363
40369
40377
40383
40390
40396
40404
40410
40418
40424
40431
40437
40445
40451
40459
40465
40472
40478
40486
40492
40500
40506
40513
40519
40527
40533
40541
40547
40554
40560
40568
40574
40582
40588
40595
40603
40609
40617
40623
40631
40637
40645
40651
40659
40665
40673
40679
40687
40693
40702
40708
40716
40722
40730
40736
40744
40750
40758
40764
40772
40778
40786
40792
40800
40807
40815
40821
40829
40835
40843
40849
40857
40863
40871
40877
40885
40891
40899
40905
40914
40920
40928
40934
40942
40948
40956
40962
40970
40976
40984
40990
40998
41004
41012
41019
41027
41033
41041
41047
41055
41061
41069
41075
41083
41089
41097
41103
41111
41117
41126
41132
41141
41147
41156
41162
41171
41177
41185
41192
41200
41207
41215
41222
41230
41237
41245
41251
41260
41266
41275
41281
41290
41296
41305
41311
41320
41326
41334
41341
41349
41356
41364
41371
41379
41386
41394
41400
41409
41415
41424
41430
41439
41445
41454
41460
41468
41475
41483
41490
41498
41505
41513
41520
41528
41535
41543
41549
41558
41564
41573
41579
41588
41594
41603
41609
41617
41624
41632
41639
41647
41656
41663
41673
41680
41690
41697
41707
41714
41723
41731
41740
41748
41757
41765
41774
41782
41791
41798
41808
41815
41825
41832
41842
41849
41858
41866
41875
41883
41892
41900
41909
41917
41926
41933
41943
41950
41960
41967
41977
41984
41993
42001
42010
42018
42027
42035
42044
42052
42061
42068
42078
42085
42095
42102
42112
42119
42129
42136
42145
42153
42162
42170
42179
42187
42194
42203
42209
42218
42225
42234
42240
42249
42256
42264
42271
42280
42287
42295
42302
42311
42318
42326
42333
42342
42348
42357
42364
42373
42379
42388
42395
42404
42410
42419
42426
42434
42441
42450
42457
42465
42472
42481
42488
42496
42503
42512
42518
42527
42534
42543
42549
42558
42565
42574
42580
42589
42596
42604
42611
42620
42627
42635
42642
42651
42658
42666
42673
42682
42688
42697
42704
42713
42719
42728
42735
42744
42750
42758
42764
42772
42779
42787
42793
42802
42808
42816
42823
42831
42837
42846
42852
42860
42866
42875
42881
42889
42896
42904
42910
42919
42925
42933
42940
42948
42954
42962
42969
42977
42983
42992
42998
43006
43013
43021
43027
43036
43042
43050
43056
43065
43071
43079
43086
43094
43100
43109
43115
43123
43130
43138
43144
43152
43159
43167
43173
43182
43188
43196
43203
43211
43217
43226
43232
43240
43246
43255
43261
43269
43276
43284
43290
43299
43305
43313
43320
43328
43334
43342
43349
43357
43366
43373
43382
43390
43399
43406
43416
43423
43432
43439
43449
43456
43465
43473
43482
43489
43499
43506
43515
43522
43532
43539
43548
43556
43565
43572
43582
43589
43598
43605
43615
43622
43631
43639
43648
43655
43665
43672
43681
43688
43698
43705
43714
43722
43731
43738
43748
43755
43764
43771
43781
43788
43797
43805
43814
43821
43831
43838
43847
43854
43864
43871
43880
43888
43897
43904
43914
43921
43930
43937
43947
43954
43962
43968
43977
43983
43992
43998
44007
44013
44022
44028
44037
44043
44052
44058
44067
44073
44082
44088
44097
44103
44112
44118
44127
44133
44142
44148
44157
44163
44172
44178
44187
44193
44202
44208
44217
44223
44232
44238
44247
44253
44262
44268
44277
44283
44292
44298
44307
44313
44322
44328
44337
44343
44352
44358
44367
44373
44382
44388
44397
44403
44412
44418
44427
44433
44442
44448
44457
44463
44472
44478
44487
44493
44501
44507
44516
44522
44531
44537
44545
44552
44560
44567
44575
44581
44590
44596
44605
44611
44620
44626
44634
44641
44649
44656
44664
44670
44679
44685
44694
44700
44709
44715
44723
44730
44738
44745
44753
44759
44768
44774
44783
44789
44798
44804
44812
44819
44827
44834
44842
44848
44857
44863
44872
44878
44887
44893
44901
44908
44916
44923
44931
44937
44946
44952
44961
44967
44976
44982
44990
44997
45005
45012
45020
45029
45036
45045
45052
45061
45068
45077
45084
45094
45101
45110
45117
45126
45133
45142
45149
45158
45166
45175
45182
45191
45198
45207
45214
45223
45230
45240
45247
45256
45263
45272
45279
45288
45295
45304
45312
45321
45328
45337
45344
45353
45360
45369
45376
45386
45393
45402
45409
45418
45425
45434
45441
45451
45458
45467
45474
45483
45490
45499
45506
45515
45523
45532
45539
45548
45555
45564
45573
45580
45590
45597
45606
45614
45623
45631
45640
45647
45657
45664
45674
45681
45690
45698
45707
45715
45724
45731
45741
45748
45758
45765
45774
45782
45791
45798
45808
45815
45825
45832
45841
45849
45858
45866
45875
45882
45892
45899
45909
45916
45925
45933
45942
45950
45959
45966
45976
45983
45992
46000
46009
46017
46026
46033
46043
46050
46060
46067
46076
46083
46089
46097
46103
46111
46117
46125
46131
46139
46145
46153
46158
46166
46172
46180
46186
46194
46200
46208
46214
46222
46228
46236
46241
46249
46255
46263
46269
46277
46283
46291
46297
46305
46311
46319
46324
46332
46338
46346
46352
46360
46366
46374
46380
46388
46394
46402
46407
46415
46421
46429
46435
46443
46449
46457
46463
46471
46477
46485
46490
46498
46504
46512
46518
46526
46532
46540
46546
46554
46560
46568
46573
46581
46587
46595
46601
46609
46615
46623
46632
46639
46648
46655
46664
46672
46681
46688
46697
46704
46713
46721
46730
46737
46746
46753
46762
46770
46779
46786
46795
46802
46811
46819
46828
46835
46844
46851
46860
46868
46877
46884
46893
46900
46909
46917
46926
46933
46942
46949
46958
46966
46975
46982
46991
46998
47007
47015
47024
47031
47040
47047
47056
47064
47073
47080
47089
47096
47105
47113
47122
47129
47138
47145
47154
47162
47171
47178
47187
47194
47203
47211
47219
47225
47233
47239
47248
47254
47262
47268
47277
47283
47291
47297
47306
47312
47320
47326
47335
47341
47349
47355
47364
47370
47378
47384
47393
47399
47407
47413
47422
47428
47436
47442
47450
47457
47465
47471
47479
47486
47494
47500
47508
47515
47523
47529
47537
47544
47552
47558
47566
47573
47581
47587
47595
47602
47610
47616
47624
47631
47639
47645
47653
47660
47668
47674
47682
47688
47697
47703
47711
47717
47726
47734
47741
47750
47757
47766
47772
47781
47788
47797
47804
47812
47819
47828
47835
47844
47850
47859
47866
47875
47882
47890
47897
47906
47913
47922
47928
47937
47944
47953
47960
47969
47975
47984
47991
48000
48007
48015
48022
48031
48038
48047
48053
48062
48069
48078
48085
48093
48100
48109
48116
48125
48131
48140
48147
48156
48163
48172
48178
48187
48194
48203
48210
48218
48225
48234
48241
48250
48256
48265
48272
48281
48288
48296
48302
48310
48316
48325
48331
48339
48345
48353
48360
48368
48374
48382
48388
48397
48403
48411
48417
48425
48432
48440
48446
48454
48460
48469
48475
48483
48489
48498
48504
48512
48518
48526
48533
48541
48547
48555
48561
48570
48576
48584
48590
48598
48605
48613
48619
48627
48633
48642
48648
48656
48662
48670
48677
48685
48691
48699
48706
48714
48720
48728
48734
48743
48749
48757
48763
48771
48778
48786
48792
48800
48806
48815
48821
48829
48835
48843
48851
48857
48865
48872
48880
48886
48895
48901
48909
48915
48924
48930
48938
48945
48953
48959
48967
48974
48982
48988
48997
49003
49011
49017
49026
49032
49040
49047
49055
49061
49070
49076
49084
49090
49099
49105
49113
49120
49128
49134
49142
49149
49157
49163
49172
49178
49186
49192
49201
49207
49215
49222
49230
49236
49244
49251
49259
49265
49274
49280
49288
49295
49303
49309
49317
49324
49332
49338
49347
49353
49361
49369
49376
49385
49392
49400
49407
49416
49423
49432
49438
49447
49454
49463
49470
49478
49485
49494
49501
49510
49516
49525
49532
49541
49548
49556
49563
49572
49579
49587
49594
49603
49610
49619
49625
49634
49641
49650
49657
49665
49672
49681
49688
49697
49703
49712
49719
49728
49735
49743
49750
49759
49766
49774
49781
49790
49797
49806
49812
49821
49828
49837
49844
49852
49859
49868
49877
49884
49893
49900
49910
49917
49926
49933
49943
49950
49959
49966
49975
49983
49992
49999
50008
50016
50025
50032
50041
50048
50058
50065
50074
50081
50091
50098
50107
50114
50123
50131
50140
50147
50156
50164
50173
50180
50189
50196
50206
50213
50222
50229
50239
50246
50255
50262
50272
50279
50288
50295
50304
50312
50321
50328
50337
50345
50354
50361
50370
50377
50387
50394
50403
50410
50420
50429
50436
50445
50452
50462
50469
50478
50485
50495
50502
50511
50518
50527
50535
50544
50551
50560
50568
50577
50584
50593
50600
50610
50617
50626
50633
50643
50650
50659
50666
50675
50683
50692
50699
50708
50716
50725
50732
50741
50748
50758
50765
50774
50781
50791
50798
50807
50814
50824
50831
50840
50847
50856
50864
50873
50880
50889
50897
50906
50913
50922
50929
50939
50946
50955
50962
50972
50979
50988
50995
51003
51010
51018
51025
51034
51040
51049
51055
51064
51071
51079
51086
51095
51101
51110
51116
51125
51132
51140
51147
51155
51162
51171
51177
51186
51193
51201
51208
51216
51223
51232
51238
51247
51254
51262
51269
51277
51284
51293
51299
51308
51315
51322
51331
51337
51346
51353
51361
51368
51376
51383
51392
51398
51407
51414
51422
51429
51437
51444
51453
51459
51468
51475
51482
51491
51497
51506
51514
51521
51530
51536
51545
51552
51560
51567
51576
51582
51591
51598
51606
51613
51622
51628
51637
51644
51652
51659
51668
51674
51683
51690
51698
51705
51714
51720
51729
51736
51744
51751
51760
51766
51775
51782
51790
51797
51806
51812
51821
51828
51836
51843
51852
51858
51867
51874
51882
51889
51898
51904
51913
51920
51928
51935
51944
51950
51959
51966
51974
51981
51990
51996
52005
52012
52021
52028
52037
52044
52053
52061
52070
52077
52086
52093
52103
52110
52119
52126
52135
52143
52152
52159
52168
52175
52185
52192
52201
52208
52217
52225
52234
52241
52250
52257
52267
52274
52283
52290
52299
52307
52316
52323
52332
52339
52349
52356
52365
52372
52381
52389
52398
52405
52414
52421
52431
52438
52447
52454
52463
52471
52480
52487
52496
52503
52512
52520
52527
52535
52542
52550
52557
52565
52572
52580
52587
52595
52602
52611
52617
52626
52632
52641
52647
52656
52662
52671
52677
52686
52693
52701
52708
52716
52723
52731
52738
52746
52753
52761
52768
52776
52783
52792
52798
52807
52813
52822
52828
52837
52843
52852
52858
52867
52874
52882
52889
52897
52904
52912
52919
52927
52934
52942
52949
52958
52964
52973
52979
52988
52994
53003
53009
53018
53027
53034
53043
53050
53059
53067
53076
53083
53092
53099
53109
53116
53125
53132
53141
53149
53158
53165
53174
53181
53191
53198
53207
53214
53223
53231
53240
53247
53256
53263
53273
53280
53289
53296
53305
53313
53322
53329
53338
53345
53355
53362
53371
53378
53387
53395
53404
53411
53420
53427
53437
53444
53453
53460
53469
53477
53486
53493
53502
53509
53518
53526
53535
53542
53551
53558
53568
53575
53584
53591
53600
53608
53615
53624
53630
53639
53646
53654
53661
53670
53676
53685
53692
53700
53707
53716
53722
53731
53738
53746
53753
53762
53769
53777
53784
53793
53799
53808
53815
53823
53830
53839
53845
53854
53861
53869
53876
53885
53891
53900
53907
53915
53922
53931
53938
53946
53953
53962
53968
53977
53984
53992
53999
54008
54014
54023
54030
54038
54045
54054
54060
54069
54076
54084
54091
54100
54107
54115
54122
54131
54137
54145
54151
54160
54166
54174
54181
54189
54195
54204
54210
54218
54225
54233
54240
54248
54254
54263
54269
54277
54284
54292
54298
54307
54313
54321
54328
54336
54343
54351
54357
54366
54372
54380
54387
54395
54401
54410
54416
54424
54431
54439
54446
54454
54460
54469
54475
54483
54490
54498
54504
54513
54519
54527
54534
54542
54549
54557
54563
54572
54578
54586
54593
54601
54607
54616
54622
54630
54637
54645
54653
54661
54669
54677
54685
54693
54701
54709
54717
54725
54733
54741
54749
54757
54765
54773
54781
54789
54797
54805
54813
54821
54829
54837
54845
54853
54861
54869
54877
54885
54893
54901
54909
54917
54925
54933
54941
54949
54957
54965
54973
54981
54989
54997
55005
55013
55021
55029
55037
55045
55053
55061
55069
55077
55085
55093
55101
55109
55117
55125
55133
55141
55149
55157
55165
55173
55182
55189
55198
55205
55215
55222
55231
55238
55248
55255
55264
55271
55281
55288
55297
55304
55314
55321
55330
55337
55347
55354
55363
55370
55380
55387
55396
55403
55413
55420
55429
55436
55445
55453
55462
55469
55478
55486
55495
55502
55511
55519
55528
55535
55544
55552
55561
55568
55577
55585
55594
55601
55610
55618
55627
55634
55643
55651
55660
55667
55676
55683
55693
55701
55708
55716
55723
55732
55738
55747
55754
55762
55769
55778
55784
55793
55799
55808
55815
55823
55830
55839
55845
55854
55861
55869
55876
55884
55891
55900
55906
55915
55922
55930
55937
55946
55952
55961
55967
55976
55983
55991
55998
56007
56013
56022
56029
56037
56044
56053
56059
56068
56074
56083
56090
56098
56105
56114
56120
56129
56136
56144
56151
56159
56166
56175
56181
56190
56197
56205
56212
56221
56228
56237
56244
56253
56260
56269
56276
56285
56292
56301
56308
56317
56324
56333
56340
56349
56356
56365
56372
56381
56388
56397
56404
56413
56420
56429
56436
56445
56452
56461
56468
56477
56484
56493
56500
56509
56516
56525
56532
56541
56548
56557
56564
56573
56580
56589
56596
56605
56612
56621
56628
56637
56644
56653
56660
56669
56676
56685
56692
56701
56708
56718
56725
56734
56741
56750
56757
56765
56772
56780
56787
56795
56802
56810
56817
56825
56832
56841
56847
56856
56862
56871
56877
56886
56892
56901
56908
56916
56923
56931
56938
56946
56953
56961
56968
56977
56983
56992
56998
57007
57013
57022
57028
57037
57043
57052
57059
57067
57074
57082
57089
57097
57104
57112
57119
57128
57134
57143
57149
57158
57164
57173
57179
57188
57195
57203
57210
57218
57225
57233
57240
57248
57255
57263
57270
57279
57285
57294
57300
57309
57315
57324
57330
57339
57346
57354
57362
57369
57377
57384
57393
57399
57408
57415
57423
57430
57439
57445
57454
57461
57469
57476
57485
57491
57500
57507
57515
57522
57531
57537
57546
57553
57561
57568
57577
57583
57592
57599
57607
57614
57623
57629
57638
57645
57653
57660
57668
57675
57684
57690
57699
57706
57714
57721
57730
57736
57745
57752
57760
57767
57776
57782
57791
57798
57806
57813
57822
57828
57837
57844
57852
57859
57868
57874
57883
57890
57898
57905
57914
57920
57929
57936
57944
57951
57959
57966
57972
57980
57986
57994
58000
58008
58013
58021
58027
58035
58041
58049
58055
58062
58068
58076
58082
58090
58096
58104
58110
58117
58123
58131
58137
58145
58151
58159
58164
58172
58178
58186
58192
58200
58206
58214
58219
58227
58233
58241
58247
58255
58261
58268
58274
58282
58288
58296
58302
58310
58315
58323
58329
58337
58343
58351
58357
58365
58370
58378
58384
58392
58398
58406
58412
58419
58425
58433
58439
58447
58453
58461
58467
58474
58480
58488
58494
58502
58508
58516
58521
58529
58535
58543
58549
58557
58563
58571
58577
58585
58592
58600
58606
58615
58621
58629
58636
58644
58650
58659
58665
58673
58680
58688
58694
58703
58709
58717
58724
58732
58738
58747
58753
58761
58768
58776
58782
58790
58797
58805
58811
58820
58826
58834
58841
58849
58855
58864
58870
58878
58885
58893
58899
58908
58914
58922
58929
58937
58943
58952
58958
58966
58973
58981
58987
58995
59002
59010
59016
59025
59031
59039
59046
59054
59060
59069
59075
59083
59090
59098
59104
59113
59119
59127
59134
59142
59148
59157
59163
59171
59177
59185
59191
59200
59206
59214
59220
59229
59235
59243
59249
59257
59264
59272
59278
59286
59293
59301
59307
59315
59322
59330
59336
59344
59350
59359
59365
59373
59379
59388
59394
59402
59408
59417
59423
59431
59437
59445
59452
59460
59466
59474
59481
59489
59495
59503
59509
59518
59524
59532
59538
59547
59553
59561
59567
59576
59582
59590
59596
59604
59611
59619
59625
59633
59640
59648
59654
59662
59669
59677
59683
59691
59697
59706
59713
59722
59729
59738
59745
59755
59762
59771
59778
59787
59794
59803
59811
59820
59827
59836
59843
59852
59859
59869
59876
59885
59892
59901
59908
59917
59925
59934
59941
59950
59957
59966
59973
59983
59990
59999
60006
60015
60022
60032
60039
60048
60055
60064
60071
60080
60088
60097
60104
60113
60120
60129
60136
60146
60153
60162
60169
60178
60185
60194
60202
60211
60218
60226
60232
60240
60246
60254
60260
60268
60274
60282
60288
60296
60302
60310
60316
60324
60330
60338
60344
60352
60358
60366
60372
60380
60386
60394
60400
60408
60414
60422
60428
60436
60442
60450
60456
60464
60470
60478
60484
60492
60498
60506
60512
60520
60526
60534
60540
60548
60554
60562
60568
60576
60582
60590
60596
60604
60610
60618
60625
60633
60639
60647
60653
60661
60667
60675
60681
60689
60695
60703
60709
60717
60723
60731
60739
60746
60754
60761
60770
60776
60785
60792
60800
60807
60815
60822
60831
60837
60846
60853
60861
60868
60876
60883
60892
60898
60907
60914
60922
60929
60937
60944
60953
60959
60968
60975
60983
60990
60999
61005
61014
61020
61029
61036
61044
61051
61060
61066
61075
61081
61090
61097
61105
61112
61121
61127
61136
61142
61151
61158
61166
61173
61182
61188
61197
61203
61212
61219
61227
61234
61243
61249
61258
61265
61273
61280
61288
61296
61303
61312
61319
61328
61335
61344
61351
61360
61367
61376
61383
61392
61399
61408
61415
61424
61431
61440
61447
61456
61463
61472
61479
61488
61495
61504
61511
61520
61527
61536
61543
61552
61559
61568
61575
61584
61591
61600
61607
61616
61623
61632
61639
61648
61655
61664
61671
61680
61687
61696
61703
61712
61719
61728
61735
61744
61751
61760
61767
61776
61783
61792
61799
61808
61815
61824
61831
61840
61847
61856
61863
61872
61879
61885
61893
61899
61907
61913
61921
61927
61935
61941
61949
61955
61963
61969
61977
61983
61991
61997
62005
62011
62019
62025
62033
62039
62047
62053
62061
62067
62075
62081
62089
62095
62103
62109
62117
62123
62131
62137
62145
62151
62159
62165
62173
62179
62187
62193
62201
62207
62215
62221
62229
62235
62243
62249
62257
62263
62271
62277
62285
62291
62299
62305
62313
62319
62327
62333
62341
62347
62355
62361
62369
62375
62383
62389
62397
62403
62411
62417
62425
62431
62439
62445
62453
62459
62468
62475
62484
62491
62500
62507
62517
62524
62533
62540
62549
62556
62566
62573
62582
62589
62598
62605
62614
62622
62631
62638
62647
62654
62663
62671
62680
62687
62696
62703
62712
62720
62729
62736
62745
62752
62761
62768
62778
62785
62794
62801
62810
62817
62827
62834
62843
62850
62859
62866
62876
62883
62892
62899
62908
62915
62924
62932
62941
62948
62957
62965
62971
62980
62986
62995
63001
63010
63016
63025
63031
63039
63046
63054
63061
63069
63076
63084
63091
63099
63106
63114
63120
63129
63135
63144
63150
63159
63165
63174
63180
63189
63195
63203
63210
63218
63225
63233
63240
63248
63255
63263
63270
63278
63284
63293
63299
63308
63314
63323
63329
63338
63344
63353
63359
63367
63374
63382
63389
63397
63404
63412
63419
63427
63434
63442
63448
63457
63463
63472
63478
63487
63495
63502
63511
63518
63527
63534
63543
63550
63559
63566
63574
63581
63590
63597
63606
63613
63622
63629
63638
63645
63654
63660
63669
63676
63685
63692
63701
63708
63717
63724
63733
63739
63748
63755
63764
63771
63780
63787
63796
63803
63812
63819
63827
63834
63843
63850
63859
63866
63875
63882
63891
63898
63906
63913
63922
63929
63938
63945
63954
63961
63970
63977
63986
63992
64001
64008
64017
64024
64032
64039
64048
64055
64064
64071
64080
64087
64096
64103
64112
64119
64128
64135
64144
64151
64160
64166
64175
64182
64191
64198
64207
64214
64223
64230
64239
64246
64255
64262
64271
64278
64287
64294
64302
64309
64318
64325
64334
64341
64350
64357
64366
64373
64382
64389
64398
64405
64414
64421
64430
64436
64445
64452
64461
64468
64477
64484
64493
64500
64509
64516
64525
64532
64541
64548
64556
64562
64571
64577
64586
64592
64601
64607
64615
64622
64630
64637
64645
64652
64660
64666
64675
64681
64690
64696
64705
64711
64719
64726
64734
64741
64749
64756
64764
64770
64779
64785
64794
64800
64809
64815
64823
64830
64838
64845
64853
64860
64868
64874
64883
64889
64898
64904
64913
64919
64927
64934
64942
64949
64957
64964
64972
64978
64987
64993
65002
65008
65017
65023
65031
65038
65046
65053
65061
65068
65076
65082
65090
65096
65104
65111
65119
65125
65134
65140
65148
65155
65163
65169
65178
65184
65192
65199
65207
65213
65222
65228
65236
65243
65251
65257
65266
65272
65280
65287
65295
65301
65309
65316
65324
65330
65339
65345
65353
65360
65368
65374
65383
65389
65397
65404
65412
65418
65427
65433
65441
65448
65456
65462
65471
65477
65485
65492
65500
65506
65514
65521
65529
65535
65544
65550
65558
65565
65573
65579
65588
65594
65602
65609
65617
65623
65631
65637
65646
65652
65660
65667
65675
65682
65690
65696
65705
65711
65720
65726
65734
65741
65749
65756
65764
65770
65779
65785
65793
65800
65808
65815
65823
65829
65838
65844
65853
65859
65867
65874
65882
65889
65897
65903
65912
65918
65926
65933
65941
65948
65956
65962
65971
65977
65986
65992
66000
66007
66015
66022
66030
66036
66045
66051
66059
66066
66074
66081
66089
66095
66104
66110
66119
66128
66135
66145
66152
66162
66169
66179
66186
66196
66203
66212
66220
66229
66237
66246
66254
66263
66271
66280
66288
66297
66304
66314
66321
66331
66338
66348
66355
66365
66372
66381
66389
66398
66406
66415
66423
66432
66440
66449
66457
66466
66473
66483
66490
66500
66507
66517
66524
66534
66541
66550
66558
66567
66575
66584
66592
66601
66609
66618
66626
66635
66642
66652
66659
66669
66676
66686
66695
66702
66712
66719
66729
66736
66745
66753
66762
66770
66779
66786
66796
66803
66813
66820
66830
66837
66846
66854
66863
66871
66880
66887
66897
66904
66914
66921
66931
66938
66947
66955
66964
66972
66981
66988
66998
67005
67015
67022
67032
67039
67048
67056
67065
67073
67082
67089
67099
67106
67116
67123
67133
67140
67149
67157
67166
67174
67183
67190
67200
67207
67217
67224
67233
67241
67250
67259
67266
67275
67282
67291
67298
67307
67315
67324
67331
67340
67347
67356
67363
67372
67380
67389
67396
67405
67412
67421
67428
67437
67445
67454
67461
67470
67477
67486
67493
67503
67510
67519
67526
67535
67542
67551
67558
67568
67575
67584
67591
67600
67607
67616
67623
67633
67640
67649
67656
67665
67672
67681
67689
67698
67705
67714
67721
67730
67737
67746
67754
67763
67770
67779
67786
67795
67802
67811
67818
67827
67835
67844
67851
67860
67867
67876
67884
67893
67900
67909
67916
67925
67933
67942
67949
67958
67965
67974
67982
67991
67998
68007
68014
68023
68031
68040
68047
68056
68063
68072
68080
68089
68096
68105
68112
68121
68129
68138
68145
68154
68161
68170
68178
68187
68194
68203
68210
68219
68227
68236
68243
68252
68259
68268
68276
68285
68292
68301
68308
68317
68325
68334
68341
68351
68358
68367
68375
68384
68392
68401
68408
68418
68425
68435
68442
68451
68459
68468
68476
68485
68492
68502
68509
68519
68526
68535
68543
68552
68559
68569
68576
68586
68593
68602
68610
68619
68627
68636
68643
68653
68660
68670
68677
68686
68694
68703
68711
68720
68727
68737
68744
68753
68761
68770
68778
68787
68794
68804
68811
68821
68828
68836
68842
68851
68857
68865
68872
68880
68887
68895
68901
68910
68916
68924
68931
68939
68946
68954
68960
68969
68975
68983
68990
68998
69005
69013
69019
69028
69034
69042
69049
69057
69064
69072
69078
69087
69093
69101
69108
69116
69123
69131
69137
69146
69152
69160
69167
69175
69182
69190
69196
69205
69211
69219
69226
69234
69241
69249
69255
69264
69270
69278
69285
69293
69300
69308
69314
69323
69329
69337
69344
69352
69359
69367
69373
69382
69388
69396
69403
69411
69418
69427
69434
69443
69450
69459
69466
69475
69482
69491
69497
69506
69513
69522
69529
69538
69545
69554
69561
69570
69577
69585
69592
69601
69608
69617
69624
69633
69640
69649
69656
69665
69671
69680
69687
69696
69703
69712
69719
69728
69735
69744
69751
69759
69766
69775
69782
69791
69798
69807
69814
69823
69830
69839
69845
69854
69861
69870
69877
69886
69893
69902
69909
69918
69925
69933
69940
69949
69956
69965
69972
69981
69988
69996
70002
70011
70017
70026
70032
70041
70047
70056
70062
70071
70077
70086
70092
70101
70107
70116
70122
70131
70137
70146
70152
70161
70167
70176
70182
70190
70197
70205
70212
70220
70227
70235
70242
70250
70257
70265
70272
70280
70287
70295
70302
70310
70317
70325
70332
70340
70347
70355
70362
70370
70377
70385
70391
70400
70406
70415
70421
70430
70436
70445
70451
70460
70466
70475
70481
70490
70496
70505
70511
70520
70526
70534
70540
70548
70554
70562
70568
70576
70582
70590
70596
70605
70611
70619
70625
70633
70639
70647
70653
70661
70667
70676
70682
70690
70696
70704
70710
70718
70724
70732
70738
70746
70753
70761
70767
70775
70781
70789
70795
70803
70809
70817
70824
70832
70838
70846
70852
70860
70866
70874
70880
70888
70895
70903
70909
70917
70923
70931
70937
70945
70951
70959
70965
70974
70980
70988
70994
71002
71008
71016
71022
71030
71036
71045
71051
71059
71065
71073
71079
71087
71093
71101
71108
71116
71122
71131
71137
71145
71151
71160
71166
71174
71181
71189
71195
71203
71210
71218
71224
71233
71239
71247
71253
71262
71268
71276
71283
71291
71297
71306
71312
71320
71326
71335
71341
71349
71356
71364
71370
71378
71385
71393
71399
71408
71414
71422
71428
71437
71443
71451
71458
71466
71472
71480
71487
71495
71501
71510
71516
71524
71531
71539
71545
71553
71560
71568
71574
71583
71589
71597
71606
71613
71622
71629
71638
71645
71654
71662
71671
71678
71687
71694
71703
71710
71719
71727
71736
71743
71752
71759
71768
71775
71784
71792
71801
71808
71817
71824
71833
71840
71850
71857
71866
71873
71882
71889
71898
71905
71915
71922
71931
71938
71947
71954
71963
71970
71980
71987
71996
72003
72012
72019
72028
72036
72045
72052
72061
72068
72077
72084
72093
72101
72110
72117
72126
72133
72142
72149
72158
72165
72174
72182
72191
72198
72207
72215
72224
72231
72240
72248
72257
72264
72273
72281
72290
72297
72306
72314
72323
72330
72339
72347
72356
72363
72372
72380
72389
72396
72405
72413
72422
72429
72438
72446
72455
72462
72471
72479
72488
72495
72504
72512
72521
72528
72537
72545
72554
72561
72570
72578
72587
72594
72603
72611
72620
72627
72636
72644
72653
72660
72669
72677
72686
72693
72702
72710
72719
72726
72735
72743
72751
72757
72765
72771
72779
72786
72794
72800
72808
72814
72823
72829
72837
72843
72851
72858
72866
72872
72880
72886
72894
72901
72909
72915
72923
72929
72938
72944
72952
72958
72966
72973
72981
72987
72995
73001
73010
73016
73024
73030
73038
73044
73053
73059
73067
73073
73081
73088
73096
73102
73110
73116
73125
73131
73139
73145
73153
73160
73168
73174
73182
73188
73196
73203
73211
73217
73225
73231
73240
73246
73254
73260
73268
73275
73283
73289
73297
73303
73312
73318
73326
73332
73341
73348
73358
73365
73375
73382
73392
73399
73408
73416
73425
73433
73442
73450
73459
73466
73476
73483
73493
73500
73510
73517
73526
73534
73543
73551
73560
73568
73577
73584
73594
73601
73611
73618
73628
73635
73645
73652
73661
73669
73678
73686
73695
73703
73712
73719
73729
73736
73746
73753
73763
73770
73779
73787
73796
73804
73813
73821
73830
73837
73847
73854
73864
73871
73881
73888
73898
73905
73914
73922
73931
73940
73947
73956
73963
73972
73979
73988
73995
74004
74011
74020
74027
74036
74043
74052
74059
74068
74075
74084
74091
74100
74107
74116
74123
74132
74139
74149
74156
74165
74172
74181
74188
74197
74204
74213
74220
74229
74236
74245
74252
74261
74268
74277
74284
74293
74300
74309
74316
74325
74332
74341
74348
74357
74365
74374
74381
74390
74397
74406
74413
74422
74429
74438
74445
74454
74461
74470
74477
74486
74494
74500
74508
74514
74522
74528
74536
74543
74551
74557
74565
74571
74579
74586
74593
74601
74607
74615
74621
74629
74636
74643
74651
74657
74665
74671
74679
74686
74693
74701
74707
74715
74721
74729
74736
74743
74751
74757
74765
74771
74779
74786
74793
74801
74807
74815
74821
74829
74836
74843
74851
74857
74865
74871
74879
74886
74893
74901
74907
74915
74921
74929
74936
74943
74951
74957
74965
74971
74979
74986
74993
75001
75007
75015
75021
75029
75036
75044
75051
75060
75066
75075
75082
75090
75097
75106
75112
75121
75128
75136
75143
75152
75158
75167
75174
75183
75189
75198
75205
75213
75220
75229
75235
75244
75251
75259
75266
75275
75281
75290
75297
75306
75312
75321
75328
75336
75343
75352
75358
75367
75374
75382
75389
75398
75404
75413
75420
75429
75435
75444
75451
75459
75466
75475
75481
75490
75497
75505
75512
75521
75527
75536
75543
75552
75559
75568
75575
75585
75592
75601
75608
75618
75625
75634
75641
75651
75658
75667
75674
75684
75691
75700
75707
75717
75724
75733
75740
75750
75757
75766
75773
75783
75790
75799
75806
75815
75823
75832
75839
75848
75856
75865
75872
75881
75889
75898
75905
75914
75922
75931
75938
75947
75955
75964
75971
75980
75988
75997
76004
76013
76021
76030
76037
76046
76053
76063
76070
76079
76086
76096
76103
76112
76119
76125
76133
76139
76147
76153
76161
76166
76174
76180
76188
76194
76202
76208
76215
76221
76229
76235
76243
76249
76257
76262
76270
76276
76284
76290
76298
76304
76311
76317
76325
76331
76339
76345
76353
76358
76366
76372
76380
76386
76394
76400
76408
76413
76421
76427
76435
76441
76449
76455
76462
76468
76476
76482
76490
76496
76504
76509
76517
76523
76531
76537
76545
76551
76558
76564
76572
76578
76586
76592
76600
76605
76613
76619
76627
76633
76641
76647
76655
76662
76671
76678
76687
76694
76703
76710
76719
76726
76735
76742
76751
76757
76766
76773
76782
76789
76798
76805
76814
76821
76830
76837
76846
76853
76862
76868
76877
76884
76893
76900
76909
76916
76925
76932
76941
76948
76957
76964
76972
76979
76988
76995
77004
77011
77020
77027
77036
77043
77052
77059
77068
77075
77083
77090
77099
77106
77115
77122
77131
77138
77147
77154
77163
77170
77179
77188
77195
77205
77212
77222
77229
77238
77246
77255
77263
77272
77280
77289
77296
77306
77313
77323
77330
77339
77347
77356
77364
77373
77381
77390
77397
77407
77414
77424
77431
77441
77448
77457
77465
77474
77482
77491
77499
77507
77516
77524
77533
77541
77550
77557
77567
77574
77584
77591
77601
77608
77617
77625
77634
77642
77651
77659
77667
77676
77684
77693
77701
77708
77716
77723
77732
77738
77747
77754
77762
77769
77778
77784
77793
77800
77808
77815
77824
77830
77839
77845
77854
77861
77869
77876
77885
77891
77900
77907
77915
77922
77931
77937
77946
77953
77961
77968
77976
77983
77992
77998
78007
78014
78022
78029
78038
78044
78053
78060
78068
78075
78084
78090
78099
78106
78114
78121
78129
78136
78145
78151
78160
78167
78175
78182
78191
78197
78206
78213
78221
78228
78237
78243
78252
78258
78267
78274
78282
78289
78297
78303
78312
78318
78327
78333
78342
78348
78357
78363
78372
78378
78387
78393
78401
78408
78416
78423
78431
78438
78446
78453
78461
78468
78476
78483
78491
78497
78506
78512
78521
78527
78536
78542
78551
78557
78566
78572
78581
78587
78595
78602
78610
78617
78625
78632
78640
78647
78655
78662
78670
78677
78685
78691
78700
78706
78715
78721
78730
78736
78745
78751
78760
78766
78775
78781
78789
78796
78804
78811
78819
78826
78834
78841
78849
78857
78863
78871
78877
78885
78891
78899
78905
78913
78919
78928
78934
78942
78948
78956
78962
78970
78976
78984
78990
78998
79005
79013
79019
79027
79033
79041
79047
79055
79061
79069
79075
79084
79090
79098
79104
79112
79118
79126
79132
79140
79146
79154
79161
79169
79175
79183
79189
79197
79203
79211
79217
79225
79231
79240
79246
79254
79260
79268
79274
79282
79288
79296
79302
79310
79317
79325
79331
79339
79345
79353
79359
79367
79373
79381
79388
79394
79402
79408
79416
79422
79429
79435
79443
79449
79457
79463
79471
79476
79484
79490
79498
79504
79512
79518
79525
79531
79539
79545
79553
79559
79567
79572
79580
79586
79594
79600
79608
79614
79621
79627
79635
79641
79649
79655
79662
79668
79676
79682
79690
79696
79704
79709
79717
79723
79731
79737
79745
79751
79758
79764
79772
79778
79786
79792
79800
79805
79813
79819
79827
79833
79841
79847
79854
79860
79868
79874
79882
79888
79896
79903
79912
79919
79928
79935
79944
79951
79960
79966
79975
79982
79991
79998
80007
80014
80023
80030
80038
80045
80054
80061
80070
80077
80086
80093
80102
80109
80117
80124
80133
80140
80149
80156
80165
80172
80181
80188
80195
80204
80211
80220
80227
80236
80243
80252
80259
80267
80274
80283
80290
80299
80306
80315
80322
80331
80338
80345
80354
80361
80370
80377
80386
80393
80401
80408
80416
80423
80432
80438
80447
80454
80462
80469
80478
80484
80493
80500
80508
80515
80523
80530
80539
80545
80554
80561
80569
80576
80585
80591
80600
80607
80615
80622
80630
80637
80646
80652
80661
80668
80676
80683
80692
80698
80707
80714
80722
80729
80737
80744
80753
80759
80768
80775
80783
80790
80799
80805
80814
80821
80829
80836
80844
80851
80860
80866
80875
80882
80890
80897
80906
80912
80921
80928
80936
80944
80950
80958
80964
80973
80979
80987
80993
81002
81008
81016
81022
81031
81037
81045
81051
81060
81066
81074
81080
81089
81095
81103
81109
81118
81124
81132
81138
81147
81153
81161
81167
81175
81182
81190
81196
81204
81211
81219
81225
81233
81240
81248
81254
81262
81269
81277
81283
81291
81298
81306
81312
81320
81327
81335
81341
81349
81356
81364
81370
81378
81385
81393
81399
81407
81413
81422
81428
81436
81442
81451
81457
81465
81471
81480
81486
81494
81500
81509
81515
81523
81529
81538
81545
81551
81559
81565
81573
81579
81587
81592
81600
81606
81614
81620
81628
81634
81641
81647
81655
81661
81669
81675
81683
81688
81696
81702
81710
81716
81724
81730
81737
81743
81751
81757
81765
81771
81779
81784
81792
81798
81806
81812
81820
81826
81834
81839
81847
81853
81861
81867
81875
81881
81888
81894
81902
81908
81916
81922
81930
81935
81943
81949
81957
81963
81971
81977
81984
81990
81998
82004
82012
82018
82026
82031
82039
82045
82053
82059
82067
82073
82081
82086
82094
82100
82108
82114
82122
82128
82137
82143
82152
82158
82166
82173
82181
82188
82196
82202
82211
82217
82226
82232
82241
82247
82255
82262
82270
82277
82285
82291
82300
82306
82315
82321
82329
82336
82344
82351
82359
82366
82374
82380
82389
82395
82404
82410
82418
82425
82433
82440
82448
82454
82463
82469
82478
82484
82493
82499
82507
82514
82522
82529
82537
82543
82552
82558
82567
82573
82581
82588
82596
82603
82611
82618
82626
82632
82641
82647
82656
82662
82671
82678
82687
82694
82703
82710
82719
82726
82735
82742
82751
82758
82767
82774
82783
82790
82799
82806
82815
82822
82831
82838
82847
82854
82863
82870
82879
82886
82895
82902
82911
82918
82927
82934
82943
82950
82959
82966
82975
82982
82991
82998
83007
83014
83023
83030
83039
83046
83055
83062
83071
83078
83087
83094
83103
83110
83119
83126
83135
83142
83151
83158
83167
83174
83183
83190
83199
83206
83215
83222
83231
83238
83247
83256
83263
83272
83279
83289
83296
83305
83312
83322
83329
83338
83345
83355
83362
83371
83378
83388
83395
83404
83411
83421
83428
83437
83444
83454
83461
83470
83477
83487
83494
83503
83510
83520
83527
83536
83543
83553
83560
83569
83576
83586
83593
83602
83609
83619
83626
83635
83642
83652
83659
83668
83675
83685
83692
83701
83708
83718
83725
83734
83741
83751
83758
83767
83774
83784
83791
83800
83807
83817
83824
83833
83840
83850
83857
83865
83872
83880
83887
83896
83902
83911
83917
83926
83933
83941
83948
83956
83963
83972
83978
83987
83993
84002
84009
84017
84024
84033
84039
84048
84054
84063
84070
84078
84085
84093
84100
84109
84115
84124
84130
84139
84146
84154
84161
84169
84176
84185
84191
84200
84207
84215
84222
84230
84237
84246
84252
84261
84267
84276
84283
84291
84298
84306
84313
84322
84328
84337
84344
84352
84359
84367
84374
84383
84389
84398
84404
84413
84420
84428
84435
84443
84450
84459
84466
84475
84482
84491
84498
84507
84515
84524
84531
84540
84547
84556
84563
84572
84580
84589
84596
84605
84612
84621
84628
84637
84645
84654
84661
84670
84677
84686
84693
84703
84710
84719
84726
84735
84742
84751
84758
84768
84775
84784
84791
84800
84807
84816
84823
84833
84840
84849
84856
84865
84872
84881
84889
84898
84905
84914
84921
84930
84937
84946
84954
84963
84970
84979
84986
84995
85002
85011
85019
85028
85035
85044
85053
85060
85069
85076
85086
85093
85102
85109
85118
85126
85135
85142
85151
85158
85168
85175
85184
85191
85201
85208
85217
85224
85233
85241
85250
85257
85266
85273
85283
85290
85299
85306
85316
85323
85332
85339
85348
85356
85365
85372
85381
85388
85398
85405
85414
85421
85431
85438
85447
85454
85463
85471
85480
85487
85496
85503
85513
85520
85529
85536
85546
85553
85562
85569
85578
85586
85595
85602
85609
85615
85623
85629
85637
85642
85650
85656
85664
85670
85678
85683
85691
85697
85705
85711
85719
85724
85732
85738
85746
85752
85760
85765
85773
85779
85787
85793
85801
85806
85814
85820
85828
85834
85842
85847
85855
85861
85869
85875
85883
85888
85896
85902
85910
85916
85924
85929
85937
85943
85951
85957
85964
85970
85978
85984
85992
85998
86005
86011
86019
86025
86033
86039
86046
86052
86060
86066
86074
86080
86087
86093
86101
86107
86115
86121
86128
86136
86142
86150
86156
86164
86170
86178
86184
86193
86199
86207
86213
86221
86227
86235
86241
86249
86256
86264
86270
86278
86284
86292
86298
86306
86312
86321
86327
86335
86341
86349
86355
86363
86369
86377
86384
86392
86398
86406
86412
86420
86426
86434
86440
86449
86455
86463
86469
86477
86483
86491
86497
86506
86512
86520
86526
86534
86540
86548
86554
86562
86569
86577
86583
86591
86597
86605
86611
86619
86625
86634
86640
86648
86654
86662
86668
86676
86682
86690
86698
86704
86712
86718
86726
86732
86740
86746
86754
86760
86768
86774
86782
86788
86797
86803
86811
86817
86825
86831
86839
86845
86853
86859
86867
86873
86881
86887
86896
86902
86910
86916
86924
86930
86938
86944
86952
86958
86966
86972
86980
86986
86995
87001
87009
87015
87023
87029
87037
87043
87051
87057
87065
87071
87079
87085
87094
87100
87108
87114
87122
87128
87136
87142
87150
87156
87164
87170
87178
87184
87193
87199
87207
87213
87221
87229
87235
87243
87249
87257
87263
87271
87277
87285
87292
87300
87306
87314
87320
87328
87334
87342
87348
87357
87363
87371
87377
87385
87391
87399
87405
87413
87420
87428
87434
87442
87448
87456
87462
87470
87476
87485
87491
87499
87505
87513
87519
87527
87533
87541
87548
87556
87562
87570
87576
87584
87590
87598
87604
87612
87619
87627
87633
87641
87647
87655
87661
87669
87675
87684
87690
87698
87704
87712
87718
87726
87732
87740
87747
87755
87761
87769
87775
87783
87789
87797
87805
87811
87819
87825
87833
87839
87847
87853
87861
87867
87875
87881
87889
87895
87904
87910
87918
87924
87932
87938
87946
87952
87960
87966
87974
87980
87988
87994
88003
88009
88017
88023
88031
88037
88045
88051
88059
88065
88073
88079
88087
88093
88102
88108
88116
88122
88130
88136
88144
88150
88158
88164
88172
88178
88186
88192
88201
88207
88215
88221
88229
88235
88243
88249
88257
88263
88271
88277
88285
88291
88300
88306
88314
88320
88328
88334
88342
88351
88358
88367
88374
88383
88390
88399
88406
88415
88423
88432
88439
88448
88455
88464
88471
88480
88487
88496
88504
88513
88520
88529
88536
88545
88552
88561
88568
88577
88585
88594
88601
88610
88617
88626
88633
88642
88649
88659
88666
88675
88682
88691
88698
88707
88714
88723
88730
88740
88747
88756
88763
88772
88779
88788
88795
88804
88811
88821
88828
88837
88844
88853
88860
88869
88876
88885
88892
88902
88909
88918
88925
88934
88942
88949
88957
88964
88973
88979
88988
88995
89003
89010
89019
89025
89034
89040
89049
89056
89064
89071
89080
89086
89095
89102
89110
89117
89125
89132
89141
89147
89156
89163
89171
89178
89187
89193
89202
89208
89217
89224
89232
89239
89248
89254
89263
89270
89278
89285
89294
89300
89309
89315
89324
89331
89339
89346
89355
89361
89370
89377
89385
89392
89400
89407
89416
89422
89431
89439
89445
89453
89460
89468
89474
89483
89489
89497
89504
89512
89518
89527
89533
89541
89547
89556
89562
89570
89577
89585
89591
89600
89606
89614
89621
89629
89635
89643
89650
89658
89664
89673
89679
89687
89694
89702
89708
89717
89723
89731
89737
89746
89752
89760
89767
89775
89781
89790
89796
89804
89811
89819
89825
89833
89840
89848
89854
89863
89869
89877
89884
89892
89898
89907
89913
89921
89927
89936
89942
89950
89957
89965
89973
89980
89989
89996
90005
90011
90020
90027
90036
90043
90052
90058
90067
90074
90083
90090
90099
90105
90114
90121
90130
90137
90146
90152
90161
90168
90177
90184
90193
90199
90208
90215
90224
90231
90239
90246
90255
90262
90271
90278
90286
90293
90302
90309
90318
90325
90333
90340
90349
90356
90365
90372
90380
90387
90396
90403
90412
90419
90427
90434
90443
90450
90459
90465
90474
90481
90490
90497
90506
90512
90521
90528
90537
90544
90553
90559
90568
90576
90582
90590
90596
90604
90610
90618
90624
90632
90638
90646
90653
90661
90667
90675
90681
90689
90695
90703
90709
90717
90723
90731
90738
90746
90752
90760
90766
90774
90780
90788
90794
90802
90808
90816
90823
90831
90837
90845
90851
90859
90865
90873
90879
90887
90893
90901
90908
90916
90922
90930
90936
90944
90950
90958
90964
90972
90978
90986
90993
91001
91007
91015
91021
91029
91035
91043
91049
91057
91063
91071
91078
91086
91092
91100
91106
91114
91120
91128
91134
91142
91150
91156
91164
91170
91178
91184
91192
91198
91206
91212
91220
91226
91234
91240
91248
91254
91262
91268
91276
91282
91290
91296
91304
91310
91318
91324
91332
91338
91346
91352
91360
91366
91374
91380
91388
91394
91402
91408
91416
91422
91430
91436
91444
91450
91458
91464
91472
91478
91486
91492
91500
91506
91514
91520
91528
91534
91542
91549
91557
91563
91571
91577
91585
91591
91599
91605
91613
91619
91627
91633
91641
91647
91655
91661
91669
91675
91683
91689
91697
91703
91711
91717
91725
91731
91739
91745
91753
91759
91767
91774
91782
91788
91796
91802
91810
91817
91825
91831
91839
91845
91854
91860
91868
91874
91882
91888
91897
91903
91911
91917
91925
91932
91940
91946
91954
91960
91968
91975
91983
91989
91997
92003
92012
92018
92026
92032
92040
92046
92055
92061
92069
92075
92083
92090
92098
92104
92112
92118
92126
92133
92141
92147
92155
92161
92170
92176
92184
92190
92198
92204
92213
92219
92227
92233
92241
92248
92256
92262
92270
92276
92284
92291
92298
92304
92312
92318
92326
92332
92340
92346
92354
92360
92367
92373
92381
92387
92395
92401
92409
92415
92423
92429
92436
92442
92450
92456
92464
92470
92478
92484
92492
92498
92506
92511
92519
92525
92533
92539
92547
92553
92561
92567
92575
92580
92588
92594
92602
92608
92616
92622
92630
92636
92644
92650
92657
92663
92671
92677
92685
92691
92699
92705
92713
92719
92726
92732
92740
92746
92754
92760
92768
92774
92782
92788
92796
92801
92809
92815
92823
92829
92837
92843
92851
92857
92865
92871
92880
92886
92894
92900
92908
92914
92923
92929
92937
92943
92951
92957
92966
92972
92980
92986
92994
93000
93009
93015
93023
93029
93037
93043
93052
93058
93066
93072
93080
93086
93095
93101
93109
93115
93123
93129
93138
93144
93152
93158
93166
93172
93181
93187
93195
93201
93209
93215
93224
93230
93238
93244
93252
93258
93267
93273
93281
93287
93295
93301
93309
93316
93324
93330
93338
93344
93352
93359
93367
93373
93381
93387
93395
93402
93410
93416
93424
93430
93439
93446
93455
93462
93471
93478
93487
93494
93503
93510
93519
93526
93535
93542
93551
93558
93567
93574
93583
93590
93599
93606
93615
93622
93631
93638
93647
93654
93663
93670
93679
93686
93695
93702
93711
93718
93727
93734
93743
93750
93759
93766
93775
93782
93791
93798
93807
93814
93823
93830
93839
93846
93855
93862
93871
93878
93887
93894
93903
93910
93919
93926
93935
93942
93952
93959
93969
93976
93986
93993
94003
94010
94020
94027
94037
94044
94054
94061
94070
94078
94087
94095
94104
94112
94121
94129
94138
94146
94155
94163
94172
94180
94189
94196
94206
94213
94223
94230
94240
94247
94257
94264
94274
94281
94291
94298
94308
94315
94325
94332
94341
94349
94358
94366
94375
94383
94392
94400
94409
94417
94426
94434
94441
94450
94456
94465
94472
94480
94487
94496
94502
94511
94518
94526
94533
94542
94548
94557
94564
94572
94579
94588
94595
94603
94610
94619
94625
94634
94641
94649
94656
94665
94671
94680
94687
94695
94702
94711
94717
94726
94733
94741
94748
94757
94764
94772
94779
94788
94794
94803
94810
94818
94825
94834
94840
94849
94856
94864
94871
94880
94886
94895
94902
94910
94917
94926
94933
94941
94948
94957
94966
94973
94982
94989
94998
95005
95014
95021
95030
95037
95046
95053
95062
95069
95078
95085
95094
95101
95110
95117
95126
95133
95142
95149
95158
95165
95174
95181
95190
95197
95206
95213
95222
95229
95238
95245
95254
95261
95270
95277
95286
95293
95302
95309
95318
95325
95334
95341
95350
95357
95366
95373
95382
95389
95398
95405
95414
95421
95430
95437
95446
95453
95463
95470
95479
95486
95495
95502
95511
95518
95527
95534
95543
95552
95559
95569
95576
95585
95593
95602
95609
95619
95626
95636
95643
95652
95660
95669
95676
95686
95693
95702
95710
95719
95727
95736
95743
95753
95760
95769
95777
95786
95794
95803
95810
95820
95827
95836
95844
95853
95860
95870
95877
95887
95894
95903
95911
95920
95927
95937
95944
95954
95961
95970
95978
95987
95994
96004
96011
96020
96028
96037
96045
96054
96061
96071
96079
96085
96093
96099
96107
96113
96121
96128
96136
96142
96150
96156
96164
96171
96178
96186
96192
96200
96206
96214
96221
96228
96236
96242
96250
96256
96264
96271
96278
96286
96292
96300
96306
96314
96321
96328
96336
96342
96350
96356
96364
96371
96378
96386
96392
96400
96406
96414
96421
96428
96436
96442
96450
96456
96464
96471
96478
96486
96492
96500
96506
96514
96521
96528
96536
96542
96550
96556
96564
96571
96578
96586
96592
96600
96606
96614
96621
96628
96636
96644
96651
96659
96666
96674
96681
96689
96696
96704
96711
96719
96726
96735
96741
96750
96756
96765
96771
96780
96786
96795
96801
96810
96817
96825
96832
96840
96847
96855
96862
96870
96877
96885
96892
96900
96907
96916
96922
96931
96937
96946
96952
96961
96967
96976
96982
96991
96998
97006
97013
97021
97028
97036
97043
97051
97058
97066
97073
97082
97088
97097
97103
97112
97118
97127
97133
97142
97148
97157
97163
97172
97180
97186
97194
97200
97208
97215
97223
97229
97237
97243
97252
97258
97266
97272
97280
97287
97295
97301
97309
97315
97323
97330
97338
97344
97352
97358
97367
97373
97381
97387
97395
97402
97410
97416
97424
97430
97439
97445
97453
97459
97467
97473
97482
97488
97496
97502
97510
97517
97525
97531
97539
97545
97554
97560
97568
97574
97582
97589
97597
97603
97611
97617
97625
97632
97640
97646
97654
97660
97669
97675
97683
97689
97697
97703
97711
97718
97726
97732
97741
97747
97755
97762
97770
97776
97785
97791
97799
97806
97814
97820
97828
97835
97843
97849
97858
97864
97872
97879
97887
97893
97902
97908
97916
97923
97931
97937
97945
97952
97960
97966
97975
97981
97989
97996
98004
98010
98019
98025
98033
98040
98048
98054
98062
98069
98077
98083
98092
98098
98106
98113
98121
98127
98136
98142
98150
98157
98165
98171
98179
98186
98194
98200
98209
98215
98223
98232
98239
98248
98255
98265
98272
98281
98288
98298
98305
98314
98321
98330
98338
98347
98354
98363
98371
98380
98387
98396
98404
98413
98420
98429
98436
98446
98453
98462
98469
98479
98486
98495
98502
98512
98519
98528
98535
98544
98552
98561
98568
98577
98585
98594
98601
98610
98618
98627
98634
98643
98650
98660
98667
98676
98683
98693
98700
98709
98716
98726
98733
98741
98747
98756
98762
98771
98777
98786
98792
98801
98807
98816
98822
98831
98837
98846
98852
98861
98867
98876
98882
98891
98897
98906
98912
98921
98927
98935
98942
98950
98957
98965
98972
98980
98987
98995
99002
99010
99017
99025
99032
99040
99047
99055
99062
99070
99077
99085
99092
99100
99107
99115
99122
99130
99136
99145
99151
99160
99166
99175
99181
99190
99196
99205
99211
99220
99226
99235
99241
99250
99256
99265
99271
99280
99286
99295
99304
99311
99320
99327
99336
99344
99353
99360
99369
99376
99385
99393
99402
99409
99418
99425
99434
99442
99451
99458
99467
99474
99483
99491
99500
99507
99516
99523
99532
99540
99549
99556
99565
99572
99581
99589
99598
99605
99614
99621
99630
99638
99647
99654
99663
99670
99679
99687
99696
99703
99712
99719
99728
99736
99745
99752
99761
99768
99777
99785
99794
99801
99810
99817
99826
99835
99842
99852
99859
99868
99876
99885
99892
99902
99909
99918
99926
99935
99942
99952
99959
99969
99976
99985
99993
100002
100009
100019
100026
100035
100043
100052
100059
100069
100076
100086
100093
100102
100110
100119
100126
100136
100143
100152
100160
100169
100176
100186
100193
100203
100210
100219
100227
100236
100243
100253
100260
100269
100277
100286
100293
100303
100310
100320
100327
100336
100344
100353
100360
100370
100377
100386
100394
100403
100410
100420
100427
100437
