9
17
26
34
43
51
61
68
78
85
95
103
112
120
129
137
147
154
164
171
181
189
198
206
215
223
233
240
250
257
267
275
284
292
301
309
319
326
336
343
353
361
370
378
387
395
405
412
422
429
439
446
456
464
473
481
490
498
508
515
525
532
542
550
559
567
576
590
603
618
631
645
658
673
686
700
713
728
741
756
768
783
796
811
823
838
851
866
879
893
906
921
934
948
961
976
989
1004
1016
1031
1044
1059
1071
1086
1099
1114
1127
1141
1154
1169
1182
1192
1200
1210
1219
1229
1237
1247
1256
1266
1274
1284
1293
1303
1311
1321
1330
1340
1348
1358
1367
1377
1385
1395
1404
1414
1422
1432
1441
1451
1459
1470
1478
1488
1496
1507
1515
1525
1533
1544
1552
1562
1570
1581
1589
1599
1607
1618
1626
1636
1644
1655
1663
1673
1682
1691
1701
1709
1720
1728
1738
1748
1756
1767
1775
1786
1794
1805
1813
1823
1832
1842
1851
1861
1870
1880
1888
1899
1907
1918
1926
1937
1945
1955
1964
1974
1983
1993
2002
2012
2021
2031
2039
2050
2058
2069
2077
2088
2096
2106
2115
2125
2134
2144
2153
2163
2171
2182
2190
2201
2209
2220
2228
2238
2247
2257
2266
2276
2285
2294
2302
2311
2319
2328
2336
2345
2353
2362
2370
2379
2387
2396
2404
2413
2421
2430
2438
2448
2455
2465
2472
2482
2489
2499
2506
2516
2523
2533
2540
2550
2557
2567
2574
2584
2592
2601
2609
2618
2626
2635
2643
2652
2660
2669
2677
2686
2694
2703
2711
2720
2728
2738
2745
2755
2762
2772
2779
2789
2796
2806
2813
2823
2830
2840
2847
2857
2864
2874
2882
2891
2909
2926
2945
2961
2980
2997
3015
3032
3051
3067
3086
3103
3122
3138
3157
3174
3192
3209
3228
3244
3263
3280
3299
3315
3334
3351
3369
3386
3405
3421
3440
3457
3476
3492
3511
3528
3546
3563
3571
3578
3587
3594
3602
3609
3618
3625
3634
3640
3649
3656
3665
3672
3680
3687
3696
3703
3712
3718
3727
3734
3743
3750
3758
3765
3774
3781
3790
3796
3805
3812
3821
3828
3836
3843
3852
3859
3868
3874
3883
3890
3899
3906
3914
3921
3930
3937
3946
3952
3961
3968
3977
3984
3992
3999
4008
4015
4024
4030
4039
4046
4055
4062
4070
4077
4086
4093
4102
4108
4117
4124
4133
4139
4148
4155
4164
4171
4179
4186
4195
4202
4211
4217
4226
4233
4242
4249
4257
4269
4279
4291
4301
4314
4324
4336
4346
4358
4369
4381
4391
4403
4413
4426
4436
4448
4458
4470
4481
4493
4503
4515
4525
4538
4548
4560
4570
4582
4593
4605
4615
4627
4637
4650
4660
4672
4682
4694
4705
4717
4727
4739
4749
4762
4772
4784
4794
4807
4817
4829
4839
4851
4862
4874
4884
4896
4906
4919
4929
4941
4950
4957
4967
4974
4984
4991
5001
5008
5018
5025
5035
5042
5052
5059
5069
5076
5085
5093
5102
5110
5119
5127
5136
5144
5153
5161
5170
5178
5187
5195
5204
5211
5221
5228
5238
5245
5255
5262
5272
5279
5289
5296
5306
5313
5323
5330
5340
5347
5356
5364
5373
5381
5390
5398
5407
5415
5424
5432
5441
5449
5458
5466
5475
5482
5492
5499
5509
5516
5526
5533
5543
5550
5560
5567
5577
5586
5593
5602
5609
5618
5625
5634
5641
5650
5657
5666
5673
5683
5690
5699
5706
5715
5722
5731
5738
5747
5754
5763
5770
5780
5787
5796
5803
5812
5819
5828
5835
5844
5851
5860
5867
5876
5884
5893
5900
5909
5916
5925
5932
5941
5948
5957
5964
5973
5981
5990
5997
6006
6013
6022
6029
6038
6045
6054
6061
6070
6078
6087
6094
6103
6110
6119
6126
6135
6142
6151
6163
6173
6185
6195
6207
6218
6230
6240
6252
6262
6275
6285
6297
6307
6319
6330
6342
6352
6364
6374
6387
6397
6409
6419
6431
6442
6454
6464
6476
6486
6499
6509
6521
6531
6543
6553
6566
6576
6588
6598
6610
6621
6633
6643
6655
6665
6678
6688
6700
6710
6722
6733
6745
6755
6767
6777
6790
6800
6812
6822
6834
6845
6857
6867
6879
6889
6901
6922
6942
6964
6984
7006
7026
7048
7068
7090
7110
7132
7152
7174
7194
7216
7236
7258
7278
7300
7320
7342
7362
7384
7404
7426
7446
7468
7488
7509
7528
7550
7569
7591
7610
7632
7651
7672
7692
7713
7733
7754
7774
7795
7815
7836
7855
7877
7896
7918
7937
7959
7978
8000
8019
8040
8058
8075
8093
8110
8128
8145
8164
8180
8199
8215
8234
8251
8269
8286
8304
8321
8340
8356
8375
8391
8410
8427
8445
8462
8480
8497
8516
8532
8551
8567
8586
8603
8617
8630
8645
8657
8672
8685
8700
8712
8727
8740
8755
8767
8782
8795
8810
8822
8837
8850
8865
8877
8892
8905
8920
8932
8947
8960
8975
8987
9002
9015
9030
9042
9057
9070
9085
9097
9112
9125
9140
9152
9167
9180
9195
9207
9222
9235
9250
9262
9277
9290
9305
9314
9321
9331
9338
9347
9355
9364
9372
9381
9388
9398
9405
9415
9422
9431
9439
9448
9456
9465
9472
9482
9489
9499
9506
9515
9523
9532
9539
9549
9556
9566
9573
9582
9590
9599
9607
9616
9623
9633
9640
9650
9657
9666
9674
9683
9691
9700
9707
9717
9724
9733
9741
9750
9758
9767
9774
9784
9791
9801
9808
9817
9825
9834
9842
9851
9858
9868
9875
9885
9893
9900
9908
9915
9923
9930
9938
9945
9954
9960
9969
9975
9984
9990
9999
10006
10014
10021
10029
10036
10044
10051
10060
10066
10075
10081
10090
10096
10105
10112
10120
10127
10135
10142
10150
10157
10166
10172
10181
10187
10196
10202
10211
10218
10226
10233
10241
10248
10256
10263
10272
10278
10287
10293
10302
10308
10317
10324
10332
10339
10347
10354
10362
10369
10378
10384
10393
10399
10408
10414
10423
10430
10438
10445
10453
10460
10468
10475
10484
10490
10500
10509
10519
10528
10539
10547
10558
10567
10577
10586
10597
10605
10616
10625
10635
10644
10654
10663
10674
10682
10693
10702
10712
10721
10732
10740
10751
10760
10770
10779
10790
10798
10809
10817
10828
10837
10847
10856
10867
10875
10886
10895
10905
10914
10925
10933
10944
10953
10963
10972
10982
10991
11002
11010
11021
11030
11040
11049
11060
11068
11079
11088
11098
11107
11115
11122
11130
11137
11145
11152
11161
11167
11176
11182
11191
11197
11206
11213
11221
11228
11236
11243
11251
11258
11267
11273
11282
11288
11297
11303
11312
11319
11327
11334
11342
11349
11357
11364
11373
11379
11388
11394
11403
11410
11418
11425
11433
11440
11448
11455
11464
11470
11479
11485
11494
11500
11509
11516
11524
11531
11539
11546
11554
11561
11570
11576
11585
11591
11600
11607
11614
11623
11629
11638
11644
11653
11660
11668
11675
11683
11703
11722
11743
11762
11783
11802
11823
11842
11863
11882
11903
11922
11943
11962
11983
12001
12022
12041
12062
12081
12102
12121
12142
12161
12182
12201
12222
12241
12262
12281
12294
12306
12320
12332
12345
12357
12371
12383
12396
12408
12422
12434
12447
12459
12473
12485
12498
12510
12524
12536
12549
12561
12575
12587
12600
12612
12626
12638
12651
12663
12677
12689
12702
12714
12728
12740
12753
12765
12779
12791
12804
12816
12830
12842
12855
12867
12881
12893
12906
12916
12925
12935
12944
12954
12963
12973
12982
12992
13001
13012
13020
13031
13039
13050
13058
13069
13077
13088
13096
13107
13116
13126
13135
13145
13154
13164
13173
13183
13192
13202
13211
13222
13230
13241
13249
13260
13268
13279
13287
13298
13306
13317
13326
13336
13345
13355
13364
13374
13383
13393
13402
13412
13421
13432
13440
13451
13459
13470
13478
13489
13497
13508
13516
13527
13536
13546
13555
13565
13574
13584
13593
13603
13612
13622
13631
13642
13650
13661
13671
13682
13692
13704
13714
13724
13736
13746
13756
13768
13778
13788
13800
13810
13820
13832
13842
13852
13864
13874
13884
13896
13906
13916
13928
13938
13948
13960
13970
13980
13992
14002
14012
14024
14034
14044
14056
14066
14076
14088
14098
14108
14120
14130
14140
14152
14162
14172
14184
14194
14204
14216
14226
14236
14248
14260
14270
14283
14293
14306
14316
14328
14339
14351
14362
14374
14384
14397
14407
14420
14430
14442
14453
14465
14476
14488
14498
14511
14521
14534
14544
14556
14567
14579
14590
14602
14613
14625
14635
14648
14658
14671
14681
14693
14704
14716
14727
14739
14749
14762
14772
14785
14795
14807
14818
14830
14841
14853
14863
14876
14886
14894
14904
14912
14922
14930
14940
14948
14958
14966
14976
14984
14994
15002
15013
15021
15031
15039
15049
15057
15067
15075
15085
15093
15103
15111
15121
15129
15140
15148
15158
15166
15176
15184
15194
15202
15212
15220
15230
15238
15248
15256
15267
15275
15285
15293
15303
15311
15321
15329
15339
15347
15357
15365
15375
15383
15394
15402
15412
15420
15429
15437
15447
15455
15465
15473
15483
15491
15501
15509
15518
15526
15536
15544
15554
15562
15572
15580
15590
15598
15607
15615
15625
15633
15643
15651
15661
15669
15679
15687
15696
15704
15714
15722
15732
15740
15750
15758
15768
15776
15785
15793
15803
15811
15821
15829
15839
15847
15857
15865
15875
15882
15892
15900
15910
15918
15928
15936
15946
15954
15964
15971
15981
15989
15999
16007
16017
16025
16035
16043
16053
16060
16070
16078
16088
16096
16106
16114
16124
16132
16142
16149
16161
16172
16185
16196
16209
16220
16233
16244
16257
16268
16281
16292
16305
16316
16329
16340
16353
16364
16377
16388
16401
16412
16425
16436
16449
16460
16473
16484
16497
16508
16521
16532
16545
16556
16569
16580
16593
16604
16617
16628
16641
16651
16664
16675
16688
16699
16712
16723
16736
16747
16760
16771
16784
16795
16808
16827
16845
16865
16883
16903
16921
16941
16959
16979
16997
17017
17035
17055
17073
17093
17111
17131
17149
17169
17187
17207
17225
17245
17262
17282
17300
17320
17338
17358
17376
17396
17404
17411
17419
17426
17435
17441
17450
17457
17465
17472
17481
17487
17496
17503
17511
17518
17527
17533
17542
17549
17557
17564
17573
17579
17588
17595
17603
17610
17619
17625
17634
17641
17649
17656
17665
17671
17680
17687
17695
17702
17711
17717
17726
17733
17741
17748
17757
17763
17772
17779
17787
17794
17803
17809
17818
17825
17833
17840
17849
17855
17864
17871
17879
17886
17895
17901
17910
17917
17925
17932
17941
17947
17956
17963
17971
17978
17987
17994
18003
18010
18019
18026
18035
18042
18051
18058
18067
18074
18083
18090
18099
18106
18115
18122
18131
18138
18147
18154
18163
18170
18179
18186
18195
18202
18211
18217
18226
18233
18242
18249
18258
18265
18274
18281
18290
18297
18306
18313
18322
18329
18338
18345
18354
18361
18370
18377
18386
18393
18402
18409
18418
18425
18434
18441
18450
18457
18465
18472
18481
18488
18497
18504
18513
18520
18529
18536
18545
18552
18565
18577
18590
18602
18615
18627
18640
18652
18666
18677
18691
18702
18716
18727
18741
18753
18766
18778
18791
18803
18816
18828
18842
18853
18867
18878
18892
18903
18917
18928
18942
18954
18967
18979
18992
19004
19017
19029
19043
19054
19068
19079
19093
19104
19118
19130
19143
19155
19168
19180
19193
19205
19218
19230
19244
19255
19269
19280
19294
19305
19319
19331
19342
19355
19366
19378
19389
19402
19413
19426
19436
19449
19460
19473
19484
19496
19507
19520
19531
19544
19554
19567
19578
19591
19602
19614
19625
19638
19649
19662
19672
19685
19696
19709
19720
19732
19743
19756
19767
19780
19790
19803
19814
19827
19838
19850
19861
19874
19885
19898
19908
19921
19932
19945
19956
19968
19979
19992
20003
20016
20034
20051
20070
20087
20106
20123
20142
20159
20178
20195
20214
20231
20250
20267
20286
20303
20322
20339
20358
20375
20394
20411
20430
20447
20466
20483
20502
20518
20537
20554
20573
20590
20609
20626
20645
20662
20681
20698
20717
20734
20753
20770
20789
20801
20813
20825
20837
20849
20861
20873
20885
20897
20909
20921
20933
20945
20957
20969
20981
20993
21005
21017
21029
21041
21053
21065
21077
21089
21101
21113
21125
21137
21149
21161
21173
21185
21197
21209
21221
21233
21245
21257
21269
21281
21293
21305
21317
21329
21341
21353
21365
21377
21389
21401
21413
21425
21437
21449
21458
21465
21475
21482
21491
21499
21508
21515
21525
21532
21542
21549
21558
21566
21575
21582
21592
21599
21608
21616
21625
21633
21642
21649
21659
21666
21675
21683
21692
21700
21709
21716
21726
21733
21742
21750
21759
21766
21776
21783
21793
21800
21809
21817
21826
21833
21843
21850
21860
21867
21876
21884
21893
21900
21910
21917
21926
21934
21943
21951
21960
21967
21977
21984
21993
22001
22010
22018
22027
22034
22044
22051
22060
22068
22077
22084
22094
22101
22111
22118
22127
22135
22144
22151
22161
22168
22178
22194
22209
22226
22240
22257
22272
22288
22303
22320
22334
22351
22366
22382
22397
22414
22428
22445
22460
22477
22491
22508
22523
22539
22554
22571
22585
22602
22617
22633
22648
22665
22679
22696
22711
22728
22742
22759
22774
22790
22805
22822
22836
22853
22868
22884
22899
22916
22930
22947
22958
22967
22978
22987
22998
23007
23018
23027
23038
23047
23058
23067
23078
23087
23098
23107
23118
23127
23138
23147
23158
23167
23178
23187
23198
23207
23218
23227
23238
23248
23259
23268
23279
23288
23299
23308
23319
23328
23339
23348
23359
23368
23379
23388
23399
23408
23419
23428
23439
23448
23459
23468
23479
23488
23499
23508
23519
23528
23539
23549
23560
23569
23580
23589
23600
23609
23620
23629
23640
23649
23660
23669
23680
23689
23698
23706
23715
23723
23732
23740
23749
23757
23766
23774
23783
23791
23800
23808
23817
23825
23834
23842
23851
23859
23868
23876
23885
23893
23902
23910
23919
23927
23936
23944
23953
23961
23970
23978
23987
23995
24004
24012
24021
24029
24038
24046
24055
24063
24072
24080
24089
24097
24106
24114
24123
24131
24140
24148
24157
24165
24174
24182
24191
24199
24208
24216
24225
24233
24242
24250
24259
24267
24276
24284
24293
24313
24331
24351
24369
24389
24407
24427
24445
24465
24483
24503
24521
24542
24560
24580
24598
24618
24636
24656
24674
24694
24712
24732
24750
24770
24789
24809
24827
24847
24865
24885
24903
24915
24925
24937
24947
24959
24969
24981
24991
25003
25014
25026
25036
25048
25058
25070
25080
25092
25102
25114
25125
25137
25147
25159
25169
25181
25191
25203
25213
25225
25236
25248
25258
25270
25280
25292
25302
25314
25324
25336
25347
25359
25369
25381
25391
25403
25413
25425
25435
25447
25458
25470
25480
25492
25502
25514
25524
25536
25546
25558
25569
25581
25591
25603
25616
25627
25640
25652
25665
25676
25690
25701
25714
25725
25739
25750
25763
25775
25788
25799
25813
25824
25837
25848
25862
25873
25886
25898
25911
25922
25935
25947
25960
25971
25985
25996
26009
26021
26034
26045
26058
26070
26083
26094
26108
26119
26132
26143
26157
26168
26181
26193
26206
26217
26231
26242
26255
26266
26280
26291
26304
26316
26329
26340
26353
26365
26375
26387
26397
26410
26420
26432
26442
26455
26465
26477
26487
26500
26510
26522
26532
26545
26555
26567
26577
26590
26600
26612
26622
26635
26645
26657
26667
26680
26690
26702
26712
26725
26735
26747
26757
26770
26780
26792
26802
26815
26825
26837
26847
26860
26870
26882
26892
26905
26915
26927
26937
26950
26960
26972
26982
26995
27005
27017
27027
27040
27050
27062
27072
27085
27095
27107
27117
27131
27143
27157
27170
27184
27196
27211
27223
27237
27249
27264
27276
27290
27303
27317
27329
27343
27356
27370
27382
27397
27409
27423
27435
27450
27462
27476
27489
27503
27515
27529
27542
27556
27568
27583
27595
27609
27621
27636
27648
27662
27675
27689
27701
27716
27728
27742
27754
27769
27781
27792
27801
27813
27822
27834
27843
27855
27864
27876
27885
27897
27906
27918
27927
27939
27948
27960
27969
27981
27990
28002
28011
28023
28032
28044
28053
28065
28074
28086
28095
28107
28116
28128
28137
28149
28158
28170
28179
28191
28200
28212
28221
28233
28242
28254
28263
28275
28284
28296
28305
28317
28326
28338
28347
28359
28368
28380
28389
28401
28410
28431
28450
28471
28490
28511
28530
28551
28570
28591
28610
28631
28650
28671
28690
28712
28731
28752
28771
28792
28811
28832
28851
28872
28891
28912
28931
28952
28971
28992
29012
29031
29048
29067
29084
29103
29120
29140
29157
29176
29193
29212
29229
29249
29266
29285
29302
29321
29338
29357
29375
29394
29411
29430
29447
29466
29484
29503
29520
29539
29556
29575
29592
29612
29629
29648
29665
29684
29701
29721
29738
29757
29777
29796
29817
29836
29857
29876
29897
29916
29937
29956
29976
29995
30016
30035
30056
30075
30096
30115
30136
30155
30175
30194
30215
30234
30255
30274
30295
30314
30335
30346
30356
30368
30378
30389
30399
30411
30421
30432
30442
30454
30464
30475
30485
30497
30507
30518
30528
30540
30550
30562
30571
30583
30593
30605
30614
30626
30636
30648
30657
30669
30679
30691
30700
30712
30722
30734
30743
30755
30765
30777
30787
30798
30808
30820
30830
30841
30851
30863
30873
30884
30894
30906
30916
30927
30937
30946
30953
30963
30970
30980
30987
30997
31004
31014
31021
31031
31038
31048
31055
31065
31072
31082
31089
31099
31106
31116
31123
31133
31140
31150
31157
31167
31174
31184
31191
31201
31208
31218
31225
31235
31242
31252
31259
31269
31276
31286
31293
31303
31310
31320
31327
31337
31344
31354
31361
31371
31378
31388
31395
31405
31412
31422
31429
31439
31446
31456
31463
31473
31480
31490
31497
31507
31514
31523
31531
31540
31548
31557
31565
31574
31582
31591
31599
31608
31616
31625
31633
31642
31650
31659
31672
31683
31696
31707
31720
31731
31744
31755
31768
31779
31792
31803
31816
31827
31840
31851
31864
31875
31888
31899
31912
31923
31936
31947
31960
31971
31984
31996
32009
32020
32033
32044
32057
32068
32081
32092
32105
32116
32129
32140
32153
32164
32177
32188
32201
32212
32225
32236
32249
32260
32273
32284
32297
32308
32321
32333
32346
32357
32366
32373
32382
32389
32399
32406
32415
32422
32432
32439
32448
32455
32464
32472
32481
32488
32497
32505
32514
32521
32530
32538
32547
32554
32563
32570
32580
32587
32596
32603
32613
32620
32629
32636
32646
32653
32662
32669
32678
32686
32695
32702
32711
32719
32728
32735
32744
32752
32761
32768
32777
32784
32794
32801
32810
32817
32827
32834
32843
32850
32860
32867
32876
32883
32892
32900
32909
32916
32925
32937
32947
32959
32969
32981
32991
33003
33013
33025
33035
33047
33057
33069
33079
33091
33101
33113
33123
33135
33145
33157
33167
33179
33189
33201
33211
33223
33233
33245
33255
33267
33277
33289
33300
33311
33323
33333
33345
33355
33367
33377
33389
33399
33411
33421
33433
33443
33455
33465
33477
33487
33500
33511
33524
33536
33549
33560
33574
33585
33598
33610
33623
33634
33648
33659
33672
33684
33697
33708
33722
33733
33746
33758
33771
33782
33796
33807
33820
33831
33845
33856
33869
33881
33894
33905
33919
33930
33943
33955
33968
33979
33993
34004
34017
34029
34042
34053
34067
34078
34091
34103
34116
34127
34140
34152
34165
34176
34190
34204
34216
34230
34243
34257
34270
34283
34297
34310
34323
34337
34350
34363
34377
34390
34403
34417
34430
34443
34457
34470
34483
34497
34510
34523
34537
34550
34563
34577
34590
34603
34617
34630
34643
34657
34670
34683
34697
34710
34723
34737
34750
34763
34777
34790
34803
34817
34830
34843
34857
34870
34883
34897
34916
34933
34953
34970
34990
35007
35026
35044
35063
35081
35100
35117
35137
35154
35174
35191
35210
35228
35247
35265
35284
35301
35321
35338
35358
35375
35394
35412
35431
35449
35461
35471
35483
35493
35505
35515
35528
35538
35550
35560
35572
35582
35594
35605
35617
35627
35639
35649
35661
35672
35684
35694
35706
35716
35728
35738
35751
35761
35773
35783
35795
35805
35818
35828
35840
35850
35862
35872
35884
35895
35907
35917
35929
35939
35951
35962
35974
35984
35996
36006
36018
36028
36041
36051
36063
36073
36085
36099
36111
36125
36137
36151
36163
36177
36189
36203
36215
36229
36241
36255
36268
36282
36294
36308
36320
36334
36346
36360
36372
36386
36398
36412
36424
36438
36451
36465
36477
36491
36503
36517
36529
36543
36555
36569
36581
36595
36607
36621
36634
36648
36660
36674
36686
36700
36712
36726
36738
36752
36764
36778
36790
36804
36817
36831
36843
36858
36871
36886
36899
36915
36928
36943
36956
36971
36985
37000
37013
37028
37041
37057
37070
37085
37098
37113
37127
37142
37155
37170
37183
37199
37212
37227
37240
37255
37269
37284
37297
37312
37325
37341
37354
37369
37382
37397
37411
37426
37439
37454
37467
37483
37499
37513
37529
37544
37560
37574
37590
37605
37621
37635
37651
37666
37682
37696
37713
37727
37743
37757
37774
37788
37804
37818
37835
37849
37865
37879
37896
37910
37926
37941
37957
37971
37987
38002
38018
38032
38048
38063
38079
38091
38102
38115
38126
38139
38150
38163
38174
38187
38198
38211
38221
38234
38245
38258
38269
38282
38293
38306
38317
38330
38341
38354
38364
38377
38388
38401
38412
38425
38436
38449
38460
38473
38484
38497
38507
38520
38531
38544
38555
38568
38579
38592
38603
38616
38627
38640
38650
38663
38674
38687
38698
38711
38722
38735
38746
38759
38770
38783
38793
38806
38817
38830
38841
38856
38869
38885
38898
38914
38927
38943
38956
38972
38985
39001
39014
39030
39043
39059
39072
39088
39101
39117
39130
39145
39159
39174
39188
39203
39217
39232
39246
39261
39275
39290
39304
39319
39333
39348
39362
39377
39391
39406
39420
39435
39448
39464
39477
39493
39506
39522
39532
39540
39551
39559
39570
39578
39589
39597
39608
39616
39627
39635
39646
39654
39665
39673
39684
39692
39703
39711
39722
39730
39741
39749
39760
39768
39779
39787
39798
39806
39817
39825
39836
39844
39855
39863
39873
39882
39892
39901
39911
39920
39930
39939
39949
39958
39968
39977
39987
39996
40006
40015
40025
40034
40044
40053
40063
40072
40082
40091
40101
40110
40120
40129
40139
40148
40158
40167
40177
40186
40196
40204
40214
40223
40233
40241
40251
40260
40270
40278
40288
40297
40307
40315
40325
40334
40344
40352
40363
40371
40381
40389
40400
40408
40418
40426
40437
40445
40455
40463
40474
40482
40492
40501
40511
40519
40529
40538
40548
40556
40566
40575
40585
40593
40603
40612
40622
40630
40641
40649
40659
40667
40678
40686
40696
40704
40715
40723
40733
40741
40752
40760
40770
40779
40789
40797
40807
40816
40826
40834
40844
40853
40863
40871
40881
40890
40900
40917
40933
40951
40967
40985
41001
41019
41035
41053
41069
41087
41103
41121
41137
41155
41171
41189
41205
41223
41239
41257
41273
41291
41307
41325
41341
41359
41375
41393
41409
41427
41443
41461
41477
41495
41511
41529
41544
41562
41578
41596
41612
41630
41646
41664
41680
41695
41712
41727
41744
41759
41776
41791
41808
41823
41840
41855
41872
41887
41904
41919
41936
41951
41968
41983
42000
42015
42032
42046
42063
42078
42095
42110
42127
42142
42159
42174
42191
42206
42223
42240
42256
42274
42290
42308
42324
42342
42358
42376
42392
42410
42426
42444
42460
42478
42494
42512
42528
42546
42562
42580
42596
42614
42630
42648
42664
42682
42698
42716
42732
42750
42766
42784
42800
42818
42834
42852
42867
42885
42901
42919
42935
42953
42969
42987
42999
43009
43022
43032
43044
43055
43067
43077
43090
43100
43112
43123
43135
43145
43158
43168
43180
43191
43203
43213
43226
43236
43248
43259
43271
43281
43294
43304
43316
43327
43339
43349
43362
43372
43384
43395
43407
43418
43430
43440
43453
43463
43475
43486
43498
43508
43521
43531
43543
43554
43566
43576
43589
43598
43606
43616
43624
43634
43642
43652
43660
43670
43678
43688
43696
43706
43714
43724
43732
43742
43750
43760
43768
43778
43786
43796
43804
43814
43822
43832
43840
43850
43858
43868
43876
43886
43894
43904
43912
43922
43930
43940
43948
43957
43965
43975
43983
43993
44001
44011
44019
44029
44037
44047
44055
44065
44073
44083
44091
44101
44109
44119
44127
44137
44145
44155
44165
44173
44183
44191
44202
44210
44220
44228
44238
44247
44257
44265
44275
44284
44294
44302
44312
44320
44331
44339
44349
44357
44367
44376
44386
44394
44404
44413
44423
44431
44441
44449
44460
44468
44478
44486
44497
44505
44515
44523
44533
44542
44552
44560
44570
44578
44589
44597
44607
44615
44626
44634
44644
44652
44662
44671
44681
44689
44699
44707
44718
44726
44736
44744
44755
44763
44773
44781
44791
44800
44810
44818
44828
44837
44847
44855
44865
44873
44884
44892
44902
44910
44920
44928
44935
44943
44950
44958
44965
44973
44980
44988
44995
45004
45010
45019
45025
45034
45040
45049
45055
45064
45070
45079
45086
45094
45101
45109
45116
45124
45131
45139
45146
45154
45161
45170
45176
45185
45191
45200
45206
45215
45221
45230
45236
45245
45252
45260
45267
45275
45282
45290
45297
45305
45312
45320
45327
45336
45342
45351
45357
45366
45372
45381
45387
45396
45403
45411
45418
45426
45433
45441
45448
45456
45463
45471
45478
45487
45493
45502
45508
45517
45523
45532
45538
45547
45553
45562
45569
45577
45584
45592
45599
45607
45614
45622
45641
45658
45678
45695
45715
45732
45752
45769
45789
45806
45826
45843
45863
45880
45900
45917
45937
45954
45974
45991
46011
46028
46048
46065
46085
46102
46122
46139
46159
46176
46196
46213
46233
46250
46270
46279
46287
46296
46304
46314
46321
46331
46338
46348
46356
46365
46373
46382
46390
46400
46407
46417
46424
46434
46442
46451
46459
46468
46476
46486
46493
46503
46511
46520
46528
46537
46545
46555
46562
46572
46579
46589
46597
46606
46614
46623
46631
46641
46648
46658
46665
46675
46683
46692
46700
46710
46717
46727
46734
46744
46752
46761
46769
46778
46786
46796
46803
46813
46820
46830
46838
46847
46855
46864
46872
46882
46889
46899
46907
46916
46924
46933
46941
46951
46958
46968
46975
46984
46992
47002
47010
47020
47028
47038
47046
47055
47063
47073
47081
47091
47099
47109
47117
47126
47134
47144
47152
47162
47170
47180
47188
47198
47205
47215
47223
47233
47241
47251
47259
47269
47276
47286
47294
47304
47312
47322
47330
47340
47348
47357
47365
47375
47383
47393
47401
47411
47419
47428
47436
47446
47454
47464
47472
47482
47490
47500
47507
47517
47525
47535
47543
47553
47561
47571
47578
47588
47596
47606
47614
47624
47632
47642
47650
47659
47667
47677
47685
47695
47705
47714
47724
47733
47743
47752
47763
47771
47782
47790
47801
47810
47820
47829
47839
47848
47859
47867
47878
47886
47897
47906
47916
47925
47935
47944
47954
47963
47974
47982
47993
48001
48012
48021
48031
48040
48050
48059
48070
48078
48089
48097
48108
48117
48127
48136
48146
48155
48166
48174
48185
48193
48204
48212
48223
48232
48242
48251
48261
48270
48281
48289
48300
48308
48319
48328
48338
48347
48357
48366
48374
48384
48391
48401
48409
48419
48426
48436
48444
48454
48461
48471
48479
48489
48496
48506
48514
48523
48531
48541
48549
48558
48566
48576
48584
48593
48601
48611
48619
48628
48636
48646
48653
48663
48671
48681
48688
48698
48706
48716
48723
48733
48741
48751
48758
48768
48776
48785
48793
48803
48811
48820
48828
48838
48846
48855
48863
48873
48881
48890
48898
48908
48915
48925
48939
48951
48966
48978
48992
49005
49019
49032
49046
49058
49073
49085
49100
49112
49126
49139
49153
49166
49180
49192
49207
49219
49234
49246
49260
49273
49287
49300
49313
49327
49340
49354
49366
49381
49393
49408
49420
49434
49447
49461
49474
49488
49500
49515
49527
49542
49554
49568
49584
49598
49614
49629
49645
49659
49676
49690
49706
49721
49737
49751
49767
49782
49798
49812
49829
49843
49859
49874
49890
49904
49921
49935
49951
49965
49982
49996
50012
50027
50043
50057
50074
50088
50104
50119
50135
50149
50165
50180
50196
50210
50227
50241
50257
50272
50288
50302
50318
50330
50341
50354
50365
50378
50389
50402
50412
50425
50436
50449
50460
50473
50484
50496
50507
50520
50531
50544
50555
50568
50578
50591
50602
50615
50626
50639
50650
50662
50673
50686
50697
50710
50721
50734
50744
50757
50768
50781
50792
50805
50816
50828
50839
50852
50863
50876
50887
50900
50910
50923
50934
50947
50958
50971
50982
50994
51005
51017
51028
51041
51052
51065
51076
51089
51100
51113
51124
51137
51148
51161
51172
51185
51196
51209
51220
51233
51244
51257
51268
51281
51292
51305
51316
51329
51340
51353
51364
51377
51388
51401
51412
51425
51436
51449
51460
51473
51484
51497
51507
51520
51531
51544
51555
51568
51579
51592
51603
51616
51627
51640
51651
51664
51675
51688
51699
51712
51723
51736
51745
51752
51761
51768
51777
51784
51793
51800
51809
51816
51825
51832
51841
51848
51857
51864
51873
51880
51889
51896
51905
51912
51921
51928
51937
51944
51953
51960
51969
51976
51985
51993
52002
52009
52018
52025
52034
52041
52050
52057
52066
52073
52082
52089
52098
52105
52114
52121
52130
52137
52146
52153
52162
52169
52178
52185
52194
52201
52210
52217
52226
52233
52243
52250
52259
52266
52275
52282
52291
52298
52307
52314
52323
52330
52339
52346
52355
52362
52371
52378
52387
52394
52403
52410
52419
52429
52437
52448
52456
52466
52475
52485
52493
52504
52512
52522
52531
52541
52549
52560
52568
52578
52587
52597
52605
52616
52624
52634
52643
52653
52661
52672
52680
52690
52699
52709
52717
52728
52736
52746
52755
52765
52773
52784
52792
52802
52811
52821
52829
52840
52848
52858
52867
52877
52885
52896
52904
52914
52923
52933
52941
52952
52960
52970
52979
52989
52999
53007
53017
53025
53035
53043
53053
53061
53071
53079
53089
53098
53108
53116
53126
53134
53144
53152
53162
53170
53180
53188
53198
53207
53217
53225
53235
53243
53253
53261
53271
53279
53289
53297
53307
53316
53326
53334
53344
53352
53362
53370
53380
53388
53398
53406
53416
53425
53435
53443
53453
53461
53471
53479
53489
53497
53507
53515
53525
53534
53544
53552
53562
53570
53580
53588
53598
53606
53616
53624
53634
53643
53653
53661
53671
53679
53689
53697
53707
53715
53725
53733
53743
53759
53773
53789
53804
53820
53834
53851
53865
53881
53896
53912
53926
53942
53957
53973
53987
54004
54018
54034
54049
54065
54079
54096
54110
54126
54140
54157
54171
54187
54202
54218
54232
54249
54263
54279
54294
54310
54324
54340
54355
54371
54385
54399
54411
54426
54438
54453
54465
54480
54492
54506
54519
54533
54546
54560
54573
54587
54600
54614
54626
54641
54653
54668
54680
54695
54707
54721
54734
54748
54761
54775
54788
54802
54815
54829
54841
54856
54868
54883
54895
54910
54922
54936
54949
54963
54976
54997
55016
55038
55057
55079
55098
55120
55139
55160
55180
55201
55221
55242
55262
55283
55303
55324
55343
55365
55384
55406
55425
55447
55466
55488
55507
55528
55548
55569
55589
55598
55606
55616
55624
55633
55641
55651
55659
55668
55676
55686
55694
55703
55711
55721
55729
55738
55746
55756
55764
55773
55781
55791
55799
55808
55816
55826
55834
55844
55851
55861
55869
55879
55886
55896
55904
55914
55921
55931
55939
55949
55956
55966
55974
55984
55991
56001
56009
56019
56026
56036
56044
56054
56061
56071
56079
56089
56097
56106
56114
56124
56132
56141
56149
56159
56167
56176
56184
56194
56202
56211
56219
56229
56238
56245
56254
56261
56271
56278
56287
56294
56304
56311
56320
56327
56337
56344
56353
56360
56370
56377
56386
56393
56403
56410
56419
56426
56436
56443
56452
56459
56469
56476
56485
56492
56502
56509
56518
56525
56535
56542
56551
56558
56568
56575
56584
56591
56601
56608
56617
56624
56634
56641
56650
56657
56667
56674
56683
56690
56700
56707
56716
56723
56733
56740
56749
56756
56766
56773
56782
56789
56799
56806
56815
56822
56832
56839
56848
56855
56865
56872
56881
56888
56898
56905
56914
56921
56935
56947
56962
56974
56989
57001
57015
57028
57042
57055
57069
57082
57096
57108
57123
57135
57150
57162
57177
57189
57203
57216
57230
57243
57257
57269
57284
57296
57311
57323
57338
57350
57364
57377
57391
57404
57418
57431
57445
57457
57472
57481
57489
57499
57506
57516
57524
57534
57541
57551
57559
57569
57576
57586
57594
57604
57611
57621
57629
57639
57646
57656
57664
57674
57681
57691
57699
57708
57716
57726
57734
57743
57751
57761
57769
57778
57786
57796
57804
57813
57821
57831
57839
57848
57856
57866
57874
57883
57891
57901
57908
57918
57926
57936
57943
57953
57961
57971
57978
57988
57996
58006
58013
58023
58031
58041
58048
58058
58066
58076
58083
58093
58101
58111
58118
58128
58136
58145
58153
58163
58171
58180
58193
58205
58219
58231
58245
58257
58271
58283
58297
58309
58323
58335
58349
58361
58375
58387
58401
58413
58426
58438
58452
58464
58478
58490
58504
58516
58530
58542
58556
58568
58582
58594
58608
58620
58634
58646
58659
58671
58685
58697
58711
58723
58737
58749
58763
58775
58789
58801
58815
58827
58841
58853
58867
58879
58892
58904
58918
58927
58934
58943
58951
58960
58967
58976
58984
58993
59000
59009
59017
59026
59033
59042
59050
59059
59066
59075
59083
59092
59099
59108
59116
59125
59132
59141
59149
59158
59165
59174
59182
59191
59198
59207
59215
59224
59231
59240
59248
59257
59264
59273
59281
59290
59297
59306
59314
59323
59330
59339
59347
59356
59363
59372
59380
59389
59396
59405
59413
59422
59429
59438
59446
59455
59462
59471
59479
59488
59495
59504
59512
59521
59528
59537
59545
59554
59561
59570
59578
59587
59594
59604
59611
59631
59649
59669
59688
59708
59726
59746
59765
59785
59803
59823
59842
59862
59880
59900
59919
59939
59957
59977
59996
60016
60034
60055
60073
60093
60111
60132
60150
60170
60188
60209
60227
60247
60265
60286
60304
60324
60342
60363
60381
60394
60405
60418
60429
60443
60454
60467
60478
60491
60503
60516
60527
60540
60552
60565
60576
60589
60600
60614
60625
60638
60649
60663
60674
60687
60698
60711
60723
60736
60747
60760
60772
60785
60796
60809
60820
60834
60845
60858
60869
60883
60894
60907
60918
60931
60943
60956
60967
60980
60991
61005
61016
61029
61040
61052
61063
61076
61087
61100
61111
61124
61135
61148
61159
61172
61183
61196
61207
61220
61231
61244
61255
61268
61279
61292
61303
61316
61327
61340
61351
61364
61375
61388
61399
61412
61423
61436
61447
61460
61471
61484
61495
61508
61519
61532
61542
61555
61566
61579
61590
61603
61614
61627
61638
61651
61662
61675
61686
61699
61710
61723
61734
61747
61758
61771
61782
61795
61806
61819
61830
61843
61854
61868
61879
61892
61903
61916
61927
61940
61951
61964
61975
61988
61999
62012
62023
62036
62047
62060
62072
62085
62096
62109
62120
62133
62144
62157
62168
62181
62192
62205
62216
62229
62240
62253
62265
62278
62289
62302
62313
62326
62337
62350
62361
62374
62385
62398
62409
62423
62434
62447
62458
62471
62482
62495
62506
62520
62531
62544
62555
62568
62579
62592
62603
62617
62628
62641
62652
62665
62676
62689
62700
62713
62725
62738
62749
62762
62773
62786
62797
62810
62822
62835
62846
62859
62870
62883
62894
62907
62919
62932
62943
62956
62967
62980
62991
63004
63016
63029
63040
63053
63064
63077
63088
63099
63109
63121
63130
63142
63152
63164
63173
63185
63195
63206
63216
63228
63238
63249
63259
63271
63281
63292
63302
63314
63323
63335
63345
63357
63366
63378
63388
63399
63409
63421
63431
63442
63452
63464
63474
63485
63495
63507
63516
63528
63538
63550
63559
63571
63581
63593
63602
63614
63624
63635
63645
63657
63667
63678
63688
63697
63707
63716
63726
63735
63746
63754
63765
63774
63783
63794
63802
63813
63822
63831
63842
63850
63861
63870
63879
63890
63898
63909
63918
63927
63938
63946
63957
63966
63975
63986
63994
64005
64014
64023
64034
64042
64053
64062
64071
64082
64090
64101
64110
64119
64130
64138
64149
64158
64167
64178
64186
64197
64206
64215
64226
64234
64245
64254
64263
64274
64282
64293
64302
64311
64322
64330
64341
64352
64362
64373
64383
64394
64404
64415
64425
64437
64446
64458
64467
64479
64488
64500
64510
64521
64531
64542
64552
64563
64573
64584
64594
64606
64615
64627
64636
64648
64657
64669
64679
64690
64700
64711
64721
64732
64742
64753
64763
64775
64784
64796
64805
64817
64826
64838
64848
64859
64869
64880
64890
64901
64911
64922
64932
64944
64953
64965
64974
64986
64999
65010
65024
65035
65049
65060
65074
65085
65099
65110
65124
65135
65149
65160
65174
65185
65199
65210
65224
65235
65249
65260
65274
65285
65299
65310
65324
65335
65349
65360
65374
65385
65399
65410
65424
65435
65449
65460
65473
65485
65498
65510
65523
65535
65548
65560
65573
65585
65598
65610
65623
65635
65648
65660
65673
65685
65698
65710
65723
65735
65748
65759
65768
65780
65789
65800
65810
65821
65831
65842
65851
65863
65872
65884
65893
65904
65914
65925
65935
65946
65955
65967
65976
65988
65997
66008
66018
66029
66039
66050
66059
66071
66080
66092
66101
66112
66122
66133
66143
66154
66163
66175
66184
66196
66205
66216
66226
66237
66247
66258
66267
66279
66288
66300
66309
66320
66330
66341
66362
66382
66404
66424
66445
66465
66487
66507
66528
66548
66570
66590
66611
66631
66653
66673
66694
66714
66736
66756
66777
66797
66819
66839
66861
66880
66902
66922
66944
66955
66965
66977
66987
66999
67008
67020
67030
67042
67052
67064
67073
67085
67095
67107
67117
67129
67138
67150
67160
67172
67182
67194
67203
67215
67225
67237
67247
67259
67268
67280
67290
67302
67312
67324
67333
67345
67355
67367
67377
67389
67398
67410
67420
67432
67442
67454
67463
67475
67485
67497
67507
67519
67528
67540
67550
67562
67572
67583
67593
67605
67615
67624
67631
67641
67648
67657
67665
67674
67682
67691
67698
67708
67715
67725
67732
67741
67749
67758
67766
67775
67782
67792
67799
67809
67816
67825
67833
67842
67850
67859
67866
67876
67883
67893
67900
67909
67917
67926
67934
67943
67950
67960
67967
67977
67984
67993
68001
68010
68018
68027
68034
68044
68051
68061
68068
68077
68085
68094
68102
68111
68118
68128
68135
68145
68152
68161
68169
68178
68186
68195
68202
68212
68219
68229
68236
68245
68253
68262
68270
68279
68286
68296
68303
68314
68324
68336
68345
68357
68367
68378
68388
68400
68410
68421
68431
68443
68452
68464
68474
68485
68495
68507
68517
68528
68538
68550
68559
68571
68581
68593
68602
68614
68624
68635
68645
68657
68666
68678
68688
68700
68709
68721
68731
68742
68752
68764
68774
68785
68795
68807
68816
68828
68838
68849
68859
68871
68881
68895
68907
68921
68934
68948
68960
68974
68987
69001
69013
69027
69040
69054
69066
69080
69093
69107
69119
69133
69146
69160
69172
69186
69199
69213
69225
69240
69252
69266
69278
69293
69305
69319
69331
69346
69358
69372
69384
69399
69411
69425
69437
69452
69464
69478
69490
69504
69517
69532
69545
69560
69572
69587
69600
69615
69628
69642
69655
69670
69683
69698
69710
69725
69738
69753
69766
69780
69793
69808
69821
69836
69849
69863
69876
69891
69904
69919
69931
69946
69959
69974
69987
70001
70014
70029
70042
70057
70069
70084
70097
70112
70125
70140
70152
70167
70180
70195
70208
70222
70235
70250
70266
70280
70296
70310
70326
70340
70356
70370
70386
70400
70416
70430
70446
70460
70476
70490
70506
70520
70536
70550
70566
70580
70596
70610
70626
70640
70657
70671
70687
70701
70717
70731
70747
70761
70777
70791
70807
70821
70837
70851
70867
70881
70897
70911
70919
70926
70935
70942
70951
70958
70967
70974
70983
70990
70999
71006
71015
71022
71031
71038
71047
71053
71062
71069
71078
71085
71094
71101
71110
71117
71126
71133
71142
71149
71158
71165
71174
71181
71189
71196
71205
71212
71221
71228
71237
71244
71253
71260
71269
71276
71285
71292
71301
71308
71317
71323
71332
71339
71348
71355
71364
71371
71380
71387
71396
71403
71412
71419
71428
71435
71444
71451
71459
71466
71475
71482
71491
71498
71507
71514
71523
71530
71539
71546
71555
71562
71571
71578
71590
71601
71614
71624
71637
71648
71660
71671
71684
71694
71707
71718
71731
71741
71754
71765
71777
71788
71801
71811
71824
71835
71848
71858
71871
71882
71894
71905
71918
71928
71941
71952
71964
71975
71988
71999
72011
72022
72035
72045
72058
72069
72081
72092
72105
72116
72128
72139
72152
72162
72175
72186
72198
72209
72222
72232
72245
72256
72269
72279
72292
72303
72321
72337
72355
72371
72389
72405
72423
72439
72457
72473
72491
72507
72525
72541
72559
72575
72593
72609
72627
72643
72661
72677
72695
72711
72729
72745
72763
72779
72797
72813
72831
72847
72865
72881
72899
72915
72933
72949
72958
72966
72976
72984
72994
73001
73011
73019
73029
73037
73047
73054
73064
73072
73082
73090
73099
73107
73117
73125
73135
73143
73152
73160
73170
73178
73188
73196
73205
73213
73223
73231
73241
73249
73257
73267
73275
73285
73293
73302
73310
73320
73328
73338
73346
73355
73363
73373
73381
73391
73399
73407
73417
73425
73435
73443
73452
73460
73470
73478
73488
73496
73505
73513
73523
73531
73541
73549
73557
73567
73575
73585
73593
73602
73610
73620
73628
73638
73648
73657
73667
73676
73686
73695
73705
73714
73724
73733
73743
73752
73762
73771
73781
73790
73800
73809
73819
73828
73838
73847
73858
73866
73877
73885
73896
73904
73915
73923
73934
73942
73953
73961
73972
73980
73991
73999
74010
74018
74029
74038
74047
74058
74066
74077
74085
74096
74104
74115
74123
74134
74142
74153
74161
74172
74180
74191
74199
74210
74218
74229
74238
74247
74258
74266
74277
74285
74296
74304
74315
74323
74334
74342
74353
74361
74372
74380
74391
74399
74419
74437
74457
74475
74495
74513
74533
74551
74571
74589
74609
74627
74648
74666
74686
74704
74724
74742
74762
74780
74800
74818
74838
74856
74876
74895
74915
74933
74953
74971
74987
75001
75018
75032
75049
75063
75080
75094
75111
75125
75142
75156
75173
75187
75203
75218
75234
75249
75265
75280
75296
75311
75327
75342
75358
75373
75389
75403
75420
75434
75451
75465
75482
75496
75513
75527
75544
75558
75575
75589
75606
75620
75636
75651
75667
75682
75698
75708
75716
75726
75734
75744
75752
75762
75770
75780
75788
75798
75806
75816
75824
75834
75842
75852
75860
75870
75878
75888
75896
75906
75914
75924
75932
75942
75950
75960
75968
75978
75986
75996
76004
76015
76023
76033
76041
76051
76059
76069
76077
76087
76095
76105
76113
76123
76131
76141
76149
76159
76167
76177
76185
76195
76203
76213
76221
76231
76239
76249
76257
76267
76275
76285
76293
76303
76311
76322
76330
76340
76348
76358
76366
76385
76402
76421
76439
76458
76475
76495
76512
76531
76549
76568
76585
76605
76622
76641
76659
76678
76695
76715
76732
76751
76769
76788
76805
76825
76842
76861
76878
76898
76915
76934
76952
76971
76988
77008
77025
77044
77062
77081
77096
77110
77125
77139
77154
77168
77183
77197
77213
77226
77242
77255
77271
77284
77300
77314
77329
77343
77358
77372
77387
77401
77416
77430
77446
77459
77475
77488
77504
77517
77533
77547
77562
77576
77591
77605
77620
77634
77649
77663
77672
77679
77688
77695
77704
77711
77721
77728
77737
77744
77753
77760
77770
77777
77786
77793
77802
77809
77819
77826
77835
77842
77851
77858
77868
77875
77884
77891
77900
77907
77917
77924
77933
77940
77949
77956
77966
77973
77982
77989
77998
78005
78015
78022
78031
78038
78047
78054
78063
78071
78080
78087
78096
78103
78112
78120
78129
78136
78145
78152
78161
78169
78178
78185
78194
78201
78210
78218
78227
78234
78243
78250
78259
78267
78276
78283
78292
78299
78308
78316
78325
78337
78348
78361
78372
78385
78396
78409
78419
78432
78443
78456
78467
78480
78491
78503
78514
78527
78538
78551
78562
78575
78585
78598
78609
78622
78633
78646
78657
78669
78680
78693
78704
78717
78728
78741
78751
78764
78775
78788
78799
78812
78823
78835
78846
78859
78870
78883
78894
78907
78917
78930
78941
78954
78965
78978
78989
79001
79012
79025
79036
79049
79060
79073
79083
79095
79105
79117
79127
79139
79149
79161
79171
79184
79194
79206
79216
79228
79238
79250
79260
79273
79283
79295
79305
79317
79327
79339
79349
79362
79372
79384
79394
79406
79416
79428
79438
79451
79461
79473
79483
79495
79505
79517
79527
79539
79550
79562
79572
79584
79594
79606
79616
79628
79639
79651
79661
79673
79683
79695
79705
79717
79737
79755
79775
79794
79814
79832
79853
79871
79891
79909
79930
79948
79968
79987
80007
80025
80045
80064
80084
80102
80123
80141
80161
80180
80200
80218
80238
80257
80277
80290
80301
80315
80326
80339
80351
80364
80376
80389
80400
80414
80425
80438
80450
80463
80475
80488
80499
80513
80524
80538
80549
80562
80574
80587
80598
80612
80623
80637
80648
80661
80673
80686
80698
80711
80722
80736
80747
80760
80772
80785
80797
80810
80821
80835
80846
80860
80871
80884
80896
80909
80920
80934
80945
80959
80970
80983
80995
81008
81020
81033
81044
81055
81064
81075
81085
81096
81105
81116
81126
81137
81146
81157
81167
81178
81187
81198
81208
81219
81228
81240
81249
81260
81269
81281
81290
81301
81310
81322
81331
81342
81351
81363
81372
81383
81393
81404
81413
81424
81434
81445
81454
81465
81475
81486
81495
81506
81516
81527
81536
81547
81557
81568
81577
81589
81598
81609
81618
81630
81639
81650
81659
81671
81680
81691
81700
81712
81721
81732
81742
81753
81770
81785
81803
81818
81836
81851
81868
81884
81901
81917
81934
81949
81967
81982
82000
82015
82033
82048
82065
82081
82098
82114
82131
82146
82164
82179
82197
82212
82230
82245
82262
82278
82295
82311
82328
82343
82361
82373
82383
82396
82406
82419
82429
82442
82452
82465
82475
82488
82498
82510
82521
82533
82544
82556
82567
82579
82590
82602
82613
82625
82636
82648
82658
82671
82681
82694
82704
82717
82727
82740
82750
82763
82773
82786
82796
82808
82819
82831
82842
82854
82865
82877
82888
82900
82911
82923
82934
82946
82956
82969
82982
82994
83008
83019
83033
83045
83058
83070
83084
83096
83109
83121
83135
83146
83160
83172
83186
83197
83211
83223
83236
83248
83262
83274
83287
83299
83313
83324
83338
83350
83364
83375
83389
83401
83414
83426
83440
83452
83465
83477
83491
83502
83516
83528
83542
83553
83567
83579
83592
83604
83618
83633
83646
83661
83674
83689
83702
83717
83730
83746
83759
83774
83787
83802
83815
83830
83843
83858
83872
83887
83900
83915
83928
83943
83956
83971
83985
84000
84013
84028
84041
84056
84069
84084
84098
84112
84127
84140
84155
84168
84183
84196
84206
84215
84226
84235
84246
84254
84265
84274
84285
84294
84304
84313
84324
84333
84344
84352
84363
84372
84383
84392
84402
84411
84422
84431
84442
84450
84461
84470
84481
84490
84500
84509
84520
84529
84540
84548
84559
84568
84579
84588
84598
84607
84618
84627
84638
84646
84657
84666
84677
84686
84696
84705
84716
84725
84736
84745
84755
84764
84781
84797
84815
84831
84849
84865
84883
84899
84916
84932
84950
84966
84984
85000
85018
85034
85051
85067
85085
85101
85119
85135
85153
85169
85186
85202
85220
85236
85254
85270
85288
85304
85321
85337
85355
85371
85389
85398
85406
85416
85424
85433
85441
85451
85459
85469
85476
85486
85494
85504
85511
85521
85529
85539
85547
85556
85564
85574
85582
85592
85599
85609
85617
85627
85634
85644
85652
85662
85670
85679
85687
85697
85705
85715
85722
85732
85740
85750
85757
85767
85775
85785
85793
85802
85810
85820
85828
85838
85845
85855
85863
85873
85880
85890
85898
85908
85916
85925
85933
85943
85951
85961
85968
85978
85986
85996
86003
86013
86021
86031
86039
86048
86056
86066
86074
86083
86091
86101
86118
86133
86150
86165
86182
86197
86215
86230
86247
86262
86279
86294
86311
86327
86344
86359
86376
86391
86408
86424
86441
86456
86473
86488
86505
86520
86538
86553
86570
86585
86602
86617
86634
86650
86667
86682
86699
86714
86731
86747
86764
86779
86796
86811
86828
86843
86857
86872
86886
86901
86915
86930
86944
86959
86973
86988
87002
87018
87031
87047
87060
87076
87089
87105
87118
87134
87148
87162
87178
87191
87207
87220
87236
87249
87265
87278
87294
87308
87322
87338
87351
87367
87380
87396
87409
87425
87438
87454
87468
87482
87493
87502
87513
87522
87534
87543
87554
87563
87575
87584
87595
87604
87616
87625
87636
87645
87657
87666
87677
87686
87698
87707
87718
87727
87739
87748
87759
87768
87780
87789
87800
87809
87821
87830
87841
87850
87862
87871
87882
87891
87903
87912
87923
87932
87944
87953
87964
87973
87985
87994
88005
88014
88026
88035
88046
88055
88067
88076
88087
88096
88108
88117
88128
88137
88149
88158
88169
88178
88190
88199
88210
88219
88228
88235
88244
88252
88261
88268
88277
88285
88294
88301
88310
88318
88327
88334
88343
88351
88360
88367
88376
88384
88393
88400
88409
88417
88426
88433
88442
88450
88459
88466
88475
88483
88492
88499
88508
88516
88525
88532
88541
88549
88558
88565
88574
88582
88591
88598
88607
88615
88624
88631
88640
88648
88657
88664
88673
88681
88690
88697
88706
88714
88723
88730
88739
88747
88756
88763
88772
88780
88789
88796
88805
88813
88832
88850
88870
88887
88907
88925
88944
88962
88982
88999
89019
89037
89056
89074
89094
89112
89131
89149
89169
89186
89206
89224
89243
89261
89281
89298
89318
89336
89356
89373
89393
89411
89430
89448
89468
89485
89505
89523
89542
89560
89580
89590
89598
89608
89616
89626
89635
89645
89653
89663
89671
89681
89690
89700
89708
89718
89726
89736
89745
89755
89763
89773
89781
89791
89800
89810
89818
89828
89836
89846
89855
89865
89873
89883
89891
89901
89910
89920
89928
89938
89946
89956
89965
89975
89983
89993
90001
90011
90020
90030
90038
90048
90056
90066
90075
90085
90093
90103
90111
90121
90130
90140
90148
90158
90166
90176
90185
90195
90203
90213
90221
90231
90240
90250
90258
90268
90276
90286
90295
90305
90313
90323
90331
90341
90350
90357
90367
90374
90384
90391
90401
90408
90418
90425
90435
90442
90452
90459
90469
90476
90486
90493
90503
90510
90519
90527
90536
90544
90553
90561
90570
90578
90587
90595
90604
90612
90621
90629
90638
90646
90655
90663
90672
90679
90689
90696
90706
90713
90723
90730
90740
90747
90757
90764
90774
90781
90791
90798
90808
90815
90825
90832
90841
90849
90858
90866
90875
90883
90892
90900
90909
90917
90926
90934
90943
90951
90960
90974
90987
91002
91015
91030
91043
91057
91070
91085
91098
91113
91126
91140
91153
91168
91181
91196
91209
91223
91236
91251
91264
91279
91292
91307
91319
91334
91347
91362
91375
91390
91402
91417
91430
91445
91458
91473
91485
91500
91513
91528
91541
91556
91568
91583
91596
91611
91626
91640
91656
91669
91685
91699
91714
91728
91744
91757
91773
91787
91802
91816
91832
91845
91861
91875
91890
91904
91920
91933
91949
91963
91978
91992
92008
92021
92037
92051
92066
92080
92096
92109
92125
92139
92154
92168
92184
92197
92213
92227
92242
92256
92274
92290
92309
92325
92343
92360
92378
92395
92413
92429
92448
92464
92483
92499
92517
92534
92552
92569
92587
92603
92622
92638
92656
92673
92691
92708
92726
92742
92761
92777
92796
92812
92830
92847
92865
92882
92900
92916
92935
92951
92970
92986
93004
93014
93022
93032
93040
93051
93059
93069
93077
93088
93096
93106
93114
93125
93133
93143
93151
93162
93170
93180
93188
93199
93207
93217
93225
93236
93244
93254
93262
93273
93281
93291
93299
93310
93318
93328
93336
93347
93355
93365
93373
93384
93392
93402
93410
93421
93429
93439
93447
93458
93466
93476
93484
93494
93503
93513
93521
93531
93540
93550
93558
93568
93577
93587
93595
93605
93614
93624
93632
93642
93651
93661
93669
93679
93688
93698
93706
93716
93725
93735
93743
93757
93770
93785
93798
93813
93826
93841
93854
93869
93882
93897
93910
93924
93937
93952
93965
93980
93993
94008
94021
94036
94049
94064
94077
94092
94104
94119
94132
94147
94160
94175
94188
94203
94216
94231
94244
94259
94272
94286
94299
94314
94327
94342
94355
94370
94383
94398
94411
94426
94439
94453
94470
94486
94504
94519
94537
94553
94570
94586
94604
94619
94637
94653
94670
94686
94704
94720
94737
94753
94771
94786
94804
94820
94837
94853
94871
94886
94904
94920
94938
94953
94971
94987
95004
95018
95031
95046
95059
95074
95087
95102
95115
95130
95143
95158
95171
95186
95199
95214
95227
95242
95255
95270
95283
95298
95310
95325
95338
95353
95366
95381
95394
95409
95422
95437
95450
95465
95478
95493
95506
95521
95534
95549
95562
95577
95590
95604
95617
95632
95645
95660
95673
95688
95708
95726
95746
95764
95784
95802
95822
95840
95860
95879
95899
95917
95937
95955
95975
95993
96013
96031
96052
96070
96090
96108
96128
96146
96166
96184
96204
96223
96243
96261
96281
96299
96319
96337
96357
96375
96393
96410
96428
96445
96463
96480
96498
96515
96534
96550
96569
96585
96604
96620
96639
96656
96674
96691
96709
96726
96744
96761
96780
96796
96815
96831
96850
96866
96885
96902
96920
96937
96955
96972
96990
97007
97026
97042
97061
97077
97096
97112
97126
97139
97154
97166
97181
97194
97208
97221
97236
97248
97263
97276
97290
97303
97318
97330
97345
97358
97372
97385
97400
97412
97427
97440
97454
97467
97482
97494
97509
97522
97536
97549
97564
97576
97591
97604
97618
97631
97646
97658
97673
97686
97700
97713
97728
97740
97755
97768
97782
97795
97810
97822
97841
97859
97879
97897
97917
97935
97955
97973
97993
98011
98031
98049
98069
98087
98107
98125
98145
98163
98183
98201
98221
98239
98259
98277
98297
98315
98335
98353
98373
98391
98411
98429
98445
98459
98475
98489
98505
98519
98535
98549
98566
98580
98596
98610
98626
98640
98656
98670
98686
98701
98717
98731
98747
98761
98777
98791
98807
98821
98838
98852
98868
98882
98898
98912
98928
98942
98958
98973
98989
99003
99019
99033
99049
99063
99076
99087
99101
99112
99126
99137
99151
99162
99176
99187
99200
99212
99225
99237
99250
99262
99275
99287
99300
99311
99325
99336
99350
99361
99375
99386
99400
99411
99424
99436
99449
99461
99474
99486
99499
99511
99524
99536
99549
99560
99574
99585
99599
99610
99624
99634
99642
99653
99661
99671
99680
99690
99698
99709
99717
99727
99736
99746
99754
99765
99773
99783
99792
99802
99810
99821
99829
99839
99848
99858
99866
99877
99885
99896
99904
99914
99923
99933
99941
99952
99960
99970
99979
99989
99997
100008
100016
100026
100035
100045
100053
100064
100072
100082
100091
100101
100109
100120
100128
100139
100147
100157
100166
100176
100184
100195
100203
100213
100222
100232
100240
