8
14
22
28
37
43
51
57
66
72
80
86
95
101
109
115
124
130
138
144
153
159
167
173
182
188
196
202
211
217
225
231
239
246
254
260
268
275
283
289
297
304
312
318
326
333
341
347
355
362
370
376
384
391
399
405
413
420
428
434
442
449
457
463
471
477
486
492
501
507
516
522
530
537
545
552
560
567
575
582
590
596
605
611
620
626
635
641
650
656
664
671
679
686
694
701
709
716
724
730
739
745
754
760
769
775
784
790
798
805
813
820
828
835
843
850
858
864
873
879
888
894
903
909
918
924
932
939
947
954
962
969
978
985
994
1000
1009
1016
1025
1032
1041
1047
1056
1063
1072
1079
1088
1094
1103
1110
1119
1126
1135
1141
1150
1157
1166
1173
1182
1188
1197
1204
1213
1220
1229
1235
1244
1251
1260
1267
1276
1282
1291
1298
1307
1314
1323
1329
1338
1345
1354
1361
1370
1376
1385
1392
1401
1408
1417
1423
1432
1439
1448
1455
1464
1470
1479
1486
1495
1502
1511
1519
1525
1534
1540
1549
1555
1563
1570
1578
1585
1593
1599
1608
1614
1623
1629
1637
1644
1652
1659
1667
1673
1682
1688
1697
1703
1711
1718
1726
1733
1741
1748
1756
1762
1771
1777
1786
1792
1800
1807
1815
1822
1830
1836
1845
1851
1860
1866
1874
1881
1889
1896
1904
1911
1918
1926
1933
1941
1948
1956
1962
1971
1977
1986
1992
2000
2007
2015
2022
2030
2036
2045
2051
2060
2066
2074
2081
2089
2096
2104
2111
2118
2126
2133
2141
2148
2156
2162
2171
2177
2186
2192
2200
2207
2215
2222
2230
2236
2245
2251
2260
2266
2274
2281
2289
2296
2304
2311
2318
2326
2333
2341
2348
2355
2361
2369
2374
2382
2388
2396
2401
2409
2415
2422
2428
2436
2442
2449
2455
2463
2469
2476
2482
2490
2495
2503
2509
2517
2522
2530
2536
2543
2549
2557
2563
2570
2576
2584
2590
2597
2603
2611
2616
2624
2630
2638
2643
2651
2657
2664
2670
2678
2684
2691
2697
2705
2711
2718
2724
2732
2737
2745
2751
2759
2764
2772
2778
2785
2791
2799
2805
2812
2818
2826
2832
2839
2845
2853
2858
2866
2872
2880
2885
2893
2899
2910
2920
2932
2942
2954
2964
2976
2986
2998
3008
3020
3030
3042
3052
3063
3073
3085
3095
3107
3117
3129
3139
3151
3161
3173
3183
3195
3205
3216
3226
3238
3248
3260
3270
3282
3292
3304
3314
3326
3336
3348
3358
3369
3379
3391
3401
3422
3442
3464
3484
3506
3526
3548
3568
3590
3610
3632
3652
3674
3694
3716
3736
3758
3777
3799
3819
3841
3861
3883
3903
3925
3932
3937
3945
3950
3957
3963
3970
3975
3983
3988
3995
4001
4008
4013
4021
4026
4033
4039
4046
4051
4059
4064
4071
4077
4084
4089
4097
4102
4109
4115
4122
4127
4135
4140
4147
4153
4160
4165
4173
4178
4185
4191
4198
4203
4211
4216
4223
4229
4236
4241
4249
4254
4261
4267
4274
4279
4287
4292
4300
4305
4312
4318
4325
4330
4338
4343
4350
4356
4363
4368
4376
4381
4388
4394
4401
4406
4414
4419
4426
4432
4439
4444
4452
4457
4464
4470
4477
4482
4490
4495
4502
4508
4515
4520
4528
4533
4540
4546
4553
4558
4566
4571
4578
4584
4591
4596
4604
4609
4616
4622
4629
4634
4642
4647
4655
4660
4667
4673
4680
4685
4693
4702
4709
4718
4726
4735
4742
4752
4759
4768
4776
4785
4792
4802
4809
4818
4825
4835
4842
4851
4859
4868
4875
4885
4892
4901
4909
4918
4925
4934
4942
4951
4958
4968
4975
4984
4992
5001
5008
5018
5025
5034
5042
5051
5058
5067
5075
5084
5091
5101
5108
5117
5125
5134
5141
5151
5158
5167
5174
5184
5191
5200
5208
5217
5224
5234
5241
5250
5258
5267
5274
5284
5291
5300
5307
5317
5324
5333
5341
5350
5357
5367
5374
5383
5391
5400
5407
5416
5424
5433
5440
5450
5457
5464
5470
5478
5484
5492
5498
5506
5512
5520
5526
5534
5540
5548
5554
5562
5568
5576
5582
5590
5596
5604
5610
5618
5624
5632
5638
5646
5652
5659
5665
5673
5679
5687
5693
5701
5707
5715
5721
5729
5735
5743
5749
5757
5763
5771
5777
5785
5791
5799
5805
5813
5819
5827
5833
5841
5847
5854
5860
5868
5874
5882
5888
5896
5902
5910
5916
5924
5930
5938
5944
5952
5958
5966
5972
5980
5986
5994
6000
6008
6014
6022
6028
6036
6042
6049
6055
6063
6069
6077
6083
6091
6097
6105
6111
6119
6125
6145
6164
6185
6204
6225
6243
6264
6283
6304
6323
6343
6362
6383
6402
6423
6441
6462
6481
6502
6521
6541
6560
6581
6600
6621
6639
6660
6679
6700
6719
6739
6758
6779
6798
6819
6837
6858
6877
6898
6917
6925
6931
6939
6945
6953
6960
6968
6974
6982
6988
6997
7003
7011
7017
7025
7032
7040
7046
7054
7060
7069
7075
7083
7089
7097
7104
7112
7118
7126
7132
7141
7147
7155
7161
7169
7175
7184
7190
7198
7204
7212
7219
7227
7233
7241
7247
7256
7262
7270
7276
7284
7291
7299
7305
7313
7319
7328
7334
7342
7348
7356
7363
7371
7377
7385
7391
7400
7406
7414
7420
7428
7434
7443
7449
7457
7463
7474
7483
7495
7504
7515
7525
7536
7546
7557
7566
7578
7587
7598
7608
7619
7629
7640
7649
7661
7670
7681
7691
7702
7712
7723
7732
7744
7753
7765
7774
7785
7795
7806
7815
7827
7836
7848
7857
7868
7878
7889
7898
7910
7919
7931
7940
7951
7961
7972
7982
7996
8008
8022
8035
8049
8061
8076
8088
8102
8114
8129
8141
8155
8168
8182
8194
8208
8221
8235
8247
8262
8274
8288
8300
8315
8327
8341
8354
8368
8380
8394
8407
8421
8433
8448
8460
8474
8486
8501
8513
8527
8540
8554
8566
8581
8593
8607
8619
8634
8646
8660
8673
8687
8699
8713
8726
8740
8752
8767
8779
8789
8801
8811
8823
8833
8846
8856
8868
8878
8890
8900
8913
8923
8935
8945
8957
8967
8980
8990
9002
9012
9024
9034
9047
9057
9069
9079
9091
9101
9114
9124
9136
9146
9158
9168
9181
9191
9203
9213
9225
9235
9247
9258
9270
9280
9292
9302
9314
9325
9337
9347
9359
9369
9381
9392
9404
9414
9426
9436
9448
9459
9471
9481
9493
9503
9515
9526
9538
9548
9560
9570
9582
9593
9605
9615
9629
9641
9655
9668
9682
9694
9709
9721
9735
9747
9762
9774
9788
9801
9815
9827
9841
9854
9868
9880
9895
9907
9921
9933
9948
9960
9974
9987
10001
10013
10027
10040
10054
10066
10081
10093
10107
10119
10134
10146
10157
10167
10178
10188
10199
10209
10220
10230
10241
10251
10262
10272
10284
10293
10305
10314
10326
10335
10347
10356
10368
10377
10389
10399
10410
10420
10431
10441
10452
10462
10473
10483
10494
10504
10516
10525
10537
10546
10558
10567
10579
10588
10600
10609
10621
10631
10642
10652
10663
10673
10684
10694
10705
10715
10726
10736
10748
10757
10769
10778
10790
10799
10811
10820
10832
10841
10853
10863
10874
10884
10895
10905
10916
10926
10937
10947
10958
10968
10980
10990
10998
11008
11016
11027
11035
11045
11053
11064
11072
11082
11090
11100
11109
11119
11127
11137
11146
11156
11164
11174
11182
11193
11201
11211
11219
11230
11238
11248
11256
11266
11275
11285
11293
11303
11312
11322
11330
11340
11348
11359
11367
11377
11385
11396
11404
11414
11422
11432
11441
11451
11459
11469
11478
11488
11496
11506
11514
11525
11533
11543
11551
11562
11570
11580
11588
11598
11607
11617
11625
11635
11644
11654
11662
11672
11680
11691
11699
11709
11717
11728
11736
11746
11754
11765
11773
11783
11791
11801
11810
11825
11839
11854
11868
11884
11897
11913
11927
11942
11956
11971
11985
12001
12014
12030
12044
12059
12073
12089
12102
12118
12131
12147
12161
12176
12190
12206
12219
12235
12249
12264
12278
12293
12307
12323
12336
12352
12366
12381
12395
12410
12424
12440
12453
12469
12483
12498
12512
12527
12540
12556
12569
12585
12598
12614
12627
12643
12656
12672
12685
12700
12714
12729
12743
12758
12772
12787
12801
12816
12830
12845
12858
12874
12887
12903
12916
12932
12945
12961
12974
12990
13003
13019
13032
13047
13061
13076
13090
13105
13119
13134
13148
13163
13177
13192
13205
13221
13230
13238
13247
13255
13265
13272
13282
13290
13299
13307
13317
13324
13334
13342
13351
13359
13369
13376
13386
13394
13403
13411
13420
13428
13438
13445
13455
13463
13472
13480
13490
13497
13507
13515
13524
13532
13542
13549
13559
13567
13576
13584
13594
13601
13611
13618
13628
13636
13645
13653
13663
13670
13680
13688
13697
13705
13715
13722
13732
13740
13749
13757
13767
13774
13784
13792
13801
13809
13818
13826
13836
13843
13853
13861
13870
13878
13888
13895
13905
13913
13922
13930
13940
13947
13957
13965
13974
13982
13992
13999
14009
14016
14026
14042
14057
14074
14089
14105
14120
14137
14152
14169
14183
14200
14215
14232
14247
14263
14278
14295
14310
14326
14341
14358
14373
14390
14404
14421
14436
14453
14468
14484
14499
14516
14531
14548
14562
14579
14594
14611
14626
14641
14658
14673
14690
14704
14721
14736
14753
14768
14784
14799
14812
14824
14838
14850
14864
14876
14890
14902
14916
14928
14942
14954
14968
14980
14994
15006
15020
15032
15045
15057
15071
15083
15097
15109
15123
15135
15149
15161
15175
15187
15201
15213
15227
15239
15253
15265
15278
15290
15304
15316
15330
15342
15356
15368
15382
15394
15408
15420
15434
15446
15460
15472
15486
15498
15511
15523
15537
15549
15563
15575
15589
15601
15615
15627
15641
15659
15675
15694
15710
15728
15745
15763
15779
15798
15814
15833
15849
15867
15884
15902
15918
15937
15953
15971
15988
16006
16023
16041
16057
16076
16092
16110
16127
16145
16161
16180
16190
16198
16208
16216
16226
16235
16245
16253
16263
16271
16281
16290
16300
16308
16318
16326
16336
16345
16355
16363
16373
16381
16391
16400
16410
16418
16428
16436
16446
16455
16465
16473
16483
16491
16501
16510
16520
16528
16538
16546
16556
16565
16575
16583
16593
16601
16611
16620
16630
16638
16648
16656
16666
16675
16685
16694
16701
16710
16717
16726
16733
16743
16750
16759
16766
16775
16782
16791
16799
16808
16815
16824
16831
16840
16847
16857
16864
16873
16880
16889
16896
16905
16913
16922
16929
16938
16945
16954
16961
16971
16978
16987
16994
17003
17010
17020
17027
17036
17043
17052
17059
17068
17076
17085
17092
17101
17108
17117
17124
17134
17141
17150
17158
17168
17175
17185
17193
17203
17210
17220
17228
17238
17245
17255
17263
17273
17280
17290
17298
17308
17315
17325
17333
17343
17350
17360
17368
17377
17385
17395
17403
17412
17420
17430
17438
17447
17455
17465
17473
17482
17490
17500
17508
17517
17525
17535
17543
17552
17560
17570
17577
17587
17595
17605
17612
17622
17630
17640
17647
17657
17665
17675
17682
17689
17695
17703
17709
17717
17723
17731
17736
17744
17750
17758
17764
17772
17778
17785
17791
17799
17805
17813
17819
17827
17832
17840
17846
17854
17860
17868
17874
17881
17887
17895
17901
17909
17915
17923
17928
17936
17942
17950
17956
17964
17970
17978
17983
17991
17997
18005
18011
18019
18025
18032
18038
18046
18052
18060
18066
18074
18079
18087
18093
18101
18107
18115
18121
18128
18134
18142
18148
18156
18162
18170
18194
18217
18242
18264
18289
18312
18337
18359
18384
18407
18431
18454
18479
18502
18526
18549
18574
18596
18621
18644
18669
18691
18716
18739
18763
18786
18811
18834
18858
18881
18906
18928
18953
18976
19001
19014
19025
19039
19050
19063
19075
19088
19099
19113
19124
19137
19149
19162
19174
19187
19198
19212
19223
19236
19248
19261
19272
19286
19297
19310
19322
19335
19347
19360
19371
19385
19396
19409
19421
19434
19445
19459
19470
19483
19495
19508
19520
19533
19544
19558
19569
19582
19594
19607
19618
19632
19643
19656
19668
19681
19693
19706
19717
19731
19742
19755
19769
19782
19797
19810
19825
19838
19853
19866
19881
19894
19909
19922
19937
19950
19965
19978
19993
20006
20021
20034
20049
20062
20077
20090
20105
20118
20133
20146
20161
20174
20189
20202
20217
20229
20244
20257
20272
20285
20300
20313
20328
20341
20356
20369
20384
20397
20412
20425
20440
20453
20468
20481
20496
20509
20524
20537
20552
20565
20580
20604
20626
20650
20672
20696
20718
20743
20765
20789
20811
20835
20857
20882
20904
20928
20950
20974
20996
21021
21043
21067
21089
21113
21135
21160
21182
21206
21228
21252
21274
21284
21293
21304
21313
21324
21332
21343
21352
21363
21372
21383
21391
21402
21411
21422
21431
21442
21450
21461
21470
21481
21490
21501
21509
21520
21529
21540
21549
21560
21568
21579
21588
21599
21608
21618
21627
21638
21647
21658
21667
21677
21686
21697
21706
21717
21726
21751
21774
21799
21822
21847
21870
21895
21918
21943
21966
21992
22015
22040
22063
22088
22111
22136
22159
22184
22207
22233
22256
22267
22276
22287
22296
22307
22316
22328
22337
22348
22357
22368
22377
22388
22398
22409
22418
22429
22438
22449
22458
22470
22479
22490
22499
22510
22519
22530
22540
22551
22560
22571
22580
22591
22600
22612
22621
22632
22641
22652
22661
22672
22682
22693
22702
22713
22722
22733
22742
22754
22763
22774
22783
22794
22803
22810
22820
22827
22836
22844
22853
22860
22870
22877
22886
22894
22903
22910
22920
22927
22936
22944
22953
22960
22970
22977
22986
22994
23003
23010
23020
23027
23036
23044
23053
23060
23070
23077
23086
23094
23103
23110
23120
23127
23136
23144
23153
23160
23170
23177
23186
23194
23203
23210
23220
23227
23236
23244
23253
23260
23270
23277
23287
23294
23303
23311
23320
23327
23337
23344
23353
23361
23370
23377
23387
23394
23403
23411
23420
23427
23437
23444
23453
23461
23470
23477
23495
23511
23530
23546
23565
23581
23600
23616
23634
23651
23669
23686
23704
23721
23739
23756
23774
23790
23809
23825
23844
23860
23879
23895
23914
23930
23948
23965
23983
24000
24018
24035
24053
24070
24088
24104
24115
24125
24136
24146
24157
24167
24179
24188
24200
24209
24221
24230
24242
24252
24263
24273
24284
24294
24305
24315
24327
24336
24348
24357
24369
24378
24390
24400
24411
24421
24432
24442
24453
24463
24475
24484
24496
24505
24517
24526
24538
24548
24559
24569
24580
24590
24602
24612
24624
24634
24646
24656
24668
24678
24690
24700
24712
24722
24734
24744
24756
24766
24778
24788
24800
24810
24822
24832
24843
24853
24865
24875
24887
24897
24909
24919
24931
24941
24953
24963
24975
24985
24997
25007
25019
25029
25041
25051
25063
25073
25085
25095
25106
25116
25128
25138
25150
25160
25172
25182
25194
25204
25216
25226
25238
25248
25260
25270
25282
25292
25304
25324
25343
25363
25382
25402
25421
25442
25460
25481
25499
25520
25538
25559
25578
25598
25617
25637
25656
25676
25695
25716
25734
25755
25773
25794
25812
25833
25852
25872
25891
25900
25908
25918
25926
25936
25944
25954
25962
25972
25980
25990
25998
26008
26016
26026
26033
26043
26051
26061
26069
26079
26087
26097
26105
26115
26123
26133
26141
26151
26159
26168
26176
26186
26194
26204
26212
26222
26230
26240
26248
26258
26266
26276
26284
26294
26302
26311
26319
26329
26337
26347
26355
26365
26373
26383
26391
26401
26409
26419
26427
26437
26444
26454
26462
26472
26480
26490
26498
26508
26516
26526
26534
26544
26552
26562
26570
26580
26587
26597
26605
26615
26623
26633
26658
26681
26707
26730
26756
26779
26805
26828
26854
26877
26903
26926
26952
26975
27001
27024
27050
27073
27099
27122
27148
27171
27197
27220
27246
27269
27295
27318
27344
27367
27393
27415
27435
27458
27478
27501
27521
27544
27564
27587
27607
27630
27650
27673
27693
27716
27736
27758
27779
27801
27822
27844
27865
27887
27906
27923
27942
27959
27979
27996
28015
28032
28051
28069
28088
28105
28124
28141
28161
28178
28197
28214
28233
28251
28270
28287
28306
28324
28343
28360
28379
28396
28416
28433
28440
28445
28452
28458
28465
28470
28478
28483
28490
28496
28503
28508
28516
28521
28528
28534
28541
28546
28554
28559
28566
28572
28579
28584
28591
28597
28604
28609
28617
28622
28629
28635
28642
28647
28655
28660
28667
28673
28680
28685
28693
28698
28705
28711
28718
28723
28730
28736
28743
28748
28756
28761
28768
28774
28781
28786
28794
28799
28806
28812
28819
28824
28832
28837
28844
28850
28857
28862
28870
28875
28882
28887
28895
28900
28907
28913
28920
28925
28933
28938
28945
28951
28958
28963
28971
28976
28983
28989
28996
29001
29009
29014
29021
29026
29034
29039
29046
29052
29059
29064
29072
29077
29084
29090
29097
29102
29125
29147
29171
29193
29216
29238
29262
29284
29307
29329
29353
29375
29399
29420
29444
29466
29490
29511
29535
29557
29581
29602
29626
29648
29672
29694
29717
29739
29763
29785
29808
29830
29840
29849
29859
29868
29878
29887
29897
29906
29916
29925
29935
29944
29954
29963
29973
29982
29992
30001
30011
30020
30030
30039
30050
30058
30069
30077
30088
30096
30107
30115
30126
30134
30145
30153
30164
30172
30183
30191
30202
30210
30221
30230
30239
30250
30258
30269
30277
30288
30296
30307
30315
30326
30334
30345
30353
30364
30372
30383
30391
30402
30410
30421
30430
30439
30450
30458
30469
30477
30488
30496
30507
30520
30531
30544
30555
30568
30579
30592
30603
30616
30627
30640
30651
30664
30675
30688
30699
30712
30723
30736
30747
30761
30772
30785
30796
30809
30820
30833
30844
30857
30868
30881
30892
30905
30916
30929
30940
30953
30964
30977
30988
31001
31013
31026
31037
31050
31061
31074
31085
31098
31109
31122
31133
31145
31155
31167
31178
31190
31200
31213
31223
31235
31246
31258
31268
31281
31291
31303
31313
31326
31336
31348
31359
31371
31381
31394
31404
31416
31427
31439
31449
31461
31472
31484
31494
31507
31517
31529
31540
31552
31562
31575
31585
31597
31608
31620
31630
31642
31653
31665
31675
31688
31698
31710
31721
31733
31743
31756
31766
31778
31788
31801
31809
31815
31824
31830
31839
31845
31854
31860
31868
31875
31883
31890
31898
31905
31913
31920
31928
31934
31943
31949
31958
31964
31973
31979
31987
31994
32002
32009
32017
32024
32032
32039
32047
32053
32062
32068
32077
32083
32092
32098
32107
32113
32121
32128
32136
32143
32151
32158
32166
32172
32181
32187
32196
32202
32211
32217
32226
32232
32240
32247
32255
32262
32270
32277
32285
32292
32300
32306
32315
32321
32330
32336
32345
32351
32362
32371
32383
32392
32404
32413
32424
32434
32445
32455
32466
32476
32486
32497
32507
32518
32528
32539
32548
32560
32569
32581
32590
32601
32611
32622
32632
32643
32653
32664
32673
32685
32694
32706
32715
32726
32736
32747
32757
32768
32778
32789
32798
32810
32819
32831
32840
32851
32861
32872
32882
32893
32903
32914
32923
32935
32948
32959
32973
32984
32998
33009
33022
33034
33047
33059
33072
33084
33097
33108
33122
33133
33147
33158
33172
33183
33196
33208
33221
33233
33246
33257
33271
33282
33296
33307
33321
33332
33345
33357
33370
33382
33395
33407
33420
33431
33445
33456
33470
33481
33495
33506
33519
33531
33544
33556
33569
33580
33594
33605
33619
33630
33644
33655
33668
33680
33693
33705
33718
33730
33743
33754
33768
33777
33784
33793
33800
33809
33816
33825
33833
33842
33849
33858
33865
33874
33881
33891
33898
33907
33914
33923
33930
33939
33946
33956
33963
33972
33979
33988
33995
34004
34012
34021
34028
34037
34044
34053
34060
34070
34077
34086
34093
34102
34109
34118
34125
34135
34142
34151
34158
34167
34174
34183
34191
34200
34207
34216
34223
34232
34239
34248
34256
34265
34272
34281
34288
34297
34304
34314
34321
34330
34337
34346
34353
34362
34370
34379
34397
34413
34432
34448
34466
34483
34501
34517
34536
34552
34570
34587
34605
34621
34640
34656
34674
34691
34709
34725
34744
34760
34778
34795
34813
34829
34848
34864
34882
34899
34917
34933
34952
34968
34988
35007
35027
35046
35066
35085
35105
35124
35144
35163
35183
35202
35222
35241
35261
35280
35300
35319
35339
35358
35378
35397
35417
35436
35456
35475
35495
35514
35534
35553
35573
35592
35612
35631
35651
35670
35690
35709
35729
35748
35768
35788
35807
35827
35846
35867
35885
35906
35925
35945
35964
35985
36003
36024
36042
36063
36082
36102
36121
36142
36160
36181
36200
36220
36239
36259
36278
36299
36317
36338
36357
36377
36396
36417
36435
36456
36475
36495
36514
36522
36529
36538
36544
36553
36560
36569
36575
36584
36591
36599
36606
36615
36622
36630
36637
36646
36652
36661
36668
36677
36683
36692
36699
36707
36714
36723
36730
36738
36745
36754
36760
36769
36776
36785
36791
36800
36807
36815
36822
36831
36838
36846
36853
36862
36868
36877
36884
36893
36899
36908
36915
36924
36930
36939
36946
36954
36961
36970
36977
36985
36992
37001
37007
37016
37023
37032
37038
37047
37055
37061
37069
37076
37084
37090
37098
37105
37113
37119
37127
37134
37142
37148
37157
37163
37171
37177
37186
37192
37200
37206
37215
37221
37229
37235
37244
37250
37258
37265
37273
37279
37287
37294
37302
37308
37316
37323
37331
37337
37346
37352
37360
37366
37375
37381
37389
37395
37404
37410
37418
37424
37433
37439
37447
37454
37462
37468
37476
37483
37491
37497
37505
37512
37520
37526
37534
37541
37549
37555
37564
37570
37578
37584
37593
37599
37607
37613
37622
37628
37636
37643
37651
37657
37665
37672
37680
37686
37694
37701
37709
37715
37723
37730
37738
37744
37753
37759
37767
37773
37782
37791
37798
37808
37815
37825
37832
37841
37849
37858
37866
37875
37882
37892
37899
37909
37916
37926
37933
37942
37950
37959
37967
37976
37983
37993
38000
38010
38017
38027
38034
38043
38051
38060
38068
38077
38084
38094
38101
38111
38118
38128
38135
38144
38152
38161
38169
38178
38185
38195
38202
38212
38219
38229
38236
38245
38253
38262
38270
38279
38286
38296
38303
38313
38320
38329
38337
38346
38354
38363
38371
38380
38387
38397
38404
38414
38421
38430
38438
38447
38455
38464
38472
38481
38488
38498
38505
38515
38522
38531
38539
38548
38556
38565
38573
38582
38589
38599
38608
38615
38624
38631
38640
38647
38656
38663
38672
38679
38689
38696
38705
38712
38721
38728
38737
38744
38753
38760
38770
38777
38786
38793
38802
38809
38818
38825
38834
38841
38851
38858
38867
38874
38883
38890
38899
38906
38915
38922
38931
38939
38948
38955
38964
38971
38980
38987
38996
39003
39012
39020
39029
39036
39045
39052
39061
39068
39077
39084
39093
39101
39110
39117
39126
39133
39142
39149
39158
39165
39174
39181
39191
39198
39207
39214
39223
39230
39239
39246
39255
39262
39272
39279
39288
39295
39304
39311
39320
39327
39336
39343
39353
39379
39403
39429
39453
39479
39503
39529
39553
39579
39604
39630
39654
39680
39704
39730
39754
39780
39804
39830
39855
39881
39905
39931
39955
39971
39985
40001
40015
40031
40045
40061
40076
40092
40106
40122
40136
40152
40166
40182
40197
40213
40227
40243
40257
40273
40287
40304
40318
40334
40348
40364
40378
40394
40408
40425
40435
40444
40455
40464
40475
40483
40494
40503
40514
40523
40534
40542
40553
40562
40573
40582
40593
40601
40612
40621
40632
40641
40652
40660
40671
40680
40691
40700
40711
40719
40730
40739
40750
40759
40769
40778
40789
40798
40809
40818
40828
40837
40848
40857
40868
40877
40887
40896
40907
40916
40927
40936
40946
40955
40966
40975
40986
40995
41005
41014
41025
41034
41045
41053
41064
41073
41084
41093
41104
41112
41123
41132
41143
41152
41160
41167
41176
41182
41191
41198
41206
41213
41222
41228
41237
41244
41252
41259
41268
41274
41283
41290
41298
41305
41314
41320
41329
41336
41344
41351
41360
41366
41375
41382
41391
41397
41406
41413
41421
41428
41437
41443
41452
41459
41467
41474
41483
41489
41498
41505
41513
41520
41529
41535
41544
41551
41559
41566
41575
41581
41590
41597
41605
41612
41621
41628
41636
41643
41652
41665
41677
41691
41703
41717
41729
41743
41755
41769
41781
41795
41807
41820
41832
41846
41858
41872
41884
41898
41910
41924
41936
41950
41962
41975
41987
42001
42013
42027
42039
42053
42065
42079
42091
42105
42117
42130
42142
42156
42169
42180
42194
42205
42219
42230
42244
42255
42269
42280
42293
42305
42318
42330
42343
42355
42368
42380
42393
42404
42418
42429
42443
42454
42468
42479
42493
42504
42517
42529
42542
42554
42567
42579
42592
42604
42617
42629
42637
42644
42652
42659
42667
42674
42683
42689
42698
42704
42713
42719
42728
42735
42743
42750
42758
42765
42774
42780
42789
42795
42804
42810
42819
42826
42834
42841
42849
42856
42864
42871
42880
42886
42895
42901
42910
42917
42925
42932
42940
42947
42955
42962
42971
42977
42986
42992
43001
43008
43016
43023
43031
43038
43046
43053
43062
43068
43077
43083
43092
43098
43111
43122
43135
43146
43159
43171
43184
43195
43208
43219
43233
43244
43257
43268
43281
43292
43306
43317
43330
43341
43354
43366
43379
43390
43403
43414
43427
43439
43452
43463
43476
43487
43501
43512
43525
43536
43549
43560
43574
43585
43598
43609
43622
43634
43647
43658
43671
43682
43695
43707
43720
43731
43744
43755
43769
43780
43793
43804
43817
43828
43838
43846
43857
43865
43876
43884
43895
43903
43914
43922
43933
43941
43952
43960
43970
43979
43989
43998
44008
44017
44027
44036
44046
44055
44065
44074
44084
44092
44103
44111
44122
44130
44141
44149
44160
44168
44179
44187
44198
44206
44217
44225
44235
44244
44254
44263
44273
44282
44292
44301
44311
44320
44330
44339
44349
44357
44368
44376
44387
44395
44406
44414
44425
44433
44444
44452
44463
44471
44481
44490
44500
44509
44519
44528
44538
44547
44557
44566
44576
44585
44595
44604
44614
44622
44633
44650
44666
44683
44699
44716
44732
44749
44765
44782
44798
44815
44831
44848
44864
44881
44897
44914
44930
44947
44963
44980
44996
45013
45029
45046
45062
45079
45095
45112
45128
45145
45161
45178
45194
45211
45227
45244
45260
45271
45280
45292
45301
45313
45322
45333
45343
45354
45364
45375
45384
45396
45405
45417
45426
45437
45447
45458
45468
45479
45488
45500
45509
45521
45530
45542
45551
45562
45572
45583
45593
45604
45613
45625
45634
45646
45655
45666
45676
45687
45697
45708
45717
45729
45738
45750
45759
45770
45780
45791
45801
45812
45822
45833
45842
45854
45863
45875
45884
45895
45905
45913
45920
45928
45935
45943
45950
45958
45965
45973
45980
45989
45995
46004
46010
46019
46025
46034
46040
46049
46055
46064
46071
46079
46086
46094
46101
46109
46116
46124
46131
46139
46146
46155
46161
46170
46176
46185
46191
46200
46206
46215
46221
46230
46237
46245
46252
46260
46267
46275
46282
46290
46297
46305
46312
46321
46327
46336
46342
46351
46357
46366
46372
46381
46388
46396
46403
46411
46418
46426
46433
46441
46448
46456
46463
46472
46478
46487
46493
46502
46508
46517
46523
46532
46538
46547
46554
46562
46569
46577
46584
46592
46599
46607
46614
46622
46629
46638
46656
46672
46691
46707
46726
46742
46761
46777
46795
46812
46830
46847
46865
46882
46900
46917
46935
46951
46970
46986
47005
47021
47040
47056
47075
47091
47109
47126
47144
47161
47179
47196
47214
47231
47249
47265
47284
47300
47319
47335
47354
47370
47388
47405
47423
47440
47451
47460
47472
47481
47492
47502
47513
47523
47534
47543
47555
47564
47576
47585
47596
47606
47617
47627
47638
47647
47659
47668
47679
47689
47700
47710
47721
47730
47742
47751
47763
47772
47783
47793
47804
47814
47825
47834
47846
47855
47866
47876
47887
47897
47907
47916
47927
47936
47946
47955
47966
47975
47986
47994
48005
48014
48025
48033
48044
48053
48064
48073
48083
48092
48103
48112
48122
48131
48142
48151
48162
48170
48181
48190
48201
48209
48220
48229
48240
48249
48259
48268
48279
48288
48298
48307
48318
48327
48338
48346
48357
48366
48377
48385
48396
48405
48416
48425
48435
48444
48455
48464
48475
48483
48494
48503
48514
48522
48533
48542
48553
48562
48572
48581
48592
48601
48611
48620
48633
48645
48659
48670
48684
48696
48709
48721
48735
48746
48760
48772
48785
48797
48811
48822
48836
48848
48861
48873
48887
48898
48912
48924
48937
48949
48963
48974
48988
49000
49013
49025
49039
49050
49064
49076
49089
49101
49115
49136
49156
49177
49197
49219
49238
49260
49280
49301
49321
49343
49362
49384
49404
49425
49445
49467
49486
49508
49528
49549
49569
49591
49610
49632
49652
49673
49693
49714
49734
49756
49775
49797
49817
49838
49858
49880
49899
49908
49916
49926
49934
49943
49951
49961
49969
49979
49986
49996
50004
50014
50022
50031
50039
50049
50057
50067
50074
50084
50092
50102
50110
50119
50127
50137
50145
50155
50162
50172
50180
50190
50198
50207
50215
50225
50233
50243
50250
50260
50268
50278
50286
50295
50303
50313
50321
50331
50338
50348
50356
50366
50374
50383
50391
50401
50411
50420
50431
50440
50451
50460
50470
50479
50490
50499
50510
50519
50529
50538
50549
50558
50569
50578
50588
50597
50608
50617
50628
50637
50647
50656
50667
50676
50687
50696
50706
50715
50726
50735
50746
50755
50765
50774
50785
50794
50805
50814
50824
50833
50844
50853
50864
50873
50883
50892
50903
50912
50923
50932
50942
50951
50962
50971
50982
50991
51001
51010
51021
51030
51041
51050
51061
51069
51080
51089
51100
51109
51120
51132
51142
51154
51164
51176
51186
51198
51208
51220
51231
51243
51253
51265
51275
51287
51297
51309
51319
51331
51342
51354
51364
51376
51386
51398
51408
51420
51430
51442
51453
51465
51475
51487
51497
51509
51519
51531
51541
51553
51564
51576
51586
51598
51608
51620
51630
51642
51652
51664
51675
51687
51697
51709
51716
51722
51730
51735
51743
51749
51756
51762
51770
51775
51783
51789
51796
51802
51810
51815
51823
51829
51836
51842
51850
51855
51863
51869
51876
51882
51890
51895
51903
51909
51917
51922
51930
51936
51943
51949
51957
51962
51970
51976
51983
51989
51997
52002
52010
52016
52023
52029
52037
52042
52050
52056
52063
52069
52077
52082
52090
52096
52103
52109
52117
52123
52130
52136
52144
52149
52157
52163
52170
52176
52184
52189
52197
52203
52210
52219
52226
52235
52242
52252
52259
52268
52275
52284
52292
52301
52308
52317
52324
52334
52341
52350
52357
52366
52374
52383
52390
52399
52406
52416
52423
52432
52439
52449
52456
52465
52472
52481
52489
52498
52505
52514
52521
52531
52538
52547
52554
52563
52571
52580
52587
52596
52603
52613
52620
52629
52636
52646
52653
52662
52669
52678
52686
52695
52702
52711
52718
52728
52735
52744
52751
52760
52768
52777
52784
52793
52800
52810
52817
52826
52833
52843
52850
52859
52866
52875
52883
52892
52899
52908
52915
52925
52932
52941
52948
52957
52966
52974
52983
52991
53000
53008
53017
53025
53035
53042
53052
53059
53069
53077
53085
53095
53102
53112
53119
53129
53137
53145
53155
53162
53172
53179
53189
53197
53205
53215
53222
53232
53239
53249
53257
53265
53275
53282
53292
53299
53309
53317
53325
53335
53342
53352
53359
53369
53377
53385
53395
53402
53412
53419
53429
53437
53445
53455
53462
53472
53479
53489
53497
53505
53515
53522
53532
53539
53549
53557
53565
53575
53587
53597
53609
53619
53631
53641
53653
53663
53675
53685
53697
53707
53719
53729
53741
53751
53763
53773
53785
53795
53807
53817
53829
53839
53851
53861
53873
53883
53895
53905
53917
53927
53939
53949
53961
53971
53983
53993
54005
54015
54027
54037
54049
54059
54071
54081
54093
54103
54115
54125
54137
54148
54160
54170
54192
54213
54236
54257
54280
54301
54324
54345
54368
54389
54412
54433
54456
54477
54500
54521
54543
54564
54587
54608
54631
54642
54652
54664
54674
54686
54696
54708
54718
54729
54739
54751
54761
54773
54783
54795
54805
54816
54826
54838
54848
54860
54870
54882
54892
54903
54913
54925
54935
54947
54957
54969
54979
54991
55000
55012
55022
55034
55044
55056
55066
55078
55087
55099
55109
55121
55131
55138
55144
55152
55157
55165
55171
55179
55184
55192
55198
55206
55211
55219
55225
55232
55238
55246
55252
55259
55265
55273
55279
55286
55292
55300
55305
55313
55319
55327
55332
55340
55346
55354
55359
55367
55373
55381
55386
55394
55400
55407
55413
55421
55427
55434
55440
55448
55454
55461
55467
55475
55480
55488
55494
55502
55507
55515
55521
55529
55534
55542
55548
55556
55561
55569
55575
55582
55588
55596
55602
55609
55615
55623
55629
55636
55642
55650
55655
55663
55669
55677
55682
55690
55696
55704
55709
55717
55723
55730
55736
55744
55750
55757
55763
55771
55777
55784
55790
55798
55804
55811
55818
55824
55831
55837
55845
55850
55858
55863
55871
55877
55884
55890
55898
55903
55911
55916
55924
55930
55937
55943
55950
55956
55964
55969
55977
55983
55990
55996
56003
56009
56017
56022
56030
56036
56043
56049
56056
56062
56070
56075
56083
56088
56096
56102
56109
56115
56123
56128
56136
56141
56149
56155
56162
56168
56176
56181
56189
56194
56202
56208
56215
56221
56228
56234
56242
56247
56255
56261
56268
56274
56281
56287
56295
56300
56308
56314
56321
56327
56334
56340
56348
56353
56361
56366
56374
56380
56387
56393
56401
56406
56414
56419
56427
56433
56440
56450
56458
56468
56476
56486
56494
56504
56512
56522
56530
56540
56549
56559
56567
56577
56585
56595
56603
56613
56621
56631
56639
56649
56658
56668
56676
56686
56694
56704
56712
56722
56730
56740
56748
56758
56767
56777
56785
56795
56803
56813
56821
56831
56839
56849
56857
56867
56876
56886
56894
56904
56912
56922
56930
56940
56948
56958
56966
56976
56985
56995
57003
57013
57021
57031
57039
57049
57057
57067
57075
57085
57094
57104
57112
57122
57130
57140
57148
57155
57161
57169
57175
57183
57189
57197
57203
57211
57217
57225
57231
57239
57244
57252
57258
57266
57272
57280
57286
57294
57300
57308
57314
57322
57328
57336
57341
57349
57355
57363
57369
57377
57383
57391
57397
57405
57411
57419
57425
57433
57438
57446
57452
57460
57466
57474
57480
57488
57494
57502
57508
57516
57522
57530
57535
57543
57549
57557
57563
57571
57577
57585
57591
57599
57605
57613
57619
57627
57632
57640
57646
57654
57660
57668
57674
57682
57688
57696
57702
57710
57716
57724
57731
57739
57746
57755
57761
57770
57776
57785
57792
57800
57807
57815
57822
57831
57837
57846
57852
57861
57868
57876
57883
57891
57898
57907
57913
57922
57928
57937
57944
57952
57959
57967
57974
57983
57989
57998
58004
58013
58020
58028
58035
58043
58050
58059
58065
58074
58081
58089
58096
58104
58111
58120
58126
58135
58141
58150
58157
58165
58172
58180
58187
58196
58202
58211
58217
58226
58233
58240
58246
58254
58259
58267
58273
58280
58286
58294
58299
58307
58313
58320
58326
58334
58339
58347
58353
58360
58366
58374
58379
58387
58393
58400
58406
58414
58419
58427
58433
58440
58446
58454
58459
58467
58473
58480
58486
58494
58499
58507
58513
58520
58526
58534
58539
58547
58553
58560
58566
58574
58579
58587
58593
58600
58606
58614
58619
58627
58633
58640
58646
58654
58659
58667
58673
58680
58686
58694
58699
58707
58713
58720
58726
58734
58739
58747
58753
58760
58766
58774
58779
58787
58793
58800
58806
58814
58819
58827
58833
58841
58846
58854
58860
58867
58873
58881
58886
58894
58900
58907
58913
58921
58926
58934
58940
58947
58953
58961
58966
58980
58992
59006
59019
59033
59045
59059
59072
59086
59098
59112
59125
59139
59151
59165
59178
59192
59204
59218
59231
59245
59257
59271
59284
59298
59310
59325
59337
59351
59363
59378
59390
59404
59416
59431
59443
59457
59469
59484
59496
59510
59522
59537
59549
59563
59575
59590
59602
59616
59628
59636
59642
59651
59657
59666
59672
59681
59687
59696
59702
59711
59717
59726
59732
59741
59747
59756
59762
59771
59777
59786
59792
59801
59807
59816
59822
59831
59837
59846
59852
59861
59867
59876
59882
59891
59897
59905
59912
59920
59927
59935
59942
59950
59957
59965
59972
59980
59987
59995
60002
60010
60017
60025
60032
60040
60047
60055
60062
60070
60077
60085
60092
60100
60107
60115
60122
60130
60137
60145
60152
60160
60166
60175
60181
60190
60196
60205
60211
60220
60226
60235
60241
60250
60256
60265
60271
60280
60286
60295
60307
60317
60329
60339
60351
60361
60373
60383
60395
60406
60418
60428
60440
60450
60462
60472
60484
60495
60506
60518
60528
60540
60550
60562
60572
60584
60595
60606
60618
60628
60640
60650
60662
60672
60684
60695
60706
60718
60728
60740
60750
60762
60772
60784
60795
60806
60818
60828
60840
60850
60862
60872
60884
60895
60906
60918
60928
60940
60950
60962
60972
60984
60995
61006
61018
61028
61040
61050
61062
61072
61084
61095
61106
61118
61128
61140
61150
61160
61169
61180
61189
61200
61209
61220
61229
61239
61248
61259
61268
61279
61288
61299
61308
61318
61327
61338
61347
61358
61367
61378
61387
61397
61406
61417
61426
61437
61446
61457
61466
61476
61485
61496
61505
61516
61525
61536
61545
61555
61564
61575
61584
61595
61604
61615
61624
61634
61643
61654
61663
61674
61683
61694
61703
61713
61722
61733
61742
61753
61762
61773
61782
61792
61801
61812
61821
61832
61841
61848
61857
61865
61874
61881
61891
61898
61907
61914
61924
61931
61940
61948
61957
61964
61973
61981
61990
61997
62007
62014
62023
62030
62040
62047
62056
62064
62073
62080
62089
62097
62106
62113
62123
62130
62139
62146
62156
62163
62172
62180
62189
62196
62205
62213
62222
62229
62239
62246
62255
62262
62272
62279
62288
62296
62305
62312
62321
62329
62338
62345
62355
62362
62371
62378
62388
62395
62404
62412
62421
62428
62437
62445
62454
62461
62486
62509
62534
62557
62582
62605
62631
62654
62679
62702
62727
62750
62775
62799
62824
62847
62872
62895
62920
62943
62969
62992
63017
63024
63030
63038
63044
63052
63058
63066
63072
63080
63086
63094
63100
63108
63114
63122
63128
63136
63142
63150
63156
63164
63169
63177
63183
63191
63197
63205
63211
63219
63225
63233
63239
63247
63253
63261
63267
63275
63281
63289
63295
63303
63309
63316
63322
63330
63336
63344
63350
63358
63364
63372
63378
63386
63392
63400
63406
63414
63420
63428
63434
63442
63448
63456
63461
63469
63475
63483
63489
63497
63503
63511
63517
63525
63531
63539
63546
63552
63560
63565
63573
63579
63586
63592
63600
63605
63613
63619
63627
63632
63640
63646
63653
63659
63667
63672
63680
63686
63693
63699
63707
63713
63720
63726
63734
63739
63747
63753
63760
63766
63774
63779
63787
63793
63801
63806
63814
63820
63827
63833
63841
63846
63854
63860
63867
63873
63881
63887
63894
63900
63908
63913
63921
63927
63934
63940
63948
63953
63961
63967
63975
63980
63988
63994
64001
64007
64015
64020
64028
64034
64041
64047
64055
64061
64072
64082
64093
64103
64115
64124
64136
64146
64157
64167
64179
64188
64200
64209
64221
64231
64242
64252
64264
64273
64285
64295
64306
64316
64327
64337
64349
64358
64370
64380
64391
64401
64413
64422
64434
64443
64455
64465
64476
64486
64498
64507
64519
64529
64540
64550
64561
64571
64583
64592
64604
64614
64623
64630
64639
64646
64655
64662
64671
64679
64688
64695
64704
64711
64720
64727
64737
64744
64753
64760
64769
64776
64785
64793
64802
64809
64818
64825
64834
64841
64851
64858
64867
64874
64883
64890
64899
64907
64916
64923
64932
64939
64948
64955
64965
64972
64981
64988
64997
65004
65013
65021
65030
65037
65046
65053
65062
65069
65079
65093
65106
65121
65133
65148
65161
65176
65188
65203
65216
65231
65243
65258
65271
65286
65298
65313
65326
65341
65353
65368
65381
65396
65408
65423
65436
65451
65463
65478
65491
65506
65518
65533
65546
65561
65573
65588
65601
65616
65628
65635
65640
65647
65653
65660
65665
65673
65678
65685
65690
65698
65703
65710
65716
65723
65728
65735
65741
65748
65753
65761
65766
65773
65778
65786
65791
65798
65804
65811
65816
65823
65829
65836
65841
65849
65854
65861
65866
65874
65879
65886
65892
65899
65904
65911
65917
65924
65929
65937
65942
65949
65954
65962
65967
65974
65980
65987
65992
65999
66005
66012
66017
66025
66030
66037
66042
66050
66055
66062
66068
66075
66080
66087
66093
66100
66105
66113
66118
66125
66130
66138
66143
66150
66156
66163
66168
66175
66181
66188
66193
66201
66206
66213
66218
66226
66231
66238
66244
66251
66256
66263
66269
66276
66281
66289
66294
66318
66341
66365
66388
66413
66435
66460
66482
66507
66530
66554
66577
66602
66624
66649
66671
66696
66719
66743
66766
66791
66813
66838
66860
66885
66908
66932
66955
66964
66972
66982
66989
66999
67007
67017
67024
67034
67042
67052
67059
67069
67077
67087
67094
67104
67112
67121
67129
67139
67147
67156
67164
67174
67182
67191
67199
67209
67217
67226
67234
67244
67251
67261
67269
67279
67286
67296
67304
67314
67321
67331
67339
67349
67356
67366
67374
67383
67391
67401
67409
67418
67426
67436
67444
67453
67461
67471
67479
67488
67496
67506
67513
67523
67531
67541
67548
67558
67566
67576
67583
67593
67601
67611
67618
67623
67630
67636
67643
67648
67656
67661
67668
67673
67681
67686
67693
67699
67706
67711
67718
67724
67731
67736
67744
67749
67756
67762
67769
67774
67781
67787
67794
67799
67807
67812
67819
67824
67832
67837
67844
67850
67857
67862
67869
67875
67882
67887
67895
67900
67907
67913
67920
67925
67932
67938
67945
67950
67958
67963
67970
67975
67983
67988
67995
68001
68008
68013
68021
68026
68033
68038
68046
68051
68058
68064
68071
68076
68083
68089
68096
68101
68109
68114
68121
68126
68134
68139
68146
68152
68159
68164
68172
68177
68184
68189
68197
68202
68209
68215
68222
68227
68234
68240
68247
68252
68260
68265
68272
68285
68297
68311
68323
68336
68348
68362
68374
68387
68399
68413
68425
68438
68450
68464
68476
68489
68501
68515
68527
68540
68552
68566
68578
68591
68603
68617
68629
68642
68654
68668
68680
68693
68705
68719
68731
68744
68756
68770
68782
68795
68807
68821
68833
68846
68858
68872
68884
68897
68909
68923
68935
68948
68960
68974
68986
68999
69011
69025
69037
69052
69064
69078
69091
69105
69117
69132
69144
69158
69171
69185
69197
69212
69224
69238
69251
69265
69277
69292
69304
69319
69331
69345
69358
69372
69384
69399
69411
69425
69438
69452
69464
69479
69491
69505
69518
69532
69544
69559
69571
69585
69598
69612
69625
69639
69651
69666
69678
69692
69705
69716
69726
69737
69747
69758
69768
69779
69789
69800
69810
69821
69831
69842
69852
69864
69873
69885
69894
69906
69915
69927
69936
69948
69957
69969
69978
69990
69999
70011
70021
70032
70042
70053
70063
70074
70084
70095
70105
70116
70126
70137
70147
70159
70168
70180
70189
70201
70210
70222
70231
70243
70252
70264
70273
70285
70294
70306
70316
70327
70337
70348
70358
70369
70379
70390
70400
70409
70417
70426
70434
70444
70451
70461
70468
70478
70486
70495
70503
70512
70520
70530
70537
70547
70555
70564
70572
70581
70589
70599
70606
70616
70623
70633
70641
70650
70658
70668
70675
70685
70692
70702
70710
70719
70727
70736
70744
70754
70761
70771
70779
70788
70796
70805
70813
70823
70830
70840
70847
70857
70865
70874
70882
70892
70899
70909
70916
70926
70934
70943
70951
70960
70968
70978
70992
71004
71019
71031
71045
71058
71072
71085
71099
71111
71126
71138
71153
71165
71179
71192
71206
71219
71233
71245
71260
71272
71287
71299
71313
71326
71340
71353
71366
71380
71393
71407
71419
71434
71446
71461
71473
71487
71500
71514
71527
71541
71553
71568
71580
71595
71607
71621
71634
71648
71661
71675
71683
71690
71698
71705
71713
71720
71729
71735
71744
71750
71759
71766
71774
71781
71789
71796
71804
71811
71820
71826
71835
71841
71850
71857
71865
71872
71880
71887
71895
71902
71911
71917
71926
71932
71941
71948
71956
71963
71971
71978
71986
71993
72002
72008
72017
72023
72032
72039
72047
72054
72062
72069
72078
72084
72093
72099
72108
72114
72123
72130
72138
72145
72153
72160
72169
72175
72184
72190
72199
72205
72214
72236
72257
72279
72300
72323
72343
72366
72387
72409
72430
72453
72473
72496
72517
72539
72560
72583
72603
72626
72647
72669
72690
72713
72733
72756
72777
72799
72820
72843
72863
72886
72907
72929
72950
72973
72993
73016
73037
73059
73080
73094
73106
73120
73133
73147
73159
73174
73186
73200
73213
73227
73239
73254
73266
73280
73293
73307
73319
73334
73346
73360
73373
73387
73399
73413
73426
73440
73452
73467
73479
73493
73506
73520
73532
73547
73559
73573
73586
73600
73612
73627
73639
73653
73666
73680
73692
73706
73719
73733
73745
73760
73771
73780
73791
73800
73811
73820
73831
73841
73852
73861
73872
73881
73892
73901
73912
73922
73933
73942
73953
73962
73973
73982
73993
74003
74014
74023
74034
74043
74054
74063
74074
74084
74095
74104
74115
74124
74135
74144
74155
74165
74176
74185
74196
74205
74216
74225
74236
74246
74257
74266
74277
74286
74297
74306
74317
74327
74338
74347
74358
74367
74378
74387
74398
74408
74419
74428
74439
74448
74459
74468
74479
74489
74500
74509
74520
74529
74540
74549
74560
74570
74581
74590
74612
74633
74655
74676
74698
74719
74741
74762
74784
74805
74827
74848
74871
74891
74914
74934
74957
74977
75000
75020
75043
75063
75086
75107
75122
75135
75151
75164
75180
75193
75208
75222
75237
75251
75266
75280
75295
75308
75324
75337
75353
75366
75382
75395
75410
75424
75439
75453
75468
75482
75496
75511
75525
75540
75554
75569
75582
75598
75611
75627
75640
75656
75665
75672
75682
75689
75698
75706
75715
75722
75732
75739
75748
75756
75765
75772
75782
75789
75798
75806
75815
75822
75832
75839
75848
75856
75865
75872
75882
75889
75898
75906
75915
75922
75932
75939
75948
75956
75965
75972
75982
75989
75998
76006
76015
76022
76032
76039
76048
76056
76065
76072
76082
76089
76098
76106
76115
76126
76136
76148
76158
76170
76180
76192
76202
76214
76224
76236
76246
76258
76268
76280
76290
76302
76312
76324
76334
76346
76356
76368
76378
76390
76400
76412
76422
76434
76444
76456
76466
76477
76487
76499
76509
76521
76531
76543
76553
76565
76575
76587
76597
76609
76619
76631
76641
76653
76663
76675
76685
76697
76707
76719
76729
76741
76751
76763
76773
76785
76795
76807
76817
76828
76838
76850
76860
76872
76882
76894
76904
76916
76926
76938
76946
76952
76960
76966
76974
76980
76988
76994
77002
77008
77016
77022
77030
77036
77044
77050
77058
77064
77072
77078
77086
77092
77100
77106
77114
77120
77128
77134
77142
77148
77156
77162
77170
77176
77184
77190
77198
77204
77212
77218
77226
77232
77240
77246
77254
77260
77268
77274
77282
77288
77296
77302
77310
77316
77324
77330
77338
77344
77352
77358
77366
77372
77380
77386
77394
77400
77408
77414
77422
77428
77436
77442
77450
77456
77464
77470
77478
77484
77492
77498
77506
77512
77520
77526
77534
77540
77548
77554
77562
77568
77576
77582
77590
77596
77604
77611
77619
77626
77634
77641
77649
77656
77664
77671
77679
77686
77694
77701
77709
77716
77724
77731
77739
77746
77754
77761
77769
77776
77784
77791
77799
77806
77814
77821
77829
77836
77844
77851
77859
77866
77874
77881
77889
77896
77904
77911
77919
77926
77934
77941
77949
77956
77964
77971
77979
77986
77994
78001
78009
78016
78024
78031
78039
78046
78054
78061
78069
78076
78084
78091
78099
78106
78114
78121
78129
78136
78144
78151
78159
78166
78174
78181
78189
78196
78204
78211
78219
78226
78234
78241
78249
78256
78264
78271
78279
78286
78294
78301
78309
78316
78324
78331
78339
78346
78357
78367
78379
78389
78400
78410
78422
78432
78444
78453
78465
78475
78487
78496
78508
78518
78530
78540
78551
78561
78573
78583
78594
78604
78616
78626
78638
78647
78659
78669
78681
78691
78702
78712
78724
78734
78745
78755
78767
78777
78789
78798
78810
78820
78832
78841
78853
78863
78875
78885
78896
78906
78918
78928
78939
78949
78961
78971
78983
78992
79004
79014
79026
79036
79047
79057
79069
79079
79090
79100
79112
79122
79134
79144
79153
79164
79173
79184
79193
79204
79213
79224
79233
79244
79253
79264
79273
79284
79293
79304
79312
79323
79332
79343
79352
79363
79372
79383
79392
79403
79412
79423
79432
79443
79452
79463
79472
79482
79491
79502
79511
79522
79531
79542
79551
79562
79571
79582
79591
79602
79611
79622
79631
79642
79650
79661
79670
79681
79690
79701
79710
79721
79730
79741
79759
79776
79795
79812
79831
79848
79867
79884
79903
79920
79939
79955
79974
79991
80010
80027
80046
80063
80082
80099
80118
80135
80153
80170
80189
80206
80225
80242
80261
80284
80305
80329
80350
80374
80395
80419
80440
80464
80485
80509
80530
80554
80575
80599
80620
80644
80665
80688
80710
80733
80755
80778
80800
80823
80845
80868
80890
80913
80935
80958
80980
81003
81025
81048
81069
81077
81084
81092
81099
81108
81114
81123
81129
81138
81145
81153
81160
81169
81175
81184
81190
81199
81206
81214
81221
81229
81236
81245
81251
81260
81267
81275
81282
81290
81297
81306
81312
81321
81328
81336
81343
81351
81358
81367
81373
81382
81389
81396
81405
81411
81420
81427
81435
81442
81450
81457
81466
81472
81481
81488
81496
81503
81511
81518
81527
81533
81542
81549
81560
81570
81582
81591
81603
81613
81624
81634
81646
81656
81667
81677
81689
81698
81710
81720
81731
81741
81753
81763
81774
81784
81796
81805
81817
81827
81839
81848
81860
81870
81881
81891
81903
81912
81924
81934
81946
81955
81967
81977
81988
81998
82010
82020
82031
82041
82053
82062
82074
82084
82095
82105
82117
82134
82150
82167
82183
82200
82216
82233
82249
82266
82282
82299
82315
82332
82348
82365
82381
82398
82414
82432
82447
82465
82480
82498
82513
82531
82546
82564
82579
82597
82612
82630
82645
82663
82678
82696
82712
82729
82745
82762
82778
82795
82811
82828
82844
82861
82869
82876
82884
82891
82899
82906
82915
82921
82930
82936
82945
82952
82960
82967
82975
82982
82990
82997
83006
83012
83021
83027
83036
83043
83051
83058
83066
83073
83081
83088
83097
83103
83112
83118
83127
83134
83142
83149
83157
83164
83172
83179
83188
83194
83203
83209
83218
83225
83233
83240
83248
83255
83264
83270
83279
83285
83294
83300
83309
83316
83324
83331
83339
83346
83355
83361
83370
83376
83385
83391
83400
83407
83415
83422
83430
83437
83446
83452
83461
83467
83476
83482
83491
83507
83522
83538
83553
83569
83584
83600
83615
83631
83646
83662
83677
83693
83708
83724
83739
83755
83770
83786
83801
83817
83832
83848
83863
83879
83894
83910
83925
83941
83956
83972
83987
84003
84018
84034
84049
84065
84080
84096
84111
84127
84142
84158
84173
84189
84204
84220
84235
84251
84266
84282
84297
84312
84327
84342
84357
84372
84387
84402
84417
84432
84447
84462
84477
84492
84507
84522
84537
84552
84567
84582
84597
84612
84627
84642
84657
84672
84687
84702
84717
84732
84747
84762
84777
84792
84807
84822
84837
84852
84867
84882
84897
84912
84927
84942
84957
84972
84987
85001
85013
85028
85040
85054
85067
85081
85094
85108
85120
85135
85147
85161
85174
85188
85201
85215
85227
85242
85254
85268
85281
85295
85308
85322
85334
85349
85361
85375
85388
85402
85415
85429
85441
85456
85468
85482
85495
85509
85522
85536
85548
85563
85575
85590
85597
85603
85611
85617
85624
85630
85638
85644
85652
85657
85665
85671
85679
85685
85692
85698
85706
85712
85720
85725
85733
85739
85747
85753
85760
85766
85774
85780
85788
85793
85801
85807
85815
85821
85828
85834
85842
85848
85856
85861
85869
85875
85883
85888
85896
85902
85910
85916
85923
85929
85937
85943
85951
85956
85964
85970
85978
85984
85991
85997
86005
86011
86019
86024
86032
86038
86046
86052
86059
86065
86073
86079
86087
86092
86100
86106
86114
86120
86127
86133
86141
86147
86154
86160
86168
86174
86182
86187
86195
86201
86209
86215
86222
86228
86236
86244
86251
86260
86267
86276
86283
86292
86299
86308
86315
86324
86331
86340
86347
86356
86363
86372
86378
86387
86394
86403
86410
86419
86426
86435
86442
86451
86458
86467
86474
86483
86490
86499
86506
86514
86521
86530
86537
86546
86553
86562
86569
86578
86585
86594
86601
86610
86617
86626
86633
86642
86648
86657
86664
86673
86680
86689
86696
86705
86712
86721
86728
86737
86744
86753
86760
86769
86776
86784
86791
86800
86807
86816
86823
86832
86839
86848
86855
86864
86871
86880
86887
86896
86903
86915
86926
86939
86950
86963
86974
86987
86997
87010
87021
87034
87045
87058
87069
87082
87092
87105
87116
87129
87140
87153
87164
87176
87187
87200
87211
87224
87235
87248
87259
87271
87282
87295
87306
87319
87330
87343
87354
87366
87377
87390
87401
87414
87425
87438
87448
87461
87472
87485
87496
87509
87524
87538
87553
87567
87582
87596
87611
87625
87640
87654
87669
87683
87699
87712
87728
87741
87757
87770
87786
87799
87815
87829
87843
87859
87872
87888
87901
87917
87930
87946
87959
87975
87989
88003
88019
88032
88048
88061
88077
88092
88106
88121
88135
88150
88164
88179
88193
88208
88222
88237
88251
88266
88280
88295
88309
88324
88338
88354
88367
88383
88396
88412
88425
88441
88454
88470
88483
88499
88512
88528
88541
88557
88570
88586
88600
88615
88629
88644
88658
88673
88687
88702
88716
88731
88745
88760
88774
88789
88803
88818
88832
88847
88861
88877
88890
88905
88919
88934
88948
88963
88977
88993
89006
89022
89035
89051
89065
89080
89094
89109
89123
89139
89152
89168
89181
89197
89211
89226
89240
89255
89269
89285
89298
89314
89327
89343
89357
89372
89386
89401
89411
89419
89429
89437
89448
89456
89466
89474
89484
89493
89503
89511
89521
89529
89540
89548
89558
89566
89576
89585
89595
89603
89613
89621
89632
89640
89650
89658
89668
89677
89687
89695
89705
89713
89724
89732
89742
89750
89760
89769
89779
89787
89797
89805
89816
89824
89834
89842
89852
89861
89871
89879
89889
89897
89908
89916
89926
89934
89944
89953
89963
89971
89981
89989
90000
90008
90018
90026
90036
90045
90055
90063
90073
90081
90092
90100
90110
90118
90128
90137
90147
90155
90165
90174
90184
90192
90202
90210
90221
90229
90244
90257
90272
90285
90300
90313
90328
90341
90356
90370
90385
90398
90413
90426
90441
90454
90469
90482
90497
90511
90526
90539
90554
90567
90582
90595
90610
90623
90638
90652
90667
90680
90695
90708
90723
90736
90751
90764
90779
90793
90808
90821
90836
90849
90864
90877
90892
90905
90920
90934
90949
90962
90977
90990
90998
91005
91013
91020
91029
91035
91044
91051
91059
91066
91074
91081
91090
91096
91105
91112
91120
91127
91136
91142
91151
91157
91166
91173
91181
91188
91197
91203
91212
91219
91227
91234
91242
91249
91258
91264
91273
91280
91288
91295
91303
91310
91319
91325
91334
91341
91349
91356
91365
91371
91380
91386
91395
91402
91410
91417
91426
91432
91441
91448
91456
91463
91471
91478
91487
91493
91502
91509
91517
91524
91532
91539
91548
91554
91563
91570
91578
91585
91594
91600
91609
91615
91624
91631
91639
91646
91655
91661
91670
91677
91685
91692
91700
91707
91716
91735
91753
91772
91790
91810
91827
91847
91864
91884
91902
91921
91939
91958
91976
91996
92013
92033
92050
92070
92088
92107
92125
92144
92162
92182
92199
92219
92236
92256
92274
92293
92311
92326
92340
92355
92369
92384
92398
92413
92427
92442
92456
92471
92485
92500
92514
92529
92543
92558
92572
92588
92601
92617
92630
92646
92659
92675
92688
92704
92717
92733
92746
92762
92775
92791
92804
92820
92834
92849
92863
92878
92892
92907
92921
92936
92944
92950
92958
92964
92972
92979
92987
92993
93001
93007
93016
93022
93030
93036
93044
93051
93059
93065
93073
93079
93088
93094
93102
93108
93116
93123
93131
93137
93145
93151
93160
93166
93174
93180
93188
93195
93203
93209
93217
93223
93232
93238
93246
93252
93260
93267
93275
93281
93289
93295
93304
93310
93318
93324
93332
93339
93347
93353
93361
93367
93376
93382
93390
93396
93404
93411
93419
93425
93433
93439
93448
93454
93462
93468
93476
93483
93491
93497
93505
93511
93520
93526
93534
93540
93548
93555
93563
93569
93577
93583
93592
93598
93606
93612
93620
93627
93635
93641
93649
93655
93664
93671
93677
93685
93690
93698
93704
93712
93717
93725
93731
93739
93744
93752
93758
93766
93771
93779
93785
93793
93798
93806
93812
93820
93825
93833
93839
93847
93852
93860
93866
93873
93879
93887
93893
93900
93906
93914
93920
93927
93933
93941
93947
93954
93960
93968
93974
93981
93987
93995
94001
94008
94014
94022
94028
94035
94041
94049
94055
94062
94068
94076
94081
94089
94095
94103
94108
94116
94122
94130
94135
94143
94149
94157
94162
94170
94176
94184
94189
94197
94203
94211
94216
94224
94230
94238
94243
94251
94268
94284
94301
94317
94335
94351
94367
94385
94401
94417
94435
94451
94467
94485
94501
94517
94535
94551
94567
94585
94601
94617
94635
94651
94667
94685
94701
94717
94735
94751
94767
94785
94801
94817
94835
94851
94867
94885
94901
94917
94935
94951
94967
94985
95001
95017
95035
95051
95067
95077
95085
95095
95103
95113
95121
95132
95140
95150
95158
95168
95176
95187
95195
95205
95213
95223
95231
95242
95250
95260
95268
95278
95286
95297
95305
95315
95323
95333
95341
95351
95360
95370
95378
95388
95396
95406
95415
95425
95433
95443
95451
95461
95470
95480
95488
95498
95506
95516
95525
95535
95543
95553
95561
95571
95579
95590
95598
95608
95616
95626
95634
95645
95653
95663
95671
95681
95689
95700
95708
95718
95726
95736
95744
95755
95763
95773
95781
95791
95799
95809
95819
95827
95837
95846
95856
95864
95874
95883
95893
95901
95912
95920
95930
95938
95949
95957
95967
95975
95986
95994
96004
96013
96023
96031
96041
96050
96060
96068
96078
96087
96097
96105
96116
96124
96134
96142
96153
96161
96171
96179
96190
96198
96208
96217
96227
96235
96245
96254
96264
96272
96282
96291
96301
96309
96320
96328
96338
96346
96357
96365
96375
96383
96394
96402
96412
96421
96431
96439
96449
96458
96468
96476
96486
96495
96505
96513
96524
96532
96542
96550
96564
96577
96592
96605
96619
96632
96647
96660
96675
96687
96702
96715
96730
96743
96757
96770
96785
96798
96813
96825
96840
96853
96868
96881
96895
96908
96923
96936
96950
96963
96978
96991
97006
97018
97033
97046
97061
97074
97088
97101
97116
97129
97144
97156
97165
97173
97183
97190
97200
97208
97217
97225
97235
97243
97252
97260
97270
97277
97287
97295
97304
97312
97322
97330
97339
97347
97357
97364
97374
97382
97391
97399
97409
97417
97426
97434
97444
97451
97461
97469
97478
97486
97496
97504
97513
97521
97531
97538
97548
97556
97565
97573
97583
97591
97600
97608
97618
97625
97635
97643
97653
97660
97670
97678
97686
97692
97700
97706
97714
97720
97729
97735
97743
97749
97757
97763
97772
97778
97786
97792
97800
97806
97814
97821
97829
97835
97843
97849
97857
97864
97872
97878
97886
97892
97900
97906
97915
97921
97929
97935
97943
97949
97958
97964
97972
97978
97986
97992
98001
98007
98015
98021
98029
98035
98043
98050
98058
98064
98072
98078
98086
98093
98101
98107
98115
98121
98129
98135
98144
98150
98158
98164
98172
98178
98187
98193
98201
98207
98215
98221
98229
98236
98244
98250
98258
98264
98272
98279
98287
98293
98301
98307
98315
98322
98330
98336
98344
98350
98358
98364
98373
98379
98387
98393
98401
98407
98416
98422
98430
98436
98444
98450
98458
98465
98473
98479
98487
98497
98506
98517
98526
98536
98545
98556
98565
98575
98584
98595
98604
98615
98623
98634
98643
98654
98662
98673
98682
98693
98701
98712
98721
98732
98741
98751
98760
98771
98780
98790
98799
98810
98819
98830
98838
98849
98858
98869
98877
98888
98897
98908
98916
98927
98936
98947
98956
98966
98975
98986
98995
99005
99014
99025
99034
99045
99053
99064
99073
99084
99092
99103
99112
99123
99131
99142
99151
99162
99171
99181
99190
99201
99210
99220
99229
99240
99249
99259
99268
99279
99288
99299
99307
99318
99327
99338
99351
99363
99377
99389
99403
99415
99429
99441
99455
99466
99480
99492
99506
99518
99532
99544
99558
99570
99583
99595
99609
99621
99635
99647
99661
99673
99687
99698
99712
99724
99738
99750
99764
99776
99790
99802
99815
99827
99841
99853
99867
99879
99893
99905
99919
99930
99944
99956
99970
99982
99996
100008
100022
100034
100047
100059
100073
100085
100099
100111
100125
100137
100151
100162
