7
12
20
25
32
38
45
50
58
63
70
76
83
89
96
101
109
114
121
127
134
139
147
152
159
165
172
178
185
190
198
203
210
216
223
228
236
241
249
254
261
267
274
279
287
292
299
305
312
317
325
330
338
343
350
356
363
368
376
381
388
394
401
406
414
422
429
438
445
454
461
470
477
486
493
502
509
518
525
534
541
550
557
566
573
582
589
598
605
614
621
630
637
646
653
662
669
678
685
694
701
710
717
726
733
742
749
758
765
774
781
789
796
805
812
821
828
837
844
853
860
869
876
885
892
901
908
917
924
933
940
949
956
965
972
981
988
997
1004
1013
1026
1038
1052
1063
1077
1089
1102
1114
1128
1139
1153
1165
1179
1190
1204
1216
1229
1241
1255
1266
1280
1292
1306
1317
1331
1343
1356
1368
1382
1393
1407
1419
1433
1444
1458
1470
1483
1495
1509
1520
1530
1539
1549
1558
1569
1577
1588
1596
1607
1616
1626
1635
1646
1654
1665
1673
1684
1693
1703
1712
1723
1731
1742
1750
1761
1770
1780
1789
1800
1808
1819
1827
1838
1847
1857
1866
1877
1885
1896
1904
1915
1924
1934
1943
1954
1962
1973
1981
1992
2001
2011
2020
2031
2039
2050
2058
2069
2078
2088
2097
2108
2116
2123
2129
2137
2143
2150
2156
2164
2170
2178
2183
2191
2197
2205
2211
2218
2224
2232
2238
2246
2251
2259
2265
2273
2278
2286
2292
2300
2306
2313
2319
2327
2333
2341
2346
2354
2360
2368
2374
2381
2387
2395
2401
2409
2414
2422
2428
2436
2441
2449
2455
2463
2469
2476
2482
2490
2496
2504
2509
2517
2523
2531
2537
2544
2550
2558
2564
2572
2577
2585
2591
2599
2606
2611
2619
2624
2632
2637
2645
2650
2658
2663
2671
2676
2684
2689
2696
2702
2709
2715
2722
2728
2735
2741
2748
2754
2761
2767
2774
2780
2787
2792
2800
2805
2813
2818
2826
2831
2839
2844
2852
2857
2865
2870
2878
2883
2890
2896
2903
2909
2916
2922
2929
2935
2942
2948
2955
2961
2968
2974
2980
2987
2993
3000
3006
3013
3019
3026
3032
3039
3045
3052
3058
3065
3070
3078
3083
3091
3096
3104
3109
3117
3122
3130
3135
3146
3156
3167
3177
3188
3198
3209
3219
3230
3240
3251
3261
3272
3282
3293
3303
3314
3324
3335
3345
3356
3366
3377
3387
3398
3408
3419
3429
3440
3450
3462
3471
3483
3492
3504
3513
3525
3534
3546
3555
3567
3576
3588
3597
3609
3618
3630
3639
3651
3660
3672
3681
3693
3702
3714
3723
3735
3744
3756
3766
3777
3787
3795
3801
3809
3815
3823
3829
3837
3843
3851
3857
3865
3871
3879
3885
3893
3899
3907
3913
3921
3927
3935
3941
3949
3955
3963
3969
3977
3983
3991
3997
4005
4011
4019
4025
4033
4039
4047
4053
4061
4067
4075
4081
4089
4095
4103
4109
4117
4123
4131
4137
4145
4151
4159
4165
4173
4179
4187
4193
4201
4207
4215
4221
4229
4235
4243
4249
4257
4263
4271
4277
4285
4291
4299
4305
4314
4322
4332
4340
4349
4357
4367
4375
4384
4392
4402
4410
4420
4427
4437
4445
4455
4462
4472
4480
4490
4497
4507
4515
4525
4533
4542
4550
4560
4568
4577
4585
4595
4603
4613
4620
4630
4638
4648
4655
4665
4673
4683
4690
4700
4708
4718
4726
4735
4743
4753
4761
4770
4778
4788
4796
4805
4813
4819
4827
4833
4841
4847
4855
4861
4869
4876
4884
4890
4898
4904
4912
4918
4926
4932
4940
4947
4955
4961
4969
4975
4983
4989
4997
5003
5011
5018
5026
5032
5040
5046
5054
5060
5068
5074
5082
5089
5097
5103
5111
5117
5125
5131
5139
5145
5153
5160
5168
5174
5182
5188
5196
5202
5210
5216
5224
5231
5239
5245
5253
5259
5267
5273
5281
5287
5295
5302
5310
5316
5324
5330
5338
5344
5352
5358
5366
5373
5381
5391
5399
5410
5418
5428
5437
5447
5455
5466
5474
5484
5493
5503
5511
5522
5530
5540
5549
5559
5567
5578
5586
5596
5605
5615
5623
5634
5642
5652
5661
5671
5679
5690
5698
5708
5717
5727
5735
5746
5754
5764
5773
5783
5791
5802
5810
5820
5829
5839
5847
5858
5866
5876
5885
5895
5903
5914
5922
5932
5941
5951
5959
5966
5971
5979
5984
5992
5997
6005
6010
6018
6023
6030
6036
6043
6049
6056
6062
6069
6075
6082
6087
6095
6100
6108
6113
6121
6126
6134
6139
6146
6152
6159
6165
6172
6178
6185
6191
6198
6203
6211
6216
6224
6229
6237
6242
6250
6255
6262
6268
6275
6281
6288
6294
6301
6307
6314
6319
6327
6332
6340
6345
6353
6358
6366
6371
6378
6384
6391
6397
6404
6410
6417
6423
6430
6435
6443
6448
6456
6461
6469
6474
6482
6487
6494
6500
6507
6513
6520
6526
6534
6539
6547
6552
6560
6565
6573
6579
6586
6592
6599
6605
6613
6618
6626
6631
6639
6644
6652
6658
6665
6671
6678
6684
6692
6697
6705
6710
6718
6723
6731
6737
6744
6750
6757
6763
6771
6776
6784
6789
6797
6802
6810
6816
6823
6829
6836
6842
6850
6855
6863
6868
6876
6881
6889
6897
6904
6913
6920
6929
6936
6945
6952
6961
6968
6977
6984
6993
7000
7009
7016
7025
7032
7041
7048
7057
7064
7073
7080
7089
7096
7105
7112
7121
7128
7137
7144
7153
7160
7169
7176
7185
7192
7201
7208
7217
7224
7233
7240
7249
7256
7265
7272
7281
7288
7297
7304
7313
7322
7329
7338
7345
7354
7361
7370
7377
7386
7393
7402
7409
7418
7425
7435
7442
7451
7458
7467
7474
7483
7490
7499
7506
7515
7522
7531
7538
7548
7555
7564
7571
7580
7587
7596
7603
7612
7619
7628
7635
7644
7651
7661
7668
7677
7684
7693
7700
7709
7716
7725
7732
7741
7748
7757
7764
7773
7781
7790
7797
7806
7813
7822
7829
7838
7845
7854
7861
7870
7877
7886
7894
7903
7910
7919
7926
7935
7942
7954
7965
7978
7989
8002
8012
8025
8036
8049
8060
8072
8083
8096
8107
8120
8130
8143
8154
8167
8178
8191
8201
8214
8225
8238
8249
8261
8272
8285
8296
8309
8319
8332
8339
8345
8352
8358
8365
8371
8379
8384
8392
8397
8405
8410
8418
8424
8431
8437
8444
8450
8457
8463
8471
8476
8484
8489
8497
8503
8510
8516
8523
8529
8536
8542
8550
8555
8563
8568
8576
8582
8588
8596
8601
8609
8614
8622
8628
8635
8641
8648
8654
8661
8667
8675
8680
8688
8693
8701
8707
8713
8721
8726
8734
8739
8747
8753
8760
8766
8773
8779
8786
8792
8800
8805
8813
8818
8826
8832
8838
8846
8851
8859
8864
8872
8878
8885
8891
8898
8904
8911
8917
8925
8930
8938
8943
8951
8957
8963
8971
8976
8984
8995
9005
9017
9027
9039
9048
9060
9070
9082
9092
9104
9113
9125
9135
9147
9157
9169
9178
9190
9200
9212
9222
9234
9243
9255
9265
9277
9287
9299
9308
9320
9330
9342
9352
9360
9367
9375
9382
9390
9397
9405
9412
9420
9427
9435
9442
9451
9457
9466
9472
9481
9487
9496
9502
9511
9517
9526
9533
9541
9548
9556
9563
9571
9578
9586
9593
9601
9608
9616
9623
9632
9638
9647
9653
9662
9668
9677
9683
9692
9698
9707
9714
9722
9729
9737
9744
9752
9759
9767
9774
9782
9789
9798
9804
9813
9819
9828
9834
9843
9849
9858
9864
9873
9879
9888
9895
9903
9910
9918
9925
9933
9940
9948
9955
9964
9972
9982
9990
10000
10007
10017
10025
10035
10043
10052
10060
10070
10078
10088
10096
10105
10113
10123
10131
10141
10148
10158
10166
10176
10184
10194
10201
10211
10219
10229
10237
10246
10254
10264
10272
10282
10290
10299
10307
10317
10325
10335
10342
10352
10360
10370
10378
10388
10395
10405
10413
10423
10431
10440
10448
10458
10466
10476
10484
10493
10501
10511
10519
10529
10536
10546
10554
10564
10572
10582
10589
10599
10607
10619
10629
10641
10651
10663
10673
10685
10695
10707
10717
10729
10739
10751
10761
10773
10783
10795
10805
10817
10827
10839
10849
10861
10871
10883
10893
10905
10915
10927
10937
10949
10959
10971
10982
10993
11005
11015
11027
11037
11049
11059
11071
11081
11093
11103
11115
11125
11137
11147
11159
11169
11181
11191
11203
11213
11224
11233
11244
11253
11264
11274
11285
11294
11305
11314
11326
11335
11346
11355
11366
11375
11387
11396
11407
11416
11427
11437
11448
11457
11468
11477
11489
11498
11509
11518
11529
11538
11550
11559
11570
11579
11590
11600
11611
11620
11631
11640
11652
11661
11672
11681
11692
11701
11713
11722
11733
11746
11758
11772
11783
11797
11809
11823
11834
11848
11860
11873
11885
11899
11911
11924
11936
11950
11962
11975
11987
12001
12012
12026
12038
12052
12063
12077
12089
12103
12114
12128
12140
12153
12165
12179
12191
12204
12216
12230
12242
12255
12267
12281
12292
12306
12318
12332
12343
12357
12369
12382
12394
12408
12420
12434
12446
12460
12471
12485
12497
12511
12523
12537
12549
12562
12574
12588
12600
12614
12626
12640
12651
12665
12677
12691
12703
12717
12729
12742
12754
12768
12780
12794
12806
12820
12832
12845
12857
12871
12883
12897
12909
12923
12934
12948
12962
12975
12989
13002
13017
13029
13044
13057
13071
13084
13099
13111
13126
13139
13153
13166
13181
13193
13208
13221
13235
13248
13262
13275
13290
13302
13317
13330
13344
13357
13372
13384
13399
13412
13426
13439
13459
13477
13497
13515
13535
13553
13573
13591
13611
13629
13649
13667
13687
13705
13725
13743
13763
13781
13801
13819
13839
13858
13878
13896
13916
13934
13954
13972
13992
14010
14020
14029
14039
14048
14058
14067
14078
14086
14097
14106
14115
14126
14134
14145
14154
14163
14174
14182
14193
14202
14211
14222
14230
14241
14250
14259
14270
14278
14289
14298
14307
14318
14326
14337
14346
14355
14366
14374
14385
14394
14411
14427
14444
14460
14477
14493
14510
14526
14543
14559
14576
14592
14609
14625
14642
14658
14675
14691
14708
14724
14741
14757
14774
14790
14807
14823
14832
14839
14848
14855
14865
14872
14881
14888
14898
14905
14914
14921
14931
14938
14947
14954
14964
14971
14980
14987
14997
15004
15013
15020
15030
15037
15046
15053
15063
15070
15079
15086
15095
15103
15112
15119
15128
15136
15145
15152
15161
15169
15178
15185
15194
15202
15211
15218
15228
15236
15246
15254
15264
15272
15282
15291
15301
15309
15319
15327
15337
15345
15355
15364
15374
15382
15392
15400
15410
15418
15428
15437
15447
15455
15465
15473
15483
15491
15501
15510
15520
15528
15538
15546
15556
15564
15574
15583
15593
15601
15611
15619
15629
15637
15647
15656
15666
15674
15684
15692
15702
15710
15718
15725
15733
15740
15749
15755
15764
15770
15779
15786
15794
15801
15810
15816
15825
15831
15840
15847
15855
15862
15871
15877
15886
15892
15901
15908
15916
15923
15932
15938
15947
15953
15962
15969
15977
15984
15993
15999
16008
16014
16023
16030
16038
16045
16054
16060
16069
16075
16084
16091
16099
16106
16115
16121
16130
16136
16145
16152
16160
16167
16176
16182
16191
16197
16206
16213
16221
16228
16237
16243
16252
16258
16267
16274
16282
16289
16309
16327
16347
16366
16386
16404
16425
16443
16463
16481
16502
16520
16540
16559
16579
16597
16617
16636
16656
16674
16695
16713
16733
16752
16772
16790
16810
16829
16839
16848
16858
16867
16877
16886
16896
16905
16916
16924
16935
16943
16954
16962
16973
16981
16992
17001
17011
17020
17030
17039
17049
17058
17069
17077
17088
17096
17107
17115
17126
17134
17145
17154
17164
17173
17183
17192
17202
17211
17222
17230
17241
17249
17260
17268
17279
17290
17299
17311
17320
17331
17341
17352
17361
17373
17382
17393
17403
17414
17423
17435
17444
17455
17465
17476
17485
17497
17506
17517
17527
17538
17547
17559
17568
17579
17589
17600
17609
17621
17630
17641
17651
17662
17671
17683
17692
17703
17713
17724
17733
17745
17754
17765
17775
17786
17795
17807
17816
17827
17837
17848
17857
17869
17878
17889
17899
17910
17917
17922
17929
17935
17942
17947
17955
17960
17967
17973
17980
17985
17993
17998
18005
18011
18018
18023
18031
18036
18043
18049
18056
18061
18069
18074
18081
18087
18094
18099
18107
18112
18119
18125
18132
18137
18145
18150
18157
18163
18170
18175
18183
18188
18195
18201
18208
18213
18221
18226
18233
18239
18246
18251
18259
18264
18271
18277
18284
18289
18297
18302
18309
18315
18322
18327
18336
18344
18354
18362
18372
18380
18390
18398
18408
18416
18426
18434
18444
18452
18462
18470
18480
18488
18498
18506
18516
18524
18534
18542
18552
18560
18570
18578
18588
18596
18606
18614
18624
18632
18642
18650
18660
18668
18678
18686
18696
18704
18714
18722
18732
18748
18763
18779
18794
18811
18825
18842
18857
18872
18889
18903
18920
18935
18951
18966
18982
18997
19014
19028
19045
19060
19076
19091
19107
19122
19139
19153
19170
19185
19201
19221
19239
19259
19277
19297
19315
19335
19353
19373
19391
19411
19429
19449
19467
19487
19505
19525
19543
19563
19581
19601
19620
19640
19652
19663
19675
19686
19698
19709
19721
19732
19744
19755
19767
19778
19790
19801
19814
19824
19837
19847
19860
19870
19883
19893
19906
19916
19929
19940
19951
19964
19974
19987
19997
20010
20020
20033
20043
20056
20067
20076
20087
20096
20108
20117
20128
20137
20148
20158
20169
20178
20189
20199
20210
20219
20230
20239
20251
20260
20271
20280
20292
20301
20312
20321
20332
20342
20353
20362
20373
20383
20394
20403
20414
20423
20435
20444
20455
20464
20476
20483
20489
20497
20502
20510
20516
20524
20529
20537
20543
20550
20556
20564
20570
20577
20583
20591
20596
20604
20610
20618
20623
20631
20637
20644
20650
20658
20664
20671
20677
20685
20691
20698
20704
20712
20717
20725
20731
20739
20744
20752
20758
20765
20771
20779
20785
20792
20798
20806
20811
20819
20825
20833
20838
20846
20852
20859
20865
20873
20879
20886
20892
20900
20906
20913
20919
20927
20932
20940
20946
20954
20959
20967
20973
20980
20986
20994
21000
21007
21013
21021
21026
21034
21040
21048
21053
21061
21067
21077
21085
21095
21104
21114
21122
21133
21141
21151
21159
21170
21178
21188
21197
21207
21215
21226
21234
21244
21252
21263
21271
21281
21290
21300
21308
21318
21327
21337
21345
21356
21364
21374
21383
21393
21401
21411
21420
21430
21438
21449
21457
21467
21475
21486
21494
21504
21513
21523
21531
21542
21550
21560
21568
21579
21589
21598
21608
21617
21627
21636
21646
21655
21665
21674
21684
21693
21703
21712
21722
21731
21742
21750
21761
21769
21780
21788
21799
21807
21818
21826
21837
21845
21856
21864
21875
21884
21894
21903
21913
21922
21932
21941
21951
21960
21970
21979
21988
21996
22005
22013
22022
22030
22039
22047
22056
22064
22074
22081
22091
22098
22108
22115
22125
22132
22142
22150
22159
22167
22176
22184
22193
22201
22210
22218
22228
22235
22245
22252
22262
22269
22279
22286
22296
22304
22313
22321
22330
22338
22347
22355
22364
22372
22381
22389
22399
22406
22416
22423
22433
22440
22450
22457
22467
22475
22483
22489
22498
22504
22513
22519
22528
22534
22543
22549
22558
22564
22573
22579
22588
22594
22602
22609
22617
22624
22632
22639
22647
22654
22662
22669
22677
22684
22692
22699
22707
22713
22722
22728
22737
22743
22752
22758
22767
22773
22782
22788
22797
22803
22812
22818
22826
22833
22841
22848
22856
22863
22871
22878
22886
22893
22901
22908
22916
22923
22931
22937
22946
22952
22961
22967
22976
22982
22991
22997
23006
23012
23021
23027
23036
23044
23051
23059
23066
23074
23081
23089
23096
23104
23111
23120
23126
23135
23141
23150
23156
23165
23171
23180
23186
23195
23202
23210
23217
23225
23232
23240
23247
23255
23262
23270
23277
23286
23292
23301
23307
23316
23322
23331
23337
23346
23352
23361
23368
23376
23383
23391
23398
23406
23413
23421
23428
23436
23443
23452
23458
23467
23473
23482
23488
23497
23503
23512
23519
23527
23534
23542
23549
23557
23564
23572
23579
23587
23594
23603
23609
23618
23624
23633
23639
23648
23654
23663
23672
23680
23690
23698
23708
23715
23725
23733
23743
23751
23760
23768
23778
23786
23796
23803
23813
23821
23831
23839
23848
23856
23866
23874
23884
23891
23901
23909
23919
23927
23936
23944
23954
23962
23972
23979
23989
23997
24007
24015
24024
24032
24042
24050
24060
24067
24077
24085
24095
24103
24116
24127
24140
24151
24164
24175
24188
24200
24213
24224
24237
24248
24261
24272
24286
24297
24310
24321
24334
24345
24358
24369
24383
24394
24407
24418
24431
24442
24455
24467
24480
24491
24504
24515
24528
24539
24552
24564
24584
24602
24622
24640
24660
24679
24699
24717
24737
24756
24775
24795
24813
24833
24852
24871
24891
24909
24929
24948
24967
24987
25005
25026
25046
25067
25087
25108
25128
25149
25169
25190
25210
25231
25251
25272
25292
25313
25333
25354
25374
25395
25415
25436
25456
25477
25497
25518
25538
25559
25579
25600
25620
25641
25650
25657
25666
25673
25682
25689
25698
25706
25715
25722
25731
25738
25747
25754
25764
25771
25780
25787
25796
25803
25812
25819
25829
25836
25845
25852
25861
25868
25877
25885
25894
25901
25910
25917
25926
25933
25943
25950
25959
25966
25975
25982
25991
25998
26008
26015
26024
26031
26040
26047
26056
26064
26073
26080
26089
26096
26105
26112
26121
26129
26138
26145
26154
26161
26170
26177
26187
26194
26203
26210
26220
26229
26239
26248
26258
26267
26278
26286
26297
26305
26316
26325
26335
26344
26354
26363
26373
26382
26393
26401
26412
26420
26431
26440
26450
26459
26469
26478
26488
26497
26508
26516
26527
26535
26546
26555
26565
26574
26584
26593
26603
26612
26623
26631
26646
26660
26676
26690
26706
26720
26736
26750
26766
26780
26796
26810
26826
26839
26855
26869
26885
26899
26915
26929
26945
26959
26975
26989
27005
27019
27034
27048
27064
27078
27094
27105
27114
27126
27135
27147
27156
27168
27177
27188
27198
27209
27219
27230
27240
27251
27261
27272
27281
27293
27302
27314
27323
27335
27344
27356
27365
27376
27386
27397
27407
27418
27428
27439
27449
27460
27469
27481
27490
27502
27511
27523
27532
27544
27553
27564
27574
27585
27595
27606
27616
27628
27638
27650
27659
27671
27681
27693
27703
27714
27724
27736
27746
27758
27767
27779
27789
27801
27811
27823
27832
27844
27854
27866
27876
27887
27897
27909
27919
27931
27940
27952
27962
27974
27984
27995
28005
28017
28027
28039
28049
28060
28070
28082
28092
28104
28113
28125
28135
28144
28155
28164
28175
28184
28195
28204
28215
28224
28235
28244
28255
28264
28275
28284
28295
28303
28314
28323
28334
28343
28354
28363
28374
28383
28394
28403
28414
28423
28434
28443
28454
28463
28473
28482
28493
28502
28513
28522
28533
28542
28553
28562
28573
28582
28593
28602
28613
28622
28633
28641
28652
28661
28672
28681
28689
28695
28703
28709
28717
28724
28732
28738
28746
28752
28761
28767
28775
28781
28789
28795
28804
28810
28818
28824
28832
28839
28847
28853
28861
28867
28876
28882
28890
28896
28904
28910
28919
28925
28933
28939
28947
28954
28962
28968
28976
28982
28990
28997
29005
29011
29019
29025
29034
29040
29048
29054
29062
29069
29077
29083
29091
29097
29105
29112
29120
29126
29134
29140
29149
29155
29163
29169
29177
29183
29192
29198
29206
29212
29220
29227
29235
29241
29249
29255
29264
29270
29278
29284
29293
29299
29307
29314
29322
29328
29337
29343
29352
29358
29366
29373
29381
29387
29396
29402
29410
29417
29425
29432
29440
29446
29455
29461
29469
29476
29484
29490
29499
29505
29514
29520
29528
29535
29543
29549
29558
29564
29573
29579
29587
29594
29602
29608
29617
29623
29631
29638
29646
29653
29661
29667
29676
29682
29690
29697
29705
29711
29720
29726
29735
29741
29749
29756
29764
29770
29779
29785
29794
29800
29808
29815
29823
29829
29838
29845
29850
29857
29863
29870
29875
29883
29888
29895
29901
29908
29913
29921
29926
29933
29939
29946
29951
29959
29964
29971
29977
29984
29989
29996
30002
30009
30014
30022
30027
30034
30040
30047
30052
30060
30065
30072
30078
30085
30090
30098
30103
30110
30116
30123
30128
30135
30141
30148
30153
30161
30166
30173
30179
30186
30191
30199
30204
30211
30217
30224
30229
30237
30242
30249
30255
30262
30267
30275
30280
30287
30292
30300
30305
30312
30318
30325
30330
30338
30343
30350
30356
30363
30368
30376
30381
30388
30394
30401
30406
30414
30419
30426
30431
30439
30444
30451
30457
30464
30469
30477
30482
30495
30507
30521
30533
30546
30558
30572
30584
30597
30609
30623
30635
30648
30660
30674
30686
30699
30711
30725
30737
30750
30762
30776
30788
30801
30813
30827
30839
30852
30864
30878
30890
30903
30915
30929
30941
30954
30966
30980
30992
31005
31017
31038
31057
31078
31097
31118
31137
31158
31177
31198
31217
31238
31257
31278
31297
31319
31338
31359
31378
31399
31418
31439
31458
31479
31498
31519
31538
31559
31578
31599
31619
31640
31659
31680
31691
31700
31711
31720
31732
31741
31752
31761
31773
31782
31793
31802
31814
31823
31834
31843
31855
31864
31875
31884
31896
31905
31916
31925
31936
31946
31957
31966
31977
31987
31998
32007
32018
32028
32039
32048
32059
32069
32080
32089
32100
32110
32121
32130
32141
32150
32162
32171
32182
32191
32203
32212
32223
32232
32244
32253
32264
32273
32285
32295
32303
32314
32322
32332
32341
32351
32359
32370
32378
32388
32397
32407
32415
32426
32434
32444
32453
32463
32471
32482
32490
32500
32509
32519
32527
32538
32546
32556
32565
32575
32583
32594
32602
32612
32621
32631
32639
32650
32660
32668
32678
32686
32697
32705
32715
32723
32734
32742
32752
32760
32770
32779
32789
32797
32807
32816
32826
32834
32844
32853
32863
32871
32881
32890
32899
32909
32917
32927
32936
32946
32954
32964
32973
32983
32991
33001
33010
33019
33029
33037
33047
33056
33066
33074
33084
33093
33103
33111
33121
33130
33139
33149
33157
33167
33176
33186
33194
33204
33213
33223
33231
33241
33250
33259
33269
33277
33287
33302
33315
33330
33343
33359
33372
33387
33400
33415
33429
33444
33457
33472
33486
33501
33514
33529
33542
33558
33571
33586
33599
33615
33628
33643
33656
33671
33685
33700
33713
33728
33741
33750
33757
33766
33773
33782
33789
33798
33805
33815
33822
33831
33838
33847
33854
33863
33870
33880
33887
33896
33903
33912
33919
33928
33935
33944
33952
33961
33968
33977
33984
33993
34000
34009
34017
34026
34033
34042
34049
34058
34065
34074
34082
34091
34098
34107
34114
34123
34130
34139
34146
34156
34163
34172
34179
34188
34195
34204
34211
34221
34228
34237
34244
34253
34260
34269
34276
34286
34295
34305
34314
34324
34333
34343
34352
34362
34371
34381
34390
34400
34409
34419
34428
34438
34447
34457
34466
34476
34485
34496
34504
34515
34523
34534
34542
34553
34561
34572
34580
34591
34599
34610
34618
34629
34637
34648
34656
34667
34676
34685
34696
34704
34715
34723
34734
34742
34753
34761
34772
34780
34791
34813
34833
34855
34875
34897
34917
34939
34959
34981
35001
35023
35044
35066
35086
35108
35128
35150
35170
35179
35187
35197
35205
35215
35223
35233
35241
35251
35259
35268
35276
35286
35294
35304
35312
35322
35330
35340
35348
35357
35365
35375
35383
35393
35401
35411
35419
35429
35437
35446
35454
35464
35472
35482
35490
35500
35508
35518
35526
35535
35543
35552
35559
35569
35576
35586
35593
35602
35610
35619
35627
35636
35643
35653
35660
35670
35677
35686
35694
35703
35711
35720
35728
35737
35744
35754
35761
35771
35778
35787
35795
35804
35812
35821
35828
35838
35845
35855
35862
35871
35879
35888
35896
35905
35913
35922
35929
35939
35946
35956
35963
35972
35980
35989
35997
36006
36013
36023
36030
36040
36047
36056
36064
36073
36081
36090
36098
36107
36114
36124
36137
36149
36163
36174
36188
36200
36214
36225
36239
36251
36265
36276
36290
36302
36316
36327
36341
36353
36367
36378
36392
36404
36417
36429
36443
36455
36468
36480
36494
36506
36519
36531
36545
36557
36570
36582
36596
36608
36621
36633
36646
36657
36670
36681
36694
36705
36719
36730
36743
36754
36767
36778
36792
36803
36816
36827
36840
36851
36865
36876
36889
36900
36913
36924
36937
36949
36962
36973
36986
36997
37010
37022
37035
37046
37059
37070
37083
37095
37108
37119
37132
37143
37156
37167
37181
37192
37205
37216
37229
37240
37254
37265
37275
37284
37294
37303
37314
37322
37333
37341
37352
37361
37371
37380
37390
37399
37410
37418
37429
37437
37448
37457
37467
37476
37486
37495
37506
37514
37525
37534
37544
37553
37563
37572
37583
37591
37602
37610
37621
37630
37640
37649
37659
37668
37679
37687
37698
37706
37717
37726
37736
37745
37755
37764
37775
37783
37794
37803
37813
37822
37833
37843
37855
37865
37877
37887
37899
37909
37921
37931
37943
37953
37965
37975
37987
37997
38009
38019
38031
38041
38053
38063
38075
38085
38097
38107
38119
38129
38141
38151
38163
38173
38185
38195
38207
38217
38229
38239
38251
38262
38271
38283
38292
38304
38313
38325
38334
38346
38355
38367
38376
38388
38397
38409
38418
38430
38439
38451
38460
38472
38481
38493
38502
38514
38523
38535
38544
38556
38565
38577
38586
38598
38607
38619
38628
38640
38649
38661
38670
38682
38691
38703
38712
38724
38733
38745
38754
38766
38785
38802
38821
38838
38857
38874
38893
38910
38929
38946
38966
38983
39002
39019
39038
39055
39074
39091
39110
39127
39147
39164
39183
39200
39219
39236
39255
39272
39291
39308
39328
39345
39364
39381
39400
39417
39425
39432
39441
39448
39457
39464
39473
39480
39489
39496
39505
39512
39520
39527
39536
39543
39552
39559
39568
39575
39584
39591
39600
39607
39616
39622
39631
39638
39647
39654
39663
39670
39679
39686
39695
39702
39711
39717
39726
39733
39742
39749
39758
39765
39774
39781
39788
39793
39801
39806
39814
39819
39826
39832
39839
39845
39852
39858
39865
39870
39878
39883
39891
39896
39903
39909
39916
39922
39929
39935
39942
39947
39955
39960
39968
39973
39981
39986
39993
39999
40006
40012
40019
40024
40032
40037
40045
40050
40058
40063
40070
40076
40083
40089
40096
40102
40109
40114
40122
40127
40135
40140
40147
40153
40160
40166
40173
40179
40186
40191
40199
40204
40212
40217
40225
40230
40237
40243
40250
40256
40263
40268
40276
40281
40289
40302
40313
40326
40337
40351
40362
40375
40386
40399
40411
40424
40435
40448
40460
40473
40484
40497
40508
40522
40533
40546
40557
40571
40582
40595
40606
40619
40631
40644
40655
40668
40680
40699
40717
40737
40755
40775
40793
40813
40830
40850
40868
40888
40906
40926
40944
40964
40981
41001
41019
41039
41057
41077
41095
41114
41132
41152
41170
41190
41208
41224
41242
41258
41276
41293
41311
41327
41345
41361
41379
41396
41414
41430
41448
41464
41482
41499
41517
41533
41551
41567
41585
41602
41620
41636
41654
41670
41688
41705
41723
41732
41740
41750
41758
41768
41775
41785
41793
41803
41811
41821
41828
41838
41846
41856
41864
41874
41881
41891
41899
41909
41917
41927
41934
41944
41952
41962
41970
41980
41987
41997
42005
42015
42023
42033
42040
42050
42058
42068
42076
42086
42093
42103
42111
42121
42129
42139
42146
42156
42164
42174
42182
42188
42196
42202
42210
42216
42225
42231
42239
42245
42253
42259
42268
42274
42282
42288
42296
42302
42311
42317
42325
42331
42339
42345
42353
42360
42368
42374
42382
42388
42396
42403
42411
42417
42425
42431
42439
42446
42454
42460
42468
42474
42482
42489
42497
42503
42511
42517
42525
42531
42540
42546
42554
42560
42568
42574
42583
42589
42597
42603
42611
42617
42626
42632
42640
42646
42654
42660
42669
42675
42683
42689
42697
42703
42711
42718
42726
42732
42740
42746
42754
42767
42778
42792
42803
42817
42828
42841
42853
42866
42878
42891
42903
42916
42927
42941
42952
42966
42977
42991
43002
43015
43027
43040
43052
43065
43076
43090
43101
43115
43126
43140
43151
43164
43171
43176
43184
43189
43196
43202
43209
43214
43222
43227
43234
43240
43247
43252
43260
43265
43272
43278
43285
43290
43298
43303
43310
43316
43323
43328
43336
43341
43348
43354
43361
43366
43374
43379
43386
43392
43399
43404
43412
43417
43424
43430
43437
43442
43450
43455
43462
43468
43475
43480
43488
43493
43500
43506
43513
43518
43526
43531
43538
43544
43551
43556
43564
43569
43576
43582
43589
43594
43602
43607
43614
43620
43627
43632
43640
43645
43652
43667
43681
43697
43710
43726
43740
43755
43769
43785
43798
43814
43828
43843
43857
43873
43886
43902
43916
43931
43945
43961
43974
43990
44004
44019
44033
44049
44060
44069
44080
44090
44101
44110
44122
44131
44142
44152
44163
44172
44184
44193
44204
44213
44225
44234
44245
44255
44266
44275
44287
44296
44307
44317
44328
44337
44348
44358
44369
44378
44390
44399
44410
44420
44438
44454
44472
44488
44506
44523
44541
44557
44575
44591
44609
44626
44644
44660
44678
44694
44712
44729
44747
44763
44781
44797
44815
44832
44850
44866
44884
44900
44918
44935
44953
44969
44987
45003
45021
45038
45056
45065
45072
45081
45088
45097
45104
45113
45120
45129
45136
45146
45153
45162
45169
45178
45185
45194
45201
45210
45217
45227
45234
45243
45250
45259
45266
45275
45282
45291
45298
45308
45315
45324
45331
45340
45347
45356
45363
45372
45379
45388
45396
45405
45412
45421
45428
45437
45444
45453
45460
45469
45477
45486
45493
45502
45509
45518
45525
45534
45541
45550
45558
45567
45574
45583
45590
45599
45606
45615
45622
45631
45638
45655
45671
45689
45705
45723
45739
45757
45773
45790
45806
45824
45840
45858
45874
45892
45908
45925
45941
45959
45975
45993
46009
46027
46043
46060
46076
46094
46110
46128
46144
46162
46178
46195
46211
46229
46245
46263
46274
46284
46296
46306
46318
46328
46340
46349
46361
46371
46383
46393
46405
46415
46426
46436
46448
46458
46470
46480
46492
46501
46513
46523
46535
46545
46557
46567
46578
46588
46600
46610
46622
46632
46644
46653
46665
46675
46687
46697
46709
46718
46726
46736
46744
46754
46762
46772
46780
46790
46798
46808
46816
46826
46834
46844
46851
46861
46869
46879
46887
46897
46905
46915
46923
46933
46941
46951
46959
46969
46977
46986
46994
47004
47012
47022
47030
47040
47048
47058
47066
47076
47084
47094
47102
47112
47120
47129
47137
47147
47155
47165
47173
47183
47191
47205
47218
47233
47246
47261
47274
47289
47302
47317
47330
47345
47358
47373
47386
47401
47413
47428
47441
47456
47469
47484
47497
47512
47525
47540
47553
47568
47581
47596
47609
47624
47636
47651
47664
47679
47692
47707
47720
47735
47748
47763
47770
47776
47783
47789
47796
47802
47809
47815
47822
47828
47836
47841
47849
47854
47862
47867
47875
47880
47888
47893
47901
47907
47914
47920
47927
47933
47940
47946
47953
47959
47966
47972
47980
47985
47993
47998
48006
48011
48019
48024
48032
48037
48045
48051
48058
48064
48071
48077
48084
48090
48097
48103
48110
48116
48124
48129
48137
48142
48150
48155
48163
48168
48176
48181
48189
48195
48202
48208
48215
48221
48228
48234
48241
48247
48254
48260
48268
48273
48281
48286
48294
48299
48307
48312
48320
48326
48333
48339
48346
48352
48359
48365
48373
48379
48387
48394
48402
48408
48417
48423
48431
48437
48446
48452
48460
48467
48475
48481
48489
48496
48504
48510
48519
48525
48533
48539
48548
48554
48562
48569
48577
48583
48591
48598
48606
48612
48621
48627
48635
48641
48650
48656
48664
48671
48679
48685
48693
48700
48708
48714
48723
48729
48737
48743
48752
48758
48766
48773
48781
48787
48795
48802
48810
48816
48825
48831
48839
48845
48854
48860
48868
48875
48883
48889
48897
48904
48912
48918
48927
48933
48941
48947
48956
48962
48970
48977
48987
48995
49005
49014
49024
49032
49043
49051
49061
49070
49080
49088
49099
49107
49117
49126
49136
49144
49155
49163
49173
49182
49192
49200
49211
49219
49229
49238
49248
49256
49267
49275
49285
49294
49304
49312
49322
49331
49341
49349
49360
49368
49378
49387
49397
49405
49416
49424
49434
49443
49453
49461
49472
49480
49493
49504
49518
49529
49543
49554
49568
49579
49593
49604
49618
49629
49643
49654
49668
49679
49693
49704
49718
49729
49743
49754
49768
49779
49793
49804
49818
49829
49843
49854
49868
49879
49893
49904
49918
49929
49943
49954
49967
49978
49988
50000
50009
50021
50031
50043
50052
50064
50074
50085
50095
50107
50117
50128
50138
50150
50160
50171
50181
50193
50202
50214
50224
50236
50245
50257
50267
50278
50288
50300
50310
50321
50331
50343
50353
50364
50374
50386
50395
50407
50417
50429
50438
50450
50460
50472
50481
50493
50503
50514
50524
50535
50545
50557
50567
50577
50589
50599
50609
50621
50631
50641
50653
50663
50673
50685
50695
50705
50717
50727
50737
50749
50759
50769
50781
50791
50801
50813
50823
50833
50845
50855
50865
50877
50887
50897
50905
50912
50921
50928
50937
50944
50952
50959
50968
50975
50984
50991
51000
51006
51015
51022
51031
51038
51047
51054
51062
51069
51078
51085
51094
51101
51110
51116
51125
51132
51141
51148
51157
51164
51172
51179
51188
51195
51204
51211
51219
51226
51235
51242
51251
51258
51264
51271
51277
51285
51290
51298
51303
51311
51317
51324
51330
51337
51343
51351
51356
51364
51370
51377
51383
51390
51396
51404
51409
51417
51422
51430
51436
51443
51449
51457
51462
51470
51475
51483
51489
51496
51502
51509
51515
51523
51528
51536
51542
51549
51555
51562
51568
51576
51581
51589
51594
51602
51608
51615
51621
51629
51634
51642
51647
51655
51661
51668
51674
51681
51687
51695
51700
51708
51714
51721
51727
51734
51740
51748
51753
51761
51766
51774
51780
51787
51793
51801
51806
51814
51819
51827
51836
51843
51852
51859
51868
51876
51885
51892
51901
51908
51917
51925
51934
51941
51950
51957
51967
51974
51983
51990
51999
52006
52016
52023
52032
52039
52048
52056
52065
52072
52081
52088
52097
52105
52114
52121
52130
52137
52147
52154
52163
52170
52179
52186
52196
52203
52212
52219
52228
52235
52245
52252
52261
52268
52277
52285
52294
52301
52310
52317
52326
52334
52343
52350
52359
52366
52376
52383
52392
52399
52408
52415
52425
52432
52441
52448
52457
52465
52474
52485
52494
52505
52514
52525
52534
52545
52554
52565
52574
52586
52595
52606
52615
52626
52635
52646
52655
52666
52675
52686
52696
52707
52716
52727
52736
52747
52756
52767
52776
52787
52796
52808
52817
52828
52837
52848
52857
52868
52877
52888
52897
52908
52918
52929
52938
52949
52958
52969
52978
52989
52998
53009
53018
53030
53039
53050
53059
53069
53077
53088
53096
53107
53115
53126
53134
53144
53153
53163
53172
53182
53191
53201
53209
53220
53228
53239
53247
53258
53266
53276
53285
53295
53304
53314
53323
53333
53342
53352
53360
53371
53379
53390
53398
53409
53417
53427
53436
53446
53455
53465
53474
53484
53492
53503
53511
53522
53531
53539
53549
53557
53566
53574
53584
53592
53602
53609
53619
53627
53637
53644
53654
53662
53672
53680
53689
53697
53707
53715
53724
53732
53742
53750
53760
53767
53777
53785
53795
53802
53812
53820
53830
53838
53847
53855
53865
53873
53882
53890
53900
53908
53918
53925
53935
53943
53950
53956
53964
53970
53978
53984
53991
53997
54005
54011
54019
54025
54032
54038
54046
54052
54060
54066
54073
54079
54087
54093
54101
54107
54115
54120
54128
54134
54142
54148
54156
54161
54169
54175
54183
54189
54197
54202
54210
54216
54224
54230
54238
54244
54251
54257
54265
54271
54279
54285
54292
54298
54306
54312
54320
54335
54348
54364
54377
54392
54406
54421
54434
54450
54463
54478
54492
54507
54520
54536
54549
54565
54578
54593
54607
54622
54635
54651
54664
54679
54693
54708
54721
54737
54750
54765
54779
54794
54808
54823
54836
54852
54865
54873
54880
54889
54896
54905
54912
54921
54928
54936
54943
54952
54959
54968
54975
54984
54991
55000
55006
55015
55022
55031
55038
55047
55054
55063
55069
55078
55085
55094
55101
55110
55117
55126
55133
55141
55148
55157
55164
55173
55180
55189
55196
55205
55211
55220
55227
55236
55243
55252
55259
55268
55274
55283
55290
55299
55306
55315
55322
55331
55338
55346
55353
55362
55369
55378
55385
55394
55401
55410
55416
55425
55432
55441
55448
55457
55467
55475
55485
55493
55503
55511
55521
55529
55539
55547
55557
55565
55575
55583
55594
55602
55612
55620
55630
55638
55648
55656
55666
55674
55684
55692
55702
55710
55721
55729
55739
55747
55757
55765
55775
55783
55793
55801
55811
55819
55829
55837
55848
55856
55866
55874
55884
55892
55902
55910
55920
55928
55938
55946
55956
55964
55975
55983
55993
56001
56011
56022
56031
56042
56051
56062
56071
56082
56091
56102
56111
56122
56131
56142
56151
56162
56171
56182
56191
56202
56211
56222
56231
56242
56251
56262
56271
56282
56291
56302
56311
56322
56331
56342
56351
56362
56371
56382
56391
56402
56412
56423
56432
56443
56452
56463
56472
56483
56492
56503
56512
56520
56530
56537
56547
56555
56564
56572
56582
56589
56599
56607
56616
56624
56634
56641
56651
56659
56668
56676
56686
56694
56703
56711
56721
56728
56738
56746
56755
56763
56773
56780
56790
56798
56807
56815
56825
56832
56842
56850
56860
56867
56877
56885
56894
56902
56908
56917
56923
56932
56938
56947
56953
56962
56968
56976
56983
56991
56998
57006
57013
57021
57028
57036
57043
57051
57057
57066
57072
57081
57087
57096
57102
57111
57117
57126
57132
57140
57147
57155
57162
57170
57177
57185
57192
57200
57207
57215
57221
57230
57236
57245
57251
57260
57266
57275
57281
57291
57299
57309
57317
57327
57335
57345
57353
57363
57371
57381
57389
57399
57407
57417
57425
57435
57443
57453
57461
57472
57480
57490
57498
57508
57516
57526
57534
57544
57552
57562
57570
57580
57588
57598
57606
57616
57624
57634
57642
57653
57661
57671
57679
57689
57697
57707
57715
57725
57733
57743
57751
57761
57769
57779
57787
57797
57805
57815
57823
57834
57842
57852
57860
57870
57878
57888
57896
57906
57914
57921
57926
57933
57939
57946
57951
57959
57964
57971
57977
57984
57989
57997
58002
58009
58015
58022
58027
58034
58040
58047
58052
58060
58065
58072
58078
58085
58090
58098
58103
58110
58116
58123
58128
58136
58141
58148
58154
58160
58167
58172
58180
58185
58192
58198
58205
58210
58218
58223
58230
58236
58243
58248
58256
58261
58268
58274
58280
58287
58292
58300
58305
58312
58318
58325
58330
58338
58343
58350
58356
58363
58368
58376
58397
58417
58439
58458
58480
58500
58521
58541
58563
58582
58604
58624
58645
58665
58687
58707
58728
58748
58770
58789
58811
58831
58852
58872
58885
58896
58909
58920
58933
58944
58958
58969
58982
58993
59006
59017
59030
59042
59055
59066
59079
59090
59103
59114
59128
59139
59152
59163
59176
59187
59200
59212
59225
59236
59249
59260
59273
59284
59298
59309
59320
59329
59340
59349
59360
59369
59381
59390
59401
59410
59421
59430
59442
59451
59462
59471
59482
59491
59503
59512
59523
59532
59543
59552
59564
59573
59584
59593
59604
59613
59624
59634
59645
59654
59665
59674
59685
59695
59706
59715
59726
59735
59754
59771
59790
59807
59826
59844
59863
59880
59899
59916
59935
59953
59972
59989
60008
60025
60045
60062
60081
60098
60117
60135
60153
60172
60180
60187
60196
60203
60212
60219
60228
60235
60244
60251
60260
60267
60276
60283
60292
60299
60308
60315
60324
60331
60340
60347
60356
60363
60372
60379
60388
60395
60404
60411
60420
60427
60436
60443
60452
60459
60468
60475
60484
60491
60500
60507
60516
60523
60532
60539
60547
60554
60563
60570
60579
60586
60595
60602
60611
60618
60627
60634
60643
60650
60659
60666
60675
60682
60691
60698
60712
60725
60739
60752
60766
60779
60793
60806
60820
60833
60847
60860
60874
60887
60901
60914
60928
60941
60955
60968
60982
60995
61009
61022
61036
61049
61063
61076
61090
61103
61117
61130
61144
61157
61171
61184
61198
61211
61230
61247
61266
61283
61303
61320
61339
61356
61375
61393
61412
61429
61448
61465
61485
61502
61521
61538
61557
61575
61594
61611
61630
61648
61667
61684
61703
61720
61740
61757
61776
61793
61809
61826
61842
61859
61875
61893
61908
61926
61941
61959
61975
61992
62008
62025
62041
62059
62074
62092
62107
62125
62141
62158
62174
62191
62207
62225
62240
62258
62273
62291
62307
62324
62340
62357
62373
62391
62406
62414
62421
62429
62436
62445
62451
62460
62466
62475
62482
62490
62497
62505
62512
62521
62527
62536
62542
62551
62558
62566
62573
62582
62588
62597
62603
62612
62619
62627
62634
62642
62649
62658
62664
62673
62679
62688
62695
62703
62710
62718
62725
62734
62740
62749
62756
62764
62771
62779
62786
62795
62801
62810
62816
62825
62832
62840
62847
62855
62862
62871
62877
62886
62893
62901
62908
62916
62923
62932
62938
62947
62953
62962
62969
62977
62984
62992
62999
63008
63014
63023
63029
63038
63048
63057
63067
63076
63086
63095
63105
63114
63124
63133
63143
63152
63162
63171
63181
63190
63200
63209
63219
63228
63238
63247
63257
63266
63276
63285
63295
63304
63314
63323
63334
63342
63353
63361
63372
63380
63391
63399
63410
63418
63429
63437
63448
63456
63467
63475
63486
63494
63505
63513
63524
63532
63543
63551
63562
63570
63581
63589
63599
63608
63619
63628
63639
63648
63659
63668
63679
63688
63698
63707
63718
63727
63738
63747
63758
63767
63778
63787
63797
63806
63817
63826
63837
63846
63857
63866
63877
63886
63896
63905
63916
63925
63936
63945
63956
63965
63976
63987
63997
64009
64019
64031
64041
64053
64063
64075
64084
64096
64106
64118
64128
64140
64150
64162
64172
64183
64193
64205
64215
64227
64237
64249
64259
64271
64280
64292
64302
64314
64324
64336
64346
64358
64368
64379
64389
64401
64411
64423
64433
64445
64455
64467
64476
64488
64498
64510
64520
64532
64542
64554
64564
64575
64585
64597
64607
64619
64632
64643
64657
64668
64681
64693
64706
64717
64731
64742
64756
64767
64780
64792
64805
64816
64830
64841
64855
64866
64879
64891
64904
64915
64929
64940
64954
64965
64978
64990
65003
65014
65028
65039
65052
65064
65077
65089
65102
65113
65127
65134
65139
65147
65152
65159
65165
65172
65178
65185
65190
65198
65203
65210
65216
65223
65229
65236
65241
65249
65254
65261
65267
65274
65280
65287
65292
65300
65305
65312
65318
65325
65331
65338
65343
65351
65356
65363
65369
65376
65382
65389
65394
65402
65407
65414
65420
65427
65433
65440
65445
65453
65458
65465
65471
65478
65484
65491
65496
65504
65509
65516
65522
65529
65535
65542
65547
65555
65560
65567
65573
65580
65586
65593
65598
65606
65611
65618
65624
65631
65637
65644
65665
65684
65705
65724
65745
65764
65785
65805
65826
65845
65866
65885
65906
65925
65947
65966
65987
66006
66027
66046
66067
66086
66108
66127
66137
66146
66157
66166
66177
66186
66196
66205
66216
66225
66236
66245
66255
66264
66275
66284
66295
66304
66314
66323
66334
66343
66354
66363
66373
66382
66393
66402
66413
66422
66432
66441
66452
66461
66472
66481
66491
66500
66511
66520
66531
66540
66550
66559
66570
66579
66590
66599
66609
66618
66627
66634
66643
66650
66659
66666
66675
66682
66691
66698
66707
66714
66723
66730
66739
66746
66755
66762
66771
66778
66787
66794
66803
66810
66819
66826
66835
66842
66851
66858
66867
66875
66884
66891
66900
66907
66916
66923
66932
66939
66948
66955
66964
66971
66980
66987
66996
67003
67012
67019
67028
67035
67044
67051
67060
67067
67076
67083
67092
67099
67108
67115
67125
67132
67141
67148
67157
67164
67173
67180
67189
67205
67219
67235
67249
67265
67280
67296
67310
67326
67340
67357
67371
67387
67401
67417
67432
67448
67462
67478
67492
67508
67523
67539
67553
67569
67583
67600
67614
67629
67642
67657
67670
67685
67699
67714
67727
67742
67755
67770
67784
67799
67812
67827
67840
67855
67869
67884
67897
67912
67925
67940
67954
67969
67982
67997
68010
68025
68039
68051
68062
68075
68086
68099
68110
68123
68134
68147
68158
68171
68182
68195
68206
68219
68230
68243
68254
68267
68278
68291
68302
68315
68326
68339
68350
68363
68374
68387
68398
68411
68422
68435
68446
68459
68470
68483
68494
68507
68518
68531
68542
68555
68566
68579
68590
68601
68611
68623
68633
68645
68655
68667
68677
68689
68699
68711
68721
68733
68743
68755
68765
68776
68786
68798
68808
68820
68830
68842
68852
68864
68874
68886
68896
68908
68918
68930
68940
68951
68961
68973
68983
68995
69005
69017
69027
69039
69053
69065
69080
69092
69107
69119
69134
69146
69161
69173
69188
69200
69215
69227
69242
69254
69268
69281
69295
69308
69322
69335
69349
69362
69376
69389
69403
69416
69431
69444
69460
69473
69488
69502
69517
69530
69546
69559
69575
69588
69603
69617
69632
69645
69661
69674
69690
69703
69718
69732
69747
69760
69776
69789
69805
69818
69833
69847
69862
69875
69891
69904
69919
69933
69945
69960
69972
69986
69999
70013
70025
70040
70052
70066
70079
70093
70106
70120
70132
70147
70159
70173
70186
70200
70212
70227
70239
70254
70266
70280
70293
70307
70319
70334
70346
70360
70373
70387
70400
70414
70426
70441
70453
70467
70480
70494
70503
70510
70520
70527
70537
70544
70554
70561
70571
70578
70588
70595
70604
70612
70621
70629
70638
70646
70655
70663
70672
70680
70689
70696
70706
70713
70723
70730
70740
70747
70757
70764
70774
70781
70790
70798
70807
70815
70824
70832
70841
70849
70862
70874
70888
70900
70914
70926
70940
70952
70966
70977
70991
71003
71017
71029
71043
71055
71069
71081
71094
71106
71120
71132
71146
71158
71172
71184
71198
71209
71223
71235
71249
71261
71275
71287
71301
71313
71326
71338
71352
71364
71377
71389
71403
71415
71429
71441
71455
71467
71481
71492
71506
71518
71532
71544
71558
71570
71584
71596
71609
71621
71635
71647
71661
71673
71687
71699
71713
71724
71734
71742
71752
71760
71770
71778
71788
71796
71806
71814
71824
71832
71842
71850
71860
71868
71878
71886
71896
71904
71914
71922
71932
71940
71950
71958
71968
71976
71986
71994
72004
72012
72022
72030
72040
72048
72058
72066
72076
72084
72094
72102
72112
72120
72130
72138
72148
72156
72166
72174
72181
72186
72193
72199
72206
72211
72219
72224
72231
72236
72244
72249
72256
72262
72269
72274
72281
72287
72294
72299
72307
72312
72319
72324
72332
72337
72344
72350
72357
72362
72369
72375
72382
72387
72395
72400
72407
72412
72420
72425
72432
72438
72445
72450
72458
72463
72470
72475
72483
72488
72495
72501
72508
72513
72520
72526
72533
72538
72546
72551
72558
72563
72571
72576
72583
72589
72596
72601
72608
72614
72621
72626
72634
72639
72646
72651
72659
72664
72671
72677
72684
72689
72697
72702
72709
72714
72722
72727
72734
72740
72747
72752
72759
72765
72772
72777
72785
72790
72797
72804
72810
72818
72824
72832
72838
72846
72852
72859
72865
72873
72879
72887
72893
72901
72907
72914
72920
72928
72934
72942
72948
72956
72962
72970
72975
72983
72989
72997
73003
73011
73017
73025
73030
73038
73044
73052
73058
73066
73072
73080
73085
73093
73099
73107
73113
73121
73127
73135
73141
73148
73154
73162
73168
73176
73182
73190
73196
73203
73209
73217
73223
73231
73237
73245
73251
73259
73264
73272
73278
73286
73292
73300
73306
73314
73319
73327
73333
73341
73347
73355
73361
73369
73374
73382
73388
73396
73402
73410
73416
73424
73436
73447
73460
73470
73483
73494
73506
73517
73530
73540
73553
73564
73576
73587
73600
73610
73623
73634
73647
73657
73670
73681
73693
73704
73717
73727
73740
73751
73763
73774
73787
73797
73810
73821
73842
73861
73883
73902
73924
73943
73965
73984
74005
74025
74046
74066
74087
74107
74128
74148
74169
74188
74210
74229
74251
74270
74292
74311
74333
74345
74355
74367
74377
74390
74400
74412
74422
74435
74445
74457
74467
74479
74490
74502
74512
74524
74535
74547
74557
74569
74579
74592
74602
74614
74624
74637
74647
74659
74669
74681
74692
74704
74714
74726
74737
74749
74759
74771
74782
74794
74804
74816
74826
74839
74849
74861
74871
74884
74901
74917
74935
74950
74968
74984
75001
75017
75035
75050
75068
75084
75101
75117
75135
75151
75168
75184
75202
75217
75235
75251
75268
75284
75302
75317
75335
75351
75369
75384
75402
75418
75435
75451
75469
75484
75502
75518
75535
75542
75548
75556
75562
75569
75575
75583
75589
75596
75602
75610
75616
75624
75629
75637
75643
75651
75656
75664
75670
75678
75684
75691
75697
75705
75711
75718
75724
75732
75738
75746
75751
75759
75765
75773
75778
75786
75792
75800
75806
75813
75819
75827
75833
75840
75846
75854
75860
75868
75873
75881
75887
75895
75900
75910
75918
75929
75937
75948
75956
75966
75975
75985
75994
76004
76012
76023
76031
76042
76050
76060
76069
76079
76088
76098
76107
76117
76125
76136
76144
76155
76163
76173
76182
76192
76201
76211
76220
76229
76239
76248
76258
76267
76277
76285
76296
76304
76315
76323
76333
76342
76352
76361
76371
76380
76389
76399
76408
76418
76427
76437
76445
76456
76464
76475
76483
76493
76502
76512
76521
76531
76540
76553
76565
76579
76590
76604
76616
76629
76641
76655
76667
76680
76692
76706
76717
76731
76743
76757
76768
76782
76794
76807
76819
76833
76845
76858
76870
76884
76895
76909
76917
76923
76931
76937
76945
76952
76960
76966
76974
76980
76989
76995
77003
77009
77017
77024
77032
77038
77046
77052
77061
77067
77075
77081
77089
77096
77104
77110
77118
77124
77133
77139
77147
77153
77161
77168
77176
77182
77190
77196
77205
77211
77219
77225
77233
77240
77248
77254
77262
77268
77277
77283
77291
77297
77305
77312
77320
77326
77334
77340
77349
77355
77363
77369
77377
77384
77395
77404
77415
77425
77436
77445
77457
77466
77477
77486
77498
77507
77518
77528
77539
77548
77559
77569
77580
77589
77601
77610
77621
77630
77642
77651
77662
77672
77683
77692
77704
77713
77724
77733
77745
77754
77765
77775
77786
77795
77806
77816
77827
77836
77848
77857
77868
77879
77888
77900
77909
77921
77930
77942
77951
77963
77972
77983
77993
78004
78014
78025
78035
78046
78056
78067
78077
78088
78097
78109
78118
78130
78139
78151
78160
78172
78181
78193
78202
78213
78223
78234
78244
78255
78265
78276
78286
78297
78307
78318
78327
78339
78348
78360
78369
78381
78390
78402
78411
78423
78442
78459
78479
78496
78516
78533
78553
78570
78590
78607
78627
78644
78663
78681
78700
78718
78737
78755
78774
78792
78811
78829
78848
78866
78885
78903
78921
78940
78958
78977
78995
79014
79032
79051
79069
79078
79085
79095
79102
79111
79119
79128
79136
79145
79152
79162
79169
79179
79186
79195
79203
79212
79219
79229
79236
79246
79253
79262
79270
79279
79287
79296
79303
79313
79320
79329
79337
79346
79354
79363
79370
79380
79387
79397
79404
79413
79421
79430
79437
79447
79454
79464
79471
79480
79488
79497
79505
79514
79521
79531
79538
79547
79555
79564
79576
79587
79600
79611
79624
79635
79648
79659
79671
79682
79695
79706
79719
79730
79743
79754
79766
79777
79790
79801
79814
79825
79838
79849
79862
79872
79885
79896
79909
79920
79933
79944
79957
79967
79980
79991
80004
80015
80028
80039
80052
80063
80075
80086
80099
80110
80123
80134
80147
80158
80170
80183
80194
80208
80219
80232
80244
80257
80269
80282
80293
80307
80318
80331
80343
80356
80368
80381
80392
80406
80417
80431
80442
80455
80467
80480
80491
80505
80516
80530
80541
80554
80566
80580
80593
80607
80620
80634
80647
80662
80674
80689
80701
80716
80728
80743
80756
80770
80783
80797
80810
80824
80837
80852
80864
80879
80891
80906
80918
80933
80946
80960
80973
80987
81005
81022
81041
81057
81076
81093
81112
81128
81147
81164
81182
81199
81218
81235
81253
81270
81289
81306
81324
81341
81360
81376
81395
81412
81431
81447
81466
81483
81491
81497
81505
81511
81519
81525
81533
81539
81547
81553
81561
81567
81575
81581
81589
81595
81603
81609
81617
81623
81631
81637
81645
81651
81659
81665
81673
81679
81687
81693
81701
81707
81715
81721
81729
81735
81743
81749
81757
81763
81771
81777
81785
81791
81799
81805
81813
81819
81827
81833
81841
81847
81855
81861
81869
81875
81883
81889
81897
81903
81911
81917
81925
81931
81939
81945
81953
81959
81967
81973
81981
81987
81995
82001
82009
82015
82023
82029
82037
82043
82051
82057
82065
82071
82079
82085
82093
82099
82107
82113
82121
82127
82135
82147
82157
82169
82180
82192
82202
82215
82225
82237
82247
82260
82270
82282
82293
82305
82315
82328
82338
82350
82360
82373
82383
82395
82406
82418
82428
82441
82451
82463
82473
82486
82496
82508
82519
82531
82541
82554
82564
82576
82586
82599
82609
82621
82632
82644
82654
82667
82677
82689
82699
82712
82722
82733
82743
82755
82764
82776
82786
82797
82807
82819
82828
82840
82850
82862
82871
82883
82893
82904
82914
82926
82935
82947
82957
82968
82978
82990
83000
83011
83021
83033
83042
83054
83064
83075
83085
83097
83107
83118
83128
83140
83149
83161
83171
83182
83192
83204
83213
83225
83235
83247
83256
83268
83277
83285
83294
83302
83312
83319
83329
83337
83346
83354
83364
83371
83381
83389
83398
83406
83416
83423
83433
83441
83450
83458
83468
83475
83485
83493
83502
83510
83520
83527
83537
83545
83554
83562
83572
83579
83589
83597
83606
83614
83624
83631
83641
83649
83658
83666
83676
83683
83693
83701
83710
83718
83728
83735
83745
83753
83762
83770
83780
83787
83797
83805
83814
83822
83832
83842
83850
83860
83868
83878
83886
83896
83905
83915
83923
83933
83941
83951
83959
83970
83978
83988
83996
84006
84014
84024
84033
84043
84051
84061
84069
84079
84087
84098
84106
84116
84124
84134
84142
84152
84161
84171
84179
84189
84197
84207
84215
84225
84234
84244
84252
84262
84270
84280
84288
84299
84307
84317
84325
84335
84343
84353
84362
84372
84380
84390
84398
84408
84416
84427
84435
84443
84450
84459
84466
84475
84482
84491
84498
84507
84513
84522
84529
84538
84545
84554
84561
84570
84577
84586
84592
84601
84608
84617
84624
84633
84640
84649
84656
84665
84671
84680
84687
84696
84703
84712
84719
84728
84735
84744
84750
84759
84766
84775
84782
84791
84798
84807
84814
84823
84829
84838
84845
84854
84861
84870
84877
84886
84893
84902
84908
84917
84924
84933
84940
84949
84956
84965
84972
84981
84987
84996
85003
85012
85019
85028
85044
85058
85074
85089
85105
85119
85136
85150
85166
85181
85197
85211
85228
85242
85258
85273
85289
85303
85320
85334
85350
85365
85381
85395
85412
85426
85442
85459
85474
85491
85507
85524
85539
85556
85572
85589
85604
85621
85637
85654
85669
85686
85702
85719
85734
85751
85767
85784
85799
85816
85832
85849
85864
85882
85897
85914
85929
85947
85962
85979
85996
86011
86029
86044
86061
86077
86094
86109
86127
86142
86159
86175
86192
86207
86225
86240
86257
86273
86290
86305
86323
86338
86345
86351
86359
86365
86373
86378
86386
86392
86400
86406
86414
86419
86427
86433
86441
86447
86455
86460
86468
86474
86482
86488
86496
86501
86509
86515
86523
86529
86537
86542
86550
86556
86564
86570
86578
86583
86591
86597
86605
86611
86619
86624
86632
86638
86646
86652
86660
86665
86673
86679
86687
86693
86700
86706
86714
86720
86728
86734
86741
86747
86755
86761
86769
86775
86782
86788
86796
86802
86810
86816
86823
86829
86837
86843
86851
86857
86864
86870
86878
86884
86892
86898
86905
86911
86919
86925
86933
86939
86946
86952
86960
86966
86974
86995
87015
87037
87057
87078
87098
87120
87140
87162
87181
87203
87223
87245
87265
87286
87306
87328
87348
87370
87389
87411
87431
87453
87473
87494
87511
87526
87543
87558
87575
87590
87607
87622
87639
87654
87671
87686
87703
87718
87735
87751
87768
87783
87800
87815
87832
87847
87864
87879
87896
87911
87928
87943
87960
87975
87983
87989
87997
88003
88012
88018
88026
88032
88041
88047
88055
88061
88069
88076
88084
88090
88098
88105
88113
88119
88127
88134
88142
88148
88156
88162
88171
88177
88185
88191
88200
88206
88214
88220
88229
88235
88243
88249
88257
88264
88272
88278
88286
88293
88301
88307
88315
88321
88330
88336
88344
88350
88359
88365
88373
88379
88388
88394
88402
88408
88416
88423
88431
88437
88445
88452
88460
88466
88474
88481
88489
88495
88503
88509
88518
88524
88532
88538
88547
88553
88561
88567
88575
88582
88590
88596
88617
88636
88657
88676
88697
88716
88737
88756
88777
88796
88817
88836
88857
88876
88897
88916
88937
88956
88977
88996
89017
89036
89057
89076
89097
89116
89137
89155
89172
89191
89208
89227
89244
89263
89280
89298
89315
89334
89351
89370
89387
89406
89423
89442
89458
89477
89494
89513
89530
89549
89566
89585
89601
89620
89637
89656
89677
89697
89719
89739
89761
89781
89803
89823
89845
89865
89887
89907
89929
89949
89971
89991
90013
90032
90054
90062
90068
90076
90082
90090
90096
90104
90110
90118
90124
90133
90139
90147
90153
90161
90167
90175
90181
90189
90195
90204
90210
90218
90224
90232
90238
90246
90252
90260
90266
90274
90281
90289
90295
90303
90309
90317
90323
90331
90337
90345
90352
90360
90366
90374
90380
90388
90394
90402
90408
90416
90423
90431
90437
90445
90451
90459
90465
90473
90479
90487
90493
90502
90508
90516
90522
90542
90560
90580
90598
90618
90636
90656
90675
90695
90713
90733
90751
90771
90789
90810
90828
90848
90866
90886
90904
90921
90936
90953
90969
90986
91001
91018
91034
91051
91066
91083
91099
91116
91131
91148
91164
91181
91196
91213
91229
91246
91261
91278
91294
91311
91326
91344
91359
91376
91385
91393
91402
91410
91419
91427
91436
91444
91454
91461
91471
91478
91488
91495
91505
91513
91522
91530
91539
91547
91556
91564
91574
91581
91591
91598
91608
91615
91625
91632
91642
91650
91659
91667
91676
91684
91693
91701
91711
91718
91728
91735
91745
91752
91762
91770
91779
91787
91796
91804
91813
91821
91830
91838
91848
91855
91865
91872
91882
91889
91899
91907
91914
91919
91926
91932
91939
91944
91952
91957
91964
91970
91977
91982
91990
91995
92002
92008
92015
92020
92028
92033
92040
92046
92053
92058
92066
92071
92078
92084
92091
92096
92104
92109
92116
92122
92129
92134
92142
92147
92154
92160
92167
92172
92180
92185
92192
92198
92205
92210
92218
92223
92230
92236
92243
92248
92256
92261
92268
92274
92281
92286
92294
92299
92306
92312
92319
92324
92332
92337
92344
92350
92357
92362
92370
92375
92382
92388
92395
92415
92433
92453
92471
92491
92510
92530
92548
92568
92586
92606
92625
92645
92663
92683
92701
92721
92740
92760
92778
92798
92816
92824
92831
92840
92846
92855
92862
92871
92877
92886
92893
92901
92908
92917
92924
92932
92939
92948
92954
92963
92970
92979
92985
92994
93001
93009
93016
93025
93032
93040
93047
93056
93062
93071
93078
93087
93093
93102
93109
93117
93124
93133
93140
93148
93155
93164
93170
93179
93186
93195
93201
93210
93217
93226
93232
93241
93248
93256
93263
93272
93279
93287
93294
93303
93309
93318
93325
93334
93345
93355
93367
93377
93388
93398
93410
93420
93432
93441
93453
93463
93475
93485
93496
93506
93518
93528
93540
93549
93561
93571
93583
93592
93604
93614
93626
93636
93647
93657
93669
93679
93691
93700
93712
93722
93734
93744
93755
93765
93777
93787
93799
93808
93820
93830
93842
93851
93863
93873
93880
93886
93894
93900
93908
93914
93922
93928
93936
93942
93950
93956
93964
93969
93977
93983
93991
93997
94005
94011
94019
94025
94033
94039
94047
94053
94061
94066
94074
94080
94088
94094
94102
94108
94116
94122
94130
94136
94144
94150
94158
94163
94171
94177
94185
94191
94199
94205
94213
94219
94227
94233
94241
94247
94255
94260
94268
94274
94281
94287
94295
94301
94309
94314
94322
94328
94336
94342
94350
94355
94363
94369
94377
94383
94390
94396
94404
94410
94418
94424
94431
94437
94445
94451
94459
94465
94472
94478
94486
94492
94500
94505
94513
94519
94527
94533
94541
94546
94554
94560
94568
94574
94581
94587
94595
94601
94609
94615
94622
94628
94636
94642
94650
94656
94663
94669
94677
94683
94691
94696
94704
94710
94718
94724
94732
94737
94745
94751
94759
94765
94780
94793
94808
94822
94837
94850
94866
94879
94894
94908
94923
94936
94951
94965
94980
94993
95009
95022
95037
95051
95066
95079
95094
95108
95123
95136
95152
95165
95180
95194
95209
95221
95231
95243
95253
95265
95275
95287
95297
95310
95320
95332
95342
95354
95364
95376
95386
95399
95409
95421
95431
95443
95453
95465
95475
95488
95498
95510
95520
95532
95542
95554
95564
95577
95587
95599
95609
95621
95631
95643
95653
95665
95676
95688
95698
95710
95720
95732
95742
95754
95765
95777
95787
95799
95809
95821
95831
95843
95854
95866
95875
95883
95893
95900
95910
95918
95928
95935
95945
95953
95963
95970
95980
95988
95998
96005
96015
96023
96033
96040
96050
96058
96068
96075
96085
96093
96103
96110
96120
96128
96138
96145
96155
96163
96173
96180
96190
96198
96208
96215
96225
96233
96243
96250
96260
96268
96278
96285
96295
96304
96312
96321
96329
96339
96346
96356
96364
96373
96381
96390
96398
96408
96415
96425
96433
96442
96450
96460
96467
96477
96484
96494
96502
96511
96519
96529
96536
96546
96553
96563
96571
96580
96588
96598
96605
96615
96623
96632
96640
96649
96657
96667
96674
96684
96692
96701
96709
96719
96726
96736
96743
96753
96761
96770
96778
96788
96795
96805
96812
96822
96830
96839
96847
96857
96864
96874
96882
96892
96901
96911
96920
96930
96939
96949
96958
96968
96977
96988
96996
97007
97015
97026
97034
97045
97053
97064
97072
97083
97092
97102
97111
97121
97130
97140
97149
97159
97168
97178
97187
97198
97206
97217
97225
97236
97244
97255
97263
97274
97282
97289
97295
97302
97308
97316
97322
97328
97336
97342
97348
97356
97362
97368
97376
97382
97388
97396
97402
97408
97416
97422
97428
97436
97442
97448
97456
97462
97468
97476
97482
97488
97496
97502
97508
97516
97522
97528
97536
97542
97548
97556
97562
97568
97576
97582
97588
97596
97602
97608
97616
97622
97628
97636
97642
97658
97673
97690
97704
97721
97736
97753
97767
97784
97799
97816
97830
97847
97862
97878
97893
97910
97925
97941
97956
97973
97988
98004
98019
98036
98050
98067
98082
98099
98113
98130
98145
98162
98176
98193
98208
98224
98239
98256
98271
98281
98290
98300
98309
98319
98328
98338
98347
98357
98366
98376
98385
98395
98404
98414
98423
98433
98442
98452
98461
98471
98480
98490
98499
98509
98518
98528
98537
98547
98556
98566
98575
98585
98594
98604
98613
98623
98632
98642
98651
98661
98670
98680
98689
98699
98708
98718
98727
98737
98746
98756
98765
98775
98784
98794
98805
98815
98826
98836
98847
98857
98869
98878
98890
98899
98911
98921
98932
98942
98953
98963
98975
98984
98996
99005
99017
99027
99038
99048
99059
99069
99080
99090
99102
99111
99123
99132
99144
99154
99165
99175
99186
99196
99208
99217
99229
99238
99250
99260
99271
99281
99292
99302
99313
99323
99335
99344
99356
99365
99373
99383
99391
99400
99408
99418
99426
99436
99443
99453
99461
99471
99478
99488
99496
99506
99514
99523
99531
99541
99549
99559
99566
99576
99584
99594
99601
99611
99619
99629
99637
99646
99654
99664
99672
99682
99689
99699
99707
99717
99724
99734
99742
99752
99760
99769
99777
99787
99795
99805
99812
99822
99830
99840
99847
99856
99863
99872
99879
99888
99895
99904
99911
99920
99927
99936
99943
99952
99959
99968
99975
99984
99991
100000
100007
100016
100023
100032
100040
100049
100056
100065
100072
100081
100088
100097
100104
100113
100120
100129
100136
100145
100152
100161
100168
100177
100184
100193
100200
100209
100216
100226
100233
100242
100249
100258
100265
100274
100281
100290
100297
100306
100313
100322
100329
100338
100345
