10
19
30
38
49
58
69
77
88
97
107
116
127
136
146
155
166
174
185
194
205
213
224
233
243
252
263
272
282
291
302
310
321
330
341
349
360
369
379
388
399
408
418
427
438
446
457
466
477
485
496
505
515
524
535
544
554
563
574
582
593
602
613
621
632
641
652
660
671
680
690
699
710
719
729
738
749
757
768
777
788
796
807
816
826
835
846
855
865
874
885
893
904
913
924
932
943
951
957
965
972
980
986
995
1001
1009
1015
1024
1030
1038
1045
1053
1059
1068
1074
1082
1088
1097
1103
1111
1118
1126
1132
1140
1147
1155
1161
1170
1176
1184
1191
1199
1205
1213
1220
1228
1234
1243
1249
1257
1263
1272
1278
1286
1293
1301
1307
1316
1322
1330
1336
1345
1351
1359
1366
1374
1380
1388
1395
1403
1409
1418
1424
1432
1439
1447
1453
1461
1468
1476
1482
1491
1497
1505
1511
1520
1526
1534
1541
1549
1555
1564
1570
1578
1584
1593
1599
1607
1614
1622
1628
1637
1643
1651
1657
1666
1672
1680
1687
1695
1701
1709
1716
1724
1730
1739
1745
1753
1760
1768
1774
1782
1789
1797
1803
1812
1818
1826
1832
1841
1847
1855
1862
1870
1876
1885
1891
1899
1905
1915
1924
1935
1944
1954
1963
1974
1983
1993
2002
2013
2022
2032
2041
2052
2061
2071
2080
2091
2100
2110
2119
2130
2139
2149
2158
2169
2178
2188
2197
2208
2217
2227
2236
2247
2256
2266
2275
2286
2295
2305
2314
2325
2334
2345
2353
2364
2373
2384
2392
2403
2412
2423
2431
2442
2451
2462
2470
2481
2490
2501
2509
2520
2529
2540
2548
2559
2568
2579
2587
2598
2607
2618
2626
2637
2646
2657
2665
2676
2685
2696
2705
2715
2724
2734
2743
2754
2762
2773
2782
2792
2801
2812
2820
2831
2840
2850
2859
2869
2878
2889
2897
2908
2917
2927
2936
2947
2955
2966
2975
2985
2994
3005
3013
3024
3032
3043
3052
3062
3071
3082
3090
3101
3110
3120
3129
3140
3148
3159
3168
3178
3187
3197
3206
3217
3225
3236
3245
3255
3264
3275
3283
3294
3303
3313
3322
3333
3341
3352
3360
3371
3380
3389
3396
3405
3413
3422
3429
3439
3446
3455
3463
3472
3479
3489
3496
3505
3513
3522
3529
3539
3546
3555
3562
3572
3579
3588
3596
3605
3612
3622
3629
3638
3646
3655
3662
3672
3679
3688
3696
3705
3712
3721
3729
3738
3745
3755
3762
3771
3779
3788
3795
3805
3812
3821
3829
3838
3845
3855
3862
3871
3878
3888
3895
3904
3911
3920
3928
3937
3944
3954
3961
3970
3978
3987
3994
4003
4011
4020
4027
4037
4044
4053
4061
4070
4077
4087
4094
4103
4110
4120
4127
4136
4144
4153
4160
4170
4177
4186
4193
4203
4210
4219
4227
4236
4243
4253
4260
4269
4277
4286
4293
4302
4310
4319
4326
4336
4343
4352
4360
4369
4376
4385
4393
4402
4409
4419
4426
4435
4443
4452
4459
4469
4476
4485
4492
4502
4509
4518
4526
4535
4542
4552
4559
4568
4575
4585
4592
4601
4610
4618
4628
4635
4645
4653
4663
4670
4680
4688
4697
4705
4715
4723
4732
4740
4750
4757
4767
4775
4785
4792
4802
4810
4820
4827
4837
4845
4854
4862
4872
4880
4889
4897
4907
4914
4924
4932
4942
4949
4959
4967
4976
4984
4994
5002
5011
5019
5029
5037
5046
5054
5064
5071
5081
5089
5099
5106
5116
5124
5133
5141
5151
5159
5168
5176
5186
5194
5203
5211
5221
5228
5238
5246
5256
5263
5273
5281
5290
5298
5308
5316
5325
5333
5343
5351
5359
5369
5377
5386
5394
5404
5412
5421
5429
5439
5446
5456
5464
5474
5481
5491
5499
5508
5515
5524
5531
5540
5548
5557
5564
5573
5580
5590
5597
5606
5613
5622
5630
5639
5646
5655
5662
5672
5679
5688
5695
5704
5711
5721
5728
5737
5744
5753
5761
5770
5777
5786
5793
5803
5810
5819
5826
5835
5843
5852
5859
5868
5875
5884
5892
5901
5908
5917
5924
5934
5941
5950
5957
5966
5974
5983
5990
5999
6006
6016
6023
6032
6039
6048
6055
6065
6072
6081
6088
6097
6105
6114
6121
6130
6137
6147
6154
6163
6170
6179
6187
6196
6203
6212
6219
6229
6236
6245
6252
6261
6268
6278
6285
6294
6301
6310
6318
6327
6336
6343
6352
6359
6368
6375
6384
6391
6400
6407
6416
6423
6432
6439
6448
6455
6464
6471
6480
6487
6496
6503
6512
6519
6528
6535
6545
6552
6561
6568
6577
6584
6593
6600
6609
6616
6625
6632
6641
6648
6657
6664
6673
6680
6689
6696
6705
6712
6721
6728
6737
6744
6753
6761
6770
6777
6786
6793
6802
6809
6818
6825
6834
6841
6850
6857
6866
6873
6882
6889
6898
6905
6914
6921
6930
6937
6946
6953
6962
6970
6979
6986
6995
7002
7011
7018
7027
7034
7043
7050
7059
7066
7075
7082
7091
7098
7107
7114
7123
7130
7139
7146
7155
7162
7171
7178
7188
7195
7204
7211
7220
7227
7236
7243
7252
7260
7266
7275
7281
7290
7296
7305
7311
7319
7326
7334
7341
7349
7356
7364
7370
7379
7385
7394
7400
7409
7415
7424
7430
7438
7445
7453
7460
7468
7475
7483
7489
7498
7504
7513
7519
7528
7534
7542
7549
7557
7564
7572
7579
7587
7594
7602
7608
7617
7623
7632
7638
7647
7653
7661
7668
7676
7683
7691
7698
7706
7712
7721
7727
7736
7742
7751
7757
7766
7772
7780
7787
7795
7802
7810
7817
7825
7831
7840
7846
7855
7861
7870
7876
7884
7891
7899
7906
7914
7924
7933
7944
7953
7964
7973
7984
7993
8004
8013
8023
8032
8043
8052
8063
8072
8083
8092
8103
8112
8122
8131
8142
8151
8162
8171
8182
8191
8202
8211
8221
8230
8241
8250
8261
8270
8281
8290
8301
8310
8320
8329
8340
8349
8360
8369
8380
8389
8400
8409
8419
8428
8439
8448
8459
8468
8479
8488
8498
8507
8518
8527
8538
8547
8558
8567
8578
8587
8598
8607
8618
8627
8638
8647
8658
8667
8678
8687
8698
8707
8718
8727
8738
8747
8758
8767
8778
8787
8797
8806
8817
8826
8837
8846
8857
8866
8877
8886
8897
8906
8917
8926
8937
8946
8957
8966
8977
8986
8997
9006
9017
9026
9037
9046
9057
9066
9077
9086
9096
9105
9116
9124
9131
9140
9146
9155
9162
9171
9177
9186
9193
9201
9208
9217
9224
9232
9239
9248
9254
9263
9270
9279
9285
9294
9301
9310
9316
9325
9332
9340
9347
9356
9363
9371
9378
9387
9393
9402
9409
9418
9424
9433
9440
9449
9455
9464
9471
9479
9486
9495
9502
9510
9517
9526
9532
9541
9548
9557
9563
9572
9579
9588
9594
9603
9610
9618
9625
9634
9641
9649
9656
9665
9671
9680
9687
9696
9702
9711
9718
9727
9733
9742
9749
9757
9764
9773
9780
9788
9797
9804
9813
9820
9829
9836
9845
9852
9861
9868
9878
9885
9894
9901
9910
9917
9926
9933
9942
9949
9959
9966
9975
9982
9991
9998
10007
10014
10023
10030
10040
10047
10056
10063
10072
10079
10088
10095
10104
10111
10120
10128
10137
10144
10153
10160
10169
10176
10185
10192
10201
10209
10218
10225
10234
10241
10250
10257
10266
10273
10282
10290
10299
10306
10315
10322
10331
10338
10347
10354
10363
10370
10380
10387
10396
10403
10412
10419
10428
10435
10444
10451
10461
10468
10477
10484
10493
10500
10509
10516
10525
10532
10542
10549
10558
10565
10574
10581
10590
10600
10608
10618
10626
10637
10645
10655
10663
10673
10682
10692
10700
10710
10718
10729
10737
10747
10755
10765
10774
10784
10792
10802
10810
10821
10829
10839
10847
10857
10866
10876
10884
10894
10902
10913
10921
10931
10939
10949
10958
10968
10976
10986
10994
11005
11013
11023
11031
11041
11050
11060
11068
11078
11086
11097
11105
11115
11123
11133
11142
11152
11160
11170
11178
11189
11197
11207
11215
11225
11234
11244
11252
11262
11270
11277
11286
11293
11302
11309
11318
11325
11334
11341
11349
11356
11365
11372
11381
11388
11397
11404
11413
11420
11429
11435
11444
11451
11460
11467
11476
11483
11492
11499
11508
11514
11523
11530
11539
11546
11555
11562
11571
11578
11587
11594
11602
11609
11618
11625
11634
11641
11650
11657
11666
11673
11681
11688
11697
11704
11713
11720
11729
11736
11745
11752
11761
11767
11776
11784
11791
11799
11806
11814
11821
11829
11836
11844
11851
11859
11866
11874
11881
11889
11896
11904
11911
11919
11926
11934
11941
11949
11956
11964
11971
11979
11986
11994
12001
12009
12016
12024
12031
12039
12046
12055
12061
12070
12076
12085
12091
12100
12106
12115
12121
12130
12136
12145
12151
12160
12166
12175
12181
12190
12196
12205
12211
12220
12226
12235
12241
12250
12256
12265
12271
12280
12286
12295
12301
12310
12317
12325
12332
12340
12347
12355
12362
12370
12377
12385
12392
12400
12407
12415
12422
12429
12435
12443
12449
12457
12463
12471
12477
12485
12491
12499
12505
12513
12518
12526
12532
12540
12546
12554
12560
12568
12574
12582
12588
12596
12602
12609
12615
12623
12629
12637
12643
12651
12657
12665
12671
12679
12685
12693
12698
12706
12712
12720
12726
12734
12740
12748
12754
12762
12768
12776
12782
12789
12795
12803
12809
12817
12823
12831
12837
12845
12851
12859
12865
12873
12879
12886
12892
12900
12906
12914
12920
12928
12934
12942
12948
12956
12962
12970
12975
12983
12989
12997
13003
13011
13017
13025
13031
13039
13045
13053
13059
13069
13078
13089
13097
13108
13117
13127
13136
13147
13155
13166
13175
13186
13194
13205
13214
13224
13233
13244
13252
13263
13272
13282
13291
13302
13311
13321
13330
13341
13349
13360
13369
13379
13388
13399
13407
13418
13427
13438
13446
13457
13466
13476
13485
13496
13504
13515
13524
13534
13543
13554
13563
13573
13582
13593
13601
13612
13621
13631
13640
13651
13659
13670
13679
13690
13698
13709
13718
13728
13737
13748
13756
13763
13772
13779
13788
13795
13804
13811
13820
13826
13835
13842
13851
13858
13867
13874
13883
13890
13898
13905
13914
13921
13930
13937
13946
13953
13962
13968
13977
13984
13993
14000
14009
14016
14025
14032
14040
14047
14056
14063
14072
14079
14088
14095
14104
14110
14119
14126
14135
14142
14151
14158
14167
14174
14182
14189
14198
14205
14214
14221
14230
14237
14246
14252
14261
14268
14277
14284
14293
14300
14309
14320
14329
14340
14349
14360
14369
14380
14389
14400
14409
14420
14429
14440
14449
14460
14469
14480
14490
14501
14510
14521
14530
14541
14550
14561
14570
14581
14590
14601
14610
14621
14630
14641
14650
14662
14671
14682
14691
14702
14711
14722
14731
14742
14751
14762
14771
14782
14791
14802
14811
14822
14832
14843
14852
14863
14872
14883
14892
14903
14912
14923
14932
14943
14952
14963
14972
14983
14992
15004
15013
15024
15033
15044
15053
15064
15073
15084
15093
15104
15113
15124
15133
15144
15153
15164
15174
15185
15194
15205
15214
15225
15234
15245
15254
15265
15275
15283
15293
15301
15311
15319
15329
15337
15347
15355
15365
15373
15383
15391
15401
15409
15419
15427
15437
15445
15456
15464
15474
15482
15492
15500
15510
15518
15528
15536
15546
15554
15564
15572
15582
15590
15600
15608
15618
15626
15637
15645
15655
15663
15673
15681
15691
15699
15709
15717
15727
15735
15745
15753
15763
15771
15781
15789
15799
15807
15818
15826
15836
15843
15849
15857
15863
15871
15877
15884
15890
15898
15904
15912
15918
15926
15931
15939
15945
15953
15959
15967
15973
15980
15986
15994
16000
16008
16014
16022
16027
16035
16041
16049
16055
16063
16069
16076
16082
16090
16096
16104
16110
16117
16123
16131
16137
16145
16151
16159
16164
16172
16178
16186
16192
16200
16206
16213
16219
16227
16233
16241
16247
16255
16260
16268
16274
16282
16288
16296
16302
16309
16315
16323
16329
16337
16343
16350
16356
16364
16370
16378
16384
16392
16397
16405
16411
16419
16425
16433
16441
16448
16457
16463
16472
16479
16487
16494
16503
16509
16518
16525
16533
16540
16549
16556
16564
16571
16580
16586
16595
16602
16610
16617
16626
16633
16640
16649
16656
16664
16671
16680
16686
16695
16702
16710
16717
16726
16733
16740
16749
16756
16764
16771
16780
16786
16795
16802
16810
16817
16826
16833
16840
16849
16856
16864
16871
16880
16886
16895
16902
16910
16917
16926
16933
16940
16949
16956
16964
16971
16980
16986
16995
17002
17010
17017
17026
17033
17040
17049
17056
17064
17071
17080
17086
17095
17102
17110
17117
17126
17134
17141
17150
17157
17166
17173
17181
17188
17197
17204
17213
17220
17229
17235
17244
17251
17260
17267
17276
17282
17291
17298
17307
17314
17323
17330
17338
17345
17354
17361
17370
17377
17385
17392
17401
17408
17417
17424
17433
17439
17448
17455
17464
17471
17480
17487
17495
17502
17511
17518
17527
17534
17542
17549
17558
17565
17574
17581
17590
17596
17605
17612
17621
17628
17637
17643
17652
17659
17668
17675
17684
17691
17699
17706
17715
17722
17731
17738
17747
17753
17762
17769
17778
17785
17794
17800
17809
17816
17825
17832
17841
17848
17856
17863
17872
17879
17888
17895
17903
17910
17919
17926
17935
17942
17951
17957
17966
17973
17982
17989
17998
18005
18013
18020
18029
18038
18045
18055
18062
18071
18079
18088
18096
18105
18112
18122
18129
18139
18146
18155
18163
18172
18180
18189
18196
18206
18213
18223
18230
18239
18247
18256
18264
18273
18280
18290
18297
18307
18314
18323
18331
18340
18348
18357
18364
18374
18381
18391
18398
18407
18415
18424
18432
18441
18448
18458
18465
18475
18482
18491
18499
18508
18516
18525
18532
18542
18549
18559
18566
18575
18583
18592
18600
18609
18616
18626
18633
18643
18650
18659
18667
18676
18684
18693
18700
18710
18717
18726
18734
18743
18751
18760
18767
18777
18784
18794
18801
18810
18818
18827
18835
18844
18851
18861
18868
18878
18885
18894
18902
18911
18919
18928
18935
18945
18952
18962
18969
18978
18988
18997
19007
19016
19026
19035
19045
19054
19065
19073
19084
19092
19103
19111
19122
19131
19141
19150
19160
19169
19179
19188
19199
19207
19218
19226
19237
19245
19256
19265
19275
19284
19294
19303
19313
19322
19333
19341
19352
19360
19371
19379
19390
19399
19409
19418
19428
19437
19447
19456
19467
19475
19486
19494
19505
19513
19524
19533
19543
19552
19562
19571
19581
19592
19601
19613
19622
19633
19643
19654
19664
19675
19684
19696
19705
19717
19726
19737
19747
19758
19768
19779
19788
19800
19809
19821
19830
19841
19851
19862
19872
19883
19892
19904
19913
19925
19934
19945
19955
19966
19976
19987
19996
20008
20017
20029
20038
20049
20059
20070
20080
20091
20100
20112
20121
20133
20142
20153
20163
20174
20184
20195
20204
20216
20225
20237
20246
20257
20267
20278
20288
20299
20308
20320
20329
20341
20350
20361
20371
20382
20391
20402
20411
20422
20431
20442
20451
20462
20472
20483
20492
20503
20512
20523
20532
20543
20552
20563
20573
20584
20593
20604
20613
20624
20633
20644
20653
20664
20674
20685
20694
20705
20714
20725
20734
20745
20754
20765
20775
20786
20795
20806
20815
20826
20835
20846
20855
20866
20876
20887
20896
20907
20916
20927
20936
20947
20956
20967
20977
20988
20997
21008
21017
21028
21037
21048
21057
21068
21078
21089
21098
21109
21118
21129
21138
21149
21158
21169
21179
21190
21199
21210
21219
21230
21239
21250
21259
21270
21280
21291
21300
21311
21320
21331
21340
21348
21354
21363
21369
21377
21384
21392
21398
21407
21413
21421
21428
21436
21442
21451
21457
21465
21472
21480
21486
21495
21501
21509
21516
21524
21530
21539
21545
21553
21560
21568
21574
21583
21589
21597
21604
21612
21618
21627
21633
21641
21648
21656
21662
21671
21677
21685
21692
21700
21706
21715
21721
21729
21736
21744
21750
21759
21765
21773
21780
21788
21794
21803
21809
21817
21824
21832
21838
21847
21853
21861
21868
21876
21882
21891
21897
21905
21912
21920
21926
21935
21941
21949
21956
21964
21970
21979
21985
21993
22000
22008
22014
22023
22030
22036
22044
22050
22057
22063
22071
22077
22084
22090
22098
22104
22112
22117
22125
22131
22139
22144
22152
22158
22166
22171
22179
22185
22193
22199
22206
22212
22220
22226
22233
22239
22247
22253
22261
22266
22274
22280
22288
22293
22301
22307
22315
22320
22328
22334
22342
22348
22355
22361
22369
22375
22382
22388
22396
22402
22410
22415
22423
22429
22437
22442
22450
22456
22464
22469
22477
22483
22491
22497
22504
22510
22518
22524
22531
22537
22545
22551
22558
22564
22572
22578
22586
22591
22599
22605
22613
22618
22626
22632
22640
22646
22653
22659
22667
22673
22680
22686
22694
22700
22707
22713
22721
22727
22735
22740
22748
22754
22762
22767
22775
22781
22789
22795
22802
22808
22816
22822
22829
22835
22843
22849
22856
22865
22872
22881
22888
22897
22905
22914
22921
22930
22937
22947
22954
22963
22970
22979
22987
22996
23003
23012
23019
23029
23036
23045
23052
23061
23068
23078
23085
23094
23101
23110
23118
23127
23134
23143
23150
23160
23167
23176
23183
23192
23200
23209
23216
23225
23232
23241
23249
23258
23265
23274
23281
23291
23298
23307
23314
23323
23331
23340
23347
23356
23363
23373
23380
23389
23396
23405
23412
23422
23429
23438
23445
23454
23462
23471
23478
23487
23494
23502
23508
23516
23522
23530
23537
23545
23551
23559
23565
23573
23580
23588
23594
23602
23608
23616
23623
23631
23637
23645
23651
23659
23666
23674
23680
23688
23694
23703
23709
23717
23723
23731
23737
23746
23752
23760
23766
23774
23780
23789
23795
23803
23809
23817
23823
23832
23838
23846
23852
23860
23866
23875
23881
23889
23895
23903
23910
23918
23924
23932
23938
23946
23953
23961
23967
23975
23981
23989
23996
24004
24010
24018
24024
24032
24039
24047
24053
24061
24067
24075
24082
24090
24096
24104
24110
24119
24125
24133
24139
24147
24153
24162
24168
24176
24182
24190
24196
24205
24211
24219
24225
24233
24239
24248
24254
24262
24268
24276
24283
24291
24299
24306
24315
24321
24330
24337
24346
24352
24361
24368
24376
24383
24392
24399
24407
24414
24423
24429
24438
24445
24454
24460
24469
24476
24485
24491
24500
24507
24515
24522
24531
24538
24546
24553
24562
24568
24577
24584
24593
24599
24608
24615
24624
24630
24639
24646
24654
24661
24670
24677
24685
24692
24701
24707
24716
24723
24732
24738
24747
24754
24763
24769
24778
24785
24793
24800
24809
24816
24824
24831
24840
24846
24855
24862
24871
24877
24886
24893
24899
24907
24913
24921
24926
24934
24940
24948
24954
24961
24967
24975
24981
24989
24995
25002
25008
25016
25022
25030
25036
25042
25050
25056
25064
25070
25077
25083
25091
25097
25105
25111
25117
25125
25131
25139
25145
25152
25158
25166
25172
25180
25186
25192
25200
25206
25214
25220
25227
25233
25241
25247
25255
25261
25267
25275
25281
25289
25295
25302
25308
25316
25322
25330
25336
25342
25350
25356
25364
25370
25377
25383
25391
25397
25405
25411
25417
25425
25431
25439
25445
25452
25458
25466
25472
25480
25486
25492
25500
25506
25514
25520
25527
25533
25541
25547
25555
25561
25567
25575
25581
25589
25595
25602
25608
25616
25622
25630
25636
25642
25650
25656
25664
25670
25677
25683
25691
25697
25705
25711
25717
25725
25731
25739
25745
25752
25758
25766
25772
25780
25786
25792
25800
25806
25814
25820
25827
25833
25841
25847
25854
25860
25868
25874
25882
25888
25896
25902
25910
25916
25924
25930
25938
25944
25952
25958
25966
25972
25980
25986
25994
26000
26008
26014
26022
26028
26036
26042
26050
26056
26064
26070
26078
26084
26092
26098
26106
26112
26120
26126
26134
26140
26148
26154
26162
26168
26176
26182
26190
26196
26204
26210
26218
26224
26232
26238
26246
26252
26260
26266
26274
26280
26288
26294
26302
26308
26316
26326
26335
26345
26354
26364
26373
26383
26392
26402
26411
26422
26430
26441
26449
26460
26468
26479
26487
26498
26507
26517
26526
26536
26545
26555
26564
26574
26583
26594
26602
26613
26621
26632
26640
26651
26659
26670
26679
26689
26698
26708
26717
26727
26736
26746
26755
26766
26774
26785
26796
26805
26816
26825
26836
26845
26857
26866
26877
26886
26897
26906
26917
26927
26938
26947
26958
26967
26978
26987
26999
27008
27019
27028
27039
27048
27059
27069
27080
27089
27100
27109
27120
27129
27141
27150
27161
27170
27181
27190
27201
27211
27222
27231
27242
27251
27262
27271
27283
27292
27303
27312
27323
27332
27343
27353
27364
27373
27384
27393
27404
27413
27425
27434
27445
27454
27465
27474
27485
27495
27506
27515
27526
27535
27543
27549
27557
27564
27572
27578
27587
27593
27601
27608
27616
27622
27631
27637
27645
27652
27660
27666
27675
27681
27689
27695
27704
27710
27718
27725
27733
27739
27748
27754
27762
27769
27777
27783
27792
27798
27806
27813
27821
27827
27835
27842
27850
27856
27865
27871
27879
27886
27894
27900
27909
27915
27923
27930
27938
27944
27953
27959
27967
27974
27982
27988
27996
28003
28011
28017
28026
28032
28040
28047
28055
28061
28070
28076
28084
28091
28099
28105
28114
28120
28128
28135
28142
28150
28156
28165
28171
28179
28186
28194
28200
28209
28215
28223
28233
28242
28253
28261
28272
28281
28291
28300
28311
28319
28330
28339
28350
28358
28369
28378
28388
28397
28408
28416
28427
28436
28446
28455
28466
28475
28485
28494
28505
28513
28524
28533
28543
28552
28563
28571
28582
28591
28602
28610
28621
28630
28640
28649
28660
28668
28679
28688
28698
28707
28718
28727
28737
28746
28757
28765
28776
28785
28795
28804
28815
28823
28834
28843
28854
28862
28873
28882
28892
28901
28911
28920
28931
28939
28950
28959
28970
28978
28989
28998
29008
29017
29028
29037
29047
29056
29067
29076
29086
29095
29106
29114
29125
29134
29145
29153
29164
29173
29184
29192
29203
29212
29222
29231
29242
29251
29261
29270
29281
29289
29300
29309
29320
29328
29339
29348
29359
29367
29378
29387
29397
29406
29417
29426
29436
29445
29456
29465
29475
29484
29495
29503
29514
29523
29534
29542
29553
29562
29572
29581
29592
29601
29611
29620
29631
29640
29650
29659
29670
29678
29689
29698
29709
29717
29728
29737
29748
29756
29767
29776
29786
29795
29806
29815
29825
29835
29843
29853
29861
29871
29879
29889
29897
29907
29916
29926
29934
29944
29952
29962
29970
29980
29988
29998
30007
30017
30025
30035
30043
30053
30061
30071
30079
30090
30098
30108
30116
30126
30134
30144
30152
30162
30170
30181
30189
30199
30207
30217
30225
30235
30243
30253
30262
30272
30280
30290
30298
30308
30316
30326
30334
30344
30353
30363
30371
30381
30389
30399
30408
30416
30425
30433
30442
30450
30459
30467
30476
30484
30493
30501
30510
30518
30527
30535
30544
30552
30561
30569
30578
30586
30596
30603
30613
30620
30630
30637
30647
30654
30664
30671
30681
30688
30698
30705
30715
30722
30732
30739
30749
30756
30766
30774
30782
30792
30799
30809
30816
30826
30833
30843
30850
30860
30867
30877
30884
30894
30901
30911
30918
30928
30935
30945
30952
30962
30970
30979
30987
30996
31004
31013
31021
31030
31038
31047
31055
31064
31072
31081
31089
31098
31106
31115
31123
31132
31140
31149
31157
31167
31174
31184
31191
31201
31208
31218
31225
31235
31242
31252
31259
31269
31276
31286
31293
31303
31310
31320
31327
31335
31341
31349
31356
31364
31370
31379
31385
31393
31400
31408
31414
31423
31429
31437
31444
31452
31458
31466
31473
31481
31487
31496
31502
31510
31517
31525
31531
31540
31546
31554
31561
31569
31575
31583
31590
31598
31604
31613
31619
31627
31634
31642
31648
31657
31663
31671
31678
31686
31692
31700
31707
31715
31721
31730
31736
31744
31751
31759
31765
31774
31780
31788
31795
31803
31809
31819
31828
31839
31848
31859
31868
31878
31887
31898
31907
31918
31927
31937
31946
31957
31966
31977
31986
31996
32005
32016
32025
32036
32045
32055
32064
32075
32084
32095
32104
32114
32123
32134
32143
32154
32163
32173
32182
32193
32202
32213
32222
32232
32241
32252
32261
32272
32281
32291
32300
32311
32320
32331
32340
32350
32359
32370
32379
32390
32399
32409
32418
32429
32438
32449
32458
32469
32477
32488
32497
32508
32517
32528
32536
32547
32556
32567
32576
32587
32595
32606
32615
32626
32635
32646
32654
32665
32674
32685
32694
32705
32713
32724
32733
32744
32753
32764
32772
32780
32787
32796
32803
32811
32818
32827
32834
32842
32849
32858
32865
32873
32880
32889
32896
32905
32911
32920
32927
32936
32942
32951
32958
32967
32973
32982
32989
32998
33005
33013
33020
33029
33036
33044
33051
33060
33067
33075
33082
33091
33098
33106
33113
33122
33129
33138
33144
33153
33160
33169
33175
33184
33191
33200
33206
33215
33222
33231
33238
33246
33253
33262
33269
33277
33284
33293
33300
33308
33315
33324
33331
33339
33346
33355
33362
33371
33377
33386
33393
33402
33408
33417
33424
33433
33439
33448
33455
33464
33471
33479
33486
33495
33502
33510
33517
33526
33533
33541
33548
33557
33564
33572
33579
33588
33595
33604
33610
33619
33626
33635
33643
33652
33660
33669
33677
33686
33694
33704
33711
33721
33728
33738
33746
33754
33764
33771
33781
33788
33798
33806
33814
33824
33831
33841
33848
33858
33866
33874
33884
33891
33901
33908
33918
33926
33934
33944
33951
33961
33968
33978
33986
33994
34004
34011
34021
34028
34038
34046
34054
34064
34071
34081
34088
34098
34106
34114
34124
34131
34141
34148
34158
34166
34174
34184
34191
34201
34208
34218
34226
34234
34244
34251
34261
34268
34278
34286
34294
34304
34311
34321
34328
34338
34346
34354
34364
34371
34379
34385
34394
34400
34408
34415
34423
34429
34438
34444
34452
34459
34467
34473
34482
34488
34496
34503
34511
34517
34526
34532
34541
34547
34555
34562
34570
34576
34585
34591
34599
34606
34614
34620
34629
34635
34643
34650
34658
34664
34673
34679
34687
34694
34702
34709
34717
34723
34732
34738
34746
34753
34761
34767
34776
34782
34790
34797
34805
34811
34820
34826
34834
34841
34849
34855
34864
34870
34879
34885
34893
34900
34908
34914
34923
34929
34937
34944
34952
34958
34967
34973
34981
34988
34996
35002
35011
35017
35026
35032
35040
35047
35055
35061
35070
35076
35084
35091
35099
35105
35114
35124
35133
35144
35153
35164
35173
35184
35192
35203
35212
35223
35232
35243
35252
35263
35271
35282
35291
35302
35311
35322
35331
35341
35350
35361
35370
35381
35390
35401
35410
35420
35429
35440
35449
35460
35469
35480
35489
35498
35509
35518
35529
35538
35549
35558
35568
35577
35588
35597
35608
35617
35628
35637
35647
35656
35667
35676
35687
35696
35707
35715
35726
35735
35746
35755
35766
35775
35786
35794
35805
35814
35825
35834
35845
35854
35862
35869
35878
35885
35894
35901
35910
35917
35926
35933
35942
35949
35958
35965
35974
35981
35990
35997
36006
36013
36022
36029
36038
36045
36054
36061
36070
36077
36086
36093
36102
36108
36117
36124
36133
36140
36149
36156
36165
36172
36181
36188
36197
36204
36213
36220
36229
36236
36245
36252
36261
36268
36277
36284
36293
36300
36309
36316
36325
36332
36341
36348
36356
36363
36372
36379
36388
36395
36404
36411
36420
36427
36436
36443
36449
36457
36463
36470
36476
36484
36490
36497
36503
36511
36517
36524
36530
36538
36544
36551
36557
36565
36571
36578
36584
36592
36598
36605
36611
36619
36625
36632
36638
36646
36652
36659
36665
36673
36679
36686
36692
36700
36706
36713
36719
36727
36733
36740
36746
36754
36760
36767
36773
36781
36787
36794
36800
36808
36814
36821
36827
36835
36841
36848
36854
36862
36868
36875
36881
36889
36895
36902
36908
36916
36922
36929
36935
36943
36949
36956
36962
36970
36976
36983
36989
36997
37003
37011
37016
37024
37030
37038
37043
37051
37057
37065
37070
37078
37084
37092
37097
37105
37111
37119
37124
37132
37138
37146
37151
37159
37165
37173
37178
37186
37192
37200
37205
37213
37219
37227
37232
37240
37246
37254
37259
37267
37273
37281
37286
37294
37300
37308
37313
37321
37327
37335
37340
37348
37354
37362
37367
37375
37381
37389
37396
37405
37412
37421
37428
37436
37443
37452
37459
37468
37475
37484
37490
37499
37506
37515
37522
37531
37537
37546
37553
37562
37569
37578
37585
37593
37600
37609
37616
37625
37632
37640
37647
37656
37663
37672
37679
37688
37694
37703
37710
37719
37726
37735
37742
37750
37757
37766
37773
37782
37789
37797
37804
37813
37820
37829
37836
37845
37855
37863
37874
37882
37892
37901
37911
37920
37930
37938
37949
37957
37968
37976
37986
37995
38005
38014
38024
38032
38043
38051
38061
38070
38080
38089
38099
38107
38118
38126
38137
38145
38155
38164
38174
38183
38193
38201
38212
38220
38230
38239
38249
38258
38268
38276
38287
38295
38306
38314
38324
38333
38343
38352
38362
38370
38381
38389
38399
38408
38418
38427
38437
38445
38456
38464
38475
38483
38493
38502
38512
38521
38531
38539
38550
38558
38569
38577
38587
38596
38606
38614
38625
38633
38644
38652
38662
38671
38681
38690
38701
38710
38721
38730
38741
38750
38761
38771
38782
38791
38802
38811
38822
38831
38843
38852
38863
38872
38883
38892
38903
38912
38924
38933
38944
38953
38964
38973
38984
38994
39005
39014
39025
39034
39045
39054
39065
39075
39086
39095
39106
39115
39126
39135
39147
39156
39167
39176
39187
39196
39207
39217
39228
39237
39248
39257
39268
39277
39288
39298
39309
39318
39329
39338
39349
39358
39370
39379
39388
39396
39406
39414
39424
39432
39442
39450
39459
39467
39477
39485
39495
39503
39513
39521
39530
39538
39548
39556
39566
39574
39584
39592
39601
39609
39619
39627
39637
39645
39655
39663
39672
39680
39690
39698
39708
39716
39726
39734
39743
39751
39761
39769
39779
39787
39797
39805
39814
39822
39832
39840
39850
39858
39868
39876
39885
39893
39903
39911
39918
39924
39932
39937
39945
39951
39959
39964
39972
39978
39986
39991
39999
40005
40013
40018
40026
40032
40040
40045
40053
40059
40067
40072
40080
40086
40094
40099
40107
40113
40121
40126
40134
40140
40148
40153
40161
40167
40175
40180
40188
40194
40202
40207
40215
40221
40229
40234
40242
40248
40256
40261
40269
40275
40283
40288
40296
40302
40310
40315
40323
40329
40337
40342
40350
40356
40364
40369
40377
40383
40391
40396
40404
40410
40418
40423
40431
40437
40445
40450
40458
40464
40472
40477
40485
40491
40499
40504
40512
40518
40526
40531
40539
40545
40553
40558
40566
40572
40579
40585
40593
40599
40606
40612
40620
40626
40633
40639
40647
40653
40660
40666
40674
40680
40688
40693
40701
40707
40715
40720
40728
40734
40742
40747
40755
40761
40769
40775
40782
40788
40796
40802
40809
40815
40823
40829
40836
40842
40850
40856
40864
40869
40877
40883
40891
40896
40904
40910
40918
40923
40931
40937
40945
40951
40958
40964
40972
40978
40985
40991
40999
41005
41012
41018
41026
41032
41040
41045
41053
41059
41067
41072
41080
41086
41094
41099
41107
41113
41121
41126
41134
41140
41148
41154
41161
41167
41175
41181
41188
41194
41202
41208
41215
41221
41229
41235
41243
41248
41258
41267
41277
41286
41297
41305
41316
41324
41335
41344
41354
41363
41373
41382
41393
41401
41412
41420
41431
41440
41450
41459
41469
41478
41489
41497
41508
41517
41527
41536
41546
41555
41566
41574
41585
41593
41604
41613
41623
41632
41642
41651
41662
41670
41681
41689
41700
41709
41719
41728
41738
41747
41758
41766
41777
41786
41796
41805
41815
41824
41835
41843
41854
41862
41873
41882
41892
41901
41911
41920
41931
41939
41950
41958
41969
41978
41988
41997
42008
42016
42027
42035
42046
42053
42059
42067
42073
42080
42086
42094
42100
42108
42113
42121
42127
42135
42141
42148
42154
42162
42168
42176
42181
42189
42195
42203
42209
42216
42222
42230
42236
42244
42249
42257
42263
42271
42277
42284
42290
42298
42304
42312
42317
42325
42331
42339
42344
42352
42358
42366
42372
42379
42385
42393
42399
42407
42412
42420
42426
42434
42440
42447
42453
42461
42467
42475
42480
42488
42494
42502
42508
42515
42521
42529
42535
42543
42548
42556
42562
42570
42576
42583
42589
42597
42603
42610
42616
42624
42630
42638
42643
42651
42657
42665
42671
42678
42684
42692
42698
42706
42711
42719
42725
42733
42739
42746
42752
42760
42766
42774
42779
42787
42793
42801
42807
42814
42820
42828
42834
42842
42847
42855
42861
42869
42874
42882
42888
42896
42902
42909
42915
42923
42929
42937
42942
42950
42956
42964
42970
42977
42983
42991
42997
43007
43015
43025
43034
43044
43052
43062
43071
43081
43089
43100
43108
43118
43126
43137
43145
43155
43164
43174
43182
43192
43201
43211
43219
43230
43238
43248
43256
43267
43275
43285
43293
43304
43312
43322
43331
43341
43349
43359
43368
43378
43386
43397
43405
43415
43423
43434
43442
43452
43461
43471
43479
43489
43498
43508
43516
43527
43535
43545
43553
43564
43572
43582
43590
43601
43609
43619
43628
43638
43646
43653
43662
43669
43678
43685
43694
43701
43710
43717
43726
43733
43742
43748
43757
43764
43773
43780
43789
43796
43805
43812
43821
43828
43837
43844
43853
43859
43868
43875
43884
43891
43900
43907
43916
43923
43932
43939
43948
43955
43963
43970
43979
43986
43995
44002
44011
44018
44027
44034
44043
44050
44059
44066
44074
44081
44090
44097
44106
44113
44122
44129
44138
44145
44154
44162
44169
44178
44185
44194
44201
44210
44217
44226
44233
44242
44249
44257
44264
44273
44280
44289
44296
44305
44312
44321
44328
44337
44344
44353
44359
44368
44375
44384
44391
44400
44407
44416
44423
44432
44439
44448
44454
44463
44470
44479
44486
44495
44502
44511
44518
44527
44534
44543
44550
44558
44565
44574
44581
44590
44597
44606
44613
44622
44629
44638
44645
44654
44660
44669
44676
44685
44692
44701
44708
44717
44724
44733
44740
44749
44755
44764
44771
44780
44787
44796
44803
44812
44819
44828
44835
44844
44851
44859
44866
44875
44882
44891
44898
44907
44914
44923
44930
44939
44946
44954
44961
44970
44977
44986
44993
45002
45009
45018
45026
45033
45041
45048
45056
45063
45071
45078
45086
45093
45101
45108
45116
45123
45131
45138
45146
45153
45161
45168
45176
45183
45192
45198
45207
45213
45222
45228
45237
45243
45252
45258
45267
45273
45282
45288
45297
45303
45312
45318
45327
45333
45342
45349
45357
45364
45372
45379
45387
45394
45402
45409
45417
45424
45432
45439
45447
45454
45462
45469
45477
45484
45492
45499
45508
45514
45523
45529
45538
45544
45553
45559
45568
45574
45583
45589
45598
45604
45613
45619
45628
45634
45643
45649
45658
45665
45673
45680
45688
45695
45703
45710
45718
45725
45733
45740
45748
45755
45763
45770
45778
45785
45793
45800
45808
45815
45824
45831
45840
45847
45856
45863
45872
45879
45888
45895
45904
45911
45920
45927
45936
45943
45952
45959
45968
45975
45984
45991
46000
46007
46016
46023
46032
46039
46048
46054
46063
46070
46079
46086
46095
46102
46111
46118
46127
46134
46143
46150
46159
46166
46175
46182
46191
46198
46207
46214
46223
46230
46239
46246
46255
46262
46271
46278
46287
46294
46302
46309
46318
46325
46334
46341
46350
46357
46366
46373
46382
46389
46398
46405
46414
46421
46430
46437
46446
46453
46462
46469
46478
46485
46494
46501
46510
46518
46524
46532
46538
46546
46553
46561
46567
46575
46581
46589
46596
46604
46610
46618
46624
46633
46639
46647
46653
46661
46667
46676
46682
46690
46696
46704
46710
46719
46725
46733
46739
46747
46754
46762
46768
46776
46782
46790
46797
46805
46811
46819
46825
46833
46840
46848
46854
46862
46868
46877
46883
46891
46897
46905
46911
46920
46926
46934
46940
46948
46954
46963
46969
46977
46983
46991
46998
47006
47012
47020
47026
47034
47041
47049
47055
47063
47069
47077
47084
47092
47098
47106
47112
47121
47127
47135
47141
47149
47155
47164
47170
47178
47184
47192
47198
47207
47213
47221
47227
47235
47242
47250
47261
47270
47281
47290
47301
47310
47322
47331
47342
47351
47362
47371
47382
47392
47403
47412
47423
47432
47443
47452
47464
47473
47484
47493
47504
47513
47524
47534
47545
47554
47565
47574
47585
47594
47606
47615
47626
47635
47646
47655
47666
47676
47687
47696
47707
47716
47727
47736
47748
47757
47768
47777
47788
47797
47808
47818
47829
47838
47849
47858
47869
47878
47890
47899
47910
47919
47930
47939
47950
47960
47971
47980
47991
48000
48011
48019
48025
48034
48040
48048
48055
48063
48069
48078
48084
48092
48099
48107
48113
48122
48128
48136
48143
48151
48157
48166
48172
48180
48187
48195
48201
48210
48216
48224
48231
48239
48245
48254
48260
48268
48275
48283
48289
48298
48304
48312
48319
48327
48333
48342
48348
48356
48363
48371
48377
48386
48392
48400
48407
48415
48421
48430
48436
48444
48451
48459
48465
48474
48480
48488
48495
48503
48509
48518
48524
48532
48539
48547
48553
48562
48568
48576
48583
48591
48597
48606
48612
48620
48627
48635
48641
48650
48656
48664
48671
48679
48685
48694
48700
48708
48715
48723
48729
48738
48744
48752
48759
48767
48773
48782
48788
48796
48803
48811
48817
48824
48830
48838
48844
48852
48858
48865
48871
48879
48885
48893
48899
48907
48913
48919
48927
48933
48941
48947
48955
48961
48967
48975
48981
48989
48995
49003
49009
49015
49023
49029
49037
49043
49051
49057
49063
49071
49077
49085
49091
49099
49105
49111
49119
49125
49133
49139
49147
49153
49159
49167
49173
49181
49187
49195
49201
49207
49215
49221
49229
49235
49243
49249
49255
49263
49269
49277
49283
49291
49297
49303
49311
49317
49325
49331
49339
49345
49351
49359
49365
49373
49379
49387
49393
49399
49407
49413
49421
49427
49435
49441
49447
49455
49461
49469
49475
49483
49489
49495
49503
49509
49517
49523
49531
49537
49543
49551
49557
49565
49571
49579
49585
49591
49599
49605
49613
49619
49627
49633
49639
49647
49653
49661
49667
49675
49681
49687
49695
49702
49711
49718
49726
49733
49742
49749
49757
49764
49773
49780
49789
49795
49804
49811
49820
49826
49835
49842
49851
49857
49866
49873
49882
49889
49897
49904
49913
49920
49928
49935
49944
49951
49960
49966
49975
49982
49991
49997
50006
50013
50022
50028
50037
50044
50053
50060
50068
50075
50084
50091
50099
50106
50115
50122
50131
50137
50146
50155
50163
50173
50181
50191
50199
50209
50217
50227
50235
50244
50252
50262
50270
50280
50288
50298
50306
50316
50324
50333
50341
50351
50359
50369
50377
50387
50395
50405
50413
50422
50430
50440
50448
50458
50466
50476
50484
50494
50502
50511
50519
50529
50537
50547
50555
50565
50573
50583
50591
50601
50608
50618
50626
50636
50644
50654
50662
50672
50680
50690
50697
50707
50715
50725
50733
50743
50751
50761
50769
50779
50786
50796
50804
50814
50822
50832
50840
50850
50858
50868
50875
50885
50893
50903
50911
50921
50929
50939
50947
50957
50964
50974
50982
50988
50996
51002
51011
51017
51025
51031
51039
51046
51054
51060
51068
51075
51083
51089
51097
51103
51112
51118
51126
51132
51141
51147
51155
51161
51169
51176
51184
51190
51198
51205
51213
51219
51227
51233
51242
51248
51256
51262
51271
51277
51285
51291
51299
51306
51314
51320
51328
51335
51343
51349
51357
51363
51372
51378
51386
51392
51400
51407
51415
51421
51429
51436
51444
51452
51458
51467
51473
51482
51488
51497
51503
51511
51518
51526
51533
51541
51548
51556
51563
51571
51577
51586
51592
51601
51607
51616
51622
51631
51637
51645
51652
51660
51667
51675
51682
51690
51697
51705
51711
51720
51726
51735
51741
51750
51756
51765
51771
51779
51786
51794
51801
51809
51816
51824
51831
51839
51845
51854
51860
51869
51875
51884
51890
51899
51905
51913
51920
51927
51933
51941
51947
51955
51961
51969
51975
51983
51989
51996
52002
52010
52016
52024
52030
52038
52044
52052
52058
52065
52071
52079
52085
52093
52099
52107
52113
52121
52127
52134
52140
52148
52154
52162
52168
52176
52182
52190
52196
52203
52209
52217
52223
52231
52237
52245
52251
52259
52265
52272
52278
52286
52292
52300
52306
52314
52320
52328
52334
52341
52347
52355
52361
52369
52375
52383
52389
52397
52403
52410
52416
52424
52430
52438
52445
52451
52459
52465
52473
52478
52486
52492
52500
52506
52513
52519
52527
52533
52541
52546
52554
52560
52568
52574
52581
52587
52595
52601
52609
52614
52622
52628
52636
52642
52650
52655
52663
52669
52677
52683
52690
52696
52704
52710
52718
52723
52731
52737
52745
52751
52758
52764
52772
52778
52786
52791
52799
52805
52813
52819
52826
52832
52840
52846
52854
52860
52867
52873
52881
52887
52895
52900
52908
52914
52922
52928
52935
52941
52949
52955
52963
52968
52976
52982
52990
52996
53003
53009
53017
53023
53031
53036
53044
53050
53058
53064
53072
53077
53085
53091
53099
53105
53112
53118
53126
53132
53140
53145
53153
53159
53167
53173
53180
53186
53194
53200
53208
53215
53224
53231
53240
53247
53256
53262
53271
53278
53287
53294
53303
53310
53318
53325
53334
53341
53350
53357
53366
53372
53381
53388
53397
53404
53413
53420
53428
53435
53444
53451
53460
53467
53476
53482
53491
53498
53507
53514
53523
53530
53538
53545
53554
53561
53570
53577
53586
53592
53601
53608
53617
53624
53633
53640
53648
53655
53664
53671
53680
53687
53696
53702
53711
53718
53727
53734
53743
53750
53758
53765
53774
53781
53790
53797
53806
53812
53821
53828
53837
53844
53853
53860
53868
53875
53884
53891
53900
53907
53916
53922
53931
53938
53947
53954
53963
53970
53978
53985
53994
54001
54010
54017
54026
54033
54041
54048
54057
54064
54073
54080
54089
54095
54104
54115
54124
54135
54144
54155
54164
54175
54184
54195
54204
54215
54224
54235
54245
54256
54265
54276
54285
54296
54305
54316
54325
54336
54345
54356
54365
54377
54386
54397
54406
54417
54426
54437
54446
54457
54466
54477
54486
54497
54507
54518
54527
54538
54547
54558
54567
54578
54587
54598
54607
54618
54627
54639
54648
54659
54668
54679
54688
54699
54708
54719
54728
54739
54748
54759
54768
54780
54789
54800
54809
54820
54829
54840
54849
54860
54869
54880
54889
54899
54908
54918
54927
54938
54946
54957
54966
54976
54985
54996
55004
55015
55023
55034
55043
55053
55062
55073
55081
55092
55101
55111
55120
55130
55139
55150
55158
55169
55178
55188
55197
55208
55216
55227
55235
55246
55255
55265
55274
55285
55293
55304
55313
55323
55332
55343
55351
55362
55370
55381
55390
55400
55409
55420
55428
55439
55448
55458
55467
55477
55486
55497
55505
55516
55525
55535
55544
55555
55563
55574
55582
55593
55602
55612
55621
55632
55640
55651
55660
55670
55679
55689
55698
55709
55717
55728
55737
55747
55756
55763
55773
55780
55789
55797
55806
55813
55823
55830
55839
55847
55856
55863
55873
55880
55890
55897
55906
55914
55923
55930
55940
55947
55956
55964
55973
55980
55990
55997
56007
56014
56023
56031
56040
56047
56057
56064
56073
56081
56090
56097
56107
56114
56124
56131
56140
56148
56157
56164
56174
56181
56190
56198
56207
56214
56224
56231
56241
56248
56257
56265
56274
56281
56291
56298
56307
56315
56324
56331
56341
56348
56358
56365
56374
56382
56391
56398
56408
56415
56424
56432
56441
56448
56458
56465
56475
56482
56491
56499
56508
56515
56524
56531
56540
56547
56557
56564
56573
56580
56589
56596
56606
56613
56622
56629
56638
56645
56655
56662
56671
56678
56687
56694
56704
56711
56720
56727
56736
56743
56753
56760
56769
56776
56785
56792
56802
56809
56818
56825
56834
56841
56851
56858
56867
56874
56883
56890
56899
56907
56916
56923
56932
56939
56948
56956
56965
56972
56981
56988
56997
57005
57014
57021
57030
57037
57046
57054
57063
57070
57079
57086
57095
57103
57112
57119
57128
57135
57144
57152
57161
57168
57177
57184
57193
57201
57210
57217
57226
57233
57242
57250
57259
57266
57275
57282
57291
57299
57307
57316
57323
57332
57339
57348
57356
57365
57372
57381
57388
57397
57405
57413
57419
57427
57433
57441
57447
57455
57461
57469
57475
57483
57489
57497
57503
57511
57517
57525
57531
57539
57545
57553
57559
57567
57573
57581
57587
57595
57601
57609
57616
57624
57630
57638
57644
57652
57658
57666
57672
57680
57686
57694
57700
57708
57714
57722
57728
57736
57742
57750
57756
57764
57770
57778
57784
57792
57798
57806
57812
57821
57827
57835
57841
57849
57855
57863
57869
57877
57883
57891
57897
57905
57911
57919
57925
57933
57939
57947
57953
57961
57967
57975
57981
57989
57995
58003
58009
58017
58023
58032
58038
58046
58052
58060
58066
58074
58080
58088
58094
58102
58108
58116
58122
58130
58136
58144
58150
58158
58164
58172
58178
58186
58192
58200
58206
58214
58220
58228
58235
58243
58249
58257
58263
58271
58277
58285
58291
58299
58305
58313
58319
58327
58333
58341
58347
58355
58361
58369
58375
58383
58389
58397
58403
58411
58417
58426
58432
58440
58446
58454
58461
58469
58475
58483
58490
58498
58504
58512
58518
58527
58533
58541
58547
58555
58562
58570
58576
58584
58591
58599
58605
58613
58619
58628
58634
58642
58648
58656
58663
58671
58677
58685
58692
58700
58706
58714
58720
58729
58735
58743
58749
58758
58764
58772
58778
58786
58793
58801
58807
58815
58821
58830
58836
58844
58850
58859
58865
58873
58879
58887
58894
58902
58908
58916
58922
58931
58937
58945
58951
58960
58966
58974
58980
58988
58995
59003
59009
59017
59023
59032
59038
59046
59052
59061
59067
59075
59081
59089
59096
59104
59110
59118
59127
59135
59145
59153
59163
59171
59181
59189
59199
59207
59216
59224
59234
59242
59252
59260
59270
59278
59288
59296
59305
59313
59323
59331
59341
59349
59359
59367
59377
59385
59394
59402
59412
59420
59430
59438
59448
59456
59466
59474
59483
59491
59501
59509
59519
59527
59537
59545
59555
59563
59573
59580
59590
59598
59608
59616
59626
59634
59644
59652
59662
59669
59679
59687
59697
59705
59715
59723
59733
59741
59751
59758
59768
59776
59786
59794
59800
59808
59814
59823
59829
59837
59843
59851
59858
59866
59872
59880
59886
59895
59901
59909
59915
59923
59930
59938
59944
59952
59958
59967
59973
59981
59987
59996
60002
60010
60016
60024
60031
60039
60045
60053
60059
60068
60074
60082
60088
60096
60103
60111
60117
60125
60131
60140
60146
60154
60160
60168
60175
60183
60189
60197
60204
60212
60218
60226
60232
60241
60247
60255
60261
60269
60276
60284
60290
60298
60304
60313
60319
60327
60333
60341
60348
60356
60362
60370
60376
60385
60391
60399
60405
60414
60420
60428
60434
60442
60449
60457
60465
60471
60479
60486
60494
60500
60509
60515
60523
60529
60538
60544
60552
60559
60567
60573
60581
60588
60596
60602
60611
60617
60625
60631
60640
60646
60654
60661
60669
60675
60684
60690
60698
60704
60713
60719
60727
60734
60742
60748
60756
60763
60771
60777
60786
60792
60800
60806
60815
60821
60829
60836
60844
60850
60858
60865
60873
60879
60888
60894
60902
60909
60917
60923
60931
60938
60946
60952
60961
60967
60975
60981
60990
60996
61004
61011
61019
61025
61033
61040
61048
61054
61063
61069
61077
61083
61092
61098
61106
61113
61121
61127
61136
61142
61150
61156
61165
61171
61179
61186
61194
61200
61208
61215
61223
61229
61238
61244
61252
61258
61267
61273
61281
61288
61296
61303
61309
61317
61323
61331
61337
61345
61351
61359
61365
61373
61379
61387
61393
61401
61407
61415
61421
61429
61435
61443
61449
61457
61463
61471
61477
61485
61491
61499
61505
61513
61519
61527
61533
61541
61547
61555
61561
61569
61575
61583
61589
61597
61603
61611
61617
61625
61631
61639
61645
61653
61659
61667
61673
61681
61687
61695
61701
61709
61715
61723
61729
61737
61743
61751
61757
61765
61771
61779
61785
61793
61799
61807
61813
61821
61827
61835
61841
61849
61855
61863
61869
61877
61883
61891
61897
61905
61911
61919
61925
61933
61939
61947
61953
61961
61967
61975
61981
61989
61995
62003
62009
62017
62023
62031
62038
62046
62053
62061
62068
62077
62083
62092
62098
62107
62113
62122
62129
62137
62144
62152
62159
62167
62174
62183
62189
62198
62204
62213
62219
62228
62235
62243
62250
62258
62265
62273
62280
62289
62295
62304
62310
62319
62326
62334
62341
62349
62356
62364
62371
62380
62386
62395
62401
62410
62416
62425
62432
62440
62447
62455
62462
62470
62477
62486
62492
62501
62507
62516
62523
62530
62539
62545
62554
62560
62569
62576
62584
62591
62599
62606
62616
62624
62635
62643
62653
62662
62672
62680
62691
62699
62710
62718
62728
62737
62747
62755
62766
62774
62784
62793
62803
62812
62822
62830
62841
62849
62859
62868
62878
62887
62897
62905
62916
62924
62934
62943
62953
62961
62972
62980
62991
62999
63009
63018
63028
63036
63047
63055
63066
63074
63084
63093
63103
63111
63122
63130
63140
63149
63159
63168
63178
63186
63197
63207
63216
63226
63235
63246
63254
63265
63274
63284
63293
63304
63312
63323
63332
63342
63351
63362
63370
63381
63390
63400
63409
63420
63428
63439
63448
63458
63467
63478
63486
63497
63506
63516
63525
63536
63544
63555
63564
63574
63583
63594
63602
63613
63622
63632
63641
63652
63660
63671
63680
63690
63699
63710
63720
63728
63738
63746
63757
63765
63775
63783
63793
63802
63812
63820
63830
63838
63849
63857
63867
63875
63885
63894
63904
63912
63922
63931
63941
63949
63959
63967
63978
63986
63996
64004
64014
64023
64033
64041
64051
64059
64070
64078
64088
64096
64107
64115
64125
64133
64143
64152
64162
64170
64180
64188
64199
64206
64212
64220
64226
64234
64240
64248
64254
64262
64268
64276
64282
64290
64296
64304
64310
64318
64324
64332
64338
64346
64352
64360
64366
64374
64380
64388
64394
64402
64408
64416
64422
64430
64436
64444
64450
64458
64464
64472
64478
64486
64492
64500
64506
64514
64520
64528
64534
64542
64548
64556
64562
64570
64576
64584
64590
64598
64604
64612
64618
64626
64632
64640
64646
64654
64660
64668
64674
64682
64688
64696
64702
64710
64716
64724
64730
64738
64744
64752
64758
64766
64775
64782
64791
64798
64807
64814
64823
64830
64839
64846
64855
64862
64871
64878
64887
64894
64903
64910
64919
64926
64935
64942
64951
64958
64967
64974
64984
64991
65000
65007
65016
65023
65032
65039
65048
65055
65064
65071
65080
65087
65096
65103
65112
65119
65128
65135
65144
65151
65160
65167
65176
65183
65192
65200
65209
65216
65225
65232
65241
65248
65257
65264
65273
65280
65289
65296
65305
65312
65321
65328
65337
65344
65353
65360
65369
65376
65385
65392
65401
65409
65418
65425
65434
65441
65450
65457
65466
65473
65482
65489
65498
65505
65514
65521
65530
65537
65546
65553
65562
65569
65578
65585
65594
65601
65610
65617
65627
65634
65643
65653
65661
65672
65680
65691
65699
65709
65718
65728
65737
65747
65756
65766
65774
65785
65793
65804
65812
65823
65831
65841
65850
65860
65869
65879
65888
65898
65906
65917
65925
65936
65944
65955
65963
65973
65982
65992
66001
66011
66020
66030
66038
66049
66057
66068
66076
66087
66095
66105
66114
66124
66133
66143
66152
66162
66170
66181
66189
66200
66208
66219
66227
66237
66246
66256
66265
66275
66284
66294
66302
66313
66321
66332
66340
66350
66359
66369
66378
66388
66397
66405
66411
66420
66426
66434
66441
66449
66456
66464
66470
66479
66485
66493
66500
66508
66515
66523
66529
66538
66544
66553
66559
66567
66574
66582
66589
66596
66604
66611
66619
66625
66634
66640
66649
66655
66663
66670
66678
66685
66692
66700
66707
66715
66721
66730
66736
66745
66751
66759
66766
66774
66781
66788
66796
66803
66811
66817
66826
66832
66841
66847
66855
66862
66870
66877
66884
66892
66899
66907
66913
66922
66928
66937
66943
66951
66958
66966
66973
66980
66988
66995
67003
67009
67018
67024
67033
67039
67047
67054
67062
67069
67076
67084
67094
67102
67112
67120
67130
67139
67149
67157
67167
67175
67186
67194
67204
67212
67222
67231
67241
67249
67259
67267
67278
67286
67296
67304
67314
67323
67333
67341
67351
67359
67370
67378
67388
67396
67406
67415
67425
67433
67443
67451
67462
67470
67480
67488
67498
67506
67517
67525
67535
67543
67553
67562
67572
67580
67590
67598
67609
67617
67627
67635
67645
67654
67664
67672
67682
67690
67701
67709
67719
67727
67737
67746
67756
67764
67774
67782
67791
67798
67807
67814
67824
67831
67840
67847
67856
67864
67873
67880
67889
67896
67906
67913
67922
67929
67939
67946
67955
67962
67971
67979
67988
67995
68004
68011
68021
68028
68037
68044
68054
68061
68070
68077
68086
68094
68103
68110
68119
68126
68136
68143
68152
68159
68169
68176
68185
68192
68201
68209
68218
68225
68234
68241
68251
68258
68267
68274
68284
68291
68300
68307
68316
68324
68333
68340
68349
68356
68366
68373
68382
68389
68399
68406
68415
68422
68431
68439
68448
68455
68464
68471
68481
68488
68497
68504
68514
68521
68530
68537
68546
68554
68563
68570
68579
68586
68596
68603
68612
68619
68628
68636
68645
68652
68661
68669
68678
68685
68694
68702
68711
68719
68729
68736
68746
68754
68763
68771
68781
68788
68798
68806
68815
68823
68832
68840
68850
68857
68867
68875
68884
68892
68902
68909
68919
68927
68936
68944
68954
68961
68971
68978
68988
68996
69005
69013
69023
69030
69040
69048
69057
69065
69075
69082
69092
69099
69109
69117
69126
69134
69144
69151
69161
69169
69178
69186
69196
69203
69213
69221
69230
69238
69247
69255
69265
69272
69280
69287
69295
69302
69310
69317
69325
69332
69341
69347
69356
69362
69371
69377
69386
69393
69401
69408
69416
69423
69431
69438
69447
69453
69462
69468
69477
69483
69492
69499
69507
69514
69522
69529
69537
69544
69553
69559
69568
69574
69583
69589
69598
69605
69613
69620
69628
69635
69643
69650
69659
69665
69674
69680
69689
69695
69704
69711
69719
69726
69734
69741
69749
69756
69765
69771
69780
69786
69795
69801
69810
69817
69825
69832
69840
69847
69855
69862
69871
69877
69886
69892
69901
69907
69916
69923
69931
69938
69946
69953
69961
69968
69977
69983
69992
69998
70007
70013
70022
70029
70037
70044
70052
70059
70070
70079
70091
70100
70111
70121
70132
70142
70153
70162
70174
70183
70195
70204
70215
70225
70236
70246
70257
70266
70278
70287
70299
70308
70319
70329
70340
70350
70361
70370
70382
70391
70403
70412
70423
70433
70444
70454
70465
70474
70486
70495
70507
70516
70527
70537
70548
70558
70569
70578
70590
70599
70611
70620
70631
70641
70652
70662
70673
70682
70694
70703
70715
70724
70735
70745
70756
70766
70777
70786
70798
70807
70819
70828
70839
70849
70860
70870
70881
70890
70902
70911
70923
70932
70943
70953
70964
70972
70979
70988
70995
71004
71011
71020
71027
71036
71043
71052
71059
71068
71075
71083
71090
71099
71106
71115
71122
71131
71138
71147
71154
71163
71170
71179
71186
71195
71201
71210
71217
71226
71233
71242
71249
71258
71265
71274
71281
71290
71297
71306
71312
71321
71328
71337
71344
71353
71360
71369
71376
71385
71392
71401
71408
71417
71424
71432
71439
71448
71455
71464
71471
71480
71487
71496
71503
71512
71519
71528
71535
71543
71550
71559
71566
71575
71582
71591
71598
71607
71614
71623
71630
71639
71646
71655
71661
71670
71677
71686
71693
71702
71709
71718
71725
71734
71741
71750
71757
71766
71772
71781
71788
71797
71804
71813
71820
71829
71836
71845
71853
71862
71870
71880
71887
71897
71904
71914
71922
71931
71939
71948
71956
71966
71973
71983
71990
72000
72008
72017
72025
72034
72042
72052
72059
72069
72077
72086
72094
72103
72111
72121
72128
72138
72145
72155
72163
72172
72180
72189
72197
72207
72214
72224
72231
72241
72249
72258
72266
72276
72283
72293
72300
72310
72318
72327
72335
72344
72352
72362
72369
72379
72386
72396
72405
72413
72422
72430
72439
72447
72456
72464
72473
72481
72490
72498
72507
72515
72524
72532
72541
72549
72558
72566
72575
72583
72592
72600
72609
72617
72626
72634
72643
72651
72660
72668
72677
72685
72694
72702
72711
72719
72728
72736
72745
72753
72762
72770
72779
72787
72796
72804
72813
72821
72830
72838
72847
72855
72864
72872
72881
72889
72898
72906
72915
72923
72932
72940
72949
72957
72966
72974
72983
72991
73000
73008
73017
73025
73034
73042
73051
73059
73068
73076
73085
73093
73102
73110
73119
73127
73136
73144
73153
73161
73170
73178
73185
73191
73199
73205
73213
73219
73227
73233
73241
73247
73255
73261
73269
73275
73283
73289
73297
73303
73311
73317
73325
73331
73339
73345
73353
73359
73367
73373
73381
73387
73395
73401
73409
73415
73423
73429
73437
73443
73451
73457
73465
73471
73478
73484
73492
73498
73506
73512
73520
73526
73534
73540
73548
73554
73562
73568
73576
73582
73590
73596
73604
73610
73618
73624
73632
73638
73646
73652
73660
73666
73674
73680
73688
73694
73702
73708
73716
73722
73730
73736
73744
73750
73758
73764
73772
73778
73784
73792
73798
73806
73812
73820
73826
73834
73840
73848
73854
73862
73868
73876
73882
73890
73896
73904
73910
73918
73924
73932
73938
73947
73954
73964
73971
73980
73988
73997
74004
74014
74021
74030
74038
74047
74054
74064
74071
74080
74088
74097
74105
74114
74121
74131
74138
74147
74155
74164
74171
74181
74188
74197
74205
74214
74221
74231
74238
74247
74255
74264
74272
74281
74288
74298
74305
74314
74322
74331
74338
74348
74355
74364
74372
74381
74388
74398
74405
74414
74422
74431
74439
74448
74455
74465
74472
74481
74489
74498
74505
74515
74522
74531
74539
74548
74555
74565
74572
74582
74589
74598
74606
74615
74622
74632
74639
74648
74656
74665
74672
74682
74689
74698
74706
74715
74726
74735
74747
74756
74767
74777
74788
74798
74809
74818
74830
74839
74851
74860
74871
74881
74892
74902
74913
74922
74934
74943
74954
74964
74975
74985
74996
75005
75017
75026
75038
75047
75058
75068
75079
75089
75100
75109
75121
75130
75141
75151
75162
75172
75183
75192
75204
75213
75225
75234
75245
75255
75266
75276
75287
75296
75308
75317
75328
75337
75344
75353
75360
75370
75377
75386
75393
75402
75410
75419
75426
75435
75442
75452
75459
75468
75475
75485
75492
75501
75508
75517
75525
75534
75541
75550
75557
75567
75574
75583
75590
75600
75607
75616
75623
75632
75640
75649
75656
75665
75672
75682
75689
75698
75705
75715
75722
75731
75738
75747
75755
75764
75771
75780
75787
75797
75804
75813
75820
75830
75838
75844
75852
75858
75866
75872
75880
75887
75895
75901
75909
75915
75923
75929
75937
75944
75952
75958
75966
75972
75980
75986
75994
76001
76009
76015
76023
76029
76037
76043
76051
76058
76066
76072
76080
76086
76094
76100
76108
76115
76123
76129
76137
76143
76151
76157
76165
76172
76180
76186
76194
76200
76208
76214
76222
76229
76237
76243
76251
76257
76265
76271
76279
76286
76294
76300
76308
76314
76322
76328
76336
76343
76351
76357
76365
76371
76379
76385
76393
76400
76408
76414
76422
76428
76436
76442
76450
76457
76465
76471
76479
76485
76493
76499
76507
76514
76522
76528
76536
76542
76550
76556
76564
76571
76579
76585
76593
76599
76607
76613
76621
76628
76636
76642
76650
76659
76666
76676
76683
76693
76700
76709
76717
76726
76734
76743
76751
76760
76767
76777
76784
76794
76801
76810
76818
76827
76835
76844
76852
76861
76868
76878
76885
76895
76902
76912
76919
76928
76936
76945
76953
76962
76970
76978
76987
76995
77004
77012
77021
77028
77038
77045
77055
77062
77072
77079
77088
77096
77105
77113
77122
77130
77138
77147
77155
77164
77172
77181
77188
77198
77205
77215
77222
77232
77239
77248
77256
77265
77273
77282
77290
77298
77307
77315
77324
77332
77341
77348
77358
77365
77375
77382
77392
77399
77408
77416
77425
77433
77442
77450
77458
77467
77475
77484
77492
77501
77508
77516
77522
77530
77536
77545
77551
77559
77565
77574
77580
77588
77594
77603
77609
77617
77623
77632
77638
77646
77652
77661
77667
77675
77681
77690
77696
77704
77710
77719
77725
77733
77739
77748
77754
77762
77768
77777
77783
77791
77797
77806
77812
77820
77826
77835
77841
77849
77855
77864
77870
77878
77884
77893
77899
77907
77913
77922
77928
77936
77942
77951
77957
77965
77971
77980
77986
77994
78000
78008
78015
78023
78029
78037
78044
78052
78062
78070
78080
78088
78098
78106
78116
78124
78134
78142
78152
78160
78170
78178
78188
78196
78206
78214
78224
78232
78242
78250
78260
78268
78278
78286
78296
78304
78314
78322
78332
78340
78350
78358
78368
78376
78386
78394
78404
78412
78422
78430
78440
78448
78459
78467
78477
78485
78495
78503
78513
78521
78531
78539
78549
78557
78567
78575
78585
78593
78603
78611
78621
78629
78639
78647
78657
78667
78676
78687
78696
78707
78716
78727
78736
78747
78756
78767
78776
78787
78796
78807
78816
78827
78836
78847
78856
78867
78876
78887
78896
78907
78916
78927
78936
78947
78956
78967
78976
78987
78996
79007
79016
79027
79036
79047
79056
79066
79075
79086
79095
79106
79115
79126
79135
79142
79151
79158
79167
79174
79183
79190
79199
79206
79215
79222
79231
79238
79247
79254
79263
79270
79279
79286
79295
79302
79311
79318
79327
79334
79343
79350
79359
79366
79375
79383
79392
79399
79408
79415
79424
79431
79440
79447
79456
79463
79472
79479
79488
79495
79504
79511
79520
79527
79536
79543
79552
79559
79568
79575
79584
79591
79600
79607
79616
79623
79633
79640
79649
79656
79665
79672
79681
79688
79697
79705
79715
79723
79733
79741
79751
79759
79769
79777
79787
79794
79804
79812
79822
79830
79840
79848
79858
79866
79876
79884
79894
79901
79911
79919
79929
79937
79947
79955
79965
79973
79983
79991
80001
80008
80018
80026
80036
80044
80054
80062
80072
80080
80090
80098
80108
80115
80125
80133
80143
80151
80161
80169
80179
80187
80197
80205
80215
80222
80232
80240
80250
80258
80268
80276
80286
80294
80304
80312
80321
80329
80339
80347
80357
80365
80375
80383
80393
80401
80411
80419
80428
80436
80446
80454
80464
80472
80482
80490
80500
80511
80520
80531
80540
80551
80561
80572
80581
80592
80601
80613
80622
80633
80642
80653
80662
80674
80683
80694
80703
80714
80724
80735
80744
80755
80764
80776
80785
80796
80805
80816
80825
80837
80846
80857
80866
80877
80887
80898
80907
80918
80927
80939
80948
80959
80968
80979
80988
81000
81009
81020
81029
81040
81050
81061
81070
81081
81090
81102
81111
81122
81131
81142
81151
81158
81164
81172
81178
81185
81191
81199
81205
81213
81218
81226
81232
81240
81246
81253
81259
81267
81273
81281
81286
81294
81300
81308
81313
81321
81327
81335
81341
81348
81354
81362
81368
81376
81381
81389
81395
81403
81409
81416
81422
81430
81436
81444
81449
81457
81463
81471
81476
81484
81490
81498
81504
81511
81517
81525
81531
81539
81544
81552
81558
81566
81572
81579
81585
81593
81599
81607
81612
81620
81626
81634
81639
81648
81655
81664
81672
81681
81688
81698
81705
81714
81722
81731
81738
81747
81755
81764
81771
81781
81788
81797
81805
81814
81821
81831
81838
81847
81854
81864
81871
81880
81888
81897
81904
81914
81921
81930
81937
81947
81954
81963
81971
81980
81987
81997
82004
82013
82021
82030
82037
82046
82054
82063
82070
82080
82087
82096
82104
82113
82120
82129
82137
82146
82153
82163
82170
82179
82187
82196
82203
82213
82220
82229
82236
82246
82253
82262
82270
82279
82286
82294
82301
82310
82316
82325
82332
82340
82347
82356
82362
82371
82378
82386
82393
82402
82409
82417
82424
82433
82439
82448
82455
82463
82470
82479
82486
82493
82502
82509
82517
82524
82533
82539
82548
82555
82563
82570
82579
82586
82593
82602
82609
82617
82624
82633
82639
82648
82655
82663
82670
82679
82686
82693
82702
82709
82717
82724
82733
82739
82748
82755
82763
82770
82779
82786
82793
82802
82809
82817
82824
82835
82844
82856
82865
82876
82886
82897
82907
82918
82927
82939
82948
82960
82969
82980
82990
83001
83011
83022
83031
83043
83052
83064
83073
83084
83094
83105
83115
83126
83135
83147
83156
83168
83177
83188
83198
83209
83219
83230
83239
83251
83260
83272
83281
83292
83302
83313
83323
83334
83343
83355
83364
83376
83385
83396
83406
83417
83427
83438
83447
83459
83468
83480
83489
83500
83510
83521
83531
83542
83551
83563
83572
83584
83593
83604
83614
83625
83635
83646
83655
83667
83676
83688
83697
83708
83718
83729
83738
83745
83754
83761
83770
83777
83786
83793
83803
83810
83819
83826
83835
83842
83851
83858
83868
83875
83884
83891
83900
83907
83916
83923
83932
83940
83949
83956
83965
83972
83981
83988
83997
84005
84014
84021
84030
84037
84046
84053
84062
84070
84079
84086
84095
84102
84111
84118
84127
84134
84144
84151
84160
84167
84176
84183
84192
84199
84209
84216
84225
84232
84241
84248
84257
84264
84273
84281
84290
84297
84306
84313
84322
84329
84338
84346
84352
84361
84367
84376
84382
84390
84397
84405
84412
84420
84426
84435
84441
84450
84456
84465
84471
84479
84486
84494
84501
84509
84515
84524
84530
84539
84545
84553
84560
84568
84575
84583
84590
84598
84604
84613
84619
84628
84634
84642
84649
84657
84664
84672
84678
84687
84693
84702
84708
84717
84723
84731
84738
84746
84753
84761
84767
84776
84782
84791
84797
84805
84812
84821
84829
84838
84846
84856
84863
84873
84881
84890
84898
84907
84915
84925
84932
84942
84950
84959
84967
84976
84984
84994
85001
85011
85019
85028
85036
85045
85053
85063
85070
85080
85088
85097
85105
85114
85122
85132
85139
85149
85157
85166
85174
85183
85191
85201
85208
85218
85226
85235
85243
85252
85260
85270
85277
85287
85295
85304
85312
85321
85329
85339
85346
85356
85364
85373
85381
85391
85398
85408
85415
85425
85433
85440
85448
85455
85464
85470
85479
85486
85494
85501
85509
85516
85525
85531
85540
85547
85555
85562
85570
85577
85586
85592
85601
85608
85616
85623
85631
85638
85647
85653
85662
85669
85677
85684
85693
85699
85708
85714
85723
85730
85738
85745
85754
85760
85769
85775
85784
85791
85799
85806
85815
85821
85830
85836
85845
85852
85860
85867
85876
85882
85891
85897
85906
85913
85921
85928
85937
85943
85952
85959
85967
85974
85982
85989
85998
86004
86013
86020
86028
86035
86043
86050
86059
86065
86074
86081
86089
86096
86104
86111
86120
86126
86135
86142
86150
86157
86164
86170
86178
86184
86192
86198
86206
86211
86219
86225
86233
86239
86247
86253
86261
86266
86274
86280
86288
86294
86302
86308
86316
86321
86329
86335
86343
86349
86357
86363
86371
86376
86384
86390
86398
86404
86412
86418
86426
86431
86439
86445
86453
86459
86467
86473
86481
86486
86494
86500
86508
86514
86522
86528
86536
86541
86549
86555
86563
86569
86577
86583
86590
86596
86604
86610
86618
86624
86632
86638
86645
86651
86659
86666
86675
86682
86691
86698
86707
86714
86722
86729
86738
86745
86754
86761
86770
86777
86786
86792
86801
86808
86817
86824
86833
86840
86849
86855
86864
86871
86880
86887
86896
86903
86912
86919
86927
86934
86943
86950
86959
86966
86975
86982
86991
86997
87006
87013
87022
87029
87038
87045
87054
87060
87069
87076
87085
87092
87101
87108
87117
87124
87132
87139
87148
87155
87164
87171
87180
87187
87197
87205
87215
87224
87234
87242
87252
87261
87271
87279
87289
87298
87308
87316
87326
87335
87345
87353
87363
87372
87382
87390
87400
87409
87419
87427
87437
87446
87456
87464
87474
87483
87493
87501
87511
87520
87530
87538
87548
87557
87567
87575
87585
87594
87604
87612
87622
87631
87641
87649
87659
87668
87678
87686
87696
87705
87715
87723
87733
87742
87753
87762
87773
87782
87792
87801
87812
87821
87832
87841
87851
87860
87871
87880
87891
87900
87911
87919
87930
87939
87950
87959
87970
87978
87989
87998
88009
88018
88029
88038
88048
88057
88068
88077
88088
88097
88107
88116
88127
88136
88147
88156
88166
88175
88186
88195
88206
88215
88226
88234
88240
88249
88255
88264
88270
88278
88285
88293
88300
88308
88314
88323
88329
88338
88344
88352
88359
88367
88374
88382
88388
88397
88403
88412
88418
88426
88433
88441
88448
88456
88463
88471
88477
88486
88492
88501
88507
88515
88522
88530
88537
88545
88551
88560
88566
88575
88581
88589
88596
88604
88611
88619
88626
88633
88641
88648
88656
88663
88671
88677
88686
88692
88701
88707
88715
88722
88730
88737
88745
88751
88760
88766
88775
88781
88789
88796
88804
88811
88819
88826
88833
88841
88848
88856
88863
88871
88877
88886
88892
88901
88907
88915
88922
88930
88937
88945
88951
88960
88966
88975
88981
88989
88996
89004
89011
89019
89026
89034
89040
89048
89054
89062
89068
89076
89082
89090
89097
89105
89111
89119
89125
89133
89139
89147
89153
89162
89168
89176
89182
89190
89196
89204
89210
89218
89225
89233
89239
89247
89253
89261
89267
89275
89281
89290
89296
89304
89310
89318
89324
89332
89338
89346
89353
89361
89367
89375
89381
89389
89395
89403
89409
89417
89424
89432
89438
89446
89452
89460
89466
89474
89480
89489
89495
89503
89509
89517
89523
89531
89537
89545
89552
89560
89566
89574
89580
89588
89594
89602
89608
89617
89623
89631
89637
89645
89651
89659
89665
89673
89680
89688
89694
89702
89708
89716
89722
89730
89736
89745
89751
89759
89765
89773
89779
89787
89793
89801
89807
89816
89822
89830
89836
89844
89850
89858
89864
89872
89879
89887
89893
89901
89907
89915
89921
89929
89935
89944
89950
89958
89964
89972
89981
89988
89997
90004
90014
90021
90030
90037
90047
90054
90063
90070
90080
90087
90096
90103
90113
90120
90129
90136
90146
90153
90162
90169
90179
90186
90195
90202
90212
90219
90228
90235
90244
90252
90261
90268
90277
90285
90294
90301
90310
90318
90327
90334
90343
90351
90360
90367
90376
90384
90393
90400
90409
90417
90426
90433
90442
90450
90459
90466
90474
90480
90488
90494
90502
90508
90517
90523
90531
90537
90545
90551
90559
90566
90574
90580
90588
90594
90602
90608
90617
90623
90631
90637
90645
90651
90659
90666
90674
90680
90688
90694
90702
90709
90717
90723
90731
90737
90745
90751
90760
90766
90774
90780
90788
90794
90802
90809
90817
90823
90831
90837
90845
90851
90860
90866
90874
90880
90888
90894
90902
90909
90917
90923
90931
90937
90945
90952
90960
90966
90974
90980
90988
90994
91003
91009
91017
91023
91031
91037
91045
91052
91060
91066
91074
91080
91088
91094
91103
91109
91117
91123
91131
91137
91145
91152
91160
91166
91174
91180
91188
91195
91203
91209
91217
91223
91231
91237
91246
91252
91260
91266
91274
91280
91288
91295
91303
91309
91318
91326
91336
91344
91354
91362
91372
91380
91390
91398
91407
91415
91425
91433
91443
91451
91461
91469
91479
91487
91497
91504
91514
91522
91532
91540
91550
91558
91568
91576
91586
91594
91603
91611
91621
91629
91639
91647
91657
91665
91675
91683
91693
91700
91710
91718
91728
91736
91746
91754
91764
91772
91782
91790
91799
91807
91817
91825
91832
91841
91847
91856
91863
91872
91878
91887
91894
91902
91909
91918
91925
91933
91940
91949
91955
91964
91971
91980
91986
91995
92002
92011
92017
92026
92033
92041
92048
92057
92064
92072
92079
92088
92094
92103
92110
92119
92125
92134
92141
92150
92156
92165
92172
92180
92187
92196
92203
92211
92218
92227
92233
92242
92249
92258
92264
92273
92280
92289
92295
92304
92311
92319
92326
92335
92342
92350
92357
92366
92372
92381
92388
92397
92403
92412
92419
92428
92434
92443
92450
92458
92465
92474
92481
92489
92496
92505
92511
92520
92527
92536
92542
92549
92555
92563
92569
92577
92583
92591
92597
92605
92611
92619
92625
92633
92639
92647
92653
92661
92667
92675
92680
92688
92694
92702
92708
92716
92722
92730
92736
92744
92750
92758
92764
92772
92778
92786
92792
92800
92806
92813
92819
92827
92833
92841
92847
92855
92861
92869
92875
92883
92889
92897
92903
92911
92917
92925
92931
92939
92945
92952
92958
92966
92972
92980
92986
92994
93000
93008
93014
93022
93028
93036
93042
93050
93056
93064
93070
93078
93083
93091
93097
93105
93111
93120
93126
93135
93141
93150
93156
93165
93171
93180
93186
93194
93201
93209
93216
93224
93231
93239
93246
93254
93261
93269
93275
93284
93290
93299
93305
93314
93320
93329
93335
93344
93350
93359
93365
93373
93380
93388
93395
93403
93410
93418
93425
93433
93440
93448
93454
93463
93469
93478
93484
93493
93499
93508
93514
93523
93529
93538
93544
93552
93559
93567
93574
93582
93589
93597
93604
93612
93619
93627
93633
93642
93648
93657
93663
93672
93678
93687
93693
93702
93708
93717
93723
93731
93738
93746
93753
93761
93768
93776
93783
93791
93798
93806
93812
93821
93829
93836
93844
93851
93859
93866
93874
93881
93889
93896
93904
93911
93919
93926
93934
93941
93949
93956
93964
93971
93979
93986
93994
94001
94009
94016
94024
94031
94039
94046
94054
94061
94069
94076
94084
94091
94100
94106
94115
94121
94130
94136
94145
94151
94160
94166
94175
94181
94190
94196
94205
94211
94220
94226
94235
94241
94250
94256
94265
94271
94280
94286
94295
94301
94310
94316
94325
94331
94340
94346
94355
94362
94370
94377
94385
94392
94400
94407
94415
94422
94430
94437
94445
94452
94460
94467
94475
94482
94490
94497
94505
94512
94520
94527
94535
94542
94550
94557
94565
94572
94580
94587
94595
94602
94610
94617
94626
94632
94641
94647
94656
94662
94671
94682
94691
94702
94711
94722
94732
94743
94752
94763
94772
94783
94793
94804
94813
94824
94833
94844
94854
94865
94874
94885
94894
94905
94915
94926
94935
94946
94955
94966
94976
94987
94996
95007
95016
95027
95037
95048
95057
95068
95077
95088
95098
95109
95118
95129
95138
95149
95159
95170
95179
95190
95199
95210
95220
95231
95240
95251
95260
95271
95281
95292
95301
95312
95321
95333
95342
95353
95362
95373
95382
95394
95403
95414
95423
95434
95443
95455
95464
95475
95484
95495
95504
95511
95521
95528
95538
95545
95555
95562
95572
95579
95589
95596
95606
95613
95623
95630
95639
95647
95656
95664
95673
95681
95690
95698
95707
95715
95724
95732
95741
95749
95758
95765
95775
95782
95792
95799
95809
95816
95826
95833
95843
95850
95860
95867
95877
95884
95894
95901
95910
95918
95927
95935
95944
95952
95961
95969
95978
95986
95995
96003
96012
96020
96029
96036
96046
96053
96063
96070
96080
96087
96097
96104
96114
96121
96131
96139
96145
96154
96160
96168
96175
96183
96189
96198
96204
96213
96219
96227
96234
96242
96248
96257
96263
96272
96278
96286
96293
96301
96307
96316
96322
96331
96337
96345
96352
96360
96366
96375
96381
96389
96396
96404
96411
96419
96425
96434
96440
96448
96455
96463
96470
96478
96484
96493
96499
96507
96514
96522
96529
96537
96543
96552
96558
96566
96573
96581
96588
96596
96602
96611
96617
96625
96632
96640
96646
96655
96661
96670
96676
96684
96691
96699
96705
96714
96720
96729
96735
96743
96750
96758
96764
96772
96778
96786
96792
96800
96806
96814
96820
96828
96834
96842
96848
96857
96863
96871
96877
96885
96891
96899
96905
96913
96919
96927
96933
96941
96948
96956
96962
96970
96976
96984
96990
96998
97004
97012
97018
97026
97033
97041
97047
97055
97061
97069
97075
97083
97089
97097
97103
97111
97117
97126
97132
97140
97146
97154
97160
97168
97174
97182
97188
97196
97202
97211
97217
97225
97231
97239
97245
97253
97259
97267
97273
97281
97287
97295
97302
97310
97316
97324
97330
97338
97344
97352
97358
97366
97372
97380
97387
97395
97401
97409
97415
97423
97429
97437
97443
97451
97457
97465
97471
97480
97486
97494
97500
97508
97514
97522
97528
97536
97542
97550
97556
97564
97571
97579
97585
97593
97599
97607
97613
97621
97627
97635
97641
97649
97656
97664
97670
97678
97684
97692
97698
97706
97712
97720
97728
97734
97742
97748
97756
97762
97770
97776
97784
97790
97798
97805
97813
97819
97827
97833
97841
97847
97855
97861
97869
97875
97883
97890
97898
97904
97912
97918
97926
97932
97940
97946
97954
97960
97968
97975
97983
97989
97997
98003
98011
98017
98025
98031
98039
98045
98053
98060
98068
98074
98082
98088
98096
98102
98110
98116
98124
98130
98138
98145
98153
98159
98167
98173
98181
98187
98195
98201
98209
98215
98223
98230
98238
98244
98252
98258
98266
98272
98280
98286
98294
98300
98308
98315
98323
98329
98337
98343
98351
98357
98365
98371
98379
98385
98393
98400
98408
98414
98422
98428
98436
98442
98450
98456
98464
98470
98478
98485
98493
98499
98507
98513
98521
98527
98535
98541
98549
98555
98563
98570
98578
98584
98592
98598
98606
98612
98620
98626
98634
98640
98648
98655
98663
98669
98677
98683
98691
98698
98704
98712
98717
98725
98731
98739
98744
98752
98758
98766
98771
98779
98785
98793
98798
98806
98812
98820
98825
98833
98839
98846
98852
98860
98866
98873
98879
98887
98893
98900
98906
98914
98920
98927
98933
98941
98947
98954
98960
98968
98973
98981
98987
98995
99000
99008
99014
99022
99027
99035
99041
99049
99054
99062
99068
99076
99081
99089
99095
99103
99108
99116
99122
99129
99135
99143
99149
99156
99162
99170
99176
99183
99189
99197
99203
99210
99216
99224
99230
99237
99243
99251
99256
99264
99270
99278
99283
99291
99297
99305
99310
99318
99324
99332
99337
99345
99351
99359
99364
99372
99378
99385
99391
99399
99405
99412
99420
99427
99436
99442
99451
99458
99466
99473
99482
99489
99497
99504
99513
99519
99528
99535
99544
99550
99559
99566
99574
99581
99590
99597
99605
99612
99621
99627
99636
99643
99652
99658
99667
99674
99682
99689
99698
99705
99713
99720
99729
99735
99744
99751
99760
99766
99775
99782
99790
99797
99806
99813
99821
99828
99837
99843
99852
99859
99868
99874
99883
99890
99898
99905
99914
99920
99929
99936
99945
99951
99960
99967
99975
99982
99991
99998
100006
100013
100022
100028
100037
100044
100053
100059
100068
100075
100083
100090
100099
100106
100114
100121
100130
100136
100145
100152
100161
100167
100176
100183
100191
100198
100207
100214
100222
100229
100238
100244
100253
100260
100269
