9
17
26
34
43
51
60
68
77
85
94
102
111
119
129
136
146
153
163
170
180
187
197
204
214
221
231
238
248
256
265
273
282
290
299
307
316
324
333
341
350
358
367
375
385
392
402
409
419
426
436
443
453
460
470
477
487
495
504
512
521
529
538
546
555
563
572
580
589
597
606
614
624
631
641
648
658
665
675
682
692
699
709
716
726
733
743
751
760
768
777
785
794
802
811
819
828
836
845
853
863
870
880
887
897
905
915
923
933
941
951
959
969
977
987
995
1005
1013
1023
1032
1042
1050
1060
1068
1078
1086
1096
1104
1114
1122
1132
1140
1150
1158
1168
1177
1187
1195
1205
1213
1223
1231
1241
1249
1259
1267
1277
1285
1295
1303
1313
1322
1332
1340
1350
1358
1368
1376
1386
1394
1404
1412
1422
1430
1440
1448
1458
1467
1477
1485
1495
1503
1513
1521
1531
1539
1549
1557
1567
1575
1585
1593
1604
1612
1622
1630
1640
1648
1658
1666
1676
1684
1694
1703
1711
1721
1729
1739
1747
1757
1765
1775
1783
1792
1800
1810
1818
1828
1836
1846
1854
1864
1872
1882
1889
1899
1907
1917
1925
1935
1943
1953
1961
1971
1979
1988
1996
2006
2014
2024
2032
2042
2050
2060
2068
2078
2085
2095
2103
2113
2121
2131
2139
2149
2157
2167
2175
2184
2192
2202
2210
2220
2228
2238
2246
2256
2264
2274
2281
2291
2299
2309
2317
2327
2335
2345
2353
2363
2371
2380
2388
2398
2406
2416
2424
2434
2442
2452
2460
2470
2477
2487
2495
2505
2513
2523
2531
2541
2549
2559
2567
2579
2590
2603
2614
2627
2638
2651
2662
2675
2686
2699
2710
2723
2733
2746
2757
2770
2781
2794
2805
2818
2829
2842
2853
2866
2877
2890
2900
2913
2924
2937
2948
2961
2972
2985
2996
3009
3020
3033
3044
3057
3067
3080
3091
3104
3115
3128
3139
3152
3163
3176
3187
3200
3211
3224
3234
3247
3258
3271
3282
3295
3306
3319
3330
3343
3354
3367
3378
3391
3401
3414
3425
3438
3449
3459
3471
3481
3493
3503
3514
3524
3536
3546
3558
3568
3580
3589
3601
3611
3623
3633
3645
3654
3666
3676
3688
3698
3710
3720
3731
3741
3753
3763
3775
3785
3797
3806
3818
3828
3840
3850
3862
3871
3883
3893
3905
3915
3927
3937
3948
3958
3970
3980
3992
4002
4014
4023
4035
4045
4057
4067
4079
4088
4100
4110
4122
4132
4144
4154
4165
4175
4187
4197
4209
4219
4231
4240
4252
4262
4274
4284
4296
4305
4317
4327
4336
4343
4352
4359
4369
4376
4385
4392
4402
4409
4418
4425
4435
4442
4451
4458
4468
4475
4484
4491
4500
4508
4517
4524
4533
4541
4550
4557
4566
4574
4583
4590
4599
4607
4616
4623
4632
4639
4649
4656
4665
4672
4682
4689
4698
4705
4715
4722
4731
4738
4748
4755
4764
4771
4780
4788
4797
4804
4813
4821
4830
4837
4846
4854
4863
4870
4879
4887
4896
4903
4912
4919
4929
4936
4945
4952
4962
4969
4978
4985
4995
5002
5011
5018
5028
5035
5044
5051
5061
5068
5077
5084
5093
5101
5110
5117
5126
5134
5143
5150
5159
5167
5176
5183
5192
5200
5209
5216
5225
5232
5242
5249
5258
5265
5275
5282
5291
5298
5308
5315
5324
5334
5343
5354
5362
5373
5382
5393
5401
5412
5421
5432
5440
5451
5460
5470
5479
5490
5499
5509
5518
5529
5538
5548
5557
5568
5577
5587
5596
5607
5615
5626
5635
5646
5654
5665
5674
5685
5693
5704
5713
5724
5732
5743
5752
5762
5771
5782
5791
5801
5810
5821
5830
5840
5849
5860
5869
5879
5888
5899
5907
5918
5927
5938
5946
5957
5966
5977
5985
5996
6005
6015
6024
6035
6044
6054
6063
6074
6086
6097
6110
6121
6134
6145
6158
6169
6182
6193
6206
6217
6230
6241
6254
6265
6278
6289
6302
6313
6325
6336
6349
6360
6373
6384
6397
6408
6421
6432
6445
6456
6469
6480
6493
6504
6517
6528
6541
6552
6565
6575
6588
6599
6612
6623
6636
6647
6660
6671
6684
6695
6708
6719
6732
6743
6756
6767
6780
6791
6804
6815
6827
6838
6851
6862
6875
6886
6899
6910
6923
6934
6947
6958
6971
6984
6995
7008
7019
7033
7044
7057
7068
7082
7093
7106
7117
7131
7142
7155
7166
7179
7191
7204
7215
7228
7240
7253
7264
7277
7289
7302
7313
7326
7337
7351
7362
7375
7386
7400
7411
7424
7435
7449
7460
7473
7484
7497
7509
7522
7533
7546
7558
7571
7582
7595
7607
7620
7631
7644
7656
7669
7680
7693
7704
7718
7729
7742
7753
7767
7778
7791
7802
7816
7827
7840
7851
7864
7876
7889
7900
7914
7926
7940
7952
7966
7978
7992
8004
8018
8030
8044
8056
8070
8083
8097
8109
8123
8135
8149
8161
8175
8187
8201
8213
8227
8239
8253
8266
8280
8292
8306
8318
8332
8344
8358
8370
8384
8396
8410
8422
8436
8449
8463
8475
8489
8501
8515
8527
8541
8553
8567
8579
8593
8605
8619
8632
8646
8658
8672
8684
8698
8710
8724
8736
8750
8762
8776
8788
8802
8815
8826
8836
8848
8858
8870
8880
8891
8901
8913
8923
8935
8945
8956
8966
8978
8988
9000
9010
9021
9031
9043
9053
9065
9075
9087
9096
9108
9118
9130
9140
9152
9161
9173
9183
9195
9205
9217
9226
9238
9248
9260
9270
9282
9291
9303
9313
9325
9335
9347
9357
9368
9378
9390
9400
9412
9422
9433
9443
9455
9465
9477
9487
9498
9508
9520
9530
9542
9552
9563
9573
9585
9595
9607
9617
9628
9638
9649
9659
9670
9680
9691
9701
9712
9722
9734
9743
9755
9764
9776
9785
9797
9806
9818
9828
9839
9849
9860
9870
9881
9891
9902
9912
9924
9933
9945
9954
9966
9975
9987
9996
10008
10018
10029
10039
10050
10060
10071
10081
10092
10102
10114
10123
10135
10144
10156
10165
10177
10186
10198
10208
10219
10229
10240
10250
10261
10271
10282
10292
10304
10313
10325
10334
10346
10355
10363
10372
10380
10389
10397
10407
10414
10424
10431
10441
10449
10458
10466
10475
10483
10492
10500
10510
10517
10527
10534
10544
10552
10561
10569
10578
10586
10595
10603
10613
10620
10630
10637
10647
10655
10664
10672
10681
10689
10698
10706
10716
10723
10733
10740
10750
10758
10767
10775
10784
10792
10801
10809
10819
10826
10836
10843
10853
10861
10870
10878
10887
10895
10904
10912
10922
10929
10939
10946
10956
10964
10973
10981
10990
10998
11007
11015
11025
11032
11042
11049
11058
11065
11074
11082
11091
11098
11107
11115
11124
11131
11141
11148
11157
11164
11174
11181
11190
11197
11207
11214
11223
11231
11240
11247
11256
11264
11273
11280
11289
11297
11306
11313
11323
11330
11339
11346
11356
11363
11372
11380
11389
11396
11405
11413
11422
11429
11438
11446
11455
11462
11472
11479
11488
11495
11505
11512
11521
11529
11537
11546
11553
11563
11570
11579
11586
11596
11603
11612
11620
11629
11636
11645
11653
11662
11669
11678
11686
11695
11702
11712
11719
11728
11735
11745
11752
11761
11769
11777
11786
11793
11803
11810
11819
11826
11836
11843
11852
11860
11869
11876
11885
11893
11902
11909
11918
11926
11935
11949
11961
11976
11988
12002
12015
12029
12041
12056
12068
12082
12095
12109
12122
12136
12148
12163
12175
12189
12202
12216
12228
12243
12255
12270
12282
12296
12309
12323
12335
12350
12362
12376
12389
12403
12416
12430
12442
12457
12469
12483
12496
12510
12522
12537
12549
12564
12576
12590
12603
12617
12629
12644
12656
12670
12683
12697
12710
12724
12736
12751
12763
12777
12790
12804
12816
12831
12843
12858
12870
12884
12897
12911
12923
12938
12947
12955
12965
12973
12983
12991
13001
13008
13018
13026
13036
13044
13054
13062
13071
13079
13089
13097
13107
13115
13125
13132
13142
13150
13160
13168
13178
13186
13196
13203
13213
13221
13231
13239
13249
13257
13266
13274
13284
13292
13302
13310
13320
13327
13337
13345
13355
13363
13373
13381
13390
13398
13408
13416
13426
13434
13444
13452
13461
13469
13479
13487
13497
13505
13515
13522
13532
13540
13550
13558
13568
13576
13585
13593
13603
13611
13621
13629
13639
13647
13656
13664
13674
13682
13692
13700
13715
13728
13743
13756
13771
13784
13799
13812
13827
13840
13855
13868
13883
13896
13911
13924
13939
13952
13967
13980
13995
14008
14023
14036
14051
14064
14079
14092
14107
14120
14135
14148
14163
14176
14191
14204
14219
14232
14247
14260
14275
14288
14303
14316
14331
14344
14359
14372
14387
14400
14415
14428
14443
14457
14472
14485
14500
14513
14528
14540
14551
14564
14575
14587
14598
14611
14622
14634
14645
14658
14669
14681
14692
14705
14716
14728
14739
14752
14763
14776
14786
14799
14810
14823
14833
14846
14857
14870
14880
14893
14904
14917
14928
14939
14952
14963
14976
14986
14999
15010
15023
15033
15046
15057
15070
15080
15093
15104
15117
15128
15139
15152
15163
15176
15186
15199
15210
15223
15233
15246
15257
15270
15282
15296
15308
15321
15333
15347
15359
15372
15384
15398
15410
15423
15435
15449
15461
15475
15486
15500
15512
15526
15537
15551
15563
15577
15588
15602
15614
15628
15639
15653
15665
15679
15691
15704
15716
15730
15742
15755
15767
15781
15793
15806
15818
15832
15844
15857
15869
15883
15895
15909
15920
15934
15946
15960
15971
15985
15997
16011
16022
16036
16045
16053
16062
16070
16079
16087
16096
16104
16113
16121
16131
16138
16148
16155
16165
16172
16182
16189
16199
16206
16216
16224
16233
16241
16250
16258
16267
16275
16284
16292
16301
16309
16319
16326
16336
16343
16353
16360
16370
16377
16387
16394
16404
16412
16421
16429
16438
16446
16455
16463
16472
16480
16489
16497
16507
16514
16524
16531
16541
16548
16558
16565
16575
16583
16592
16600
16609
16617
16626
16634
16643
16651
16660
16668
16678
16685
16695
16702
16712
16719
16729
16736
16746
16753
16763
16771
16780
16788
16797
16808
16818
16829
16839
16851
16861
16871
16883
16893
16903
16915
16925
16935
16947
16957
16967
16979
16989
16999
17011
17021
17031
17043
17053
17063
17075
17085
17095
17107
17117
17127
17139
17149
17159
17171
17181
17191
17203
17213
17223
17235
17245
17255
17267
17277
17287
17299
17309
17319
17331
17341
17351
17363
17373
17383
17395
17405
17415
17427
17437
17447
17459
17469
17479
17491
17501
17511
17523
17533
17543
17555
17565
17575
17587
17597
17607
17619
17631
17642
17655
17666
17679
17690
17703
17714
17727
17738
17751
17762
17775
17786
17799
17810
17823
17834
17847
17858
17871
17882
17895
17906
17919
17930
17943
17954
17967
17978
17991
18002
18015
18026
18039
18050
18063
18074
18087
18098
18111
18121
18134
18145
18158
18169
18182
18193
18206
18217
18230
18241
18254
18265
18278
18289
18302
18313
18326
18337
18350
18361
18374
18385
18398
18409
18422
18433
18446
18457
18470
18481
18494
18505
18518
18529
18542
18553
18566
18578
18589
18602
18613
18626
18637
18650
18661
18673
18684
18697
18708
18721
18732
18745
18756
18768
18779
18792
18803
18816
18827
18840
18851
18864
18874
18887
18898
18911
18922
18935
18946
18959
18969
18982
18993
19006
19017
19030
19041
19054
19065
19077
19088
19101
19112
19125
19136
19149
19160
19172
19183
19196
19207
19220
19231
19244
19255
19267
19278
19291
19302
19315
19326
19339
19350
19363
19373
19386
19397
19410
19421
19434
19445
19458
19468
19481
19492
19505
19516
19529
19540
19553
19564
19576
19586
19598
19608
19620
19631
19643
19653
19665
19675
19687
19698
19710
19720
19732
19742
19754
19765
19777
19787
19799
19809
19821
19832
19844
19854
19866
19876
19889
19899
19911
19921
19933
19943
19956
19966
19978
19988
20000
20010
20023
20033
20045
20055
20067
20077
20090
20100
20112
20122
20134
20145
20157
20167
20179
20189
20201
20212
20224
20234
20246
20256
20268
20279
20291
20301
20313
20323
20335
20347
20357
20370
20380
20393
20403
20416
20426
20439
20449
20462
20472
20485
20495
20508
20518
20531
20541
20554
20564
20577
20587
20600
20610
20623
20633
20646
20656
20669
20679
20691
20702
20714
20725
20737
20748
20760
20771
20783
20794
20806
20817
20829
20840
20852
20863
20875
20886
20898
20909
20921
20932
20944
20955
20967
20978
20990
21001
21013
21023
21036
21046
21059
21069
21082
21092
21105
21115
21128
21138
21151
21161
21174
21184
21193
21204
21213
21224
21233
21243
21252
21263
21272
21283
21292
21303
21311
21322
21331
21342
21351
21362
21371
21381
21390
21401
21410
21421
21430
21441
21449
21460
21469
21480
21489
21500
21508
21519
21528
21539
21548
21559
21568
21578
21587
21598
21607
21618
21627
21638
21646
21657
21666
21677
21686
21697
21706
21716
21725
21736
21745
21756
21765
21775
21784
21795
21804
21815
21824
21835
21843
21854
21863
21874
21883
21894
21903
21913
21922
21933
21942
21953
21962
21973
21981
21992
22001
22012
22021
22032
22040
22051
22060
22071
22080
22091
22100
22110
22119
22130
22139
22150
22160
22171
22181
22192
22202
22213
22223
22234
22244
22255
22265
22276
22286
22297
22307
22318
22328
22339
22349
22361
22370
22382
22391
22403
22412
22424
22433
22445
22454
22466
22475
22487
22496
22508
22517
22529
22539
22549
22561
22570
22582
22591
22603
22612
22624
22633
22645
22654
22666
22675
22687
22696
22708
22717
22729
22739
22749
22761
22770
22782
22791
22803
22812
22824
22833
22845
22854
22866
22875
22887
22896
22908
22917
22929
22939
22949
22961
22970
22982
22991
23003
23012
23024
23033
23045
23054
23066
23075
23087
23096
23108
23117
23129
23139
23150
23160
23172
23182
23194
23204
23216
23226
23238
23248
23260
23270
23282
23292
23304
23314
23326
23336
23348
23358
23370
23380
23392
23402
23414
23424
23436
23446
23458
23468
23480
23490
23502
23512
23524
23534
23546
23556
23568
23578
23590
23600
23612
23622
23634
23644
23656
23666
23678
23688
23700
23710
23722
23732
23744
23754
23766
23776
23788
23798
23810
23820
23832
23842
23854
23864
23876
23886
23898
23908
23920
23930
23942
23952
23964
23974
23986
23996
24008
24018
24030
24040
24052
24062
24075
24086
24099
24110
24123
24134
24147
24158
24171
24182
24195
24206
24219
24230
24243
24254
24267
24278
24291
24302
24316
24327
24340
24351
24364
24375
24388
24399
24412
24423
24436
24447
24460
24471
24484
24495
24508
24519
24532
24543
24556
24568
24581
24592
24605
24616
24629
24640
24653
24664
24677
24688
24701
24712
24725
24736
24749
24760
24773
24784
24797
24808
24822
24833
24846
24857
24870
24881
24894
24905
24918
24929
24942
24953
24966
24977
24988
24997
25008
25017
25028
25037
25048
25057
25068
25077
25088
25097
25108
25117
25128
25137
25148
25157
25168
25177
25188
25197
25208
25217
25228
25237
25248
25257
25268
25277
25288
25297
25308
25317
25328
25337
25348
25357
25368
25377
25388
25397
25408
25417
25428
25437
25448
25457
25468
25477
25488
25497
25508
25517
25528
25537
25548
25557
25568
25577
25588
25597
25608
25617
25628
25637
25648
25657
25668
25677
25688
25697
25711
25723
25737
25750
25764
25776
25791
25803
25817
25829
25844
25856
25870
25883
25897
25909
25923
25936
25950
25962
25977
25989
26003
26015
26030
26042
26056
26069
26083
26095
26109
26122
26136
26148
26163
26175
26189
26201
26216
26228
26242
26255
26269
26281
26296
26308
26322
26334
26349
26361
26375
26388
26402
26414
26428
26441
26455
26467
26482
26494
26508
26520
26535
26547
26561
26574
26588
26600
26611
26621
26633
26643
26655
26665
26677
26687
26699
26709
26720
26730
26742
26752
26764
26774
26786
26796
26808
26818
26830
26840
26850
26862
26872
26884
26894
26906
26916
26928
26938
26950
26960
26970
26982
26992
27004
27014
27026
27036
27048
27058
27070
27080
27090
27102
27112
27124
27134
27146
27156
27168
27178
27190
27200
27210
27222
27232
27244
27254
27266
27276
27288
27298
27310
27320
27330
27342
27352
27364
27374
27386
27398
27408
27421
27431
27443
27454
27466
27477
27489
27499
27512
27522
27535
27545
27557
27568
27580
27591
27603
27613
27626
27636
27649
27659
27671
27682
27694
27705
27717
27727
27740
27750
27763
27773
27785
27796
27808
27819
27831
27841
27854
27864
27877
27887
27899
27910
27922
27933
27945
27955
27968
27978
27990
28001
28013
28024
28036
28046
28059
28069
28082
28092
28104
28115
28124
28135
28144
28156
28165
28176
28185
28197
28206
28217
28226
28238
28247
28258
28267
28279
28288
28299
28308
28320
28329
28340
28349
28361
28370
28381
28390
28402
28411
28422
28431
28443
28452
28463
28472
28484
28493
28504
28513
28525
28534
28545
28554
28566
28575
28586
28595
28607
28616
28627
28636
28648
28657
28668
28677
28689
28698
28709
28718
28730
28739
28750
28759
28771
28780
28791
28800
28812
28821
28832
28841
28853
28862
28873
28882
28894
28903
28914
28923
28935
28944
28953
28961
28970
28978
28988
28995
29005
29012
29022
29030
29039
29047
29057
29064
29074
29081
29091
29099
29108
29116
29126
29133
29143
29150
29160
29168
29177
29185
29194
29202
29212
29219
29229
29237
29246
29254
29263
29271
29281
29288
29298
29306
29315
29323
29332
29340
29350
29357
29367
29375
29384
29392
29401
29409
29419
29426
29436
29444
29452
29462
29469
29479
29487
29496
29504
29513
29521
29531
29538
29548
29556
29565
29573
29582
29590
29600
29607
29617
29625
29634
29642
29651
29659
29669
29676
29686
29694
29702
29712
29719
29729
29737
29746
29754
29763
29771
29780
29788
29798
29806
29816
29824
29834
29842
29852
29860
29870
29878
29888
29896
29906
29914
29924
29932
29942
29950
29960
29968
29978
29986
29996
30004
30014
30022
30032
30040
30050
30058
30068
30076
30086
30094
30104
30112
30122
30130
30140
30148
30158
30166
30176
30184
30194
30202
30212
30220
30230
30238
30248
30256
30266
30273
30283
30291
30301
30309
30319
30327
30337
30345
30355
30363
30373
30381
30391
30399
30409
30417
30427
30435
30445
30453
30463
30471
30481
30489
30503
30515
30530
30542
30557
30569
30584
30596
30611
30623
30638
30650
30665
30677
30692
30704
30719
30731
30746
30758
30773
30785
30800
30812
30827
30839
30854
30866
30881
30893
30908
30920
30935
30947
30962
30974
30989
31001
31016
31028
31043
31055
31070
31082
31097
31109
31124
31136
31151
31163
31178
31190
31205
31217
31232
31244
31259
31271
31286
31298
31313
31325
31340
31352
31363
31373
31384
31394
31405
31415
31427
31436
31448
31457
31469
31478
31490
31500
31511
31521
31532
31542
31553
31563
31575
31584
31596
31605
31617
31626
31638
31648
31659
31669
31680
31690
31701
31711
31723
31732
31744
31753
31765
31774
31786
31796
31807
31817
31828
31838
31849
31859
31871
31880
31892
31901
31913
31922
31934
31944
31955
31965
31976
31986
31997
32007
32019
32028
32040
32049
32061
32070
32082
32092
32103
32112
32119
32129
32136
32145
32153
32162
32170
32179
32186
32196
32203
32213
32220
32229
32237
32246
32254
32263
32270
32280
32287
32297
32304
32313
32321
32330
32338
32347
32354
32364
32371
32381
32388
32397
32405
32414
32422
32431
32438
32448
32455
32465
32472
32481
32489
32498
32506
32515
32522
32532
32539
32549
32556
32565
32573
32582
32590
32599
32606
32616
32623
32633
32640
32649
32657
32666
32674
32683
32690
32700
32707
32717
32724
32733
32741
32750
32758
32767
32774
32784
32791
32800
32808
32817
32825
32834
32841
32851
32858
32868
32875
32886
32895
32907
32916
32927
32937
32948
32958
32969
32978
32990
32999
33010
33020
33031
33041
33052
33061
33073
33082
33093
33103
33114
33124
33135
33144
33156
33165
33177
33186
33197
33207
33218
33227
33239
33248
33260
33269
33280
33290
33301
33310
33322
33331
33343
33352
33363
33373
33384
33394
33405
33414
33426
33435
33446
33456
33467
33477
33488
33497
33509
33518
33529
33539
33550
33560
33571
33580
33592
33601
33613
33622
33633
33643
33654
33663
33675
33684
33696
33705
33716
33726
33737
33746
33758
33769
33781
33792
33805
33815
33828
33838
33851
33862
33874
33885
33897
33908
33921
33931
33944
33954
33967
33978
33990
34001
34013
34024
34037
34047
34060
34070
34083
34094
34106
34117
34129
34140
34153
34163
34176
34187
34199
34210
34222
34233
34246
34256
34269
34279
34292
34303
34315
34326
34338
34349
34362
34372
34385
34395
34408
34419
34431
34442
34454
34465
34478
34488
34501
34511
34524
34535
34545
34554
34564
34573
34584
34592
34603
34612
34622
34631
34642
34650
34661
34670
34680
34689
34699
34708
34719
34727
34738
34747
34757
34766
34777
34785
34796
34805
34815
34824
34835
34843
34854
34862
34873
34882
34892
34901
34912
34920
34931
34940
34950
34959
34970
34978
34989
34998
35008
35017
35027
35036
35047
35055
35066
35075
35085
35094
35105
35113
35124
35133
35143
35152
35163
35171
35182
35190
35201
35210
35220
35229
35240
35248
35259
35268
35278
35287
35298
35306
35317
35325
35336
35345
35355
35364
35375
35383
35394
35403
35413
35422
35433
35445
35456
35469
35480
35493
35504
35517
35528
35541
35552
35565
35576
35589
35600
35613
35624
35636
35647
35660
35671
35684
35695
35708
35719
35732
35743
35756
35767
35780
35791
35804
35815
35828
35838
35851
35862
35875
35886
35899
35910
35923
35934
35947
35958
35971
35982
35995
36006
36019
36030
36042
36053
36066
36077
36090
36101
36114
36125
36138
36152
36165
36180
36192
36207
36220
36234
36247
36262
36274
36289
36302
36317
36329
36344
36357
36371
36384
36399
36411
36426
36439
36454
36466
36481
36494
36508
36521
36536
36548
36563
36576
36591
36603
36618
36631
36645
36658
36673
36685
36700
36713
36728
36740
36755
36768
36782
36795
36810
36822
36837
36850
36865
36877
36892
36905
36919
36932
36947
36959
36974
36987
37002
37013
37023
37035
37044
37056
37066
37078
37087
37099
37109
37121
37130
37142
37152
37164
37173
37185
37195
37207
37216
37228
37238
37250
37259
37271
37281
37293
37302
37314
37324
37336
37345
37357
37367
37379
37388
37400
37410
37421
37431
37443
37453
37464
37474
37486
37496
37507
37517
37529
37539
37550
37560
37572
37582
37593
37603
37615
37625
37636
37646
37658
37668
37679
37689
37701
37711
37722
37732
37744
37754
37765
37775
37787
37796
37808
37818
37830
37839
37851
37861
37873
37882
37894
37904
37916
37925
37934
37942
37952
37960
37970
37978
37988
37996
38006
38014
38024
38032
38042
38050
38058
38068
38076
38086
38094
38104
38112
38122
38130
38140
38148
38158
38166
38175
38183
38193
38201
38211
38219
38229
38237
38247
38255
38265
38273
38283
38291
38300
38308
38318
38326
38336
38344
38354
38362
38372
38380
38390
38398
38408
38416
38425
38433
38443
38451
38461
38469
38479
38487
38497
38505
38515
38523
38533
38541
38550
38558
38568
38576
38586
38594
38604
38612
38622
38630
38643
38654
38668
38679
38693
38704
38718
38729
38742
38754
38767
38779
38792
38804
38817
38828
38842
38853
38867
38878
38892
38903
38917
38928
38941
38953
38966
38978
38991
39003
39016
39027
39041
39052
39066
39077
39091
39102
39115
39127
39140
39152
39165
39177
39190
39202
39215
39226
39240
39251
39265
39276
39290
39301
39314
39326
39339
39351
39364
39376
39389
39400
39414
39425
39439
39450
39464
39473
39480
39490
39497
39507
39514
39524
39531
39540
39548
39557
39565
39574
39582
39591
39598
39608
39615
39625
39632
39642
39649
39658
39666
39675
39683
39692
39700
39709
39716
39726
39733
39743
39750
39760
39767
39777
39784
39793
39801
39810
39818
39827
39835
39844
39851
39861
39868
39878
39885
39895
39902
39911
39919
39928
39936
39945
39953
39962
39969
39979
39986
39996
40003
40013
40020
40030
40037
40046
40054
40063
40071
40080
40088
40097
40104
40114
40121
40131
40138
40148
40155
40164
40172
40181
40189
40198
40206
40215
40222
40232
40239
40249
40257
40268
40276
40287
40295
40306
40314
40325
40333
40344
40352
40363
40371
40382
40390
40401
40409
40420
40428
40439
40447
40458
40466
40477
40485
40496
40504
40515
40523
40534
40542
40553
40561
40572
40580
40591
40599
40610
40618
40629
40637
40648
40656
40667
40675
40686
40694
40705
40713
40724
40732
40743
40751
40762
40770
40781
40789
40800
40808
40819
40827
40838
40846
40857
40865
40876
40884
40895
40903
40914
40922
40933
40941
40952
40960
40971
40979
40989
40998
41008
41017
41027
41036
41046
41055
41065
41074
41084
41093
41103
41112
41122
41131
41141
41150
41160
41169
41179
41190
41199
41210
41219
41230
41239
41250
41259
41270
41279
41291
41300
41311
41320
41331
41340
41351
41360
41371
41380
41391
41401
41412
41421
41432
41441
41452
41461
41472
41481
41492
41501
41513
41522
41533
41542
41553
41562
41573
41582
41593
41602
41613
41623
41634
41643
41654
41663
41674
41683
41694
41703
41714
41723
41735
41744
41755
41764
41775
41784
41795
41804
41815
41824
41836
41845
41856
41865
41876
41885
41896
41905
41916
41925
41936
41946
41957
41966
41977
41986
41997
42006
42014
42023
42031
42040
42048
42057
42065
42074
42082
42091
42099
42108
42116
42125
42133
42142
42150
42159
42167
42176
42184
42193
42201
42210
42218
42227
42235
42244
42252
42261
42269
42278
42286
42295
42303
42312
42320
42329
42337
42346
42354
42363
42371
42380
42388
42397
42405
42414
42422
42431
42439
42448
42456
42465
42473
42482
42490
42499
42507
42516
42524
42533
42541
42550
42558
42567
42575
42584
42592
42601
42609
42618
42626
42635
42643
42652
42660
42669
42677
42686
42694
42703
42711
42720
42729
42736
42746
42753
42762
42770
42779
42787
42796
42803
42813
42820
42830
42837
42846
42854
42863
42871
42880
42887
42897
42904
42914
42921
42930
42938
42947
42954
42964
42971
42981
42988
42997
43005
43014
43022
43031
43038
43048
43055
43065
43072
43081
43089
43098
43106
43115
43122
43132
43139
43148
43156
43165
43173
43182
43189
43199
43206
43216
43223
43232
43240
43249
43257
43266
43273
43283
43290
43300
43307
43316
43324
43333
43340
43350
43357
43367
43374
43383
43391
43400
43408
43417
43424
43434
43441
43451
43458
43467
43475
43484
43492
43501
43508
43518
43525
43534
43542
43551
43559
43568
43575
43585
43592
43602
43609
43618
43626
43635
43644
43651
43660
43668
43677
43684
43693
43701
43710
43717
43727
43734
43743
43750
43760
43767
43776
43783
43793
43800
43809
43817
43826
43833
43842
43850
43859
43866
43875
43883
43892
43899
43909
43916
43925
43932
43942
43949
43958
43966
43975
43982
43991
43999
44008
44015
44024
44032
44041
44048
44058
44065
44074
44081
44091
44098
44107
44115
44123
44132
44139
44149
44156
44165
44172
44182
44189
44198
44206
44215
44222
44231
44239
44248
44255
44264
44272
44281
44288
44298
44305
44314
44321
44331
44338
44347
44355
44363
44372
44379
44389
44396
44405
44412
44422
44429
44438
44446
44457
44467
44479
44489
44501
44511
44522
44532
44544
44554
44566
44576
44587
44597
44609
44619
44631
44641
44652
44662
44674
44684
44696
44706
44718
44727
44739
44749
44761
44771
44783
44792
44804
44814
44826
44836
44848
44857
44869
44879
44891
44901
44913
44922
44934
44944
44956
44966
44978
44988
44999
45009
45021
45031
45043
45053
45064
45074
45086
45096
45108
45118
45129
45139
45151
45161
45173
45183
45194
45204
45216
45226
45238
45248
45260
45270
45282
45292
45304
45314
45326
45336
45348
45358
45370
45380
45392
45402
45414
45424
45436
45446
45458
45468
45481
45491
45503
45513
45525
45535
45547
45557
45569
45579
45591
45601
45613
45623
45635
45645
45657
45667
45679
45689
45702
45712
45724
45734
45746
45756
45768
45778
45790
45800
45812
45822
45834
45844
45856
45866
45878
45888
45900
45910
45923
45933
45945
45955
45967
45977
45989
45999
46011
46021
46031
46039
46050
46058
46068
46077
46087
46096
46105
46115
46124
46134
46142
46153
46161
46171
46180
46190
46199
46209
46217
46228
46236
46246
46255
46265
46274
46284
46292
46303
46311
46321
46330
46340
46349
46359
46367
46378
46386
46396
46405
46415
46424
46434
46442
46453
46461
46471
46480
46490
46499
46509
46517
46528
46536
46546
46555
46565
46574
46584
46592
46603
46611
46621
46630
46640
46649
46659
46667
46678
46686
46696
46705
46715
46724
46734
46742
46753
46761
46771
46780
46790
46799
46809
46817
46828
46836
46846
46855
46865
46874
46884
46892
46901
46909
46919
46927
46937
46945
46955
46963
46973
46981
46991
46999
47009
47017
47027
47035
47045
47053
47063
47070
47080
47088
47098
47106
47116
47124
47134
47142
47152
47160
47170
47178
47188
47196
47206
47214
47224
47232
47241
47249
47259
47267
47277
47285
47295
47303
47313
47321
47331
47339
47349
47357
47367
47375
47385
47393
47403
47411
47420
47428
47438
47446
47456
47464
47474
47482
47492
47500
47510
47518
47528
47536
47546
47554
47564
47572
47582
47589
47599
47607
47617
47625
47635
47643
47653
47661
47671
47679
47689
47697
47707
47715
47726
47734
47745
47753
47764
47772
47783
47791
47802
47810
47821
47829
47840
47848
47859
47867
47878
47886
47897
47905
47916
47924
47935
47943
47954
47962
47973
47981
47992
48000
48011
48019
48030
48038
48048
48057
48067
48076
48086
48095
48105
48114
48124
48133
48143
48152
48162
48171
48181
48190
48200
48209
48219
48228
48238
48247
48257
48266
48276
48285
48295
48304
48314
48323
48333
48342
48352
48361
48371
48380
48390
48398
48409
48417
48428
48436
48447
48455
48466
48474
48485
48493
48504
48512
48523
48531
48542
48550
48561
48569
48580
48588
48599
48607
48618
48626
48637
48645
48657
48667
48679
48689
48702
48712
48724
48734
48746
48757
48769
48779
48791
48802
48814
48824
48836
48846
48859
48869
48881
48891
48903
48914
48926
48936
48948
48959
48971
48981
48993
49003
49016
49026
49038
49048
49060
49071
49083
49093
49105
49116
49128
49138
49150
49160
49173
49183
49195
49205
49217
49228
49240
49250
49262
49273
49285
49295
49307
49317
49330
49340
49352
49362
49374
49385
49397
49407
49418
49427
49439
49448
49460
49469
49480
49490
49501
49511
49522
49532
49543
49552
49564
49573
49585
49594
49606
49615
49626
49636
49647
49657
49668
49678
49689
49698
49710
49719
49731
49740
49752
49761
49772
49782
49793
49803
49814
49824
49835
49844
49856
49865
49877
49886
49898
49907
49918
49928
49939
49949
49960
49969
49981
49990
50002
50011
50023
50032
50043
50053
50064
50074
50085
50095
50106
50115
50127
50136
50148
50157
50169
50178
50189
50199
50210
50220
50231
50241
50252
50261
50273
50282
50290
50299
50307
50317
50324
50334
50341
50351
50359
50368
50376
50385
50393
50403
50410
50420
50428
50437
50445
50454
50462
50472
50479
50489
50496
50506
50514
50523
50531
50541
50548
50558
50565
50575
50583
50592
50600
50609
50617
50627
50634
50644
50652
50661
50669
50678
50686
50696
50703
50713
50720
50730
50738
50747
50755
50765
50772
50782
50789
50799
50807
50816
50824
50833
50841
50851
50858
50868
50876
50885
50893
50902
50910
50920
50927
50937
50944
50954
50962
50971
50979
50989
50996
51006
51013
51023
51031
51040
51048
51057
51065
51075
51082
51092
51100
51110
51119
51129
51137
51147
51156
51166
51174
51184
51193
51203
51211
51221
51230
51240
51248
51258
51267
51277
51285
51295
51304
51314
51322
51332
51341
51351
51359
51370
51378
51388
51396
51407
51415
51425
51433
51444
51452
51462
51470
51481
51489
51499
51507
51518
51526
51536
51544
51555
51563
51573
51582
51591
51601
51609
51620
51628
51638
51646
51657
51665
51675
51683
51694
51702
51712
51720
51731
51739
51749
51757
51768
51776
51786
51794
51805
51813
51823
51832
51841
51851
51859
51870
51878
51888
51896
51907
51915
51927
51938
51951
51962
51974
51985
51998
52009
52021
52032
52045
52056
52068
52079
52092
52103
52115
52126
52139
52150
52163
52173
52186
52197
52210
52220
52233
52244
52257
52267
52280
52291
52304
52315
52326
52339
52350
52363
52373
52386
52397
52410
52420
52433
52444
52457
52467
52480
52491
52504
52515
52526
52539
52550
52563
52573
52586
52597
52610
52620
52633
52644
52657
52667
52680
52691
52704
52715
52726
52739
52750
52763
52773
52786
52797
52810
52820
52829
52837
52847
52855
52864
52872
52882
52890
52899
52907
52917
52925
52934
52942
52952
52960
52969
52977
52987
52995
53004
53012
53022
53030
53039
53047
53057
53065
53075
53082
53092
53100
53110
53117
53127
53135
53145
53152
53162
53170
53180
53187
53197
53205
53215
53222
53232
53240
53250
53257
53267
53275
53285
53292
53302
53310
53320
53328
53337
53345
53355
53363
53372
53380
53390
53398
53407
53415
53425
53433
53442
53450
53460
53468
53477
53485
53495
53503
53512
53520
53530
53538
53548
53555
53565
53573
53583
53590
53599
53607
53617
53624
53634
53642
53651
53659
53669
53676
53686
53694
53703
53711
53721
53728
53738
53746
53755
53763
53773
53780
53790
53798
53807
53815
53825
53832
53842
53850
53859
53867
53877
53884
53894
53902
53911
53919
53929
53936
53946
53954
53963
53971
53981
53988
53998
54006
54015
54023
54033
54040
54050
54058
54067
54075
54085
54092
54102
54110
54119
54127
54137
54144
54154
54162
54171
54179
54189
54196
54206
54214
54223
54231
54241
54248
54258
54266
54275
54283
54293
54300
54310
54318
54327
54335
54345
54353
54362
54374
54384
54396
54406
54419
54429
54441
54451
54464
54474
54486
54496
54509
54519
54531
54541
54554
54564
54576
54586
54599
54609
54621
54631
54644
54654
54666
54676
54689
54699
54711
54721
54734
54744
54756
54766
54779
54789
54801
54811
54824
54834
54846
54856
54869
54879
54891
54901
54914
54924
54936
54946
54959
54969
54981
54991
55004
55014
55026
55036
55049
55059
55071
55081
55094
55104
55116
55126
55139
55149
55161
55171
55183
55194
55206
55216
55228
55239
55251
55261
55275
55287
55302
55314
55329
55341
55355
55368
55382
55395
55409
55421
55436
55448
55463
55475
55489
55502
55516
55529
55543
55555
55570
55582
55597
55609
55624
55636
55650
55663
55677
55690
55704
55716
55731
55743
55758
55770
55784
55797
55811
55824
55838
55850
55865
55877
55892
55904
55918
55931
55945
55958
55967
55975
55985
55993
56002
56010
56020
56028
56037
56045
56055
56063
56072
56080
56090
56098
56108
56115
56125
56133
56143
56150
56160
56168
56178
56185
56195
56203
56213
56220
56230
56238
56248
56256
56265
56273
56283
56291
56300
56308
56318
56326
56335
56343
56353
56361
56370
56378
56388
56396
56406
56413
56423
56431
56441
56448
56458
56466
56476
56483
56493
56501
56511
56518
56528
56536
56546
56554
56563
56571
56581
56589
56598
56606
56616
56624
56633
56641
56651
56659
56669
56676
56686
56694
56704
56711
56721
56729
56739
56748
56755
56765
56772
56782
56789
56799
56806
56816
56823
56833
56840
56850
56857
56867
56874
56884
56891
56901
56908
56917
56925
56934
56942
56951
56959
56968
56976
56985
56993
57002
57010
57019
57027
57036
57044
57053
57061
57070
57077
57087
57094
57104
57111
57121
57128
57138
57145
57155
57162
57172
57179
57189
57196
57206
57213
57223
57230
57239
57247
57256
57264
57273
57281
57290
57298
57307
57315
57324
57332
57341
57349
57358
57366
57375
57383
57392
57400
57409
57416
57426
57433
57443
57450
57460
57467
57477
57484
57494
57501
57511
57518
57528
57535
57545
57552
57562
57569
57578
57586
57595
57603
57612
57620
57629
57637
57646
57654
57663
57671
57681
57689
57700
57708
57718
57727
57737
57745
57756
57764
57774
57783
57793
57801
57812
57820
57831
57839
57849
57858
57868
57876
57887
57895
57905
57914
57924
57932
57943
57951
57961
57970
57980
57989
57999
58007
58018
58026
58036
58045
58055
58063
58074
58082
58092
58101
58111
58119
58130
58138
58149
58157
58167
58176
58186
58194
58205
58213
58223
58232
58242
58250
58261
58269
58279
58288
58298
58307
58317
58325
58336
58344
58354
58363
58373
58381
58392
58400
58410
58419
58429
58437
58448
58456
58467
58475
58487
58497
58510
58520
58532
58543
58555
58565
58578
58588
58600
58611
58623
58633
58646
58656
58668
58679
58691
58702
58714
58724
58737
58747
58759
58770
58782
58792
58805
58815
58827
58838
58850
58860
58873
58883
58896
58906
58918
58929
58941
58951
58964
58974
58986
58997
59009
59019
59032
59042
59054
59065
59077
59088
59100
59110
59123
59133
59145
59156
59168
59178
59191
59201
59213
59224
59236
59246
59259
59269
59282
59293
59303
59314
59324
59335
59345
59357
59366
59378
59387
59399
59409
59420
59430
59441
59451
59463
59472
59484
59493
59505
59515
59526
59536
59547
59557
59568
59578
59590
59599
59611
59620
59632
59642
59653
59663
59674
59684
59696
59705
59717
59726
59738
59748
59759
59769
59780
59790
59801
59811
59823
59832
59844
59853
59865
59875
59886
59896
59907
59917
59929
59938
59950
59959
59971
59981
59992
60002
60013
60023
60034
60044
60056
60065
60077
60088
60098
60110
60120
60131
60141
60153
60163
60175
60184
60196
60206
60218
60228
60239
60249
60261
60271
60283
60292
60304
60314
60326
60335
60347
60357
60369
60379
60390
60400
60412
60422
60434
60443
60455
60465
60477
60487
60498
60508
60520
60530
60542
60551
60563
60573
60585
60594
60606
60616
60628
60638
60649
60659
60671
60681
60693
60702
60714
60724
60736
60746
60757
60767
60779
60789
60801
60810
60822
60832
60844
60853
60865
60875
60887
60897
60908
60918
60930
60940
60952
60961
60973
60983
60995
61005
61015
61024
61035
61043
61054
61063
61073
61082
61093
61101
61112
61121
61131
61140
61151
61159
61170
61179
61189
61198
61209
61217
61228
61237
61247
61256
61267
61275
61286
61295
61305
61314
61325
61333
61344
61353
61363
61372
61383
61391
61402
61411
61421
61430
61441
61449
61460
61469
61479
61488
61499
61507
61518
61527
61537
61546
61557
61565
61576
61585
61595
61604
61615
61623
61634
61643
61653
61662
61673
61681
61692
61701
61711
61720
61731
61739
61750
61759
61769
61778
61789
61798
61809
61818
61829
61838
61849
61858
61869
61878
61890
61899
61910
61919
61930
61939
61950
61959
61970
61979
61990
62000
62011
62020
62031
62040
62051
62060
62071
62080
62091
62100
62112
62121
62132
62141
62152
62161
62172
62181
62192
62201
62212
62222
62233
62242
62253
62262
62273
62282
62293
62302
62313
62322
62334
62343
62354
62363
62374
62383
62394
62403
62414
62423
62435
62444
62455
62464
62475
62484
62495
62504
62515
62524
62535
62545
62556
62565
62576
62585
62596
62605
62616
62625
62636
62645
62657
62666
62677
62686
62697
62706
62717
62726
62737
62748
62757
62768
62777
62788
62797
62808
62817
62828
62837
62848
62857
62868
62877
62888
62897
62908
62917
62928
62938
62949
62958
62969
62978
62989
62998
63009
63018
63029
63038
63049
63058
63069
63078
63089
63098
63109
63118
63129
63139
63150
63159
63170
63179
63190
63199
63210
63219
63230
63239
63250
63259
63270
63279
63290
63299
63310
63319
63330
63340
63351
63360
63371
63380
63391
63400
63411
63420
63431
63440
63451
63460
63471
63480
63491
63500
63511
63520
63531
63540
63548
63558
63566
63576
63584
63594
63602
63612
63619
63629
63637
63647
63655
63665
63673
63683
63691
63701
63708
63718
63726
63736
63744
63754
63762
63772
63780
63789
63797
63807
63815
63825
63833
63843
63851
63861
63869
63878
63886
63896
63904
63914
63922
63932
63940
63950
63957
63967
63975
63985
63993
64003
64011
64021
64029
64039
64046
64056
64064
64074
64082
64092
64100
64110
64118
64127
64135
64145
64153
64163
64171
64181
64189
64199
64207
64216
64224
64234
64248
64260
64275
64287
64301
64314
64328
64341
64355
64367
64382
64394
64408
64421
64435
64448
64462
64474
64489
64501
64515
64528
64542
64555
64569
64581
64596
64608
64622
64635
64649
64662
64676
64688
64703
64715
64729
64742
64756
64769
64783
64795
64810
64822
64837
64849
64863
64876
64890
64902
64917
64929
64944
64956
64970
64983
64997
65009
65024
65036
65051
65063
65077
65090
65104
65116
65131
65143
65158
65170
65184
65197
65210
65222
65236
65248
65262
65274
65288
65300
65314
65326
65340
65352
65366
65378
65392
65404
65418
65430
65444
65456
65470
65482
65496
65508
65522
65534
65548
65560
65574
65586
65600
65612
65626
65638
65652
65664
65677
65689
65703
65715
65729
65741
65755
65767
65781
65793
65807
65819
65833
65845
65859
65871
65885
65897
65911
65923
65937
65949
65963
65975
65989
66001
66015
66027
66041
66053
66067
66079
66093
66105
66119
66131
66145
66157
66169
66183
66193
66201
66211
66219
66229
66238
66248
66256
66266
66274
66284
66293
66303
66311
66321
66329
66340
66348
66358
66366
66376
66384
66395
66403
66413
66421
66431
66440
66450
66458
66468
66476
66486
66495
66505
66513
66523
66531
66542
66550
66560
66568
66578
66586
66597
66605
66615
66623
66633
66642
66652
66660
66670
66678
66688
66697
66707
66715
66725
66733
66744
66752
66762
66770
66780
66788
66799
66807
66817
66825
66835
66844
66854
66862
66872
66880
66890
66899
66909
66917
66927
66935
66946
66954
66964
66972
66982
66990
67001
67009
67019
67027
67037
67046
67056
67064
67074
67082
67092
67101
67111
67119
67129
67137
67148
67156
67166
67174
67184
67193
67203
67212
67222
67231
67241
67250
67260
67269
67280
67288
67299
67307
67318
67326
67337
67345
67356
67364
67375
67384
67394
67403
67413
67422
67432
67441
67451
67460
67470
67479
67490
67498
67509
67517
67528
67536
67547
67555
67566
67574
67585
67594
67604
67613
67623
67632
67642
67651
67661
67670
67680
67689
67700
67708
67719
67727
67738
67746
67757
67765
67776
67784
67795
67804
67814
67823
67833
67842
67852
67861
67871
67880
67890
67899
67910
67918
67929
67937
67948
67956
67967
67975
67986
67995
68005
68015
68023
68033
68042
68052
68060
68071
68079
68089
68098
68108
68116
68127
68135
68145
68154
68164
68172
68183
68191
68201
68209
68220
68228
68238
68247
68257
68265
68276
68284
68294
68303
68313
68321
68332
68340
68350
68359
68369
68377
68387
68396
68406
68414
68425
68433
68443
68452
68462
68470
68481
68489
68499
68508
68518
68526
68537
68545
68555
68564
68574
68582
68592
68601
68611
68619
68630
68638
68648
68657
68667
68675
68686
68694
68704
68713
68723
68731
68742
68750
68760
68768
68779
68787
68797
68806
68816
68824
68835
68843
68853
68862
68872
68880
68893
68904
68917
68929
68942
68953
68966
68978
68991
69002
69015
69027
69040
69051
69064
69076
69089
69100
69113
69125
69138
69149
69162
69174
69187
69198
69211
69223
69236
69247
69260
69272
69285
69296
69310
69321
69334
69345
69359
69370
69383
69394
69408
69419
69432
69443
69457
69468
69481
69492
69506
69517
69530
69541
69555
69566
69579
69590
69604
69615
69628
69639
69653
69664
69677
69688
69702
69713
69726
69736
69744
69755
69763
69773
69782
69792
69800
69811
69819
69829
69838
69848
69856
69867
69875
69886
69894
69904
69913
69923
69931
69942
69950
69960
69969
69979
69987
69998
70006
70016
70025
70035
70044
70054
70062
70073
70081
70091
70100
70110
70118
70129
70137
70147
70156
70166
70174
70185
70193
70204
70212
70222
70231
70241
70249
70260
70268
70278
70287
70297
70305
70316
70324
70334
70343
70353
70362
70372
70380
70391
70399
70409
70418
70428
70436
70447
70455
70465
70474
70486
70496
70509
70519
70532
70542
70555
70565
70577
70588
70600
70611
70623
70634
70646
70657
70669
70679
70692
70702
70715
70725
70738
70748
70760
70771
70783
70794
70806
70817
70829
70840
70852
70862
70875
70885
70898
70908
70921
70931
70944
70954
70966
70977
70989
71000
71012
71023
71035
71045
71058
71068
71081
71091
71104
71114
71127
71137
71149
71160
71172
71182
71190
71200
71208
71218
71226
71236
71244
71255
71263
71273
71281
71291
71299
71309
71317
71328
71336
71346
71354
71364
71372
71382
71390
71400
71409
71419
71427
71437
71445
71455
71463
71473
71482
71492
71500
71510
71518
71528
71536
71546
71554
71565
71573
71583
71591
71601
71609
71619
71627
71638
71646
71656
71664
71674
71682
71692
71700
71710
71719
71729
71737
71747
71755
71765
71773
71783
71792
71802
71810
71820
71828
71838
71846
71856
71865
71875
71883
71893
71901
71911
71919
71929
71937
71948
71956
71966
71974
71984
71992
72002
72010
72021
72029
72039
72047
72057
72065
72075
72083
72093
72102
72112
72120
72130
72138
72148
72156
72165
72172
72181
72188
72198
72205
72214
72221
72230
72238
72247
72254
72263
72271
72280
72287
72296
72303
72313
72320
72329
72336
72346
72353
72362
72369
72378
72386
72395
72402
72411
72419
72428
72435
72444
72451
72461
72468
72477
72484
72493
72501
72510
72517
72526
72534
72543
72550
72559
72566
72576
72583
72592
72599
72609
72616
72625
72632
72641
72649
72658
72665
72674
72682
72691
72698
72707
72714
72724
72731
72740
72747
72756
72764
72773
72780
72789
72797
72806
72813
72822
72829
72839
72846
72855
72862
72872
72879
72888
72895
72904
72912
72921
72928
72937
72945
72954
72961
72970
72977
72987
72994
73003
73010
73020
73027
73036
73043
73052
73060
73069
73076
73085
73092
73102
73109
73118
73127
73134
73143
73150
73160
73167
73176
73183
73193
73200
73209
73216
73226
73233
73242
73249
73259
73266
73275
73282
73292
73299
73308
73315
73325
73332
73341
73348
73358
73365
73374
73381
73391
73398
73407
73414
73424
73431
73440
73447
73457
73464
73473
73480
73490
73497
73506
73513
73523
73530
73539
73546
73556
73563
73572
73579
73589
73596
73605
73612
73622
73629
73638
73645
73655
73662
73671
73678
73688
73695
73704
73711
73721
73728
73737
73744
73754
73761
73770
73777
73787
73794
73803
73810
73820
73827
73836
73843
73853
73860
73869
73876
73886
73893
73902
73909
73918
73926
73935
73942
73951
73959
73968
73975
73984
73992
74001
74008
74017
74025
74034
74041
74050
74058
74067
74074
74083
74091
74103
74114
74126
74137
74149
74160
74172
74183
74196
74206
74219
74229
74242
74252
74265
74275
74288
74299
74311
74322
74334
74345
74357
74368
74381
74391
74404
74414
74427
74437
74450
74460
74473
74484
74496
74507
74519
74530
74542
74553
74565
74576
74589
74599
74612
74622
74635
74645
74658
74669
74681
74692
74704
74715
74727
74738
74750
74761
74774
74784
74797
74807
74820
74830
74843
74853
74861
74871
74879
74889
74897
74907
74915
74925
74934
74944
74952
74962
74970
74980
74988
74998
75006
75016
75025
75035
75043
75053
75061
75071
75079
75089
75097
75108
75116
75126
75134
75144
75152
75162
75170
75180
75188
75199
75207
75217
75225
75235
75243
75253
75261
75271
75280
75290
75298
75308
75316
75326
75334
75344
75352
75362
75371
75381
75389
75399
75407
75417
75425
75435
75443
75454
75462
75472
75480
75490
75498
75508
75516
75526
75534
75545
75553
75563
75571
75581
75589
75599
75607
75617
75626
75636
75644
75654
75664
75673
75684
75693
75703
75712
75723
75732
75742
75751
75762
75771
75782
75790
75801
75810
75821
75829
75840
75849
75860
75868
75879
75888
75899
75908
75918
75927
75938
75947
75957
75966
75977
75986
75997
76005
76016
76025
76036
76044
76055
76064
76075
76083
76094
76103
76114
76123
76133
76142
76153
76162
76172
76181
76192
76201
76212
76220
76231
76240
76251
76259
76270
76279
76290
76298
76309
76318
76329
76338
76348
76357
76368
76377
76387
76396
76407
76416
76426
76435
76446
76455
76466
76474
76485
76497
76508
76521
76532
76545
76556
76569
76580
76592
76603
76616
76627
76640
76651
76664
76675
76687
76698
76711
76722
76735
76746
76759
76770
76783
76793
76806
76817
76830
76841
76854
76865
76878
76888
76901
76912
76925
76936
76949
76960
76973
76984
76996
77007
77020
77031
77044
77055
77068
77079
77091
77102
77115
77126
77139
77150
77163
77174
77186
77197
77207
77215
77225
77233
77243
77252
77262
77270
77280
77288
77298
77307
77317
77325
77335
77343
77353
77362
77372
77380
77390
77398
77408
77417
77427
77435
77445
77453
77463
77472
77482
77490
77500
77508
77518
77527
77537
77545
77555
77563
77573
77582
77592
77600
77610
77618
77628
77637
77647
77655
77665
77673
77683
77692
77702
77710
77720
77728
77738
77747
77757
77765
77775
77783
77793
77802
77812
77820
77830
77838
77848
77857
77867
77875
77885
77893
77903
77912
77922
77930
77940
77948
77958
77967
77977
77985
77995
78003
78013
78022
78032
78040
78050
78058
78068
78077
78087
78097
78106
78117
78126
78137
78146
78157
78166
78177
78186
78197
78205
78216
78225
78236
78245
78256
78265
78276
78285
78296
78305
78315
78324
78335
78344
78355
78364
78375
78384
78395
78404
78415
78423
78434
78443
78454
78463
78474
78483
78494
78503
78514
78523
78533
78542
78553
78562
78573
78582
78593
78602
78613
78622
78633
78641
78652
78661
78672
78681
78692
78701
78712
78721
78732
78741
78751
78760
78771
78780
78791
78800
78811
78820
78831
78840
78851
78859
78870
78879
78890
78899
78910
78919
78930
78939
78950
78959
78973
78986
79001
79014
79028
79041
79056
79069
79083
79096
79111
79124
79139
79151
79166
79179
79194
79206
79221
79234
79249
79262
79276
79289
79304
79317
79331
79344
79359
79372
79387
79399
79414
79427
79442
79454
79469
79482
79497
79510
79524
79537
79552
79565
79579
79592
79607
79620
79635
79647
79662
79675
79690
79702
79717
79730
79745
79758
79772
79785
79800
79813
79827
79840
79855
79868
79883
79896
79908
79922
79934
79948
79960
79974
79986
80000
80012
80026
80038
80051
80063
80077
80089
80103
80115
80129
80141
80155
80167
80181
80193
80206
80218
80232
80244
80258
80270
80284
80296
80310
80322
80336
80348
80361
80373
80387
80399
80413
80425
80439
80451
80465
80477
80491
80503
80516
80528
80542
80554
80568
80580
80594
80606
80620
80632
80646
80658
80671
80683
80697
80706
80713
80723
80730
80740
80747
80757
80764
80773
80781
80790
80798
80807
80815
80824
80831
80841
80848
80858
80865
80875
80882
80891
80899
80908
80916
80925
80933
80942
80949
80959
80966
80976
80983
80993
81000
81010
81017
81026
81034
81043
81051
81060
81068
81077
81084
81094
81101
81111
81118
81128
81135
81144
81152
81161
81169
81178
81186
81195
81202
81212
81219
81229
81236
81246
81253
81263
81270
81279
81287
81296
81304
81313
81321
81330
81337
81347
81354
81364
81371
81381
81388
81397
81405
81414
81422
81431
81439
81448
81455
81465
81472
81482
81489
81499
81506
81515
81523
81532
81540
81549
81557
81566
81574
81588
81600
81614
81626
81641
81653
81667
81679
81693
81706
81720
81732
81746
81759
81773
81785
81799
81811
81826
81838
81852
81864
81878
81891
81905
81917
81931
81944
81958
81970
81984
81996
82011
82023
82037
82049
82063
82076
82090
82102
82116
82129
82143
82155
82169
82181
82196
82208
82222
82234
82249
82261
82275
82287
82301
82314
82328
82340
82354
82366
82381
82393
82407
82419
82434
82446
82460
82472
82486
82499
82513
82525
82539
82551
82566
82577
82586
82598
82607
82618
82628
82639
82648
82660
82669
82680
82690
82701
82710
82722
82731
82742
82752
82763
82772
82784
82793
82804
82814
82825
82834
82846
82855
82866
82876
82887
82896
82908
82917
82928
82938
82949
82958
82970
82979
82990
83000
83011
83020
83032
83041
83052
83062
83073
83082
83094
83103
83114
83124
83135
83144
83156
83165
83176
83186
83197
83206
83218
83227
83238
83248
83259
83268
83280
83289
83300
83310
83321
83330
83342
83351
83362
83372
83381
83391
83400
83411
83419
83430
83439
83449
83458
83468
83477
83488
83496
83507
83516
83526
83535
83545
83554
83565
83573
83584
83593
83603
83612
83623
83631
83642
83650
83661
83670
83680
83689
83700
83708
83719
83727
83738
83747
83757
83766
83777
83785
83796
83805
83815
83824
83834
83843
83854
83862
83873
83882
83892
83901
83911
83920
83931
83939
83950
83959
83969
83978
83989
83997
84008
84016
84027
84036
84046
84055
84066
84074
84085
84093
84104
84113
84123
84132
84143
84151
84162
84172
84181
84192
84201
84211
84220
84231
84240
84251
84259
84270
84279
84290
84299
84309
84318
84329
84338
84348
84357
84368
84377
84388
84396
84407
84416
84427
84436
84446
84455
84466
84475
84486
84494
84505
84514
84525
84533
84544
84553
84564
84573
84583
84592
84603
84612
84623
84631
84642
84651
84662
84670
84681
84690
84701
84710
84720
84729
84740
84749
84760
84768
84779
84788
84799
84808
84818
84827
84838
84847
84857
84866
84877
84886
84897
84905
84916
84925
84936
84945
84955
84964
84975
84984
84994
85003
85014
85023
85034
85042
85053
85062
85073
85087
85099
85113
85125
85139
85151
85165
85178
85192
85204
85218
85230
85244
85256
85270
85283
85297
85309
85323
85335
85349
85361
85375
85388
85402
85414
85428
85440
85454
85466
85481
85493
85507
85519
85533
85545
85559
85571
85586
85598
85612
85624
85638
85650
85664
85676
85691
85703
85717
85729
85743
85755
85769
85781
85796
85808
85822
85834
85848
85860
85874
85887
85901
85913
85927
85939
85953
85965
85979
85992
86006
86018
86032
86044
86058
86070
86081
86090
86101
86110
86121
86130
86141
86150
86161
86170
86181
86190
86201
86210
86222
86231
86242
86251
86262
86271
86282
86291
86302
86311
86322
86331
86342
86351
86362
86372
86383
86392
86403
86412
86423
86432
86443
86452
86463
86472
86483
86492
86503
86512
86524
86533
86544
86553
86564
86573
86584
86593
86604
86613
86624
86633
86644
86653
86664
86674
86685
86694
86705
86714
86725
86734
86745
86754
86765
86774
86785
86794
86805
86814
86826
86835
86846
86855
86866
86875
86886
86895
86906
86915
86926
86935
86946
86955
86966
86976
86987
86996
87005
87013
87022
87030
87039
87047
87056
87064
87073
87081
87090
87098
87107
87115
87124
87132
87141
87149
87158
87166
87175
87183
87192
87200
87209
87217
87226
87234
87243
87251
87260
87268
87277
87285
87294
87302
87311
87319
87328
87336
87345
87353
87362
87370
87379
87387
87396
87404
87414
87421
87431
87438
87448
87455
87465
87472
87482
87489
87499
87506
87516
87523
87533
87540
87550
87557
87567
87574
87584
87591
87601
87608
87618
87625
87635
87642
87652
87659
87669
87676
87686
87693
87703
87710
87720
87727
87737
87744
87754
87761
87771
87778
87788
87796
87804
87814
87821
87831
87842
87852
87863
87873
87884
87894
87905
87915
87927
87936
87948
87957
87969
87978
87990
88000
88011
88021
88032
88042
88053
88063
88074
88084
88096
88105
88117
88126
88138
88147
88159
88169
88180
88190
88201
88211
88222
88232
88243
88253
88265
88274
88286
88295
88307
88316
88328
88338
88349
88359
88370
88380
88391
88401
88412
88422
88434
88443
88455
88464
88476
88485
88497
88507
88518
88528
88539
88549
88560
88570
88581
88591
88603
88612
88624
88633
88645
88654
88666
88676
88687
88697
88708
88718
88729
88739
88751
88760
88772
88782
88791
88802
88811
88822
88831
88841
88850
88861
88870
88881
88890
88901
88909
88920
88929
88940
88949
88960
88969
88979
88988
88999
89008
89019
89028
89039
89047
89058
89067
89078
89087
89098
89106
89117
89126
89137
89146
89157
89166
89176
89185
89196
89205
89216
89225
89236
89244
89255
89264
89275
89284
89295
89304
89314
89323
89334
89343
89354
89363
89373
89382
89393
89402
89413
89422
89433
89441
89452
89461
89472
89481
89492
89501
89511
89520
89531
89540
89551
89560
89571
89579
89590
89599
89610
89619
89630
89638
89649
89658
89669
89680
89689
89701
89710
89721
89731
89742
89752
89763
89772
89784
89793
89805
89814
89825
89835
89846
89856
89867
89876
89888
89897
89909
89918
89929
89939
89950
89960
89971
89980
89992
90001
90013
90022
90033
90043
90054
90064
90075
90084
90096
90105
90117
90126
90137
90147
90158
90168
90179
90188
90200
90209
90221
90230
90241
90251
90262
90272
90283
90292
90304
90313
90325
90334
90345
90355
90366
90376
90387
90396
90408
90417
90429
90438
90449
90459
90470
90482
90492
90504
90515
90527
90537
90550
90560
90572
90583
90595
90605
90618
90628
90640
90651
90663
90673
90686
90696
90708
90719
90731
90741
90754
90764
90776
90787
90799
90809
90822
90832
90844
90855
90867
90877
90890
90900
90912
90923
90935
90945
90958
90968
90980
90991
91003
91013
91026
91036
91048
91059
91071
91081
91094
91104
91116
91127
91139
91149
91162
91172
91184
91195
91207
91217
91230
91240
91252
91263
91275
91285
91298
91308
91320
91331
91343
91353
91365
91375
91387
91397
91409
91419
91432
91442
91454
91464
91476
91486
91498
91509
91521
91531
91543
91553
91565
91576
91588
91598
91610
91620
91632
91642
91655
91665
91677
91687
91699
91709
91722
91732
91744
91754
91766
91776
91788
91799
91811
91821
91833
91843
91855
91866
91878
91888
91900
91910
91922
91932
91945
91955
91967
91977
91989
91999
92011
92022
92034
92044
92056
92066
92078
92089
92101
92112
92122
92134
92144
92155
92165
92177
92187
92198
92208
92220
92230
92241
92251
92263
92273
92284
92294
92306
92316
92327
92337
92349
92359
92370
92380
92392
92402
92413
92423
92435
92445
92456
92466
92478
92488
92499
92509
92521
92531
92542
92552
92564
92574
92585
92595
92607
92617
92628
92638
92650
92660
92671
92681
92693
92703
92714
92724
92736
92746
92757
92767
92779
92789
92800
92810
92822
92832
92843
92853
92865
92875
92886
92896
92908
92918
92929
92940
92950
92962
92971
92983
92993
93004
93014
93026
93035
93047
93057
93069
93078
93090
93100
93111
93121
93133
93142
93154
93164
93175
93185
93197
93207
93218
93228
93240
93249
93261
93271
93282
93292
93304
93314
93325
93335
93347
93356
93368
93378
93389
93399
93411
93420
93432
93442
93454
93463
93475
93485
93496
93506
93518
93527
93539
93549
93561
93570
93582
93592
93603
93613
93625
93634
93646
93656
93667
93677
93689
93699
93710
93720
93732
93741
93753
93763
93774
93784
93796
93806
93817
93827
93836
93844
93854
93862
93872
93880
93890
93898
93908
93916
93925
93933
93943
93951
93961
93969
93979
93987
93997
94005
94014
94022
94032
94040
94050
94058
94068
94076
94086
94094
94103
94111
94121
94129
94139
94147
94157
94165
94175
94183
94192
94200
94210
94218
94228
94236
94246
94254
94264
94272
94282
94289
94299
94307
94317
94325
94335
94343
94353
94361
94371
94378
94388
94396
94406
94414
94424
94432
94442
94450
94460
94467
94477
94485
94495
94503
94513
94521
94531
94544
94555
94568
94580
94593
94604
94618
94629
94642
94654
94667
94678
94691
94703
94716
94727
94741
94752
94765
94777
94790
94801
94815
94826
94839
94851
94863
94876
94887
94901
94912
94925
94937
94950
94961
94975
94986
94999
95011
95023
95036
95047
95061
95072
95085
95097
95110
95121
95135
95146
95159
95171
95183
95196
95207
95221
95232
95245
95257
95270
95281
95295
95306
95319
95331
95343
95356
95367
95381
95392
95405
95417
95430
95441
95455
95466
95479
95491
95502
95511
95522
95531
95542
95551
95562
95571
95582
95591
95602
95611
95622
95631
95642
95651
95662
95671
95682
95691
95702
95711
95722
95731
95742
95751
95762
95771
95782
95791
95802
95811
95822
95831
95842
95851
95862
95871
95882
95891
95902
95911
95922
95931
95942
95951
95962
95971
95982
95991
96002
96011
96022
96031
96042
96051
96062
96071
96082
96091
96102
96111
96122
96131
96142
96151
96162
96171
96182
96191
96205
96218
96233
96246
96261
96274
96289
96302
96317
96330
96345
96358
96373
96386
96401
96414
96429
96442
96457
96470
96485
96497
96512
96525
96540
96553
96568
96581
96596
96609
96624
96637
96652
96665
96680
96693
96708
96721
96736
96749
96764
96777
96791
96804
96819
96832
96847
96860
96875
96888
96903
96916
96931
96944
96959
96972
96987
97000
97015
97028
97041
97053
97067
97079
97093
97105
97119
97131
97144
97156
97170
97182
97196
97208
97222
97234
97247
97259
97273
97285
97299
97311
97325
97337
97350
97362
97376
97388
97402
97414
97428
97440
97453
97465
97479
97491
97505
97517
97531
97543
97556
97568
97582
97594
97608
97620
97634
97646
97659
97671
97685
97697
97711
97723
97737
97749
97760
97769
97781
97790
97801
97811
97822
97831
97843
97852
97863
97873
97884
97894
97905
97914
97926
97935
97946
97956
97967
97976
97988
97997
98009
98018
98029
98039
98050
98059
98071
98080
98091
98101
98112
98122
98133
98142
98154
98163
98174
98184
98195
98204
98216
98225
98237
98246
98257
98267
98278
98287
98299
98308
98319
98329
98340
98350
98361
98370
98382
98391
98402
98412
98423
98432
98444
98453
98465
98474
98485
98495
98506
98515
98527
98536
98544
98554
98562
98571
98579
98589
98597
98606
98614
98624
98632
98641
98649
98659
98667
98676
98684
98694
98702
98711
98719
98729
98737
98746
98754
98764
98772
98782
98789
98799
98807
98817
98824
98834
98842
98852
98859
98869
98877
98887
98894
98904
98912
98922
98929
98939
98947
98957
98964
98974
98982
98992
98999
99009
99017
99027
99035
99044
99052
99062
99070
99079
99087
99097
99105
99114
99122
99132
99140
99149
99157
99167
99175
99184
99192
99202
99210
99219
99227
99237
99249
99260
99272
99283
99296
99306
99319
99329
99342
99353
99365
99376
99388
99399
99412
99422
99435
99445
99458
99469
99481
99492
99504
99515
99528
99538
99551
99561
99574
99585
99597
99608
99620
99631
99644
99654
99667
99678
99690
99701
99713
99724
99737
99747
99760
99770
99783
99794
99806
99817
99829
99840
99853
99863
99876
99886
99899
99910
99922
99933
99945
99956
99969
99979
99992
100002
100015
100026
100038
100049
100061
100072
100085
100095
100108
100119
100131
100142
100154
