11
20
31
40
51
60
71
80
91
100
111
120
131
140
151
160
171
181
192
201
212
221
232
241
252
261
272
281
292
301
312
321
332
341
353
362
373
382
393
402
413
422
433
442
453
462
473
482
493
502
513
523
534
543
554
563
574
583
594
603
614
629
642
657
671
686
699
714
728
743
756
772
785
800
814
828
843
856
872
885
900
914
928
943
956
972
985
1000
1014
1028
1043
1056
1072
1085
1100
1114
1128
1143
1156
1172
1185
1200
1214
1228
1243
1256
1272
1285
1300
1314
1328
1343
1356
1372
1385
1400
1414
1428
1443
1456
1472
1485
1500
1514
1528
1536
1542
1550
1557
1565
1571
1580
1586
1594
1600
1609
1615
1623
1630
1638
1644
1653
1659
1667
1673
1682
1688
1696
1703
1711
1717
1725
1732
1740
1746
1755
1761
1769
1776
1784
1790
1798
1805
1813
1819
1828
1834
1842
1848
1857
1863
1871
1878
1886
1892
1901
1907
1915
1921
1930
1936
1944
1951
1959
1965
1973
1980
1988
1994
2003
2009
2017
2024
2032
2038
2046
2053
2061
2067
2076
2082
2090
2096
2105
2111
2119
2126
2134
2140
2149
2155
2163
2169
2178
2184
2192
2199
2207
2213
2222
2228
2236
2242
2251
2257
2265
2272
2280
2286
2294
2301
2309
2315
2324
2330
2338
2345
2353
2359
2367
2374
2382
2388
2397
2403
2411
2417
2426
2432
2440
2449
2456
2465
2473
2482
2489
2498
2506
2515
2522
2531
2539
2548
2555
2565
2572
2581
2588
2598
2605
2614
2621
2631
2638
2647
2655
2664
2671
2680
2688
2697
2704
2713
2721
2730
2737
2746
2754
2763
2770
2780
2787
2796
2803
2813
2820
2829
2836
2846
2853
2862
2870
2879
2886
2895
2903
2912
2919
2928
2936
2945
2952
2962
2969
2978
2985
2995
3002
3011
3018
3028
3035
3044
3051
3061
3068
3077
3085
3094
3101
3110
3118
3127
3134
3143
3151
3160
3167
3177
3184
3193
3200
3210
3217
3226
3241
3254
3269
3282
3297
3311
3326
3339
3354
3367
3383
3396
3411
3424
3439
3452
3468
3481
3496
3509
3524
3538
3553
3566
3581
3594
3609
3623
3638
3651
3666
3679
3695
3708
3723
3736
3751
3765
3780
3790
3798
3809
3817
3828
3836
3846
3855
3865
3874
3884
3892
3903
3911
3922
3930
3940
3949
3959
3968
3978
3986
3997
4005
4016
4024
4034
4043
4053
4062
4072
4080
4091
4099
4110
4118
4128
4137
4147
4156
4166
4174
4185
4193
4204
4212
4223
4231
4241
4250
4260
4269
4279
4287
4298
4306
4317
4325
4335
4344
4354
4363
4373
4381
4392
4400
4411
4419
4429
4438
4448
4457
4467
4475
4486
4494
4505
4513
4523
4532
4542
4551
4561
4569
4580
4588
4596
4603
4612
4619
4628
4635
4644
4651
4660
4666
4675
4682
4691
4698
4707
4714
4723
4730
4738
4745
4754
4761
4770
4777
4786
4793
4802
4809
4817
4824
4833
4840
4849
4856
4865
4872
4881
4888
4895
4904
4911
4920
4927
4936
4943
4952
4959
4967
4974
4983
4990
4999
5006
5015
5022
5031
5038
5045
5054
5061
5070
5077
5086
5093
5102
5109
5117
5124
5133
5140
5149
5156
5165
5172
5181
5188
5195
5204
5211
5220
5227
5236
5243
5252
5260
5267
5276
5283
5292
5299
5308
5314
5323
5330
5339
5346
5355
5362
5371
5377
5386
5393
5402
5409
5418
5425
5433
5440
5449
5456
5465
5472
5481
5488
5496
5503
5512
5519
5528
5535
5544
5551
5559
5566
5575
5582
5591
5598
5607
5613
5622
5629
5638
5645
5654
5661
5670
5676
5685
5692
5701
5708
5717
5724
5732
5739
5748
5755
5764
5771
5780
5787
5795
5802
5811
5818
5827
5834
5843
5850
5858
5865
5874
5881
5890
5897
5906
5912
5921
5928
5937
5944
5953
5960
5969
5975
5984
5991
6000
6007
6016
6023
6032
6038
6047
6054
6063
6070
6079
6086
6094
6101
6110
6117
6126
6134
6141
6150
6156
6165
6172
6180
6187
6196
6203
6211
6218
6227
6233
6242
6249
6258
6264
6273
6280
6288
6295
6304
6310
6319
6326
6335
6341
6350
6357
6365
6372
6381
6388
6396
6403
6412
6418
6427
6434
6442
6449
6458
6465
6473
6480
6489
6495
6504
6511
6520
6526
6535
6542
6550
6557
6566
6573
6581
6588
6597
6603
6612
6619
6627
6634
6643
6650
6658
6665
6674
6680
6689
6696
6705
6711
6720
6727
6735
6742
6751
6757
6766
6773
6782
6788
6797
6804
6812
6819
6828
6835
6843
6850
6859
6865
6874
6883
6890
6900
6907
6916
6924
6933
6941
6950
6957
6967
6974
6984
6991
7000
7008
7017
7024
7034
7041
7051
7058
7067
7075
7084
7092
7101
7108
7118
7125
7134
7142
7151
7159
7168
7175
7185
7192
7202
7209
7218
7226
7235
7242
7252
7259
7269
7276
7285
7293
7302
7310
7319
7326
7336
7343
7352
7360
7369
7377
7386
7393
7403
7410
7420
7427
7436
7444
7453
7461
7470
7477
7487
7494
7503
7511
7520
7528
7537
7544
7554
7561
7571
7578
7587
7595
7604
7611
7621
7628
7638
7645
7654
7662
7671
7679
7688
7695
7705
7712
7721
7730
7737
7746
7753
7763
7770
7779
7786
7796
7803
7812
7819
7829
7836
7845
7852
7862
7869
7878
7885
7895
7902
7911
7918
7928
7935
7944
7951
7961
7968
7977
7984
7993
8001
8010
8017
8026
8034
8043
8050
8059
8067
8076
8083
8092
8100
8109
8116
8125
8133
8142
8149
8158
8166
8175
8182
8191
8199
8208
8215
8224
8231
8241
8248
8257
8264
8274
8281
8290
8297
8307
8314
8323
8330
8342
8353
8366
8377
8390
8401
8414
8425
8438
8449
8461
8472
8485
8496
8509
8520
8533
8544
8557
8568
8580
8591
8604
8615
8628
8639
8652
8663
8676
8687
8700
8710
8723
8734
8747
8758
8771
8782
8795
8806
8819
8830
8841
8854
8865
8878
8889
8902
8913
8926
8937
8950
8960
8973
8984
8997
9008
9021
9032
9045
9056
9069
9080
9091
9104
9115
9128
9139
9152
9163
9176
9187
9200
9210
9221
9230
9242
9251
9262
9272
9283
9292
9304
9313
9325
9334
9345
9355
9366
9375
9387
9396
9408
9417
9428
9438
9449
9458
9470
9479
9491
9500
9511
9521
9532
9541
9553
9562
9574
9583
9594
9604
9615
9624
9636
9645
9656
9666
9677
9687
9698
9707
9719
9728
9739
9749
9760
9770
9781
9790
9802
9811
9822
9832
9843
9853
9864
9873
9885
9894
9905
9915
9926
9936
9947
9956
9968
9977
9988
9998
10009
10018
10030
10039
10051
10063
10073
10085
10095
10107
10117
10129
10139
10151
10161
10173
10183
10195
10205
10218
10228
10240
10250
10262
10272
10284
10294
10306
10316
10328
10338
10350
10360
10373
10383
10395
10405
10417
10427
10439
10449
10461
10471
10483
10493
10505
10515
10528
10538
10550
10560
10572
10582
10594
10604
10616
10626
10638
10648
10660
10670
10682
10693
10705
10715
10727
10737
10749
10759
10771
10781
10793
10803
10815
10825
10837
10848
10860
10870
10882
10892
10904
10914
10926
10936
10948
10958
10970
10980
10992
11002
11010
11020
11028
11038
11046
11057
11065
11075
11083
11093
11101
11112
11120
11130
11138
11148
11156
11167
11175
11185
11193
11203
11211
11222
11230
11240
11248
11258
11266
11276
11285
11295
11303
11313
11321
11331
11340
11350
11358
11368
11376
11386
11395
11405
11413
11423
11431
11441
11450
11460
11468
11478
11486
11496
11504
11515
11523
11533
11541
11551
11559
11568
11575
11585
11592
11602
11609
11619
11626
11636
11643
11653
11660
11670
11677
11687
11694
11704
11711
11721
11728
11738
11745
11755
11762
11772
11779
11788
11796
11805
11813
11822
11830
11839
11847
11856
11864
11873
11881
11890
11898
11907
11915
11924
11932
11941
11949
11958
11966
11975
11983
11992
11999
12009
12016
12026
12033
12043
12050
12060
12067
12077
12084
12094
12101
12111
12118
12128
12135
12145
12152
12162
12169
12179
12186
12196
12203
12213
12220
12229
12237
12246
12254
12263
12271
12280
12288
12297
12305
12315
12324
12335
12344
12354
12363
12374
12383
12394
12402
12413
12422
12433
12442
12452
12461
12472
12481
12491
12500
12511
12520
12531
12539
12550
12559
12570
12579
12589
12598
12609
12618
12629
12637
12648
12657
12668
12676
12687
12696
12707
12716
12726
12735
12746
12755
12766
12774
12785
12794
12805
12813
12824
12833
12844
12853
12863
12872
12883
12892
12903
12911
12922
12931
12942
12951
12961
12970
12981
12990
13000
13009
13020
13029
13040
13048
13059
13071
13082
13095
13106
13119
13130
13143
13154
13167
13177
13190
13201
13214
13225
13238
13249
13262
13273
13285
13296
13309
13320
13333
13344
13357
13368
13381
13392
13404
13415
13428
13439
13452
13463
13476
13487
13500
13510
13523
13534
13547
13558
13571
13582
13595
13606
13618
13629
13642
13653
13666
13677
13690
13701
13714
13725
13737
13748
13761
13772
13785
13796
13809
13820
13833
13843
13856
13867
13880
13891
13904
13915
13928
13939
13951
13962
13975
13986
13999
14008
14015
14024
14032
14041
14048
14057
14065
14074
14081
14090
14098
14107
14114
14124
14131
14140
14147
14157
14164
14173
14180
14190
14197
14206
14214
14223
14230
14239
14247
14256
14263
14272
14280
14289
14296
14305
14313
14322
14329
14339
14346
14355
14362
14372
14379
14388
14395
14405
14412
14421
14429
14438
14445
14454
14462
14471
14478
14487
14495
14504
14511
14521
14528
14537
14544
14554
14561
14570
14577
14587
14594
14603
14610
14620
14627
14636
14651
14665
14681
14695
14711
14725
14741
14754
14770
14784
14800
14814
14830
14844
14860
14873
14889
14903
14919
14933
14949
14963
14979
14992
15008
15022
15038
15052
15068
15082
15097
15111
15127
15141
15157
15171
15187
15201
15216
15230
15246
15260
15276
15290
15306
15320
15335
15349
15365
15379
15395
15409
15425
15438
15454
15468
15484
15498
15514
15528
15537
15544
15554
15561
15571
15578
15587
15595
15604
15612
15621
15628
15638
15645
15655
15662
15671
15679
15688
15696
15705
15713
15722
15729
15739
15746
15756
15763
15772
15780
15789
15797
15806
15813
15823
15830
15840
15847
15856
15864
15873
15881
15890
15898
15907
15914
15924
15931
15941
15948
15957
15965
15974
15982
15991
15998
16008
16015
16025
16032
16041
16049
16058
16066
16075
16083
16092
16099
16109
16116
16126
16133
16142
16150
16159
16167
16176
16183
16193
16200
16210
16217
16226
16234
16243
16251
16263
16273
16285
16295
16308
16318
16330
16340
16352
16363
16375
16385
16397
16407
16420
16430
16442
16452
16464
16475
16487
16497
16509
16519
16532
16542
16554
16564
16576
16587
16599
16609
16621
16631
16644
16654
16666
16676
16688
16699
16711
16721
16733
16743
16756
16766
16778
16788
16801
16811
16823
16833
16845
16856
16868
16878
16890
16900
16913
16923
16935
16945
16957
16971
16984
16999
17012
17027
17039
17054
17067
17082
17095
17110
17122
17137
17150
17165
17178
17193
17205
17220
17233
17248
17261
17275
17288
17303
17316
17331
17344
17358
17371
17386
17399
17414
17427
17441
17454
17469
17482
17497
17509
17524
17537
17552
17565
17576
17585
17597
17606
17617
17627
17638
17648
17659
17668
17680
17689
17701
17710
17721
17731
17742
17752
17763
17772
17784
17793
17805
17814
17825
17835
17846
17856
17867
17876
17888
17897
17909
17918
17929
17939
17950
17960
17971
17980
17992
18001
18013
18022
18033
18043
18054
18064
18075
18084
18096
18105
18117
18126
18137
18147
18158
18168
18179
18188
18200
18209
18221
18230
18241
18251
18262
18272
18283
18292
18304
18313
18325
18334
18345
18355
18366
18380
18393
18408
18420
18435
18448
18463
18475
18490
18503
18518
18530
18545
18558
18572
18585
18600
18613
18627
18640
18655
18668
18682
18695
18710
18722
18737
18750
18765
18777
18792
18805
18820
18832
18847
18860
18875
18887
18902
18915
18929
18942
18957
18970
18984
18997
19012
19025
19039
19052
19067
19079
19094
19107
19122
19134
19149
19162
19177
19191
19203
19218
19230
19245
19257
19271
19284
19298
19311
19325
19337
19352
19364
19379
19391
19405
19418
19432
19445
19459
19471
19486
19498
19513
19525
19540
19552
19566
19579
19593
19606
19620
19632
19647
19659
19674
19686
19700
19713
19727
19740
19754
19766
19781
19793
19808
19821
19832
19845
19857
19870
19881
19894
19906
19919
19930
19943
19955
19968
19979
19992
20004
20017
20028
20041
20053
20066
20077
20090
20102
20115
20126
20139
20151
20164
20175
20188
20200
20213
20224
20238
20249
20262
20273
20287
20298
20311
20322
20336
20347
20360
20371
20385
20396
20409
20420
20434
20445
20458
20469
20483
20494
20509
20522
20537
20550
20565
20578
20593
20606
20621
20634
20649
20663
20678
20691
20706
20719
20734
20747
20762
20775
20790
20803
20818
20832
20847
20860
20875
20888
20903
20916
20931
20944
20959
20972
20987
21001
21016
21029
21044
21052
21058
21067
21073
21081
21088
21096
21103
21111
21117
21126
21132
21140
21147
21155
21162
21170
21176
21185
21191
21199
21206
21214
21221
21229
21235
21244
21250
21258
21265
21273
21280
21288
21294
21303
21309
21317
21324
21332
21339
21347
21353
21362
21368
21376
21383
21391
21398
21406
21412
21421
21427
21435
21442
21450
21457
21465
21471
21480
21486
21494
21501
21509
21516
21524
21530
21539
21545
21553
21560
21568
21575
21583
21589
21598
21604
21612
21619
21627
21634
21642
21648
21657
21663
21671
21678
21686
21693
21701
21707
21716
21722
21730
21737
21745
21752
21760
21766
21775
21781
21789
21796
21804
21811
21819
21825
21834
21840
21848
21855
21863
21870
21878
21884
21893
21902
21909
21918
21925
21934
21941
21950
21958
21967
21974
21983
21990
21999
22006
22016
22023
22032
22039
22048
22055
22064
22072
22081
22088
22097
22104
22113
22120
22130
22137
22146
22153
22162
22169
22178
22186
22195
22202
22211
22218
22227
22234
22244
22251
22260
22267
22276
22283
22292
22300
22309
22316
22325
22332
22341
22348
22358
22365
22374
22381
22390
22397
22406
22414
22423
22430
22439
22446
22455
22462
22472
22479
22488
22495
22504
22511
22520
22528
22537
22544
22553
22560
22569
22576
22585
22593
22602
22609
22618
22625
22634
22641
22651
22658
22667
22674
22683
22690
22699
22707
22716
22723
22732
22739
22748
22755
22763
22770
22778
22785
22794
22800
22809
22815
22824
22831
22839
22846
22855
22861
22870
22876
22885
22892
22900
22907
22916
22922
22931
22937
22946
22953
22961
22968
22977
22983
22992
22998
23007
23014
23022
23029
23038
23044
23053
23059
23068
23075
23083
23090
23099
23105
23114
23120
23129
23136
23144
23151
23160
23166
23175
23181
23190
23197
23205
23212
23221
23227
23236
23242
23251
23258
23266
23273
23282
23288
23297
23303
23312
23319
23331
23341
23353
23363
23375
23385
23397
23407
23419
23429
23441
23452
23464
23474
23486
23496
23508
23518
23530
23540
23552
23562
23575
23585
23597
23607
23619
23629
23641
23651
23663
23673
23685
23696
23708
23718
23730
23740
23752
23762
23774
23784
23796
23806
23819
23829
23841
23851
23863
23873
23885
23895
23907
23917
23929
23940
23952
23962
23974
23984
23996
24006
24015
24022
24031
24039
24048
24055
24065
24072
24081
24088
24098
24105
24114
24122
24131
24138
24148
24155
24164
24171
24181
24188
24197
24205
24214
24221
24231
24238
24247
24254
24264
24271
24280
24288
24297
24304
24314
24321
24330
24337
24347
24354
24363
24371
24380
24387
24397
24404
24413
24420
24430
24437
24446
24454
24463
24470
24480
24487
24496
24503
24513
24520
24529
24537
24546
24553
24563
24570
24579
24586
24596
24603
24612
24620
24629
24636
24646
24653
24662
24669
24679
24686
24695
24703
24712
24719
24728
24736
24745
24752
24762
24769
24778
24786
24798
24808
24820
24830
24842
24852
24864
24874
24886
24896
24908
24918
24931
24941
24953
24963
24975
24985
24997
25007
25019
25029
25041
25051
25064
25074
25086
25096
25108
25118
25130
25140
25152
25162
25174
25184
25196
25207
25219
25229
25241
25251
25263
25273
25285
25295
25307
25317
25329
25340
25352
25362
25374
25384
25396
25406
25418
25428
25440
25450
25462
25472
25485
25496
25505
25516
25525
25536
25545
25556
25566
25577
25586
25597
25606
25617
25626
25637
25647
25658
25667
25678
25687
25698
25707
25718
25728
25739
25748
25759
25768
25779
25788
25799
25809
25820
25829
25840
25849
25860
25869
25880
25890
25901
25910
25921
25930
25941
25950
25961
25971
25982
25991
26002
26011
26022
26031
26042
26052
26063
26072
26083
26092
26103
26112
26123
26133
26144
26153
26164
26173
26186
26198
26211
26223
26237
26248
26262
26273
26287
26299
26312
26324
26338
26349
26363
26374
26388
26400
26413
26425
26438
26450
26464
26475
26489
26501
26514
26526
26539
26551
26565
26576
26590
26602
26615
26627
26640
26652
26666
26677
26691
26702
26716
26728
26741
26753
26767
26778
26792
26803
26817
26829
26841
26852
26864
26875
26888
26898
26911
26922
26934
26945
26958
26968
26981
26992
27004
27015
27028
27038
27051
27062
27074
27085
27098
27108
27121
27132
27144
27155
27168
27178
27191
27202
27214
27225
27238
27248
27261
27272
27284
27295
27308
27318
27331
27342
27354
27365
27378
27388
27401
27412
27424
27435
27448
27458
27471
27479
27486
27495
27501
27510
27517
27525
27532
27541
27547
27556
27563
27571
27578
27587
27593
27602
27609
27618
27624
27633
27640
27648
27655
27664
27670
27679
27686
27694
27701
27710
27716
27725
27732
27741
27747
27756
27763
27771
27778
27787
27793
27802
27809
27817
27824
27833
27839
27848
27855
27864
27870
27879
27886
27894
27901
27910
27916
27925
27932
27940
27947
27956
27962
27971
27978
27987
27993
28002
28009
28017
28024
28033
28039
28047
28054
28063
28069
28078
28085
28093
28100
28109
28115
28124
28131
28139
28146
28155
28161
28170
28177
28185
28192
28201
28207
28216
28223
28231
28238
28247
28253
28262
28269
28277
28284
28293
28299
28308
28315
28323
28330
28339
28345
28354
28361
28369
28376
28385
28391
28400
28407
28415
28422
28431
28437
28446
28453
28461
28468
28477
28484
28492
28499
28508
28514
28523
28530
28538
28545
28554
28560
28569
28576
28584
28591
28600
28606
28615
28623
28633
28641
28650
28658
28668
28676
28685
28693
28703
28711
28720
28728
28738
28746
28755
28763
28773
28781
28790
28798
28808
28816
28825
28833
28843
28851
28860
28868
28878
28886
28895
28903
28913
28921
28930
28938
28948
28956
28965
28973
28983
28991
29000
29008
29018
29026
29035
29043
29053
29061
29070
29078
29088
29096
29105
29113
29123
29131
29140
29148
29158
29166
29175
29183
29193
29201
29210
29218
29228
29236
29245
29253
29263
29271
29280
29288
29298
29306
29315
29323
29333
29341
29350
29358
29368
29376
29389
29400
29413
29425
29438
29449
29463
29474
29487
29499
29512
29523
29537
29548
29561
29573
29586
29597
29611
29622
29635
29647
29660
29671
29685
29696
29709
29721
29734
29745
29759
29770
29783
29795
29808
29819
29833
29844
29857
29869
29882
29893
29907
29918
29931
29943
29956
29967
29981
29992
30005
30017
30030
30041
30055
30066
30079
30091
30104
30115
30129
30140
30149
30160
30170
30181
30190
30202
30211
30222
30232
30243
30252
30263
30273
30284
30293
30305
30314
30325
30335
30346
30355
30366
30376
30387
30396
30408
30417
30428
30438
30449
30458
30469
30479
30490
30499
30511
30520
30531
30541
30552
30561
30572
30582
30593
30602
30614
30623
30634
30644
30655
30664
30675
30685
30696
30705
30717
30726
30737
30747
30758
30767
30778
30788
30799
30808
30820
30829
30840
30850
30859
30867
30877
30885
30894
30902
30912
30920
30930
30937
30947
30955
30965
30972
30982
30990
31000
31008
31017
31025
31035
31043
31052
31060
31070
31078
31088
31095
31105
31113
31123
31130
31140
31148
31158
31166
31175
31183
31193
31201
31210
31218
31228
31236
31246
31253
31263
31271
31281
31288
31298
31306
31316
31324
31333
31341
31351
31359
31368
31376
31386
31394
31404
31411
31421
31429
31439
31446
31456
31464
31474
31482
31491
31499
31509
31517
31526
31534
31544
31552
31562
31569
31579
31587
31597
31604
31614
31622
31632
31640
31649
31657
31667
31675
31684
31692
31702
31710
31720
31727
31737
31745
31755
31762
31772
31780
31790
31798
31804
31813
31819
31827
31834
31842
31849
31857
31863
31872
31878
31886
31893
31901
31908
31916
31922
31931
31937
31946
31952
31960
31967
31975
31982
31989
31997
32004
32012
32018
32027
32033
32042
32048
32056
32063
32071
32078
32085
32093
32100
32108
32114
32123
32129
32138
32144
32152
32159
32167
32174
32181
32189
32196
32204
32210
32219
32225
32234
32240
32248
32255
32263
32270
32277
32285
32292
32300
32306
32315
32321
32330
32336
32344
32351
32359
32366
32373
32381
32388
32396
32402
32411
32417
32426
32432
32440
32447
32455
32462
32469
32477
32484
32492
32498
32507
32513
32522
32537
32551
32566
32580
32595
32609
32625
32638
32654
32667
32683
32696
32712
32726
32741
32755
32770
32784
32800
32813
32829
32842
32858
32871
32887
32901
32916
32930
32945
32959
32975
32988
33004
33017
33033
33046
33062
33076
33091
33105
33120
33134
33149
33163
33179
33192
33208
33221
33237
33251
33266
33280
33295
33309
33317
33324
33332
33339
33348
33354
33363
33370
33378
33385
33394
33400
33409
33416
33424
33431
33440
33446
33455
33461
33470
33477
33485
33492
33501
33507
33516
33523
33531
33538
33547
33553
33562
33569
33577
33584
33592
33599
33608
33614
33623
33630
33638
33645
33654
33660
33669
33676
33684
33691
33700
33706
33715
33722
33730
33737
33745
33752
33761
33767
33776
33783
33791
33798
33807
33813
33822
33829
33837
33844
33853
33859
33868
33874
33883
33890
33898
33905
33914
33920
33929
33936
33944
33951
33960
33966
33975
33982
33990
33997
34005
34012
34021
34027
34036
34043
34051
34058
34067
34073
34082
34089
34097
34104
34113
34119
34129
34137
34148
34156
34167
34175
34186
34194
34205
34213
34224
34232
34242
34251
34261
34270
34280
34289
34299
34308
34318
34327
34337
34345
34356
34364
34375
34383
34394
34402
34413
34421
34432
34440
34450
34459
34469
34478
34488
34497
34507
34516
34526
34535
34545
34553
34564
34572
34583
34591
34602
34610
34621
34629
34640
34648
34659
34667
34677
34686
34696
34705
34715
34724
34734
34743
34753
34762
34772
34780
34791
34799
34810
34818
34829
34837
34848
34856
34867
34875
34885
34894
34904
34913
34923
34932
34942
34951
34961
34970
34980
34988
34999
35007
35018
35026
35037
35045
35055
35063
35073
35081
35091
35099
35109
35117
35127
35135
35145
35153
35163
35171
35181
35189
35199
35207
35217
35225
35235
35243
35253
35261
35271
35279
35289
35297
35307
35315
35325
35333
35343
35351
35361
35369
35379
35387
35397
35405
35415
35423
35433
35441
35451
35459
35469
35477
35487
35495
35505
35513
35523
35531
35541
35549
35559
35567
35577
35585
35595
35603
35613
35621
35631
35639
35649
35657
35667
35675
35685
35693
35703
35711
35721
35729
35739
35747
35757
35768
35778
35789
35799
35810
35820
35832
35841
35853
35862
35874
35884
35895
35905
35916
35926
35938
35947
35959
35968
35980
35990
36001
36011
36022
36032
36043
36053
36065
36074
36086
36095
36107
36117
36128
36138
36149
36159
36171
36180
36192
36201
36213
36223
36234
36244
36255
36265
36276
36286
36298
36307
36319
36328
36339
36348
36359
36369
36380
36389
36400
36410
36421
36430
36442
36451
36462
36471
36483
36492
36503
36513
36524
36533
36544
36554
36565
36574
36586
36595
36606
36615
36627
36636
36647
36657
36668
36677
36688
36698
36709
36718
36730
36739
36750
36759
36771
36780
36791
36801
36812
36821
36832
36842
36853
36862
36873
36883
36894
36903
36915
36924
36935
36944
36956
36965
36976
36986
36997
37006
37017
37027
37038
37047
37059
37068
37079
37088
37100
37110
37118
37128
37136
37146
37154
37164
37172
37182
37190
37200
37208
37218
37226
37236
37244
37254
37263
37273
37281
37291
37299
37309
37317
37327
37335
37345
37353
37363
37371
37381
37389
37399
37407
37417
37426
37436
37444
37454
37462
37472
37480
37490
37498
37508
37516
37526
37534
37544
37552
37562
37570
37580
37589
37599
37607
37617
37625
37635
37643
37653
37661
37671
37679
37689
37697
37707
37715
37725
37733
37744
37752
37762
37770
37780
37788
37798
37807
37815
37825
37833
37843
37851
37861
37869
37879
37887
37897
37905
37915
37923
37933
37940
37950
37958
37968
37976
37986
37994
38004
38012
38022
38030
38040
38048
38058
38066
38075
38083
38093
38101
38111
38119
38129
38137
38147
38155
38165
38173
38183
38191
38201
38209
38218
38226
38236
38244
38254
38262
38272
38280
38290
38298
38308
38316
38326
38334
38344
38351
38361
38369
38378
38385
38395
38402
38412
38419
38428
38436
38445
38453
38462
38470
38479
38486
38496
38503
38513
38520
38530
38537
38546
38554
38563
38571
38580
38588
38597
38604
38614
38621
38631
38638
38648
38655
38664
38672
38681
38689
38698
38706
38715
38722
38732
38739
38749
38756
38766
38773
38782
38790
38799
38807
38816
38824
38833
38840
38850
38857
38867
38874
38884
38891
38900
38908
38917
38925
38934
38942
38951
38958
38968
38975
38985
38992
39002
39009
39018
39026
39035
39043
39052
39060
39069
39076
39086
39093
39103
39110
39119
39127
39138
39147
39158
39167
39178
39187
39198
39207
39218
39227
39238
39247
39258
39267
39279
39288
39299
39308
39319
39328
39339
39348
39359
39368
39379
39388
39399
39408
39419
39429
39440
39449
39460
39469
39480
39489
39500
39509
39520
39529
39540
39549
39560
39569
39581
39590
39601
39610
39621
39630
39641
39650
39661
39670
39681
39690
39701
39710
39721
39731
39742
39751
39762
39771
39782
39791
39802
39811
39822
39831
39842
39851
39862
39871
39883
39892
39903
39912
39923
39932
39943
39952
39963
39972
39983
39992
40003
40012
40023
40033
40044
40053
40067
40080
40095
40108
40123
40136
40151
40164
40179
40192
40206
40219
40234
40247
40262
40275
40290
40303
40318
40331
40346
40358
40373
40386
40401
40414
40429
40442
40457
40470
40485
40497
40512
40525
40540
40553
40568
40581
40596
40609
40624
40637
40651
40664
40679
40692
40707
40720
40736
40750
40766
40781
40797
40811
40827
40842
40858
40872
40888
40903
40919
40933
40950
40964
40980
40994
41011
41025
41041
41055
41072
41086
41102
41116
41133
41147
41163
41178
41194
41208
41224
41239
41255
41269
41285
41300
41316
41330
41346
41356
41365
41376
41385
41395
41404
41415
41424
41435
41443
41454
41463
41474
41483
41493
41502
41513
41522
41532
41541
41552
41561
41572
41580
41591
41600
41611
41620
41630
41639
41650
41659
41670
41678
41689
41698
41709
41717
41728
41737
41748
41757
41767
41776
41787
41796
41807
41815
41826
41835
41846
41854
41865
41874
41885
41894
41904
41913
41924
41933
41944
41952
41963
41976
41987
42000
42012
42025
42036
42049
42061
42074
42085
42099
42110
42123
42134
42148
42159
42172
42184
42197
42208
42221
42233
42246
42257
42271
42282
42295
42306
42320
42331
42344
42356
42369
42380
42393
42405
42418
42429
42443
42454
42467
42478
42492
42503
42516
42527
42541
42552
42565
42577
42590
42601
42614
42626
42639
42650
42664
42675
42688
42699
42713
42724
42737
42749
42762
42773
42786
42798
42811
42822
42836
42847
42856
42863
42873
42880
42889
42897
42906
42913
42923
42930
42939
42947
42956
42963
42973
42980
42989
42997
43006
43014
43023
43030
43040
43047
43056
43064
43073
43080
43090
43097
43106
43114
43123
43130
43140
43147
43156
43164
43173
43181
43190
43197
43207
43214
43223
43231
43240
43247
43257
43264
43273
43281
43290
43297
43307
43314
43323
43331
43340
43348
43357
43364
43374
43381
43390
43398
43407
43414
43424
43431
43440
43448
43457
43464
43474
43481
43491
43498
43507
43515
43525
43533
43544
43552
43562
43571
43581
43590
43600
43608
43619
43627
43638
43646
43656
43665
43675
43684
43694
43702
43713
43721
43731
43740
43750
43759
43769
43777
43788
43796
43807
43815
43825
43834
43844
43853
43863
43871
43882
43890
43900
43909
43919
43928
43938
43946
43957
43965
43976
43984
43994
44003
44013
44022
44032
44040
44051
44059
44069
44078
44088
44101
44112
44126
44137
44150
44162
44175
44186
44200
44211
44224
44236
44249
44260
44274
44285
44298
44310
44323
44334
44348
44359
44372
44384
44397
44408
44422
44433
44447
44458
44471
44483
44496
44507
44521
44532
44545
44557
44570
44581
44595
44606
44619
44631
44644
44655
44669
44680
44693
44705
44718
44729
44743
44754
44768
44779
44792
44804
44817
44828
44842
44853
44866
44878
44891
44902
44916
44927
44940
44954
44966
44981
44993
45008
45020
45035
45047
45061
45074
45088
45101
45115
45128
45142
45155
45169
45181
45196
45208
45223
45235
45250
45262
45276
45289
45303
45316
45330
45343
45357
45370
45384
45396
45411
45423
45438
45450
45465
45477
45491
45504
45518
45531
45545
45558
45572
45585
45599
45611
45626
45638
45653
45665
45680
45689
45697
45707
45715
45725
45733
45743
45751
45761
45769
45779
45787
45797
45805
45815
45823
45833
45841
45851
45858
45868
45876
45886
45894
45904
45912
45922
45930
45940
45948
45958
45966
45976
45984
45994
46002
46012
46020
46029
46037
46047
46055
46065
46073
46083
46091
46101
46109
46119
46127
46137
46145
46155
46163
46173
46181
46191
46199
46208
46216
46226
46234
46244
46252
46262
46270
46280
46288
46298
46306
46316
46324
46334
46342
46352
46360
46370
46377
46387
46395
46405
46413
46423
46431
46441
46449
46459
46467
46477
46485
46495
46503
46515
46525
46537
46547
46559
46569
46581
46592
46604
46614
46626
46636
46648
46658
46671
46681
46693
46703
46715
46725
46737
46748
46760
46770
46782
46792
46804
46814
46827
46837
46849
46859
46871
46881
46893
46904
46916
46926
46938
46948
46960
46970
46983
46993
47005
47015
47027
47037
47049
47060
47072
47082
47094
47104
47116
47126
47139
47149
47161
47171
47183
47193
47205
47216
47228
47238
47250
47260
47272
47282
47295
47305
47317
47327
47339
47349
47361
47372
47381
47388
47398
47405
47415
47422
47432
47439
47448
47456
47465
47473
47482
47490
47499
47506
47516
47523
47533
47540
47550
47557
47566
47574
47583
47591
47600
47608
47617
47624
47634
47641
47651
47658
47668
47675
47685
47692
47701
47709
47718
47726
47735
47743
47752
47759
47769
47776
47786
47793
47803
47810
47819
47827
47836
47844
47853
47861
47870
47877
47887
47894
47904
47911
47921
47928
47938
47945
47954
47962
47971
47979
47988
47996
48005
48012
48022
48029
48039
48046
48056
48063
48072
48080
48089
48096
48106
48113
48123
48130
48140
48147
48157
48164
48174
48181
48190
48198
48207
48215
48224
48232
48241
48249
48258
48266
48275
48282
48292
48299
48309
48316
48326
48333
48343
48350
48360
48367
48376
48384
48393
48401
48410
48418
48427
48435
48444
48452
48461
48469
48478
48485
48495
48502
48512
48519
48529
48536
48546
48553
48563
48570
48579
48587
48596
48604
48613
48621
48630
48638
48647
48655
48664
48671
48681
48688
48698
48705
48715
48722
48732
48739
48750
48760
48772
48781
48793
48803
48815
48824
48836
48846
48858
48867
48879
48889
48901
48910
48922
48932
48943
48953
48965
48975
48986
48996
49008
49018
49029
49039
49051
49061
49072
49082
49094
49103
49115
49125
49137
49146
49158
49168
49180
49189
49201
49211
49223
49232
49244
49254
49265
49275
49287
49297
49308
49318
49330
49340
49351
49361
49373
49383
49394
49404
49416
49425
49437
49447
49459
49468
49480
49490
49502
49511
49523
49533
49545
49556
49566
49578
49588
49599
49609
49621
49631
49642
49652
49664
49674
49686
49695
49707
49717
49729
49738
49750
49760
49772
49781
49793
49803
49815
49825
49836
49846
49858
49868
49879
49889
49901
49911
49923
49932
49944
49954
49966
49975
49987
49997
50009
50018
50030
50040
50052
50062
50073
50083
50095
50105
50116
50126
50138
50148
50160
50169
50181
50191
50203
50212
50224
50234
50246
50255
50267
50277
50289
50299
50310
50320
50332
50342
50353
50363
50375
50384
50391
50401
50408
50417
50425
50434
50441
50451
50458
50468
50475
50484
50492
50501
50508
50518
50525
50534
50542
50551
50559
50568
50575
50585
50592
50601
50609
50618
50626
50635
50642
50652
50659
50668
50676
50685
50692
50702
50709
50719
50726
50735
50743
50752
50759
50769
50776
50786
50793
50802
50810
50819
50826
50836
50843
50852
50860
50869
50877
50886
50893
50903
50910
50919
50927
50936
50944
50953
50960
50970
50977
50986
50994
51003
51010
51020
51027
51037
51044
51053
51061
51070
51077
51087
51094
51104
51111
51120
51128
51137
51144
51154
51161
51170
51178
51187
51195
51204
51211
51221
51228
51237
51245
51254
51262
51271
51278
51288
51295
51309
51321
51336
51348
51362
51375
51389
51401
51416
51428
51442
51455
51469
51481
51496
51508
51522
51535
51549
51561
51576
51588
51603
51615
51629
51642
51656
51668
51683
51695
51709
51722
51736
51748
51763
51775
51789
51802
51816
51828
51843
51855
51869
51882
51896
51909
51923
51935
51950
51962
51976
51989
52003
52015
52030
52042
52050
52057
52066
52073
52082
52089
52098
52105
52114
52121
52130
52137
52146
52153
52162
52169
52178
52185
52194
52201
52210
52217
52226
52233
52242
52249
52258
52265
52274
52281
52290
52297
52306
52313
52322
52329
52338
52345
52354
52361
52370
52377
52386
52393
52402
52409
52418
52425
52434
52441
52450
52457
52466
52473
52482
52489
52498
52505
52514
52521
52530
52537
52546
52553
52562
52569
52578
52585
52594
52601
52610
52617
52626
52633
52642
52649
52658
52665
52674
52681
52690
52697
52706
52713
52722
52729
52738
52745
52754
52761
52770
52777
52786
52793
52802
52809
52818
52825
52834
52841
52853
52863
52875
52885
52898
52908
52920
52930
52942
52953
52965
52975
52987
52998
53010
53020
53032
53042
53055
53065
53077
53087
53099
53110
53122
53132
53144
53155
53167
53177
53189
53199
53212
53222
53234
53244
53256
53267
53279
53289
53301
53312
53324
53334
53346
53356
53369
53379
53391
53401
53413
53424
53436
53446
53458
53469
53481
53491
53503
53513
53526
53536
53548
53558
53570
53581
53593
53603
53615
53626
53638
53648
53660
53670
53683
53693
53705
53715
53727
53738
53748
53756
53766
53774
53784
53792
53802
53810
53820
53828
53838
53846
53856
53864
53874
53882
53892
53900
53910
53918
53928
53936
53946
53954
53964
53972
53982
53990
54000
54008
54018
54026
54036
54044
54055
54063
54073
54081
54091
54099
54109
54117
54127
54135
54145
54153
54163
54171
54181
54189
54199
54207
54217
54225
54235
54243
54253
54261
54271
54279
54289
54297
54307
54315
54325
54333
54343
54351
54362
54370
54380
54388
54398
54406
54416
54424
54434
54442
54452
54463
54473
54484
54494
54506
54516
54526
54538
54548
54558
54570
54580
54590
54602
54612
54622
54634
54644
54654
54666
54676
54686
54698
54708
54718
54730
54740
54750
54762
54772
54782
54794
54804
54814
54826
54836
54846
54858
54868
54878
54890
54900
54910
54922
54932
54942
54954
54964
54974
54986
54996
55006
55018
55028
55038
55050
55060
55070
55082
55092
55102
55114
55124
55134
55146
55157
55167
55179
55189
55201
55211
55223
55232
55244
55254
55266
55276
55288
55298
55310
55319
55331
55341
55353
55363
55375
55385
55396
55406
55418
55428
55440
55450
55462
55472
55483
55493
55505
55515
55527
55537
55549
55559
55570
55580
55592
55602
55614
55624
55636
55646
55656
55668
55678
55690
55700
55712
55722
55733
55743
55755
55765
55777
55787
55799
55809
55820
55830
55842
55852
55864
55874
55882
55889
55897
55904
55913
55919
55928
55935
55943
55950
55959
55965
55974
55981
55989
55996
56005
56011
56020
56027
56035
56042
56051
56057
56066
56073
56081
56088
56097
56103
56112
56119
56127
56134
56143
56149
56158
56165
56173
56180
56189
56195
56204
56211
56219
56226
56235
56241
56250
56257
56265
56272
56281
56287
56296
56303
56311
56318
56327
56333
56342
56349
56357
56364
56373
56379
56388
56395
56403
56410
56419
56425
56434
56441
56449
56456
56465
56471
56480
56487
56495
56502
56511
56517
56526
56533
56541
56549
56556
56565
56571
56580
56587
56596
56602
56611
56618
56627
56633
56642
56649
56658
56664
56673
56680
56689
56695
56704
56711
56720
56726
56735
56742
56751
56757
56766
56773
56781
56788
56797
56804
56812
56819
56828
56835
56843
56850
56859
56866
56874
56881
56890
56897
56905
56912
56921
56928
56936
56943
56952
56959
56967
56974
56983
56990
56998
57005
57014
57021
57028
57037
57044
57052
57059
57068
57075
57083
57090
57099
57106
57114
57121
57130
57137
57145
57152
57161
57168
57176
57183
57192
57199
57207
57214
57223
57230
57238
57245
57254
57261
57268
57277
57284
57292
57299
57308
57315
57323
57331
57338
57346
57353
57361
57368
57376
57383
57391
57398
57406
57413
57421
57428
57436
57443
57451
57458
57466
57473
57481
57488
57496
57503
57511
57518
57526
57533
57541
57548
57556
57563
57571
57578
57586
57593
57601
57608
57616
57623
57631
57638
57646
57653
57661
57668
57676
57683
57691
57698
57706
57713
57721
57728
57737
57743
57752
57758
57767
57773
57782
57788
57797
57803
57812
57818
57827
57833
57842
57848
57857
57863
57872
57878
57887
57893
57902
57908
57917
57923
57932
57938
57947
57953
57962
57968
57977
57983
57992
57998
58007
58013
58022
58028
58037
58043
58052
58062
58071
58081
58090
58100
58109
58120
58128
58139
58148
58157
58168
58176
58187
58196
58205
58216
58224
58235
58244
58253
58264
58272
58283
58292
58301
58312
58320
58331
58340
58349
58360
58368
58379
58388
58397
58408
58416
58427
58436
58445
58456
58464
58475
58484
58493
58504
58512
58523
58532
58541
58552
58560
58571
58580
58589
58600
58608
58619
58628
58637
58648
58656
58667
58676
58685
58696
58704
58715
58724
58733
58741
58750
58758
58767
58775
58785
58792
58802
58809
58819
58826
58836
58844
58853
58861
58870
58878
58887
58895
58905
58912
58922
58929
58939
58947
58956
58964
58973
58981
58990
58998
59008
59015
59025
59032
59042
59049
59059
59067
59076
59084
59093
59101
59110
59118
59128
59135
59145
59152
59162
59170
59179
59187
59196
59204
59213
59221
59231
59238
59248
59255
59265
59272
59282
59290
59299
59307
59316
59324
59334
59341
59351
59358
59368
59375
59385
59393
59402
59410
59419
59427
59436
59444
59454
59461
59471
59478
59488
59495
59505
59513
59522
59530
59539
59547
59557
59564
59574
59581
59591
59598
59608
59616
59625
59633
59642
59650
59660
59669
59680
59688
59699
59708
59718
59727
59738
59746
59757
59766
59776
59785
59796
59804
59815
59824
59834
59843
59854
59862
59873
59882
59892
59901
59912
59920
59931
59940
59950
59959
59970
59979
59989
59998
60009
60017
60028
60037
60047
60056
60067
60075
60086
60095
60105
60114
60125
60133
60144
60153
60163
60172
60183
60191
60202
60211
60221
60230
60241
60250
60259
60270
60279
60289
60298
60309
60317
60328
60337
60347
60356
60367
60375
60386
60395
60405
60414
60425
60433
60444
60453
60463
60472
60483
60491
60502
60511
60523
60534
60546
60557
60569
60580
60592
60603
60615
60626
60638
60649
60661
60672
60684
60695
60707
60718
60730
60741
60753
60764
60776
60787
60799
60810
60822
60833
60845
60856
60868
60879
60891
60902
60914
60925
60937
60948
60960
60971
60983
60994
61006
61017
61029
61040
61052
61063
61075
61086
61098
61109
61121
61132
61144
61155
61167
61178
61190
61201
61213
61224
61236
61247
61259
61270
61282
61293
61305
61316
61328
61339
61351
61365
61377
61391
61403
61417
61429
61443
61455
61469
61482
61496
61508
61522
61534
61548
61560
61574
61586
61600
61613
61627
61639
61653
61665
61679
61691
61705
61717
61731
61744
61758
61770
61784
61796
61810
61822
61836
61848
61862
61875
61889
61901
61915
61927
61941
61953
61967
61979
61993
62006
62020
62032
62046
62058
62072
62084
62098
62111
62123
62135
62148
62160
62173
62185
62198
62210
62223
62235
62248
62260
62273
62285
62298
62310
62323
62335
62348
62360
62373
62385
62398
62410
62423
62435
62448
62460
62473
62485
62498
62510
62523
62535
62548
62560
62573
62585
62598
62610
62623
62635
62648
62660
62673
62685
62698
62710
62723
62734
62743
62754
62763
62774
62783
62794
62803
62814
62823
62834
62843
62854
62863
62875
62884
62895
62904
62915
62924
62935
62944
62955
62964
62975
62984
62995
63004
63015
63025
63036
63045
63056
63065
63076
63085
63096
63105
63116
63125
63136
63145
63156
63165
63177
63186
63197
63206
63217
63226
63237
63246
63257
63266
63277
63286
63297
63306
63317
63327
63338
63347
63358
63367
63378
63387
63398
63407
63418
63427
63438
63447
63458
63467
63479
63488
63499
63508
63519
63528
63539
63548
63559
63568
63579
63588
63599
63608
63617
63625
63635
63643
63653
63661
63671
63679
63689
63697
63707
63715
63725
63733
63743
63751
63761
63769
63779
63786
63796
63804
63814
63822
63832
63840
63850
63858
63868
63876
63886
63894
63904
63912
63922
63930
63940
63948
63957
63965
63975
63983
63993
64001
64011
64019
64029
64037
64047
64055
64065
64073
64083
64091
64101
64109
64119
64127
64136
64144
64154
64162
64172
64180
64190
64198
64208
64216
64226
64234
64244
64252
64262
64270
64280
64288
64298
64305
64315
64323
64333
64341
64351
64359
64369
64377
64387
64395
64405
64413
64423
64431
64441
64451
64459
64469
64477
64488
64496
64506
64514
64525
64533
64543
64551
64561
64570
64580
64588
64598
64607
64617
64625
64635
64644
64654
64662
64672
64681
64690
64700
64708
64718
64727
64737
64745
64755
64764
64774
64782
64792
64801
64810
64820
64828
64838
64847
64857
64865
64875
64884
64894
64902
64912
64921
64930
64940
64948
64958
64967
64977
64985
64995
65004
65014
65022
65032
65041
65050
65058
65068
65075
65085
65093
65102
65110
65120
65128
65137
65145
65155
65162
65172
65180
65189
65197
65207
65215
65224
65232
65242
65249
65259
65267
65276
65284
65294
65302
65311
65319
65329
65336
65346
65354
65363
65371
65381
65389
65398
65406
65416
65423
65433
65441
65450
65458
65468
65476
65485
65493
65503
65510
65520
65528
65538
65545
65555
65563
65572
65580
65590
65597
65607
65615
65625
65632
65642
65650
65659
65667
65677
65684
65694
65702
65712
65719
65729
65737
65746
65754
65764
65771
65781
65789
65799
65806
65816
65824
65833
65841
65851
65858
65868
65876
65886
65893
65903
65911
65920
65928
65938
65946
65954
65961
65969
65976
65984
65991
65999
66006
66014
66021
66030
66036
66045
66051
66060
66066
66075
66081
66090
66097
66105
66112
66120
66127
66135
66142
66150
66157
66166
66172
66181
66187
66196
66202
66211
66217
66226
66232
66241
66248
66256
66263
66271
66278
66286
66293
66301
66308
66317
66323
66332
66338
66347
66353
66362
66368
66377
66384
66392
66399
66407
66414
66422
66429
66437
66444
66452
66459
66468
66474
66483
66489
66498
66504
66513
66519
66528
66535
66543
66550
66558
66565
66573
66580
66588
66596
66603
66611
66618
66626
66633
66641
66648
66656
66663
66671
66678
66686
66693
66701
66708
66716
66723
66731
66738
66746
66753
66761
66768
66776
66783
66791
66798
66806
66813
66821
66828
66836
66843
66851
66858
66866
66873
66881
66888
66896
66903
66911
66918
66926
66933
66941
66948
66956
66963
66971
66978
66986
66993
67002
67008
67017
67023
67032
67038
67047
67053
67062
67068
67077
67083
67092
67098
67107
67113
67122
67128
67137
67143
67152
67158
67167
67173
67182
67188
67197
67203
67212
67218
67227
67233
67242
67248
67257
67263
67272
67278
67287
67293
67302
67308
67317
67323
67332
67338
67347
67353
67362
67368
67377
67383
67392
67399
67407
67414
67422
67433
67443
67455
67464
67476
67486
67498
67507
67519
67529
67540
67550
67562
67572
67583
67593
67605
67615
67626
67636
67648
67657
67669
67679
67691
67700
67712
67722
67733
67743
67755
67765
67776
67786
67798
67808
67819
67829
67841
67850
67862
67872
67884
67893
67905
67915
67927
67936
67948
67958
67969
67979
67991
68001
68012
68022
68034
68043
68055
68065
68077
68086
68098
68108
68120
68129
68141
68151
68162
68172
68184
68194
68205
68215
68227
68235
68242
68250
68257
68265
68272
68280
68287
68295
68302
68310
68317
68325
68332
68340
68347
68355
68362
68370
68377
68385
68392
68400
68407
68415
68422
68430
68437
68445
68452
68460
68467
68475
68482
68490
68497
68505
68512
68520
68527
68535
68542
68550
68557
68565
68572
68580
68587
68595
68602
68610
68617
68625
68632
68640
68647
68655
68662
68670
68677
68685
68692
68700
68707
68715
68722
68730
68737
68745
68752
68760
68767
68775
68782
68790
68797
68805
68812
68820
68827
68835
68842
68850
68857
68865
68872
68880
68887
68895
68902
68910
68917
68925
68932
68940
68947
68955
68962
68970
68977
68985
68992
69000
69007
69015
69024
69031
69040
69047
69056
69063
69072
69079
69088
69096
69105
69112
69121
69128
69137
69144
69153
69160
69169
69177
69186
69193
69202
69209
69218
69225
69234
69241
69250
69258
69267
69274
69283
69290
69299
69306
69315
69322
69332
69339
69348
69355
69364
69371
69380
69387
69396
69403
69413
69420
69429
69436
69445
69452
69461
69468
69477
69484
69494
69501
69510
69517
69526
69533
69542
69549
69558
69565
69575
69582
69591
69598
69607
69614
69623
69630
69639
69648
69655
69665
69672
69681
69689
69698
69706
69715
69722
69732
69739
69749
69756
69765
69773
69782
69790
69799
69806
69816
69823
69833
69840
69849
69857
69866
69874
69883
69890
69900
69907
69917
69924
69933
69941
69950
69958
69967
69974
69984
69991
70001
70008
70017
70025
70034
70042
70051
70058
70068
70075
70085
70092
70101
70109
70118
70126
70135
70142
70152
70159
70169
70176
70185
70193
70202
70210
70219
70228
70235
70244
70252
70261
70268
70277
70285
70294
70301
70310
70318
70327
70334
70343
70351
70360
70367
70376
70384
70393
70400
70409
70417
70426
70433
70442
70450
70459
70466
70475
70483
70492
70499
70508
70516
70525
70532
70541
70549
70558
70565
70574
70582
70591
70598
70607
70615
70624
70631
70640
70648
70657
70664
70673
70681
70690
70697
70706
70714
70723
70730
70739
70747
70756
70763
70772
70780
70789
70796
70805
70813
70822
70829
70838
70846
70855
70862
70871
70879
70888
70895
70905
70912
70921
70929
70939
70946
70956
70964
70973
70981
70991
70998
71008
71016
71025
71033
71043
71050
71060
71068
71077
71085
71095
71102
71112
71120
71129
71137
71147
71154
71164
71172
71181
71189
71199
71207
71216
71224
71234
71241
71251
71259
71268
71276
71286
71293
71303
71311
71320
71328
71338
71345
71355
71363
71372
71380
71390
71397
71407
71415
71424
71432
71442
71449
71459
71467
71476
71484
71494
71502
71511
71519
71529
71536
71546
71554
71563
71571
71581
71588
71598
71606
71614
71621
71630
71637
71645
71652
71661
71668
71676
71683
71692
71699
71708
71714
71723
71730
71739
71745
71754
71761
71770
71776
71785
71792
71801
71808
71816
71823
71832
71839
71847
71854
71863
71870
71879
71885
71894
71901
71910
71916
71925
71932
71941
71947
71956
71963
71972
71979
71987
71994
72003
72010
72018
72025
72034
72041
72050
72056
72065
72072
72081
72087
72096
72103
72112
72118
72127
72134
72143
72150
72158
72165
72174
72181
72189
72196
72205
72212
72220
72227
72236
72243
72252
72258
72267
72274
72283
72289
72298
72305
72314
72321
72329
72336
72345
72352
72360
72367
72376
72383
72391
72398
72407
72414
72423
72429
72438
72445
72454
72460
72469
72483
72496
72510
72523
72538
72550
72565
72577
72592
72605
72619
72632
72646
72659
72674
72686
72701
72713
72728
72741
72755
72768
72782
72795
72810
72822
72837
72849
72864
72877
72891
72904
72918
72931
72946
72958
72973
72986
73000
73013
73027
73040
73055
73067
73082
73094
73109
73122
73136
73149
73163
73176
73191
73203
73218
73230
73245
73258
73272
73285
73299
73312
73327
73339
73354
73363
73370
73379
73387
73396
73403
73413
73420
73429
73437
73446
73453
73463
73470
73479
73487
73496
73503
73513
73520
73529
73537
73546
73553
73563
73570
73579
73587
73596
73603
73613
73620
73629
73637
73646
73653
73663
73670
73679
73687
73696
73703
73713
73720
73729
73737
73746
73753
73763
73770
73779
73787
73796
73803
73813
73820
73829
73836
73846
73853
73862
73870
73879
73886
73896
73903
73912
73920
73929
73936
73946
73953
73962
73970
73979
73986
73996
74007
74016
74027
74036
74047
74056
74067
74076
74087
74096
74107
74116
74127
74137
74148
74157
74168
74177
74188
74197
74208
74217
74228
74237
74248
74257
74269
74278
74289
74298
74309
74318
74329
74338
74349
74358
74369
74378
74389
74399
74410
74419
74430
74439
74450
74459
74470
74479
74490
74499
74510
74519
74531
74540
74551
74560
74573
74584
74597
74609
74622
74633
74646
74658
74671
74682
74695
74707
74720
74731
74745
74756
74769
74780
74794
74805
74818
74829
74843
74854
74867
74879
74892
74903
74916
74928
74941
74952
74965
74977
74990
75001
75014
75026
75039
75050
75064
75075
75088
75099
75113
75124
75137
75148
75162
75173
75186
75198
75211
75223
75233
75245
75255
75268
75278
75290
75300
75313
75323
75335
75345
75358
75368
75380
75390
75403
75413
75425
75435
75448
75458
75470
75480
75493
75503
75515
75525
75538
75548
75560
75570
75583
75593
75605
75615
75628
75638
75650
75660
75673
75683
75695
75705
75718
75728
75740
75750
75763
75773
75785
75795
75808
75818
75830
75840
75853
75863
75875
75885
75898
75908
75920
75929
75936
75945
75952
75961
75968
75977
75984
75993
76000
76009
76016
76025
76032
76041
76048
76057
76064
76073
76080
76089
76096
76105
76113
76122
76129
76138
76145
76154
76161
76170
76177
76186
76193
76202
76209
76218
76225
76234
76241
76250
76257
76266
76273
76282
76289
76299
76306
76315
76322
76331
76338
76347
76354
76363
76370
76379
76386
76395
76402
76411
76418
76427
76434
76443
76450
76459
76466
76475
76483
76492
76499
76508
76515
76524
76531
76540
76547
76556
76563
76572
76579
76588
76595
76607
76618
76631
76642
76654
76665
76678
76689
76702
76712
76725
76736
76749
76760
76772
76783
76796
76807
76819
76830
76843
76854
76867
76877
76890
76901
76914
76925
76937
76948
76961
76972
76984
76995
77008
77019
77032
77042
77055
77066
77079
77090
77102
77113
77126
77137
77150
77160
77173
77184
77197
77207
77220
77231
77244
77255
77267
77278
77291
77302
77315
77325
77338
77349
77362
77372
77386
77399
77414
77426
77441
77454
77469
77481
77496
77509
77524
77536
77551
77564
77579
77591
77606
77619
77634
77646
77661
77674
77689
77701
77716
77729
77744
77756
77771
77784
77799
77811
77826
77839
77854
77866
77881
77894
77909
77921
77936
77949
77964
77976
77991
78004
78019
78031
78046
78059
78074
78086
78101
78114
78129
78141
78156
78169
78183
78192
78199
78208
78215
78224
78231
78240
78247
78256
78264
78273
78280
78289
78296
78305
78312
78321
78328
78337
78345
78354
78361
78370
78377
78386
78393
78402
78409
78418
78426
78435
78442
78451
78458
78467
78474
78483
78490
78500
78507
78516
78523
78532
78539
78548
78555
78564
78571
78581
78588
78597
78604
78613
78620
78629
78636
78645
78652
78662
78669
78678
78685
78694
78701
78710
78717
78726
78733
78743
78750
78759
78766
78775
78782
78791
78798
78807
78815
78824
78831
78840
78847
78856
78864
78871
78880
78887
78895
78902
78911
78918
78926
78933
78942
78949
78958
78964
78973
78980
78989
78995
79004
79011
79020
79026
79035
79042
79051
79058
79066
79073
79082
79089
79097
79104
79113
79120
79129
79135
79144
79151
79160
79166
79175
79182
79191
79197
79206
79213
79222
79229
79237
79244
79253
79260
79268
79275
79284
79291
79300
79306
79315
79322
79331
79337
79346
79353
79362
79368
79377
79384
79393
79400
79408
79415
79424
79431
79442
79452
79464
79474
79486
79496
79507
79517
79529
79539
79551
79561
79573
79582
79594
79604
79616
79626
79638
79647
79659
79669
79681
79691
79703
79713
79724
79734
79746
79756
79768
79778
79790
79799
79811
79821
79833
79843
79855
79864
79876
79886
79898
79908
79920
79930
79941
79951
79963
79973
79985
79995
80007
80016
80028
80038
80050
80060
80072
80083
80092
80104
80113
80125
80134
80146
80155
80167
80176
80187
80197
80208
80218
80229
80239
80250
80260
80271
80281
80292
80301
80313
80322
80334
80343
80355
80364
80376
80385
80397
80406
80417
80427
80438
80448
80459
80469
80480
80490
80501
80511
80522
80531
80543
80552
80564
80573
80585
80594
80606
80615
80627
80636
80647
80657
80668
80678
80689
80699
80710
80720
80731
80743
80754
80767
80778
80791
80802
80814
80825
80838
80849
80862
80873
80885
80896
80909
80920
80933
80944
80956
80967
80980
80991
81004
81015
81027
81038
81051
81062
81075
81086
81098
81109
81122
81133
81146
81157
81169
81180
81193
81204
81217
81228
81240
81251
81264
81275
81288
81299
81311
81322
81335
81346
81359
81370
81382
81393
81406
81417
81430
81441
81453
81464
81477
81488
81501
81512
81524
81535
81548
81559
81569
81578
81589
81598
81609
81618
81629
81638
81649
81658
81669
81678
81689
81698
81709
81718
81729
81738
81749
81758
81768
81777
81788
81797
81808
81817
81828
81837
81848
81857
81868
81877
81888
81897
81908
81917
81928
81937
81948
81957
81967
81976
81987
81996
82007
82016
82027
82036
82047
82056
82067
82076
82087
82096
82107
82116
82127
82136
82147
82156
82166
82175
82186
82195
82206
82215
82226
82235
82246
82255
82266
82275
82286
82295
82306
82315
82327
82338
82351
82361
82374
82385
82398
82408
82421
82432
82444
82455
82468
82479
82491
82502
82515
82525
82538
82549
82562
82572
82585
82596
82608
82619
82632
82643
82655
82666
82679
82690
82701
82714
82725
82737
82748
82761
82772
82784
82795
82808
82818
82831
82842
82855
82865
82878
82889
82901
82912
82925
82936
82948
82959
82972
82982
82995
83006
83019
83029
83042
83053
83065
83076
83089
83100
83112
83123
83136
83147
83159
83170
83183
83193
83206
83217
83230
83240
83253
83264
83276
83286
83298
83308
83320
83331
83343
83353
83365
83375
83387
83398
83410
83420
83432
83442
83454
83465
83477
83487
83499
83509
83521
83532
83544
83554
83566
83576
83589
83599
83611
83621
83633
83643
83656
83666
83678
83688
83700
83710
83723
83733
83745
83755
83767
83777
83790
83800
83812
83822
83834
83848
83860
83874
83886
83901
83913
83927
83939
83953
83966
83980
83992
84006
84019
84033
84045
84059
84071
84086
84098
84112
84124
84138
84151
84165
84177
84191
84204
84218
84230
84244
84256
84271
84283
84297
84309
84323
84336
84350
84362
84376
84389
84403
84415
84429
84441
84456
84468
84482
84494
84509
84518
84526
84535
84543
84552
84560
84569
84577
84586
84594
84603
84611
84620
84628
84637
84645
84654
84662
84671
84679
84688
84696
84706
84713
84723
84730
84740
84747
84757
84764
84774
84781
84791
84798
84808
84815
84825
84832
84842
84849
84859
84866
84876
84884
84892
84902
84909
84919
84926
84936
84943
84953
84960
84970
84977
84987
84994
85004
85011
85021
85028
85038
85045
85055
85062
85072
85080
85089
85097
85106
85114
85123
85131
85140
85148
85157
85165
85174
85182
85191
85199
85208
85216
85225
85233
85242
85250
85259
85267
85277
85284
85294
85301
85311
85318
85328
85335
85345
85352
85364
85374
85386
85397
85409
85419
85431
85442
85454
85464
85476
85487
85499
85509
85522
85532
85544
85554
85567
85577
85589
85599
85612
85622
85634
85644
85657
85667
85679
85690
85702
85712
85724
85735
85747
85757
85769
85780
85792
85802
85814
85825
85837
85847
85860
85870
85882
85892
85905
85915
85927
85939
85949
85962
85972
85984
85995
86007
86018
86030
86040
86053
86063
86076
86086
86098
86109
86121
86132
86144
86154
86167
86177
86190
86200
86212
86223
86235
86246
86258
86268
86281
86291
86304
86314
86326
86337
86349
86360
86372
86382
86395
86405
86418
86428
86440
86451
86463
86474
86486
86495
86502
86511
86518
86527
86534
86543
86551
86560
86567
86576
86583
86592
86599
86609
86616
86625
86632
86641
86648
86657
86664
86674
86681
86690
86697
86706
86713
86722
86730
86739
86746
86755
86762
86771
86778
86788
86795
86804
86811
86820
86827
86836
86843
86853
86860
86869
86876
86885
86892
86901
86909
86918
86925
86934
86941
86950
86957
86966
86974
86983
86990
86999
87006
87015
87022
87032
87039
87048
87055
87064
87071
87080
87088
87097
87104
87113
87120
87129
87136
87145
87153
87162
87169
87178
87185
87194
87201
87211
87218
87227
87234
87243
87250
87259
87267
87276
87283
87292
87299
87308
87315
87324
87332
87341
87348
87357
87364
87373
87380
87390
87397
87406
87416
87425
87436
87444
87455
87464
87475
87483
87494
87503
87514
87522
87533
87542
87552
87561
87572
87581
87591
87600
87611
87620
87630
87639
87650
87659
87669
87678
87689
87697
87708
87717
87728
87736
87747
87756
87767
87775
87786
87795
87806
87814
87825
87834
87844
87853
87864
87873
87883
87892
87903
87912
87922
87931
87942
87951
87961
87970
87981
87989
88000
88009
88020
88028
88039
88048
88059
88067
88078
88087
88102
88116
88132
88145
88161
88175
88190
88204
88220
88233
88249
88263
88278
88292
88308
88321
88337
88351
88366
88380
88396
88409
88425
88439
88454
88468
88484
88497
88513
88527
88542
88556
88572
88585
88601
88615
88630
88644
88660
88673
88689
88703
88718
88732
88748
88761
88777
88791
88806
88820
88836
88849
88865
88879
88894
88908
88924
88937
88953
88964
88974
88986
88996
89008
89018
89030
89039
89051
89061
89073
89083
89095
89105
89116
89126
89138
89148
89160
89170
89182
89191
89203
89213
89225
89235
89247
89257
89268
89278
89290
89300
89312
89322
89334
89343
89355
89365
89377
89387
89399
89409
89420
89430
89442
89452
89464
89474
89486
89495
89507
89517
89529
89539
89551
89561
89573
89582
89594
89604
89616
89626
89638
89648
89659
89669
89681
89691
89703
89713
89725
89734
89746
89756
89768
89779
89789
89800
89810
89821
89831
89842
89852
89863
89873
89884
89894
89906
89915
89927
89936
89948
89957
89969
89978
89990
89999
90011
90021
90032
90042
90053
90063
90074
90084
90095
90105
90116
90126
90138
90147
90159
90168
90180
90189
90201
90210
90222
90231
90243
90253
90264
90274
90285
90295
90306
90316
90327
90337
90348
90358
90370
90379
90391
90400
90412
90421
90433
90442
90454
90463
90475
90487
90498
90511
90521
90534
90545
90558
90568
90581
90592
90605
90615
90628
90639
90652
90662
90675
90686
90699
90709
90722
90733
90746
90756
90769
90780
90793
90803
90816
90827
90839
90850
90863
90874
90886
90897
90910
90921
90933
90944
90957
90968
90980
90991
91004
91015
91027
91038
91051
91062
91074
91085
91098
91109
91121
91132
91145
91156
91168
91179
91192
91202
91215
91226
91239
91249
91262
91273
91282
91289
91298
91305
91315
91322
91331
91338
91347
91355
91364
91371
91380
91387
91397
91404
91413
91420
91430
91437
91446
91453
91462
91470
91479
91486
91495
91502
91512
91519
91528
91535
91545
91552
91561
91568
91577
91585
91594
91601
91610
91617
91627
91634
91643
91650
91660
91667
91676
91683
91692
91700
91709
91716
91725
91732
91742
91749
91758
91765
91775
91782
91791
91798
91807
91815
91824
91831
91840
91847
91857
91864
91873
91880
91890
91897
91906
91913
91922
91930
91939
91946
91955
91962
91972
91979
91988
91995
92005
92012
92021
92028
92037
92047
92055
92066
92074
92085
92093
92104
92112
92123
92131
92141
92150
92160
92169
92179
92188
92198
92207
92217
92225
92236
92244
92255
92263
92274
92282
92293
92301
92312
92320
92330
92339
92349
92358
92368
92377
92387
92396
92406
92414
92425
92433
92444
92452
92463
92471
92482
92490
92500
92509
92519
92528
92538
92547
92557
92566
92576
92585
92595
92603
92614
92622
92633
92641
92652
92660
92671
92679
92689
92697
92704
92712
92719
92727
92734
92742
92749
92757
92764
92772
92779
92787
92794
92802
92809
92817
92824
92832
92839
92847
92854
92862
92869
92877
92884
92892
92899
92907
92914
92922
92929
92937
92944
92952
92959
92967
92974
92982
92989
92997
93004
93012
93019
93027
93034
93042
93049
93057
93064
93072
93079
93087
93094
93103
93109
93118
93124
93133
93139
93148
93154
93163
93169
93178
93184
93193
93199
93208
93214
93223
93229
93238
93244
93253
93259
93268
93274
93283
93289
93298
93304
93313
93319
93328
93334
93343
93349
93358
93364
93373
93379
93388
93394
93403
93411
93418
93427
93433
93442
93449
93457
93464
93473
93479
93488
93495
93503
93510
93519
93525
93534
93541
93550
93556
93565
93572
93580
93587
93596
93602
93611
93618
93626
93633
93642
93648
93657
93664
93673
93679
93688
93695
93703
93710
93719
93725
93734
93741
93749
93756
93765
93771
93780
93787
93796
93802
93811
93818
93826
93833
93842
93848
93857
93864
93872
93879
93888
93894
93903
93910
93919
93925
93934
93941
93949
93956
93965
93971
93980
93987
93995
94002
94011
94017
94026
94033
94042
94048
94057
94064
94072
94079
94088
94094
94103
94110
94118
94125
94134
94140
94149
94156
94165
94171
94180
94187
94195
94202
94211
94217
94226
94233
94241
94248
94257
94263
94272
94279
94288
94294
94303
94315
94325
94337
94347
94360
94370
94382
94392
94405
94415
94427
94437
94450
94460
94472
94482
94495
94505
94517
94527
94539
94550
94562
94572
94584
94595
94607
94617
94629
94640
94652
94662
94674
94685
94697
94707
94719
94729
94742
94752
94764
94774
94787
94797
94809
94819
94832
94842
94854
94864
94877
94887
94899
94909
94921
94932
94944
94954
94966
94977
94989
94999
95011
95022
95034
95044
95056
95067
95079
95089
95101
95111
95124
95134
95146
95156
95169
95179
95191
95201
95209
95216
95225
95232
95241
95248
95257
95264
95273
95280
95289
95296
95305
95312
95321
95327
95336
95343
95352
95359
95368
95375
95384
95391
95400
95407
95416
95423
95432
95439
95448
95454
95463
95470
95479
95486
95495
95502
95511
95518
95527
95534
95543
95550
95559
95566
95575
95581
95590
95597
95606
95613
95622
95629
95638
95645
95654
95661
95670
95677
95686
95693
95701
95708
95717
95724
95733
95740
95749
95756
95765
95772
95781
95788
95797
95804
95813
95820
95828
95835
95844
95851
95860
95867
95876
95883
95892
95899
95908
95915
95924
95931
95940
95947
95955
95962
95971
95978
95987
95994
96003
96010
96019
96026
96035
96042
96051
96058
96067
96074
96082
96089
96098
96105
96114
96124
96132
96142
96150
96161
96169
96179
96187
96198
96206
96216
96224
96234
96243
96253
96261
96271
96280
96290
96298
96308
96316
96327
96335
96345
96353
96364
96372
96382
96390
96400
96409
96419
96427
96437
96446
96456
96464
96474
96482
96493
96501
96511
96519
96530
96538
96548
96556
96566
96575
96585
96593
96603
96612
96622
96630
96640
96648
96659
96667
96677
96685
96696
96704
96714
96722
96732
96741
96751
96759
96769
96778
96788
96796
96806
96814
96825
96833
96843
96851
96862
96870
96880
96888
96899
96907
96917
96925
96935
96944
96954
96966
96976
96988
96998
97011
97021
97033
97043
97056
97066
97078
97088
97100
97111
97123
97133
97145
97156
97168
97178
97190
97200
97213
97223
97235
97245
97258
97268
97280
97290
97302
97313
97325
97335
97347
97358
97370
97380
97392
97403
97415
97425
97437
97447
97460
97470
97482
97492
97505
97515
97527
97537
97549
97560
97572
97582
97594
97605
97617
97627
97639
97649
97662
97672
97684
97694
97707
97720
97731
97744
97755
97769
97780
97793
97804
97817
97829
97842
97853
97866
97877
97891
97902
97915
97926
97939
97951
97964
97975
97988
97999
98013
98024
98037
98048
98062
98073
98086
98097
98110
98122
98135
98146
98159
98170
98184
98195
98208
98219
98232
98244
98257
98268
98281
98292
98306
98317
98330
98341
98352
98362
98373
98383
98395
98404
98416
98425
98437
98447
98458
98468
98479
98489
98501
98510
98522
98531
98543
98553
98564
98574
98585
98595
98607
98616
98628
98637
98649
98659
98670
98680
98691
98701
98713
98722
98734
98743
98755
98765
98776
98786
98797
98807
98819
98828
98840
98849
98861
98871
98882
98892
98903
98913
98925
98934
98946
98955
98967
98977
98988
98998
99009
99019
99031
99040
99052
99061
99073
99083
99094
99104
99115
99125
99137
99146
99158
99167
99179
99189
99201
99211
99223
99233
99245
99255
99267
99277
99289
99300
99312
99322
99334
99344
99356
99366
99378
99388
99400
99411
99423
99433
99445
99455
99467
99477
99489
99499
99511
99522
99534
99544
99556
99566
99578
99588
99600
99610
99622
99633
99645
99655
99667
99677
99689
99699
99711
99721
99733
99744
99756
99766
99778
99788
99800
99810
99822
99832
99844
99855
99867
99877
99889
99899
99911
99921
99933
99943
99955
99966
99978
99988
100000
100010
100022
100032
100044
100054
100066
100077
