7
12
20
25
33
38
45
51
58
64
71
77
84
89
97
102
110
115
123
128
135
141
148
154
161
167
174
179
187
192
200
205
212
218
225
231
238
244
251
256
264
269
277
282
290
295
302
308
315
321
328
334
341
346
354
359
367
372
380
385
392
398
405
411
418
423
431
436
444
449
457
462
469
475
482
488
495
501
508
513
521
526
534
539
547
552
559
565
572
578
585
591
598
603
611
616
624
629
636
642
649
655
662
668
675
680
688
693
701
706
714
719
726
732
739
745
752
758
765
770
778
783
791
796
803
809
816
824
830
838
844
852
858
866
872
880
886
894
900
908
914
922
928
936
942
950
956
964
970
978
984
992
998
1006
1012
1020
1026
1034
1040
1048
1055
1063
1069
1077
1083
1091
1097
1105
1111
1119
1125
1133
1139
1147
1153
1161
1167
1175
1181
1189
1195
1203
1209
1217
1223
1231
1237
1245
1251
1259
1265
1273
1279
1288
1294
1302
1308
1316
1322
1330
1336
1344
1350
1358
1364
1372
1378
1386
1392
1400
1406
1414
1420
1428
1434
1442
1448
1456
1462
1470
1476
1484
1490
1498
1504
1512
1518
1527
1533
1541
1547
1555
1561
1569
1575
1583
1589
1597
1603
1611
1617
1625
1631
1638
1643
1651
1656
1664
1669
1676
1682
1689
1695
1702
1707
1715
1720
1728
1733
1740
1746
1753
1759
1766
1771
1779
1784
1792
1797
1804
1810
1817
1823
1830
1836
1843
1848
1856
1861
1869
1874
1881
1887
1894
1900
1907
1912
1920
1925
1933
1938
1945
1951
1958
1964
1971
1976
1984
1989
1997
2002
2010
2015
2022
2028
2035
2041
2048
2053
2061
2066
2074
2079
2086
2092
2099
2105
2112
2117
2125
2130
2138
2143
2150
2156
2163
2169
2176
2181
2189
2194
2202
2207
2215
2220
2227
2233
2240
2246
2253
2258
2266
2271
2279
2284
2291
2297
2304
2310
2317
2322
2330
2335
2343
2348
2355
2361
2368
2374
2381
2387
2394
2399
2407
2412
2420
2425
2432
2439
2445
2453
2459
2466
2472
2480
2486
2493
2499
2507
2513
2520
2526
2534
2540
2547
2553
2561
2567
2574
2580
2588
2594
2602
2607
2615
2621
2629
2634
2642
2648
2656
2661
2669
2675
2683
2688
2696
2702
2710
2715
2723
2729
2737
2742
2750
2756
2764
2770
2777
2783
2791
2797
2804
2810
2818
2824
2831
2837
2845
2851
2858
2864
2872
2878
2885
2891
2899
2905
2912
2918
2926
2932
2940
2945
2953
2959
2967
2972
2980
2986
2994
2999
3007
3013
3021
3026
3034
3040
3048
3053
3061
3067
3075
3081
3088
3094
3102
3108
3115
3121
3129
3135
3142
3148
3156
3162
3169
3175
3183
3189
3196
3202
3210
3216
3223
3229
3237
3244
3249
3256
3261
3268
3274
3281
3286
3293
3298
3306
3311
3318
3323
3330
3336
3343
3348
3355
3360
3368
3373
3380
3385
3392
3398
3405
3410
3417
3422
3430
3435
3442
3447
3454
3460
3467
3472
3479
3484
3492
3497
3504
3509
3516
3521
3529
3534
3541
3546
3553
3559
3566
3571
3578
3583
3591
3596
3603
3608
3615
3621
3628
3633
3640
3645
3653
3658
3665
3670
3677
3683
3690
3695
3702
3707
3715
3720
3727
3732
3739
3745
3752
3757
3764
3769
3776
3782
3789
3794
3801
3806
3814
3819
3826
3831
3838
3844
3851
3856
3863
3868
3876
3881
3888
3893
3900
3906
3913
3918
3925
3930
3938
3943
3950
3955
3962
3968
3975
3980
3987
3992
4000
4005
4012
4017
4024
4029
4036
4042
4050
4056
4063
4069
4077
4083
4091
4096
4104
4110
4118
4123
4131
4137
4145
4151
4158
4164
4172
4178
4185
4191
4199
4205
4213
4218
4226
4232
4240
4245
4253
4259
4267
4273
4280
4286
4294
4300
4307
4313
4321
4327
4335
4340
4348
4354
4362
4367
4375
4381
4389
4395
4402
4408
4416
4422
4429
4435
4443
4449
4457
4462
4470
4476
4484
4490
4497
4503
4511
4517
4524
4530
4538
4544
4552
4557
4565
4571
4579
4584
4592
4598
4606
4612
4619
4625
4633
4639
4646
4652
4660
4666
4674
4679
4687
4693
4701
4706
4714
4720
4728
4734
4741
4747
4755
4761
4768
4774
4782
4788
4796
4801
4809
4815
4823
4829
4835
4843
4849
4857
4865
4871
4880
4886
4895
4901
4910
4916
4925
4931
4940
4946
4955
4961
4970
4976
4985
4991
5000
5006
5015
5021
5029
5036
5044
5051
5059
5066
5074
5081
5089
5096
5104
5111
5119
5126
5134
5141
5149
5156
5164
5171
5179
5185
5194
5200
5209
5215
5224
5230
5239
5245
5254
5260
5269
5275
5284
5290
5299
5305
5314
5320
5329
5335
5343
5350
5358
5365
5373
5380
5388
5395
5403
5410
5418
5425
5433
5440
5448
5455
5463
5470
5478
5485
5493
5499
5508
5514
5523
5529
5538
5544
5553
5559
5568
5574
5583
5589
5598
5604
5613
5619
5628
5634
5643
5649
5657
5664
5672
5679
5684
5691
5696
5703
5708
5716
5721
5728
5733
5740
5745
5753
5758
5765
5770
5777
5782
5790
5795
5802
5807
5814
5819
5827
5832
5839
5844
5851
5856
5864
5869
5876
5881
5888
5893
5901
5906
5913
5918
5925
5930
5938
5943
5950
5955
5962
5967
5975
5980
5987
5992
5999
6004
6011
6017
6024
6029
6036
6041
6048
6054
6061
6066
6073
6078
6085
6091
6098
6103
6110
6115
6122
6128
6135
6140
6147
6152
6159
6165
6172
6177
6184
6189
6196
6202
6209
6214
6221
6226
6233
6239
6246
6251
6258
6263
6270
6276
6283
6288
6295
6300
6307
6312
6320
6325
6332
6337
6344
6349
6357
6362
6369
6374
6381
6386
6394
6399
6406
6411
6418
6423
6431
6436
6443
6448
6455
6460
6468
6473
6480
6485
6492
6499
6504
6511
6516
6523
6529
6536
6541
6548
6553
6560
6566
6573
6578
6585
6590
6597
6603
6610
6615
6622
6627
6635
6640
6647
6652
6659
6664
6672
6677
6684
6689
6696
6701
6709
6714
6721
6726
6733
6739
6746
6751
6758
6763
6770
6776
6783
6788
6795
6800
6807
6813
6820
6825
6832
6837
6845
6850
6857
6862
6869
6874
6882
6887
6894
6899
6906
6911
6919
6924
6931
6936
6943
6949
6956
6961
6968
6973
6980
6986
6993
6998
7005
7010
7017
7023
7030
7035
7042
7047
7055
7060
7067
7072
7079
7084
7092
7097
7104
7109
7116
7121
7129
7134
7141
7146
7153
7159
7166
7171
7178
7183
7190
7196
7203
7208
7215
7220
7227
7233
7240
7245
7252
7257
7265
7270
7277
7282
7289
7294
7302
7307
7314
7321
7327
7334
7340
7347
7353
7360
7366
7374
7379
7387
7392
7400
7405
7413
7418
7426
7432
7439
7445
7452
7458
7465
7471
7479
7484
7492
7497
7505
7510
7518
7523
7531
7537
7544
7550
7557
7563
7570
7576
7583
7589
7597
7602
7610
7615
7623
7628
7636
7642
7649
7655
7662
7668
7675
7681
7688
7694
7702
7707
7715
7720
7728
7733
7741
7747
7754
7760
7767
7773
7780
7786
7793
7799
7807
7812
7820
7825
7833
7838
7846
7851
7859
7865
7872
7878
7885
7891
7898
7904
7912
7917
7925
7930
7938
7943
7951
7956
7964
7970
7977
7983
7990
7996
8003
8009
8017
8022
8030
8035
8043
8048
8056
8061
8069
8075
8082
8088
8095
8101
8109
8115
8124
8130
8138
8145
8153
8159
8168
8174
8182
8189
8197
8203
8212
8218
8226
8233
8241
8247
8256
8262
8270
8277
8285
8291
8300
8306
8314
8321
8329
8335
8344
8350
8358
8365
8373
8379
8388
8394
8402
8409
8417
8423
8432
8438
8446
8453
8461
8467
8476
8482
8490
8497
8505
8511
8520
8526
8534
8541
8549
8555
8564
8570
8578
8585
8593
8599
8608
8614
8622
8629
8637
8643
8652
8658
8666
8673
8681
8687
8696
8702
8710
8717
8725
8731
8740
8746
8754
8761
8769
8775
8784
8790
8798
8805
8813
8819
8828
8834
8842
8849
8857
8863
8872
8878
8886
8893
8900
8906
8914
8920
8927
8933
8941
8947
8954
8960
8968
8974
8982
8987
8995
9001
9009
9014
9022
9028
9036
9041
9049
9055
9063
9069
9076
9082
9090
9096
9103
9109
9117
9123
9131
9136
9144
9150
9158
9163
9171
9177
9185
9190
9198
9204
9212
9218
9225
9231
9239
9245
9252
9258
9266
9272
9280
9285
9293
9299
9307
9312
9320
9326
9334
9339
9347
9353
9361
9367
9374
9380
9388
9394
9401
9407
9415
9421
9428
9434
9442
9448
9456
9461
9469
9475
9483
9488
9496
9502
9510
9516
9523
9529
9537
9543
9550
9556
9564
9570
9577
9583
9591
9597
9605
9610
9618
9624
9632
9637
9645
9651
9659
9665
9672
9678
9686
9692
9699
9705
9712
9718
9726
9731
9739
9744
9752
9758
9765
9771
9778
9784
9792
9797
9805
9810
9818
9824
9831
9837
9844
9850
9858
9863
9871
9877
9884
9890
9897
9903
9911
9916
9924
9929
9937
9943
9950
9956
9963
9969
9977
9982
9990
9995
10003
10009
10016
10022
10030
10035
10043
10048
10056
10062
10069
10075
10082
10088
10096
10101
10109
10114
10122
10128
10135
10141
10148
10154
10162
10167
10175
10180
10188
10194
10201
10207
10215
10220
10228
10233
10241
10247
10254
10260
10267
10273
10281
10286
10294
10299
10307
10313
10320
10326
10333
10339
10347
10352
10360
10366
10373
10379
10386
10392
10400
10405
10413
10418
10426
10432
10439
10445
10452
10458
10466
10471
10479
10484
10492
10498
10506
10512
10520
10526
10535
10541
10549
10555
10563
10569
10577
10584
10592
10598
10606
10612
10620
10627
10635
10641
10649
10655
10663
10669
10678
10684
10692
10698
10706
10712
10720
10727
10735
10741
10749
10755
10763
10770
10778
10784
10792
10798
10806
10812
10821
10827
10835
10841
10849
10855
10864
10870
10878
10884
10892
10898
10906
10913
10921
10927
10935
10941
10949
10955
10964
10970
10978
10984
10992
10998
11007
11013
11021
11027
11035
11041
11049
11056
11064
11070
11078
11084
11092
11099
11107
11113
11121
11127
11135
11141
11150
11156
11164
11170
11178
11184
11192
11199
11207
11213
11221
11227
11235
11242
11250
11256
11264
11270
11277
11283
11290
11296
11303
11309
11316
11322
11329
11335
11343
11348
11356
11361
11369
11374
11382
11387
11395
11401
11408
11414
11421
11427
11434
11440
11447
11453
11461
11466
11474
11479
11487
11492
11500
11505
11513
11519
11526
11532
11539
11545
11552
11558
11565
11571
11579
11584
11592
11597
11605
11610
11618
11623
11631
11637
11644
11650
11657
11663
11670
11676
11683
11689
11696
11702
11710
11715
11723
11728
11736
11741
11749
11754
11762
11768
11775
11781
11788
11794
11801
11807
11814
11820
11828
11833
11841
11846
11854
11859
11867
11872
11880
11886
11893
11899
11906
11912
11919
11925
11932
11938
11946
11951
11959
11964
11972
11977
11985
11990
11998
12004
12011
12017
12024
12030
12037
12043
12050
12056
12064
12069
12077
12084
12090
12097
12103
12110
12116
12123
12129
12136
12142
12149
12155
12163
12168
12176
12181
12189
12194
12202
12207
12215
12220
12228
12234
12241
12247
12254
12260
12267
12273
12280
12286
12293
12299
12307
12312
12320
12325
12333
12338
12346
12351
12359
12364
12372
12377
12385
12391
12398
12404
12411
12417
12424
12430
12437
12443
12450
12456
12464
12469
12477
12482
12490
12495
12503
12508
12516
12521
12529
12535
12542
12548
12555
12561
12568
12574
12581
12587
12594
12600
12607
12613
12621
12626
12634
12639
12647
12652
12660
12665
12673
12678
12686
12692
12699
12705
12712
12718
12725
12731
12738
12744
12751
12757
12765
12770
12778
12783
12791
12796
12804
12809
12817
12822
12830
12835
12843
12849
12856
12862
12869
12875
12882
12888
12895
12902
12908
12916
12921
12929
12935
12943
12948
12956
12962
12969
12975
12983
12989
12996
13002
13010
13016
13023
13029
13037
13042
13050
13056
13064
13069
13077
13083
13090
13096
13104
13110
13117
13123
13131
13137
13144
13150
13158
13163
13171
13177
13185
13190
13198
13204
13211
13217
13225
13231
13238
13244
13252
13258
13265
13271
13279
13284
13292
13298
13306
13311
13319
13325
13332
13338
13346
13352
13359
13365
13373
13379
13386
13392
13400
13405
13413
13419
13427
13432
13440
13446
13453
13459
13467
13473
13480
13486
13494
13500
13507
13513
13521
13526
13534
13540
13548
13553
13561
13567
13574
13580
13588
13594
13601
13607
13615
13621
13628
13634
13642
13647
13655
13661
13669
13674
13682
13688
13696
13702
13710
13716
13724
13730
13738
13744
13752
13758
13766
13772
13781
13787
13795
13801
13809
13815
13823
13829
13837
13843
13851
13857
13865
13872
13880
13886
13894
13900
13908
13914
13922
13928
13936
13942
13950
13957
13965
13971
13979
13985
13993
13999
14007
14013
14021
14027
14035
14041
14050
14056
14064
14070
14078
14084
14092
14098
14106
14112
14120
14126
14135
14141
14149
14155
14163
14169
14177
14183
14191
14197
14205
14211
14219
14226
14234
14240
14248
14254
14262
14268
14276
14282
14290
14296
14304
14311
14319
14325
14333
14339
14347
14353
14361
14367
14375
14381
14389
14395
14404
14410
14418
14424
14432
14438
14446
14452
14460
14466
14474
14482
14488
14497
14503
14511
14518
14526
14532
14541
14547
14555
14562
14570
14576
14585
14591
14599
14606
14614
14620
14629
14635
14643
14650
14658
14664
14673
14679
14687
14694
14702
14709
14717
14723
14732
14738
14746
14753
14761
14767
14776
14782
14790
14797
14805
14811
14820
14826
14834
14841
14849
14855
14864
14870
14878
14885
14893
14899
14908
14914
14922
14929
14937
14944
14952
14958
14967
14973
14981
14988
14996
15002
15011
15017
15025
15032
15040
15046
15055
15061
15069
15076
15084
15090
15099
15105
15113
15120
15128
15134
15143
15149
15157
15164
15172
15179
15187
15193
15202
15208
15216
15223
15231
15237
15246
15252
15260
15267
15275
15281
15290
15296
15303
15308
15315
15321
15328
15333
15340
15346
15353
15358
15365
15371
15378
15383
15391
15396
15403
15408
15416
15421
15428
15433
15441
15446
15453
15459
15466
15471
15478
15484
15491
15496
15503
15509
15516
15521
15528
15534
15541
15546
15554
15559
15566
15571
15579
15584
15591
15596
15604
15609
15616
15622
15629
15634
15641
15647
15654
15659
15666
15672
15679
15684
15691
15697
15704
15709
15717
15722
15729
15734
15742
15747
15754
15759
15767
15772
15779
15785
15792
15797
15804
15810
15817
15822
15829
15835
15842
15847
15854
15860
15867
15872
15880
15885
15892
15897
15905
15910
15917
15922
15930
15935
15942
15948
15955
15960
15967
15973
15980
15985
15992
15998
16005
16010
16018
16023
16030
16035
16043
16048
16055
16060
16068
16073
16080
16085
16092
16098
16106
16112
16120
16126
16134
16140
16148
16154
16162
16168
16176
16182
16190
16196
16204
16210
16218
16224
16232
16237
16245
16251
16259
16265
16273
16279
16287
16293
16301
16307
16315
16321
16329
16335
16343
16349
16357
16363
16371
16377
16384
16390
16398
16404
16412
16418
16426
16432
16440
16446
16454
16460
16468
16474
16482
16488
16496
16502
16510
16516
16524
16529
16537
16543
16551
16557
16565
16571
16579
16585
16593
16599
16607
16613
16621
16627
16635
16641
16649
16655
16663
16669
16676
16682
16690
16696
16704
16710
16718
16724
16732
16738
16746
16752
16760
16766
16774
16780
16788
16794
16802
16808
16816
16821
16829
16835
16843
16849
16857
16863
16871
16877
16884
16889
16897
16902
16910
16915
16922
16928
16935
16941
16948
16953
16961
16966
16974
16979
16987
16992
16999
17005
17012
17018
17025
17030
17038
17043
17051
17056
17063
17069
17076
17082
17089
17095
17102
17107
17115
17120
17128
17133
17140
17146
17153
17159
17166
17172
17179
17184
17192
17197
17205
17210
17217
17223
17230
17236
17243
17248
17256
17261
17269
17274
17282
17287
17294
17300
17307
17313
17320
17325
17333
17338
17346
17351
17359
17364
17371
17377
17384
17390
17397
17402
17410
17415
17423
17428
17435
17441
17448
17454
17461
17467
17474
17479
17487
17492
17500
17505
17512
17518
17525
17531
17538
17544
17551
17556
17564
17569
17577
17582
17589
17595
17602
17608
17615
17620
17628
17633
17641
17646
17654
17659
17666
17672
17679
17685
17692
17697
17704
17710
17718
17724
17731
17737
17745
17751
17758
17764
17772
17778
17786
17791
17799
17805
17813
17818
17826
17832
17840
17845
17853
17859
17867
17873
17880
17886
17894
17900
17907
17913
17921
17927
17935
17940
17948
17954
17962
17967
17975
17981
17989
17994
18002
18008
18016
18022
18029
18035
18043
18049
18056
18062
18070
18076
18084
18089
18097
18103
18111
18116
18124
18130
18138
18143
18151
18157
18165
18171
18178
18184
18192
18198
18205
18211
18219
18225
18232
18238
18246
18252
18260
18265
18273
18279
18287
18292
18300
18306
18314
18320
18327
18333
18341
18347
18354
18360
18368
18374
18381
18387
18395
18401
18409
18414
18422
18428
18436
18441
18449
18455
18463
18469
18476
18482
18490
18496
18504
18510
18519
18525
18534
18540
18549
18555
18564
18570
18579
18585
18593
18600
18608
18615
18623
18630
18638
18645
18653
18660
18668
18674
18683
18689
18698
18704
18713
18719
18728
18734
18743
18749
18758
18764
18772
18779
18787
18794
18802
18809
18817
18824
18832
18839
18847
18853
18862
18868
18877
18883
18892
18898
18907
18913
18922
18928
18937
18943
18951
18958
18966
18973
18981
18988
18996
19003
19011
19018
19026
19032
19041
19047
19056
19062
19071
19077
19086
19092
19101
19107
19116
19122
19130
19137
19145
19152
19160
19167
19175
19182
19190
19197
19205
19211
19220
19226
19235
19241
19250
19256
19265
19271
19280
19286
19295
19301
19309
19316
19324
19331
19337
19344
19350
19357
19363
19371
19376
19384
19389
19397
19403
19410
19416
19423
19429
19437
19442
19450
19455
19463
19469
19476
19482
19489
19495
19503
19508
19516
19521
19529
19535
19542
19548
19555
19561
19569
19574
19582
19587
19595
19601
19608
19614
19621
19627
19635
19640
19648
19653
19661
19667
19674
19680
19687
19693
19701
19706
19714
19719
19727
19733
19740
19746
19753
19759
19767
19772
19780
19785
19793
19798
19806
19812
19819
19825
19832
19838
19846
19851
19859
19864
19872
19878
19885
19891
19898
19904
19912
19917
19925
19930
19938
19944
19951
19957
19964
19970
19978
19983
19991
19996
20004
20010
20017
20023
20030
20036
20044
20049
20057
20062
20070
20076
20083
20089
20096
20102
20110
20115
20123
20128
20136
20143
20149
20157
20163
20170
20176
20184
20190
20198
20203
20211
20217
20225
20231
20238
20244
20252
20258
20266
20271
20279
20285
20293
20299
20306
20312
20320
20326
20334
20339
20347
20353
20361
20367
20374
20380
20388
20394
20402
20407
20415
20421
20429
20435
20442
20448
20456
20462
20470
20475
20483
20489
20497
20503
20510
20516
20524
20530
20538
20543
20551
20557
20565
20571
20578
20584
20592
20598
20606
20611
20619
20625
20633
20639
20646
20652
20660
20666
20674
20679
20687
20693
20701
20707
20714
20720
20728
20734
20742
20747
20755
20761
20769
20775
20782
20788
20796
20802
20810
20815
20823
20829
20837
20843
20850
20856
20864
20870
20878
20883
20891
20897
20905
20911
20918
20924
20932
20938
20946
20951
20959
20965
20973
20979
20987
20993
21001
21008
21016
21022
21030
21036
21044
21050
21059
21065
21073
21079
21087
21093
21101
21107
21116
21122
21130
21136
21144
21150
21158
21165
21173
21179
21187
21193
21201
21207
21215
21222
21230
21236
21244
21250
21258
21264
21273
21279
21287
21293
21301
21307
21315
21321
21330
21336
21344
21350
21358
21364
21372
21379
21387
21393
21401
21407
21415
21421
21430
21436
21444
21450
21458
21464
21472
21478
21487
21493
21501
21507
21515
21521
21529
21536
21544
21550
21558
21564
21572
21578
21586
21593
21601
21607
21615
21621
21629
21635
21644
21650
21658
21664
21672
21678
21686
21692
21701
21707
21715
21721
21729
21735
21743
21750
21758
21764
21772
21778
21785
21790
21797
21802
21809
21815
21822
21827
21834
21839
21847
21852
21859
21864
21871
21877
21884
21889
21896
21901
21909
21914
21921
21926
21933
21939
21946
21951
21958
21963
21971
21976
21983
21988
21995
22001
22008
22013
22020
22025
22033
22038
22045
22050
22057
22063
22070
22075
22082
22087
22095
22100
22107
22112
22119
22125
22132
22137
22144
22149
22157
22162
22169
22174
22181
22187
22194
22199
22206
22211
22219
22224
22231
22236
22243
22249
22256
22261
22268
22273
22281
22286
22293
22298
22305
22311
22318
22323
22330
22335
22343
22348
22355
22360
22367
22373
22380
22385
22392
22397
22405
22410
22417
22422
22429
22435
22442
22447
22454
22459
22467
22472
22479
22484
22491
22497
22504
22509
22516
22521
22528
22534
22541
22546
22553
22558
22566
22571
22578
22585
22590
22598
22603
22611
22616
22624
22629
22636
22642
22649
22655
22662
22668
22675
22681
22688
22693
22701
22706
22714
22719
22727
22732
22740
22745
22752
22758
22765
22771
22778
22784
22791
22797
22804
22809
22817
22822
22830
22835
22843
22848
22855
22861
22868
22874
22881
22887
22894
22900
22907
22912
22920
22925
22933
22938
22946
22951
22959
22964
22971
22977
22984
22990
22997
23003
23010
23016
23023
23028
23036
23041
23049
23054
23062
23067
23074
23080
23087
23093
23100
23106
23113
23119
23126
23131
23139
23144
23152
23157
23165
23170
23178
23183
23190
23196
23203
23209
23216
23222
23229
23235
23242
23247
23255
23260
23268
23273
23281
23286
23293
23299
23306
23312
23319
23325
23332
23338
23345
23350
23358
23363
23371
23376
23384
23392
23398
23406
23412
23420
23426
23434
23441
23449
23455
23463
23469
23477
23483
23492
23498
23506
23512
23520
23526
23534
23541
23549
23555
23563
23569
23577
23583
23592
23598
23606
23612
23620
23626
23634
23640
23649
23655
23663
23669
23677
23683
23691
23698
23706
23712
23720
23726
23734
23740
23749
23755
23763
23769
23777
23783
23791
23798
23806
23812
23820
23826
23834
23840
23849
23855
23863
23869
23877
23883
23891
23897
23906
23912
23920
23926
23934
23940
23948
23955
23963
23969
23977
23983
23991
23997
24006
24012
24020
24026
24034
24040
24048
24055
24063
24069
24077
24083
24091
24097
24105
24112
24120
24126
24134
24140
24148
24154
24163
24169
24177
24183
24191
24197
24205
24212
24218
24226
24232
24240
24246
24254
24260
24268
24274
24282
24288
24296
24302
24310
24316
24324
24330
24338
24344
24352
24357
24365
24371
24379
24385
24393
24399
24407
24413
24421
24427
24435
24441
24449
24455
24463
24469
24477
24483
24491
24497
24504
24510
24518
24524
24532
24538
24546
24552
24560
24566
24574
24580
24588
24594
24602
24608
24616
24622
24630
24636
24644
24649
24657
24663
24671
24677
24685
24691
24699
24705
24713
24719
24727
24733
24741
24747
24755
24761
24769
24775
24783
24789
24796
24802
24810
24816
24824
24830
24838
24844
24852
24858
24866
24872
24880
24886
24894
24900
24908
24914
24922
24928
24936
24941
24949
24955
24963
24969
24977
24983
24991
24997
25004
25009
25016
25022
25029
25034
25042
25047
25054
25059
25067
25072
25079
25085
25092
25097
25104
25110
25117
25122
25130
25135
25142
25147
25155
25160
25167
25173
25180
25185
25192
25198
25205
25210
25218
25223
25230
25235
25243
25248
25255
25261
25268
25273
25281
25286
25293
25298
25306
25311
25318
25324
25331
25336
25343
25349
25356
25361
25369
25374
25381
25386
25394
25399
25406
25412
25419
25424
25431
25437
25444
25449
25457
25462
25469
25474
25482
25487
25494
25500
25507
25512
25520
25525
25532
25537
25545
25550
25557
25563
25570
25575
25582
25588
25595
25600
25608
25613
25620
25625
25633
25638
25645
25651
25658
25663
25670
25676
25683
25688
25696
25701
25708
25713
25721
25726
25733
25739
25746
25751
25759
25764
25771
25776
25784
25789
25796
25802
25809
25816
25822
25830
25836
25843
25849
25857
25863
25870
25876
25884
25890
25898
25903
25911
25917
25925
25930
25938
25944
25952
25958
25965
25971
25979
25985
25992
25998
26006
26012
26020
26025
26033
26039
26047
26052
26060
26066
26074
26080
26087
26093
26101
26107
26114
26120
26128
26134
26142
26147
26155
26161
26169
26174
26182
26188
26196
26201
26209
26215
26223
26229
26236
26242
26250
26256
26263
26269
26277
26283
26291
26296
26304
26310
26318
26323
26331
26337
26345
26351
26358
26364
26372
26378
26385
26391
26399
26405
26413
26418
26426
26432
26440
26445
26453
26459
26467
26473
26480
26486
26494
26500
26507
26513
26521
26527
26535
26540
26548
26554
26562
26567
26575
26581
26589
26594
26602
26608
26616
26622
26629
26634
26641
26646
26653
26659
26666
26671
26678
26683
26691
26696
26703
26708
26715
26721
26728
26733
26740
26745
26753
26758
26765
26770
26777
26783
26790
26795
26802
26807
26815
26820
26827
26832
26839
26845
26852
26857
26864
26869
26877
26882
26889
26894
26901
26906
26914
26919
26926
26931
26938
26944
26951
26956
26963
26968
26976
26981
26988
26993
27000
27006
27013
27018
27025
27030
27038
27043
27050
27055
27062
27068
27075
27080
27087
27092
27100
27105
27112
27117
27124
27130
27137
27142
27149
27154
27161
27167
27174
27179
27186
27191
27199
27204
27211
27216
27223
27229
27236
27241
27248
27253
27261
27266
27273
27278
27285
27291
27298
27303
27310
27315
27323
27328
27335
27340
27347
27353
27360
27365
27372
27377
27385
27390
27397
27402
27409
27416
27422
27430
27435
27443
27449
27456
27462
27470
27476
27483
27489
27497
27502
27510
27516
27524
27529
27537
27543
27550
27556
27564
27570
27577
27583
27591
27596
27604
27610
27618
27623
27631
27637
27644
27650
27658
27664
27671
27677
27685
27690
27698
27704
27712
27717
27725
27731
27738
27744
27752
27757
27765
27771
27779
27784
27792
27798
27805
27811
27819
27825
27832
27838
27846
27851
27859
27865
27873
27878
27886
27892
27899
27905
27913
27919
27926
27932
27940
27945
27953
27959
27967
27972
27980
27986
27993
27999
28007
28013
28020
28026
28034
28039
28047
28053
28061
28066
28074
28080
28087
28093
28101
28106
28114
28120
28128
28133
28141
28147
28154
28160
28168
28174
28181
28187
28195
28202
28208
28216
28221
28229
28235
28242
28248
28256
28261
28269
28275
28282
28288
28296
28301
28309
28315
28322
28328
28336
28341
28349
28355
28363
28368
28376
28382
28389
28395
28403
28408
28416
28422
28429
28435
28443
28448
28456
28462
28469
28475
28483
28488
28496
28502
28510
28515
28523
28529
28536
28542
28550
28555
28563
28569
28576
28582
28590
28595
28603
28609
28616
28622
28630
28635
28643
28649
28657
28662
28670
28676
28683
28689
28697
28702
28710
28716
28723
28729
28737
28742
28750
28756
28763
28769
28777
28782
28790
28796
28804
28809
28817
28823
28830
28836
28844
28849
28857
28863
28870
28876
28884
28889
28897
28903
28910
28916
28924
28929
28937
28943
28951
28956
28964
28970
28977
28983
28991
28998
29004
29011
29017
29025
29030
29038
29043
29051
29057
29064
29070
29077
29083
29091
29096
29104
29110
29117
29123
29130
29136
29144
29149
29157
29162
29170
29176
29183
29189
29196
29202
29210
29215
29223
29229
29236
29242
29249
29255
29263
29268
29276
29281
29289
29295
29302
29308
29315
29321
29329
29334
29342
29348
29355
29361
29368
29374
29382
29387
29395
29400
29408
29414
29421
29427
29434
29440
29448
29453
29461
29467
29474
29480
29487
29493
29501
29506
29514
29519
29527
29533
29540
29546
29553
29559
29567
29572
29580
29586
29593
29599
29606
29612
29620
29625
29633
29638
29646
29652
29659
29665
29672
29678
29686
29691
29699
29705
29712
29718
29725
29731
29739
29744
29752
29757
29765
29771
29778
29784
29791
29796
29803
29809
29816
29821
29829
29834
29841
29846
29854
29859
29866
29872
29879
29884
29891
29897
29904
29909
29917
29922
29929
29935
29942
29947
29954
29960
29967
29972
29980
29985
29992
29997
30005
30010
30017
30023
30030
30035
30042
30048
30055
30060
30068
30073
30080
30086
30093
30098
30105
30111
30118
30123
30131
30136
30143
30148
30156
30161
30168
30174
30181
30186
30194
30199
30206
30211
30219
30224
30231
30237
30244
30249
30256
30262
30269
30274
30282
30287
30294
30299
30307
30312
30319
30325
30332
30337
30345
30350
30357
30362
30370
30375
30382
30388
30395
30400
30407
30413
30420
30425
30433
30438
30445
30451
30458
30463
30470
30476
30483
30488
30496
30501
30508
30513
30521
30526
30533
30539
30546
30551
30558
30564
30571
30576
30584
30589
30596
30602
30609
30615
30622
30628
30635
30641
30649
30654
30662
30667
30675
30681
30688
30694
30701
30707
30715
30720
30728
30733
30741
30747
30754
30760
30767
30773
30781
30786
30794
30799
30807
30812
30820
30826
30833
30839
30846
30852
30860
30865
30873
30878
30886
30892
30899
30905
30912
30918
30926
30931
30939
30944
30952
30958
30965
30971
30978
30984
30992
30997
31005
31010
31018
31023
31031
31037
31044
31050
31057
31063
31071
31076
31084
31089
31097
31103
31110
31116
31123
31129
31137
31142
31150
31155
31163
31169
31176
31182
31189
31195
31202
31208
31216
31221
31229
31234
31242
31248
31255
31261
31268
31274
31282
31287
31295
31300
31308
31314
31321
31327
31334
31340
31348
31353
31361
31366
31374
31380
31387
31393
31400
31407
31413
31421
31427
31435
31441
31449
31455
31463
31469
31477
31483
31491
31497
31505
31511
31518
31524
31532
31538
31546
31552
31560
31566
31574
31580
31588
31594
31602
31608
31616
31622
31630
31635
31643
31649
31657
31663
31671
31677
31685
31691
31699
31705
31713
31719
31727
31733
31741
31747
31754
31760
31768
31774
31782
31788
31796
31802
31810
31816
31824
31830
31838
31844
31852
31858
31866
31871
31879
31885
31893
31899
31907
31913
31921
31927
31935
31941
31949
31955
31963
31969
31977
31982
31990
31996
32004
32010
32018
32024
32032
32038
32046
32052
32060
32066
32074
32080
32088
32094
32101
32107
32115
32121
32129
32135
32143
32149
32157
32163
32171
32177
32185
32191
32199
32205
32214
32220
32228
32235
32243
32249
32258
32264
32272
32279
32287
32294
32302
32308
32317
32323
32331
32338
32346
32352
32361
32367
32375
32382
32390
32397
32405
32411
32420
32426
32434
32441
32449
32455
32464
32470
32478
32485
32493
32500
32508
32514
32523
32529
32537
32544
32552
32558
32567
32573
32581
32588
32596
32603
32611
32617
32626
32632
32640
32647
32655
32661
32670
32676
32684
32691
32699
32706
32714
32720
32729
32735
32743
32750
32758
32764
32773
32779
32787
32794
32802
32809
32817
32823
32832
32838
32846
32853
32861
32867
32876
32882
32890
32897
32905
32912
32920
32926
32935
32941
32949
32956
32964
32970
32979
32985
32993
33000
33008
33015
33022
33028
33035
33041
33049
33054
33062
33067
33075
33081
33088
33094
33101
33107
33115
33120
33128
33133
33141
33147
33154
33160
33167
33173
33181
33186
33194
33200
33207
33213
33220
33226
33234
33239
33247
33252
33260
33266
33273
33279
33286
33292
33300
33305
33313
33318
33326
33332
33339
33345
33353
33358
33366
33371
33379
33385
33392
33398
33405
33411
33419
33424
33432
33437
33445
33451
33458
33464
33471
33477
33485
33490
33498
33503
33511
33517
33524
33530
33538
33543
33551
33556
33564
33570
33577
33583
33590
33596
33604
33609
33617
33622
33630
33636
33643
33649
33656
33662
33670
33675
33683
33689
33696
33702
33709
33715
33723
33728
33736
33741
33749
33755
33762
33768
33775
33781
33789
33794
33802
33807
33815
33821
33828
33834
33841
33847
33855
33861
33869
33875
33883
33889
33897
33903
33911
33917
33925
33931
33939
33945
33953
33959
33967
33973
33981
33987
33995
34001
34009
34015
34023
34029
34037
34043
34051
34057
34065
34071
34079
34085
34093
34099
34107
34113
34121
34127
34135
34141
34149
34155
34163
34169
34177
34183
34191
34197
34204
34210
34218
34224
34232
34238
34246
34252
34260
34266
34274
34280
34288
34294
34302
34308
34316
34322
34330
34336
34344
34350
34358
34364
34372
34378
34386
34392
34400
34406
34414
34420
34428
34434
34442
34448
34456
34462
34470
34476
34484
34490
34498
34504
34512
34518
34526
34532
34540
34546
34554
34560
34567
34573
34581
34587
34595
34601
34609
34615
34623
34629
34637
34643
34651
34657
34664
34669
34677
34682
34690
34695
34703
34708
34716
34721
34728
34734
34741
34747
34754
34760
34767
34773
34780
34785
34793
34798
34806
34811
34819
34824
34832
34837
34844
34850
34857
34863
34870
34876
34883
34889
34896
34901
34909
34914
34922
34927
34935
34940
34948
34953
34960
34966
34973
34979
34986
34992
34999
35005
35012
35017
35025
35030
35038
35043
35051
35056
35064
35069
35076
35082
35089
35095
35102
35108
35115
35121
35128
35133
35141
35146
35154
35159
35167
35172
35180
35185
35192
35198
35205
35211
35218
35224
35231
35237
35244
35249
35257
35262
35270
35275
35283
35288
35296
35301
35308
35314
35321
35327
35334
35340
35347
35353
35360
35365
35373
35378
35386
35391
35399
35404
35412
35417
35424
35430
35437
35443
35450
35456
35463
35470
35476
35484
35490
35498
35503
35511
35517
35525
35531
35538
35544
35552
35558
35566
35572
35579
35585
35593
35599
35607
35613
35619
35627
35633
35641
35647
35654
35660
35668
35674
35682
35688
35694
35702
35708
35716
35722
35729
35735
35743
35749
35757
35763
35769
35777
35783
35791
35797
35804
35810
35818
35824
35832
35838
35844
35852
35858
35866
35872
35879
35885
35893
35899
35907
35913
35919
35927
35933
35941
35947
35954
35960
35968
35974
35982
35988
35994
36002
36008
36016
36022
36029
36035
36043
36049
36057
36063
36069
36077
36083
36091
36097
36104
36110
36118
36124
36132
36138
36144
36152
36158
36166
36172
36179
36185
36193
36199
36207
36213
36219
36227
36233
36241
36247
36254
36260
36268
36276
36282
36290
36296
36304
36310
36318
36324
36332
36338
36346
36352
36360
36366
36374
36380
36388
36394
36402
36408
36416
36422
36430
36436
36444
36450
36458
36464
36472
36478
36486
36492
36500
36506
36514
36520
36528
36534
36542
36548
36556
36562
36570
36576
36584
36590
36598
36604
36612
36618
36626
36632
36640
36646
36654
36660
36668
36674
36682
36688
36696
36702
36710
36716
36724
36730
36738
36744
36752
36758
36766
36772
36780
36786
36794
36800
36808
36814
36822
36828
36836
36842
36850
36856
36864
36870
36878
36884
36892
36898
36906
36912
36920
36926
36934
36940
36948
36954
36962
36968
36976
36982
36990
36996
37004
37010
37018
37024
37032
37038
37046
37052
37060
37066
37073
37078
37085
37091
37098
37103
37110
37116
37123
37128
37135
37141
37148
37153
37160
37166
37173
37178
37185
37191
37198
37203
37210
37216
37223
37228
37235
37241
37248
37253
37260
37266
37273
37278
37285
37291
37298
37303
37310
37316
37323
37328
37335
37341
37348
37353
37360
37366
37373
37378
37385
37391
37398
37403
37410
37416
37423
37428
37435
37441
37448
37453
37460
37466
37473
37478
37485
37491
37498
37503
37510
37516
37523
37528
37535
37541
37548
37553
37561
37566
37573
37578
37586
37591
37598
37603
37611
37616
37623
37628
37636
37641
37648
37653
37661
37666
37673
37678
37686
37691
37698
37703
37711
37716
37723
37728
37736
37741
37748
37753
37761
37766
37773
37778
37786
37791
37798
37803
37811
37816
37823
37828
37836
37841
37848
37853
37861
37866
37873
37878
37886
37891
37898
37903
37910
37916
37923
37928
37936
37941
37948
37954
37961
37966
37974
37979
37986
37992
37999
38004
38012
38017
38024
38030
38037
38042
38050
38055
38062
38068
38075
38080
38088
38093
38100
38106
38113
38118
38126
38131
38138
38144
38151
38156
38164
38169
38176
38182
38189
38194
38202
38207
38214
38220
38227
38232
38240
38245
38252
38258
38265
38270
38278
38283
38290
38296
38303
38308
38316
38321
38328
38334
38341
38346
38354
38359
38366
38372
38379
38384
38392
38397
38404
38410
38417
38422
38430
38435
38442
38448
38455
38460
38468
38473
38480
38486
38493
38498
38506
38511
38518
38524
38531
38536
38544
38549
38556
38562
38569
38574
38582
38587
38594
38600
38607
38612
38620
38625
38632
38638
38645
38650
38658
38663
38670
38676
38683
38688
38696
38701
38708
38714
38722
38728
38737
38743
38751
38758
38766
38772
38781
38787
38795
38802
38810
38816
38825
38831
38839
38846
38854
38860
38869
38875
38883
38890
38898
38904
38913
38919
38927
38934
38942
38949
38957
38963
38972
38978
38986
38993
39001
39007
39016
39022
39030
39037
39045
39051
39060
39066
39074
39081
39089
39095
39104
39110
39118
39125
39133
39139
39148
39154
39162
39169
39177
39184
39192
39198
39207
39213
39221
39228
39236
39242
39251
39257
39265
39272
39280
39286
39295
39301
39309
39316
39324
39330
39339
39345
39353
39360
39368
39374
39383
39389
39397
39404
39412
39419
39427
39433
39442
39448
39456
39463
39471
39477
39486
39492
39500
39507
39515
39521
39529
39535
39544
39550
39558
39565
39573
39579
39588
39594
39602
39609
39617
39623
39632
39638
39646
39653
39661
39668
39676
39682
39691
39697
39705
39712
39720
39726
39735
39741
39749
39756
39764
39771
39778
39786
39793
39801
39807
39816
39822
39830
39837
39845
39851
39860
39866
39874
39881
39889
39896
39903
39911
39918
39926
39932
39941
39947
39955
39962
39970
39976
39985
39991
39999
40006
40014
40021
40028
40036
40043
40051
40057
40066
40072
40080
40087
40095
40101
40110
40116
40124
40131
40139
40146
40153
40161
40168
40176
40182
40191
40197
40205
40212
40220
40226
40235
40241
40249
40256
40264
40271
40278
40286
40293
40301
40307
40316
40322
40330
40337
40344
40349
40357
40362
40370
40375
40383
40388
40396
40401
40409
40414
40422
40427
40435
40440
40448
40453
40461
40466
40474
40479
40487
40492
40500
40505
40513
40518
40526
40531
40539
40544
40552
40557
40565
40570
40578
40583
40591
40596
40604
40609
40617
40622
40630
40635
40643
40648
40656
40661
40668
40674
40681
40687
40694
40700
40707
40713
40720
40726
40733
40739
40746
40752
40759
40765
40772
40778
40785
40791
40798
40804
40811
40817
40824
40830
40837
40843
40850
40856
40863
40869
40876
40882
40889
40895
40902
40908
40915
40921
40928
40934
40941
40947
40954
40960
40967
40973
40980
40985
40993
40998
41006
41011
41019
41024
41032
41037
41045
41050
41058
41063
41071
41076
41084
41089
41097
41102
41110
41115
41123
41128
41136
41143
41149
41157
41163
41171
41177
41185
41191
41199
41205
41213
41219
41227
41233
41241
41247
41255
41261
41267
41275
41281
41289
41295
41303
41309
41317
41323
41331
41337
41345
41351
41359
41365
41373
41379
41386
41392
41400
41406
41414
41420
41428
41434
41442
41448
41456
41462
41470
41476
41484
41490
41498
41504
41511
41517
41525
41531
41539
41545
41553
41559
41567
41573
41581
41587
41595
41601
41609
41615
41623
41629
41636
41642
41650
41656
41664
41670
41678
41684
41692
41698
41706
41712
41720
41726
41734
41740
41748
41754
41761
41767
41775
41781
41789
41795
41803
41809
41817
41823
41831
41837
41845
41851
41859
41865
41873
41879
41886
41892
41900
41906
41914
41920
41928
41935
41941
41948
41954
41961
41967
41975
41980
41988
41993
42001
42006
42014
42020
42027
42033
42040
42046
42053
42059
42067
42072
42080
42085
42093
42099
42106
42112
42119
42125
42132
42138
42146
42151
42159
42164
42172
42178
42184
42192
42197
42205
42210
42218
42224
42231
42237
42244
42250
42257
42263
42271
42276
42284
42289
42297
42303
42309
42317
42322
42330
42335
42343
42349
42356
42362
42369
42375
42382
42388
42396
42401
42409
42414
42422
42428
42434
42442
42447
42455
42460
42468
42474
42481
42487
42494
42500
42507
42513
42521
42526
42534
42539
42547
42553
42559
42567
42572
42580
42585
42593
42599
42606
42612
42619
42625
42632
42638
42646
42651
42659
42664
42672
42678
42684
42692
42697
42705
42710
42718
42724
42731
42738
42744
42752
42758
42766
42771
42779
42785
42793
42799
42806
42812
42820
42826
42834
42839
42847
42853
42861
42867
42874
42880
42888
42894
42902
42907
42915
42921
42929
42935
42943
42948
42956
42962
42970
42976
42983
42989
42997
43003
43011
43016
43024
43030
43038
43044
43051
43057
43065
43071
43079
43084
43092
43098
43106
43112
43119
43125
43133
43139
43147
43153
43160
43166
43174
43180
43188
43193
43201
43207
43215
43221
43228
43234
43242
43248
43256
43261
43269
43275
43283
43289
43296
43302
43310
43316
43324
43329
43337
43343
43351
43357
43365
43370
43378
43384
43392
43398
43405
43411
43419
43425
43433
43438
43446
43452
43460
43466
43473
43479
43487
43493
43501
43506
43514
43520
43528
43534
43541
43547
43555
43561
43570
43576
43585
43591
43600
43606
43615
43621
43630
43636
43645
43651
43660
43666
43675
43681
43690
43696
43705
43711
43720
43726
43735
43741
43750
43756
43765
43771
43780
43786
43795
43801
43810
43816
43825
43831
43840
43846
43855
43861
43870
43876
43885
43891
43900
43906
43915
43921
43930
43936
43945
43951
43959
43966
43974
43981
43989
43996
44004
44011
44019
44026
44034
44041
44049
44056
44064
44071
44079
44086
44094
44101
44109
44116
44124
44131
44139
44146
44154
44161
44169
44176
44184
44191
44199
44206
44214
44221
44229
44236
44244
44251
44259
44266
44274
44281
44289
44296
44304
44311
44319
44326
44334
44341
44349
44355
44364
44371
44377
44385
44391
44398
44404
44412
44418
44425
44431
44439
44445
44452
44458
44466
44472
44479
44485
44493
44499
44506
44512
44520
44526
44533
44539
44547
44553
44560
44566
44574
44580
44587
44593
44601
44607
44614
44620
44628
44634
44641
44647
44655
44661
44668
44674
44682
44688
44695
44701
44709
44715
44722
44728
44736
44742
44749
44755
44763
44769
44776
44782
44790
44796
44803
44809
44817
44823
44830
44836
44844
44850
44857
44863
44871
44877
44884
44890
44898
44904
44911
44917
44925
44931
44939
44944
44952
44958
44966
44971
44979
44985
44993
44998
45006
45012
45020
45025
45033
45039
45047
45052
45060
45066
45074
45079
45087
45093
45101
45106
45114
45120
45128
45133
45141
45147
45155
45160
45168
45174
45181
45186
45193
45199
45206
45211
45218
45224
45231
45236
45243
45249
45256
45261
45268
45274
45281
45286
45293
45299
45306
45311
45318
45324
45331
45336
45343
45349
45356
45361
45368
45374
45381
45386
45393
45399
45406
45411
45418
45424
45431
45436
45443
45449
45456
45461
45468
45474
45481
45486
45493
45499
45506
45511
45518
45524
45531
45536
45543
45549
45556
45561
45568
45574
45581
45586
45593
45599
45606
45611
45618
45624
45631
45636
45643
45649
45656
45661
45669
45674
45681
45686
45694
45699
45706
45711
45719
45724
45731
45736
45744
45749
45756
45761
45769
45774
45781
45786
45794
45799
45806
45811
45819
45824
45831
45836
45844
45849
45856
45861
45869
45874
45881
45886
45894
45899
45906
45911
45919
45924
45931
45936
45944
45949
45956
45961
45969
45974
45981
45986
45993
45998
46005
46010
46017
46022
46029
46034
46042
46047
46054
46059
46066
46071
46078
46083
46090
46096
46103
46108
46115
46120
46127
46132
46139
46145
46152
46157
46164
46169
46176
46181
46188
46193
46201
46206
46213
46218
46225
46230
46237
46242
46249
46255
46262
46267
46274
46279
46286
46291
46298
46304
46311
46316
46323
46328
46335
46340
46347
46352
46360
46365
46372
46377
46384
46389
46396
46401
46409
46414
46421
46426
46433
46438
46445
46450
46457
46463
46470
46475
46482
46487
46494
46499
46506
46511
46519
46524
46531
46536
46543
46548
46555
46560
46568
46573
46580
46585
46592
46597
46604
46609
46616
46622
46629
46634
46641
46646
46653
46658
46665
46671
46678
46683
46690
46695
46702
46707
46714
46719
46727
46732
46739
46744
46751
46756
46763
46768
46775
46781
46788
46793
46800
46805
46812
46818
46826
46832
46840
46846
46854
46859
46867
46873
46881
46887
46895
46901
46909
46914
46922
46928
46936
46942
46950
46956
46963
46969
46977
46983
46991
46997
47005
47011
47018
47024
47032
47038
47046
47052
47060
47066
47073
47079
47087
47093
47101
47107
47115
47120
47128
47134
47142
47148
47156
47162
47170
47175
47183
47189
47197
47203
47211
47217
47225
47230
47238
47244
47252
47258
47266
47272
47279
47285
47293
47299
47307
47313
47321
47327
47334
47340
47348
47354
47362
47368
47376
47381
47389
47395
47403
47409
47417
47423
47431
47436
47444
47450
47458
47464
47472
47478
47486
47491
47499
47505
47513
47519
47527
47533
47540
47546
47554
47560
47568
47574
47582
47588
47595
47602
47607
47615
47620
47628
47633
47641
47646
47654
47659
47666
47672
47679
47685
47692
47698
47705
47711
47718
47724
47731
47736
47744
47749
47757
47762
47770
47775
47783
47788
47795
47801
47808
47814
47821
47827
47834
47840
47847
47853
47860
47865
47873
47878
47886
47891
47899
47904
47912
47917
47925
47930
47937
47943
47950
47956
47963
47969
47976
47982
47989
47995
48001
48008
48014
48021
48027
48034
48040
48047
48053
48060
48065
48073
48078
48086
48091
48099
48104
48112
48117
48125
48130
48137
48143
48150
48156
48163
48169
48176
48182
48189
48195
48201
48208
48214
48221
48227
48234
48240
48247
48253
48260
48265
48273
48278
48286
48291
48299
48304
48312
48317
48325
48330
48337
48343
48350
48356
48363
48369
48376
48382
48389
48395
48401
48408
48414
48422
48428
48436
48442
48450
48456
48464
48470
48478
48484
48492
48498
48506
48511
48519
48525
48533
48539
48547
48553
48561
48567
48575
48581
48589
48595
48603
48609
48617
48622
48630
48636
48644
48650
48658
48664
48672
48678
48686
48692
48700
48706
48714
48720
48728
48733
48741
48747
48755
48761
48769
48775
48783
48789
48797
48803
48811
48817
48825
48831
48838
48844
48852
48858
48866
48872
48880
48886
48894
48900
48908
48914
48922
48928
48936
48942
48949
48955
48963
48969
48977
48983
48991
48997
49005
49011
49019
49025
49033
49039
49047
49053
49060
49066
49074
49080
49088
49094
49102
49108
49116
49122
49130
49136
49144
49150
49158
49164
49171
49177
49185
49191
49199
49205
49212
49217
49224
49229
49236
49242
49249
49254
49261
49266
49273
49279
49286
49291
49298
49303
49311
49316
49323
49328
49335
49340
49348
49353
49360
49365
49372
49378
49385
49390
49397
49402
49409
49415
49422
49427
49434
49439
49446
49452
49459
49464
49471
49476
49484
49489
49496
49501
49508
49513
49521
49526
49533
49538
49545
49551
49558
49563
49570
49575
49582
49588
49595
49600
49607
49612
49620
49625
49632
49637
49644
49649
49657
49662
49669
49674
49681
49686
49694
49699
49706
49711
49718
49724
49731
49736
49743
49748
49755
49761
49768
49773
49780
49785
49793
49798
49805
49810
49817
49822
49830
49835
49842
49847
49854
49859
49867
49872
49879
49884
49891
49897
49904
49909
49916
49921
49928
49934
49941
49946
49953
49958
49966
49971
49978
49983
49990
49995
50003
50008
50016
50022
50030
50036
50045
50051
50059
50065
50074
50080
50088
50094
50103
50109
50117
50123
50132
50138
50146
50152
50161
50167
50175
50181
50190
50196
50204
50210
50219
50225
50233
50239
50247
50254
50262
50268
50276
50283
50291
50297
50305
50312
50320
50326
50334
50341
50349
50355
50363
50370
50378
50384
50392
50399
50407
50413
50421
50428
50436
50442
50450
50457
50465
50471
50479
50485
50494
50500
50508
50514
50523
50529
50537
50543
50552
50558
50566
50572
50581
50587
50595
50601
50610
50616
50624
50630
50639
50645
50653
50659
50668
50674
50682
50688
50696
50703
50711
50717
50725
50732
50740
50746
50754
50761
50769
50775
50783
50790
50798
50804
50812
50820
50826
50834
50840
50848
50854
50862
50868
50876
50882
50890
50896
50904
50911
50919
50925
50933
50939
50947
50953
50961
50967
50975
50981
50989
50995
51004
51010
51018
51024
51032
51038
51046
51052
51060
51066
51074
51080
51088
51095
51103
51109
51117
51123
51131
51137
51145
51151
51159
51165
51173
51179
51187
51194
51202
51208
51216
51222
51230
51236
51244
51250
51258
51264
51272
51278
51287
51293
51301
51307
51315
51321
51329
51335
51343
51349
51357
51363
51371
51378
51386
51392
51400
51406
51414
51420
51428
51434
51442
51448
51456
51462
51471
51477
51485
51491
51499
51505
51513
51519
51527
51533
51541
51547
51555
51562
51569
51577
51583
51591
51597
51605
51612
51617
51624
51629
51637
51642
51649
51654
51661
51667
51674
51679
51686
51692
51699
51704
51711
51716
51724
51729
51736
51741
51748
51754
51761
51766
51773
51779
51786
51791
51798
51803
51811
51816
51823
51828
51835
51841
51848
51853
51860
51866
51873
51878
51885
51890
51898
51903
51910
51915
51922
51928
51935
51940
51947
51953
51960
51965
51972
51977
51985
51990
51997
52002
52009
52015
52022
52027
52034
52040
52047
52052
52059
52064
52072
52077
52084
52089
52096
52102
52109
52114
52121
52127
52134
52139
52146
52151
52159
52164
52171
52176
52183
52189
52196
52201
52208
52214
52221
52226
52233
52238
52246
52251
52258
52263
52270
52276
52283
52288
52295
52301
52308
52313
52320
52325
52333
52338
52345
52350
52357
52363
52370
52375
52382
52388
52395
52400
52407
52412
52420
52425
52432
52440
52446
52454
52461
52469
52475
52484
52490
52498
52504
52513
52519
52527
52534
52542
52548
52557
52563
52571
52577
52586
52592
52600
52607
52615
52621
52630
52636
52644
52650
52659
52665
52673
52680
52688
52694
52703
52709
52717
52723
52732
52738
52746
52753
52761
52767
52776
52782
52790
52796
52805
52811
52819
52826
52834
52840
52849
52855
52863
52869
52878
52884
52892
52899
52907
52913
52922
52928
52936
52942
52951
52957
52965
52972
52980
52986
52995
53001
53009
53015
53024
53030
53038
53045
53053
53059
53068
53074
53082
53088
53097
53103
53111
53118
53126
53132
53141
53147
53155
53161
53170
53176
53184
53191
53199
53205
53214
53220
53228
53235
53241
53249
53254
53262
53268
53275
53281
53289
53295
53302
53308
53316
53321
53329
53335
53342
53348
53356
53362
53369
53375
53383
53388
53396
53402
53409
53415
53423
53429
53436
53442
53450
53455
53463
53469
53476
53482
53490
53496
53503
53509
53517
53522
53530
53536
53543
53549
53557
53563
53570
53576
53584
53589
53597
53603
53610
53616
53624
53630
53637
53643
53651
53656
53664
53670
53677
53683
53691
53697
53704
53710
53718
53723
53731
53737
53744
53750
53758
53764
53771
53777
53785
53790
53798
53804
53811
53817
53825
53831
53838
53844
53852
53857
53865
53871
53878
53884
53892
53898
53905
53911
53919
53924
53932
53938
53945
53951
53959
53965
53972
53978
53986
53991
53999
54005
54012
54018
54026
54032
54039
54045
54053
54061
54067
54076
54082
54090
54097
54105
54112
54120
54126
54135
54141
54149
54156
54164
54171
54179
54185
54194
54200
54208
54215
54223
54230
54238
54244
54253
54259
54267
54274
54282
54289
54297
54303
54312
54318
54326
54333
54341
54348
54356
54362
54371
54377
54385
54392
54400
54407
54415
54421
54430
54436
54444
54451
54459
54466
54474
54480
54489
54495
54503
54510
54518
54525
54533
54539
54548
54554
54562
54569
54577
54584
54592
54598
54607
54613
54621
54628
54636
54643
54651
54657
54666
54672
54680
54687
54695
54702
54710
54716
54725
54731
54739
54746
54754
54761
54769
54775
54784
54790
54798
54805
54813
54820
54828
54834
54843
54849
54857
54863
54872
54878
54887
54893
54901
54908
54916
54923
54931
54937
54946
54952
54961
54967
54975
54982
54990
54997
55005
55011
55020
55026
55035
55041
55049
55056
55064
55071
55079
55086
55094
55100
55109
55115
55124
55130
55138
55145
55153
55160
55168
55174
55183
55189
55198
55204
55212
55219
55227
55234
55242
55249
55256
55264
55271
55279
55286
55294
55300
55309
55315
55324
55330
55338
55345
55353
55360
55368
55374
55383
55389
55398
55404
55412
55419
55427
55434
55442
55449
55456
55464
55471
55479
55486
55494
55500
55509
55515
55524
55530
55538
55545
55553
55560
55568
55574
55583
55589
55598
55604
55612
55619
55627
55634
55642
55649
55656
55662
55669
55675
55682
55688
55695
55701
55708
55714
55722
55727
55735
55740
55748
55753
55761
55766
55774
55780
55787
55793
55800
55806
55813
55819
55826
55832
55840
55845
55853
55858
55866
55871
55879
55884
55892
55898
55905
55911
55918
55924
55931
55937
55944
55950
55958
55963
55971
55976
55984
55989
55997
56002
56010
56016
56023
56029
56036
56042
56049
56055
56062
56068
56075
56081
56089
56094
56102
56107
56115
56120
56128
56133
56141
56147
56154
56160
56167
56173
56180
56186
56193
56199
56207
56212
56220
56225
56233
56238
56246
56251
56259
56265
56272
56278
56285
56291
56298
56304
56311
56317
56325
56330
56338
56343
56351
56356
56364
56369
56377
56383
56390
56396
56403
56409
56416
56422
56429
56435
56443
56449
56457
56463
56471
56478
56486
56492
56500
56506
56515
56521
56529
56535
56543
56550
56558
56564
56572
56578
56587
56593
56601
56607
56615
56622
56630
56636
56644
56650
56659
56665
56673
56679
56687
56694
56702
56708
56716
56722
56731
56737
56745
56751
56759
56766
56774
56780
56788
56794
56803
56809
56817
56823
56831
56838
56846
56852
56860
56866
56875
56881
56889
56895
56903
56910
56918
56924
56932
56938
56947
56953
56961
56967
56975
56982
56990
56996
57004
57010
57019
57025
57033
57039
57047
57054
57062
57068
57076
57082
57091
57097
57105
57111
57119
57126
57134
57140
57148
57154
57163
57169
57177
57183
57191
57198
57206
57212
57220
57226
57235
57241
57249
57256
57262
57270
57276
57283
57289
57297
57303
57311
57316
57324
57330
57338
57344
57351
57357
57365
57371
57378
57384
57392
57398
57406
57411
57419
57425
57433
57439
57446
57452
57460
57466
57473
57479
57487
57493
57501
57506
57514
57520
57528
57534
57541
57547
57555
57561
57569
57574
57582
57588
57596
57601
57609
57615
57623
57629
57636
57642
57650
57656
57664
57669
57677
57683
57691
57696
57704
57710
57718
57724
57731
57737
57745
57751
57759
57764
57772
57778
57786
57791
57799
57805
57813
57819
57826
57832
57840
57846
57854
57859
57867
57873
57881
57887
57894
57900
57908
57914
57921
57927
57935
57941
57949
57954
57962
57968
57976
57982
57989
57995
58003
58009
58016
58022
58030
58036
58044
58051
58057
58065
58070
58078
58084
58092
58097
58105
58111
58118
58124
58132
58138
58145
58151
58159
58164
58172
58178
58186
58191
58199
58205
58212
58218
58226
58232
58239
58245
58253
58258
58266
58272
58280
58285
58293
58299
58306
58312
58320
58326
58333
58339
58347
58352
58360
58366
58374
58379
58387
58393
58400
58406
58414
58420
58427
58433
58441
58446
58454
58460
58468
58473
58481
58487
58494
58500
58508
58514
58521
58527
58535
58540
58548
58554
58562
58567
58575
58581
58588
58594
58602
58608
58615
58621
58629
58634
58642
58648
58656
58661
58669
58675
58682
58688
58696
58702
58709
58715
58723
58728
58736
58742
58750
58755
58763
58769
58776
58782
58790
58796
58803
58809
58817
58822
58830
58836
58844
58849
58857
58863
58870
58878
58884
58892
58898
58906
58912
58920
58926
58935
58941
58949
58955
58963
58969
58977
58983
58992
58998
59006
59012
59020
59026
59034
59040
59049
59055
59063
59069
59077
59083
59091
59097
59106
59112
59120
59126
59134
59140
59148
59154
59162
59169
59177
59183
59191
59197
59205
59211
59219
59226
59234
59240
59248
59254
59262
59268
59276
59283
59291
59297
59305
59311
59319
59325
59333
59340
59348
59354
59362
59368
59376
59382
59390
59397
59405
59411
59419
59425
59433
59439
59447
59453
59462
59468
59476
59482
59490
59496
59504
59510
59519
59525
59533
59539
59547
59553
59561
59567
59576
59582
59590
59596
59604
59610
59618
59624
59633
59639
59647
59653
59661
59668
59673
59680
59685
59693
59698
59705
59710
59717
59723
59730
59735
59742
59747
59755
59760
59767
59772
59779
59785
59792
59797
59804
59809
59817
59822
59829
59834
59842
59847
59854
59859
59866
59872
59879
59884
59891
59896
59904
59909
59916
59921
59928
59934
59941
59946
59953
59958
59966
59971
59978
59983
59991
59996
60003
60008
60015
60021
60028
60033
60040
60045
60053
60058
60065
60070
60077
60083
60090
60095
60102
60107
60115
60120
60127
60132
60140
60145
60152
60157
60164
60170
60177
60182
60189
60194
60202
60207
60214
60219
60226
60232
60239
60244
60251
60256
60264
60269
60276
60281
60289
60294
60301
60306
60313
60319
60326
60331
60338
60343
60351
60356
60363
60368
60375
60381
60388
60393
60400
60405
60413
60418
60425
60430
60437
60443
60450
60455
60462
60468
60475
60480
60487
60495
60501
60510
60516
60524
60531
60539
60545
60554
60560
60569
60575
60583
60590
60598
60604
60613
60619
60627
60634
60642
60649
60657
60663
60672
60678
60686
60693
60701
60707
60716
60722
60731
60737
60745
60752
60760
60766
60775
60781
60790
60796
60804
60811
60819
60825
60834
60840
60848
60855
60863
60870
60878
60884
60893
60899
60907
60914
60922
60928
60937
60943
60952
60958
60966
60973
60981
60987
60996
61002
61011
61017
61025
61032
61040
61046
61055
61061
61069
61076
61084
61091
61099
61105
61114
61120
61128
61135
61143
61149
61158
61164
61173
61179
61187
61194
61202
61208
61217
61223
61232
61238
61246
61253
61261
61267
61276
61282
61290
61297
61305
61312
61318
61326
61332
61339
61345
61353
61359
61367
61372
61380
61386
61394
61400
61407
61413
61421
61427
61434
61440
61448
61454
61462
61467
61475
61481
61489
61495
61502
61508
61516
61522
61529
61535
61543
61549
61557
61562
61570
61576
61584
61590
61597
61603
61611
61617
61625
61630
61638
61644
61652
61657
61665
61671
61679
61685
61692
61698
61706
61712
61720
61725
61733
61739
61747
61752
61760
61766
61774
61780
61787
61793
61801
61807
61815
61820
61828
61834
61842
61847
61855
61861
61869
61875
61882
61888
61896
61902
61910
61915
61923
61929
61937
61943
61950
61956
61964
61970
61977
61983
61991
61997
62005
62010
62018
62024
62032
62038
62045
62051
62059
62065
62072
62078
62086
62092
62100
62107
62112
62120
62125
62132
62138
62145
62150
62158
62163
62170
62176
62183
62188
62196
62201
62208
62214
62221
62226
62234
62239
62247
62252
62259
62265
62272
62277
62285
62290
62297
62303
62310
62315
62323
62328
62335
62341
62348
62353
62361
62366
62374
62379
62386
62392
62399
62404
62412
62417
62424
62430
62437
62442
62450
62455
62462
62468
62475
62480
62488
62493
62500
62506
62513
62519
62526
62531
62539
62544
62551
62557
62564
62569
62577
62582
62589
62595
62602
62607
62615
62620
62627
62633
62640
62646
62653
62658
62666
62671
62678
62684
62691
62696
62704
62709
62716
62722
62729
62734
62742
62747
62754
62760
62767
62773
62780
62785
62793
62798
62805
62811
62818
62823
62831
62836
62843
62849
62856
62861
62869
62874
62881
62887
62894
62900
62907
62912
62919
62924
62931
62937
62944
62949
62956
62961
62968
62974
62981
62986
62993
62998
63005
63011
63018
63023
63030
63035
63043
63048
63055
63060
63067
63072
63080
63085
63092
63097
63104
63109
63117
63122
63129
63134
63141
63147
63154
63159
63166
63171
63178
63184
63191
63196
63203
63208
63215
63221
63228
63233
63240
63245
63253
63258
63265
63270
63277
63282
63290
63295
63302
63307
63314
63319
63327
63332
63339
63344
63351
63357
63364
63369
63376
63381
63388
63394
63401
63406
63413
63418
63425
63431
63438
63443
63450
63455
63463
63468
63475
63480
63487
63492
63500
63505
63512
63517
63524
63529
63537
63542
63549
63554
63561
63567
63574
63579
63586
63591
63598
63604
63611
63616
63623
63628
63635
63641
63648
63653
63660
63665
63673
63678
63685
63690
63697
63702
63710
63715
63723
63729
63737
63744
63752
63758
63767
63773
63781
63788
63796
63802
63811
63817
63825
63832
63840
63846
63855
63861
63869
63876
63884
63890
63899
63905
63913
63920
63928
63934
63943
63949
63957
63964
63972
63978
63987
63993
64001
64008
64016
64022
64031
64037
64045
64052
64060
64066
64075
64081
64089
64096
64104
64110
64119
64125
64133
64140
64148
64154
64163
64169
64177
64184
64192
64198
64207
64213
64221
64228
64236
64242
64251
64257
64265
64272
64280
64286
64295
64301
64309
64316
64324
64330
64339
64345
64353
64360
64368
64374
64383
64389
64397
64404
64412
64418
64427
64433
64441
64448
64456
64462
64471
64477
64485
64492
64500
64506
64513
64519
64526
64532
64539
64545
64552
64558
64565
64571
64578
64584
64591
64597
64604
64610
64617
64623
64630
64636
64643
64649
64656
64662
64669
64675
64682
64688
64695
64701
64708
64714
64721
64727
64734
64740
64747
64753
64760
64766
64773
64779
64786
64792
64799
64805
64812
64818
64825
64831
64838
64844
64851
64857
64864
64870
64877
64883
64890
64896
64903
64909
64916
64922
64929
64935
64943
64948
64956
64961
64969
64974
64982
64987
64995
65000
65008
65013
65021
65026
65034
65039
65047
65052
65060
65065
65073
65078
65086
65091
65099
65104
65112
65117
65125
65130
65138
65143
65151
65156
65164
65169
65177
65182
65190
65195
65203
65208
65216
65221
65229
65234
65242
65247
65255
65260
65268
65273
65281
65286
65294
65299
65307
65312
65320
65328
65334
65342
65349
65357
65363
65372
65378
65386
65393
65401
65407
65416
65422
65430
65437
65445
65451
65460
65466
65474
65480
65489
65495
65503
65510
65518
65524
65533
65539
65547
65554
65562
65568
65577
65583
65591
65598
65606
65612
65620
65627
65635
65641
65650
65656
65664
65671
65679
65685
65694
65700
65708
65715
65723
65729
65738
65744
65752
65759
65767
65773
65781
65788
65796
65802
65811
65817
65825
65832
65840
65846
65855
65861
65869
65876
65884
65890
65899
65905
65913
65920
65927
65935
65941
65950
65956
65964
65971
65979
65985
65994
66000
66008
66015
66023
66029
66038
66044
66052
66059
66067
66073
66081
66088
66096
66102
66111
66117
66125
66132
66138
66145
66151
66158
66164
66171
66177
66184
66190
66197
66203
66210
66216
66224
66229
66237
66242
66250
66255
66263
66268
66276
66281
66289
66294
66302
66308
66315
66321
66328
66334
66341
66347
66354
66360
66367
66373
66380
66386
66393
66399
66407
66412
66420
66425
66433
66438
66446
66451
66459
66464
66472
66477
66485
66491
66498
66504
66511
66517
66524
66530
66537
66543
66550
66556
66563
66569
66576
66582
66590
66595
66603
66608
66616
66621
66629
66634
66642
66647
66655
66660
66668
66674
66681
66687
66694
66700
66707
66713
66720
66726
66733
66739
66746
66752
66759
66765
66773
66778
66786
66791
66799
66804
66812
66817
66825
66830
66838
66843
66851
66857
66864
66870
66877
66883
66890
66896
66903
66909
66916
66923
66929
66936
66942
66950
66955
66963
66969
66976
66982
66989
66995
67003
67008
67016
67022
67029
67035
67042
67048
67056
67061
67069
67075
67082
67088
67095
67101
67109
67114
67122
67128
67135
67141
67148
67154
67162
67167
67175
67181
67188
67194
67201
67207
67215
67220
67228
67234
67241
67247
67254
67260
67268
67273
67281
67287
67294
67300
67307
67313
67321
67326
67334
67340
67347
67353
67360
67366
67374
67379
67387
67393
67400
67406
67413
67419
67427
67432
67440
67446
67453
67459
67466
67472
67480
67485
67493
67499
67506
67512
67519
67525
67533
67538
67546
67552
67559
67565
67572
67578
67586
67591
67599
67605
67612
67618
67626
67631
67639
67644
67652
67658
67665
67671
67679
67684
67692
67697
67705
67711
67718
67724
67731
67737
67745
67751
67759
67765
67773
67779
67787
67793
67801
67806
67814
67820
67828
67834
67842
67848
67856
67862
67870
67876
67884
67889
67897
67903
67911
67917
67925
67931
67939
67945
67953
67959
67967
67972
67980
67986
67994
68000
68008
68014
68022
68028
68036
68042
68050
68055
68063
68069
68077
68083
68091
68097
68105
68111
68119
68125
68133
68138
68146
68152
68160
68166
68174
68180
68188
68194
68202
68208
68216
68221
68229
68235
68243
68249
68257
68263
68271
68277
68285
68291
68299
68304
68312
68318
68326
68332
68340
68346
68354
68360
68368
68374
68382
68387
68395
68401
68409
68415
68423
68429
68437
68443
68451
68457
68465
68470
68478
68484
68492
68498
68506
68512
68519
68525
68533
68538
68546
68552
68559
68565
68573
68579
68586
68592
68600
68605
68613
68619
68627
68632
68640
68646
68653
68659
68667
68673
68680
68686
68694
68699
68707
68713
68721
68726
68734
68740
68747
68753
68761
68767
68774
68780
68788
68793
68801
68807
68815
68820
68828
68834
68841
68847
68855
68860
68868
68874
68882
68887
68895
68901
68908
68914
68922
68928
68935
68941
68949
68954
68962
68968
68976
68981
68989
68995
69002
69008
69016
69022
69029
69035
69043
69048
69056
69062
69070
69075
69083
69089
69096
69102
69110
69116
69123
69129
69137
69142
69150
69156
69164
69169
69177
69183
69190
69196
69204
69209
69217
69223
69231
69236
69244
69250
69257
69263
69271
69277
69284
69290
69298
69303
69311
69317
69325
69331
69340
69346
69354
69360
69369
69375
69383
69389
69398
69404
69412
69418
69427
69433
69441
69447
69456
69462
69470
69476
69485
69491
69499
69505
69514
69520
69528
69534
69542
69549
69557
69563
69571
69578
69586
69592
69600
69607
69615
69621
69629
69636
69644
69650
69658
69665
69673
69679
69687
69694
69702
69708
69716
69723
69731
69737
69745
69752
69760
69766
69774
69780
69789
69795
69803
69809
69818
69824
69832
69838
69847
69853
69861
69867
69876
69882
69890
69896
69905
69911
69919
69925
69934
69940
69948
69954
69963
69969
69977
69983
69991
69998
70006
70012
70020
70027
70035
70041
70049
70056
70064
70070
70078
70085
70093
70099
70107
70114
70122
70129
70135
70142
70148
70155
70161
70168
70174
70181
70187
70194
70200
70207
70213
70220
70226
70233
70239
70246
70252
70259
70265
70272
70278
70285
70291
70298
70304
70311
70317
70324
70330
70337
70343
70350
70356
70363
70369
70376
70382
70389
70395
70402
70408
70415
70421
70428
70434
70441
70447
70454
70460
70467
70473
70480
70486
70493
70499
70506
70512
70519
70525
70532
70538
70545
70551
70558
70564
70571
70577
70584
70590
70597
70603
70610
70616
70623
70629
70636
70642
70649
70655
70662
70668
70675
70681
70688
70694
70701
70707
70714
70720
70727
70733
70740
70746
70753
70759
70766
70772
70779
70785
70792
70798
70805
70811
70818
70824
70831
70837
70844
70850
70857
70863
70870
70876
70883
70889
70896
70902
70909
70915
70922
70928
70936
70944
70950
70959
70965
70973
70980
70988
70995
71003
71009
71018
71024
71033
71039
71047
71054
71062
71069
71077
71083
71092
71098
71106
71113
71121
71128
71136
71142
71151
71157
71166
71172
71180
71187
71195
71202
71210
71216
71225
71231
71239
71246
71254
71261
71269
71275
71284
71290
71299
71305
71313
71320
71328
71335
71343
71349
71358
71364
71372
71379
71387
71394
71402
71408
71417
71423
71432
71438
71446
71453
71461
71468
71476
71482
71491
71497
71505
71512
71520
71527
71535
71541
71550
71556
71565
71571
71579
71586
71594
71601
71609
71615
71624
71630
71638
71645
71653
71660
71668
71674
71683
71689
71698
71704
71712
71719
71727
71734
71742
71750
71756
71764
71770
71778
71784
71792
71798
71806
71812
71820
71826
71834
71840
71848
71854
71862
71868
71876
71882
71890
71896
71904
71910
71918
71924
71932
71938
71946
71953
71961
71967
71975
71981
71989
71995
72003
72009
72017
72023
72031
72037
72045
72051
72059
72065
72073
72079
72087
72093
72101
72107
72115
72121
72129
72135
72143
72149
72158
72164
72172
72178
72186
72192
72200
72206
72214
72220
72228
72234
72242
72248
72256
72262
72270
72276
72284
72290
72298
72304
72312
72318
72326
72332
72340
72346
72354
72360
72369
72375
72383
72389
72397
72403
72411
72417
72425
72431
72439
72445
72453
72459
72467
72473
72481
72487
72495
72501
72509
72515
72523
72529
72537
72543
72551
72557
72565
72572
72580
72586
72594
72600
72609
72615
72623
72629
72637
72644
72652
72658
72666
72672
72681
72687
72695
72701
72709
72716
72724
72730
72738
72744
72753
72759
72767
72773
72781
72788
72796
72802
72810
72816
72825
72831
72839
72845
72853
72860
72868
72874
72882
72888
72897
72903
72911
72917
72925
72932
72940
72946
72954
72960
72969
72975
72983
72989
72997
73004
73012
73018
73026
73032
73041
73047
73055
73061
73069
73076
73084
73090
73098
73104
73113
73119
73127
73133
73141
73148
73156
73162
73170
73176
73185
73191
73199
73205
73213
73220
73228
73234
73242
73248
73257
73263
73271
73277
73285
73292
73300
73306
73314
73320
73329
73337
73343
73351
73358
73366
73372
73380
73387
73395
73401
73409
73416
73424
73430
73438
73445
73453
73459
73467
73474
73482
73488
73496
73503
73511
73517
73526
73532
73540
73546
73555
73561
73569
73575
73584
73590
73598
73604
73613
73619
73627
73633
73642
73648
73656
73662
73671
73677
73685
73691
73700
73706
73714
73721
73729
73735
73743
73750
73758
73764
73772
73779
73787
73793
73801
73808
73816
73822
73830
73837
73845
73851
73859
73866
73874
73880
73888
73895
73903
73909
73918
73924
73932
73938
73947
73953
73961
73967
73976
73982
73990
73996
74005
74011
74019
74025
74034
74040
74048
74054
74063
74069
74077
74083
74092
74098
74106
74113
74121
74127
74135
74142
74150
74156
74164
74171
74179
74185
74193
74200
74208
74214
74223
74229
74237
74243
74252
74258
74266
74272
74281
74287
74295
74302
74310
74316
74324
74331
74339
74345
74354
74360
74368
74374
74383
74389
74397
74403
74412
74418
74426
74433
74441
74447
74455
74462
74470
74476
74485
74491
74499
74505
74514
74520
74528
74534
74543
74549
74557
74564
74572
74578
74586
74593
74601
74607
74616
74622
74630
74636
74645
74651
74659
74665
74674
74680
74688
74695
74703
74709
74717
74724
74732
74738
74747
74753
74761
74767
74776
74782
74790
74796
74805
74811
74819
74826
74834
74840
74848
74855
74863
74869
74877
74884
74892
74898
74907
74913
74921
74927
74936
74944
74950
74958
74964
74972
74978
74986
74992
75000
75006
75014
75020
75028
75034
75042
75048
75056
75062
75070
75076
75084
75090
75098
75104
75112
75118
75126
75132
75140
75147
75155
75161
75169
75175
75183
75189
75197
75203
75211
75217
75225
75231
75239
75245
75253
75259
75267
75273
75281
75287
75295
75301
75309
75315
75323
75329
75337
75343
75352
75358
75366
75372
75380
75386
75394
75400
75408
75414
75422
75428
75436
75442
75450
75456
75464
75470
75478
75484
75492
75498
75506
75512
75520
75526
75534
75540
75548
75554
75563
75569
75577
75583
75591
75597
75605
75611
75619
75625
75633
75639
75647
75653
75661
75667
75675
75681
75689
75695
75703
75709
75717
75723
75731
75737
75745
75751
75759
75766
75771
75778
75783
75790
75795
75802
75807
75814
75820
75827
75832
75839
75844
75851
75856
75863
75868
75876
75881
75888
75893
75900
75905
75912
75917
75924
75930
75937
75942
75949
75954
75961
75966
75973
75978
75986
75991
75998
76003
76010
76015
76022
76027
76034
76040
76047
76052
76059
76064
76071
76076
76083
76088
76096
76101
76108
76113
76120
76125
76132
76137
76144
76150
76157
76162
76169
76174
76181
76186
76193
76198
76206
76211
76218
76223
76230
76235
76242
76247
76254
76260
76267
76272
76279
76284
76291
76296
76303
76308
76316
76321
76328
76333
76340
76345
76352
76357
76364
76369
76377
76382
76389
76394
76401
76406
76413
76418
76425
76431
76438
76443
76450
76455
76462
76467
76474
76479
76487
76492
76499
76504
76511
76516
76523
76528
76535
76541
76548
76553
76560
76565
76572
76579
76585
76592
76598
76606
76611
76619
76624
76632
76638
76645
76651
76658
76664
76672
76677
76685
76690
76698
76704
76711
76717
76724
76730
76738
76743
76751
76757
76764
76770
76777
76783
76791
76796
76804
76809
76817
76823
76830
76836
76843
76849
76857
76862
76870
76875
76883
76889
76896
76902
76910
76915
76923
76928
76936
76942
76949
76955
76962
76968
76976
76981
76989
76994
77002
77008
77015
77021
77028
77034
77042
77047
77055
77060
77068
77074
77081
77087
77095
77100
77108
77113
77121
77127
77134
77140
77147
77153
77161
77166
77174
77179
77187
77193
77200
77206
77213
77219
77227
77232
77240
77246
77253
77259
77266
77272
77280
77285
77293
77298
77306
77312
77319
77325
77332
77338
77346
77351
77359
77364
77372
77378
77385
77392
77397
77404
77409
77416
77422
77429
77434
77441
77446
77453
77459
77466
77471
77478
77483
77490
77496
77503
77508
77515
77520
77527
77533
77540
77545
77552
77557
77565
77570
77577
77582
77589
77594
77602
77607
77614
77619
77626
77631
77639
77644
77651
77656
77663
77668
77676
77681
77688
77693
77700
77705
77713
77718
77725
77730
77737
77743
77750
77755
77762
77767
77774
77780
77787
77792
77799
77804
77811
77817
77824
77829
77836
77841
77848
77854
77861
77866
77873
77878
77885
77891
77898
77903
77910
77915
77923
77928
77935
77940
77947
77952
77960
77965
77972
77977
77984
77989
77997
78002
78009
78014
78021
78026
78034
78039
78046
78051
78058
78064
78071
78076
78083
78088
78095
78101
78108
78113
78120
78125
78132
78138
78145
78150
78157
78162
78169
78175
78182
78187
78194
78201
78207
78214
78220
78228
78233
78241
78247
78254
78260
78267
78273
78281
78286
78294
78300
78307
78313
78320
78326
78334
78339
78347
78353
78360
78366
78373
78379
78387
78392
78400
78406
78413
78419
78426
78432
78440
78445
78453
78459
78466
78472
78479
78485
78493
78498
78506
78512
78519
78525
78532
78538
78546
78551
78559
78565
78572
78578
78585
78591
78599
78604
78612
78618
78625
78631
78638
78644
78652
78657
78665
78671
78678
78684
78691
78697
78705
78710
78718
78724
78731
78737
78744
78750
78758
78763
78771
78777
78784
78790
78797
78803
78811
78816
78824
78830
78837
78843
78850
78856
78864
78869
78877
78883
78890
78896
78904
78909
78917
78922
78930
78936
78943
78949
78957
78962
78970
78975
78983
78989
78996
79004
79010
79018
79024
79032
79039
79047
79053
79061
79067
79075
79082
79090
79096
79104
79110
79119
79125
79133
79139
79147
79153
79162
79168
79176
79182
79190
79197
79205
79211
79219
79225
79233
79240
79248
79254
79262
79268
79277
79283
79291
79297
79305
79311
79320
79326
79334
79340
79348
79355
79363
79369
79377
79383
79391
79398
79406
79412
79420
79426
79435
79441
79449
79455
79463
79469
79478
79484
79492
79498
79506
79513
79521
79527
79535
79541
79549
79556
79564
79570
79578
79584
79593
79599
79607
79613
79621
79627
79636
79642
79650
79656
79664
79671
79679
79685
79693
79699
79707
79714
79722
79728
79736
79742
79751
79757
79765
79771
79779
79785
79794
79801
79806
79814
79819
79827
79832
79840
79845
79853
79858
79866
79871
79879
79884
79892
79897
79905
79910
79918
79923
79931
79936
79944
79949
79957
79962
79970
79975
79983
79988
79996
80001
80009
80014
80022
80027
80034
80040
80047
80053
80060
80066
80073
80079
80086
80092
80099
80105
80112
80118
80125
80131
80138
80144
80151
80157
80164
80170
80177
80183
80190
80196
80203
80209
80216
80222
80229
80235
80242
80248
80255
80261
80268
80274
80280
80287
80293
80300
80306
80313
80319
80326
80332
80339
80345
80352
80358
80365
80371
80378
80384
80391
80397
80404
80410
80417
80423
80430
80436
80443
80449
80456
80462
80469
80475
80482
80488
80495
80501
80508
80514
80520
80527
80533
80540
80546
80553
80559
80566
80572
80579
80585
80592
80600
80606
80614
80621
80629
80635
80644
80650
80658
80665
80673
80679
80688
80694
80702
80709
80717
80723
80731
80738
80746
80752
80761
80767
80775
80782
80790
80796
80805
80811
80819
80826
80834
80840
80848
80855
80863
80869
80878
80884
80892
80899
80907
80913
80922
80928
80936
80943
80951
80957
80965
80972
80980
80986
80995
81001
81009
81016
81024
81030
81039
81045
81053
81060
81068
81074
81082
81089
81097
81103
81112
81118
81126
81133
81141
81147
81156
81162
81170
81177
81185
81191
81199
81206
81214
81220
81229
81235
81243
81250
81258
81264
81273
81279
81287
81294
81302
81308
81316
81323
81331
81337
81346
81352
81360
81367
81375
81381
81390
81396
81403
81409
81417
81423
81431
81436
81444
81450
81458
81464
81472
81477
81485
81491
81499
81505
81513
81518
81526
81532
81540
81546
81553
81559
81567
81573
81581
81587
81594
81600
81608
81614
81622
81628
81635
81641
81649
81655
81663
81669
81676
81682
81690
81696
81704
81709
81717
81723
81731
81737
81745
81750
81758
81764
81772
81778
81786
81791
81799
81805
81813
81819
81827
81832
81840
81846
81854
81860
81867
81873
81881
81887
81895
81901
81908
81914
81922
81928
81936
81942
81949
81955
81963
81969
81977
81983
81990
81996
82004
82010
82018
82023
82031
82037
82045
82051
82059
82064
82072
82078
82086
82092
82100
82105
82113
82119
82127
82133
82141
82146
82154
82160
82168
82174
82181
82187
82195
82201
82209
82215
82222
82228
82235
82241
82249
82254
82262
82268
82275
82281
82289
82294
82302
82308
82315
82321
82329
82334
82342
82348
82355
82361
82369
82374
82382
82388
82395
82401
82409
82414
82422
82428
82435
82441
82449
82454
82462
82468
82475
82481
82489
82494
82502
82508
82515
82521
82528
82534
82542
82547
82555
82561
82568
82574
82582
82587
82595
82601
82608
82614
82622
82627
82635
82641
82648
82654
82662
82667
82675
82681
82688
82694
82702
82707
82715
82721
82728
82734
82742
82747
82755
82761
82768
82774
82782
82787
82795
82801
82808
82814
82821
82827
82835
82840
82848
82854
82861
82867
82875
82880
82888
82894
82901
82907
82915
82920
82928
82934
82941
82947
82955
82960
82968
82974
82981
82987
82995
83000
83008
83014
83021
83028
83033
83040
83046
83053
83058
83065
83071
83078
83083
83090
83096
83103
83108
83115
83121
83128
83133
83140
83146
83153
83158
83166
83171
83178
83183
83191
83196
83203
83208
83216
83221
83228
83233
83241
83246
83253
83258
83266
83271
83278
83284
83291
83296
83303
83309
83316
83321
83328
83334
83341
83346
83353
83359
83366
83371
83378
83384
83391
83396
83404
83409
83416
83421
83429
83434
83441
83446
83454
83459
83466
83471
83479
83484
83491
83496
83504
83509
83516
83522
83529
83534
83541
83547
83554
83559
83566
83572
83579
83584
83591
83597
83604
83609
83616
83622
83629
83634
83642
83647
83654
83659
83667
83672
83679
83684
83692
83697
83704
83709
83717
83722
83729
83734
83742
83747
83754
83760
83767
83772
83779
83785
83792
83797
83804
83810
83817
83822
83829
83834
83841
83846
83854
83859
83866
83871
83879
83884
83891
83896
83904
83909
83916
83921
83929
83934
83941
83946
83954
83959
83966
83971
83979
83984
83991
83996
84003
84009
84016
84021
84028
84034
84041
84046
84053
84059
84066
84071
84078
84084
84091
84096
84103
84109
84116
84121
84128
84134
84141
84146
84153
84158
84166
84171
84178
84183
84191
84196
84203
84208
84216
84221
84228
84233
84241
84246
84253
84258
84266
84271
84278
84283
84291
84296
84303
84308
84315
84321
84328
84333
84340
84346
84353
84358
84365
84371
84378
84383
84390
84396
84403
84408
84415
84421
84428
84433
84440
84446
84453
84458
84465
84470
84478
84483
84490
84495
84503
84508
84515
84520
84528
84533
84540
84545
84553
84558
84565
84570
84578
84583
84590
84595
84603
84608
84615
84620
84627
84633
84640
84645
84652
84657
84664
84669
84676
84682
84689
84694
84701
84706
84713
84719
84726
84731
84738
84743
84750
84756
84763
84768
84775
84780
84788
84793
84800
84805
84812
84817
84825
84830
84837
84842
84849
84854
84862
84867
84874
84879
84886
84892
84899
84904
84911
84916
84923
84929
84936
84941
84948
84953
84960
84966
84973
84978
84985
84990
84998
85003
85010
85015
85022
85027
85035
85040
85047
85052
85059
85064
85072
85077
85084
85089
85096
85102
85109
85114
85121
85126
85133
85139
85146
85151
85158
85163
85170
85176
85183
85188
85195
85200
85208
85213
85220
85225
85232
85237
85245
85250
85257
85262
85269
85274
85282
85287
85294
85299
85306
85312
85319
85324
85331
85336
85343
85349
85356
85361
85368
85373
85380
85386
85393
85398
85405
85410
85418
85423
85430
85435
85442
85447
85455
85460
85468
85474
85482
85488
85496
85502
85510
85516
85524
85530
85539
85545
85553
85559
85567
85573
85581
85587
85595
85601
85609
85616
85624
85630
85638
85644
85652
85658
85666
85672
85680
85686
85695
85701
85709
85715
85723
85729
85737
85743
85751
85757
85765
85772
85780
85786
85794
85800
85808
85814
85822
85828
85836
85842
85851
85857
85865
85871
85879
85885
85893
85899
85907
85913
85921
85928
85936
85942
85950
85956
85964
85970
85978
85984
85992
85999
86007
86013
86021
86027
86035
86041
86049
86055
86063
86069
86078
86084
86092
86098
86106
86112
86120
86126
86134
86140
86148
86155
86163
86169
86177
86183
86191
86197
86205
86211
86219
86225
86234
86240
86248
86254
86262
86268
86276
86282
86289
86295
86302
86308
86316
86321
86329
86335
86342
86348
86356
86361
86369
86375
86382
86388
86396
86401
86409
86415
86422
86428
86436
86441
86449
86455
86462
86468
86476
86481
86489
86495
86502
86508
86516
86521
86529
86535
86542
86548
86556
86561
86569
86575
86582
86588
86595
86601
86609
86614
86622
86628
86635
86641
86649
86654
86662
86668
86675
86681
86689
86694
86702
86708
86715
86721
86729
86734
86742
86748
86755
86761
86769
86774
86782
86788
86795
86801
86809
86814
86822
86828
86835
86841
86849
86854
86862
86868
86875
86881
86888
86894
86902
86907
86915
86921
86928
86934
86942
86947
86955
86961
86968
86974
86982
86987
86995
87001
87008
87014
87022
87027
87035
87041
87048
87054
87062
87067
87075
87081
87088
87095
87100
87107
87113
87120
87125
87133
87138
87145
87150
87158
87163
87170
87176
87183
87188
87196
87201
87208
87213
87221
87226
87233
87239
87246
87251
87259
87264
87271
87276
87284
87289
87296
87302
87309
87314
87322
87327
87334
87339
87347
87352
87359
87365
87372
87377
87385
87390
87397
87402
87410
87415
87422
87428
87435
87440
87448
87453
87460
87465
87473
87478
87485
87491
87498
87503
87511
87516
87523
87528
87536
87541
87548
87554
87561
87566
87574
87579
87586
87591
87599
87604
87611
87617
87624
87629
87637
87642
87649
87654
87662
87667
87674
87680
87687
87692
87700
87705
87712
87717
87725
87730
87737
87743
87750
87755
87763
87768
87775
87780
87788
87793
87800
87806
87813
87818
87826
87831
87838
87843
87851
87856
87863
87869
87876
87881
87888
87894
87901
87906
87914
87922
87928
87937
87943
87952
87958
87966
87973
87981
87988
87996
88002
88011
88017
88026
88032
88040
88047
88055
88062
88070
88076
88085
88091
88100
88106
88114
88121
88129
88136
88144
88151
88159
88165
88174
88180
88189
88195
88203
88210
88218
88225
88233
88239
88248
88254
88263
88269
88277
88284
88292
88299
88307
88314
88321
88329
88336
88344
88351
88359
88365
88374
88380
88389
88395
88403
88410
88418
88425
88433
88439
88448
88454
88463
88469
88477
88484
88492
88499
88507
88514
88521
88529
88536
88544
88551
88559
88565
88574
88580
88589
88595
88603
88610
88618
88625
88633
88639
88648
88654
88663
88669
88677
88684
88692
88699
88707
88714
88721
88729
88736
88743
88749
88756
88762
88769
88775
88783
88788
88796
88801
88809
88815
88822
88828
88835
88841
88849
88854
88862
88867
88875
88881
88888
88894
88901
88907
88915
88920
88928
88933
88941
88946
88954
88960
88967
88973
88980
88986
88994
88999
89007
89012
89020
89026
89033
89039
89046
89052
89060
89065
89073
89078
89086
89092
89099
89105
89112
89118
89126
89131
89139
89144
89152
89157
89165
89171
89178
89184
89191
89197
89205
89210
89218
89223
89231
89237
89244
89250
89257
89263
89271
89276
89284
89289
89297
89303
89310
89316
89323
89329
89336
89342
89350
89355
89363
89368
89376
89382
89389
89395
89402
89408
89416
89421
89429
89434
89442
89448
89455
89461
89468
89474
89482
89487
89495
89500
89508
89514
89521
89527
89534
89540
89547
89552
89559
89565
89572
89577
89585
89590
89597
89602
89610
89615
89622
89628
89635
89640
89648
89653
89660
89665
89673
89678
89685
89691
89698
89703
89710
89716
89723
89728
89736
89741
89748
89754
89761
89766
89773
89779
89786
89791
89799
89804
89811
89817
89824
89829
89836
89842
89849
89854
89862
89867
89874
89879
89887
89892
89899
89905
89912
89917
89925
89930
89937
89942
89950
89955
89962
89968
89975
89980
89988
89993
90000
90005
90013
90018
90025
90031
90038
90043
90050
90056
90063
90068
90076
90081
90088
90094
90101
90106
90113
90119
90126
90131
90139
90144
90151
90156
90164
90169
90176
90182
90189
90194
90202
90207
90214
90219
90227
90232
90239
90245
90252
90257
90265
90270
90277
90282
90290
90295
90302
90308
90315
90320
90327
90333
90340
90345
90352
90357
90364
90369
90376
90381
90388
90393
90401
90406
90413
90418
90425
90430
90437
90442
90449
90455
90462
90467
90474
90479
90486
90491
90498
90504
90511
90516
90523
90528
90535
90540
90547
90552
90560
90565
90572
90577
90584
90589
90596
90601
90608
90614
90621
90626
90633
90638
90645
90650
90657
90663
90670
90675
90682
90687
90694
90699
90706
90711
90719
90724
90731
90736
90743
90748
90755
90760
90768
90773
90780
90785
90792
90797
90804
90809
90816
90822
90829
90834
90841
90846
90853
90858
90865
90870
90878
90883
90890
90895
90902
90907
90914
90919
90927
90932
90939
90944
90951
90956
90963
90968
90975
90981
90988
90993
91000
91005
91012
91017
91024
91030
91037
91042
91049
91054
91061
91066
91073
91078
91086
91091
91098
91103
91110
91115
91122
91127
91134
91140
91147
91152
91159
91164
91171
91178
91183
91191
91196
91203
91209
91216
91221
91229
91234
91241
91247
91254
91259
91267
91272
91279
91285
91292
91297
91305
91310
91317
91323
91330
91335
91343
91348
91356
91361
91368
91374
91381
91386
91394
91399
91406
91412
91419
91424
91432
91437
91444
91450
91457
91462
91470
91475
91482
91488
91495
91500
91508
91513
91521
91526
91533
91539
91546
91551
91559
91564
91571
91577
91584
91589
91597
91602
91609
91615
91622
91627
91635
91640
91647
91653
91660
91665
91673
91678
91686
91691
91698
91704
91711
91716
91724
91729
91736
91742
91749
91754
91762
91767
91774
91780
91787
91792
91800
91805
91812
91818
91825
91830
91838
91843
91851
91856
91863
91869
91876
91881
91889
91894
91901
91907
91914
91919
91927
91932
91939
91945
91952
91957
91965
91970
91977
91984
91990
91998
92003
92011
92017
92024
92030
92038
92043
92051
92057
92064
92070
92078
92083
92091
92097
92105
92110
92118
92124
92131
92137
92145
92150
92158
92164
92171
92177
92185
92190
92198
92204
92211
92217
92225
92231
92238
92244
92252
92257
92265
92271
92278
92284
92292
92297
92305
92311
92318
92324
92332
92338
92345
92351
92359
92364
92372
92378
92385
92391
92399
92404
92412
92418
92425
92431
92439
92444
92452
92458
92466
92471
92479
92485
92492
92498
92506
92511
92519
92525
92532
92538
92546
92551
92559
92565
92572
92578
92586
92592
92599
92605
92613
92618
92626
92632
92639
92645
92653
92658
92666
92672
92679
92685
92693
92699
92706
92712
92720
92725
92733
92739
92746
92752
92760
92765
92773
92779
92786
92791
92798
92804
92811
92816
92824
92829
92836
92842
92849
92854
92862
92867
92874
92879
92887
92892
92899
92905
92912
92917
92925
92930
92937
92943
92950
92955
92962
92968
92975
92980
92988
92993
93000
93006
93013
93018
93026
93031
93038
93043
93051
93056
93063
93069
93076
93081
93089
93094
93101
93107
93114
93119
93127
93132
93139
93144
93152
93157
93164
93170
93177
93182
93190
93195
93202
93208
93215
93220
93227
93233
93240
93245
93253
93258
93265
93271
93278
93283
93291
93296
93303
93308
93316
93321
93328
93334
93341
93346
93354
93359
93366
93372
93379
93384
93391
93397
93404
93409
93417
93422
93429
93435
93442
93447
93455
93460
93467
93473
93480
93485
93492
93498
93505
93510
93518
93523
93530
93536
93543
93548
93556
93561
93568
93573
93581
93586
93593
93599
93606
93612
93619
93625
93632
93638
93646
93651
93659
93664
93672
93678
93685
93691
93698
93704
93712
93717
93725
93730
93738
93744
93751
93757
93764
93770
93778
93783
93791
93796
93804
93809
93817
93823
93830
93836
93843
93849
93857
93862
93870
93875
93883
93889
93896
93902
93909
93915
93923
93928
93936
93941
93949
93955
93962
93968
93975
93981
93989
93994
94002
94007
94015
94020
94028
94034
94041
94047
94054
94060
94068
94073
94081
94086
94094
94100
94107
94113
94120
94126
94134
94139
94147
94152
94160
94166
94173
94179
94186
94192
94199
94205
94213
94218
94226
94231
94239
94245
94252
94258
94265
94271
94279
94284
94292
94297
94305
94311
94318
94324
94331
94337
94345
94350
94358
94363
94371
94377
94384
94390
94397
94403
94410
94416
94424
94430
94438
94444
94452
94458
94466
94473
94481
94487
94495
94501
94509
94515
94524
94530
94538
94544
94552
94558
94566
94573
94581
94587
94595
94601
94609
94615
94624
94630
94638
94644
94652
94658
94666
94672
94681
94687
94695
94701
94709
94715
94723
94730
94738
94744
94752
94758
94766
94772
94781
94787
94795
94801
94809
94815
94823
94830
94838
94844
94852
94858
94866
94872
94881
94887
94895
94901
94909
94915
94923
94929
94938
94944
94952
94958
94966
94972
94980
94987
94995
95001
95009
95015
95023
95029
95038
95044
95052
95058
95066
95072
95080
95087
95095
95101
95109
95115
95123
95129
95137
95144
95152
95158
95166
95172
95180
95186
95195
95201
95209
95216
95221
95228
95233
95240
95245
95252
95258
95265
95270
95277
95282
95289
95294
95302
95307
95314
95319
95326
95331
95338
95344
95351
95356
95363
95368
95375
95380
95388
95393
95400
95405
95412
95417
95424
95430
95437
95442
95449
95454
95461
95466
95474
95479
95486
95491
95498
95503
95510
95516
95523
95528
95535
95540
95547
95552
95560
95565
95572
95577
95584
95589
95596
95602
95609
95614
95621
95626
95633
95638
95646
95651
95658
95663
95670
95675
95682
95688
95695
95700
95707
95712
95719
95724
95732
95737
95744
95749
95756
95761
95768
95773
95781
95786
95793
95798
95805
95810
95817
95823
95830
95835
95842
95847
95854
95859
95867
95872
95879
95884
95891
95896
95903
95909
95916
95921
95928
95933
95940
95945
95953
95958
95965
95970
95977
95982
95989
95995
96002
96007
96015
96021
96030
96036
96045
96051
96060
96066
96075
96081
96090
96096
96105
96111
96120
96126
96135
96141
96150
96156
96165
96171
96180
96186
96195
96201
96210
96216
96225
96231
96240
96246
96255
96261
96270
96276
96284
96291
96299
96306
96314
96321
96329
96336
96344
96351
96359
96366
96374
96381
96389
96396
96404
96411
96419
96426
96434
96441
96449
96456
96464
96471
96479
96486
96494
96501
96509
96516
96524
96531
96539
96545
96554
96560
96569
96575
96584
96590
96599
96605
96614
96620
96629
96635
96644
96650
96659
96665
96674
96680
96689
96695
96704
96710
96719
96725
96734
96740
96749
96755
96764
96770
96779
96785
96794
96800
96808
96815
96822
96827
96835
96840
96847
96853
96860
96865
96873
96878
96885
96891
96898
96903
96911
96916
96923
96929
96936
96941
96949
96954
96961
96967
96974
96979
96987
96992
96999
97005
97012
97017
97025
97030
97037
97043
97050
97055
97063
97068
97075
97081
97088
97093
97101
97106
97113
97119
97126
97131
97139
97144
97151
97157
97164
97169
97177
97182
97190
97195
97202
97208
97215
97220
97228
97233
97240
97246
97253
97258
97266
97271
97278
97284
97291
97296
97304
97309
97316
97322
97329
97334
97342
97347
97354
97360
97367
97372
97380
97385
97392
97398
97405
97410
97418
97423
97430
97436
97443
97448
97456
97461
97468
97474
97481
97486
97494
97499
97506
97512
97519
97524
97532
97537
97545
97550
97557
97563
97570
97575
97583
97588
97595
97601
97608
97616
97622
97631
97637
97645
97652
97660
97667
97675
97681
97690
97696
97704
97711
97719
97726
97734
97740
97749
97755
97763
97770
97778
97785
97793
97799
97808
97814
97823
97829
97837
97844
97852
97858
97867
97873
97882
97888
97896
97903
97911
97917
97926
97932
97941
97947
97955
97962
97970
97977
97985
97991
98000
98006
98014
98021
98029
98036
98044
98050
98059
98065
98073
98080
98088
98095
98103
98109
98118
98124
98132
98139
98147
98154
98162
98168
98177
98183
98192
98198
98206
98213
98221
98227
98236
98242
98251
98257
98265
98272
98280
98286
98295
98301
98310
98316
98324
98331
98339
98346
98354
98360
98369
98375
98383
98390
98398
98405
98413
98419
98428
98435
98441
98448
98454
98462
98467
98475
98481
98488
98494
98501
98507
98515
98520
98528
98534
98541
98547
98554
98560
98568
98573
98581
98587
98594
98600
98607
98613
98621
98626
98634
98640
98647
98653
98660
98666
98674
98679
98687
98693
98700
98706
98713
98719
98727
98732
98740
98746
98753
98759
98766
98772
98780
98785
98793
98799
98806
98812
98819
98825
98833
98838
98846
98852
98859
98865
98872
98878
98886
98891
98899
98905
98912
98918
98925
98931
98939
98944
98952
98958
98965
98971
98978
98984
98992
98997
99005
99011
99018
99024
99031
99037
99045
99050
99058
99064
99071
99077
99084
99090
99098
99103
99111
99117
99124
99130
99138
99143
99151
99156
99164
99170
99177
99183
99191
99196
99204
99209
99217
99223
99230
99236
99244
99252
99258
99267
99273
99282
99288
99297
99303
99312
99318
99326
99333
99341
99348
99356
99363
99371
99378
99386
99393
99401
99407
99416
99422
99431
99437
99446
99452
99461
99467
99476
99482
99490
99497
99505
99512
99520
99527
99535
99542
99550
99557
99565
99571
99580
99586
99595
99601
99610
99616
99625
99631
99640
99646
99654
99661
99669
99676
99684
99691
99699
99706
99714
99721
99729
99735
99744
99750
99759
99765
99774
99780
99789
99795
99804
99810
99818
99825
99833
99840
99848
99855
99863
99870
99878
99884
99893
99899
99908
99914
99923
99929
99938
99944
99953
99959
99967
99974
99982
99989
99997
100004
100012
100019
100027
100034
100042
100048
