7
13
21
26
34
40
48
53
61
67
75
80
88
94
102
107
115
121
129
134
142
148
156
161
169
175
183
188
196
202
210
215
223
229
237
242
250
256
264
269
277
283
291
296
304
310
318
323
331
337
345
350
358
364
371
377
385
391
398
404
412
418
425
431
439
449
457
467
476
486
494
504
513
523
531
541
550
560
568
578
587
597
605
615
624
634
642
652
661
671
679
689
698
708
716
727
735
745
753
764
772
782
790
801
809
819
827
838
846
856
864
875
883
893
901
915
928
942
955
970
982
997
1010
1024
1037
1051
1064
1079
1091
1106
1119
1133
1146
1161
1173
1188
1201
1214
1229
1241
1256
1269
1283
1296
1311
1323
1331
1337
1345
1351
1359
1365
1373
1379
1387
1393
1401
1407
1415
1421
1429
1435
1443
1449
1457
1463
1471
1478
1486
1492
1500
1506
1514
1520
1528
1534
1542
1548
1556
1562
1570
1576
1584
1590
1598
1604
1612
1618
1626
1633
1641
1647
1655
1661
1669
1675
1683
1689
1697
1703
1711
1717
1725
1731
1739
1745
1753
1759
1767
1773
1785
1796
1808
1819
1831
1842
1854
1865
1878
1888
1901
1911
1924
1934
1947
1957
1970
1981
1993
2004
2016
2027
2039
2050
2063
2073
2086
2096
2109
2119
2132
2142
2155
2166
2178
2189
2194
2197
2203
2206
2212
2215
2221
2224
2230
2233
2239
2242
2248
2251
2257
2260
2266
2269
2275
2278
2284
2287
2293
2296
2302
2305
2310
2314
2319
2323
2328
2332
2337
2341
2346
2350
2355
2359
2364
2368
2373
2377
2382
2386
2391
2395
2400
2404
2409
2413
2418
2422
2427
2430
2436
2439
2445
2448
2454
2457
2463
2466
2472
2475
2481
2484
2490
2493
2499
2502
2508
2511
2517
2520
2526
2529
2535
2538
2543
2547
2552
2556
2561
2565
2570
2574
2579
2583
2588
2592
2597
2601
2606
2610
2615
2619
2624
2628
2633
2637
2642
2646
2650
2653
2658
2661
2666
2669
2674
2676
2681
2684
2689
2692
2697
2700
2705
2707
2712
2715
2720
2723
2728
2731
2735
2738
2743
2746
2751
2754
2759
2762
2766
2769
2774
2777
2782
2785
2790
2792
2797
2800
2805
2808
2813
2816
2821
2823
2828
2831
2836
2839
2844
2847
2851
2854
2859
2862
2867
2870
2875
2878
2882
2885
2890
2893
2898
2901
2906
2908
2913
2916
2921
2924
2929
2932
2937
2939
2944
2947
2952
2955
2960
2963
2967
2970
2975
2978
2983
2986
2991
2994
2998
3001
3006
3009
3014
3017
3022
3024
3029
3032
3037
3040
3045
3048
3053
3055
3060
3063
3068
3071
3076
3086
3095
3106
3114
3125
3134
3144
3153
3164
3173
3183
3192
3203
3211
3222
3231
3242
3250
3261
3270
3280
3289
3300
3309
3319
3328
3339
3347
3358
3367
3377
3386
3397
3406
3416
3425
3436
3444
3455
3464
3475
3483
3494
3503
3513
3522
3530
3540
3548
3558
3566
3576
3584
3593
3601
3611
3619
3629
3637
3647
3655
3665
3673
3681
3691
3699
3709
3717
3727
3735
3745
3753
3761
3771
3779
3789
3797
3807
3815
3825
3833
3841
3851
3859
3869
3877
3887
3895
3905
3913
3921
3931
3939
3949
3958
3969
3977
3988
3997
4008
4016
4027
4036
4046
4055
4066
4075
4085
4094
4105
4113
4124
4133
4144
4152
4163
4172
4182
4191
4202
4211
4221
4230
4241
4249
4260
4269
4280
4288
4299
4308
4318
4327
4338
4347
4357
4366
4377
4385
4396
4405
4410
4413
4419
4422
4428
4431
4437
4440
4445
4449
4454
4458
4463
4467
4472
4476
4481
4484
4490
4493
4499
4502
4508
4511
4517
4520
4525
4529
4534
4538
4543
4547
4552
4555
4561
4564
4570
4573
4579
4582
4588
4591
4596
4600
4605
4609
4614
4618
4623
4627
4632
4635
4641
4644
4650
4653
4659
4662
4668
4671
4676
4680
4685
4689
4694
4698
4703
4706
4712
4715
4721
4724
4730
4733
4739
4742
4747
4751
4756
4760
4765
4769
4774
4778
4783
4786
4792
4795
4801
4804
4810
4813
4819
4832
4843
4856
4867
4880
4891
4904
4915
4928
4939
4952
4963
4976
4987
5000
5011
5024
5035
5048
5059
5073
5084
5097
5108
5121
5132
5145
5156
5169
5180
5193
5204
5217
5228
5241
5252
5265
5273
5279
5287
5293
5302
5308
5316
5322
5331
5337
5345
5351
5359
5366
5374
5380
5388
5395
5403
5409
5417
5424
5432
5438
5446
5452
5461
5467
5475
5481
5490
5496
5504
5510
5519
5525
5533
5539
5547
5554
5562
5568
5576
5583
5591
5597
5605
5611
5620
5626
5634
5640
5649
5655
5663
5669
5678
5684
5692
5698
5706
5712
5717
5724
5728
5735
5740
5746
5751
5758
5763
5769
5774
5781
5785
5792
5797
5804
5808
5815
5820
5826
5831
5838
5843
5849
5854
5861
5865
5872
5877
5883
5888
5895
5900
5906
5911
5918
5922
5929
5934
5941
5945
5952
5957
5963
5968
5975
5980
5986
5991
5998
6002
6009
6014
6020
6025
6032
6037
6043
6048
6055
6059
6066
6071
6078
6082
6089
6094
6100
6105
6112
6117
6123
6128
6139
6148
6159
6168
6179
6188
6199
6208
6219
6228
6239
6249
6260
6269
6280
6289
6300
6309
6320
6329
6340
6349
6360
6370
6381
6390
6401
6410
6421
6430
6441
6450
6461
6470
6481
6491
6502
6511
6522
6531
6542
6551
6557
6562
6568
6573
6580
6584
6591
6596
6602
6607
6614
6618
6625
6629
6636
6641
6647
6652
6659
6663
6670
6675
6681
6686
6692
6697
6704
6708
6715
6720
6726
6731
6738
6742
6749
6753
6760
6765
6771
6776
6783
6787
6794
6799
6805
6810
6816
6821
6828
6832
6839
6844
6850
6855
6862
6866
6873
6877
6884
6889
6895
6900
6907
6911
6918
6923
6929
6934
6940
6945
6952
6956
6963
6968
6974
6979
6986
6990
6997
7007
7015
7025
7033
7043
7051
7061
7069
7079
7087
7097
7105
7115
7123
7133
7141
7151
7159
7169
7177
7187
7195
7205
7214
7224
7232
7242
7250
7260
7268
7278
7286
7296
7304
7314
7322
7332
7340
7350
7358
7368
7376
7386
7394
7404
7412
7423
7431
7441
7446
7450
7456
7460
7466
7469
7475
7479
7485
7489
7494
7498
7504
7508
7514
7517
7523
7527
7533
7537
7542
7546
7552
7556
7562
7566
7570
7576
7580
7586
7590
7595
7599
7605
7609
7615
7618
7624
7628
7634
7638
7643
7647
7653
7657
7663
7666
7672
7676
7682
7686
7691
7695
7701
7705
7711
7715
7720
7724
7730
7734
7740
7743
7749
7753
7759
7763
7768
7772
7778
7782
7788
7791
7797
7801
7807
7811
7816
7820
7826
7830
7836
7840
7845
7849
7855
7859
7865
7868
7874
7878
7884
7891
7897
7905
7910
7918
7924
7932
7937
7945
7951
7958
7964
7972
7978
7985
7991
7999
8005
8012
8018
8026
8031
8039
8045
8053
8058
8066
8072
8080
8085
8093
8099
8106
8112
8120
8126
8133
8139
8147
8153
8160
8166
8174
8179
8187
8193
8201
8206
8214
8220
8228
8233
8241
8247
8254
8260
8268
8274
8281
8287
8295
8301
8308
8314
8322
8329
8334
8341
8346
8353
8358
8365
8370
8377
8382
8389
8394
8401
8406
8413
8419
8426
8431
8438
8443
8450
8455
8462
8467
8474
8479
8486
8491
8498
8503
8510
8516
8523
8528
8535
8540
8547
8552
8559
8564
8571
8576
8583
8588
8595
8600
8607
8613
8620
8625
8632
8637
8644
8649
8656
8661
8668
8673
8680
8685
8692
8697
8705
8710
8717
8722
8729
8734
8741
8746
8753
8758
8765
8770
8777
8782
8786
8791
8795
8800
8804
8810
8813
8819
8822
8828
8832
8837
8841
8846
8850
8856
8859
8865
8868
8874
8877
8883
8887
8892
8896
8901
8905
8911
8914
8920
8923
8929
8933
8938
8942
8947
8951
8957
8960
8966
8969
8975
8978
8984
8988
8993
8997
9002
9006
9012
9015
9021
9024
9030
9034
9039
9043
9048
9052
9058
9061
9067
9070
9076
9079
9085
9089
9094
9098
9103
9107
9113
9116
9122
9125
9131
9135
9140
9144
9149
9153
9159
9162
9168
9171
9177
9180
9186
9190
9197
9202
9209
9214
9222
9227
9234
9239
9246
9252
9259
9264
9271
9277
9284
9289
9296
9301
9309
9314
9321
9326
9334
9339
9346
9351
9358
9364
9371
9376
9383
9389
9396
9401
9408
9413
9421
9426
9433
9438
9446
9451
9458
9463
9470
9476
9483
9488
9495
9501
9508
9513
9520
9525
9533
9538
9545
9550
9558
9563
9570
9575
9582
9588
9595
9600
9607
9613
9624
9633
9645
9654
9665
9675
9686
9695
9707
9716
9727
9737
9748
9757
9769
9778
9790
9799
9810
9820
9831
9840
9852
9861
9872
9882
9893
9902
9914
9923
9934
9944
9955
9965
9976
9985
9997
10006
10017
10027
10038
10047
10059
10068
10075
10081
10089
10094
10102
10108
10116
10121
10129
10135
10143
10148
10156
10162
10170
10175
10183
10189
10197
10202
10210
10216
10224
10229
10237
10243
10251
10256
10264
10270
10278
10283
10291
10297
10305
10310
10318
10324
10332
10337
10345
10351
10359
10364
10372
10378
10386
10391
10399
10405
10413
10418
10426
10432
10439
10445
10453
10459
10466
10472
10480
10486
10493
10499
10507
10517
10525
10535
10544
10554
10562
10572
10581
10591
10599
10609
10618
10628
10636
10646
10655
10665
10673
10683
10692
10702
10710
10720
10729
10739
10747
10757
10766
10776
10784
10795
10803
10813
10821
10832
10840
10850
10858
10869
10877
10887
10895
10906
10914
10924
10932
10943
10951
10961
10969
10983
10996
11010
11023
11038
11050
11065
11078
11092
11105
11119
11132
11147
11159
11174
11187
11201
11214
11229
11241
11256
11269
11282
11297
11309
11324
11337
11351
11364
11379
11391
11399
11405
11413
11419
11427
11433
11441
11447
11455
11461
11469
11475
11483
11489
11497
11503
11511
11517
11525
11531
11539
11546
11554
11560
11568
11574
11582
11588
11596
11602
11610
11616
11624
11630
11638
11644
11652
11658
11666
11672
11680
11686
11694
11701
11709
11715
11723
11729
11737
11743
11751
11757
11765
11771
11779
11785
11793
11799
11807
11813
11821
11827
11835
11841
11853
11864
11876
11887
11899
11910
11922
11933
11946
11956
11969
11979
11992
12002
12015
12025
12038
12049
12061
12072
12084
12095
12107
12118
12131
12141
12154
12164
12177
12187
12200
12210
12223
12234
12246
12257
12262
12265
12271
12274
12280
12283
12289
12292
12298
12301
12307
12310
12316
12319
12325
12328
12334
12337
12343
12346
12352
12355
12361
12364
12370
12373
12378
12382
12387
12391
12396
12400
12405
12409
12414
12418
12423
12427
12432
12436
12441
12445
12450
12454
12459
12463
12468
12472
12477
12481
12486
12490
12495
12498
12504
12507
12513
12516
12522
12525
12531
12534
12540
12543
12549
12552
12558
12561
12567
12570
12576
12579
12585
12588
12594
12597
12603
12606
12611
12615
12620
12624
12629
12633
12638
12642
12647
12651
12656
12660
12665
12669
12674
12678
12683
12687
12692
12696
12701
12705
12710
12714
12718
12721
12726
12729
12734
12737
12742
12744
12749
12752
12757
12760
12765
12768
12773
12775
12780
12783
12788
12791
12796
12799
12803
12806
12811
12814
12819
12822
12827
12830
12834
12837
12842
12845
12850
12853
12858
12860
12865
12868
12873
12876
12881
12884
12889
12891
12896
12899
12904
12907
12912
12915
12919
12922
12927
12930
12935
12938
12943
12946
12950
12953
12958
12961
12966
12969
12974
12976
12981
12984
12989
12992
12997
13000
13005
13007
13012
13015
13020
13023
13028
13031
13035
13038
13043
13046
13051
13054
13059
13062
13066
13069
13074
13077
13082
13085
13090
13092
13097
13100
13105
13108
13113
13116
13121
13123
13128
13131
13136
13139
13144
13154
13163
13174
13182
13193
13202
13212
13221
13232
13241
13251
13260
13271
13279
13290
13299
13310
13318
13329
13338
13348
13357
13368
13377
13387
13396
13407
13415
13426
13435
13445
13454
13465
13474
13484
13493
13504
13512
13523
13532
13543
13551
13562
13571
13581
13590
13598
13608
13616
13626
13634
13644
13652
13661
13669
13679
13687
13697
13705
13715
13723
13733
13741
13749
13759
13767
13777
13785
13795
13803
13813
13821
13829
13839
13847
13857
13865
13875
13883
13893
13901
13909
13919
13927
13937
13945
13955
13963
13973
13981
13989
13999
14007
14017
14026
14037
14045
14056
14065
14076
14084
14095
14104
14114
14123
14134
14143
14153
14162
14173
14181
14192
14201
14212
14220
14231
14240
14250
14259
14270
14279
14289
14298
14309
14317
14328
14337
14348
14356
14367
14376
14386
14395
14406
14415
14425
14434
14445
14453
14464
14473
14478
14481
14487
14490
14496
14499
14505
14508
14513
14517
14522
14526
14531
14535
14540
14544
14549
14552
14558
14561
14567
14570
14576
14579
14585
14588
14593
14597
14602
14606
14611
14615
14620
14623
14629
14632
14638
14641
14647
14650
14656
14659
14664
14668
14673
14677
14682
14686
14691
14695
14700
14703
14709
14712
14718
14721
14727
14730
14736
14739
14744
14748
14753
14757
14762
14766
14771
14774
14780
14783
14789
14792
14798
14801
14807
14810
14815
14819
14824
14828
14833
14837
14842
14846
14851
14854
14860
14863
14869
14872
14878
14881
14887
14900
14911
14924
14935
14948
14959
14972
14983
14996
15007
15020
15031
15044
15055
15068
15079
15092
15103
15116
15127
15141
15152
15165
15176
15189
15200
15213
15224
15237
15248
15261
15272
15285
15296
15309
15320
15333
15341
15347
15355
15361
15370
15376
15384
15390
15399
15405
15413
15419
15427
15434
15442
15448
15456
15463
15471
15477
15485
15492
15500
15506
15514
15520
15529
15535
15543
15549
15558
15564
15572
15578
15587
15593
15601
15607
15615
15622
15630
15636
15644
15651
15659
15665
15673
15679
15688
15694
15702
15708
15717
15723
15731
15737
15746
15752
15760
15766
15774
15780
15785
15792
15796
15803
15808
15814
15819
15826
15831
15837
15842
15849
15853
15860
15865
15872
15876
15883
15888
15894
15899
15906
15911
15917
15922
15929
15933
15940
15945
15951
15956
15963
15968
15974
15979
15986
15990
15997
16002
16009
16013
16020
16025
16031
16036
16043
16048
16054
16059
16066
16070
16077
16082
16088
16093
16100
16105
16111
16116
16123
16127
16134
16139
16146
16150
16157
16162
16168
16173
16180
16185
16191
16196
16207
16216
16227
16236
16247
16256
16267
16276
16287
16296
16307
16317
16328
16337
16348
16357
16368
16377
16388
16397
16408
16417
16428
16438
16449
16458
16469
16478
16489
16498
16509
16518
16529
16538
16549
16559
16570
16579
16590
16599
16610
16619
16625
16630
16636
16641
16648
16652
16659
16664
16670
16675
16682
16686
16693
16697
16704
16709
16715
16720
16727
16731
16738
16743
16749
16754
16760
16765
16772
16776
16783
16788
16794
16799
16806
16810
16817
16821
16828
16833
16839
16844
16851
16855
16862
16867
16873
16878
16884
16889
16896
16900
16907
16912
16918
16923
16930
16934
16941
16945
16952
16957
16963
16968
16975
16979
16986
16991
16997
17002
17008
17013
17020
17024
17031
17036
17042
17047
17054
17058
17065
17075
17083
17093
17101
17111
17119
17129
17137
17147
17155
17165
17173
17183
17191
17201
17209
17219
17227
17237
17245
17255
17263
17273
17282
17292
17300
17310
17318
17328
17336
17346
17354
17364
17372
17382
17390
17400
17408
17418
17426
17436
17444
17454
17462
17472
17480
17491
17499
17509
17514
17518
17524
17528
17534
17537
17543
17547
17553
17557
17562
17566
17572
17576
17582
17585
17591
17595
17601
17605
17610
17614
17620
17624
17630
17634
17638
17644
17648
17654
17658
17663
17667
17673
17677
17683
17686
17692
17696
17702
17706
17711
17715
17721
17725
17731
17734
17740
17744
17750
17754
17759
17763
17769
17773
17779
17783
17788
17792
17798
17802
17808
17811
17817
17821
17827
17831
17836
17840
17846
17850
17856
17859
17865
17869
17875
17879
17884
17888
17894
17898
17904
17908
17913
17917
17923
17927
17933
17936
17942
17946
17952
17959
17965
17973
17978
17986
17992
18000
18005
18013
18019
18026
18032
18040
18046
18053
18059
18067
18073
18080
18086
18094
18099
18107
18113
18121
18126
18134
18140
18148
18153
18161
18167
18174
18180
18188
18194
18201
18207
18215
18221
18228
18234
18242
18247
18255
18261
18269
18274
18282
18288
18296
18301
18309
18315
18322
18328
18336
18342
18349
18355
18363
18369
18376
18382
18390
18397
18402
18409
18414
18421
18426
18433
18438
18445
18450
18457
18462
18469
18474
18481
18487
18494
18499
18506
18511
18518
18523
18530
18535
18542
18547
18554
18559
18566
18571
18578
18584
18591
18596
18603
18608
18615
18620
18627
18632
18639
18644
18651
18656
18663
18668
18675
18681
18688
18693
18700
18705
18712
18717
18724
18729
18736
18741
18748
18753
18760
18765
18773
18778
18785
18790
18797
18802
18809
18814
18821
18826
18833
18838
18845
18850
18854
18859
18863
18868
18872
18878
18881
18887
18890
18896
18900
18905
18909
18914
18918
18924
18927
18933
18936
18942
18945
18951
18955
18960
18964
18969
18973
18979
18982
18988
18991
18997
19001
19006
19010
19015
19019
19025
19028
19034
19037
19043
19046
19052
19056
19061
19065
19070
19074
19080
19083
19089
19092
19098
19102
19107
19111
19116
19120
19126
19129
19135
19138
19144
19147
19153
19157
19162
19166
19171
19175
19181
19184
19190
19193
19199
19203
19208
19212
19217
19221
19227
19230
19236
19239
19245
19248
19254
19258
19265
19270
19277
19282
19290
19295
19302
19307
19314
19320
19327
19332
19339
19345
19352
19357
19364
19369
19377
19382
19389
19394
19402
19407
19414
19419
19426
19432
19439
19444
19451
19457
19464
19469
19476
19481
19489
19494
19501
19506
19514
19519
19526
19531
19538
19544
19551
19556
19563
19569
19576
19581
19588
19593
19601
19606
19613
19618
19626
19631
19638
19643
19650
19656
19663
19668
19675
19681
19692
19701
19713
19722
19733
19743
19754
19763
19775
19784
19795
19805
19816
19825
19837
19846
19858
19867
19878
19888
19899
19908
19920
19929
19940
19950
19961
19970
19982
19991
20002
20012
20023
20033
20044
20053
20065
20074
20085
20095
20106
20115
20127
20136
20143
20149
20157
20162
20170
20176
20184
20189
20197
20203
20211
20216
20224
20230
20238
20243
20251
20257
20265
20270
20278
20284
20292
20297
20305
20311
20319
20324
20332
20338
20346
20351
20359
20365
20373
20378
20386
20392
20400
20405
20413
20419
20427
20432
20440
20446
20454
20459
20467
20473
20481
20486
20494
20500
20507
20513
20521
20527
20534
20540
20548
20554
20561
20567
20575
20585
20593
20603
20612
20622
20630
20640
20649
20659
20667
20677
20686
20696
20704
20714
20723
20733
20741
20751
20760
20770
20778
20788
20797
20807
20815
20825
20834
20844
20852
20863
20871
20881
20889
20900
20908
20918
20926
20937
20945
20955
20963
20974
20982
20992
21000
21011
21019
21029
21037
21051
21064
21078
21091
21106
21118
21133
21146
21160
21173
21187
21200
21215
21227
21242
21255
21269
21282
21297
21309
21324
21337
21350
21365
21377
21392
21405
21419
21432
21447
21459
21467
21473
21481
21487
21495
21501
21509
21515
21523
21529
21537
21543
21551
21557
21565
21571
21579
21585
21593
21599
21607
21614
21622
21628
21636
21642
21650
21656
21664
21670
21678
21684
21692
21698
21706
21712
21720
21726
21734
21740
21748
21754
21762
21769
21777
21783
21791
21797
21805
21811
21819
21825
21833
21839
21847
21853
21861
21867
21875
21881
21889
21895
21903
21909
21921
21932
21944
21955
21967
21978
21990
22001
22014
22024
22037
22047
22060
22070
22083
22093
22106
22117
22129
22140
22152
22163
22175
22186
22199
22209
22222
22232
22245
22255
22268
22278
22291
22302
22314
22325
22330
22333
22339
22342
22348
22351
22357
22360
22366
22369
22375
22378
22384
22387
22393
22396
22402
22405
22411
22414
22420
22423
22429
22432
22438
22441
22446
22450
22455
22459
22464
22468
22473
22477
22482
22486
22491
22495
22500
22504
22509
22513
22518
22522
22527
22531
22536
22540
22545
22549
22554
22558
22563
22566
22572
22575
22581
22584
22590
22593
22599
22602
22608
22611
22617
22620
22626
22629
22635
22638
22644
22647
22653
22656
22662
22665
22671
22674
22679
22683
22688
22692
22697
22701
22706
22710
22715
22719
22724
22728
22733
22737
22742
22746
22751
22755
22760
22764
22769
22773
22778
22782
22786
22789
22794
22797
22802
22805
22810
22812
22817
22820
22825
22828
22833
22836
22841
22843
22848
22851
22856
22859
22864
22867
22871
22874
22879
22882
22887
22890
22895
22898
22902
22905
22910
22913
22918
22921
22926
22928
22933
22936
22941
22944
22949
22952
22957
22959
22964
22967
22972
22975
22980
22983
22987
22990
22995
22998
23003
23006
23011
23014
23018
23021
23026
23029
23034
23037
23042
23044
23049
23052
23057
23060
23065
23068
23073
23075
23080
23083
23088
23091
23096
23099
23103
23106
23111
23114
23119
23122
23127
23130
23134
23137
23142
23145
23150
23153
23158
23160
23165
23168
23173
23176
23181
23184
23189
23191
23196
23199
23204
23207
23212
23222
23231
23242
23250
23261
23270
23280
23289
23300
23309
23319
23328
23339
23347
23358
23367
23378
23386
23397
23406
23416
23425
23436
23445
23455
23464
23475
23483
23494
23503
23513
23522
23533
23542
23552
23561
23572
23580
23591
23600
23611
23619
23630
23639
23649
23658
23666
23676
23684
23694
23702
23712
23720
23729
23737
23747
23755
23765
23773
23783
23791
23801
23809
23817
23827
23835
23845
23853
23863
23871
23881
23889
23897
23907
23915
23925
23933
23943
23951
23961
23969
23977
23987
23995
24005
24013
24023
24031
24041
24049
24057
24067
24075
24085
24094
24105
24113
24124
24133
24144
24152
24163
24172
24182
24191
24202
24211
24221
24230
24241
24249
24260
24269
24280
24288
24299
24308
24318
24327
24338
24347
24357
24366
24377
24385
24396
24405
24416
24424
24435
24444
24454
24463
24474
24483
24493
24502
24513
24521
24532
24541
24546
24549
24555
24558
24564
24567
24573
24576
24581
24585
24590
24594
24599
24603
24608
24612
24617
24620
24626
24629
24635
24638
24644
24647
24653
24656
24661
24665
24670
24674
24679
24683
24688
24691
24697
24700
24706
24709
24715
24718
24724
24727
24732
24736
24741
24745
24750
24754
24759
24763
24768
24771
24777
24780
24786
24789
24795
24798
24804
24807
24812
24816
24821
24825
24830
24834
24839
24842
24848
24851
24857
24860
24866
24869
24875
24878
24883
24887
24892
24896
24901
24905
24910
24914
24919
24922
24928
24931
24937
24940
24946
24949
24955
24968
24979
24992
25003
25016
25027
25040
25051
25064
25075
25088
25099
25112
25123
25136
25147
25160
25171
25184
25195
25209
25220
25233
25244
25257
25268
25281
25292
25305
25316
25329
25340
25353
25364
25377
25388
25401
25409
25415
25423
25429
25438
25444
25452
25458
25467
25473
25481
25487
25495
25502
25510
25516
25524
25531
25539
25545
25553
25560
25568
25574
25582
25588
25597
25603
25611
25617
25626
25632
25640
25646
25655
25661
25669
25675
25683
25690
25698
25704
25712
25719
25727
25733
25741
25747
25756
25762
25770
25776
25785
25791
25799
25805
25814
25820
25828
25834
25842
25848
25853
25860
25864
25871
25876
25882
25887
25894
25899
25905
25910
25917
25921
25928
25933
25940
25944
25951
25956
25962
25967
25974
25979
25985
25990
25997
26001
26008
26013
26019
26024
26031
26036
26042
26047
26054
26058
26065
26070
26077
26081
26088
26093
26099
26104
26111
26116
26122
26127
26134
26138
26145
26150
26156
26161
26168
26173
26179
26184
26191
26195
26202
26207
26214
26218
26225
26230
26236
26241
26248
26253
26259
26264
26275
26284
26295
26304
26315
26324
26335
26344
26355
26364
26375
26385
26396
26405
26416
26425
26436
26445
26456
26465
26476
26485
26496
26506
26517
26526
26537
26546
26557
26566
26577
26586
26597
26606
26617
26627
26638
26647
26658
26667
26678
26687
26693
26698
26704
26709
26716
26720
26727
26732
26738
26743
26750
26754
26761
26765
26772
26777
26783
26788
26795
26799
26806
26811
26817
26822
26828
26833
26840
26844
26851
26856
26862
26867
26874
26878
26885
26889
26896
26901
26907
26912
26919
26923
26930
26935
26941
26946
26952
26957
26964
26968
26975
26980
26986
26991
26998
27002
27009
27013
27020
27025
27031
27036
27043
27047
27054
27059
27065
27070
27076
27081
27088
27092
27099
27104
27110
27115
27122
27126
27133
27143
27151
27161
27169
27179
27187
27197
27205
27215
27223
27233
27241
27251
27259
27269
27277
27287
27295
27305
27313
27323
27331
27341
27350
27360
27368
27378
27386
27396
27404
27414
27422
27432
27440
27450
27458
27468
27476
27486
27494
27504
27512
27522
27530
27540
27548
27559
27567
27577
27582
27586
27592
27596
27602
27605
27611
27615
27621
27625
27630
27634
27640
27644
27650
27653
27659
27663
27669
27673
27678
27682
27688
27692
27698
27702
27706
27712
27716
27722
27726
27731
27735
27741
27745
27751
27754
27760
27764
27770
27774
27779
27783
27789
27793
27799
27802
27808
27812
27818
27822
27827
27831
27837
27841
27847
27851
27856
27860
27866
27870
27876
27879
27885
27889
27895
27899
27904
27908
27914
27918
27924
27927
27933
27937
27943
27947
27952
27956
27962
27966
27972
27976
27981
27985
27991
27995
28001
28004
28010
28014
28020
28027
28033
28041
28046
28054
28060
28068
28073
28081
28087
28094
28100
28108
28114
28121
28127
28135
28141
28148
28154
28162
28167
28175
28181
28189
28194
28202
28208
28216
28221
28229
28235
28242
28248
28256
28262
28269
28275
28283
28289
28296
28302
28310
28315
28323
28329
28337
28342
28350
28356
28364
28369
28377
28383
28390
28396
28404
28410
28417
28423
28431
28437
28444
28450
28458
28465
28470
28477
28482
28489
28494
28501
28506
28513
28518
28525
28530
28537
28542
28549
28555
28562
28567
28574
28579
28586
28591
28598
28603
28610
28615
28622
28627
28634
28639
28646
28652
28659
28664
28671
28676
28683
28688
28695
28700
28707
28712
28719
28724
28731
28736
28743
28749
28756
28761
28768
28773
28780
28785
28792
28797
28804
28809
28816
28821
28828
28833
28841
28846
28853
28858
28865
28870
28877
28882
28889
28894
28901
28906
28913
28918
28922
28927
28931
28936
28940
28946
28949
28955
28958
28964
28968
28973
28977
28982
28986
28992
28995
29001
29004
29010
29013
29019
29023
29028
29032
29037
29041
29047
29050
29056
29059
29065
29069
29074
29078
29083
29087
29093
29096
29102
29105
29111
29114
29120
29124
29129
29133
29138
29142
29148
29151
29157
29160
29166
29170
29175
29179
29184
29188
29194
29197
29203
29206
29212
29215
29221
29225
29230
29234
29239
29243
29249
29252
29258
29261
29267
29271
29276
29280
29285
29289
29295
29298
29304
29307
29313
29316
29322
29326
29333
29338
29345
29350
29358
29363
29370
29375
29382
29388
29395
29400
29407
29413
29420
29425
29432
29437
29445
29450
29457
29462
29470
29475
29482
29487
29494
29500
29507
29512
29519
29525
29532
29537
29544
29549
29557
29562
29569
29574
29582
29587
29594
29599
29606
29612
29619
29624
29631
29637
29644
29649
29656
29661
29669
29674
29681
29686
29694
29699
29706
29711
29718
29724
29731
29736
29743
29749
29760
29769
29781
29790
29801
29811
29822
29831
29843
29852
29863
29873
29884
29893
29905
29914
29926
29935
29946
29956
29967
29976
29988
29997
30008
30018
30029
30038
30050
30059
30070
30080
30091
30101
30112
30121
30133
30142
30153
30163
30174
30183
30195
30204
30211
30217
30225
30230
30238
30244
30252
30257
30265
30271
30279
30284
30292
30298
30306
30311
30319
30325
30333
30338
30346
30352
30360
30365
30373
30379
30387
30392
30400
30406
30414
30419
30427
30433
30441
30446
30454
30460
30468
30473
30481
30487
30495
30500
30508
30514
30522
30527
30535
30541
30549
30554
30562
30568
30575
30581
30589
30595
30602
30608
30616
30622
30629
30635
30643
30653
30661
30671
30680
30690
30698
30708
30717
30727
30735
30745
30754
30764
30772
30782
30791
30801
30809
30819
30828
30838
30846
30856
30865
30875
30883
30893
30902
30912
30920
30931
30939
30949
30957
30968
30976
30986
30994
31005
31013
31023
31031
31042
31050
31060
31068
31079
31087
31097
31105
31119
31132
31146
31159
31174
31186
31201
31214
31228
31241
31255
31268
31283
31295
31310
31323
31337
31350
31365
31377
31392
31405
31418
31433
31445
31460
31473
31487
31500
31515
31527
31535
31541
31549
31555
31563
31569
31577
31583
31591
31597
31605
31611
31619
31625
31633
31639
31647
31653
31661
31667
31675
31682
31690
31696
31704
31710
31718
31724
31732
31738
31746
31752
31760
31766
31774
31780
31788
31794
31802
31808
31816
31822
31830
31837
31845
31851
31859
31865
31873
31879
31887
31893
31901
31907
31915
31921
31929
31935
31943
31949
31957
31963
31971
31977
31989
32000
32012
32023
32035
32046
32058
32069
32082
32092
32105
32115
32128
32138
32151
32161
32174
32185
32197
32208
32220
32231
32243
32254
32267
32277
32290
32300
32313
32323
32336
32346
32359
32370
32382
32393
32398
32401
32407
32410
32416
32419
32425
32428
32434
32437
32443
32446
32452
32455
32461
32464
32470
32473
32479
32482
32488
32491
32497
32500
32506
32509
32514
32518
32523
32527
32532
32536
32541
32545
32550
32554
32559
32563
32568
32572
32577
32581
32586
32590
32595
32599
32604
32608
32613
32617
32622
32626
32631
32634
32640
32643
32649
32652
32658
32661
32667
32670
32676
32679
32685
32688
32694
32697
32703
32706
32712
32715
32721
32724
32730
32733
32739
32742
32747
32751
32756
32760
32765
32769
32774
32778
32783
32787
32792
32796
32801
32805
32810
32814
32819
32823
32828
32832
32837
32841
32846
32850
32854
32857
32862
32865
32870
32873
32878
32880
32885
32888
32893
32896
32901
32904
32909
32911
32916
32919
32924
32927
32932
32935
32939
32942
32947
32950
32955
32958
32963
32966
32970
32973
32978
32981
32986
32989
32994
32996
33001
33004
33009
33012
33017
33020
33025
33027
33032
33035
33040
33043
33048
33051
33055
33058
33063
33066
33071
33074
33079
33082
33086
33089
33094
33097
33102
33105
33110
33112
33117
33120
33125
33128
33133
33136
33141
33143
33148
33151
33156
33159
33164
33167
33171
33174
33179
33182
33187
33190
33195
33198
33202
33205
33210
33213
33218
33221
33226
33228
33233
33236
33241
33244
33249
33252
33257
33259
33264
33267
33272
33275
33280
33290
33299
33310
33318
33329
33338
33348
33357
33368
33377
33387
33396
33407
33415
33426
33435
33446
33454
33465
33474
33484
33493
33504
33513
33523
33532
33543
33551
33562
33571
33581
33590
33601
33610
33620
33629
33640
33648
33659
33668
33679
33687
33698
33707
33717
33726
33734
33744
33752
33762
33770
33780
33788
33797
33805
33815
33823
33833
33841
33851
33859
33869
33877
33885
33895
33903
33913
33921
33931
33939
33949
33957
33965
33975
33983
33993
34001
34011
34019
34029
34037
34045
34055
34063
34073
34081
34091
34099
34109
34117
34125
34135
34143
34153
34162
34173
34181
34192
34201
34212
34220
34231
34240
34250
34259
34270
34279
34289
34298
34309
34317
34328
34337
34348
34356
34367
34376
34386
34395
34406
34415
34425
34434
34445
34453
34464
34473
34484
34492
34503
34512
34522
34531
34542
34551
34561
34570
34581
34589
34600
34609
34614
34617
34623
34626
34632
34635
34641
34644
34649
34653
34658
34662
34667
34671
34676
34680
34685
34688
34694
34697
34703
34706
34712
34715
34721
34724
34729
34733
34738
34742
34747
34751
34756
34759
34765
34768
34774
34777
34783
34786
34792
34795
34800
34804
34809
34813
34818
34822
34827
34831
34836
34839
34845
34848
34854
34857
34863
34866
34872
34875
34880
34884
34889
34893
34898
34902
34907
34910
34916
34919
34925
34928
34934
34937
34943
34946
34951
34955
34960
34964
34969
34973
34978
34982
34987
34990
34996
34999
35005
35008
35014
35017
35023
35036
35047
35060
35071
35084
35095
35108
35119
35132
35143
35156
35167
35180
35191
35204
35215
35228
35239
35252
35263
35277
35288
35301
35312
35325
35336
35349
35360
35373
35384
35397
35408
35421
35432
35445
35456
35469
35477
35483
35491
35497
35506
35512
35520
35526
35535
35541
35549
35555
35563
35570
35578
35584
35592
35599
35607
35613
35621
35628
35636
35642
35650
35656
35665
35671
35679
35685
35694
35700
35708
35714
35723
35729
35737
35743
35751
35758
35766
35772
35780
35787
35795
35801
35809
35815
35824
35830
35838
35844
35853
35859
35867
35873
35882
35888
35896
35902
35910
35916
35921
35928
35932
35939
35944
35950
35955
35962
35967
35973
35978
35985
35989
35996
36001
36008
36012
36019
36024
36030
36035
36042
36047
36053
36058
36065
36069
36076
36081
36087
36092
36099
36104
36110
36115
36122
36126
36133
36138
36145
36149
36156
36161
36167
36172
36179
36184
36190
36195
36202
36206
36213
36218
36224
36229
36236
36241
36247
36252
36259
36263
36270
36275
36282
36286
36293
36298
36304
36309
36316
36321
36327
36332
36343
36352
36363
36372
36383
36392
36403
36412
36423
36432
36443
36453
36464
36473
36484
36493
36504
36513
36524
36533
36544
36553
36564
36574
36585
36594
36605
36614
36625
36634
36645
36654
36665
36674
36685
36695
36706
36715
36726
36735
36746
36755
36761
36766
36772
36777
36784
36788
36795
36800
36806
36811
36818
36822
36829
36833
36840
36845
36851
36856
36863
36867
36874
36879
36885
36890
36896
36901
36908
36912
36919
36924
36930
36935
36942
36946
36953
36957
36964
36969
36975
36980
36987
36991
36998
37003
37009
37014
37020
37025
37032
37036
37043
37048
37054
37059
37066
37070
37077
37081
37088
37093
37099
37104
37111
37115
37122
37127
37133
37138
37144
37149
37156
37160
37167
37172
37178
37183
37190
37194
37201
37211
37219
37229
37237
37247
37255
37265
37273
37283
37291
37301
37309
37319
37327
37337
37345
37355
37363
37373
37381
37391
37399
37409
37418
37428
37436
37446
37454
37464
37472
37482
37490
37500
37508
37518
37526
37536
37544
37554
37562
37572
37580
37590
37598
37608
37616
37627
37635
37645
37650
37654
37660
37664
37670
37673
37679
37683
37689
37693
37698
37702
37708
37712
37718
37721
37727
37731
37737
37741
37746
37750
37756
37760
37766
37770
37774
37780
37784
37790
37794
37799
37803
37809
37813
37819
37822
37828
37832
37838
37842
37847
37851
37857
37861
37867
37870
37876
37880
37886
37890
37895
37899
37905
37909
37915
37919
37924
37928
37934
37938
37944
37947
37953
37957
37963
37967
37972
37976
37982
37986
37992
37995
38001
38005
38011
38015
38020
38024
38030
38034
38040
38044
38049
38053
38059
38063
38069
38072
38078
38082
38088
38095
38101
38109
38114
38122
38128
38136
38141
38149
38155
38162
38168
38176
38182
38189
38195
38203
38209
38216
38222
38230
38235
38243
38249
38257
38262
38270
38276
38284
38289
38297
38303
38310
38316
38324
38330
38337
38343
38351
38357
38364
38370
38378
38383
38391
38397
38405
38410
38418
38424
38432
38437
38445
38451
38458
38464
38472
38478
38485
38491
38499
38505
38512
38518
38526
38533
38538
38545
38550
38557
38562
38569
38574
38581
38586
38593
38598
38605
38610
38617
38623
38630
38635
38642
38647
38654
38659
38666
38671
38678
38683
38690
38695
38702
38707
38714
38720
38727
38732
38739
38744
38751
38756
38763
38768
38775
38780
38787
38792
38799
38804
38811
38817
38824
38829
38836
38841
38848
38853
38860
38865
38872
38877
38884
38889
38896
38901
38909
38914
38921
38926
38933
38938
38945
38950
38957
38962
38969
38974
38981
38986
38990
38995
38999
39004
39008
39014
39017
39023
39026
39032
39036
39041
39045
39050
39054
39060
39063
39069
39072
39078
39081
39087
39091
39096
39100
39105
39109
39115
39118
39124
39127
39133
39137
39142
39146
39151
39155
39161
39164
39170
39173
39179
39182
39188
39192
39197
39201
39206
39210
39216
39219
39225
39228
39234
39238
39243
39247
39252
39256
39262
39265
39271
39274
39280
39283
39289
39293
39298
39302
39307
39311
39317
39320
39326
39329
39335
39339
39344
39348
39353
39357
39363
39366
39372
39375
39381
39384
39390
39394
39401
39406
39413
39418
39426
39431
39438
39443
39450
39456
39463
39468
39475
39481
39488
39493
39500
39505
39513
39518
39525
39530
39538
39543
39550
39555
39562
39568
39575
39580
39587
39593
39600
39605
39612
39617
39625
39630
39637
39642
39650
39655
39662
39667
39674
39680
39687
39692
39699
39705
39712
39717
39724
39729
39737
39742
39749
39754
39762
39767
39774
39779
39786
39792
39799
39804
39811
39817
39828
39837
39849
39858
39869
39879
39890
39899
39911
39920
39931
39941
39952
39961
39973
39982
39994
40003
40014
40024
40035
40044
40056
40065
40076
40086
40097
40106
40118
40127
40138
40148
40159
40169
40180
40189
40201
40210
40221
40231
40242
40251
40263
40272
40279
40285
40293
40298
40306
40312
40320
40325
40333
40339
40347
40352
40360
40366
40374
40379
40387
40393
40401
40406
40414
40420
40428
40433
40441
40447
40455
40460
40468
40474
40482
40487
40495
40501
40509
40514
40522
40528
40536
40541
40549
40555
40563
40568
40576
40582
40590
40595
40603
40609
40617
40622
40630
40636
40643
40649
40657
40663
40670
40676
40684
40690
40697
40703
40711
40721
40729
40739
40748
40758
40766
40776
40785
40795
40803
40813
40822
40832
40840
40850
40859
40869
40877
40887
40896
40906
40914
40924
40933
40943
40951
40961
40970
40980
40988
40999
41007
41017
41025
41036
41044
41054
41062
41073
41081
41091
41099
41110
41118
41128
41136
41147
41155
41165
41173
41187
41200
41214
41227
41242
41254
41269
41282
41296
41309
41323
41336
41351
41363
41378
41391
41405
41418
41433
41445
41460
41473
41486
41501
41513
41528
41541
41555
41568
41583
41595
41603
41609
41617
41623
41631
41637
41645
41651
41659
41665
41673
41679
41687
41693
41701
41707
41715
41721
41729
41735
41743
41750
41758
41764
41772
41778
41786
41792
41800
41806
41814
41820
41828
41834
41842
41848
41856
41862
41870
41876
41884
41890
41898
41905
41913
41919
41927
41933
41941
41947
41955
41961
41969
41975
41983
41989
41997
42003
42011
42017
42025
42031
42039
42045
42057
42068
42080
42091
42103
42114
42126
42137
42150
42160
42173
42183
42196
42206
42219
42229
42242
42253
42265
42276
42288
42299
42311
42322
42335
42345
42358
42368
42381
42391
42404
42414
42427
42438
42450
42461
42466
42469
42475
42478
42484
42487
42493
42496
42502
42505
42511
42514
42520
42523
42529
42532
42538
42541
42547
42550
42556
42559
42565
42568
42574
42577
42582
42586
42591
42595
42600
42604
42609
42613
42618
42622
42627
42631
42636
42640
42645
42649
42654
42658
42663
42667
42672
42676
42681
42685
42690
42694
42699
42702
42708
42711
42717
42720
42726
42729
42735
42738
42744
42747
42753
42756
42762
42765
42771
42774
42780
42783
42789
42792
42798
42801
42807
42810
42815
42819
42824
42828
42833
42837
42842
42846
42851
42855
42860
42864
42869
42873
42878
42882
42887
42891
42896
42900
42905
42909
42914
42918
42922
42925
42930
42933
42938
42941
42946
42948
42953
42956
42961
42964
42969
42972
42977
42979
42984
42987
42992
42995
43000
43003
43007
43010
43015
43018
43023
43026
43031
43034
43038
43041
43046
43049
43054
43057
43062
43064
43069
43072
43077
43080
43085
43088
43093
43095
43100
43103
43108
43111
43116
43119
43123
43126
43131
43134
43139
43142
43147
43150
43154
43157
43162
43165
43170
43173
43178
43180
43185
43188
43193
43196
43201
43204
43209
43211
43216
43219
43224
43227
43232
43235
43239
43242
43247
43250
43255
43258
43263
43266
43270
43273
43278
43281
43286
43289
43294
43296
43301
43304
43309
43312
43317
43320
43325
43327
43332
43335
43340
43343
43348
43358
43367
43378
43386
43397
43406
43416
43425
43436
43445
43455
43464
43475
43483
43494
43503
43514
43522
43533
43542
43552
43561
43572
43581
43591
43600
43611
43619
43630
43639
43649
43658
43669
43678
43688
43697
43708
43716
43727
43736
43747
43755
43766
43775
43785
43794
43802
43812
43820
43830
43838
43848
43856
43865
43873
43883
43891
43901
43909
43919
43927
43937
43945
43953
43963
43971
43981
43989
43999
44007
44017
44025
44033
44043
44051
44061
44069
44079
44087
44097
44105
44113
44123
44131
44141
44149
44159
44167
44177
44185
44193
44203
44211
44221
44230
44241
44249
44260
44269
44280
44288
44299
44308
44318
44327
44338
44347
44357
44366
44377
44385
44396
44405
44416
44424
44435
44444
44454
44463
44474
44483
44493
44502
44513
44521
44532
44541
44552
44560
44571
44580
44590
44599
44610
44619
44629
44638
44649
44657
44668
44677
44682
44685
44691
44694
44700
44703
44709
44712
44717
44721
44726
44730
44735
44739
44744
44748
44753
44756
44762
44765
44771
44774
44780
44783
44789
44792
44797
44801
44806
44810
44815
44819
44824
44827
44833
44836
44842
44845
44851
44854
44860
44863
44868
44872
44877
44881
44886
44890
44895
44899
44904
44907
44913
44916
44922
44925
44931
44934
44940
44943
44948
44952
44957
44961
44966
44970
44975
44978
44984
44987
44993
44996
45002
45005
45011
45014
45019
45023
45028
45032
45037
45041
45046
45050
45055
45058
45064
45067
45073
45076
45082
45085
45091
45104
45115
45128
45139
45152
45163
45176
45187
45200
45211
45224
45235
45248
45259
45272
45283
45296
45307
45320
45331
45345
45356
45369
45380
45393
45404
45417
45428
45441
45452
45465
45476
45489
45500
45513
45524
45537
45545
45551
45559
45565
45574
45580
45588
45594
45603
45609
45617
45623
45631
45638
45646
45652
45660
45667
45675
45681
45689
45696
45704
45710
45718
45724
45733
45739
45747
45753
45762
45768
45776
45782
45791
45797
45805
45811
45819
45826
45834
45840
45848
45855
45863
45869
45877
45883
45892
45898
45906
45912
45921
45927
45935
45941
45950
45956
45964
45970
45978
45984
45989
45996
46000
46007
46012
46018
46023
46030
46035
46041
46046
46053
46057
46064
46069
46076
46080
46087
46092
46098
46103
46110
46115
46121
46126
46133
46137
46144
46149
46155
46160
46167
46172
46178
46183
46190
46194
46201
46206
46213
46217
46224
46229
46235
46240
46247
46252
46258
46263
46270
46274
46281
46286
46292
46297
46304
46309
46315
46320
46327
46331
46338
46343
46350
46354
46361
46366
46372
46377
46384
46389
46395
46400
46411
46420
46431
46440
46451
46460
46471
46480
46491
46500
46511
46521
46532
46541
46552
46561
46572
46581
46592
46601
46612
46621
46632
46642
46653
46662
46673
46682
46693
46702
46713
46722
46733
46742
46753
46763
46774
46783
46794
46803
46814
46823
46829
46834
46840
46845
46852
46856
46863
46868
46874
46879
46886
46890
46897
46901
46908
46913
46919
46924
46931
46935
46942
46947
46953
46958
46964
46969
46976
46980
46987
46992
46998
47003
47010
47014
47021
47025
47032
47037
47043
47048
47055
47059
47066
47071
47077
47082
47088
47093
47100
47104
47111
47116
47122
47127
47134
47138
47145
47149
47156
47161
47167
47172
47179
47183
47190
47195
47201
47206
47212
47217
47224
47228
47235
47240
47246
47251
47258
47262
47269
47279
47287
47297
47305
47315
47323
47333
47341
47351
47359
47369
47377
47387
47395
47405
47413
47423
47431
47441
47449
47459
47467
47477
47486
47496
47504
47514
47522
47532
47540
47550
47558
47568
47576
47586
47594
47604
47612
47622
47630
47640
47648
47658
47666
47676
47684
47695
47703
47713
47718
47722
47728
47732
47738
47741
47747
47751
47757
47761
47766
47770
47776
47780
47786
47789
47795
47799
47805
47809
47814
47818
47824
47828
47834
47838
47842
47848
47852
47858
47862
47867
47871
47877
47881
47887
47890
47896
47900
47906
47910
47915
47919
47925
47929
47935
47938
47944
47948
47954
47958
47963
47967
47973
47977
47983
47987
47992
47996
48002
48006
48012
48015
48021
48025
48031
48035
48040
48044
48050
48054
48060
48063
48069
48073
48079
48083
48088
48092
48098
48102
48108
48112
48117
48121
48127
48131
48137
48140
48146
48150
48156
48163
48169
48177
48182
48190
48196
48204
48209
48217
48223
48230
48236
48244
48250
48257
48263
48271
48277
48284
48290
48298
48303
48311
48317
48325
48330
48338
48344
48352
48357
48365
48371
48378
48384
48392
48398
48405
48411
48419
48425
48432
48438
48446
48451
48459
48465
48473
48478
48486
48492
48500
48505
48513
48519
48526
48532
48540
48546
48553
48559
48567
48573
48580
48586
48594
48601
48606
48613
48618
48625
48630
48637
48642
48649
48654
48661
48666
48673
48678
48685
48691
48698
48703
48710
48715
48722
48727
48734
48739
48746
48751
48758
48763
48770
48775
48782
48788
48795
48800
48807
48812
48819
48824
48831
48836
48843
48848
48855
48860
48867
48872
48879
48885
48892
48897
48904
48909
48916
48921
48928
48933
48940
48945
48952
48957
48964
48969
48977
48982
48989
48994
49001
49006
49013
49018
49025
49030
49037
49042
49049
49054
49058
49063
49067
49072
49076
49082
49085
49091
49094
49100
49104
49109
49113
49118
49122
49128
49131
49137
49140
49146
49149
49155
49159
49164
49168
49173
49177
49183
49186
49192
49195
49201
49205
49210
49214
49219
49223
49229
49232
49238
49241
49247
49250
49256
49260
49265
49269
49274
49278
49284
49287
49293
49296
49302
49306
49311
49315
49320
49324
49330
49333
49339
49342
49348
49351
49357
49361
49366
49370
49375
49379
49385
49388
49394
49397
49403
49407
49412
49416
49421
49425
49431
49434
49440
49443
49449
49452
49458
49462
49469
49474
49481
49486
49494
49499
49506
49511
49518
49524
49531
49536
49543
49549
49556
49561
49568
49573
49581
49586
49593
49598
49606
49611
49618
49623
49630
49636
49643
49648
49655
49661
49668
49673
49680
49685
49693
49698
49705
49710
49718
49723
49730
49735
49742
49748
49755
49760
49767
49773
49780
49785
49792
49797
49805
49810
49817
49822
49830
49835
49842
49847
49854
49860
49867
49872
49879
49885
49896
49905
49917
49926
49937
49947
49958
49967
49979
49988
49999
50009
50020
50029
50041
50050
50062
50071
50082
50092
50103
50112
50124
50133
50144
50154
50165
50174
50186
50195
50206
50216
50227
50237
50248
50257
50269
50278
50289
50299
50310
50319
50331
50340
50347
50353
50361
50366
50374
50380
50388
50393
50401
50407
50415
50420
50428
50434
50442
50447
50455
50461
50469
50474
50482
50488
50496
50501
50509
50515
50523
50528
50536
50542
50550
50555
50563
50569
50577
50582
50590
50596
50604
50609
50617
50623
50631
50636
50644
50650
50658
50663
50671
50677
50685
50690
50698
50704
50711
50717
50725
50731
50738
50744
50752
50758
50765
50771
50779
50789
50797
50807
50816
50826
50834
50844
50853
50863
50871
50881
50890
50900
50908
50918
50927
50937
50945
50955
50964
50974
50982
50992
51001
51011
51019
51029
51038
51048
51056
51067
51075
51085
51093
51104
51112
51122
51130
51141
51149
51159
51167
51178
51186
51196
51204
51215
51223
51233
51241
51255
51268
51282
51295
51310
51322
51337
51350
51364
51377
51391
51404
51419
51431
51446
51459
51473
51486
51501
51513
51528
51541
51554
51569
51581
51596
51609
51623
51636
51651
51663
51671
51677
51685
51691
51699
51705
51713
51719
51727
51733
51741
51747
51755
51761
51769
51775
51783
51789
51797
51803
51811
51818
51826
51832
51840
51846
51854
51860
51868
51874
51882
51888
51896
51902
51910
51916
51924
51930
51938
51944
51952
51958
51966
51973
51981
51987
51995
52001
52009
52015
52023
52029
52037
52043
52051
52057
52065
52071
52079
52085
52093
52099
52107
52113
52125
52136
52148
52159
52171
52182
52194
52205
52218
52228
52241
52251
52264
52274
52287
52297
52310
52321
52333
52344
52356
52367
52379
52390
52403
52413
52426
52436
52449
52459
52472
52482
52495
52506
52518
52529
52534
52537
52543
52546
52552
52555
52561
52564
52570
52573
52579
52582
52588
52591
52597
52600
52606
52609
52615
52618
52624
52627
52633
52636
52642
52645
52650
52654
52659
52663
52668
52672
52677
52681
52686
52690
52695
52699
52704
52708
52713
52717
52722
52726
52731
52735
52740
52744
52749
52753
52758
52762
52767
52770
52776
52779
52785
52788
52794
52797
52803
52806
52812
52815
52821
52824
52830
52833
52839
52842
52848
52851
52857
52860
52866
52869
52875
52878
52883
52887
52892
52896
52901
52905
52910
52914
52919
52923
52928
52932
52937
52941
52946
52950
52955
52959
52964
52968
52973
52977
52982
52986
52990
52993
52998
53001
53006
53009
53014
53016
53021
53024
53029
53032
53037
53040
53045
53047
53052
53055
53060
53063
53068
53071
53075
53078
53083
53086
53091
53094
53099
53102
53106
53109
53114
53117
53122
53125
53130
53132
53137
53140
53145
53148
53153
53156
53161
53163
53168
53171
53176
53179
53184
53187
53191
53194
53199
53202
53207
53210
53215
53218
53222
53225
53230
53233
53238
53241
53246
53248
53253
53256
53261
53264
53269
53272
53277
53279
53284
53287
53292
53295
53300
53303
53307
53310
53315
53318
53323
53326
53331
53334
53338
53341
53346
53349
53354
53357
53362
53364
53369
53372
53377
53380
53385
53388
53393
53395
53400
53403
53408
53411
53416
53426
53435
53446
53454
53465
53474
53484
53493
53504
53513
53523
53532
53543
53551
53562
53571
53582
53590
53601
53610
53620
53629
53640
53649
53659
53668
53679
53687
53698
53707
53717
53726
53737
53746
53756
53765
53776
53784
53795
53804
53815
53823
53834
53843
53853
53862
53870
53880
53888
53898
53906
53916
53924
53933
53941
53951
53959
53969
53977
53987
53995
54005
54013
54021
54031
54039
54049
54057
54067
54075
54085
54093
54101
54111
54119
54129
54137
54147
54155
54165
54173
54181
54191
54199
54209
54217
54227
54235
54245
54253
54261
54271
54279
54289
54298
54309
54317
54328
54337
54348
54356
54367
54376
54386
54395
54406
54415
54425
54434
54445
54453
54464
54473
54484
54492
54503
54512
54522
54531
54542
54551
54561
54570
54581
54589
54600
54609
54620
54628
54639
54648
54658
54667
54678
54687
54697
54706
54717
54725
54736
54745
54750
54753
54759
54762
54768
54771
54777
54780
54785
54789
54794
54798
54803
54807
54812
54816
54821
54824
54830
54833
54839
54842
54848
54851
54857
54860
54865
54869
54874
54878
54883
54887
54892
54895
54901
54904
54910
54913
54919
54922
54928
54931
54936
54940
54945
54949
54954
54958
54963
54967
54972
54975
54981
54984
54990
54993
54999
55002
55008
55011
55016
55020
55025
55029
55034
55038
55043
55046
55052
55055
55061
55064
55070
55073
55079
55082
55087
55091
55096
55100
55105
55109
55114
55118
55123
55126
55132
55135
55141
55144
55150
55153
55159
55172
55183
55196
55207
55220
55231
55244
55255
55268
55279
55292
55303
55316
55327
55340
55351
55364
55375
55388
55399
55413
55424
55437
55448
55461
55472
55485
55496
55509
55520
55533
55544
55557
55568
55581
55592
55605
55613
55619
55627
55633
55642
55648
55656
55662
55671
55677
55685
55691
55699
55706
55714
55720
55728
55735
55743
55749
55757
55764
55772
55778
55786
55792
55801
55807
55815
55821
55830
55836
55844
55850
55859
55865
55873
55879
55887
55894
55902
55908
55916
55923
55931
55937
55945
55951
55960
55966
55974
55980
55989
55995
56003
56009
56018
56024
56032
56038
56046
56052
56057
56064
56068
56075
56080
56086
56091
56098
56103
56109
56114
56121
56125
56132
56137
56144
56148
56155
56160
56166
56171
56178
56183
56189
56194
56201
56205
56212
56217
56223
56228
56235
56240
56246
56251
56258
56262
56269
56274
56281
56285
56292
56297
56303
56308
56315
56320
56326
56331
56338
56342
56349
56354
56360
56365
56372
56377
56383
56388
56395
56399
56406
56411
56418
56422
56429
56434
56440
56445
56452
56457
56463
56468
56479
56488
56499
56508
56519
56528
56539
56548
56559
56568
56579
56589
56600
56609
56620
56629
56640
56649
56660
56669
56680
56689
56700
56710
56721
56730
56741
56750
56761
56770
56781
56790
56801
56810
56821
56831
56842
56851
56862
56871
56882
56891
56897
56902
56908
56913
56920
56924
56931
56936
56942
56947
56954
56958
56965
56969
56976
56981
56987
56992
56999
57003
57010
57015
57021
57026
57032
57037
57044
57048
57055
57060
57066
57071
57078
57082
57089
57093
57100
57105
57111
57116
57123
57127
57134
57139
57145
57150
57156
57161
57168
57172
57179
57184
57190
57195
57202
57206
57213
57217
57224
57229
57235
57240
57247
57251
57258
57263
57269
57274
57280
57285
57292
57296
57303
57308
57314
57319
57326
57330
57337
57347
57355
57365
57373
57383
57391
57401
57409
57419
57427
57437
57445
57455
57463
57473
57481
57491
57499
57509
57517
57527
57535
57545
57554
57564
57572
57582
57590
57600
57608
57618
57626
57636
57644
57654
57662
57672
57680
57690
57698
57708
57716
57726
57734
57744
57752
57763
57771
57781
57786
57790
57796
57800
57806
57809
57815
57819
57825
57829
57834
57838
57844
57848
57854
57857
57863
57867
57873
57877
57882
57886
57892
57896
57902
57906
57910
57916
57920
57926
57930
57935
57939
57945
57949
57955
57958
57964
57968
57974
57978
57983
57987
57993
57997
58003
58006
58012
58016
58022
58026
58031
58035
58041
58045
58051
58055
58060
58064
58070
58074
58080
58083
58089
58093
58099
58103
58108
58112
58118
58122
58128
58131
58137
58141
58147
58151
58156
58160
58166
58170
58176
58180
58185
58189
58195
58199
58205
58208
58214
58218
58224
58231
58237
58245
58250
58258
58264
58272
58277
58285
58291
58298
58304
58312
58318
58325
58331
58339
58345
58352
58358
58366
58371
58379
58385
58393
58398
58406
58412
58420
58425
58433
58439
58446
58452
58460
58466
58473
58479
58487
58493
58500
58506
58514
58519
58527
58533
58541
58546
58554
58560
58568
58573
58581
58587
58594
58600
58608
58614
58621
58627
58635
58641
58648
58654
58662
58669
58674
58681
58686
58693
58698
58705
58710
58717
58722
58729
58734
58741
58746
58753
58759
58766
58771
58778
58783
58790
58795
58802
58807
58814
58819
58826
58831
58838
58843
58850
58856
58863
58868
58875
58880
58887
58892
58899
58904
58911
58916
58923
58928
58935
58940
58947
58953
58960
58965
58972
58977
58984
58989
58996
59001
59008
59013
59020
59025
59032
59037
59045
59050
59057
59062
59069
59074
59081
59086
59093
59098
59105
59110
59117
59122
59126
59131
59135
59140
59144
59150
59153
59159
59162
59168
59172
59177
59181
59186
59190
59196
59199
59205
59208
59214
59217
59223
59227
59232
59236
59241
59245
59251
59254
59260
59263
59269
59273
59278
59282
59287
59291
59297
59300
59306
59309
59315
59318
59324
59328
59333
59337
59342
59346
59352
59355
59361
59364
59370
59374
59379
59383
59388
59392
59398
59401
59407
59410
59416
59419
59425
59429
59434
59438
59443
59447
59453
59456
59462
59465
59471
59475
59480
59484
59489
59493
59499
59502
59508
59511
59517
59520
59526
59530
59537
59542
59549
59554
59562
59567
59574
59579
59586
59592
59599
59604
59611
59617
59624
59629
59636
59641
59649
59654
59661
59666
59674
59679
59686
59691
59698
59704
59711
59716
59723
59729
59736
59741
59748
59753
59761
59766
59773
59778
59786
59791
59798
59803
59810
59816
59823
59828
59835
59841
59848
59853
59860
59865
59873
59878
59885
59890
59898
59903
59910
59915
59922
59928
59935
59940
59947
59953
59964
59973
59985
59994
60005
60015
60026
60035
60047
60056
60067
60077
60088
60097
60109
60118
60130
60139
60150
60160
60171
60180
60192
60201
60212
60222
60233
60242
60254
60263
60274
60284
60295
60305
60316
60325
60337
60346
60357
60367
60378
60387
60399
60408
60415
60421
60429
60434
60442
60448
60456
60461
60469
60475
60483
60488
60496
60502
60510
60515
60523
60529
60537
60542
60550
60556
60564
60569
60577
60583
60591
60596
60604
60610
60618
60623
60631
60637
60645
60650
60658
60664
60672
60677
60685
60691
60699
60704
60712
60718
60726
60731
60739
60745
60753
60758
60766
60772
60779
60785
60793
60799
60806
60812
60820
60826
60833
60839
60847
60857
60865
60875
60884
60894
60902
60912
60921
60931
60939
60949
60958
60968
60976
60986
60995
61005
61013
61023
61032
61042
61050
61060
61069
61079
61087
61097
61106
61116
61124
61135
61143
61153
61161
61172
61180
61190
61198
61209
61217
61227
61235
61246
61254
61264
61272
61283
61291
61301
61309
61323
61336
61350
61363
61378
61390
61405
61418
61432
61445
61459
61472
61487
61499
61514
61527
61541
61554
61569
61581
61596
61609
61622
61637
61649
61664
61677
61691
61704
61719
61731
61739
61745
61753
61759
61767
61773
61781
61787
61795
61801
61809
61815
61823
61829
61837
61843
61851
61857
61865
61871
61879
61886
61894
61900
61908
61914
61922
61928
61936
61942
61950
61956
61964
61970
61978
61984
61992
61998
62006
62012
62020
62026
62034
62041
62049
62055
62063
62069
62077
62083
62091
62097
62105
62111
62119
62125
62133
62139
62147
62153
62161
62167
62175
62181
62193
62204
62216
62227
62239
62250
62262
62273
62286
62296
62309
62319
62332
62342
62355
62365
62378
62389
62401
62412
62424
62435
62447
62458
62471
62481
62494
62504
62517
62527
62540
62550
62563
62574
62586
62597
62602
62605
62611
62614
62620
62623
62629
62632
62638
62641
62647
62650
62656
62659
62665
62668
62674
62677
62683
62686
62692
62695
62701
62704
62710
62713
62718
62722
62727
62731
62736
62740
62745
62749
62754
62758
62763
62767
62772
62776
62781
62785
62790
62794
62799
62803
62808
62812
62817
62821
62826
62830
62835
62838
62844
62847
62853
62856
62862
62865
62871
62874
62880
62883
62889
62892
62898
62901
62907
62910
62916
62919
62925
62928
62934
62937
62943
62946
62951
62955
62960
62964
62969
62973
62978
62982
62987
62991
62996
63000
63005
63009
63014
63018
63023
63027
63032
63036
63041
63045
63050
63054
63058
63061
63066
63069
63074
63077
63082
63084
63089
63092
63097
63100
63105
63108
63113
63115
63120
63123
63128
63131
63136
63139
63143
63146
63151
63154
63159
63162
63167
63170
63174
63177
63182
63185
63190
63193
63198
63200
63205
63208
63213
63216
63221
63224
63229
63231
63236
63239
63244
63247
63252
63255
63259
63262
63267
63270
63275
63278
63283
63286
63290
63293
63298
63301
63306
63309
63314
63316
63321
63324
63329
63332
63337
63340
63345
63347
63352
63355
63360
63363
63368
63371
63375
63378
63383
63386
63391
63394
63399
63402
63406
63409
63414
63417
63422
63425
63430
63432
63437
63440
63445
63448
63453
63456
63461
63463
63468
63471
63476
63479
63484
63494
63503
63514
63522
63533
63542
63552
63561
63572
63581
63591
63600
63611
63619
63630
63639
63650
63658
63669
63678
63688
63697
63708
63717
63727
63736
63747
63755
63766
63775
63785
63794
63805
63814
63824
63833
63844
63852
63863
63872
63883
63891
63902
63911
63921
63930
63938
63948
63956
63966
63974
63984
63992
64001
64009
64019
64027
64037
64045
64055
64063
64073
64081
64089
64099
64107
64117
64125
64135
64143
64153
64161
64169
64179
64187
64197
64205
64215
64223
64233
64241
64249
64259
64267
64277
64285
64295
64303
64313
64321
64329
64339
64347
64357
64366
64377
64385
64396
64405
64416
64424
64435
64444
64454
64463
64474
64483
64493
64502
64513
64521
64532
64541
64552
64560
64571
64580
64590
64599
64610
64619
64629
64638
64649
64657
64668
64677
64688
64696
64707
64716
64726
64735
64746
64755
64765
64774
64785
64793
64804
64813
64818
64821
64827
64830
64836
64839
64845
64848
64853
64857
64862
64866
64871
64875
64880
64884
64889
64892
64898
64901
64907
64910
64916
64919
64925
64928
64933
64937
64942
64946
64951
64955
64960
64963
64969
64972
64978
64981
64987
64990
64996
64999
65004
65008
65013
65017
65022
65026
65031
65035
65040
65043
65049
65052
65058
65061
65067
65070
65076
65079
65084
65088
65093
65097
65102
65106
65111
65114
65120
65123
65129
65132
65138
65141
65147
65150
65155
65159
65164
65168
65173
65177
65182
65186
65191
65194
65200
65203
65209
65212
65218
65221
65227
65240
65251
65264
65275
65288
65299
65312
65323
65336
65347
65360
65371
65384
65395
65408
65419
65432
65443
65456
65467
65481
65492
65505
65516
65529
65540
65553
65564
65577
65588
65601
65612
65625
65636
65649
65660
65673
65681
65687
65695
65701
65710
65716
65724
65730
65739
65745
65753
65759
65767
65774
65782
65788
65796
65803
65811
65817
65825
65832
65840
65846
65854
65860
65869
65875
65883
65889
65898
65904
65912
65918
65927
65933
65941
65947
65955
65962
65970
65976
65984
65991
65999
66005
66013
66019
66028
66034
66042
66048
66057
66063
66071
66077
66086
66092
66100
66106
66114
66120
66125
66132
66136
66143
66148
66154
66159
66166
66171
66177
66182
66189
66193
66200
66205
66212
66216
66223
66228
66234
66239
66246
66251
66257
66262
66269
66273
66280
66285
66291
66296
66303
66308
66314
66319
66326
66330
66337
66342
66349
66353
66360
66365
66371
66376
66383
66388
66394
66399
66406
66410
66417
66422
66428
66433
66440
66445
66451
66456
66463
66467
66474
66479
66486
66490
66497
66502
66508
66513
66520
66525
66531
66536
66547
66556
66567
66576
66587
66596
66607
66616
66627
66636
66647
66657
66668
66677
66688
66697
66708
66717
66728
66737
66748
66757
66768
66778
66789
66798
66809
66818
66829
66838
66849
66858
66869
66878
66889
66899
66910
66919
66930
66939
66950
66959
66965
66970
66976
66981
66988
66992
66999
67004
67010
67015
67022
67026
67033
67037
67044
67049
67055
67060
67067
67071
67078
67083
67089
67094
67100
67105
67112
67116
67123
67128
67134
67139
67146
67150
67157
67161
67168
67173
67179
67184
67191
67195
67202
67207
67213
67218
67224
67229
67236
67240
67247
67252
67258
67263
67270
67274
67281
67285
67292
67297
67303
67308
67315
67319
67326
67331
67337
67342
67348
67353
67360
67364
67371
67376
67382
67387
67394
67398
67405
67415
67423
67433
67441
67451
67459
67469
67477
67487
67495
67505
67513
67523
67531
67541
67549
67559
67567
67577
67585
67595
67603
67613
67622
67632
67640
67650
67658
67668
67676
67686
67694
67704
67712
67722
67730
67740
67748
67758
67766
67776
67784
67794
67802
67812
67820
67831
67839
67849
67854
67858
67864
67868
67874
67877
67883
67887
67893
67897
67902
67906
67912
67916
67922
67925
67931
67935
67941
67945
67950
67954
67960
67964
67970
67974
67978
67984
67988
67994
67998
68003
68007
68013
68017
68023
68026
68032
68036
68042
68046
68051
68055
68061
68065
68071
68074
68080
68084
68090
68094
68099
68103
68109
68113
68119
68123
68128
68132
68138
68142
68148
68151
68157
68161
68167
68171
68176
68180
68186
68190
68196
68199
68205
68209
68215
68219
68224
68228
68234
68238
68244
68248
68253
68257
68263
68267
68273
68276
68282
68286
68292
68299
68305
68313
68318
68326
68332
68340
68345
68353
68359
68366
68372
68380
68386
68393
68399
68407
68413
68420
68426
68434
68439
68447
68453
68461
68466
68474
68480
68488
68493
68501
68507
68514
68520
68528
68534
68541
68547
68555
68561
68568
68574
68582
68587
68595
68601
68609
68614
68622
68628
68636
68641
68649
68655
68662
68668
68676
68682
68689
68695
68703
68709
68716
68722
68730
68737
68742
68749
68754
68761
68766
68773
68778
68785
68790
68797
68802
68809
68814
68821
68827
68834
68839
68846
68851
68858
68863
68870
68875
68882
68887
68894
68899
68906
68911
68918
68924
68931
68936
68943
68948
68955
68960
68967
68972
68979
68984
68991
68996
69003
69008
69015
69021
69028
69033
69040
69045
69052
69057
69064
69069
69076
69081
69088
69093
69100
69105
69113
69118
69125
69130
69137
69142
69149
69154
69161
69166
69173
69178
69185
69190
69194
69199
69203
69208
69212
69218
69221
69227
69230
69236
69240
69245
69249
69254
69258
69264
69267
69273
69276
69282
69285
69291
69295
69300
69304
69309
69313
69319
69322
69328
69331
69337
69341
69346
69350
69355
69359
69365
69368
69374
69377
69383
69386
69392
69396
69401
69405
69410
69414
69420
69423
69429
69432
69438
69442
69447
69451
69456
69460
69466
69469
69475
69478
69484
69487
69493
69497
69502
69506
69511
69515
69521
69524
69530
69533
69539
69543
69548
69552
69557
69561
69567
69570
69576
69579
69585
69588
69594
69598
69605
69610
69617
69622
69630
69635
69642
69647
69654
69660
69667
69672
69679
69685
69692
69697
69704
69709
69717
69722
69729
69734
69742
69747
69754
69759
69766
69772
69779
69784
69791
69797
69804
69809
69816
69821
69829
69834
69841
69846
69854
69859
69866
69871
69878
69884
69891
69896
69903
69909
69916
69921
69928
69933
69941
69946
69953
69958
69966
69971
69978
69983
69990
69996
70003
70008
70015
70021
70032
70041
70053
70062
70073
70083
70094
70103
70115
70124
70135
70145
70156
70165
70177
70186
70198
70207
70218
70228
70239
70248
70260
70269
70280
70290
70301
70310
70322
70331
70342
70352
70363
70373
70384
70393
70405
70414
70425
70435
70446
70455
70467
70476
70483
70489
70497
70502
70510
70516
70524
70529
70537
70543
70551
70556
70564
70570
70578
70583
70591
70597
70605
70610
70618
70624
70632
70637
70645
70651
70659
70664
70672
70678
70686
70691
70699
70705
70713
70718
70726
70732
70740
70745
70753
70759
70767
70772
70780
70786
70794
70799
70807
70813
70821
70826
70834
70840
70847
70853
70861
70867
70874
70880
70888
70894
70901
70907
70915
70925
70933
70943
70952
70962
70970
70980
70989
70999
71007
71017
71026
71036
71044
71054
71063
71073
71081
71091
71100
71110
71118
71128
71137
71147
71155
71165
71174
71184
71192
71203
71211
71221
71229
71240
71248
71258
71266
71277
71285
71295
71303
71314
71322
71332
71340
71351
71359
71369
71377
71391
71404
71418
71431
71446
71458
71473
71486
71500
71513
71527
71540
71555
71567
71582
71595
71609
71622
71637
71649
71664
71677
71690
71705
71717
71732
71745
71759
71772
71787
71799
71807
71813
71821
71827
71835
71841
71849
71855
71863
71869
71877
71883
71891
71897
71905
71911
71919
71925
71933
71939
71947
71954
71962
71968
71976
71982
71990
71996
72004
72010
72018
72024
72032
72038
72046
72052
72060
72066
72074
72080
72088
72094
72102
72109
72117
72123
72131
72137
72145
72151
72159
72165
72173
72179
72187
72193
72201
72207
72215
72221
72229
72235
72243
72249
72261
72272
72284
72295
72307
72318
72330
72341
72354
72364
72377
72387
72400
72410
72423
72433
72446
72457
72469
72480
72492
72503
72515
72526
72539
72549
72562
72572
72585
72595
72608
72618
72631
72642
72654
72665
72670
72673
72679
72682
72688
72691
72697
72700
72706
72709
72715
72718
72724
72727
72733
72736
72742
72745
72751
72754
72760
72763
72769
72772
72778
72781
72786
72790
72795
72799
72804
72808
72813
72817
72822
72826
72831
72835
72840
72844
72849
72853
72858
72862
72867
72871
72876
72880
72885
72889
72894
72898
72903
72906
72912
72915
72921
72924
72930
72933
72939
72942
72948
72951
72957
72960
72966
72969
72975
72978
72984
72987
72993
72996
73002
73005
73011
73014
73019
73023
73028
73032
73037
73041
73046
73050
73055
73059
73064
73068
73073
73077
73082
73086
73091
73095
73100
73104
73109
73113
73118
73122
73126
73129
73134
73137
73142
73145
73150
73152
73157
73160
73165
73168
73173
73176
73181
73183
73188
73191
73196
73199
73204
73207
73211
73214
73219
73222
73227
73230
73235
73238
73242
73245
73250
73253
73258
73261
73266
73268
73273
73276
73281
73284
73289
73292
73297
73299
73304
73307
73312
73315
73320
73323
73327
73330
73335
73338
73343
73346
73351
73354
73358
73361
73366
73369
73374
73377
73382
73384
73389
73392
73397
73400
73405
73408
73413
73415
73420
73423
73428
73431
73436
73439
73443
73446
73451
73454
73459
73462
73467
73470
73474
73477
73482
73485
73490
73493
73498
73500
73505
73508
73513
73516
73521
73524
73529
73531
73536
73539
73544
73547
73552
73562
73571
73582
73590
73601
73610
73620
73629
73640
73649
73659
73668
73679
73687
73698
73707
73718
73726
73737
73746
73756
73765
73776
73785
73795
73804
73815
73823
73834
73843
73853
73862
73873
73882
73892
73901
73912
73920
73931
73940
73951
73959
73970
73979
73989
73998
74006
74016
74024
74034
74042
74052
74060
74069
74077
74087
74095
74105
74113
74123
74131
74141
74149
74157
74167
74175
74185
74193
74203
74211
74221
74229
74237
74247
74255
74265
74273
74283
74291
74301
74309
74317
74327
74335
74345
74353
74363
74371
74381
74389
74397
74407
74415
74425
74434
74445
74453
74464
74473
74484
74492
74503
74512
74522
74531
74542
74551
74561
74570
74581
74589
74600
74609
74620
74628
74639
74648
74658
74667
74678
74687
74697
74706
74717
74725
74736
74745
74756
74764
74775
74784
74794
74803
74814
74823
74833
74842
74853
74861
74872
74881
74886
74889
74895
74898
74904
74907
74913
74916
74921
74925
74930
74934
74939
74943
74948
74952
74957
74960
74966
74969
74975
74978
74984
74987
74993
74996
75001
75005
75010
75014
75019
75023
75028
75031
75037
75040
75046
75049
75055
75058
75064
75067
75072
75076
75081
75085
75090
75094
75099
75103
75108
75111
75117
75120
75126
75129
75135
75138
75144
75147
75152
75156
75161
75165
75170
75174
75179
75182
75188
75191
75197
75200
75206
75209
75215
75218
75223
75227
75232
75236
75241
75245
75250
75254
75259
75262
75268
75271
75277
75280
75286
75289
75295
75308
75319
75332
75343
75356
75367
75380
75391
75404
75415
75428
75439
75452
75463
75476
75487
75500
75511
75524
75535
75549
75560
75573
75584
75597
75608
75621
75632
75645
75656
75669
75680
75693
75704
75717
75728
75741
75749
75755
75763
75769
75778
75784
75792
75798
75807
75813
75821
75827
75835
75842
75850
75856
75864
75871
75879
75885
75893
75900
75908
75914
75922
75928
75937
75943
75951
75957
75966
75972
75980
75986
75995
76001
76009
76015
76023
76030
76038
76044
76052
76059
76067
76073
76081
76087
76096
76102
76110
76116
76125
76131
76139
76145
76154
76160
76168
76174
76182
76188
76193
76200
76204
76211
76216
76222
76227
76234
76239
76245
76250
76257
76261
76268
76273
76280
76284
76291
76296
76302
76307
76314
76319
76325
76330
76337
76341
76348
76353
76359
76364
76371
76376
76382
76387
76394
76398
76405
76410
76417
76421
76428
76433
76439
76444
76451
76456
76462
76467
76474
76478
76485
76490
76496
76501
76508
76513
76519
76524
76531
76535
76542
76547
76554
76558
76565
76570
76576
76581
76588
76593
76599
76604
76615
76624
76635
76644
76655
76664
76675
76684
76695
76704
76715
76725
76736
76745
76756
76765
76776
76785
76796
76805
76816
76825
76836
76846
76857
76866
76877
76886
76897
76906
76917
76926
76937
76946
76957
76967
76978
76987
76998
77007
77018
77027
77033
77038
77044
77049
77056
77060
77067
77072
77078
77083
77090
77094
77101
77105
77112
77117
77123
77128
77135
77139
77146
77151
77157
77162
77168
77173
77180
77184
77191
77196
77202
77207
77214
77218
77225
77229
77236
77241
77247
77252
77259
77263
77270
77275
77281
77286
77292
77297
77304
77308
77315
77320
77326
77331
77338
77342
77349
77353
77360
77365
77371
77376
77383
77387
77394
77399
77405
77410
77416
77421
77428
77432
77439
77444
77450
77455
77462
77466
77473
77483
77491
77501
77509
77519
77527
77537
77545
77555
77563
77573
77581
77591
77599
77609
77617
77627
77635
77645
77653
77663
77671
77681
77690
77700
77708
77718
77726
77736
77744
77754
77762
77772
77780
77790
77798
77808
77816
77826
77834
77844
77852
77862
77870
77880
77888
77899
77907
77917
77922
77926
77932
77936
77942
77945
77951
77955
77961
77965
77970
77974
77980
77984
77990
77993
77999
78003
78009
78013
78018
78022
78028
78032
78038
78042
78046
78052
78056
78062
78066
78071
78075
78081
78085
78091
78094
78100
78104
78110
78114
78119
78123
78129
78133
78139
78142
78148
78152
78158
78162
78167
78171
78177
78181
78187
78191
78196
78200
78206
78210
78216
78219
78225
78229
78235
78239
78244
78248
78254
78258
78264
78267
78273
78277
78283
78287
78292
78296
78302
78306
78312
78316
78321
78325
78331
78335
78341
78344
78350
78354
78360
78367
78373
78381
78386
78394
78400
78408
78413
78421
78427
78434
78440
78448
78454
78461
78467
78475
78481
78488
78494
78502
78507
78515
78521
78529
78534
78542
78548
78556
78561
78569
78575
78582
78588
78596
78602
78609
78615
78623
78629
78636
78642
78650
78655
78663
78669
78677
78682
78690
78696
78704
78709
78717
78723
78730
78736
78744
78750
78757
78763
78771
78777
78784
78790
78798
78805
78810
78817
78822
78829
78834
78841
78846
78853
78858
78865
78870
78877
78882
78889
78895
78902
78907
78914
78919
78926
78931
78938
78943
78950
78955
78962
78967
78974
78979
78986
78992
78999
79004
79011
79016
79023
79028
79035
79040
79047
79052
79059
79064
79071
79076
79083
79089
79096
79101
79108
79113
79120
79125
79132
79137
79144
79149
79156
79161
79168
79173
79181
79186
79193
79198
79205
79210
79217
79222
79229
79234
79241
79246
79253
79258
79262
79267
79271
79276
79280
79286
79289
79295
79298
79304
79308
79313
79317
79322
79326
79332
79335
79341
79344
79350
79353
79359
79363
79368
79372
79377
79381
79387
79390
79396
79399
79405
79409
79414
79418
79423
79427
79433
79436
79442
79445
79451
79454
79460
79464
79469
79473
79478
79482
79488
79491
79497
79500
79506
79510
79515
79519
79524
79528
79534
79537
79543
79546
79552
79555
79561
79565
79570
79574
79579
79583
79589
79592
79598
79601
79607
79611
79616
79620
79625
79629
79635
79638
79644
79647
79653
79656
79662
79666
79673
79678
79685
79690
79698
79703
79710
79715
79722
79728
79735
79740
79747
79753
79760
79765
79772
79777
79785
79790
79797
79802
79810
79815
79822
79827
79834
79840
79847
79852
79859
79865
79872
79877
79884
79889
79897
79902
79909
79914
79922
79927
79934
79939
79946
79952
79959
79964
79971
79977
79984
79989
79996
80001
80009
80014
80021
80026
80034
80039
80046
80051
80058
80064
80071
80076
80083
80089
80100
80109
80121
80130
80141
80151
80162
80171
80183
80192
80203
80213
80224
80233
80245
80254
80266
80275
80286
80296
80307
80316
80328
80337
80348
80358
80369
80378
80390
80399
80410
80420
80431
80441
80452
80461
80473
80482
80493
80503
80514
80523
80535
80544
80551
80557
80565
80570
80578
80584
80592
80597
80605
80611
80619
80624
80632
80638
80646
80651
80659
80665
80673
80678
80686
80692
80700
80705
80713
80719
80727
80732
80740
80746
80754
80759
80767
80773
80781
80786
80794
80800
80808
80813
80821
80827
80835
80840
80848
80854
80862
80867
80875
80881
80889
80894
80902
80908
80915
80921
80929
80935
80942
80948
80956
80962
80969
80975
80983
80993
81001
81011
81020
81030
81038
81048
81057
81067
81075
81085
81094
81104
81112
81122
81131
81141
81149
81159
81168
81178
81186
81196
81205
81215
81223
81233
81242
81252
81260
81271
81279
81289
81297
81308
81316
81326
81334
81345
81353
81363
81371
81382
81390
81400
81408
81419
81427
81437
81445
81459
81472
81486
81499
81514
81526
81541
81554
81568
81581
81595
81608
81623
81635
81650
81663
81677
81690
81705
81717
81732
81745
81758
81773
81785
81800
81813
81827
81840
81855
81867
81875
81881
81889
81895
81903
81909
81917
81923
81931
81937
81945
81951
81959
81965
81973
81979
81987
81993
82001
82007
82015
82022
82030
82036
82044
82050
82058
82064
82072
82078
82086
82092
82100
82106
82114
82120
82128
82134
82142
82148
82156
82162
82170
82177
82185
82191
82199
82205
82213
82219
82227
82233
82241
82247
82255
82261
82269
82275
82283
82289
82297
82303
82311
82317
82329
82340
82352
82363
82375
82386
82398
82409
82422
82432
82445
82455
82468
82478
82491
82501
82514
82525
82537
82548
82560
82571
82583
82594
82607
82617
82630
82640
82653
82663
82676
82686
82699
82710
82722
82733
82738
82741
82747
82750
82756
82759
82765
82768
82774
82777
82783
82786
82792
82795
82801
82804
82810
82813
82819
82822
82828
82831
82837
82840
82846
82849
82854
82858
82863
82867
82872
82876
82881
82885
82890
82894
82899
82903
82908
82912
82917
82921
82926
82930
82935
82939
82944
82948
82953
82957
82962
82966
82971
82974
82980
82983
82989
82992
82998
83001
83007
83010
83016
83019
83025
83028
83034
83037
83043
83046
83052
83055
83061
83064
83070
83073
83079
83082
83087
83091
83096
83100
83105
83109
83114
83118
83123
83127
83132
83136
83141
83145
83150
83154
83159
83163
83168
83172
83177
83181
83186
83190
83194
83197
83202
83205
83210
83213
83218
83220
83225
83228
83233
83236
83241
83244
83249
83251
83256
83259
83264
83267
83272
83275
83279
83282
83287
83290
83295
83298
83303
83306
83310
83313
83318
83321
83326
83329
83334
83336
83341
83344
83349
83352
83357
83360
83365
83367
83372
83375
83380
83383
83388
83391
83395
83398
83403
83406
83411
83414
83419
83422
83426
83429
83434
83437
83442
83445
83450
83452
83457
83460
83465
83468
83473
83476
83481
83483
83488
83491
83496
83499
83504
83507
83511
83514
83519
83522
83527
83530
83535
83538
83542
83545
83550
83553
83558
83561
83566
83568
83573
83576
83581
83584
83589
83592
83597
83599
83604
83607
83612
83615
83620
83630
83639
83650
83658
83669
83678
83688
83697
83708
83717
83727
83736
83747
83755
83766
83775
83786
83794
83805
83814
83824
83833
83844
83853
83863
83872
83883
83891
83902
83911
83921
83930
83941
83950
83960
83969
83980
83988
83999
84008
84019
84027
84038
84047
84057
84066
84074
84084
84092
84102
84110
84120
84128
84137
84145
84155
84163
84173
84181
84191
84199
84209
84217
84225
84235
84243
84253
84261
84271
84279
84289
84297
84305
84315
84323
84333
84341
84351
84359
84369
84377
84385
84395
84403
84413
84421
84431
84439
84449
84457
84465
84475
84483
84493
84502
84513
84521
84532
84541
84552
84560
84571
84580
84590
84599
84610
84619
84629
84638
84649
84657
84668
84677
84688
84696
84707
84716
84726
84735
84746
84755
84765
84774
84785
84793
84804
84813
84824
84832
84843
84852
84862
84871
84882
84891
84901
84910
84921
84929
84940
84949
84954
84957
84963
84966
84972
84975
84981
84984
84989
84993
84998
85002
85007
85011
85016
85020
85025
85028
85034
85037
85043
85046
85052
85055
85061
85064
85069
85073
85078
85082
85087
85091
85096
85099
85105
85108
85114
85117
85123
85126
85132
85135
85140
85144
85149
85153
85158
85162
85167
85171
85176
85179
85185
85188
85194
85197
85203
85206
85212
85215
85220
85224
85229
85233
85238
85242
85247
85250
85256
85259
85265
85268
85274
85277
85283
85286
85291
85295
85300
85304
85309
85313
85318
85322
85327
85330
85336
85339
85345
85348
85354
85357
85363
85376
85387
85400
85411
85424
85435
85448
85459
85472
85483
85496
85507
85520
85531
85544
85555
85568
85579
85592
85603
85617
85628
85641
85652
85665
85676
85689
85700
85713
85724
85737
85748
85761
85772
85785
85796
85809
85817
85823
85831
85837
85846
85852
85860
85866
85875
85881
85889
85895
85903
85910
85918
85924
85932
85939
85947
85953
85961
85968
85976
85982
85990
85996
86005
86011
86019
86025
86034
86040
86048
86054
86063
86069
86077
86083
86091
86098
86106
86112
86120
86127
86135
86141
86149
86155
86164
86170
86178
86184
86193
86199
86207
86213
86222
86228
86236
86242
86250
86256
86261
86268
86272
86279
86284
86290
86295
86302
86307
86313
86318
86325
86329
86336
86341
86348
86352
86359
86364
86370
86375
86382
86387
86393
86398
86405
86409
86416
86421
86427
86432
86439
86444
86450
86455
86462
86466
86473
86478
86485
86489
86496
86501
86507
86512
86519
86524
86530
86535
86542
86546
86553
86558
86564
86569
86576
86581
86587
86592
86599
86603
86610
86615
86622
86626
86633
86638
86644
86649
86656
86661
86667
86672
86683
86692
86703
86712
86723
86732
86743
86752
86763
86772
86783
86793
86804
86813
86824
86833
86844
86853
86864
86873
86884
86893
86904
86914
86925
86934
86945
86954
86965
86974
86985
86994
87005
87014
87025
87035
87046
87055
87066
87075
87086
87095
87101
87106
87112
87117
87124
87128
87135
87140
87146
87151
87158
87162
87169
87173
87180
87185
87191
87196
87203
87207
87214
87219
87225
87230
87236
87241
87248
87252
87259
87264
87270
87275
87282
87286
87293
87297
87304
87309
87315
87320
87327
87331
87338
87343
87349
87354
87360
87365
87372
87376
87383
87388
87394
87399
87406
87410
87417
87421
87428
87433
87439
87444
87451
87455
87462
87467
87473
87478
87484
87489
87496
87500
87507
87512
87518
87523
87530
87534
87541
87551
87559
87569
87577
87587
87595
87605
87613
87623
87631
87641
87649
87659
87667
87677
87685
87695
87703
87713
87721
87731
87739
87749
87758
87768
87776
87786
87794
87804
87812
87822
87830
87840
87848
87858
87866
87876
87884
87894
87902
87912
87920
87930
87938
87948
87956
87967
87975
87985
87990
87994
88000
88004
88010
88013
88019
88023
88029
88033
88038
88042
88048
88052
88058
88061
88067
88071
88077
88081
88086
88090
88096
88100
88106
88110
88114
88120
88124
88130
88134
88139
88143
88149
88153
88159
88162
88168
88172
88178
88182
88187
88191
88197
88201
88207
88210
88216
88220
88226
88230
88235
88239
88245
88249
88255
88259
88264
88268
88274
88278
88284
88287
88293
88297
88303
88307
88312
88316
88322
88326
88332
88335
88341
88345
88351
88355
88360
88364
88370
88374
88380
88384
88389
88393
88399
88403
88409
88412
88418
88422
88428
88435
88441
88449
88454
88462
88468
88476
88481
88489
88495
88502
88508
88516
88522
88529
88535
88543
88549
88556
88562
88570
88575
88583
88589
88597
88602
88610
88616
88624
88629
88637
88643
88650
88656
88664
88670
88677
88683
88691
88697
88704
88710
88718
88723
88731
88737
88745
88750
88758
88764
88772
88777
88785
88791
88798
88804
88812
88818
88825
88831
88839
88845
88852
88858
88866
88873
88878
88885
88890
88897
88902
88909
88914
88921
88926
88933
88938
88945
88950
88957
88963
88970
88975
88982
88987
88994
88999
89006
89011
89018
89023
89030
89035
89042
89047
89054
89060
89067
89072
89079
89084
89091
89096
89103
89108
89115
89120
89127
89132
89139
89144
89151
89157
89164
89169
89176
89181
89188
89193
89200
89205
89212
89217
89224
89229
89236
89241
89249
89254
89261
89266
89273
89278
89285
89290
89297
89302
89309
89314
89321
89326
89330
89335
89339
89344
89348
89354
89357
89363
89366
89372
89376
89381
89385
89390
89394
89400
89403
89409
89412
89418
89421
89427
89431
89436
89440
89445
89449
89455
89458
89464
89467
89473
89477
89482
89486
89491
89495
89501
89504
89510
89513
89519
89522
89528
89532
89537
89541
89546
89550
89556
89559
89565
89568
89574
89578
89583
89587
89592
89596
89602
89605
89611
89614
89620
89623
89629
89633
89638
89642
89647
89651
89657
89660
89666
89669
89675
89679
89684
89688
89693
89697
89703
89706
89712
89715
89721
89724
89730
89734
89741
89746
89753
89758
89766
89771
89778
89783
89790
89796
89803
89808
89815
89821
89828
89833
89840
89845
89853
89858
89865
89870
89878
89883
89890
89895
89902
89908
89915
89920
89927
89933
89940
89945
89952
89957
89965
89970
89977
89982
89990
89995
90002
90007
90014
90020
90027
90032
90039
90045
90052
90057
90064
90069
90077
90082
90089
90094
90102
90107
90114
90119
90126
90132
90139
90144
90151
90157
90168
90177
90189
90198
90209
90219
90230
90239
90251
90260
90271
90281
90292
90301
90313
90322
90334
90343
90354
90364
90375
90384
90396
90405
90416
90426
90437
90446
90458
90467
90478
90488
90499
90509
90520
90529
90541
90550
90561
90571
90582
90591
90603
90612
90619
90625
90633
90638
90646
90652
90660
90665
90673
90679
90687
90692
90700
90706
90714
90719
90727
90733
90741
90746
90754
90760
90768
90773
90781
90787
90795
90800
90808
90814
90822
90827
90835
90841
90849
90854
90862
90868
90876
90881
90889
90895
90903
90908
90916
90922
90930
90935
90943
90949
90957
90962
90970
90976
90983
90989
90997
91003
91010
91016
91024
91030
91037
91043
91051
91061
91069
91079
91088
91098
91106
91116
91125
91135
91143
91153
91162
91172
91180
91190
91199
91209
91217
91227
91236
91246
91254
91264
91273
91283
91291
91301
91310
91320
91328
91339
91347
91357
91365
91376
91384
91394
91402
91413
91421
91431
91439
91450
91458
91468
91476
91487
91495
91505
91513
91527
91540
91554
91567
91582
91594
91609
91622
91636
91649
91663
91676
91691
91703
91718
91731
91745
91758
91773
91785
91800
91813
91826
91841
91853
91868
91881
91895
91908
91923
91935
91943
91949
91957
91963
91971
91977
91985
91991
91999
92005
92013
92019
92027
92033
92041
92047
92055
92061
92069
92075
92083
92090
92098
92104
92112
92118
92126
92132
92140
92146
92154
92160
92168
92174
92182
92188
92196
92202
92210
92216
92224
92230
92238
92245
92253
92259
92267
92273
92281
92287
92295
92301
92309
92315
92323
92329
92337
92343
92351
92357
92365
92371
92379
92385
92397
92408
92420
92431
92443
92454
92466
92477
92490
92500
92513
92523
92536
92546
92559
92569
92582
92593
92605
92616
92628
92639
92651
92662
92675
92685
92698
92708
92721
92731
92744
92754
92767
92778
92790
92801
92806
92809
92815
92818
92824
92827
92833
92836
92842
92845
92851
92854
92860
92863
92869
92872
92878
92881
92887
92890
92896
92899
92905
92908
92914
92917
92922
92926
92931
92935
92940
92944
92949
92953
92958
92962
92967
92971
92976
92980
92985
92989
92994
92998
93003
93007
93012
93016
93021
93025
93030
93034
93039
93042
93048
93051
93057
93060
93066
93069
93075
93078
93084
93087
93093
93096
93102
93105
93111
93114
93120
93123
93129
93132
93138
93141
93147
93150
93155
93159
93164
93168
93173
93177
93182
93186
93191
93195
93200
93204
93209
93213
93218
93222
93227
93231
93236
93240
93245
93249
93254
93258
93262
93265
93270
93273
93278
93281
93286
93288
93293
93296
93301
93304
93309
93312
93317
93319
93324
93327
93332
93335
93340
93343
93347
93350
93355
93358
93363
93366
93371
93374
93378
93381
93386
93389
93394
93397
93402
93404
93409
93412
93417
93420
93425
93428
93433
93435
93440
93443
93448
93451
93456
93459
93463
93466
93471
93474
93479
93482
93487
93490
93494
93497
93502
93505
93510
93513
93518
93520
93525
93528
93533
93536
93541
93544
93549
93551
93556
93559
93564
93567
93572
93575
93579
93582
93587
93590
93595
93598
93603
93606
93610
93613
93618
93621
93626
93629
93634
93636
93641
93644
93649
93652
93657
93660
93665
93667
93672
93675
93680
93683
93688
93698
93707
93718
93726
93737
93746
93756
93765
93776
93785
93795
93804
93815
93823
93834
93843
93854
93862
93873
93882
93892
93901
93912
93921
93931
93940
93951
93959
93970
93979
93989
93998
94009
94018
94028
94037
94048
94056
94067
94076
94087
94095
94106
94115
94125
94134
94142
94152
94160
94170
94178
94188
94196
94205
94213
94223
94231
94241
94249
94259
94267
94277
94285
94293
94303
94311
94321
94329
94339
94347
94357
94365
94373
94383
94391
94401
94409
94419
94427
94437
94445
94453
94463
94471
94481
94489
94499
94507
94517
94525
94533
94543
94551
94561
94570
94581
94589
94600
94609
94620
94628
94639
94648
94658
94667
94678
94687
94697
94706
94717
94725
94736
94745
94756
94764
94775
94784
94794
94803
94814
94823
94833
94842
94853
94861
94872
94881
94892
94900
94911
94920
94930
94939
94950
94959
94969
94978
94989
94997
95008
95017
95022
95025
95031
95034
95040
95043
95049
95052
95057
95061
95066
95070
95075
95079
95084
95088
95093
95096
95102
95105
95111
95114
95120
95123
95129
95132
95137
95141
95146
95150
95155
95159
95164
95167
95173
95176
95182
95185
95191
95194
95200
95203
95208
95212
95217
95221
95226
95230
95235
95239
95244
95247
95253
95256
95262
95265
95271
95274
95280
95283
95288
95292
95297
95301
95306
95310
95315
95318
95324
95327
95333
95336
95342
95345
95351
95354
95359
95363
95368
95372
95377
95381
95386
95390
95395
95398
95404
95407
95413
95416
95422
95425
95431
95444
95455
95468
95479
95492
95503
95516
95527
95540
95551
95564
95575
95588
95599
95612
95623
95636
95647
95660
95671
95685
95696
95709
95720
95733
95744
95757
95768
95781
95792
95805
95816
95829
95840
95853
95864
95877
95885
95891
95899
95905
95914
95920
95928
95934
95943
95949
95957
95963
95971
95978
95986
95992
96000
96007
96015
96021
96029
96036
96044
96050
96058
96064
96073
96079
96087
96093
96102
96108
96116
96122
96131
96137
96145
96151
96159
96166
96174
96180
96188
96195
96203
96209
96217
96223
96232
96238
96246
96252
96261
96267
96275
96281
96290
96296
96304
96310
96318
96324
96329
96336
96340
96347
96352
96358
96363
96370
96375
96381
96386
96393
96397
96404
96409
96416
96420
96427
96432
96438
96443
96450
96455
96461
96466
96473
96477
96484
96489
96495
96500
96507
96512
96518
96523
96530
96534
96541
96546
96553
96557
96564
96569
96575
96580
96587
96592
96598
96603
96610
96614
96621
96626
96632
96637
96644
96649
96655
96660
96667
96671
96678
96683
96690
96694
96701
96706
96712
96717
96724
96729
96735
96740
96751
96760
96771
96780
96791
96800
96811
96820
96831
96840
96851
96861
96872
96881
96892
96901
96912
96921
96932
96941
96952
96961
96972
96982
96993
97002
97013
97022
97033
97042
97053
97062
97073
97082
97093
97103
97114
97123
97134
97143
97154
97163
97169
97174
97180
97185
97192
97196
97203
97208
97214
97219
97226
97230
97237
97241
97248
97253
97259
97264
97271
97275
97282
97287
97293
97298
97304
97309
97316
97320
97327
97332
97338
97343
97350
97354
97361
97365
97372
97377
97383
97388
97395
97399
97406
97411
97417
97422
97428
97433
97440
97444
97451
97456
97462
97467
97474
97478
97485
97489
97496
97501
97507
97512
97519
97523
97530
97535
97541
97546
97552
97557
97564
97568
97575
97580
97586
97591
97598
97602
97609
97619
97627
97637
97645
97655
97663
97673
97681
97691
97699
97709
97717
97727
97735
97745
97753
97763
97771
97781
97789
97799
97807
97817
97826
97836
97844
97854
97862
97872
97880
97890
97898
97908
97916
97926
97934
97944
97952
97962
97970
97980
97988
97998
98006
98016
98024
98035
98043
98053
98058
98062
98068
98072
98078
98081
98087
98091
98097
98101
98106
98110
98116
98120
98126
98129
98135
98139
98145
98149
98154
98158
98164
98168
98174
98178
98182
98188
98192
98198
98202
98207
98211
98217
98221
98227
98230
98236
98240
98246
98250
98255
98259
98265
98269
98275
98278
98284
98288
98294
98298
98303
98307
98313
98317
98323
98327
98332
98336
98342
98346
98352
98355
98361
98365
98371
98375
98380
98384
98390
98394
98400
98403
98409
98413
98419
98423
98428
98432
98438
98442
98448
98452
98457
98461
98467
98471
98477
98480
98486
98490
98496
98503
98509
98517
98522
98530
98536
98544
98549
98557
98563
98570
98576
98584
98590
98597
98603
98611
98617
98624
98630
98638
98643
98651
98657
98665
98670
98678
98684
98692
98697
98705
98711
98718
98724
98732
98738
98745
98751
98759
98765
98772
98778
98786
98791
98799
98805
98813
98818
98826
98832
98840
98845
98853
98859
98866
98872
98880
98886
98893
98899
98907
98913
98920
98926
98934
98941
98946
98953
98958
98965
98970
98977
98982
98989
98994
99001
99006
99013
99018
99025
99031
99038
99043
99050
99055
99062
99067
99074
99079
99086
99091
99098
99103
99110
99115
99122
99128
99135
99140
99147
99152
99159
99164
99171
99176
99183
99188
99195
99200
99207
99212
99219
99225
99232
99237
99244
99249
99256
99261
99268
99273
99280
99285
99292
99297
99304
99309
99317
99322
99329
99334
99341
99346
99353
99358
99365
99370
99377
99382
99389
99394
99398
99403
99407
99412
99416
99422
99425
99431
99434
99440
99444
99449
99453
99458
99462
99468
99471
99477
99480
99486
99489
99495
99499
99504
99508
99513
99517
99523
99526
99532
99535
99541
99545
99550
99554
99559
99563
99569
99572
99578
99581
99587
99590
99596
99600
99605
99609
99614
99618
99624
99627
99633
99636
99642
99646
99651
99655
99660
99664
99670
99673
99679
99682
99688
99691
99697
99701
99706
99710
99715
99719
99725
99728
99734
99737
99743
99747
99752
99756
99761
99765
99771
99774
99780
99783
99789
99792
99798
99802
99809
99814
99821
99826
99834
99839
99846
99851
99858
99864
99871
99876
99883
99889
99896
99901
99908
99913
99921
99926
99933
99938
99946
99951
99958
99963
99970
99976
99983
99988
99995
100001
100008
100013
100020
100025
100033
100038
100045
100050
100058
100063
100070
100075
100082
100088
100095
100100
100107
100113
100120
100125
100132
100137
100145
100150
100157
100162
100170
100175
100182
100187
100194
100200
100207
100212
100219
100225
100236
100245
100257
100266
100277
100287
100298
100307
100319
100328
100339
100349
100360
100369
100381
100390
100402
100411
100422
100432
100443
100452
100464
100473
100484
100494
100505
100514
100526
100535
100546
100556
100567
100577
100588
100597
100609
100618
100629
100639
100650
100659
100671
100680
