7
12
19
24
31
36
43
49
56
61
68
73
80
85
93
98
105
110
117
122
129
135
142
147
154
159
166
171
179
184
191
196
203
208
215
220
228
233
240
245
252
257
264
270
277
282
289
294
301
306
314
319
326
331
338
343
350
356
363
368
375
380
387
392
399
405
412
417
424
429
436
441
449
454
461
466
473
478
485
491
498
503
510
515
522
527
535
540
547
552
559
564
571
576
584
589
599
607
617
625
635
644
654
662
672
680
691
699
709
717
727
736
746
754
764
772
783
791
801
809
819
828
838
846
856
864
875
883
893
901
911
920
930
938
948
956
967
975
985
993
1003
1011
1022
1030
1040
1048
1058
1067
1077
1085
1095
1103
1114
1122
1132
1140
1150
1159
1169
1177
1187
1195
1206
1214
1224
1232
1242
1251
1261
1269
1279
1287
1298
1306
1316
1324
1334
1343
1357
1370
1385
1397
1412
1425
1440
1452
1467
1480
1495
1507
1522
1535
1549
1562
1577
1590
1604
1617
1632
1645
1659
1672
1687
1699
1714
1727
1742
1754
1769
1782
1797
1809
1824
1837
1852
1864
1879
1892
1899
1905
1913
1918
1926
1932
1940
1945
1953
1959
1966
1972
1980
1986
1993
1999
2007
2013
2020
2026
2034
2039
2047
2053
2061
2066
2074
2080
2088
2093
2101
2107
2114
2120
2128
2134
2141
2147
2155
2161
2168
2174
2182
2187
2195
2201
2209
2214
2222
2228
2236
2241
2249
2255
2262
2268
2276
2282
2289
2295
2303
2309
2316
2322
2330
2335
2343
2349
2357
2362
2370
2376
2384
2389
2397
2403
2410
2416
2424
2430
2437
2443
2451
2457
2464
2470
2478
2483
2491
2499
2506
2515
2522
2531
2538
2547
2554
2563
2570
2579
2586
2595
2602
2611
2618
2627
2634
2643
2650
2659
2666
2675
2682
2691
2698
2706
2713
2722
2729
2738
2745
2754
2761
2770
2777
2786
2793
2802
2809
2818
2825
2834
2841
2850
2857
2866
2873
2882
2889
2898
2905
2914
2920
2929
2936
2945
2952
2961
2968
2977
2984
2993
3000
3009
3016
3025
3032
3041
3048
3057
3064
3073
3080
3089
3096
3105
3112
3121
3128
3136
3143
3152
3159
3168
3175
3184
3191
3200
3207
3216
3223
3234
3243
3254
3263
3274
3283
3295
3304
3315
3324
3335
3344
3355
3365
3376
3385
3396
3405
3416
3425
3437
3446
3457
3466
3477
3486
3497
3507
3518
3527
3538
3547
3558
3567
3579
3588
3599
3608
3619
3628
3639
3649
3660
3669
3680
3689
3700
3709
3721
3730
3741
3750
3761
3770
3781
3791
3802
3811
3822
3834
3845
3858
3869
3881
3892
3905
3916
3928
3939
3952
3963
3976
3986
3999
4010
4023
4033
4046
4057
4070
4081
4093
4104
4117
4128
4140
4151
4164
4175
4188
4198
4211
4222
4235
4245
4258
4269
4282
4293
4305
4316
4329
4340
4352
4363
4376
4387
4400
4410
4423
4434
4447
4457
4470
4481
4494
4505
4517
4528
4541
4552
4564
4572
4579
4588
4594
4603
4610
4619
4625
4634
4641
4650
4656
4665
4672
4680
4687
4696
4703
4711
4718
4727
4734
4742
4749
4758
4765
4773
4780
4789
4795
4804
4811
4820
4826
4835
4842
4851
4857
4866
4873
4882
4888
4897
4904
4912
4919
4928
4935
4943
4950
4959
4966
4974
4981
4990
4996
5005
5012
5021
5027
5036
5043
5052
5058
5067
5074
5083
5089
5098
5105
5113
5120
5129
5136
5144
5151
5160
5167
5175
5182
5191
5198
5206
5213
5222
5228
5237
5244
5253
5259
5268
5275
5284
5290
5299
5306
5314
5322
5328
5336
5343
5351
5357
5366
5372
5380
5386
5395
5401
5409
5416
5424
5430
5438
5445
5453
5459
5468
5474
5482
5488
5497
5503
5511
5518
5526
5532
5541
5547
5555
5561
5570
5576
5584
5591
5599
5605
5613
5620
5628
5634
5643
5649
5657
5663
5672
5678
5686
5693
5701
5707
5715
5722
5730
5736
5745
5751
5759
5766
5774
5780
5788
5795
5803
5809
5818
5824
5832
5838
5847
5853
5861
5868
5876
5882
5890
5897
5905
5911
5920
5926
5934
5940
5949
5955
5963
5970
5978
5984
5993
5999
6007
6013
6022
6028
6036
6043
6051
6063
6073
6086
6096
6109
6119
6131
6142
6154
6165
6177
6187
6200
6210
6223
6233
6245
6256
6268
6279
6291
6301
6314
6324
6337
6347
6359
6370
6382
6393
6405
6416
6428
6438
6451
6461
6474
6484
6496
6507
6519
6530
6542
6552
6565
6575
6588
6598
6610
6621
6633
6644
6656
6666
6679
6686
6692
6700
6706
6714
6719
6727
6733
6741
6747
6755
6760
6768
6774
6782
6788
6796
6801
6809
6815
6823
6829
6836
6842
6850
6856
6864
6870
6877
6883
6891
6897
6905
6911
6918
6924
6932
6938
6946
6952
6959
6965
6973
6979
6987
6992
7000
7006
7014
7020
7028
7033
7041
7047
7055
7061
7069
7074
7082
7088
7096
7102
7110
7115
7123
7129
7137
7143
7150
7156
7164
7170
7178
7184
7191
7197
7205
7211
7219
7225
7232
7238
7246
7252
7260
7266
7273
7279
7287
7293
7301
7306
7314
7320
7328
7334
7342
7347
7355
7361
7369
7375
7383
7390
7396
7403
7409
7416
7422
7429
7435
7442
7448
7455
7461
7468
7474
7481
7487
7494
7500
7507
7513
7520
7526
7533
7539
7547
7552
7560
7565
7573
7578
7586
7591
7599
7604
7612
7617
7625
7630
7638
7643
7651
7656
7664
7669
7677
7683
7689
7697
7702
7710
7715
7723
7728
7736
7741
7749
7754
7762
7767
7775
7780
7788
7793
7801
7806
7814
7819
7827
7833
7839
7847
7852
7860
7865
7873
7878
7886
7891
7899
7904
7912
7917
7925
7930
7938
7943
7951
7956
7964
7969
7977
7983
7989
7997
8002
8010
8015
8023
8028
8036
8041
8049
8054
8062
8067
8081
8093
8107
8120
8134
8146
8161
8173
8187
8200
8214
8226
8240
8253
8267
8279
8294
8306
8320
8333
8347
8359
8373
8386
8400
8412
8427
8439
8453
8466
8480
8492
8507
8519
8533
8545
8560
8572
8586
8599
8613
8625
8640
8652
8666
8678
8693
8705
8719
8731
8741
8753
8764
8776
8786
8798
8809
8821
8831
8843
8854
8866
8876
8889
8899
8911
8921
8934
8944
8956
8966
8979
8989
9001
9011
9024
9034
9046
9057
9069
9079
9091
9102
9114
9124
9136
9147
9159
9169
9181
9192
9204
9214
9227
9237
9249
9259
9272
9282
9294
9304
9317
9327
9339
9349
9362
9372
9384
9395
9407
9417
9429
9440
9452
9466
9479
9494
9507
9522
9535
9550
9562
9577
9590
9605
9618
9633
9646
9661
9673
9688
9701
9716
9729
9744
9757
9772
9784
9799
9812
9827
9840
9855
9868
9883
9895
9910
9923
9938
9951
9966
9979
9994
10006
10021
10034
10049
10062
10077
10090
10105
10117
10132
10139
10144
10151
10156
10163
10168
10175
10181
10188
10193
10200
10205
10212
10217
10225
10230
10237
10242
10249
10254
10261
10267
10274
10279
10286
10291
10298
10303
10311
10316
10323
10328
10335
10340
10347
10352
10360
10365
10372
10377
10384
10389
10396
10402
10409
10414
10421
10426
10433
10438
10446
10451
10458
10463
10470
10475
10482
10488
10495
10500
10507
10512
10519
10524
10531
10537
10544
10549
10556
10561
10568
10573
10581
10586
10593
10598
10605
10610
10617
10623
10630
10635
10642
10647
10654
10659
10667
10672
10679
10684
10691
10696
10703
10708
10716
10721
10731
10739
10749
10757
10767
10776
10786
10794
10804
10812
10823
10831
10841
10849
10859
10868
10878
10886
10896
10904
10915
10923
10933
10941
10951
10960
10970
10978
10988
10996
11007
11015
11025
11033
11043
11052
11062
11070
11080
11088
11099
11107
11117
11125
11135
11143
11154
11162
11172
11180
11190
11199
11209
11217
11227
11235
11246
11254
11264
11272
11282
11291
11301
11309
11319
11327
11338
11346
11356
11364
11374
11383
11393
11401
11411
11419
11430
11438
11448
11456
11466
11475
11489
11502
11517
11529
11544
11557
11572
11584
11599
11612
11627
11639
11654
11667
11681
11694
11709
11722
11736
11749
11764
11777
11791
11804
11819
11831
11846
11859
11874
11886
11901
11914
11929
11941
11956
11969
11984
11996
12011
12024
12031
12037
12045
12050
12058
12064
12072
12077
12085
12091
12098
12104
12112
12118
12125
12131
12139
12145
12152
12158
12166
12171
12179
12185
12193
12198
12206
12212
12220
12225
12233
12239
12246
12252
12260
12266
12273
12279
12287
12293
12300
12306
12314
12319
12327
12333
12341
12346
12354
12360
12368
12373
12381
12387
12394
12400
12408
12414
12421
12427
12435
12441
12448
12454
12462
12467
12475
12481
12489
12494
12502
12508
12516
12521
12529
12535
12542
12548
12556
12562
12569
12575
12583
12589
12596
12602
12610
12615
12623
12631
12638
12647
12654
12663
12670
12679
12686
12695
12702
12711
12718
12727
12734
12743
12750
12759
12766
12775
12782
12791
12798
12807
12814
12823
12830
12838
12845
12854
12861
12870
12877
12886
12893
12902
12909
12918
12925
12934
12941
12950
12957
12966
12973
12982
12989
12998
13005
13014
13021
13030
13037
13046
13052
13061
13068
13077
13084
13093
13100
13109
13116
13125
13132
13141
13148
13157
13164
13173
13180
13189
13196
13205
13212
13221
13228
13237
13244
13253
13260
13268
13275
13284
13291
13300
13307
13316
13323
13332
13339
13348
13355
13366
13375
13386
13395
13406
13415
13427
13436
13447
13456
13467
13476
13487
13497
13508
13517
13528
13537
13548
13557
13569
13578
13589
13598
13609
13618
13629
13639
13650
13659
13670
13679
13690
13699
13711
13720
13731
13740
13751
13760
13771
13781
13792
13801
13812
13821
13832
13841
13853
13862
13873
13882
13893
13902
13913
13923
13934
13943
13954
13966
13977
13990
14001
14013
14024
14037
14048
14060
14071
14084
14095
14108
14118
14131
14142
14155
14165
14178
14189
14202
14213
14225
14236
14249
14260
14272
14283
14296
14307
14320
14330
14343
14354
14367
14377
14390
14401
14414
14425
14437
14448
14461
14472
14484
14495
14508
14519
14532
14542
14555
14566
14579
14589
14602
14613
14626
14637
14649
14660
14673
14684
14696
14704
14711
14720
14726
14735
14742
14751
14757
14766
14773
14782
14788
14797
14804
14812
14819
14828
14835
14843
14850
14859
14866
14874
14881
14890
14897
14905
14912
14921
14927
14936
14943
14952
14958
14967
14974
14983
14989
14998
15005
15014
15020
15029
15036
15044
15051
15060
15067
15075
15082
15091
15098
15106
15113
15122
15128
15137
15144
15153
15159
15168
15175
15184
15190
15199
15206
15215
15221
15230
15237
15245
15252
15261
15268
15276
15283
15292
15299
15307
15314
15323
15330
15338
15345
15354
15360
15369
15376
15385
15391
15400
15407
15416
15422
15431
15438
15446
15454
15460
15468
15475
15483
15489
15498
15504
15512
15518
15527
15533
15541
15548
15556
15562
15570
15577
15585
15591
15600
15606
15614
15620
15629
15635
15643
15650
15658
15664
15673
15679
15687
15693
15702
15708
15716
15723
15731
15737
15745
15752
15760
15766
15775
15781
15789
15795
15804
15810
15818
15825
15833
15839
15847
15854
15862
15868
15877
15883
15891
15898
15906
15912
15920
15927
15935
15941
15950
15956
15964
15970
15979
15985
15993
16000
16008
16014
16022
16029
16037
16043
16052
16058
16066
16072
16081
16087
16095
16102
16110
16116
16125
16131
16139
16145
16154
16160
16168
16175
16183
16195
16205
16218
16228
16241
16251
16263
16274
16286
16297
16309
16319
16332
16342
16355
16365
16377
16388
16400
16411
16423
16433
16446
16456
16469
16479
16491
16502
16514
16525
16537
16548
16560
16570
16583
16593
16606
16616
16628
16639
16651
16662
16674
16684
16697
16707
16720
16730
16742
16753
16765
16776
16788
16798
16811
16818
16824
16832
16838
16846
16851
16859
16865
16873
16879
16887
16892
16900
16906
16914
16920
16928
16933
16941
16947
16955
16961
16968
16974
16982
16988
16996
17002
17009
17015
17023
17029
17037
17043
17050
17056
17064
17070
17078
17084
17091
17097
17105
17111
17119
17124
17132
17138
17146
17152
17160
17165
17173
17179
17187
17193
17201
17206
17214
17220
17228
17234
17242
17247
17255
17261
17269
17275
17282
17288
17296
17302
17310
17316
17323
17329
17337
17343
17351
17357
17364
17370
17378
17384
17392
17398
17405
17411
17419
17425
17433
17438
17446
17452
17460
17466
17474
17479
17487
17493
17501
17507
17515
17522
17528
17535
17541
17548
17554
17561
17567
17574
17580
17587
17593
17600
17606
17613
17619
17626
17632
17639
17645
17652
17658
17665
17671
17679
17684
17692
17697
17705
17710
17718
17723
17731
17736
17744
17749
17757
17762
17770
17775
17783
17788
17796
17801
17809
17815
17821
17829
17834
17842
17847
17855
17860
17868
17873
17881
17886
17894
17899
17907
17912
17920
17925
17933
17938
17946
17951
17959
17965
17971
17979
17984
17992
17997
18005
18010
18018
18023
18031
18036
18044
18049
18057
18062
18070
18075
18083
18088
18096
18101
18109
18115
18121
18129
18134
18142
18147
18155
18160
18168
18173
18181
18186
18194
18199
18213
18225
18239
18252
18266
18278
18293
18305
18319
18332
18346
18358
18372
18385
18399
18411
18426
18438
18452
18465
18479
18491
18505
18518
18532
18544
18559
18571
18585
18598
18612
18624
18639
18651
18665
18677
18692
18704
18718
18731
18745
18757
18772
18784
18798
18810
18825
18837
18851
18863
18873
18885
18896
18908
18918
18930
18941
18953
18963
18975
18986
18998
19008
19021
19031
19043
19053
19066
19076
19088
19098
19111
19121
19133
19143
19156
19166
19178
19189
19201
19211
19223
19234
19246
19256
19268
19279
19291
19301
19313
19324
19336
19346
19359
19369
19381
19391
19404
19414
19426
19436
19449
19459
19471
19481
19494
19504
19516
19527
19539
19549
19561
19572
19584
19598
19611
19626
19639
19654
19667
19682
19694
19709
19722
19737
19750
19765
19778
19793
19805
19820
19833
19848
19861
19876
19889
19904
19916
19931
19944
19959
19972
19987
20000
20015
20027
20042
20055
20070
20083
20098
20111
20126
20138
20153
20166
20181
20194
20209
20222
20237
20249
20264
20271
20276
20283
20288
20295
20300
20307
20313
20320
20325
20332
20337
20344
20349
20357
20362
20369
20374
20381
20386
20393
20399
20406
20411
20418
20423
20430
20435
20443
20448
20455
20460
20467
20472
20479
20484
20492
20497
20504
20509
20516
20521
20528
20534
20541
20546
20553
20558
20565
20570
20578
20583
20590
20595
20602
20607
20614
20620
20627
20632
20639
20644
20651
20656
20663
20669
20676
20681
20688
20693
20700
20705
20713
20718
20725
20730
20737
20742
20749
20755
20762
20767
20774
20779
20786
20791
20799
20804
20811
20816
20823
20828
20835
20840
20848
20853
20863
20871
20881
20889
20899
20908
20918
20926
20936
20944
20955
20963
20973
20981
20991
21000
21010
21018
21028
21036
21047
21055
21065
21073
21083
21092
21102
21110
21120
21128
21139
21147
21157
21165
21175
21184
21194
21202
21212
21220
21231
21239
21249
21257
21267
21275
21286
21294
21304
21312
21322
21331
21341
21349
21359
21367
21378
21386
21396
21404
21414
21423
21433
21441
21451
21459
21470
21478
21488
21496
21506
21515
21525
21533
21543
21551
21562
21570
21580
21588
21598
21607
21621
21634
21649
21661
21676
21689
21704
21716
21731
21744
21759
21771
21786
21799
21813
21826
21841
21854
21868
21881
21896
21909
21923
21936
21951
21963
21978
21991
22006
22018
22033
22046
22061
22073
22088
22101
22116
22128
22143
22156
22163
22169
22177
22182
22190
22196
22204
22209
22217
22223
22230
22236
22244
22250
22257
22263
22271
22277
22284
22290
22298
22303
22311
22317
22325
22330
22338
22344
22352
22357
22365
22371
22378
22384
22392
22398
22405
22411
22419
22425
22432
22438
22446
22451
22459
22465
22473
22478
22486
22492
22500
22505
22513
22519
22526
22532
22540
22546
22553
22559
22567
22573
22580
22586
22594
22599
22607
22613
22621
22626
22634
22640
22648
22653
22661
22667
22674
22680
22688
22694
22701
22707
22715
22721
22728
22734
22742
22747
22755
22763
22770
22779
22786
22795
22802
22811
22818
22827
22834
22843
22850
22859
22866
22875
22882
22891
22898
22907
22914
22923
22930
22939
22946
22955
22962
22970
22977
22986
22993
23002
23009
23018
23025
23034
23041
23050
23057
23066
23073
23082
23089
23098
23105
23114
23121
23130
23137
23146
23153
23162
23169
23178
23184
23193
23200
23209
23216
23225
23232
23241
23248
23257
23264
23273
23280
23289
23296
23305
23312
23321
23328
23337
23344
23353
23360
23369
23376
23385
23392
23400
23407
23416
23423
23432
23439
23448
23455
23464
23471
23480
23487
23498
23507
23518
23527
23538
23547
23559
23568
23579
23588
23599
23608
23619
23629
23640
23649
23660
23669
23680
23689
23701
23710
23721
23730
23741
23750
23761
23771
23782
23791
23802
23811
23822
23831
23843
23852
23863
23872
23883
23892
23903
23913
23924
23933
23944
23953
23964
23973
23985
23994
24005
24014
24025
24034
24045
24055
24066
24075
24086
24098
24109
24122
24133
24145
24156
24169
24180
24192
24203
24216
24227
24240
24250
24263
24274
24287
24297
24310
24321
24334
24345
24357
24368
24381
24392
24404
24415
24428
24439
24452
24462
24475
24486
24499
24509
24522
24533
24546
24557
24569
24580
24593
24604
24616
24627
24640
24651
24664
24674
24687
24698
24711
24721
24734
24745
24758
24769
24781
24792
24805
24816
24828
24836
24843
24852
24858
24867
24874
24883
24889
24898
24905
24914
24920
24929
24936
24944
24951
24960
24967
24975
24982
24991
24998
25006
25013
25022
25029
25037
25044
25053
25059
25068
25075
25084
25090
25099
25106
25115
25121
25130
25137
25146
25152
25161
25168
25176
25183
25192
25199
25207
25214
25223
25230
25238
25245
25254
25260
25269
25276
25285
25291
25300
25307
25316
25322
25331
25338
25347
25353
25362
25369
25377
25384
25393
25400
25408
25415
25424
25431
25439
25446
25455
25462
25470
25477
25486
25492
25501
25508
25517
25523
25532
25539
25548
25554
25563
25570
25578
25586
25592
25600
25607
25615
25621
25630
25636
25644
25650
25659
25665
25673
25680
25688
25694
25702
25709
25717
25723
25732
25738
25746
25752
25761
25767
25775
25782
25790
25796
25805
25811
25819
25825
25834
25840
25848
25855
25863
25869
25877
25884
25892
25898
25907
25913
25921
25927
25936
25942
25950
25957
25965
25971
25979
25986
25994
26000
26009
26015
26023
26030
26038
26044
26052
26059
26067
26073
26082
26088
26096
26102
26111
26117
26125
26132
26140
26146
26154
26161
26169
26175
26184
26190
26198
26204
26213
26219
26227
26234
26242
26248
26257
26263
26271
26277
26286
26292
26300
26307
26315
26327
26337
26350
26360
26373
26383
26395
26406
26418
26429
26441
26451
26464
26474
26487
26497
26509
26520
26532
26543
26555
26565
26578
26588
26601
26611
26623
26634
26646
26657
26669
26680
26692
26702
26715
26725
26738
26748
26760
26771
26783
26794
26806
26816
26829
26839
26852
26862
26874
26885
26897
26908
26920
26930
26943
26950
26956
26964
26970
26978
26983
26991
26997
27005
27011
27019
27024
27032
27038
27046
27052
27060
27065
27073
27079
27087
27093
27100
27106
27114
27120
27128
27134
27141
27147
27155
27161
27169
27175
27182
27188
27196
27202
27210
27216
27223
27229
27237
27243
27251
27256
27264
27270
27278
27284
27292
27297
27305
27311
27319
27325
27333
27338
27346
27352
27360
27366
27374
27379
27387
27393
27401
27407
27414
27420
27428
27434
27442
27448
27455
27461
27469
27475
27483
27489
27496
27502
27510
27516
27524
27530
27537
27543
27551
27557
27565
27570
27578
27584
27592
27598
27606
27611
27619
27625
27633
27639
27647
27654
27660
27667
27673
27680
27686
27693
27699
27706
27712
27719
27725
27732
27738
27745
27751
27758
27764
27771
27777
27784
27790
27797
27803
27811
27816
27824
27829
27837
27842
27850
27855
27863
27868
27876
27881
27889
27894
27902
27907
27915
27920
27928
27933
27941
27947
27953
27961
27966
27974
27979
27987
27992
28000
28005
28013
28018
28026
28031
28039
28044
28052
28057
28065
28070
28078
28083
28091
28097
28103
28111
28116
28124
28129
28137
28142
28150
28155
28163
28168
28176
28181
28189
28194
28202
28207
28215
28220
28228
28233
28241
28247
28253
28261
28266
28274
28279
28287
28292
28300
28305
28313
28318
28326
28331
28345
28357
28371
28384
28398
28410
28425
28437
28451
28464
28478
28490
28504
28517
28531
28543
28558
28570
28584
28597
28611
28623
28637
28650
28664
28676
28691
28703
28717
28730
28744
28756
28771
28783
28797
28809
28824
28836
28850
28863
28877
28889
28904
28916
28930
28942
28957
28969
28983
28995
29005
29017
29028
29040
29050
29062
29073
29085
29095
29107
29118
29130
29140
29153
29163
29175
29185
29198
29208
29220
29230
29243
29253
29265
29275
29288
29298
29310
29321
29333
29343
29355
29366
29378
29388
29400
29411
29423
29433
29445
29456
29468
29478
29491
29501
29513
29523
29536
29546
29558
29568
29581
29591
29603
29613
29626
29636
29648
29659
29671
29681
29693
29704
29716
29730
29743
29758
29771
29786
29799
29814
29826
29841
29854
29869
29882
29897
29910
29925
29937
29952
29965
29980
29993
30008
30021
30036
30048
30063
30076
30091
30104
30119
30132
30147
30159
30174
30187
30202
30215
30230
30243
30258
30270
30285
30298
30313
30326
30341
30354
30369
30381
30396
30403
30408
30415
30420
30427
30432
30439
30445
30452
30457
30464
30469
30476
30481
30489
30494
30501
30506
30513
30518
30525
30531
30538
30543
30550
30555
30562
30567
30575
30580
30587
30592
30599
30604
30611
30616
30624
30629
30636
30641
30648
30653
30660
30666
30673
30678
30685
30690
30697
30702
30710
30715
30722
30727
30734
30739
30746
30752
30759
30764
30771
30776
30783
30788
30795
30801
30808
30813
30820
30825
30832
30837
30845
30850
30857
30862
30869
30874
30881
30887
30894
30899
30906
30911
30918
30923
30931
30936
30943
30948
30955
30960
30967
30972
30980
30985
30995
31003
31013
31021
31031
31040
31050
31058
31068
31076
31087
31095
31105
31113
31123
31132
31142
31150
31160
31168
31179
31187
31197
31205
31215
31224
31234
31242
31252
31260
31271
31279
31289
31297
31307
31316
31326
31334
31344
31352
31363
31371
31381
31389
31399
31407
31418
31426
31436
31444
31454
31463
31473
31481
31491
31499
31510
31518
31528
31536
31546
31555
31565
31573
31583
31591
31602
31610
31620
31628
31638
31647
31657
31665
31675
31683
31694
31702
31712
31720
31730
31739
31753
31766
31781
31793
31808
31821
31836
31848
31863
31876
31891
31903
31918
31931
31945
31958
31973
31986
32000
32013
32028
32041
32055
32068
32083
32095
32110
32123
32138
32150
32165
32178
32193
32205
32220
32233
32248
32260
32275
32288
32295
32301
32309
32314
32322
32328
32336
32341
32349
32355
32362
32368
32376
32382
32389
32395
32403
32409
32416
32422
32430
32435
32443
32449
32457
32462
32470
32476
32484
32489
32497
32503
32510
32516
32524
32530
32537
32543
32551
32557
32564
32570
32578
32583
32591
32597
32605
32610
32618
32624
32632
32637
32645
32651
32658
32664
32672
32678
32685
32691
32699
32705
32712
32718
32726
32731
32739
32745
32753
32758
32766
32772
32780
32785
32793
32799
32806
32812
32820
32826
32833
32839
32847
32853
32860
32866
32874
32879
32887
32895
32902
32911
32918
32927
32934
32943
32950
32959
32966
32975
32982
32991
32998
33007
33014
33023
33030
33039
33046
33055
33062
33071
33078
33087
33094
33102
33109
33118
33125
33134
33141
33150
33157
33166
33173
33182
33189
33198
33205
33214
33221
33230
33237
33246
33253
33262
33269
33278
33285
33294
33301
33310
33316
33325
33332
33341
33348
33357
33364
33373
33380
33389
33396
33405
33412
33421
33428
33437
33444
33453
33460
33469
33476
33485
33492
33501
33508
33517
33524
33532
33539
33548
33555
33564
33571
33580
33587
33596
33603
33612
33619
33630
33639
33650
33659
33670
33679
33691
33700
33711
33720
33731
33740
33751
33761
33772
33781
33792
33801
33812
33821
33833
33842
33853
33862
33873
33882
33893
33903
33914
33923
33934
33943
33954
33963
33975
33984
33995
34004
34015
34024
34035
34045
34056
34065
34076
34085
34096
34105
34117
34126
34137
34146
34157
34166
34177
34187
34198
34207
34218
34230
34241
34254
34265
34277
34288
34301
34312
34324
34335
34348
34359
34372
34382
34395
34406
34419
34429
34442
34453
34466
34477
34489
34500
34513
34524
34536
34547
34560
34571
34584
34594
34607
34618
34631
34641
34654
34665
34678
34689
34701
34712
34725
34736
34748
34759
34772
34783
34796
34806
34819
34830
34843
34853
34866
34877
34890
34901
34913
34924
34937
34948
34960
34968
34975
34984
34990
34999
35006
35015
35021
35030
35037
35046
35052
35061
35068
35076
35083
35092
35099
35107
35114
35123
35130
35138
35145
35154
35161
35169
35176
35185
35191
35200
35207
35216
35222
35231
35238
35247
35253
35262
35269
35278
35284
35293
35300
35308
35315
35324
35331
35339
35346
35355
35362
35370
35377
35386
35392
35401
35408
35417
35423
35432
35439
35448
35454
35463
35470
35479
35485
35494
35501
35509
35516
35525
35532
35540
35547
35556
35563
35571
35578
35587
35594
35602
35609
35618
35624
35633
35640
35649
35655
35664
35671
35680
35686
35695
35702
35710
35718
35724
35732
35739
35747
35753
35762
35768
35776
35782
35791
35797
35805
35812
35820
35826
35834
35841
35849
35855
35864
35870
35878
35884
35893
35899
35907
35914
35922
35928
35937
35943
35951
35957
35966
35972
35980
35987
35995
36001
36009
36016
36024
36030
36039
36045
36053
36059
36068
36074
36082
36089
36097
36103
36111
36118
36126
36132
36141
36147
36155
36162
36170
36176
36184
36191
36199
36205
36214
36220
36228
36234
36243
36249
36257
36264
36272
36278
36286
36293
36301
36307
36316
36322
36330
36336
36345
36351
36359
36366
36374
36380
36389
36395
36403
36409
36418
36424
36432
36439
36447
36459
36469
36482
36492
36505
36515
36527
36538
36550
36561
36573
36583
36596
36606
36619
36629
36641
36652
36664
36675
36687
36697
36710
36720
36733
36743
36755
36766
36778
36789
36801
36812
36824
36834
36847
36857
36870
36880
36892
36903
36915
36926
36938
36948
36961
36971
36984
36994
37006
37017
37029
37040
37052
37062
37075
37082
37088
37096
37102
37110
37115
37123
37129
37137
37143
37151
37156
37164
37170
37178
37184
37192
37197
37205
37211
37219
37225
37232
37238
37246
37252
37260
37266
37273
37279
37287
37293
37301
37307
37314
37320
37328
37334
37342
37348
37355
37361
37369
37375
37383
37388
37396
37402
37410
37416
37424
37429
37437
37443
37451
37457
37465
37470
37478
37484
37492
37498
37506
37511
37519
37525
37533
37539
37546
37552
37560
37566
37574
37580
37587
37593
37601
37607
37615
37621
37628
37634
37642
37648
37656
37662
37669
37675
37683
37689
37697
37702
37710
37716
37724
37730
37738
37743
37751
37757
37765
37771
37779
37786
37792
37799
37805
37812
37818
37825
37831
37838
37844
37851
37857
37864
37870
37877
37883
37890
37896
37903
37909
37916
37922
37929
37935
37943
37948
37956
37961
37969
37974
37982
37987
37995
38000
38008
38013
38021
38026
38034
38039
38047
38052
38060
38065
38073
38079
38085
38093
38098
38106
38111
38119
38124
38132
38137
38145
38150
38158
38163
38171
38176
38184
38189
38197
38202
38210
38215
38223
38229
38235
38243
38248
38256
38261
38269
38274
38282
38287
38295
38300
38308
38313
38321
38326
38334
38339
38347
38352
38360
38365
38373
38379
38385
38393
38398
38406
38411
38419
38424
38432
38437
38445
38450
38458
38463
38477
38489
38503
38516
38530
38542
38557
38569
38583
38596
38610
38622
38636
38649
38663
38675
38690
38702
38716
38729
38743
38755
38769
38782
38796
38808
38823
38835
38849
38862
38876
38888
38903
38915
38929
38941
38956
38968
38982
38995
39009
39021
39036
39048
39062
39074
39089
39101
39115
39127
39137
39149
39160
39172
39182
39194
39205
39217
39227
39239
39250
39262
39272
39285
39295
39307
39317
39330
39340
39352
39362
39375
39385
39397
39407
39420
39430
39442
39453
39465
39475
39487
39498
39510
39520
39532
39543
39555
39565
39577
39588
39600
39610
39623
39633
39645
39655
39668
39678
39690
39700
39713
39723
39735
39745
39758
39768
39780
39791
39803
39813
39825
39836
39848
39862
39875
39890
39903
39918
39931
39946
39958
39973
39986
40001
40014
40029
40042
40057
40069
40084
40097
40112
40125
40140
40153
40168
40180
40195
40208
40223
40236
40251
40264
40279
40291
40306
40319
40334
40347
40362
40375
40390
40402
40417
40430
40445
40458
40473
40486
40501
40513
40528
40535
40540
40547
40552
40559
40564
40571
40577
40584
40589
40596
40601
40608
40613
40621
40626
40633
40638
40645
40650
40657
40663
40670
40675
40682
40687
40694
40699
40707
40712
40719
40724
40731
40736
40743
40748
40756
40761
40768
40773
40780
40785
40792
40798
40805
40810
40817
40822
40829
40834
40842
40847
40854
40859
40866
40871
40878
40884
40891
40896
40903
40908
40915
40920
40927
40933
40940
40945
40952
40957
40964
40969
40977
40982
40989
40994
41001
41006
41013
41019
41026
41031
41038
41043
41050
41055
41063
41068
41075
41080
41087
41092
41099
41104
41112
41117
41127
41135
41145
41153
41163
41172
41182
41190
41200
41208
41219
41227
41237
41245
41255
41264
41274
41282
41292
41300
41311
41319
41329
41337
41347
41356
41366
41374
41384
41392
41403
41411
41421
41429
41439
41448
41458
41466
41476
41484
41495
41503
41513
41521
41531
41539
41550
41558
41568
41576
41586
41595
41605
41613
41623
41631
41642
41650
41660
41668
41678
41687
41697
41705
41715
41723
41734
41742
41752
41760
41770
41779
41789
41797
41807
41815
41826
41834
41844
41852
41862
41871
41885
41898
41913
41925
41940
41953
41968
41980
41995
42008
42023
42035
42050
42063
42077
42090
42105
42118
42132
42145
42160
42173
42187
42200
42215
42227
42242
42255
42270
42282
42297
42310
42325
42337
42352
42365
42380
42392
42407
42420
42427
42433
42441
42446
42454
42460
42468
42473
42481
42487
42494
42500
42508
42514
42521
42527
42535
42541
42548
42554
42562
42567
42575
42581
42589
42594
42602
42608
42616
42621
42629
42635
42642
42648
42656
42662
42669
42675
42683
42689
42696
42702
42710
42715
42723
42729
42737
42742
42750
42756
42764
42769
42777
42783
42790
42796
42804
42810
42817
42823
42831
42837
42844
42850
42858
42863
42871
42877
42885
42890
42898
42904
42912
42917
42925
42931
42938
42944
42952
42958
42965
42971
42979
42985
42992
42998
43006
43011
43019
43027
43034
43043
43050
43059
43066
43075
43082
43091
43098
43107
43114
43123
43130
43139
43146
43155
43162
43171
43178
43187
43194
43203
43210
43219
43226
43234
43241
43250
43257
43266
43273
43282
43289
43298
43305
43314
43321
43330
43337
43346
43353
43362
43369
43378
43385
43394
43401
43410
43417
43426
43433
43442
43448
43457
43464
43473
43480
43489
43496
43505
43512
43521
43528
43537
43544
43553
43560
43569
43576
43585
43592
43601
43608
43617
43624
43633
43640
43649
43656
43664
43671
43680
43687
43696
43703
43712
43719
43728
43735
43744
43751
43762
43771
43782
43791
43802
43811
43823
43832
43843
43852
43863
43872
43883
43893
43904
43913
43924
43933
43944
43953
43965
43974
43985
43994
44005
44014
44025
44035
44046
44055
44066
44075
44086
44095
44107
44116
44127
44136
44147
44156
44167
44177
44188
44197
44208
44217
44228
44237
44249
44258
44269
44278
44289
44298
44309
44319
44330
44339
44350
44362
44373
44386
44397
44409
44420
44433
44444
44456
44467
44480
44491
44504
44514
44527
44538
44551
44561
44574
44585
44598
44609
44621
44632
44645
44656
44668
44679
44692
44703
44716
44726
44739
44750
44763
44773
44786
44797
44810
44821
44833
44844
44857
44868
44880
44891
44904
44915
44928
44938
44951
44962
44975
44985
44998
45009
45022
45033
45045
45056
45069
45080
45092
45100
45107
45116
45122
45131
45138
45147
45153
45162
45169
45178
45184
45193
45200
45208
45215
45224
45231
45239
45246
45255
45262
45270
45277
45286
45293
45301
45308
45317
45323
45332
45339
45348
45354
45363
45370
45379
45385
45394
45401
45410
45416
45425
45432
45440
45447
45456
45463
45471
45478
45487
45494
45502
45509
45518
45524
45533
45540
45549
45555
45564
45571
45580
45586
45595
45602
45611
45617
45626
45633
45641
45648
45657
45664
45672
45679
45688
45695
45703
45710
45719
45726
45734
45741
45750
45756
45765
45772
45781
45787
45796
45803
45812
45818
45827
45834
45842
45850
45856
45864
45871
45879
45885
45894
45900
45908
45914
45923
45929
45937
45944
45952
45958
45966
45973
45981
45987
45996
46002
46010
46016
46025
46031
46039
46046
46054
46060
46069
46075
46083
46089
46098
46104
46112
46119
46127
46133
46141
46148
46156
46162
46171
46177
46185
46191
46200
46206
46214
46221
46229
46235
46243
46250
46258
46264
46273
46279
46287
46294
46302
46308
46316
46323
46331
46337
46346
46352
46360
46366
46375
46381
46389
46396
46404
46410
46418
46425
46433
46439
46448
46454
46462
46468
46477
46483
46491
46498
46506
46512
46521
46527
46535
46541
46550
46556
46564
46571
46579
46591
46601
46614
46624
46637
46647
46659
46670
46682
46693
46705
46715
46728
46738
46751
46761
46773
46784
46796
46807
46819
46829
46842
46852
46865
46875
46887
46898
46910
46921
46933
46944
46956
46966
46979
46989
47002
47012
47024
47035
47047
47058
47070
47080
47093
47103
47116
47126
47138
47149
47161
47172
47184
47194
47207
47214
47220
47228
47234
47242
47247
47255
47261
47269
47275
47283
47288
47296
47302
47310
47316
47324
47329
47337
47343
47351
47357
47364
47370
47378
47384
47392
47398
47405
47411
47419
47425
47433
47439
47446
47452
47460
47466
47474
47480
47487
47493
47501
47507
47515
47520
47528
47534
47542
47548
47556
47561
47569
47575
47583
47589
47597
47602
47610
47616
47624
47630
47638
47643
47651
47657
47665
47671
47678
47684
47692
47698
47706
47712
47719
47725
47733
47739
47747
47753
47760
47766
47774
47780
47788
47794
47801
47807
47815
47821
47829
47834
47842
47848
47856
47862
47870
47875
47883
47889
47897
47903
47911
47918
47924
47931
47937
47944
47950
47957
47963
47970
47976
47983
47989
47996
48002
48009
48015
48022
48028
48035
48041
48048
48054
48061
48067
48075
48080
48088
48093
48101
48106
48114
48119
48127
48132
48140
48145
48153
48158
48166
48171
48179
48184
48192
48197
48205
48211
48217
48225
48230
48238
48243
48251
48256
48264
48269
48277
48282
48290
48295
48303
48308
48316
48321
48329
48334
48342
48347
48355
48361
48367
48375
48380
48388
48393
48401
48406
48414
48419
48427
48432
48440
48445
48453
48458
48466
48471
48479
48484
48492
48497
48505
48511
48517
48525
48530
48538
48543
48551
48556
48564
48569
48577
48582
48590
48595
48609
48621
48635
48648
48662
48674
48689
48701
48715
48728
48742
48754
48768
48781
48795
48807
48822
48834
48848
48861
48875
48887
48901
48914
48928
48940
48955
48967
48981
48994
49008
49020
49035
49047
49061
49073
49088
49100
49114
49127
49141
49153
49168
49180
49194
49206
49221
49233
49247
49259
49269
49281
49292
49304
49314
49326
49337
49349
49359
49371
49382
49394
49404
49417
49427
49439
49449
49462
49472
49484
49494
49507
49517
49529
49539
49552
49562
49574
49585
49597
49607
49619
49630
49642
49652
49664
49675
49687
49697
49709
49720
49732
49742
49755
49765
49777
49787
49800
49810
49822
49832
49845
49855
49867
49877
49890
49900
49912
49923
49935
49945
49957
49968
49980
49994
50007
50022
50035
50050
50063
50078
50090
50105
50118
50133
50146
50161
50174
50189
50201
50216
50229
50244
50257
50272
50285
50300
50312
50327
50340
50355
50368
50383
50396
50411
50423
50438
50451
50466
50479
50494
50507
50522
50534
50549
50562
50577
50590
50605
50618
50633
50645
50660
50667
50672
50679
50684
50691
50696
50703
50709
50716
50721
50728
50733
50740
50745
50753
50758
50765
50770
50777
50782
50789
50795
50802
50807
50814
50819
50826
50831
50839
50844
50851
50856
50863
50868
50875
50880
50888
50893
50900
50905
50912
50917
50924
50930
50937
50942
50949
50954
50961
50966
50974
50979
50986
50991
50998
51003
51010
51016
51023
51028
51035
51040
51047
51052
51059
51065
51072
51077
51084
51089
51096
51101
51109
51114
51121
51126
51133
51138
51145
51151
51158
51163
51170
51175
51182
51187
51195
51200
51207
51212
51219
51224
51231
51236
51244
51249
51259
51267
51277
51285
51295
51304
51314
51322
51332
51340
51351
51359
51369
51377
51387
51396
51406
51414
51424
51432
51443
51451
51461
51469
51479
51488
51498
51506
51516
51524
51535
51543
51553
51561
51571
51580
51590
51598
51608
51616
51627
51635
51645
51653
51663
51671
51682
51690
51700
51708
51718
51727
51737
51745
51755
51763
51774
51782
51792
51800
51810
51819
51829
51837
51847
51855
51866
51874
51884
51892
51902
51911
51921
51929
51939
51947
51958
51966
51976
51984
51994
52003
52017
52030
52045
52057
52072
52085
52100
52112
52127
52140
52155
52167
52182
52195
52209
52222
52237
52250
52264
52277
52292
52305
52319
52332
52347
52359
52374
52387
52402
52414
52429
52442
52457
52469
52484
52497
52512
52524
52539
52552
52559
52565
52573
52578
52586
52592
52600
52605
52613
52619
52626
52632
52640
52646
52653
52659
52667
52673
52680
52686
52694
52699
52707
52713
52721
52726
52734
52740
52748
52753
52761
52767
52774
52780
52788
52794
52801
52807
52815
52821
52828
52834
52842
52847
52855
52861
52869
52874
52882
52888
52896
52901
52909
52915
52922
52928
52936
52942
52949
52955
52963
52969
52976
52982
52990
52995
53003
53009
53017
53022
53030
53036
53044
53049
53057
53063
53070
53076
53084
53090
53097
53103
53111
53117
53124
53130
53138
53143
53151
53159
53166
53175
53182
53191
53198
53207
53214
53223
53230
53239
53246
53255
53262
53271
53278
53287
53294
53303
53310
53319
53326
53335
53342
53351
53358
53366
53373
53382
53389
53398
53405
53414
53421
53430
53437
53446
53453
53462
53469
53478
53485
53494
53501
53510
53517
53526
53533
53542
53549
53558
53565
53574
53580
53589
53596
53605
53612
53621
53628
53637
53644
53653
53660
53669
53676
53685
53692
53701
53708
53717
53724
53733
53740
53749
53756
53765
53772
53781
53788
53796
53803
53812
53819
53828
53835
53844
53851
53860
53867
53876
53883
53894
53903
53914
53923
53934
53943
53955
53964
53975
53984
53995
54004
54015
54025
54036
54045
54056
54065
54076
54085
54097
54106
54117
54126
54137
54146
54157
54167
54178
54187
54198
54207
54218
54227
54239
54248
54259
54268
54279
54288
54299
54309
54320
54329
54340
54349
54360
54369
54381
54390
54401
54410
54421
54430
54441
54451
54462
54471
54482
54494
54505
54518
54529
54541
54552
54565
54576
54588
54599
54612
54623
54636
54646
54659
54670
54683
54693
54706
54717
54730
54741
54753
54764
54777
54788
54800
54811
54824
54835
54848
54858
54871
54882
54895
54905
54918
54929
54942
54953
54965
54976
54989
55000
55012
55023
55036
55047
55060
55070
55083
55094
55107
55117
55130
55141
55154
55165
55177
55188
55201
55212
55224
55232
55239
55248
55254
55263
55270
55279
55285
55294
55301
55310
55316
55325
55332
55340
55347
55356
55363
55371
55378
55387
55394
55402
55409
55418
55425
55433
55440
55449
55455
55464
55471
55480
55486
55495
55502
55511
55517
55526
55533
55542
55548
55557
55564
55572
55579
55588
55595
55603
55610
55619
55626
55634
55641
55650
55656
55665
55672
55681
55687
55696
55703
55712
55718
55727
55734
55743
55749
55758
55765
55773
55780
55789
55796
55804
55811
55820
55827
55835
55842
55851
55858
55866
55873
55882
55888
55897
55904
55913
55919
55928
55935
55944
55950
55959
55966
55974
55982
55988
55996
56003
56011
56017
56026
56032
56040
56046
56055
56061
56069
56076
56084
56090
56098
56105
56113
56119
56128
56134
56142
56148
56157
56163
56171
56178
56186
56192
56201
56207
56215
56221
56230
56236
56244
56251
56259
56265
56273
56280
56288
56294
56303
56309
56317
56323
56332
56338
56346
56353
56361
56367
56375
56382
56390
56396
56405
56411
56419
56426
56434
56440
56448
56455
56463
56469
56478
56484
56492
56498
56507
56513
56521
56528
56536
56542
56550
56557
56565
56571
56580
56586
56594
56600
56609
56615
56623
56630
56638
56644
56653
56659
56667
56673
56682
56688
56696
56703
56711
56723
56733
56746
56756
56769
56779
56791
56802
56814
56825
56837
56847
56860
56870
56883
56893
56905
56916
56928
56939
56951
56961
56974
56984
56997
57007
57019
57030
57042
57053
57065
57076
57088
57098
57111
57121
57134
57144
57156
57167
57179
57190
57202
57212
57225
57235
57248
57258
57270
57281
57293
57304
57316
57326
57339
57346
57352
57360
57366
57374
57379
57387
57393
57401
57407
57415
57420
57428
57434
57442
57448
57456
57461
57469
57475
57483
57489
57496
57502
57510
57516
57524
57530
57537
57543
57551
57557
57565
57571
57578
57584
57592
57598
57606
57612
57619
57625
57633
57639
57647
57652
57660
57666
57674
57680
57688
57693
57701
57707
57715
57721
57729
57734
57742
57748
57756
57762
57770
57775
57783
57789
57797
57803
57810
57816
57824
57830
57838
57844
57851
57857
57865
57871
57879
57885
57892
57898
57906
57912
57920
57926
57933
57939
57947
57953
57961
57966
57974
57980
57988
57994
58002
58007
58015
58021
58029
58035
58043
58050
58056
58063
58069
58076
58082
58089
58095
58102
58108
58115
58121
58128
58134
58141
58147
58154
58160
58167
58173
58180
58186
58193
58199
58207
58212
58220
58225
58233
58238
58246
58251
58259
58264
58272
58277
58285
58290
58298
58303
58311
58316
58324
58329
58337
58343
58349
58357
58362
58370
58375
58383
58388
58396
58401
58409
58414
58422
58427
58435
58440
58448
58453
58461
58466
58474
58479
58487
58493
58499
58507
58512
58520
58525
58533
58538
58546
58551
58559
58564
58572
58577
58585
58590
58598
58603
58611
58616
58624
58629
58637
58643
58649
58657
58662
58670
58675
58683
58688
58696
58701
58709
58714
58722
58727
58741
58753
58767
58780
58794
58806
58821
58833
58847
58860
58874
58886
58900
58913
58927
58939
58954
58966
58980
58993
59007
59019
59033
59046
59060
59072
59087
59099
59113
59126
59140
59152
59167
59179
59193
59205
59220
59232
59246
59259
59273
59285
59300
59312
59326
59338
59353
59365
59379
59391
59401
59413
59424
59436
59446
59458
59469
59481
59491
59503
59514
59526
59536
59549
59559
59571
59581
59594
59604
59616
59626
59639
59649
59661
59671
59684
59694
59706
59717
59729
59739
59751
59762
59774
59784
59796
59807
59819
59829
59841
59852
59864
59874
59887
59897
59909
59919
59932
59942
59954
59964
59977
59987
59999
60009
60022
60032
60044
60055
60067
60077
60089
60100
60112
60126
60139
60154
60167
60182
60195
60210
60222
60237
60250
60265
60278
60293
60306
60321
60333
60348
60361
60376
60389
60404
60417
60432
60444
60459
60472
60487
60500
60515
60528
60543
60555
60570
60583
60598
60611
60626
60639
60654
60666
60681
60694
60709
60722
60737
60750
60765
60777
60792
60799
60804
60811
60816
60823
60828
60835
60841
60848
60853
60860
60865
60872
60877
60885
60890
60897
60902
60909
60914
60921
60927
60934
60939
60946
60951
60958
60963
60971
60976
60983
60988
60995
61000
61007
61012
61020
61025
61032
61037
61044
61049
61056
61062
61069
61074
61081
61086
61093
61098
61106
61111
61118
61123
61130
61135
61142
61148
61155
61160
61167
61172
61179
61184
61191
61197
61204
61209
61216
61221
61228
61233
61241
61246
61253
61258
61265
61270
61277
61283
61290
61295
61302
61307
61314
61319
61327
61332
61339
61344
61351
61356
61363
61368
61376
61381
61391
61399
61409
61417
61427
61436
61446
61454
61464
61472
61483
61491
61501
61509
61519
61528
61538
61546
61556
61564
61575
61583
61593
61601
61611
61620
61630
61638
61648
61656
61667
61675
61685
61693
61703
61712
61722
61730
61740
61748
61759
61767
61777
61785
61795
61803
61814
61822
61832
61840
61850
61859
61869
61877
61887
61895
61906
61914
61924
61932
61942
61951
61961
61969
61979
61987
61998
62006
62016
62024
62034
62043
62053
62061
62071
62079
62090
62098
62108
62116
62126
62135
62149
62162
62177
62189
62204
62217
62232
62244
62259
62272
62287
62299
62314
62327
62341
62354
62369
62382
62396
62409
62424
62437
62451
62464
62479
62491
62506
62519
62534
62546
62561
62574
62589
62601
62616
62629
62644
62656
62671
62684
62691
62697
62705
62710
62718
62724
62732
62737
62745
62751
62758
62764
62772
62778
62785
62791
62799
62805
62812
62818
62826
62831
62839
62845
62853
62858
62866
62872
62880
62885
62893
62899
62906
62912
62920
62926
62933
62939
62947
62953
62960
62966
62974
62979
62987
62993
63001
63006
63014
63020
63028
63033
63041
63047
63054
63060
63068
63074
63081
63087
63095
63101
63108
63114
63122
63127
63135
63141
63149
63154
63162
63168
63176
63181
63189
63195
63202
63208
63216
63222
63229
63235
63243
63249
63256
63262
63270
63275
63283
63291
63298
63307
63314
63323
63330
63339
63346
63355
63362
63371
63378
63387
63394
63403
63410
63419
63426
63435
63442
63451
63458
63467
63474
63483
63490
63498
63505
63514
63521
63530
63537
63546
63553
63562
63569
63578
63585
63594
63601
63610
63617
63626
63633
63642
63649
63658
63665
63674
63681
63690
63697
63706
63712
63721
63728
63737
63744
63753
63760
63769
63776
63785
63792
63801
63808
63817
63824
63833
63840
63849
63856
63865
63872
63881
63888
63897
63904
63913
63920
63928
63935
63944
63951
63960
63967
63976
63983
63992
63999
64008
64015
64026
64035
64046
64055
64066
64075
64087
64096
64107
64116
64127
64136
64147
64157
64168
64177
64188
64197
64208
64217
64229
64238
64249
64258
64269
64278
64289
64299
64310
64319
64330
64339
64350
64359
64371
64380
64391
64400
64411
64420
64431
64441
64452
64461
64472
64481
64492
64501
64513
64522
64533
64542
64553
64562
64573
64583
64594
64603
64614
64626
64637
64650
64661
64673
64684
64697
64708
64720
64731
64744
64755
64768
64778
64791
64802
64815
64825
64838
64849
64862
64873
64885
64896
64909
64920
64932
64943
64956
64967
64980
64990
65003
65014
65027
65037
65050
65061
65074
65085
65097
65108
65121
65132
65144
65155
65168
65179
65192
65202
65215
65226
65239
65249
65262
65273
65286
65297
65309
65320
65333
65344
65356
65364
65371
65380
65386
65395
65402
65411
65417
65426
65433
65442
65448
65457
65464
65472
65479
65488
65495
65503
65510
65519
65526
65534
65541
65550
65557
65565
65572
65581
65587
65596
65603
65612
65618
65627
65634
65643
65649
65658
65665
65674
65680
65689
65696
65704
65711
65720
65727
65735
65742
65751
65758
65766
65773
65782
65788
65797
65804
65813
65819
65828
65835
65844
65850
65859
65866
65875
65881
65890
65897
65905
65912
65921
65928
65936
65943
65952
65959
65967
65974
65983
65990
65998
66005
66014
66020
66029
66036
66045
66051
66060
66067
66076
66082
66091
66098
66106
66114
66120
66128
66135
66143
66149
66158
66164
66172
66178
66187
66193
66201
66208
66216
66222
66230
66237
66245
66251
66260
66266
66274
66280
66289
66295
66303
66310
66318
66324
66333
66339
66347
66353
66362
66368
66376
66383
66391
66397
66405
66412
66420
66426
66435
66441
66449
66455
66464
66470
66478
66485
66493
66499
66507
66514
66522
66528
66537
66543
66551
66558
66566
66572
66580
66587
66595
66601
66610
66616
66624
66630
66639
66645
66653
66660
66668
66674
66682
66689
66697
66703
66712
66718
66726
66732
66741
66747
66755
66762
66770
66776
66785
66791
66799
66805
66814
66820
66828
66835
66843
66855
66865
66878
66888
66901
66911
66923
66934
66946
66957
66969
66979
66992
67002
67015
67025
67037
67048
67060
67071
67083
67093
67106
67116
67129
67139
67151
67162
67174
67185
67197
67208
67220
67230
67243
67253
67266
67276
67288
67299
67311
67322
67334
67344
67357
67367
67380
67390
67402
67413
67425
67436
67448
67458
67471
67478
67484
67492
67498
67506
67511
67519
67525
67533
67539
67547
67552
67560
67566
67574
67580
67588
67593
67601
67607
67615
67621
67628
67634
67642
67648
67656
67662
67669
67675
67683
67689
67697
67703
67710
67716
67724
67730
67738
67744
67751
67757
67765
67771
67779
67784
67792
67798
67806
67812
67820
67825
67833
67839
67847
67853
67861
67866
67874
67880
67888
67894
67902
67907
67915
67921
67929
67935
67942
67948
67956
67962
67970
67976
67983
67989
67997
68003
68011
68017
68024
68030
68038
68044
68052
68058
68065
68071
68079
68085
68093
68098
68106
68112
68120
68126
68134
68139
68147
68153
68161
68167
68175
68182
68188
68195
68201
68208
68214
68221
68227
68234
68240
68247
68253
68260
68266
68273
68279
68286
68292
68299
68305
68312
68318
68325
68331
68339
68344
68352
68357
68365
68370
68378
68383
68391
68396
68404
68409
68417
68422
68430
68435
68443
68448
68456
68461
68469
68475
68481
68489
68494
68502
68507
68515
68520
68528
68533
68541
68546
68554
68559
68567
68572
68580
68585
68593
68598
68606
68611
68619
68625
68631
68639
68644
68652
68657
68665
68670
68678
68683
68691
68696
68704
68709
68717
68722
68730
68735
68743
68748
68756
68761
68769
68775
68781
68789
68794
68802
68807
68815
68820
68828
68833
68841
68846
68854
68859
68873
68885
68899
68912
68926
68938
68953
68965
68979
68992
69006
69018
69032
69045
69059
69071
69086
69098
69112
69125
69139
69151
69165
69178
69192
69204
69219
69231
69245
69258
69272
69284
69299
69311
69325
69337
69352
69364
69378
69391
69405
69417
69432
69444
69458
69470
69485
69497
69511
69523
69533
69545
69556
69568
69578
69590
69601
69613
69623
69635
69646
69658
69668
69681
69691
69703
69713
69726
69736
69748
69758
69771
69781
69793
69803
69816
69826
69838
69849
69861
69871
69883
69894
69906
69916
69928
69939
69951
69961
69973
69984
69996
70006
70019
70029
70041
70051
70064
70074
70086
70096
70109
70119
70131
70141
70154
70164
70176
70187
70199
70209
70221
70232
70244
70258
70271
70286
70299
70314
70327
70342
70354
70369
70382
70397
70410
70425
70438
70453
70465
70480
70493
70508
70521
70536
70549
70564
70576
70591
70604
70619
70632
70647
70660
70675
70687
70702
70715
70730
70743
70758
70771
70786
70798
70813
70826
70841
70854
70869
70882
70897
70909
70924
70931
70936
70943
70948
70955
70960
70967
70973
70980
70985
70992
70997
71004
71009
71017
71022
71029
71034
71041
71046
71053
71059
71066
71071
71078
71083
71090
71095
71103
71108
71115
71120
71127
71132
71139
71144
71152
71157
71164
71169
71176
71181
71188
71194
71201
71206
71213
71218
71225
71230
71238
71243
71250
71255
71262
71267
71274
71280
71287
71292
71299
71304
71311
71316
71323
71329
71336
71341
71348
71353
71360
71365
71373
71378
71385
71390
71397
71402
71409
71415
71422
71427
71434
71439
71446
71451
71459
71464
71471
71476
71483
71488
71495
71500
71508
71513
71523
71531
71541
71549
71559
71568
71578
71586
71596
71604
71615
71623
71633
71641
71651
71660
71670
71678
71688
71696
71707
71715
71725
71733
71743
71752
71762
71770
71780
71788
71799
71807
71817
71825
71835
71844
71854
71862
71872
71880
71891
71899
71909
71917
71927
71935
71946
71954
71964
71972
71982
71991
72001
72009
72019
72027
72038
72046
72056
72064
72074
72083
72093
72101
72111
72119
72130
72138
72148
72156
72166
72175
72185
72193
72203
72211
72222
72230
72240
72248
72258
72267
72281
72294
72309
72321
72336
72349
72364
72376
72391
72404
72419
72431
72446
72459
72473
72486
72501
72514
72528
72541
72556
72569
72583
72596
72611
72623
72638
72651
72666
72678
72693
72706
72721
72733
72748
72761
72776
72788
72803
72816
72823
72829
72837
72842
72850
72856
72864
72869
72877
72883
72890
72896
72904
72910
72917
72923
72931
72937
72944
72950
72958
72963
72971
72977
72985
72990
72998
73004
73012
73017
73025
73031
73038
73044
73052
73058
73065
73071
73079
73085
73092
73098
73106
73111
73119
73125
73133
73138
73146
73152
73160
73165
73173
73179
73186
73192
73200
73206
73213
73219
73227
73233
73240
73246
73254
73259
73267
73273
73281
73286
73294
73300
73308
73313
73321
73327
73334
73340
73348
73354
73361
73367
73375
73381
73388
73394
73402
73407
73415
73423
73430
73439
73446
73455
73462
73471
73478
73487
73494
73503
73510
73519
73526
73535
73542
73551
73558
73567
73574
73583
73590
73599
73606
73615
73622
73630
73637
73646
73653
73662
73669
73678
73685
73694
73701
73710
73717
73726
73733
73742
73749
73758
73765
73774
73781
73790
73797
73806
73813
73822
73829
73838
73844
73853
73860
73869
73876
73885
73892
73901
73908
73917
73924
73933
73940
73949
73956
73965
73972
73981
73988
73997
74004
74013
74020
74029
74036
74045
74052
74060
74067
74076
74083
74092
74099
74108
74115
74124
74131
74140
74147
74158
74167
74178
74187
74198
74207
74219
74228
74239
74248
74259
74268
74279
74289
74300
74309
74320
74329
74340
74349
74361
74370
74381
74390
74401
74410
74421
74431
74442
74451
74462
74471
74482
74491
74503
74512
74523
74532
74543
74552
74563
74573
74584
74593
74604
74613
74624
74633
74645
74654
74665
74674
74685
74694
74705
74715
74726
74735
74746
74758
74769
74782
74793
74805
74816
74829
74840
74852
74863
74876
74887
74900
74910
74923
74934
74947
74957
74970
74981
74994
75005
75017
75028
75041
75052
75064
75075
75088
75099
75112
75122
75135
75146
75159
75169
75182
75193
75206
75217
75229
75240
75253
75264
75276
75287
75300
75311
75324
75334
75347
75358
75371
75381
75394
75405
75418
75429
75441
75452
75465
75476
75488
75496
75503
75512
75518
75527
75534
75543
75549
75558
75565
75574
75580
75589
75596
75604
75611
75620
75627
75635
75642
75651
75658
75666
75673
75682
75689
75697
75704
75713
75719
75728
75735
75744
75750
75759
75766
75775
75781
75790
75797
75806
75812
75821
75828
75836
75843
75852
75859
75867
75874
75883
75890
75898
75905
75914
75920
75929
75936
75945
75951
75960
75967
75976
75982
75991
75998
76007
76013
76022
76029
76037
76044
76053
76060
76068
76075
76084
76091
76099
76106
76115
76122
76130
76137
76146
76152
76161
76168
76177
76183
76192
76199
76208
76214
76223
76230
76238
76246
76252
76260
76267
76275
76281
76290
76296
76304
76310
76319
76325
76333
76340
76348
76354
76362
76369
76377
76383
76392
76398
76406
76412
76421
76427
76435
76442
76450
76456
76465
76471
76479
76485
76494
76500
76508
76515
76523
76529
76537
76544
76552
76558
76567
76573
76581
76587
76596
76602
76610
76617
76625
76631
76639
76646
76654
76660
76669
76675
76683
76690
76698
76704
76712
76719
76727
76733
76742
76748
76756
76762
76771
76777
76785
76792
76800
76806
76814
76821
76829
76835
76844
76850
76858
76864
76873
76879
76887
76894
76902
76908
76917
76923
76931
76937
76946
76952
76960
76967
76975
76987
76997
77010
77020
77033
77043
77055
77066
77078
77089
77101
77111
77124
77134
77147
77157
77169
77180
77192
77203
77215
77225
77238
77248
77261
77271
77283
77294
77306
77317
77329
77340
77352
77362
77375
77385
77398
77408
77420
77431
77443
77454
77466
77476
77489
77499
77512
77522
77534
77545
77557
77568
77580
77590
77603
77610
77616
77624
77630
77638
77643
77651
77657
77665
77671
77679
77684
77692
77698
77706
77712
77720
77725
77733
77739
77747
77753
77760
77766
77774
77780
77788
77794
77801
77807
77815
77821
77829
77835
77842
77848
77856
77862
77870
77876
77883
77889
77897
77903
77911
77916
77924
77930
77938
77944
77952
77957
77965
77971
77979
77985
77993
77998
78006
78012
78020
78026
78034
78039
78047
78053
78061
78067
78074
78080
78088
78094
78102
78108
78115
78121
78129
78135
78143
78149
78156
78162
78170
78176
78184
78190
78197
78203
78211
78217
78225
78230
78238
78244
78252
78258
78266
78271
78279
78285
78293
78299
78307
78314
78320
78327
78333
78340
78346
78353
78359
78366
78372
78379
78385
78392
78398
78405
78411
78418
78424
78431
78437
78444
78450
78457
78463
78471
78476
78484
78489
78497
78502
78510
78515
78523
78528
78536
78541
78549
78554
78562
78567
78575
78580
78588
78593
78601
78607
78613
78621
78626
78634
78639
78647
78652
78660
78665
78673
78678
78686
78691
78699
78704
78712
78717
78725
78730
78738
78743
78751
78757
78763
78771
78776
78784
78789
78797
78802
78810
78815
78823
78828
78836
78841
78849
78854
78862
78867
78875
78880
78888
78893
78901
78907
78913
78921
78926
78934
78939
78947
78952
78960
78965
78973
78978
78986
78991
79005
79017
79031
79044
79058
79070
79085
79097
79111
79124
79138
79150
79164
79177
79191
79203
79218
79230
79244
79257
79271
79283
79297
79310
79324
79336
79351
79363
79377
79390
79404
79416
79431
79443
79457
79469
79484
79496
79510
79523
79537
79549
79564
79576
79590
79602
79617
79629
79643
79655
79665
79677
79688
79700
79710
79722
79733
79745
79755
79767
79778
79790
79800
79813
79823
79835
79845
79858
79868
79880
79890
79903
79913
79925
79935
79948
79958
79970
79981
79993
80003
80015
80026
80038
80048
80060
80071
80083
80093
80105
80116
80128
80138
80151
80161
80173
80183
80196
80206
80218
80228
80241
80251
80263
80273
80286
80296
80308
80319
80331
80341
80353
80364
80376
80390
80403
80418
80431
80446
80459
80474
80486
80501
80514
80529
80542
80557
80570
80585
80597
80612
80625
80640
80653
80668
80681
80696
80708
80723
80736
80751
80764
80779
80792
80807
80819
80834
80847
80862
80875
80890
80903
80918
80930
80945
80958
80973
80986
81001
81014
81029
81041
81056
81063
81068
81075
81080
81087
81092
81099
81105
81112
81117
81124
81129
81136
81141
81149
81154
81161
81166
81173
81178
81185
81191
81198
81203
81210
81215
81222
81227
81235
81240
81247
81252
81259
81264
81271
81276
81284
81289
81296
81301
81308
81313
81320
81326
81333
81338
81345
81350
81357
81362
81370
81375
81382
81387
81394
81399
81406
81412
81419
81424
81431
81436
81443
81448
81455
81461
81468
81473
81480
81485
81492
81497
81505
81510
81517
81522
81529
81534
81541
81547
81554
81559
81566
81571
81578
81583
81591
81596
81603
81608
81615
81620
81627
81632
81640
81645
81655
81663
81673
81681
81691
81700
81710
81718
81728
81736
81747
81755
81765
81773
81783
81792
81802
81810
81820
81828
81839
81847
81857
81865
81875
81884
81894
81902
81912
81920
81931
81939
81949
81957
81967
81976
81986
81994
82004
82012
82023
82031
82041
82049
82059
82067
82078
82086
82096
82104
82114
82123
82133
82141
82151
82159
82170
82178
82188
82196
82206
82215
82225
82233
82243
82251
82262
82270
82280
82288
82298
82307
82317
82325
82335
82343
82354
82362
82372
82380
82390
82399
82413
82426
82441
82453
82468
82481
82496
82508
82523
82536
82551
82563
82578
82591
82605
82618
82633
82646
82660
82673
82688
82701
82715
82728
82743
82755
82770
82783
82798
82810
82825
82838
82853
82865
82880
82893
82908
82920
82935
82948
82955
82961
82969
82974
82982
82988
82996
83001
83009
83015
83022
83028
83036
83042
83049
83055
83063
83069
83076
83082
83090
83095
83103
83109
83117
83122
83130
83136
83144
83149
83157
83163
83170
83176
83184
83190
83197
83203
83211
83217
83224
83230
83238
83243
83251
83257
83265
83270
83278
83284
83292
83297
83305
83311
83318
83324
83332
83338
83345
83351
83359
83365
83372
83378
83386
83391
83399
83405
83413
83418
83426
83432
83440
83445
83453
83459
83466
83472
83480
83486
83493
83499
83507
83513
83520
83526
83534
83539
83547
83555
83562
83571
83578
83587
83594
83603
83610
83619
83626
83635
83642
83651
83658
83667
83674
83683
83690
83699
83706
83715
83722
83731
83738
83747
83754
83762
83769
83778
83785
83794
83801
83810
83817
83826
83833
83842
83849
83858
83865
83874
83881
83890
83897
83906
83913
83922
83929
83938
83945
83954
83961
83970
83976
83985
83992
84001
84008
84017
84024
84033
84040
84049
84056
84065
84072
84081
84088
84097
84104
84113
84120
84129
84136
84145
84152
84161
84168
84177
84184
84192
84199
84208
84215
84224
84231
84240
84247
84256
84263
84272
84279
84290
84299
84310
84319
84330
84339
84351
84360
84371
84380
84391
84400
84411
84421
84432
84441
84452
84461
84472
84481
84493
84502
84513
84522
84533
84542
84553
84563
84574
84583
84594
84603
84614
84623
84635
84644
84655
84664
84675
84684
84695
84705
84716
84725
84736
84745
84756
84765
84777
84786
84797
84806
84817
84826
84837
84847
84858
84867
84878
84890
84901
84914
84925
84937
84948
84961
84972
84984
84995
85008
85019
85032
85042
85055
85066
85079
85089
85102
85113
85126
85137
85149
85160
85173
85184
85196
85207
85220
85231
85244
85254
85267
85278
85291
85301
85314
85325
85338
85349
85361
85372
85385
85396
85408
85419
85432
85443
85456
85466
85479
85490
85503
85513
85526
85537
85550
85561
85573
85584
85597
85608
85620
85628
85635
85644
85650
85659
85666
85675
85681
85690
85697
85706
85712
85721
85728
85736
85743
85752
85759
85767
85774
85783
85790
85798
85805
85814
85821
85829
85836
85845
85851
85860
85867
85876
85882
85891
85898
85907
85913
85922
85929
85938
85944
85953
85960
85968
85975
85984
85991
85999
86006
86015
86022
86030
86037
86046
86052
86061
86068
86077
86083
86092
86099
86108
86114
86123
86130
86139
86145
86154
86161
86169
86176
86185
86192
86200
86207
86216
86223
86231
86238
86247
86254
86262
86269
86278
86284
86293
86300
86309
86315
86324
86331
86340
86346
86355
86362
86370
86378
86384
86392
86399
86407
86413
86422
86428
86436
86442
86451
86457
86465
86472
86480
86486
86494
86501
86509
86515
86524
86530
86538
86544
86553
86559
86567
86574
86582
86588
86597
86603
86611
86617
86626
86632
86640
86647
86655
86661
86669
86676
86684
86690
86699
86705
86713
86719
86728
86734
86742
86749
86757
86763
86771
86778
86786
86792
86801
86807
86815
86822
86830
86836
86844
86851
86859
86865
86874
86880
86888
86894
86903
86909
86917
86924
86932
86938
86946
86953
86961
86967
86976
86982
86990
86996
87005
87011
87019
87026
87034
87040
87049
87055
87063
87069
87078
87084
87092
87099
87107
87119
87129
87142
87152
87165
87175
87187
87198
87210
87221
87233
87243
87256
87266
87279
87289
87301
87312
87324
87335
87347
87357
87370
87380
87393
87403
87415
87426
87438
87449
87461
87472
87484
87494
87507
87517
87530
87540
87552
87563
87575
87586
87598
87608
87621
87631
87644
87654
87666
87677
87689
87700
87712
87722
87735
87742
87748
87756
87762
87770
87775
87783
87789
87797
87803
87811
87816
87824
87830
87838
87844
87852
87857
87865
87871
87879
87885
87892
87898
87906
87912
87920
87926
87933
87939
87947
87953
87961
87967
87974
87980
87988
87994
88002
88008
88015
88021
88029
88035
88043
88048
88056
88062
88070
88076
88084
88089
88097
88103
88111
88117
88125
88130
88138
88144
88152
88158
88166
88171
88179
88185
88193
88199
88206
88212
88220
88226
88234
88240
88247
88253
88261
88267
88275
88281
88288
88294
88302
88308
88316
88322
88329
88335
88343
88349
88357
88362
88370
88376
88384
88390
88398
88403
88411
88417
88425
88431
88439
88446
88452
88459
88465
88472
88478
88485
88491
88498
88504
88511
88517
88524
88530
88537
88543
88550
88556
88563
88569
88576
88582
88589
88595
88603
88608
88616
88621
88629
88634
88642
88647
88655
88660
88668
88673
88681
88686
88694
88699
88707
88712
88720
88725
88733
88739
88745
88753
88758
88766
88771
88779
88784
88792
88797
88805
88810
88818
88823
88831
88836
88844
88849
88857
88862
88870
88875
88883
88889
88895
88903
88908
88916
88921
88929
88934
88942
88947
88955
88960
88968
88973
88981
88986
88994
88999
89007
89012
89020
89025
89033
89039
89045
89053
89058
89066
89071
89079
89084
89092
89097
89105
89110
89118
89123
89137
89149
89163
89176
89190
89202
89217
89229
89243
89256
89270
89282
89296
89309
89323
89335
89350
89362
89376
89389
89403
89415
89429
89442
89456
89468
89483
89495
89509
89522
89536
89548
89563
89575
89589
89601
89616
89628
89642
89655
89669
89681
89696
89708
89722
89734
89749
89761
89775
89787
89797
89809
89820
89832
89842
89854
89865
89877
89887
89899
89910
89922
89932
89945
89955
89967
89977
89990
90000
90012
90022
90035
90045
90057
90067
90080
90090
90102
90113
90125
90135
90147
90158
90170
90180
90192
90203
90215
90225
90237
90248
90260
90270
90283
90293
90305
90315
90328
90338
90350
90360
90373
90383
90395
90405
90418
90428
90440
90451
90463
90473
90485
90496
90508
90522
90535
90550
90563
90578
90591
90606
90618
90633
90646
90661
90674
90689
90702
90717
90729
90744
90757
90772
90785
90800
90813
90828
90840
90855
90868
90883
90896
90911
90924
90939
90951
90966
90979
90994
91007
91022
91035
91050
91062
91077
91090
91105
91118
91133
91146
91161
91173
91188
91195
91200
91207
91212
91219
91224
91231
91237
91244
91249
91256
91261
91268
91273
91281
91286
91293
91298
91305
91310
91317
91323
91330
91335
91342
91347
91354
91359
91367
91372
91379
91384
91391
91396
91403
91408
91416
91421
91428
91433
91440
91445
91452
91458
91465
91470
91477
91482
91489
91494
91502
91507
91514
91519
91526
91531
91538
91544
91551
91556
91563
91568
91575
91580
91587
91593
91600
91605
91612
91617
91624
91629
91637
91642
91649
91654
91661
91666
91673
91679
91686
91691
91698
91703
91710
91715
91723
91728
91735
91740
91747
91752
91759
91764
91772
91777
91787
91795
91805
91813
91823
91832
91842
91850
91860
91868
91879
91887
91897
91905
91915
91924
91934
91942
91952
91960
91971
91979
91989
91997
92007
92016
92026
92034
92044
92052
92063
92071
92081
92089
92099
92108
92118
92126
92136
92144
92155
92163
92173
92181
92191
92199
92210
92218
92228
92236
92246
92255
92265
92273
92283
92291
92302
92310
92320
92328
92338
92347
92357
92365
92375
92383
92394
92402
92412
92420
92430
92439
92449
92457
92467
92475
92486
92494
92504
92512
92522
92531
92545
92558
92573
92585
92600
92613
92628
92640
92655
92668
92683
92695
92710
92723
92737
92750
92765
92778
92792
92805
92820
92833
92847
92860
92875
92887
92902
92915
92930
92942
92957
92970
92985
92997
93012
93025
93040
93052
93067
93080
93087
93093
93101
93106
93114
93120
93128
93133
93141
93147
93154
93160
93168
93174
93181
93187
93195
93201
93208
93214
93222
93227
93235
93241
93249
93254
93262
93268
93276
93281
93289
93295
93302
93308
93316
93322
93329
93335
93343
93349
93356
93362
93370
93375
93383
93389
93397
93402
93410
93416
93424
93429
93437
93443
93450
93456
93464
93470
93477
93483
93491
93497
93504
93510
93518
93523
93531
93537
93545
93550
93558
93564
93572
93577
93585
93591
93598
93604
93612
93618
93625
93631
93639
93645
93652
93658
93666
93671
93679
93687
93694
93703
93710
93719
93726
93735
93742
93751
93758
93767
93774
93783
93790
93799
93806
93815
93822
93831
93838
93847
93854
93863
93870
93879
93886
93894
93901
93910
93917
93926
93933
93942
93949
93958
93965
93974
93981
93990
93997
94006
94013
94022
94029
94038
94045
94054
94061
94070
94077
94086
94093
94102
94108
94117
94124
94133
94140
94149
94156
94165
94172
94181
94188
94197
94204
94213
94220
94229
94236
94245
94252
94261
94268
94277
94284
94293
94300
94309
94316
94324
94331
94340
94347
94356
94363
94372
94379
94388
94395
94404
94411
94422
94431
94442
94451
94462
94471
94483
94492
94503
94512
94523
94532
94543
94553
94564
94573
94584
94593
94604
94613
94625
94634
94645
94654
94665
94674
94685
94695
94706
94715
94726
94735
94746
94755
94767
94776
94787
94796
94807
94816
94827
94837
94848
94857
94868
94877
94888
94897
94909
94918
94929
94938
94949
94958
94969
94979
94990
94999
95010
95022
95033
95046
95057
95069
95080
95093
95104
95116
95127
95140
95151
95164
95174
95187
95198
95211
95221
95234
95245
95258
95269
95281
95292
95305
95316
95328
95339
95352
95363
95376
95386
95399
95410
95423
95433
95446
95457
95470
95481
95493
95504
95517
95528
95540
95551
95564
95575
95588
95598
95611
95622
95635
95645
95658
95669
95682
95693
95705
95716
95729
95740
95752
95760
95767
95776
95782
95791
95798
95807
95813
95822
95829
95838
95844
95853
95860
95868
95875
95884
95891
95899
95906
95915
95922
95930
95937
95946
95953
95961
95968
95977
95983
95992
95999
96008
96014
96023
96030
96039
96045
96054
96061
96070
96076
96085
96092
96100
96107
96116
96123
96131
96138
96147
96154
96162
96169
96178
96184
96193
96200
96209
96215
96224
96231
96240
96246
96255
96262
96271
96277
96286
96293
96301
96308
96317
96324
96332
96339
96348
96355
96363
96370
96379
96386
96394
96401
96410
96416
96425
96432
96441
96447
96456
96463
96472
96478
96487
96494
96502
96510
96516
96524
96531
96539
96545
96554
96560
96568
96574
96583
96589
96597
96604
96612
96618
96626
96633
96641
96647
96656
96662
96670
96676
96685
96691
96699
96706
96714
96720
96729
96735
96743
96749
96758
96764
96772
96779
96787
96793
96801
96808
96816
96822
96831
96837
96845
96851
96860
96866
96874
96881
96889
96895
96903
96910
96918
96924
96933
96939
96947
96954
96962
96968
96976
96983
96991
96997
97006
97012
97020
97026
97035
97041
97049
97056
97064
97070
97078
97085
97093
97099
97108
97114
97122
97128
97137
97143
97151
97158
97166
97172
97181
97187
97195
97201
97210
97216
97224
97231
97239
97251
97261
97274
97284
97297
97307
97319
97330
97342
97353
97365
97375
97388
97398
97411
97421
97433
97444
97456
97467
97479
97489
97502
97512
97525
97535
97547
97558
97570
97581
97593
97604
97616
97626
97639
97649
97662
97672
97684
97695
97707
97718
97730
97740
97753
97763
97776
97786
97798
97809
97821
97832
97844
97854
97867
97874
97880
97888
97894
97902
97907
97915
97921
97929
97935
97943
97948
97956
97962
97970
97976
97984
97989
97997
98003
98011
98017
98024
98030
98038
98044
98052
98058
98065
98071
98079
98085
98093
98099
98106
98112
98120
98126
98134
98140
98147
98153
98161
98167
98175
98180
98188
98194
98202
98208
98216
98221
98229
98235
98243
98249
98257
98262
98270
98276
98284
98290
98298
98303
98311
98317
98325
98331
98338
98344
98352
98358
98366
98372
98379
98385
98393
98399
98407
98413
98420
98426
98434
98440
98448
98454
98461
98467
98475
98481
98489
98494
98502
98508
98516
98522
98530
98535
98543
98549
98557
98563
98571
98578
98584
98591
98597
98604
98610
98617
98623
98630
98636
98643
98649
98656
98662
98669
98675
98682
98688
98695
98701
98708
98714
98721
98727
98735
98740
98748
98753
98761
98766
98774
98779
98787
98792
98800
98805
98813
98818
98826
98831
98839
98844
98852
98857
98865
98871
98877
98885
98890
98898
98903
98911
98916
98924
98929
98937
98942
98950
98955
98963
98968
98976
98981
98989
98994
99002
99007
99015
99021
99027
99035
99040
99048
99053
99061
99066
99074
99079
99087
99092
99100
99105
99113
99118
99126
99131
99139
99144
99152
99157
99165
99171
99177
99185
99190
99198
99203
99211
99216
99224
99229
99237
99242
99250
99255
99269
99281
99295
99308
99322
99334
99349
99361
99375
99388
99402
99414
99428
99441
99455
99467
99482
99494
99508
99521
99535
99547
99561
99574
99588
99600
99615
99627
99641
99654
99668
99680
99695
99707
99721
99733
99748
99760
99774
99787
99801
99813
99828
99840
99854
99866
99881
99893
99907
99919
99929
99941
99952
99964
99974
99986
99997
100009
100019
100031
100042
100054
100064
100077
100087
100099
100109
100122
100132
100144
100154
100167
100177
100189
100199
100212
100222
100234
100245
100257
100267
100279
100290
100302
100312
100324
100335
100347
100357
100369
100380
100392
100402
100415
100425
100437
100447
100460
100470
100482
100492
100505
100515
100527
100537
100550
100560
100572
100583
100595
100605
100617
100628
100640
100654
100667
100682
100695
100710
100723
100738
100750
100765
100778
100793
100806
100821
100834
100849
100861
100876
100889
100904
100917
100932
100945
100960
100972
100987
101000
101015
101028
101043
101056
101071
101083
101098
101111
101126
101139
101154
101167
101182
101194
101209
101222
101237
101250
101265
101278
101293
101305
101320
