9
16
25
32
41
48
57
65
74
81
90
97
106
113
123
130
139
146
155
162
171
178
188
195
204
211
220
227
236
244
253
260
269
276
285
292
302
309
318
325
334
341
350
357
367
374
383
390
399
406
415
423
432
439
448
455
464
471
480
488
497
504
513
520
529
536
546
553
562
569
578
585
594
602
611
618
627
634
643
650
659
667
676
683
692
699
708
715
725
732
741
748
757
764
773
781
790
797
806
813
822
829
838
846
855
862
871
878
887
894
904
911
920
927
936
943
952
959
965
972
978
986
991
999
1005
1012
1018
1026
1031
1039
1045
1052
1058
1066
1071
1079
1084
1092
1098
1105
1111
1119
1124
1132
1138
1145
1151
1159
1164
1172
1178
1185
1191
1198
1204
1212
1217
1225
1231
1238
1244
1252
1257
1265
1271
1278
1284
1292
1297
1305
1311
1318
1324
1331
1337
1345
1350
1358
1364
1371
1377
1385
1390
1398
1404
1411
1417
1425
1430
1438
1443
1451
1457
1464
1470
1478
1483
1491
1497
1504
1510
1518
1523
1531
1537
1544
1550
1557
1563
1571
1576
1584
1590
1597
1603
1611
1616
1624
1630
1637
1643
1651
1656
1664
1670
1677
1683
1690
1696
1704
1709
1717
1723
1730
1736
1744
1749
1757
1763
1770
1776
1784
1789
1797
1802
1810
1816
1823
1829
1837
1842
1850
1856
1863
1869
1877
1882
1890
1896
1903
1909
1916
1922
1930
1935
1943
1949
1957
1964
1973
1980
1988
1995
2004
2011
2020
2026
2035
2042
2051
2058
2066
2073
2082
2089
2097
2104
2113
2120
2129
2135
2144
2151
2160
2167
2175
2182
2191
2198
2206
2213
2222
2229
2238
2244
2253
2260
2269
2276
2284
2291
2300
2307
2315
2322
2331
2338
2347
2353
2362
2369
2378
2385
2393
2400
2409
2416
2425
2431
2440
2447
2456
2462
2471
2478
2487
2494
2502
2509
2518
2525
2534
2540
2549
2556
2565
2571
2580
2587
2596
2603
2611
2618
2627
2634
2643
2649
2658
2665
2674
2680
2689
2696
2705
2712
2720
2727
2736
2743
2752
2758
2767
2774
2783
2790
2798
2805
2814
2821
2829
2836
2845
2851
2856
2863
2868
2875
2880
2887
2891
2898
2903
2910
2915
2922
2927
2934
2938
2945
2950
2957
2962
2969
2974
2981
2985
2992
2997
3004
3009
3016
3021
3028
3032
3039
3044
3051
3056
3063
3068
3075
3079
3086
3091
3098
3103
3110
3115
3122
3126
3133
3138
3145
3150
3157
3162
3169
3173
3180
3185
3192
3197
3204
3209
3216
3220
3227
3232
3239
3244
3251
3256
3263
3267
3274
3279
3286
3291
3298
3303
3310
3314
3321
3326
3333
3338
3345
3350
3357
3361
3368
3373
3380
3385
3392
3397
3404
3408
3415
3420
3427
3432
3439
3444
3450
3455
3462
3467
3474
3479
3486
3491
3497
3502
3509
3514
3521
3526
3533
3538
3544
3549
3556
3561
3568
3573
3580
3585
3591
3599
3605
3613
3619
3627
3633
3641
3647
3655
3661
3669
3675
3683
3689
3697
3703
3711
3717
3725
3731
3739
3745
3753
3759
3767
3773
3781
3787
3795
3801
3809
3815
3823
3829
3837
3843
3851
3857
3865
3871
3879
3885
3893
3899
3907
3913
3921
3927
3935
3941
3949
3955
3963
3969
3977
3983
3991
3997
4005
4011
4019
4025
4033
4039
4047
4053
4061
4067
4075
4081
4089
4095
4103
4109
4117
4123
4131
4137
4145
4151
4159
4165
4173
4179
4187
4193
4201
4207
4215
4221
4229
4235
4243
4249
4257
4263
4271
4277
4285
4291
4299
4305
4313
4319
4327
4333
4341
4347
4355
4361
4369
4375
4383
4389
4397
4403
4411
4417
4425
4431
4439
4445
4453
4459
4467
4473
4481
4488
4494
4501
4507
4514
4520
4528
4533
4541
4546
4554
4560
4567
4573
4580
4586
4594
4599
4607
4612
4620
4626
4633
4639
4646
4652
4660
4665
4673
4678
4686
4692
4699
4705
4712
4718
4726
4731
4739
4744
4752
4758
4765
4771
4778
4784
4792
4797
4805
4810
4818
4824
4831
4837
4844
4850
4858
4863
4871
4876
4884
4890
4897
4903
4910
4916
4924
4929
4937
4942
4950
4955
4963
4969
4976
4982
4989
4995
5003
5008
5016
5021
5029
5035
5042
5048
5055
5061
5069
5074
5082
5087
5095
5101
5108
5114
5121
5127
5135
5140
5148
5153
5159
5164
5171
5176
5183
5187
5194
5199
5206
5211
5217
5222
5229
5234
5241
5245
5252
5257
5264
5269
5275
5280
5287
5292
5299
5304
5310
5315
5322
5327
5334
5338
5345
5350
5357
5362
5368
5373
5380
5385
5392
5396
5403
5408
5415
5420
5426
5431
5438
5443
5450
5455
5461
5466
5473
5478
5485
5489
5496
5501
5508
5513
5519
5524
5531
5536
5543
5547
5554
5559
5566
5571
5578
5582
5589
5594
5601
5606
5612
5617
5624
5629
5636
5640
5647
5652
5659
5664
5670
5675
5682
5687
5694
5698
5705
5710
5717
5722
5729
5733
5740
5745
5752
5757
5763
5768
5775
5780
5787
5791
5798
5803
5810
5815
5821
5826
5833
5838
5845
5849
5856
5861
5868
5873
5880
5884
5891
5896
5903
5908
5914
5919
5926
5931
5938
5942
5949
5954
5961
5966
5972
5977
5984
5989
5996
6002
6009
6014
6022
6027
6034
6039
6047
6052
6059
6065
6072
6077
6084
6090
6097
6102
6110
6115
6122
6128
6135
6140
6147
6153
6160
6165
6173
6178
6185
6190
6198
6203
6210
6216
6223
6228
6235
6241
6248
6253
6261
6266
6273
6279
6286
6291
6298
6304
6311
6316
6324
6329
6336
6341
6349
6354
6361
6367
6374
6379
6387
6392
6399
6404
6412
6417
6424
6430
6437
6442
6449
6455
6462
6467
6475
6480
6487
6492
6500
6505
6512
6518
6525
6530
6538
6543
6550
6555
6563
6568
6575
6581
6588
6593
6600
6606
6613
6618
6626
6631
6638
6644
6651
6656
6663
6669
6676
6681
6689
6694
6701
6706
6714
6719
6726
6732
6739
6744
6751
6757
6764
6769
6777
6782
6789
6795
6802
6807
6814
6820
6827
6832
6840
6845
6852
6857
6865
6870
6877
6886
6894
6903
6911
6921
6928
6938
6946
6955
6963
6973
6980
6990
6998
7007
7015
7024
7032
7042
7049
7059
7067
7076
7084
7094
7101
7111
7119
7128
7136
7146
7153
7163
7170
7180
7188
7197
7205
7215
7222
7232
7240
7249
7257
7267
7274
7284
7291
7301
7309
7318
7326
7336
7343
7353
7361
7370
7378
7388
7395
7405
7413
7422
7430
7439
7447
7457
7464
7474
7482
7491
7499
7509
7516
7526
7534
7543
7551
7560
7568
7578
7585
7595
7603
7612
7620
7630
7637
7647
7655
7664
7672
7682
7689
7699
7706
7716
7724
7733
7741
7751
7758
7768
7776
7785
7793
7803
7810
7820
7828
7837
7845
7854
7863
7870
7880
7887
7897
7904
7914
7921
7930
7938
7947
7955
7964
7972
7981
7989
7998
8005
8015
8022
8032
8039
8049
8056
8065
8073
8082
8090
8099
8107
8116
8124
8133
8140
8150
8157
8167
8174
8184
8191
8200
8208
8217
8225
8234
8242
8251
8259
8268
8275
8285
8292
8302
8309
8319
8326
8336
8343
8352
8360
8369
8377
8386
8394
8403
8410
8420
8427
8437
8444
8454
8461
8471
8478
8487
8495
8504
8512
8521
8529
8538
8545
8555
8562
8572
8579
8589
8596
8606
8613
8622
8630
8639
8647
8656
8664
8673
8681
8690
8697
8707
8714
8721
8726
8733
8738
8745
8750
8757
8762
8769
8774
8782
8787
8794
8799
8806
8811
8818
8823
8830
8835
8842
8848
8855
8860
8867
8872
8879
8884
8891
8896
8903
8909
8916
8921
8928
8933
8940
8945
8952
8957
8964
8969
8977
8982
8989
8994
9001
9006
9013
9018
9025
9030
9038
9043
9050
9055
9062
9067
9074
9079
9086
9091
9098
9104
9111
9116
9123
9128
9135
9140
9147
9152
9159
9164
9172
9177
9184
9189
9196
9201
9208
9213
9220
9225
9233
9238
9245
9250
9257
9262
9269
9274
9281
9286
9293
9299
9306
9311
9318
9323
9330
9335
9341
9346
9353
9357
9364
9369
9375
9380
9387
9391
9398
9403
9409
9414
9421
9425
9432
9437
9444
9448
9455
9460
9466
9471
9478
9482
9489
9494
9500
9505
9512
9516
9523
9528
9535
9539
9546
9551
9557
9562
9569
9573
9580
9585
9591
9596
9603
9607
9614
9619
9626
9630
9637
9642
9648
9653
9660
9664
9671
9676
9682
9687
9694
9698
9705
9710
9717
9721
9728
9733
9739
9744
9751
9755
9762
9767
9773
9778
9785
9789
9796
9801
9808
9812
9819
9824
9830
9835
9842
9846
9853
9858
9864
9869
9876
9880
9887
9892
9899
9904
9911
9916
9923
9928
9935
9940
9947
9952
9959
9964
9971
9976
9983
9988
9995
10000
10007
10012
10019
10024
10031
10036
10043
10048
10055
10060
10067
10072
10079
10084
10091
10096
10103
10108
10115
10120
10127
10132
10139
10145
10152
10157
10164
10169
10176
10181
10188
10193
10200
10205
10212
10217
10224
10229
10236
10241
10248
10253
10260
10265
10272
10277
10284
10289
10296
10301
10308
10313
10320
10325
10332
10337
10344
10349
10356
10361
10368
10373
10380
10385
10392
10398
10405
10410
10417
10422
10429
10434
10441
10446
10453
10458
10465
10470
10477
10482
10489
10494
10501
10506
10513
10518
10525
10530
10537
10542
10549
10554
10561
10566
10573
10578
10585
10590
10597
10602
10609
10614
10621
10626
10633
10638
10646
10651
10658
10663
10670
10675
10682
10691
10698
10707
10714
10723
10730
10739
10747
10756
10763
10772
10779
10788
10795
10805
10812
10821
10828
10837
10844
10853
10860
10870
10877
10886
10893
10902
10909
10918
10926
10935
10942
10951
10958
10967
10974
10984
10991
11000
11007
11016
11023
11032
11039
11049
11056
11065
11072
11081
11088
11097
11105
11114
11121
11130
11137
11146
11153
11162
11170
11179
11186
11195
11202
11211
11218
11228
11235
11244
11251
11260
11267
11276
11284
11293
11300
11309
11316
11325
11332
11341
11349
11358
11365
11374
11381
11390
11397
11407
11414
11423
11430
11439
11446
11455
11463
11472
11479
11488
11495
11504
11511
11520
11528
11537
11544
11553
11560
11569
11576
11586
11593
11602
11609
11618
11625
11634
11641
11647
11654
11660
11668
11673
11681
11687
11694
11700
11708
11713
11721
11727
11734
11740
11748
11753
11761
11766
11774
11780
11787
11793
11801
11806
11814
11820
11827
11833
11841
11846
11854
11860
11867
11873
11880
11886
11894
11899
11907
11913
11920
11926
11934
11939
11947
11953
11960
11966
11974
11979
11987
11993
12000
12006
12013
12019
12027
12032
12040
12046
12053
12059
12067
12072
12080
12086
12093
12099
12107
12112
12120
12125
12133
12139
12146
12152
12160
12165
12173
12179
12186
12192
12200
12205
12213
12219
12226
12232
12239
12245
12253
12258
12266
12272
12279
12285
12293
12298
12306
12312
12319
12325
12333
12338
12346
12352
12359
12365
12372
12378
12386
12391
12399
12405
12412
12418
12426
12431
12439
12445
12452
12458
12466
12471
12479
12484
12492
12498
12505
12511
12519
12524
12532
12538
12545
12551
12559
12564
12572
12578
12585
12591
12598
12604
12612
12617
12625
12631
12639
12646
12655
12662
12670
12677
12686
12693
12702
12708
12717
12724
12733
12740
12748
12755
12764
12771
12779
12786
12795
12802
12811
12817
12826
12833
12842
12849
12857
12864
12873
12880
12888
12895
12904
12911
12920
12926
12935
12942
12951
12958
12966
12973
12982
12989
12997
13004
13013
13020
13029
13035
13044
13051
13060
13067
13075
13082
13091
13098
13107
13113
13122
13129
13138
13144
13153
13160
13169
13176
13184
13191
13200
13207
13216
13222
13231
13238
13247
13253
13262
13269
13278
13285
13293
13300
13309
13316
13325
13331
13340
13347
13356
13362
13371
13378
13387
13394
13402
13409
13418
13425
13434
13440
13449
13456
13465
13472
13480
13487
13496
13503
13511
13518
13527
13533
13538
13545
13550
13557
13562
13569
13573
13580
13585
13592
13597
13604
13609
13616
13620
13627
13632
13639
13644
13651
13656
13663
13667
13674
13679
13686
13691
13698
13703
13710
13714
13721
13726
13733
13738
13745
13750
13757
13761
13768
13773
13780
13785
13792
13797
13804
13808
13815
13820
13827
13832
13839
13844
13851
13855
13862
13867
13874
13879
13886
13891
13898
13902
13909
13914
13921
13926
13933
13938
13945
13949
13956
13961
13968
13973
13980
13985
13992
13996
14003
14008
14015
14020
14027
14032
14039
14043
14050
14055
14062
14067
14074
14079
14086
14090
14097
14102
14109
14114
14121
14126
14132
14137
14144
14149
14156
14161
14168
14173
14179
14184
14191
14196
14203
14208
14215
14220
14226
14231
14238
14243
14250
14255
14262
14267
14273
14281
14287
14295
14301
14309
14315
14323
14329
14337
14343
14351
14357
14365
14371
14379
14385
14393
14399
14407
14413
14421
14427
14435
14441
14449
14455
14463
14469
14477
14483
14491
14497
14505
14511
14519
14525
14533
14539
14547
14553
14561
14567
14575
14581
14589
14595
14603
14609
14617
14623
14631
14637
14645
14651
14659
14665
14673
14679
14687
14693
14701
14707
14715
14721
14729
14735
14743
14749
14757
14763
14771
14777
14785
14791
14799
14805
14813
14819
14827
14833
14841
14847
14855
14861
14869
14875
14883
14889
14897
14903
14911
14917
14925
14931
14939
14945
14953
14959
14967
14973
14981
14987
14995
15001
15009
15015
15023
15029
15037
15043
15051
15057
15065
15071
15079
15085
15093
15099
15107
15113
15121
15127
15135
15141
15149
15155
15163
15170
15176
15183
15189
15196
15202
15210
15215
15223
15228
15236
15242
15249
15255
15262
15268
15276
15281
15289
15294
15302
15308
15315
15321
15328
15334
15342
15347
15355
15360
15368
15374
15381
15387
15394
15400
15408
15413
15421
15426
15434
15440
15447
15453
15460
15466
15474
15479
15487
15492
15500
15506
15513
15519
15526
15532
15540
15545
15553
15558
15566
15572
15579
15585
15592
15598
15606
15611
15619
15624
15632
15637
15645
15651
15658
15664
15671
15677
15685
15690
15698
15703
15711
15717
15724
15730
15737
15743
15751
15756
15764
15769
15777
15783
15790
15796
15803
15809
15817
15822
15830
15835
15841
15846
15853
15858
15865
15869
15876
15881
15888
15893
15899
15904
15911
15916
15923
15927
15934
15939
15946
15951
15957
15962
15969
15974
15981
15986
15992
15997
16004
16009
16016
16020
16027
16032
16039
16044
16050
16055
16062
16067
16074
16078
16085
16090
16097
16102
16108
16113
16120
16125
16132
16137
16143
16148
16155
16160
16167
16171
16178
16183
16190
16195
16201
16206
16213
16218
16225
16229
16236
16241
16248
16253
16260
16264
16271
16276
16283
16288
16294
16299
16306
16311
16318
16322
16329
16334
16341
16346
16352
16357
16364
16369
16376
16380
16387
16392
16399
16404
16411
16415
16422
16427
16434
16439
16445
16450
16457
16462
16469
16473
16480
16485
16492
16497
16503
16508
16515
16520
16527
16531
16538
16543
16550
16555
16562
16566
16573
16578
16585
16590
16596
16601
16608
16613
16620
16624
16631
16636
16643
16648
16654
16659
16666
16671
16678
16684
16691
16696
16704
16709
16716
16721
16729
16734
16741
16747
16754
16759
16766
16772
16779
16784
16792
16797
16804
16810
16817
16822
16829
16835
16842
16847
16855
16860
16867
16872
16880
16885
16892
16898
16905
16910
16917
16923
16930
16935
16943
16948
16955
16961
16968
16973
16980
16986
16993
16998
17006
17011
17018
17023
17031
17036
17043
17049
17056
17061
17069
17074
17081
17086
17094
17099
17106
17112
17119
17124
17131
17137
17144
17149
17157
17162
17169
17174
17182
17187
17194
17200
17207
17212
17220
17225
17232
17237
17245
17250
17257
17263
17270
17275
17282
17288
17295
17300
17308
17313
17320
17326
17333
17338
17345
17351
17358
17363
17371
17376
17383
17388
17396
17401
17408
17414
17421
17426
17433
17439
17446
17451
17459
17464
17471
17477
17484
17489
17496
17502
17509
17514
17522
17527
17534
17539
17547
17552
17559
17568
17576
17585
17593
17603
17610
17620
17628
17637
17645
17655
17662
17672
17680
17689
17697
17706
17714
17724
17731
17741
17749
17758
17766
17776
17783
17793
17801
17810
17818
17828
17835
17845
17852
17862
17870
17879
17887
17897
17904
17914
17922
17931
17939
17949
17956
17966
17973
17983
17991
18000
18008
18018
18025
18035
18043
18052
18060
18070
18077
18087
18095
18104
18112
18121
18129
18139
18146
18156
18164
18173
18181
18191
18198
18208
18216
18225
18233
18242
18250
18260
18267
18277
18285
18294
18302
18312
18319
18329
18337
18346
18354
18364
18371
18381
18388
18398
18406
18415
18423
18433
18440
18450
18458
18467
18475
18485
18492
18502
18510
18519
18527
18536
18545
18552
18562
18569
18579
18586
18596
18603
18612
18620
18629
18637
18646
18654
18663
18671
18680
18687
18697
18704
18714
18721
18731
18738
18747
18755
18764
18772
18781
18789
18798
18806
18815
18822
18832
18839
18849
18856
18866
18873
18882
18890
18899
18907
18916
18924
18933
18941
18950
18957
18967
18974
18984
18991
19001
19008
19018
19025
19034
19042
19051
19059
19068
19076
19085
19092
19102
19109
19119
19126
19136
19143
19153
19160
19169
19177
19186
19194
19203
19211
19220
19227
19237
19244
19254
19261
19271
19278
19288
19295
19304
19312
19321
19329
19338
19346
19355
19363
19372
19379
19389
19396
19403
19408
19415
19420
19427
19432
19439
19444
19451
19456
19464
19469
19476
19481
19488
19493
19500
19505
19512
19517
19524
19530
19537
19542
19549
19554
19561
19566
19573
19578
19585
19591
19598
19603
19610
19615
19622
19627
19634
19639
19646
19651
19659
19664
19671
19676
19683
19688
19695
19700
19707
19712
19720
19725
19732
19737
19744
19749
19756
19761
19768
19773
19780
19786
19793
19798
19805
19810
19817
19822
19829
19834
19841
19846
19854
19859
19866
19871
19878
19883
19890
19895
19902
19907
19915
19920
19927
19932
19939
19944
19951
19956
19963
19968
19975
19981
19988
19993
20000
20005
20012
20017
20023
20028
20035
20039
20046
20051
20057
20062
20069
20073
20080
20085
20091
20096
20103
20107
20114
20119
20126
20130
20137
20142
20148
20153
20160
20164
20171
20176
20182
20187
20194
20198
20205
20210
20217
20221
20228
20233
20239
20244
20251
20255
20262
20267
20273
20278
20285
20289
20296
20301
20308
20312
20319
20324
20330
20335
20342
20346
20353
20358
20364
20369
20376
20380
20387
20392
20399
20403
20410
20415
20421
20426
20433
20437
20444
20449
20455
20460
20467
20471
20478
20483
20490
20494
20501
20506
20512
20517
20524
20528
20535
20540
20546
20551
20558
20562
20569
20574
20581
20586
20593
20598
20605
20610
20617
20622
20629
20634
20641
20646
20653
20658
20665
20670
20677
20682
20689
20694
20701
20706
20713
20718
20725
20730
20737
20742
20749
20754
20761
20766
20773
20778
20785
20790
20797
20802
20809
20814
20821
20827
20834
20839
20846
20851
20858
20863
20870
20875
20882
20887
20894
20899
20906
20911
20918
20923
20930
20935
20942
20947
20954
20959
20966
20971
20978
20983
20990
20995
21002
21007
21014
21019
21026
21031
21038
21043
21050
21055
21062
21067
21074
21080
21087
21092
21099
21104
21111
21116
21123
21128
21135
21140
21147
21152
21159
21164
21171
21176
21183
21188
21195
21200
21207
21212
21219
21224
21231
21236
21243
21248
21255
21260
21267
21272
21279
21284
21291
21296
21303
21308
21315
21320
21328
21333
21340
21345
21352
21357
21364
21373
21380
21389
21396
21405
21412
21421
21429
21438
21445
21454
21461
21470
21477
21487
21494
21503
21510
21519
21526
21535
21542
21552
21559
21568
21575
21584
21591
21600
21608
21617
21624
21633
21640
21649
21656
21666
21673
21682
21689
21698
21705
21714
21721
21731
21738
21747
21754
21763
21770
21779
21787
21796
21803
21812
21819
21828
21835
21844
21852
21861
21868
21877
21884
21893
21900
21910
21917
21926
21933
21942
21949
21958
21966
21975
21982
21991
21998
22007
22014
22023
22031
22040
22047
22056
22063
22072
22079
22089
22096
22105
22112
22121
22128
22137
22145
22154
22161
22170
22177
22186
22193
22202
22210
22219
22226
22235
22242
22251
22258
22268
22275
22284
22291
22300
22307
22316
22323
22329
22336
22342
22350
22355
22363
22369
22376
22382
22390
22395
22403
22409
22416
22422
22430
22435
22443
22448
22456
22462
22469
22475
22483
22488
22496
22502
22509
22515
22523
22528
22536
22542
22549
22555
22562
22568
22576
22581
22589
22595
22602
22608
22616
22621
22629
22635
22642
22648
22656
22661
22669
22675
22682
22688
22695
22701
22709
22714
22722
22728
22735
22741
22749
22754
22762
22768
22775
22781
22789
22794
22802
22807
22815
22821
22828
22834
22842
22847
22855
22861
22868
22874
22882
22887
22895
22901
22908
22914
22921
22927
22935
22940
22948
22954
22961
22967
22975
22980
22988
22994
23001
23007
23015
23020
23028
23034
23041
23047
23054
23060
23068
23073
23081
23087
23094
23100
23108
23113
23121
23127
23134
23140
23148
23153
23161
23166
23174
23180
23187
23193
23201
23206
23214
23220
23227
23233
23241
23246
23254
23260
23267
23273
23280
23286
23294
23299
23307
23313
23321
23328
23337
23344
23352
23359
23368
23375
23384
23390
23399
23406
23415
23422
23430
23437
23446
23453
23461
23468
23477
23484
23493
23499
23508
23515
23524
23531
23539
23546
23555
23562
23570
23577
23586
23593
23602
23608
23617
23624
23633
23640
23648
23655
23664
23671
23679
23686
23695
23702
23711
23717
23726
23733
23742
23749
23757
23764
23773
23780
23789
23795
23804
23811
23820
23826
23835
23842
23851
23858
23866
23873
23882
23889
23898
23904
23913
23920
23929
23935
23944
23951
23960
23967
23975
23982
23991
23998
24007
24013
24022
24029
24038
24044
24053
24060
24069
24076
24084
24091
24100
24107
24116
24122
24131
24138
24147
24154
24162
24169
24178
24185
24193
24200
24209
24215
24220
24227
24232
24239
24244
24251
24255
24262
24267
24274
24279
24286
24291
24298
24302
24309
24314
24321
24326
24333
24338
24345
24349
24356
24361
24368
24373
24380
24385
24392
24396
24403
24408
24415
24420
24427
24432
24439
24443
24450
24455
24462
24467
24474
24479
24486
24490
24497
24502
24509
24514
24521
24526
24533
24537
24544
24549
24556
24561
24568
24573
24580
24584
24591
24596
24603
24608
24615
24620
24627
24631
24638
24643
24650
24655
24662
24667
24674
24678
24685
24690
24697
24702
24709
24714
24721
24725
24732
24737
24744
24749
24756
24761
24768
24772
24779
24784
24791
24796
24803
24808
24814
24819
24826
24831
24838
24843
24850
24855
24861
24866
24873
24878
24885
24890
24897
24902
24908
24913
24920
24925
24932
24937
24944
24949
24955
24963
24969
24977
24983
24991
24997
25005
25011
25019
25025
25033
25039
25047
25053
25061
25067
25075
25081
25089
25095
25103
25109
25117
25123
25131
25137
25145
25151
25159
25165
25173
25179
25187
25193
25201
25207
25215
25221
25229
25235
25243
25249
25257
25263
25271
25277
25285
25291
25299
25305
25313
25319
25327
25333
25341
25347
25355
25361
25369
25375
25383
25389
25397
25403
25411
25417
25425
25431
25439
25445
25453
25459
25467
25473
25481
25487
25495
25501
25509
25515
25523
25529
25537
25543
25551
25557
25565
25571
25579
25585
25593
25599
25607
25613
25621
25627
25635
25641
25649
25655
25663
25669
25677
25683
25691
25697
25705
25711
25719
25725
25733
25739
25747
25753
25761
25767
25775
25781
25789
25795
25803
25809
25817
25823
25831
25837
25845
25852
25858
25865
25871
25878
25884
25892
25897
25905
25910
25918
25924
25931
25937
25944
25950
25958
25963
25971
25976
25984
25990
25997
26003
26010
26016
26024
26029
26037
26042
26050
26056
26063
26069
26076
26082
26090
26095
26103
26108
26116
26122
26129
26135
26142
26148
26156
26161
26169
26174
26182
26188
26195
26201
26208
26214
26222
26227
26235
26240
26248
26254
26261
26267
26274
26280
26288
26293
26301
26306
26314
26319
26327
26333
26340
26346
26353
26359
26367
26372
26380
26385
26393
26399
26406
26412
26419
26425
26433
26438
26446
26451
26459
26465
26472
26478
26485
26491
26499
26504
26512
26517
26523
26528
26535
26540
26547
26551
26558
26563
26570
26575
26581
26586
26593
26598
26605
26609
26616
26621
26628
26633
26639
26644
26651
26656
26663
26668
26674
26679
26686
26691
26698
26702
26709
26714
26721
26726
26732
26737
26744
26749
26756
26760
26767
26772
26779
26784
26790
26795
26802
26807
26814
26819
26825
26830
26837
26842
26849
26853
26860
26865
26872
26877
26883
26888
26895
26900
26907
26911
26918
26923
26930
26935
26942
26946
26953
26958
26965
26970
26976
26981
26988
26993
27000
27004
27011
27016
27023
27028
27034
27039
27046
27051
27058
27062
27069
27074
27081
27086
27093
27097
27104
27109
27116
27121
27127
27132
27139
27144
27151
27155
27162
27167
27174
27179
27185
27190
27197
27202
27209
27213
27220
27225
27232
27237
27244
27248
27255
27260
27267
27272
27278
27283
27290
27295
27302
27306
27313
27318
27325
27330
27336
27341
27348
27353
27360
27366
27373
27378
27386
27391
27398
27403
27411
27416
27423
27429
27436
27441
27448
27454
27461
27466
27474
27479
27486
27492
27499
27504
27511
27517
27524
27529
27537
27542
27549
27554
27562
27567
27574
27580
27587
27592
27599
27605
27612
27617
27625
27630
27637
27643
27650
27655
27662
27668
27675
27680
27688
27693
27700
27705
27713
27718
27725
27731
27738
27743
27751
27756
27763
27768
27776
27781
27788
27794
27801
27806
27813
27819
27826
27831
27839
27844
27851
27856
27864
27869
27876
27882
27889
27894
27902
27907
27914
27919
27927
27932
27939
27945
27952
27957
27964
27970
27977
27982
27990
27995
28002
28008
28015
28020
28027
28033
28040
28045
28053
28058
28065
28070
28078
28083
28090
28096
28103
28108
28115
28121
28128
28133
28141
28146
28153
28159
28166
28171
28178
28184
28191
28196
28204
28209
28216
28221
28229
28234
28241
28250
28258
28267
28275
28285
28292
28302
28310
28319
28327
28337
28344
28354
28362
28371
28379
28388
28396
28406
28413
28423
28431
28440
28448
28458
28465
28475
28483
28492
28500
28510
28517
28527
28534
28544
28552
28561
28569
28579
28586
28596
28604
28613
28621
28631
28638
28648
28655
28665
28673
28682
28690
28700
28707
28717
28725
28734
28742
28752
28759
28769
28777
28786
28794
28803
28811
28821
28828
28838
28846
28855
28863
28873
28880
28890
28898
28907
28915
28924
28932
28942
28949
28959
28967
28976
28984
28994
29001
29011
29019
29028
29036
29046
29053
29063
29070
29080
29088
29097
29105
29115
29122
29132
29140
29149
29157
29167
29174
29184
29192
29201
29209
29218
29227
29234
29244
29251
29261
29268
29278
29285
29294
29302
29311
29319
29328
29336
29345
29353
29362
29369
29379
29386
29396
29403
29413
29420
29429
29437
29446
29454
29463
29471
29480
29488
29497
29504
29514
29521
29531
29538
29548
29555
29564
29572
29581
29589
29598
29606
29615
29623
29632
29639
29649
29656
29666
29673
29683
29690
29700
29707
29716
29724
29733
29741
29750
29758
29767
29774
29784
29791
29801
29808
29818
29825
29835
29842
29851
29859
29868
29876
29885
29893
29902
29909
29919
29926
29936
29943
29953
29960
29970
29977
29986
29994
30003
30011
30020
30028
30037
30045
30054
30061
30071
30078
30085
30090
30097
30102
30109
30114
30121
30126
30133
30138
30146
30151
30158
30163
30170
30175
30182
30187
30194
30199
30206
30212
30219
30224
30231
30236
30243
30248
30255
30260
30267
30273
30280
30285
30292
30297
30304
30309
30316
30321
30328
30333
30341
30346
30353
30358
30365
30370
30377
30382
30389
30394
30402
30407
30414
30419
30426
30431
30438
30443
30450
30455
30462
30468
30475
30480
30487
30492
30499
30504
30511
30516
30523
30528
30536
30541
30548
30553
30560
30565
30572
30577
30584
30589
30597
30602
30609
30614
30621
30626
30633
30638
30645
30650
30657
30663
30670
30675
30682
30687
30694
30699
30705
30710
30717
30721
30728
30733
30739
30744
30751
30755
30762
30767
30773
30778
30785
30789
30796
30801
30808
30812
30819
30824
30830
30835
30842
30846
30853
30858
30864
30869
30876
30880
30887
30892
30899
30903
30910
30915
30921
30926
30933
30937
30944
30949
30955
30960
30967
30971
30978
30983
30990
30994
31001
31006
31012
31017
31024
31028
31035
31040
31046
31051
31058
31062
31069
31074
31081
31085
31092
31097
31103
31108
31115
31119
31126
31131
31137
31142
31149
31153
31160
31165
31172
31176
31183
31188
31194
31199
31206
31210
31217
31222
31228
31233
31240
31244
31251
31256
31263
31268
31275
31280
31287
31292
31299
31304
31311
31316
31323
31328
31335
31340
31347
31352
31359
31364
31371
31376
31383
31388
31395
31400
31407
31412
31419
31424
31431
31436
31443
31448
31455
31460
31467
31472
31479
31484
31491
31496
31503
31509
31516
31521
31528
31533
31540
31545
31552
31557
31564
31569
31576
31581
31588
31593
31600
31605
31612
31617
31624
31629
31636
31641
31648
31653
31660
31665
31672
31677
31684
31689
31696
31701
31708
31713
31720
31725
31732
31737
31744
31749
31756
31762
31769
31774
31781
31786
31793
31798
31805
31810
31817
31822
31829
31834
31841
31846
31853
31858
31865
31870
31877
31882
31889
31894
31901
31906
31913
31918
31925
31930
31937
31942
31949
31954
31961
31966
31973
31978
31985
31990
31997
32002
32010
32015
32022
32027
32034
32039
32046
32055
32062
32071
32078
32087
32094
32103
32111
32120
32127
32136
32143
32152
32159
32169
32176
32185
32192
32201
32208
32217
32224
32234
32241
32250
32257
32266
32273
32282
32290
32299
32306
32315
32322
32331
32338
32348
32355
32364
32371
32380
32387
32396
32403
32413
32420
32429
32436
32445
32452
32461
32469
32478
32485
32494
32501
32510
32517
32526
32534
32543
32550
32559
32566
32575
32582
32592
32599
32608
32615
32624
32631
32640
32648
32657
32664
32673
32680
32689
32696
32705
32713
32722
32729
32738
32745
32754
32761
32771
32778
32787
32794
32803
32810
32819
32827
32836
32843
32852
32859
32868
32875
32884
32892
32901
32908
32917
32924
32933
32940
32950
32957
32966
32973
32982
32989
32998
33005
33011
33018
33024
33032
33037
33045
33051
33058
33064
33072
33077
33085
33091
33098
33104
33112
33117
33125
33130
33138
33144
33151
33157
33165
33170
33178
33184
33191
33197
33205
33210
33218
33224
33231
33237
33244
33250
33258
33263
33271
33277
33284
33290
33298
33303
33311
33317
33324
33330
33338
33343
33351
33357
33364
33370
33377
33383
33391
33396
33404
33410
33417
33423
33431
33436
33444
33450
33457
33463
33471
33476
33484
33489
33497
33503
33510
33516
33524
33529
33537
33543
33550
33556
33564
33569
33577
33583
33590
33596
33603
33609
33617
33622
33630
33636
33643
33649
33657
33662
33670
33676
33683
33689
33697
33702
33710
33716
33723
33729
33736
33742
33750
33755
33763
33769
33776
33782
33790
33795
33803
33809
33816
33822
33830
33835
33843
33848
33856
33862
33869
33875
33883
33888
33896
33902
33909
33915
33923
33928
33936
33942
33949
33955
33962
33968
33976
33981
33989
33995
34003
34010
34019
34026
34034
34041
34050
34057
34066
34072
34081
34088
34097
34104
34112
34119
34128
34135
34143
34150
34159
34166
34175
34181
34190
34197
34206
34213
34221
34228
34237
34244
34252
34259
34268
34275
34284
34290
34299
34306
34315
34322
34330
34337
34346
34353
34361
34368
34377
34384
34393
34399
34408
34415
34424
34431
34439
34446
34455
34462
34471
34477
34486
34493
34502
34508
34517
34524
34533
34540
34548
34555
34564
34571
34580
34586
34595
34602
34611
34617
34626
34633
34642
34649
34657
34664
34673
34680
34689
34695
34704
34711
34720
34726
34735
34742
34751
34758
34766
34773
34782
34789
34798
34804
34813
34820
34829
34836
34844
34851
34860
34867
34875
34882
34891
34897
34902
34909
34914
34921
34926
34933
34937
34944
34949
34956
34961
34968
34973
34980
34984
34991
34996
35003
35008
35015
35020
35027
35031
35038
35043
35050
35055
35062
35067
35074
35078
35085
35090
35097
35102
35109
35114
35121
35125
35132
35137
35144
35149
35156
35161
35168
35172
35179
35184
35191
35196
35203
35208
35215
35219
35226
35231
35238
35243
35250
35255
35262
35266
35273
35278
35285
35290
35297
35302
35309
35313
35320
35325
35332
35337
35344
35349
35356
35360
35367
35372
35379
35384
35391
35396
35403
35407
35414
35419
35426
35431
35438
35443
35450
35454
35461
35466
35473
35478
35485
35490
35496
35501
35508
35513
35520
35525
35532
35537
35543
35548
35555
35560
35567
35572
35579
35584
35590
35595
35602
35607
35614
35619
35626
35631
35637
35645
35651
35659
35665
35673
35679
35687
35693
35701
35707
35715
35721
35729
35735
35743
35749
35757
35763
35771
35777
35785
35791
35799
35805
35813
35819
35827
35833
35841
35847
35855
35861
35869
35875
35883
35889
35897
35903
35911
35917
35925
35931
35939
35945
35953
35959
35967
35973
35981
35987
35995
36001
36009
36015
36023
36029
36037
36043
36051
36057
36065
36071
36079
36085
36093
36099
36107
36113
36121
36127
36135
36141
36149
36155
36163
36169
36177
36183
36191
36197
36205
36211
36219
36225
36233
36239
36247
36253
36261
36267
36275
36281
36289
36295
36303
36309
36317
36323
36331
36337
36345
36351
36359
36365
36373
36379
36387
36393
36401
36407
36415
36421
36429
36435
36443
36449
36457
36463
36471
36477
36485
36491
36499
36505
36513
36519
36527
36534
36540
36547
36553
36560
36566
36574
36579
36587
36592
36600
36606
36613
36619
36626
36632
36640
36645
36653
36658
36666
36672
36679
36685
36692
36698
36706
36711
36719
36724
36732
36738
36745
36751
36758
36764
36772
36777
36785
36790
36798
36804
36811
36817
36824
36830
36838
36843
36851
36856
36864
36870
36877
36883
36890
36896
36904
36909
36917
36922
36930
36936
36943
36949
36956
36962
36970
36975
36983
36988
36996
37001
37009
37015
37022
37028
37035
37041
37049
37054
37062
37067
37075
37081
37088
37094
37101
37107
37115
37120
37128
37133
37141
37147
37154
37160
37167
37173
37181
37186
37194
37199
37205
37210
37217
37222
37229
37233
37240
37245
37252
37257
37263
37268
37275
37280
37287
37291
37298
37303
37310
37315
37321
37326
37333
37338
37345
37350
37356
37361
37368
37373
37380
37384
37391
37396
37403
37408
37414
37419
37426
37431
37438
37442
37449
37454
37461
37466
37472
37477
37484
37489
37496
37501
37507
37512
37519
37524
37531
37535
37542
37547
37554
37559
37565
37570
37577
37582
37589
37593
37600
37605
37612
37617
37624
37628
37635
37640
37647
37652
37658
37663
37670
37675
37682
37686
37693
37698
37705
37710
37716
37721
37728
37733
37740
37744
37751
37756
37763
37768
37775
37779
37786
37791
37798
37803
37809
37814
37821
37826
37833
37837
37844
37849
37856
37861
37867
37872
37879
37884
37891
37895
37902
37907
37914
37919
37926
37930
37937
37942
37949
37954
37960
37965
37972
37977
37984
37988
37995
38000
38007
38012
38018
38023
38030
38035
38042
38048
38055
38060
38068
38073
38080
38085
38093
38098
38105
38111
38118
38123
38130
38136
38143
38148
38156
38161
38168
38174
38181
38186
38193
38199
38206
38211
38219
38224
38231
38236
38244
38249
38256
38262
38269
38274
38281
38287
38294
38299
38307
38312
38319
38325
38332
38337
38344
38350
38357
38362
38370
38375
38382
38387
38395
38400
38407
38413
38420
38425
38433
38438
38445
38450
38458
38463
38470
38476
38483
38488
38495
38501
38508
38513
38521
38526
38533
38538
38546
38551
38558
38564
38571
38576
38584
38589
38596
38601
38609
38614
38621
38627
38634
38639
38646
38652
38659
38664
38672
38677
38684
38690
38697
38702
38709
38715
38722
38727
38735
38740
38747
38752
38760
38765
38772
38778
38785
38790
38797
38803
38810
38815
38823
38828
38835
38841
38848
38853
38860
38866
38873
38878
38886
38891
38898
38903
38911
38916
38923
38932
38940
38949
38957
38967
38974
38984
38992
39001
39009
39019
39026
39036
39044
39053
39061
39070
39078
39088
39095
39105
39113
39122
39130
39140
39147
39157
39165
39174
39182
39192
39199
39209
39216
39226
39234
39243
39251
39261
39268
39278
39286
39295
39303
39313
39320
39330
39337
39347
39355
39364
39372
39382
39389
39399
39407
39416
39424
39434
39441
39451
39459
39468
39476
39485
39493
39503
39510
39520
39528
39537
39545
39555
39562
39572
39580
39589
39597
39606
39614
39624
39631
39641
39649
39658
39666
39676
39683
39693
39701
39710
39718
39728
39735
39745
39752
39762
39770
39779
39787
39797
39804
39814
39822
39831
39839
39849
39856
39866
39874
39883
39891
39900
39909
39916
39926
39933
39943
39950
39960
39967
39976
39984
39993
40001
40010
40018
40027
40035
40044
40051
40061
40068
40078
40085
40095
40102
40111
40119
40128
40136
40145
40153
40162
40170
40179
40186
40196
40203
40213
40220
40230
40237
40246
40254
40263
40271
40280
40288
40297
40305
40314
40321
40331
40338
40348
40355
40365
40372
40382
40389
40398
40406
40415
40423
40432
40440
40449
40456
40466
40473
40483
40490
40500
40507
40517
40524
40533
40541
40550
40558
40567
40575
40584
40591
40601
40608
40618
40625
40635
40642
40652
40659
40668
40676
40685
40693
40702
40710
40719
40727
40736
40743
40753
40760
40767
40772
40779
40784
40791
40796
40803
40808
40815
40820
40828
40833
40840
40845
40852
40857
40864
40869
40876
40881
40888
40894
40901
40906
40913
40918
40925
40930
40937
40942
40949
40955
40962
40967
40974
40979
40986
40991
40998
41003
41010
41015
41023
41028
41035
41040
41047
41052
41059
41064
41071
41076
41084
41089
41096
41101
41108
41113
41120
41125
41132
41137
41144
41150
41157
41162
41169
41174
41181
41186
41193
41198
41205
41210
41218
41223
41230
41235
41242
41247
41254
41259
41266
41271
41279
41284
41291
41296
41303
41308
41315
41320
41327
41332
41339
41345
41352
41357
41364
41369
41376
41381
41387
41392
41399
41403
41410
41415
41421
41426
41433
41437
41444
41449
41455
41460
41467
41471
41478
41483
41490
41494
41501
41506
41512
41517
41524
41528
41535
41540
41546
41551
41558
41562
41569
41574
41581
41585
41592
41597
41603
41608
41615
41619
41626
41631
41637
41642
41649
41653
41660
41665
41672
41676
41683
41688
41694
41699
41706
41710
41717
41722
41728
41733
41740
41744
41751
41756
41763
41767
41774
41779
41785
41790
41797
41801
41808
41813
41819
41824
41831
41835
41842
41847
41854
41858
41865
41870
41876
41881
41888
41892
41899
41904
41910
41915
41922
41926
41933
41938
41945
41950
41957
41962
41969
41974
41981
41986
41993
41998
42005
42010
42017
42022
42029
42034
42041
42046
42053
42058
42065
42070
42077
42082
42089
42094
42101
42106
42113
42118
42125
42130
42137
42142
42149
42154
42161
42166
42173
42178
42185
42191
42198
42203
42210
42215
42222
42227
42234
42239
42246
42251
42258
42263
42270
42275
42282
42287
42294
42299
42306
42311
42318
42323
42330
42335
42342
42347
42354
42359
42366
42371
42378
42383
42390
42395
42402
42407
42414
42419
42426
42431
42438
42444
42451
42456
42463
42468
42475
42480
42487
42492
42499
42504
42511
42516
42523
42528
42535
42540
42547
42552
42559
42564
42571
42576
42583
42588
42595
42600
42607
42612
42619
42624
42631
42636
42643
42648
42655
42660
42667
42672
42679
42684
42692
42697
42704
42709
42716
42721
42728
42737
42744
42753
42760
42769
42776
42785
42793
42802
42809
42818
42825
42834
42841
42851
42858
42867
42874
42883
42890
42899
42906
42916
42923
42932
42939
42948
42955
42964
42972
42981
42988
42997
43004
43013
43020
43030
43037
43046
43053
43062
43069
43078
43085
43095
43102
43111
43118
43127
43134
43143
43151
43160
43167
43176
43183
43192
43199
43208
43216
43225
43232
43241
43248
43257
43264
43274
43281
43290
43297
43306
43313
43322
43330
43339
43346
43355
43362
43371
43378
43387
43395
43404
43411
43420
43427
43436
43443
43453
43460
43469
43476
43485
43492
43501
43509
43518
43525
43534
43541
43550
43557
43566
43574
43583
43590
43599
43606
43615
43622
43632
43639
43648
43655
43664
43671
43680
43687
43693
43700
43706
43714
43719
43727
43733
43740
43746
43754
43759
43767
43773
43780
43786
43794
43799
43807
43812
43820
43826
43833
43839
43847
43852
43860
43866
43873
43879
43887
43892
43900
43906
43913
43919
43926
43932
43940
43945
43953
43959
43966
43972
43980
43985
43993
43999
44006
44012
44020
44025
44033
44039
44046
44052
44059
44065
44073
44078
44086
44092
44099
44105
44113
44118
44126
44132
44139
44145
44153
44158
44166
44171
44179
44185
44192
44198
44206
44211
44219
44225
44232
44238
44246
44251
44259
44265
44272
44278
44285
44291
44299
44304
44312
44318
44325
44331
44339
44344
44352
44358
44365
44371
44379
44384
44392
44398
44405
44411
44418
44424
44432
44437
44445
44451
44458
44464
44472
44477
44485
44491
44498
44504
44512
44517
44525
44530
44538
44544
44551
44557
44565
44570
44578
44584
44591
44597
44605
44610
44618
44624
44631
44637
44644
44650
44658
44663
44671
44677
44685
44692
44701
44708
44716
44723
44732
44739
44748
44754
44763
44770
44779
44786
44794
44801
44810
44817
44825
44832
44841
44848
44857
44863
44872
44879
44888
44895
44903
44910
44919
44926
44934
44941
44950
44957
44966
44972
44981
44988
44997
45004
45012
45019
45028
45035
45043
45050
45059
45066
45075
45081
45090
45097
45106
45113
45121
45128
45137
45144
45153
45159
45168
45175
45184
45190
45199
45206
45215
45222
45230
45237
45246
45253
45262
45268
45277
45284
45293
45299
45308
45315
45324
45331
45339
45346
45355
45362
45371
45377
45386
45393
45402
45408
45417
45424
45433
45440
45448
45455
45464
45471
45480
45486
45495
45502
45511
45518
45526
45533
45542
45549
45557
45564
45573
45579
45584
45591
45596
45603
45608
45615
45619
45626
45631
45638
45643
45650
45655
45662
45666
45673
45678
45685
45690
45697
45702
45709
45713
45720
45725
45732
45737
45744
45749
45756
45760
45767
45772
45779
45784
45791
45796
45803
45807
45814
45819
45826
45831
45838
45843
45850
45854
45861
45866
45873
45878
45885
45890
45897
45901
45908
45913
45920
45925
45932
45937
45944
45948
45955
45960
45967
45972
45979
45984
45991
45995
46002
46007
46014
46019
46026
46031
46038
46042
46049
46054
46061
46066
46073
46078
46085
46089
46096
46101
46108
46113
46120
46125
46132
46136
46143
46148
46155
46160
46167
46172
46178
46183
46190
46195
46202
46207
46214
46219
46225
46230
46237
46242
46249
46254
46261
46266
46272
46277
46284
46289
46296
46301
46308
46313
46319
46327
46333
46341
46347
46355
46361
46369
46375
46383
46389
46397
46403
46411
46417
46425
46431
46439
46445
46453
46459
46467
46473
46481
46487
46495
46501
46509
46515
46523
46529
46537
46543
46551
46557
46565
46571
46579
46585
46593
46599
46607
46613
46621
46627
46635
46641
46649
46655
46663
46669
46677
46683
46691
46697
46705
46711
46719
46725
46733
46739
46747
46753
46761
46767
46775
46781
46789
46795
46803
46809
46817
46823
46831
46837
46845
46851
46859
46865
46873
46879
46887
46893
46901
46907
46915
46921
46929
46935
46943
46949
46957
46963
46971
46977
46985
46991
46999
47005
47013
47019
47027
47033
47041
47047
47055
47061
47069
47075
47083
47089
47097
47103
47111
47117
47125
47131
47139
47145
47153
47159
47167
47173
47181
47187
47195
47201
47209
47216
47222
47229
47235
47242
47248
47256
47261
47269
47274
47282
47288
47295
47301
47308
47314
47322
47327
47335
47340
47348
47354
47361
47367
47374
47380
47388
47393
47401
47406
47414
47420
47427
47433
47440
47446
47454
47459
47467
47472
47480
47486
47493
47499
47506
47512
47520
47525
47533
47538
47546
47552
47559
47565
47572
47578
47586
47591
47599
47604
47612
47618
47625
47631
47638
47644
47652
47657
47665
47670
47678
47683
47691
47697
47704
47710
47717
47723
47731
47736
47744
47749
47757
47763
47770
47776
47783
47789
47797
47802
47810
47815
47823
47829
47836
47842
47849
47855
47863
47868
47876
47881
47887
47892
47899
47904
47911
47915
47922
47927
47934
47939
47945
47950
47957
47962
47969
47973
47980
47985
47992
47997
48003
48008
48015
48020
48027
48032
48038
48043
48050
48055
48062
48066
48073
48078
48085
48090
48096
48101
48108
48113
48120
48124
48131
48136
48143
48148
48154
48159
48166
48171
48178
48183
48189
48194
48201
48206
48213
48217
48224
48229
48236
48241
48247
48252
48259
48264
48271
48275
48282
48287
48294
48299
48306
48310
48317
48322
48329
48334
48340
48345
48352
48357
48364
48368
48375
48380
48387
48392
48398
48403
48410
48415
48422
48426
48433
48438
48445
48450
48457
48461
48468
48473
48480
48485
48491
48496
48503
48508
48515
48519
48526
48531
48538
48543
48549
48554
48561
48566
48573
48577
48584
48589
48596
48601
48608
48612
48619
48624
48631
48636
48642
48647
48654
48659
48666
48670
48677
48682
48689
48694
48700
48705
48712
48717
48724
48730
48737
48742
48750
48755
48762
48767
48775
48780
48787
48793
48800
48805
48812
48818
48825
48830
48838
48843
48850
48856
48863
48868
48875
48881
48888
48893
48901
48906
48913
48918
48926
48931
48938
48944
48951
48956
48963
48969
48976
48981
48989
48994
49001
49007
49014
49019
49026
49032
49039
49044
49052
49057
49064
49069
49077
49082
49089
49095
49102
49107
49115
49120
49127
49132
49140
49145
49152
49158
49165
49170
49177
49183
49190
49195
49203
49208
49215
49220
49228
49233
49240
49246
49253
49258
49266
49271
49278
49283
49291
49296
49303
49309
49316
49321
49328
49334
49341
49346
49354
49359
49366
49372
49379
49384
49391
49397
49404
49409
49417
49422
49429
49434
49442
49447
49454
49460
49467
49472
49479
49485
49492
49497
49505
49510
49517
49523
49530
49535
49542
49548
49555
49560
49568
49573
49580
49585
49593
49598
49605
49614
49622
49631
49639
49649
49656
49666
49674
49683
49691
49701
49708
49718
49726
49735
49743
49752
49760
49770
49777
49787
49795
49804
49812
49822
49829
49839
49847
49856
49864
49874
49881
49891
49898
49908
49916
49925
49933
49943
49950
49960
49968
49977
49985
49995
50002
50012
50019
50029
50037
50046
50054
50064
50071
50081
50089
50098
50106
50116
50123
50133
50141
50150
50158
50167
50175
50185
50192
50202
50210
50219
50227
50237
50244
50254
50262
50271
50279
50288
50296
50306
50313
50323
50331
50340
50348
50358
50365
50375
50383
50392
50400
50410
50417
50427
50434
50444
50452
50461
50469
50479
50486
50496
50504
50513
50521
50531
50538
50548
50556
50565
50573
50582
50591
50598
50608
50615
50625
50632
50642
50649
50658
50666
50675
50683
50692
50700
50709
50717
50726
50733
50743
50750
50760
50767
50777
50784
50793
50801
50810
50818
50827
50835
50844
50852
50861
50868
50878
50885
50895
50902
50912
50919
50928
50936
50945
50953
50962
50970
50979
50987
50996
51003
51013
51020
51030
51037
51047
51054
51064
51071
51080
51088
51097
51105
51114
51122
51131
51138
51148
51155
51165
51172
51182
51189
51199
51206
51215
51223
51232
51240
51249
51257
51266
51273
51283
51290
51300
51307
51317
51324
51334
51341
51350
51358
51367
51375
51384
51392
51401
51409
51418
51425
51435
51442
51449
51454
51461
51466
51473
51478
51485
51490
51497
51502
51510
51515
51522
51527
51534
51539
51546
51551
51558
51563
51570
51576
51583
51588
51595
51600
51607
51612
51619
51624
51631
51637
51644
51649
51656
51661
51668
51673
51680
51685
51692
51697
51705
51710
51717
51722
51729
51734
51741
51746
51753
51758
51766
51771
51778
51783
51790
51795
51802
51807
51814
51819
51826
51832
51839
51844
51851
51856
51863
51868
51875
51880
51887
51892
51900
51905
51912
51917
51924
51929
51936
51941
51948
51953
51961
51966
51973
51978
51985
51990
51997
52002
52009
52014
52021
52027
52034
52039
52046
52051
52058
52063
52069
52074
52081
52085
52092
52097
52103
52108
52115
52119
52126
52131
52137
52142
52149
52153
52160
52165
52172
52176
52183
52188
52194
52199
52206
52210
52217
52222
52228
52233
52240
52244
52251
52256
52263
52267
52274
52279
52285
52290
52297
52301
52308
52313
52319
52324
52331
52335
52342
52347
52354
52358
52365
52370
52376
52381
52388
52392
52399
52404
52410
52415
52422
52426
52433
52438
52445
52449
52456
52461
52467
52472
52479
52483
52490
52495
52501
52506
52513
52517
52524
52529
52536
52540
52547
52552
52558
52563
52570
52574
52581
52586
52592
52597
52604
52608
52615
52620
52627
52632
52639
52644
52651
52656
52663
52668
52675
52680
52687
52692
52699
52704
52711
52716
52723
52728
52735
52740
52747
52752
52759
52764
52771
52776
52783
52788
52795
52800
52807
52812
52819
52824
52831
52836
52843
52848
52855
52860
52867
52873
52880
52885
52892
52897
52904
52909
52916
52921
52928
52933
52940
52945
52952
52957
52964
52969
52976
52981
52988
52993
53000
53005
53012
53017
53024
53029
53036
53041
53048
53053
53060
53065
53072
53077
53084
53089
53096
53101
53108
53113
53120
53126
53133
53138
53145
53150
53157
53162
53169
53174
53181
53186
53193
53198
53205
53210
53217
53222
53229
53234
53241
53246
53253
53258
53265
53270
53277
53282
53289
53294
53301
53306
53313
53318
53325
53330
53337
53342
53349
53354
53361
53366
53374
53379
53386
53391
53398
53403
53410
53419
53426
53435
53442
53451
53458
53467
53475
53484
53491
53500
53507
53516
53523
53533
53540
53549
53556
53565
53572
53581
53588
53598
53605
53614
53621
53630
53637
53646
53654
53663
53670
53679
53686
53695
53702
53712
53719
53728
53735
53744
53751
53760
53767
53777
53784
53793
53800
53809
53816
53825
53833
53842
53849
53858
53865
53874
53881
53890
53898
53907
53914
53923
53930
53939
53946
53956
53963
53972
53979
53988
53995
54004
54012
54021
54028
54037
54044
54053
54060
54069
54077
54086
54093
54102
54109
54118
54125
54135
54142
54151
54158
54167
54174
54183
54191
54200
54207
54216
54223
54232
54239
54248
54256
54265
54272
54281
54288
54297
54304
54314
54321
54330
54337
54346
54353
54362
54369
54375
54382
54388
54396
54401
54409
54415
54422
54428
54436
54441
54449
54455
54462
54468
54476
54481
54489
54494
54502
54508
54515
54521
54529
54534
54542
54548
54555
54561
54569
54574
54582
54588
54595
54601
54608
54614
54622
54627
54635
54641
54648
54654
54662
54667
54675
54681
54688
54694
54702
54707
54715
54721
54728
54734
54741
54747
54755
54760
54768
54774
54781
54787
54795
54800
54808
54814
54821
54827
54835
54840
54848
54853
54861
54867
54874
54880
54888
54893
54901
54907
54914
54920
54928
54933
54941
54947
54954
54960
54967
54973
54981
54986
54994
55000
55007
55013
55021
55026
55034
55040
55047
55053
55061
55066
55074
55080
55087
55093
55100
55106
55114
55119
55127
55133
55140
55146
55154
55159
55167
55173
55180
55186
55194
55199
55207
55212
55220
55226
55233
55239
55247
55252
55260
55266
55273
55279
55287
55292
55300
55306
55313
55319
55326
55332
55340
55345
55353
55359
55367
55374
55383
55390
55398
55405
55414
55421
55430
55436
55445
55452
55461
55468
55476
55483
55492
55499
55507
55514
55523
55530
55539
55545
55554
55561
55570
55577
55585
55592
55601
55608
55616
55623
55632
55639
55648
55654
55663
55670
55679
55686
55694
55701
55710
55717
55725
55732
55741
55748
55757
55763
55772
55779
55788
55795
55803
55810
55819
55826
55835
55841
55850
55857
55866
55872
55881
55888
55897
55904
55912
55919
55928
55935
55944
55950
55959
55966
55975
55981
55990
55997
56006
56013
56021
56028
56037
56044
56053
56059
56068
56075
56084
56090
56099
56106
56115
56122
56130
56137
56146
56153
56162
56168
56177
56184
56193
56200
56208
56215
56224
56231
56239
56246
56255
56261
56266
56273
56278
56285
56290
56297
56301
56308
56313
56320
56325
56332
56337
56344
56348
56355
56360
56367
56372
56379
56384
56391
56395
56402
56407
56414
56419
56426
56431
56438
56442
56449
56454
56461
56466
56473
56478
56485
56489
56496
56501
56508
56513
56520
56525
56532
56536
56543
56548
56555
56560
56567
56572
56579
56583
56590
56595
56602
56607
56614
56619
56626
56630
56637
56642
56649
56654
56661
56666
56673
56677
56684
56689
56696
56701
56708
56713
56720
56724
56731
56736
56743
56748
56755
56760
56767
56771
56778
56783
56790
56795
56802
56807
56814
56818
56825
56830
56837
56842
56849
56854
56860
56865
56872
56877
56884
56889
56896
56901
56907
56912
56919
56924
56931
56936
56943
56948
56954
56959
56966
56971
56978
56983
56990
56995
57001
57009
57015
57023
57029
57037
57043
57051
57057
57065
57071
57079
57085
57093
57099
57107
57113
57121
57127
57135
57141
57149
57155
57163
57169
57177
57183
57191
57197
57205
57211
57219
57225
57233
57239
57247
57253
57261
57267
57275
57281
57289
57295
57303
57309
57317
57323
57331
57337
57345
57351
57359
57365
57373
57379
57387
57393
57401
57407
57415
57421
57429
57435
57443
57449
57457
57463
57471
57477
57485
57491
57499
57505
57513
57519
57527
57533
57541
57547
57555
57561
57569
57575
57583
57589
57597
57603
57611
57617
57625
57631
57639
57645
57653
57659
57667
57673
57681
57687
57695
57701
57709
57715
57723
57729
57737
57743
57751
57757
57765
57771
57779
57785
57793
57799
57807
57813
57821
57827
57835
57841
57849
57855
57863
57869
57877
57883
57891
57898
57904
57911
57917
57924
57930
57938
57943
57951
57956
57964
57970
57977
57983
57990
57996
58004
58009
58017
58022
58030
58036
58043
58049
58056
58062
58070
58075
58083
58088
58096
58102
58109
58115
58122
58128
58136
58141
58149
58154
58162
58168
58175
58181
58188
58194
58202
58207
58215
58220
58228
58234
58241
58247
58254
58260
58268
58273
58281
58286
58294
58300
58307
58313
58320
58326
58334
58339
58347
58352
58360
58365
58373
58379
58386
58392
58399
58405
58413
58418
58426
58431
58439
58445
58452
58458
58465
58471
58479
58484
58492
58497
58505
58511
58518
58524
58531
58537
58545
58550
58558
58563
58569
58574
58581
58586
58593
58597
58604
58609
58616
58621
58627
58632
58639
58644
58651
58655
58662
58667
58674
58679
58685
58690
58697
58702
58709
58714
58720
58725
58732
58737
58744
58748
58755
58760
58767
58772
58778
58783
58790
58795
58802
58806
58813
58818
58825
58830
58836
58841
58848
58853
58860
58865
58871
58876
58883
58888
58895
58899
58906
58911
58918
58923
58929
58934
58941
58946
58953
58957
58964
58969
58976
58981
58988
58992
58999
59004
59011
59016
59022
59027
59034
59039
59046
59050
59057
59062
59069
59074
59080
59085
59092
59097
59104
59108
59115
59120
59127
59132
59139
59143
59150
59155
59162
59167
59173
59178
59185
59190
59197
59201
59208
59213
59220
59225
59231
59236
59243
59248
59255
59259
59266
59271
59278
59283
59290
59294
59301
59306
59313
59318
59324
59329
59336
59341
59348
59352
59359
59364
59371
59376
59382
59387
59394
59399
59406
59412
59419
59424
59432
59437
59444
59449
59457
59462
59469
59475
59482
59487
59494
59500
59507
59512
59520
59525
59532
59538
59545
59550
59557
59563
59570
59575
59583
59588
59595
59600
59608
59613
59620
59626
59633
59638
59645
59651
59658
59663
59671
59676
59683
59689
59696
59701
59708
59714
59721
59726
59734
59739
59746
59751
59759
59764
59771
59777
59784
59789
59797
59802
59809
59814
59822
59827
59834
59840
59847
59852
59859
59865
59872
59877
59885
59890
59897
59902
59910
59915
59922
59928
59935
59940
59948
59953
59960
59965
59973
59978
59985
59991
59998
60003
60010
60016
60023
60028
60036
60041
60048
60054
60061
60066
60073
60079
60086
60091
60099
60104
60111
60116
60124
60129
60136
60142
60149
60154
60161
60167
60174
60179
60187
60192
60199
60205
60212
60217
60224
60230
60237
60242
60250
60255
60262
60267
60275
60280
60287
60296
60304
60313
60321
60331
60338
60348
60356
60365
60373
60383
60390
60400
60408
60417
60425
60434
60442
60452
60459
60469
60477
60486
60494
60504
60511
60521
60529
60538
60546
60556
60563
60573
60580
60590
60598
60607
60615
60625
60632
60642
60650
60659
60667
60677
60684
60694
60701
60711
60719
60728
60736
60746
60753
60763
60771
60780
60788
60798
60805
60815
60823
60832
60840
60849
60857
60867
60874
60884
60892
60901
60909
60919
60926
60936
60944
60953
60961
60970
60978
60988
60995
61005
61013
61022
61030
61040
61047
61057
61065
61074
61082
61092
61099
61109
61116
61126
61134
61143
61151
61161
61168
61178
61186
61195
61203
61213
61220
61230
61238
61247
61255
61264
61273
61280
61290
61297
61307
61314
61324
61331
61340
61348
61357
61365
61374
61382
61391
61399
61408
61415
61425
61432
61442
61449
61459
61466
61475
61483
61492
61500
61509
61517
61526
61534
61543
61550
61560
61567
61577
61584
61594
61601
61610
61618
61627
61635
61644
61652
61661
61669
61678
61685
61695
61702
61712
61719
61729
61736
61746
61753
61762
61770
61779
61787
61796
61804
61813
61820
61830
61837
61847
61854
61864
61871
61881
61888
61897
61905
61914
61922
61931
61939
61948
61955
61965
61972
61982
61989
61999
62006
62016
62023
62032
62040
62049
62057
62066
62074
62083
62091
62100
62107
62117
62124
62131
62136
62143
62148
62155
62160
62167
62172
62179
62184
62192
62197
62204
62209
62216
62221
62228
62233
62240
62245
62252
62258
62265
62270
62277
62282
62289
62294
62301
62306
62313
62319
62326
62331
62338
62343
62350
62355
62362
62367
62374
62379
62387
62392
62399
62404
62411
62416
62423
62428
62435
62440
62448
62453
62460
62465
62472
62477
62484
62489
62496
62501
62508
62514
62521
62526
62533
62538
62545
62550
62557
62562
62569
62574
62582
62587
62594
62599
62606
62611
62618
62623
62630
62635
62643
62648
62655
62660
62667
62672
62679
62684
62691
62696
62703
62709
62716
62721
62728
62733
62740
62745
62751
62756
62763
62767
62774
62779
62785
62790
62797
62801
62808
62813
62819
62824
62831
62835
62842
62847
62854
62858
62865
62870
62876
62881
62888
62892
62899
62904
62910
62915
62922
62926
62933
62938
62945
62949
62956
62961
62967
62972
62979
62983
62990
62995
63001
63006
63013
63017
63024
63029
63036
63040
63047
63052
63058
63063
63070
63074
63081
63086
63092
63097
63104
63108
63115
63120
63127
63131
63138
63143
63149
63154
63161
63165
63172
63177
63183
63188
63195
63199
63206
63211
63218
63222
63229
63234
63240
63245
63252
63256
63263
63268
63274
63279
63286
63290
63297
63302
63309
63314
63321
63326
63333
63338
63345
63350
63357
63362
63369
63374
63381
63386
63393
63398
63405
63410
63417
63422
63429
63434
63441
63446
63453
63458
63465
63470
63477
63482
63489
63494
63501
63506
63513
63518
63525
63530
63537
63542
63549
63555
63562
63567
63574
63579
63586
63591
63598
63603
63610
63615
63622
63627
63634
63639
63646
63651
63658
63663
63670
63675
63682
63687
63694
63699
63706
63711
63718
63723
63730
63735
63742
63747
63754
63759
63766
63771
63778
63783
63790
63795
63802
63808
63815
63820
63827
63832
63839
63844
63851
63856
63863
63868
63875
63880
63887
63892
63899
63904
63911
63916
63923
63928
63935
63940
63947
63952
63959
63964
63971
63976
63983
63988
63995
64000
64007
64012
64019
64024
64031
64036
64043
64048
64056
64061
64068
64073
64080
64085
64092
64101
64108
64117
64124
64133
64140
64149
64157
64166
64173
64182
64189
64198
64205
64215
64222
64231
64238
64247
64254
64263
64270
64280
64287
64296
64303
64312
64319
64328
64336
64345
64352
64361
64368
64377
64384
64394
64401
64410
64417
64426
64433
64442
64449
64459
64466
64475
64482
64491
64498
64507
64515
64524
64531
64540
64547
64556
64563
64572
64580
64589
64596
64605
64612
64621
64628
64638
64645
64654
64661
64670
64677
64686
64694
64703
64710
64719
64726
64735
64742
64751
64759
64768
64775
64784
64791
64800
64807
64817
64824
64833
64840
64849
64856
64865
64873
64882
64889
64898
64905
64914
64921
64930
64938
64947
64954
64963
64970
64979
64986
64996
65003
65012
65019
65028
65035
65044
65051
65057
65064
65070
65078
65083
65091
65097
65104
65110
65118
65123
65131
65137
65144
65150
65158
65163
65171
65176
65184
65190
65197
65203
65211
65216
65224
65230
65237
65243
65251
65256
65264
65270
65277
65283
65290
65296
65304
65309
65317
65323
65330
65336
65344
65349
65357
65363
65370
65376
65384
65389
65397
65403
65410
65416
65423
65429
65437
65442
65450
65456
65463
65469
65477
65482
65490
65496
65503
65509
65517
65522
65530
65535
65543
65549
65556
65562
65570
65575
65583
65589
65596
65602
65610
65615
65623
65629
65636
65642
65649
65655
65663
65668
65676
65682
65689
65695
65703
65708
65716
65722
65729
65735
65743
65748
65756
65762
65769
65775
65782
65788
65796
65801
65809
65815
65822
65828
65836
65841
65849
65855
65862
65868
65876
65881
65889
65894
65902
65908
65915
65921
65929
65934
65942
65948
65955
65961
65969
65974
65982
65988
65995
66001
66008
66014
66022
66027
66035
66041
66049
66056
66065
66072
66080
66087
66096
66103
66112
66118
66127
66134
66143
66150
66158
66165
66174
66181
66189
66196
66205
66212
66221
66227
66236
66243
66252
66259
66267
66274
66283
66290
66298
66305
66314
66321
66330
66336
66345
66352
66361
66368
66376
66383
66392
66399
66407
66414
66423
66430
66439
66445
66454
66461
66470
66477
66485
66492
66501
66508
66517
66523
66532
66539
66548
66554
66563
66570
66579
66586
66594
66601
66610
66617
66626
66632
66641
66648
66657
66663
66672
66679
66688
66695
66703
66710
66719
66726
66735
66741
66750
66757
66766
66772
66781
66788
66797
66804
66812
66819
66828
66835
66844
66850
66859
66866
66875
66882
66890
66897
66906
66913
66921
66928
66937
66943
66948
66955
66960
66967
66972
66979
66983
66990
66995
67002
67007
67014
67019
67026
67030
67037
67042
67049
67054
67061
67066
67073
67077
67084
67089
67096
67101
67108
67113
67120
67124
67131
67136
67143
67148
67155
67160
67167
67171
67178
67183
67190
67195
67202
67207
67214
67218
67225
67230
67237
67242
67249
67254
67261
67265
67272
67277
67284
67289
67296
67301
67308
67312
67319
67324
67331
67336
67343
67348
67355
67359
67366
67371
67378
67383
67390
67395
67402
67406
67413
67418
67425
67430
67437
67442
67449
67453
67460
67465
67472
67477
67484
67489
67496
67500
67507
67512
67519
67524
67531
67536
67542
67547
67554
67559
67566
67571
67578
67583
67589
67594
67601
67606
67613
67618
67625
67630
67636
67641
67648
67653
67660
67665
67672
67677
67683
67691
67697
67705
67711
67719
67725
67733
67739
67747
67753
67761
67767
67775
67781
67789
67795
67803
67809
67817
67823
67831
67837
67845
67851
67859
67865
67873
67879
67887
67893
67901
67907
67915
67921
67929
67935
67943
67949
67957
67963
67971
67977
67985
67991
67999
68005
68013
68019
68027
68033
68041
68047
68055
68061
68069
68075
68083
68089
68097
68103
68111
68117
68125
68131
68139
68145
68153
68159
68167
68173
68181
68187
68195
68201
68209
68215
68223
68229
68237
68243
68251
68257
68265
68271
68279
68285
68293
68299
68307
68313
68321
68327
68335
68341
68349
68355
68363
68369
68377
68383
68391
68397
68405
68411
68419
68425
68433
68439
68447
68453
68461
68467
68475
68481
68489
68495
68503
68509
68517
68523
68531
68537
68545
68551
68559
68565
68573
68580
68586
68593
68599
68606
68612
68620
68625
68633
68638
68646
68652
68659
68665
68672
68678
68686
68691
68699
68704
68712
68718
68725
68731
68738
68744
68752
68757
68765
68770
68778
68784
68791
68797
68804
68810
68818
68823
68831
68836
68844
68850
68857
68863
68870
68876
68884
68889
68897
68902
68910
68916
68923
68929
68936
68942
68950
68955
68963
68968
68976
68982
68989
68995
69002
69008
69016
69021
69029
69034
69042
69047
69055
69061
69068
69074
69081
69087
69095
69100
69108
69113
69121
69127
69134
69140
69147
69153
69161
69166
69174
69179
69187
69193
69200
69206
69213
69219
69227
69232
69240
69245
69251
69256
69263
69268
69275
69279
69286
69291
69298
69303
69309
69314
69321
69326
69333
69337
69344
69349
69356
69361
69367
69372
69379
69384
69391
69396
69402
69407
69414
69419
69426
69430
69437
69442
69449
69454
69460
69465
69472
69477
69484
69488
69495
69500
69507
69512
69518
69523
69530
69535
69542
69547
69553
69558
69565
69570
69577
69581
69588
69593
69600
69605
69611
69616
69623
69628
69635
69639
69646
69651
69658
69663
69670
69674
69681
69686
69693
69698
69704
69709
69716
69721
69728
69732
69739
69744
69751
69756
69762
69767
69774
69779
69786
69790
69797
69802
69809
69814
69821
69825
69832
69837
69844
69849
69855
69860
69867
69872
69879
69883
69890
69895
69902
69907
69913
69918
69925
69930
69937
69941
69948
69953
69960
69965
69972
69976
69983
69988
69995
70000
70006
70011
70018
70023
70030
70034
70041
70046
70053
70058
70064
70069
70076
70081
70088
70094
70101
70106
70114
70119
70126
70131
70139
70144
70151
70157
70164
70169
70176
70182
70189
70194
70202
70207
70214
70220
70227
70232
70239
70245
70252
70257
70265
70270
70277
70282
70290
70295
70302
70308
70315
70320
70327
70333
70340
70345
70353
70358
70365
70371
70378
70383
70390
70396
70403
70408
70416
70421
70428
70433
70441
70446
70453
70459
70466
70471
70479
70484
70491
70496
70504
70509
70516
70522
70529
70534
70541
70547
70554
70559
70567
70572
70579
70584
70592
70597
70604
70610
70617
70622
70630
70635
70642
70647
70655
70660
70667
70673
70680
70685
70692
70698
70705
70710
70718
70723
70730
70736
70743
70748
70755
70761
70768
70773
70781
70786
70793
70798
70806
70811
70818
70824
70831
70836
70843
70849
70856
70861
70869
70874
70881
70887
70894
70899
70906
70912
70919
70924
70932
70937
70944
70949
70957
70962
70969
70978
70986
70995
71003
71013
71020
71030
71038
71047
71055
71065
71072
71082
71090
71099
71107
71116
71124
71134
71141
71151
71159
71168
71176
71186
71193
71203
71211
71220
71228
71238
71245
71255
71262
71272
71280
71289
71297
71307
71314
71324
71332
71341
71349
71359
71366
71376
71383
71393
71401
71410
71418
71428
71435
71445
71453
71462
71470
71480
71487
71497
71505
71514
71522
71531
71539
71549
71556
71566
71574
71583
71591
71601
71608
71618
71626
71635
71643
71652
71660
71670
71677
71687
71695
71704
71712
71722
71729
71739
71747
71756
71764
71774
71781
71791
71798
71808
71816
71825
71833
71843
71850
71860
71868
71877
71885
71895
71902
71912
71920
71929
71937
71946
71955
71962
71972
71979
71989
71996
72006
72013
72022
72030
72039
72047
72056
72064
72073
72081
72090
72097
72107
72114
72124
72131
72141
72148
72157
72165
72174
72182
72191
72199
72208
72216
72225
72232
72242
72249
72259
72266
72276
72283
72292
72300
72309
72317
72326
72334
72343
72351
72360
72367
72377
72384
72394
72401
72411
72418
72428
72435
72444
72452
72461
72469
72478
72486
72495
72502
72512
72519
72529
72536
72546
72553
72563
72570
72579
72587
72596
72604
72613
72621
72630
72637
72647
72654
72664
72671
72681
72688
72698
72705
72714
72722
72731
72739
72748
72756
72765
72773
72782
72789
72799
72806
72813
72818
72825
72830
72837
72842
72849
72854
72861
72866
72874
72879
72886
72891
72898
72903
72910
72915
72922
72927
72934
72940
72947
72952
72959
72964
72971
72976
72983
72988
72995
73001
73008
73013
73020
73025
73032
73037
73044
73049
73056
73061
73069
73074
73081
73086
73093
73098
73105
73110
73117
73122
73130
73135
73142
73147
73154
73159
73166
73171
73178
73183
73190
73196
73203
73208
73215
73220
73227
73232
73239
73244
73251
73256
73264
73269
73276
73281
73288
73293
73300
73305
73312
73317
73325
73330
73337
73342
73349
73354
73361
73366
73373
73378
73385
73391
73398
73403
73410
73415
73422
73427
73433
73438
73445
73449
73456
73461
73467
73472
73479
73483
73490
73495
73501
73506
73513
73517
73524
73529
73536
73540
73547
73552
73558
73563
73570
73574
73581
73586
73592
73597
73604
73608
73615
73620
73627
73631
73638
73643
73649
73654
73661
73665
73672
73677
73683
73688
73695
73699
73706
73711
73718
73722
73729
73734
73740
73745
73752
73756
73763
73768
73774
73779
73786
73790
73797
73802
73809
73813
73820
73825
73831
73836
73843
73847
73854
73859
73865
73870
73877
73881
73888
73893
73900
73904
73911
73916
73922
73927
73934
73938
73945
73950
73956
73961
73968
73972
73979
73984
73991
73996
74003
74008
74015
74020
74027
74032
74039
74044
74051
74056
74063
74068
74075
74080
74087
74092
74099
74104
74111
74116
74123
74128
74135
74140
74147
74152
74159
74164
74171
74176
74183
74188
74195
74200
74207
74212
74219
74224
74231
74237
74244
74249
74256
74261
74268
74273
74280
74285
74292
74297
74304
74309
74316
74321
74328
74333
74340
74345
74352
74357
74364
74369
74376
74381
74388
74393
74400
74405
74412
74417
74424
74429
74436
74441
74448
74453
74460
74465
74472
74477
74484
74490
74497
74502
74509
74514
74521
74526
74533
74538
74545
74550
74557
74562
74569
74574
74581
74586
74593
74598
74605
74610
74617
74622
74629
74634
74641
74646
74653
74658
74665
74670
74677
74682
74689
74694
74701
74706
74713
74718
74725
74730
74738
74743
74750
74755
74762
74767
74774
74783
74790
74799
74806
74815
74822
74831
74839
74848
74855
74864
74871
74880
74887
74897
74904
74913
74920
74929
74936
74945
74952
74962
74969
74978
74985
74994
75001
75010
75018
75027
75034
75043
75050
75059
75066
75076
75083
75092
75099
75108
75115
75124
75131
75141
75148
75157
75164
75173
75180
75189
75197
75206
75213
75222
75229
75238
75245
75254
75262
75271
75278
75287
75294
75303
75310
75320
75327
75336
75343
75352
75359
75368
75376
75385
75392
75401
75408
75417
75424
75433
75441
75450
75457
75466
75473
75482
75489
75499
75506
75515
75522
75531
75538
75547
75555
75564
75571
75580
75587
75596
75603
75612
75620
75629
75636
75645
75652
75661
75668
75678
75685
75694
75701
75710
75717
75726
75733
75739
75746
75752
75760
75765
75773
75779
75786
75792
75800
75805
75813
75819
75826
75832
75840
75845
75853
75858
75866
75872
75879
75885
75893
75898
75906
75912
75919
75925
75933
75938
75946
75952
75959
75965
75972
75978
75986
75991
75999
76005
76012
76018
76026
76031
76039
76045
76052
76058
76066
76071
76079
76085
76092
76098
76105
76111
76119
76124
76132
76138
76145
76151
76159
76164
76172
76178
76185
76191
76199
76204
76212
76217
76225
76231
76238
76244
76252
76257
76265
76271
76278
76284
76292
76297
76305
76311
76318
76324
76331
76337
76345
76350
76358
76364
76371
76377
76385
76390
76398
76404
76411
76417
76425
76430
76438
76444
76451
76457
76464
76470
76478
76483
76491
76497
76504
76510
76518
76523
76531
76537
76544
76550
76558
76563
76571
76576
76584
76590
76597
76603
76611
76616
76624
76630
76637
76643
76651
76656
76664
76670
76677
76683
76690
76696
76704
76709
76717
76723
76731
76738
76747
76754
76762
76769
76778
76785
76794
76800
76809
76816
76825
76832
76840
76847
76856
76863
76871
76878
76887
76894
76903
76909
76918
76925
76934
76941
76949
76956
76965
76972
76980
76987
76996
77003
77012
77018
77027
77034
77043
77050
77058
77065
77074
77081
77089
77096
77105
77112
77121
77127
77136
77143
77152
77159
77167
77174
77183
77190
77199
77205
77214
77221
77230
77236
77245
77252
77261
77268
77276
77283
77292
77299
77308
77314
77323
77330
77339
77345
77354
77361
77370
77377
77385
77392
77401
77408
77417
77423
77432
77439
77448
77454
77463
77470
77479
77486
77494
77501
77510
77517
77526
77532
77541
77548
77557
77564
77572
77579
77588
77595
77603
77610
77619
77625
77630
77637
77642
77649
77654
77661
77665
77672
77677
77684
77689
77696
77701
77708
77712
77719
77724
77731
77736
77743
77748
77755
77759
77766
77771
77778
77783
77790
77795
77802
77806
77813
77818
77825
77830
77837
77842
77849
77853
77860
77865
77872
77877
77884
77889
77896
77900
77907
77912
77919
77924
77931
77936
77943
77947
77954
77959
77966
77971
77978
77983
77990
77994
78001
78006
78013
78018
78025
78030
78037
78041
78048
78053
78060
78065
78072
78077
78084
78088
78095
78100
78107
78112
78119
78124
78131
78135
78142
78147
78154
78159
78166
78171
78178
78182
78189
78194
78201
78206
78213
78218
78224
78229
78236
78241
78248
78253
78260
78265
78271
78276
78283
78288
78295
78300
78307
78312
78318
78323
78330
78335
78342
78347
78354
78359
78365
78373
78379
78387
78393
78401
78407
78415
78421
78429
78435
78443
78449
78457
78463
78471
78477
78485
78491
78499
78505
78513
78519
78527
78533
78541
78547
78555
78561
78569
78575
78583
78589
78597
78603
78611
78617
78625
78631
78639
78645
78653
78659
78667
78673
78681
78687
78695
78701
78709
78715
78723
78729
78737
78743
78751
78757
78765
78771
78779
78785
78793
78799
78807
78813
78821
78827
78835
78841
78849
78855
78863
78869
78877
78883
78891
78897
78905
78911
78919
78925
78933
78939
78947
78953
78961
78967
78975
78981
78989
78995
79003
79009
79017
79023
79031
79037
79045
79051
79059
79065
79073
79079
79087
79093
79101
79107
79115
79121
79129
79135
79143
79149
79157
79163
79171
79177
79185
79191
79199
79205
79213
79219
79227
79233
79241
79247
79255
79262
79268
79275
79281
79288
79294
79302
79307
79315
79320
79328
79334
79341
79347
79354
79360
79368
79373
79381
79386
79394
79400
79407
79413
79420
79426
79434
79439
79447
79452
79460
79466
79473
79479
79486
79492
79500
79505
79513
79518
79526
79532
79539
79545
79552
79558
79566
79571
79579
79584
79592
79598
79605
79611
79618
79624
79632
79637
79645
79650
79658
79664
79671
79677
79684
79690
79698
79703
79711
79716
79724
79729
79737
79743
79750
79756
79763
79769
79777
79782
79790
79795
79803
79809
79816
79822
79829
79835
79843
79848
79856
79861
79869
79875
79882
79888
79895
79901
79909
79914
79922
79927
79933
79938
79945
79950
79957
79961
79968
79973
79980
79985
79991
79996
80003
80008
80015
80019
80026
80031
80038
80043
80049
80054
80061
80066
80073
80078
80084
80089
80096
80101
80108
80112
80119
80124
80131
80136
80142
80147
80154
80159
80166
80170
80177
80182
80189
80194
80200
80205
80212
80217
80224
80229
80235
80240
80247
80252
80259
80263
80270
80275
80282
80287
80293
80298
80305
80310
80317
80321
80328
80333
80340
80345
80352
80356
80363
80368
80375
80380
80386
80391
80398
80403
80410
80414
80421
80426
80433
80438
80444
80449
80456
80461
80468
80472
80479
80484
80491
80496
80503
80507
80514
80519
80526
80531
80537
80542
80549
80554
80561
80565
80572
80577
80584
80589
80595
80600
80607
80612
80619
80623
80630
80635
80642
80647
80654
80658
80665
80670
80677
80682
80688
80693
80700
80705
80712
80716
80723
80728
80735
80740
80746
80751
80758
80763
80770
80776
80783
80788
80796
80801
80808
80813
80821
80826
80833
80839
80846
80851
80858
80864
80871
80876
80884
80889
80896
80902
80909
80914
80921
80927
80934
80939
80947
80952
80959
80964
80972
80977
80984
80990
80997
81002
81009
81015
81022
81027
81035
81040
81047
81053
81060
81065
81072
81078
81085
81090
81098
81103
81110
81115
81123
81128
81135
81141
81148
81153
81161
81166
81173
81178
81186
81191
81198
81204
81211
81216
81223
81229
81236
81241
81249
81254
81261
81266
81274
81279
81286
81292
81299
81304
81312
81317
81324
81329
81337
81342
81349
81355
81362
81367
81374
81380
81387
81392
81400
81405
81412
81418
81425
81430
81437
81443
81450
81455
81463
81468
81475
81480
81488
81493
81500
81506
81513
81518
81525
81531
81538
81543
81551
81556
81563
81569
81576
81581
81588
81594
81601
81606
81614
81619
81626
81631
81639
81644
81651
81660
81668
81677
81685
81695
81702
81712
81720
81729
81737
81747
81754
81764
81772
81781
81789
81798
81806
81816
81823
81833
81841
81850
81858
81868
81875
81885
81893
81902
81910
81920
81927
81937
81944
81954
81962
81971
81979
81989
81996
82006
82014
82023
82031
82041
82048
82058
82065
82075
82083
82092
82100
82110
82117
82127
82135
82144
82152
82162
82169
82179
82187
82196
82204
82213
82221
82231
82238
82248
82256
82265
82273
82283
82290
82300
82308
82317
82325
82334
82342
82352
82359
82369
82377
82386
82394
82404
82411
82421
82429
82438
82446
82456
82463
82473
82480
82490
82498
82507
82515
82525
82532
82542
82550
82559
82567
82577
82584
82594
82602
82611
82619
82628
82637
82644
82654
82661
82671
82678
82688
82695
82704
82712
82721
82729
82738
82746
82755
82763
82772
82779
82789
82796
82806
82813
82823
82830
82839
82847
82856
82864
82873
82881
82890
82898
82907
82914
82924
82931
82941
82948
82958
82965
82974
82982
82991
82999
83008
83016
83025
83033
83042
83049
83059
83066
83076
83083
83093
83100
83110
83117
83126
83134
83143
83151
83160
83168
83177
83184
83194
83201
83211
83218
83228
83235
83245
83252
83261
83269
83278
83286
83295
83303
83312
83319
83329
83336
83346
83353
83363
83370
83380
83387
83396
83404
83413
83421
83430
83438
83447
83455
83464
83471
83481
83488
83495
83500
83507
83512
83519
83524
83531
83536
83543
83548
83556
83561
83568
83573
83580
83585
83592
83597
83604
83609
83616
83622
83629
83634
83641
83646
83653
83658
83665
83670
83677
83683
83690
83695
83702
83707
83714
83719
83726
83731
83738
83743
83751
83756
83763
83768
83775
83780
83787
83792
83799
83804
83812
83817
83824
83829
83836
83841
83848
83853
83860
83865
83872
83878
83885
83890
83897
83902
83909
83914
83921
83926
83933
83938
83946
83951
83958
83963
83970
83975
83982
83987
83994
83999
84007
84012
84019
84024
84031
84036
84043
84048
84055
84060
84067
84073
84080
84085
84092
84097
84104
84109
84115
84120
84127
84131
84138
84143
84149
84154
84161
84165
84172
84177
84183
84188
84195
84199
84206
84211
84218
84222
84229
84234
84240
84245
84252
84256
84263
84268
84274
84279
84286
84290
84297
84302
84309
84313
84320
84325
84331
84336
84343
84347
84354
84359
84365
84370
84377
84381
84388
84393
84400
84404
84411
84416
84422
84427
84434
84438
84445
84450
84456
84461
84468
84472
84479
84484
84491
84495
84502
84507
84513
84518
84525
84529
84536
84541
84547
84552
84559
84563
84570
84575
84582
84586
84593
84598
84604
84609
84616
84620
84627
84632
84638
84643
84650
84654
84661
84666
84673
84678
84685
84690
84697
84702
84709
84714
84721
84726
84733
84738
84745
84750
84757
84762
84769
84774
84781
84786
84793
84798
84805
84810
84817
84822
84829
84834
84841
84846
84853
84858
84865
84870
84877
84882
84889
84894
84901
84906
84913
84919
84926
84931
84938
84943
84950
84955
84962
84967
84974
84979
84986
84991
84998
85003
85010
85015
85022
85027
85034
85039
85046
85051
85058
85063
85070
85075
85082
85087
85094
85099
85106
85111
85118
85123
85130
85135
85142
85147
85154
85159
85166
85172
85179
85184
85191
85196
85203
85208
85215
85220
85227
85232
85239
85244
85251
85256
85263
85268
85275
85280
85287
85292
85299
85304
85311
85316
85323
85328
85335
85340
85347
85352
85359
85364
85371
85376
85383
85388
85395
85400
85407
85412
85420
85425
85432
85437
85444
85449
85456
85465
85472
85481
85488
85497
85504
85513
85521
85530
85537
85546
85553
85562
85569
85579
85586
85595
85602
85611
85618
85627
85634
85644
85651
85660
85667
85676
85683
85692
85700
85709
85716
85725
85732
85741
85748
85758
85765
85774
85781
85790
85797
85806
85813
85823
85830
85839
85846
85855
85862
85871
85879
85888
85895
85904
85911
85920
85927
85936
85944
85953
85960
85969
85976
85985
85992
86002
86009
86018
86025
86034
86041
86050
86058
86067
86074
86083
86090
86099
86106
86115
86123
86132
86139
86148
86155
86164
86171
86181
86188
86197
86204
86213
86220
86229
86237
86246
86253
86262
86269
86278
86285
86294
86302
86311
86318
86327
86334
86343
86350
86360
86367
86376
86383
86392
86399
86408
86415
86421
86428
86434
86442
86447
86455
86461
86468
86474
86482
86487
86495
86501
86508
86514
86522
86527
86535
86540
86548
86554
86561
86567
86575
86580
86588
86594
86601
86607
86615
86620
86628
86634
86641
86647
86654
86660
86668
86673
86681
86687
86694
86700
86708
86713
86721
86727
86734
86740
86748
86753
86761
86767
86774
86780
86787
86793
86801
86806
86814
86820
86827
86833
86841
86846
86854
86860
86867
86873
86881
86886
86894
86899
86907
86913
86920
86926
86934
86939
86947
86953
86960
86966
86974
86979
86987
86993
87000
87006
87013
87019
87027
87032
87040
87046
87053
87059
87067
87072
87080
87086
87093
87099
87107
87112
87120
87126
87133
87139
87146
87152
87160
87165
87173
87179
87186
87192
87200
87205
87213
87219
87226
87232
87240
87245
87253
87258
87266
87272
87279
87285
87293
87298
87306
87312
87319
87325
87333
87338
87346
87352
87359
87365
87372
87378
87386
87391
87399
87405
87413
87420
87429
87436
87444
87451
87460
87467
87476
87482
87491
87498
87507
87514
87522
87529
87538
87545
87553
87560
87569
87576
87585
87591
87600
87607
87616
87623
87631
87638
87647
87654
87662
87669
87678
87685
87694
87700
87709
87716
87725
87732
87740
87747
87756
87763
87771
87778
87787
87794
87803
87809
87818
87825
87834
87841
87849
87856
87865
87872
87881
87887
87896
87903
87912
87918
87927
87934
87943
87950
87958
87965
87974
87981
87990
87996
88005
88012
88021
88027
88036
88043
88052
88059
88067
88074
88083
88090
88099
88105
88114
88121
88130
88136
88145
88152
88161
88168
88176
88183
88192
88199
88208
88214
88223
88230
88239
88246
88254
88261
88270
88277
88285
88292
88301
88307
88312
88319
88324
88331
88336
88343
88347
88354
88359
88366
88371
88378
88383
88390
88394
88401
88406
88413
88418
88425
88430
88437
88441
88448
88453
88460
88465
88472
88477
88484
88488
88495
88500
88507
88512
88519
88524
88531
88535
88542
88547
88554
88559
88566
88571
88578
88582
88589
88594
88601
88606
88613
88618
88625
88629
88636
88641
88648
88653
88660
88665
88672
88676
88683
88688
88695
88700
88707
88712
88719
88723
88730
88735
88742
88747
88754
88759
88766
88770
88777
88782
88789
88794
88801
88806
88813
88817
88824
88829
88836
88841
88848
88853
88860
88864
88871
88876
88883
88888
88895
88900
88906
88911
88918
88923
88930
88935
88942
88947
88953
88958
88965
88970
88977
88982
88989
88994
89000
89005
89012
89017
89024
89029
89036
89041
89047
89055
89061
89069
89075
89083
89089
89097
89103
89111
89117
89125
89131
89139
89145
89153
89159
89167
89173
89181
89187
89195
89201
89209
89215
89223
89229
89237
89243
89251
89257
89265
89271
89279
89285
89293
89299
89307
89313
89321
89327
89335
89341
89349
89355
89363
89369
89377
89383
89391
89397
89405
89411
89419
89425
89433
89439
89447
89453
89461
89467
89475
89481
89489
89495
89503
89509
89517
89523
89531
89537
89545
89551
89559
89565
89573
89579
89587
89593
89601
89607
89615
89621
89629
89635
89643
89649
89657
89663
89671
89677
89685
89691
89699
89705
89713
89719
89727
89733
89741
89747
89755
89761
89769
89775
89783
89789
89797
89803
89811
89817
89825
89831
89839
89845
89853
89859
89867
89873
89881
89887
89895
89901
89909
89915
89923
89929
89937
89944
89950
89957
89963
89970
89976
89984
89989
89997
90002
90010
90016
90023
90029
90036
90042
90050
90055
90063
90068
90076
90082
90089
90095
90102
90108
90116
90121
90129
90134
90142
90148
90155
90161
90168
90174
90182
90187
90195
90200
90208
90214
90221
90227
90234
90240
90248
90253
90261
90266
90274
90280
90287
90293
90300
90306
90314
90319
90327
90332
90340
90346
90353
90359
90366
90372
90380
90385
90393
90398
90406
90411
90419
90425
90432
90438
90445
90451
90459
90464
90472
90477
90485
90491
90498
90504
90511
90517
90525
90530
90538
90543
90551
90557
90564
90570
90577
90583
90591
90596
90604
90609
90615
90620
90627
90632
90639
90643
90650
90655
90662
90667
90673
90678
90685
90690
90697
90701
90708
90713
90720
90725
90731
90736
90743
90748
90755
90760
90766
90771
90778
90783
90790
90794
90801
90806
90813
90818
90824
90829
90836
90841
90848
90852
90859
90864
90871
90876
90882
90887
90894
90899
90906
90911
90917
90922
90929
90934
90941
90945
90952
90957
90964
90969
90975
90980
90987
90992
90999
91003
91010
91015
91022
91027
91034
91038
91045
91050
91057
91062
91068
91073
91080
91085
91092
91096
91103
91108
91115
91120
91126
91131
91138
91143
91150
91154
91161
91166
91173
91178
91185
91189
91196
91201
91208
91213
91219
91224
91231
91236
91243
91247
91254
91259
91266
91271
91277
91282
91289
91294
91301
91305
91312
91317
91324
91329
91336
91340
91347
91352
91359
91364
91370
91375
91382
91387
91394
91398
91405
91410
91417
91422
91428
91433
91440
91445
91452
91458
91465
91470
91478
91483
91490
91495
91503
91508
91515
91521
91528
91533
91540
91546
91553
91558
91566
91571
91578
91584
91591
91596
91603
91609
91616
91621
91629
91634
91641
91646
91654
91659
91666
91672
91679
91684
91691
91697
91704
91709
91717
91722
91729
91735
91742
91747
91754
91760
91767
91772
91780
91785
91792
91797
91805
91810
91817
91823
91830
91835
91843
91848
91855
91860
91868
91873
91880
91886
91893
91898
91905
91911
91918
91923
91931
91936
91943
91948
91956
91961
91968
91974
91981
91986
91994
91999
92006
92011
92019
92024
92031
92037
92044
92049
92056
92062
92069
92074
92082
92087
92094
92100
92107
92112
92119
92125
92132
92137
92145
92150
92157
92162
92170
92175
92182
92188
92195
92200
92207
92213
92220
92225
92233
92238
92245
92251
92258
92263
92270
92276
92283
92288
92296
92301
92308
92313
92321
92326
92333
92342
92350
92359
92367
92377
92384
92394
92402
92411
92419
92429
92436
92446
92454
92463
92471
92480
92488
92498
92505
92515
92523
92532
92540
92550
92557
92567
92575
92584
92592
92602
92609
92619
92626
92636
92644
92653
92661
92671
92678
92688
92696
92705
92713
92723
92730
92740
92747
92757
92765
92774
92782
92792
92799
92809
92817
92826
92834
92844
92851
92861
92869
92878
92886
92895
92903
92913
92920
92930
92938
92947
92955
92965
92972
92982
92990
92999
93007
93016
93024
93034
93041
93051
93059
93068
93076
93086
93093
93103
93111
93120
93128
93138
93145
93155
93162
93172
93180
93189
93197
93207
93214
93224
93232
93241
93249
93259
93266
93276
93284
93293
93301
93310
93319
93326
93336
93343
93353
93360
93370
93377
93386
93394
93403
93411
93420
93428
93437
93445
93454
93461
93471
93478
93488
93495
93505
93512
93521
93529
93538
93546
93555
93563
93572
93580
93589
93596
93606
93613
93623
93630
93640
93647
93656
93664
93673
93681
93690
93698
93707
93715
93724
93731
93741
93748
93758
93765
93775
93782
93792
93799
93808
93816
93825
93833
93842
93850
93859
93866
93876
93883
93893
93900
93910
93917
93927
93934
93943
93951
93960
93968
93977
93985
93994
94001
94011
94018
94028
94035
94045
94052
94062
94069
94078
94086
94095
94103
94112
94120
94129
94137
94146
94153
94163
94170
94177
94182
94189
94194
94201
94206
94213
94218
94225
94230
94238
94243
94250
94255
94262
94267
94274
94279
94286
94291
94298
94304
94311
94316
94323
94328
94335
94340
94347
94352
94359
94365
94372
94377
94384
94389
94396
94401
94408
94413
94420
94425
94433
94438
94445
94450
94457
94462
94469
94474
94481
94486
94494
94499
94506
94511
94518
94523
94530
94535
94542
94547
94554
94560
94567
94572
94579
94584
94591
94596
94603
94608
94615
94620
94628
94633
94640
94645
94652
94657
94664
94669
94676
94681
94689
94694
94701
94706
94713
94718
94725
94730
94737
94742
94749
94755
94762
94767
94774
94779
94786
94791
94797
94802
94809
94813
94820
94825
94831
94836
94843
94847
94854
94859
94865
94870
94877
94881
94888
94893
94900
94904
94911
94916
94922
94927
94934
94938
94945
94950
94956
94961
94968
94972
94979
94984
94991
94995
95002
95007
95013
95018
95025
95029
95036
95041
95047
95052
95059
95063
95070
95075
95082
95086
95093
95098
95104
95109
95116
95120
95127
95132
95138
95143
95150
95154
95161
95166
95173
95177
95184
95189
95195
95200
95207
95211
95218
95223
95229
95234
95241
95245
95252
95257
95264
95268
95275
95280
95286
95291
95298
95302
95309
95314
95320
95325
95332
95336
95343
95348
95355
95360
95367
95372
95379
95384
95391
95396
95403
95408
95415
95420
95427
95432
95439
95444
95451
95456
95463
95468
95475
95480
95487
95492
95499
95504
95511
95516
95523
95528
95535
95540
95547
95552
95559
95564
95571
95576
95583
95588
95595
95601
95608
95613
95620
95625
95632
95637
95644
95649
95656
95661
95668
95673
95680
95685
95692
95697
95704
95709
95716
95721
95728
95733
95740
95745
95752
95757
95764
95769
95776
95781
95788
95793
95800
95805
95812
95817
95824
95829
95836
95841
95848
95854
95861
95866
95873
95878
95885
95890
95897
95902
95909
95914
95921
95926
95933
95938
95945
95950
95957
95962
95969
95974
95981
95986
95993
95998
96005
96010
96017
96022
96029
96034
96041
96046
96053
96058
96065
96070
96077
96082
96089
96094
96102
96107
96114
96119
96126
96131
96138
96147
96154
96163
96170
96179
96186
96195
96203
96212
96219
96228
96235
96244
96251
96261
96268
96277
96284
96293
96300
96309
96316
96326
96333
96342
96349
96358
96365
96374
96382
96391
96398
96407
96414
96423
96430
96440
96447
96456
96463
96472
96479
96488
96495
96505
96512
96521
96528
96537
96544
96553
96561
96570
96577
96586
96593
96602
96609
96618
96626
96635
96642
96651
96658
96667
96674
96684
96691
96700
96707
96716
96723
96732
96740
96749
96756
96765
96772
96781
96788
96797
96805
96814
96821
96830
96837
96846
96853
96863
96870
96879
96886
96895
96902
96911
96919
96928
96935
96944
96951
96960
96967
96976
96984
96993
97000
97009
97016
97025
97032
97042
97049
97058
97065
97074
97081
97090
97097
97103
97110
97116
97124
97129
97137
97143
97150
97156
97164
97169
97177
97183
97190
97196
97204
97209
97217
97222
97230
97236
97243
97249
97257
97262
97270
97276
97283
97289
97297
97302
97310
97316
97323
97329
97336
97342
97350
97355
97363
97369
97376
97382
97390
97395
97403
97409
97416
97422
97430
97435
97443
97449
97456
97462
97469
97475
97483
97488
97496
97502
97509
97515
97523
97528
97536
97542
97549
97555
97563
97568
97576
97581
97589
97595
97602
97608
97616
97621
97629
97635
97642
97648
97656
97661
97669
97675
97682
97688
97695
97701
97709
97714
97722
97728
97735
97741
97749
97754
97762
97768
97775
97781
97789
97794
97802
97808
97815
97821
97828
97834
97842
97847
97855
97861
97868
97874
97882
97887
97895
97901
97908
97914
97922
97927
97935
97940
97948
97954
97961
97967
97975
97980
97988
97994
98001
98007
98015
98020
98028
98034
98041
98047
98054
98060
98068
98073
98081
98087
98095
98102
98111
98118
98126
98133
98142
98149
98158
98164
98173
98180
98189
98196
98204
98211
98220
98227
98235
98242
98251
98258
98267
98273
98282
98289
98298
98305
98313
98320
98329
98336
98344
98351
98360
98367
98376
98382
98391
98398
98407
98414
98422
98429
98438
98445
98453
98460
98469
98476
98485
98491
98500
98507
98516
98523
98531
98538
98547
98554
98563
98569
98578
98585
98594
98600
98609
98616
98625
98632
98640
98647
98656
98663
98672
98678
98687
98694
98703
98709
98718
98725
98734
98741
98749
98756
98765
98772
98781
98787
98796
98803
98812
98818
98827
98834
98843
98850
98858
98865
98874
98881
98890
98896
98905
98912
98921
98928
98936
98943
98952
98959
98967
98974
98983
98989
98994
99001
99006
99013
99018
99025
99029
99036
99041
99048
99053
99060
99065
99072
99076
99083
99088
99095
99100
99107
99112
99119
99123
99130
99135
99142
99147
99154
99159
99166
99170
99177
99182
99189
99194
99201
99206
99213
99217
99224
99229
99236
99241
99248
99253
99260
99264
99271
99276
99283
99288
99295
99300
99307
99311
99318
99323
99330
99335
99342
99347
99354
99358
99365
99370
99377
99382
99389
99394
99401
99405
99412
99417
99424
99429
99436
99441
99448
99452
99459
99464
99471
99476
99483
99488
99495
99499
99506
99511
99518
99523
99530
99535
99542
99546
99553
99558
99565
99570
99577
99582
99588
99593
99600
99605
99612
99617
99624
99629
99635
99640
99647
99652
99659
99664
99671
99676
99682
99687
99694
99699
99706
99711
99718
99723
99729
99737
99743
99751
99757
99765
99771
99779
99785
99793
99799
99807
99813
99821
99827
99835
99841
99849
99855
99863
99869
99877
99883
99891
99897
99905
99911
99919
99925
99933
99939
99947
99953
99961
99967
99975
99981
99989
99995
100003
100009
100017
100023
100031
100037
100045
100051
100059
100065
100073
100079
100087
100093
100101
100107
100115
100121
100129
100135
100143
100149
100157
100163
100171
100177
100185
100191
100199
100205
100213
100219
100227
100233
100241
100247
100255
100261
100269
100275
100283
100289
100297
100303
100311
100317
100325
100331
100339
100345
100353
100359
100367
100373
100381
100387
100395
100401
100409
100415
100423
100429
100437
100443
100451
100457
100465
100471
100479
100485
100493
100499
100507
100513
100521
100527
100535
100541
100549
100555
100563
100569
100577
100583
100591
100597
100605
100611
100619
100626
100632
100639
100645
100652
100658
100666
100671
100679
100684
100692
100698
100705
100711
100718
100724
100732
100737
100745
100750
100758
100764
100771
100777
100784
100790
100798
100803
100811
100816
100824
100830
100837
100843
100850
100856
100864
100869
100877
100882
100890
100896
100903
100909
100916
100922
100930
100935
100943
100948
100956
100962
100969
100975
100982
100988
100996
101001
101009
101014
101022
101028
101035
101041
101048
101054
101062
101067
101075
101080
101088
101093
101101
101107
101114
101120
101127
101133
101141
101146
101154
101159
101167
101173
101180
101186
101193
101199
101207
101212
101220
101225
101233
101239
101246
101252
101259
101265
101273
101278
101286
101291
101297
101302
101309
101314
101321
101325
101332
101337
101344
101349
101355
101360
101367
101372
101379
101383
101390
101395
101402
101407
101413
101418
101425
101430
101437
101442
101448
101453
101460
101465
101472
101476
101483
101488
101495
101500
101506
101511
101518
101523
101530
101534
101541
101546
101553
101558
101564
101569
101576
101581
101588
101593
101599
101604
101611
101616
101623
101627
101634
101639
101646
101651
101657
101662
101669
101674
101681
101685
101692
101697
101704
101709
101716
101720
101727
101732
101739
101744
101750
101755
101762
101767
101774
101778
101785
101790
101797
101802
101808
101813
101820
101825
101832
101836
101843
101848
101855
101860
101867
101871
101878
101883
101890
101895
101901
101906
101913
101918
101925
101929
101936
101941
101948
101953
101959
101964
101971
101976
101983
101987
101994
101999
102006
102011
102018
102022
102029
102034
102041
102046
102052
102057
102064
102069
102076
102080
102087
102092
102099
102104
102110
102115
102122
102127
102134
102140
102147
102152
102160
102165
102172
102177
102185
102190
102197
102203
102210
102215
102222
102228
102235
102240
102248
102253
102260
102266
102273
102278
102285
102291
102298
102303
102311
102316
102323
102328
102336
102341
102348
102354
102361
102366
102373
102379
102386
102391
102399
102404
102411
102417
102424
102429
102436
102442
102449
102454
102462
102467
102474
102479
102487
102492
102499
102505
102512
102517
102525
102530
102537
102542
102550
102555
102562
102568
102575
102580
102587
102593
102600
102605
102613
102618
102625
102630
102638
102643
102650
102656
102663
102668
102676
102681
102688
102693
102701
102706
102713
102719
102726
102731
102738
102744
102751
102756
102764
102769
102776
102782
102789
102794
102801
102807
102814
102819
102827
102832
102839
102844
102852
102857
102864
102870
102877
102882
102889
102895
102902
102907
102915
102920
102927
102933
102940
102945
102952
102958
102965
102970
102978
102983
102990
102995
103003
103008
103015
103024
103032
103041
103049
103059
103066
103076
103084
103093
103101
103111
103118
103128
103136
103145
103153
103162
103170
103180
103187
103197
103205
103214
103222
103232
103239
103249
103257
103266
103274
103284
103291
103301
103308
103318
103326
103335
103343
103353
103360
103370
103378
103387
103395
103405
103412
103422
103429
103439
103447
103456
103464
103474
103481
103491
103499
103508
103516
103526
103533
103543
103551
103560
103568
103577
103585
103595
103602
103612
103620
103629
103637
103647
103654
103664
103672
103681
103689
103698
103706
103716
103723
103733
103741
103750
103758
103768
103775
103785
103793
103802
103810
103820
103827
103837
103844
103854
103862
103871
103879
103889
103896
103906
103914
103923
103931
103941
103948
103958
103966
103975
103983
103992
104001
104008
104018
104025
104035
104042
104052
104059
104068
104076
104085
104093
104102
104110
104119
104127
104136
104143
104153
104160
104170
104177
104187
104194
104203
104211
104220
104228
104237
104245
104254
104262
104271
104278
104288
104295
104305
104312
104322
104329
104338
104346
104355
104363
104372
104380
104389
104397
104406
104413
104423
104430
104440
104447
104457
104464
104474
104481
104490
104498
104507
104515
104524
104532
104541
104548
104558
104565
104575
104582
104592
104599
104609
104616
104625
104633
104642
104650
104659
104667
104676
104683
104693
104700
104710
104717
104727
104734
104744
104751
104760
104768
104777
104785
104794
104802
104811
104819
104828
104835
104845
104852
104859
104864
104871
104876
104883
104888
104895
104900
104907
104912
104920
104925
104932
104937
104944
104949
104956
104961
104968
104973
104980
104986
104993
104998
105005
105010
105017
105022
105029
105034
105041
105047
105054
105059
105066
105071
105078
105083
105090
105095
105102
105107
105115
105120
105127
105132
105139
105144
105151
105156
105163
105168
105176
105181
105188
105193
105200
105205
105212
105217
105224
105229
105236
105242
105249
105254
105261
105266
105273
105278
105285
105290
105297
105302
105310
105315
105322
105327
105334
105339
105346
105351
105358
105363
105371
105376
105383
105388
105395
105400
105407
105412
105419
105424
105431
105437
105444
105449
105456
105461
105468
105473
105479
105484
105491
105495
105502
105507
105513
105518
105525
105529
105536
105541
105547
105552
105559
105563
105570
105575
105582
105586
105593
105598
105604
105609
105616
105620
105627
105632
105638
105643
105650
105654
105661
105666
105673
105677
105684
105689
105695
105700
105707
105711
105718
105723
105729
105734
105741
105745
105752
105757
105764
105768
105775
105780
105786
105791
105798
105802
105809
105814
105820
105825
105832
105836
105843
105848
105855
105859
105866
105871
105877
105882
105889
105893
105900
105905
105911
105916
105923
105927
105934
105939
105946
105950
105957
105962
105968
105973
105980
105984
105991
105996
106002
106007
106014
106018
106025
106030
106037
106042
106049
106054
106061
106066
106073
106078
106085
106090
106097
106102
106109
106114
106121
106126
106133
106138
106145
106150
106157
106162
106169
106174
106181
106186
106193
106198
106205
106210
106217
106222
106229
106234
106241
106246
106253
106258
106265
106270
106277
106283
106290
106295
106302
106307
106314
106319
106326
106331
106338
106343
106350
106355
106362
106367
106374
106379
106386
106391
106398
106403
106410
106415
106422
106427
106434
106439
106446
106451
106458
106463
106470
106475
106482
106487
106494
106499
106506
106511
106518
106523
106530
106536
106543
106548
106555
106560
106567
106572
106579
106584
106591
106596
106603
106608
106615
106620
106627
106632
106639
106644
106651
106656
106663
106668
106675
106680
106687
106692
106699
106704
106711
106716
106723
106728
106735
106740
106747
106752
106759
106764
106771
106776
106784
106789
106796
106801
106808
106813
106820
