12
23
35
46
59
69
82
93
105
116
129
139
152
162
175
186
198
209
222
232
245
256
268
279
291
302
315
325
338
349
361
372
385
395
408
419
431
442
454
465
478
488
501
512
524
535
548
558
571
581
594
605
617
628
641
651
664
675
687
698
710
721
734
746
757
770
781
794
805
818
829
842
853
866
877
890
901
914
925
938
949
962
973
985
996
1009
1020
1033
1044
1057
1068
1081
1092
1105
1116
1129
1140
1153
1164
1177
1188
1201
1212
1225
1235
1248
1259
1272
1283
1296
1307
1320
1331
1344
1355
1368
1379
1392
1403
1416
1427
1440
1451
1464
1475
1487
1498
1511
1522
1535
1548
1560
1574
1586
1600
1612
1625
1637
1651
1663
1677
1689
1702
1714
1728
1740
1754
1766
1779
1791
1805
1817
1831
1843
1856
1868
1882
1894
1908
1920
1933
1945
1959
1971
1985
1997
2010
2022
2036
2048
2062
2074
2087
2099
2113
2125
2139
2151
2164
2176
2190
2202
2216
2228
2241
2253
2267
2280
2291
2304
2315
2328
2339
2353
2364
2377
2388
2401
2412
2426
2437
2450
2461
2474
2485
2499
2510
2523
2534
2547
2558
2571
2583
2596
2607
2620
2631
2644
2656
2669
2680
2693
2704
2717
2729
2742
2753
2766
2777
2790
2801
2815
2826
2839
2850
2863
2874
2888
2899
2912
2923
2936
2947
2961
2972
2985
2996
3009
3020
3033
3045
3058
3070
3084
3095
3109
3121
3135
3146
3160
3172
3186
3197
3211
3223
3237
3248
3262
3274
3288
3299
3313
3325
3338
3350
3364
3376
3389
3401
3415
3427
3440
3452
3466
3478
3491
3503
3517
3529
3542
3554
3568
3580
3593
3605
3619
3630
3644
3656
3670
3681
3695
3707
3721
3732
3746
3758
3772
3783
3795
3806
3819
3830
3843
3854
3867
3878
3890
3901
3914
3925
3938
3949
3962
3973
3985
3996
4009
4020
4033
4044
4057
4068
4081
4091
4104
4115
4128
4139
4152
4163
4176
4186
4199
4210
4223
4234
4247
4258
4271
4282
4294
4305
4318
4329
4342
4353
4366
4377
4389
4400
4413
4424
4437
4448
4461
4472
4484
4495
4508
4519
4532
4543
4556
4568
4582
4593
4607
4619
4632
4644
4658
4669
4683
4695
4708
4720
4734
4745
4759
4771
4785
4796
4810
4822
4835
4847
4861
4872
4886
4898
4911
4923
4937
4948
4962
4974
4987
4999
5013
5025
5038
5050
5064
5075
5089
5101
5114
5126
5140
5151
5165
5177
5190
5202
5216
5227
5241
5253
5267
5278
5292
5304
5317
5329
5343
5355
5366
5379
5390
5402
5413
5426
5437
5449
5460
5473
5484
5497
5507
5520
5531
5544
5554
5567
5578
5591
5602
5614
5625
5638
5649
5661
5672
5685
5696
5709
5719
5732
5743
5756
5766
5779
5790
5803
5814
5826
5837
5850
5861
5873
5884
5897
5908
5921
5931
5944
5955
5968
5978
5991
6002
6015
6026
6038
6049
6062
6073
6085
6096
6110
6123
6138
6151
6165
6178
6193
6206
6221
6233
6248
6261
6276
6289
6303
6316
6331
6344
6359
6371
6386
6399
6414
6427
6441
6454
6469
6482
6496
6509
6524
6537
6552
6564
6579
6592
6607
6620
6634
6647
6662
6675
6690
6702
6717
6730
6745
6758
6772
6785
6800
6813
6828
6840
6855
6869
6881
6895
6908
6922
6934
6949
6961
6975
6988
7002
7014
7029
7041
7055
7068
7082
7094
7109
7121
7135
7148
7162
7174
7188
7201
7215
7227
7242
7254
7268
7281
7295
7307
7322
7334
7348
7361
7375
7387
7402
7414
7428
7441
7455
7467
7481
7494
7508
7520
7535
7547
7561
7574
7587
7598
7611
7622
7635
7646
7659
7670
7684
7695
7708
7719
7732
7743
7756
7767
7781
7792
7805
7816
7829
7840
7853
7864
7878
7889
7902
7913
7926
7937
7950
7961
7974
7986
7999
8010
8023
8034
8047
8058
8071
8083
8096
8107
8120
8131
8144
8155
8168
8180
8193
8204
8217
8228
8241
8252
8265
8277
8290
8301
8314
8325
8338
8349
8362
8374
8385
8398
8409
8422
8433
8446
8457
8470
8481
8494
8504
8517
8528
8541
8552
8565
8576
8589
8600
8613
8624
8637
8647
8660
8671
8684
8695
8708
8719
8732
8743
8756
8767
8780
8790
8803
8814
8827
8838
8851
8862
8875
8886
8899
8910
8923
8933
8946
8957
8970
8981
8994
9005
9018
9029
9042
9053
9066
9076
9089
9100
9114
9126
9140
9152
9167
9179
9193
9205
9220
9232
9246
9258
9272
9285
9299
9311
9325
9338
9352
9364
9378
9391
9405
9417
9431
9443
9458
9470
9484
9496
9511
9523
9537
9549
9564
9576
9590
9602
9616
9629
9643
9655
9669
9682
9696
9708
9722
9735
9749
9761
9775
9787
9802
9814
9828
9840
9853
9864
9877
9889
9902
9913
9927
9938
9951
9963
9976
9987
10000
10012
10025
10036
10050
10061
10074
10086
10099
10110
10124
10135
10148
10160
10172
10185
10196
10210
10221
10234
10246
10259
10270
10284
10295
10308
10320
10332
10345
10356
10370
10381
10394
10406
10419
10430
10444
10455
10468
10480
10492
10505
10516
10530
10541
10554
10566
10579
10590
10602
10613
10625
10636
10649
10659
10672
10683
10695
10706
10719
10729
10742
10752
10765
10776
10788
10799
10812
10822
10835
10846
10858
10869
10881
10892
10905
10915
10928
10939
10951
10962
10975
10985
10998
11009
11021
11032
11044
11055
11068
11078
11091
11102
11114
11125
11138
11148
11161
11171
11184
11195
11207
11218
11231
11241
11254
11265
11277
11288
11300
11311
11324
11336
11347
11360
11371
11384
11395
11408
11419
11432
11443
11456
11467
11480
11491
11504
11515
11528
11539
11552
11563
11575
11586
11599
11610
11623
11634
11647
11658
11671
11682
11695
11706
11719
11730
11743
11754
11767
11778
11791
11802
11815
11825
11838
11849
11862
11873
11886
11897
11910
11921
11934
11945
11958
11969
11982
11993
12006
12017
12030
12041
12054
12065
12077
12088
12101
12112
12125
12138
12150
12164
12176
12190
12202
12215
12227
12241
12253
12267
12279
12292
12304
12318
12330
12344
12356
12369
12381
12395
12407
12421
12433
12446
12458
12472
12484
12498
12510
12523
12535
12549
12561
12575
12587
12600
12612
12626
12638
12652
12664
12677
12689
12703
12715
12729
12741
12754
12766
12780
12792
12806
12818
12831
12843
12857
12870
12881
12894
12905
12918
12929
12943
12954
12967
12978
12991
13002
13016
13027
13040
13051
13064
13075
13089
13100
13113
13124
13137
13148
13161
13173
13186
13197
13210
13221
13234
13246
13259
13270
13283
13294
13307
13319
13332
13343
13356
13367
13380
13391
13405
13416
13429
13440
13453
13464
13478
13489
13502
13513
13526
13537
13551
13562
13575
13586
13599
13610
13623
13635
13648
13660
13674
13685
13699
13711
13725
13736
13750
13762
13776
13787
13801
13813
13827
13838
13852
13864
13878
13889
13903
13915
13928
13940
13954
13966
13979
13991
14005
14017
14030
14042
14056
14068
14081
14093
14107
14119
14132
14144
14158
14170
14183
14195
14209
14220
14234
14246
14260
14271
14285
14297
14311
14322
14336
14348
14362
14373
14385
14396
14409
14420
14433
14444
14457
14468
14480
14491
14504
14515
14528
14539
14552
14563
14575
14586
14599
14610
14623
14634
14647
14658
14671
14681
14694
14705
14718
14729
14742
14753
14766
14776
14789
14800
14813
14824
14837
14848
14861
14872
14884
14895
14908
14919
14932
14943
14956
14967
14979
14990
15003
15014
15027
15038
15051
15062
15074
15085
15098
15109
15122
15133
15146
15158
15172
15183
15197
15209
15222
15234
15248
15259
15273
15285
15298
15310
15324
15335
15349
15361
15375
15386
15400
15412
15425
15437
15451
15462
15476
15488
15501
15513
15527
15538
15552
15564
15577
15589
15603
15615
15628
15640
15654
15665
15679
15691
15704
15716
15730
15741
15755
15767
15780
15792
15806
15817
15831
15843
15857
15868
15882
15894
15907
15919
15933
15945
15956
15969
15980
15992
16003
16016
16027
16039
16050
16063
16074
16087
16097
16110
16121
16134
16144
16157
16168
16181
16192
16204
16215
16228
16239
16251
16262
16275
16286
16299
16309
16322
16333
16346
16356
16369
16380
16393
16404
16416
16427
16440
16451
16463
16474
16487
16498
16511
16521
16534
16545
16558
16568
16581
16592
16605
16616
16628
16639
16652
16663
16675
16686
16700
16713
16728
16741
16755
16768
16783
16796
16811
16823
16838
16851
16866
16879
16893
16906
16921
16934
16949
16961
16976
16989
17004
17017
17031
17044
17059
17072
17086
17099
17114
17127
17142
17154
17169
17182
17197
17210
17224
17237
17252
17265
17280
17292
17307
17320
17335
17348
17362
17375
17390
17403
17418
17430
17445
17459
17471
17485
17498
17512
17524
17539
17551
17565
17578
17592
17604
17619
17631
17645
17658
17672
17684
17699
17711
17725
17738
17752
17764
17778
17791
17805
17817
17832
17844
17858
17871
17885
17897
17912
17924
17938
17951
17965
17977
17992
18004
18018
18031
18045
18057
18071
18084
18098
18110
18125
18137
18151
18164
18177
18188
18201
18212
18225
18236
18249
18260
18274
18285
18298
18309
18322
18333
18346
18357
18371
18382
18395
18406
18419
18430
18443
18454
18468
18479
18492
18503
18516
18527
18540
18551
18564
18576
18589
18600
18613
18624
18637
18648
18661
18673
18686
18697
18710
18721
18734
18745
18758
18770
18783
18794
18807
18818
18831
18842
18855
18867
18880
18891
18904
18915
18928
18939
18952
18964
18975
18988
18999
19012
19023
19036
19047
19060
19071
19084
19094
19107
19118
19131
19142
19155
19166
19179
19190
19203
19214
19227
19237
19250
19261
19274
19285
19298
19309
19322
19333
19346
19357
19370
19380
19393
19404
19417
19428
19441
19452
19465
19476
19489
19500
19513
19523
19536
19547
19560
19571
19584
19595
19608
19619
19632
19643
19656
19666
19679
19690
19704
19716
19730
19742
19757
19769
19783
19795
19810
19822
19836
19848
19862
19875
19889
19901
19915
19928
19942
19954
19968
19981
19995
20007
20021
20033
20048
20060
20074
20086
20101
20113
20127
20139
20154
20166
20180
20192
20206
20219
20233
20245
20259
20272
20286
20298
20312
20325
20339
20351
20365
20377
20392
20404
20418
20430
20443
20454
20467
20479
20492
20503
20517
20528
20541
20553
20566
20577
20590
20602
20615
20626
20640
20651
20664
20676
20689
20700
20714
20725
20738
20750
20762
20775
20786
20800
20811
20824
20836
20849
20860
20874
20885
20898
20910
20922
20935
20946
20960
20971
20984
20996
21009
21020
21034
21045
21058
21070
21082
21095
21106
21120
21131
21144
21156
21169
21180
21192
21203
21215
21226
21239
21249
21262
21273
21285
21296
21309
21319
21332
21342
21355
21366
21378
21389
21402
21412
21425
21436
21448
21459
21471
21482
21495
21505
21518
21529
21541
21552
21565
21575
21588
21599
21611
21622
21634
21645
21658
21668
21681
21692
21704
21715
21728
21738
21751
21761
21774
21785
21797
21808
21821
21831
21844
21855
21867
21878
21890
21901
21914
21926
21937
21950
21961
21974
21985
21998
22009
22022
22033
22046
22057
22070
22081
22094
22105
22118
22129
22142
22153
22165
22176
22189
22200
22213
22224
22237
22248
22261
22272
22285
22296
22309
22320
22333
22344
22357
22368
22381
22392
22405
22415
22428
22439
22452
22463
22476
22487
22500
22511
22524
22535
22548
22559
22572
22583
22596
22607
22620
22631
22644
22655
22667
22678
22691
22702
22715
22728
22740
22754
22766
22780
22792
22805
22817
22831
22843
22857
22869
22882
22894
22908
22920
22934
22946
22959
22971
22985
22997
23011
23023
23036
23048
23062
23074
23088
23100
23113
23125
23139
23151
23165
23177
23190
23202
23216
23228
23242
23254
23267
23279
23293
23305
23319
23331
23344
23356
23370
23382
23396
23408
23421
23433
23447
23460
23471
23484
23495
23508
23519
23533
23544
23557
23568
23581
23592
23606
23617
23630
23641
23654
23665
23679
23690
23703
23714
23727
23738
23751
23763
23776
23787
23800
23811
23824
23836
23849
23860
23873
23884
23897
23909
23922
23933
23946
23957
23970
23981
23995
24006
24019
24030
24043
24054
24068
24079
24092
24103
24116
24127
24141
24152
24165
24176
24189
24200
24213
24225
24238
24250
24264
24275
24289
24301
24315
24326
24340
24352
24366
24377
24391
24403
24417
24428
24442
24454
24468
24479
24493
24505
24518
24530
24544
24556
24569
24581
24595
24607
24620
24632
24646
24658
24671
24683
24697
24709
24722
24734
24748
24760
24773
24785
24799
24810
24824
24836
24850
24861
24875
24887
24901
24912
24926
24938
24952
24963
24975
24986
24999
25010
25023
25034
25047
25058
25070
25081
25094
25105
25118
25129
25142
25153
25165
25176
25189
25200
25213
25224
25237
25248
25261
25271
25284
25295
25308
25319
25332
25343
25356
25366
25379
25390
25403
25414
25427
25438
25451
25462
25474
25485
25498
25509
25522
25533
25546
25557
25569
25580
25593
25604
25617
25628
25641
25652
25664
25675
25688
25699
25712
25723
25736
25748
25762
25773
25787
25799
25812
25824
25838
25849
25863
25875
25888
25900
25914
25925
25939
25951
25965
25976
25990
26002
26015
26027
26041
26052
26066
26078
26091
26103
26117
26128
26142
26154
26167
26179
26193
26205
26218
26230
26244
26255
26269
26281
26294
26306
26320
26331
26345
26357
26370
26382
26396
26407
26421
26433
26447
26458
26472
26484
26497
26509
26523
26535
26546
26559
26570
26582
26593
26606
26617
26629
26640
26653
26664
26677
26687
26700
26711
26724
26734
26747
26758
26771
26782
26794
26805
26818
26829
26841
26852
26865
26876
26889
26899
26912
26923
26936
26946
26959
26970
26983
26994
27006
27017
27030
27041
27053
27064
27077
27088
27101
27111
27124
27135
27148
27158
27171
27182
27195
27206
27218
27229
27242
27253
27265
27276
27290
27303
27318
27331
27345
27358
27373
27386
27401
27413
27428
27441
27456
27469
27483
27496
27511
27524
27539
27551
27566
27579
27594
27607
27621
27634
27649
27662
27676
27689
27704
27717
27732
27744
27759
27772
27787
27800
27814
27827
27842
27855
27870
27882
27897
27910
27925
27938
27952
27965
27980
27993
28008
28020
28035
28049
28061
28075
28088
28102
28114
28129
28141
28155
28168
28182
28194
28209
28221
28235
28248
28262
28274
28289
28301
28315
28328
28342
28354
28368
28381
28395
28407
28422
28434
28448
28461
28475
28487
28502
28514
28528
28541
28555
28567
28582
28594
28608
28621
28635
28647
28661
28674
28688
28700
28715
28727
28741
28754
28767
28778
28791
28802
28815
28826
28839
28850
28864
28875
28888
28899
28912
28923
28936
28947
28961
28972
28985
28996
29009
29020
29033
29044
29058
29069
29082
29093
29106
29117
29130
29141
29154
29166
29179
29190
29203
29214
29227
29238
29251
29263
29276
29287
29300
29311
29324
29335
29348
29360
29373
29384
29397
29408
29421
29432
29445
29457
29470
29481
29494
29505
29518
29529
29542
29554
29565
29578
29589
29602
29613
29626
29637
29650
29661
29674
29684
29697
29708
29721
29732
29745
29756
29769
29780
29793
29804
29817
29827
29840
29851
29864
29875
29888
29899
29912
29923
29936
29947
29960
29970
29983
29994
30007
30018
30031
30042
30055
30066
30079
30090
30103
30113
30126
30137
30150
30161
30174
30185
30198
30209
30222
30233
30246
30256
30269
30280
30294
30306
30320
30332
30347
30359
30373
30385
30400
30412
30426
30438
30452
30465
30479
30491
30505
30518
30532
30544
30558
30571
30585
30597
30611
30623
30638
30650
30664
30676
30691
30703
30717
30729
30744
30756
30770
30782
30796
30809
30823
30835
30849
30862
30876
30888
30902
30915
30929
30941
30955
30967
30982
30994
31008
31020
31033
31044
31057
31069
31082
31093
31107
31118
31131
31143
31156
31167
31180
31192
31205
31216
31230
31241
31254
31266
31279
31290
31304
31315
31328
31340
31352
31365
31376
31390
31401
31414
31426
31439
31450
31464
31475
31488
31500
31512
31525
31536
31550
31561
31574
31586
31599
31610
31624
31635
31648
31660
31672
31685
31696
31710
31721
31734
31746
31759
31770
31782
31793
31805
31816
31829
31839
31852
31863
31875
31886
31899
31909
31922
31932
31945
31956
31968
31979
31992
32002
32015
32026
32038
32049
32061
32072
32085
32095
32108
32119
32131
32142
32155
32165
32178
32189
32201
32212
32224
32235
32248
32258
32271
32282
32294
32305
32318
32328
32341
32351
32364
32375
32387
32398
32411
32421
32434
32445
32457
32468
32480
32491
32504
32516
32527
32540
32551
32564
32575
32588
32599
32612
32623
32636
32647
32660
32671
32684
32695
32708
32719
32732
32743
32755
32766
32779
32790
32803
32814
32827
32838
32851
32862
32875
32886
32899
32910
32923
32934
32947
32958
32971
32982
32995
33005
33018
33029
33042
33053
33066
33077
33090
33101
33114
33125
33138
33149
33162
33173
33186
33197
33210
33221
33234
33245
33257
33268
33281
33292
33305
33318
33330
33344
33356
33370
33382
33395
33407
33421
33433
33447
33459
33472
33484
33498
33510
33524
33536
33549
33561
33575
33587
33601
33613
33626
33638
33652
33664
33678
33690
33703
33715
33729
33741
33755
33767
33780
33792
33806
33818
33832
33844
33857
33869
33883
33895
33909
33921
33934
33946
33960
33972
33986
33998
34011
34023
34037
34050
34061
34074
34085
34098
34109
34123
34134
34147
34158
34171
34182
34196
34207
34220
34231
34244
34255
34269
34280
34293
34304
34317
34328
34341
34353
34366
34377
34390
34401
34414
34426
34439
34450
34463
34474
34487
34499
34512
34523
34536
34547
34560
34571
34585
34596
34609
34620
34633
34644
34658
34669
34682
34693
34706
34717
34731
34742
34755
34766
34779
34790
34803
34815
34828
34840
34854
34865
34879
34891
34905
34916
34930
34942
34956
34967
34981
34993
35007
35018
35032
35044
35058
35069
35083
35095
35108
35120
35134
35146
35159
35171
35185
35197
35210
35222
35236
35248
35261
35273
35287
35299
35312
35324
35338
35350
35363
35375
35389
35400
35414
35426
35440
35451
35465
35477
35491
35502
35516
35528
35542
35553
35565
35576
35589
35600
35613
35624
35637
35648
35660
35671
35684
35695
35708
35719
35732
35743
35755
35766
35779
35790
35803
35814
35827
35838
35851
35861
35874
35885
35898
35909
35922
35933
35946
35956
35969
35980
35993
36004
36017
36028
36041
36052
36064
36075
36088
36099
36112
36123
36136
36147
36159
36170
36183
36194
36207
36218
36231
36242
36254
36265
36278
36289
36302
36313
36326
36338
36352
36363
36377
36389
36402
36414
36428
36439
36453
36465
36478
36490
36504
36515
36529
36541
36555
36566
36580
36592
36605
36617
36631
36642
36656
36668
36681
36693
36707
36718
36732
36744
36757
36769
36783
36795
36808
36820
36834
36845
36859
36871
36884
36896
36910
36921
36935
36947
36960
36972
36986
36997
37011
37023
37037
37048
37062
37074
37087
37099
37113
37125
37136
37149
37160
37172
37183
37196
37207
37219
37230
37243
37254
37267
37277
37290
37301
37314
37324
37337
37348
37361
37372
37384
37395
37408
37419
37431
37442
37455
37466
37479
37489
37502
37513
37526
37536
37549
37560
37573
37584
37596
37607
37620
37631
37643
37654
37667
37678
37691
37701
37714
37725
37738
37748
37761
37772
37785
37796
37808
37819
37832
37843
37855
37866
37880
37893
37908
37921
37935
37948
37963
37976
37991
38003
38018
38031
38046
38059
38073
38086
38101
38114
38129
38141
38156
38169
38184
38197
38211
38224
38239
38252
38266
38279
38294
38307
38322
38334
38349
38362
38377
38390
38404
38417
38432
38445
38460
38472
38487
38500
38515
38528
38542
38555
38570
38583
38598
38610
38625
38639
38651
38665
38678
38692
38704
38719
38731
38745
38758
38772
38784
38799
38811
38825
38838
38852
38864
38879
38891
38905
38918
38932
38944
38958
38971
38985
38997
39012
39024
39038
39051
39065
39077
39092
39104
39118
39131
39145
39157
39172
39184
39198
39211
39225
39237
39251
39264
39278
39290
39305
39317
39331
39344
39357
39368
39381
39392
39405
39416
39429
39440
39454
39465
39478
39489
39502
39513
39526
39537
39551
39562
39575
39586
39599
39610
39623
39634
39648
39659
39672
39683
39696
39707
39720
39731
39744
39756
39769
39780
39793
39804
39817
39828
39841
39853
39866
39877
39890
39901
39914
39925
39938
39950
39963
39974
39987
39998
40011
40022
40035
40047
40060
40071
40084
40095
40108
40119
40132
40144
40155
40168
40179
40192
40203
40216
40227
40240
40251
40264
40274
40287
40298
40311
40322
40335
40346
40359
40370
40383
40394
40407
40417
40430
40441
40454
40465
40478
40489
40502
40513
40526
40537
40550
40560
40573
40584
40597
40608
40621
40632
40645
40656
40669
40680
40693
40703
40716
40727
40740
40751
40764
40775
40788
40799
40812
40823
40836
40846
40859
40870
40884
40896
40910
40922
40937
40949
40963
40975
40990
41002
41016
41028
41042
41055
41069
41081
41095
41108
41122
41134
41148
41161
41175
41187
41201
41213
41228
41240
41254
41266
41281
41293
41307
41319
41334
41346
41360
41372
41386
41399
41413
41425
41439
41452
41466
41478
41492
41505
41519
41531
41545
41557
41572
41584
41598
41610
41623
41634
41647
41659
41672
41683
41697
41708
41721
41733
41746
41757
41770
41782
41795
41806
41820
41831
41844
41856
41869
41880
41894
41905
41918
41930
41942
41955
41966
41980
41991
42004
42016
42029
42040
42054
42065
42078
42090
42102
42115
42126
42140
42151
42164
42176
42189
42200
42214
42225
42238
42250
42262
42275
42286
42300
42311
42324
42336
42349
42360
42372
42383
42395
42406
42419
42429
42442
42453
42465
42476
42489
42499
42512
42522
42535
42546
42558
42569
42582
42592
42605
42616
42628
42639
42651
42662
42675
42685
42698
42709
42721
42732
42745
42755
42768
42779
42791
42802
42814
42825
42838
42848
42861
42872
42884
42895
42908
42918
42931
42941
42954
42965
42977
42988
43001
43011
43024
43035
43047
43058
43070
43081
43094
43106
43117
43130
43141
43154
43165
43178
43189
43202
43213
43226
43237
43250
43261
43274
43285
43298
43309
43322
43333
43345
43356
43369
43380
43393
43404
43417
43428
43441
43452
43465
43476
43489
43500
43513
43524
43537
43548
43561
43572
43585
43595
43608
43619
43632
43643
43656
43667
43680
43691
43704
43715
43728
43739
43752
43763
43776
43787
43800
43811
43824
43835
43847
43858
43871
43882
43895
43908
43920
43934
43946
43960
43972
43985
43997
44011
44023
44037
44049
44062
44074
44088
44100
44114
44126
44139
44151
44165
44177
44191
44203
44216
44228
44242
44254
44268
44280
44293
44305
44319
44331
44345
44357
44370
44382
44396
44408
44422
44434
44447
44459
44473
44485
44499
44511
44524
44536
44550
44562
44576
44588
44601
44613
44627
44640
44651
44664
44675
44688
44699
44713
44724
44737
44748
44761
44772
44786
44797
44810
44821
44834
44845
44859
44870
44883
44894
44907
44918
44931
44943
44956
44967
44980
44991
45004
45016
45029
45040
45053
45064
45077
45089
45102
45113
45126
45137
45150
45161
45175
45186
45199
45210
45223
45234
45248
45259
45272
45283
45296
45307
45321
45332
45345
45356
45369
45380
45393
45405
45418
45430
45444
45455
45469
45481
45495
45506
45520
45532
45546
45557
45571
45583
45597
45608
45622
45634
45648
45659
45673
45685
45698
45710
45724
45736
45749
45761
45775
45787
45800
45812
45826
45838
45851
45863
45877
45889
45902
45914
45928
45940
45953
45965
45979
45990
46004
46016
46030
46041
46055
46067
46081
46092
46106
46118
46132
46143
46155
46166
46179
46190
46203
46214
46227
46238
46250
46261
46274
46285
46298
46309
46322
46333
46345
46356
46369
46380
46393
46404
46417
46428
46441
46451
46464
46475
46488
46499
46512
46523
46536
46546
46559
46570
46583
46594
46607
46618
46631
46642
46654
46665
46678
46689
46702
46713
46726
46737
46749
46760
46773
46784
46797
46808
46821
46832
46844
46855
46868
46879
46892
46903
46916
46928
46942
46953
46967
46979
46992
47004
47018
47029
47043
47055
47068
47080
47094
47105
47119
47131
47145
47156
47170
47182
47195
47207
47221
47232
47246
47258
47271
47283
47297
47308
47322
47334
47347
47359
47373
47385
47398
47410
47424
47435
47449
47461
47474
47486
47500
47511
47525
47537
47550
47562
47576
47587
47601
47613
47627
47638
47652
47664
47677
47689
47703
47715
47726
47739
47750
47762
47773
47786
47797
47809
47820
47833
47844
47857
47867
47880
47891
47904
47914
47927
47938
47951
47962
47974
47985
47998
48009
48021
48032
48045
48056
48069
48079
48092
48103
48116
48126
48139
48150
48163
48174
48186
48197
48210
48221
48233
48244
48257
48268
48281
48291
48304
48315
48328
48338
48351
48362
48375
48386
48398
48409
48422
48433
48445
48456
48470
48483
48498
48511
48525
48538
48553
48566
48581
48593
48608
48621
48636
48649
48663
48676
48691
48704
48719
48731
48746
48759
48774
48787
48801
48814
48829
48842
48856
48869
48884
48897
48912
48924
48939
48952
48967
48980
48994
49007
49022
49035
49050
49062
49077
49090
49105
49118
49132
49145
49160
49173
49188
49200
49215
49229
49241
49255
49268
49282
49294
49309
49321
49335
49348
49362
49374
49389
49401
49415
49428
49442
49454
49469
49481
49495
49508
49522
49534
49548
49561
49575
49587
49602
49614
49628
49641
49655
49667
49682
49694
49708
49721
49735
49747
49762
49774
49788
49801
49815
49827
49841
49854
49868
49880
49895
49907
49921
49934
49947
49958
49971
49982
49995
50006
50019
50030
50044
50055
50068
50079
50092
50103
50116
50127
50141
50152
50165
50176
50189
50200
50213
50224
50238
50249
50262
50273
50286
50297
50310
50321
50334
50346
50359
50370
50383
50394
50407
50418
50431
50443
50456
50467
50480
50491
50504
50515
50528
50540
50553
50564
50577
50588
50601
50612
50625
50637
50650
50661
50674
50685
50698
50709
50722
50734
50745
50758
50769
50782
50793
50806
50817
50830
50841
50854
50864
50877
50888
50901
50912
50925
50936
50949
50960
50973
50984
50997
51007
51020
51031
51044
51055
51068
51079
51092
51103
51116
51127
51140
51150
51163
51174
51187
51198
51211
51222
51235
51246
51259
51270
51283
51293
51306
51317
51330
51341
51354
51365
51378
51389
51402
51413
51426
51436
51449
51460
51474
51486
51500
51512
51527
51539
51553
51565
51580
51592
51606
51618
51632
51645
51659
51671
51685
51698
51712
51724
51738
51751
51765
51777
51791
51803
51818
51830
51844
51856
51871
51883
51897
51909
51924
51936
51950
51962
51976
51989
52003
52015
52029
52042
52056
52068
52082
52095
52109
52121
52135
52147
52162
52174
52188
52200
52213
52224
52237
52249
52262
52273
52287
52298
52311
52323
52336
52347
52360
52372
52385
52396
52410
52421
52434
52446
52459
52470
52484
52495
52508
52520
52532
52545
52556
52570
52581
52594
52606
52619
52630
52644
52655
52668
52680
52692
52705
52716
52730
52741
52754
52766
52779
52790
52804
52815
52828
52840
52852
52865
52876
52890
52901
52914
52926
52939
52950
52962
52973
52985
52996
53009
53019
53032
53043
53055
53066
53079
53089
53102
53112
53125
53136
53148
53159
53172
53182
53195
53206
53218
53229
53241
53252
53265
53275
53288
53299
53311
53322
53335
53345
53358
53369
53381
53392
53404
53415
53428
53438
53451
53462
53474
53485
53498
53508
53521
53531
53544
53555
53567
53578
53591
53601
53614
53625
53637
53648
53660
53671
53684
53696
53707
53720
53731
53744
53755
53768
53779
53792
53803
53816
53827
53840
53851
53864
53875
53888
53899
53912
53923
53935
53946
53959
53970
53983
53994
54007
54018
54031
54042
54055
54066
54079
54090
54103
54114
54127
54138
54151
54162
54175
54185
54198
54209
54222
54233
54246
54257
54270
54281
54294
54305
54318
54329
54342
54353
54366
54377
54390
54401
54414
54425
54437
54448
54461
54472
54485
54498
54510
54524
54536
54550
54562
54575
54587
54601
54613
54627
54639
54652
54664
54678
54690
54704
54716
54729
54741
54755
54767
54781
54793
54806
54818
54832
54844
54858
54870
54883
54895
54909
54921
54935
54947
54960
54972
54986
54998
55012
55024
55037
55049
55063
55075
55089
55101
55114
55126
55140
55152
55166
55178
55191
55203
55217
55230
55241
55254
55265
55278
55289
55303
55314
55327
55338
55351
55362
55376
55387
55400
55411
55424
55435
55449
55460
55473
55484
55497
55508
55521
55533
55546
55557
55570
55581
55594
55606
55619
55630
55643
55654
55667
55679
55692
55703
55716
55727
55740
55751
55765
55776
55789
55800
55813
55824
55838
55849
55862
55873
55886
55897
55911
55922
55935
55946
55959
55970
55983
55995
56008
56020
56034
56045
56059
56071
56085
56096
56110
56122
56136
56147
56161
56173
56187
56198
56212
56224
56238
56249
56263
56275
56288
56300
56314
56326
56339
56351
56365
56377
56390
56402
56416
56428
56441
56453
56467
56479
56492
56504
56518
56530
56543
56555
56569
56580
56594
56606
56620
56631
56645
56657
56671
56682
56696
56708
56722
56733
56745
56756
56769
56780
56793
56804
56817
56828
56840
56851
56864
56875
56888
56899
56912
56923
56935
56946
56959
56970
56983
56994
57007
57018
57031
57041
57054
57065
57078
57089
57102
57113
57126
57136
57149
57160
57173
57184
57197
57208
57221
57232
57244
57255
57268
57279
57292
57303
57316
57327
57339
57350
57363
57374
57387
57398
57411
57422
57434
57445
57458
57469
57482
57493
57506
57518
57532
57543
57557
57569
57582
57594
57608
57619
57633
57645
57658
57670
57684
57695
57709
57721
57735
57746
57760
57772
57785
57797
57811
57822
57836
57848
57861
57873
57887
57898
57912
57924
57937
57949
57963
57975
57988
58000
58014
58025
58039
58051
58064
58076
58090
58101
58115
58127
58140
58152
58166
58177
58191
58203
58217
58228
58242
58254
58267
58279
58293
58305
58316
58329
58340
58352
58363
58376
58387
58399
58410
58423
58434
58447
58457
58470
58481
58494
58504
58517
58528
58541
58552
58564
58575
58588
58599
58611
58622
58635
58646
58659
58669
58682
58693
58706
58716
58729
58740
58753
58764
58776
58787
58800
58811
58823
58834
58847
58858
58871
58881
58894
58905
58918
58928
58941
58952
58965
58976
58988
58999
59012
59023
59035
59046
59060
59073
59088
59101
59115
59128
59143
59156
59171
59183
59198
59211
59226
59239
59253
59266
59281
59294
59309
59321
59336
59349
59364
59377
59391
59404
59419
59432
59446
59459
59474
59487
59502
59514
59529
59542
59557
59570
59584
59597
59612
59625
59640
59652
59667
59680
59695
59708
59722
59735
59750
59763
59778
59790
59805
59819
59831
59845
59858
59872
59884
59899
59911
59925
59938
59952
59964
59979
59991
60005
60018
60032
60044
60059
60071
60085
60098
60112
60124
60138
60151
60165
60177
60192
60204
60218
60231
60245
60257
60272
60284
60298
60311
60325
60337
60352
60364
60378
60391
60405
60417
60431
60444
60458
60470
60485
60497
60511
60524
60537
60548
60561
60572
60585
60596
60609
60620
60634
60645
60658
60669
60682
60693
60706
60717
60731
60742
60755
60766
60779
60790
60803
60814
60828
60839
60852
60863
60876
60887
60900
60911
60924
60936
60949
60960
60973
60984
60997
61008
61021
61033
61046
61057
61070
61081
61094
61105
61118
61130
61143
61154
61167
61178
61191
61202
61215
61227
61240
61251
61264
61275
61288
61299
61312
61324
61335
61348
61359
61372
61383
61396
61407
61420
61431
61444
61454
61467
61478
61491
61502
61515
61526
61539
61550
61563
61574
61587
61597
61610
61621
61634
61645
61658
61669
61682
61693
61706
61717
61730
61740
61753
61764
61777
61788
61801
61812
61825
61836
61849
61860
61873
61883
61896
61907
61920
61931
61944
61955
61968
61979
61992
62003
62016
62026
62039
62050
62064
62076
62090
62102
62117
62129
62143
62155
62170
62182
62196
62208
62222
62235
62249
62261
62275
62288
62302
62314
62328
62341
62355
62367
62381
62393
62408
62420
62434
62446
62461
62473
62487
62499
62514
62526
62540
62552
62566
62579
62593
62605
62619
62632
62646
62658
62672
62685
62699
62711
62725
62737
62752
62764
62778
62790
62803
62814
62827
62839
62852
62863
62877
62888
62901
62913
62926
62937
62950
62962
62975
62986
63000
63011
63024
63036
63049
63060
63074
63085
63098
63110
63122
63135
63146
63160
63171
63184
63196
63209
63220
63234
63245
63258
63270
63282
63295
63306
63320
63331
63344
63356
63369
63380
63394
63405
63418
63430
63442
63455
63466
63480
63491
63504
63516
63529
63540
63552
63563
63575
63586
63599
63609
63622
63633
63645
63656
63669
63679
63692
63702
63715
63726
63738
63749
63762
63772
63785
63796
63808
63819
63831
63842
63855
63865
63878
63889
63901
63912
63925
63935
63948
63959
63971
63982
63994
64005
64018
64028
64041
64052
64064
64075
64088
64098
64111
64121
64134
64145
64157
64168
64181
64191
64204
64215
64227
64238
64250
64261
64274
64286
64297
64310
64321
64334
64345
64358
64369
64382
64393
64406
64417
64430
64441
64454
64465
64478
64489
64502
64513
64525
64536
64549
64560
64573
64584
64597
64608
64621
64632
64645
64656
64669
64680
64693
64704
64717
64728
64741
64752
64765
64775
64788
64799
64812
64823
64836
64847
64860
64871
64884
64895
64908
64919
64932
64943
64956
64967
64980
64991
65004
65015
65027
65038
65051
65062
65075
65088
65100
65114
65126
65140
65152
65165
65177
65191
65203
65217
65229
65242
65254
65268
65280
65294
65306
65319
65331
65345
65357
65371
65383
65396
65408
65422
65434
65448
65460
65473
65485
65499
65511
65525
65537
65550
65562
65576
65588
65602
65614
65627
65639
65653
65665
65679
65691
65704
65716
65730
65742
65756
65768
65781
65793
65807
65820
65831
65844
65855
65868
65879
65893
65904
65917
65928
65941
65952
65966
65977
65990
66001
66014
66025
66039
66050
66063
66074
66087
66098
66111
66123
66136
66147
66160
66171
66184
66196
66209
66220
66233
66244
66257
66269
66282
66293
66306
66317
66330
66341
66355
66366
66379
66390
66403
66414
66428
66439
66452
66463
66476
66487
66501
66512
66525
66536
66549
66560
66573
66585
66598
66610
66624
66635
66649
66661
66675
66686
66700
66712
66726
66737
66751
66763
66777
66788
66802
66814
66828
66839
66853
66865
66878
66890
66904
66916
66929
66941
66955
66967
66980
66992
67006
67018
67031
67043
67057
67069
67082
67094
67108
67120
67133
67145
67159
67170
67184
67196
67210
67221
67235
67247
67261
67272
67286
67298
67312
67323
67335
67346
67359
67370
67383
67394
67407
67418
67430
67441
67454
67465
67478
67489
67502
67513
67525
67536
67549
67560
67573
67584
67597
67608
67621
67631
67644
67655
67668
67679
67692
67703
67716
67726
67739
67750
67763
67774
67787
67798
67811
67822
67834
67845
67858
67869
67882
67893
67906
67917
67929
67940
67953
67964
67977
67988
68001
68012
68024
68035
68048
68059
68072
68083
68096
68108
68122
68133
68147
68159
68172
68184
68198
68209
68223
68235
68248
68260
68274
68285
68299
68311
68325
68336
68350
68362
68375
68387
68401
68412
68426
68438
68451
68463
68477
68488
68502
68514
68527
68539
68553
68565
68578
68590
68604
68615
68629
68641
68654
68666
68680
68691
68705
68717
68730
68742
68756
68767
68781
68793
68807
68818
68832
68844
68857
68869
68883
68895
68906
68919
68930
68942
68953
68966
68977
68989
69000
69013
69024
69037
69047
69060
69071
69084
69094
69107
69118
69131
69142
69154
69165
69178
69189
69201
69212
69225
69236
69249
69259
69272
69283
69296
69306
69319
69330
69343
69354
69366
69377
69390
69401
69413
69424
69437
69448
69461
69471
69484
69495
69508
69518
69531
69542
69555
69566
69578
69589
69602
69613
69625
69636
69650
69663
69678
69691
69705
69718
69733
69746
69761
69773
69788
69801
69816
69829
69843
69856
69871
69884
69899
69911
69926
69939
69954
69967
69981
69994
70009
70022
70036
70049
70064
70077
70092
70104
70119
70132
70147
70160
70174
70187
70202
70215
70230
70242
70257
70270
70285
70298
70312
70325
70340
70353
70368
70380
70395
70409
70421
70435
70448
70462
70474
70489
70501
70515
70528
70542
70554
70569
70581
70595
70608
70622
70634
70649
70661
70675
70688
70702
70714
70728
70741
70755
70767
70782
70794
70808
70821
70835
70847
70862
70874
70888
70901
70915
70927
70942
70954
70968
70981
70995
71007
71021
71034
71048
71060
71075
71087
71101
71114
71127
71138
71151
71162
71175
71186
71199
71210
71224
71235
71248
71259
71272
71283
71296
71307
71321
71332
71345
71356
71369
71380
71393
71404
71418
71429
71442
71453
71466
71477
71490
71501
71514
71526
71539
71550
71563
71574
71587
71598
71611
71623
71636
71647
71660
71671
71684
71695
71708
71720
71733
71744
71757
71768
71781
71792
71805
71817
71830
71841
71854
71865
71878
71889
71902
71914
71925
71938
71949
71962
71973
71986
71997
72010
72021
72034
72044
72057
72068
72081
72092
72105
72116
72129
72140
72153
72164
72177
72187
72200
72211
72224
72235
72248
72259
72272
72283
72296
72307
72320
72330
72343
72354
72367
72378
72391
72402
72415
72426
72439
72450
72463
72473
72486
72497
72510
72521
72534
72545
72558
72569
72582
72593
72606
72616
72629
72640
72654
72666
72680
72692
72707
72719
72733
72745
72760
72772
72786
72798
72812
72825
72839
72851
72865
72878
72892
72904
72918
72931
72945
72957
72971
72983
72998
73010
73024
73036
73051
73063
73077
73089
73104
73116
73130
73142
73156
73169
73183
73195
73209
73222
73236
73248
73262
73275
73289
73301
73315
73327
73342
73354
73368
73380
73393
73404
73417
73429
73442
73453
73467
73478
73491
73503
73516
73527
73540
73552
73565
73576
73590
73601
73614
73626
73639
73650
73664
73675
73688
73700
73712
73725
73736
73750
73761
73774
73786
73799
73810
73824
73835
73848
73860
73872
73885
73896
73910
73921
73934
73946
73959
73970
73984
73995
74008
74020
74032
74045
74056
74070
74081
74094
74106
74119
74130
74142
74153
74165
74176
74189
74199
74212
74223
74235
74246
74259
74269
74282
74292
74305
74316
74328
74339
74352
74362
74375
74386
74398
74409
74421
74432
74445
74455
74468
74479
74491
74502
74515
74525
74538
74549
74561
74572
74584
74595
74608
74618
74631
74642
74654
74665
74678
74688
74701
74711
74724
74735
74747
74758
74771
74781
74794
74805
74817
74828
74840
74851
74864
74876
74887
74900
74911
74924
74935
74948
74959
74972
74983
74996
75007
75020
75031
75044
75055
75068
75079
75092
75103
75115
75126
75139
75150
75163
75174
75187
75198
75211
75222
75235
75246
75259
75270
75283
75294
75307
75318
75331
75342
75355
75365
75378
75389
75402
75413
75426
75437
75450
75461
75474
75485
75498
75509
75522
75533
75546
75557
75570
75581
75594
75605
75617
75628
75641
75652
75665
75678
75690
75704
75716
75730
75742
75755
75767
75781
75793
75807
75819
75832
75844
75858
75870
75884
75896
75909
75921
75935
75947
75961
75973
75986
75998
76012
76024
76038
76050
76063
76075
76089
76101
76115
76127
76140
76152
76166
76178
76192
76204
76217
76229
76243
76255
76269
76281
76294
76306
76320
76332
76346
76358
76371
76383
76397
76410
76421
76434
76445
76458
76469
76483
76494
76507
76518
76531
76542
76556
76567
76580
76591
76604
76615
76629
76640
76653
76664
76677
76688
76701
76713
76726
76737
76750
76761
76774
76786
76799
76810
76823
76834
76847
76859
76872
76883
76896
76907
76920
76931
76945
76956
76969
76980
76993
77004
77018
77029
77042
77053
77066
77077
77091
77102
77115
77126
77139
77150
77163
77175
77188
77200
77214
77225
77239
77251
77265
77276
77290
77302
77316
77327
77341
77353
77367
77378
77392
77404
77418
77429
77443
77455
77468
77480
77494
77506
77519
77531
77545
77557
77570
77582
77596
77608
77621
77633
77647
77659
77672
77684
77698
77710
77723
77735
77749
77760
77774
77786
77800
77811
77825
77837
77851
77862
77876
77888
77902
77913
77925
77936
77949
77960
77973
77984
77997
78008
78020
78031
78044
78055
78068
78079
78092
78103
78115
78126
78139
78150
78163
78174
78187
78198
78211
78221
78234
78245
78258
78269
78282
78293
78306
78316
78329
78340
78353
78364
78377
78388
78401
78412
78424
78435
78448
78459
78472
78483
78496
78507
78519
78530
78543
78554
78567
78578
78591
78602
78614
78625
78638
78649
78662
78673
78686
78698
78712
78723
78737
78749
78762
78774
78788
78799
78813
78825
78838
78850
78864
78875
78889
78901
78915
78926
78940
78952
78965
78977
78991
79002
79016
79028
79041
79053
79067
79078
79092
79104
79117
79129
79143
79155
79168
79180
79194
79205
79219
79231
79244
79256
79270
79281
79295
79307
79320
79332
79346
79357
79371
79383
79397
79408
79422
79434
79447
79459
79473
79485
79496
79509
79520
79532
79543
79556
79567
79579
79590
79603
79614
79627
79637
79650
79661
79674
79684
79697
79708
79721
79732
79744
79755
79768
79779
79791
79802
79815
79826
79839
79849
79862
79873
79886
79896
79909
79920
79933
79944
79956
79967
79980
79991
80003
80014
80027
80038
80051
80061
80074
80085
80098
80108
80121
80132
80145
80156
80168
80179
80192
80203
80215
80226
80240
80253
80268
80281
80295
80308
80323
80336
80351
80363
80378
80391
80406
80419
80433
80446
80461
80474
80489
80501
80516
80529
80544
80557
80571
80584
80599
80612
80626
80639
80654
80667
80682
80694
80709
80722
80737
80750
80764
80777
80792
80805
80820
80832
80847
80860
80875
80888
80902
80915
80930
80943
80958
80970
80985
80999
81011
81025
81038
81052
81064
81079
81091
81105
81118
81132
81144
81159
81171
81185
81198
81212
81224
81239
81251
81265
81278
81292
81304
81318
81331
81345
81357
81372
81384
81398
81411
81425
81437
81452
81464
81478
81491
81505
81517
81532
81544
81558
81571
81585
81597
81611
81624
81638
81650
81665
81677
81691
81704
81717
81728
81741
81752
81765
81776
81789
81800
81814
81825
81838
81849
81862
81873
81886
81897
81911
81922
81935
81946
81959
81970
81983
81994
82008
82019
82032
82043
82056
82067
82080
82091
82104
82116
82129
82140
82153
82164
82177
82188
82201
82213
82226
82237
82250
82261
82274
82285
82298
82310
82323
82334
82347
82358
82371
82382
82395
82407
82420
82431
82444
82455
82468
82479
82492
82504
82515
82528
82539
82552
82563
82576
82587
82600
82611
82624
82634
82647
82658
82671
82682
82695
82706
82719
82730
82743
82754
82767
82777
82790
82801
82814
82825
82838
82849
82862
82873
82886
82897
82910
82920
82933
82944
82957
82968
82981
82992
83005
83016
83029
83040
83053
83063
83076
83087
83100
83111
83124
83135
83148
83159
83172
83183
83196
83206
83219
83230
83244
83256
83270
83282
83297
83309
83323
83335
83350
83362
83376
83388
83402
83415
83429
83441
83455
83468
83482
83494
83508
83521
83535
83547
83561
83573
83588
83600
83614
83626
83641
83653
83667
83679
83694
83706
83720
83732
83746
83759
83773
83785
83799
83812
83826
83838
83852
83865
83879
83891
83905
83917
83932
83944
83958
83970
83983
83994
84007
84019
84032
84043
84057
84068
84081
84093
84106
84117
84130
84142
84155
84166
84180
84191
84204
84216
84229
84240
84254
84265
84278
84290
84302
84315
84326
84340
84351
84364
84376
84389
84400
84414
84425
84438
84450
84462
84475
84486
84500
84511
84524
84536
84549
84560
84574
84585
84598
84610
84622
84635
84646
84660
84671
84684
84696
84709
84720
84732
84743
84755
84766
84779
84789
84802
84813
84825
84836
84849
84859
84872
84882
84895
84906
84918
84929
84942
84952
84965
84976
84988
84999
85011
85022
85035
85045
85058
85069
85081
85092
85105
85115
85128
85139
85151
85162
85174
85185
85198
85208
85221
85232
85244
85255
85268
85278
85291
85301
85314
85325
85337
85348
85361
85371
85384
85395
85407
85418
85430
85441
85454
85466
85477
85490
85501
85514
85525
85538
85549
85562
85573
85586
85597
85610
85621
85634
85645
85658
85669
85682
85693
85705
85716
85729
85740
85753
85764
85777
85788
85801
85812
85825
85836
85849
85860
85873
85884
85897
85908
85921
85932
85945
85955
85968
85979
85992
86003
86016
86027
86040
86051
86064
86075
86088
86099
86112
86123
86136
86147
86160
86171
86184
86195
86207
86218
86231
86242
86255
86268
86280
86294
86306
86320
86332
86345
86357
86371
86383
86397
86409
86422
86434
86448
86460
86474
86486
86499
86511
86525
86537
86551
86563
86576
86588
86602
86614
86628
86640
86653
86665
86679
86691
86705
86717
86730
86742
86756
86768
86782
86794
86807
86819
86833
86845
86859
86871
86884
86896
86910
86922
86936
86948
86961
86973
86987
87000
87011
87024
87035
87048
87059
87073
87084
87097
87108
87121
87132
87146
87157
87170
87181
87194
87205
87219
87230
87243
87254
87267
87278
87291
87303
87316
87327
87340
87351
87364
87376
87389
87400
87413
87424
87437
87449
87462
87473
87486
87497
87510
87521
87535
87546
87559
87570
87583
87594
87608
87619
87632
87643
87656
87667
87681
87692
87705
87716
87729
87740
87753
87765
87778
87790
87804
87815
87829
87841
87855
87866
87880
87892
87906
87917
87931
87943
87957
87968
87982
87994
88008
88019
88033
88045
88058
88070
88084
88096
88109
88121
88135
88147
88160
88172
88186
88198
88211
88223
88237
88249
88262
88274
88288
88300
88313
88325
88339
88350
88364
88376
88390
88401
88415
88427
88441
88452
88466
88478
88492
88503
88515
88526
88539
88550
88563
88574
88587
88598
88610
88621
88634
88645
88658
88669
88682
88693
88705
88716
88729
88740
88753
88764
88777
88788
88801
88811
88824
88835
88848
88859
88872
88883
88896
88906
88919
88930
88943
88954
88967
88978
88991
89002
89014
89025
89038
89049
89062
89073
89086
89097
89109
89120
89133
89144
89157
89168
89181
89192
89204
89215
89228
89239
89252
89263
89276
89288
89302
89313
89327
89339
89352
89364
89378
89389
89403
89415
89428
89440
89454
89465
89479
89491
89505
89516
89530
89542
89555
89567
89581
89592
89606
89618
89631
89643
89657
89668
89682
89694
89707
89719
89733
89745
89758
89770
89784
89795
89809
89821
89834
89846
89860
89871
89885
89897
89910
89922
89936
89947
89961
89973
89987
89998
90012
90024
90037
90049
90063
90075
90086
90099
90110
90122
90133
90146
90157
90169
90180
90193
90204
90217
90227
90240
90251
90264
90274
90287
90298
90311
90322
90334
90345
90358
90369
90381
90392
90405
90416
90429
90439
90452
90463
90476
90486
90499
90510
90523
90534
90546
90557
90570
90581
90593
90604
90617
90628
90641
90651
90664
90675
90688
90698
90711
90722
90735
90746
90758
90769
90782
90793
90805
90816
90830
90843
90858
90871
90885
90898
90913
90926
90941
90953
90968
90981
90996
91009
91023
91036
91051
91064
91079
91091
91106
91119
91134
91147
91161
91174
91189
91202
91216
91229
91244
91257
91272
91284
91299
91312
91327
91340
91354
91367
91382
91395
91410
91422
91437
91450
91465
91478
91492
91505
91520
91533
91548
91560
91575
91589
91601
91615
91628
91642
91654
91669
91681
91695
91708
91722
91734
91749
91761
91775
91788
91802
91814
91829
91841
91855
91868
91882
91894
91908
91921
91935
91947
91962
91974
91988
92001
92015
92027
92042
92054
92068
92081
92095
92107
92122
92134
92148
92161
92175
92187
92201
92214
92228
92240
92255
92267
92281
92294
92307
92318
92331
92342
92355
92366
92379
92390
92404
92415
92428
92439
92452
92463
92476
92487
92501
92512
92525
92536
92549
92560
92573
92584
92598
92609
92622
92633
92646
92657
92670
92681
92694
92706
92719
92730
92743
92754
92767
92778
92791
92803
92816
92827
92840
92851
92864
92875
92888
92900
92913
92924
92937
92948
92961
92972
92985
92997
93010
93021
93034
93045
93058
93069
93082
93094
93105
93118
93129
93142
93153
93166
93177
93190
93201
93214
93224
93237
93248
93261
93272
93285
93296
93309
93320
93333
93344
93357
93367
93380
93391
93404
93415
93428
93439
93452
93463
93476
93487
93500
93510
93523
93534
93547
93558
93571
93582
93595
93606
93619
93630
93643
93653
93666
93677
93690
93701
93714
93725
93738
93749
93762
93773
93786
93796
93809
93820
93834
93846
93860
93872
93887
93899
93913
93925
93940
93952
93966
93978
93992
94005
94019
94031
94045
94058
94072
94084
94098
94111
94125
94137
94151
94163
94178
94190
94204
94216
94231
94243
94257
94269
94284
94296
94310
94322
94336
94349
94363
94375
94389
94402
94416
94428
94442
94455
94469
94481
94495
94507
94522
94534
94548
94560
94573
94584
94597
94609
94622
94633
94647
94658
94671
94683
94696
94707
94720
94732
94745
94756
94770
94781
94794
94806
94819
94830
94844
94855
94868
94880
94892
94905
94916
94930
94941
94954
94966
94979
94990
95004
95015
95028
95040
95052
95065
95076
95090
95101
95114
95126
95139
95150
95164
95175
95188
95200
95212
95225
95236
95250
95261
95274
95286
95299
95310
95322
95333
95345
95356
95369
95379
95392
95403
95415
95426
95439
95449
95462
95472
95485
95496
95508
95519
95532
95542
95555
95566
95578
95589
95601
95612
95625
95635
95648
95659
95671
95682
95695
95705
95718
95729
95741
95752
95764
95775
95788
95798
95811
95822
95834
95845
95858
95868
95881
95891
95904
95915
95927
95938
95951
95961
95974
95985
95997
96008
96020
96031
96044
96056
96067
96080
96091
96104
96115
96128
96139
96152
96163
96176
96187
96200
96211
96224
96235
96248
96259
96272
96283
96295
96306
96319
96330
96343
96354
96367
96378
96391
96402
96415
96426
96439
96450
96463
96474
96487
96498
96511
96522
96535
96545
96558
96569
96582
96593
96606
96617
96630
96641
96654
96665
96678
96689
96702
96713
96726
96737
96750
96761
96774
96785
96797
96808
96821
96832
96845
96858
96870
96884
96896
96910
96922
96935
96947
96961
96973
96987
96999
97012
97024
97038
97050
97064
97076
97089
97101
97115
97127
97141
97153
97166
97178
97192
97204
97218
97230
97243
97255
97269
97281
97295
97307
97320
97332
97346
97358
97372
97384
97397
97409
97423
97435
97449
97461
97474
97486
97500
97512
97526
97538
97551
97563
97577
97590
97601
97614
97625
97638
97649
97663
97674
97687
97698
97711
97722
97736
97747
97760
97771
97784
97795
97809
97820
97833
97844
97857
97868
97881
97893
97906
97917
97930
97941
97954
97966
97979
97990
98003
98014
98027
98039
98052
98063
98076
98087
98100
98111
98125
98136
98149
98160
98173
98184
98198
98209
98222
98233
98246
98257
98271
98282
98295
98306
98319
98330
98343
98355
98368
98380
98394
98405
98419
98431
98445
98456
98470
98482
98496
98507
98521
98533
98547
98558
98572
98584
98598
98609
98623
98635
98648
98660
98674
98686
98699
98711
98725
98737
98750
98762
98776
98788
98801
98813
98827
98839
98852
98864
98878
98890
98903
98915
98929
98940
98954
98966
98980
98991
99005
99017
99031
99042
99056
99068
99082
99093
99105
99116
99129
99140
99153
99164
99177
99188
99200
99211
99224
99235
99248
99259
99272
99283
99295
99306
99319
99330
99343
99354
99367
99378
99391
99401
99414
99425
99438
99449
99462
99473
99486
99496
99509
99520
99533
99544
99557
99568
99581
99592
99604
99615
99628
99639
99652
99663
99676
99687
99699
99710
99723
99734
99747
99758
99771
99782
99794
99805
99818
99829
99842
99853
99866
99878
99892
99903
99917
99929
99942
99954
99968
99979
99993
100005
100018
100030
100044
100055
100069
100081
100095
100106
100120
100132
100145
100157
100171
100182
100196
100208
100221
100233
100247
100258
100272
100284
100297
100309
100323
100335
100348
100360
100374
100385
100399
100411
100424
100436
100450
100461
100475
100487
100500
100512
100526
100537
100551
100563
100577
100588
100602
100614
100627
100639
100653
100665
100676
100689
100700
100712
100723
100736
100747
100759
100770
100783
100794
100807
100817
100830
100841
100854
100864
100877
100888
100901
100912
100924
100935
100948
100959
100971
100982
100995
101006
101019
101029
101042
101053
101066
101076
101089
101100
101113
101124
101136
101147
101160
101171
101183
101194
101207
101218
101231
101241
101254
101265
101278
101288
101301
101312
101325
101336
101348
101359
101372
101383
101395
101406
101420
101433
101448
101461
101475
101488
101503
101516
101531
101543
101558
101571
101586
101599
101613
101626
101641
101654
101669
101681
101696
101709
101724
101737
101751
101764
101779
101792
101806
101819
101834
101847
101862
101874
101889
101902
101917
101930
101944
101957
101972
101985
102000
102012
102027
102040
102055
102068
102082
102095
102110
102123
102138
102150
102165
102179
102191
102205
102218
102232
102244
102259
102271
102285
102298
102312
102324
102339
102351
102365
102378
102392
102404
102419
102431
102445
102458
102472
102484
102498
102511
102525
102537
102552
102564
102578
102591
102605
102617
102632
102644
102658
102671
102685
102697
102712
102724
102738
102751
102765
102777
102791
102804
102818
102830
102845
102857
102871
102884
102897
102908
102921
102932
102945
102956
102969
102980
102994
103005
103018
103029
103042
103053
103066
103077
103091
103102
103115
103126
103139
103150
103163
103174
103188
103199
103212
103223
103236
103247
103260
103271
103284
103296
103309
103320
103333
103344
103357
103368
103381
103393
103406
103417
103430
103441
103454
103465
103478
103490
103503
103514
103527
103538
103551
103562
103575
103587
103600
103611
103624
103635
103648
103659
103672
103684
103695
103708
103719
103732
103743
103756
103767
103780
103791
103804
103814
103827
103838
103851
103862
103875
103886
103899
103910
103923
103934
103947
103957
103970
103981
103994
104005
104018
104029
104042
104053
104066
104077
104090
104100
104113
104124
104137
104148
104161
104172
104185
104196
104209
104220
104233
104243
104256
104267
104280
104291
104304
104315
104328
104339
104352
104363
104376
104386
104399
104410
104424
104436
104450
104462
104477
104489
104503
104515
104530
104542
104556
104568
104582
104595
104609
104621
104635
104648
104662
104674
104688
104701
104715
104727
104741
104753
104768
104780
104794
104806
104821
104833
104847
104859
104874
104886
104900
104912
104926
104939
104953
104965
104979
104992
105006
105018
105032
105045
105059
105071
105085
105097
105112
105124
105138
105150
105163
105174
105187
105199
105212
105223
105237
105248
105261
105273
105286
105297
105310
105322
105335
105346
105360
105371
105384
105396
105409
105420
105434
105445
105458
105470
105482
105495
105506
105520
105531
105544
105556
105569
105580
105594
105605
105618
105630
105642
105655
105666
105680
105691
105704
105716
105729
105740
105754
105765
105778
105790
105802
105815
105826
105840
105851
105864
105876
105889
105900
