20
38
58
76
97
115
135
153
174
192
212
230
250
269
289
307
327
346
366
384
404
423
443
461
481
500
519
539
557
577
596
616
634
654
673
693
711
731
750
769
789
807
827
846
866
884
904
919
932
947
960
975
988
1004
1017
1032
1045
1060
1073
1088
1102
1117
1130
1145
1158
1173
1187
1202
1215
1230
1243
1258
1271
1287
1300
1315
1328
1343
1356
1371
1385
1400
1413
1428
1441
1456
1470
1485
1498
1513
1526
1541
1554
1570
1583
1598
1611
1626
1639
1654
1668
1683
1696
1711
1724
1739
1753
1768
1784
1798
1814
1828
1844
1858
1874
1888
1904
1918
1935
1949
1965
1979
1995
2009
2025
2039
2055
2069
2085
2100
2116
2130
2146
2160
2176
2190
2206
2220
2236
2251
2267
2281
2297
2311
2327
2341
2357
2371
2387
2401
2418
2432
2448
2462
2478
2492
2508
2522
2538
2552
2568
2581
2593
2607
2619
2633
2645
2659
2671
2685
2697
2711
2723
2737
2749
2763
2775
2789
2801
2815
2827
2841
2853
2867
2879
2893
2905
2919
2931
2945
2957
2971
2983
2997
3009
3023
3035
3048
3060
3074
3086
3100
3112
3126
3138
3152
3164
3178
3190
3204
3216
3230
3242
3256
3268
3282
3294
3309
3322
3337
3350
3366
3379
3394
3407
3422
3436
3451
3464
3479
3492
3508
3521
3536
3549
3564
3578
3593
3606
3621
3634
3650
3663
3678
3691
3706
3720
3735
3748
3763
3776
3792
3805
3820
3833
3848
3862
3877
3890
3905
3918
3934
3947
3962
3975
3990
4004
4019
4032
4047
4060
4076
4089
4104
4117
4132
4146
4161
4174
4189
4202
4218
4233
4250
4264
4281
4296
4313
4327
4344
4359
4376
4390
4407
4422
4438
4453
4470
4485
4501
4516
4533
4548
4564
4579
4596
4610
4627
4642
4659
4673
4690
4705
4722
4736
4753
4768
4784
4799
4816
4831
4847
4862
4879
4894
4910
4925
4942
4956
4973
4988
5005
5019
5036
5051
5068
5082
5095
5107
5120
5132
5145
5157
5171
5182
5196
5207
5221
5233
5246
5258
5271
5283
5297
5308
5322
5333
5347
5359
5372
5384
5397
5409
5422
5434
5448
5459
5473
5484
5498
5510
5523
5535
5548
5560
5574
5585
5599
5610
5624
5636
5649
5661
5674
5686
5699
5711
5725
5736
5750
5761
5775
5787
5800
5812
5825
5837
5851
5862
5876
5887
5901
5913
5926
5938
5951
5963
5978
5991
6007
6020
6036
6049
6065
6078
6093
6107
6122
6136
6151
6165
6180
6194
6209
6222
6238
6251
6267
6280
6296
6309
6325
6338
6353
6367
6382
6396
6411
6425
6440
6453
6469
6482
6498
6511
6527
6540
6556
6569
6584
6598
6613
6627
6642
6656
6671
6685
6700
6713
6729
6742
6758
6771
6787
6800
6815
6829
6844
6858
6873
6887
6905
6922
6941
6958
6977
6994
7013
7030
7049
7066
7085
7102
7121
7138
7157
7173
7192
7209
7228
7245
7264
7281
7300
7317
7336
7353
7372
7389
7408
7425
7444
7460
7479
7496
7515
7532
7551
7568
7587
7604
7623
7640
7655
7672
7687
7704
7719
7736
7751
7768
7783
7800
7815
7832
7847
7864
7879
7896
7911
7928
7943
7960
7975
7992
8007
8024
8039
8056
8071
8088
8103
8120
8135
8152
8167
8184
8199
8216
8231
8248
8263
8280
8295
8312
8327
8344
8359
8372
8384
8397
8409
8422
8434
8448
8459
8473
8484
8498
8509
8523
8535
8548
8560
8573
8585
8598
8610
8624
8635
8649
8660
8674
8686
8699
8711
8724
8736
8749
8761
8775
8786
8800
8811
8825
8836
8850
8862
8875
8887
8900
8912
8926
8937
8951
8962
8976
8987
9001
9013
9026
9038
9051
9063
9076
9088
9102
9113
9127
9138
9152
9164
9177
9189
9202
9214
9227
9239
9253
9264
9278
9294
9308
9324
9338
9354
9368
9384
9398
9415
9429
9445
9459
9475
9489
9505
9519
9535
9550
9566
9580
9596
9610
9626
9640
9656
9670
9687
9701
9717
9731
9747
9761
9777
9791
9807
9822
9838
9852
9868
9882
9898
9912
9928
9942
9959
9973
9989
10003
10019
10033
10053
10071
10091
10109
10130
10148
10168
10186
10207
10225
10245
10263
10283
10302
10322
10340
10360
10379
10399
10417
10437
10456
10476
10494
10514
10533
10552
10572
10590
10610
10629
10649
10667
10687
10706
10726
10744
10764
10783
10802
10822
10840
10860
10879
10899
10917
10937
10952
10965
10980
10993
11008
11021
11037
11050
11065
11078
11093
11106
11121
11135
11150
11163
11178
11191
11206
11220
11235
11248
11263
11276
11291
11304
11320
11333
11348
11361
11376
11389
11404
11418
11433
11446
11461
11474
11489
11503
11518
11531
11546
11559
11574
11587
11603
11616
11631
11644
11659
11672
11687
11701
11716
11729
11744
11757
11772
11786
11801
11817
11831
11847
11861
11877
11891
11907
11921
11937
11951
11968
11982
11998
12012
12028
12042
12058
12072
12088
12102
12118
12133
12149
12163
12179
12193
12209
12223
12239
12253
12269
12284
12300
12314
12330
12344
12360
12374
12390
12404
12420
12434
12451
12465
12481
12495
12511
12525
12541
12555
12571
12585
12601
12614
12626
12640
12652
12666
12678
12692
12704
12718
12730
12744
12756
12770
12782
12796
12808
12822
12834
12848
12860
12874
12886
12900
12912
12926
12938
12952
12964
12978
12990
13004
13016
13030
13042
13056
13068
13081
13093
13107
13119
13133
13145
13159
13171
13185
13197
13211
13223
13237
13249
13263
13275
13289
13301
13315
13327
13342
13355
13370
13383
13399
13412
13427
13440
13455
13469
13484
13497
13512
13525
13541
13554
13569
13582
13597
13611
13626
13639
13654
13667
13683
13696
13711
13724
13739
13753
13768
13781
13796
13809
13825
13838
13853
13866
13881
13895
13910
13923
13938
13951
13967
13980
13995
14008
14023
14037
14052
14065
14080
14093
14109
14122
14137
14150
14165
14179
14194
14207
14222
14235
14251
14266
14283
14297
14314
14329
14346
14360
14377
14392
14409
14423
14440
14455
14471
14486
14503
14518
14534
14549
14566
14581
14597
14612
14629
14643
14660
14675
14692
14706
14723
14738
14755
14769
14786
14801
14817
14832
14849
14864
14880
14895
14912
14927
14943
14958
14975
14989
15006
15021
15038
15052
15069
15084
15101
15115
15128
15140
15153
15165
15178
15190
15204
15215
15229
15240
15254
15266
15279
15291
15304
15316
15330
15341
15355
15366
15380
15392
15405
15417
15430
15442
15455
15467
15481
15492
15506
15517
15531
15543
15556
15568
15581
15593
15607
15618
15632
15643
15657
15669
15682
15694
15707
15719
15732
15744
15758
15769
15783
15794
15808
15820
15833
15845
15858
15870
15884
15895
15909
15920
15934
15946
15959
15971
15984
15996
16011
16024
16040
16053
16069
16082
16098
16111
16126
16140
16155
16169
16184
16198
16213
16227
16242
16255
16271
16284
16300
16313
16329
16342
16358
16371
16386
16400
16415
16429
16444
16458
16473
16486
16502
16515
16531
16544
16560
16573
16589
16602
16617
16631
16646
16660
16675
16689
16704
16718
16733
16746
16762
16775
16791
16804
16820
16833
16848
16862
16877
16891
16906
16920
16938
16955
16974
16991
17010
17027
17046
17063
17082
17099
17118
17135
17154
17171
17190
17206
17225
17242
17261
17278
17297
17314
17333
17350
17369
17386
17405
17422
17441
17458
17477
17493
17512
17529
17548
17565
17584
17601
17620
17637
17656
17673
17688
17705
17720
17737
17752
17769
17784
17801
17816
17833
17848
17865
17880
17897
17912
17929
17944
17961
17976
17993
18008
18025
18040
18057
18072
18089
18104
18121
18136
18153
18168
18185
18200
18217
18232
18249
18264
18281
18296
18313
18328
18345
18360
18377
18392
18405
18417
18430
18442
18455
18467
18481
18492
18506
18517
18531
18542
18556
18568
18581
18593
18606
18618
18631
18643
18657
18668
18682
18693
18707
18719
18732
18744
18757
18769
18782
18794
18808
18819
18833
18844
18858
18869
18883
18895
18908
18920
18933
18945
18959
18970
18984
18995
19009
19020
19034
19046
19059
19071
19084
19096
19109
19121
19135
19146
19160
19171
19185
19197
19210
19222
19235
19247
19260
19272
19286
19297
19311
19327
19341
19357
19371
19387
19401
19417
19431
19448
19462
19478
19492
19508
19522
19538
19552
19568
19583
19599
19613
19629
19643
19659
19673
19689
19703
19720
19734
19750
19764
19780
19794
19810
19824
19840
19855
19871
19885
19901
19915
19931
19945
19961
19975
19992
20006
20022
20036
20052
20066
20086
20104
20124
20142
20163
20181
20201
20219
20240
20258
20278
20296
20316
20335
20355
20373
20393
20412
20432
20450
20470
20489
20509
20527
20547
20566
20585
20605
20623
20643
20662
20682
20700
20720
20739
20759
20777
20797
20816
20835
20855
20873
20893
20912
20932
20950
20970
20985
20998
21013
21026
21041
21054
21070
21083
21098
21111
21126
21139
21154
21168
21183
21196
21211
21224
21239
21253
21268
21281
21296
21309
21324
21337
21353
21366
21381
21394
21409
21422
21437
21451
21466
21479
21494
21507
21522
21536
21551
21564
21579
21592
21607
21620
21636
21649
21664
21677
21692
21705
21720
21734
21749
21762
21777
21790
21805
21819
21834
21850
21864
21880
21894
21910
21924
21940
21954
21970
21984
22001
22015
22031
22045
22061
22075
22091
22105
22121
22135
22151
22166
22182
22196
22212
22226
22242
22256
22272
22286
22302
22317
22333
22347
22363
22377
22393
22407
22423
22437
22453
22467
22484
22498
22514
22528
22544
22558
22574
22588
22604
22618
22634
22647
22659
22673
22685
22699
22711
22725
22737
22751
22763
22777
22789
22803
22815
22829
22841
22855
22867
22881
22893
22907
22919
22933
22945
22959
22971
22985
22997
23011
23023
23037
23049
23063
23075
23089
23101
23114
23126
23140
23152
23166
23178
23192
23204
23218
23230
23244
23256
23270
23282
23296
23308
23322
23334
23348
23360
23375
23388
23403
23416
23432
23445
23460
23473
23488
23502
23517
23530
23545
23558
23574
23587
23602
23615
23630
23644
23659
23672
23687
23700
23716
23729
23744
23757
23772
23786
23801
23814
23829
23842
23858
23871
23886
23899
23914
23928
23943
23956
23971
23984
24000
24013
24028
24041
24056
24070
24085
24098
24113
24126
24142
24155
24170
24183
24198
24212
24227
24240
24255
24268
24284
24299
24316
24330
24347
24362
24379
24393
24410
24425
24442
24456
24473
24488
24504
24519
24536
24551
24567
24582
24599
24614
24630
24645
24662
24676
24693
24708
24725
24739
24756
24771
24788
24802
24819
24834
24850
24865
24882
24897
24913
24928
24945
24960
24976
24991
25008
25022
25039
25054
25071
25085
25102
25117
25134
25148
25161
25173
25186
25198
25211
25223
25237
25248
25262
25273
25287
25299
25312
25324
25337
25349
25363
25374
25388
25399
25413
25425
25438
25450
25463
25475
25488
25500
25514
25525
25539
25550
25564
25576
25589
25601
25614
25626
25640
25651
25665
25676
25690
25702
25715
25727
25740
25752
25765
25777
25791
25802
25816
25827
25841
25853
25866
25878
25891
25903
25917
25928
25942
25953
25967
25979
25992
26004
26017
26029
26044
26057
26073
26086
26102
26115
26131
26144
26159
26173
26188
26202
26217
26231
26246
26260
26275
26288
26304
26317
26333
26346
26362
26375
26391
26404
26419
26433
26448
26462
26477
26491
26506
26519
26535
26548
26564
26577
26593
26606
26622
26635
26650
26664
26679
26693
26708
26722
26737
26751
26766
26779
26795
26808
26824
26837
26853
26866
26881
26895
26910
26924
26939
26953
26971
26988
27007
27024
27043
27060
27079
27096
27115
27132
27151
27168
27187
27204
27223
27239
27258
27275
27294
27311
27330
27347
27366
27383
27402
27419
27438
27455
27474
27491
27510
27526
27545
27562
27581
27598
27617
27634
27653
27670
27689
27706
27721
27738
27753
27770
27785
27802
27817
27834
27849
27866
27881
27898
27913
27930
27945
27962
27977
27994
28009
28026
28041
28058
28073
28090
28105
28122
28137
28154
28169
28186
28201
28218
28233
28250
28265
28282
28297
28314
28329
28346
28361
28378
28393
28410
28425
28438
28450
28463
28475
28488
28500
28514
28525
28539
28550
28564
28575
28589
28601
28614
28626
28639
28651
28664
28676
28690
28701
28715
28726
28740
28752
28765
28777
28790
28802
28815
28827
28841
28852
28866
28877
28891
28902
28916
28928
28941
28953
28966
28978
28992
29003
29017
29028
29042
29053
29067
29079
29092
29104
29117
29129
29142
29154
29168
29179
29193
29204
29218
29230
29243
29255
29268
29280
29293
29305
29319
29330
29344
29360
29374
29390
29404
29420
29434
29450
29464
29481
29495
29511
29525
29541
29555
29571
29585
29601
29616
29632
29646
29662
29676
29692
29706
29722
29736
29753
29767
29783
29797
29813
29827
29843
29857
29873
29888
29904
29918
29934
29948
29964
29978
29994
30008
30025
30039
30055
30069
30085
30099
30119
30137
30157
30175
30196
30214
30234
30252
30273
30291
30311
30329
30349
30368
30388
30406
30426
30445
30465
30483
30503
30522
30542
30560
30580
30599
30618
30638
30656
30676
30695
30715
30733
30753
30772
30792
30810
30830
30849
30868
30888
30906
30926
30945
30965
30983
31003
31018
31031
31046
31059
31074
31087
31103
31116
31131
31144
31159
31172
31187
31201
31216
31229
31244
31257
31272
31286
31301
31314
31329
31342
31357
31370
31386
31399
31414
31427
31442
31455
31470
31484
31499
31512
31527
31540
31555
31569
31584
31597
31612
31625
31640
31653
31669
31682
31697
31710
31725
31738
31753
31767
31782
31795
31810
31823
31838
31852
31867
31883
31897
31913
31927
31943
31957
31973
31987
32003
32017
32034
32048
32064
32078
32094
32108
32124
32138
32154
32168
32184
32199
32215
32229
32245
32259
32275
32289
32305
32319
32335
32350
32366
32380
32396
32410
32426
32440
32456
32470
32486
32500
32517
32531
32547
32561
32577
32591
32607
32621
32637
32651
32667
32680
32692
32706
32718
32732
32744
32758
32770
32784
32796
32810
32822
32836
32848
32862
32874
32888
32900
32914
32926
32940
32952
32966
32978
32992
33004
33018
33030
33044
33056
33070
33082
33096
33108
33122
33134
33147
33159
33173
33185
33199
33211
33225
33237
33251
33263
33277
33289
33303
33315
33329
33341
33355
33367
33381
33393
33408
33421
33436
33449
33465
33478
33493
33506
33521
33535
33550
33563
33578
33591
33607
33620
33635
33648
33663
33677
33692
33705
33720
33733
33749
33762
33777
33790
33805
33819
33834
33847
33862
33875
33891
33904
33919
33932
33947
33961
33976
33989
34004
34017
34033
34046
34061
34074
34089
34103
34118
34131
34146
34159
34175
34188
34203
34216
34231
34245
34260
34273
34288
34301
34317
34332
34349
34363
34380
34395
34412
34426
34443
34458
34475
34489
34506
34521
34537
34552
34569
34584
34600
34615
34632
34647
34663
34678
34695
34709
34726
34741
34758
34772
34789
34804
34821
34835
34852
34867
34883
34898
34915
34930
34946
34961
34978
34993
35009
35024
35041
35055
35072
35087
35104
35118
35135
35150
35167
35181
35194
35206
35219
35231
35244
35256
35270
35281
35295
35306
35320
35332
35345
35357
35370
35382
35396
35407
35421
35432
35446
35458
35471
35483
35496
35508
35521
35533
35547
35558
35572
35583
35597
35609
35622
35634
35647
35659
35673
35684
35698
35709
35723
35735
35748
35760
35773
35785
35798
35810
35824
35835
35849
35860
35874
35886
35899
35911
35924
35936
35950
35961
35975
35986
36000
36012
36025
36037
36050
36062
36077
36090
36106
36119
36135
36148
36164
36177
36192
36206
36221
36235
36250
36264
36279
36293
36308
36321
36337
36350
36366
36379
36395
36408
36424
36437
36452
36466
36481
36495
36510
36524
36539
36552
36568
36581
36597
36610
36626
36639
36655
36668
36683
36697
36712
36726
36741
36755
36770
36784
36799
36812
36828
36841
36857
36870
36886
36899
36914
36928
36943
36957
36972
36986
37004
37021
37040
37057
37076
37093
37112
37129
37148
37165
37184
37201
37220
37237
37256
37272
37291
37308
37327
37344
37363
37380
37399
37416
37435
37452
37471
37488
37507
37524
37543
37559
37578
37595
37614
37631
37650
37667
37686
37703
37722
37739
37754
37771
37786
37803
37818
37835
37850
37867
37882
37899
37914
37931
37946
37963
37978
37995
38010
38027
38042
38059
38074
38091
38106
38123
38138
38155
38170
38187
38202
38219
38234
38251
38266
38283
38298
38315
38330
38347
38362
38379
38394
38411
38426
38443
38458
38471
38483
38496
38508
38521
38533
38547
38558
38572
38583
38597
38608
38622
38634
38647
38659
38672
38684
38697
38709
38723
38734
38748
38759
38773
38785
38798
38810
38823
38835
38848
38860
38874
38885
38899
38910
38924
38935
38949
38961
38974
38986
38999
39011
39025
39036
39050
39061
39075
39086
39100
39112
39125
39137
39150
39162
39175
39187
39201
39212
39226
39237
39251
39263
39276
39288
39301
39313
39326
39338
39352
39363
39377
39393
39407
39423
39437
39453
39467
39483
39497
39514
39528
39544
39558
39574
39588
39604
39618
39634
39649
39665
39679
39695
39709
39725
39739
39755
39769
39786
39800
39816
39830
39846
39860
39876
39890
39906
39921
39937
39951
39967
39981
39997
40011
40027
40041
40058
40072
40088
40102
40118
40132
40152
40170
40190
40208
40229
40247
40267
40285
40306
40324
40344
40362
40382
40401
40421
40439
40459
40478
40498
40516
40536
40555
40575
40593
40613
40632
40651
40671
40689
40709
40728
40748
40766
40786
40805
40825
40843
40863
40882
40901
40921
40939
40959
40978
40998
41016
41036
41051
41064
41079
41092
41107
41120
41136
41149
41164
41177
41192
41205
41220
41234
41249
41262
41277
41290
41305
41319
41334
41347
41362
41375
41390
41403
41419
41432
41447
41460
41475
41488
41503
41517
41532
41545
41560
41573
41588
41602
41617
41630
41645
41658
41673
41686
41702
41715
41730
41743
41758
41771
41786
41800
41815
41828
41843
41856
41871
41885
41900
41916
41930
41946
41960
41976
41990
42006
42020
42036
42050
42067
42081
42097
42111
42127
42141
42157
42171
42187
42201
42217
42232
42248
42262
42278
42292
42308
42322
42338
42352
42368
42383
42399
42413
42429
42443
42459
42473
42489
42503
42519
42533
42550
42564
42580
42594
42610
42624
42640
42654
42670
42684
42700
42713
42725
42739
42751
42765
42777
42791
42803
42817
42829
42843
42855
42869
42881
42895
42907
42921
42933
42947
42959
42973
42985
42999
43011
43025
43037
43051
43063
43077
43089
43103
43115
43129
43141
43155
43167
43180
43192
43206
43218
43232
43244
43258
43270
43284
43296
43310
43322
43336
43348
43362
43374
43388
43400
43414
43426
43441
43454
43469
43482
43498
43511
43526
43539
43554
43568
43583
43596
43611
43624
43640
43653
43668
43681
43696
43710
43725
43738
43753
43766
43782
43795
43810
43823
43838
43852
43867
43880
43895
43908
43924
43937
43952
43965
43980
43994
44009
44022
44037
44050
44066
44079
44094
44107
44122
44136
44151
44164
44179
44192
44208
44221
44236
44249
44264
44278
44293
44306
44321
44334
44350
44365
44382
44396
44413
44428
44445
44459
44476
44491
44508
44522
44539
44554
44570
44585
44602
44617
44633
44648
44665
44680
44696
44711
44728
44742
44759
44774
44791
44805
44822
44837
44854
44868
44885
44900
44916
44931
44948
44963
44979
44994
45011
45026
45042
45057
45074
45088
45105
45120
45137
45151
45168
45183
45200
45214
45227
45239
45252
45264
45277
45289
45303
45314
45328
45339
45353
45365
45378
45390
45403
45415
45429
45440
45454
45465
45479
45491
45504
45516
45529
45541
45554
45566
45580
45591
45605
45616
45630
45642
45655
45667
45680
45692
45706
45717
45731
45742
45756
45768
45781
45793
45806
45818
45831
45843
45857
45868
45882
45893
45907
45919
45932
45944
45957
45969
45983
45994
46008
46019
46033
46045
46058
46070
46083
46095
46110
46123
46139
46152
46168
46181
46197
46210
46225
46239
46254
46268
46283
46297
46312
46326
46341
46354
46370
46383
46399
46412
46428
46441
46457
46470
46485
46499
46514
46528
46543
46557
46572
46585
46601
46614
46630
46643
46659
46672
46688
46701
46716
46730
46745
46759
46774
46788
46803
46817
46832
46845
46861
46874
46890
46903
46919
46932
46947
46961
46976
46990
47005
47019
47037
47054
47073
47090
47109
47126
47145
47162
47181
47198
47217
47234
47253
47270
47289
47305
47324
47341
47360
47377
47396
47413
47432
47449
47468
47485
47504
47521
47540
47557
47576
47592
47611
47628
47647
47664
47683
47700
47719
47736
47755
47772
47787
47804
47819
47836
47851
47868
47883
47900
47915
47932
47947
47964
47979
47996
48011
48028
48043
48060
48075
48092
48107
48124
48139
48156
48171
48188
48203
48220
48235
48252
48267
48284
48299
48316
48331
48348
48363
48380
48395
48412
48427
48444
48459
48476
48491
48504
48516
48529
48541
48554
48566
48580
48591
48605
48616
48630
48641
48655
48667
48680
48692
48705
48717
48730
48742
48756
48767
48781
48792
48806
48818
48831
48843
48856
48868
48881
48893
48907
48918
48932
48943
48957
48968
48982
48994
49007
49019
49032
49044
49058
49069
49083
49094
49108
49119
49133
49145
49158
49170
49183
49195
49208
49220
49234
49245
49259
49270
49284
49296
49309
49321
49334
49346
49359
49371
49385
49396
49410
49426
49440
49456
49470
49486
49500
49516
49530
49547
49561
49577
49591
49607
49621
49637
49651
49667
49682
49698
49712
49728
49742
49758
49772
49788
49802
49819
49833
49849
49863
49879
49893
49909
49923
49939
49954
49970
49984
50000
50014
50030
50044
50060
50074
50091
50105
50121
50135
50151
50165
50185
50203
50223
50241
50262
50280
50300
50318
50339
50357
50377
50395
50415
50434
50454
50472
50492
50511
50531
50549
50569
50588
50608
50626
50646
50665
50684
50704
50722
50742
50761
50781
50799
50819
50838
50858
50876
50896
50915
50934
50954
50972
50992
51011
51031
51049
51069
51084
51097
51112
51125
51140
51153
51169
51182
51197
51210
51225
51238
51253
51267
51282
51295
51310
51323
51338
51352
51367
51380
51395
51408
51423
51436
51452
51465
51480
51493
51508
51521
51536
51550
51565
51578
51593
51606
51621
51635
51650
51663
51678
51691
51706
51719
51735
51748
51763
51776
51791
51804
51819
51833
51848
51861
51876
51889
51904
51918
51933
51949
51963
51979
51993
52009
52023
52039
52053
52069
52083
52100
52114
52130
52144
52160
52174
52190
52204
52220
52234
52250
52265
52281
52295
52311
52325
52341
52355
52371
52385
52401
52416
52432
52446
52462
52476
52492
52506
52522
52536
52552
52566
52583
52597
52613
52627
52643
52657
52673
52687
52703
52717
52733
52746
52758
52772
52784
52798
52810
52824
52836
52850
52862
52876
52888
52902
52914
52928
52940
52954
52966
52980
52992
53006
53018
53032
53044
53058
53070
53084
53096
53110
53122
53136
53148
53162
53174
53188
53200
53213
53225
53239
53251
53265
53277
53291
53303
53317
53329
53343
53355
53369
53381
53395
53407
53421
53433
53447
53459
53474
53487
53502
53515
53531
53544
53559
53572
53587
53601
53616
53629
53644
53657
53673
53686
53701
53714
53729
53743
53758
53771
53786
53799
53815
53828
53843
53856
53871
53885
53900
53913
53928
53941
53957
53970
53985
53998
54013
54027
54042
54055
54070
54083
54099
54112
54127
54140
54155
54169
54184
54197
54212
54225
54241
54254
54269
54282
54297
54311
54326
54339
54354
54367
54383
54398
54415
54429
54446
54461
54478
54492
54509
54524
54541
54555
54572
54587
54603
54618
54635
54650
54666
54681
54698
54713
54729
54744
54761
54775
54792
54807
54824
54838
54855
54870
54887
54901
54918
54933
54949
54964
54981
54996
55012
55027
55044
55059
55075
55090
55107
55121
55138
55153
55170
55184
55201
55216
55233
55247
55260
55272
55285
55297
55310
55322
55336
55347
55361
55372
55386
55398
55411
55423
55436
55448
55462
55473
55487
55498
55512
55524
55537
55549
55562
55574
55587
55599
55613
55624
55638
55649
55663
55675
55688
55700
55713
55725
55739
55750
55764
55775
55789
55801
55814
55826
55839
55851
55864
55876
55890
55901
55915
55926
55940
55952
55965
55977
55990
56002
56016
56027
56041
56052
56066
56078
56091
56103
56116
56128
56143
56156
56172
56185
56201
56214
56230
56243
56258
56272
56287
56301
56316
56330
56345
56359
56374
56387
56403
56416
56432
56445
56461
56474
56490
56503
56518
56532
56547
56561
56576
56590
56605
56618
56634
56647
56663
56676
56692
56705
56721
56734
56749
56763
56778
56792
56807
56821
56836
56850
56865
56878
56894
56907
56923
56936
56952
56965
56980
56994
57009
57023
57038
57052
57070
57087
57106
57123
57142
57159
57178
57195
57214
57231
57250
57267
57286
57303
57322
57338
57357
57374
57393
57410
57429
57446
57465
57482
57501
57518
57537
57554
57573
57590
57609
57625
57644
57661
57680
57697
57716
57733
57752
57769
57788
57805
57820
57837
57852
57869
57884
57901
57916
57933
57948
57965
57980
57997
58012
58029
58044
58061
58076
58093
58108
58125
58140
58157
58172
58189
58204
58221
58236
58253
58268
58285
58300
58317
58332
58349
58364
58381
58396
58413
58428
58445
58460
58477
58492
58509
58524
58537
58549
58562
58574
58587
58599
58613
58624
58638
58649
58663
58674
58688
58700
58713
58725
58738
58750
58763
58775
58789
58800
58814
58825
58839
58851
58864
58876
58889
58901
58914
58926
58940
58951
58965
58976
58990
59001
59015
59027
59040
59052
59065
59077
59091
59102
59116
59127
59141
59152
59166
59178
59191
59203
59216
59228
59241
59253
59267
59278
59292
59303
59317
59329
59342
59354
59367
59379
59392
59404
59418
59429
59443
59459
59473
59489
59503
59519
59533
59549
59563
59580
59594
59610
59624
59640
59654
59670
59684
59700
59715
59731
59745
59761
59775
59791
59805
59821
59835
59852
59866
59882
59896
59912
59926
59942
59956
59972
59987
60003
60017
60033
60047
60063
60077
60093
60107
60124
60138
60154
60168
60184
60198
60218
60236
60256
60274
60295
60313
60333
60351
60372
60390
60410
60428
60448
60467
60487
60505
60525
60544
60564
60582
60602
60621
60641
60659
60679
60698
60717
60737
60755
60775
60794
60814
60832
60852
60871
60891
60909
60929
60948
60967
60987
61005
61025
61044
61064
61082
61102
61117
61130
61145
61158
61173
61186
61202
61215
61230
61243
61258
61271
61286
61300
61315
61328
61343
61356
61371
61385
61400
61413
61428
61441
61456
61469
61485
61498
61513
61526
61541
61554
61569
61583
61598
61611
61626
61639
61654
61668
61683
61696
61711
61724
61739
61752
61768
61781
61796
61809
61824
61837
61852
61866
61881
61894
61909
61922
61937
61951
61966
61982
61996
62012
62026
62042
62056
62072
62086
62102
62116
62133
62147
62163
62177
62193
62207
62223
62237
62253
62267
62283
62298
62314
62328
62344
62358
62374
62388
62404
62418
62434
62449
62465
62479
62495
62509
62525
62539
62555
62569
62585
62599
62616
62630
62646
62660
62676
62690
62706
62720
62736
62750
62766
62779
62791
62805
62817
62831
62843
62857
62869
62883
62895
62909
62921
62935
62947
62961
62973
62987
62999
63013
63025
63039
63051
63065
63077
63091
63103
63117
63129
63143
63155
63169
63181
63195
63207
63221
63233
63246
63258
63272
63284
63298
63310
63324
63336
63350
63362
63376
63388
63402
63414
63428
63440
63454
63466
63480
63492
63507
63520
63535
63548
63564
63577
63592
63605
63620
63634
63649
63662
63677
63690
63706
63719
63734
63747
63762
63776
63791
63804
63819
63832
63848
63861
63876
63889
63904
63918
63933
63946
63961
63974
63990
64003
64018
64031
64046
64060
64075
64088
64103
64116
64132
64145
64160
64173
64188
64202
64217
64230
64245
64258
64274
64287
64302
64315
64330
64344
64359
64372
64387
64400
64416
64431
64448
64462
64479
64494
64511
64525
64542
64557
64574
64588
64605
64620
64636
64651
64668
64683
64699
64714
64731
64746
64762
64777
64794
64808
64825
64840
64857
64871
64888
64903
64920
64934
64951
64966
64982
64997
65014
65029
65045
65060
65077
65092
65108
65123
65140
65154
65171
65186
65203
65217
65234
65249
65266
65280
65293
65305
65318
65330
65343
65355
65369
65380
65394
65405
65419
65431
65444
65456
65469
65481
65495
65506
65520
65531
65545
65557
65570
65582
65595
65607
65620
65632
65646
65657
65671
65682
65696
65708
65721
65733
65746
65758
65772
65783
65797
65808
65822
65834
65847
65859
65872
65884
65897
65909
65923
65934
65948
65959
65973
65985
65998
66010
66023
66035
66049
66060
66074
66085
66099
66111
66124
66136
66149
66161
66176
66189
66205
66218
66234
66247
66263
66276
66291
66305
66320
66334
66349
66363
66378
66392
66407
66420
66436
66449
66465
66478
66494
66507
66523
66536
66551
66565
66580
66594
66609
66623
66638
66651
66667
66680
66696
66709
66725
66738
66754
66767
66782
66796
66811
66825
66840
66854
66869
66883
66898
66911
66927
66940
66956
66969
66985
66998
67013
67027
67042
67056
67071
67085
67103
67120
67139
67156
67175
67192
67211
67228
67247
67264
67283
67300
67319
67336
67355
67371
67390
67407
67426
67443
67462
67479
67498
67515
67534
67551
67570
67587
67606
67623
67642
67658
67677
67694
67713
67730
67749
67766
67785
67802
67821
67838
67853
67870
67885
67902
67917
67934
67949
67966
67981
67998
68013
68030
68045
68062
68077
68094
68109
68126
68141
68158
68173
68190
68205
68222
68237
68254
68269
68286
68301
68318
68333
68350
68365
68382
68397
68414
68429
68446
68461
68478
68493
68510
68525
68542
68557
68570
68582
68595
68607
68620
68632
68646
68657
68671
68682
68696
68707
68721
68733
68746
68758
68771
68783
68796
68808
68822
68833
68847
68858
68872
68884
68897
68909
68922
68934
68947
68959
68973
68984
68998
69009
69023
69034
69048
69060
69073
69085
69098
69110
69124
69135
69149
69160
69174
69185
69199
69211
69224
69236
69249
69261
69274
69286
69300
69311
69325
69336
69350
69362
69375
69387
69400
69412
69425
69437
69451
69462
69476
69492
69506
69522
69536
69552
69566
69582
69596
69613
69627
69643
69657
69673
69687
69703
69717
69733
69748
69764
69778
69794
69808
69824
69838
69854
69868
69885
69899
69915
69929
69945
69959
69975
69989
70005
70020
70036
70050
70066
70080
70096
70110
70126
70140
70157
70171
70187
70201
70217
70231
70251
70269
70289
70307
70328
70346
70366
70384
70405
70423
70443
70461
70481
70500
70520
70538
70558
70577
70597
70615
70635
70654
70674
70692
70712
70731
70750
70770
70788
70808
70827
70847
70865
70885
70904
70924
70942
70962
70981
71000
71020
71038
71058
71077
71097
71115
71135
71150
71163
71178
71191
71206
71219
71235
71248
71263
71276
71291
71304
71319
71333
71348
71361
71376
71389
71404
71418
71433
71446
71461
71474
71489
71502
71518
71531
71546
71559
71574
71587
71602
71616
71631
71644
71659
71672
71687
71701
71716
71729
71744
71757
71772
71785
71801
71814
71829
71842
71857
71870
71885
71899
71914
71927
71942
71955
71970
71984
71999
72015
72029
72045
72059
72075
72089
72105
72119
72135
72149
72166
72180
72196
72210
72226
72240
72256
72270
72286
72300
72316
72331
72347
72361
72377
72391
72407
72421
72437
72451
72467
72482
72498
72512
72528
72542
72558
72572
72588
72602
72618
72632
72649
72663
72679
72693
72709
72723
72739
72753
72769
72783
72799
72812
72824
72838
72850
72864
72876
72890
72902
72916
72928
72942
72954
72968
72980
72994
73006
73020
73032
73046
73058
73072
73084
73098
73110
73124
73136
73150
73162
73176
73188
73202
73214
73228
73240
73254
73266
73279
73291
73305
73317
73331
73343
73357
73369
73383
73395
73409
73421
73435
73447
73461
73473
73487
73499
73513
73525
73540
73553
73568
73581
73597
73610
73625
73638
73653
73667
73682
73695
73710
73723
73739
73752
73767
73780
73795
73809
73824
73837
73852
73865
73881
73894
73909
73922
73937
73951
73966
73979
73994
74007
74023
74036
74051
74064
74079
74093
74108
74121
74136
74149
74165
74178
74193
74206
74221
74235
74250
74263
74278
74291
74307
74320
74335
74348
74363
74377
74392
74405
74420
74433
74449
74464
74481
74495
74512
74527
74544
74558
74575
74590
74607
74621
74638
74653
74669
74684
74701
74716
74732
74747
74764
74779
74795
74810
74827
74841
74858
74873
74890
74904
74921
74936
74953
74967
74984
74999
75015
75030
75047
75062
75078
75093
75110
75125
75141
75156
75173
75187
75204
75219
75236
75250
75267
75282
75299
75313
75326
75338
75351
75363
75376
75388
75402
75413
75427
75438
75452
75464
75477
75489
75502
75514
75528
75539
75553
75564
75578
75590
75603
75615
75628
75640
75653
75665
75679
75690
75704
75715
75729
75741
75754
75766
75779
75791
75805
75816
75830
75841
75855
75867
75880
75892
75905
75917
75930
75942
75956
75967
75981
75992
76006
76018
76031
76043
76056
76068
76082
76093
76107
76118
76132
76144
76157
76169
76182
76194
76209
76222
76238
76251
76267
76280
76296
76309
76324
76338
76353
76367
76382
76396
76411
76425
76440
76453
76469
76482
76498
76511
76527
76540
76556
76569
76584
76598
76613
76627
76642
76656
76671
76684
76700
76713
76729
76742
76758
76771
76787
76800
76815
76829
76844
76858
76873
76887
76902
76916
76931
76944
76960
76973
76989
77002
77018
77031
77046
77060
77075
77089
77104
77118
77136
77153
77172
77189
77208
77225
77244
77261
77280
77297
77316
77333
77352
77369
77388
77404
77423
77440
77459
77476
77495
77512
77531
77548
77567
77584
77603
77620
77639
77656
77675
77691
77710
77727
77746
77763
77782
77799
77818
77835
77854
77871
77886
77903
77918
77935
77950
77967
77982
77999
78014
78031
78046
78063
78078
78095
78110
78127
78142
78159
78174
78191
78206
78223
78238
78255
78270
78287
78302
78319
78334
78351
78366
78383
78398
78415
78430
78447
78462
78479
78494
78511
78526
78543
78558
78575
78590
78603
78615
78628
78640
78653
78665
78679
78690
78704
78715
78729
78740
78754
78766
78779
78791
78804
78816
78829
78841
78855
78866
78880
78891
78905
78917
78930
78942
78955
78967
78980
78992
79006
79017
79031
79042
79056
79067
79081
79093
79106
79118
79131
79143
79157
79168
79182
79193
79207
79218
79232
79244
79257
79269
79282
79294
79307
79319
79333
79344
79358
79369
79383
79395
79408
79420
79433
79445
79458
79470
79484
79495
79509
79525
79539
79555
79569
79585
79599
79615
79629
79646
79660
79676
79690
79706
79720
79736
79750
79766
79781
79797
79811
79827
79841
79857
79871
79887
79901
79918
79932
79948
79962
79978
79992
80008
80022
80038
80053
80069
80083
80099
80113
80129
80143
80159
80173
80190
80204
80220
80234
80250
80264
80284
80302
80322
80340
80361
80379
80399
80417
80438
80456
80476
80494
80514
80533
80553
80571
80591
80610
80630
80648
80668
80687
80707
80725
80745
80764
80783
80803
80821
80841
80860
80880
80898
80918
80937
80957
80975
80995
81014
81033
81053
81071
81091
81110
81130
81148
81168
81183
81196
81211
81224
81239
81252
81268
81281
81296
81309
81324
81337
81352
81366
81381
81394
81409
81422
81437
81451
81466
81479
81494
81507
81522
81535
81551
81564
81579
81592
81607
81620
81635
81649
81664
81677
81692
81705
81720
81734
81749
81762
81777
81790
81805
81818
81834
81847
81862
81875
81890
81903
81918
81932
81947
81960
81975
81988
82003
82017
82032
82048
82062
82078
82092
82108
82122
82138
82152
82168
82182
82199
82213
82229
82243
82259
82273
82289
82303
82319
82333
82349
82364
82380
82394
82410
82424
82440
82454
82470
82484
82500
82515
82531
82545
82561
82575
82591
82605
82621
82635
82651
82665
82682
82696
82712
82726
82742
82756
82772
82786
82802
82816
82832
82845
82857
82871
82883
82897
82909
82923
82935
82949
82961
82975
82987
83001
83013
83027
83039
83053
83065
83079
83091
83105
83117
83131
83143
83157
83169
83183
83195
83209
83221
83235
83247
83261
83273
83287
83299
83312
83324
83338
83350
83364
83376
83390
83402
83416
83428
83442
83454
83468
83480
83494
83506
83520
83532
83546
83558
83573
83586
83601
83614
83630
83643
83658
83671
83686
83700
83715
83728
83743
83756
83772
83785
83800
83813
83828
83842
83857
83870
83885
83898
83914
83927
83942
83955
83970
83984
83999
84012
84027
84040
84056
84069
84084
84097
84112
84126
84141
84154
84169
84182
84198
84211
84226
84239
84254
84268
84283
84296
84311
84324
84340
84353
84368
84381
84396
84410
84425
84438
84453
84466
84482
84497
84514
84528
84545
84560
84577
84591
84608
84623
84640
84654
84671
84686
84702
84717
84734
84749
84765
84780
84797
84812
84828
84843
84860
84874
84891
84906
84923
84937
84954
84969
84986
85000
85017
85032
85048
85063
85080
85095
85111
85126
85143
85158
85174
85189
85206
85220
85237
85252
85269
85283
85300
85315
85332
85346
85359
85371
85384
85396
85409
85421
85435
85446
85460
85471
85485
85497
85510
85522
85535
85547
85561
85572
85586
85597
85611
85623
85636
85648
85661
85673
85686
85698
85712
85723
85737
85748
85762
85774
85787
85799
85812
85824
85838
85849
85863
85874
85888
85900
85913
85925
85938
85950
85963
85975
85989
86000
86014
86025
86039
86051
86064
86076
86089
86101
86115
86126
86140
86151
86165
86177
86190
86202
86215
86227
86242
86255
86271
86284
86300
86313
86329
86342
86357
86371
86386
86400
86415
86429
86444
86458
86473
86486
86502
86515
86531
86544
86560
86573
86589
86602
86617
86631
86646
86660
86675
86689
86704
86717
86733
86746
86762
86775
86791
86804
86820
86833
86848
86862
86877
86891
86906
86920
86935
86949
86964
86977
86993
87006
87022
87035
87051
87064
87079
87093
87108
87122
87137
87151
87169
87186
87205
87222
87241
87258
87277
87294
87313
87330
87349
87366
87385
87402
87421
87437
87456
87473
87492
87509
87528
87545
87564
87581
87600
87617
87636
87653
87672
87689
87708
87724
87743
87760
87779
87796
87815
87832
87851
87868
87887
87904
87919
87936
87951
87968
87983
88000
88015
88032
88047
88064
88079
88096
88111
88128
88143
88160
88175
88192
88207
88224
88239
88256
88271
88288
88303
88320
88335
88352
88367
88384
88399
88416
88431
88448
88463
88480
88495
88512
88527
88544
88559
88576
88591
88608
88623
88636
88648
88661
88673
88686
88698
88712
88723
88737
88748
88762
88773
88787
88799
88812
88824
88837
88849
88862
88874
88888
88899
88913
88924
88938
88950
88963
88975
88988
89000
89013
89025
89039
89050
89064
89075
89089
89100
89114
89126
89139
89151
89164
89176
89190
89201
89215
89226
89240
89251
89265
89277
89290
89302
89315
89327
89340
89352
89366
89377
89391
89402
89416
89428
89441
89453
89466
89478
89491
89503
89517
89528
89542
89558
89572
89588
89602
89618
89632
89648
89662
89679
89693
89709
89723
89739
89753
89769
89783
89799
89814
89830
89844
89860
89874
89890
89904
89920
89934
89951
89965
89981
89995
90011
90025
90041
90055
90071
90086
90102
90116
90132
90146
90162
90176
90192
90206
90223
90237
90253
90267
90283
90297
90317
90335
90355
90373
90394
90412
90432
90450
90471
90489
90509
90527
90547
90566
90586
90604
90624
90643
90663
90681
90701
90720
90740
90758
90778
90797
90816
90836
90854
90874
90893
90913
90931
90951
90970
90990
91008
91028
91047
91066
91086
91104
91124
91143
91163
91181
91201
91216
91229
91244
91257
91272
91285
91301
91314
91329
91342
91357
91370
91385
91399
91414
91427
91442
91455
91470
91484
91499
91512
91527
91540
91555
91568
91584
91597
91612
91625
91640
91653
91668
91682
91697
91710
91725
91738
91753
91767
91782
91795
91810
91823
91838
91851
91867
91880
91895
91908
91923
91936
91951
91965
91980
91993
92008
92021
92036
92050
92065
92081
92095
92111
92125
92141
92155
92171
92185
92201
92215
92232
92246
92262
92276
92292
92306
92322
92336
92352
92366
92382
92397
92413
92427
92443
92457
92473
92487
92503
92517
92533
92548
92564
92578
92594
92608
92624
92638
92654
92668
92684
92698
92715
92729
92745
92759
92775
92789
92805
92819
92835
92849
92865
92878
92890
92904
92916
92930
92942
92956
92968
92982
92994
93008
93020
93034
93046
93060
93072
93086
93098
93112
93124
93138
93150
93164
93176
93190
93202
93216
93228
93242
93254
93268
93280
93294
93306
93320
93332
93345
93357
93371
93383
93397
93409
93423
93435
93449
93461
93475
93487
93501
93513
93527
93539
93553
93565
93579
93591
93606
93619
93634
93647
93663
93676
93691
93704
93719
93733
93748
93761
93776
93789
93805
93818
93833
93846
93861
93875
93890
93903
93918
93931
93947
93960
93975
93988
94003
94017
94032
94045
94060
94073
94089
94102
94117
94130
94145
94159
94174
94187
94202
94215
94231
94244
94259
94272
94287
94301
94316
94329
94344
94357
94373
94386
94401
94414
94429
94443
94458
94471
94486
94499
94515
94530
94547
94561
94578
94593
94610
94624
94641
94656
94673
94687
94704
94719
94735
94750
94767
94782
94798
94813
94830
94845
94861
94876
94893
94907
94924
94939
94956
94970
94987
95002
95019
95033
95050
95065
95081
95096
95113
95128
95144
95159
95176
95191
95207
95222
95239
95253
95270
95285
95302
95316
95333
95348
95365
95379
95392
95404
95417
95429
95442
95454
95468
95479
95493
95504
95518
95530
95543
95555
95568
95580
95594
95605
95619
95630
95644
95656
95669
95681
95694
95706
95719
95731
95745
95756
95770
95781
95795
95807
95820
95832
95845
95857
95871
95882
95896
95907
95921
95933
95946
95958
95971
95983
95996
96008
96022
96033
96047
96058
96072
96084
96097
96109
96122
96134
96148
96159
96173
96184
96198
96210
96223
96235
96248
96260
96275
96288
96304
96317
96333
96346
96362
96375
96390
96404
96419
96433
96448
96462
96477
96491
96506
96519
96535
96548
96564
96577
96593
96606
96622
96635
96650
96664
96679
96693
96708
96722
96737
96750
96766
96779
96795
96808
96824
96837
96853
96866
96881
96895
96910
96924
96939
96953
96968
96982
96997
97010
97026
97039
97055
97068
97084
97097
97112
97126
97141
97155
97170
97184
97202
97219
97238
97255
97274
97291
97310
97327
97346
97363
97382
97399
97418
97435
97454
97470
97489
97506
97525
97542
97561
97578
97597
97614
97633
97650
97669
97686
97705
97722
97741
97757
97776
97793
97812
97829
97848
97865
97884
97901
97920
97937
97952
97969
97984
98001
98016
98033
98048
98065
98080
98097
98112
98129
98144
98161
98176
98193
98208
98225
98240
98257
98272
98289
98304
98321
98336
98353
98368
98385
98400
98417
98432
98449
98464
98481
98496
98513
98528
98545
98560
98577
98592
98609
98624
98641
98656
98669
98681
98694
98706
98719
98731
98745
98756
98770
98781
98795
98806
98820
98832
98845
98857
98870
98882
98895
98907
98921
98932
98946
98957
98971
98983
98996
99008
99021
99033
99046
99058
99072
99083
99097
99108
99122
99133
99147
99159
99172
99184
99197
99209
99223
99234
99248
99259
99273
99284
99298
99310
99323
99335
99348
99360
99373
99385
99399
99410
99424
99435
99449
99461
99474
99486
99499
99511
99524
99536
99550
99561
99575
99591
99605
99621
99635
99651
99665
99681
99695
99712
99726
99742
99756
99772
99786
99802
99816
99832
99847
99863
99877
99893
99907
99923
99937
99953
99967
99984
99998
100014
100028
100044
100058
100074
100088
100104
100119
100135
100149
100165
100179
100195
100209
100225
100239
100256
100270
100286
100300
100316
100330
