12
22
34
45
57
67
79
90
102
112
124
135
147
157
169
180
192
202
214
225
237
247
259
270
282
292
304
315
327
337
349
360
372
382
394
405
417
427
440
450
462
472
485
495
507
515
522
531
538
546
553
562
569
577
584
593
600
608
615
624
631
640
646
655
662
671
677
686
693
702
708
717
724
733
740
748
755
764
771
779
786
795
802
810
817
826
833
841
848
857
864
873
879
888
895
904
910
919
926
935
941
950
957
966
973
981
988
997
1004
1012
1019
1028
1035
1043
1050
1059
1066
1074
1081
1090
1097
1106
1112
1121
1128
1137
1143
1152
1159
1173
1186
1201
1214
1229
1242
1256
1269
1284
1297
1312
1325
1340
1352
1367
1380
1395
1408
1423
1436
1450
1463
1478
1491
1506
1519
1534
1546
1561
1574
1589
1602
1617
1630
1644
1657
1672
1685
1700
1713
1728
1740
1755
1768
1783
1796
1811
1824
1838
1851
1866
1879
1894
1907
1922
1930
1937
1946
1953
1962
1969
1977
1984
1993
2000
2009
2016
2024
2031
2040
2047
2056
2063
2072
2078
2087
2094
2103
2110
2119
2125
2134
2141
2150
2157
2166
2172
2181
2188
2197
2204
2213
2220
2228
2235
2244
2251
2260
2267
2275
2282
2291
2298
2307
2314
2322
2329
2338
2345
2354
2361
2370
2376
2385
2392
2401
2408
2417
2423
2432
2439
2448
2455
2464
2471
2479
2486
2495
2502
2511
2518
2526
2533
2542
2549
2558
2565
2573
2580
2589
2596
2605
2612
2621
2627
2636
2643
2658
2671
2686
2699
2714
2727
2742
2755
2770
2783
2798
2811
2826
2839
2854
2867
2882
2895
2910
2923
2938
2951
2966
2979
2994
3007
3022
3035
3050
3063
3078
3091
3100
3107
3117
3124
3133
3141
3150
3158
3167
3174
3184
3191
3201
3208
3217
3225
3234
3242
3251
3258
3268
3275
3285
3292
3301
3309
3318
3325
3335
3342
3352
3359
3368
3376
3385
3393
3402
3409
3419
3426
3436
3443
3452
3460
3469
3477
3486
3493
3503
3510
3519
3527
3536
3544
3553
3560
3570
3577
3587
3594
3603
3611
3620
3628
3637
3644
3654
3666
3676
3689
3699
3712
3722
3735
3745
3758
3768
3781
3791
3804
3814
3827
3837
3850
3860
3872
3883
3895
3906
3918
3929
3941
3952
3964
3975
3987
3998
4010
4021
4033
4044
4056
4067
4079
4089
4102
4112
4125
4135
4148
4158
4171
4185
4197
4211
4224
4238
4251
4264
4278
4291
4304
4318
4331
4344
4358
4371
4384
4398
4411
4424
4438
4451
4464
4478
4491
4504
4518
4531
4544
4558
4571
4584
4598
4611
4624
4638
4657
4675
4695
4713
4732
4750
4770
4788
4808
4825
4845
4863
4883
4900
4920
4938
4958
4976
4995
5013
5033
5051
5070
5088
5108
5126
5146
5163
5183
5201
5221
5238
5258
5276
5296
5314
5323
5330
5340
5347
5357
5364
5374
5381
5391
5398
5407
5415
5424
5432
5441
5449
5458
5466
5475
5482
5492
5499
5509
5516
5526
5533
5543
5550
5559
5567
5576
5584
5593
5601
5610
5618
5627
5634
5644
5651
5661
5668
5678
5685
5695
5702
5711
5719
5728
5736
5745
5753
5762
5770
5779
5786
5796
5803
5813
5820
5830
5837
5847
5854
5863
5871
5880
5888
5897
5905
5914
5922
5931
5938
5948
5955
5965
5972
5982
5989
5999
6006
6015
6023
6032
6040
6049
6057
6066
6074
6083
6090
6100
6107
6121
6134
6149
6161
6176
6189
6203
6216
6231
6243
6258
6271
6286
6298
6313
6326
6340
6353
6368
6380
6395
6408
6423
6435
6450
6463
6477
6490
6505
6517
6532
6545
6560
6572
6587
6600
6614
6627
6642
6654
6669
6682
6697
6709
6724
6737
6751
6764
6779
6791
6806
6819
6834
6846
6861
6874
6888
6901
6916
6926
6935
6946
6955
6966
6974
6985
6994
7005
7014
7024
7033
7044
7053
7064
7072
7083
7092
7103
7112
7123
7131
7142
7151
7162
7171
7181
7190
7201
7210
7221
7229
7240
7249
7260
7269
7280
7288
7299
7308
7319
7328
7338
7347
7358
7367
7378
7386
7397
7406
7417
7426
7437
7445
7456
7465
7476
7494
7510
7528
7544
7562
7578
7596
7612
7630
7646
7664
7680
7698
7714
7733
7749
7767
7783
7801
7817
7835
7851
7869
7885
7903
7919
7937
7953
7972
7988
8006
8022
8040
8056
8074
8090
8108
8124
8142
8158
8176
8191
8204
8219
8233
8248
8261
8277
8290
8305
8319
8334
8347
8362
8376
8391
8404
8420
8433
8448
8462
8477
8490
8505
8519
8534
8547
8563
8576
8591
8605
8620
8633
8648
8662
8677
8690
8706
8719
8734
8748
8763
8776
8792
8805
8820
8833
8849
8862
8877
8891
8906
8919
8935
8948
8963
8976
8992
9005
9021
9035
9052
9066
9083
9097
9114
9128
9145
9159
9176
9190
9207
9221
9237
9252
9268
9283
9299
9314
9330
9345
9361
9376
9392
9407
9423
9437
9454
9468
9485
9494
9502
9512
9520
9529
9537
9547
9555
9564
9572
9582
9590
9600
9607
9617
9625
9635
9642
9652
9660
9670
9677
9687
9695
9705
9713
9722
9730
9740
9748
9757
9765
9775
9783
9793
9800
9810
9818
9828
9835
9845
9853
9863
9870
9880
9888
9898
9906
9915
9923
9933
9941
9950
9958
9968
9976
9985
9993
10003
10011
10021
10028
10038
10046
10056
10063
10073
10081
10091
10099
10108
10116
10126
10134
10143
10151
10161
10169
10178
10186
10196
10204
10214
10221
10231
10239
10249
10256
10268
10278
10290
10301
10313
10323
10335
10346
10358
10368
10380
10391
10403
10413
10425
10436
10448
10458
10470
10481
10493
10503
10515
10526
10538
10548
10560
10571
10583
10593
10605
10616
10628
10638
10650
10661
10673
10683
10696
10706
10718
10728
10741
10751
10763
10771
10778
10787
10794
10802
10809
10818
10825
10833
10840
10849
10856
10864
10871
10880
10887
10896
10902
10911
10918
10927
10933
10942
10949
10958
10964
10973
10980
10989
10996
11004
11011
11020
11027
11035
11042
11051
11058
11066
11073
11082
11089
11097
11104
11113
11120
11129
11135
11144
11151
11160
11166
11175
11182
11191
11197
11206
11213
11222
11229
11237
11244
11253
11260
11268
11275
11284
11291
11299
11306
11315
11322
11330
11337
11346
11353
11362
11368
11377
11384
11393
11399
11408
11415
11429
11442
11457
11470
11485
11498
11512
11525
11540
11553
11568
11581
11596
11608
11623
11636
11651
11664
11679
11692
11706
11719
11734
11747
11762
11775
11790
11802
11817
11830
11845
11858
11873
11886
11900
11913
11928
11941
11956
11969
11984
11996
12011
12024
12039
12052
12067
12080
12094
12107
12122
12135
12150
12163
12178
12186
12193
12202
12209
12218
12225
12233
12240
12249
12256
12265
12272
12280
12287
12296
12303
12312
12319
12328
12334
12343
12350
12359
12366
12375
12381
12390
12397
12406
12413
12422
12428
12437
12444
12453
12460
12469
12476
12484
12491
12500
12507
12516
12523
12531
12538
12547
12554
12563
12570
12578
12585
12594
12601
12610
12617
12626
12632
12641
12648
12657
12664
12673
12679
12688
12695
12704
12711
12720
12727
12735
12742
12751
12758
12767
12774
12782
12789
12798
12805
12814
12821
12829
12836
12845
12852
12861
12868
12877
12883
12892
12899
12914
12927
12942
12955
12970
12983
12998
13011
13026
13039
13054
13067
13082
13095
13110
13123
13138
13151
13166
13179
13194
13207
13222
13235
13250
13263
13278
13291
13306
13319
13334
13347
13356
13363
13373
13380
13389
13397
13406
13414
13423
13430
13440
13447
13457
13464
13473
13481
13490
13498
13507
13514
13524
13531
13541
13548
13557
13565
13574
13581
13591
13598
13608
13615
13624
13632
13641
13649
13658
13665
13675
13682
13692
13699
13708
13716
13725
13733
13742
13749
13759
13766
13775
13783
13792
13800
13809
13816
13826
13833
13843
13850
13859
13867
13876
13884
13893
13900
13910
13922
13932
13945
13955
13968
13978
13991
14001
14014
14024
14037
14047
14060
14070
14083
14093
14106
14116
14128
14139
14151
14162
14174
14185
14197
14208
14220
14231
14243
14254
14266
14277
14289
14300
14312
14323
14335
14345
14358
14368
14381
14391
14404
14414
14427
14441
14453
14467
14480
14494
14507
14520
14534
14547
14560
14574
14587
14600
14614
14627
14640
14654
14667
14680
14694
14707
14720
14734
14747
14760
14774
14787
14800
14814
14827
14840
14854
14867
14880
14894
14913
14931
14951
14969
14988
15006
15026
15044
15064
15081
15101
15119
15139
15156
15176
15194
15214
15232
15251
15269
15289
15307
15326
15344
15364
15382
15402
15419
15439
15457
15477
15494
15514
15532
15552
15570
15579
15586
15596
15603
15613
15620
15630
15637
15647
15654
15663
15671
15680
15688
15697
15705
15714
15722
15731
15738
15748
15755
15765
15772
15782
15789
15799
15806
15815
15823
15832
15840
15849
15857
15866
15874
15883
15890
15900
15907
15917
15924
15934
15941
15951
15958
15967
15975
15984
15992
16001
16009
16018
16026
16035
16042
16052
16059
16069
16076
16086
16093
16103
16110
16119
16127
16136
16144
16153
16161
16170
16178
16187
16194
16204
16211
16221
16228
16238
16245
16255
16262
16271
16279
16288
16296
16305
16313
16322
16330
16339
16346
16356
16363
16377
16390
16405
16417
16432
16445
16459
16472
16487
16499
16514
16527
16542
16554
16569
16582
16596
16609
16624
16636
16651
16664
16679
16691
16706
16719
16733
16746
16761
16773
16788
16801
16816
16828
16843
16856
16870
16883
16898
16910
16925
16938
16953
16965
16980
16993
17007
17020
17035
17047
17062
17075
17090
17102
17117
17130
17144
17157
17172
17182
17191
17202
17211
17222
17230
17241
17250
17261
17270
17280
17289
17300
17309
17320
17328
17339
17348
17359
17368
17379
17387
17398
17407
17418
17427
17437
17446
17457
17466
17477
17485
17496
17505
17516
17525
17536
17544
17555
17564
17575
17584
17594
17603
17614
17623
17634
17642
17653
17662
17673
17682
17693
17701
17712
17721
17732
17750
17766
17784
17800
17818
17834
17852
17868
17886
17902
17920
17936
17954
17970
17989
18005
18023
18039
18057
18073
18091
18107
18125
18141
18159
18175
18193
18209
18228
18244
18262
18278
18296
18312
18330
18346
18364
18380
18398
18414
18432
18447
18460
18475
18489
18504
18517
18533
18546
18561
18575
18590
18603
18618
18632
18647
18660
18676
18689
18704
18718
18733
18746
18761
18775
18790
18803
18819
18832
18847
18861
18876
18889
18904
18918
18933
18946
18962
18975
18990
19004
19019
19032
19048
19061
19076
19089
19105
19118
19133
19147
19162
19175
19191
19204
19219
19232
19248
19261
19277
19291
19308
19322
19339
19353
19370
19384
19401
19415
19432
19446
19463
19477
19493
19508
19524
19539
19555
19570
19586
19601
19617
19632
19648
19663
19679
19693
19710
19724
19741
19750
19758
19768
19776
19785
19793
19803
19811
19820
19828
19838
19846
19856
19863
19873
19881
19891
19898
19908
19916
19926
19933
19943
19951
19961
19969
19978
19986
19996
20004
20013
20021
20031
20039
20049
20056
20066
20074
20084
20091
20101
20109
20119
20126
20136
20144
20154
20162
20171
20179
20189
20197
20206
20214
20224
20232
20241
20249
20259
20267
20277
20284
20294
20302
20312
20319
20329
20337
20347
20355
20364
20372
20382
20390
20399
20407
20417
20425
20434
20442
20452
20460
20470
20477
20487
20495
20505
20512
20524
20534
20546
20557
20569
20579
20591
20602
20614
20624
20636
20647
20659
20669
20681
20692
20704
20714
20726
20737
20749
20759
20771
20782
20794
20804
20816
20827
20839
20849
20861
20872
20884
20894
20906
20917
20929
20939
20952
20962
20974
20984
20997
21007
21019
21027
21034
21043
21050
21058
21065
21074
21081
21089
21096
21105
21112
21120
21127
21136
21143
21152
21158
21167
21174
21183
21189
21198
21205
21214
21220
21229
21236
21245
21252
21260
21267
21276
21283
21291
21298
21307
21314
21322
21329
21338
21345
21353
21360
21369
21376
21385
21391
21400
21407
21416
21422
21431
21438
21447
21453
21462
21469
21478
21485
21493
21500
21509
21516
21524
21531
21540
21547
21555
21562
21571
21578
21586
21593
21602
21609
21618
21624
21633
21640
21649
21655
21664
21671
21685
21698
21713
21726
21741
21754
21768
21781
21796
21809
21824
21837
21852
21864
21879
21892
21907
21920
21935
21948
21962
21975
21990
22003
22018
22031
22046
22058
22073
22086
22101
22114
22129
22142
22156
22169
22184
22197
22212
22225
22240
22252
22267
22280
22295
22308
22323
22336
22350
22363
22378
22391
22406
22419
22434
22442
22449
22458
22465
22474
22481
22489
22496
22505
22512
22521
22528
22536
22543
22552
22559
22568
22575
22584
22590
22599
22606
22615
22622
22631
22637
22646
22653
22662
22669
22678
22684
22693
22700
22709
22716
22725
22732
22740
22747
22756
22763
22772
22779
22787
22794
22803
22810
22819
22826
22834
22841
22850
22857
22866
22873
22882
22888
22897
22904
22913
22920
22929
22935
22944
22951
22960
22967
22976
22983
22991
22998
23007
23014
23023
23030
23038
23045
23054
23061
23070
23077
23085
23092
23101
23108
23117
23124
23133
23139
23148
23155
23170
23183
23198
23211
23226
23239
23254
23267
23282
23295
23310
23323
23338
23351
23366
23379
23394
23407
23422
23435
23450
23463
23478
23491
23506
23519
23534
23547
23562
23575
23590
23603
23612
23619
23629
23636
23645
23653
23662
23670
23679
23686
23696
23703
23713
23720
23729
23737
23746
23754
23763
23770
23780
23787
23797
23804
23813
23821
23830
23837
23847
23854
23864
23871
23880
23888
23897
23905
23914
23921
23931
23938
23948
23955
23964
23972
23981
23989
23998
24005
24015
24022
24031
24039
24048
24056
24065
24072
24082
24089
24099
24106
24115
24123
24132
24140
24149
24156
24166
24178
24188
24201
24211
24224
24234
24247
24257
24270
24280
24293
24303
24316
24326
24339
24349
24362
24372
24384
24395
24407
24418
24430
24441
24453
24464
24476
24487
24499
24510
24522
24533
24545
24556
24568
24579
24591
24601
24614
24624
24637
24647
24660
24670
24683
24697
24709
24723
24736
24750
24763
24776
24790
24803
24816
24830
24843
24856
24870
24883
24896
24910
24923
24936
24950
24963
24976
24990
25003
25016
25030
25043
25056
25070
25083
25096
25110
25123
25136
25150
25169
25187
25207
25225
25244
25262
25282
25300
25320
25337
25357
25375
25395
25412
25432
25450
25470
25488
25507
25525
25545
25563
25582
25600
25620
25638
25658
25675
25695
25713
25733
25750
25770
25788
25808
25826
25835
25842
25852
25859
25869
25876
25886
25893
25903
25910
25919
25927
25936
25944
25953
25961
25970
25978
25987
25994
26004
26011
26021
26028
26038
26045
26055
26062
26071
26079
26088
26096
26105
26113
26122
26130
26139
26146
26156
26163
26173
26180
26190
26197
26207
26214
26223
26231
26240
26248
26257
26265
26274
26282
26291
26298
26308
26315
26325
26332
26342
26349
26359
26366
26375
26383
26392
26400
26409
26417
26426
26434
26443
26450
26460
26467
26477
26484
26494
26501
26511
26518
26527
26535
26544
26552
26561
26569
26578
26586
26595
26602
26612
26619
26633
26646
26661
26673
26688
26701
26715
26728
26743
26755
26770
26783
26798
26810
26825
26838
26852
26865
26880
26892
26907
26920
26935
26947
26962
26975
26989
27002
27017
27029
27044
27057
27072
27084
27099
27112
27126
27139
27154
27166
27181
27194
27209
27221
27236
27249
27263
27276
27291
27303
27318
27331
27346
27358
27373
27386
27400
27413
27428
27438
27447
27458
27467
27478
27486
27497
27506
27517
27526
27536
27545
27556
27565
27576
27584
27595
27604
27615
27624
27635
27643
27654
27663
27674
27683
27693
27702
27713
27722
27733
27741
27752
27761
27772
27781
27792
27800
27811
27820
27831
27840
27850
27859
27870
27879
27890
27898
27909
27918
27929
27938
27949
27957
27968
27977
27988
28006
28022
28040
28056
28074
28090
28108
28124
28142
28158
28176
28192
28210
28226
28245
28261
28279
28295
28313
28329
28347
28363
28381
28397
28415
28431
28449
28465
28484
28500
28518
28534
28552
28568
28586
28602
28620
28636
28654
28670
28688
28703
28716
28731
28745
28760
28773
28789
28802
28817
28831
28846
28859
28874
28888
28903
28916
28932
28945
28960
28974
28989
29002
29017
29031
29046
29059
29075
29088
29103
29117
29132
29145
29160
29174
29189
29202
29218
29231
29246
29260
29275
29288
29304
29317
29332
29345
29361
29374
29389
29403
29418
29431
29447
29460
29475
29488
29504
29517
29533
29547
29564
29578
29595
29609
29626
29640
29657
29671
29688
29702
29719
29733
29749
29764
29780
29795
29811
29826
29842
29857
29873
29888
29904
29919
29935
29949
29966
29980
29997
30006
30014
30024
30032
30041
30049
30059
30067
30076
30084
30094
30102
30112
30119
30129
30137
30147
30154
30164
30172
30182
30189
30199
30207
30217
30225
30234
30242
30252
30260
30269
30277
30287
30295
30305
30312
30322
30330
30340
30347
30357
30365
30375
30382
30392
30400
30410
30418
30427
30435
30445
30453
30462
30470
30480
30488
30497
30505
30515
30523
30533
30540
30550
30558
30568
30575
30585
30593
30603
30611
30620
30628
30638
30646
30655
30663
30673
30681
30690
30698
30708
30716
30726
30733
30743
30751
30761
30768
30780
30790
30802
30813
30825
30835
30847
30858
30870
30880
30892
30903
30915
30925
30937
30948
30960
30970
30982
30993
31005
31015
31027
31038
31050
31060
31072
31083
31095
31105
31117
31128
31140
31150
31162
31173
31185
31195
31208
31218
31230
31240
31253
31263
31275
31283
31290
31299
31306
31314
31321
31330
31337
31345
31352
31361
31368
31376
31383
31392
31399
31408
31414
31423
31430
31439
31445
31454
31461
31470
31476
31485
31492
31501
31508
31516
31523
31532
31539
31547
31554
31563
31570
31578
31585
31594
31601
31609
31616
31625
31632
31641
31647
31656
31663
31672
31678
31687
31694
31703
31709
31718
31725
31734
31741
31749
31756
31765
31772
31780
31787
31796
31803
31811
31818
31827
31834
31842
31849
31858
31865
31874
31880
31889
31896
31905
31911
31920
31927
31941
31954
31969
31982
31997
32010
32024
32037
32052
32065
32080
32093
32108
32120
32135
32148
32163
32176
32191
32204
32218
32231
32246
32259
32274
32287
32302
32314
32329
32342
32357
32370
32385
32398
32412
32425
32440
32453
32468
32481
32496
32508
32523
32536
32551
32564
32579
32592
32606
32619
32634
32647
32662
32675
32690
32698
32705
32714
32721
32730
32737
32745
32752
32761
32768
32777
32784
32792
32799
32808
32815
32824
32831
32840
32846
32855
32862
32871
32878
32887
32893
32902
32909
32918
32925
32934
32940
32949
32956
32965
32972
32981
32988
32996
33003
33012
33019
33028
33035
33043
33050
33059
33066
33075
33082
33090
33097
33106
33113
33122
33129
33138
33144
33153
33160
33169
33176
33185
33191
33200
33207
33216
33223
33232
33239
33247
33254
33263
33270
33279
33286
33294
33301
33310
33317
33326
33333
33341
33348
33357
33364
33373
33380
33389
33395
33404
33411
33426
33439
33454
33467
33482
33495
33510
33523
33538
33551
33566
33579
33594
33607
33622
33635
33650
33663
33678
33691
33706
33719
33734
33747
33762
33775
33790
33803
33818
33831
33846
33859
33868
33875
33885
33892
33901
33909
33918
33926
33935
33942
33952
33959
33969
33976
33985
33993
34002
34010
34019
34026
34036
34043
34053
34060
34069
34077
34086
34093
34103
34110
34120
34127
34136
34144
34153
34161
34170
34177
34187
34194
34204
34211
34220
34228
34237
34245
34254
34261
34271
34278
34287
34295
34304
34312
34321
34328
34338
34345
34355
34362
34371
34379
34388
34396
34405
34412
34422
34434
34444
34457
34467
34480
34490
34503
34513
34526
34536
34549
34559
34572
34582
34595
34605
34618
34628
34640
34651
34663
34674
34686
34697
34709
34720
34732
34743
34755
34766
34778
34789
34801
34812
34824
34835
34847
34857
34870
34880
34893
34903
34916
34926
34939
34953
34965
34979
34992
35006
35019
35032
35046
35059
35072
35086
35099
35112
35126
35139
35152
35166
35179
35192
35206
35219
35232
35246
35259
35272
35286
35299
35312
35326
35339
35352
35366
35379
35392
35406
35425
35443
35463
35481
35500
35518
35538
35556
35576
35593
35613
35631
35651
35668
35688
35706
35726
35744
35763
35781
35801
35819
35838
35856
35876
35894
35914
35931
35951
35969
35989
36006
36026
36044
36064
36082
36091
36098
36108
36115
36125
36132
36142
36149
36159
36166
36175
36183
36192
36200
36209
36217
36226
36234
36243
36250
36260
36267
36277
36284
36294
36301
36311
36318
36327
36335
36344
36352
36361
36369
36378
36386
36395
36402
36412
36419
36429
36436
36446
36453
36463
36470
36479
36487
36496
36504
36513
36521
36530
36538
36547
36554
36564
36571
36581
36588
36598
36605
36615
36622
36631
36639
36648
36656
36665
36673
36682
36690
36699
36706
36716
36723
36733
36740
36750
36757
36767
36774
36783
36791
36800
36808
36817
36825
36834
36842
36851
36858
36868
36875
36889
36902
36917
36929
36944
36957
36971
36984
36999
37011
37026
37039
37054
37066
37081
37094
37108
37121
37136
37148
37163
37176
37191
37203
37218
37231
37245
37258
37273
37285
37300
37313
37328
37340
37355
37368
37382
37395
37410
37422
37437
37450
37465
37477
37492
37505
37519
37532
37547
37559
37574
37587
37602
37614
37629
37642
37656
37669
37684
37694
37703
37714
37723
37734
37742
37753
37762
37773
37782
37792
37801
37812
37821
37832
37840
37851
37860
37871
37880
37891
37899
37910
37919
37930
37939
37949
37958
37969
37978
37989
37997
38008
38017
38028
38037
38048
38056
38067
38076
38087
38096
38106
38115
38126
38135
38146
38154
38165
38174
38185
38194
38205
38213
38224
38233
38244
38262
38278
38296
38312
38330
38346
38364
38380
38398
38414
38432
38448
38466
38482
38501
38517
38535
38551
38569
38585
38603
38619
38637
38653
38671
38687
38705
38721
38740
38756
38774
38790
38808
38824
38842
38858
38876
38892
38910
38926
38944
38959
38972
38987
39001
39016
39029
39045
39058
39073
39087
39102
39115
39130
39144
39159
39172
39188
39201
39216
39230
39245
39258
39273
39287
39302
39315
39331
39344
39359
39373
39388
39401
39416
39430
39445
39458
39474
39487
39502
39516
39531
39544
39560
39573
39588
39601
39617
39630
39645
39659
39674
39687
39703
39716
39731
39744
39760
39773
39789
39803
39820
39834
39851
39865
39882
39896
39913
39927
39944
39958
39975
39989
40005
40020
40036
40051
40067
40082
40098
40113
40129
40144
40160
40175
40191
40205
40222
40236
40253
40262
40270
40280
40288
40297
40305
40315
40323
40332
40340
40350
40358
40368
40375
40385
40393
40403
40410
40420
40428
40438
40445
40455
40463
40473
40481
40490
40498
40508
40516
40525
40533
40543
40551
40561
40568
40578
40586
40596
40603
40613
40621
40631
40638
40648
40656
40666
40674
40683
40691
40701
40709
40718
40726
40736
40744
40753
40761
40771
40779
40789
40796
40806
40814
40824
40831
40841
40849
40859
40867
40876
40884
40894
40902
40911
40919
40929
40937
40946
40954
40964
40972
40982
40989
40999
41007
41017
41024
41036
41046
41058
41069
41081
41091
41103
41114
41126
41136
41148
41159
41171
41181
41193
41204
41216
41226
41238
41249
41261
41271
41283
41294
41306
41316
41328
41339
41351
41361
41373
41384
41396
41406
41418
41429
41441
41451
41464
41474
41486
41496
41509
41519
41531
41539
41546
41555
41562
41570
41577
41586
41593
41601
41608
41617
41624
41632
41639
41648
41655
41664
41670
41679
41686
41695
41701
41710
41717
41726
41732
41741
41748
41757
41764
41772
41779
41788
41795
41803
41810
41819
41826
41834
41841
41850
41857
41865
41872
41881
41888
41897
41903
41912
41919
41928
41934
41943
41950
41959
41965
41974
41981
41990
41997
42005
42012
42021
42028
42036
42043
42052
42059
42067
42074
42083
42090
42098
42105
42114
42121
42130
42136
42145
42152
42161
42167
42176
42183
42197
42210
42225
42238
42253
42266
42280
42293
42308
42321
42336
42349
42364
42376
42391
42404
42419
42432
42447
42460
42474
42487
42502
42515
42530
42543
42558
42570
42585
42598
42613
42626
42641
42654
42668
42681
42696
42709
42724
42737
42752
42764
42779
42792
42807
42820
42835
42848
42862
42875
42890
42903
42918
42931
42946
42954
42961
42970
42977
42986
42993
43001
43008
43017
43024
43033
43040
43048
43055
43064
43071
43080
43087
43096
43102
43111
43118
43127
43134
43143
43149
43158
43165
43174
43181
43190
43196
43205
43212
43221
43228
43237
43244
43252
43259
43268
43275
43284
43291
43299
43306
43315
43322
43331
43338
43346
43353
43362
43369
43378
43385
43394
43400
43409
43416
43425
43432
43441
43447
43456
43463
43472
43479
43488
43495
43503
43510
43519
43526
43535
43542
43550
43557
43566
43573
43582
43589
43597
43604
43613
43620
43629
43636
43645
43651
43660
43667
43682
43695
43710
43723
43738
43751
43766
43779
43794
43807
43822
43835
43850
43863
43878
43891
43906
43919
43934
43947
43962
43975
43990
44003
44018
44031
44046
44059
44074
44087
44102
44115
44124
44131
44141
44148
44157
44165
44174
44182
44191
44198
44208
44215
44225
44232
44241
44249
44258
44266
44275
44282
44292
44299
44309
44316
44325
44333
44342
44349
44359
44366
44376
44383
44392
44400
44409
44417
44426
44433
44443
44450
44460
44467
44476
44484
44493
44501
44510
44517
44527
44534
44543
44551
44560
44568
44577
44584
44594
44601
44611
44618
44627
44635
44644
44652
44661
44668
44678
44690
44700
44713
44723
44736
44746
44759
44769
44782
44792
44805
44815
44828
44838
44851
44861
44874
44884
44896
44907
44919
44930
44942
44953
44965
44976
44988
44999
45011
45022
45034
45045
45057
45068
45080
45091
45103
45113
45126
45136
45149
45159
45172
45182
45195
45209
45221
45235
45248
45262
45275
45288
45302
45315
45328
45342
45355
45368
45382
45395
45408
45422
45435
45448
45462
45475
45488
45502
45515
45528
45542
45555
45568
45582
45595
45608
45622
45635
45648
45662
45681
45699
45719
45737
45756
45774
45794
45812
45832
45849
45869
45887
45907
45924
45944
45962
45982
46000
46019
46037
46057
46075
46094
46112
46132
46150
46170
46187
46207
46225
46245
46262
46282
46300
46320
46338
46347
46354
46364
46371
46381
46388
46398
46405
46415
46422
46431
46439
46448
46456
46465
46473
46482
46490
46499
46506
46516
46523
46533
46540
46550
46557
46567
46574
46583
46591
46600
46608
46617
46625
46634
46642
46651
46658
46668
46675
46685
46692
46702
46709
46719
46726
46735
46743
46752
46760
46769
46777
46786
46794
46803
46810
46820
46827
46837
46844
46854
46861
46871
46878
46887
46895
46904
46912
46921
46929
46938
46946
46955
46962
46972
46979
46989
46996
47006
47013
47023
47030
47039
47047
47056
47064
47073
47081
47090
47098
47107
47114
47124
47131
47145
47158
47173
47185
47200
47213
47227
47240
47255
47267
47282
47295
47310
47322
47337
47350
47364
47377
47392
47404
47419
47432
47447
47459
47474
47487
47501
47514
47529
47541
47556
47569
47584
47596
47611
47624
47638
47651
47666
47678
47693
47706
47721
47733
47748
47761
47775
47788
47803
47815
47830
47843
47858
47870
47885
47898
47912
47925
47940
47950
47959
47970
47979
47990
47998
48009
48018
48029
48038
48048
48057
48068
48077
48088
48096
48107
48116
48127
48136
48147
48155
48166
48175
48186
48195
48205
48214
48225
48234
48245
48253
48264
48273
48284
48293
48304
48312
48323
48332
48343
48352
48362
48371
48382
48391
48402
48410
48421
48430
48441
48450
48461
48469
48480
48489
48500
48518
48534
48552
48568
48586
48602
48620
48636
48654
48670
48688
48704
48722
48738
48757
48773
48791
48807
48825
48841
48859
48875
48893
48909
48927
48943
48961
48977
48996
49012
49030
49046
49064
49080
49098
49114
49132
49148
49166
49182
49200
49215
49228
49243
49257
49272
49285
49301
49314
49329
49343
49358
49371
49386
49400
49415
49428
49444
49457
49472
49486
49501
49514
49529
49543
49558
49571
49587
49600
49615
49629
49644
49657
49672
49686
49701
49714
49730
49743
49758
49772
49787
49800
49816
49829
49844
49857
49873
49886
49901
49915
49930
49943
49959
49972
49987
50000
50016
50029
50045
50059
50076
50090
50107
50121
50138
50152
50169
50183
50200
50214
50231
50245
50261
50276
50292
50307
50323
50338
50354
50369
50385
50400
50416
50431
50447
50461
50478
50492
50509
50518
50526
50536
50544
50553
50561
50571
50579
50588
50596
50606
50614
50624
50631
50641
50649
50659
50666
50676
50684
50694
50701
50711
50719
50729
50737
50746
50754
50764
50772
50781
50789
50799
50807
50817
50824
50834
50842
50852
50859
50869
50877
50887
50894
50904
50912
50922
50930
50939
50947
50957
50965
50974
50982
50992
51000
51009
51017
51027
51035
51045
51052
51062
51070
51080
51087
51097
51105
51115
51123
51132
51140
51150
51158
51167
51175
51185
51193
51202
51210
51220
51228
51238
51245
51255
51263
51273
51280
51292
51302
51314
51325
51337
51347
51359
51370
51382
51392
51404
51415
51427
51437
51449
51460
51472
51482
51494
51505
51517
51527
51539
51550
51562
51572
51584
51595
51607
51617
51629
51640
51652
51662
51674
51685
51697
51707
51720
51730
51742
51752
51765
51775
51787
51795
51802
51811
51818
51826
51833
51842
51849
51857
51864
51873
51880
51888
51895
51904
51911
51920
51926
51935
51942
51951
51957
51966
51973
51982
51988
51997
52004
52013
52020
52028
52035
52044
52051
52059
52066
52075
52082
52090
52097
52106
52113
52121
52128
52137
52144
52153
52159
52168
52175
52184
52190
52199
52206
52215
52221
52230
52237
52246
52253
52261
52268
52277
52284
52292
52299
52308
52315
52323
52330
52339
52346
52354
52361
52370
52377
52386
52392
52401
52408
52417
52423
52432
52439
52453
52466
52481
52494
52509
52522
52536
52549
52564
52577
52592
52605
52620
52632
52647
52660
52675
52688
52703
52716
52730
52743
52758
52771
52786
52799
52814
52826
52841
52854
52869
52882
52897
52910
52924
52937
52952
52965
52980
52993
53008
53020
53035
53048
53063
53076
53091
53104
53118
53131
53146
53159
53174
53187
53202
53210
53217
53226
53233
53242
53249
53257
53264
53273
53280
53289
53296
53304
53311
53320
53327
53336
53343
53352
53358
53367
53374
53383
53390
53399
53405
53414
53421
53430
53437
53446
53452
53461
53468
53477
53484
53493
53500
53508
53515
53524
53531
53540
53547
53555
53562
53571
53578
53587
53594
53602
53609
53618
53625
53634
53641
53650
53656
53665
53672
53681
53688
53697
53703
53712
53719
53728
53735
53744
53751
53759
53766
53775
53782
53791
53798
53806
53813
53822
53829
53838
53845
53853
53860
53869
53876
53885
53892
53901
53907
53916
53923
53938
53951
53966
53979
53994
54007
54022
54035
54050
54063
54078
54091
54106
54119
54134
54147
54162
54175
54190
54203
54218
54231
54246
54259
54274
54287
54302
54315
54330
54343
54358
54371
54380
54387
54397
54404
54413
54421
54430
54438
54447
54454
54464
54471
54481
54488
54497
54505
54514
54522
54531
54538
54548
54555
54565
54572
54581
54589
54598
54605
54615
54622
54632
54639
54648
54656
54665
54673
54682
54689
54699
54706
54716
54723
54732
54740
54749
54757
54766
54773
54783
54790
54799
54807
54816
54824
54833
54840
54850
54857
54867
54874
54883
54891
54900
54908
54917
54924
54934
54946
54956
54969
54979
54992
55002
55015
55025
55038
55048
55061
55071
55084
55094
55107
55117
55130
55140
55152
55163
55175
55186
55198
55209
55221
55232
55244
55255
55267
55278
55290
55301
55313
55324
55336
55347
55359
55369
55382
55392
55405
55415
55428
55438
55451
55465
55477
55491
55504
55518
55531
55544
55558
55571
55584
55598
55611
55624
55638
55651
55664
55678
55691
55704
55718
55731
55744
55758
55771
55784
55798
55811
55824
55838
55851
55864
55878
55891
55904
55918
55937
55955
55975
55993
56012
56030
56050
56068
56088
56105
56125
56143
56163
56180
56200
56218
56238
56256
56275
56293
56313
56331
56350
56368
56388
56406
56426
56443
56463
56481
56501
56518
56538
56556
56576
56594
56603
56610
56620
56627
56637
56644
56654
56661
56671
56678
56687
56695
56704
56712
56721
56729
56738
56746
56755
56762
56772
56779
56789
56796
56806
56813
56823
56830
56839
56847
56856
56864
56873
56881
56890
56898
56907
56914
56924
56931
56941
56948
56958
56965
56975
56982
56991
56999
57008
57016
57025
57033
57042
57050
57059
57066
57076
57083
57093
57100
57110
57117
57127
57134
57143
57151
57160
57168
57177
57185
57194
57202
57211
57218
57228
57235
57245
57252
57262
57269
57279
57286
57295
57303
57312
57320
57329
57337
57346
57354
57363
57370
57380
57387
57401
57414
57429
57441
57456
57469
57483
57496
57511
57523
57538
57551
57566
57578
57593
57606
57620
57633
57648
57660
57675
57688
57703
57715
57730
57743
57757
57770
57785
57797
57812
57825
57840
57852
57867
57880
57894
57907
57922
57934
57949
57962
57977
57989
58004
58017
58031
58044
58059
58071
58086
58099
58114
58126
58141
58154
58168
58181
58196
58206
58215
58226
58235
58246
58254
58265
58274
58285
58294
58304
58313
58324
58333
58344
58352
58363
58372
58383
58392
58403
58411
58422
58431
58442
58451
58461
58470
58481
58490
58501
58509
58520
58529
58540
58549
58560
58568
58579
58588
58599
58608
58618
58627
58638
58647
58658
58666
58677
58686
58697
58706
58717
58725
58736
58745
58756
58774
58790
58808
58824
58842
58858
58876
58892
58910
58926
58944
58960
58978
58994
59013
59029
59047
59063
59081
59097
59115
59131
59149
59165
59183
59199
59217
59233
59252
59268
59286
59302
59320
59336
59354
59370
59388
59404
59422
59438
59456
59471
59484
59499
59513
59528
59541
59557
59570
59585
59599
59614
59627
59642
59656
59671
59684
59700
59713
59728
59742
59757
59770
59785
59799
59814
59827
59843
59856
59871
59885
59900
59913
59928
59942
59957
59970
59986
59999
60014
60028
60043
60056
60072
60085
60100
60113
60129
60142
60157
60171
60186
60199
60215
60228
60243
60256
60272
60285
60301
60315
60332
60346
60363
60377
60394
60408
60425
60439
60456
60470
60487
60501
60517
60532
60548
60563
60579
60594
60610
60625
60641
60656
60672
60687
60703
60717
60734
60748
60765
60774
60782
60792
60800
60809
60817
60827
60835
60844
60852
60862
60870
60880
60887
60897
60905
60915
60922
60932
60940
60950
60957
60967
60975
60985
60993
61002
61010
61020
61028
61037
61045
61055
61063
61073
61080
61090
61098
61108
61115
61125
61133
61143
61150
61160
61168
61178
61186
61195
61203
61213
61221
61230
61238
61248
61256
61265
61273
61283
61291
61301
61308
61318
61326
61336
61343
61353
61361
61371
61379
61388
61396
61406
61414
61423
61431
61441
61449
61458
61466
61476
61484
61494
61501
61511
61519
61529
61536
61548
61558
61570
61581
61593
61603
61615
61626
61638
61648
61660
61671
61683
61693
61705
61716
61728
61738
61750
61761
61773
61783
61795
61806
61818
61828
61840
61851
61863
61873
61885
61896
61908
61918
61930
61941
61953
61963
61976
61986
61998
62008
62021
62031
62043
62051
62058
62067
62074
62082
62089
62098
62105
62113
62120
62129
62136
62144
62151
62160
62167
62176
62182
62191
62198
62207
62213
62222
62229
62238
62244
62253
62260
62269
62276
62284
62291
62300
62307
62315
62322
62331
62338
62346
62353
62362
62369
62377
62384
62393
62400
62409
62415
62424
62431
62440
62446
62455
62462
62471
62477
62486
62493
62502
62509
62517
62524
62533
62540
62548
62555
62564
62571
62579
62586
62595
62602
62610
62617
62626
62633
62642
62648
62657
62664
62673
62679
62688
62695
62709
62722
62737
62750
62765
62778
62792
62805
62820
62833
62848
62861
62876
62888
62903
62916
62931
62944
62959
62972
62986
62999
63014
63027
63042
63055
63070
63082
63097
63110
63125
63138
63153
63166
63180
63193
63208
63221
63236
63249
63264
63276
63291
63304
63319
63332
63347
63360
63374
63387
63402
63415
63430
63443
63458
63466
63473
63482
63489
63498
63505
63513
63520
63529
63536
63545
63552
63560
63567
63576
63583
63592
63599
63608
63614
63623
63630
63639
63646
63655
63661
63670
63677
63686
63693
63702
63708
63717
63724
63733
63740
63749
63756
63764
63771
63780
63787
63796
63803
63811
63818
63827
63834
63843
63850
63858
63865
63874
63881
63890
63897
63906
63912
63921
63928
63937
63944
63953
63959
63968
63975
63984
63991
64000
64007
64015
64022
64031
64038
64047
64054
64062
64069
64078
64085
64094
64101
64109
64116
64125
64132
64141
64148
64157
64163
64172
64179
64194
64207
64222
64235
64250
64263
64278
64291
64306
64319
64334
64347
64362
64375
64390
64403
64418
64431
64446
64459
64474
64487
64502
64515
64530
64543
64558
64571
64586
64599
64614
64627
64636
64643
64653
64660
64669
64677
64686
64694
64703
64710
64720
64727
64737
64744
64753
64761
64770
64778
64787
64794
64804
64811
64821
64828
64837
64845
64854
64861
64871
64878
64888
64895
64904
64912
64921
64929
64938
64945
64955
64962
64972
64979
64988
64996
65005
65013
65022
65029
65039
65046
65055
65063
65072
65080
65089
65096
65106
65113
65123
65130
65139
65147
65156
65164
65173
65180
65190
65202
65212
65225
65235
65248
65258
65271
65281
65294
65304
65317
65327
65340
65350
65363
65373
65386
65396
65408
65419
65431
65442
65454
65465
65477
65488
65500
65511
65523
65534
65546
65557
65569
65580
65592
65603
65615
65625
65638
65648
65661
65671
65684
65694
65707
65721
65733
65747
65760
65774
65787
65800
65814
65827
65840
65854
65867
65880
65894
65907
65920
65934
65947
65960
65974
65987
66000
66014
66027
66040
66054
66067
66080
66094
66107
66120
66134
66147
66160
66174
66193
66211
66231
66249
66268
66286
66306
66324
66344
66361
66381
66399
66419
66436
66456
66474
66494
66512
66531
66549
66569
66587
66606
66624
66644
66662
66682
66699
66719
66737
66757
66774
66794
66812
66832
66850
66859
66866
66876
66883
66893
66900
66910
66917
66927
66934
66943
66951
66960
66968
66977
66985
66994
67002
67011
67018
67028
67035
67045
67052
67062
67069
67079
67086
67095
67103
67112
67120
67129
67137
67146
67154
67163
67170
67180
67187
67197
67204
67214
67221
67231
67238
67247
67255
67264
67272
67281
67289
67298
67306
67315
67322
67332
67339
67349
67356
67366
67373
67383
67390
67399
67407
67416
67424
67433
67441
67450
67458
67467
67474
67484
67491
67501
67508
67518
67525
67535
67542
67551
67559
67568
67576
67585
67593
67602
67610
67619
67626
67636
67643
67657
67670
67685
67697
67712
67725
67739
67752
67767
67779
67794
67807
67822
67834
67849
67862
67876
67889
67904
67916
67931
67944
67959
67971
67986
67999
68013
68026
68041
68053
68068
68081
68096
68108
68123
68136
68150
68163
68178
68190
68205
68218
68233
68245
68260
68273
68287
68300
68315
68327
68342
68355
68370
68382
68397
68410
68424
68437
68452
68462
68471
68482
68491
68502
68510
68521
68530
68541
68550
68560
68569
68580
68589
68600
68608
68619
68628
68639
68648
68659
68667
68678
68687
68698
68707
68717
68726
68737
68746
68757
68765
68776
68785
68796
68805
68816
68824
68835
68844
68855
68864
68874
68883
68894
68903
68914
68922
68933
68942
68953
68962
68973
68981
68992
69001
69012
69030
69046
69064
69080
69098
69114
69132
69148
69166
69182
69200
69216
69234
69250
69269
69285
69303
69319
69337
69353
69371
69387
69405
69421
69439
69455
69473
69489
69508
69524
69542
69558
69576
69592
69610
69626
69644
69660
69678
69694
69712
69727
69740
69755
69769
69784
69797
69813
69826
69841
69855
69870
69883
69898
69912
69927
69940
69956
69969
69984
69998
70013
70026
70041
70055
70070
70083
70099
70112
70127
70141
70156
70169
70184
70198
70213
70226
70242
70255
70270
70284
70299
70312
70328
70341
70356
70369
70385
70398
70413
70427
70442
70455
70471
70484
70499
70512
70528
70541
70557
70571
70588
70602
70619
70633
70650
70664
70681
70695
70712
70726
70743
70757
70773
70788
70804
70819
70835
70850
70866
70881
70897
70912
70928
70943
70959
70973
70990
71004
71021
71030
71038
71048
71056
71065
71073
71083
71091
71100
71108
71118
71126
71136
71143
71153
71161
71171
71178
71188
71196
71206
71213
71223
71231
71241
71249
71258
71266
71276
71284
71293
71301
71311
71319
71329
71336
71346
71354
71364
71371
71381
71389
71399
71406
71416
71424
71434
71442
71451
71459
71469
71477
71486
71494
71504
71512
71521
71529
71539
71547
71557
71564
71574
71582
71592
71599
71609
71617
71627
71635
71644
71652
71662
71670
71679
71687
71697
71705
71714
71722
71732
71740
71750
71757
71767
71775
71785
71792
71804
71814
71826
71837
71849
71859
71871
71882
71894
71904
71916
71927
71939
71949
71961
71972
71984
71994
72006
72017
72029
72039
72051
72062
72074
72084
72096
72107
72119
72129
72141
72152
72164
72174
72186
72197
72209
72219
72232
72242
72254
72264
72277
72287
72299
72307
72314
72323
72330
72338
72345
72354
72361
72369
72376
72385
72392
72400
72407
72416
72423
72432
72438
72447
72454
72463
72469
72478
72485
72494
72500
72509
72516
72525
72532
72540
72547
72556
72563
72571
72578
72587
72594
72602
72609
72618
72625
72633
72640
72649
72656
72665
72671
72680
72687
72696
72702
72711
72718
72727
72733
72742
72749
72758
72765
72773
72780
72789
72796
72804
72811
72820
72827
72835
72842
72851
72858
72866
72873
72882
72889
72898
72904
72913
72920
72929
72935
72944
72951
72965
72978
72993
73006
73021
73034
73048
73061
73076
73089
73104
73117
73132
73144
73159
73172
73187
73200
73215
73228
73242
73255
73270
73283
73298
73311
73326
73338
73353
73366
73381
73394
73409
73422
73436
73449
73464
73477
73492
73505
73520
73532
73547
73560
73575
73588
73603
73616
73630
73643
73658
73671
73686
73699
73714
73722
73729
73738
73745
73754
73761
73769
73776
73785
73792
73801
73808
73816
73823
73832
73839
73848
73855
73864
73870
73879
73886
73895
73902
73911
73917
73926
73933
73942
73949
73958
73964
73973
73980
73989
73996
74005
74012
74020
74027
74036
74043
74052
74059
74067
74074
74083
74090
74099
74106
74114
74121
74130
74137
74146
74153
74162
74168
74177
74184
74193
74200
74209
74215
74224
74231
74240
74247
74256
74263
74271
74278
74287
74294
74303
74310
74318
74325
74334
74341
74350
74357
74365
74372
74381
74388
74397
74404
74413
74419
74428
74435
74450
74463
74478
74491
74506
74519
74534
74547
74562
74575
74590
74603
74618
74631
74646
74659
74674
74687
74702
74715
74730
74743
74758
74771
74786
74799
74814
74827
74842
74855
74870
74883
74892
74899
74909
74916
74925
74933
74942
74950
74959
74966
74976
74983
74993
75000
75009
75017
75026
75034
75043
75050
75060
75067
75077
75084
75093
75101
75110
75117
75127
75134
75144
75151
75160
75168
75177
75185
75194
75201
75211
75218
75228
75235
75244
75252
75261
75269
75278
75285
75295
75302
75311
75319
75328
75336
75345
75352
75362
75369
75379
75386
75395
75403
75412
75420
75429
75436
75446
75458
75468
75481
75491
75504
75514
75527
75537
75550
75560
75573
75583
75596
75606
75619
75629
75642
75652
75664
75675
75687
75698
75710
75721
75733
75744
75756
75767
75779
75790
75802
75813
75825
75836
75848
75859
75871
75881
75894
75904
75917
75927
75940
75950
75963
75977
75989
76003
76016
76030
76043
76056
76070
76083
76096
76110
76123
76136
76150
76163
76176
76190
76203
76216
76230
76243
76256
76270
76283
76296
76310
76323
76336
76350
76363
76376
76390
76403
76416
76430
76449
76467
76487
76505
76524
76542
76562
76580
76600
76617
76637
76655
76675
76692
76712
76730
76750
76768
76787
76805
76825
76843
76862
76880
76900
76918
76938
76955
76975
76993
77013
77030
77050
77068
77088
77106
77115
77122
77132
77139
77149
77156
77166
77173
77183
77190
77199
77207
77216
77224
77233
77241
77250
77258
77267
77274
77284
77291
77301
77308
77318
77325
77335
77342
77351
77359
77368
77376
77385
77393
77402
77410
77419
77426
77436
77443
77453
77460
77470
77477
77487
77494
77503
77511
77520
77528
77537
77545
77554
77562
77571
77578
77588
77595
77605
77612
77622
77629
77639
77646
77655
77663
77672
77680
77689
77697
77706
77714
77723
77730
77740
77747
77757
77764
77774
77781
77791
77798
77807
77815
77824
77832
77841
77849
77858
77866
77875
77882
77892
77899
77913
77926
77941
77953
77968
77981
77995
78008
78023
78035
78050
78063
78078
78090
78105
78118
78132
78145
78160
78172
78187
78200
78215
78227
78242
78255
78269
78282
78297
78309
78324
78337
78352
78364
78379
78392
78406
78419
78434
78446
78461
78474
78489
78501
78516
78529
78543
78556
78571
78583
78598
78611
78626
78638
78653
78666
78680
78693
78708
78718
78727
78738
78747
78758
78766
78777
78786
78797
78806
78816
78825
78836
78845
78856
78864
78875
78884
78895
78904
78915
78923
78934
78943
78954
78963
78973
78982
78993
79002
79013
79021
79032
79041
79052
79061
79072
79080
79091
79100
79111
79120
79130
79139
79150
79159
79170
79178
79189
79198
79209
79218
79229
79237
79248
79257
79268
79286
79302
79320
79336
79354
79370
79388
79404
79422
79438
79456
79472
79490
79506
79525
79541
79559
79575
79593
79609
79627
79643
79661
79677
79695
79711
79729
79745
79764
79780
79798
79814
79832
79848
79866
79882
79900
79916
79934
79950
79968
79983
79996
80011
80025
80040
80053
80069
80082
80097
80111
80126
80139
80154
80168
80183
80196
80212
80225
80240
80254
80269
80282
80297
80311
80326
80339
80355
80368
80383
80397
80412
80425
80440
80454
80469
80482
80498
80511
80526
80540
80555
80568
80584
80597
80612
80625
80641
80654
80669
80683
80698
80711
80727
80740
80755
80768
80784
80797
80813
80827
80844
80858
80875
80889
80906
80920
80937
80951
80968
80982
80999
81013
81029
81044
81060
81075
81091
81106
81122
81137
81153
81168
81184
81199
81215
81229
81246
81260
81277
81286
81294
81304
81312
81321
81329
81339
81347
81356
81364
81374
81382
81392
81399
81409
81417
81427
81434
81444
81452
81462
81469
81479
81487
81497
81505
81514
81522
81532
81540
81549
81557
81567
81575
81585
81592
81602
81610
81620
81627
81637
81645
81655
81662
81672
81680
81690
81698
81707
81715
81725
81733
81742
81750
81760
81768
81777
81785
81795
81803
81813
81820
81830
81838
81848
81855
81865
81873
81883
81891
81900
81908
81918
81926
81935
81943
81953
81961
81970
81978
81988
81996
82006
82013
82023
82031
82041
82048
82060
82070
82082
82093
82105
82115
82127
82138
82150
82160
82172
82183
82195
82205
82217
82228
82240
82250
82262
82273
82285
82295
82307
82318
82330
82340
82352
82363
82375
82385
82397
82408
82420
82430
82442
82453
82465
82475
82488
82498
82510
82520
82533
82543
82555
82563
82570
82579
82586
82594
82601
82610
82617
82625
82632
82641
82648
82656
82663
82672
82679
82688
82694
82703
82710
82719
82725
82734
82741
82750
82756
82765
82772
82781
82788
82796
82803
82812
82819
82827
82834
82843
82850
82858
82865
82874
82881
82889
82896
82905
82912
82921
82927
82936
82943
82952
82958
82967
82974
82983
82989
82998
83005
83014
83021
83029
83036
83045
83052
83060
83067
83076
83083
83091
83098
83107
83114
83122
83129
83138
83145
83154
83160
83169
83176
83185
83191
83200
83207
83221
83234
83249
83262
83277
83290
83304
83317
83332
83345
83360
83373
83388
83400
83415
83428
83443
83456
83471
83484
83498
83511
83526
83539
83554
83567
83582
83594
83609
83622
83637
83650
83665
83678
83692
83705
83720
83733
83748
83761
83776
83788
83803
83816
83831
83844
83859
83872
83886
83899
83914
83927
83942
83955
83970
83978
83985
83994
84001
84010
84017
84025
84032
84041
84048
84057
84064
84072
84079
84088
84095
84104
84111
84120
84126
84135
84142
84151
84158
84167
84173
84182
84189
84198
84205
84214
84220
84229
84236
84245
84252
84261
84268
84276
84283
84292
84299
84308
84315
84323
84330
84339
84346
84355
84362
84370
84377
84386
84393
84402
84409
84418
84424
84433
84440
84449
84456
84465
84471
84480
84487
84496
84503
84512
84519
84527
84534
84543
84550
84559
84566
84574
84581
84590
84597
84606
84613
84621
84628
84637
84644
84653
84660
84669
84675
84684
84691
84706
84719
84734
84747
84762
84775
84790
84803
84818
84831
84846
84859
84874
84887
84902
84915
84930
84943
84958
84971
84986
84999
85014
85027
85042
85055
85070
85083
85098
85111
85126
85139
85148
85155
85165
85172
85181
85189
85198
85206
85215
85222
85232
85239
85249
85256
85265
85273
85282
85290
85299
85306
85316
85323
85333
85340
85349
85357
85366
85373
85383
85390
85400
85407
85416
85424
85433
85441
85450
85457
85467
85474
85484
85491
85500
85508
85517
85525
85534
85541
85551
85558
85567
85575
85584
85592
85601
85608
85618
85625
85635
85642
85651
85659
85668
85676
85685
85692
85702
85714
85724
85737
85747
85760
85770
85783
85793
85806
85816
85829
85839
85852
85862
85875
85885
85898
85908
85920
85931
85943
85954
85966
85977
85989
86000
86012
86023
86035
86046
86058
86069
86081
86092
86104
86115
86127
86137
86150
86160
86173
86183
86196
86206
86219
86233
86245
86259
86272
86286
86299
86312
86326
86339
86352
86366
86379
86392
86406
86419
86432
86446
86459
86472
86486
86499
86512
86526
86539
86552
86566
86579
86592
86606
86619
86632
86646
86659
86672
86686
86705
86723
86743
86761
86780
86798
86818
86836
86856
86873
86893
86911
86931
86948
86968
86986
87006
87024
87043
87061
87081
87099
87118
87136
87156
87174
87194
87211
87231
87249
87269
87286
87306
87324
87344
87362
87371
87378
87388
87395
87405
87412
87422
87429
87439
87446
87455
87463
87472
87480
87489
87497
87506
87514
87523
87530
87540
87547
87557
87564
87574
87581
87591
87598
87607
87615
87624
87632
87641
87649
87658
87666
87675
87682
87692
87699
87709
87716
87726
87733
87743
87750
87759
87767
87776
87784
87793
87801
87810
87818
87827
87834
87844
87851
87861
87868
87878
87885
87895
87902
87911
87919
87928
87936
87945
87953
87962
87970
87979
87986
87996
88003
88013
88020
88030
88037
88047
88054
88063
88071
88080
88088
88097
88105
88114
88122
88131
88138
88148
88155
88169
88182
88197
88209
88224
88237
88251
88264
88279
88291
88306
88319
88334
88346
88361
88374
88388
88401
88416
88428
88443
88456
88471
88483
88498
88511
88525
88538
88553
88565
88580
88593
88608
88620
88635
88648
88662
88675
88690
88702
88717
88730
88745
88757
88772
88785
88799
88812
88827
88839
88854
88867
88882
88894
88909
88922
88936
88949
88964
88974
88983
88994
89003
89014
89022
89033
89042
89053
89062
89072
89081
89092
89101
89112
89120
89131
89140
89151
89160
89171
89179
89190
89199
89210
89219
89229
89238
89249
89258
89269
89277
89288
89297
89308
89317
89328
89336
89347
89356
89367
89376
89386
89395
89406
89415
89426
89434
89445
89454
89465
89474
89485
89493
89504
89513
89524
89542
89558
89576
89592
89610
89626
89644
89660
89678
89694
89712
89728
89746
89762
89781
89797
89815
89831
89849
89865
89883
89899
89917
89933
89951
89967
89985
90001
90020
90036
90054
90070
90088
90104
90122
90138
90156
90172
90190
90206
90224
90239
90252
90267
90281
90296
90309
90325
90338
90353
90367
90382
90395
90410
90424
90439
90452
90468
90481
90496
90510
90525
90538
90553
90567
90582
90595
90611
90624
90639
90653
90668
90681
90696
90710
90725
90738
90754
90767
90782
90796
90811
90824
90840
90853
90868
90881
90897
90910
90925
90939
90954
90967
90983
90996
91011
91024
91040
91053
91069
91083
91100
91114
91131
91145
91162
91176
91193
91207
91224
91238
91255
91269
91285
91300
91316
91331
91347
91362
91378
91393
91409
91424
91440
91455
91471
91485
91502
91516
91533
91542
91550
91560
91568
91577
91585
91595
91603
91612
91620
91630
91638
91648
91655
91665
91673
91683
91690
91700
91708
91718
91725
91735
91743
91753
91761
91770
91778
91788
91796
91805
91813
91823
91831
91841
91848
91858
91866
91876
91883
91893
91901
91911
91918
91928
91936
91946
91954
91963
91971
91981
91989
91998
92006
92016
92024
92033
92041
92051
92059
92069
92076
92086
92094
92104
92111
92121
92129
92139
92147
92156
92164
92174
92182
92191
92199
92209
92217
92226
92234
92244
92252
92262
92269
92279
92287
92297
92304
92316
92326
92338
92349
92361
92371
92383
92394
92406
92416
92428
92439
92451
92461
92473
92484
92496
92506
92518
92529
92541
92551
92563
92574
92586
92596
92608
92619
92631
92641
92653
92664
92676
92686
92698
92709
92721
92731
92744
92754
92766
92776
92789
92799
92811
92819
92826
92835
92842
92850
92857
92866
92873
92881
92888
92897
92904
92912
92919
92928
92935
92944
92950
92959
92966
92975
92981
92990
92997
93006
93012
93021
93028
93037
93044
93052
93059
93068
93075
93083
93090
93099
93106
93114
93121
93130
93137
93145
93152
93161
93168
93177
93183
93192
93199
93208
93214
93223
93230
93239
93245
93254
93261
93270
93277
93285
93292
93301
93308
93316
93323
93332
93339
93347
93354
93363
93370
93378
93385
93394
93401
93410
93416
93425
93432
93441
93447
93456
93463
93477
93490
93505
93518
93533
93546
93560
93573
93588
93601
93616
93629
93644
93656
93671
93684
93699
93712
93727
93740
93754
93767
93782
93795
93810
93823
93838
93850
93865
93878
93893
93906
93921
93934
93948
93961
93976
93989
94004
94017
94032
94044
94059
94072
94087
94100
94115
94128
94142
94155
94170
94183
94198
94211
94226
94234
94241
94250
94257
94266
94273
94281
94288
94297
94304
94313
94320
94328
94335
94344
94351
94360
94367
94376
94382
94391
94398
94407
94414
94423
94429
94438
94445
94454
94461
94470
94476
94485
94492
94501
94508
94517
94524
94532
94539
94548
94555
94564
94571
94579
94586
94595
94602
94611
94618
94626
94633
94642
94649
94658
94665
94674
94680
94689
94696
94705
94712
94721
94727
94736
94743
94752
94759
94768
94775
94783
94790
94799
94806
94815
94822
94830
94837
94846
94853
94862
94869
94877
94884
94893
94900
94909
94916
94925
94931
94940
94947
94962
94975
94990
95003
95018
95031
95046
95059
95074
95087
95102
95115
95130
95143
95158
95171
95186
95199
95214
95227
95242
95255
95270
95283
95298
95311
95326
95339
95354
95367
95382
95395
95404
95411
95421
95428
95437
95445
95454
95462
95471
95478
95488
95495
95505
95512
95521
95529
95538
95546
95555
95562
95572
95579
95589
95596
95605
95613
95622
95629
95639
95646
95656
95663
95672
95680
95689
95697
95706
95713
95723
95730
95740
95747
95756
95764
95773
95781
95790
95797
95807
95814
95823
95831
95840
95848
95857
95864
95874
95881
95891
95898
95907
95915
95924
95932
95941
95948
95958
95970
95980
95993
96003
96016
96026
96039
96049
96062
96072
96085
96095
96108
96118
96131
96141
96154
96164
96176
96187
96199
96210
96222
96233
96245
96256
96268
96279
96291
96302
96314
96325
96337
96348
96360
96371
96383
96393
96406
96416
96429
96439
96452
96462
96475
96489
96501
96515
96528
96542
96555
96568
96582
96595
96608
96622
96635
96648
96662
96675
96688
96702
96715
96728
96742
96755
96768
96782
96795
96808
96822
96835
96848
96862
96875
96888
96902
96915
96928
96942
96961
96979
96999
97017
97036
97054
97074
97092
97112
97129
97149
97167
97187
97204
97224
97242
97262
97280
97299
97317
97337
97355
97374
97392
97412
97430
97450
97467
97487
97505
97525
97542
97562
97580
97600
97618
97627
97634
97644
97651
97661
97668
97678
97685
97695
97702
97711
97719
97728
97736
97745
97753
97762
97770
97779
97786
97796
97803
97813
97820
97830
97837
97847
97854
97863
97871
97880
97888
97897
97905
97914
97922
97931
97938
97948
97955
97965
97972
97982
97989
97999
98006
98015
98023
98032
98040
98049
98057
98066
98074
98083
98090
98100
98107
98117
98124
98134
98141
98151
98158
98167
98175
98184
98192
98201
98209
98218
98226
98235
98242
98252
98259
98269
98276
98286
98293
98303
98310
98319
98327
98336
98344
98353
98361
98370
98378
98387
98394
98404
98411
98425
98438
98453
98465
98480
98493
98507
98520
98535
98547
98562
98575
98590
98602
98617
98630
98644
98657
98672
98684
98699
98712
98727
98739
98754
98767
98781
98794
98809
98821
98836
98849
98864
98876
98891
98904
98918
98931
98946
98958
98973
98986
99001
99013
99028
99041
99055
99068
99083
99095
99110
99123
99138
99150
99165
99178
99192
99205
99220
99230
99239
99250
99259
99270
99278
99289
99298
99309
99318
99328
99337
99348
99357
99368
99376
99387
99396
99407
99416
99427
99435
99446
99455
99466
99475
99485
99494
99505
99514
99525
99533
99544
99553
99564
99573
99584
99592
99603
99612
99623
99632
99642
99651
99662
99671
99682
99690
99701
99710
99721
99730
99741
99749
99760
99769
99780
99798
99814
99832
99848
99866
99882
99900
99916
99934
99950
99968
99984
100002
100018
100037
100053
100071
100087
100105
100121
100139
100155
100173
100189
100207
100223
100241
100257
100276
100292
100310
100326
100344
100360
100378
100394
100412
100428
100446
100462
100480
100495
100508
100523
100537
100552
100565
100581
100594
100609
100623
100638
100651
100666
100680
100695
100708
100724
100737
100752
100766
100781
100794
100809
100823
100838
100851
100867
100880
100895
100909
100924
100937
100952
100966
100981
100994
101010
101023
101038
101052
101067
101080
101096
101109
101124
101137
101153
101166
101181
101195
101210
101223
101239
101252
101267
101280
101296
101309
101325
101339
101356
101370
101387
101401
101418
101432
101449
101463
101480
101494
101511
101525
101541
101556
101572
101587
101603
101618
101634
101649
101665
101680
101696
101711
101727
101741
101758
101772
101789
101798
101806
101816
101824
101833
101841
101851
101859
101868
101876
101886
101894
101904
101911
101921
101929
101939
101946
101956
101964
101974
101981
101991
101999
102009
102017
102026
102034
102044
102052
102061
102069
102079
102087
102097
102104
102114
102122
102132
102139
102149
102157
102167
102174
102184
102192
102202
102210
102219
102227
102237
102245
102254
102262
102272
102280
102289
102297
102307
102315
102325
102332
102342
102350
102360
102367
102377
102385
102395
102403
102412
102420
102430
102438
102447
102455
102465
102473
102482
102490
102500
102508
102518
102525
102535
102543
102553
102560
