24
47
71
94
118
141
165
188
212
235
259
282
306
329
353
376
400
423
448
470
495
517
542
564
589
611
636
658
678
701
721
744
764
787
807
830
850
873
893
916
936
959
979
998
1016
1036
1054
1074
1092
1112
1130
1150
1168
1188
1206
1226
1243
1263
1281
1301
1319
1339
1357
1377
1395
1415
1433
1453
1471
1491
1513
1534
1556
1577
1600
1620
1643
1663
1686
1707
1729
1750
1773
1793
1816
1836
1859
1880
1902
1923
1946
1966
1989
2009
2028
2046
2066
2084
2104
2122
2142
2160
2180
2198
2218
2236
2256
2273
2293
2311
2331
2349
2369
2387
2407
2425
2445
2463
2483
2501
2521
2538
2558
2576
2596
2614
2634
2652
2672
2691
2712
2731
2752
2770
2791
2810
2831
2850
2870
2889
2910
2929
2950
2968
2989
3008
3029
3048
3068
3087
3107
3126
3146
3165
3185
3204
3224
3243
3263
3282
3302
3321
3341
3360
3380
3399
3419
3438
3458
3477
3498
3518
3540
3560
3582
3602
3622
3644
3664
3686
3706
3727
3747
3769
3789
3811
3833
3853
3875
3895
3917
3937
3959
3980
4002
4022
4044
4064
4086
4106
4128
4149
4171
4192
4212
4233
4253
4275
4294
4316
4336
4357
4377
4399
4418
4440
4460
4481
4501
4523
4542
4564
4584
4605
4625
4647
4666
4687
4706
4727
4746
4768
4787
4808
4827
4849
4868
4889
4908
4930
4949
4970
4989
5011
5030
5051
5070
5091
5111
5132
5151
5173
5193
5215
5235
5257
5277
5299
5319
5341
5361
5383
5404
5426
5446
5468
5488
5510
5530
5552
5572
5594
5614
5637
5657
5679
5699
5720
5740
5762
5782
5803
5823
5845
5865
5886
5906
5928
5948
5969
5989
6011
6031
6052
6072
6094
6114
6135
6155
6177
6197
6219
6238
6260
6280
6298
6318
6336
6356
6375
6395
6413
6433
6451
6471
6490
6510
6528
6548
6566
6586
6605
6625
6643
6663
6681
6701
6720
6740
6758
6779
6798
6819
6838
6860
6879
6900
6919
6941
6960
6981
7000
7022
7041
7062
7081
7103
7122
7143
7162
7183
7203
7221
7242
7260
7280
7299
7319
7337
7358
7376
7396
7415
7435
7453
7474
7492
7513
7531
7551
7570
7590
7608
7629
7647
7667
7686
7706
7724
7745
7764
7782
7801
7819
7839
7856
7876
7894
7913
7931
7950
7968
7988
8005
8025
8043
8062
8080
8100
8117
8137
8154
8174
8192
8211
8229
8249
8266
8286
8308
8329
8351
8372
8394
8415
8438
8458
8481
8501
8524
8544
8567
8588
8610
8631
8653
8674
8697
8717
8740
8760
8783
8803
8826
8847
8867
8889
8909
8931
8951
8973
8993
9015
9035
9057
9077
9099
9119
9141
9161
9183
9203
9225
9246
9269
9290
9313
9333
9356
9377
9400
9421
9443
9464
9487
9508
9531
9552
9574
9595
9618
9639
9662
9686
9708
9732
9754
9778
9800
9824
9846
9870
9892
9916
9938
9962
9984
10008
10030
10054
10076
10100
10122
10146
10168
10192
10214
10238
10260
10284
10306
10330
10352
10376
10399
10423
10446
10470
10493
10517
10540
10564
10587
10611
10634
10658
10681
10705
10728
10752
10775
10800
10822
10847
10869
10894
10916
10941
10963
10988
11010
11030
11053
11073
11096
11116
11139
11159
11182
11202
11225
11245
11268
11288
11311
11331
11350
11368
11388
11406
11426
11444
11464
11482
11502
11520
11540
11558
11578
11595
11615
11633
11653
11671
11691
11709
11729
11747
11767
11785
11805
11823
11843
11865
11886
11908
11929
11952
11972
11995
12015
12038
12059
12081
12102
12125
12145
12168
12188
12211
12232
12254
12275
12298
12318
12341
12361
12380
12398
12418
12436
12456
12474
12494
12512
12532
12550
12570
12588
12608
12625
12645
12663
12683
12701
12721
12739
12759
12777
12797
12815
12835
12853
12873
12890
12910
12928
12948
12966
12986
13004
13024
13043
13064
13083
13104
13122
13143
13162
13183
13202
13222
13241
13262
13281
13302
13320
13341
13360
13381
13400
13420
13439
13459
13478
13498
13517
13537
13556
13576
13595
13615
13634
13654
13673
13693
13712
13732
13751
13771
13790
13810
13829
13850
13870
13892
13912
13934
13954
13974
13996
14016
14038
14058
14079
14099
14121
14141
14163
14185
14205
14227
14247
14269
14289
14311
14332
14354
14374
14396
14416
14438
14458
14480
14501
14523
14544
14564
14585
14605
14627
14646
14668
14688
14709
14729
14751
14770
14792
14812
14833
14853
14875
14894
14916
14936
14957
14977
14999
15018
15039
15058
15079
15098
15120
15139
15160
15179
15201
15220
15241
15260
15282
15301
15322
15341
15363
15382
15403
15422
15443
15463
15484
15503
15525
15545
15567
15587
15609
15629
15651
15671
15693
15713
15735
15756
15778
15798
15820
15840
15862
15882
15904
15924
15946
15966
15989
16009
16031
16051
16072
16092
16114
16134
16155
16175
16197
16217
16238
16258
16280
16300
16321
16341
16363
16383
16404
16424
16446
16466
16487
16507
16529
16549
16571
16590
16612
16632
16650
16670
16688
16708
16727
16747
16765
16785
16803
16823
16842
16862
16880
16900
16918
16938
16957
16977
16995
17015
17033
17053
17072
17092
17110
17131
17150
17171
17190
17212
17231
17252
17271
17293
17312
17333
17352
17374
17393
17414
17433
17455
17474
17495
17514
17535
17555
17573
17594
17612
17632
17651
17671
17689
17710
17728
17748
17767
17787
17805
17826
17844
17865
17883
17903
17922
17942
17960
17981
17999
18019
18038
18058
18076
18097
18116
18134
18153
18171
18191
18208
18228
18246
18265
18283
18302
18320
18340
18357
18377
18395
18414
18432
18452
18469
18489
18506
18526
18544
18563
18581
18601
18618
18638
18660
18681
18703
18724
18746
18767
18790
18810
18833
18853
18876
18896
18919
18940
18962
18983
19005
19026
19049
19069
19092
19112
19135
19155
19178
19199
19219
19241
19261
19283
19303
19325
19345
19367
19387
19409
19429
19451
19471
19493
19513
19535
19555
19577
19598
19621
19642
19665
19685
19708
19729
19752
19773
19795
19816
19839
19860
19883
19904
19926
19947
19970
19991
20014
20038
20060
20084
20106
20130
20152
20176
20198
20222
20244
20268
20290
20314
20336
20360
20382
20406
20428
20452
20474
20498
20520
20544
20566
20590
20612
20636
20658
20682
20704
20728
20751
20775
20798
20822
20845
20869
20892
20916
20939
20963
20986
21010
21033
21057
21080
21104
21127
21152
21174
21199
21221
21246
21268
21293
21315
21340
21362
21382
21405
21425
21448
21468
21491
21511
21534
21554
21577
21597
21620
21640
21663
21683
21702
21720
21740
21758
21778
21796
21816
21834
21854
21872
21892
21910
21930
21947
21967
21985
22005
22023
22043
22061
22081
22099
22119
22137
22157
22175
22195
22217
22238
22260
22281
22304
22324
22347
22367
22390
22411
22433
22454
22477
22497
22520
22540
22563
22584
22606
22627
22650
22670
22693
22713
22732
22750
22770
22788
22808
22826
22846
22864
22884
22902
22922
22940
22960
22977
22997
23015
23035
23053
23073
23091
23111
23129
23149
23167
23187
23205
23225
23242
23262
23280
23300
23318
23338
23356
23376
23395
23416
23435
23456
23474
23495
23514
23535
23554
23574
23593
23614
23633
23654
23672
23693
23712
23733
23752
23772
23791
23811
23830
23850
23869
23889
23908
23928
23947
23967
23986
24006
24025
24045
24064
24084
24103
24123
24142
24162
24181
24202
24222
24244
24264
24286
24306
24326
24348
24368
24390
24410
24431
24451
24473
24493
24515
24537
24557
24579
24599
24621
24641
24663
24684
24706
24726
24748
24768
24790
24810
24832
24853
24875
24896
24916
24937
24957
24979
24998
25020
25040
25061
25081
25103
25122
25144
25164
25185
25205
25227
25246
25268
25288
25309
25329
25351
25370
25391
25410
25431
25450
25472
25491
25512
25531
25553
25572
25593
25612
25634
25653
25674
25693
25715
25734
25755
25774
25795
25815
25836
25855
25877
25897
25919
25939
25961
25981
26003
26023
26045
26065
26087
26108
26130
26150
26172
26192
26214
26234
26256
26276
26298
26318
26341
26361
26383
26403
26424
26444
26466
26486
26507
26527
26549
26569
26590
26610
26632
26652
26673
26693
26715
26735
26756
26776
26798
26818
26839
26859
26881
26901
26923
26942
26964
26984
27002
27022
27040
27060
27079
27099
27117
27137
27155
27175
27194
27214
27232
27252
27270
27290
27309
27329
27347
27367
27385
27405
27424
27444
27462
27483
27502
27523
27542
27564
27583
27604
27623
27645
27664
27685
27704
27726
27745
27766
27785
27807
27826
27847
27866
27887
27907
27925
27946
27964
27984
28003
28023
28041
28062
28080
28100
28119
28139
28157
28178
28196
28217
28235
28255
28274
28294
28312
28333
28351
28371
28390
28410
28428
28449
28468
28486
28505
28523
28543
28560
28580
28598
28617
28635
28654
28672
28692
28709
28729
28747
28766
28784
28804
28821
28841
28858
28878
28896
28915
28933
28953
28970
28990
29012
29033
29055
29076
29098
29119
29142
29162
29185
29205
29228
29248
29271
29292
29314
29335
29357
29378
29401
29421
29444
29464
29487
29507
29530
29551
29571
29593
29613
29635
29655
29677
29697
29719
29739
29761
29781
29803
29823
29845
29865
29887
29907
29929
29950
29973
29994
30017
30037
30060
30081
30104
30125
30147
30168
30191
30212
30235
30256
30278
30299
30322
30343
30366
30390
30412
30436
30458
30482
30504
30528
30550
30574
30596
30620
30642
30666
30688
30712
30734
30758
30780
30804
30826
30850
30872
30896
30918
30942
30964
30988
31010
31034
31056
31080
31103
31127
31150
31174
31197
31221
31244
31268
31291
31315
31338
31362
31385
31409
31432
31456
31479
31504
31526
31551
31573
31598
31620
31645
31667
31692
31714
31734
31757
31777
31800
31820
31843
31863
31886
31906
31929
31949
31972
31992
32015
32035
32054
32072
32092
32110
32130
32148
32168
32186
32206
32224
32244
32262
32282
32299
32319
32337
32357
32375
32395
32413
32433
32451
32471
32489
32509
32527
32547
32569
32590
32612
32633
32656
32676
32699
32719
32742
32763
32785
32806
32829
32849
32872
32892
32915
32936
32958
32979
33002
33022
33045
33065
33084
33102
33122
33140
33160
33178
33198
33216
33236
33254
33274
33292
33312
33329
33349
33367
33387
33405
33425
33443
33463
33481
33501
33519
33539
33557
33577
33594
33614
33632
33652
33670
33690
33708
33728
33747
33768
33787
33808
33826
33847
33866
33887
33906
33926
33945
33966
33985
34006
34024
34045
34064
34085
34104
34124
34143
34163
34182
34202
34221
34241
34260
34280
34299
34319
34338
34358
34377
34397
34416
34436
34455
34475
34494
34514
34533
34554
34574
34596
34616
34638
34658
34678
34700
34720
34742
34762
34783
34803
34825
34845
34867
34889
34909
34931
34951
34973
34993
35015
35036
35058
35078
35100
35120
35142
35162
35184
35205
35227
35248
35268
35289
35309
35331
35350
35372
35392
35413
35433
35455
35474
35496
35516
35537
35557
35579
35598
35620
35640
35661
35681
35703
35722
35743
35762
35783
35802
35824
35843
35864
35883
35905
35924
35945
35964
35986
36005
36026
36045
36067
36086
36107
36126
36147
36167
36188
36207
36229
36249
36271
36291
36313
36333
36355
36375
36397
36417
36439
36460
36482
36502
36524
36544
36566
36586
36608
36628
36650
36670
36693
36713
36735
36755
36776
36796
36818
36838
36859
36879
36901
36921
36942
36962
36984
37004
37025
37045
37067
37087
37108
37128
37150
37170
37191
37211
37233
37253
37275
37294
37316
37336
37354
37374
37392
37412
37431
37451
37469
37489
37507
37527
37546
37566
37584
37604
37622
37642
37661
37681
37699
37719
37737
37757
37776
37796
37814
37835
37854
37875
37894
37916
37935
37956
37975
37997
38016
38037
38056
38078
38097
38118
38137
38159
38178
38199
38218
38239
38259
38277
38298
38316
38336
38355
38375
38393
38414
38432
38452
38471
38491
38509
38530
38548
38569
38587
38607
38626
38646
38664
38685
38703
38723
38742
38762
38780
38801
38820
38838
38857
38875
38895
38912
38932
38950
38969
38987
39006
39024
39044
39061
39081
39099
39118
39136
39156
39173
39193
39210
39230
39248
39267
39285
39305
39322
39342
39364
39385
39407
39428
39450
39471
39494
39514
39537
39557
39580
39600
39623
39644
39666
39687
39709
39730
39753
39773
39796
39816
39839
39859
39882
39903
39923
39945
39965
39987
40007
40029
40049
40071
40091
40113
40133
40155
40175
40197
40217
40239
40259
40281
40302
40325
40346
40369
40389
40412
40433
40456
40477
40499
40520
40543
40564
40587
40608
40630
40651
40674
40695
40718
40742
40764
40788
40810
40834
40856
40880
40902
40926
40948
40972
40994
41018
41040
41064
41086
41110
41132
41156
41178
41202
41224
41248
41270
41294
41316
41340
41362
41386
41408
41432
41455
41479
41502
41526
41549
41573
41596
41620
41643
41667
41690
41714
41737
41761
41784
41808
41831
41856
41878
41903
41925
41950
41972
41997
42019
42044
42066
42086
42109
42129
42152
42172
42195
42215
42238
42258
42281
42301
42324
42344
42367
42387
42406
42424
42444
42462
42482
42500
42520
42538
42558
42576
42596
42614
42634
42651
42671
42689
42709
42727
42747
42765
42785
42803
42823
42841
42861
42879
42899
42921
42942
42964
42985
43008
43028
43051
43071
43094
43115
43137
43158
43181
43201
43224
43244
43267
43288
43310
43331
43354
43374
43397
43417
43436
43454
43474
43492
43512
43530
43550
43568
43588
43606
43626
43644
43664
43681
43701
43719
43739
43757
43777
43795
43815
43833
43853
43871
43891
43909
43929
43946
43966
43984
44004
44022
44042
44060
44080
44099
44120
44139
44160
44178
44199
44218
44239
44258
44278
44297
44318
44337
44358
44376
44397
44416
44437
44456
44476
44495
44515
44534
44554
44573
44593
44612
44632
44651
44671
44690
44710
44729
44749
44768
44788
44807
44827
44846
44866
44885
44906
44926
44948
44968
44990
45010
45030
45052
45072
45094
45114
45135
45155
45177
45197
45219
45241
45261
45283
45303
45325
45345
45367
45388
45410
45430
45452
45472
45494
45514
45536
45557
45579
45600
45620
45641
45661
45683
45702
45724
45744
45765
45785
45807
45826
45848
45868
45889
45909
45931
45950
45972
45992
46013
46033
46055
46074
46095
46114
46135
46154
46176
46195
46216
46235
46257
46276
46297
46316
46338
46357
46378
46397
46419
46438
46459
46478
46499
46519
46540
46559
46581
46601
46623
46643
46665
46685
46707
46727
46749
46769
46791
46812
46834
46854
46876
46896
46918
46938
46960
46980
47002
47022
47045
47065
47087
47107
47128
47148
47170
47190
47211
47231
47253
47273
47294
47314
47336
47356
47377
47397
47419
47439
47460
47480
47502
47522
47543
47563
47585
47605
47627
47646
47668
47688
47706
47726
47744
47764
47783
47803
47821
47841
47859
47879
47898
47918
47936
47956
47974
47994
48013
48033
48051
48071
48089
48109
48128
48148
48166
48187
48206
48227
48246
48268
48287
48308
48327
48349
48368
48389
48408
48430
48449
48470
48489
48511
48530
48551
48570
48591
48611
48629
48650
48668
48688
48707
48727
48745
48766
48784
48804
48823
48843
48861
48882
48900
48921
48939
48959
48978
48998
49016
49037
49055
49075
49094
49114
49132
49153
49172
49190
49209
49227
49247
49264
49284
49302
49321
49339
49358
49376
49396
49413
49433
49451
49470
49488
49508
49525
49545
49562
49582
49600
49619
49637
49657
49674
49694
49716
49737
49759
49780
49802
49823
49846
49866
49889
49909
49932
49952
49975
49996
50018
50039
50061
50082
50105
50125
50148
50168
50191
50211
50234
50255
50275
50297
50317
50339
50359
50381
50401
50423
50443
50465
50485
50507
50527
50549
50569
50591
50611
50633
50654
50677
50698
50721
50741
50764
50785
50808
50829
50851
50872
50895
50916
50939
50960
50982
51003
51026
51047
51070
51094
51116
51140
51162
51186
51208
51232
51254
51278
51300
51324
51346
51370
51392
51416
51438
51462
51484
51508
51530
51554
51576
51600
51622
51646
51668
51692
51714
51738
51760
51784
51807
51831
51854
51878
51901
51925
51948
51972
51995
52019
52042
52066
52089
52113
52136
52160
52183
52208
52230
52255
52277
52302
52324
52349
52371
52396
52418
52438
52461
52481
52504
52524
52547
52567
52590
52610
52633
52653
52676
52696
52719
52739
52758
52776
52796
52814
52834
52852
52872
52890
52910
52928
52948
52966
52986
53003
53023
53041
53061
53079
53099
53117
53137
53155
53175
53193
53213
53231
53251
53273
53294
53316
53337
53360
53380
53403
53423
53446
53467
53489
53510
53533
53553
53576
53596
53619
53640
53662
53683
53706
53726
53749
53769
53788
53806
53826
53844
53864
53882
53902
53920
53940
53958
53978
53996
54016
54033
54053
54071
54091
54109
54129
54147
54167
54185
54205
54223
54243
54261
54281
54298
54318
54336
54356
54374
54394
54412
54432
54451
54472
54491
54512
54530
54551
54570
54591
54610
54630
54649
54670
54689
54710
54728
54749
54768
54789
54808
54828
54847
54867
54886
54906
54925
54945
54964
54984
55003
55023
55042
55062
55081
55101
55120
55140
55159
55179
55198
55218
55237
55258
55278
55300
55320
55342
55362
55382
55404
55424
55446
55466
55487
55507
55529
55549
55571
55593
55613
55635
55655
55677
55697
55719
55740
55762
55782
55804
55824
55846
55866
55888
55909
55931
55952
55972
55993
56013
56035
56054
56076
56096
56117
56137
56159
56178
56200
56220
56241
56261
56283
56302
56324
56344
56365
56385
56407
56426
56447
56466
56487
56506
56528
56547
56568
56587
56609
56628
56649
56668
56690
56709
56730
56749
56771
56790
56811
56830
56851
56871
56892
56911
56933
56953
56975
56995
57017
57037
57059
57079
57101
57121
57143
57164
57186
57206
57228
57248
57270
57290
57312
57332
57354
57374
57397
57417
57439
57459
57480
57500
57522
57542
57563
57583
57605
57625
57646
57666
57688
57708
57729
57749
57771
57791
57812
57832
57854
57874
57895
57915
57937
57957
57979
57998
58020
58040
58058
58078
58096
58116
58135
58155
58173
58193
58211
58231
58250
58270
58288
58308
58326
58346
58365
58385
58403
58423
58441
58461
58480
58500
58518
58539
58558
58579
58598
58620
58639
58660
58679
58701
58720
58741
58760
58782
58801
58822
58841
58863
58882
58903
58922
58943
58963
58981
59002
59020
59040
59059
59079
59097
59118
59136
59156
59175
59195
59213
59234
59252
59273
59291
59311
59330
59350
59368
59389
59407
59427
59446
59466
59484
59505
59524
59542
59561
59579
59599
59616
59636
59654
59673
59691
59710
59728
59748
59765
59785
59803
59822
59840
59860
59877
59897
59914
59934
59952
59971
59989
60009
60026
60046
60068
60089
60111
60132
60154
60175
60198
60218
60241
60261
60284
60304
60327
60348
60370
60391
60413
60434
60457
60477
60500
60520
60543
60563
60586
60607
60627
60649
60669
60691
60711
60733
60753
60775
60795
60817
60837
60859
60879
60901
60921
60943
60963
60985
61006
61029
61050
61073
61093
61116
61137
61160
61181
61203
61224
61247
61268
61291
61312
61334
61355
61378
61399
61422
61446
61468
61492
61514
61538
61560
61584
61606
61630
61652
61676
61698
61722
61744
61768
61790
61814
61836
61860
61882
61906
61928
61952
61974
61998
62020
62044
62066
62090
62112
62136
62159
62183
62206
62230
62253
62277
62300
62324
62347
62371
62394
62418
62441
62465
62488
62512
62535
62560
62582
62607
62629
62654
62676
62701
62723
62748
62770
62790
62813
62833
62856
62876
62899
62919
62942
62962
62985
63005
63028
63048
63071
63091
63110
63128
63148
63166
63186
63204
63224
63242
63262
63280
63300
63318
63338
63355
63375
63393
63413
63431
63451
63469
63489
63507
63527
63545
63565
63583
63603
63625
63646
63668
63689
63712
63732
63755
63775
63798
63819
63841
63862
63885
63905
63928
63948
63971
63992
64014
64035
64058
64078
64101
64121
64140
64158
64178
64196
64216
64234
64254
64272
64292
64310
64330
64348
64368
64385
64405
64423
64443
64461
64481
64499
64519
64537
64557
64575
64595
64613
64633
64650
64670
64688
64708
64726
64746
64764
64784
64803
64824
64843
64864
64882
64903
64922
64943
64962
64982
65001
65022
65041
65062
65080
65101
65120
65141
65160
65180
65199
65219
65238
65258
65277
65297
65316
65336
65355
65375
65394
65414
65433
65453
65472
65492
65511
65531
65550
65570
65589
65610
65630
65652
65672
65694
65714
65734
65756
65776
65798
65818
65839
65859
65881
65901
65923
65945
65965
65987
66007
66029
66049
66071
66092
66114
66134
66156
66176
66198
66218
66240
66261
66283
66304
66324
66345
66365
66387
66406
66428
66448
66469
66489
66511
66530
66552
66572
66593
66613
66635
66654
66676
66696
66717
66737
66759
66778
66799
66818
66839
66858
66880
66899
66920
66939
66961
66980
67001
67020
67042
67061
67082
67101
67123
67142
67163
67182
67203
67223
67244
67263
67285
67305
67327
67347
67369
67389
67411
67431
67453
67473
67495
67516
67538
67558
67580
67600
67622
67642
67664
67684
67706
67726
67749
67769
67791
67811
67832
67852
67874
67894
67915
67935
67957
67977
67998
68018
68040
68060
68081
68101
68123
68143
68164
68184
68206
68226
68247
68267
68289
68309
68331
68350
68372
68392
68410
68430
68448
68468
68487
68507
68525
68545
68563
68583
68602
68622
68640
68660
68678
68698
68717
68737
68755
68775
68793
68813
68832
68852
68870
68891
68910
68931
68950
68972
68991
69012
69031
69053
69072
69093
69112
69134
69153
69174
69193
69215
69234
69255
69274
69295
69315
69333
69354
69372
69392
69411
69431
69449
69470
69488
69508
69527
69547
69565
69586
69604
69625
69643
69663
69682
69702
69720
69741
69759
69779
69798
69818
69836
69857
69876
69894
69913
69931
69951
69968
69988
70006
70025
70043
70062
70080
70100
70117
70137
70155
70174
70192
70212
70229
70249
70266
70286
70304
70323
70341
70361
70378
70398
70420
70441
70463
70484
70506
70527
70550
70570
70593
70613
70636
70656
70679
70700
70722
70743
70765
70786
70809
70829
70852
70872
70895
70915
70938
70959
70979
71001
71021
71043
71063
71085
71105
71127
71147
71169
71189
71211
71231
71253
71273
71295
71315
71337
71358
71381
71402
71425
71445
71468
71489
71512
71533
71555
71576
71599
71620
71643
71664
71686
71707
71730
71751
71774
71798
71820
71844
71866
71890
71912
71936
71958
71982
72004
72028
72050
72074
72096
72120
72142
72166
72188
72212
72234
72258
72280
72304
72326
72350
72372
72396
72418
72442
72464
72488
72511
72535
72558
72582
72605
72629
72652
72676
72699
72723
72746
72770
72793
72817
72840
72864
72887
72912
72934
72959
72981
73006
73028
73053
73075
73100
73122
73142
73165
73185
73208
73228
73251
73271
73294
73314
73337
73357
73380
73400
73423
73443
73462
73480
73500
73518
73538
73556
73576
73594
73614
73632
73652
73670
73690
73707
73727
73745
73765
73783
73803
73821
73841
73859
73879
73897
73917
73935
73955
73977
73998
74020
74041
74064
74084
74107
74127
74150
74171
74193
74214
74237
74257
74280
74300
74323
74344
74366
74387
74410
74430
74453
74473
74492
74510
74530
74548
74568
74586
74606
74624
74644
74662
74682
74700
74720
74737
74757
74775
74795
74813
74833
74851
74871
74889
74909
74927
74947
74965
74985
75002
75022
75040
75060
75078
75098
75116
75136
75155
75176
75195
75216
75234
75255
75274
75295
75314
75334
75353
75374
75393
75414
75432
75453
75472
75493
75512
75532
75551
75571
75590
75610
75629
75649
75668
75688
75707
75727
75746
75766
75785
75805
75824
75844
75863
75883
75902
75922
75941
75962
75982
76004
76024
76046
76066
76086
76108
76128
76150
76170
76191
76211
76233
76253
76275
76297
76317
76339
76359
76381
76401
76423
76444
76466
76486
76508
76528
76550
76570
76592
76613
76635
76656
76676
76697
76717
76739
76758
76780
76800
76821
76841
76863
76882
76904
76924
76945
76965
76987
77006
77028
77048
77069
77089
77111
77130
77151
77170
77191
77210
77232
77251
77272
77291
77313
77332
77353
77372
77394
77413
77434
77453
77475
77494
77515
77534
77555
77575
77596
77615
77637
77657
77679
77699
77721
77741
77763
77783
77805
77825
77847
77868
77890
77910
77932
77952
77974
77994
78016
78036
78058
78078
78101
78121
78143
78163
78184
78204
78226
78246
78267
78287
78309
78329
78350
78370
78392
78412
78433
78453
78475
78495
78516
78536
78558
78578
78599
78619
78641
78661
78683
78702
78724
78744
78762
78782
78800
78820
78839
78859
78877
78897
78915
78935
78954
78974
78992
79012
79030
79050
79069
79089
79107
79127
79145
79165
79184
79204
79222
79243
79262
79283
79302
79324
79343
79364
79383
79405
79424
79445
79464
79486
79505
79526
79545
79567
79586
79607
79626
79647
79667
79685
79706
79724
79744
79763
79783
79801
79822
79840
79860
79879
79899
79917
79938
79956
79977
79995
80015
80034
80054
80072
80093
80111
80131
80150
80170
80188
80209
80228
80246
80265
80283
80303
80320
80340
80358
80377
80395
80414
80432
80452
80469
80489
80507
80526
80544
80564
80581
80601
80618
80638
80656
80675
80693
80713
80730
80750
80772
80793
80815
80836
80858
80879
80902
80922
80945
80965
80988
81008
81031
81052
81074
81095
81117
81138
81161
81181
81204
81224
81247
81267
81290
81311
81331
81353
81373
81395
81415
81437
81457
81479
81499
81521
81541
81563
81583
81605
81625
81647
81667
81689
81710
81733
81754
81777
81797
81820
81841
81864
81885
81907
81928
81951
81972
81995
82016
82038
82059
82082
82103
82126
82150
82172
82196
82218
82242
82264
82288
82310
82334
82356
82380
82402
82426
82448
82472
82494
82518
82540
82564
82586
82610
82632
82656
82678
82702
82724
82748
82770
82794
82816
82840
82863
82887
82910
82934
82957
82981
83004
83028
83051
83075
83098
83122
83145
83169
83192
83216
83239
83264
83286
83311
83333
83358
83380
83405
83427
83452
83474
83494
83517
83537
83560
83580
83603
83623
83646
83666
83689
83709
83732
83752
83775
83795
83814
83832
83852
83870
83890
83908
83928
83946
83966
83984
84004
84022
84042
84059
84079
84097
84117
84135
84155
84173
84193
84211
84231
84249
84269
84287
84307
84329
84350
84372
84393
84416
84436
84459
84479
84502
84523
84545
84566
84589
84609
84632
84652
84675
84696
84718
84739
84762
84782
84805
84825
84844
84862
84882
84900
84920
84938
84958
84976
84996
85014
85034
85052
85072
85089
85109
85127
85147
85165
85185
85203
85223
85241
85261
85279
85299
85317
85337
85354
85374
85392
85412
85430
85450
85468
85488
85507
85528
85547
85568
85586
85607
85626
85647
85666
85686
85705
85726
85745
85766
85784
85805
85824
85845
85864
85884
85903
85923
85942
85962
85981
86001
86020
86040
86059
86079
86098
86118
86137
86157
86176
86196
86215
86235
86254
86274
86293
86314
86334
86356
86376
86398
86418
86438
86460
86480
86502
86522
86543
86563
86585
86605
86627
86649
86669
86691
86711
86733
86753
86775
86796
86818
86838
86860
86880
86902
86922
86944
86965
86987
87008
87028
87049
87069
87091
87110
87132
87152
87173
87193
87215
87234
87256
87276
87297
87317
87339
87358
87380
87400
87421
87441
87463
87482
87503
87522
87543
87562
87584
87603
87624
87643
87665
87684
87705
87724
87746
87765
87786
87805
87827
87846
87867
87886
87907
87927
87948
87967
87989
88009
88031
88051
88073
88093
88115
88135
88157
88177
88199
88220
88242
88262
88284
88304
88326
88346
88368
88388
88410
88430
88453
88473
88495
88515
88536
88556
88578
88598
88619
88639
88661
88681
88702
88722
88744
88764
88785
88805
88827
88847
88868
88888
88910
88930
88951
88971
88993
89013
89035
89054
89076
89096
89114
89134
89152
89172
89191
89211
89229
89249
89267
89287
89306
89326
89344
89364
89382
89402
89421
89441
89459
89479
89497
89517
89536
89556
89574
89595
89614
89635
89654
89676
89695
89716
89735
89757
89776
89797
89816
89838
89857
89878
89897
89919
89938
89959
89978
89999
90019
90037
90058
90076
90096
90115
90135
90153
90174
90192
90212
90231
90251
90269
90290
90308
90329
90347
90367
90386
90406
90424
90445
90463
90483
90502
90522
90540
90561
90580
90598
90617
90635
90655
90672
90692
90710
90729
90747
90766
90784
90804
90821
90841
90859
90878
90896
90916
90933
90953
90970
90990
91008
91027
91045
91065
91082
91102
91124
91145
91167
91188
91210
91231
91254
91274
91297
91317
91340
91360
91383
91404
91426
91447
91469
91490
91513
91533
91556
91576
91599
91619
91642
91663
91683
91705
91725
91747
91767
91789
91809
91831
91851
91873
91893
91915
91935
91957
91977
91999
92019
92041
92062
92085
92106
92129
92149
92172
92193
92216
92237
92259
92280
92303
92324
92347
92368
92390
92411
92434
92455
92478
92502
92524
92548
92570
92594
92616
92640
92662
92686
92708
92732
92754
92778
92800
92824
92846
92870
92892
92916
92938
92962
92984
93008
93030
93054
93076
93100
93122
93146
93168
93192
93215
93239
93262
93286
93309
93333
93356
93380
93403
93427
93450
93474
93497
93521
93544
93568
93591
93616
93638
93663
93685
93710
93732
93757
93779
93804
93826
93846
93869
93889
93912
93932
93955
93975
93998
94018
94041
94061
94084
94104
94127
94147
94166
94184
94204
94222
94242
94260
94280
94298
94318
94336
94356
94374
94394
94411
94431
94449
94469
94487
94507
94525
94545
94563
94583
94601
94621
94639
94659
94681
94702
94724
94745
94768
94788
94811
94831
94854
94875
94897
94918
94941
94961
94984
95004
95027
95048
95070
95091
95114
95134
95157
95177
95196
95214
95234
95252
95272
95290
95310
95328
95348
95366
95386
95404
95424
95441
95461
95479
95499
95517
95537
95555
95575
95593
95613
95631
95651
95669
95689
95706
95726
95744
95764
95782
95802
95820
95840
95859
95880
95899
95920
95938
95959
95978
95999
96018
96038
96057
96078
96097
96118
96136
96157
96176
96197
96216
96236
96255
96275
96294
96314
96333
96353
96372
96392
96411
96431
96450
96470
96489
96509
96528
96548
96567
96587
96606
96626
96645
96666
96686
96708
96728
96750
96770
96790
96812
96832
96854
96874
96895
96915
96937
96957
96979
97001
97021
97043
97063
97085
97105
97127
97148
97170
97190
97212
97232
97254
97274
97296
97317
97339
97360
97380
97401
97421
97443
97462
97484
97504
97525
97545
97567
97586
97608
97628
97649
97669
97691
97710
97732
97752
97773
97793
97815
97834
97855
97874
97895
97914
97936
97955
97976
97995
98017
98036
98057
98076
98098
98117
98138
98157
98179
98198
98219
98238
98259
98279
98300
98319
98341
98361
98383
98403
98425
98445
98467
98487
98509
98529
98551
98572
98594
98614
98636
98656
98678
98698
98720
98740
98762
98782
98805
98825
98847
98867
98888
98908
98930
98950
98971
98991
99013
99033
99054
99074
99096
99116
99137
99157
99179
99199
99220
99240
99262
99282
99303
99323
99345
99365
99387
99406
99428
99448
99466
99486
99504
99524
99543
99563
99581
99601
99619
99639
99658
99678
99696
99716
99734
99754
99773
99793
99811
99831
99849
99869
99888
99908
99926
99947
99966
99987
100006
100028
100047
100068
100087
100109
100128
100149
100168
100190
100209
100230
100249
100271
100290
100311
100330
100351
100371
100389
100410
100428
100448
100467
100487
100505
100526
100544
100564
100583
100603
100621
100642
100660
100681
100699
100719
100738
100758
100776
100797
100815
100835
100854
100874
100892
100913
100932
100950
100969
100987
101007
101024
101044
101062
101081
101099
101118
101136
101156
101173
101193
101211
101230
101248
101268
101285
101305
101322
101342
101360
101379
101397
101417
101434
101454
101476
101497
101519
101540
101562
101583
101606
101626
101649
101669
101692
101712
101735
101756
101778
101799
101821
101842
101865
101885
101908
101928
101951
101971
101994
102015
102035
102057
102077
102099
102119
102141
102161
102183
102203
102225
102245
102267
102287
102309
102329
102351
102371
102393
102414
102437
102458
102481
102501
102524
102545
102568
102589
102611
102632
102655
102676
102699
102720
102742
102763
102786
102807
102830
102854
102876
102900
102922
102946
102968
102992
103014
103038
103060
103084
103106
103130
103152
103176
103198
103222
103244
103268
103290
103314
103336
103360
103382
103406
103428
103452
103474
103498
103520
