9
17
27
35
45
52
62
70
80
88
98
105
115
123
133
141
151
158
168
176
186
194
204
211
221
229
239
247
257
264
274
282
292
300
310
317
327
335
345
353
363
370
380
388
398
406
416
423
433
441
451
459
468
476
486
494
504
512
521
529
539
547
557
565
574
582
592
600
610
618
627
636
644
654
662
672
679
689
697
707
715
724
732
742
750
760
767
777
785
795
803
813
820
830
838
848
856
865
873
883
891
901
908
918
926
936
944
953
961
971
979
989
997
1006
1014
1024
1032
1042
1049
1059
1067
1077
1085
1094
1102
1112
1120
1130
1138
1147
1155
1165
1173
1183
1190
1200
1208
1219
1228
1239
1248
1260
1269
1280
1289
1300
1310
1321
1330
1341
1350
1362
1371
1382
1391
1403
1412
1423
1432
1443
1453
1464
1473
1484
1493
1505
1514
1525
1534
1546
1555
1566
1575
1586
1596
1607
1616
1627
1636
1648
1657
1668
1677
1688
1698
1709
1718
1729
1739
1750
1759
1770
1779
1791
1800
1811
1820
1831
1841
1852
1861
1872
1881
1892
1901
1912
1921
1933
1942
1953
1962
1973
1982
1993
2003
2014
2023
2034
2043
2054
2063
2075
2084
2095
2104
2115
2124
2135
2145
2156
2165
2176
2185
2196
2205
2217
2226
2237
2246
2257
2266
2277
2287
2298
2307
2318
2327
2338
2347
2359
2368
2379
2388
2399
2408
2419
2429
2440
2449
2460
2469
2478
2486
2496
2503
2513
2521
2530
2538
2548
2555
2565
2573
2583
2590
2600
2608
2617
2625
2635
2642
2652
2660
2669
2677
2687
2695
2704
2712
2722
2729
2739
2747
2756
2764
2774
2782
2791
2799
2809
2816
2826
2834
2843
2851
2861
2869
2877
2887
2895
2904
2912
2922
2929
2939
2947
2956
2964
2974
2982
2991
2999
3009
3020
3029
3040
3049
3060
3069
3080
3089
3100
3109
3120
3129
3140
3149
3160
3169
3180
3189
3200
3209
3220
3229
3240
3249
3260
3269
3280
3289
3300
3310
3321
3330
3341
3350
3361
3370
3381
3390
3401
3410
3421
3430
3441
3450
3461
3470
3481
3490
3501
3510
3521
3530
3541
3550
3561
3570
3581
3590
3601
3612
3622
3633
3643
3655
3664
3676
3686
3697
3707
3719
3728
3740
3749
3761
3771
3782
3792
3804
3813
3825
3835
3846
3856
3867
3877
3889
3898
3910
3920
3931
3941
3953
3962
3974
3983
3995
4005
4016
4026
4038
4047
4059
4069
4080
4090
4101
4111
4123
4132
4144
4154
4165
4175
4187
4196
4208
4218
4229
4239
4250
4260
4272
4281
4293
4303
4315
4325
4337
4348
4360
4370
4382
4392
4404
4415
4427
4437
4449
4459
4471
4482
4494
4504
4516
4526
4538
4549
4561
4571
4583
4593
4606
4616
4628
4638
4650
4660
4673
4683
4695
4705
4717
4727
4740
4750
4762
4772
4784
4794
4807
4817
4829
4839
4851
4862
4874
4884
4896
4907
4917
4929
4939
4950
4960
4972
4982
4994
5003
5015
5025
5037
5046
5058
5068
5080
5090
5101
5111
5123
5133
5144
5154
5166
5176
5188
5197
5209
5219
5231
5241
5252
5262
5274
5284
5295
5305
5317
5327
5339
5348
5360
5370
5382
5391
5403
5413
5425
5435
5446
5456
5468
5478
5489
5499
5511
5521
5533
5543
5555
5566
5578
5588
5601
5611
5623
5634
5646
5656
5669
5679
5691
5702
5714
5724
5737
5747
5759
5770
5782
5792
5805
5815
5827
5838
5850
5860
5873
5883
5895
5906
5918
5928
5941
5951
5963
5974
5986
5996
6009
6019
6031
6042
6054
6064
6077
6087
6099
6110
6122
6132
6145
6154
6162
6172
6180
6189
6197
6207
6215
6225
6232
6242
6250
6260
6267
6277
6285
6295
6303
6312
6320
6330
6338
6348
6355
6365
6373
6383
6390
6400
6408
6418
6426
6435
6443
6453
6461
6471
6478
6488
6496
6506
6513
6523
6531
6541
6549
6558
6566
6576
6584
6594
6601
6611
6619
6629
6636
6646
6654
6664
6672
6681
6689
6699
6707
6717
6724
6734
6742
6752
6759
6769
6777
6787
6795
6804
6812
6822
6829
6839
6847
6856
6864
6874
6881
6891
6899
6908
6916
6926
6933
6943
6951
6960
6968
6978
6985
6995
7003
7012
7020
7030
7037
7047
7055
7064
7072
7082
7089
7099
7107
7116
7124
7134
7141
7151
7159
7168
7176
7186
7193
7203
7211
7220
7228
7238
7245
7255
7263
7272
7280
7290
7297
7307
7315
7324
7332
7342
7349
7359
7367
7376
7384
7394
7401
7411
7419
7428
7437
7445
7454
7462
7471
7479
7488
7496
7505
7513
7523
7530
7540
7547
7557
7564
7574
7581
7591
7598
7608
7616
7625
7633
7642
7650
7659
7667
7676
7684
7693
7701
7711
7718
7728
7735
7745
7752
7762
7769
7779
7786
7796
7804
7813
7821
7830
7838
7847
7855
7864
7872
7881
7889
7899
7906
7916
7923
7933
7940
7950
7957
7967
7975
7984
7992
8001
8009
8018
8026
8035
8043
8052
8060
8070
8077
8087
8098
8108
8120
8130
8142
8152
8163
8173
8185
8195
8207
8217
8228
8238
8250
8260
8272
8282
8293
8303
8315
8325
8337
8347
8359
8368
8380
8390
8402
8412
8424
8433
8445
8455
8467
8477
8489
8498
8510
8520
8532
8542
8554
8563
8575
8585
8597
8607
8619
8629
8640
8650
8662
8672
8684
8694
8705
8714
8722
8731
8739
8748
8756
8765
8773
8782
8790
8799
8807
8816
8824
8834
8841
8851
8858
8868
8875
8885
8892
8902
8909
8919
8926
8936
8943
8953
8961
8970
8978
8987
8995
9004
9012
9021
9029
9038
9046
9055
9063
9072
9080
9090
9097
9107
9114
9124
9131
9141
9148
9158
9165
9175
9182
9192
9200
9209
9217
9226
9234
9243
9251
9260
9268
9277
9285
9294
9302
9311
9319
9329
9336
9346
9353
9363
9370
9380
9387
9397
9405
9415
9423
9433
9442
9452
9460
9470
9478
9489
9497
9507
9515
9525
9534
9544
9552
9562
9570
9580
9589
9599
9607
9617
9625
9636
9644
9654
9662
9672
9681
9691
9699
9709
9717
9727
9736
9746
9754
9764
9772
9783
9791
9801
9809
9819
9828
9838
9846
9856
9864
9874
9883
9893
9901
9911
9919
9930
9938
9948
9956
9966
9975
9985
9993
10003
10011
10022
10031
10042
10052
10063
10072
10083
10093
10104
10113
10124
10134
10145
10154
10165
10175
10186
10195
10206
10216
10227
10236
10247
10257
10268
10277
10288
10298
10309
10318
10329
10339
10350
10359
10370
10380
10391
10400
10411
10421
10432
10441
10453
10462
10473
10482
10494
10503
10514
10523
10535
10544
10555
10564
10576
10585
10596
10606
10615
10626
10635
10646
10655
10665
10674
10685
10694
10705
10714
10725
10733
10744
10753
10764
10773
10784
10793
10803
10812
10823
10832
10843
10852
10863
10871
10882
10891
10902
10911
10922
10930
10941
10950
10961
10970
10981
10990
11000
11009
11020
11029
11040
11049
11060
11068
11079
11088
11099
11108
11119
11128
11138
11147
11158
11167
11178
11187
11197
11206
11217
11226
11237
11246
11257
11266
11277
11287
11298
11307
11318
11328
11339
11348
11360
11369
11380
11389
11401
11410
11421
11430
11442
11451
11462
11472
11483
11492
11503
11513
11524
11533
11544
11554
11565
11574
11586
11595
11606
11615
11627
11636
11647
11656
11668
11677
11688
11698
11709
11718
11729
11739
11750
11759
11770
11780
11791
11800
11812
11821
11832
11841
11853
11862
11873
11882
11894
11903
11914
11924
11934
11943
11953
11962
11972
11981
11991
12000
12011
12019
12030
12038
12049
12057
12068
12076
12087
12096
12106
12115
12125
12134
12144
12153
12164
12172
12183
12191
12202
12210
12221
12229
12240
12249
12259
12268
12278
12287
12297
12306
12317
12325
12336
12344
12355
12363
12374
12382
12393
12402
12412
12421
12431
12440
12450
12459
12470
12478
12489
12497
12508
12516
12527
12537
12545
12556
12564
12575
12583
12594
12602
12613
12621
12632
12640
12650
12659
12669
12678
12688
12697
12707
12716
12726
12735
12745
12753
12764
12772
12783
12791
12802
12810
12821
12829
12840
12848
12858
12867
12877
12886
12896
12905
12915
12924
12934
12943
12953
12961
12972
12980
12991
12999
13010
13018
13029
13037
13048
13056
13067
13075
13085
13094
13104
13113
13123
13132
13142
13151
13161
13170
13180
13188
13199
13207
13219
13229
13241
13251
13263
13273
13285
13295
13307
13317
13329
13339
13351
13361
13373
13383
13395
13405
13417
13427
13439
13449
13461
13471
13483
13493
13505
13515
13527
13537
13549
13559
13571
13582
13593
13605
13615
13627
13637
13649
13659
13671
13681
13693
13703
13715
13725
13737
13747
13759
13769
13781
13791
13803
13813
13825
13835
13847
13857
13869
13879
13889
13897
13908
13916
13927
13935
13945
13954
13964
13973
13983
13992
14002
14010
14021
14029
14040
14048
14058
14067
14077
14086
14096
14105
14115
14123
14134
14142
14153
14161
14171
14180
14190
14199
14209
14218
14228
14236
14247
14255
14266
14274
14285
14293
14303
14312
14322
14331
14341
14349
14360
14368
14379
14387
14398
14406
14416
14425
14435
14444
14454
14462
14473
14481
14492
14501
14509
14519
14527
14537
14545
14555
14563
14573
14581
14591
14599
14609
14617
14627
14635
14645
14653
14663
14671
14681
14689
14698
14706
14716
14724
14734
14742
14752
14760
14770
14778
14788
14796
14806
14814
14824
14832
14842
14850
14860
14868
14878
14886
14895
14903
14913
14921
14931
14939
14949
14957
14967
14975
14985
14993
15003
15011
15021
15029
15039
15047
15057
15065
15075
15083
15092
15100
15110
15118
15128
15136
15146
15156
15164
15174
15182
15192
15200
15211
15219
15229
15237
15247
15255
15265
15274
15284
15292
15302
15310
15320
15328
15339
15347
15357
15365
15375
15383
15393
15402
15412
15420
15430
15438
15448
15456
15467
15475
15485
15493
15503
15511
15521
15530
15540
15548
15558
15566
15576
15585
15595
15603
15613
15621
15631
15639
15650
15658
15668
15676
15686
15694
15704
15713
15723
15731
15741
15749
15759
15767
15778
15786
15796
15807
15817
15829
15839
15851
15861
15873
15883
15895
15905
15917
15927
15939
15949
15961
15971
15983
15993
16005
16015
16027
16037
16049
16059
16071
16081
16093
16103
16115
16125
16137
16147
16159
16169
16181
16191
16203
16213
16225
16235
16247
16257
16269
16279
16291
16301
16313
16323
16335
16345
16357
16367
16379
16389
16401
16411
16423
16433
16445
16454
16462
16472
16480
16489
16497
16507
16515
16525
16532
16542
16550
16560
16568
16577
16585
16595
16603
16613
16620
16630
16638
16648
16656
16665
16673
16683
16691
16701
16708
16718
16726
16736
16744
16753
16761
16771
16779
16789
16796
16806
16814
16824
16832
16841
16849
16859
16867
16877
16884
16894
16902
16912
16920
16929
16937
16947
16955
16965
16972
16982
16990
17000
17008
17017
17025
17035
17043
17053
17061
17071
17079
17089
17097
17107
17115
17125
17133
17143
17152
17162
17170
17180
17188
17198
17206
17216
17224
17234
17243
17252
17262
17270
17280
17288
17298
17306
17316
17324
17334
17343
17352
17362
17370
17380
17388
17398
17406
17416
17424
17434
17443
17452
17462
17470
17480
17488
17498
17506
17516
17524
17534
17543
17552
17562
17570
17580
17588
17598
17606
17616
17625
17636
17645
17656
17665
17676
17685
17696
17705
17716
17725
17736
17745
17756
17765
17776
17784
17795
17804
17815
17824
17835
17844
17855
17864
17875
17884
17895
17904
17915
17924
17935
17944
17954
17963
17974
17983
17994
18003
18014
18023
18034
18043
18054
18063
18074
18083
18094
18103
18114
18122
18131
18139
18148
18156
18165
18173
18183
18190
18200
18207
18217
18224
18234
18242
18251
18259
18268
18276
18285
18293
18303
18310
18320
18327
18337
18345
18354
18362
18371
18379
18388
18396
18406
18413
18423
18430
18440
18447
18457
18465
18474
18482
18491
18499
18508
18516
18526
18533
18543
18550
18560
18568
18577
18585
18594
18602
18611
18619
18629
18636
18646
18653
18663
18670
18680
18688
18697
18705
18714
18722
18732
18742
18751
18761
18770
18781
18789
18800
18809
18819
18828
18839
18847
18858
18867
18877
18886
18896
18905
18916
18924
18935
18944
18954
18963
18974
18982
18993
19002
19012
19021
19032
19040
19051
19059
19070
19079
19089
19098
19109
19117
19128
19137
19147
19156
19167
19175
19186
19195
19205
19214
19224
19233
19244
19252
19263
19272
19282
19291
19302
19310
19321
19330
19341
19349
19360
19369
19380
19388
19399
19408
19418
19427
19438
19447
19457
19466
19477
19486
19496
19505
19516
19525
19535
19544
19555
19563
19574
19583
19594
19602
19613
19622
19633
19641
19652
19661
19672
19680
19691
19700
19710
19719
19730
19739
19749
19758
19769
19778
19788
19797
19808
19817
19827
19836
19847
19855
19866
19875
19886
19894
19905
19915
19923
19933
19941
19951
19959
19969
19978
19988
19996
20006
20014
20024
20032
20042
20051
20061
20069
20079
20087
20097
20105
20116
20124
20134
20142
20152
20160
20170
20178
20189
20197
20207
20215
20225
20233
20243
20252
20262
20270
20280
20288
20298
20306
20316
20325
20335
20343
20353
20361
20371
20379
20390
20398
20408
20416
20426
20434
20444
20452
20463
20471
20481
20489
20499
20507
20517
20526
20536
20548
20558
20570
20580
20592
20602
20614
20624
20636
20647
20659
20669
20681
20691
20703
20713
20725
20735
20747
20758
20770
20780
20792
20802
20814
20824
20836
20846
20858
20869
20881
20891
20903
20913
20925
20935
20947
20957
20969
20980
20992
21002
21014
21024
21036
21046
21058
21068
21080
21091
21103
21113
21125
21135
21147
21157
21168
21177
21188
21198
21209
21218
21230
21239
21250
21260
21271
21280
21292
21301
21312
21322
21333
21342
21354
21363
21374
21384
21395
21404
21416
21425
21436
21446
21457
21466
21478
21487
21498
21508
21519
21528
21540
21549
21560
21570
21581
21590
21602
21611
21622
21632
21643
21652
21664
21673
21684
21694
21705
21714
21722
21731
21739
21748
21756
21765
21773
21782
21790
21799
21807
21816
21824
21833
21841
21850
21858
21867
21875
21884
21892
21902
21909
21919
21926
21936
21943
21953
21960
21970
21977
21987
21994
22004
22011
22021
22028
22038
22045
22055
22062
22072
22080
22088
22098
22105
22115
22122
22132
22139
22149
22156
22166
22173
22183
22190
22200
22207
22217
22224
22234
22241
22251
22258
22268
22279
22288
22299
22309
22320
22329
22341
22350
22361
22370
22382
22391
22402
22412
22423
22432
22443
22453
22464
22473
22485
22494
22505
22514
22526
22535
22546
22556
22567
22576
22588
22597
22608
22617
22629
22638
22649
22659
22670
22679
22690
22700
22711
22720
22732
22741
22752
22761
22773
22782
22793
22803
22814
22823
22835
22844
22855
22865
22874
22884
22893
22904
22912
22923
22932
22942
22951
22962
22970
22981
22989
23000
23009
23019
23028
23039
23047
23058
23067
23077
23086
23096
23105
23116
23124
23135
23144
23154
23163
23174
23182
23193
23201
23212
23221
23231
23240
23251
23259
23270
23279
23289
23298
23309
23317
23328
23336
23347
23356
23366
23375
23386
23394
23405
23414
23424
23433
23443
23452
23461
23469
23479
23487
23497
23505
23515
23523
23533
23541
23551
23559
23569
23577
23587
23595
23605
23613
23623
23631
23641
23649
23659
23667
23677
23685
23695
23703
23713
23721
23731
23739
23749
23757
23767
23775
23785
23793
23803
23811
23821
23829
23839
23847
23857
23865
23875
23883
23893
23901
23911
23919
23929
23937
23947
23955
23965
23973
23983
23991
24001
24009
24020
24029
24040
24050
24061
24070
24082
24091
24102
24111
24123
24132
24143
24153
24164
24173
24184
24194
24205
24214
24226
24235
24246
24255
24267
24276
24287
24297
24308
24317
24329
24338
24349
24358
24370
24379
24390
24400
24411
24420
24431
24441
24452
24461
24473
24482
24493
24502
24514
24523
24534
24544
24555
24564
24576
24585
24596
24605
24616
24625
24636
24645
24657
24666
24677
24686
24698
24707
24718
24727
24739
24748
24759
24768
24780
24789
24800
24809
24821
24830
24841
24850
24861
24871
24882
24891
24902
24912
24923
24932
24943
24953
24964
24973
24984
24994
25005
25014
25025
25035
25046
25055
25066
25075
25087
25096
25107
25116
25128
25137
25148
25157
25169
25178
25189
25198
25210
25220
25229
25240
25249
25260
25268
25279
25288
25299
25308
25319
25327
25338
25347
25358
25367
25378
25386
25397
25406
25417
25426
25437
25445
25456
25465
25476
25485
25496
25504
25515
25524
25535
25544
25554
25563
25574
25583
25594
25603
25613
25622
25633
25642
25653
25662
25672
25681
25692
25701
25712
25721
25731
25740
25751
25760
25771
25780
25790
25799
25810
25819
25830
25839
25851
25860
25871
25881
25892
25901
25913
25922
25933
25943
25954
25964
25975
25984
25996
26005
26016
26026
26037
26046
26058
26067
26079
26088
26099
26109
26120
26129
26141
26150
26161
26171
26182
26192
26203
26212
26224
26233
26244
26254
26265
26274
26286
26295
26307
26316
26327
26337
26348
26357
26369
26378
26389
26399
26410
26420
26431
26441
26453
26463
26475
26485
26497
26507
26519
26529
26541
26551
26563
26573
26585
26595
26607
26617
26629
26638
26650
26660
26672
26682
26694
26704
26716
26726
26738
26748
26760
26770
26782
26792
26804
26814
26826
26836
26848
26857
26869
26879
26891
26901
26913
26923
26935
26945
26957
26967
26979
26991
27001
27013
27023
27035
27045
27057
27067
27079
27089
27101
27111
27123
27133
27145
27155
27167
27177
27189
27199
27211
27221
27233
27243
27255
27265
27277
27287
27299
27309
27321
27331
27343
27354
27365
27377
27387
27399
27409
27421
27431
27443
27453
27465
27475
27487
27497
27509
27519
27531
27541
27553
27563
27575
27586
27595
27606
27616
27627
27636
27648
27657
27668
27678
27689
27698
27710
27719
27730
27740
27751
27760
27772
27781
27792
27801
27813
27822
27833
27843
27854
27863
27875
27884
27895
27905
27916
27925
27937
27946
27957
27967
27978
27987
27999
28008
28019
28028
28040
28049
28060
28070
28081
28090
28102
28111
28122
28132
28143
28152
28164
28173
28184
28193
28201
28211
28218
28228
28236
28246
28253
28263
28271
28280
28288
28298
28306
28315
28323
28333
28340
28350
28358
28368
28375
28385
28393
28403
28410
28420
28428
28437
28445
28455
28463
28472
28480
28490
28497
28507
28515
28525
28532
28542
28550
28559
28567
28577
28585
28594
28602
28612
28620
28629
28637
28647
28654
28664
28672
28682
28689
28699
28707
28716
28724
28734
28742
28752
28760
28770
28778
28788
28796
28806
28814
28825
28833
28843
28851
28861
28869
28879
28887
28897
28906
28916
28924
28934
28942
28952
28960
28970
28978
28989
28997
29007
29015
29025
29033
29043
29051
29061
29070
29080
29088
29098
29106
29116
29124
29134
29142
29153
29161
29171
29179
29189
29197
29207
29215
29225
29234
29244
29252
29262
29270
29280
29288
29298
29306
29317
29325
29335
29347
29357
29369
29379
29391
29401
29413
29423
29436
29446
29458
29468
29480
29490
29502
29512
29525
29535
29547
29557
29569
29579
29591
29601
29614
29624
29636
29646
29658
29668
29680
29690
29703
29713
29725
29735
29747
29757
29769
29779
29791
29802
29814
29824
29836
29846
29858
29868
29880
29891
29901
29909
29920
29928
29939
29947
29957
29966
29976
29985
29995
30004
30014
30022
30033
30041
30052
30060
30070
30079
30089
30098
30108
30117
30127
30135
30146
30154
30165
30173
30183
30192
30202
30211
30221
30230
30240
30248
30259
30267
30278
30286
30297
30305
30315
30324
30334
30343
30353
30361
30372
30380
30391
30399
30410
30418
30428
30437
30447
30456
30466
30474
30484
30493
30503
30511
30522
30530
30540
30548
30559
30567
30577
30586
30596
30604
30615
30623
30633
30641
30652
30660
30670
30679
30689
30697
30707
30716
30726
30734
30745
30753
30763
30772
30782
30790
30800
30809
30819
30827
30838
30846
30856
30864
30875
30883
30893
30902
30912
30920
30931
30939
30949
30957
30968
30976
30986
30995
31005
31013
31024
31032
31042
31050
31061
31069
31079
31088
31096
31106
31114
31124
31132
31142
31150
31160
31168
31178
31186
31196
31204
31214
31222
31232
31240
31250
31257
31267
31275
31285
31293
31303
31311
31321
31329
31339
31347
31357
31365
31375
31383
31393
31401
31411
31419
31428
31436
31446
31454
31464
31472
31482
31490
31500
31508
31518
31526
31536
31544
31554
31562
31572
31580
31590
31598
31607
31615
31625
31633
31643
31651
31661
31669
31679
31687
31697
31705
31715
31723
31733
31741
31751
31759
31768
31776
31785
31793
31803
31810
31820
31828
31837
31845
31854
31862
31872
31879
31889
31897
31906
31914
31924
31931
31941
31948
31958
31966
31975
31983
31993
32000
32010
32017
32027
32035
32044
32052
32062
32069
32079
32087
32096
32104
32113
32121
32131
32138
32148
32156
32165
32173
32183
32190
32200
32207
32217
32225
32234
32242
32252
32259
32269
32276
32286
32294
32303
32311
32321
32328
32338
32347
32355
32364
32372
32381
32389
32399
32406
32416
32423
32433
32441
32450
32458
32467
32475
32485
32492
32502
32509
32519
32526
32536
32544
32553
32561
32570
32578
32588
32595
32605
32612
32622
32630
32639
32647
32656
32664
32674
32681
32691
32698
32708
32715
32725
32733
32742
32750
32759
32767
32777
32784
32794
32801
32811
32819
32828
32836
32845
32853
32862
32870
32880
32887
32897
32904
32914
32922
32931
32939
32948
32956
32966
32973
32983
32990
33000
33011
33021
33033
33043
33055
33064
33076
33086
33098
33108
33120
33129
33141
33151
33163
33173
33185
33194
33206
33216
33228
33238
33250
33259
33271
33281
33293
33303
33315
33324
33336
33346
33358
33368
33380
33389
33401
33411
33423
33433
33445
33454
33466
33476
33488
33498
33510
33519
33531
33541
33553
33563
33572
33582
33591
33601
33610
33620
33629
33639
33648
33659
33667
33678
33686
33697
33705
33716
33724
33735
33744
33754
33763
33773
33782
33792
33801
33811
33820
33831
33839
33850
33858
33869
33877
33888
33896
33907
33916
33926
33935
33945
33954
33964
33973
33983
33992
34003
34011
34022
34030
34041
34049
34060
34068
34079
34088
34098
34107
34117
34126
34136
34145
34155
34164
34175
34185
34196
34206
34217
34227
34238
34248
34259
34269
34280
34290
34302
34311
34323
34332
34344
34353
34365
34374
34386
34395
34407
34417
34428
34438
34449
34459
34470
34480
34491
34501
34512
34522
34534
34543
34555
34564
34576
34585
34597
34606
34618
34627
34639
34649
34660
34670
34681
34691
34702
34712
34723
34733
34744
34754
34766
34775
34787
34796
34808
34817
34829
34838
34850
34860
34869
34880
34889
34899
34908
34919
34928
34939
34947
34958
34967
34978
34987
34997
35006
35017
35026
35037
35045
35056
35065
35076
35085
35095
35104
35115
35124
35135
35143
35154
35163
35174
35183
35193
35202
35213
35222
35233
35241
35252
35261
35272
35281
35291
35300
35311
35320
35330
35339
35350
35359
35370
35378
35389
35400
35410
35422
35431
35443
35453
35465
35474
35486
35496
35508
35517
35529
35539
35551
35560
35572
35582
35593
35603
35615
35625
35636
35646
35658
35668
35679
35689
35701
35711
35722
35732
35744
35753
35765
35775
35787
35796
35808
35818
35830
35839
35851
35861
35873
35882
35894
35904
35915
35925
35937
35947
35958
35968
35980
35990
36001
36011
36023
36033
36044
36054
36066
36075
36083
36093
36101
36111
36119
36129
36137
36147
36155
36165
36173
36183
36191
36201
36209
36219
36227
36237
36245
36255
36263
36273
36281
36291
36299
36309
36317
36327
36335
36345
36353
36363
36371
36381
36389
36399
36407
36417
36425
36434
36442
36452
36460
36470
36478
36488
36496
36506
36514
36524
36532
36542
36550
36560
36568
36578
36586
36596
36604
36614
36625
36634
36646
36655
36667
36676
36688
36697
36709
36718
36730
36739
36751
36760
36772
36781
36793
36802
36814
36823
36835
36844
36856
36865
36877
36886
36897
36907
36918
36928
36939
36949
36960
36970
36981
36991
37002
37012
37023
37033
37044
37054
37065
37075
37086
37096
37107
37117
37128
37138
37150
37160
37172
37182
37194
37204
37217
37227
37239
37249
37261
37271
37284
37294
37306
37316
37328
37338
37351
37361
37373
37383
37395
37405
37418
37428
37440
37450
37462
37472
37485
37495
37507
37517
37529
37539
37552
37562
37574
37584
37596
37606
37618
37629
37641
37651
37663
37673
37685
37696
37708
37718
37730
37740
37752
37763
37773
37781
37791
37800
37810
37818
37829
37837
37847
37856
37866
37874
37884
37893
37903
37911
37922
37930
37940
37949
37959
37967
37977
37986
37996
38004
38015
38023
38033
38042
38052
38060
38070
38079
38089
38097
38108
38116
38126
38135
38145
38153
38163
38172
38182
38190
38201
38209
38219
38228
38238
38246
38257
38265
38275
38283
38294
38302
38312
38321
38331
38339
38350
38358
38368
38376
38387
38395
38405
38414
38424
38432
38443
38453
38461
38471
38479
38490
38498
38508
38516
38527
38535
38545
38553
38563
38572
38582
38590
38600
38609
38619
38627
38637
38645
38656
38664
38674
38682
38693
38701
38711
38719
38729
38738
38748
38756
38766
38775
38785
38793
38803
38811
38822
38830
38840
38848
38859
38867
38877
38885
38895
38904
38914
38922
38932
38941
38951
38959
38969
38977
38988
38996
39006
39014
39025
39033
39043
39051
39061
39070
39080
39088
39098
39108
39117
39128
39136
39147
39156
39167
39175
39186
39195
39206
39214
39225
39234
39245
39253
39264
39273
39284
39292
39303
39312
39323
39331
39342
39351
39362
39370
39381
39390
39401
39409
39420
39429
39440
39448
39459
39468
39479
39487
39498
39507
39518
39526
39537
39546
39557
39565
39576
39585
39596
39604
39615
39624
39635
39643
39654
39663
39671
39680
39688
39697
39705
39715
39722
39732
39739
39749
39757
39766
39774
39783
39791
39801
39808
39818
39825
39835
39843
39852
39860
39869
39877
39887
39894
39904
39911
39921
39929
39938
39946
39955
39963
39973
39980
39990
39997
40007
40015
40024
40032
40041
40049
40059
40066
40076
40083
40093
40100
40110
40118
40127
40135
40144
40152
40162
40169
40179
40186
40196
40208
40218
40230
40240
40252
40262
40275
40285
40297
40307
40319
40329
40341
40352
40364
40374
40386
40396
40408
40419
40431
40441
40453
40463
40475
40485
40498
40508
40520
40530
40542
40552
40565
40575
40587
40597
40609
40619
40631
40642
40654
40664
40676
40686
40698
40709
40721
40731
40743
40753
40765
40775
40788
40798
40810
40820
40832
40842
40854
40865
40874
40882
40891
40899
40908
40916
40925
40933
40943
40950
40960
40967
40977
40984
40994
41001
41011
41019
41028
41036
41045
41053
41062
41070
41079
41087
41097
41104
41114
41121
41131
41138
41148
41156
41165
41173
41182
41190
41199
41207
41216
41224
41234
41241
41251
41258
41268
41275
41285
41292
41302
41310
41319
41327
41336
41344
41353
41361
41370
41378
41388
41395
41405
41412
41422
41429
41439
41447
41456
41464
41473
41481
41491
41500
41510
41519
41530
41538
41549
41557
41568
41577
41587
41596
41606
41615
41626
41634
41645
41653
41664
41673
41683
41692
41702
41711
41722
41730
41741
41750
41760
41769
41779
41788
41799
41807
41818
41826
41837
41846
41856
41865
41875
41884
41895
41903
41914
41922
41933
41942
41952
41961
41971
41980
41991
41999
42010
42019
42029
42038
42048
42057
42068
42076
42087
42095
42104
42111
42121
42128
42138
42145
42155
42162
42172
42179
42189
42196
42206
42213
42222
42230
42239
42247
42256
42264
42273
42281
42290
42298
42307
42315
42324
42331
42341
42348
42358
42365
42375
42382
42392
42399
42409
42416
42426
42433
42442
42450
42459
42467
42476
42484
42493
42501
42510
42518
42527
42535
42544
42551
42561
42568
42578
42585
42595
42602
42612
42619
42629
42636
42646
42653
42662
42670
42679
42687
42696
42704
42713
42721
42730
42738
42747
42758
42767
42778
42787
42798
42808
42819
42828
42839
42848
42859
42869
42880
42889
42900
42909
42921
42930
42941
42950
42961
42970
42982
42991
43002
43011
43022
43031
43043
43052
43063
43072
43083
43093
43104
43113
43124
43133
43144
43154
43165
43174
43185
43194
43206
43215
43226
43235
43246
43255
43267
43276
43287
43296
43307
43316
43328
43337
43348
43357
43368
43378
43389
43398
43409
43418
43428
43437
43448
43457
43468
43477
43488
43497
43508
43517
43528
43537
43548
43557
43568
43577
43588
43596
43607
43616
43627
43636
43647
43656
43667
43676
43687
43696
43707
43716
43727
43736
43747
43756
43766
43775
43786
43795
43806
43815
43826
43835
43846
43855
43866
43875
43886
43895
43906
43915
43926
43934
43945
43954
43965
43974
43985
43994
44005
44014
44025
44034
44045
44054
44065
44074
44085
44094
44104
44112
44123
44131
44141
44150
44160
44168
44179
44187
44198
44206
44216
44225
44235
44243
44254
44262
44272
44281
44291
44300
44310
44318
44329
44337
44347
44356
44366
44375
44385
44393
44404
44412
44422
44431
44441
44449
44460
44468
44479
44487
44497
44506
44516
44524
44535
44543
44554
44562
44572
44581
44591
44599
44610
44618
44628
44637
44647
44656
44665
44673
44683
44691
44701
44709
44719
44727
44737
44744
44754
44762
44772
44780
44790
44798
44808
44816
44826
44833
44843
44851
44861
44869
44879
44887
44897
44905
44914
44922
44932
44940
44950
44958
44968
44976
44986
44994
45003
45011
45021
45029
45039
45047
45057
45065
45075
45082
45092
45100
45110
45118
45128
45136
45146
45154
45164
45171
45181
45189
45199
45207
45217
45225
45237
45247
45259
45269
45281
45291
45303
45313
45325
45335
45347
45357
45369
45379
45391
45401
45414
45424
45436
45446
45458
45468
45480
45490
45502
45512
45524
45534
45546
45556
45568
45578
45590
45601
45613
45623
45635
45645
45657
45667
45679
45689
45701
45711
45723
45733
45745
45755
45767
45777
45789
45800
45812
45822
45835
45845
45857
45867
45880
45890
45902
45913
45925
45935
45947
45958
45970
45980
45993
46003
46015
46025
46038
46048
46060
46071
46083
46093
46105
46116
46128
46138
46151
46161
46173
46183
46196
46206
46218
46229
46241
46251
46263
46274
46286
46296
46309
46319
46331
46342
46354
46364
46376
46387
46399
46409
46422
46432
46444
46454
46466
46476
46488
46498
46511
46521
46533
46543
46555
46565
46577
46588
46600
46610
46622
46632
46644
46655
46667
46677
46689
46699
46711
46721
46734
46744
46756
46766
46778
46788
46801
46811
46823
46833
46845
46855
46867
46878
46890
46900
46912
46922
46934
46945
46957
46967
46979
46989
47001
47011
47024
47034
47046
47056
47068
47078
47090
47099
47107
47117
47124
47134
47142
47151
47159
47169
47176
47186
47194
47203
47211
47221
47228
47238
47246
47255
47263
47273
47280
47290
47298
47307
47315
47325
47332
47342
47350
47359
47367
47377
47384
47394
47402
47411
47419
47429
47436
47446
47454
47463
47471
47481
47488
47498
47506
47515
47523
47533
47540
47550
47558
47567
47575
47585
47592
47602
47610
47619
47629
47637
47647
47655
47665
47673
47684
47692
47702
47710
47720
47728
47738
47747
47757
47765
47775
47783
47793
47801
47812
47820
47830
47838
47848
47856
47866
47875
47885
47893
47903
47911
47921
47929
47940
47948
47958
47966
47976
47984
47994
48003
48013
48021
48031
48039
48049
48058
48068
48076
48086
48094
48104
48112
48123
48131
48141
48150
48160
48169
48180
48188
48199
48207
48218
48227
48237
48246
48256
48265
48276
48284
48295
48304
48314
48323
48333
48342
48353
48361
48372
48381
48390
48401
48409
48420
48429
48439
48448
48458
48467
48478
48486
48497
48506
48515
48526
48534
48545
48554
48564
48573
48583
48592
48603
48611
48622
48631
48640
48651
48663
48673
48685
48695
48707
48717
48729
48739
48751
48761
48773
48784
48796
48806
48818
48828
48840
48850
48862
48872
48884
48894
48907
48917
48929
48939
48951
48961
48973
48983
48995
49005
49017
49028
49040
49050
49062
49072
49084
49094
49106
49116
49128
49138
49151
49161
49173
49183
49195
49205
49217
49227
49239
49249
49261
49272
49284
49294
49303
49311
49320
49328
49338
49345
49355
49362
49372
49380
49389
49397
49406
49414
49424
49431
49441
49448
49458
49466
49475
49483
49492
49500
49510
49517
49527
49535
49544
49552
49561
49569
49579
49586
49596
49603
49613
49621
49630
49638
49647
49655
49665
49672
49682
49689
49699
49707
49716
49724
49734
49741
49751
49758
49768
49776
49785
49793
49802
49810
49820
49827
49837
49844
49854
49862
49871
49879
49888
49896
49905
49913
49923
49931
49941
49949
49959
49966
49976
49984
49994
50002
50012
50020
50030
50037
50047
50055
50065
50073
50083
50091
50100
50108
50118
50126
50136
50144
50154
50162
50171
50179
50189
50197
50207
50215
50225
50233
50242
50250
50260
50268
50278
50286
50296
50303
50313
50321
50331
50339
50349
50357
50367
50374
50384
50392
50402
50410
50420
50428
50438
50445
50455
50463
50473
