11
21
33
43
54
64
76
86
97
107
119
129
140
150
162
172
183
193
205
215
227
236
248
258
270
279
291
301
313
322
334
344
356
365
377
387
399
408
420
430
442
452
463
473
485
495
506
516
528
538
549
559
571
581
592
602
614
624
635
645
657
667
679
688
700
710
722
731
743
753
765
774
782
789
797
804
812
819
827
834
842
849
857
864
872
879
887
894
902
909
917
924
932
939
947
954
962
969
978
984
993
999
1008
1014
1023
1029
1038
1044
1053
1059
1068
1074
1083
1089
1098
1104
1113
1119
1128
1134
1143
1149
1158
1164
1173
1180
1188
1195
1203
1210
1218
1225
1233
1240
1248
1255
1263
1270
1278
1285
1293
1300
1308
1315
1323
1330
1338
1345
1353
1360
1368
1375
1384
1390
1399
1405
1414
1420
1429
1435
1444
1450
1459
1465
1474
1480
1489
1495
1504
1510
1519
1525
1534
1540
1549
1555
1564
1570
1579
1586
1594
1601
1609
1616
1624
1631
1639
1646
1654
1661
1669
1675
1680
1687
1692
1699
1704
1711
1716
1723
1728
1735
1740
1746
1751
1758
1763
1770
1775
1782
1787
1794
1799
1806
1811
1818
1822
1829
1834
1841
1846
1853
1858
1865
1870
1877
1882
1889
1894
1900
1905
1912
1917
1924
1929
1936
1941
1948
1953
1960
1965
1972
1976
1983
1988
1995
2000
2007
2012
2019
2024
2031
2036
2043
2048
2054
2059
2066
2071
2078
2083
2090
2095
2102
2107
2114
2119
2126
2130
2137
2142
2149
2154
2161
2166
2173
2178
2185
2190
2197
2202
2208
2213
2220
2225
2232
2237
2244
2249
2256
2261
2268
2273
2280
2284
2291
2296
2303
2308
2315
2320
2327
2332
2339
2344
2351
2356
2362
2367
2373
2378
2385
2389
2396
2400
2407
2412
2418
2423
2429
2434
2441
2445
2452
2457
2463
2468
2474
2479
2486
2490
2497
2501
2508
2513
2519
2524
2530
2535
2542
2546
2553
2558
2564
2569
2575
2580
2587
2591
2598
2602
2609
2614
2620
2625
2632
2636
2643
2647
2654
2659
2665
2670
2676
2681
2688
2692
2699
2703
2710
2715
2721
2726
2733
2737
2744
2748
2755
2760
2766
2771
2777
2782
2789
2793
2800
2805
2811
2816
2822
2827
2834
2838
2845
2849
2856
2861
2867
2872
2878
2883
2890
2894
2901
2906
2912
2917
2923
2928
2935
2939
2946
2950
2957
2962
2968
2973
2980
2984
2991
2995
3002
3007
3013
3018
3024
3029
3036
3040
3047
3051
3058
3063
3069
3074
3081
3085
3092
3096
3103
3108
3114
3119
3125
3130
3137
3141
3148
3153
3159
3164
3170
3175
3182
3186
3193
3197
3204
3212
3218
3226
3232
3240
3247
3255
3261
3269
3275
3284
3290
3298
3304
3312
3319
3327
3333
3341
3347
3356
3362
3370
3376
3384
3391
3399
3405
3413
3419
3428
3434
3442
3448
3456
3462
3471
3477
3485
3491
3499
3506
3514
3520
3528
3534
3543
3549
3557
3563
3571
3578
3586
3592
3600
3606
3615
3621
3629
3635
3643
3650
3658
3664
3672
3678
3687
3693
3701
3707
3715
3721
3730
3736
3744
3750
3758
3765
3773
3779
3787
3793
3802
3808
3816
3822
3830
3837
3844
3850
3857
3863
3870
3876
3883
3889
3896
3902
3909
3915
3922
3928
3935
3941
3948
3954
3961
3967
3974
3980
3987
3993
4000
4006
4013
4019
4026
4032
4039
4045
4052
4058
4065
4071
4078
4084
4091
4097
4104
4110
4117
4123
4131
4136
4144
4149
4157
4162
4170
4175
4183
4188
4196
4201
4209
4214
4222
4227
4235
4240
4248
4253
4261
4266
4274
4279
4287
4292
4300
4305
4313
4318
4326
4331
4339
4344
4352
4357
4365
4370
4378
4383
4391
4396
4404
4409
4417
4423
4430
4436
4443
4449
4456
4462
4469
4475
4482
4488
4495
4501
4508
4514
4521
4527
4534
4540
4547
4553
4560
4566
4573
4579
4586
4592
4599
4605
4609
4615
4619
4625
4629
4635
4639
4645
4649
4655
4659
4665
4669
4675
4679
4685
4689
4695
4699
4705
4709
4715
4719
4725
4729
4735
4739
4745
4749
4755
4759
4765
4769
4775
4779
4786
4790
4796
4800
4806
4810
4816
4820
4826
4830
4836
4840
4846
4850
4856
4860
4866
4870
4876
4880
4886
4890
4896
4900
4906
4910
4916
4920
4926
4930
4936
4940
4946
4950
4956
4960
4966
4971
4977
4981
4987
4991
4997
5001
5007
5011
5017
5021
5027
5031
5037
5041
5047
5051
5057
5061
5067
5071
5077
5081
5087
5091
5097
5101
5107
5111
5117
5121
5127
5131
5137
5141
5147
5151
5158
5162
5168
5172
5178
5182
5188
5192
5198
5202
5208
5212
5218
5222
5228
5232
5241
5249
5259
5266
5276
5284
5293
5301
5311
5318
5328
5336
5345
5353
5363
5370
5380
5388
5397
5405
5415
5422
5432
5440
5449
5457
5467
5474
5484
5492
5501
5509
5519
5526
5536
5544
5553
5561
5571
5578
5588
5596
5605
5613
5623
5630
5640
5648
5657
5665
5675
5682
5692
5700
5709
5717
5727
5734
5744
5752
5761
5769
5779
5786
5796
5804
5813
5821
5831
5838
5848
5856
5865
5875
5883
5893
5901
5911
5919
5930
5938
5948
5956
5966
5974
5984
5993
6003
6011
6021
6029
6039
6047
6058
6066
6076
6084
6094
6102
6112
6121
6131
6139
6149
6157
6167
6175
6186
6194
6204
6212
6222
6230
6240
6249
6259
6267
6277
6285
6295
6304
6314
6322
6332
6340
6350
6358
6369
6377
6387
6395
6405
6413
6423
6432
6442
6450
6460
6468
6478
6486
6497
6505
6515
6523
6533
6541
6551
6560
6570
6578
6588
6596
6606
6615
6624
6634
6642
6652
6660
6670
6679
6689
6697
6707
6715
6725
6733
6744
6752
6762
6770
6780
6785
6789
6795
6799
6805
6809
6815
6819
6825
6829
6835
6838
6844
6848
6854
6858
6864
6868
6874
6878
6884
6888
6893
6897
6903
6907
6913
6917
6923
6927
6933
6937
6943
6947
6952
6956
6962
6966
6972
6976
6982
6986
6992
6996
7002
7005
7011
7015
7021
7025
7031
7035
7041
7045
7051
7055
7060
7064
7070
7074
7080
7084
7090
7094
7100
7104
7110
7114
7119
7123
7129
7133
7139
7143
7149
7153
7159
7163
7169
7172
7178
7182
7188
7192
7198
7202
7208
7212
7218
7222
7227
7231
7237
7241
7247
7251
7257
7261
7267
7271
7277
7281
7286
7290
7296
7300
7306
7310
7316
7320
7326
7330
7336
7339
7345
7349
7355
7359
7365
7369
7375
7379
7385
7389
7394
7398
7404
7408
7414
7418
7424
7428
7434
7438
7444
7448
7453
7457
7463
7467
7473
7477
7483
7487
7493
7497
7503
7506
7512
7516
7526
7534
7545
7553
7563
7572
7582
7590
7601
7609
7619
7628
7638
7646
7657
7665
7675
7684
7694
7702
7713
7721
7731
7740
7750
7758
7769
7777
7788
7796
7806
7815
7825
7833
7844
7852
7862
7871
7881
7889
7900
7908
7918
7927
7937
7945
7956
7964
7974
7983
7993
8001
8012
8020
8031
8039
8049
8058
8068
8076
8087
8095
8105
8114
8124
8132
8143
8151
8161
8170
8180
8188
8199
8207
8217
8226
8236
8244
8255
8263
8274
8282
8292
8301
8311
8319
8330
8338
8348
8357
8367
8375
8386
8394
8404
8413
8423
8431
8442
8450
8460
8472
8482
8494
8504
8516
8526
8538
8548
8560
8570
8582
8592
8604
8614
8626
8636
8648
8658
8670
8680
8692
8702
8714
8724
8736
8746
8758
8768
8780
8790
8802
8812
8824
8834
8846
8856
8868
8878
8890
8900
8912
8922
8934
8944
8956
8966
8978
8988
9000
9010
9022
9032
9044
9054
9066
9076
9088
9098
9110
9120
9132
9142
9154
9164
9176
9186
9198
9208
9220
9230
9242
9252
9264
9274
9286
9296
9308
9318
9330
9340
9352
9362
9374
9388
9400
9414
9427
9441
9453
9468
9480
9494
9507
9521
9533
9548
9560
9574
9587
9601
9613
9628
9640
9654
9667
9681
9693
9707
9720
9734
9746
9761
9773
9787
9800
9814
9826
9841
9853
9867
9880
9894
9906
9921
9933
9947
9960
9974
9986
10000
10013
10027
10039
10054
10066
10080
10093
10107
10119
10134
10142
10149
10158
10165
10174
10181
10190
10196
10205
10212
10221
10228
10237
10244
10253
10259
10268
10275
10284
10291
10300
10307
10315
10322
10331
10338
10347
10354
10363
10370
10378
10385
10394
10401
10410
10417
10426
10433
10441
10448
10457
10464
10473
10480
10489
10495
10504
10511
10520
10527
10536
10543
10552
10558
10567
10574
10583
10590
10599
10606
10614
10621
10630
10637
10646
10653
10662
10669
10677
10684
10693
10700
10709
10716
10725
10732
10740
10747
10756
10763
10772
10779
10788
10794
10803
10810
10819
10826
10835
10842
10851
10857
10866
10873
10882
10891
10898
10907
10914
10924
10931
10940
10947
10956
10964
10973
10980
10989
10996
11006
11013
11022
11029
11039
11046
11055
11062
11071
11079
11088
11095
11104
11111
11121
11128
11137
11144
11154
11161
11170
11177
11186
11194
11203
11210
11219
11226
11236
11243
11252
11259
11269
11276
11285
11292
11301
11309
11318
11325
11334
11341
11351
11358
11367
11374
11384
11391
11400
11407
11416
11424
11433
11440
11449
11456
11466
11473
11482
11489
11499
11506
11515
11522
11531
11539
11548
11555
11564
11571
11581
11588
11597
11604
11614
11621
11630
11637
11646
11654
11663
11670
11679
11686
11696
11703
11712
11719
11728
11736
11745
11752
11761
11769
11778
11785
11794
11801
11813
11823
11835
11846
11858
11868
11881
11891
11903
11913
11926
11936
11948
11959
11971
11981
11994
12004
12016
12026
12039
12049
12061
12072
12084
12094
12107
12117
12129
12139
12152
12162
12174
12185
12197
12207
12220
12230
12242
12252
12265
12275
12287
12298
12310
12320
12333
12343
12355
12365
12378
12388
12400
12411
12423
12433
12446
12456
12468
12478
12491
12501
12513
12524
12536
12546
12559
12569
12581
12591
12600
12608
12618
12626
12636
12644
12654
12662
12672
12680
12690
12698
12708
12716
12726
12734
12744
12751
12761
12769
12779
12787
12797
12805
12815
12823
12833
12841
12851
12859
12869
12877
12887
12895
12904
12912
12922
12930
12940
12948
12958
12966
12976
12984
12994
13002
13012
13020
13030
13038
13048
13055
13065
13073
13083
13091
13101
13109
13119
13127
13137
13145
13155
13163
13173
13181
13191
13199
13208
13216
13226
13234
13244
13252
13262
13270
13280
13288
13298
13306
13316
13324
13334
13341
13346
13354
13359
13367
13372
13380
13385
13392
13398
13405
13411
13418
13424
13431
13436
13444
13449
13457
13462
13470
13475
13482
13488
13495
13501
13508
13514
13521
13527
13534
13539
13547
13552
13560
13565
13573
13578
13585
13591
13598
13604
13611
13617
13624
13629
13637
13642
13650
13655
13663
13668
13676
13681
13688
13694
13701
13707
13714
13720
13727
13732
13740
13745
13753
13758
13766
13771
13778
13784
13791
13797
13804
13810
13817
13823
13830
13835
13843
13848
13856
13861
13869
13874
13881
13887
13894
13900
13907
13913
13920
13925
13933
13938
13946
13951
13959
13964
13971
13977
13984
13990
13997
14003
14010
14016
14023
14028
14036
14041
14049
14054
14059
14062
14067
14071
14076
14079
14085
14088
14093
14096
14102
14105
14110
14114
14119
14122
14128
14131
14136
14139
14145
14148
14153
14157
14162
14165
14171
14174
14179
14182
14188
14191
14196
14200
14205
14208
14214
14217
14222
14225
14231
14234
14239
14243
14248
14251
14257
14260
14265
14268
14274
14277
14282
14286
14291
14294
14300
14303
14308
14311
14317
14320
14325
14329
14334
14337
14343
14346
14351
14354
14360
14363
14368
14372
14377
14380
14386
14389
14394
14397
14403
14406
14411
14415
14420
14423
14429
14432
14437
14440
14446
14449
14454
14458
14463
14466
14472
14475
14480
14483
14489
14492
14497
14501
14506
14509
14515
14518
14523
14526
14532
14535
14540
14544
14549
14552
14558
14561
14566
14569
14575
14578
14583
14587
14592
14595
14601
14604
14609
14612
14618
14621
14626
14630
14635
14638
14644
14647
14652
14655
14661
14664
14669
14673
14678
14681
14687
14690
14695
14698
14704
14707
14712
14716
14723
14728
14735
14741
14748
14753
14761
14766
14773
14779
14786
14791
14798
14804
14811
14816
14824
14829
14836
14842
14849
14854
14861
14867
14874
14879
14887
14892
14899
14905
14912
14917
14924
14930
14937
14942
14950
14955
14962
14968
14975
14980
14988
14993
15000
15005
15013
15018
15025
15031
15038
15043
15051
15056
15063
15068
15076
15081
15088
15094
15101
15106
15114
15119
15126
15131
15139
15144
15151
15157
15164
15169
15177
15182
15189
15194
15202
15207
15214
15220
15227
15232
15240
15245
15252
15258
15265
15270
15277
15283
15290
15295
15303
15308
15315
15321
15328
15333
15340
15346
15353
15358
15366
15371
15378
15384
15391
15396
15403
15409
15416
15421
15429
15434
15441
15447
15454
15459
15466
15472
15479
15484
15492
15497
15504
15510
15517
15522
15530
15535
15542
15547
15555
15560
15567
15573
15580
15585
15593
15598
15605
15610
15618
15623
15630
15636
15640
15647
15651
15658
15662
15669
15673
15680
15684
15691
15695
15701
15706
15712
15717
15723
15728
15734
15739
15745
15750
15756
15761
15767
15771
15778
15782
15789
15793
15800
15804
15811
15815
15822
15826
15833
15837
15843
15848
15854
15859
15865
15870
15876
15881
15887
15892
15898
15902
15909
15913
15920
15924
15931
15935
15942
15946
15953
15957
15964
15968
15974
15979
15985
15990
15996
16001
16007
16012
16018
16023
16029
16034
16040
16044
16051
16055
16062
16066
16073
16077
16084
16088
16095
16099
16105
16110
16116
16121
16127
16132
16138
16143
16149
16154
16160
16165
16171
16175
16182
16186
16193
16197
16204
16208
16215
16219
16226
16230
16237
16241
16247
16252
16258
16263
16269
16274
16286
16297
16309
16320
16333
16343
16356
16367
16379
16390
16403
16413
16426
16437
16449
16460
16473
16483
16496
16507
16519
16530
16543
16553
16566
16577
16589
16600
16613
16623
16636
16647
16659
16670
16683
16693
16706
16717
16729
16740
16753
16763
16776
16787
16799
16810
16823
16833
16846
16857
16869
16880
16893
16903
16916
16927
16939
16950
16963
16973
16986
16997
17009
17016
17021
17029
17034
17042
17047
17054
17060
17067
17073
17080
17085
17093
17098
17106
17111
17118
17124
17131
17137
17144
17150
17157
17162
17170
17175
17183
17188
17195
17201
17208
17214
17221
17226
17234
17239
17247
17252
17259
17265
17272
17278
17285
17291
17298
17303
17311
17316
17324
17329
17336
17342
17349
17355
17362
17367
17375
17380
17388
17393
17401
17406
17413
17419
17426
17432
17439
17444
17452
17457
17465
17470
17477
17483
17490
17496
17503
17509
17515
17522
17528
17536
17543
17552
17559
17568
17575
17584
17591
17599
17606
17615
17622
17631
17638
17647
17654
17662
17669
17678
17685
17694
17701
17710
17717
17725
17732
17741
17748
17757
17764
17773
17780
17789
17795
17804
17811
17820
17827
17836
17843
17852
17858
17867
17874
17883
17890
17899
17906
17915
17921
17930
17937
17946
17953
17962
17969
17978
17984
17993
18000
18009
18016
18025
18032
18041
18048
18056
18063
18072
18079
18088
18095
18104
18111
18119
18126
18135
18142
18151
18158
18167
18174
18182
18189
18198
18205
18214
18221
18230
18237
18246
18252
18261
18268
18277
18284
18293
18300
18308
18315
18324
18331
18340
18347
18356
18362
18371
18378
18387
18394
18403
18410
18418
18425
18434
18441
18450
18457
18466
18473
18481
18488
18497
18504
18513
18520
18529
18535
18544
18551
18560
18567
18576
18583
18591
18598
18607
18614
18623
18630
18639
18646
18654
18661
18670
18677
18686
18693
18702
18708
18717
18724
18733
18740
18749
18756
18764
18771
18780
18787
18796
18803
18812
18819
18827
18834
18843
18850
18859
18866
18875
18881
18890
18897
18906
18913
18922
18929
18937
18944
18953
18960
18969
18976
18985
18992
19000
19007
19016
19023
19032
19039
19048
19054
19063
19070
19079
19086
19095
19102
19110
19117
19126
19133
19142
19149
19158
19165
19173
19180
19189
19196
19205
19212
19221
19227
19236
19243
19252
19259
19268
19275
19282
19288
19295
19301
19308
19314
19321
19327
19335
19340
19348
19353
19361
19366
19374
19379
19387
19393
19400
19406
19413
19419
19426
19432
19440
19445
19453
19458
19466
19471
19479
19484
19492
19498
19505
19511
19518
19524
19531
19537
19544
19550
19558
19563
19571
19576
19584
19589
19597
19603
19610
19616
19623
19629
19636
19642
19649
19655
19663
19668
19676
19681
19689
19694
19702
19708
19715
19721
19728
19734
19741
19747
19754
19760
19768
19773
19781
19786
19794
19799
19807
19812
19820
19826
19833
19839
19846
19852
19859
19865
19873
19878
19886
19898
19909
19921
19932
19944
19955
19967
19978
19990
20001
20014
20024
20037
20047
20060
20070
20083
20093
20106
20116
20129
20140
20152
20163
20175
20186
20198
20209
20221
20232
20245
20255
20268
20278
20291
20301
20314
20324
20337
20347
20360
20371
20383
20394
20411
20427
20445
20461
20479
20494
20512
20528
20546
20562
20580
20595
20613
20629
20647
20663
20681
20696
20714
20730
20748
20764
20782
20797
20815
20831
20849
20865
20883
20898
20916
20932
20950
20966
20984
20993
21000
21009
21017
21026
21033
21042
21050
21059
21066
21075
21083
21092
21099
21108
21116
21125
21132
21142
21149
21158
21165
21175
21182
21191
21198
21208
21215
21224
21231
21241
21248
21257
21264
21274
21281
21290
21298
21307
21314
21323
21331
21340
21347
21356
21364
21373
21380
21389
21397
21406
21413
21423
21430
21439
21446
21456
21463
21472
21479
21489
21496
21505
21512
21522
21529
21538
21545
21555
21562
21571
21579
21588
21595
21604
21612
21621
21628
21637
21645
21654
21661
21670
21678
21687
21694
21704
21711
21720
21727
21737
21744
21753
21760
21770
21777
21786
21793
21803
21810
21819
21826
21836
21845
21852
21862
21869
21879
21886
21896
21903
21913
21920
21930
21937
21947
21954
21964
21971
21981
21988
21998
22005
22015
22022
22032
22039
22049
22056
22065
22073
22082
22090
22099
22107
22116
22124
22133
22141
22150
22158
22167
22175
22184
22192
22201
22209
22218
22226
22235
22243
22252
22260
22269
22276
22286
22293
22303
22310
22320
22327
22337
22344
22354
22361
22371
22378
22388
22395
22405
22412
22422
22429
22439
22446
22456
22463
22473
22480
22490
22497
22506
22521
22534
22550
22563
22579
22592
22607
22621
22636
22650
22665
22679
22694
22707
22723
22736
22752
22765
22781
22794
22809
22823
22838
22852
22867
22881
22895
22910
22924
22939
22953
22968
22981
22997
23010
23026
23039
23055
23068
23083
23097
23112
23126
23141
23155
23170
23183
23199
23212
23228
23241
23256
23270
23285
23299
23314
23328
23343
23356
23372
23385
23401
23406
23410
23416
23420
23426
23430
23436
23440
23446
23450
23456
23460
23466
23470
23476
23479
23485
23489
23495
23499
23505
23509
23515
23519
23525
23529
23535
23539
23545
23549
23555
23558
23564
23568
23574
23578
23584
23588
23594
23598
23604
23608
23614
23618
23624
23628
23634
23637
23643
23647
23653
23657
23663
23667
23673
23677
23683
23687
23693
23697
23703
23707
23712
23716
23722
23726
23732
23736
23742
23746
23752
23756
23762
23766
23772
23776
23782
23786
23791
23795
23801
23805
23811
23815
23821
23825
23831
23835
23841
23845
23851
23855
23861
23865
23870
23874
23880
23884
23890
23894
23900
23904
23910
23914
23920
23924
23930
23934
23940
23943
23949
23953
23959
23963
23969
23973
23979
23983
23989
23993
23999
24003
24009
24013
24019
24022
24028
24032
24038
24042
24048
24052
24058
24062
24068
24072
24078
24082
24088
24092
24098
24101
24107
24116
24124
24134
24141
24151
24159
24168
24176
24186
24193
24203
24211
24220
24228
24238
24245
24255
24263
24272
24280
24290
24298
24307
24315
24325
24332
24342
24350
24359
24367
24377
24384
24394
24402
24411
24419
24429
24436
24446
24454
24464
24471
24481
24489
24498
24506
24516
24523
24533
24541
24550
24558
24568
24575
24585
24593
24602
24610
24620
24627
24637
24645
24655
24662
24672
24680
24689
24697
24707
24714
24724
24732
24741
24749
24759
24766
24776
24784
24793
24801
24811
24819
24828
24836
24846
24853
24863
24871
24880
24888
24898
24905
24915
24923
24932
24940
24950
24957
24967
24975
24984
24992
25002
25010
25019
25027
25037
25044
25054
25062
25071
25079
25089
25098
25108
25117
25127
25136
25147
25155
25166
25174
25185
25194
25204
25213
25223
25232
25243
25251
25262
25270
25281
25290
25300
25309
25319
25328
25338
25347
25358
25366
25377
25385
25396
25405
25415
25424
25434
25443
25454
25462
25473
25481
25492
25501
25511
25520
25530
25539
25550
25558
25569
25577
25588
25596
25607
25616
25626
25635
25645
25654
25665
25673
25684
25692
25703
25712
25722
25731
25741
25750
25757
25763
25770
25776
25784
25790
25796
25804
25810
25816
25824
25830
25836
25844
25850
25856
25864
25870
25876
25884
25890
25896
25904
25910
25916
25924
25930
25936
25944
25950
25956
25964
25970
25976
25984
25990
25996
26004
26010
26016
26024
26030
26036
26044
26050
26056
26064
26070
26076
26084
26090
26096
26104
26110
26116
26124
26130
26136
26144
26150
26156
26164
26170
26176
26184
26190
26196
26204
26210
26216
26224
26230
26236
26244
26250
26256
26264
26270
26276
26284
26290
26296
26304
26310
26316
26324
26330
26336
26344
26350
26356
26364
26370
26376
26384
26390
26396
26404
26410
26416
26424
26430
26436
26444
26450
26456
26464
26470
26476
26484
26490
26496
26504
26510
26516
26524
26530
26536
26544
26550
26556
26564
26570
26576
26584
26590
26596
26610
26622
26636
26649
26663
26675
26690
26702
26716
26729
26743
26755
26770
26782
26796
26809
26823
26835
26850
26862
26876
26889
26903
26915
26929
26942
26956
26968
26983
26995
27009
27022
27036
27048
27063
27075
27089
27102
27116
27128
27143
27155
27169
27182
27196
27208
27222
27235
27249
27261
27276
27288
27302
27309
27314
27321
27326
27334
27339
27346
27351
27359
27364
27371
27376
27383
27389
27396
27401
27408
27414
27421
27426
27433
27439
27446
27451
27458
27463
27471
27476
27483
27488
27496
27501
27508
27513
27520
27526
27533
27538
27545
27551
27558
27563
27570
27576
27583
27588
27595
27600
27608
27613
27620
27625
27633
27638
27645
27650
27657
27663
27670
27675
27682
27688
27695
27700
27707
27713
27720
27725
27732
27737
27745
27750
27757
27762
27770
27775
27782
27787
27794
27800
27807
27812
27819
27825
27832
27837
27844
27850
27857
27862
27869
27874
27882
27887
27894
27899
27907
27912
27919
27924
27931
27937
27944
27949
27956
27962
27969
27974
27981
27987
27994
27999
28006
28011
28019
28024
28031
28036
28044
28049
28056
28061
28068
28074
28081
28086
28093
28099
28106
28111
28118
28124
28131
28136
28143
28148
28156
28161
28168
28173
28181
28186
28193
28198
28205
28211
28218
28223
28230
28236
28243
28248
28255
28262
28267
28274
28279
28286
28291
28298
28303
28310
28315
28322
28327
28334
28339
28346
28351
28358
28363
28370
28375
28382
28387
28394
28399
28406
28411
28418
28423
28430
28435
28442
28447
28454
28459
28466
28471
28478
28483
28490
28495
28502
28507
28514
28519
28526
28531
28538
28543
28550
28555
28562
28567
28574
28579
28586
28591
28598
28603
28610
28615
28622
28627
28634
28639
28646
28651
28659
28664
28671
28676
28683
28688
28695
28700
28707
28712
28719
28724
28731
28736
28743
28748
28755
28760
28767
28772
28779
28784
28791
28796
28803
28808
28816
28822
28831
28837
28845
28852
28860
28867
28875
28881
28890
28896
28904
28911
28919
28926
28934
28940
28949
28955
28964
28970
28978
28985
28993
29000
29007
29015
29022
29030
29036
29045
29051
29060
29066
29074
29081
29089
29096
29103
29111
29118
29126
29132
29141
29147
29156
29162
29170
29177
29185
29192
29199
29207
29214
29222
29228
29237
29243
29252
29258
29266
29273
29281
29288
29295
29303
29310
29318
29324
29333
29339
29348
29354
29362
29369
29377
29384
29391
29399
29406
29414
29420
29429
29435
29444
29450
29458
29465
29473
29480
29487
29495
29502
29510
29516
29525
29531
29540
29546
29550
29556
29561
29567
29571
29578
29582
29588
29593
29599
29603
29609
29614
29620
29624
29631
29635
29641
29646
29652
29656
29663
29667
29673
29677
29684
29688
29694
29699
29705
29709
29716
29720
29726
29731
29737
29741
29747
29752
29758
29762
29769
29773
29779
29784
29790
29794
29801
29805
29811
29815
29822
29826
29832
29837
29843
29847
29854
29858
29864
29869
29875
29879
29885
29890
29896
29900
29907
29911
29917
29922
29928
29932
29939
29943
29949
29953
29960
29964
29970
29975
29981
29985
29992
29996
30002
30007
30013
30017
30023
30028
30034
30038
30045
30049
30055
30060
30066
30070
30077
30081
30087
30091
30098
30102
30108
30113
30119
30123
30130
30134
30140
30145
30151
30155
30161
30166
30172
30176
30183
30187
30193
30198
30204
30208
30215
30219
30225
30229
30236
30240
30246
30251
30257
30261
30268
30272
30278
30283
30289
30293
30299
30304
30310
30314
30323
30330
30339
30346
30355
30362
30371
30378
30387
30394
30403
30410
30419
30427
30436
30443
30452
30459
30468
30475
30484
30491
30500
30507
30516
30523
30533
30540
30549
30556
30565
30572
30581
30588
30597
30604
30613
30620
30629
30637
30646
30653
30662
30669
30678
30685
30694
30701
30710
30717
30726
30733
30742
30750
30759
30766
30775
30782
30791
30798
30807
30814
30823
30830
30839
30846
30856
30863
30872
30879
30888
30895
30904
30911
30920
30927
30936
30943
30952
30960
30969
30976
30985
30992
31001
31008
31017
31024
31033
31040
31049
31056
31066
31073
31082
31089
31098
31105
31114
31121
31130
31137
31146
31153
31162
31169
31179
31186
31195
31205
31214
31225
31234
31245
31253
31264
31273
31284
31293
31303
31312
31323
31332
31343
31351
31362
31371
31382
31391
31401
31410
31421
31430
31441
31449
31460
31469
31480
31489
31499
31508
31519
31528
31539
31547
31558
31567
31578
31587
31597
31606
31617
31626
31637
31645
31656
31665
31676
31685
31695
31704
31715
31724
31735
31744
31754
31763
31774
31784
31792
31802
31811
31821
31829
31839
31848
31858
31866
31876
31885
31895
31903
31913
31922
31932
31940
31950
31959
31969
31977
31987
31996
32006
32014
32024
32033
32043
32051
32061
32070
32080
32088
32098
32107
32117
32125
32135
32144
32154
32162
32172
32181
32191
32199
32209
32218
32228
32236
32246
32255
32265
32273
32283
32292
32302
32310
32320
32329
32339
32347
32357
32363
32367
32374
32378
32384
32389
32395
32400
32406
32410
32417
32421
32427
32432
32438
32443
32449
32453
32460
32464
32471
32475
32481
32486
32492
32496
32503
32507
32514
32518
32524
32529
32535
32539
32546
32550
32557
32561
32567
32572
32578
32583
32589
32593
32600
32604
32610
32615
32621
32626
32632
32636
32643
32647
32653
32658
32664
32669
32675
32679
32686
32690
32697
32701
32707
32712
32718
32722
32729
32733
32740
32744
32750
32755
32761
32765
32772
32776
32783
32787
32793
32798
32804
32809
32815
32819
32826
32830
32836
32841
32847
32852
32858
32862
32869
32873
32879
32884
32890
32895
32901
32905
32912
32916
32923
32927
32933
32938
32944
32948
32955
32959
32966
32970
32976
32981
32987
32991
32998
33002
33009
33013
33019
33024
33030
33035
33041
33045
33052
33056
33062
33067
33073
33078
33084
33088
33095
33099
33105
33110
33116
33121
33127
33131
33138
33144
33148
33154
33159
33165
33169
33175
33180
33186
33190
33196
33201
33207
33211
33217
33222
33228
33232
33238
33243
33249
33253
33259
33264
33270
33274
33280
33285
33291
33295
33302
33306
33312
33316
33323
33327
33333
33337
33344
33348
33354
33358
33365
33369
33375
33379
33386
33390
33396
33400
33407
33411
33417
33421
33428
33432
33438
33442
33449
33453
33459
33464
33470
33474
33480
33485
33491
33495
33501
33506
33512
33516
33522
33527
33533
33537
33543
33548
33554
33558
33564
33569
33575
33579
33585
33590
33596
33600
33607
33611
33617
33621
33628
33632
33638
33642
33649
33653
33659
33663
33670
33674
33680
33684
33691
33695
33701
33705
33712
33716
33722
33726
33733
33737
33743
33747
33754
33758
33764
33769
33775
33779
33785
33790
33796
33800
33806
33811
33817
33821
33827
33832
33838
33842
33848
33853
33859
33863
33869
33874
33880
33884
33890
33895
33901
33905
33912
33916
33922
33926
33933
33937
33943
33947
33954
33958
33964
33968
33975
33979
33985
33989
33996
34000
34006
34010
34017
34021
34027
34031
34036
34040
34045
34049
34054
34058
34063
34067
34072
34076
34081
34085
34090
34094
34099
34103
34108
34112
34117
34121
34126
34130
34136
34139
34145
34148
34154
34157
34163
34166
34172
34175
34181
34184
34190
34193
34199
34202
34208
34211
34217
34220
34226
34230
34235
34239
34244
34248
34253
34257
34262
34266
34271
34275
34280
34284
34289
34293
34298
34302
34307
34311
34316
34320
34326
34329
34335
34338
34344
34347
34353
34356
34362
34365
34371
34374
34380
34383
34389
34392
34398
34401
34407
34410
34416
34419
34425
34429
34434
34438
34443
34447
34452
34456
34461
34465
34470
34474
34479
34483
34488
34492
34497
34501
34506
34510
34515
34519
34525
34528
34534
34537
34543
34546
34552
34555
34561
34564
34570
34573
34579
34582
34588
34591
34597
34600
34606
34609
34615
34619
34625
34629
34636
34640
34647
34651
34657
34662
34668
34673
34679
34684
34690
34694
34701
34705
34712
34716
34722
34727
34733
34738
34744
34749
34755
34759
34766
34770
34777
34781
34788
34792
34798
34803
34809
34814
34820
34824
34831
34835
34842
34846
34853
34857
34863
34868
34874
34879
34885
34890
34896
34900
34907
34911
34918
34922
34928
34933
34939
34944
34950
34955
34961
34965
34972
34976
34983
34987
34993
34998
35004
35009
35015
35020
35026
35030
35037
35041
35048
35052
35059
35063
35069
35074
35080
35085
35091
35095
35102
35106
35113
35117
35124
35128
35134
35139
35145
35150
35156
35161
35167
35171
35178
35182
35189
35193
35199
35204
35210
35215
35221
35226
35232
35236
35243
35247
35254
35258
35264
35269
35275
35280
35286
35291
35297
35301
35306
35309
35315
35318
35324
35327
35332
35336
35341
35345
35350
35353
35359
35362
35368
35371
35376
35380
35385
35389
35394
35398
35403
35406
35412
35415
35421
35424
35429
35433
35438
35442
35447
35451
35455
35460
35464
35469
35473
35478
35481
35487
35490
35496
35499
35504
35508
35513
35517
35522
35526
35530
35535
35539
35544
35548
35553
35556
35562
35565
35571
35574
35579
35583
35588
35592
35597
35601
35605
35610
35614
35619
35623
35628
35631
35637
35640
35646
35649
35654
35658
35663
35667
35672
35676
35680
35685
35689
35694
35698
35703
35706
35712
35715
35721
35724
35729
35733
35738
35742
35747
35751
35755
35760
35764
35769
35773
35778
35781
35787
35790
35796
35799
35804
35808
35813
35817
35822
35826
35830
35835
35839
35844
35848
35853
35856
35862
35865
35871
35874
35879
35883
35888
35892
35897
35901
35905
35910
35914
35919
35923
35928
35931
35937
35940
35946
35949
35954
35958
35963
35967
35972
35976
35980
35985
35989
35994
35998
36003
36006
36012
36015
36021
36024
36029
36033
36038
36042
36047
36051
36055
36060
36064
36069
36077
36084
36093
36100
36109
36116
36125
36132
36141
36148
36157
36164
36173
36180
36189
36196
36205
36212
36221
36228
36237
36244
36253
36260
36269
36276
36285
36292
36301
36308
36317
36324
36333
36340
36349
36356
36365
36372
36381
36388
36397
36404
36413
36420
36429
36436
36445
36452
36461
36468
36477
36484
36493
36500
36509
36516
36525
36532
36541
36548
36557
36564
36573
36580
36589
36596
36602
36607
36614
36619
36626
36631
36637
36642
36649
36654
36661
36666
36673
36677
36684
36689
36696
36701
36708
36712
36719
36724
36731
36736
36743
36748
36754
36759
36766
36771
36778
36783
36789
36794
36801
36806
36813
36818
36825
36829
36836
36841
36848
36853
36860
36865
36871
36876
36883
36888
36895
36900
36906
36911
36918
36923
36930
36935
36942
36946
36953
36958
36965
36970
36977
36981
36988
36993
37000
37005
37012
37017
37023
37028
37035
37040
37047
37052
37058
37063
37070
37075
37082
37087
37094
37098
37105
37110
37117
37122
37129
37134
37140
37145
37152
37157
37164
37169
37175
37180
37187
37192
37199
37204
37211
37219
37225
37233
37239
37247
37253
37261
37267
37275
37281
37289
37295
37303
37309
37317
37323
37331
37337
37345
37351
37359
37365
37373
37379
37387
37393
37401
37407
37415
37421
37429
37435
37443
37449
37457
37463
37471
37477
37485
37491
37499
37505
37513
37519
37527
37533
37541
37547
37555
37561
37569
37575
37583
37589
37597
37603
37611
37618
37626
37632
37640
37646
37654
37660
37668
37674
37682
37688
37696
37702
37710
37716
37724
37730
37738
37744
37752
37758
37766
37772
37780
37786
37794
37800
37808
37814
37822
37828
37836
37842
37850
37856
37864
37870
37878
37884
37892
37898
37906
37912
37920
37926
37934
37940
37948
37954
37962
37968
37976
37982
37990
37996
38004
38011
38018
38026
38032
38040
38046
38054
38060
38068
38074
38082
38088
38096
38102
38110
38116
38124
38129
38133
38139
38142
38148
38152
38158
38161
38167
38171
38177
38180
38186
38190
38196
38199
38205
38209
38215
38218
38224
38228
38233
38237
38243
38247
38252
38256
38262
38266
38271
38275
38281
38285
38290
38294
38300
38304
38309
38313
38319
38322
38328
38332
38338
38341
38347
38351
38357
38360
38366
38370
38376
38379
38385
38389
38395
38398
38404
38408
38413
38417
38423
38427
38432
38436
38442
38446
38451
38455
38461
38465
38470
38474
38480
38484
38489
38493
38499
38502
38508
38512
38518
38521
38527
38531
38537
38540
38546
38550
38556
38559
38565
38569
38575
38578
38584
38588
38594
38597
38603
38607
38612
38616
38622
38626
38631
38635
38641
38645
38650
38654
38660
38664
38669
38673
38679
38683
38688
38692
38698
38701
38707
38711
38717
38720
38726
38730
38736
38739
38745
38749
38755
38758
38764
38768
38774
38777
38783
38787
38792
38796
38802
38806
38811
38815
38821
38825
38830
38834
38840
38844
38849
38853
38859
38863
38868
38872
38878
38881
38887
38891
38897
38900
38906
38910
38916
38919
38925
38929
38935
38938
38944
38948
38954
38957
38963
38967
38973
38976
38982
38986
38991
38995
39001
39005
39010
39014
39020
39024
39029
39033
39039
39048
39056
39065
39073
39083
39090
39100
39108
39117
39125
39135
39142
39152
39160
39169
39177
39186
39194
39204
39211
39221
39229
39238
39246
39256
39263
39273
39281
39290
39298
39308
39315
39325
39332
39342
39350
39359
39367
39377
39384
39394
39402
39411
39419
39429
39436
39446
39453
39463
39471
39480
39488
39498
39505
39515
39523
39532
39540
39550
39557
39567
39575
39584
39592
39601
39609
39619
39626
39636
39644
39653
39661
39671
39678
39688
39696
39705
39713
39722
39730
39740
39747
39757
39765
39774
39782
39792
39799
39809
39817
39826
39834
39844
39851
39861
39868
39878
39886
39895
39903
39913
39920
39930
39938
39947
39955
39961
39965
39971
39975
39981
39985
39991
39995
40001
40005
40011
40015
40021
40025
40031
40035
40041
40045
40051
40056
40062
40066
40072
40076
40082
40086
40092
40096
40102
40106
40112
40116
40122
40126
40132
40136
40142
40146
40152
40157
40163
40167
40173
40177
40183
40187
40193
40197
40203
40207
40213
40217
40223
40227
40233
40237
40243
40247
40253
40258
40264
40268
40274
40278
40284
40288
40294
40298
40304
40308
40314
40318
40324
40328
40334
40338
40344
40348
40354
40359
40365
40369
40375
40379
40385
40389
40395
40399
40405
40409
40415
40419
40425
40429
40435
40439
40445
40449
40455
40460
40466
40470
40476
40480
40486
40490
40496
40500
40506
40510
40516
40520
40527
40531
40537
40541
40547
40551
40557
40561
40567
40571
40578
40582
40588
40592
40598
40602
40608
40612
40618
40622
40628
40633
40639
40643
40649
40653
40659
40663
40669
40673
40679
40684
40690
40694
40700
40704
40710
40714
40720
40724
40730
40734
40741
40745
40751
40755
40761
40765
40771
40775
40781
40785
40792
40796
40802
40806
40812
40816
40822
40826
40832
40836
40842
40847
40853
40857
40863
40867
40873
40877
40883
40887
40893
40898
40904
40908
40914
40918
40924
40928
40934
40938
40944
40948
40955
40959
40965
40969
40975
40979
40985
40989
40995
40999
41006
41010
41016
41020
41026
41030
41036
41040
41046
41050
41056
41061
41067
41071
41077
41081
41087
41091
41097
41101
41107
41112
41118
41122
41128
41132
41138
41142
41148
41152
41158
41162
41169
41173
41179
41183
41189
41193
41199
41203
41209
41213
41220
41224
41230
41234
41240
41244
41250
41254
41260
41264
41270
41275
41281
41285
41291
41295
41301
41305
41311
41315
41321
41326
41332
41336
41342
41349
41355
41362
41368
41375
41381
41388
41394
41401
41407
41414
41420
41427
41433
41440
41446
41453
41459
41466
41472
41479
41485
41492
41498
41505
41511
41518
41524
41531
41537
41544
41550
41557
41563
41570
41576
41583
41589
41596
41602
41609
41615
41622
41628
41635
41641
41648
41654
41661
41667
41674
41680
41687
41693
41700
41706
41713
41719
41726
41732
41739
41745
41752
41758
41765
41771
41779
41784
41792
41797
41805
41810
41818
41823
41831
41836
41844
41849
41857
41862
41870
41875
41883
41888
41896
41901
41909
41914
41922
41927
41935
41940
41948
41953
41961
41966
41974
41979
41987
41992
42000
42005
42009
42015
42019
42024
42028
42034
42038
42044
42048
42052
42058
42062
42068
42072
42076
42082
42086
42092
42096
42100
42106
42110
42116
42120
42124
42130
42134
42140
42144
42148
42154
42158
42164
42168
42172
42178
42182
42188
42192
42196
42202
42206
42212
42216
42220
42226
42230
42236
42240
42244
42250
42254
42260
42264
42268
42274
42278
42284
42288
42292
42298
42302
42308
42312
42316
42322
42326
42332
42336
42340
42346
42350
42356
42360
42364
42370
42374
42380
42384
42388
42394
42398
42404
42408
42412
42418
42422
42428
42432
42436
42442
42446
42452
42456
42460
42466
42470
42476
42480
42484
42490
42494
42500
42504
42509
42513
42519
42523
42529
42533
42539
42543
42549
42553
42559
42563
42569
42573
42579
42583
42589
42593
42599
42603
42609
42613
42619
42623
42629
42633
42639
42643
42649
42653
42659
42663
42669
42673
42679
42683
42689
42693
42699
42703
42709
42713
42719
42723
42729
42733
42739
42743
42749
42753
42759
42763
42769
42773
42779
42783
42789
42793
42799
42803
42809
42813
42819
42823
42829
42833
42839
42843
42849
42853
42859
42863
42869
42873
42879
42883
42889
42893
42899
42903
42909
42913
42919
42923
42929
42933
42939
42943
42949
42953
42959
42963
42969
42973
42979
42983
42989
42993
42999
43003
43009
43013
43019
43023
43029
43033
43039
43043
43049
43053
43065
43076
43089
43100
43113
43124
43137
43148
43161
43172
43185
43196
43209
43220
43233
43244
43256
43267
43280
43291
43304
43315
43328
43339
43352
43363
43376
43387
43400
43411
43424
43435
43448
43458
43471
43482
43495
43506
43519
43530
43543
43554
43567
43578
43591
43602
43615
43626
43642
43656
43673
43687
43704
43718
43734
43749
43765
43780
43796
43811
43827
43841
43858
43872
43889
43903
43920
43934
43950
43965
43981
43996
44012
44027
44043
44057
44074
44088
44105
44119
44135
44150
44166
44181
44197
44212
44228
44242
44259
44273
44290
44304
44321
44335
44351
44366
44382
44397
44413
44428
44444
44458
44475
44489
44506
44520
44537
44551
44567
44582
44598
44613
44620
44626
44633
44639
44647
44652
44660
44665
44673
44679
44686
44692
44699
44705
44713
44718
44726
44731
44739
44745
44752
44758
44765
44771
44779
44784
44792
44797
44805
44811
44818
44824
44831
44837
44845
44850
44858
44863
44871
44877
44884
44890
44897
44903
44911
44916
44924
44930
44937
44943
44950
44956
44964
44969
44977
44982
44990
44996
45003
45009
45016
45022
45030
45035
45043
45048
45056
45062
45069
45075
45082
45088
45096
45101
45109
45114
45122
45128
45135
45141
45148
45154
45162
45167
45175
45180
45188
45194
45201
45207
45214
45220
45228
45233
45241
45247
45254
45260
45267
45273
45281
45286
45294
45299
45307
45313
45320
45326
45333
45339
45347
45352
45360
45365
45373
45379
45386
45392
45399
45405
45413
45418
45426
45431
45439
45445
45452
45458
45465
45471
45479
45484
45492
45497
45505
45511
45518
45524
45531
45537
45545
45550
45558
45564
45571
45577
45584
45590
45598
45604
45609
45616
45621
45628
45633
45640
45644
45651
45656
45663
45668
45675
45680
45687
45691
45698
45703
45710
45715
45722
45727
45734
45738
45745
45750
45757
45762
45769
45774
45781
45785
45792
45797
45804
45809
45816
45821
45828
45832
45839
45844
45851
45856
45863
45868
45875
45879
45886
45891
45898
45903
45910
45915
45922
45926
45933
45938
45945
45950
45957
45962
45969
45973
45980
45985
45992
45997
46004
46009
46016
46020
46027
46032
46039
46044
46051
46056
46063
46067
46074
46079
46086
46091
46098
46103
46110
46114
46121
46126
46133
46138
46145
46150
46157
46161
46168
46173
46180
46185
46192
46197
46203
46208
46215
46220
46227
46232
46239
46244
46250
46255
46262
46267
46274
46279
46286
46291
46297
46302
46309
46314
46321
46326
46333
46338
46344
46349
46356
46361
46368
46373
46380
46385
46391
46396
46403
46408
46415
46420
46427
46432
46438
46442
46448
46452
46458
46463
46469
46473
46479
46483
46490
46494
46500
46504
46510
46515
46521
46525
46531
46535
46542
46546
46552
46556
46562
46567
46573
46577
46583
46587
46594
46598
46604
46608
46614
46619
46625
46629
46635
46639
46646
46650
46656
46660
46666
46671
46677
46681
46687
46691
46698
46702
46708
46712
46718
46723
46729
46733
46739
46743
46750
46754
46760
46764
46770
46775
46781
46785
46791
46795
46802
46806
46812
46816
46822
46827
46833
46837
46843
46847
46854
46858
46864
46868
46874
46879
46885
46889
46895
46899
46906
46910
46916
46920
46926
46931
46937
46941
46947
46951
46958
46962
46968
46972
46978
46983
46989
46993
46999
47003
47014
47023
47035
47044
47055
47065
47076
47085
47097
47106
47117
47127
47138
47147
47159
47168
47179
47189
47200
47209
47221
47230
47241
47251
47262
47271
47283
47292
47303
47313
47324
47334
47345
47354
47366
47375
47386
47396
47407
47416
47428
47437
47448
47458
47469
47478
47490
47499
47510
47520
47531
47540
47552
47561
47566
47570
47576
47580
47586
47590
47596
47600
47606
47610
47616
47620
47626
47630
47636
47640
47646
47650
47656
47660
47666
47670
47676
47680
47686
47690
47696
47700
47706
47710
47716
47720
47726
47730
47736
47740
47746
47750
47756
47760
47766
47770
47776
47780
47786
47790
47796
47800
47806
47810
47816
47820
47826
47830
47836
47840
47846
47850
47856
47860
47866
47870
47876
47880
47886
47890
47896
47900
47906
47910
47916
47920
47926
47930
47936
47940
47946
47950
47956
47960
47966
47970
47976
47980
47986
47990
47996
48000
48006
48010
48016
48020
48026
48030
48036
48040
48046
48050
48056
48060
48066
48072
48077
48084
48088
48095
48100
48106
48111
48118
48123
48129
48134
48141
48145
48152
48157
48164
48168
48175
48180
48186
48191
48198
48203
48209
48214
48221
48225
48232
48237
48244
48248
48255
48260
48266
48271
48278
48283
48289
48294
48301
48305
48312
48317
48324
48328
48335
48340
48346
48351
48358
48363
48369
48374
48381
48385
48392
48397
48403
48408
48415
48420
48426
48431
48438
48442
48449
48454
48461
48465
48472
48477
48483
48488
48495
48500
48506
48511
48518
48522
48529
48534
48541
48545
48552
48557
48563
48568
48575
48580
48586
48591
48598
48602
48609
48614
48621
48625
48632
48637
48643
48648
48655
48660
48666
48671
48678
48682
48689
48694
48700
48705
48712
48717
48723
48728
48735
48739
48746
48751
48758
48762
48769
48774
48780
48785
48792
48797
48803
48808
48815
48819
48826
48831
48838
48842
48849
48854
48860
48865
48872
48877
48883
48888
48895
48899
48906
48911
48918
48922
48929
48934
48940
48945
48952
48957
48963
48968
48975
48979
48986
48991
48997
49005
49012
49021
49027
49036
49043
49051
49058
49067
49073
49082
49089
49098
49104
49113
49120
49128
49135
49144
49150
49159
49166
49175
49181
49190
49197
49205
49212
49221
49227
49236
49243
49252
49258
49267
49274
49282
49289
49298
49304
49313
49320
49328
49335
49344
49351
49359
49366
49375
49381
49390
49397
49405
49412
49421
49428
49436
49443
49452
49458
49467
49474
49482
49489
49498
49505
49513
49520
49529
49535
49544
49551
49559
49566
49575
49581
49590
49597
49606
49612
49621
49628
49636
49643
49652
49658
49667
49674
49683
49689
49698
49705
49713
49720
49729
49735
49744
49751
49756
49763
49768
49775
49780
49787
49792
49799
49804
49811
49816
49823
49828
49835
49840
49847
49852
49859
49864
49871
49876
49883
49888
49895
49900
49907
49912
49919
49924
49931
49936
49943
49948
49955
49960
49967
49972
49979
49984
49991
49996
50003
50008
50015
50020
50027
50032
50039
50044
50051
50056
50063
50068
50075
50081
50088
50093
50100
50105
50112
50117
50124
50129
50136
50141
50148
50153
50160
50165
50172
50177
50184
50189
50196
50201
50208
50213
50220
50225
50232
50237
50244
50249
50256
50261
50268
50273
50280
50285
50292
50297
50304
50309
50316
50321
50328
50333
50340
50345
50352
50357
50364
50369
50376
50381
50388
50393
50400
50405
50413
50418
50425
50430
50437
50442
50449
50454
50461
50466
50473
50478
