9
17
27
35
45
53
63
71
81
89
99
107
117
125
135
143
153
161
171
179
189
197
207
215
225
233
243
251
261
269
279
287
297
305
315
323
333
341
351
359
369
377
387
395
405
413
423
431
441
449
459
465
469
475
479
485
489
496
500
506
510
516
520
527
531
537
541
547
551
558
562
568
572
578
582
589
593
599
603
609
613
620
624
630
634
640
644
651
655
661
665
671
675
682
686
692
696
702
706
713
717
723
727
733
737
743
748
754
758
764
768
774
779
785
789
795
799
805
810
816
820
826
830
836
841
847
851
857
861
867
872
878
882
888
892
898
903
909
914
917
922
925
930
933
938
942
947
950
955
958
963
966
972
975
980
983
988
991
996
999
1005
1008
1013
1016
1021
1024
1029
1033
1038
1041
1046
1049
1054
1057
1062
1066
1071
1074
1079
1082
1087
1090
1096
1099
1104
1107
1112
1115
1120
1123
1129
1132
1137
1140
1145
1148
1153
1157
1162
1165
1170
1173
1178
1181
1186
1190
1195
1198
1203
1206
1211
1214
1220
1223
1228
1231
1236
1239
1244
1247
1253
1256
1261
1264
1269
1272
1277
1281
1286
1289
1294
1297
1302
1305
1310
1314
1319
1322
1327
1330
1335
1338
1344
1347
1352
1355
1360
1363
1368
1371
1377
1380
1385
1388
1393
1396
1401
1411
1419
1429
1437
1448
1456
1466
1474
1485
1493
1503
1511
1521
1530
1540
1548
1558
1567
1577
1585
1595
1604
1614
1622
1632
1641
1650
1660
1668
1678
1687
1697
1705
1715
1724
1734
1742
1752
1761
1770
1780
1788
1798
1807
1817
1825
1835
1844
1854
1862
1872
1881
1891
1900
1910
1919
1929
1938
1948
1957
1968
1976
1987
1995
2006
2014
2025
2033
2044
2053
2063
2072
2082
2091
2101
2110
2120
2129
2140
2148
2159
2167
2178
2186
2197
2205
2216
2225
2235
2244
2254
2263
2273
2282
2292
2301
2312
2320
2331
2339
2344
2348
2353
2357
2362
2366
2371
2375
2381
2384
2390
2393
2399
2403
2407
2413
2416
2422
2425
2431
2435
2439
2445
2448
2454
2457
2463
2467
2471
2477
2480
2486
2489
2495
2499
2503
2509
2512
2518
2521
2527
2531
2535
2541
2544
2550
2553
2559
2563
2567
2573
2576
2582
2585
2591
2595
2599
2605
2608
2614
2617
2623
2627
2631
2637
2640
2646
2649
2655
2659
2663
2669
2672
2678
2681
2687
2691
2695
2701
2704
2710
2713
2719
2723
2727
2733
2736
2742
2745
2751
2755
2759
2765
2768
2774
2777
2783
2787
2791
2797
2800
2806
2809
2815
2819
2823
2829
2848
2866
2885
2903
2923
2940
2960
2978
2997
3015
3034
3052
3072
3089
3109
3127
3146
3164
3184
3201
3221
3226
3230
3236
3240
3246
3250
3256
3260
3266
3270
3275
3279
3285
3289
3295
3299
3305
3309
3315
3319
3324
3328
3334
3338
3344
3348
3354
3358
3364
3368
3373
3377
3383
3387
3393
3397
3403
3407
3413
3417
3422
3426
3432
3436
3442
3446
3452
3456
3462
3466
3471
3475
3481
3485
3491
3495
3501
3505
3511
3515
3521
3524
3530
3534
3540
3544
3550
3554
3560
3564
3570
3573
3579
3583
3589
3593
3599
3603
3607
3610
3615
3618
3622
3625
3630
3633
3637
3640
3645
3648
3653
3655
3660
3663
3668
3670
3675
3678
3683
3685
3690
3693
3698
3701
3705
3708
3713
3716
3720
3723
3728
3731
3735
3738
3743
3746
3751
3753
3758
3761
3766
3768
3773
3776
3781
3783
3788
3791
3796
3799
3803
3806
3811
3814
3818
3821
3826
3829
3833
3836
3841
3844
3849
3851
3856
3859
3864
3866
3871
3874
3879
3881
3886
3889
3894
3897
3901
3904
3909
3912
3916
3919
3924
3927
3931
3934
3939
3942
3947
3949
3954
3957
3962
3964
3969
3972
3977
3980
3984
3987
3992
3995
3999
4002
4007
4010
4014
4017
4024
4029
4036
4041
4048
4053
4060
4065
4072
4077
4084
4089
4096
4101
4108
4113
4120
4125
4132
4137
4144
4149
4156
4161
4168
4173
4180
4185
4192
4197
4204
4209
4216
4221
4228
4233
4240
4245
4252
4257
4264
4269
4276
4281
4288
4293
4300
4305
4312
4317
4324
4329
4336
4341
4348
4354
4361
4366
4373
4378
4385
4390
4397
4402
4409
4414
4421
4426
4433
4437
4440
4445
4447
4452
4455
4459
4462
4467
4469
4474
4477
4481
4484
4489
4491
4496
4499
4503
4506
4511
4513
4518
4521
4526
4528
4533
4536
4540
4543
4548
4550
4555
4558
4562
4565
4570
4572
4577
4580
4584
4587
4592
4594
4599
4602
4607
4609
4614
4617
4621
4624
4629
4631
4636
4639
4643
4646
4651
4653
4658
4661
4665
4668
4673
4675
4680
4683
4687
4690
4695
4698
4702
4705
4710
4712
4717
4720
4724
4727
4732
4734
4739
4742
4746
4749
4754
4756
4761
4764
4768
4771
4776
4779
4783
4786
4791
4793
4798
4801
4805
4808
4813
4815
4820
4823
4827
4830
4835
4837
4842
4845
4849
4852
4857
4861
4867
4871
4876
4880
4886
4890
4896
4899
4905
4909
4915
4919
4924
4928
4934
4938
4944
4947
4953
4957
4963
4967
4972
4976
4982
4986
4992
4995
5001
5005
5011
5015
5020
5024
5030
5034
5040
5043
5049
5053
5059
5063
5068
5072
5078
5082
5088
5091
5097
5101
5107
5111
5116
5120
5126
5130
5136
5139
5145
5149
5155
5159
5164
5168
5174
5178
5184
5187
5193
5197
5203
5207
5212
5216
5222
5226
5233
5239
5247
5253
5261
5267
5274
5280
5288
5294
5302
5308
5316
5321
5329
5335
5343
5349
5357
5363
5370
5376
5384
5390
5398
5404
5412
5417
5425
5431
5439
5445
5453
5459
5466
5472
5480
5486
5494
5500
5507
5513
5521
5527
5535
5541
5549
5554
5562
5568
5576
5582
5590
5596
5603
5609
5617
5623
5629
5634
5641
5646
5653
5658
5665
5670
5677
5682
5689
5694
5701
5705
5712
5717
5724
5729
5736
5741
5748
5753
5760
5765
5772
5777
5783
5788
5795
5800
5807
5812
5819
5824
5831
5836
5843
5848
5855
5860
5866
5871
5878
5883
5890
5895
5902
5907
5914
5919
5926
5931
5938
5943
5948
5955
5960
5967
5972
5979
5984
5991
5996
6003
6008
6015
6020
6026
6031
6038
6043
6050
6055
6062
6068
6075
6080
6088
6093
6100
6106
6113
6118
6125
6131
6138
6143
6151
6156
6163
6169
6176
6181
6188
6194
6201
6206
6214
6219
6226
6232
6239
6244
6251
6257
6264
6269
6277
6282
6289
6295
6302
6307
6315
6320
6327
6332
6340
6345
6352
6358
6365
6370
6378
6383
6390
6395
6403
6408
6415
6421
6428
6433
6441
6446
6453
6459
6467
6473
6481
6487
6495
6501
6509
6515
6523
6529
6537
6543
6551
6557
6565
6571
6579
6585
6593
6599
6606
6612
6620
6626
6634
6640
6648
6654
6662
6668
6676
6682
6690
6696
6704
6710
6718
6724
6732
6738
6746
6752
6760
6766
6772
6780
6786
6794
6800
6808
6814
6822
6828
6836
6842
6850
6855
6858
6863
6866
6871
6875
6879
6884
6887
6892
6895
6900
6904
6909
6912
6917
6920
6925
6929
6934
6937
6942
6945
6950
6954
6959
6962
6967
6970
6975
6979
6984
6987
6992
6995
7000
7004
7009
7012
7017
7020
7025
7029
7034
7037
7042
7045
7050
7054
7059
7062
7067
7070
7075
7079
7084
7087
7092
7095
7100
7104
7109
7112
7117
7120
7125
7129
7134
7137
7142
7145
7150
7154
7159
7162
7167
7170
7175
7179
7184
7187
7192
7195
7200
7204
7209
7212
7217
7220
7225
7229
7234
7237
7242
7245
7250
7254
7259
7262
7267
7270
7275
7279
7284
7287
7292
7295
7300
7304
7309
7312
7317
7320
7325
7329
7334
7337
7342
7345
7351
7356
7363
7368
7374
7379
7386
7391
7397
7402
7409
7414
7421
7425
7432
7437
7444
7448
7455
7460
7467
7472
7478
7483
7490
7495
7501
7506
7513
7518
7525
7529
7536
7541
7548
7552
7559
7564
7571
7575
7582
7587
7594
7599
7605
7610
7617
7622
7628
7633
7640
7645
7652
7656
7663
7668
7675
7679
7686
7691
7698
7703
7709
7714
7721
7726
7732
7737
7744
7749
7756
7760
7767
7772
7779
7783
7789
7794
7801
7806
7813
7818
7825
7829
7836
7841
7848
7853
7860
7865
7871
7876
7883
7888
7895
7900
7907
7912
7918
7923
7930
7935
7942
7947
7954
7958
7965
7970
7977
7982
7989
7994
8001
8005
8012
8017
8024
8029
8036
8041
8047
8052
8059
8064
8071
8076
8083
8087
8094
8099
8106
8111
8118
8123
8130
8134
8141
8146
8153
8158
8165
8170
8176
8181
8188
8193
8200
8205
8212
8217
8223
8228
8235
8244
8252
8261
8269
8278
8286
8296
8303
8313
8320
8330
8338
8347
8355
8364
8372
8381
8389
8399
8406
8416
8423
8433
8441
8450
8458
8467
8475
8484
8492
8502
8509
8519
8526
8536
8544
8553
8561
8570
8578
8587
8595
8605
8612
8622
8629
8639
8647
8656
8664
8670
8675
8682
8687
8694
8699
8706
8711
8717
8722
8729
8734
8741
8746
8753
8758
8764
8769
8776
8781
8788
8793
8800
8805
8811
8816
8823
8828
8835
8840
8847
8852
8859
8863
8870
8875
8882
8887
8894
8899
8906
8910
8917
8922
8929
8934
8941
8946
8953
8957
8964
8969
8976
8981
8988
8993
9000
9005
9011
9016
9023
9028
9035
9040
9047
9052
9058
9063
9070
9075
9082
9087
9094
9099
9105
9110
9114
9117
9122
9125
9130
9132
9137
9140
9145
9148
9152
9155
9160
9163
9168
9170
9175
9178
9183
9186
9190
9193
9198
9201
9206
9209
9213
9216
9221
9224
9229
9231
9236
9239
9244
9247
9251
9254
9259
9262
9267
9270
9273
9278
9281
9286
9289
9293
9296
9301
9304
9309
9311
9316
9319
9324
9327
9331
9334
9339
9342
9347
9350
9353
9358
9361
9366
9369
9373
9376
9381
9384
9389
9391
9396
9399
9404
9407
9411
9414
9419
9422
9427
9430
9433
9438
9441
9446
9449
9453
9456
9461
9464
9469
9471
9476
9479
9484
9487
9491
9494
9499
9502
9507
9510
9513
9518
9521
9526
9529
9533
9536
9541
9544
9549
9551
9556
9559
9564
9567
9571
9574
9579
9582
9587
9590
9593
9598
9601
9606
9610
9615
9619
9624
9628
9633
9637
9642
9646
9651
9655
9661
9664
9670
9673
9679
9682
9688
9691
9697
9700
9706
9710
9715
9719
9724
9728
9733
9737
9742
9746
9751
9755
9761
9764
9770
9773
9779
9782
9788
9791
9797
9800
9806
9810
9815
9819
9824
9828
9833
9837
9842
9846
9851
9855
9860
9864
9870
9873
9879
9882
9888
9891
9897
9900
9906
9909
9915
9919
9924
9928
9933
9937
9942
9946
9951
9955
9960
9964
9970
9973
9979
9982
9988
9991
9997
10000
10006
10009
10015
10019
10024
10028
10033
10037
10042
10046
10051
10055
10058
10063
10066
10070
10073
10078
10081
10086
10088
10093
10096
10101
10103
10108
10111
10116
10119
10123
10126
10131
10134
10138
10141
10146
10149
10154
10156
10161
10164
10169
10171
10176
10179
10184
10187
10191
10194
10199
10202
10206
10209
10214
10217
10222
10224
10229
10232
10237
10239
10244
10247
10252
10255
10259
10262
10267
10270
10274
10277
10282
10285
10290
10292
10297
10300
10305
10308
10312
10315
10320
10323
10327
10330
10335
10338
10343
10345
10350
10353
10358
10360
10365
10368
10373
10376
10380
10383
10388
10391
10395
10398
10403
10406
10411
10413
10418
10421
10426
10428
10433
10436
10441
10444
10448
10451
10456
10459
10463
10466
10471
10474
10479
10481
10486
10489
10494
10496
10501
10504
10509
10512
10516
10519
10524
10527
10531
10534
10539
10544
10548
10553
10557
10563
10566
10572
10576
10581
10585
10591
10594
10600
10604
10609
10613
10619
10622
10628
10632
10637
10641
10647
10650
10656
10660
10665
10669
10675
10678
10684
10688
10693
10697
10703
10706
10712
10716
10721
10725
10731
10734
10740
10744
10749
10753
10759
10762
10768
10772
10777
10781
10786
10790
10796
10799
10805
10809
10814
10818
10824
10827
10833
10837
10842
10846
10852
10855
10861
10865
10870
10874
10880
10883
10889
10893
10898
10902
10908
10911
10917
10921
10926
10930
10936
10939
10945
10949
10954
10958
10964
10967
10973
10987
11000
11015
11028
11043
11055
11070
11083
11098
11111
11126
11138
11153
11166
11181
11194
11209
11221
11236
11249
11264
11277
11291
11304
11319
11332
11347
11360
11374
11387
11402
11415
11421
11425
11431
11435
11441
11445
11451
11455
11461
11465
11471
11475
11481
11485
11491
11495
11501
11505
11511
11515
11521
11525
11531
11535
11541
11545
11552
11556
11562
11566
11572
11576
11582
11586
11592
11596
11602
11606
11612
11616
11622
11626
11632
11636
11642
11646
11652
11656
11662
11666
11672
11676
11683
11687
11693
11697
11703
11707
11713
11717
11723
11727
11733
11737
11743
11747
11753
11757
11763
11767
11773
11777
11783
11787
11793
11797
11803
11807
11813
11818
11824
11828
11834
11838
11844
11848
11854
11858
11864
11868
11874
11878
11884
11888
11894
11901
11906
11913
11918
11925
11930
11937
11942
11949
11954
11961
11967
11974
11979
11986
11991
11998
12003
12010
12015
12022
12027
12035
12040
12047
12052
12059
12064
12071
12076
12083
12088
12095
12101
12108
12113
12120
12125
12132
12137
12144
12149
12156
12161
12168
12174
12181
12186
12193
12198
12205
12210
12217
12222
12229
12234
12242
12247
12254
12259
12266
12271
12278
12283
12290
12295
12302
12308
12315
12320
12327
12332
12339
12344
12351
12356
12363
12368
12375
12381
12388
12393
12397
12402
12406
12411
12415
12420
12424
12429
12433
12438
12442
12447
12451
12456
12460
12465
12469
12474
12478
12483
12487
12492
12496
12502
12505
12511
12514
12520
12523
12529
12532
12538
12541
12547
12550
12556
12559
12565
12568
12574
12577
12583
12586
12592
12595
12601
12605
12610
12614
12619
12623
12628
12632
12637
12641
12646
12650
12655
12659
12664
12668
12673
12677
12682
12686
12691
12695
12700
12704
12710
12713
12719
12722
12728
12731
12737
12740
12746
12749
12755
12758
12764
12767
12773
12776
12782
12785
12791
12794
12800
12803
12809
12813
12818
12825
12831
12838
12844
12851
12857
12864
12870
12877
12883
12890
12896
12903
12909
12916
12922
12929
12935
12942
12948
12955
12961
12968
12974
12981
12987
12994
13000
13007
13013
13020
13026
13033
13039
13046
13052
13059
13065
13072
13078
13085
13091
13098
13104
13112
13117
13125
13130
13138
13143
13151
13156
13164
13169
13177
13182
13190
13195
13203
13208
13216
13221
13229
13241
13252
13264
13275
13287
13298
13310
13321
13333
13344
13356
13367
13379
13390
13402
13413
13425
13436
13448
13459
13471
13482
13494
13505
13517
13528
13540
13551
13563
13574
13586
13597
13609
13613
13616
13621
13624
13628
13631
13636
13639
13644
13646
13651
13654
13659
13661
13666
13669
13674
13677
13681
13684
13689
13692
13697
13699
13704
13707
13712
13714
13719
13722
13727
13730
13734
13737
13742
13745
13750
13752
13757
13760
13765
13767
13772
13775
13780
13783
13787
13790
13795
13798
13803
13805
13810
13813
13818
13820
13825
13828
13833
13836
13840
13843
13848
13851
13856
13858
13863
13866
13871
13873
13878
13881
13886
13889
13893
13896
13901
13904
13909
13911
13916
13919
13924
13926
13931
13934
13939
13942
13946
13949
13954
13957
13962
13964
13969
13972
13977
13979
13984
13987
13992
13995
13999
14002
14007
14010
14015
14017
14022
14025
14030
14032
14037
14040
14045
14048
14052
14055
14060
14063
14068
14070
14075
14078
14083
14087
14090
14095
14098
14103
14106
14111
14114
14119
14122
14127
14130
14135
14138
14143
14145
14150
14153
14158
14161
14166
14169
14174
14177
14182
14185
14190
14193
14198
14201
14206
14208
14213
14216
14221
14224
14229
14232
14237
14240
14245
14248
14253
14256
14261
14264
14268
14271
14276
14279
14284
14287
14292
14295
14300
14303
14308
14311
14316
14319
14324
14327
14331
14334
14339
14342
14347
14350
14355
14358
14363
14366
14371
14374
14379
14382
14387
14389
14394
14397
14402
14405
14410
14413
14418
14421
14426
14429
14434
14437
14442
14445
14450
14452
14457
14460
14465
14468
14473
14476
14481
14484
14489
14492
14497
14500
14506
14511
14517
14522
14528
14533
14539
14544
14551
14555
14562
14566
14573
14577
14584
14588
14595
14600
14606
14611
14617
14622
14628
14633
14639
14644
14651
14655
14662
14666
14673
14677
14684
14688
14695
14700
14706
14711
14717
14722
14728
14733
14739
14744
14751
14755
14762
14766
14773
14777
14784
14789
14795
14800
14806
14811
14817
14822
14828
14833
14840
14844
14851
14855
14862
14866
14873
14877
14884
14889
14895
14900
14906
14911
14917
14922
14928
14933
14940
14948
14954
14963
14969
14977
14984
14992
14999
15007
15013
15022
15028
15037
15043
15051
15058
15066
15073
15081
15087
15096
15102
15110
15117
15125
15132
15140
15146
15155
15161
15170
15176
15184
15191
15199
15206
15214
15220
15229
15235
15243
15250
15258
15265
15273
15279
15288
15294
15303
15309
15317
15324
15332
15339
15347
15353
15362
15368
15376
15383
15391
15398
15403
15407
15413
15417
15423
15426
15432
15436
15442
15446
15452
15455
15461
15465
15471
15475
15481
15484
15490
15494
15500
15504
15509
15513
15519
15523
15529
15533
15538
15542
15548
15552
15558
15562
15567
15571
15577
15581
15587
15591
15596
15600
15606
15610
15616
15619
15625
15629
15635
15639
15645
15648
15654
15658
15664
15668
15674
15677
15683
15687
15693
15697
15702
15706
15712
15716
15722
15726
15731
15735
15741
15745
15751
15755
15760
15764
15770
15774
15780
15784
15789
15793
15799
15803
15809
15812
15818
15822
15828
15832
15838
15841
15853
15864
15876
15887
15899
15910
15923
15933
15946
15956
15969
15979
15992
16003
16015
16026
16038
16049
16062
16072
16085
16095
16108
16118
16131
16142
16154
16165
16177
16188
16201
16211
16224
16234
16247
16257
16265
16275
16283
16293
16301
16311
16319
16329
16338
16348
16356
16366
16374
16384
16392
16402
16410
16420
16429
16439
16447
16457
16465
16475
16483
16493
16501
16512
16520
16530
16538
16548
16556
16566
16574
16584
16592
16603
16611
16621
16629
16637
16643
16651
16658
16666
16672
16681
16687
16695
16702
16710
16716
16724
16731
16739
16745
16754
16760
16768
16775
16783
16789
16797
16804
16812
16818
16827
16833
16841
16848
16856
16862
16871
16877
16885
16891
16900
16906
16914
16921
16929
16935
16944
16950
16958
16964
16973
16979
16987
16994
17002
17008
17017
17023
17031
17038
17046
17052
17060
17067
17075
17081
17086
17092
17097
17104
17108
17115
17120
17126
17131
17137
17142
17149
17153
17160
17165
17171
17176
17182
17187
17194
17198
17205
17210
17216
17221
17227
17232
17239
17243
17250
17255
17261
17266
17272
17277
17284
17288
17295
17300
17306
17311
17317
17322
17329
17333
17340
17345
17351
17356
17362
17367
17374
17378
17385
17390
17396
17401
17407
17412
17419
17423
17430
17435
17441
17448
17453
17461
17466
17473
17479
17486
17491
17499
17504
17511
17517
17524
17529
17537
17542
17549
17555
17562
17567
17575
17580
17588
17593
17600
17606
17613
17618
17626
17631
17638
17644
17651
17656
17664
17669
17676
17682
17689
17694
17702
17707
17715
17720
17727
17733
17740
17745
17753
17758
17765
17771
17778
17783
17791
17796
17803
17809
17816
17821
17829
17834
17841
17847
17854
17860
17867
17872
17880
17885
17892
17898
17905
17910
17918
17923
17927
17930
17935
17937
17942
17945
17949
17952
17957
17960
17964
17967
17972
17974
17979
17982
17987
17989
17994
17997
18001
18004
18009
18012
18016
18019
18024
18026
18031
18034
18039
18041
18046
18049
18053
18056
18061
18064
18068
18071
18076
18078
18083
18086
18091
18093
18098
18101
18105
18108
18113
18116
18120
18123
18128
18130
18135
18138
18143
18145
18150
18153
18157
18160
18165
18168
18172
18175
18180
18182
18187
18190
18195
18197
18202
18205
18209
18212
18217
18220
18224
18227
18232
18234
18239
18242
18247
18249
18254
18257
18261
18264
18269
18272
18276
18279
18284
18286
18291
18294
18298
18301
18306
18309
18313
18316
18321
18323
18328
18331
18336
18338
18343
18346
18350
18353
18358
18361
18365
18368
18373
18375
18380
18383
18388
18393
18396
18402
18405
18411
18414
18419
18423
18428
18432
18437
18440
18446
18449
18455
18458
18463
18467
18472
18476
18481
18484
18490
18493
18499
18502
18507
18511
18516
18520
18525
18528
18534
18537
18543
18546
18551
18555
18560
18564
18569
18572
18578
18581
18587
18590
18595
18599
18604
18608
18613
18616
18622
18625
18631
18634
18640
18643
18648
18652
18657
18661
18666
18669
18675
18678
18684
18687
18692
18696
18701
18705
18710
18713
18719
18722
18728
18731
18736
18740
18745
18749
18754
18757
18763
18766
18772
18775
18780
18784
18789
18793
18798
18801
18807
18810
18816
18828
18838
18850
18860
18872
18882
18894
18904
18916
18926
18938
18949
18961
18971
18983
18993
19005
19015
19027
19037
19049
19059
19072
19082
19094
19104
19116
19126
19138
19148
19160
19170
19182
19193
19205
19211
19215
19221
19225
19231
19235
19241
19245
19251
19255
19262
19266
19272
19276
19282
19286
19292
19296
19302
19306
19313
19317
19323
19327
19333
19337
19343
19347
19353
19357
19363
19368
19374
19378
19384
19388
19394
19398
19404
19408
19414
19419
19425
19429
19435
19439
19445
19449
19455
19459
19465
19469
19476
19480
19486
19490
19496
19500
19506
19510
19516
19520
19527
19531
19537
19541
19547
19551
19557
19561
19567
19571
19577
19582
19588
19592
19598
19602
19608
19612
19618
19622
19628
19633
19639
19645
19650
19656
19661
19667
19672
19678
19683
19689
19694
19700
19705
19711
19716
19722
19727
19733
19738
19744
19749
19755
19760
19766
19771
19777
19782
19788
19793
19799
19804
19810
19815
19821
19826
19832
19837
19843
19848
19854
19859
19865
19870
19877
19881
19888
19892
19899
19903
19910
19914
19921
19925
19932
19936
19943
19947
19954
19958
19965
19969
19976
19980
19987
19991
19998
20002
20009
20013
20020
20024
20031
20035
20042
20046
20053
20057
20064
20068
20075
20081
20089
20095
20103
20108
20116
20122
20130
20136
20144
20149
20157
20163
20171
20177
20185
20190
20198
20204
20212
20218
20226
20231
20239
20245
20253
20259
20267
20272
20280
20286
20294
20300
20308
20313
20321
20327
20335
20341
20349
20354
20362
20368
20376
20382
20390
20395
20403
20409
20417
20423
20430
20436
20444
20450
20458
20464
20471
20477
20485
20491
20499
20505
20512
20518
20526
20532
20540
20546
20553
20559
20568
20576
20586
20594
20604
20611
20621
20629
20639
20647
20656
20664
20674
20682
20692
20700
20709
20717
20727
20735
20745
20752
20762
20770
20780
20788
20798
20805
20815
20823
20833
20841
20850
20858
20868
20876
20886
20894
20903
20911
20921
20929
20939
20946
20956
20964
20974
20982
20992
20996
20999
21004
21007
21011
21014
21019
21022
21026
21029
21034
21037
21041
21044
21049
21052
21056
21059
21064
21067
21071
21074
21079
21082
21086
21089
21094
21097
21101
21104
21109
21112
21117
21119
21124
21127
21132
21134
21139
21142
21147
21149
21154
21157
21162
21164
21169
21172
21177
21179
21184
21187
21192
21194
21199
21202
21207
21209
21214
21217
21222
21225
21229
21232
21237
21240
21244
21247
21252
21255
21259
21262
21267
21270
21274
21277
21282
21285
21289
21292
21297
21300
21304
21307
21312
21315
21319
21322
21327
21330
21334
21337
21342
21345
21350
21352
21357
21360
21365
21367
21372
21375
21380
21382
21387
21390
21395
21397
21402
21405
21410
21412
21417
21420
21425
21427
21432
21435
21440
21442
21447
21450
21455
21458
21462
21465
21470
21473
21477
21480
21484
21487
21492
21495
21500
21503
21508
21511
21516
21519
21524
21527
21532
21535
21540
21543
21548
21551
21556
21558
21563
21566
21571
21574
21579
21582
21587
21590
21595
21598
21603
21606
21611
21614
21619
21622
21627
21630
21635
21637
21642
21645
21650
21653
21658
21661
21666
21669
21674
21677
21682
21685
21690
21693
21698
21701
21706
21709
21714
21716
21721
21724
21729
21732
21737
21740
21745
21748
21753
21756
21761
21764
21769
21772
21777
21780
21785
21788
21793
21795
21800
21803
21808
21811
21816
21819
21824
21827
21832
21835
21840
21843
21848
21851
21856
21859
21864
21867
21872
21874
21879
21882
21887
21890
21895
21898
21903
21906
21911
21917
21922
21928
21933
21939
21944
21950
21955
21962
21966
21973
21977
21984
21988
21995
22000
22006
22011
22017
22022
22028
22033
22039
22044
22051
22055
22062
22066
22073
22077
22084
22089
22095
22100
22106
22111
22117
22122
22128
22133
22140
22144
22151
22155
22162
22166
22173
22178
22184
22189
22195
22200
22206
22211
22217
22222
22229
22233
22240
22244
22251
22255
22262
22267
22273
22278
22284
22289
22295
22300
22306
22311
22318
22322
22329
22333
22340
22344
22350
22355
22362
22366
22373
22378
22385
22389
22396
22401
22407
22412
22419
22424
22430
22435
22442
22447
22453
22458
22465
22469
22476
22481
22488
22492
22499
22504
22510
22515
22522
22527
22533
22538
22545
22550
22556
22561
22568
22572
22579
22584
22591
22595
22602
22607
22613
22618
22625
22630
22636
22641
22648
22653
22659
22664
22671
22675
22682
22687
22694
22698
22705
22710
22716
22721
22728
22733
22739
22744
22751
22756
22762
22767
22774
22778
22785
22790
22797
22801
22808
22815
22821
22829
22835
22843
22849
22857
22863
22871
22877
22885
22891
22899
22905
22913
22919
22926
22932
22940
22946
22954
22960
22968
22974
22982
22988
22996
23002
23010
23016
23024
23030
23038
23043
23051
23057
23065
23071
23079
23085
23093
23099
23107
23113
23121
23127
23135
23141
23149
23155
23162
23168
23176
23182
23190
23196
23204
23210
23218
23224
23232
23238
23246
23252
23260
23266
23274
23280
23288
23294
23302
23308
23316
23322
23330
23336
23344
23350
23358
23364
23372
23378
23386
23392
23400
23406
23414
23420
23428
23434
23442
23448
23456
23462
23470
23476
23484
23490
23498
23504
23512
23518
23526
23532
23540
23546
23554
23560
23568
23574
23582
23588
23596
23602
23610
23616
23624
23630
23638
23644
23652
23658
23666
23676
23684
23695
23703
23713
23722
23732
23740
23751
23759
23769
23778
23788
23796
23807
23815
23826
23834
23844
23853
23863
23871
23882
23890
23900
23909
23919
23927
23938
23946
23956
23965
23975
23984
23994
24002
24013
24021
24031
24037
24042
24049
24054
24061
24066
24073
24077
24084
24089
24096
24101
24108
24113
24120
24124
24131
24136
24143
24148
24155
24160
24167
24171
24178
24183
24190
24195
24202
24207
24213
24218
24225
24230
24237
24242
24249
24254
24260
24265
24272
24277
24284
24289
24296
24301
24307
24312
24319
24324
24331
24336
24343
24348
24354
24359
24366
24371
24378
24383
24390
24394
24401
24406
24409
24414
24417
24422
24426
24431
24434
24439
24442
24447
24451
24456
24459
24464
24467
24472
24476
24481
24484
24489
24492
24497
24501
24506
24509
24514
24517
24522
24526
24531
24534
24539
24542
24547
24551
24556
24559
24564
24567
24572
24576
24581
24584
24589
24592
24597
24601
24606
24609
24614
24617
24622
24626
24631
24634
24639
24642
24647
24651
24656
24659
24664
24667
24672
24676
24681
24684
24689
24692
24697
24701
24706
24709
24714
24717
24722
24726
24731
24734
24739
24742
24747
24751
24756
24759
24764
24767
24772
24776
24783
24788
24795
24800
24807
24812
24819
24824
24831
24836
24843
24848
24856
24861
24868
24873
24880
24885
24892
24897
24904
24909
24916
24921
24929
24934
24941
24946
24953
24958
24965
24970
24977
24982
24989
24994
25002
25007
25014
25019
25026
25031
25038
25043
25050
25055
25062
25067
25075
25080
25087
25092
25099
25104
25111
25116
25123
25128
25135
25140
25148
25153
25160
25165
25172
25177
25184
25189
25196
25201
25208
25213
25220
25226
25233
25238
25255
25271
25289
25305
25323
25338
25356
25372
25390
25406
25424
25439
25457
25473
25491
25507
25525
25540
25558
25574
25592
25608
25626
25641
25659
25667
25674
25682
25689
25697
25704
25713
25719
25728
25734
25743
25749
25758
25765
25773
25780
25788
25795
25803
25810
25819
25825
25834
25840
25849
25855
25864
25871
25879
25886
25894
25901
25909
25916
25925
25931
25940
25946
25955
25962
25970
25977
25985
25992
26000
26007
26016
26022
26031
26037
26046
26052
26061
26068
26076
26083
26091
26098
26106
26120
26132
26146
26158
26172
26184
26198
26210
26224
26236
26250
26262
26276
26288
26302
26314
26328
26340
26354
26366
26380
26392
26406
26418
26432
26444
26458
26470
26484
26496
26510
26522
26536
26548
26562
26575
26589
26602
26616
26629
26643
26656
26670
26683
26697
26710
26724
26737
26751
26764
26778
26791
26806
26818
26833
26845
26860
26872
26887
26899
26914
26926
26941
26953
26971
26988
27006
27023
27042
27058
27077
27093
27112
27129
27147
27164
27183
27199
27218
27234
27253
27270
27288
27305
27324
27340
27347
27352
27359
27364
27371
27376
27383
27388
27395
27400
27407
27412
27419
27424
27431
27436
27443
27448
27455
27460
27467
27472
27479
27484
27491
27496
27503
27508
27515
27520
27527
27532
27539
27544
27551
27556
27564
27569
27576
27581
27588
27593
27600
27605
27612
27617
27624
27629
27636
27641
27648
27653
27660
27665
27672
27677
27684
27689
27696
27701
27708
27713
27720
27725
27732
27737
27744
27750
27754
27761
27765
27772
27776
27782
27787
27793
27798
27804
27809
27815
27819
27826
27830
27837
27841
27847
27852
27858
27863
27869
27874
27880
27884
27891
27895
27902
27906
27912
27917
27923
27928
27934
27939
27945
27949
27956
27960
27967
27971
27977
27982
27988
27993
27999
28004
28010
28014
28021
28025
28032
28036
28042
28047
28053
28058
28064
28069
28075
28079
28086
28090
28097
28101
28107
28112
28118
28123
28129
28134
28140
28144
28151
28155
28162
28166
28172
28177
28183
28188
28194
28199
28205
28209
28216
28220
28227
28231
28238
28243
28247
28253
28257
28263
28267
28273
28277
28283
28287
28293
28296
28302
28306
28312
28316
28322
28326
28332
28336
28342
28346
28351
28355
28361
28365
28371
28375
28381
28385
28391
28395
28401
28405
28410
28414
28420
28424
28430
28434
28440
28444
28450
28454
28460
28463
28469
28473
28479
28483
28489
28493
28499
28503
28509
28513
28518
28522
28528
28532
28538
28542
28548
28552
28558
28562
28568
28572
28577
28581
28587
28591
28597
28601
28606
28609
28614
28617
28622
28625
28630
28633
28638
28641
28646
28649
28654
28658
28663
28666
28671
28674
28679
28682
28687
28690
28695
28698
28703
28706
28712
28715
28720
28723
28728
28731
28736
28739
28744
28747
28752
28755
28760
28763
28769
28772
28777
28780
28785
28788
28793
28796
28801
28804
28809
28812
28817
28821
28826
28829
28834
28837
28842
28845
28850
28853
28858
28861
28866
28869
28875
28878
28883
28886
28891
28894
28899
28902
28907
28910
28915
28918
28923
28926
28932
28935
28940
28943
28948
28951
28956
28959
28964
28967
28972
28975
28980
28984
28989
28992
28997
29000
29005
29008
29013
29016
29021
29024
29029
29032
29037
29041
29046
29049
29054
29057
29066
29074
29083
29091
29101
29108
29118
29125
29135
29143
29152
29160
29169
29177
29187
29194
29204
29212
29221
29229
29238
29246
29256
29263
29273
29280
29290
29298
29307
29315
29325
29332
29342
29349
29359
29367
29376
29384
29393
29401
29411
29418
29428
29436
29445
29453
29462
29470
29480
29487
29497
29504
29514
29522
29531
29539
29549
29555
29559
29565
29570
29576
29580
29586
29591
29597
29601
29608
29612
29618
29622
29629
29633
29639
29644
29650
29654
29660
29665
29671
29675
29682
29686
29692
29696
29703
29707
29713
29718
29724
29728
29734
29739
29745
29749
29756
29760
29766
29770
29777
29781
29787
29792
29798
29802
29808
29813
29819
29823
29830
29834
29840
29844
29851
29855
29861
29866
29872
29876
29882
29887
29893
29897
29904
29908
29914
29918
29925
29929
29935
29940
29946
29950
29956
29961
29967
29971
29978
29982
29988
29992
29999
30005
30009
30015
30019
30025
30029
30035
30039
30045
30049
30055
30059
30065
30069
30075
30079
30085
30089
30095
30099
30105
30109
30115
30119
30125
30129
30135
30139
30145
30149
30155
30159
30165
30169
30175
30179
30185
30189
30195
30199
30205
30209
30215
30219
30225
30229
30235
30239
30245
30249
30255
30259
30265
30269
30275
30279
30285
30289
30295
30299
30305
30309
30315
30319
30325
30329
30335
30339
30345
30349
30355
30359
30365
30369
30375
30379
30385
30389
30395
30399
30405
30409
30415
30419
30425
30429
30435
30439
30445
30449
30455
30461
30466
30472
30477
30484
30488
30495
30499
30506
30511
30517
30522
30528
30533
30540
30544
30551
30555
30562
30567
30573
30578
30584
30589
30596
30600
30607
30611
30618
30623
30629
30634
30640
30645
30652
30656
30663
30667
30674
30679
30685
30690
30697
30701
30708
30712
30719
30724
30730
30735
30741
30746
30753
30757
30764
30768
30775
30780
30786
30791
30797
30802
30809
30813
30820
30824
30831
30836
30842
30847
30853
30858
30865
30869
30876
30880
30887
30892
30898
30903
30914
30923
30934
30943
30954
30963
30974
30984
30995
31004
31015
31024
31035
31044
31056
31065
31076
31085
31096
31105
31116
31125
31137
31146
31157
31166
31177
31186
31197
31207
31218
31227
31238
31247
31258
31267
31278
31288
31299
31317
31333
31351
31368
31386
31402
31420
31437
31455
31471
31489
31506
31524
31540
31558
31575
31593
31609
31628
31644
31662
31678
31697
31713
31731
31747
31766
31782
31800
31806
31811
31818
31823
31829
31834
31841
31846
31852
31857
31864
31869
31875
31880
31887
31892
31898
31903
31910
31915
31922
31926
31933
31938
31945
31949
31956
31961
31968
31972
31979
31984
31991
31995
32002
32007
32014
32019
32025
32030
32037
32042
32048
32053
32060
32065
32071
32076
32083
32088
32094
32099
32106
32111
32118
32122
32129
32134
32141
32145
32152
32157
32164
32168
32175
32180
32187
32191
32198
32203
32210
32214
32221
32226
32233
32240
32245
32252
32257
32264
32270
32277
32282
32289
32294
32301
32307
32314
32319
32326
32331
32339
32344
32351
32356
32363
32368
32376
32381
32388
32393
32400
32406
32413
32418
32425
32430
32437
32443
32450
32455
32462
32467
32474
32480
32487
32492
32499
32504
32512
32517
32524
32529
32536
32541
32549
32554
32561
32566
32573
32579
32586
32591
32598
32603
32610
32616
32623
32628
32635
32640
32648
32653
32660
32665
32672
32682
32691
32702
32711
32722
32730
32741
32750
32761
32770
32781
32789
32800
32809
32820
32829
32839
32848
32859
32868
32879
32888
32898
32907
32918
32927
32938
32946
32957
32966
32977
32986
32997
33005
33016
33025
33036
33045
33055
33064
33075
33084
33095
33104
33112
33119
33128
33135
33144
33151
33160
33167
33176
33183
33192
33198
33207
33214
33223
33230
33239
33246
33255
33262
33271
33278
33286
33293
33302
33309
33318
33325
33334
33341
33350
33357
33366
33372
33381
33388
33397
33404
33413
33420
33429
33436
33445
33452
33460
33467
33476
33483
33492
33499
33508
33515
33524
33531
33540
33546
33555
33562
33571
33578
33583
33587
33592
33596
33602
33605
33611
33615
33620
33624
33630
33633
33639
33643
33648
33652
33658
33661
33667
33671
33676
33680
33686
33689
33695
33699
33704
33708
33714
33717
33723
33727
33732
33736
33741
33745
33751
33754
33760
33764
33769
33773
33779
33782
33788
33792
33797
33801
33807
33810
33816
33820
33825
33829
33835
33838
33844
33848
33853
33857
33863
33866
33872
33876
33881
33885
33890
33894
33900
33903
33909
33913
33918
33922
33928
33931
33937
33941
33950
33957
33967
33974
33983
33991
34000
34007
34017
34024
34033
34041
34050
34057
34067
34074
34083
34091
34100
34107
34117
34124
34133
34141
34150
34157
34167
34174
34184
34191
34200
34208
34217
34224
34234
34241
34250
34258
34267
34274
34284
34291
34300
34308
34317
34324
34334
34341
34350
34358
34367
34372
34376
34382
34385
34391
34395
34401
34404
34410
34414
34419
34423
34429
34433
34438
34442
34448
34452
34457
34461
34467
34470
34476
34480
34486
34489
34495
34499
34505
34508
34514
34518
34523
34527
34533
34537
34542
34546
34552
34555
34561
34565
34571
34574
34580
34584
34590
34593
34599
34603
34608
34612
34618
34622
34627
34631
34637
34641
34646
34650
34656
34659
34665
34669
34675
34678
34684
34688
34693
34697
34703
34707
34712
34716
34722
34726
34731
34735
34741
34744
34750
34754
34760
34763
34769
34773
34779
34782
34788
34792
34801
34808
34817
34825
34834
34841
34850
34858
34867
34874
34884
34891
34900
34907
34917
34924
34933
34940
34950
34957
34966
34974
34983
34990
34999
35007
35016
35023
35032
35040
35049
35056
35066
35073
35082
35089
35099
35106
35115
35123
35132
35139
35148
35156
35165
35172
35181
35189
35198
35205
35215
35222
35231
35238
35248
35257
35267
35276
35286
35295
35305
35314
35324
35333
35344
35352
35363
35371
35382
35390
35401
35409
35420
35428
35439
35448
35458
35467
35477
35486
35496
35505
35515
35524
35534
35543
35554
35562
35573
35581
35592
35600
35611
35619
35630
35638
35649
35665
35680
35697
35711
35728
35743
35759
35774
35791
35806
35822
35837
35854
35868
35885
35900
35917
35931
35948
35963
35979
35994
36011
36025
36042
36057
36074
36088
36105
36120
36136
36145
36152
36162
36169
36179
36186
36195
36203
36212
36220
36229
36236
36246
36253
36263
36270
36279
36287
36296
36304
36313
36321
36330
36337
36347
36354
36364
36371
36380
36388
36397
36405
36414
36421
36431
36438
36448
36455
36464
36472
36481
36489
36498
36506
36515
36522
36532
36539
36549
36556
36565
36573
36582
36590
36599
36606
36616
36623
36629
36633
36640
36644
36650
36655
36661
36665
36672
36676
36682
36687
36693
36698
36704
36708
36715
36719
36725
36730
36736
36740
36747
36751
36758
36762
36768
36773
36779
36783
36790
36794
36800
36805
36811
36816
36822
36826
36833
36837
36843
36848
36854
36858
36865
36869
36876
36880
36886
36891
36897
36901
36908
36912
36918
36923
36929
36933
36940
36944
36951
36955
36961
36966
36972
36976
36983
36987
36993
36998
37004
37009
37015
37019
37026
37030
37043
37054
37067
37078
37091
37102
37115
37127
37140
37151
37164
37175
37188
37199
37213
37224
37237
37248
37261
37272
37285
37296
37310
37321
37334
37345
37358
37369
37382
37394
37407
37418
37424
37428
37434
37438
37444
37449
37455
37459
37465
37469
37476
37480
37486
37490
37496
37500
37507
37511
37517
37521
37527
37532
37538
37542
37548
37552
37558
37563
37569
37573
37579
37583
37590
37594
37600
37604
37610
37614
37621
37625
37631
37635
37641
37646
37652
37656
37662
37666
37672
37677
37683
37687
37693
37697
37704
37708
37714
37718
37724
37729
37735
37739
37745
37749
37755
37760
37766
37770
37776
37780
37787
37791
37797
37801
37807
37811
37818
37822
37828
37832
37838
37849
37858
37870
37879
37890
37900
37911
37920
37932
37941
37952
37962
37973
37982
37994
38003
38014
38024
38035
38044
38056
38065
38076
38086
38097
38106
38118
38127
38138
38148
38159
38169
38180
38189
38201
38210
38221
38231
38242
38251
38263
38272
38283
38293
38304
38313
38325
38330
38333
38338
38341
38346
38349
38354
38358
38363
38366
38371
38374
38379
38382
38388
38391
38396
38399
38404
38407
38412
38416
38421
38424
38429
38432
38437
38440
38446
38449
38454
38457
38462
38465
38470
38474
38479
38482
38487
38490
38495
38498
38503
38507
38512
38515
38520
38523
38528
38531
38537
38540
38545
38548
38553
38556
38561
38565
38570
38573
38578
38581
38586
38589
38595
38598
38603
38606
38611
38614
38619
38623
38628
38631
38636
38639
38644
38647
38653
38656
38661
38664
38669
38672
38677
38680
38686
38689
38694
38697
38702
38705
38710
38714
38719
38722
38727
38730
38735
38738
38744
38747
38752
38755
38760
38763
38768
38772
38777
38782
38785
38791
38794
38799
38803
38808
38811
38817
38820
38826
38829
38834
38838
38843
38846
38852
38855
38861
38864
38869
38873
38878
38881
38887
38890
38895
38899
38904
38908
38913
38916
38922
38925
38930
38934
38939
38943
38948
38951
38957
38960
38965
38969
38974
38978
38983
38986
38992
38995
39000
39004
39009
39012
39018
39021
39027
39030
39035
39039
39044
39047
39053
39056
39062
39065
39070
39074
39079
39082
39088
39091
39097
39100
39105
39109
39114
39117
39123
39126
39131
39135
39140
39144
39149
39152
39158
39161
39166
39170
39175
39179
39184
39187
39193
39198
39202
39207
39211
39217
39220
39226
39229
39235
39239
39244
39248
39253
39257
39263
39266
39272
39275
39281
39285
39290
39294
39299
39303
39309
39312
39318
39321
39327
39331
39336
39340
39345
39349
39355
39358
39364
39367
39373
39377
39382
39386
39392
39395
39401
39404
39410
39414
39419
39423
39428
39432
39438
39441
39447
39450
39456
39460
39465
39469
39474
39478
39484
39487
39493
39496
39502
39506
39511
39515
39520
39524
39530
39533
39539
39542
39548
39552
39557
39561
39566
39570
39576
39579
39585
39589
39594
39598
39603
39607
39613
39616
39622
39625
39631
39635
39640
39644
39649
39653
39659
39662
39667
39671
39676
39680
39685
39689
39694
39698
39703
39707
39712
39716
39721
39725
39730
39734
39739
39743
39748
39752
39757
39761
39766
39770
39775
39779
39784
39788
39793
39797
39802
39806
39811
39815
39820
39824
39829
39833
39838
39842
39847
39851
39856
39860
39866
39869
39875
39878
39884
39887
39893
39896
39902
39905
39911
39914
39920
39923
39929
39932
39938
39941
39947
39950
39956
39959
39965
39968
39974
39977
39983
39986
39992
39995
40001
40004
40010
40013
40019
40022
40028
40031
40037
40040
40046
40049
40055
40058
40064
40068
40073
40077
40082
40086
40091
40095
40100
40104
40109
40113
40118
40122
40127
40131
40136
40140
40145
40152
40158
40166
40172
40179
40185
40193
40199
40206
40212
40220
40226
40233
40239
40247
40253
40261
40266
40274
40280
40288
40293
40301
40307
40315
40320
40328
40334
40342
40348
40355
40361
40369
40375
40382
40388
40396
40402
40409
40415
40423
40429
40437
40442
40450
40456
40464
40469
40477
40483
40491
40496
40504
40510
40518
40522
40525
40530
40533
40537
40540
40545
40548
40552
40555
40560
40563
40567
40570
40575
40578
40582
40585
40590
40593
40598
40600
40605
40608
40613
40615
40620
40623
40628
40630
40635
40638
40643
40645
40650
40653
40658
40661
40665
40668
40673
40676
40680
40683
40688
40691
40695
40698
40703
40706
40710
40713
40718
40721
40726
40728
40733
40736
40741
40743
40748
40751
40756
40758
40763
40766
40771
40773
40778
40781
40786
40789
40793
40796
40801
40804
40808
40811
40816
40819
40823
40826
40831
40834
40838
40841
40846
40849
40854
40856
40861
40864
40869
40871
40876
40879
40884
40886
40891
40894
40899
40901
40906
40909
40914
40916
40921
40924
40929
40932
40936
40939
40944
40947
40951
40954
40959
40962
40966
40969
40974
40977
40982
40986
40992
40996
41001
41005
41011
41015
41020
41024
41030
41034
41040
41043
41049
41053
41059
41062
41068
41072
41078
41081
41087
41091
41097
41101
41106
41110
41116
41120
41125
41129
41135
41139
41144
41148
41154
41158
41164
41167
41173
41177
41183
41186
41192
41196
41202
41205
41211
41215
41221
41225
41230
41234
41240
41244
41249
41253
41259
41263
41268
41272
41278
41282
41288
41291
41297
41301
41307
41310
41316
41320
41326
41329
41335
41339
41345
41349
41354
41358
41364
41368
41374
41378
41385
41389
41395
41400
41406
41410
41417
41421
41428
41432
41438
41443
41449
41453
41460
41464
41470
41475
41481
41486
41492
41496
41503
41507
41513
41518
41524
41528
41535
41539
41546
41550
41556
41561
41567
41571
41578
41582
41588
41593
41599
41604
41610
41614
41621
41625
41631
41636
41642
41646
41653
41657
41664
41668
41674
41679
41685
41689
41696
41700
41706
41711
41717
41722
41728
41732
41739
41743
41749
41754
41760
41764
41771
41775
41782
41788
41793
41800
41805
41812
41816
41823
41828
41835
41840
41846
41851
41858
41863
41870
41874
41881
41886
41893
41898
41904
41909
41916
41921
41928
41933
41939
41944
41951
41956
41963
41967
41974
41979
41986
41991
41997
42002
42009
42014
42021
42025
42032
42037
42044
42049
42055
42060
42067
42072
42079
42084
42090
42095
42102
42107
42114
42118
42125
42130
42137
42142
42148
42153
42160
42165
42172
42176
42183
42188
42195
42200
42207
42211
42218
42223
42230
42238
42244
42253
42259
42267
42274
42282
42288
42297
42303
42311
42318
42326
42333
42341
42347
42356
42362
42370
42377
42385
42391
42400
42406
42415
42421
42429
42436
42444
42450
42459
42465
42473
42480
42488
42495
42503
42509
42518
42524
42532
42539
42547
42553
42562
42568
42577
42583
42591
42598
42606
42612
42621
42627
42635
42642
42650
42656
42665
42671
42680
42686
42694
42703
42711
42720
42728
42738
42745
42755
42762
42772
42780
42789
42797
42806
42814
42824
42831
42841
42848
42858
42866
42875
42883
42892
42900
42910
42917
42927
42935
42944
42952
42961
42969
42979
42986
42996
43003
43013
43021
43030
43038
43047
43055
43065
43072
43082
43089
43101
43111
43124
43134
43147
43157
43169
43180
43192
43203
43215
43226
43238
43248
43261
43271
43284
43294
43306
43317
43329
43340
43352
43363
43375
43385
43398
43408
43421
43431
43443
43454
43466
43477
43489
43500
43512
43522
43535
43545
43558
43568
43580
43589
43596
43605
43612
43622
43629
43638
43645
43654
43662
43671
43678
43687
43694
43704
43711
43720
43727
43737
43744
43753
43760
43769
43777
43786
43793
43802
43809
43819
43826
43835
43842
43852
43859
43868
43875
43884
43892
43901
43908
43917
43924
43934
43941
43950
43957
43967
43974
43983
43990
43999
44007
44016
44023
44032
44042
44050
44060
44068
44079
44087
44097
44105
44116
44124
44134
44142
44153
44161
44171
44179
44190
44198
44208
44216
44226
44235
44245
44253
44263
44272
44282
44290
44300
44309
44319
44327
44337
44346
44356
44364
44374
44383
44393
44401
44411
44419
44430
44438
44448
44456
44461
44465
44471
44475
44480
44484
44490
44494
44500
44503
44509
44513
44519
44523
44528
44532
44538
44542
44548
44551
44557
44561
44567
44571
44576
44580
44586
44590
44595
44599
44605
44609
44615
44618
44624
44628
44634
44638
44643
44647
44653
44657
44663
44666
44672
44676
44682
44686
44691
44695
44701
44705
44710
44714
44720
44724
44730
44733
44739
44743
44749
44753
44758
44762
44768
44772
44778
44781
44787
44791
44797
44801
44806
44810
44816
44820
44826
44829
44835
44839
44858
44876
44895
44913
44933
44950
44970
44988
45007
45025
45044
45062
45082
45099
45119
45137
45156
45174
45194
45211
45231
45248
45268
45276
45282
45290
45296
45304
45310
45318
45324
45332
45338
45346
45352
45360
45366
45374
45380
45388
45395
45403
45409
45417
45423
45431
45437
45445
45451
45459
45465
45473
45479
45487
45493
45501
45508
45515
45523
45529
45537
45543
45551
45557
45565
45571
45579
45585
45593
45599
45607
45613
45621
45628
45635
45643
45649
45657
45663
45671
45679
45685
45693
45700
45708
45714
45723
45729
45737
45743
45752
45758
45766
45773
45781
45787
45795
45802
45810
45816
45825
45831
45839
45845
45854
45860
45868
45875
45883
45889
45897
45904
45912
45918
45927
45933
45941
45947
45956
45962
45970
45977
45985
45991
45999
46006
46014
46020
46029
46035
46043
46049
46058
46064
46072
46079
46087
46092
46096
46102
46105
46111
46115
46120
46124
46130
46133
46139
46143
46149
46152
46158
46162
46167
46171
46177
46180
46186
46190
46196
46199
46205
46209
46214
46218
46224
46227
46233
46237
46243
46246
46252
46256
46261
46265
46271
46274
46280
46284
46290
46293
46299
46303
46308
46312
46318
46321
46327
46331
46337
46340
46346
46350
46355
46359
46365
46368
46374
46378
46384
46387
46393
46397
46402
46406
46412
46415
46421
46425
46430
46434
46440
46444
46449
46453
46459
46462
46468
46472
46477
46481
46487
46491
46496
46500
46506
46509
46515
46519
46524
46528
46536
46542
46550
46556
46564
46570
46578
46584
46592
46598
46606
46612
46620
46626
46634
46640
46648
46654
46662
46668
46676
46682
46690
46697
46705
46711
46719
46725
46733
46739
46747
46753
46761
46767
46775
46781
46789
46795
46803
46809
46817
46823
46831
46837
46845
46851
46859
46866
46874
46880
46888
46894
46902
46908
46916
46922
46930
46936
46944
46950
46958
46964
46972
46978
46986
46992
47000
47006
47014
47020
47034
47047
47062
47075
47090
47103
47118
47131
47146
47159
47173
47186
47201
47214
47229
47242
47257
47270
47285
47298
47313
47325
47340
47353
47368
47381
47396
47409
47414
47418
47423
47427
47432
47436
47442
47445
47451
47454
47460
47464
47469
47473
47478
47482
47488
47491
47497
47500
47506
47510
47515
47519
47524
47528
47534
47537
47543
47546
47552
47556
47561
47565
47570
47574
47580
47583
47589
47592
47598
47602
47607
47611
47616
47620
47626
47629
47635
47638
47644
47648
47653
47657
47662
47666
47672
47675
47681
47684
47690
47694
47699
47703
47708
47712
47718
47721
47727
47730
47736
47740
47745
47749
47754
47758
47764
47767
47773
47776
47782
47786
47791
47795
47802
47807
47814
47819
47826
47831
47838
47843
47850
47855
47862
47867
47874
47879
47886
47891
47898
47903
47910
47915
47922
47927
47934
47940
47947
47952
47959
47964
47971
47976
47983
47988
47995
48000
48007
48012
48019
48024
48031
48036
48043
48048
48055
48060
48067
48072
48079
48085
48092
48097
48104
48109
48116
48121
48128
48133
48140
48145
48152
48157
48164
48169
48176
48181
48188
48193
48200
48205
48212
48217
48225
48230
48237
48242
48249
48254
48261
48266
48273
48278
48281
48286
48289
48294
48297
48302
48305
48310
48313
48318
48321
48326
48329
48334
48337
48342
48345
48350
48353
48358
48361
48366
48369
48374
48377
48383
48386
48391
48394
48399
48402
48407
48410
48415
48418
48423
48426
48431
48434
48439
48442
48447
48450
48455
48458
48463
48466
48471
48474
48479
48482
48487
48491
48496
48499
48504
48507
48512
48515
48520
48523
48528
48531
48536
48539
48544
48547
48552
48555
48560
48563
48568
48571
48576
48579
48584
48587
48592
48596
48601
48604
48609
48612
48617
48620
48625
48628
48633
48636
48641
48644
48649
48652
48657
48660
48665
48668
48673
48676
48681
48684
48689
48692
48697
48700
48706
48709
48714
48717
48722
48725
48730
48733
48740
48745
48753
48758
48765
48771
48778
48784
48791
48796
48804
48809
48816
48822
48829
48835
48842
48847
48855
48860
48868
48873
48880
48886
48893
48898
48906
48911
48919
48924
48931
48937
48944
48950
48957
48962
48970
48975
48982
48988
48995
49001
49008
49013
49021
49026
49033
49039
49046
49052
49059
49064
49072
49077
49085
49090
49097
49103
49110
49115
49123
49128
49136
49141
49144
49149
49152
49157
49160
49166
49169
49174
49177
49182
49185
49191
49194
49199
49202
49207
49210
49216
49219
49224
49227
49232
49235
49240
49244
49249
49252
49257
49260
49265
49269
49274
49277
49282
49285
49290
49294
49299
49302
49307
49310
49315
49319
49324
49327
49332
49335
49340
49343
49349
49352
49357
49360
49365
49368
49374
49377
49382
49385
49390
49393
49399
49402
49407
49410
49415
49418
49424
49427
49432
49435
49440
49443
49448
49452
49457
49460
49465
49468
49473
49477
49482
49485
49490
49493
49498
49502
49507
49510
49515
49518
49523
49531
49537
49545
49551
49559
49566
49574
49580
49588
49594
49602
49609
49617
49623
49631
49637
49645
49652
49660
49666
49674
49680
49688
49695
49703
49709
49717
49723
49731
49738
49746
49752
49760
49766
49774
49781
49789
49795
49803
49809
49817
49824
49832
49838
49846
49852
49860
49867
49875
49881
49889
49895
49903
49910
49918
49924
49932
49938
49947
49954
49963
49970
49979
49986
49995
50002
50011
50018
50027
50034
50043
50050
50059
50066
50075
50082
50091
50098
50107
50114
50123
50130
50139
50146
50155
50162
50171
50178
50187
50194
50203
50210
50219
50226
50235
50242
50251
50258
50267
50274
50283
50290
50299
50306
50315
50322
50331
