13
24
37
48
61
72
85
97
110
121
134
145
158
169
183
194
207
218
231
242
255
266
280
291
304
315
327
337
349
359
371
381
394
404
416
426
438
448
460
471
483
493
505
515
527
538
550
560
572
582
594
604
617
627
639
649
661
671
681
690
701
710
721
730
741
750
760
769
780
789
800
809
820
829
839
848
859
868
879
888
899
908
918
927
938
947
958
971
982
995
1006
1019
1030
1043
1054
1067
1078
1091
1103
1116
1127
1140
1151
1164
1175
1188
1199
1212
1223
1236
1248
1261
1272
1285
1296
1305
1312
1321
1328
1337
1344
1354
1361
1370
1377
1386
1393
1402
1410
1419
1426
1435
1442
1451
1458
1468
1475
1484
1491
1500
1507
1516
1524
1533
1540
1549
1556
1565
1572
1582
1589
1598
1605
1614
1621
1631
1638
1647
1656
1664
1674
1682
1691
1699
1709
1717
1727
1734
1744
1752
1762
1769
1779
1787
1797
1805
1814
1822
1832
1840
1849
1857
1867
1875
1885
1892
1902
1910
1920
1927
1937
1945
1955
1963
1972
1979
1989
1996
2006
2013
2023
2030
2040
2047
2057
2064
2074
2081
2091
2098
2107
2115
2124
2132
2141
2149
2158
2166
2175
2183
2192
2200
2209
2217
2226
2233
2243
2250
2260
2267
2276
2283
2293
2300
2310
2317
2327
2334
2344
2351
2360
2368
2377
2385
2394
2402
2411
2419
2428
2435
2445
2452
2462
2469
2479
2486
2496
2503
2512
2520
2529
2537
2546
2554
2563
2571
2580
2591
2600
2611
2620
2631
2640
2651
2661
2672
2681
2692
2701
2712
2721
2733
2742
2753
2762
2773
2782
2793
2802
2814
2823
2834
2843
2854
2863
2874
2884
2895
2904
2916
2926
2939
2949
2961
2972
2984
2994
3007
3017
3029
3040
3052
3062
3075
3085
3097
3108
3120
3130
3143
3153
3165
3176
3188
3198
3211
3221
3233
3244
3256
3266
3279
3289
3297
3307
3316
3326
3334
3345
3353
3363
3372
3382
3390
3401
3409
3419
3427
3438
3446
3456
3465
3475
3483
3494
3502
3512
3521
3531
3539
3549
3558
3568
3576
3587
3595
3605
3614
3623
3630
3640
3647
3656
3664
3673
3680
3690
3697
3707
3714
3723
3731
3740
3747
3757
3764
3773
3781
3790
3798
3807
3814
3824
3831
3840
3848
3857
3865
3874
3881
3891
3902
3912
3924
3934
3946
3956
3968
3978
3990
4000
4012
4022
4034
4044
4056
4066
4078
4088
4100
4110
4122
4132
4144
4154
4165
4175
4184
4195
4204
4214
4223
4234
4243
4254
4262
4273
4282
4293
4302
4312
4321
4332
4341
4352
4360
4371
4380
4391
4400
4410
4419
4430
4439
4450
4458
4470
4480
4492
4502
4514
4524
4536
4546
4558
4568
4580
4590
4602
4612
4625
4635
4647
4657
4669
4679
4691
4701
4713
4723
4735
4745
4757
4767
4778
4788
4800
4810
4822
4832
4844
4854
4866
4876
4888
4898
4910
4920
4932
4942
4953
4963
4975
4985
4997
5007
5019
5029
5041
5051
5063
5073
5085
5097
5107
5119
5129
5141
5151
5163
5173
5185
5195
5207
5217
5229
5239
5251
5261
5273
5283
5295
5305
5318
5328
5340
5350
5362
5372
5384
5394
5406
5416
5428
5438
5450
5460
5470
5479
5489
5498
5509
5517
5528
5537
5547
5556
5567
5575
5586
5595
5605
5614
5625
5633
5644
5653
5663
5672
5683
5691
5702
5711
5721
5730
5741
5749
5759
5768
5778
5787
5797
5806
5817
5825
5836
5844
5855
5863
5874
5883
5893
5902
5912
5921
5931
5940
5951
5959
5970
5978
5989
5998
6008
6017
6027
6036
6046
6055
6066
6074
6085
6095
6106
6116
6128
6137
6149
6159
6170
6180
6192
6201
6213
6223
6234
6244
6256
6265
6277
6287
6298
6308
6320
6329
6341
6351
6360
6368
6378
6386
6396
6404
6414
6422
6432
6440
6450
6458
6468
6476
6486
6494
6504
6512
6522
6529
6539
6547
6557
6565
6575
6583
6593
6601
6611
6619
6629
6637
6647
6657
6666
6676
6685
6695
6704
6714
6723
6734
6742
6753
6761
6772
6780
6791
6800
6810
6819
6829
6838
6848
6857
6868
6876
6887
6895
6906
6914
6925
6934
6944
6953
6963
6972
6982
6991
7001
7010
7020
7029
7040
7048
7059
7068
7078
7087
7098
7106
7117
7126
7136
7145
7155
7164
7175
7183
7194
7203
7213
7222
7233
7241
7252
7261
7271
7280
7291
7299
7310
7318
7329
7341
7352
7364
7375
7388
7398
7411
7421
7434
7445
7457
7468
7480
7491
7504
7514
7527
7537
7550
7561
7573
7584
7596
7607
7616
7623
7632
7639
7648
7655
7664
7671
7681
7688
7697
7704
7713
7720
7729
7736
7745
7753
7762
7769
7778
7785
7794
7801
7810
7817
7827
7834
7843
7850
7859
7866
7875
7882
7891
7899
7908
7915
7924
7931
7945
7957
7972
7984
7998
8011
8025
8037
8052
8064
8078
8091
8105
8117
8132
8144
8158
8171
8185
8197
8212
8224
8239
8251
8265
8276
8286
8298
8308
8319
8329
8341
8351
8363
8372
8384
8394
8406
8415
8427
8437
8449
8459
8470
8480
8492
8502
8513
8523
8535
8545
8557
8568
8581
8591
8604
8615
8628
8638
8651
8662
8675
8685
8698
8709
8722
8732
8745
8756
8769
8779
8792
8803
8816
8826
8839
8850
8863
8873
8886
8897
8907
8916
8926
8935
8946
8954
8965
8974
8984
8993
9003
9012
9023
9031
9042
9051
9061
9070
9080
9089
9100
9108
9119
9128
9138
9147
9158
9166
9177
9185
9194
9202
9211
9219
9228
9236
9245
9253
9262
9270
9279
9287
9296
9304
9313
9321
9330
9338
9347
9355
9364
9372
9381
9389
9398
9406
9415
9423
9432
9440
9449
9457
9466
9474
9483
9493
9501
9512
9520
9531
9539
9550
9558
9569
9577
9588
9596
9607
9615
9625
9634
9644
9653
9663
9672
9682
9691
9701
9710
9720
9729
9739
9747
9758
9766
9777
9785
9796
9806
9815
9825
9834
9845
9853
9864
9873
9883
9892
9903
9911
9922
9931
9941
9950
9961
9969
9980
9989
9999
10008
10019
10027
10038
10047
10057
10066
10076
10085
10096
10104
10115
10127
10137
10150
10160
10172
10183
10195
10206
10218
10228
10241
10251
10264
10274
10286
10297
10309
10320
10332
10342
10355
10365
10378
10388
10400
10411
10423
10434
10446
10459
10471
10484
10496
10510
10521
10535
10546
10560
10572
10585
10597
10611
10622
10636
10647
10661
10673
10686
10698
10711
10723
10737
10748
10762
10774
10787
10799
10809
10817
10827
10835
10845
10853
10863
10871
10881
10890
10900
10908
10918
10926
10936
10944
10954
10962
10972
10981
10991
10999
11009
11017
11027
11035
11045
11053
11064
11072
11082
11090
11100
11108
11118
11129
11139
11150
11160
11171
11181
11192
11202
11213
11223
11234
11244
11256
11265
11277
11286
11298
11307
11319
11328
11340
11349
11361
11371
11382
11392
11403
11413
11424
11434
11445
11455
11466
11479
11491
11505
11517
11530
11542
11556
11568
11582
11593
11607
11619
11633
11645
11658
11670
11684
11696
11710
11721
11735
11747
11761
11773
11786
11798
11812
11824
11838
11849
11858
11870
11879
11891
11900
11911
11921
11932
11942
11953
11962
11974
11983
11995
12004
12015
12025
12036
12046
12057
12066
12078
12087
12099
12108
12120
12129
12140
12150
12161
12171
12182
12191
12203
12213
12226
12236
12248
12259
12271
12281
12294
12304
12316
12327
12339
12349
12362
12372
12384
12395
12407
12418
12430
12440
12453
12463
12475
12486
12496
12504
12514
12523
12533
12541
12551
12560
12570
12578
12589
12597
12607
12615
12626
12634
12644
12653
12663
12671
12681
12690
12700
12708
12719
12727
12737
12745
12756
12764
12774
12782
12793
12801
12811
12820
12830
12838
12848
12856
12866
12874
12884
12892
12902
12910
12920
12928
12939
12947
12957
12965
12975
12983
12993
13001
13011
13019
13029
13037
13047
13056
13066
13074
13084
13092
13102
13110
13120
13130
13139
13150
13159
13170
13179
13190
13199
13210
13219
13230
13239
13250
13259
13270
13279
13290
13299
13310
13319
13330
13339
13350
13359
13370
13379
13390
13399
13410
13419
13430
13439
13446
13455
13463
13472
13479
13488
13496
13505
13512
13521
13529
13538
13545
13554
13562
13571
13578
13588
13595
13604
13611
13621
13628
13637
13644
13654
13661
13670
13677
13687
13694
13703
13710
13720
13727
13736
13744
13753
13761
13771
13779
13788
13796
13806
13814
13824
13831
13841
13849
13859
13866
13876
13884
13894
13902
13911
13919
13929
13937
13947
13954
13964
13972
13982
13989
13999
14007
14017
14025
14034
14042
14052
14060
14072
14083
14095
14106
14119
14129
14142
14153
14165
14176
14189
14199
14212
14223
14235
14246
14259
14269
14282
14293
14305
14316
14328
14339
14352
14363
14373
14385
14395
14406
14416
14428
14438
14449
14459
14471
14481
14492
14502
14514
14524
14535
14545
14557
14567
14578
14588
14600
14610
14621
14631
14643
14653
14664
14674
14686
14696
14707
14717
14729
14739
14751
14761
14773
14784
14796
14806
14818
14828
14840
14851
14863
14873
14885
14895
14907
14918
14930
14940
14952
14962
14974
14985
14997
15011
15023
15037
15050
15064
15077
15090
15104
15117
15130
15144
15157
15170
15184
15197
15210
15224
15237
15250
15264
15277
15290
15304
15317
15330
15340
15349
15359
15368
15379
15387
15398
15407
15417
15426
15437
15445
15456
15464
15475
15484
15494
15503
15514
15522
15533
15542
15552
15561
15571
15580
15591
15599
15610
15619
15629
15638
15649
15657
15666
15674
15683
15691
15700
15708
15717
15725
15734
15742
15751
15759
15768
15776
15785
15793
15802
15810
15819
15827
15836
15844
15854
15861
15871
15878
15888
15895
15905
15912
15922
15929
15939
15946
15955
15962
15971
15979
15988
15996
16004
16013
16021
16029
16038
16046
16054
16063
16071
16079
16088
16096
16104
16113
16121
16129
16138
16146
16154
16163
16171
16179
16188
16196
16204
16213
16221
16229
16238
16246
16254
16263
16271
16279
16288
16296
16309
16320
16333
16344
16357
16368
16382
16393
16406
16417
16430
16441
16454
16466
16479
16490
16503
16514
16527
16538
16552
16563
16576
16587
16600
16610
16618
16628
16636
16646
16655
16665
16673
16683
16691
16701
16710
16720
16728
16738
16746
16756
16765
16775
16783
16793
16801
16812
16820
16830
16838
16848
16856
16867
16875
16885
16893
16903
16911
16922
16930
16940
16948
16959
16969
16980
16990
17001
17011
17022
17032
17043
17053
17064
17074
17085
17095
17106
17116
17127
17137
17148
17158
17169
17179
17190
17200
17211
17221
17232
17242
17253
17263
17274
17284
17294
17302
17312
17320
17331
17339
17349
17357
17368
17376
17386
17394
17404
17413
17423
17431
17441
17450
17460
17468
17478
17486
17497
17505
17515
17523
17534
17542
17552
17560
17570
17579
17589
17597
17607
17621
17633
17648
17660
17675
17687
17701
17714
17728
17741
17755
17767
17782
17794
17809
17821
17835
17848
17862
17875
17889
17901
17913
17923
17935
17945
17958
17968
17980
17990
18003
18013
18025
18035
18047
18058
18070
18080
18092
18103
18115
18125
18137
18147
18160
18170
18182
18192
18203
18212
18223
18232
18243
18252
18264
18273
18284
18293
18304
18313
18324
18334
18345
18354
18365
18374
18385
18394
18406
18415
18426
18435
18446
18455
18466
18476
18487
18496
18507
18516
18527
18541
18553
18568
18580
18595
18607
18622
18634
18649
18661
18676
18688
18703
18715
18730
18742
18756
18769
18783
18796
18810
18823
18836
18847
18860
18871
18885
18896
18909
18920
18933
18945
18958
18969
18982
18993
19007
19018
19031
19042
19055
19067
19080
19091
19104
19115
19124
19131
19140
19148
19157
19164
19173
19181
19190
19197
19206
19214
19223
19230
19239
19247
19256
19263
19272
19280
19289
19296
19305
19313
19322
19329
19338
19346
19355
19362
19371
19379
19388
19395
19404
19412
19421
19430
19438
19448
19456
19466
19474
19484
19492
19501
19509
19519
19527
19537
19545
19555
19563
19572
19580
19590
19598
19608
19616
19626
19634
19643
19651
19661
19669
19679
19687
19697
19705
19714
19722
19732
19740
19749
19757
19766
19774
19783
19791
19800
19808
19817
19825
19834
19842
19851
19859
19868
19876
19885
19893
19902
19910
19919
19927
19936
19944
19953
19961
19970
19978
19987
19995
20005
20012
20022
20029
20039
20046
20056
20063
20073
20080
20090
20099
20110
20118
20129
20138
20148
20157
20168
20177
20187
20196
20207
20215
20226
20235
20246
20254
20265
20274
20284
20293
20304
20313
20323
20332
20343
20351
20362
20371
20381
20390
20401
20410
20419
20427
20437
20445
20455
20463
20473
20481
20491
20499
20508
20516
20526
20534
20544
20552
20562
20570
20580
20588
20597
20605
20615
20623
20633
20641
20651
20659
20669
20677
20686
20694
20704
20712
20722
20730
20740
20748
20762
20775
20789
20802
20816
20829
20843
20856
20870
20883
20897
20910
20924
20937
20951
20964
20978
20991
21006
21018
21033
21044
21054
21065
21075
21087
21096
21108
21117
21129
21139
21150
21160
21172
21181
21193
21202
21214
21224
21235
21245
21257
21266
21278
21287
21299
21309
21320
21330
21341
21351
21363
21372
21384
21394
21403
21411
21421
21428
21438
21446
21456
21463
21473
21481
21490
21498
21508
21516
21525
21533
21543
21551
21560
21568
21578
21586
21594
21604
21612
21621
21629
21639
21647
21656
21664
21674
21682
21690
21700
21708
21717
21725
21735
21743
21753
21761
21771
21779
21789
21797
21807
21815
21825
21833
21843
21851
21861
21869
21879
21887
21897
21905
21915
21923
21933
21941
21951
21959
21969
21978
21988
21996
22006
22014
22024
22032
22042
22053
22062
22073
22082
22093
22102
22113
22122
22134
22143
22154
22163
22174
22183
22194
22203
22215
22224
22235
22244
22255
22264
22275
22284
22295
22305
22316
22325
22334
22341
22350
22358
22367
22374
22384
22391
22400
22407
22417
22424
22433
22441
22450
22457
22466
22474
22483
22490
22500
22507
22516
22524
22533
22540
22549
22557
22566
22573
22583
22590
22599
22606
22616
22628
22639
22651
22662
22675
22685
22698
22709
22721
22732
22745
22755
22768
22779
22791
22802
22815
22825
22838
22849
22861
22872
22885
22895
22908
22919
22931
22942
22952
22961
22972
22981
22991
23000
23011
23020
23031
23039
23050
23059
23070
23079
23089
23098
23109
23118
23129
23137
23148
23157
23168
23177
23187
23196
23207
23216
23227
23235
23246
23255
23266
23275
23285
23294
23305
23315
23324
23334
23343
23353
23362
23372
23381
23391
23400
23411
23419
23430
23438
23449
23457
23468
23476
23487
23496
23506
23515
23525
23534
23544
23553
23563
23572
23583
23594
23604
23615
23625
23636
23646
23657
23667
23678
23688
23699
23709
23721
23730
23742
23751
23763
23772
23784
23793
23805
23814
23826
23836
23847
23857
23868
23878
23889
23899
23907
23917
23925
23936
23944
23954
23962
23973
23981
23991
23999
24009
24018
24028
24036
24046
24055
24065
24073
24083
24091
24102
24110
24120
24128
24139
24147
24157
24165
24175
24184
24194
24202
24212
24221
24234
24246
24260
24272
24286
24298
24311
24323
24337
24349
24363
24375
24388
24400
24414
24426
24440
24452
24465
24477
24491
24503
24517
24529
24544
24556
24571
24583
24598
24610
24625
24637
24652
24664
24679
24691
24706
24718
24732
24745
24759
24772
24786
24799
24808
24816
24825
24833
24842
24850
24859
24867
24876
24884
24893
24901
24910
24918
24927
24935
24944
24952
24961
24969
24978
24986
24996
25003
25013
25020
25030
25037
25047
25054
25064
25071
25081
25088
25098
25105
25115
25122
25132
25140
25150
25159
25169
25177
25187
25196
25206
25214
25224
25233
25243
25251
25261
25270
25280
25288
25298
25307
25317
25325
25335
25344
25354
25362
25372
25381
25391
25399
25410
25418
25428
25436
25447
25455
25465
25479
25491
25505
25518
25532
25545
25558
25572
25585
25598
25612
25625
25638
25652
25665
25678
25692
25705
25718
25732
25745
25758
25772
25785
25798
25812
25825
25838
25848
25857
25867
25876
25887
25895
25906
25915
25925
25934
25945
25953
25964
25973
25983
25992
26003
26011
26022
26031
26041
26050
26061
26069
26080
26089
26099
26108
26119
26127
26138
26147
26157
26166
26177
26185
26194
26202
26211
26219
26229
26236
26246
26254
26263
26271
26281
26288
26298
26306
26315
26323
26333
26340
26350
26358
26367
26375
26384
26392
26402
26409
26419
26427
26436
26444
26454
26461
26471
26482
26491
26503
26512
26524
26533
26545
26554
26565
26575
26586
26596
26607
26617
26628
26638
26649
26658
26670
26679
26691
26700
26712
26721
26733
26742
26753
26763
26774
26784
26795
26805
26816
26826
26835
26843
26853
26861
26871
26879
26889
26897
26907
26915
26925
26933
26943
26951
26961
26969
26979
26987
26997
27005
27015
27023
27033
27041
27051
27059
27069
27077
27087
27095
27105
27113
27123
27131
27141
27149
27159
27169
27177
27187
27195
27205
27213
27223
27231
27241
27249
27259
27267
27277
27285
27295
27303
27313
27321
27331
27339
27349
27357
27367
27375
27385
27393
27403
27411
27421
27429
27439
27447
27457
27465
27475
27483
27493
27501
27511
27524
27536
27550
27562
27576
27587
27601
27613
27627
27639
27653
27664
27678
27690
27704
27716
27729
27741
27755
27767
27781
27793
27802
27809
27818
27825
27835
27842
27851
27858
27867
27875
27884
27891
27900
27907
27917
27924
27933
27940
27950
27957
27966
27973
27982
27990
27999
28006
28015
28022
28032
28039
28048
28055
28065
28074
28081
28090
28097
28106
28113
28122
28129
28139
28146
28155
28162
28171
28178
28187
28194
28204
28211
28220
28227
28236
28243
28252
28259
28268
28276
28285
28292
28301
28308
28317
28324
28333
28341
28350
28357
28366
28373
28382
28389
28398
28406
28415
28424
28431
28440
28447
28456
28463
28472
28479
28488
28495
28505
28512
28521
28528
28537
28544
28553
28560
28569
28576
28586
28593
28602
28609
28618
28625
28634
28641
28650
28657
28667
28674
28683
28690
28699
28706
28715
28722
28731
28744
28756
28770
28782
28796
28808
28822
28834
28848
28859
28873
28885
28899
28911
28925
28937
28951
28963
28976
28988
29002
29014
29028
29040
29054
29066
29080
29091
29103
29114
29127
29137
29150
29161
29174
29184
29197
29208
29221
29231
29244
29255
29267
29278
29291
29302
29314
29325
29338
29349
29361
29372
29385
29395
29408
29419
29432
29442
29455
29466
29480
29492
29506
29518
29532
29544
29558
29570
29584
29596
29610
29622
29636
29649
29663
29675
29689
29701
29715
29727
29741
29753
29767
29779
29793
29805
29814
29821
29830
29837
29846
29853
29862
29869
29878
29885
29895
29902
29911
29918
29927
29934
29943
29950
29959
29966
29976
29983
29992
29999
30008
30015
30024
30031
30040
30047
30057
30064
30073
30080
30089
30096
30105
30112
30121
30129
30138
30146
30156
30163
30173
30181
30190
30198
30207
30215
30225
30232
30242
30250
30259
30267
30276
30284
30294
30301
30311
30319
30328
30336
30345
30353
30363
30370
30380
30388
30397
30405
30414
30422
30434
30444
30456
30466
30478
30488
30500
30510
30522
30532
30544
30555
30567
30577
30589
30599
30611
30621
30633
30643
30655
30665
30678
30688
30700
30710
30722
30732
30744
30754
30763
30771
30780
30788
30798
30805
30815
30822
30832
30840
30849
30857
30867
30874
30884
30891
30901
30909
30918
30926
30936
30943
30953
30960
30970
30978
30987
30995
31004
31012
31022
31029
31039
31047
31056
31064
31076
31087
31100
31111
31123
31134
31147
31158
31171
31181
31194
31205
31218
31229
31241
31252
31265
31276
31289
31299
31312
31323
31336
31347
31359
31370
31383
31394
31404
31416
31426
31438
31448
31460
31469
31481
31491
31503
31513
31525
31535
31546
31556
31568
31578
31590
31600
31612
31621
31633
31643
31655
31665
31677
31687
31698
31708
31716
31727
31735
31745
31754
31764
31773
31782
31792
31801
31811
31819
31830
31838
31848
31857
31867
31876
31886
31894
31905
31913
31923
31932
31942
31951
31961
31969
31980
31988
31998
32007
32017
32026
32038
32049
32061
32072
32084
32095
32107
32118
32130
32141
32153
32164
32176
32187
32199
32210
32222
32233
32245
32256
32268
32279
32291
32302
32314
32325
32337
32349
32359
32371
32381
32393
32403
32415
32425
32437
32447
32459
32470
32482
32492
32504
32514
32526
32536
32548
32558
32570
32580
32593
32603
32615
32625
32637
32647
32659
32669
32681
32691
32703
32715
32725
32737
32747
32760
32770
32782
32792
32804
32815
32827
32837
32849
32860
32872
32882
32894
32904
32917
32927
32939
32949
32961
32972
32984
32994
33006
33017
33030
33042
33056
33068
33081
33093
33107
33119
33133
33144
33158
33170
33184
33195
33209
33221
33235
33247
33260
33272
33286
33298
33311
33323
33337
33349
33363
33374
33387
33399
33413
33425
33439
33451
33465
33477
33491
33503
33517
33529
33543
33555
33569
33581
33595
33607
33621
33633
33647
33659
33673
33685
33695
33703
33714
33722
33733
33741
33752
33760
33771
33779
33790
33798
33809
33817
33828
33836
33847
33855
33866
33874
33885
33893
33904
33912
33923
33931
33942
33950
33961
33969
33979
33988
33999
34008
34018
34027
34038
34047
34058
34066
34077
34086
34097
34106
34116
34125
34136
34145
34155
34164
34175
34184
34195
34203
34214
34223
34234
34243
34253
34262
34273
34282
34293
34301
34312
34321
34332
34341
34352
34361
34373
34382
34393
34402
34413
34422
34433
34443
34454
34463
34474
34483
34494
34504
34515
34524
34535
34544
34555
34564
34576
34585
34596
34605
34616
34625
34637
34646
34657
34667
34675
34685
34693
34703
34711
34722
34730
34740
34748
34758
34766
34777
34785
34795
34803
34813
34821
34832
34840
34850
34858
34868
34876
34887
34895
34905
34913
34923
34931
34941
34950
34960
34968
34978
34988
34997
35008
35017
35028
35037
35048
35057
35068
35077
35088
35097
35108
35117
35128
35137
35148
35157
35168
35177
35188
35197
35208
35217
35227
35236
35247
35256
35267
35276
35287
35296
35307
35316
35327
35339
35350
35362
35373
35386
35396
35409
35420
35432
35443
35455
35466
35479
35489
35502
35513
35525
35536
35548
35559
35572
35582
35595
35606
35618
35629
35641
35651
35659
35670
35678
35688
35697
35707
35716
35726
35734
35745
35753
35764
35772
35782
35791
35801
35810
35820
35828
35839
35847
35857
35866
35876
35885
35895
35903
35914
35924
35932
35942
35950
35960
35968
35978
35986
35996
36004
36014
36022
36032
36040
36050
36058
36068
36076
36086
36094
36104
36112
36122
36130
36140
36148
36158
36166
36176
36184
36194
36202
36212
36224
36235
36248
36259
36272
36283
36296
36307
36320
36331
36344
36355
36368
36379
36392
36403
36416
36427
36440
36451
36464
36475
36488
36499
36512
36523
36536
36547
36560
36571
36584
36596
36606
36618
36628
36640
36650
36662
36673
36685
36695
36707
36717
36729
36739
36751
36762
36774
36784
36796
36806
36818
36828
36841
36851
36863
36873
36885
36895
36907
36917
36930
36940
36952
36962
36974
36984
36996
37006
37018
37028
37040
37051
37063
37073
37085
37095
37107
37117
37129
37140
37151
37163
37173
37185
37195
37207
37217
37229
37240
37251
37263
37273
37281
37292
37300
37311
37319
37330
37338
37349
37357
37368
37376
37387
37395
37406
37414
37425
37433
37443
37452
37462
37471
37481
37490
37500
37509
37519
37528
37538
37547
37557
37566
37576
37585
37595
37603
37614
37622
37633
37646
37657
37671
37682
37696
37707
37720
37732
37745
37757
37770
37782
37795
37806
37820
37831
37845
37856
37870
37881
37894
37906
37919
37931
37944
37955
37969
37979
37988
37999
38007
38018
38027
38037
38046
38057
38065
38076
38085
38095
38104
38115
38123
38134
38143
38153
38162
38173
38181
38192
38201
38211
38220
38231
38239
38250
38259
38269
38278
38289
38298
38308
38317
38328
38336
38348
38359
38372
38383
38396
38407
38420
38431
38444
38455
38468
38479
38492
38503
38516
38527
38540
38551
38564
38575
38588
38599
38612
38623
38636
38647
38660
38671
38684
38695
38706
38715
38726
38735
38746
38755
38766
38775
38786
38796
38807
38816
38827
38836
38847
38856
38867
38876
38888
38897
38908
38917
38928
38937
38948
38957
38968
38978
38989
38998
39007
39015
39024
39032
39041
39049
39059
39066
39076
39083
39093
39100
39110
39118
39127
39135
39144
39152
39161
39169
39179
39186
39196
39203
39213
39221
39230
39238
39247
39255
39264
39272
39282
39289
39299
39306
39316
39323
39333
39341
39351
39359
39369
39377
39387
39395
39405
39413
39423
39431
39441
39449
39459
39467
39477
39485
39495
39503
39513
39521
39531
39539
39549
39557
39567
39575
39585
39593
39603
39611
39621
39631
39639
39650
39658
39668
39677
39687
39695
39706
39714
39725
39733
39743
39752
39762
39770
39781
39789
39799
39808
39818
39827
39837
39845
39856
39864
39874
39883
39893
39902
39912
39920
39931
39942
39951
39963
39972
39984
39993
40005
40014
40025
40035
40046
40056
40067
40077
40088
40098
40109
40118
40130
40139
40151
40160
40172
40181
40193
40202
40213
40223
40234
40244
40255
40265
40276
40286
40297
40309
40320
40333
40344
40356
40367
40380
40391
40404
40414
40427
40438
40451
40462
40474
40485
40498
40509
40522
40532
40545
40556
40569
40580
40592
40603
40613
40624
40634
40645
40655
40666
40676
40687
40697
40708
40718
40729
40739
40750
40760
40771
40781
40792
40802
40813
40823
40834
40844
40855
40865
40876
40885
40892
40901
40908
40917
40924
40934
40941
40950
40957
40966
40973
40983
40990
40999
41006
41015
41022
41031
41039
41048
41055
41064
41071
41080
41088
41097
41104
41113
41120
41129
41137
41146
41153
41162
41169
41181
41192
41205
41216
41228
41239
41252
41263
41276
41286
41299
41310
41323
41334
41346
41357
41370
41381
41394
41404
41417
41428
41441
41452
41464
41475
41488
41497
41504
41514
41521
41530
41538
41547
41554
41564
41571
41581
41588
41597
41605
41614
41621
41631
41638
41648
41655
41664
41672
41681
41688
41698
41705
41715
41722
41731
41739
41748
41755
41765
41772
41783
41792
41804
41813
41825
41834
41845
41855
41866
41876
41887
41897
41908
41917
41929
41938
41950
41959
41971
41980
41991
42001
42012
42022
42033
42043
42054
42063
42077
42089
42103
42115
42129
42141
42155
42167
42181
42193
42207
42219
42233
42245
42259
42271
42285
42297
42311
42323
42337
42349
42363
42376
42390
42402
42416
42427
42437
42449
42459
42471
42481
42492
42502
42514
42524
42536
42546
42557
42567
42579
42589
42601
42611
42622
42632
42644
42654
42666
42676
42688
42697
42709
42719
42731
42741
42753
42762
42774
42784
42798
42810
42824
42836
42850
42863
42877
42889
42903
42915
42929
42942
42956
42968
42982
42994
43008
43021
43035
43047
43061
43073
43087
43100
43114
43124
43133
43144
43153
43164
43173
43184
43193
43203
43212
43223
43232
43243
43252
43263
43272
43282
43291
43302
43311
43322
43331
43342
43351
43361
43370
43381
43390
43401
43410
43421
43431
43442
43452
43463
43473
43484
43494
43505
43515
43526
43536
43547
43557
43568
43578
43589
43599
43610
43620
43632
43641
43653
43662
43674
43683
43695
43704
43717
43729
43743
43755
43769
43781
43795
43807
43821
43833
43847
43859
43873
43885
43898
43910
43924
43936
43950
43962
43976
43988
44002
44011
44019
44028
44036
44045
44053
44063
44070
44080
44087
44097
44105
44114
44122
44131
44139
44149
44156
44166
44173
44183
44190
44200
44208
44217
44225
44234
44242
44252
44259
44269
44276
44286
44294
44303
44311
44320
44328
44338
44345
44355
44362
44373
44382
44393
44402
44413
44422
44433
44442
44453
44462
44473
44482
44493
44502
44513
44522
44533
44542
44553
44563
44574
44583
44594
44603
44614
44623
44634
44643
44654
44663
44674
44683
44694
44703
44713
44721
44731
44739
44750
44758
44768
44776
44786
44795
44805
44813
44823
44831
44842
44850
44860
44868
44878
44887
44897
44905
44915
44923
44934
44942
44952
44960
44970
44979
44989
44997
45007
45015
45026
45037
45046
45057
45066
45077
45086
45097
45107
45118
45127
45138
45147
45158
45167
45178
45188
45199
45208
45219
45228
45239
45248
45259
45269
45280
45289
45300
45309
45320
45329
45340
45350
45360
45368
45378
45386
45397
45405
45415
45423
45433
45442
45452
45460
45470
45479
45489
45497
45507
45515
45526
45534
45544
45552
45562
45571
45581
45589
45599
45608
45618
45626
45636
45646
45655
45665
45674
45684
45693
45703
45712
45722
45731
45741
45750
45760
45769
45779
45788
45798
45807
45817
45826
45836
45845
45856
45864
45875
45883
45894
45902
45913
45921
45932
45940
45951
45962
45972
45984
45994
46005
46015
46027
46037
46049
46058
46070
46080
46092
46101
46113
46123
46135
46145
46156
46166
46178
46188
46199
46209
46221
46231
46242
46251
46263
46272
46284
46293
46305
46314
46326
46335
46347
46356
46368
46377
46389
46398
46410
46419
46431
46440
46452
46461
46473
46482
46494
46503
46515
46524
46532
46541
46549
46559
46566
46576
46583
46593
46601
46610
46618
46627
46635
46645
46652
46662
46670
46679
46687
46696
46704
46714
46721
46731
46738
46748
46756
46765
46773
46783
46790
46800
46807
46817
46825
46834
46842
46851
46859
46869
46876
46886
46895
46903
46912
46920
46929
46937
46947
46954
46964
46971
46981
46989
46998
47006
47015
47023
47033
47040
47050
47057
47067
47074
47084
47092
47101
47109
47118
47126
47136
47143
47153
47160
47170
47178
47187
47195
47204
47212
47222
47229
47239
47246
47256
47267
47277
47289
47298
47310
47320
47331
47341
47353
47363
47374
47384
47396
47406
47416
47428
47438
47449
47459
47471
47481
47491
47503
47513
47524
47534
47546
47556
47566
47578
47588
47599
47609
47621
47632
47642
47654
47663
47675
47685
47696
47706
47718
47727
47739
47749
47760
47770
47782
47791
47803
47813
47824
47834
47846
47855
47867
47877
47888
47898
47910
47921
47933
47944
47957
47967
47980
47990
48003
48014
48026
48037
48050
48060
48073
48083
48096
48107
48119
48130
48142
48153
48166
48176
48189
48200
48212
48223
48235
48246
48259
48270
48279
48290
48299
48310
48319
48330
48339
48350
48360
48371
48380
48391
48400
48411
48420
48431
48440
48452
48461
48472
48481
48492
48501
48512
48521
48532
48542
48553
48562
48573
48582
48593
48603
48615
48625
48637
48647
48659
48669
48681
48691
48703
48713
48725
48735
48747
48757
48769
48779
48791
48800
48812
48822
48834
48844
48856
48866
48878
48892
48904
48918
48930
48944
48956
48971
48983
48997
49009
49023
49035
49050
49062
49076
49088
49102
49114
49128
49141
49155
49167
49181
49193
49207
49220
49230
49239
49249
49258
49268
49277
49288
49296
49307
49315
49326
49335
49345
49354
49364
49373
49384
49392
49403
49411
49422
49431
49441
49450
49460
49469
49479
49488
49499
49507
49517
49525
49536
49544
49555
49563
49574
49582
49593
49601
49612
49620
49631
49639
49649
49658
49668
49677
49687
49696
49706
49715
49725
49734
49744
49753
49763
49771
49782
49790
49801
49809
49820
49828
49839
49847
49858
49867
49875
49884
49892
49902
49909
49919
49926
49936
49944
49953
49961
49970
49978
49988
49995
50005
50012
50022
50030
50039
50047
50056
50064
50074
50081
50091
50098
50108
50116
50125
50133
50142
50150
50160
50167
