4
7
11
14
18
21
25
28
33
35
40
42
47
49
54
57
61
64
68
71
75
78
82
85
90
92
97
99
104
106
111
114
118
121
125
128
132
135
139
142
147
149
154
156
161
163
168
171
175
178
182
185
189
192
196
199
204
206
211
213
218
220
225
228
232
235
239
242
246
249
253
256
261
263
268
270
275
277
282
285
289
292
296
299
303
306
310
313
318
320
325
327
332
334
339
342
346
349
353
356
360
363
367
370
375
377
382
384
389
391
396
399
403
406
410
413
417
420
424
427
432
434
439
441
446
448
453
456
460
463
467
470
474
477
481
484
489
491
496
498
503
505
510
513
517
520
524
527
531
534
539
541
546
548
553
555
560
562
567
570
574
577
581
584
588
591
596
598
603
605
610
612
617
619
624
627
631
634
638
641
645
648
653
655
660
662
667
669
674
676
681
684
688
691
695
698
702
705
710
712
717
719
724
726
731
733
738
741
745
748
752
755
759
762
767
769
774
776
781
783
788
790
795
798
802
805
809
812
816
819
824
826
831
833
838
840
845
847
852
855
859
862
866
869
873
876
881
883
888
890
895
897
902
904
908
911
916
918
923
926
930
933
938
940
945
948
952
955
960
963
967
970
975
977
982
985
989
992
997
1000
1003
1008
1011
1015
1018
1023
1025
1030
1033
1037
1040
1045
1048
1051
1056
1059
1063
1066
1071
1073
1078
1081
1085
1088
1093
1096
1099
1104
1107
1111
1114
1119
1121
1126
1129
1133
1136
1141
1144
1147
1152
1155
1159
1162
1167
1169
1174
1177
1181
1184
1189
1192
1195
1200
1203
1207
1210
1215
1217
1222
1225
1229
1232
1237
1240
1243
1248
1251
1255
1258
1263
1265
1270
1273
1277
1280
1285
1288
1291
1296
1299
1303
1306
1311
1313
1318
1321
1325
1328
1333
1336
1339
1344
1347
1351
1354
1359
1361
1366
1369
1373
1376
1381
1384
1387
1392
1395
1399
1402
1407
1409
1414
1417
1421
1424
1429
1432
1435
1440
1443
1447
1450
1455
1457
1462
1465
1469
1472
1477
1480
1483
1488
1491
1495
1498
1503
1505
1510
1513
1517
1520
1525
1528
1531
1536
1539
1543
1546
1551
1553
1558
1561
1565
1568
1573
1576
1579
1584
1587
1591
1594
1599
1601
1606
1609
1613
1616
1621
1624
1627
1632
1635
1639
1642
1647
1649
1654
1657
1661
1664
1669
1672
1675
1680
1683
1687
1690
1695
1697
1702
1705
1709
1712
1717
1720
1723
1728
1731
1735
1738
1743
1745
1750
1753
1757
1760
1765
1768
1771
1776
1779
1783
1786
1791
1793
1798
1801
1805
1808
1813
1816
1819
1824
1827
1831
1834
1839
1843
1845
1850
1852
1856
1859
1863
1865
1870
1872
1876
1879
1883
1885
1890
1892
1896
1899
1903
1905
1910
1912
1917
1919
1923
1926
1930
1932
1937
1939
1943
1946
1950
1952
1957
1959
1963
1966
1970
1972
1977
1979
1984
1986
1990
1993
1997
1999
2004
2006
2010
2013
2017
2019
2024
2026
2030
2033
2037
2039
2044
2046
2050
2053
2057
2060
2064
2066
2071
2073
2077
2080
2084
2086
2091
2093
2097
2100
2104
2106
2111
2113
2117
2120
2124
2127
2131
2133
2138
2140
2144
2147
2151
2153
2158
2160
2164
2167
2171
2173
2178
2180
2184
2187
2191
2194
2198
2200
2205
2207
2211
2214
2218
2220
2225
2227
2231
2234
2238
2240
2245
2247
2251
2254
2258
2260
2265
2267
2272
2274
2278
2281
2285
2287
2292
2294
2298
2301
2305
2307
2312
2314
2318
2321
2325
2327
2332
2334
2339
2341
2345
2348
2352
2354
2359
2361
2365
2368
2372
2374
2379
2381
2385
2388
2392
2394
2399
2401
2406
2408
2412
2415
2419
2421
2426
2428
2432
2435
2439
2441
2446
2448
2452
2455
2459
2461
2466
2468
2472
2475
2479
2482
2486
2488
2493
2495
2499
2502
2506
2508
2513
2515
2519
2522
2526
2528
2533
2535
2539
2542
2546
2549
2553
2555
2560
2562
2566
2569
2573
2575
2580
2582
2586
2589
2593
2595
2600
2602
2606
2609
2613
2616
2620
2622
2627
2629
2633
2636
2640
2642
2647
2649
2653
2656
2660
2662
2667
2671
2674
2678
2681
2685
2688
2692
2695
2699
2702
2706
2709
2713
2716
2721
2723
2728
2730
2735
2737
2742
2744
2749
2751
2756
2758
2763
2766
2770
2773
2777
2780
2784
2787
2791
2794
2798
2801
2805
2808
2813
2815
2820
2822
2827
2829
2834
2836
2841
2843
2848
2850
2855
2857
2862
2865
2869
2872
2876
2879
2883
2886
2890
2893
2897
2900
2904
2907
2912
2914
2919
2921
2926
2928
2933
2935
2940
2942
2947
2949
2954
2957
2961
2964
2968
2971
2975
2978
2982
2985
2989
2992
2996
2999
3003
3006
3011
3013
3018
3020
3025
3027
3032
3034
3039
3041
3046
3048
3053
3056
3060
3063
3067
3070
3074
3077
3081
3084
3088
3091
3095
3098
3103
3105
3110
3112
3117
3119
3124
3126
3131
3133
3138
3140
3145
3147
3152
3155
3159
3162
3166
3169
3173
3176
3180
3183
3187
3190
3194
3197
3202
3204
3209
3211
3216
3218
3223
3225
3230
3232
3237
3239
3244
3247
3251
3254
3258
3261
3265
3268
3272
3275
3279
3282
3286
3289
3293
3296
3301
3303
3308
3310
3315
3317
3322
3324
3329
3331
3336
3338
3343
3346
3350
3353
3357
3360
3364
3367
3371
3374
3378
3381
3385
3388
3393
3395
3400
3402
3407
3409
3414
3416
3421
3423
3428
3430
3435
3437
3442
3445
3449
3452
3456
3459
3463
3466
3470
3473
3477
3480
3484
3487
3492
3494
3499
3501
3506
3508
3513
3515
3520
3522
3527
3529
3534
3537
3541
3544
3548
3551
3555
3558
3562
3565
3569
3572
3576
3579
3584
3586
3591
3593
3598
3600
3605
3607
3611
3613
3618
3620
3624
3627
3631
3634
3638
3640
3645
3647
3652
3654
3658
3661
3665
3668
3672
3674
3679
3681
3686
3688
3692
3695
3699
3702
3706
3708
3713
3715
3720
3722
3726
3729
3733
3736
3740
3742
3747
3749
3754
3756
3760
3763
3767
3770
3774
3776
3781
3783
3788
3790
3794
3797
3801
3804
3808
3810
3815
3817
3822
3824
3828
3831
3835
3838
3842
3844
3849
3851
3856
3858
3862
3865
3869
3872
3876
3878
3883
3885
3889
3892
3896
3899
3903
3905
3910
3912
3917
3919
3923
3926
3930
3933
3937
3939
3944
3946
3951
3953
3957
3960
3964
3967
3971
3973
3978
3980
3985
3987
3991
3994
3998
4001
4005
4007
4012
4014
4019
4021
4025
4028
4032
4035
4039
4041
4046
4048
4053
4055
4059
4062
4066
4069
4073
4075
4080
4082
4087
4089
4093
4096
4100
4103
4107
4109
4114
4116
4121
4123
4127
4130
4134
4137
4141
4143
4148
4150
4154
4157
4161
4164
4168
4170
4175
4177
4182
4184
4188
4191
4195
4198
4202
4204
4209
4211
4216
4218
4222
4225
4229
4232
4236
4238
4243
4245
4250
4252
4256
4259
4263
4266
4270
4272
4277
4279
4284
4286
4290
4293
4297
4300
4304
4306
4311
4313
4318
4320
4324
4327
4331
4334
4338
4340
4345
4347
4352
4354
4358
4361
4365
4368
4372
4374
4379
4381
4386
4388
4392
4395
4399
4402
4406
4408
4413
4415
4420
4422
4426
4429
4433
4435
4440
4442
4447
4449
4453
4456
4460
4463
4467
4469
4474
4476
4481
4483
4487
4490
4494
4497
4501
4503
4508
4510
4515
4517
4521
4524
4528
4531
4535
4537
4542
4544
4549
4551
4555
4558
4563
4566
4571
4573
4578
4581
4586
4589
4593
4596
4601
4604
4609
4611
4616
4619
4624
4627
4631
4634
4639
4642
4647
4649
4654
4657
4662
4665
4669
4672
4677
4680
4685
4687
4692
4695
4700
4703
4707
4710
4715
4718
4723
4726
4730
4733
4738
4741
4746
4748
4753
4756
4761
4764
4768
4771
4776
4779
4784
4786
4791
4794
4799
4802
4806
4809
4814
4817
4822
4824
4829
4832
4837
4840
4844
4847
4852
4855
4860
4862
4867
4870
4875
4878
4883
4885
4890
4893
4898
4901
4905
4908
4913
4916
4921
4923
4928
4931
4936
4939
4943
4946
4951
4954
4959
4961
4966
4969
4974
4977
4981
4984
4989
4992
4997
4999
5004
5007
5012
5015
5019
5022
5027
5030
5035
5038
5042
5045
5050
5053
5058
5060
5065
5068
5073
5076
5080
5083
5088
5091
5096
5098
5103
5106
5111
5114
5118
5121
5126
5129
5134
5136
5141
5144
5149
5152
5156
5159
5164
5167
5172
5174
5179
5182
5187
5190
5194
5197
5202
5205
5210
5213
5217
5220
5225
5228
5233
5235
5240
5245
5248
5253
5256
5261
5264
5269
5272
5277
5281
5286
5289
5294
5297
5302
5305
5310
5313
5318
5322
5327
5330
5335
5338
5343
5346
5351
5354
5359
5363
5368
5371
5376
5379
5384
5387
5392
5395
5400
5404
5409
5412
5417
5420
5425
5428
5433
5436
5441
5445
5450
5453
5458
5461
5466
5469
5474
5477
5482
5486
5491
5494
5499
5502
5507
5510
5515
5518
5523
5527
5532
5535
5540
5543
5548
5551
5556
5559
5564
5568
5573
5576
5581
5584
5589
5592
5597
5600
5606
5609
5614
5617
5622
5625
5630
5633
5638
5641
5647
5650
5655
5658
5663
5666
5671
5674
5679
5682
5688
5691
5696
5699
5704
5707
5712
5715
5720
5723
5729
5732
5737
5740
5745
5748
5753
5756
5761
5764
5770
5773
5778
5781
5786
5789
5794
5797
5802
5805
5811
5814
5819
5822
5827
5830
5835
5838
5843
5846
5852
5855
5860
5863
5868
5871
5876
5879
5884
5887
5893
5896
5901
5904
5909
5912
5917
5920
5925
5928
5934
5937
5942
5945
5950
5953
5958
5961
5966
5970
5975
5978
5983
5986
5991
5994
5999
6002
6007
6011
6016
6019
6024
6027
6032
6035
6040
6043
6048
6052
6057
6060
6065
6068
6073
6076
6081
6084
6089
6093
6098
6101
6106
6109
6114
6117
6122
6125
6130
6134
6139
6142
6147
6150
6154
6157
6161
6164
6169
6171
6176
6179
6183
6186
6191
6193
6198
6201
6205
6208
6212
6215
6220
6222
6227
6230
6234
6237
6242
6244
6249
6252
6256
6259
6263
6266
6271
6273
6278
6281
6285
6288
6293
6295
6300
6303
6307
6310
6314
6317
6322
6324
6329
6332
6336
6339
6344
6346
6351
6354
6358
6361
6365
6368
6373
6375
6380
6383
6387
6390
6395
6397
6402
6405
6409
6412
6416
6419
6424
6426
6431
6434
6438
6441
6446
6448
6453
6456
6460
6463
6467
6470
6475
6477
6482
6485
6489
6492
6497
6499
6504
6507
6511
6514
6518
6521
6526
6528
6533
6536
6540
6543
6548
6550
6555
6558
6562
6565
6569
6572
6577
6579
6584
6587
6591
6594
6599
6601
6606
6609
6613
6616
6620
6623
6628
6630
6635
6638
6642
6645
6650
6652
6657
6660
6664
6667
6671
6674
6679
6681
6686
6689
6693
6696
6701
6703
6708
6711
6715
6718
6722
6725
6730
6732
6737
6740
6744
6747
6752
6754
6759
6762
6766
6769
6773
6776
6781
6783
6788
6791
6795
6798
6803
6805
6810
6813
6817
6820
6824
6827
6832
6834
6839
6842
6846
6849
6854
6856
6861
6864
6868
6871
6875
6878
6883
6885
6890
6893
6897
6900
6905
6907
6912
6915
6919
6922
6926
6929
6934
6936
6941
6944
6948
6951
6956
6958
6963
6966
6970
6973
6977
6980
6985
6987
6992
6995
6999
7002
7007
7009
7014
7017
7021
7024
7028
7031
7036
7038
7043
7046
7050
7053
7058
7060
7065
7068
7072
7077
7080
7085
7088
7093
7096
7101
7104
7109
7112
7117
7120
7125
7128
7133
7136
7141
7144
7149
7152
7157
7160
7165
7168
7173
7176
7181
7184
7189
7192
7197
7200
7205
7208
7213
7216
7221
7224
7229
7232
7237
7240
7245
7248
7253
7256
7261
7264
7269
7273
7278
7281
7286
7289
7294
7297
7302
7305
7310
7313
7318
7321
7326
7329
7334
7337
7342
7345
7350
7353
7358
7361
7366
7369
7374
7377
7382
7385
7390
7393
7398
7401
7406
7409
7414
7417
7422
7425
7430
7433
7438
7441
7446
7449
7454
7457
7462
7465
7470
7474
7479
7482
7487
7490
7495
7498
7503
7506
7511
7514
7519
7522
7527
7530
7535
7538
7543
7546
7551
7554
7559
7562
7567
7570
7575
7578
7583
7586
7591
7594
7599
7602
7607
7610
7615
7618
7623
7626
7631
7634
7639
7642
7647
7650
7655
7658
7663
7666
7671
7675
7680
7683
7688
7691
7696
7699
7704
7707
7712
7715
7720
7723
7728
7731
7736
7739
7744
7747
7752
7755
7760
7763
7768
7771
7776
7779
7784
7787
7792
7795
7800
7803
7808
7811
7816
7819
7824
7827
7832
7835
7840
7843
7848
7851
7856
7859
7864
7867
7872
7876
7881
7884
7889
7892
7897
7900
7905
7908
7913
7916
7921
7924
7929
7932
7937
7940
7944
7947
7952
7955
7960
7963
7968
7971
7976
7979
7984
7987
7992
7995
8000
8003
8008
8011
8015
8018
8023
8026
8031
8034
8039
8042
8047
8050
8055
8058
8063
8066
8071
8074
8079
8082
8087
8090
8093
8098
8101
8106
8109
8114
8117
8122
8125
8130
8133
8138
8141
8146
8149
8154
8157
8162
8165
8168
8173
8176
8181
8184
8189
8192
8197
8200
8205
8208
8213
8216
8221
8224
8229
8232
8237
8240
8243
8248
8251
8256
8259
8264
8267
8272
8275
8280
8283
8288
8291
8296
8299
8304
8307
8312
8315
8318
8323
8326
8331
8334
8339
8342
8347
8350
8355
8358
8363
8366
8371
8374
8379
8382
8387
8390
8393
8398
8401
8406
8409
8414
8417
8422
8425
8430
8433
8438
8441
8446
8449
8454
8457
8462
8465
8468
8473
8476
8481
8484
8489
8492
8497
8500
8505
8508
8513
8516
8521
8524
8529
8532
8537
8540
8543
8548
8551
8556
8559
8564
8567
8572
8575
8580
8583
8588
8591
8596
8599
8604
8607
8612
8615
8618
8623
8626
8631
8634
8639
8642
8647
8650
8655
8658
8663
8666
8671
8674
8679
8682
8687
8690
8693
8698
8701
8706
8709
8714
8718
8721
8726
8728
8733
8736
8740
8743
8748
8750
8755
8758
8763
8765
8770
8773
8777
8780
8785
8787
8792
8795
8800
8802
8807
8810
8814
8817
8822
8824
8829
8832
8837
8839
8844
8847
8851
8854
8859
8861
8866
8869
8874
8876
8881
8884
8888
8891
8896
8898
8903
8906
8911
8913
8918
8921
8925
8928
8933
8935
8940
8943
8948
8950
8955
8958
8962
8965
8970
8972
8977
8980
8985
8987
8992
8995
8999
9002
9007
9009
9014
9017
9022
9024
9029
9032
9036
9039
9044
9046
9051
9054
9059
9061
9066
9069
9073
9076
9081
9083
9088
9091
9096
9098
9103
9106
9110
9113
9118
9120
9125
9128
9133
9135
9140
9143
9147
9150
9155
9157
9162
9165
9169
9172
9177
9180
9184
9187
9192
9194
9199
9202
9206
9209
9214
9217
9221
9224
9229
9231
9236
9239
9243
9246
9251
9254
9258
9261
9266
9268
9273
9276
9280
9283
9288
9291
9295
9298
9303
9305
9310
9313
9317
9320
9325
9328
9332
9335
9340
9342
9347
9350
9354
9357
9362
9365
9369
9372
9377
9379
9384
9387
9391
9394
9399
9402
9406
9409
9414
9416
9421
9424
9428
9431
9436
9439
9443
9446
9450
9453
9458
9461
9466
9469
9474
9477
9481
9484
9489
9492
9497
9500
9505
9508
9512
9515
9520
9523
9528
9531
9536
9539
9543
9546
9551
9554
9559
9562
9567
9570
9574
9577
9582
9585
9590
9593
9598
9601
9605
9608
9613
9616
9621
9624
9629
9632
9636
9639
9644
9647
9652
9655
9660
9663
9668
9670
9675
9678
9683
9686
9691
9694
9699
9701
9706
9709
9714
9717
9722
9725
9730
9732
9737
9740
9745
9748
9753
9756
9761
9763
9768
9771
9776
9779
9784
9787
9792
9794
9799
9802
9807
9810
9815
9818
9823
9825
9830
9833
9838
9841
9846
9849
9854
9856
9861
9864
9869
9872
9877
9880
9885
9888
9892
9895
9900
9903
9908
9911
9916
9919
9923
9926
9931
9934
9939
9942
9947
9950
9954
9957
9962
9965
9970
9973
9978
9981
9985
9988
9993
9996
10001
10004
10009
10012
10016
10019
10024
10027
10032
10035
10040
10043
10047
10050
10055
10058
10063
10066
10071
10074
10078
10081
10086
10089
10094
10097
10102
10105
10110
10112
10117
10120
10125
10128
10133
10136
10141
10143
10148
10151
10156
10159
10164
10167
10172
10174
10179
10182
10187
10190
10195
10198
10203
10205
10210
10213
10218
10221
10226
10229
10234
10236
10241
10244
10249
10252
10257
10260
10265
10267
10272
10275
10279
10282
10286
10289
10294
10296
10301
10304
10308
10311
10315
10318
10323
10325
10330
10333
10337
10340
10345
10347
10352
10354
10359
10362
10366
10369
10374
10376
10381
10384
10388
10391
10395
10398
10403
10405
10410
10413
10417
10420
10425
10427
10432
10434
10439
10442
10446
10449
10454
10456
10461
10464
10468
10471
10475
10478
10483
10485
10490
10493
10497
10500
10505
10507
10512
10514
10519
10522
10526
10529
10534
10536
10541
10544
10548
10551
10555
10558
10563
10565
10570
10573
10577
10580
10584
10587
10592
10594
10599
10602
10606
10609
10614
10616
10621
10623
10628
10631
10635
10638
10643
10645
10650
10653
10657
10660
10664
10667
10672
10674
10679
10682
10686
10689
10694
10696
10701
10703
10708
10711
10715
10718
10723
10725
10730
10733
10737
10740
10744
10747
10752
10754
10759
10762
10766
10769
10774
10776
10781
10783
10788
10791
10795
10798
10803
10805
10810
10813
10817
10820
10824
10827
10832
10834
10839
10842
10846
10849
10854
10856
10861
10863
10868
10871
10875
10878
10883
10885
10890
10892
10897
10900
10904
10907
10912
10914
10919
10922
10926
10929
10933
10936
10941
10943
10948
10951
10955
10958
10963
10965
10970
10972
10977
10980
10984
10987
10992
10994
10999
11003
11005
11009
11012
11016
11018
11023
11025
11029
11032
11036
11038
11043
11045
11049
11052
11056
11058
11063
11065
11069
11072
11076
11078
11083
11085
11089
11092
11096
11098
11103
11105
11109
11112
11116
11118
11123
11125
11129
11132
11136
11138
11143
11145
11149
11152
11156
11158
11163
11165
11169
11172
11176
11178
11183
11185
11189
11192
11196
11198
11203
11205
11209
11212
11216
11218
11223
11225
11229
11232
11236
11238
11243
11245
11249
11252
11256
11258
11263
11265
11269
11272
11276
11278
11283
11285
11289
11292
11296
11298
11303
11305
11309
11312
11316
11318
11323
11325
11329
11332
11336
11338
11343
11345
11349
11352
11356
11358
11363
11365
11369
11372
11376
11378
11383
11385
11389
11392
11396
11398
11402
11405
11409
11411
11416
11418
11422
11425
11429
11431
11436
11438
11442
11445
11449
11451
11456
11458
11462
11465
11469
11471
11476
11478
11482
11485
11489
11491
11496
11498
11502
11505
11509
11511
11516
11518
11522
11525
11529
11531
11536
11538
11542
11545
11549
11551
11556
11558
11562
11565
11569
11571
11576
11578
11582
11585
11589
11591
11596
11598
11602
11605
11609
11611
11616
11618
11622
11625
11629
11631
11636
11638
11642
11645
11649
11651
11656
11658
11662
11665
11669
11671
11676
11678
11682
11685
11689
11691
11696
11698
11702
11705
11709
11711
11716
11718
11722
11725
11729
11731
11736
11738
11742
11745
11749
11751
11756
11758
11762
11765
11769
11771
11776
11778
11782
11785
11789
11791
11796
11798
11802
11804
11809
11811
11815
11818
11822
11824
11829
11831
11835
11838
11842
11844
11849
11851
11855
11858
11862
11864
11868
11871
11875
11878
11883
11885
11890
11892
11897
11900
11904
11907
11912
11914
11919
11921
11926
11929
11933
11936
11941
11943
11948
11950
11955
11958
11962
11965
11970
11972
11977
11979
11984
11987
11991
11994
11998
12001
12006
12008
12013
12016
12020
12023
12027
12030
12035
12037
12042
12045
12049
12052
12056
12059
12064
12066
12071
12074
12078
12081
12085
12088
12093
12095
12100
12102
12107
12110
12114
12117
12122
12124
12129
12131
12136
12139
12143
12146
12151
12153
12158
12160
12165
12168
12172
12175
12180
12182
12187
12189
12194
12197
12201
12204
12208
12211
12216
12218
12223
12226
12230
12233
12237
12240
12245
12247
12252
12255
12259
12262
12266
12269
12274
12276
12281
12284
12288
12291
12295
12298
12303
12305
12310
12313
12317
12320
12324
12327
12332
12334
12339
12341
12346
12349
12353
12356
12361
12363
12368
12370
12375
12378
12382
12385
12390
12392
12397
12399
12404
12407
12411
12414
12419
12421
12426
12428
12433
12436
12440
12443
12447
12450
12455
12457
12462
12465
12469
12472
12476
12479
12484
12486
12491
12494
12498
12501
12505
12508
12513
12515
12520
12523
12527
12530
12534
12537
12542
12544
12549
12551
12556
12559
12563
12566
12571
12573
12578
12580
12585
12588
12592
12595
12600
12602
12607
12609
12614
12617
12621
12624
12629
12631
12636
12638
12643
12646
12650
12653
12657
12660
12665
12667
12672
12675
12679
12682
12686
12689
12694
12696
12701
12704
12708
12711
12715
12718
12723
12725
12730
12733
12737
12740
12744
12748
12750
12755
12757
12762
12764
12768
12771
12775
12778
12782
12785
12789
12791
12796
12798
12803
12805
12809
12812
12816
12819
12823
12826
12830
12832
12837
12839
12844
12846
12851
12853
12857
12860
12864
12867
12871
12873
12878
12880
12885
12887
12892
12894
12898
12901
12905
12908
12912
12915
12919
12921
12926
12928
12933
12935
12939
12942
12946
12949
12953
12956
12960
12962
12967
12969
12974
12976
12981
12983
12987
12990
12994
12997
13001
13003
13008
13010
13015
13017
13022
13024
13028
13031
13035
13038
13042
13045
13049
13051
13056
13058
13063
13065
13069
13072
13076
13079
13083
13086
13090
13092
13097
13099
13104
13106
13111
13113
13117
13120
13124
13127
13131
13133
13138
13140
13145
13147
13152
13154
13158
13161
13165
13168
13172
13175
13179
13181
13186
13188
13193
13195
13199
13202
13206
13209
13213
13216
13220
13222
13227
13229
13234
13236
13241
13243
13247
13250
13254
13257
13261
13263
13268
13270
13275
13277
13282
13284
13288
13291
13295
13298
13302
13305
13309
13311
13316
13318
13323
13325
13329
13332
13336
13339
13343
13346
13350
13352
13357
13359
13364
13366
13370
13373
13377
13380
13384
13387
13391
13393
13398
13400
13405
13407
13412
13414
13418
13421
13425
13428
13432
13434
13439
13441
13446
13448
13453
13455
13459
13462
13466
13469
13473
13476
13480
13482
13487
13489
13494
13496
13500
13503
13507
13510
13514
13517
13521
13523
13528
13530
13535
13537
13542
13544
13548
13551
13555
13558
13562
13564
13569
13571
13576
13578
13583
13585
13589
13592
13596
13599
13603
13606
13610
13612
13617
13619
13624
13626
13630
13633
13637
13640
13644
13647
13651
13653
13658
13660
13665
13667
13672
13674
13678
13681
13685
13688
13692
13695
13699
13702
13706
13709
13714
13716
13721
13723
13728
13730
13735
13738
13742
13745
13749
13752
13756
13759
13764
13766
13771
13773
13778
13780
13785
13788
13792
13795
13799
13802
13806
13809
13814
13816
13821
13823
13828
13830
13835
13838
13842
13845
13849
13852
13856
13859
13864
13866
13871
13873
13878
13880
13885
13888
13892
13895
13899
13902
13906
13909
13914
13916
13921
13923
13928
13931
13935
13938
13942
13945
13949
13952
13957
13959
13964
13966
13971
13973
13978
13981
13985
13988
13992
13995
13999
14002
14007
14009
14014
14016
14021
14023
14028
14031
14035
14038
14042
14045
14049
14052
14057
14059
14064
14066
14071
14073
14078
14081
14085
14088
14092
14095
14099
14102
14107
14109
14114
14116
14121
14123
14128
14131
14135
14138
14142
14145
14149
14152
14157
14159
14164
14166
14171
14174
14178
14181
14185
14188
14192
14195
14200
14202
14207
14209
14214
14216
14221
14224
14228
14231
14235
14238
14242
14245
14250
14252
14257
14259
14264
14266
14271
14274
14278
14281
14285
14288
14292
14295
14300
14302
14307
14309
14314
14318
14321
14326
14329
14334
14337
14342
14344
14349
14352
14357
14360
14365
14368
14373
14375
14380
14383
14388
14391
14396
14399
14404
14406
14411
14414
14419
14422
14427
14430
14435
14437
14442
14445
14450
14453
14458
14461
14466
14468
14473
14476
14481
14484
14489
14492
14497
14499
14504
14507
14512
14515
14520
14523
14528
14530
14535
14538
14543
14546
14551
14554
14559
14561
14566
14569
14574
14577
14582
14585
14590
14592
14597
14600
14605
14608
14613
14616
14621
14623
14628
14631
14636
14639
14644
14647
14651
14654
14659
14662
14667
14670
14675
14678
14682
14685
14690
14693
14698
14701
14706
14709
14713
14716
14721
14724
14729
14732
14737
14740
14744
14747
14752
14755
14760
14763
14768
14771
14775
14778
14783
14786
14791
14794
14799
14802
14806
14809
14814
14817
14822
14825
14830
14833
14837
14840
14845
14848
14853
14856
14861
14864
14868
14871
14876
14879
14884
14887
14892
14895
14899
14902
14907
14910
14915
14918
14923
14926
14930
14933
14938
14941
14946
14949
14954
14956
14961
14964
14969
14972
14977
14980
14985
14987
14992
14995
15000
15003
15008
15011
15016
15018
15023
15026
15031
15034
15039
15042
15047
15049
15054
15057
15062
15065
15070
15073
15078
15080
15085
15088
15093
15096
15101
15104
15109
15111
15116
15119
15124
15127
15132
15135
15140
15142
15147
15150
15155
15158
15163
15166
15171
15173
15178
15181
15186
15189
15193
15196
15201
15203
15208
15211
15215
15218
15223
15225
15230
15233
15237
15240
15245
15247
15252
15255
15260
15262
15267
15270
15274
15277
15282
15284
15289
15292
15296
15299
15304
15306
15311
15314
15318
15321
15326
15329
15333
15336
15341
15343
15348
15351
15355
15358
15363
15365
15370
15373
15377
15380
15385
15387
15392
15395
15400
15402
15407
15410
15414
15417
15422
15424
15429
15432
15436
15439
15444
15446
15451
15454
15458
15461
15466
15469
15473
15476
15481
15483
15488
15491
15495
15498
15503
15505
15510
15513
15517
15520
15525
15527
15532
15535
15540
15542
15547
15550
15554
15557
15562
15564
15569
15572
15576
15579
15584
15586
15591
15594
15598
15601
15606
15609
15613
15616
15621
15623
15628
15631
15635
15638
15643
15645
15650
15653
15657
15660
15665
15667
15672
15675
15680
15682
15687
15690
15694
15697
15702
15704
15709
15712
15716
15719
15724
15726
15731
15734
15738
15741
15746
15749
15753
15756
15761
15763
15768
15771
15775
15778
15783
15785
15790
15793
15797
15800
15805
15807
15812
15815
15820
15822
15827
15830
15834
15837
15842
15844
15849
15852
15856
15859
15864
15866
15871
15874
15878
15881
15886
15889
15893
15896
15901
15903
15908
15911
15915
15918
15923
15925
15930
15933
15937
15940
15945
15947
15952
15955
15960
15962
15967
15970
15974
15977
15982
15984
15989
15992
15996
15999
16004
16006
16011
16014
16018
16021
16026
16029
16033
16036
16041
16043
16048
16051
16055
16058
16063
16065
16070
16073
16077
16080
16085
16087
16092
16095
16100
16102
16107
16111
16114
16118
16121
16125
16128
16132
16135
16139
16142
16146
16149
16153
16156
16160
16163
16167
16170
16174
16177
16182
16184
16189
16191
16196
16198
16203
16205
16210
16212
16217
16219
16224
16226
16231
16233
16238
16240
16245
16248
16252
16255
16259
16262
16266
16269
16273
16276
16280
16283
16287
16290
16294
16297
16301
16304
16308
16311
16316
16318
16323
16325
16330
16332
16337
16339
16344
16346
16351
16353
16358
16360
16365
16367
16372
16374
16379
16382
16386
16389
16393
16396
16400
16403
16407
16410
16414
16417
16421
16424
16428
16431
16435
16438
16442
16445
16450
16452
16457
16459
16464
16466
16471
16473
16478
16480
16485
16487
16492
16494
16499
16501
16506
16508
16513
16516
16520
16523
16527
16530
16534
16537
16541
16544
16548
16551
16555
16558
16562
16565
16569
16572
16576
16579
16584
16586
16591
16593
16598
16600
16605
16607
16612
16614
16619
16621
16626
16628
16633
16635
16640
16642
16647
16650
16654
16657
16661
16664
16668
16671
16675
16678
16682
16685
16689
16692
16696
16699
16703
16706
16710
16713
16718
16720
16725
16727
16732
16734
16739
16741
16746
16748
16753
16755
16760
16762
16767
16769
16774
16776
16781
16784
16788
16791
16795
16798
16802
16805
16809
16812
16816
16819
16823
16826
16830
16833
16837
16840
16844
16847
16852
16854
16859
16861
16866
16868
16873
16875
16880
16882
16887
16889
16894
16896
16901
16903
16908
16910
16915
16918
16922
16925
16929
16932
16936
16939
16943
16946
16950
16953
16957
16960
16964
16967
16971
16974
16978
16981
16986
16988
16993
16996
17001
17004
17009
17012
17017
17020
17026
17029
17034
17037
17042
17045
17050
17053
17058
17062
17067
17070
17075
17078
17083
17086
17091
17095
17100
17103
17108
17111
17116
17119
17124
17127
17133
17136
17141
17144
17149
17152
17157
17160
17166
17169
17174
17177
17182
17185
17190
17193
17198
17202
17207
17210
17215
17218
17223
17226
17231
17234
17240
17243
17248
17251
17256
17259
17264
17267
17273
17276
17281
17284
17289
17292
17297
17300
17305
17309
17314
17317
17322
17325
17330
17333
17338
17342
17347
17350
17355
17358
17363
17366
17371
17374
17380
17383
17388
17391
17396
17399
17404
17407
17413
17416
17421
17424
17429
17432
17437
17440
17445
17449
17454
17457
17462
17465
17470
17473
17478
17481
17487
17490
17495
17498
17503
17506
17511
17514
17520
17523
17528
17531
17536
17539
17544
17547
17552
17556
17561
17564
17569
17572
17577
17580
17585
17589
17594
17597
17602
17605
17610
17613
17618
17621
17627
17630
17635
17638
17643
17646
17651
17654
17660
17663
17668
17671
17676
17679
17684
17687
17692
17696
17701
17704
17709
17712
17717
17720
17725
17728
17734
17737
17742
17745
17750
17753
17758
17761
17767
17770
17775
17778
17783
17786
17791
17794
17799
17803
17808
17811
17816
17819
17824
17827
17832
17836
17841
17844
17849
17852
17857
17860
17865
17868
17874
17877
17882
17885
17890
17893
17898
17901
17907
17910
17915
17919
17921
17926
17928
17933
17935
17940
17942
17947
17949
17954
17956
17961
17963
17968
17970
17975
17977
17982
17984
17989
17991
17996
17998
18003
18005
18010
18012
18017
18019
18024
18026
18031
18033
18038
18040
18045
18047
18052
18054
18059
18061
18066
18068
18073
18075
18080
18082
18087
18089
18094
18096
18101
18103
18108
18110
18115
18117
18122
18124
18129
18131
18136
18138
18143
18145
18150
18152
18157
18159
18164
18166
18171
18173
18178
18180
18185
18187
18192
18194
18199
18201
18206
18208
18213
18215
18220
18222
18227
18229
18234
18236
18241
18243
18248
18250
18255
18257
18262
18264
18269
18271
18276
18278
18283
18285
18290
18292
18297
18299
18303
18306
18310
18313
18317
18320
18324
18327
18331
18334
18338
18341
18345
18348
18352
18355
18359
18362
18366
18369
18373
18376
18380
18383
18387
18390
18394
18397
18401
18404
18408
18411
18415
18418
18422
18425
18429
18432
18436
18439
18443
18446
18450
18453
18457
18460
18464
18467
18471
18474
18478
18481
18485
18488
18492
18495
18499
18502
18506
18509
18513
18516
18520
18523
18527
18530
18534
18537
18541
18544
18548
18551
18555
18558
18562
18565
18569
18572
18576
18579
18583
18586
18590
18593
18597
18600
18604
18607
18611
18614
18618
18621
18625
18628
18632
18635
18639
18642
18646
18649
18653
18656
18660
18663
18667
18670
18674
18677
18681
18684
18688
18690
18695
18697
18702
18704
18709
18711
18716
18718
18723
18725
18730
18732
18737
18739
18744
18746
18751
18753
18758
18760
18765
18767
18772
18774
18779
18781
18786
18788
18793
18797
18800
18804
18807
18811
18814
18818
18821
18825
18828
18832
18835
18839
18842
18846
18849
18853
18856
18860
18863
18867
18870
18874
18877
18882
18884
18889
18891
18896
18898
18903
18905
18910
18912
18917
18919
18924
18926
18931
18933
18938
18940
18945
18947
18952
18954
18959
18961
18966
18969
18973
18976
18980
18983
18987
18990
18994
18997
19001
19004
19008
19011
19015
19018
19022
19025
19029
19032
19036
19039
19043
19046
19050
19053
19058
19060
19065
19067
19072
19074
19079
19081
19086
19088
19093
19095
19100
19102
19107
19109
19114
19116
19121
19123
19128
19130
19135
19137
19142
19145
19149
19152
19156
19159
19163
19166
19170
19173
19177
19180
19184
19187
19191
19194
19198
19201
19205
19208
19212
19215
19219
19222
19226
19229
19234
19236
19241
19243
19248
19250
19255
19257
19262
19264
19269
19271
19276
19278
19283
19285
19290
19292
19297
19299
19304
19306
19311
19313
19318
19321
19325
19328
19332
19335
19339
19342
19346
19349
19353
19356
19360
19363
19367
19370
19374
19377
19381
19384
19388
19391
19395
19398
19402
19405
19410
19412
19417
19419
19424
19426
19431
19433
19438
19440
19445
19447
19452
19454
19459
19461
19466
19468
19473
19475
19480
19482
19487
19489
19494
19497
19501
19504
19508
19511
19515
19518
19522
19525
19529
19532
19536
19539
19543
19546
19550
19553
19557
19560
19564
19568
19571
19576
19578
19583
19586
19590
19593
19598
19600
19605
19608
19613
19615
19620
19623
19627
19630
19635
19637
19642
19645
19650
19652
19657
19660
19664
19667
19672
19674
19679
19682
19686
19689
19694
19697
19701
19704
19709
19711
19716
19719
19723
19726
19731
19734
19738
19741
19746
19748
19753
19756
19760
19763
19768
19770
19775
19778
19783
19785
19790
19793
19797
19800
19805
19807
19812
19815
19820
19822
19827
19830
19834
19837
19842
19844
19849
19852
19856
19859
19864
19867
19871
19874
19879
19881
19886
19889
19893
19896
19901
19904
19908
19911
19916
19918
19923
19926
19930
19933
19938
19940
19945
19948
19953
19955
19960
19963
19967
19970
19975
19977
19982
19985
19990
19992
19997
20000
20004
20007
20012
20014
20019
20022
20026
20029
20034
20037
20041
20044
20049
20051
20056
20059
20063
20066
20071
20074
20078
20081
20086
20088
20093
20096
20100
20103
20108
20110
20115
20118
20123
20125
20130
20133
20137
20140
20145
20147
20152
20155
20160
20162
20167
20170
20174
20177
20182
20184
20189
20192
20196
20199
20204
20207
20211
20214
20219
20221
20226
20229
20233
20236
20241
20244
20248
20250
20255
20257
20261
20264
20268
20270
20275
20277
20281
20284
20288
20290
20295
20297
20301
20304
20308
20311
20315
20317
20322
20324
20328
20331
20335
20337
20342
20344
20348
20351
20355
20357
20362
20364
20368
20371
20375
20378
20382
20384
20389
20391
20395
20398
20402
20404
20409
20411
20415
20418
20422
20424
20429
20431
20436
20438
20442
20445
20449
20451
20456
20458
20462
20465
20469
20471
20476
20478
20482
20485
20489
20491
20496
20498
20503
20505
20509
20512
20516
20518
20523
20525
20529
20532
20536
20538
20543
20545
20549
20552
20556
20558
20563
20565
20570
20572
20576
20579
20583
20585
20590
20592
20596
20599
20603
20605
20610
20612
20616
20619
20623
20626
20630
20632
20637
20639
20643
20646
20650
20652
20657
20659
20663
20666
20670
20672
20677
20679
20683
20686
20690
20693
20697
20699
20704
20706
20710
20713
20717
20719
20724
20726
20730
20733
20737
20739
20744
20746
20751
20753
20757
20760
20764
20766
20771
20773
20777
20780
20784
20786
20791
20793
20797
20800
20804
20806
20811
20813
20818
20820
20824
20827
20831
20833
20838
20840
20844
20847
20851
20853
20858
20860
20864
20867
20871
20873
20878
20880
20885
20887
20891
20894
20898
20900
20905
20907
20911
20914
20918
20920
20925
20927
20931
20934
20938
20941
20945
20947
20952
20954
20958
20961
20965
20967
20972
20974
20978
20981
20985
20987
20992
20994
20998
21001
21005
21008
21012
21014
21019
21021
21025
21028
21032
21034
21039
21041
21045
21048
21052
21054
21059
21061
21065
21068
21072
21075
21079
21081
21086
21088
21092
21095
21099
21101
21106
21108
21112
21115
21119
21121
21126
21128
21133
21137
21140
21145
21148
21153
21156
21161
21164
21169
21171
21176
21179
21184
21187
21192
21195
21200
21203
21207
21210
21215
21218
21223
21226
21231
21234
21239
21241
21246
21249
21254
21257
21262
21265
21270
21273
21277
21280
21285
21288
21293
21296
21301
21304
21309
21311
21316
21319
21324
21327
21332
21335
21340
21343
21348
21350
21355
21358
21363
21366
21371
21374
21379
21382
21386
21389
21394
21397
21402
21405
21410
21413
21418
21420
21425
21428
21433
21436
21441
21444
21449
21452
21456
21459
21464
21467
21472
21475
21480
21483
21488
21490
21495
21498
21503
21506
21511
21514
21519
21522
21526
21529
21534
21537
21542
21545
21550
21553
21558
21561
21565
21568
21573
21576
21581
21584
21589
21592
21597
21599
21604
21607
21612
21615
21620
21623
21628
21631
21635
21638
21643
21646
21651
21654
21659
21662
21667
21669
21674
21677
21682
21685
21690
21693
21698
21701
21705
21708
21713
21716
21721
21724
21729
21732
21737
21740
21744
21747
21752
21755
21760
21763
21768
21771
21776
21778
21783
21786
21791
21794
21799
21802
21807
21810
21814
21817
21822
21825
21830
21833
21838
21841
21846
21848
21853
21856
21861
21864
21869
21872
21877
21880
21884
21887
21892
21895
21900
21903
21908
21911
21916
21918
21923
21926
21931
21934
21939
21942
21946
21949
21953
21956
21960
21963
21967
21970
21974
21977
21981
21984
21989
21991
21996
21998
22003
22005
22010
22012
22017
22019
22024
22027
22031
22034
22038
22041
22045
22048
22052
22055
22059
22062
22066
22069
22074
22076
22081
22083
22088
22090
22095
22097
22102
22104
22109
22112
22116
22119
22123
22126
22130
22133
22137
22140
22144
22147
22151
22154
22159
22161
22166
22168
22173
22175
22180
22182
22187
22189
22194
22197
22201
22204
22208
22211
22215
22218
22222
22225
22229
22232
22236
22239
22244
22246
22251
22253
22258
22260
22265
22267
22272
22274
22279
22282
22286
22289
22293
22296
22300
22303
22307
22310
22314
22317
22321
22324
22329
22331
22336
22338
22343
22345
22350
22352
22357
22359
22364
22367
22371
22374
22378
22381
22385
22388
22392
22395
22399
22402
22406
22409
22414
22416
22421
22423
22428
22430
22435
22437
22442
22444
22449
22452
22456
22459
22463
22466
22470
22473
22477
22480
22484
22487
22491
22494
22499
22501
22506
22508
22513
22515
22520
22522
22527
22529
22534
22537
22541
22544
22548
22552
22554
22558
22561
22565
22567
22572
22574
22578
22581
22585
22587
22592
22594
22598
22601
22605
22607
22612
22614
22618
22621
22625
22627
22632
22634
22638
22641
22645
22647
22652
22654
22658
22661
22665
22667
22672
22674
22678
22681
22685
22687
22692
22694
22698
22700
22705
22707
22711
22714
22718
22720
22725
22727
22731
22734
22738
22740
22745
22747
22751
22754
22758
22760
22765
22767
22771
22774
22778
22780
22785
22787
22791
22794
22798
22800
22805
22807
22811
22814
22818
22820
22825
22827
22831
22834
22838
22840
22845
22847
22851
22853
22858
22860
22864
22867
22871
22873
22878
22880
22884
22887
22891
22893
22898
22900
22904
22907
22911
22913
22918
22920
22924
22927
22931
22933
22938
22940
22944
22947
22951
22953
22958
22960
22964
22967
22971
22973
22978
22980
22984
22987
22991
22993
22998
23000
23004
23006
23011
23013
23017
23020
23024
23026
23031
23033
23037
23040
23044
23046
23051
23053
23057
23060
23064
23066
23071
23073
23077
23080
23084
23086
23091
23093
23097
23100
23104
23106
23111
23113
23117
23120
23124
23126
23131
23133
23137
23140
23144
23146
23150
23153
23157
23159
23164
23166
23170
23173
23177
23179
23184
23186
23190
23195
23198
23203
23206
23211
23215
23220
23223
23228
23231
23236
23240
23245
23248
23253
23256
23261
23265
23270
23273
23278
23281
23286
23290
23295
23298
23303
23306
23311
23315
23320
23323
23328
23331
23336
23340
23345
23348
23353
23356
23361
23365
23370
23373
23378
23381
23386
23390
23395
23398
23403
23406
23411
23415
23420
23423
23428
23431
23437
23440
23445
23448
23453
23456
23462
23465
23470
23473
23478
23481
23487
23490
23495
23498
23503
23506
23512
23515
23520
23523
23528
23531
23537
23540
23545
23548
23553
23556
23562
23565
23570
23573
23578
23581
23587
23590
23595
23598
23603
23606
23612
23615
23620
23623
23628
23631
23637
23640
23645
23648
23653
23656
23662
23665
23670
23673
23678
23682
23687
23690
23695
23698
23703
23707
23712
23715
23720
23723
23728
23732
23737
23740
23745
23748
23753
23757
23762
23765
23770
23773
23778
23782
23787
23790
23795
23798
23803
23807
23812
23815
23820
23823
23828
23832
23837
23840
23845
23848
23852
23855
23860
23863
23867
23870
23875
23878
23882
23885
23890
23893
23898
23900
23905
23908
23913
23915
23920
23923
23928
23931
23935
23938
23943
23946
23950
23953
23958
23961
23966
23968
23973
23976
23981
23983
23988
23991
23996
23999
24003
24006
24011
24014
24018
24021
24026
24029
24034
24036
24041
24044
24049
24051
24056
24059
24064
24067
24071
24074
24079
24082
24086
24089
24094
24097
24102
24104
24109
24112
24117
24119
24124
24127
24132
24135
24139
24142
24147
24150
24154
24157
24162
24165
24170
24172
24177
24180
24185
24187
24192
24195
24200
24203
24207
24210
24215
24218
24222
24225
24230
24233
24238
24240
24245
24248
24253
24255
24260
24263
24268
24271
24275
24278
24283
24286
24290
24293
24298
24301
24306
24308
24313
24316
24321
24323
24328
24331
24336
24339
24343
24346
24351
24354
24358
24361
24366
24369
24374
24376
24381
24384
24389
24391
24396
24399
24404
24407
24411
24414
24419
24422
24426
24429
24434
24437
24442
24444
24449
24452
24457
24459
24464
24467
24472
24475
24479
24482
24487
24490
24494
24497
24502
24505
24510
24512
24517
24520
24525
24527
24532
24535
24540
24542
24547
24550
24555
24558
24562
24565
24570
24573
24577
24580
24585
24588
24593
24595
24600
24603
24608
24610
24615
24618
24623
24626
24630
24633
24638
24641
24645
24648
24653
24656
24661
24663
24668
24671
24676
24678
24683
24686
24691
24694
24698
24701
24706
24710
24713
24717
24720
24725
24727
24732
24735
24739
24742
24746
24749
24754
24756
24761
24764
24768
24771
24776
24778
24783
24785
24790
24793
24797
24800
24805
24807
24812
24814
24819
24822
24826
24829
24834
24836
24841
24844
24848
24851
24855
24858
24863
24865
24870
24873
24877
24880
24885
24887
24892
24894
24899
24902
24906
24909
24914
24916
24921
24923
24928
24931
24935
24938
24943
24945
24950
24953
24957
24960
24964
24967
24972
24974
24979
24982
24986
24989
24994
24996
25001
25003
25008
25011
25015
25018
25023
25025
25030
25032
25037
25040
25044
25047
25052
25054
25059
25062
25066
25069
25073
25076
25081
25083
25088
25091
25095
25098
25103
25105
25110
25112
25117
25120
25124
25127
25132
25134
25139
25141
25146
25149
25153
25156
25161
25163
25168
25171
25175
25178
25182
25185
25190
25192
25197
25200
25204
25207
25211
25214
25219
25221
25226
25229
25233
25236
25241
25243
25248
25250
25255
25258
25262
25265
25270
25272
25277
25280
25284
25287
25291
25294
25299
25301
25306
25309
25313
25316
25320
25323
25328
25330
25335
25339
25342
25347
25350
25355
25358
25363
25366
25371
25374
25379
25382
25387
25390
25395
25398
25403
25406
25411
25414
25419
25422
25427
25430
25435
25438
25443
25446
25451
25454
25459
25462
25467
25470
25475
25478
25483
25486
25491
25494
25499
25502
25507
25510
25515
25518
25523
25526
25531
25534
25539
25542
25547
25550
25555
25558
25563
25566
25571
25574
25579
25582
25587
25590
25595
25598
25603
25606
25611
25614
25619
25622
25627
25630
25635
25638
25643
25646
25651
25654
25659
25662
25667
25670
25675
25678
25683
25686
25691
25694
25699
25702
25707
25710
25715
25718
25723
25726
25731
25734
25739
25742
25747
25750
25755
25758
25763
25766
25771
25774
25779
25782
25787
25790
25795
25798
25803
25806
25811
25814
25819
25822
25827
25830
25835
25838
25843
25846
25851
25854
25859
25862
25867
25870
25875
25878
25883
25886
25891
25894
25899
25902
25907
25910
25915
25918
25923
25926
25931
25934
25939
25942
25947
25950
25955
25958
25963
25966
25971
25974
25979
25982
25987
25990
25995
25998
26003
26006
26011
26014
26019
26022
26027
26030
26035
26038
26043
26046
26051
26054
26059
26062
26067
26071
26076
26079
26084
26087
26092
26095
26100
26103
26108
26111
26116
26119
26124
26127
26132
26135
26140
26143
26148
26151
26156
26159
26164
26168
26173
26176
26181
26184
26189
26192
26197
26200
26205
26208
26213
26216
26221
26224
26229
26232
26237
26240
26245
26248
26253
26256
26261
26265
26270
26273
26278
26281
26286
26289
26294
26297
26302
26305
26310
26313
26318
26321
26326
26329
26334
26337
26342
26345
26350
26353
26358
26362
26367
26370
26375
26378
26383
26386
26391
26394
26399
26402
26407
26410
26415
26418
26423
26426
26431
26434
26439
26442
26447
26450
26455
26459
26464
26467
26472
26475
26480
26483
26488
26491
26496
26499
26504
26507
26512
26515
26520
26523
26528
26531
26536
26539
26544
26547
26552
26556
26561
26564
26569
26572
26577
26580
26585
26588
26593
26596
26601
26604
26609
26612
26617
26620
26625
26628
26633
26636
26641
26644
26649
26653
26658
26661
26666
26669
26674
26677
26682
26685
26690
26693
26698
26701
26706
26709
26714
26717
26722
26725
26730
26733
26738
26741
26746
26750
26755
26758
26763
26766
26771
26774
26779
26783
26785
26790
26792
26797
26799
26803
26806
26810
26813
26817
26820
26824
26826
26831
26833
26838
26840
26844
26847
26851
26854
26858
26861
26865
26867
26872
26874
26879
26881
26886
26888
26892
26895
26899
26902
26906
26908
26913
26915
26920
26922
26927
26929
26933
26936
26940
26943
26947
26949
26954
26956
26961
26963
26968
26970
26974
26977
26981
26984
26988
26991
26995
26997
27002
27004
27009
27011
27015
27018
27022
27025
27029
27032
27036
27038
27043
27045
27050
27052
27057
27059
27063
27066
27070
27073
27077
27079
27084
27086
27091
27093
27098
27100
27104
27107
27111
27114
27118
27120
27125
27127
27132
27134
27139
27141
27145
27148
27152
27155
27159
27162
27166
27168
27173
27175
27180
27182
27186
27189
27193
27196
27200
27203
27207
27209
27214
27216
27221
27223
27227
27230
27234
27237
27241
27244
27248
27250
27255
27257
27262
27264
27269
27271
27275
27278
27282
27285
27289
27291
27296
27298
27303
27305
27310
27312
27316
27319
27323
27326
27330
27333
27337
27339
27344
27346
27351
27353
27357
27360
27364
27367
27371
27374
27378
27380
27385
27387
27392
27394
27398
27401
27405
27408
27412
27415
27419
27421
27426
27428
27433
27435
27440
27442
27446
27449
27453
27456
27460
27462
27467
27469
27474
27476
27481
27483
27487
27490
27494
27497
27501
27503
27508
27510
27515
27517
27522
27524
27528
27531
27535
27538
27542
27545
27549
27551
27556
27558
27563
27565
27569
27572
27576
27579
27583
27586
27590
27593
27597
27600
27604
27607
27611
27614
27618
27621
27625
27628
27632
27635
27639
27642
27646
27649
27653
27656
27660
27663
27667
27670
27674
27677
27681
27684
27688
27691
27695
27698
27702
27705
27709
27712
27716
27719
27723
27726
27730
27733
27737
27740
27744
27747
27751
27754
27758
27761
27765
27768
27772
27775
27779
27782
27786
27789
27793
27796
27801
27803
27808
27810
27815
27817
27822
27824
27829
27831
27836
27838
27843
27845
27850
27852
27857
27859
27864
27866
27871
27873
27878
27880
27885
27887
27892
27894
27899
27901
27906
27908
27913
27915
27920
27922
27927
27929
27934
27936
27941
27943
27948
27950
27955
27957
27962
27964
27969
27971
27976
27978
27983
27985
27990
27992
27997
27999
28004
28006
28011
28013
28018
28020
28025
28028
28032
28035
28039
28042
28046
28049
28053
28056
28060
28063
28067
28070
28074
28077
28081
28084
28088
28091
28095
28098
28102
28105
28109
28112
28116
28119
28123
28126
28130
28133
28137
28140
28144
28147
28151
28154
28158
28161
28165
28168
28172
28175
28179
28182
28186
28189
28193
28196
28200
28203
28207
28210
28214
28217
28221
28224
28228
28231
28235
28238
28242
28245
28249
28252
28257
28259
28264
28266
28271
28273
28278
28280
28285
28287
28292
28294
28299
28301
28306
28308
28313
28315
28320
28322
28327
28329
28334
28336
28341
28343
28348
28350
28355
28357
28362
28364
28369
28371
28376
28378
28383
28385
28389
28391
28396
28398
28403
28405
28410
28412
28417
28419
28424
28426
28431
28433
28438
28440
28445
28447
28452
28454
28459
28461
28466
28468
28473
28475
28480
28482
28487
28489
28494
28496
28501
28503
28508
28510
28515
28517
28522
28524
28529
28531
28536
28538
28543
28545
28550
28552
28557
28559
28564
28566
28571
28573
28578
28580
28585
28587
28592
28594
28599
28601
28606
28608
28613
28615
28620
28622
28627
28629
28634
28636
28641
28643
28648
28650
28654
28657
28661
28664
28668
28671
28675
28678
28682
28685
28689
28692
28696
28699
28703
28706
28710
28713
28717
28720
28724
28727
28731
28734
28738
28741
28745
28748
28752
28755
28759
28762
28766
28769
28773
28776
28780
28783
28787
28790
28794
28797
28801
28804
28808
28811
28815
28818
28822
28825
28829
28832
28836
28839
28843
28846
28850
28853
28857
28860
28864
28867
28871
28874
28878
28881
28885
28888
28892
28895
28899
28902
28906
28909
28913
28916
28920
28922
28927
28929
28934
28936
28941
28943
28948
28950
28955
28957
28962
28964
28969
28971
28976
28978
28983
28985
28990
28992
28997
28999
29004
29006
29011
29013
29018
29020
29025
29027
29032
29034
29039
29041
29046
29048
29053
29055
29060
29062
29067
29069
29074
29076
29081
29083
29088
29090
29095
29097
29102
29104
29109
29111
29116
29118
29123
29125
29130
29132
29137
29139
29144
29146
29151
29153
29158
29160
29165
29167
29172
29174
29179
29181
29185
29188
29192
29195
29199
29202
29206
29209
29213
29216
29220
29223
29227
29230
29235
29237
29242
29245
29250
29252
29257
29260
29265
29267
29272
29275
29280
29282
29287
29290
29295
29297
29302
29305
29310
29312
29317
29320
29324
29327
29332
29335
29339
29342
29347
29350
29354
29357
29362
29365
29369
29372
29377
29380
29384
29387
29392
29395
29399
29402
29407
29409
29414
29417
29422
29424
29429
29432
29437
29439
29444
29447
29452
29454
29459
29462
29467
29469
29474
29477
29482
29484
29489
29492
29496
29499
29504
29507
29511
29514
29519
29522
29526
29529
29534
29537
29541
29544
29549
29552
29556
29559
29564
29567
29571
29574
29579
29581
29586
29589
29594
29596
29601
29604
29609
29611
29616
29619
29624
29626
29631
29634
29639
29641
29646
29649
29654
29656
29661
29664
29668
29671
29676
29679
29683
29686
29691
29694
29698
29701
29706
29709
29713
29716
29721
29724
29728
29731
29736
29739
29743
29746
29751
29754
29758
29761
29766
29768
29773
29776
29781
29783
29788
29791
29796
29798
29803
29806
29811
29813
29818
29821
29826
29828
29833
29836
29841
29843
29848
29851
29855
29858
29863
29866
29870
29873
29878
29881
29885
29888
29893
29896
29900
29903
29908
29911
29915
29918
29923
29926
29930
29933
29938
29940
29945
29948
29953
29955
29960
29963
29968
29970
29975
29978
29983
29985
29990
29993
29998
30000
30005
30008
30013
30015
30020
30023
30027
30030
30035
30038
30042
30045
30050
30053
30057
30060
30065
30068
30072
30075
30080
30083
30087
30090
30095
30098
30102
30105
30110
30112
30117
30120
30125
30127
30132
30135
30140
30142
30146
30148
30153
30155
30160
30162
30167
30169
30174
30176
30181
30183
30188
30190
30194
30197
30201
30204
30208
30211
30215
30218
30222
30225
30229
30232
30236
30238
30243
30245
30250
30252
30257
30259
30264
30266
30271
30273
30278
30280
30284
30287
30291
30294
30298
30301
30305
30308
30312
30315
30319
30322
30326
30329
30333
30335
30340
30342
30347
30349
30354
30356
30361
30363
30368
30370
30375
30377
30381
30384
30388
30391
30395
30398
30402
30405
30409
30412
30416
30419
30423
30425
30430
30432
30437
30439
30444
30446
30451
30453
30458
30460
30465
30467
30472
30474
30478
30481
30485
30488
30492
30495
30499
30502
30506
30509
30513
30516
30520
30522
30527
30529
30534
30536
30541
30543
30548
30550
30555
30557
30562
30564
30568
30571
30575
30578
30582
30585
30589
30592
30596
30599
30603
30606
30610
30612
30617
30619
30624
30626
30631
30633
30638
30640
30645
30647
30652
30654
30659
30661
30665
30668
30672
30675
30679
30682
30686
30689
30693
30696
30700
30703
30707
30709
30714
30716
30721
30723
30728
30730
30735
30737
30742
30744
30749
30751
30755
30758
30762
30765
30769
30772
30776
30779
30783
30786
30790
30793
30797
30800
30804
30806
30811
30813
30818
30820
30825
30827
30832
30834
30839
30841
30846
30848
30852
30855
30859
30862
30866
30869
30873
30876
30880
30883
30887
30890
30894
30896
30901
30903
30908
30910
30915
30917
30922
30924
30929
30931
30936
30938
30942
30945
30949
30952
30956
30959
30963
30966
30970
30973
30977
30980
30984
30987
30991
30993
30998
31000
31005
31007
31012
31014
31018
31021
31025
31028
31033
31035
31040
31043
31047
31050
31055
31057
31062
31064
31069
31072
31076
31079
31084
31086
31091
31094
31098
31101
31105
31108
31113
31115
31120
31123
31127
31130
31135
31137
31142
31144
31149
31152
31156
31159
31164
31166
31171
31174
31178
31181
31185
31188
31193
31195
31200
31203
31207
31210
31215
31217
31222
31224
31229
31232
31236
31239
31244
31246
31251
31254
31258
31261
31265
31268
31273
31275
31280
31283
31287
31290
31295
31297
31302
31304
31309
31312
31316
31319
31324
31326
31331
31334
31338
31341
31346
31348
31353
31355
31360
31363
31367
31370
31375
31377
31382
31385
31389
31392
31396
31399
31404
31406
31411
31414
31418
31421
31426
31428
31433
31435
31440
31443
31447
31450
31455
31457
31462
31465
31469
31472
31476
31479
31484
31486
31491
31494
31498
31501
31506
31508
31513
31515
31520
31523
31527
31530
31535
31537
31542
31545
31549
31552
31556
31559
31564
31566
31571
31574
31578
31581
31586
31588
31593
31595
31600
31603
31607
31610
31615
31619
31621
31626
31628
31633
31635
31639
31642
31646
31649
31653
31656
31660
31663
31666
31670
31673
31677
31680
31684
31687
31690
31694
31697
31701
31704
31708
31711
31714
31718
31721
31725
31728
31732
31735
31738
31742
31745
31749
31752
31756
31759
31762
31766
31769
31773
31776
31780
31783
31786
31790
31793
31797
31800
31804
31807
31810
31814
31817
31821
31824
31828
31831
31834
31838
31841
31845
31848
31852
31855
31858
31862
31865
31869
31872
31876
31879
31882
31886
31889
31893
31896
31900
31903
31906
31910
31913
31917
31920
31924
31927
31930
31934
31937
31941
31944
31948
31951
31954
31958
31961
31965
31968
31972
31975
31978
31982
31985
31989
31992
31996
31999
32002
32006
32009
32013
32016
32020
32023
32026
32030
32033
32037
32040
32044
32047
32050
32054
32057
32061
32064
32068
32071
32074
32078
32081
32085
32088
32092
32095
32098
32102
32105
32109
32112
32116
32119
32122
32126
32129
32133
32136
32140
32143
32146
32150
32153
32157
32160
32164
32167
32170
32174
32177
32181
32184
32188
32191
32194
32198
32201
32205
32208
32212
32215
32218
32222
32225
32229
32232
32236
32239
32242
32246
32249
32253
32256
32260
32263
32266
32270
32273
32277
32280
32284
32287
32290
32294
32297
32301
32303
32308
32310
32315
32317
32322
32324
32329
32331
32336
32338
32343
32345
32350
32352
32357
32359
32364
32366
32371
32373
32378
32380
32385
32387
32392
32394
32399
32401
32406
32408
32412
32415
32419
32422
32426
32429
32433
32436
32440
32443
32447
32450
32454
32457
32461
32464
32468
32471
32475
32478
32482
32485
32489
32492
32496
32499
32503
32506
32510
32513
32517
32519
32524
32526
32531
32533
32538
32540
32545
32547
32552
32554
32559
32561
32566
32568
32573
32575
32580
32582
32587
32589
32594
32596
32601
32603
32608
32610
32615
32617
32622
32624
32629
32631
32635
32638
32642
32645
32649
32652
32656
32659
32663
32666
32670
32673
32677
32680
32684
32687
32691
32694
32698
32701
32705
32708
32712
32715
32719
32722
32726
32729
32733
32736
32740
32742
32747
32749
32754
32756
32761
32763
32768
32770
32775
32777
32782
32784
32789
32791
32796
32798
32803
32805
32810
32812
32817
32819
32824
32826
32831
32833
32838
32840
32845
32847
32852
32854
32858
32861
32865
32868
32872
32875
32879
32882
32886
32889
32893
32896
32900
32903
32907
32910
32914
32917
32921
32924
32928
32931
32935
32938
32942
32945
32950
32953
32957
32960
32965
32968
32972
32975
32980
32983
32987
32990
32995
32998
33002
33005
33010
33013
33017
33020
33025
33028
33032
33035
33040
33043
33048
33050
33055
33058
33063
33065
33070
33073
33078
33080
33085
33088
33093
33095
33100
33103
33108
33110
33115
33118
33123
33125
33130
33133
33138
33141
33145
33148
33153
33156
33160
33163
33168
33171
33175
33178
33183
33186
33190
33193
33198
33201
33205
33208
33213
33216
33220
33223
33228
33231
33235
33238
33243
33246
33251
33253
33258
33261
33266
33268
33273
33276
33281
33283
33288
33291
33296
33298
33303
33306
33311
33313
33318
33321
33326
33328
33333
33336
33341
33344
33348
33351
33356
33359
33363
33366
33371
33374
33378
33381
33386
33389
33393
33396
33401
33404
33408
33411
33416
33419
33423
33426
33431
33434
33438
33441
33446
33449
33454
33456
33461
33464
33469
33471
33476
33479
33484
33486
33491
33494
33499
33501
33506
33509
33514
33516
33521
33524
33529
33531
33536
33539
33544
33547
33551
33554
33559
33562
33566
33569
33574
33577
33581
33584
33589
33592
33596
33599
33604
33607
33611
33614
33619
33622
33626
33629
33634
33637
33642
33644
33649
33652
33657
33659
33664
33667
33672
33674
33679
33682
33687
33689
33694
33697
33702
33704
33709
33712
33717
33719
33724
33727
33732
33734
33739
33742
33747
33750
33754
33757
33762
33765
33769
33772
33777
33780
33785
33788
33793
33796
33801
33804
33809
33812
33817
33820
33824
33827
33832
33835
33840
33843
33848
33851
33856
33859
33864
33867
33872
33875
33879
33882
33887
33890
33895
33898
33903
33906
33911
33914
33919
33922
33927
33930
33934
33937
33942
33945
33950
33953
33958
33961
33966
33969
33974
33977
33982
33985
33989
33992
33997
34000
34005
34008
34013
34016
34021
34024
34029
34032
34037
34040
34044
34047
34052
34055
34060
34063
34068
34071
34076
34079
34084
34087
34092
34095
34099
34102
34107
34110
34115
34118
34123
34126
34131
34134
34139
34142
34147
34150
34154
34157
34162
34165
34170
34173
34178
34181
34186
34189
34194
34197
34202
34205
34210
34212
34217
34220
34225
34228
34233
34236
34241
34244
34249
34252
34257
34260
34265
34267
34272
34275
34280
34283
34288
34291
34296
34299
34304
34307
34312
34315
34320
34322
34327
34330
34335
34338
34343
34346
34351
34354
34359
34362
34367
34370
34375
34377
34382
34385
34390
34393
34398
34401
34406
34409
34414
34417
34422
34425
34430
34432
34437
34440
34445
34449
34452
34457
34459
34464
34467
34472
34474
34479
34482
34487
34489
34494
34497
34502
34504
34509
34512
34517
34519
34524
34527
34531
34534
34539
34542
34546
34549
34554
34557
34561
34564
34569
34572
34576
34579
34584
34587
34591
34594
34599
34601
34606
34609
34614
34616
34621
34624
34629
34631
34636
34639
34644
34646
34651
34654
34659
34661
34666
34669
34673
34676
34681
34684
34688
34691
34696
34699
34703
34706
34711
34714
34718
34721
34726
34729
34733
34736
34741
34743
34748
34751
34756
34758
34763
34766
34771
34773
34778
34781
34786
34788
34793
34796
34801
34803
34808
34811
34815
34818
34823
34826
34830
34833
34838
34841
34845
34848
34853
34856
34860
34863
34868
34871
34875
34878
34883
34885
34890
34893
34898
34900
34905
34908
34913
34915
34920
34923
34928
34930
34935
34938
34943
34945
34950
34953
34957
34960
34965
34968
34972
34975
34980
34983
34987
34990
34995
34998
35002
35005
35010
35013
35017
35020
35025
35027
35032
35035
35040
35042
35047
35050
35055
35057
35062
35065
35070
35072
35077
35080
35085
35087
35092
35095
35100
35102
35107
35110
35114
35117
35122
35125
35129
35132
35137
35140
35144
35147
35152
35155
35159
35162
35167
35170
35174
35177
35182
35186
35189
35194
35197
35202
35205
35210
35213
35217
35220
35225
35228
35233
35236
35241
35244
35248
35251
35256
35259
35264
35267
35272
35275
35280
35282
35287
35290
35295
35298
35303
35306
35311
35313
35318
35321
35326
35329
35334
35337
35342
35345
35349
35352
35357
35360
35365
35368
35373
35376
35380
35383
35388
35391
35396
35399
35404
35407
35412
35414
35419
35422
35427
35430
35435
35438
35443
35445
35450
35453
35458
35461
35466
35469
35474
35477
35481
35484
35489
35492
35497
35500
35505
35508
35512
35515
35520
35523
35528
35531
35536
35539
35544
35546
35551
35554
35559
35562
35567
35570
35575
35577
35582
35585
35590
35593
35598
35601
35606
35609
35613
35616
35621
35624
35629
35632
35637
35640
35644
35647
35652
35655
35660
35663
35668
35671
35676
35678
35683
35686
35691
35694
35699
35702
35707
35709
35714
35717
35722
35725
35730
35733
35738
35741
35745
35748
35753
35756
35761
35764
35769
35772
35776
35779
35784
35787
35792
35795
35800
35803
35808
35810
35815
35820
35823
35828
35831
35836
35839
35844
35847
35852
35855
35860
35863
35868
35871
35876
35880
35885
35888
35893
35896
35901
35904
35909
35912
35917
35920
35925
35928
35933
35936
35941
35945
35950
35953
35958
35961
35966
35969
35974
35977
35982
35985
35990
35993
35998
36001
36006
36010
36015
36018
36023
36026
36031
36034
36039
36042
36047
36050
36055
36058
36063
36066
36072
36075
36080
36083
36088
36091
36096
36099
36104
36107
36112
36115
36120
36123
36128
36131
36137
36140
36145
36148
36153
36156
36161
36164
36169
36172
36177
36180
36185
36188
36193
36196
36202
36205
36210
36213
36218
36221
36226
36229
36234
36237
36242
36245
36250
36253
36258
36262
36267
36270
36275
36278
36283
36286
36291
36294
36299
36302
36307
36310
36315
36318
36323
36327
36332
36335
36340
36343
36348
36351
36356
36359
36364
36367
36372
36375
36380
36383
36388
36392
36397
36400
36405
36408
36413
36416
36421
36424
36429
36432
36437
36440
36445
36448
36453
36457
36462
36465
36470
36473
36478
36481
36486
36489
36494
36497
36502
36505
36510
36513
36519
36522
36527
36530
36535
36538
36543
36546
36551
36554
36559
36562
36567
36570
36575
36578
36584
36587
36592
36595
36600
36603
36608
36611
36616
36619
36624
36627
36632
36635
36640
36643
36649
36652
36657
36660
36665
36668
36673
36676
36681
36684
36689
36692
36697
36700
36705
36709
36714
36717
36722
36725
36730
36733
36738
36741
36746
36749
36754
36757
36762
36767
36770
36775
36778
36783
36787
36792
36795
36800
36803
36808
36812
36817
36820
36825
36828
36833
36837
36842
36845
36850
36853
36858
36862
36867
36870
36875
36878
36884
36887
36892
36895
36900
36903
36909
36912
36917
36920
36925
36928
36934
36937
36942
36945
36950
36954
36958
36963
36966
36971
36974
36980
36983
36988
36991
36996
36999
37005
37008
37013
37016
37021
37024
37030
37033
37038
37041
37046
37050
37054
37059
37062
37067
37070
37076
37079
37084
37087
37092
37095
37101
37104
37109
37112
37117
37120
37126
37129
37134
37137
37142
37146
37150
37155
37158
37163
37166
37172
37175
37180
37183
37188
37191
37197
37200
37205
37208
37213
37216
37222
37225
37230
37233
37238
37242
37246
37251
37254
37259
37262
37268
37271
37276
37279
37284
37287
37293
37296
37301
37304
37309
37312
37318
37321
37326
37329
37334
37338
37342
37347
37350
37355
37358
37364
37367
37372
37375
37380
37383
37389
37392
37397
37400
37405
37408
37414
37417
37422
37425
37430
37434
37438
37443
37446
37451
37454
37460
37463
37468
37471
37476
37479
37485
37488
37493
37496
37501
37504
37510
37513
37518
37521
37526
37530
37534
37539
37542
37547
37550
37556
37559
37564
37567
37572
37575
37581
37584
37589
37592
37597
37601
37603
37608
37610
37615
37617
37622
37624
37629
37631
37636
37638
37642
37645
37649
37652
37656
37659
37663
37666
37670
37673
37677
37679
37684
37686
37691
37693
37698
37700
37705
37707
37712
37714
37719
37721
37725
37728
37732
37735
37739
37742
37746
37749
37753
37756
37760
37762
37767
37769
37774
37776
37781
37783
37788
37790
37795
37797
37802
37804
37808
37811
37815
37818
37822
37825
37829
37832
37836
37839
37843
37845
37850
37852
37857
37859
37864
37866
37871
37873
37878
37880
37885
37887
37891
37894
37898
37901
37905
37908
37912
37915
37919
37922
37926
37928
37933
37935
37940
37942
37947
37949
37954
37956
37961
37963
37968
37970
37974
37977
37981
37984
37988
37991
37995
37998
38002
38005
38009
38011
38016
38018
38023
38025
38030
38032
38037
38039
38044
38046
38051
38053
38057
38060
38064
38067
38071
38074
38078
38081
38085
38088
38092
38094
38099
38101
38106
38108
38113
38115
38120
38122
38127
38129
38134
38136
38140
38143
38147
38150
38154
38157
38161
38164
38168
38171
38175
38177
38182
38184
38189
38191
38196
38198
38203
38205
38210
38212
38217
38219
38223
38226
38230
38233
38237
38240
38244
38247
38251
38254
38258
38260
38265
38267
38272
38274
38279
38281
38286
38288
38293
38295
38300
38302
38306
38309
38313
38316
38320
38323
38327
38330
38334
38337
38341
38343
38348
38350
38355
38357
38362
38364
38369
38371
38376
38378
38383
38385
38389
38392
38396
38399
38403
38406
38410
38413
38417
38420
38424
38426
38431
38433
38438
38440
38445
38447
38452
38454
38459
38461
38466
38468
38472
38475
38479
38482
38486
38489
38493
38496
38500
38503
38507
38509
38514
38516
38521
38525
38527
38532
38534
38538
38541
38545
38548
38552
38554
38559
38561
38566
38568
38572
38575
38579
38582
38586
38588
38593
38595
38600
38602
38606
38609
38613
38615
38620
38622
38627
38629
38633
38636
38640
38643
38647
38649
38654
38656
38661
38663
38667
38670
38674
38677
38681
38683
38688
38690
38695
38697
38701
38704
38708
38710
38715
38717
38722
38724
38728
38731
38735
38738
38742
38744
38749
38751
38756
38758
38762
38765
38769
38772
38776
38778
38783
38785
38790
38792
38796
38799
38803
38805
38810
38812
38817
38819
38823
38826
38830
38833
38837
38839
38844
38846
38851
38853
38857
38860
38864
38867
38871
38873
38878
38880
38885
38887
38891
38894
38898
38900
38905
38907
38912
38914
38918
38921
38925
38928
38932
38934
38939
38941
38946
38948
38952
38955
38959
38962
38966
38968
38973
38975
38980
38982
38986
38989
38993
38995
39000
39002
39007
39009
39013
39016
39020
39023
39027
39029
39034
39036
39041
39043
39047
39050
39054
39057
39061
39063
39068
39070
39075
39077
39081
39084
39088
39090
39095
39097
39102
39104
39108
39111
39115
39118
39122
39124
39129
39131
39136
39138
39142
39145
39149
39152
39156
39158
39163
39165
39170
39172
39176
39179
39183
39185
39190
39192
39197
39199
39203
39206
39210
39213
39217
39219
39224
39226
39231
39233
39237
39240
39244
39247
39251
39253
39258
39260
39265
39267
39271
39274
39278
39280
39285
39287
39292
39294
39298
39301
39305
39308
39312
39314
39319
39321
39326
39328
39332
39335
39339
39342
39346
39349
39354
39356
39361
39363
39368
39371
39375
39378
39383
39385
39390
39392
39397
39400
39404
39407
39412
39414
39419
39421
39426
39429
39433
39436
39441
39443
39448
39450
39455
39458
39462
39465
39470
39472
39477
39479
39484
39487
39491
39494
39498
39501
39506
39508
39513
39516
39520
39523
39527
39530
39535
39537
39542
39545
39549
39552
39556
39559
39564
39566
39571
39574
39578
39581
39585
39588
39593
39595
39600
39603
39607
39610
39614
39617
39622
39624
39629
39632
39636
39639
39643
39646
39651
39653
39658
39660
39665
39668
39672
39675
39680
39682
39687
39689
39694
39697
39701
39704
39709
39711
39716
39718
39723
39726
39730
39733
39738
39740
39745
39747
39752
39755
39759
39762
39767
39769
39774
39776
39781
39784
39788
39791
39796
39798
39803
39805
39810
39813
39817
39820
39824
39827
39832
39834
39839
39842
39846
39849
39853
39856
39861
39863
39868
39871
39875
39878
39882
39885
39890
39892
39897
39900
39904
39907
39911
39914
39919
39921
39926
39929
39933
39936
39940
39943
39948
39950
39955
39958
39962
39965
39969
39972
39977
39979
39984
39986
39991
39994
39998
40001
40006
40008
40013
40015
40020
40023
40027
40030
40035
40037
40042
40044
40049
40052
40056
40059
40064
40066
40071
40073
40078
40081
40085
40088
40093
40095
40100
40102
40107
40110
40114
40117
40121
40124
40129
40131
40136
40139
40143
40146
40150
40153
40158
40160
40165
40168
40172
40175
40179
40182
40187
40189
40194
40197
40201
40204
40208
40211
40216
40218
40223
40226
40230
40233
40237
40240
40245
40248
40253
40256
40261
40264
40269
40272
40277
40280
40285
40288
40294
40297
40302
40305
40310
40313
40318
40321
40326
40329
40334
40337
40343
40346
40351
40354
40359
40362
40367
40370
40375
40378
40383
40386
40391
40395
40400
40403
40408
40411
40416
40419
40424
40427
40432
40435
40440
40444
40449
40452
40457
40460
40465
40468
40473
40476
40481
40484
40489
40492
40498
40501
40506
40509
40514
40517
40522
40525
40530
40533
40538
40541
40547
40550
40555
40558
40563
40566
40571
40574
40579
40582
40587
40590
40595
40599
40604
40607
40612
40615
40620
40623
40628
40631
40636
40639
40644
40648
40653
40656
40661
40664
40669
40672
40677
40680
40685
40688
40693
40696
40702
40705
40710
40713
40718
40721
40726
40729
40734
40737
40742
40745
40751
40754
40759
40762
40767
40770
40775
40778
40783
40786
40791
40794
40799
40803
40808
40811
40816
40819
40824
40827
40832
40835
40840
40843
40848
40852
40857
40860
40865
40868
40873
40876
40881
40884
40889
40892
40897
40900
40906
40909
40914
40917
40922
40925
40930
40933
40938
40941
40946
40949
40955
40958
40963
40966
40971
40974
40979
40982
40987
40990
40995
40998
41004
41007
41012
41015
41020
41023
41028
41031
41036
41039
41043
41046
41051
41053
41058
41061
41065
41068
41073
41075
41080
41083
41088
41090
41095
41098
41102
41105
41110
41112
41117
41120
41125
41127
41132
41135
41139
41142
41147
41149
41154
41157
41162
41164
41169
41172
41176
41179
41184
41186
41191
41194
41199
41201
41206
41209
41213
41216
41221
41223
41228
41231
41235
41238
41243
41246
41250
41253
41258
41260
41265
41268
41272
41275
41280
41283
41287
41290
41295
41297
41302
41305
41309
41312
41317
41320
41324
41327
41332
41334
41339
41342
41346
41349
41354
41357
41361
41364
41369
41371
41376
41379
41383
41386
41391
41394
41398
41401
41406
41408
41413
41416
41420
41423
41428
41430
41435
41438
41443
41445
41450
41453
41457
41460
41465
41467
41472
41475
41480
41482
41487
41490
41494
41497
41502
41504
41509
41512
41517
41519
41524
41527
41531
41534
41539
41541
41546
41549
41554
41556
41561
41564
41568
41571
41576
41578
41583
41586
41591
41593
41598
41601
41605
41608
41613
41615
41620
41623
41627
41630
41635
41638
41642
41645
41650
41652
41657
41660
41664
41667
41672
41675
41679
41682
41687
41689
41694
41697
41701
41704
41709
41712
41716
41719
41724
41726
41731
41734
41738
41741
41746
41749
41753
41756
41761
41763
41768
41771
41775
41778
41783
41785
41790
41793
41798
41800
41805
41808
41812
41815
41820
41822
41827
41830
41835
41837
41842
41845
41849
41852
41857
41859
41864
41867
41872
41874
41879
41882
41886
41889
41894
41896
41901
41904
41909
41911
41916
41919
41923
41926
41931
41933
41938
41941
41946
41948
41953
41958
41961
41966
41969
41974
41978
41983
41986
41991
41994
41999
42003
42008
42011
42016
42019
42024
42028
42033
42036
42041
42044
42049
42053
42058
42061
42066
42069
42075
42078
42083
42086
42091
42094
42100
42103
42108
42111
42116
42119
42125
42128
42133
42136
42141
42145
42149
42154
42157
42162
42165
42171
42174
42179
42182
42187
42190
42196
42199
42204
42207
42212
42215
42221
42224
42229
42232
42237
42241
42245
42250
42253
42258
42261
42267
42270
42275
42278
42283
42286
42292
42295
42300
42303
42308
42311
42317
42320
42325
42328
42333
42337
42341
42346
42349
42354
42357
42363
42366
42371
42374
42379
42382
42388
42391
42396
42399
42404
42407
42413
42416
42421
42424
42429
42433
42437
42442
42445
42450
42453
42459
42462
42467
42470
42475
42478
42484
42487
42492
42495
42500
42503
42509
42512
42517
42520
42525
42529
42533
42538
42541
42546
42549
42555
42558
42563
42566
42571
42574
42580
42583
42588
42591
42596
42599
42605
42608
42613
42616
42621
42625
42629
42634
42637
42642
42645
42651
42654
42659
42662
42667
42670
42676
42679
42684
42687
42692
42695
42701
42704
42709
42713
42715
42720
42722
42727
42729
42734
42736
42741
42743
42748
42750
42755
42757
42761
42764
42768
42771
42775
42778
42782
42785
42789
42792
42796
42799
42803
42806
42810
42812
42817
42819
42824
42826
42831
42833
42838
42840
42845
42847
42852
42854
42859
42861
42865
42868
42872
42875
42879
42882
42886
42889
42893
42896
42900
42903
42907
42910
42914
42916
42921
42923
42928
42930
42935
42937
42942
42944
42949
42951
42956
42958
42963
42965
42969
42972
42976
42979
42983
42986
42990
42993
42997
43000
43004
43007
43011
43014
43018
43020
43025
43027
43032
43034
43039
43041
43046
43048
43053
43055
43060
43062
43067
43069
43073
43076
43080
43083
43087
43090
43094
43097
43101
43104
43108
43111
43115
43118
43122
43124
43129
43131
43136
43138
43143
43145
43150
43152
43157
43159
43164
43166
43171
43173
43177
43180
43184
43187
43191
43194
43198
43201
43205
43208
43212
43215
43219
43221
43226
43228
43233
43235
43240
43242
43247
43249
43254
43256
43261
43263
43268
43270
43274
43277
43281
43284
43288
43291
43295
43298
43302
43305
43309
43312
43316
43319
43323
43325
43330
43332
43337
43339
43344
43346
43351
43353
43358
43360
43365
43367
43372
43374
43378
43381
43385
43388
43392
43395
43399
43402
43406
43409
43413
43416
43420
43423
43427
43429
43434
43436
43441
43443
43448
43450
43455
43457
43462
43464
43469
43471
43476
43478
43482
43485
43489
43493
43495
43500
43502
43507
43509
43513
43516
43520
43523
43527
43529
43534
43536
43541
43543
43547
43550
43554
43557
43561
43564
43567
43571
43574
43578
43581
43585
43587
43592
43594
43599
43601
43605
43608
43612
43615
43619
43621
43626
43628
43633
43635
43639
43642
43646
43649
43653
43656
43660
43662
43667
43669
43674
43676
43680
43683
43687
43690
43694
43696
43701
43703
43708
43710
43714
43717
43721
43724
43728
43731
43735
43737
43742
43744
43749
43751
43755
43758
43762
43765
43769
43771
43776
43778
43783
43785
43789
43792
43796
43799
43803
43806
43810
43812
43817
43819
43824
43826
43830
43833
43837
43840
43844
43846
43851
43853
43858
43860
43864
43867
43871
43874
43878
43881
43885
43887
43892
43894
43899
43901
43905
43908
43912
43915
43919
43921
43926
43928
43933
43935
43939
43942
43946
43949
43953
43956
43960
43962
43967
43969
43974
43976
43980
43983
43987
43990
43994
43996
44001
44003
44008
44010
44014
44017
44021
44024
44028
44031
44035
44037
44042
44044
44049
44051
44055
44058
44062
44065
44069
44071
44075
44078
44083
44086
44091
44094
44099
44102
44107
44110
44115
44118
44122
44125
44130
44133
44138
44141
44146
44149
44154
44157
44162
44165
44169
44172
44177
44180
44185
44188
44193
44196
44201
44204
44209
44212
44216
44219
44224
44227
44232
44235
44240
44243
44248
44251
44256
44259
44263
44266
44271
44274
44279
44282
44287
44290
44295
44298
44303
44306
44310
44313
44318
44321
44326
44329
44334
44337
44342
44345
44350
44353
44357
44360
44365
44368
44373
44376
44381
44384
44389
44392
44397
44400
44405
44407
44412
44415
44420
44423
44428
44431
44436
44439
44444
44447
44452
44454
44459
44462
44467
44470
44475
44478
44483
44486
44491
44494
44499
44501
44506
44509
44514
44517
44522
44525
44530
44533
44538
44541
44546
44548
44553
44556
44561
44564
44569
44572
44577
44580
44585
44588
44593
44595
44600
44603
44608
44611
44616
44619
44624
44627
44632
44635
44640
44642
44647
44650
44655
44658
44663
44666
44671
44674
44679
44682
44687
44690
44694
44697
44702
44705
44710
44713
44718
44721
44726
44729
44734
44737
44741
44744
44749
44752
44757
44760
44765
44768
44773
44776
44781
44784
44788
44791
44796
44799
44804
44807
44812
44815
44820
44823
44828
44831
44835
44838
44843
44846
44851
44854
44859
44862
44866
44869
44874
44877
44882
44885
44890
44892
44897
44900
44905
44908
44913
44916
44920
44923
44928
44931
44936
44939
44944
44946
44951
44954
44959
44962
44967
44970
44974
44977
44982
44985
44990
44993
44998
45000
45005
45008
45013
45016
45021
45024
45029
45031
45036
45039
45044
45047
45052
45055
45059
45062
45067
45070
45075
45078
45083
45085
45090
45093
45098
45101
45106
45109
45113
45116
45121
45124
45129
45132
45137
45139
45144
45147
45152
45155
45160
45163
45168
45170
45175
45178
45183
45186
45191
45194
45198
45201
45206
45209
45214
45217
45222
45224
45229
45232
45237
45240
45245
45248
45252
45255
45260
45263
45268
45271
45276
45278
45283
45286
45291
45294
45299
45302
45307
45309
45314
45317
45322
45325
45330
45333
45337
45340
45345
45348
45353
45356
45361
45363
45368
45371
45376
45379
45384
45387
45391
45394
45399
45402
45407
45410
45415
45417
45422
45425
45430
45433
45438
45441
45446
45448
45453
45456
45461
45464
45469
45472
45476
45479
45484
45487
45492
45495
45500
45502
45507
45510
45515
45518
45523
45526
45530
45533
45538
45541
45546
45549
45554
45556
45561
45564
45569
45572
45577
45580
45585
45587
45592
45595
45600
45603
45608
45611
45615
45618
45623
45626
45631
45634
45639
45641
45646
45649
45654
45657
45662
45665
45669
45672
45677
45680
45684
45687
45692
45694
45699
45702
45706
45709
45714
45716
45721
45724
45728
45731
45736
45738
45743
45746
45750
45753
45758
45760
45765
45768
45772
45775
45780
45782
45787
45790
45795
45797
45802
45805
45809
45812
45817
45819
45824
45827
45831
45834
45839
45841
45846
45849
45853
45856
45861
45863
45868
45871
45875
45878
45883
45885
45890
45893
45897
45900
45905
45908
45912
45915
45920
45922
45927
45930
45934
45937
45942
45944
45949
45952
45956
45959
45964
45966
45971
45974
45978
45981
45986
45988
45993
45996
46000
46003
46008
46010
46015
46018
46023
46025
46030
46033
46037
46040
46045
46047
46052
46055
46059
46062
46067
46069
46074
46077
46081
46084
46089
46091
46096
46099
46103
46106
46111
46113
46118
46121
46125
46128
46133
46136
46140
46143
46148
46150
46155
46158
46162
46165
46170
46172
46177
46180
46184
46187
46192
46194
46199
46202
46206
46209
46214
46216
46221
46224
46228
46231
46236
46238
46243
46246
46251
46253
46258
46261
46265
46268
46273
46275
46280
46283
46287
46290
46295
46297
46302
46305
46309
46312
46317
46319
46324
46327
46331
46334
46339
46341
46346
46349
46354
46356
46361
46364
46368
46371
46376
46378
46383
46386
46390
46393
46398
46400
46405
46408
46412
46415
46420
46422
46427
46430
46434
46437
46442
46444
46449
46452
46456
46459
46464
46466
46471
46474
46478
46481
46486
46488
46493
46496
46500
46503
46508
46511
46514
46519
46522
46526
46529
46534
46536
46541
46544
46548
46551
46556
46558
46563
46566
46570
46573
46578
46580
46585
46588
46592
46595
46600
46602
46607
46610
46614
46617
46622
46624
46629
46632
46636
46639
46644
46647
46651
46654
46659
46661
46666
46669
46673
46676
46681
46683
46688
46691
46695
46698
46703
46705
46710
46713
46717
46720
46725
46727
46732
46735
46739
46742
46747
46749
46754
46757
46761
46764
46769
46772
46776
46779
46784
46786
46791
46794
46798
46801
46806
46808
46813
46816
46820
46823
46828
46830
46835
46838
46842
46845
46850
46852
46857
46860
46864
46867
46872
46874
46879
46882
46886
46889
46894
46897
46901
46904
46909
46911
46916
46919
46923
46926
46931
46933
46938
46941
46945
46948
46953
46955
46960
46963
46967
46970
46975
46977
46982
46985
46989
46992
46997
46999
47004
47007
47011
47014
47019
47022
47026
47029
47034
47036
47041
47044
47048
47051
47056
47058
47063
47066
47070
47073
47078
47080
47085
47088
47092
47095
47100
47102
47107
47110
47114
47117
47122
47124
47129
47132
47136
47139
47144
47147
47151
47154
47159
47161
47166
47169
47173
47176
47181
47183
47188
47191
47195
47198
47203
47205
47210
47213
47217
47220
47225
47227
47232
47235
47239
47241
47246
47248
47253
47255
47260
47262
47267
47269
47274
47276
47281
47283
47288
47290
47295
47297
47302
47304
47308
47311
47315
47318
47322
47325
47329
47332
47336
47339
47343
47346
47350
47353
47357
47360
47364
47367
47371
47373
47378
47380
47385
47387
47392
47394
47399
47401
47406
47408
47413
47415
47420
47422
47427
47429
47434
47436
47440
47443
47447
47450
47454
47457
47461
47464
47468
47471
47475
47478
47482
47485
47489
47492
47496
47499
47503
47505
47510
47512
47517
47519
47524
47526
47531
47533
47538
47540
47545
47547
47552
47554
47559
47561
47566
47568
47573
47575
47579
47582
47586
47589
47593
47596
47600
47603
47607
47610
47614
47617
47621
47624
47628
47631
47635
47638
47642
47644
47649
47651
47656
47658
47663
47665
47670
47672
47677
47679
47684
47686
47691
47693
47698
47700
47705
47707
47711
47714
47718
47721
47725
47728
47732
47735
47739
47742
47746
47749
47753
47756
47760
47763
47767
47770
47774
47776
47781
47783
47788
47790
47795
47797
47802
47804
47809
47811
47816
47818
47823
47825
47830
47832
47837
47839
47843
47846
47850
47853
47857
47860
47864
47867
47871
47874
47878
47881
47885
47888
47892
47895
47899
47902
47906
47909
47913
47915
47920
47922
47927
47929
47934
47936
47941
47943
47948
47950
47955
47957
47962
47964
47969
47971
47976
47978
47982
47985
47989
47992
47996
47999
48003
48006
48010
48013
48017
48020
48024
48027
48031
48034
48038
48041
48045
48047
48052
48054
48059
48061
48066
48068
48073
48075
48080
48082
48087
48089
48094
48096
48101
48103
48108
48110
48114
48117
48121
48124
48128
48131
48135
48138
48142
48145
48149
48152
48156
48159
48163
48166
48170
48173
48178
48181
48186
48189
48194
48197
48202
48205
48210
48213
48218
48221
48227
48230
48235
48238
48243
48246
48251
48254
48259
48262
48267
48270
48275
48279
48284
48287
48292
48295
48300
48303
48308
48311
48316
48319
48324
48327
48333
48336
48341
48344
48349
48352
48357
48360
48365
48368
48373
48376
48382
48385
48390
48393
48398
48401
48406
48409
48414
48417
48422
48425
48430
48434
48439
48442
48447
48450
48455
48458
48463
48466
48471
48474
48479
48482
48488
48491
48496
48499
48504
48507
48512
48515
48520
48523
48528
48531
48537
48540
48545
48548
48553
48556
48561
48564
48569
48572
48577
48580
48585
48589
48594
48597
48602
48605
48610
48613
48618
48621
48626
48629
48634
48637
48643
48646
48651
48654
48659
48662
48667
48670
48675
48678
48683
48686
48692
48695
48700
48703
48708
48711
48716
48719
48724
48727
48732
48735
48740
48744
48749
48752
48757
48760
48765
48768
48773
48776
48781
48784
48789
48792
48798
48801
48806
48809
48814
48817
48822
48826
48829
48834
48836
48841
48844
48849
48851
48856
48859
48864
48866
48871
48874
48879
48881
48886
48889
48893
48896
48901
48904
48908
48911
48916
48919
48923
48926
48931
48934
48938
48941
48946
48948
48953
48956
48961
48963
48968
48971
48976
48978
48983
48986
48991
48993
48998
49001
49005
49008
49013
49016
49020
49023
49028
49031
49035
49038
49043
49046
49050
49053
49058
49060
49065
49068
49073
49075
49080
49083
49088
49090
49095
49098
49103
49105
49110
49113
49117
49120
49125
49128
49132
49135
49140
49143
49147
49150
49155
49158
49162
49165
49170
49172
49177
49180
49185
49187
49192
49195
49200
49202
49207
49210
49215
49217
49222
49225
49229
49232
49237
49240
49244
49247
49252
49255
49259
49262
49267
49270
49274
49277
49282
49284
49289
49292
49297
49299
49304
49307
49312
49314
49319
49322
49327
49329
49334
49337
49341
49344
49349
49352
49356
49359
49364
49367
49371
49374
49379
49382
49386
49389
49394
49396
49401
49404
49409
49411
49416
49419
49424
49426
49431
49434
49439
49441
49446
49449
49453
49456
49461
49464
49468
49471
49476
49479
49483
49486
49491
49496
49499
49504
49507
49512
49515
49520
49523
49528
49531
49536
49540
49545
49548
49553
49556
49561
49564
49569
49572
49577
49580
49586
49589
49594
49597
49602
49605
49610
49613
49618
49621
49626
49630
49635
49638
49643
49646
49651
49654
49659
49662
49667
49670
49675
49679
49684
49687
49692
49695
49700
49703
49708
49711
49716
49719
49725
49728
49733
49736
49741
49744
49749
49752
49757
49760
49765
49769
49774
49777
49782
49785
49790
49793
49798
49801
49806
49809
49814
49818
49823
49826
49831
49834
49839
49842
49847
49850
49855
49858
49864
49867
49872
49875
49880
49883
49888
49891
49896
49899
49904
49908
49913
49916
49921
49924
49929
49932
49937
49940
49945
49948
49954
49957
49962
49965
49970
49973
49978
49981
49986
49989
49994
49997
50003
50006
50011
50014
50019
50022
50027
50030
50035
50038
50043
50047
50052
50055
50060
50063
50068
50071
50076
