4
7
12
15
19
22
27
30
34
37
42
45
50
52
57
60
65
67
72
75
80
83
87
90
95
98
102
105
110
113
118
120
125
128
133
135
140
143
148
151
155
158
163
166
170
173
178
181
186
188
193
196
201
203
208
211
216
219
223
226
231
234
238
241
246
249
253
256
261
264
269
271
276
279
284
286
291
294
299
302
306
309
314
317
321
324
329
332
337
339
344
347
352
354
359
362
367
370
374
377
382
385
389
392
397
400
405
407
412
415
420
422
427
430
435
438
442
445
450
453
457
460
465
468
472
475
480
483
488
490
495
498
503
505
510
513
518
521
525
528
533
536
540
543
548
551
556
558
563
566
571
573
578
581
586
589
593
596
601
604
608
611
616
619
624
626
631
634
639
641
646
649
654
657
661
664
669
672
676
679
684
687
692
694
699
702
707
709
714
717
722
724
729
732
737
740
744
747
752
755
759
762
767
772
775
780
783
788
791
797
800
805
808
813
816
821
825
830
833
838
841
846
849
855
858
863
866
871
874
879
883
888
891
896
899
904
907
913
916
921
924
929
932
937
941
946
949
954
957
962
965
971
974
979
982
987
990
995
999
1004
1007
1012
1015
1020
1023
1029
1032
1037
1040
1045
1048
1054
1057
1062
1065
1070
1073
1078
1082
1087
1090
1095
1098
1103
1106
1112
1115
1120
1123
1128
1131
1136
1140
1145
1148
1153
1156
1161
1164
1170
1173
1178
1181
1186
1189
1194
1198
1203
1206
1211
1214
1219
1222
1228
1231
1236
1239
1244
1247
1252
1256
1261
1264
1269
1272
1277
1280
1286
1289
1294
1297
1302
1305
1311
1314
1319
1322
1327
1330
1335
1339
1344
1347
1352
1355
1360
1363
1369
1372
1377
1380
1385
1388
1393
1397
1402
1405
1410
1413
1418
1421
1427
1430
1435
1438
1443
1446
1451
1455
1460
1463
1468
1471
1476
1479
1485
1488
1493
1496
1501
1504
1509
1513
1518
1521
1526
1529
1534
1537
1543
1546
1551
1554
1559
1562
1567
1571
1576
1579
1584
1587
1592
1596
1601
1604
1609
1612
1617
1620
1626
1629
1634
1637
1642
1645
1650
1654
1659
1662
1667
1670
1675
1678
1684
1687
1692
1695
1700
1703
1708
1712
1717
1720
1725
1728
1732
1735
1740
1743
1748
1751
1756
1759
1764
1767
1772
1775
1780
1783
1788
1791
1796
1799
1803
1806
1811
1814
1819
1822
1827
1830
1835
1838
1843
1846
1851
1854
1859
1862
1867
1870
1875
1877
1882
1885
1890
1893
1898
1901
1906
1909
1914
1917
1922
1925
1930
1933
1938
1941
1946
1948
1953
1956
1961
1964
1969
1972
1977
1980
1985
1988
1993
1996
2001
2004
2009
2012
2017
2020
2024
2027
2032
2035
2040
2043
2048
2051
2056
2059
2064
2067
2072
2075
2080
2083
2088
2091
2095
2098
2103
2106
2111
2114
2119
2122
2127
2130
2135
2138
2143
2146
2151
2154
2159
2162
2167
2169
2174
2177
2182
2185
2190
2193
2198
2201
2206
2209
2214
2217
2222
2225
2230
2233
2238
2240
2245
2248
2253
2256
2261
2264
2269
2272
2277
2280
2285
2288
2293
2296
2301
2304
2309
2312
2316
2319
2324
2327
2332
2335
2340
2343
2348
2351
2356
2359
2364
2367
2372
2375
2380
2383
2387
2390
2395
2398
2403
2406
2411
2414
2419
2422
2427
2430
2435
2438
2443
2446
2451
2454
2459
2461
2466
2469
2474
2477
2482
2485
2490
2493
2498
2501
2506
2509
2514
2517
2522
2525
2530
2532
2537
2540
2545
2548
2553
2556
2561
2564
2569
2572
2577
2580
2585
2588
2593
2596
2601
2604
2608
2611
2616
2619
2624
2629
2632
2637
2640
2646
2649
2654
2657
2662
2666
2671
2674
2679
2682
2688
2691
2696
2699
2704
2708
2713
2716
2721
2725
2730
2733
2738
2741
2747
2750
2755
2758
2763
2767
2772
2775
2780
2783
2789
2792
2797
2800
2805
2809
2814
2817
2822
2826
2831
2834
2839
2842
2848
2851
2856
2859
2864
2868
2873
2876
2881
2884
2890
2893
2898
2901
2907
2910
2915
2918
2923
2927
2932
2935
2940
2943
2949
2952
2957
2960
2965
2969
2974
2977
2982
2985
2991
2994
2999
3002
3008
3011
3016
3019
3024
3028
3033
3036
3041
3044
3050
3053
3058
3061
3066
3070
3075
3078
3083
3086
3092
3095
3100
3103
3109
3112
3117
3120
3125
3129
3134
3137
3142
3145
3151
3154
3159
3162
3167
3171
3176
3179
3184
3188
3193
3196
3201
3204
3210
3213
3218
3221
3226
3230
3235
3238
3243
3246
3252
3255
3260
3263
3268
3272
3277
3280
3285
3289
3294
3297
3302
3305
3311
3314
3319
3322
3327
3331
3336
3339
3344
3347
3353
3356
3361
3364
3370
3373
3378
3381
3386
3390
3395
3398
3403
3406
3412
3415
3420
3423
3428
3432
3437
3440
3445
3448
3454
3457
3462
3465
3471
3474
3479
3482
3487
3491
3496
3499
3504
3507
3513
3516
3521
3524
3529
3533
3538
3541
3546
3549
3555
3558
3563
3566
3572
3575
3580
3583
3588
3592
3597
3600
3606
3609
3614
3618
3623
3626
3631
3635
3640
3643
3649
3652
3657
3661
3666
3669
3675
3678
3683
3686
3692
3695
3700
3704
3709
3712
3718
3721
3726
3730
3735
3738
3743
3747
3752
3755
3761
3764
3769
3773
3778
3781
3787
3790
3795
3798
3804
3807
3812
3816
3821
3824
3830
3833
3838
3842
3847
3850
3855
3859
3864
3867
3873
3876
3881
3885
3890
3893
3899
3902
3907
3910
3916
3919
3924
3928
3933
3936
3942
3945
3950
3954
3959
3962
3967
3971
3976
3979
3985
3988
3993
3997
4002
4005
4011
4014
4019
4022
4028
4031
4036
4040
4045
4048
4054
4057
4062
4066
4071
4074
4079
4083
4088
4091
4097
4100
4105
4109
4114
4117
4123
4126
4131
4134
4140
4143
4148
4152
4157
4160
4166
4169
4174
4178
4183
4186
4191
4195
4200
4203
4209
4212
4217
4221
4226
4229
4235
4238
4243
4246
4252
4255
4260
4264
4269
4272
4278
4281
4286
4290
4295
4298
4303
4307
4312
4315
4321
4324
4329
4333
4338
4341
4346
4350
4355
4358
4364
4367
4372
4376
4381
4384
4390
4393
4398
4401
4407
4410
4415
4419
4424
4427
4433
4436
4441
4444
4449
4452
4458
4461
4466
4469
4474
4478
4483
4486
4491
4494
4500
4503
4508
4511
4516
4520
4525
4528
4533
4537
4542
4545
4550
4553
4559
4562
4567
4570
4575
4579
4584
4587
4592
4596
4600
4605
4608
4613
4617
4622
4625
4630
4633
4639
4642
4647
4650
4655
4659
4664
4667
4672
4676
4680
4685
4688
4693
4697
4702
4705
4710
4713
4719
4722
4727
4730
4735
4739
4744
4747
4752
4756
4760
4765
4768
4773
4777
4782
4785
4790
4793
4799
4802
4807
4810
4815
4819
4824
4827
4832
4836
4840
4845
4848
4853
4857
4862
4865
4870
4873
4879
4882
4887
4890
4895
4899
4904
4907
4912
4916
4920
4925
4928
4933
4937
4942
4945
4950
4953
4959
4962
4967
4970
4975
4979
4984
4987
4992
4996
5000
5005
5008
5013
5017
5022
5025
5030
5033
5039
5042
5047
5050
5055
5059
5064
5067
5072
5076
5080
5085
5088
5093
5097
5102
5105
5110
5113
5119
5122
5127
5130
5135
5139
5144
5147
5152
5156
5160
5165
5168
5173
5177
5182
5187
5190
5195
5199
5204
5207
5213
5216
5221
5224
5230
5233
5238
5242
5247
5250
5255
5259
5264
5267
5273
5276
5281
5285
5290
5293
5298
5302
5307
5310
5316
5319
5324
5327
5333
5336
5341
5345
5350
5353
5359
5362
5367
5370
5376
5379
5384
5388
5393
5396
5401
5405
5410
5413
5419
5422
5427
5431
5436
5439
5444
5448
5453
5456
5462
5465
5470
5473
5479
5482
5487
5491
5496
5499
5505
5508
5513
5516
5522
5525
5530
5534
5539
5542
5547
5551
5556
5559
5565
5568
5573
5576
5582
5585
5590
5594
5599
5602
5608
5611
5616
5619
5625
5628
5633
5637
5642
5645
5650
5654
5659
5662
5668
5671
5676
5680
5685
5688
5693
5697
5702
5705
5711
5714
5719
5722
5728
5731
5736
5740
5745
5748
5754
5757
5762
5765
5771
5774
5779
5783
5788
5791
5796
5800
5805
5808
5814
5817
5822
5826
5831
5834
5839
5843
5848
5851
5857
5860
5865
5868
5874
5877
5882
5886
5891
5894
5899
5903
5908
5911
5917
5920
5925
5929
5934
5937
5942
5946
5951
5954
5960
5963
5968
5971
5977
5980
5985
5989
5994
5997
6003
6006
6011
6014
6020
6023
6028
6031
6036
6040
6045
6048
6054
6057
6062
6065
6071
6074
6079
6083
6088
6091
6097
6100
6105
6108
6114
6117
6122
6126
6131
6134
6140
6143
6148
6151
6157
6160
6165
6169
6174
6177
6183
6186
6191
6194
6200
6203
6208
6212
6217
6220
6226
6229
6234
6237
6243
6246
6251
6255
6260
6263
6269
6272
6277
6280
6286
6289
6294
6298
6303
6306
6312
6315
6320
6323
6329
6332
6337
6341
6346
6349
6355
6358
6363
6366
6372
6375
6380
6384
6389
6392
6398
6401
6406
6409
6415
6418
6423
6427
6432
6435
6441
6444
6449
6452
6458
6461
6466
6470
6475
6478
6484
6487
6492
6495
6501
6504
6509
6513
6518
6521
6527
6530
6535
6538
6544
6547
6552
6556
6561
6564
6570
6573
6578
6581
6587
6590
6595
6599
6604
6607
6613
6616
6621
6624
6630
6633
6638
6642
6647
6650
6656
6659
6664
6667
6673
6676
6681
6685
6690
6693
6699
6702
6707
6710
6716
6719
6724
6728
6733
6736
6742
6745
6750
6753
6759
6762
6767
6771
6776
6779
6785
6788
6793
6796
6802
6805
6810
6813
6818
6821
6826
6829
6834
6837
6842
6845
6850
6853
6858
6861
6866
6869
6874
6877
6882
6885
6890
6893
6898
6901
6906
6909
6914
6917
6922
6925
6930
6933
6938
6941
6946
6949
6954
6957
6962
6965
6970
6973
6978
6981
6986
6989
6994
6997
7002
7005
7010
7013
7018
7021
7026
7029
7034
7037
7042
7045
7050
7053
7058
7061
7066
7069
7074
7078
7083
7086
7091
7094
7099
7102
7107
7110
7115
7118
7123
7126
7131
7134
7139
7142
7147
7150
7155
7158
7163
7166
7171
7174
7179
7182
7187
7190
7195
7198
7203
7206
7211
7214
7219
7222
7227
7230
7235
7238
7243
7246
7251
7254
7259
7262
7267
7270
7275
7278
7283
7286
7291
7294
7299
7302
7307
7310
7315
7318
7323
7326
7331
7334
7339
7342
7347
7351
7356
7359
7364
7367
7372
7375
7380
7383
7388
7391
7396
7399
7404
7407
7412
7415
7420
7423
7428
7431
7436
7439
7444
7447
7452
7455
7460
7463
7468
7471
7476
7479
7484
7487
7492
7495
7500
7503
7508
7511
7516
7519
7524
7527
7532
7535
7540
7543
7548
7551
7556
7559
7564
7567
7572
7575
7580
7583
7588
7591
7596
7599
7604
7607
7612
7615
7620
7624
7629
7632
7637
7640
7645
7648
7653
7656
7661
7664
7669
7672
7677
7680
7685
7688
7693
7696
7701
7704
7709
7712
7717
7720
7725
7728
7733
7736
7741
7744
7749
7752
7757
7762
7765
7770
7773
7778
7782
7787
7790
7795
7798
7804
7807
7812
7815
7820
7824
7829
7832
7837
7840
7846
7849
7854
7857
7862
7866
7871
7874
7879
7882
7888
7891
7896
7899
7904
7907
7913
7916
7921
7924
7929
7933
7938
7941
7946
7949
7955
7958
7963
7966
7971
7975
7980
7983
7988
7991
7997
8000
8005
8008
8013
8017
8022
8025
8030
8033
8039
8042
8047
8050
8055
8058
8064
8067
8072
8075
8080
8084
8089
8092
8097
8100
8106
8109
8114
8117
8122
8126
8131
8134
8139
8142
8148
8151
8156
8159
8164
8168
8173
8176
8181
8184
8190
8193
8198
8201
8206
8209
8215
8218
8223
8226
8231
8235
8240
8243
8248
8251
8257
8260
8265
8268
8273
8277
8282
8285
8290
8293
8299
8302
8307
8310
8315
8319
8324
8327
8332
8335
8341
8344
8349
8352
8357
8360
8366
8369
8374
8377
8382
8386
8391
8394
8399
8402
8408
8411
8416
8419
8424
8428
8433
8436
8441
8444
8450
8453
8458
8461
8466
8470
8475
8478
8483
8486
8492
8495
8500
8503
8508
8511
8517
8520
8525
8528
8533
8537
8542
8545
8550
8553
8559
8562
8567
8570
8575
8579
8584
8587
8592
8595
8601
8604
8609
8612
8617
8621
8626
8629
8634
8637
8643
8646
8651
8654
8659
8662
8668
8671
8676
8679
8684
8688
8693
8696
8701
8704
8708
8711
8716
8719
8724
8727
8732
8735
8740
8743
8748
8751
8756
8759
8764
8767
8772
8775
8780
8783
8788
8791
8796
8799
8804
8807
8812
8815
8820
8823
8827
8830
8835
8838
8843
8846
8851
8854
8859
8862
8867
8870
8875
8878
8883
8886
8891
8894
8899
8902
8907
8910
8915
8918
8923
8926
8931
8934
8939
8942
8946
8949
8954
8957
8962
8965
8970
8973
8978
8981
8986
8989
8994
8997
9002
9005
9010
9013
9018
9021
9026
9029
9034
9037
9042
9045
9050
9053
9058
9061
9065
9068
9073
9076
9081
9084
9089
9092
9097
9100
9105
9108
9113
9116
9121
9124
9129
9132
9137
9140
9145
9148
9153
9156
9161
9164
9169
9172
9177
9180
9184
9187
9192
9195
9200
9203
9208
9211
9216
9219
9224
9227
9232
9235
9240
9243
9248
9251
9256
9259
9264
9267
9272
9275
9280
9283
9288
9291
9296
9299
9304
9306
9311
9314
9319
9322
9327
9330
9335
9338
9343
9346
9351
9354
9359
9362
9367
9370
9375
9378
9383
9386
9391
9394
9399
9402
9407
9410
9415
9418
9423
9425
9430
9433
9438
9441
9446
9449
9454
9457
9462
9465
9470
9473
9478
9481
9486
9489
9494
9497
9502
9505
9509
9512
9517
9520
9524
9527
9532
9535
9539
9542
9547
9550
9555
9557
9562
9565
9570
9572
9577
9580
9585
9588
9592
9595
9600
9603
9607
9610
9615
9618
9622
9625
9630
9633
9638
9640
9645
9648
9653
9655
9660
9663
9668
9671
9675
9678
9683
9686
9690
9693
9698
9701
9705
9708
9713
9716
9721
9723
9728
9731
9736
9738
9743
9746
9751
9754
9758
9761
9766
9769
9773
9776
9781
9784
9789
9791
9796
9799
9804
9806
9811
9814
9819
9821
9826
9829
9834
9837
9841
9844
9849
9852
9856
9859
9864
9867
9872
9874
9879
9882
9887
9889
9894
9897
9902
9905
9908
9913
9916
9921
9923
9928
9931
9936
9938
9943
9946
9951
9954
9958
9961
9966
9969
9973
9976
9981
9984
9989
9991
9996
9999
10004
10006
10011
10014
10019
10021
10026
10029
10034
10037
10041
10044
10049
10052
10056
10059
10064
10067
10072
10074
10079
10082
10087
10089
10094
10097
10102
10105
10108
10113
10116
10121
10123
10128
10131
10136
10138
10143
10146
10151
10154
10158
10161
10166
10169
10173
10176
10181
10184
10189
10191
10196
10199
10204
10206
10211
10214
10219
10221
10226
10229
10234
10237
10241
10244
10249
10252
10256
10259
10264
10267
10272
10274
10279
10282
10287
10289
10294
10297
10302
10305
10308
10313
10316
10321
10323
10328
10331
10335
10338
10343
10346
10351
10354
10359
10362
10367
10370
10375
10378
10383
10386
10391
10394
10399
10402
10407
10410
10415
10418
10423
10426
10431
10434
10439
10442
10447
10450
10455
10458
10463
10466
10471
10474
10479
10482
10487
10490
10495
10498
10503
10506
10511
10514
10519
10522
10527
10530
10535
10538
10543
10546
10551
10554
10559
10562
10567
10570
10575
10578
10583
10586
10591
10594
10599
10602
10607
10610
10615
10618
10623
10626
10631
10634
10639
10642
10647
10650
10655
10658
10663
10666
10671
10674
10679
10682
10687
10690
10695
10698
10703
10706
10711
10714
10719
10722
10727
10730
10735
10738
10743
10746
10751
10754
10759
10761
10766
10769
10774
10777
10782
10785
10790
10793
10798
10801
10806
10809
10814
10817
10822
10825
10830
10833
10838
10841
10846
10849
10854
10857
10862
10865
10870
10873
10878
10881
10886
10889
10894
10897
10902
10905
10910
10913
10918
10921
10926
10929
10934
10937
10942
10945
10950
10953
10958
10961
10966
10969
10974
10977
10982
10985
10990
10993
10998
11001
11006
11009
11014
11017
11022
11025
11030
11033
11038
11041
11046
11049
11054
11057
11062
11065
11070
11073
11078
11081
11086
11089
11094
11097
11102
11105
11110
11113
11118
11121
11126
11129
11134
11137
11142
11145
11150
11153
11158
11161
11166
11169
11174
11177
11182
11185
11189
11192
11197
11200
11205
11208
11213
11216
11221
11224
11229
11232
11237
11240
11245
11248
11253
11256
11261
11264
11269
11272
11277
11280
11285
11288
11293
11296
11301
11306
11309
11314
11318
11323
11326
11331
11335
11340
11343
11349
11352
11357
11360
11366
11369
11374
11377
11383
11386
11391
11395
11400
11403
11408
11412
11417
11420
11425
11429
11434
11437
11443
11446
11451
11454
11460
11463
11468
11471
11477
11480
11485
11489
11494
11497
11502
11506
11511
11514
11519
11523
11528
11531
11537
11540
11545
11548
11554
11557
11562
11565
11571
11574
11579
11583
11588
11591
11596
11600
11605
11608
11613
11617
11622
11625
11631
11634
11639
11642
11648
11651
11656
11659
11665
11668
11673
11677
11682
11685
11690
11694
11699
11702
11707
11711
11716
11719
11725
11728
11733
11736
11742
11745
11750
11753
11759
11762
11767
11771
11776
11779
11784
11788
11793
11796
11801
11805
11810
11813
11819
11822
11827
11830
11836
11839
11844
11848
11853
11856
11861
11865
11870
11873
11878
11882
11887
11890
11896
11899
11904
11907
11913
11916
11921
11924
11930
11933
11938
11942
11947
11950
11955
11959
11964
11967
11972
11976
11981
11984
11990
11993
11998
12001
12007
12010
12015
12018
12024
12027
12032
12036
12041
12044
12049
12054
12057
12062
12065
12070
12073
12078
12081
12086
12089
12094
12097
12102
12105
12110
12113
12118
12121
12126
12129
12134
12137
12142
12146
12151
12154
12159
12162
12167
12170
12175
12178
12183
12186
12191
12194
12199
12202
12207
12210
12215
12218
12223
12226
12231
12234
12239
12243
12248
12251
12256
12259
12264
12267
12272
12275
12280
12283
12288
12291
12296
12299
12304
12307
12312
12315
12320
12323
12328
12331
12336
12340
12345
12348
12353
12356
12361
12364
12369
12372
12377
12380
12385
12388
12393
12396
12401
12404
12409
12412
12417
12420
12425
12428
12433
12437
12442
12445
12450
12453
12458
12461
12466
12469
12474
12477
12482
12485
12490
12493
12498
12501
12506
12509
12514
12517
12522
12525
12530
12534
12539
12542
12547
12550
12555
12558
12563
12566
12571
12574
12579
12582
12587
12590
12595
12598
12603
12606
12611
12614
12619
12622
12627
12631
12636
12639
12644
12647
12652
12655
12660
12663
12668
12671
12676
12679
12684
12687
12692
12695
12700
12703
12708
12711
12716
12719
12724
12728
12733
12736
12741
12744
12749
12752
12757
12760
12765
12768
12773
12776
12781
12784
12789
12792
12797
12800
12805
12808
12813
12816
12821
12825
12830
12833
12838
12841
12846
12849
12854
12857
12862
12865
12870
12873
12878
12881
12886
12889
12894
12897
12902
12905
12910
12913
12919
12922
12927
12931
12936
12939
12945
12948
12954
12957
12962
12966
12971
12974
12980
12983
12989
12992
12997
13001
13006
13009
13015
13018
13024
13027
13032
13036
13041
13044
13050
13053
13059
13062
13067
13071
13076
13079
13085
13088
13093
13097
13102
13106
13111
13114
13120
13123
13128
13132
13137
13141
13146
13149
13155
13158
13163
13167
13172
13176
13181
13184
13190
13193
13198
13202
13207
13211
13216
13219
13225
13228
13233
13237
13242
13245
13251
13254
13260
13263
13268
13272
13277
13280
13286
13289
13295
13298
13303
13307
13312
13315
13321
13324
13330
13333
13338
13342
13347
13350
13356
13359
13365
13368
13373
13377
13382
13385
13391
13394
13399
13403
13408
13412
13417
13420
13426
13429
13434
13438
13443
13447
13452
13455
13461
13464
13469
13473
13478
13482
13487
13490
13496
13499
13504
13508
13513
13517
13522
13525
13531
13534
13539
13543
13548
13551
13557
13560
13566
13569
13574
13578
13583
13586
13592
13595
13601
13604
13609
13613
13618
13621
13627
13630
13636
13639
13644
13648
13653
13656
13662
13665
13671
13674
13679
13683
13688
13691
13697
13700
13705
13709
13714
13718
13723
13726
13732
13735
13740
13744
13749
13753
13758
13761
13767
13770
13775
13779
13784
13788
13793
13796
13802
13805
13810
13814
13819
13822
13827
13831
13836
13839
13844
13848
13853
13856
13861
13865
13870
13873
13878
13882
13887
13890
13895
13899
13904
13907
13912
13916
13921
13924
13929
13933
13938
13941
13946
13950
13955
13958
13963
13967
13972
13975
13981
13984
13989
13992
13998
14001
14006
14009
14015
14018
14023
14026
14032
14035
14040
14043
14049
14052
14057
14060
14066
14069
14074
14077
14083
14086
14091
14094
14100
14103
14108
14111
14117
14120
14125
14129
14134
14137
14142
14146
14151
14154
14159
14163
14168
14171
14176
14180
14185
14188
14193
14197
14202
14205
14210
14214
14219
14222
14227
14231
14236
14239
14244
14248
14253
14256
14261
14265
14270
14273
14278
14282
14287
14290
14296
14299
14304
14307
14313
14316
14321
14324
14330
14333
14338
14341
14347
14350
14355
14358
14364
14367
14372
14375
14381
14384
14389
14392
14398
14401
14406
14409
14415
14418
14423
14426
14432
14435
14440
14444
14449
14452
14457
14461
14466
14469
14474
14478
14483
14486
14491
14495
14500
14503
14508
14512
14517
14520
14525
14529
14534
14537
14542
14546
14551
14554
14559
14563
14568
14571
14576
14580
14585
14588
14593
14597
14602
14605
14611
14614
14619
14622
14628
14631
14636
14639
14645
14648
14653
14656
14662
14665
14670
14673
14679
14682
14687
14690
14696
14699
14703
14706
14711
14714
14719
14722
14727
14730
14735
14738
14743
14746
14751
14754
14759
14762
14767
14770
14775
14778
14783
14786
14791
14794
14799
14802
14807
14810
14815
14818
14823
14826
14831
14834
14839
14842
14847
14850
14855
14858
14863
14866
14871
14874
14879
14882
14887
14890
14895
14898
14903
14906
14911
14914
14919
14922
14927
14930
14935
14938
14943
14946
14951
14954
14959
14962
14967
14970
14975
14978
14983
14986
14991
14994
14999
15002
15007
15010
15015
15018
15023
15026
15031
15034
15039
15042
15047
15050
15055
15058
15063
15066
15071
15074
15079
15082
15087
15090
15095
15098
15103
15106
15111
15114
15119
15122
15127
15130
15135
15138
15143
15146
15151
15154
15159
15162
15167
15170
15175
15178
15183
15186
15191
15194
15199
15202
15207
15210
15215
15218
15223
15226
15231
15234
15239
15242
15247
15250
15255
15258
15263
15266
15271
15274
15279
15282
15287
15290
15295
15298
15303
15306
15311
15314
15319
15322
15327
15330
15335
15338
15343
15346
15351
15354
15359
15362
15367
15370
15375
15378
15383
15386
15391
15394
15399
15402
15407
15410
15415
15418
15423
15426
15431
15434
15439
15442
15447
15450
15455
15458
15463
15466
15471
15474
15479
15482
15487
15490
15495
15498
15503
15506
15511
15514
15519
15522
15527
15531
15536
15539
15544
15547
15552
15555
15560
15563
15568
15571
15576
15579
15584
15588
15593
15596
15601
15604
15609
15612
15617
15620
15625
15628
15633
15636
15641
15645
15650
15653
15658
15661
15666
15669
15674
15677
15682
15685
15690
15693
15698
15702
15707
15710
15715
15718
15723
15726
15731
15734
15739
15742
15747
15750
15755
15759
15764
15767
15772
15775
15780
15783
15788
15791
15796
15799
15804
15807
15812
15816
15821
15824
15829
15832
15837
15840
15845
15848
15853
15856
15861
15864
15869
15873
15878
15881
15886
15889
15894
15897
15902
15905
15910
15913
15918
15921
15926
15930
15935
15938
15943
15946
15951
15954
15959
15962
15967
15970
15975
15978
15983
15987
15992
15995
16000
16003
16008
16011
16016
16019
16024
16027
16032
16035
16040
16044
16049
16052
16057
16060
16065
16068
16073
16076
16081
16084
16089
16092
16098
16101
16106
16109
16114
16117
16122
16125
16130
16133
16138
16141
16146
16149
16155
16158
16163
16166
16171
16174
16179
16182
16187
16190
16195
16198
16203
16206
16212
16215
16220
16223
16228
16231
16236
16239
16244
16247
16252
16255
16260
16263
16269
16272
16277
16280
16285
16288
16293
16296
16301
16304
16308
16311
16316
16319
16324
16327
16332
16335
16340
16343
16348
16351
16356
16359
16364
16367
16372
16375
16380
16383
16388
16391
16396
16399
16404
16407
16412
16415
16420
16423
16428
16431
16436
16439
16444
16447
16452
16455
16460
16463
16468
16471
16476
16479
16483
16486
16491
16494
16499
16502
16507
16510
16515
16518
16523
16526
16531
16534
16539
16542
16547
16550
16555
16558
16563
16566
16571
16574
16579
16582
16587
16590
16595
16598
16603
16606
16611
16614
16619
16622
16627
16630
16635
16638
16643
16646
16651
16654
16658
16661
16666
16669
16674
16677
16682
16685
16690
16693
16698
16701
16706
16709
16714
16717
16722
16725
16730
16733
16738
16741
16746
16749
16754
16757
16762
16765
16770
16773
16778
16781
16786
16789
16794
16797
16802
16805
16810
16813
16818
16821
16826
16829
16834
16836
16841
16844
16849
16852
16857
16860
16865
16868
16873
16876
16881
16884
16889
16892
16897
16900
16905
16908
16913
16916
16921
16924
16929
16932
16937
16940
16945
16948
16953
16956
16961
16964
16969
16972
16977
16980
16985
16988
16993
16996
17001
17004
17009
17011
17016
17019
17024
17027
17032
17035
17040
17043
17048
17051
17056
17059
17064
17067
17073
17076
17081
17085
17090
17094
17099
17102
17108
17111
17117
17120
17125
17129
17134
17138
17143
17146
17152
17155
17161
17164
17169
17173
17178
17182
17187
17190
17196
17199
17205
17208
17213
17217
17222
17226
17231
17234
17240
17243
17249
17252
17257
17261
17266
17270
17275
17278
17284
17287
17293
17296
17301
17305
17310
17314
17319
17322
17328
17331
17337
17340
17345
17349
17354
17358
17363
17366
17372
17375
17381
17384
17389
17393
17398
17402
17407
17410
17416
17419
17425
17428
17433
17437
17442
17446
17451
17454
17460
17463
17469
17472
17477
17481
17486
17490
17495
17498
17504
17507
17513
17516
17521
17525
17530
17534
17539
17542
17548
17551
17557
17560
17565
17569
17574
17578
17583
17586
17592
17595
17601
17604
17609
17613
17618
17622
17627
17630
17636
17639
17645
17648
17653
17657
17662
17666
17671
17674
17680
17683
17689
17692
17697
17701
17706
17710
17715
17718
17724
17727
17733
17736
17741
17745
17750
17754
17759
17762
17768
17771
17777
17780
17785
17789
17794
17798
17803
17806
17812
17815
17820
17824
17829
17833
17838
17841
17847
17850
17856
17859
17864
17868
17873
17877
17882
17885
17890
17893
17898
17901
17906
17909
17914
17917
17922
17925
17930
17933
17938
17941
17946
17949
17954
17957
17962
17965
17970
17973
17978
17981
17986
17989
17994
17997
18002
18005
18010
18013
18018
18021
18026
18029
18034
18037
18042
18045
18050
18053
18058
18061
18066
18069
18074
18077
18082
18085
18090
18093
18098
18101
18106
18109
18114
18117
18122
18125
18130
18133
18138
18141
18146
18149
18154
18157
18162
18165
18170
18173
18178
18181
18186
18189
18194
18197
18202
18205
18210
18213
18218
18221
18226
18229
18234
18237
18242
18245
18250
18253
18258
18261
18266
18269
18274
18277
18282
18285
18290
18293
18298
18301
18306
18309
18314
18317
18322
18325
18330
18333
18338
18341
18346
18349
18354
18357
18362
18365
18370
18373
18378
18381
18387
18390
18395
18398
18403
18406
18411
18414
18419
18422
18427
18430
18435
18438
18443
18446
18451
18454
18459
18462
18467
18470
18475
18478
18483
18486
18491
18494
18499
18502
18507
18510
18515
18518
18523
18526
18531
18534
18539
18542
18547
18550
18555
18558
18563
18566
18571
18574
18579
18582
18587
18590
18595
18598
18603
18606
18611
18614
18619
18622
18627
18630
18635
18638
18643
18646
18651
18655
18658
18663
18666
18671
18674
18679
18682
18687
18690
18694
18697
18702
18705
18710
18713
18718
18721
18726
18729
18734
18736
18741
18744
18749
18752
18757
18760
18765
18768
18773
18775
18780
18783
18788
18791
18796
18799
18804
18807
18812
18815
18819
18822
18827
18830
18835
18838
18843
18846
18851
18854
18858
18861
18866
18869
18874
18877
18882
18885
18890
18893
18898
18900
18905
18908
18913
18916
18921
18924
18929
18932
18937
18939
18944
18947
18952
18955
18960
18963
18968
18971
18976
18979
18983
18986
18991
18994
18999
19002
19007
19010
19015
19018
19022
19025
19030
19033
19038
19041
19046
19049
19054
19057
19062
19064
19069
19072
19077
19080
19085
19088
19093
19096
19101
19103
19108
19111
19116
19119
19124
19127
19132
19135
19140
19143
19147
19150
19155
19158
19163
19166
19171
19174
19179
19182
19186
19189
19194
19197
19202
19205
19210
19213
19218
19221
19226
19228
19233
19236
19241
19244
19249
19252
19257
19260
19265
19267
19272
19275
19280
19283
19288
19291
19296
19299
19304
19307
19311
19314
19319
19322
19327
19330
19335
19338
19343
19346
19350
19353
19358
19361
19366
19369
19374
19377
19382
19385
19390
19392
19397
19400
19405
19408
19413
19416
19421
19424
19429
19431
19436
19439
19444
19447
19452
19455
19460
19463
19468
19471
19475
19478
19483
19486
19491
19494
19499
19503
19508
19511
19516
19520
19525
19528
19533
19537
19542
19545
19550
19554
19559
19562
19567
19571
19576
19579
19585
19588
19593
19596
19602
19605
19610
19613
19619
19622
19627
19630
19636
19639
19644
19647
19653
19656
19661
19664
19670
19673
19678
19682
19687
19690
19695
19699
19704
19707
19712
19716
19721
19724
19729
19733
19738
19741
19746
19750
19755
19758
19763
19767
19772
19775
19781
19784
19789
19792
19798
19801
19806
19809
19815
19818
19823
19826
19832
19835
19840
19843
19849
19852
19857
19861
19865
19870
19873
19879
19882
19887
19890
19896
19899
19904
19907
19913
19916
19921
19924
19930
19933
19938
19941
19947
19950
19955
19959
19964
19967
19972
19976
19981
19984
19989
19993
19998
20001
20006
20010
20015
20018
20023
20027
20032
20035
20040
20044
20049
20052
20058
20061
20066
20069
20075
20078
20083
20086
20092
20095
20100
20103
20109
20112
20117
20120
20126
20129
20134
20137
20143
20146
20151
20155
20160
20163
20168
20172
20177
20180
20185
20189
20194
20197
20202
20206
20211
20214
20219
20223
20228
20231
20236
20240
20245
20248
20254
20257
20262
20265
20271
20274
20279
20282
20288
20291
20296
20299
20304
20307
20312
20315
20321
20324
20329
20332
20338
20341
20346
20349
20355
20358
20363
20366
20371
20375
20380
20383
20388
20392
20397
20400
20405
20409
20414
20417
20422
20426
20431
20434
20439
20442
20448
20451
20456
20459
20465
20468
20473
20476
20482
20485
20490
20493
20499
20502
20507
20510
20515
20519
20524
20527
20532
20536
20541
20544
20549
20553
20558
20561
20566
20569
20575
20578
20583
20586
20592
20595
20600
20603
20609
20612
20617
20620
20626
20629
20634
20637
20642
20646
20651
20654
20659
20663
20668
20671
20676
20680
20685
20688
20693
20697
20702
20705
20710
20713
20719
20722
20727
20730
20736
20739
20744
20747
20753
20756
20761
20764
20770
20773
20778
20781
20786
20790
20795
20798
20803
20807
20812
20815
20820
20824
20829
20832
20837
20840
20846
20849
20854
20857
20863
20866
20871
20874
20880
20883
20888
20891
20897
20900
20905
20908
20913
20917
20922
20925
20930
20934
20939
20942
20947
20951
20956
20959
20964
20968
20973
20976
20981
20984
20990
20993
20998
21001
21007
21010
21015
21018
21024
21027
21032
21035
21041
21044
21049
21052
21057
21061
21066
21069
21074
21079
21082
21087
21090
21095
21099
21104
21107
21112
21115
21121
21124
21129
21132
21137
21140
21146
21149
21154
21157
21162
21166
21171
21174
21179
21182
21188
21191
21196
21199
21204
21207
21213
21216
21221
21224
21229
21233
21238
21241
21246
21249
21254
21258
21263
21266
21271
21274
21280
21283
21288
21291
21296
21300
21305
21308
21313
21316
21321
21325
21330
21333
21338
21341
21347
21350
21355
21358
21363
21366
21372
21375
21380
21383
21388
21392
21397
21400
21405
21408
21414
21417
21422
21425
21430
21433
21439
21442
21447
21450
21455
21459
21464
21467
21472
21475
21480
21484
21489
21492
21497
21500
21506
21509
21514
21517
21522
21526
21531
21534
21539
21542
21547
21551
21556
21559
21564
21567
21573
21576
21581
21584
21589
21593
21598
21601
21606
21609
21614
21618
21623
21626
21631
21634
21640
21643
21648
21651
21656
21659
21665
21668
21673
21676
21681
21685
21690
21693
21698
21701
21707
21710
21715
21718
21723
21726
21732
21735
21740
21743
21748
21752
21757
21760
21765
21768
21773
21777
21782
21785
21790
21793
21799
21802
21807
21810
21815
21819
21824
21827
21832
21835
21840
21844
21849
21852
21857
21860
21866
21869
21874
21877
21882
21885
21891
21894
21899
21902
21907
21911
21916
21919
21924
21927
21933
21936
21941
21944
21949
21952
21958
21961
21966
21969
21974
21978
21983
21986
21991
21994
22000
22003
22008
22011
22016
22019
22025
22028
22033
22036
22040
22043
22048
22051
22056
22059
22064
22067
22072
22075
22079
22082
22087
22090
22095
22098
22103
22106
22111
22114
22119
22121
22126
22129
22134
22137
22142
22145
22150
22153
22158
22160
22165
22168
22173
22176
22181
22184
22189
22192
22197
22200
22204
22207
22212
22215
22220
22223
22228
22231
22236
22239
22243
22246
22251
22254
22259
22262
22267
22270
22275
22278
22283
22285
22290
22293
22298
22301
22306
22309
22314
22317
22322
22324
22329
22332
22337
22340
22345
22348
22353
22356
22361
22364
22368
22371
22376
22379
22384
22387
22392
22395
22400
22403
22407
22410
22415
22418
22423
22426
22431
22434
22439
22442
22447
22449
22454
22457
22462
22465
22470
22473
22478
22481
22486
22488
22493
22496
22501
22504
22509
22512
22517
22520
22525
22528
22532
22535
22540
22543
22548
22551
22556
22559
22564
22567
22571
22574
22579
22582
22587
22590
22595
22598
22603
22606
22611
22613
22618
22621
22626
22629
22634
22637
22642
22645
22650
22652
22657
22660
22665
22668
22673
22676
22681
22684
22689
22692
22696
22699
22704
22707
22712
22715
22720
22723
22728
22731
22735
22738
22743
22746
22751
22754
22759
22762
22767
22770
22775
22777
22782
22785
22790
22793
22798
22801
22806
22809
22814
22816
22821
22824
22829
22832
22837
22840
22845
22849
22852
22857
22860
22865
22868
22872
22875
22880
22883
22888
22891
22896
22898
22903
22906
22911
22914
22919
22922
22926
22929
22934
22937
22942
22945
22950
22952
22957
22960
22965
22968
22973
22976
22980
22983
22988
22991
22996
22999
23004
23006
23011
23014
23019
23022
23027
23030
23034
23037
23042
23045
23050
23053
23058
23060
23065
23068
23073
23076
23081
23084
23088
23091
23096
23099
23104
23107
23112
23114
23119
23122
23127
23130
23135
23138
23142
23145
23150
23153
23158
23161
23166
23168
23173
23176
23181
23184
23189
23192
23196
23199
23204
23207
23212
23215
23220
23222
23227
23230
23235
23238
23243
23246
23250
23253
23258
23261
23266
23269
23274
23276
23281
23284
23289
23292
23297
23300
23304
23307
23312
23315
23320
23323
23328
23330
23335
23338
23343
23346
23351
23353
23358
23361
23366
23369
23374
23377
23381
23384
23389
23392
23397
23400
23405
23407
23412
23415
23420
23423
23428
23431
23435
23438
23443
23446
23451
23454
23459
23461
23466
23469
23474
23477
23482
23485
23489
23492
23497
23500
23505
23508
23513
23515
23520
23523
23528
23531
23536
23539
23543
23546
23551
23554
23559
23562
23567
23569
23574
23577
23582
23585
23590
23593
23597
23600
23605
23608
23613
23616
23621
23623
23628
23631
23636
23639
23644
23647
23651
23654
23659
23662
23667
23670
23675
23677
23682
23685
23690
23693
23698
23701
23705
23708
23713
23716
23721
23724
23729
23731
23736
23739
23744
23747
23752
23757
23760
23765
23769
23774
23777
23783
23786
23791
23795
23800
23803
23809
23812
23817
23821
23826
23829
23835
23838
23843
23846
23852
23855
23860
23864
23869
23872
23878
23881
23886
23890
23895
23898
23904
23907
23912
23916
23921
23924
23929
23933
23938
23941
23947
23950
23955
23959
23964
23967
23973
23976
23981
23985
23990
23993
23999
24002
24007
24010
24016
24019
24024
24028
24033
24036
24042
24045
24050
24054
24059
24062
24068
24071
24076
24080
24085
24088
24094
24097
24102
24105
24111
24114
24119
24123
24128
24131
24137
24140
24145
24149
24154
24157
24163
24166
24171
24175
24180
24183
24188
24192
24197
24200
24206
24209
24214
24218
24223
24226
24232
24235
24240
24244
24249
24252
24258
24261
24266
24269
24275
24278
24283
24287
24292
24295
24301
24304
24309
24313
24318
24321
24327
24330
24335
24339
24344
24347
24352
24356
24361
24364
24370
24373
24378
24382
24387
24390
24396
24399
24404
24408
24413
24416
24422
24425
24430
24434
24439
24442
24447
24451
24456
24459
24465
24468
24473
24477
24482
24485
24491
24494
24499
24503
24508
24511
24517
24520
24525
24528
24534
24537
24542
24546
24551
24554
24560
24563
24568
24572
24577
24581
24584
24589
24592
24597
24600
24605
24608
24613
24616
24620
24623
24628
24631
24636
24639
24644
24647
24652
24655
24660
24662
24667
24670
24675
24678
24683
24686
24691
24694
24699
24702
24706
24709
24714
24717
24722
24725
24730
24733
24738
24741
24746
24748
24753
24756
24761
24764
24769
24772
24777
24780
24785
24788
24792
24795
24800
24803
24808
24811
24816
24819
24824
24827
24831
24834
24839
24842
24847
24850
24855
24858
24863
24866
24871
24873
24878
24881
24886
24889
24894
24897
24902
24905
24910
24913
24917
24920
24925
24928
24933
24936
24941
24944
24949
24952
24957
24959
24964
24967
24972
24975
24980
24983
24988
24991
24996
24999
25003
25006
25011
25014
25019
25022
25027
25030
25035
25038
25042
25045
25050
25053
25058
25061
25066
25069
25074
25077
25082
25084
25089
25092
25097
25100
25105
25108
25113
25116
25121
25124
25128
25131
25136
25139
25144
25147
25152
25155
25160
25163
25168
25170
25175
25178
25183
25186
25191
25194
25199
25202
25207
25210
25214
25217
25222
25225
25230
25233
25238
25241
25246
25249
25254
25256
25261
25264
25269
25272
25277
25280
25285
25288
25293
25295
25300
25303
25308
25311
25316
25319
25324
25327
25332
25335
25339
25342
25347
25350
25355
25358
25363
25366
25371
25374
25379
25381
25386
25389
25394
25397
25402
25405
25410
25415
25418
25424
25427
25432
25436
25441
25445
25450
25453
25459
25462
25467
25471
25476
25480
25485
25488
25494
25497
25502
25506
25511
25515
25520
25523
25529
25532
25537
25541
25546
25550
25555
25558
25564
25567
25572
25576
25581
25585
25590
25593
25599
25602
25607
25611
25616
25620
25625
25628
25634
25637
25642
25646
25651
25655
25660
25663
25669
25672
25677
25681
25686
25690
25695
25698
25704
25707
25712
25716
25721
25725
25730
25733
25739
25742
25747
25751
25756
25760
25765
25768
25774
25777
25782
25786
25791
25795
25800
25803
25809
25812
25818
25821
25826
25830
25835
25838
25844
25847
25853
25856
25861
25865
25870
25873
25879
25882
25888
25891
25896
25900
25905
25908
25914
25917
25923
25926
25931
25935
25940
25943
25949
25952
25958
25961
25966
25970
25975
25978
25984
25987
25993
25996
26001
26005
26010
26013
26019
26022
26028
26031
26036
26040
26045
26048
26054
26057
26063
26066
26071
26075
26080
26083
26089
26092
26098
26101
26106
26110
26115
26118
26124
26127
26133
26136
26141
26145
26150
26153
26159
26162
26168
26171
26176
26180
26185
26188
26194
26197
26203
26206
26211
26215
26220
26224
26229
26232
26238
26241
26246
26250
26255
26259
26264
26267
26273
26276
26281
26285
26290
26294
26299
26302
26308
26311
26316
26320
26325
26329
26334
26337
26343
26346
26351
26355
26360
26364
26369
26372
26376
26379
26384
26387
26392
26394
26399
26402
26407
26410
26415
26417
26422
26425
26430
26433
26438
26440
26445
26448
26453
26456
26461
26463
26468
26471
26476
26479
26483
26486
26491
26494
26499
26502
26506
26509
26514
26517
26522
26525
26529
26532
26537
26540
26545
26548
26552
26555
26560
26563
26568
26570
26575
26578
26583
26586
26591
26593
26598
26601
26606
26609
26614
26616
26621
26624
26629
26632
26637
26639
26644
26647
26652
26655
26659
26662
26667
26670
26675
26678
26682
26685
26690
26693
26698
26701
26705
26708
26713
26716
26721
26724
26728
26731
26736
26739
26744
26747
26750
26755
26758
26763
26766
26770
26773
26778
26781
26786
26789
26793
26796
26801
26804
26809
26812
26816
26819
26824
26827
26832
26835
26839
26842
26847
26850
26855
26857
26862
26865
26870
26873
26878
26880
26885
26888
26893
26896
26901
26903
26908
26911
26916
26919
26924
26926
26931
26934
26939
26942
26946
26949
26954
26957
26962
26965
26969
26972
26977
26980
26985
26988
26992
26995
27000
27003
27008
27011
27015
27018
27023
27026
27031
27033
27038
27041
27046
27049
27054
27056
27061
27064
27069
27072
27077
27079
27084
27087
27092
27095
27100
27102
27107
27110
27115
27118
27122
27125
27130
27133
27138
27141
27145
27148
27153
27156
27161
27164
27168
27171
27176
27179
27184
27187
27191
27194
27199
27202
27207
27210
27214
27217
27222
27225
27230
27232
27237
27240
27245
27248
27253
27256
27261
27264
27269
27272
27277
27280
27285
27288
27293
27296
27301
27304
27309
27312
27317
27320
27325
27328
27333
27336
27342
27345
27350
27353
27358
27361
27366
27369
27374
27377
27382
27385
27390
27393
27398
27401
27406
27409
27414
27417
27422
27425
27431
27434
27439
27442
27447
27450
27455
27458
27463
27466
27471
27474
27479
27482
27487
27490
27495
27498
27503
27506
27511
27514
27519
27523
27528
27531
27536
27539
27544
27547
27552
27555
27560
27563
27568
27571
27576
27579
27584
27587
27592
27595
27600
27603
27608
27612
27617
27620
27625
27628
27633
27636
27641
27644
27649
27652
27657
27660
27665
27668
27673
27676
27681
27684
27689
27692
27697
27700
27706
27709
27714
27717
27722
27725
27730
27733
27738
27741
27746
27749
27754
27757
27762
27765
27770
27773
27778
27781
27786
27789
27795
27798
27803
27806
27811
27814
27819
27822
27827
27830
27835
27838
27843
27846
27851
27854
27859
27862
27867
27870
27875
27878
27883
27887
27892
27895
27900
27903
27908
27911
27916
27919
27924
27927
27932
27935
27940
27943
27948
27951
27956
27959
27964
27967
27972
27976
27981
27984
27989
27992
27997
28000
28005
28008
28013
28016
28021
28024
28029
28032
28037
28040
28045
28048
28053
28056
28061
28064
28070
28073
28078
28081
28086
28089
28094
28097
28102
28105
28110
28113
28118
28121
28126
28129
28134
28138
28141
28146
28149
28153
28156
28161
28164
28168
28171
28176
28179
28183
28186
28191
28194
28199
28201
28206
28209
28214
28216
28221
28224
28229
28231
28236
28239
28244
28247
28251
28254
28259
28262
28266
28269
28274
28277
28281
28284
28289
28292
28297
28299
28304
28307
28312
28314
28319
28322
28327
28329
28334
28337
28342
28345
28349
28352
28357
28360
28364
28367
28372
28375
28379
28382
28387
28390
28395
28397
28402
28405
28410
28412
28417
28420
28425
28427
28432
28435
28440
28443
28447
28450
28455
28458
28462
28465
28470
28473
28477
28480
28485
28488
28493
28495
28500
28503
28508
28510
28515
28518
28523
28525
28530
28533
28538
28541
28545
28548
28553
28556
28560
28563
28568
28571
28575
28578
28583
28586
28591
28593
28598
28601
28606
28608
28613
28616
28621
28623
28628
28631
28636
28639
28643
28646
28651
28654
28658
28661
28666
28669
28673
28676
28681
28684
28689
28691
28696
28699
28704
28706
28711
28714
28719
28721
28726
28729
28734
28737
28741
28744
28749
28752
28756
28759
28764
28767
28771
28774
28779
28782
28787
28789
28794
28797
28802
28804
28809
28812
28817
28819
28824
28827
28832
28835
28839
28842
28847
28850
28854
28857
28862
28865
28869
28872
28877
28880
28884
28887
28892
28895
28900
28902
28907
28910
28915
28920
28923
28928
28931
28937
28940
28945
28948
28953
28957
28962
28965
28970
28974
28979
28982
28987
28990
28996
28999
29004
29007
29012
29016
29021
29024
29029
29033
29038
29041
29046
29049
29055
29058
29063
29066
29072
29075
29080
29083
29088
29092
29097
29100
29105
29108
29114
29117
29122
29125
29131
29134
29139
29142
29147
29151
29156
29159
29164
29167
29173
29176
29181
29184
29190
29193
29198
29201
29206
29210
29215
29218
29223
29227
29232
29235
29240
29243
29249
29252
29257
29260
29265
29269
29274
29277
29282
29286
29291
29294
29299
29302
29308
29311
29316
29319
29324
29328
29333
29336
29341
29345
29350
29353
29358
29361
29367
29370
29375
29378
29384
29387
29392
29395
29400
29404
29409
29412
29417
29420
29426
29429
29434
29437
29443
29446
29451
29454
29459
29463
29468
29471
29476
29480
29485
29488
29493
29496
29502
29505
29510
29513
29518
29522
29527
29530
29535
29539
29544
29547
29552
29555
29561
29564
29569
29572
29577
29581
29586
29589
29594
29598
29603
29606
29611
29614
29620
29623
29628
29631
29637
29640
29645
29648
29653
29657
29662
29665
29670
29673
29679
29682
29687
29690
29696
29699
29704
29707
29712
29716
29721
29724
29729
29732
29738
29741
29746
29749
29755
29758
29763
29766
29771
29775
29780
29783
29788
29792
29797
29800
29805
29808
29814
29817
29822
29825
29830
29834
29839
29842
29847
29851
29856
29859
29864
29868
29873
29876
29882
29885
29890
29894
29899
29902
29908
29911
29916
29920
29925
29928
29934
29937
29942
29946
29951
29954
29960
29963
29968
29971
29977
29980
29985
29989
29994
29997
30003
30006
30011
30015
30020
30023
30029
30032
30037
30041
30046
30049
30055
30058
30063
30067
30072
30075
30081
30084
30089
30092
30098
30101
30106
30110
30115
30118
30124
30127
30132
30136
30141
30144
30150
30153
30158
30162
30167
30170
30176
30179
30184
30188
30193
30196
30202
30205
30210
30213
30219
30222
30227
30231
30236
30239
30245
30248
30253
30257
30262
30265
30271
30274
30279
30283
30288
30291
30297
30300
30305
30309
30314
30317
30323
30326
30331
30334
30340
30343
30348
30352
30357
30360
30366
30369
30374
30378
30383
30386
30392
30395
30400
30404
30409
30412
30418
30421
30426
30430
30435
30438
30444
30447
30452
30455
30461
30464
30469
30473
30478
30481
30487
30490
30495
30499
30504
30507
30513
30516
30521
30525
30530
30533
30539
30542
30547
30551
30556
30559
30564
30568
30573
30576
30582
30585
30590
30594
30599
30602
30608
30611
30616
30620
30625
30628
30634
30637
30642
30646
30651
30654
30660
30663
30668
30672
30677
30680
30685
30689
30694
30699
30702
30707
30710
30715
30718
30723
30726
30731
30734
30739
30742
30747
30750
30755
30758
30763
30766
30771
30774
30779
30782
30787
30790
30795
30798
30803
30806
30811
30814
30819
30822
30827
30830
30835
30838
30843
30846
30851
30854
30859
30862
30867
30871
30876
30879
30884
30887
30892
30895
30900
30903
30908
30911
30916
30919
30924
30927
30932
30935
30940
30943
30948
30951
30956
30959
30964
30967
30972
30975
30980
30983
30988
30991
30996
30999
31004
31007
31012
31015
31020
31023
31028
31031
31036
31039
31044
31048
31053
31056
31061
31064
31069
31072
31077
31080
31085
31088
31093
31096
31101
31104
31109
31112
31117
31120
31125
31128
31133
31136
31141
31144
31149
31152
31157
31160
31165
31168
31173
31176
31181
31184
31189
31192
31197
31200
31205
31208
31213
31216
31221
31225
31230
31233
31238
31241
31246
31249
31254
31257
31262
31265
31270
31273
31278
31281
31286
31289
31294
31297
31302
31305
31310
31313
31318
31321
31326
31329
31334
31337
31342
31345
31350
31353
31358
31361
31366
31369
31374
31377
31382
31385
31390
31393
31398
31402
31407
31410
31415
31418
31423
31426
31431
31434
31439
31442
31447
31450
31455
31458
31463
31466
31471
31474
31479
31482
31486
31489
31494
31497
31502
31505
31510
31513
31518
31521
31526
31528
31533
31536
31541
31544
31549
31552
31557
31560
31565
31568
31573
31575
31580
31583
31588
31591
31596
31599
31604
31607
31612
31615
31620
31622
31627
31630
31635
31638
31643
31646
31651
31654
31659
31662
31667
31669
31674
31677
31682
31685
31690
31693
31698
31701
31706
31709
31714
31716
31721
31724
31729
31732
31737
31740
31745
31748
31753
31756
31761
31763
31768
31771
31776
31779
31784
31787
31792
31795
31800
31803
31808
31810
31815
31818
31823
31826
31831
31834
31839
31842
31847
31850
31855
31857
31862
31865
31870
31873
31878
31881
31886
31889
31894
31897
31902
31904
31909
31912
31917
31920
31925
31928
31933
31936
31941
31944
31949
31951
31956
31959
31964
31967
31972
31975
31980
31983
31988
31991
31996
31998
32003
32006
32011
32014
32019
32022
32027
32030
32035
32038
32043
32045
32050
32053
32058
32061
32066
32069
32074
32077
32082
32085
32090
32092
32097
32100
32105
32108
32113
32116
32121
32124
32129
32132
32137
32139
32144
32147
32152
32155
32160
32163
32168
32171
32176
32179
32184
32186
32191
32194
32199
32202
32207
32210
32215
32218
32223
32226
32231
32233
32238
32241
32246
32249
32254
32257
32262
32265
32270
32273
32278
32280
32285
32288
32293
32296
32301
32304
32309
32312
32317
32320
32325
32327
32332
32335
32340
32343
32348
32351
32356
32359
32364
32367
32372
32374
32379
32382
32387
32390
32395
32398
32403
32406
32411
32414
32419
32421
32426
32429
32434
32437
32442
32445
32450
32453
32458
32461
32466
32469
32474
32477
32482
32485
32490
32493
32499
32502
32507
32510
32515
32518
32523
32526
32531
32534
32539
32542
32547
32550
32555
32558
32563
32567
32572
32575
32580
32583
32588
32591
32596
32599
32604
32607
32612
32615
32620
32623
32628
32631
32637
32640
32645
32648
32653
32656
32661
32664
32669
32672
32677
32680
32685
32688
32693
32696
32701
32705
32710
32713
32718
32721
32726
32729
32734
32737
32742
32745
32750
32753
32758
32761
32766
32770
32775
32778
32783
32786
32791
32794
32799
32802
32807
32810
32815
32818
32823
32826
32831
32834
32840
32843
32848
32851
32856
32859
32864
32867
32872
32875
32880
32883
32888
32891
32896
32899
32904
32908
32913
32916
32921
32924
32929
32932
32937
32940
32945
32948
32953
32956
32961
32964
32969
32972
32978
32981
32986
32989
32994
32997
33002
33005
33010
33013
33018
33021
33026
33029
33034
33037
33042
33046
33051
33054
33059
33062
33067
33070
33075
33078
33083
33086
33091
33094
33099
33102
33107
33111
33116
33119
33124
33127
33132
33135
33140
33143
33148
33151
33156
33159
33164
33167
33172
33175
33181
33184
33189
33192
33197
33200
33205
33208
33213
33216
33221
33224
33229
33233
33236
33241
33244
33249
33251
33256
33259
33264
33267
33271
33274
33279
33282
33287
33289
33294
33297
33302
33305
33309
33312
33317
33320
33325
33328
33332
33335
33340
33343
33348
33350
33355
33358
33363
33366
33370
33373
33378
33381
33386
33389
33392
33397
33400
33405
33408
33412
33415
33420
33423
33428
33430
33435
33438
33443
33446
33450
33453
33458
33461
33466
33469
33472
33477
33480
33485
33488
33492
33495
33500
33503
33508
33510
33515
33518
33523
33526
33530
33533
33538
33541
33546
33549
33552
33557
33560
33565
33568
33572
33575
33580
33583
33588
33590
33595
33598
33603
33606
33610
33613
33618
33621
33626
33629
33632
33637
33640
33645
33648
33652
33655
33660
33663
33668
33670
33675
33678
33683
33686
33690
33693
33698
33701
33706
33709
33712
33717
33720
33725
33728
33732
33735
33740
33743
33748
33750
33755
33758
33763
33766
33770
33773
33778
33781
33786
33789
33792
33797
33800
33805
33808
33812
33815
33820
33823
33828
33830
33835
33838
33843
33846
33850
33853
33858
33861
33866
33869
33872
33877
33880
33885
33888
33892
33895
33900
33903
33908
33910
33915
33918
33923
33926
33930
33933
33938
33941
33946
33949
33952
33957
33960
33965
33968
33972
33975
33980
33983
33988
33990
33995
33998
34003
34006
34010
34013
34018
34021
34026
34029
34032
34037
34040
34045
34048
34052
34055
34060
34063
34068
34070
34075
34078
34083
34086
34090
34093
34098
34101
34106
34109
34114
34117
34123
34126
34131
34134
34139
34143
34148
34151
34156
34159
34165
34168
34173
34176
34181
34185
34190
34193
34198
34201
34207
34210
34215
34218
34223
34227
34232
34235
34240
34244
34249
34252
34257
34260
34266
34269
34274
34277
34282
34286
34291
34294
34299
34302
34308
34311
34316
34319
34324
34328
34333
34336
34341
34344
34350
34353
34358
34361
34366
34370
34375
34378
34383
34387
34392
34395
34400
34403
34409
34412
34417
34420
34425
34429
34434
34437
34442
34445
34451
34454
34459
34462
34467
34471
34476
34479
34484
34487
34493
34496
34501
34504
34509
34513
34518
34521
34526
34530
34535
34538
34543
34546
34552
34555
34560
34563
34568
34572
34577
34580
34585
34588
34594
34597
34602
34605
34610
34614
34619
34622
34627
34630
34636
34639
34644
34647
34652
34656
34661
34664
34669
34673
34678
34681
34686
34689
34695
34698
34703
34706
34711
34715
34720
34723
34728
34731
34737
34740
34745
34748
34753
34757
34762
34765
34770
34773
34779
34782
34787
34790
34796
34799
34804
34807
34812
34816
34821
34824
34829
34832
34838
34841
34846
34849
34854
34858
34863
34866
34871
34874
34880
34883
34888
34891
34896
34900
34905
34910
34913
34918
34921
34927
34930
34935
34938
34943
34947
34952
34955
34960
34963
34969
34972
34977
34980
34985
34989
34994
34997
35002
35005
35011
35014
35019
35022
35027
35031
35036
35039
35044
35048
35053
35056
35061
35064
35070
35073
35078
35081
35086
35090
35095
35098
35103
35106
35112
35115
35120
35123
35128
35132
35137
35140
35145
35148
35154
35157
35162
35165
35170
35174
35179
35182
35187
35191
35196
35199
35204
35207
35213
35216
35221
35224
35229
35233
35238
35241
35246
35249
35255
35258
35263
35266
35271
35275
35280
35283
35288
35291
35297
35300
35305
35308
35313
35317
35322
35325
35330
35334
35339
35342
35347
35350
35356
35359
35364
35367
35372
35376
35381
35384
35389
35392
35398
35401
35406
35409
35414
35418
35423
35426
35431
35434
35440
35443
35448
35451
35456
35460
35465
35468
35473
35477
35482
35485
35490
35493
35499
35502
35507
35510
35515
35519
35524
35527
35532
35535
35541
35544
35549
35552
35557
35561
35566
35569
35574
35577
35583
35586
35591
35594
35600
35603
35608
35611
35616
35620
35625
35628
35633
35636
35642
35645
35650
35653
35658
35662
35667
35670
35675
35678
35684
35687
35692
35695
35700
35704
35709
35712
35717
35720
35726
35729
35734
35737
35743
35746
35751
35754
35759
35763
35768
35771
35776
35779
35785
35788
35793
35796
35801
35805
35810
35813
35818
35821
35826
35829
35835
35838
35843
35846
35851
35854
35860
35863
35868
35871
35876
35879
35885
35888
35893
35896
35901
35904
35909
35913
35918
35921
35926
35929
35934
35938
35943
35946
35951
35954
35959
35963
35968
35971
35976
35979
35984
35987
35993
35996
36001
36004
36009
36012
36018
36021
36026
36029
36034
36037
36043
36046
36051
36054
36059
36062
36067
36071
36076
36079
36084
36087
36092
36096
36101
36104
36109
36112
36117
36121
36126
36129
36134
36137
36142
36145
36151
36154
36159
36162
36167
36170
36176
36179
36184
36187
36192
36195
36201
36204
36209
36212
36217
36220
36225
36229
36234
36237
36242
36245
36250
36254
36259
36262
36267
36270
36275
36279
36284
36287
36292
36295
36300
36303
36309
36312
36317
36320
36325
36328
36334
36337
36342
36345
36350
36353
36359
36362
36367
36370
36375
36378
36383
36387
36392
36395
36400
36403
36408
36412
36417
36420
36425
36428
36433
36437
36442
36445
36450
36453
36458
36461
36467
36470
36475
36478
36483
36486
36492
36495
36500
36503
36508
36511
36517
36520
36525
36528
36533
36536
36541
36545
36550
36553
36558
36561
36566
36570
36575
36578
36583
36586
36591
36595
36600
36603
36608
36611
36616
36619
36625
36628
36633
36636
36641
36644
36650
36653
36658
36661
36666
36669
36675
36678
36683
36686
36691
36694
36699
36703
36708
36711
36716
36719
36724
36728
36733
36736
36741
36745
36748
36753
36756
36761
36763
36768
36771
36776
36779
36783
36786
36791
36794
36799
36801
36806
36809
36814
36817
36821
36824
36829
36832
36837
36839
36844
36847
36852
36855
36859
36862
36867
36870
36875
36877
36882
36885
36890
36893
36897
36900
36905
36908
36913
36915
36920
36923
36928
36931
36935
36938
36943
36946
36951
36953
36958
36961
36966
36969
36973
36976
36981
36984
36989
36991
36996
36999
37004
37007
37011
37014
37019
37022
37027
37029
37034
37037
37042
37045
37049
37052
37057
37060
37065
37067
37072
37075
37080
37083
37087
37090
37095
37098
37103
37105
37110
37113
37118
37121
37125
37128
37133
37136
37141
37143
37148
37151
37156
37159
37163
37166
37171
37174
37179
37181
37186
37189
37194
37197
37201
37204
37209
37212
37217
37219
37224
37227
37232
37235
37239
37242
37247
37250
37255
37257
37262
37265
37270
37273
37277
37280
37285
37288
37293
37295
37300
37303
37308
37311
37315
37318
37323
37326
37331
37333
37338
37341
37346
37349
37353
37356
37361
37364
37369
37371
37376
37379
37384
37387
37391
37394
37399
37402
37407
37409
37414
37417
37422
37425
37429
37432
37437
37440
37445
37448
37452
37455
37460
37463
37468
37470
37475
37478
37483
37486
37490
37493
37498
37501
37506
37508
37513
37516
37521
37524
37528
37531
37536
37539
37544
37546
37551
37554
37559
37562
37566
37569
37574
37577
37582
37584
37589
37592
37597
37600
37604
37607
37612
37615
37620
37622
37627
37630
37635
37640
37643
37648
37651
37656
37659
37664
37667
37672
37675
37680
37683
37689
37692
37697
37700
37705
37708
37713
37716
37721
37724
37729
37732
37737
37741
37746
37749
37754
37757
37762
37765
37770
37773
37778
37781
37786
37789
37795
37798
37803
37806
37811
37814
37819
37822
37827
37830
37835
37838
37843
37847
37852
37855
37860
37863
37868
37871
37876
37879
37884
37887
37892
37895
37901
37904
37909
37912
37917
37920
37925
37928
37933
37936
37941
37944
37949
37953
37958
37961
37966
37969
37974
37977
37982
37985
37990
37993
37998
38001
38007
38010
38015
38018
38023
38026
38031
38034
38039
38042
38047
38050
38055
38059
38064
38067
38072
38075
38080
38083
38088
38091
38096
38099
38104
38107
38113
38116
38121
38124
38129
38132
38137
38140
38145
38148
38153
38156
38161
38165
38170
38173
38178
38181
38186
38189
38194
38197
38202
38205
38210
38214
38219
38222
38227
38230
38235
38238
38243
38246
38251
38254
38259
38262
38268
38271
38276
38279
38284
38287
38292
38295
38300
38303
38308
38311
38316
38320
38325
38328
38333
38336
38341
38344
38349
38352
38357
38360
38365
38368
38374
38377
38382
38385
38390
38393
38398
38401
38406
38409
38414
38417
38422
38426
38431
38434
38439
38442
38447
38450
38455
38458
38463
38466
38470
38473
38478
38481
38486
38489
38494
38496
38501
38504
38509
38512
38517
38520
38525
38527
38532
38535
38540
38543
38548
38551
38556
38558
38563
38566
38571
38574
38579
38582
38587
38589
38594
38597
38602
38605
38610
38613
38618
38620
38625
38628
38633
38636
38641
38644
38649
38651
38656
38659
38664
38667
38672
38675
38680
38682
38687
38690
38695
38698
38703
38706
38711
38713
38718
38721
38726
38729
38734
38737
38742
38744
38749
38752
38757
38760
38765
38768
38773
38775
38780
38783
38788
38791
38796
38799
38803
38806
38811
38814
38819
38822
38827
38830
38834
38837
38842
38845
38850
38853
38858
38861
38865
38868
38873
38876
38881
38884
38889
38892
38896
38899
38904
38907
38912
38915
38920
38923
38927
38930
38935
38938
38943
38946
38951
38954
38958
38961
38966
38969
38974
38977
38982
38985
38989
38992
38997
39000
39005
39008
39013
39016
39020
39023
39028
39031
39036
39039
39044
39047
39051
39054
39059
39062
39067
39070
39075
39078
39082
39085
39090
39093
39098
39101
39106
39108
39113
39116
39121
39124
39129
39132
39137
39139
39144
39147
39152
39155
39160
39163
39168
39170
39175
39178
39183
39186
39191
39194
39199
39201
39206
39209
39214
39217
39222
39225
39230
39232
39237
39240
39245
39248
39253
39256
39261
39263
39268
39271
39276
39279
39284
39287
39292
39294
39299
39302
39307
39310
39315
39320
39323
39328
39331
39336
39340
39345
39348
39353
39356
39361
39365
39370
39373
39378
39381
39386
39390
39395
39398
39403
39406
39411
39415
39420
39423
39428
39431
39436
39440
39445
39448
39453
39456
39461
39465
39470
39473
39478
39481
39487
39490
39495
39498
39503
39506
39512
39515
39520
39523
39528
39531
39537
39540
39545
39548
39553
39556
39562
39565
39570
39573
39578
39581
39587
39590
39595
39598
39603
39606
39612
39615
39620
39623
39628
39631
39637
39640
39645
39648
39653
39657
39662
39665
39670
39673
39678
39682
39687
39690
39695
39698
39703
39707
39712
39715
39720
39723
39728
39732
39737
39740
39745
39748
39753
39757
39762
39765
39770
39773
39778
39782
39787
39790
39795
39798
39804
39807
39812
39815
39820
39823
39829
39832
39837
39840
39845
39848
39854
39857
39862
39865
39870
39873
39879
39882
39887
39890
39895
39898
39904
39907
39912
39915
39920
39923
39929
39932
39937
39940
39945
39948
39954
39957
39962
39965
39970
39974
39979
39982
39987
39990
39995
39999
40004
40007
40012
40015
40020
40024
40029
40032
40037
40040
40045
40049
40054
40057
40062
40065
40070
40074
40079
40082
40087
40090
40095
40099
40104
40107
40112
40115
40121
40124
40129
40132
40137
40140
40146
40149
40154
40157
40162
40165
40171
40174
40179
40182
40187
40190
40196
40199
40204
40207
40212
40216
40219
40224
40227
40232
40234
40239
40242
40247
40250
40254
40257
40262
40265
40270
40272
40277
40280
40285
40288
40292
40295
40300
40303
40308
40311
40315
40318
40323
40326
40331
40333
40338
40341
40346
40349
40353
40356
40361
40364
40369
40372
40375
40380
40383
40388
40391
40395
40398
40403
40406
40411
40413
40418
40421
40426
40429
40433
40436
40441
40444
40449
40452
40455
40460
40463
40468
40471
40475
40478
40483
40486
40491
40493
40498
40501
40506
40509
40513
40516
40521
40524
40529
40532
40535
40540
40543
40548
40551
40555
40558
40563
40566
40571
40573
40578
40581
40586
40589
40593
40596
40601
40604
40609
40612
40615
40620
40623
40628
40631
40635
40638
40643
40646
40651
40653
40658
40661
40666
40669
40673
40676
40681
40684
40689
40692
40695
40700
40703
40708
40711
40715
40718
40723
40726
40731
40733
40738
40741
40746
40749
40753
40756
40761
40764
40769
40772
40775
40780
40783
40788
40791
40795
40798
40803
40806
40811
40813
40818
40821
40826
40829
40833
40836
40841
40844
40849
40852
40855
40860
40863
40868
40871
40875
40878
40883
40886
40891
40893
40898
40901
40906
40909
40913
40916
40921
40924
40929
40932
40935
40940
40943
40948
40951
40955
40958
40963
40966
40971
40973
40978
40981
40986
40989
40993
40996
41001
41004
41009
41012
41015
41020
41023
41028
41031
41035
41038
41043
41046
41051
41053
41058
41061
41066
41069
41073
41076
41081
41084
41089
41092
41095
41100
41105
41108
41113
41116
41121
41124
41129
41132
41137
41140
41145
41148
41153
41156
41161
41164
41169
41172
41177
41180
41186
41189
41194
41197
41202
41205
41210
41213
41218
41221
41226
41229
41234
41237
41242
41245
41250
41253
41258
41261
41266
41270
41275
41278
41283
41286
41291
41294
41299
41302
41307
41310
41315
41318
41323
41326
41331
41334
41339
41342
41347
41351
41356
41359
41364
41367
41372
41375
41380
41383
41388
41391
41396
41399
41404
41407
41412
41415
41420
41423
41428
41431
41437
41440
41445
41448
41453
41456
41461
41464
41469
41472
41477
41480
41485
41488
41493
41496
41501
41504
41509
41512
41518
41521
41526
41529
41534
41537
41542
41545
41550
41553
41558
41561
41566
41569
41574
41577
41582
41585
41590
41593
41598
41602
41607
41610
41615
41618
41623
41626
41631
41634
41639
41642
41647
41650
41655
41658
41663
41666
41671
41674
41679
41682
41688
41691
41696
41699
41704
41707
41712
41715
41720
41723
41728
41731
41736
41739
41744
41747
41752
41755
41760
41763
41769
41772
41777
41780
41785
41788
41793
41796
41801
41804
41809
41812
41817
41820
41825
41828
41833
41836
41841
41844
41849
41853
41858
41863
41866
41872
41875
41880
41884
41889
41892
41898
41901
41906
41910
41915
41918
41924
41927
41932
41936
41941
41944
41950
41953
41958
41962
41967
41970
41976
41979
41984
41988
41993
41996
42002
42005
42010
42014
42019
42022
42028
42031
42036
42040
42045
42048
42054
42057
42062
42066
42071
42074
42080
42083
42089
42092
42097
42101
42106
42109
42115
42118
42123
42127
42132
42135
42141
42144
42149
42153
42158
42161
42167
42170
42175
42179
42184
42187
42193
42196
42201
42205
42210
42213
42219
42222
42227
42231
42236
42239
42245
42248
42253
42257
42262
42265
42271
42274
42279
42283
42288
42291
42297
42300
42306
42309
42314
42318
42323
42326
42332
42335
42340
42344
42349
42352
42358
42361
42366
42370
42375
42378
42384
42387
42392
42396
42401
42404
42410
42413
42418
42422
42427
42430
42436
42439
42444
42448
42453
42456
42462
42465
42470
42474
42479
42482
42488
42491
42496
42500
42505
42508
42514
42517
42523
42526
42531
42535
42540
42543
42549
42552
42557
42561
42566
42569
42575
42578
42583
42587
42592
42595
42601
42604
42609
42613
42618
42621
42627
42630
42635
42639
42643
42646
42651
42654
42659
42662
42667
42670
42675
42678
42683
42686
42691
42694
42699
42702
42707
42710
42715
42718
42723
42725
42730
42733
42738
42741
42746
42749
42754
42757
42762
42765
42770
42773
42778
42781
42786
42789
42794
42797
42802
42805
42810
42812
42817
42820
42825
42828
42833
42836
42841
42844
42849
42852
42857
42860
42865
42868
42873
42876
42881
42884
42889
42892
42897
42899
42904
42907
42912
42915
42920
42923
42928
42931
42936
42939
42944
42947
42952
42955
42960
42963
42968
42971
42976
42979
42983
42986
42991
42994
42999
43002
43007
43010
43015
43018
43023
43026
43031
43034
43039
43042
43047
43050
43055
43058
43063
43066
43070
43073
43078
43081
43086
43089
43094
43097
43102
43105
43110
43113
43118
43121
43126
43129
43134
43137
43142
43145
43150
43153
43157
43160
43165
43168
43173
43176
43181
43184
43189
43192
43197
43200
43205
43208
43213
43216
43221
43224
43229
43232
43237
43239
43244
43247
43252
43255
43260
43263
43268
43271
43276
43279
43284
43287
43292
43295
43300
43303
43308
43311
43316
43319
43324
43326
43331
43334
43339
43342
43347
43350
43355
43358
43363
43366
43371
43374
43379
43382
43387
43390
43395
43398
43403
43406
43411
43413
43418
43421
43426
43429
43434
43437
43442
43445
43450
43453
43458
43461
43466
43469
43474
43477
43482
43485
43490
43494
43497
43502
43505
43510
43513
43518
43521
43526
43528
43533
43536
43541
43544
43549
43552
43557
43560
43565
43567
43572
43575
43580
43583
43588
43591
43596
43599
43603
43606
43611
43614
43619
43622
43627
43630
43635
43638
43642
43645
43650
43653
43658
43661
43666
43669
43674
43676
43681
43684
43689
43692
43697
43700
43705
43708
43713
43715
43720
43723
43728
43731
43736
43739
43744
43747
43751
43754
43759
43762
43767
43770
43775
43778
43783
43786
43790
43793
43798
43801
43806
43809
43814
43817
43822
43824
43829
43832
43837
43840
43845
43848
43853
43856
43861
43863
43868
43871
43876
43879
43884
43887
43892
43895
43899
43902
43907
43910
43915
43918
43923
43926
43931
43934
43938
43941
43946
43949
43954
43957
43962
43965
43970
43972
43977
43980
43985
43988
43993
43996
44001
44004
44009
44011
44016
44019
44024
44027
44032
44035
44040
44043
44047
44050
44055
44058
44063
44066
44071
44074
44079
44082
44086
44089
44094
44097
44102
44105
44110
44113
44118
44120
44125
44128
44133
44136
44141
44144
44149
44152
44157
44159
44164
44167
44172
44175
44180
44183
44188
44191
44195
44198
44203
44206
44211
44214
44219
44222
44227
44230
44234
44237
44242
44245
44250
44253
44258
44261
44266
44268
44273
44276
44281
44284
44289
44292
44297
44300
44305
44307
44312
44315
44320
44323
44328
44331
44336
44339
44343
44346
44351
44356
44359
44365
44368
44373
44377
44382
44385
44391
44394
44399
44403
44408
44411
44417
44420
44426
44429
44434
44438
44443
44446
44452
44455
44460
44464
44469
44472
44478
44481
44487
44490
44495
44499
44504
44507
44513
44516
44521
44525
44530
44533
44539
44542
44548
44551
44556
44560
44565
44568
44574
44577
44582
44586
44591
44594
44600
44603
44608
44612
44617
44621
44626
44629
44635
44638
44643
44647
44652
44655
44661
44664
44669
44673
44678
44682
44687
44690
44696
44699
44704
44708
44713
44716
44722
44725
44730
44734
44739
44743
44748
44751
44757
44760
44765
44769
44774
44777
44783
44786
44791
44795
44800
44803
44809
44812
44818
44821
44826
44830
44835
44838
44844
44847
44852
44856
44861
44864
44870
44873
44879
44882
44887
44891
44896
44899
44905
44908
44913
44917
44922
44925
44931
44934
44940
44943
44948
44952
44957
44960
44966
44969
44974
44978
44983
44986
44992
44995
45001
45004
45009
45013
45018
45021
45027
45030
45035
45039
45044
45047
45053
45056
45061
45065
45070
45074
45079
45082
45088
45091
45096
45100
45105
45108
45114
45117
45122
45126
45131
45135
45140
45143
45149
45152
45157
45161
45166
45169
45175
45178
45183
45187
45192
45196
45201
45204
45210
45213
45218
45222
45227
45230
45236
45239
45244
45248
45253
45256
45262
45265
45271
45276
45279
45284
45288
45293
45296
45301
45305
45310
45313
45319
45322
45327
45330
45336
45339
45344
45347
45353
45356
45361
45365
45370
45373
45378
45382
45387
45390
45395
45399
45404
45407
45413
45416
45421
45424
45430
45433
45438
45442
45447
45450
45455
45459
45464
45467
45472
45476
45481
45484
45490
45493
45498
45501
45507
45510
45515
45518
45524
45527
45532
45536
45541
45544
45549
45553
45558
45561
45566
45570
45575
45578
45584
45587
45592
45595
45601
45604
45609
45613
45618
45621
45626
45630
45635
45638
45643
45647
45652
45655
45661
45664
45669
45672
45678
45681
45686
45689
45695
45698
45703
45707
45712
45715
45720
45724
45729
45732
45737
45741
45746
45749
45755
45758
45763
45766
45772
45775
45780
45784
45789
45792
45797
45801
45806
45809
45814
45818
45823
45826
45832
45835
45840
45843
45849
45852
45857
45860
45866
45869
45874
45878
45883
45886
45891
45895
45900
45903
45908
45912
45917
45920
45926
45929
45934
45937
45943
45946
45951
45955
45960
45963
45968
45972
45977
45980
45985
45989
45994
45997
46003
46006
46011
46014
46020
46023
46028
46031
46037
46040
46045
46049
46054
46057
46062
46066
46071
46074
46079
46083
46088
46091
46097
46100
46105
46108
46114
46117
46122
46126
46131
46134
46139
46143
46148
46151
46156
46160
46165
46168
46174
46177
46182
46185
46191
46194
46199
46202
46208
46211
46216
46220
46225
46229
46232
46237
46240
46244
46247
46252
46255
46259
46262
46267
46270
46274
46277
46282
46285
46290
46292
46297
46300
46305
46307
46312
46315
46320
46322
46327
46330
46335
46337
46342
46345
46350
46353
46357
46360
46365
46368
46372
46375
46380
46383
46387
46390
46395
46398
46403
46405
46410
46413
46418
46420
46425
46428
46433
46435
46440
46443
46448
46450
46455
46458
46463
46466
46470
46473
46478
46481
46485
46488
46493
46496
46500
46503
46508
46511
46516
46518
46523
46526
46531
46533
46538
46541
46546
46548
46553
46556
46561
46563
46568
46571
46576
46579
46583
46586
46591
46594
46598
46601
46606
46609
46613
46616
46621
46624
46629
46631
46636
46639
46644
46646
46651
46654
46659
46661
46666
46669
46674
46676
46681
46684
46689
46692
46696
46699
46704
46707
46711
46714
46719
46722
46726
46729
46734
46737
46742
46744
46749
46752
46757
46759
46764
46767
46772
46774
46779
46782
46787
46789
46794
46797
46802
46805
46809
46812
46817
46820
46824
46827
46832
46835
46839
46842
46847
46850
46855
46857
46862
46865
46870
46872
46877
46880
46885
46887
46892
46895
46900
46902
46907
46910
46915
46918
46922
46925
46930
46933
46937
46940
46945
46948
46952
46955
46960
46963
46967
46970
46975
46978
46983
46985
46990
46993
46998
47000
47005
47008
47013
47015
47020
47023
47028
47031
47035
47038
47043
47046
47051
47054
47059
47061
47066
47069
47074
47077
47082
47085
47089
47092
47097
47100
47105
47108
47113
47115
47120
47123
47128
47131
47136
47139
47143
47146
47151
47154
47159
47162
47167
47169
47174
47177
47182
47185
47190
47193
47197
47200
47205
47208
47213
47216
47221
47223
47228
47231
47236
47239
47244
47247
47251
47254
47259
47262
47267
47270
47275
47277
47282
47285
47290
47293
47298
47301
47305
47308
47313
47316
47321
47324
47329
47331
47336
47339
47344
47347
47352
47355
47359
47362
47367
47370
47375
47378
47383
47385
47390
47393
47398
47401
47406
47409
47413
47416
47421
47424
47429
47432
47437
47440
47444
47447
47452
47455
47460
47463
47468
47470
47475
47478
47483
47486
47491
47494
47498
47501
47506
47509
47514
47517
47522
47524
47529
47532
47537
47540
47545
47548
47552
47555
47560
47563
47568
47571
47576
47578
47583
47586
47591
47594
47599
47602
47606
47609
47614
47617
47622
47625
47630
47632
47637
47640
47645
47648
47653
47656
47660
47663
47668
47671
47676
47679
47684
47686
47691
47694
47699
47702
47707
47710
47714
47717
47722
47725
47730
47733
47738
47740
47745
47748
47753
47756
47761
47764
47768
47771
47776
47779
47784
47787
47792
47794
47799
47803
47806
47811
47814
47819
47822
47827
47830
47835
47838
47843
47846
47851
47854
47858
47861
47866
47869
47874
47877
47882
47885
47890
47893
47898
47901
47906
47909
47913
47916
47921
47924
47929
47932
47937
47940
47945
47948
47953
47956
47961
47964
47969
47971
47976
47979
47984
47987
47992
47995
48000
48003
48008
48011
48016
48019
48024
48026
48031
48034
48039
48042
48047
48050
48055
48058
48063
48066
48071
48074
48079
48082
48086
48089
48094
48097
48102
48105
48110
48113
48118
48121
48126
48129
48134
48137
48141
48144
48149
48152
48157
48160
48165
48168
48173
48176
48181
48184
48189
48192
48196
48199
48204
48207
48212
48215
48220
48223
48228
48231
48236
48239
48244
48247
48252
48254
48259
48262
48267
48270
48275
48278
48283
48286
48291
48294
48299
48302
48307
48309
48314
48317
48322
48325
48330
48333
48338
48341
48346
48349
48354
48357
48362
48365
48369
48372
48377
48380
48385
48388
48393
48396
48401
48404
48409
48412
48417
48420
48424
48427
48432
48435
48440
48443
48448
48451
48456
48459
48464
48467
48472
48475
48479
48482
48487
48490
48495
48498
48503
48506
48511
48514
48519
48522
48527
48530
48535
48537
48542
48545
48550
48553
48558
48561
48566
48569
48574
48577
48582
48585
48590
48592
48597
48600
48605
48608
48613
48616
48621
48624
48629
48632
48637
48640
48645
48648
48652
48655
48660
48663
48668
48671
48676
48679
48684
48687
48692
48695
48700
48703
48707
48710
48715
48718
48723
48726
48731
48734
48739
48742
48747
48750
48755
48758
48763
48766
48771
48774
48779
48782
48788
48791
48796
48799
48804
48807
48812
48815
48820
48824
48829
48832
48837
48840
48845
48848
48853
48856
48862
48865
48870
48873
48878
48881
48886
48889
48894
48898
48903
48906
48911
48914
48919
48922
48927
48930
48936
48939
48944
48947
48952
48955
48960
48963
48968
48972
48977
48980
48985
48988
48993
48996
49001
49004
49010
49013
49018
49021
49026
49029
49034
49037
49042
49046
49051
49054
49059
49062
49067
49070
49075
49078
49084
49087
49092
49095
49100
49103
49108
49111
49117
49120
49125
49128
49133
49136
49141
49144
49149
49153
49158
49161
49166
49169
49174
49177
49182
49185
49191
49194
49199
49202
49207
49210
49215
49218
49223
49227
49232
49235
49240
49243
49248
49251
49256
49259
49265
49268
49273
49276
49281
49284
49289
49292
49297
49301
49306
49309
49314
49317
49322
49325
49330
49333
49339
49342
49347
49350
49355
49358
49363
49366
49371
49375
49380
49383
49388
49391
49396
49399
49404
49407
49413
49416
49421
49424
49429
49432
49437
49440
49445
49449
49454
49457
49462
49465
49470
49473
49478
49482
49487
49490
49495
49498
49503
49506
49511
49514
49520
49523
49528
49531
49536
49539
49544
49547
49552
49556
49559
49564
49567
49572
49575
49580
49583
49588
49591
49596
49599
49604
49607
49612
49615
49620
49623
49628
49631
49636
49638
49643
49646
49651
49654
49659
49662
49667
49670
49675
49678
49683
49686
49691
49694
49699
49702
49707
49710
49715
49718
49722
49725
49730
49733
49738
49741
49746
49749
49754
49757
49762
49765
49770
49773
49778
49781
49786
49789
49794
49797
49802
49804
49809
49812
49817
49820
49825
49828
49833
49836
49841
49844
49849
49852
49857
49860
49865
49868
49873
49876
49881
49884
49888
49891
49896
49899
49904
49907
49912
49915
49920
49923
49928
49931
49936
49939
49944
49947
49952
49955
49960
49963
49968
49970
49975
49978
49983
49986
49991
49994
49999
50002
50007
50010
50015
50018
50023
50026
50031
50034
50039
50042
50047
50050
50054
50057
50062
50065
50070
50073
50078
50081
50086
50089
50094
50097
50102
50105
50110
50113
50118
50121
50126
50129
50134
50136
50141
50144
50149
50152
50157
50160
50165
50168
50173
50176
50181
50184
50189
50192
50197
50200
50205
50208
50213
50216
50220
50223
50228
50231
50236
50239
50244
50247
50252
50255
50260
50263
50268
50271
50276
50279
50284
50287
50292
50295
50300
50302
50307
50310
50315
50318
50323
50326
50331
50334
50339
50342
50347
50350
50355
50358
50363
50366
50371
50374
50379
50382
50386
50389
50394
50397
50402
50405
50410
50413
50418
50421
50426
50429
50434
50437
50442
50445
50450
50453
50458
50461
50466
50468
50473
50476
50481
50484
50489
50492
50497
50500
50505
50508
50513
50516
50521
