4
6
11
13
18
20
24
27
31
34
38
41
45
47
52
54
59
61
66
68
72
75
79
82
86
89
93
95
100
102
107
109
113
116
120
123
127
130
134
136
141
143
148
150
155
157
161
164
168
171
175
178
182
184
189
191
196
198
202
205
209
212
216
219
223
225
230
232
237
239
244
246
250
253
257
260
264
267
271
273
278
280
285
287
292
294
298
301
305
308
312
314
319
321
326
328
333
335
339
342
346
349
353
356
360
362
367
369
374
376
381
383
387
390
394
397
401
403
408
410
415
417
422
424
428
431
435
438
442
445
449
451
456
458
463
465
470
472
476
479
483
486
490
493
497
499
504
506
511
513
517
520
524
527
531
534
538
540
545
547
552
554
559
561
565
568
572
575
579
582
586
588
593
595
600
602
606
609
613
616
620
623
627
629
634
636
641
643
648
650
654
657
661
664
668
671
675
677
682
684
689
691
696
698
702
705
709
712
716
718
723
725
730
732
737
739
743
746
750
753
757
760
764
766
771
773
778
780
785
787
791
795
798
803
805
810
813
817
820
825
827
832
835
840
842
847
850
854
857
862
864
869
872
877
879
884
887
891
894
899
901
906
909
913
916
921
924
928
931
936
938
943
946
950
953
958
961
965
968
973
975
980
983
987
990
995
998
1002
1005
1010
1012
1017
1020
1024
1027
1032
1034
1039
1042
1047
1049
1054
1057
1061
1064
1069
1071
1076
1079
1084
1086
1091
1094
1098
1101
1106
1108
1113
1116
1121
1123
1128
1131
1135
1138
1143
1145
1150
1153
1157
1160
1165
1168
1172
1175
1180
1182
1187
1190
1194
1197
1202
1205
1209
1212
1217
1219
1224
1227
1231
1234
1239
1242
1246
1249
1254
1256
1261
1264
1268
1271
1276
1278
1283
1286
1291
1293
1298
1301
1305
1308
1313
1315
1320
1323
1328
1330
1335
1338
1342
1345
1350
1352
1357
1360
1365
1367
1372
1375
1379
1382
1387
1389
1394
1397
1401
1404
1409
1412
1416
1419
1424
1426
1431
1434
1438
1441
1446
1449
1453
1456
1461
1463
1468
1471
1475
1478
1483
1486
1490
1493
1498
1500
1505
1508
1512
1515
1520
1522
1527
1530
1535
1537
1542
1545
1549
1552
1556
1559
1564
1567
1572
1575
1579
1582
1587
1590
1595
1598
1603
1605
1610
1613
1618
1621
1626
1628
1633
1636
1641
1644
1649
1652
1656
1659
1664
1667
1672
1675
1680
1682
1687
1690
1695
1698
1703
1705
1710
1713
1718
1721
1726
1729
1733
1736
1741
1744
1749
1752
1756
1759
1764
1767
1772
1775
1780
1782
1787
1790
1795
1798
1803
1806
1810
1813
1818
1821
1826
1829
1833
1836
1841
1844
1849
1852
1857
1859
1864
1867
1872
1875
1880
1882
1887
1890
1895
1898
1903
1906
1910
1913
1918
1921
1926
1929
1934
1936
1941
1944
1949
1952
1957
1959
1964
1967
1972
1975
1980
1983
1987
1990
1995
1998
2003
2006
2010
2013
2018
2021
2026
2029
2034
2036
2041
2044
2049
2052
2057
2060
2064
2067
2072
2075
2080
2083
2087
2090
2095
2098
2103
2106
2111
2113
2118
2121
2126
2129
2134
2136
2141
2144
2149
2152
2157
2160
2164
2167
2172
2175
2180
2183
2188
2190
2195
2198
2203
2206
2211
2213
2218
2221
2226
2229
2234
2237
2241
2244
2249
2252
2257
2260
2264
2267
2272
2275
2280
2283
2288
2290
2295
2298
2303
2306
2311
2314
2318
2321
2326
2329
2334
2337
2341
2344
2348
2350
2354
2357
2361
2363
2368
2370
2374
2377
2381
2383
2387
2390
2394
2396
2401
2403
2407
2410
2414
2416
2421
2423
2427
2429
2434
2436
2440
2443
2447
2449
2454
2456
2460
2463
2467
2469
2473
2476
2480
2482
2487
2489
2493
2496
2500
2502
2507
2509
2513
2515
2520
2522
2526
2529
2533
2535
2540
2542
2546
2549
2553
2555
2559
2562
2566
2568
2573
2575
2579
2582
2586
2588
2593
2595
2599
2601
2606
2608
2612
2615
2619
2621
2626
2628
2632
2634
2639
2641
2645
2648
2652
2654
2659
2661
2665
2668
2672
2674
2678
2681
2685
2687
2692
2694
2698
2701
2705
2707
2712
2714
2718
2720
2725
2727
2731
2734
2738
2740
2745
2747
2751
2754
2758
2760
2764
2767
2771
2773
2778
2780
2784
2787
2791
2793
2798
2800
2804
2806
2811
2813
2817
2820
2824
2826
2831
2833
2837
2840
2844
2846
2850
2853
2857
2859
2864
2866
2870
2873
2877
2879
2883
2886
2890
2892
2897
2899
2903
2906
2910
2912
2917
2919
2923
2925
2930
2932
2936
2939
2943
2945
2950
2952
2956
2959
2963
2965
2969
2972
2976
2978
2983
2985
2989
2992
2996
2998
3003
3005
3009
3011
3016
3018
3022
3025
3029
3031
3036
3038
3042
3045
3049
3051
3055
3058
3062
3064
3069
3071
3075
3078
3082
3084
3089
3091
3095
3097
3102
3104
3108
3111
3115
3117
3122
3124
3128
3130
3134
3137
3141
3143
3147
3150
3154
3156
3160
3163
3167
3169
3173
3176
3180
3182
3186
3189
3193
3195
3199
3202
3206
3208
3213
3215
3219
3221
3226
3228
3232
3234
3239
3241
3245
3247
3252
3254
3258
3260
3265
3267
3271
3274
3277
3281
3283
3288
3290
3294
3296
3301
3303
3307
3309
3314
3316
3320
3322
3327
3329
3333
3335
3340
3342
3346
3349
3352
3356
3358
3363
3365
3369
3371
3376
3378
3382
3384
3389
3391
3395
3397
3402
3404
3408
3410
3415
3417
3421
3424
3427
3431
3433
3438
3440
3444
3446
3451
3453
3457
3459
3464
3466
3470
3472
3477
3479
3483
3485
3490
3492
3496
3499
3502
3506
3508
3513
3515
3519
3521
3526
3528
3532
3534
3539
3541
3545
3547
3552
3554
3558
3560
3565
3567
3571
3574
3577
3581
3583
3588
3590
3594
3596
3601
3603
3607
3609
3614
3616
3620
3622
3627
3629
3633
3635
3640
3642
3646
3649
3652
3656
3658
3663
3665
3669
3671
3676
3678
3682
3684
3689
3691
3695
3697
3702
3704
3708
3710
3715
3717
3721
3724
3727
3731
3733
3738
3740
3744
3746
3751
3753
3757
3759
3764
3766
3770
3772
3777
3779
3783
3785
3790
3792
3796
3799
3802
3806
3808
3813
3815
3819
3821
3826
3828
3832
3834
3839
3841
3845
3847
3852
3854
3858
3860
3865
3867
3871
3874
3877
3881
3883
3888
3890
3894
3896
3901
3903
3907
3910
3915
3917
3922
3925
3929
3932
3937
3939
3944
3947
3951
3954
3959
3962
3966
3969
3974
3976
3981
3984
3988
3991
3996
3998
4003
4006
4011
4013
4018
4021
4025
4028
4033
4035
4040
4043
4047
4050
4055
4058
4062
4065
4070
4072
4077
4080
4084
4087
4092
4094
4099
4102
4107
4109
4114
4117
4121
4124
4129
4131
4136
4139
4143
4146
4151
4153
4158
4161
4166
4168
4173
4176
4180
4183
4188
4190
4195
4198
4202
4205
4210
4213
4217
4220
4225
4227
4232
4235
4239
4242
4247
4249
4254
4257
4262
4264
4269
4272
4276
4279
4284
4286
4291
4294
4298
4301
4306
4309
4313
4316
4321
4323
4328
4331
4335
4338
4343
4345
4350
4353
4358
4360
4365
4368
4372
4375
4380
4382
4387
4390
4394
4397
4402
4404
4409
4412
4417
4419
4424
4427
4431
4434
4439
4441
4446
4449
4453
4456
4461
4464
4468
4471
4476
4478
4483
4486
4490
4493
4498
4500
4505
4508
4513
4515
4520
4523
4527
4530
4535
4537
4542
4545
4549
4552
4557
4560
4564
4567
4572
4574
4579
4582
4586
4589
4594
4596
4601
4604
4609
4611
4616
4619
4623
4626
4631
4633
4638
4641
4645
4648
4653
4655
4660
4663
4668
4670
4675
4678
4682
4685
4690
4693
4698
4701
4706
4709
4714
4717
4722
4725
4730
4733
4738
4741
4746
4749
4754
4756
4761
4764
4769
4772
4777
4780
4785
4788
4793
4796
4801
4804
4809
4812
4817
4820
4825
4828
4833
4835
4840
4843
4848
4851
4856
4859
4864
4867
4872
4875
4880
4883
4888
4891
4896
4899
4904
4907
4912
4914
4919
4922
4927
4930
4935
4938
4943
4946
4951
4954
4959
4962
4967
4970
4975
4978
4983
4986
4991
4993
4998
5001
5006
5009
5014
5017
5022
5025
5030
5033
5038
5041
5046
5049
5054
5057
5062
5065
5070
5072
5077
5080
5085
5088
5093
5096
5101
5104
5109
5112
5117
5120
5125
5128
5133
5136
5141
5144
5149
5151
5156
5159
5164
5167
5172
5175
5180
5183
5188
5191
5196
5199
5204
5207
5212
5215
5220
5223
5228
5230
5235
5238
5243
5246
5251
5254
5259
5262
5267
5270
5275
5278
5283
5286
5291
5294
5299
5302
5307
5309
5314
5317
5322
5325
5330
5333
5338
5341
5346
5349
5354
5357
5362
5365
5370
5373
5378
5381
5386
5388
5393
5396
5401
5404
5409
5412
5417
5420
5425
5428
5433
5436
5441
5444
5448
5451
5456
5459
5463
5466
5471
5474
5478
5481
5486
5489
5493
5496
5501
5504
5509
5511
5516
5519
5524
5526
5531
5534
5539
5541
5546
5549
5554
5557
5561
5564
5569
5572
5576
5579
5584
5587
5591
5594
5599
5602
5607
5609
5614
5617
5622
5624
5629
5632
5637
5639
5644
5647
5652
5654
5659
5662
5667
5670
5674
5677
5682
5685
5689
5692
5697
5700
5704
5707
5712
5715
5720
5722
5727
5730
5735
5737
5742
5745
5750
5752
5757
5760
5765
5768
5772
5775
5780
5783
5787
5790
5795
5798
5802
5805
5810
5813
5817
5820
5825
5828
5833
5835
5840
5843
5848
5850
5855
5858
5863
5865
5870
5873
5878
5881
5885
5888
5893
5896
5900
5903
5908
5911
5915
5918
5923
5926
5931
5933
5938
5941
5946
5948
5953
5956
5961
5963
5968
5971
5976
5979
5983
5986
5991
5994
5998
6001
6006
6009
6013
6016
6021
6024
6028
6031
6036
6039
6044
6046
6051
6054
6059
6061
6066
6069
6074
6076
6081
6084
6089
6092
6096
6099
6104
6107
6111
6114
6119
6122
6126
6129
6134
6137
6142
6144
6149
6152
6157
6159
6164
6167
6172
6174
6179
6182
6187
6189
6194
6197
6202
6205
6209
6212
6217
6220
6224
6227
6232
6235
6239
6243
6246
6251
6253
6258
6261
6266
6268
6273
6276
6280
6283
6288
6291
6295
6298
6303
6305
6310
6313
6318
6320
6325
6328
6332
6335
6340
6343
6347
6350
6355
6357
6362
6365
6370
6372
6377
6380
6384
6387
6392
6395
6399
6402
6407
6409
6414
6417
6422
6424
6429
6432
6436
6439
6444
6447
6451
6454
6459
6461
6466
6469
6474
6476
6481
6484
6488
6491
6496
6499
6503
6506
6511
6513
6518
6521
6526
6528
6533
6536
6540
6543
6548
6551
6555
6558
6563
6565
6570
6573
6578
6580
6585
6588
6592
6595
6600
6603
6607
6610
6615
6617
6622
6625
6630
6632
6637
6640
6644
6647
6652
6655
6659
6662
6667
6669
6674
6677
6682
6684
6689
6692
6696
6699
6704
6707
6711
6714
6719
6721
6726
6729
6734
6736
6741
6744
6748
6751
6756
6759
6763
6766
6771
6773
6778
6781
6786
6788
6793
6796
6800
6803
6808
6811
6815
6818
6823
6825
6830
6833
6838
6840
6845
6848
6853
6855
6860
6863
6867
6870
6875
6878
6882
6885
6890
6892
6897
6900
6905
6907
6912
6915
6919
6922
6927
6930
6934
6937
6942
6944
6949
6952
6957
6959
6964
6967
6971
6974
6979
6982
6986
6989
6994
6996
7001
7004
7009
7011
7016
7020
7023
7027
7030
7035
7037
7042
7044
7049
7052
7056
7059
7063
7066
7071
7073
7078
7080
7085
7088
7092
7095
7100
7102
7107
7109
7114
7117
7121
7124
7128
7131
7136
7138
7143
7145
7150
7153
7157
7160
7164
7167
7172
7174
7179
7182
7186
7189
7193
7196
7201
7203
7208
7210
7215
7218
7222
7225
7229
7232
7237
7239
7244
7246
7251
7254
7258
7261
7266
7268
7273
7275
7280
7283
7287
7290
7294
7297
7302
7304
7309
7311
7316
7319
7323
7326
7330
7333
7338
7340
7345
7348
7352
7355
7359
7362
7367
7369
7374
7376
7381
7384
7388
7391
7395
7398
7403
7405
7410
7412
7417
7420
7424
7427
7432
7434
7439
7441
7446
7449
7453
7456
7460
7463
7468
7470
7475
7477
7482
7485
7489
7492
7496
7499
7504
7506
7511
7514
7518
7521
7525
7528
7533
7535
7540
7542
7547
7550
7554
7557
7561
7564
7569
7571
7576
7579
7583
7586
7590
7593
7598
7600
7605
7607
7612
7615
7619
7622
7626
7629
7634
7636
7641
7643
7648
7651
7655
7658
7663
7665
7670
7672
7677
7680
7684
7687
7691
7694
7699
7701
7706
7708
7713
7716
7720
7723
7727
7730
7735
7737
7742
7745
7749
7752
7756
7759
7764
7766
7771
7773
7778
7781
7785
7788
7792
7795
7800
7804
7807
7812
7815
7819
7822
7827
7830
7835
7837
7842
7845
7850
7853
7857
7860
7865
7868
7873
7875
7880
7883
7888
7891
7895
7898
7903
7906
7911
7913
7918
7921
7926
7929
7933
7936
7941
7944
7949
7951
7956
7959
7964
7967
7971
7974
7979
7982
7987
7989
7994
7997
8002
8005
8009
8012
8017
8020
8025
8027
8032
8035
8040
8043
8047
8050
8055
8058
8063
8065
8070
8073
8078
8081
8085
8088
8093
8096
8100
8103
8108
8111
8116
8118
8123
8126
8131
8134
8138
8141
8146
8149
8154
8156
8161
8164
8169
8172
8176
8179
8184
8187
8192
8194
8199
8202
8207
8210
8214
8217
8222
8225
8230
8232
8237
8240
8245
8248
8252
8255
8260
8263
8268
8270
8275
8278
8283
8286
8290
8293
8298
8301
8306
8308
8313
8316
8321
8324
8328
8331
8336
8339
8344
8346
8351
8354
8359
8362
8366
8369
8374
8377
8382
8384
8389
8392
8397
8400
8403
8408
8411
8416
8418
8423
8426
8431
8434
8438
8441
8446
8449
8454
8456
8461
8464
8469
8472
8476
8479
8484
8487
8492
8494
8499
8502
8507
8510
8514
8517
8522
8525
8530
8532
8537
8540
8545
8548
8552
8555
8560
8563
8568
8570
8575
8578
8583
8587
8590
8594
8597
8602
8604
8609
8611
8616
8619
8623
8626
8630
8633
8638
8640
8645
8647
8652
8655
8659
8662
8667
8669
8674
8676
8681
8684
8688
8691
8695
8698
8703
8705
8710
8712
8717
8720
8724
8727
8731
8734
8739
8741
8746
8749
8753
8756
8760
8763
8768
8770
8775
8777
8782
8785
8789
8792
8796
8799
8804
8806
8811
8813
8818
8821
8825
8828
8833
8835
8840
8842
8847
8850
8854
8857
8861
8864
8869
8871
8876
8878
8883
8886
8890
8893
8897
8900
8905
8907
8912
8915
8919
8922
8926
8929
8934
8936
8941
8943
8948
8951
8955
8958
8962
8965
8970
8972
8977
8979
8984
8987
8991
8994
8999
9001
9006
9008
9013
9016
9020
9023
9027
9030
9035
9037
9042
9044
9049
9052
9056
9059
9063
9066
9071
9073
9078
9081
9085
9088
9092
9095
9100
9102
9107
9109
9114
9117
9121
9124
9128
9131
9136
9138
9143
9146
9150
9153
9157
9160
9165
9167
9172
9174
9179
9182
9186
9189
9193
9196
9201
9203
9208
9210
9215
9218
9222
9225
9230
9232
9237
9239
9244
9247
9251
9254
9258
9261
9266
9268
9273
9275
9280
9283
9287
9290
9294
9297
9302
9304
9309
9312
9316
9319
9323
9326
9331
9333
9338
9340
9345
9348
9352
9355
9359
9362
9367
9370
9375
9377
9382
9385
9390
9393
9398
9400
9405
9408
9413
9416
9421
9423
9428
9431
9436
9439
9443
9446
9451
9454
9459
9462
9466
9469
9474
9477
9482
9485
9489
9492
9497
9500
9505
9507
9512
9515
9520
9523
9528
9530
9535
9538
9543
9546
9551
9553
9558
9561
9566
9569
9573
9576
9581
9584
9589
9592
9596
9599
9604
9607
9612
9615
9619
9622
9627
9630
9635
9637
9642
9645
9650
9653
9658
9660
9665
9668
9673
9676
9681
9683
9688
9691
9696
9699
9703
9706
9711
9714
9719
9722
9726
9729
9734
9737
9742
9745
9749
9752
9757
9760
9765
9768
9772
9775
9780
9783
9788
9790
9795
9798
9803
9806
9811
9813
9818
9821
9826
9829
9834
9836
9841
9844
9849
9852
9856
9859
9864
9867
9872
9875
9879
9882
9887
9890
9895
9898
9902
9905
9910
9913
9918
9920
9925
9928
9933
9936
9941
9943
9948
9951
9956
9959
9964
9966
9971
9974
9979
9982
9986
9989
9994
9997
10002
10005
10009
10012
10017
10020
10025
10028
10032
10035
10040
10043
10048
10050
10055
10058
10063
10066
10071
10073
10078
10081
10086
10089
10094
10096
10101
10104
10109
10112
10116
10119
10124
10127
10132
10136
10138
10143
10145
10149
10152
10156
10159
10163
10165
10170
10172
10177
10179
10183
10186
10190
10193
10197
10199
10204
10206
10211
10213
10217
10220
10224
10227
10231
10233
10238
10240
10245
10247
10251
10254
10258
10261
10265
10267
10272
10274
10279
10281
10285
10288
10292
10295
10299
10301
10306
10308
10313
10315
10319
10322
10326
10329
10333
10335
10340
10342
10347
10349
10353
10356
10360
10363
10367
10369
10374
10376
10381
10383
10387
10390
10394
10397
10401
10403
10408
10410
10415
10417
10421
10424
10428
10431
10435
10437
10442
10444
10449
10451
10455
10458
10462
10465
10469
10471
10476
10478
10483
10485
10489
10492
10496
10499
10503
10505
10510
10512
10517
10519
10523
10526
10530
10533
10537
10539
10544
10546
10551
10553
10557
10560
10564
10567
10571
10573
10578
10580
10585
10587
10591
10594
10598
10601
10605
10607
10612
10614
10619
10621
10625
10628
10632
10635
10639
10641
10646
10648
10653
10655
10659
10662
10666
10669
10673
10675
10680
10682
10687
10689
10693
10696
10700
10703
10707
10709
10714
10716
10721
10723
10727
10730
10734
10737
10741
10743
10748
10750
10755
10757
10761
10764
10768
10771
10775
10777
10782
10784
10789
10791
10795
10798
10802
10805
10809
10811
10816
10818
10823
10825
10829
10832
10836
10839
10843
10845
10850
10852
10857
10859
10863
10866
10870
10873
10877
10879
10884
10886
10891
10893
10897
10900
10904
10907
10911
10914
10919
10922
10927
10930
10935
10937
10942
10945
10950
10953
10958
10961
10966
10968
10973
10976
10981
10984
10989
10992
10997
10999
11004
11007
11012
11015
11020
11023
11027
11030
11035
11038
11043
11046
11051
11054
11058
11061
11066
11069
11074
11077
11082
11085
11089
11092
11097
11100
11105
11108
11113
11116
11120
11123
11128
11131
11136
11139
11144
11147
11150
11155
11158
11163
11166
11171
11174
11178
11181
11186
11189
11194
11197
11202
11205
11209
11212
11217
11220
11225
11228
11233
11236
11240
11243
11248
11251
11256
11259
11264
11267
11270
11275
11278
11283
11286
11291
11294
11298
11301
11306
11309
11314
11317
11322
11325
11329
11332
11337
11340
11345
11348
11353
11356
11360
11363
11368
11371
11376
11379
11384
11387
11390
11395
11398
11403
11406
11411
11414
11418
11421
11426
11429
11434
11437
11442
11445
11449
11452
11457
11460
11465
11468
11473
11476
11480
11483
11488
11491
11496
11499
11504
11507
11510
11515
11518
11523
11526
11531
11534
11538
11541
11546
11549
11554
11557
11562
11565
11569
11572
11577
11580
11585
11588
11593
11596
11600
11603
11608
11611
11616
11619
11624
11627
11630
11635
11638
11643
11646
11651
11654
11658
11661
11666
11669
11674
11677
11682
11685
11689
11692
11697
11700
11704
11707
11712
11715
11719
11722
11727
11730
11734
11737
11742
11745
11749
11752
11757
11760
11764
11767
11772
11775
11780
11782
11787
11790
11795
11797
11802
11805
11810
11812
11817
11820
11825
11827
11832
11835
11840
11842
11847
11850
11855
11858
11862
11865
11870
11873
11877
11880
11885
11888
11892
11895
11900
11903
11907
11910
11915
11918
11923
11925
11930
11933
11938
11940
11945
11948
11953
11955
11960
11963
11968
11970
11975
11978
11983
11985
11990
11993
11998
12001
12005
12008
12013
12016
12020
12023
12028
12031
12035
12038
12043
12046
12050
12053
12058
12061
12066
12068
12073
12076
12081
12083
12088
12091
12096
12098
12103
12106
12111
12113
12118
12121
12126
12128
12133
12136
12141
12144
12148
12151
12156
12159
12163
12166
12171
12174
12178
12181
12186
12189
12193
12196
12201
12204
12208
12211
12216
12219
12224
12226
12231
12234
12239
12241
12246
12249
12254
12256
12261
12264
12269
12271
12276
12279
12284
12287
12291
12294
12299
12302
12306
12309
12314
12317
12321
12324
12329
12332
12336
12339
12344
12347
12351
12354
12359
12362
12367
12369
12374
12377
12382
12384
12389
12392
12397
12399
12404
12407
12412
12414
12419
12422
12427
12430
12434
12437
12442
12445
12449
12452
12457
12460
12464
12467
12472
12476
12478
12483
12485
12489
12492
12496
12498
12503
12505
12510
12512
12516
12519
12523
12525
12530
12532
12536
12539
12543
12546
12550
12552
12557
12559
12563
12566
12570
12572
12577
12579
12584
12586
12590
12593
12597
12599
12604
12606
12610
12613
12617
12620
12624
12626
12631
12633
12637
12640
12644
12646
12651
12653
12658
12660
12664
12667
12671
12673
12678
12680
12685
12687
12691
12694
12698
12700
12705
12707
12711
12714
12718
12721
12725
12727
12732
12734
12738
12741
12745
12747
12752
12754
12759
12761
12765
12768
12772
12774
12779
12781
12785
12788
12792
12795
12799
12801
12806
12808
12812
12815
12819
12821
12826
12828
12833
12835
12839
12842
12846
12848
12853
12855
12859
12862
12866
12869
12873
12875
12880
12882
12886
12889
12893
12896
12900
12902
12907
12909
12913
12916
12920
12922
12927
12929
12934
12936
12940
12943
12947
12949
12954
12956
12960
12963
12967
12970
12974
12976
12981
12983
12987
12990
12994
12996
13001
13003
13008
13010
13014
13017
13021
13023
13028
13030
13034
13037
13041
13044
13048
13050
13055
13057
13061
13064
13068
13070
13075
13077
13082
13084
13088
13091
13095
13097
13102
13104
13109
13111
13115
13118
13122
13124
13129
13131
13135
13138
13142
13145
13149
13151
13156
13158
13162
13165
13169
13171
13176
13178
13183
13185
13189
13192
13196
13198
13203
13205
13209
13212
13216
13219
13223
13225
13230
13232
13236
13239
13243
13245
13250
13252
13256
13259
13264
13267
13272
13275
13280
13283
13288
13291
13296
13299
13304
13307
13312
13315
13320
13323
13328
13330
13335
13338
13343
13346
13351
13354
13359
13362
13367
13370
13375
13378
13383
13386
13391
13394
13399
13402
13406
13409
13414
13417
13422
13425
13430
13433
13438
13441
13446
13449
13454
13457
13462
13465
13470
13473
13478
13481
13485
13488
13493
13496
13501
13504
13509
13512
13517
13520
13525
13528
13533
13536
13541
13544
13549
13552
13557
13559
13564
13567
13572
13575
13580
13583
13588
13591
13596
13599
13604
13607
13612
13615
13620
13623
13628
13631
13636
13638
13643
13646
13651
13654
13659
13662
13667
13670
13675
13678
13683
13686
13691
13694
13699
13702
13707
13710
13714
13717
13722
13725
13730
13733
13738
13741
13746
13749
13754
13757
13762
13765
13770
13773
13778
13781
13786
13789
13793
13796
13801
13804
13809
13812
13817
13820
13825
13828
13833
13836
13841
13844
13849
13852
13857
13860
13865
13867
13872
13875
13880
13883
13888
13891
13896
13899
13904
13907
13912
13915
13920
13923
13928
13931
13936
13939
13944
13946
13951
13954
13959
13962
13967
13970
13975
13978
13983
13986
13991
13994
13999
14002
14007
14010
14015
14018
14022
14025
14030
14033
14038
14041
14046
14050
14053
14058
14060
14065
14068
14072
14075
14080
14082
14087
14090
14094
14097
14102
14104
14109
14112
14116
14119
14124
14126
14131
14134
14138
14141
14146
14148
14153
14156
14160
14163
14168
14170
14175
14178
14182
14185
14190
14192
14197
14200
14204
14207
14212
14214
14219
14222
14226
14229
14234
14236
14241
14244
14248
14251
14256
14258
14263
14266
14270
14273
14278
14280
14285
14288
14292
14295
14300
14302
14307
14310
14314
14317
14322
14324
14329
14332
14336
14339
14344
14346
14351
14354
14358
14361
14366
14368
14373
14376
14380
14383
14388
14390
14395
14398
14402
14405
14410
14412
14417
14420
14424
14427
14432
14434
14439
14442
14446
14449
14454
14456
14461
14464
14468
14471
14476
14478
14483
14486
14490
14493
14498
14500
14505
14508
14512
14515
14520
14522
14527
14530
14534
14537
14542
14544
14549
14552
14556
14559
14564
14566
14571
14574
14578
14581
14586
14588
14593
14596
14600
14603
14608
14610
14615
14618
14622
14625
14630
14632
14637
14640
14644
14647
14652
14654
14659
14662
14666
14669
14674
14676
14681
14684
14688
14691
14696
14698
14703
14706
14710
14713
14718
14720
14725
14728
14732
14735
14740
14742
14747
14750
14754
14757
14762
14764
14769
14772
14776
14779
14784
14786
14791
14794
14798
14801
14805
14807
14812
14814
14818
14821
14825
14827
14832
14834
14838
14841
14845
14847
14852
14854
14859
14861
14865
14868
14872
14874
14879
14881
14885
14888
14892
14894
14899
14901
14906
14908
14912
14915
14919
14921
14926
14928
14932
14935
14939
14941
14946
14948
14953
14955
14959
14962
14966
14968
14973
14975
14979
14982
14986
14988
14993
14995
15000
15002
15006
15009
15013
15015
15020
15022
15026
15029
15033
15035
15040
15042
15047
15049
15053
15056
15060
15062
15067
15069
15073
15076
15080
15082
15087
15089
15094
15096
15100
15103
15107
15109
15114
15116
15120
15123
15127
15129
15134
15136
15141
15143
15147
15150
15154
15156
15161
15163
15167
15170
15174
15176
15181
15183
15188
15190
15194
15197
15201
15203
15208
15210
15214
15217
15221
15223
15228
15230
15235
15237
15241
15244
15248
15250
15255
15257
15261
15264
15268
15270
15275
15277
15281
15284
15288
15291
15295
15297
15302
15304
15308
15311
15315
15317
15322
15324
15328
15331
15335
15338
15342
15344
15349
15351
15355
15358
15362
15364
15369
15371
15375
15378
15382
15385
15389
15391
15396
15398
15402
15405
15409
15411
15416
15418
15422
15425
15429
15432
15436
15438
15443
15445
15449
15452
15456
15458
15463
15465
15469
15472
15476
15479
15483
15485
15490
15492
15496
15499
15503
15505
15510
15512
15516
15519
15523
15526
15530
15532
15537
15539
15543
15546
15550
15552
15557
15559
15563
15566
15570
15573
15577
15579
15584
15586
15590
15593
15597
15599
15603
15605
15610
15612
15616
15618
15623
15625
15629
15631
15636
15638
15642
15644
15649
15651
15655
15657
15661
15664
15668
15670
15674
15677
15681
15683
15687
15690
15694
15696
15700
15703
15707
15709
15713
15716
15720
15722
15726
15728
15733
15735
15739
15741
15746
15748
15752
15754
15759
15761
15765
15767
15772
15774
15778
15780
15784
15787
15791
15793
15797
15800
15804
15806
15810
15813
15817
15819
15823
15826
15830
15832
15836
15839
15843
15845
15849
15851
15856
15858
15862
15864
15869
15871
15875
15877
15882
15884
15888
15890
15895
15897
15901
15903
15908
15910
15914
15916
15920
15923
15927
15929
15933
15936
15940
15942
15946
15949
15953
15955
15959
15962
15966
15968
15972
15974
15979
15981
15985
15987
15992
15994
15998
16000
16005
16007
16011
16013
16018
16020
16024
16026
16031
16033
16037
16039
16043
16046
16050
16052
16056
16059
16063
16065
16069
16072
16076
16078
16082
16085
16089
16091
16095
16097
16102
16104
16108
16110
16115
16117
16121
16123
16128
16130
16134
16136
16141
16143
16147
16149
16154
16156
16160
16162
16166
16169
16173
16175
16179
16182
16186
16188
16192
16195
16199
16201
16205
16208
16212
16214
16218
16221
16225
16227
16231
16233
16238
16240
16244
16246
16251
16253
16257
16259
16264
16266
16270
16272
16277
16279
16283
16285
16289
16292
16296
16298
16302
16305
16309
16311
16315
16318
16322
16324
16328
16331
16335
16337
16341
16344
16348
16350
16354
16356
16361
16363
16367
16371
16374
16379
16382
16386
16389
16394
16397
16401
16404
16409
16412
16416
16419
16424
16427
16432
16434
16439
16442
16447
16449
16454
16457
16462
16464
16469
16472
16477
16479
16484
16487
16492
16495
16499
16502
16507
16510
16514
16517
16522
16525
16529
16532
16537
16540
16544
16547
16552
16555
16560
16562
16567
16570
16575
16577
16582
16585
16590
16592
16597
16600
16605
16607
16612
16615
16620
16623
16627
16630
16635
16638
16642
16645
16650
16653
16657
16660
16665
16668
16672
16675
16680
16683
16688
16690
16695
16698
16703
16705
16710
16713
16718
16720
16725
16728
16733
16735
16740
16743
16748
16751
16755
16758
16763
16766
16770
16773
16778
16781
16785
16788
16793
16796
16801
16803
16808
16811
16816
16818
16823
16826
16831
16833
16838
16841
16846
16848
16853
16856
16861
16864
16868
16871
16876
16879
16883
16886
16891
16894
16898
16901
16906
16909
16913
16916
16921
16924
16929
16931
16936
16939
16944
16946
16951
16954
16959
16961
16966
16969
16974
16976
16981
16984
16989
16992
16996
16999
17004
17007
17011
17014
17019
17022
17026
17029
17034
17037
17041
17044
17049
17052
17057
17059
17064
17067
17072
17074
17079
17082
17087
17089
17094
17097
17102
17104
17109
17112
17117
17120
17124
17127
17132
17135
17139
17142
17146
17148
17153
17155
17160
17162
17166
17169
17173
17176
17180
17183
17187
17189
17194
17196
17201
17203
17208
17210
17214
17217
17221
17224
17228
17231
17235
17237
17242
17244
17249
17251
17256
17258
17262
17265
17269
17272
17276
17279
17283
17285
17290
17292
17297
17299
17304
17306
17310
17313
17317
17320
17324
17326
17331
17333
17338
17340
17345
17347
17351
17354
17358
17361
17365
17368
17372
17374
17379
17381
17386
17388
17393
17395
17399
17402
17406
17409
17413
17416
17420
17422
17427
17429
17434
17436
17441
17443
17447
17450
17454
17457
17461
17464
17468
17470
17475
17477
17482
17484
17488
17491
17495
17498
17502
17505
17509
17511
17516
17518
17523
17525
17530
17532
17536
17539
17543
17546
17550
17553
17557
17559
17564
17566
17571
17573
17578
17580
17584
17587
17591
17594
17598
17601
17605
17607
17612
17614
17619
17621
17626
17628
17632
17635
17639
17642
17646
17648
17653
17655
17660
17662
17667
17669
17673
17676
17680
17683
17687
17690
17694
17696
17701
17703
17708
17710
17715
17717
17721
17724
17728
17731
17735
17738
17742
17744
17749
17751
17756
17758
17763
17765
17769
17772
17776
17779
17783
17786
17790
17792
17797
17799
17804
17806
17810
17813
17817
17820
17824
17827
17831
17833
17838
17840
17845
17847
17852
17854
17858
17861
17865
17868
17872
17875
17879
17881
17886
17888
17893
17895
17900
17904
17906
17910
17913
17917
17919
17924
17926
17930
17932
17937
17939
17943
17946
17950
17952
17957
17959
17963
17965
17970
17972
17976
17979
17983
17985
17990
17992
17996
17998
18003
18005
18009
18012
18016
18018
18023
18025
18029
18031
18036
18038
18042
18045
18049
18051
18056
18058
18062
18064
18069
18071
18075
18078
18082
18084
18089
18091
18095
18097
18102
18104
18108
18111
18115
18117
18122
18124
18128
18130
18135
18137
18141
18144
18148
18150
18154
18157
18161
18163
18168
18170
18174
18177
18181
18183
18187
18190
18194
18196
18201
18203
18207
18210
18214
18216
18220
18223
18227
18229
18234
18236
18240
18243
18247
18249
18253
18256
18260
18262
18267
18269
18273
18276
18280
18282
18286
18289
18293
18295
18300
18302
18306
18309
18313
18315
18319
18322
18326
18328
18333
18335
18339
18342
18346
18348
18352
18355
18359
18361
18366
18368
18372
18374
18379
18381
18385
18388
18392
18394
18399
18401
18405
18407
18412
18414
18418
18421
18425
18427
18432
18434
18438
18440
18445
18447
18451
18454
18458
18460
18465
18467
18471
18473
18478
18480
18484
18487
18491
18493
18498
18500
18504
18506
18511
18513
18517
18520
18524
18526
18531
18533
18537
18539
18544
18546
18550
18553
18557
18559
18564
18566
18570
18572
18577
18579
18583
18586
18590
18592
18596
18599
18603
18605
18610
18612
18616
18619
18623
18625
18629
18632
18636
18638
18643
18645
18649
18652
18656
18658
18662
18664
18668
18670
18674
18677
18681
18683
18687
18689
18694
18696
18700
18702
18706
18709
18713
18715
18719
18721
18726
18728
18732
18734
18738
18741
18745
18747
18751
18753
18758
18760
18764
18766
18770
18773
18777
18779
18783
18785
18790
18792
18796
18798
18802
18805
18809
18811
18815
18817
18822
18824
18828
18830
18834
18837
18841
18843
18847
18849
18854
18856
18860
18862
18866
18869
18873
18875
18879
18881
18886
18888
18892
18894
18898
18901
18905
18907
18911
18913
18918
18920
18924
18926
18930
18933
18937
18939
18943
18945
18950
18952
18956
18958
18962
18965
18969
18971
18975
18977
18982
18984
18988
18990
18994
18997
19001
19003
19007
19009
19014
19016
19020
19022
19026
19029
19033
19035
19039
19041
19045
19048
19052
19054
19058
19060
19065
19067
19071
19073
19077
19080
19084
19086
19090
19092
19097
19099
19103
19105
19109
19112
19116
19118
19122
19124
19129
19131
19135
19137
19141
19144
19148
19150
19154
19156
19161
19163
19167
19169
19173
19176
19180
19182
19186
19188
19193
19195
19199
19201
19205
19208
19212
19214
19218
19220
19225
19227
19231
19233
19237
19240
19244
19246
19250
19252
19257
19259
19263
19265
19269
19272
19276
19278
19282
19284
19289
19291
19295
19297
19301
19304
19308
19310
19314
19316
19321
19323
19327
19329
19333
19336
19340
19342
19346
19348
19353
19355
19359
19361
19365
19368
19372
19374
19378
19380
19385
19387
19391
19393
19397
19400
19404
19406
19410
19412
19416
19419
19423
19425
19429
19431
19436
19438
19442
19444
19448
19451
19455
19459
19462
19467
19470
19475
19478
19483
19486
19491
19494
19499
19502
19507
19510
19515
19518
19523
19526
19531
19534
19539
19542
19547
19549
19554
19557
19562
19565
19570
19573
19578
19581
19586
19589
19594
19597
19602
19605
19610
19613
19618
19621
19626
19629
19634
19637
19642
19644
19649
19652
19657
19660
19665
19668
19673
19676
19681
19684
19689
19692
19697
19700
19705
19708
19713
19716
19721
19724
19729
19732
19737
19739
19744
19747
19752
19755
19760
19763
19768
19771
19776
19779
19784
19787
19792
19795
19800
19803
19808
19811
19816
19819
19824
19827
19831
19834
19839
19842
19847
19850
19855
19858
19863
19866
19871
19874
19879
19882
19887
19890
19895
19898
19903
19906
19911
19914
19919
19922
19926
19929
19934
19937
19942
19945
19950
19953
19958
19961
19966
19969
19974
19977
19982
19985
19990
19993
19998
20001
20006
20009
20014
20017
20021
20024
20029
20032
20037
20040
20045
20048
20053
20056
20061
20064
20069
20072
20077
20080
20085
20088
20093
20096
20101
20104
20109
20111
20116
20119
20124
20127
20132
20135
20140
20143
20148
20151
20156
20159
20164
20167
20172
20175
20180
20183
20188
20191
20196
20199
20204
20206
20211
20214
20219
20222
20227
20230
20235
20238
20243
20247
20249
20253
20256
20260
20262
20267
20269
20273
20276
20280
20282
20287
20289
20293
20296
20300
20302
20307
20309
20313
20315
20320
20322
20326
20329
20333
20335
20340
20342
20346
20349
20353
20355
20360
20362
20366
20369
20373
20375
20380
20382
20386
20388
20393
20395
20399
20402
20406
20408
20413
20415
20419
20422
20426
20428
20433
20435
20439
20442
20446
20448
20453
20455
20459
20461
20466
20468
20472
20475
20479
20481
20486
20488
20492
20495
20499
20501
20506
20508
20512
20515
20519
20521
20526
20528
20532
20534
20539
20541
20545
20548
20552
20554
20559
20561
20565
20568
20572
20574
20579
20581
20585
20588
20592
20594
20598
20601
20605
20607
20612
20614
20618
20621
20625
20627
20632
20634
20638
20641
20645
20647
20652
20654
20658
20661
20665
20667
20671
20674
20678
20680
20685
20687
20691
20694
20698
20700
20705
20707
20711
20714
20718
20720
20725
20727
20731
20734
20738
20740
20744
20747
20751
20753
20758
20760
20764
20767
20771
20773
20778
20780
20784
20787
20791
20793
20798
20800
20804
20807
20811
20813
20817
20820
20824
20826
20831
20833
20837
20840
20844
20846
20851
20853
20857
20860
20864
20866
20871
20873
20877
20879
20884
20886
20890
20893
20897
20899
20904
20906
20910
20913
20917
20919
20924
20926
20930
20933
20937
20939
20944
20946
20950
20952
20957
20959
20963
20966
20970
20972
20977
20979
20983
20986
20990
20992
20997
20999
21003
21005
21009
21011
21016
21018
21022
21024
21028
21031
21035
21037
21041
21043
21048
21050
21054
21056
21061
21063
21067
21069
21073
21076
21080
21082
21086
21088
21093
21095
21099
21101
21105
21108
21112
21114
21118
21121
21125
21127
21131
21133
21138
21140
21144
21146
21150
21153
21157
21159
21163
21166
21170
21172
21176
21178
21183
21185
21189
21191
21195
21198
21202
21204
21208
21210
21215
21217
21221
21223
21228
21230
21234
21236
21240
21243
21247
21249
21253
21255
21260
21262
21266
21268
21273
21275
21279
21281
21285
21288
21292
21294
21298
21300
21305
21307
21311
21313
21317
21320
21324
21326
21330
21333
21337
21339
21343
21345
21350
21352
21356
21358
21362
21365
21369
21371
21375
21378
21382
21384
21388
21390
21395
21397
21401
21403
21407
21410
21414
21416
21420
21422
21427
21429
21433
21435
21440
21442
21446
21448
21452
21455
21459
21461
21465
21467
21472
21474
21478
21480
21485
21487
21491
21493
21497
21500
21504
21506
21510
21512
21517
21519
21523
21525
21529
21532
21536
21538
21542
21545
21549
21551
21555
21557
21562
21564
21568
21570
21574
21577
21581
21583
21587
21590
21594
21596
21600
21602
21607
21609
21613
21615
21619
21622
21626
21628
21632
21634
21639
21641
21645
21647
21652
21654
21658
21660
21664
21667
21671
21673
21677
21679
21684
21686
21690
21692
21697
21699
21703
21705
21709
21712
21716
21718
21722
21724
21729
21731
21735
21737
21741
21744
21748
21750
21754
21757
21761
21763
21767
21769
21773
21775
21780
21782
21787
21789
21794
21796
21801
21803
21807
21810
21814
21817
21821
21824
21828
21831
21835
21838
21842
21844
21849
21851
21856
21858
21863
21865
21870
21872
21876
21879
21883
21886
21890
21893
21897
21900
21904
21907
21911
21913
21918
21920
21925
21927
21932
21934
21939
21941
21946
21948
21952
21955
21959
21962
21966
21969
21973
21976
21980
21982
21987
21989
21994
21996
22001
22003
22008
22010
22015
22017
22021
22024
22028
22031
22035
22038
22042
22045
22049
22052
22056
22058
22063
22065
22070
22072
22077
22079
22084
22086
22090
22093
22097
22100
22104
22107
22111
22114
22118
22121
22125
22127
22132
22134
22139
22141
22146
22148
22153
22155
22159
22162
22166
22169
22173
22176
22180
22183
22187
22190
22194
22196
22201
22203
22208
22210
22215
22217
22222
22224
22229
22231
22235
22238
22242
22245
22249
22252
22256
22259
22263
22265
22270
22272
22277
22279
22284
22286
22291
22293
22298
22300
22304
22307
22311
22314
22318
22321
22325
22328
22332
22335
22339
22341
22346
22348
22353
22355
22360
22362
22367
22369
22373
22376
22380
22383
22387
22390
22394
22397
22401
22404
22408
22410
22415
22417
22422
22424
22429
22431
22436
22438
22442
22445
22449
22452
22456
22459
22463
22466
22470
22473
22477
22479
22484
22486
22491
22493
22498
22500
22505
22507
22512
22514
22518
22521
22525
22528
22532
22535
22539
22542
22546
22548
22552
22555
22560
22563
22568
22570
22575
22578
22583
22586
22591
22593
22598
22601
22606
22609
22613
22616
22621
22624
22629
22632
22636
22639
22644
22647
22652
22654
22659
22662
22667
22670
22675
22677
22682
22685
22690
22693
22697
22700
22705
22708
22713
22716
22720
22723
22728
22731
22736
22739
22743
22746
22751
22754
22759
22761
22766
22769
22774
22777
22782
22784
22789
22792
22797
22800
22804
22807
22812
22815
22820
22823
22827
22830
22835
22838
22843
22845
22850
22853
22858
22861
22866
22868
22873
22876
22881
22884
22889
22891
22896
22899
22904
22907
22911
22914
22919
22922
22927
22930
22934
22937
22942
22945
22950
22952
22957
22960
22965
22968
22973
22975
22980
22983
22988
22991
22995
22998
23003
23006
23011
23014
23018
23021
23026
23029
23034
23037
23041
23044
23049
23052
23057
23059
23064
23067
23072
23075
23080
23082
23087
23090
23095
23098
23102
23105
23110
23113
23118
23121
23125
23128
23133
23136
23141
23143
23148
23151
23156
23159
23164
23166
23171
23174
23179
23182
23187
23189
23194
23197
23202
23205
23209
23212
23217
23220
23225
23228
23232
23235
23240
23243
23248
23250
23255
23258
23263
23266
23271
23273
23278
23281
23286
23289
23293
23296
23301
23304
23309
23312
23316
23319
23324
23327
23332
23335
23339
23342
23346
23348
23353
23355
23359
23362
23366
23369
23373
23375
23380
23382
23387
23389
23393
23396
23400
23402
23407
23409
23414
23416
23420
23423
23427
23430
23434
23436
23441
23443
23448
23450
23454
23457
23461
23463
23468
23470
23475
23477
23481
23484
23488
23491
23495
23497
23502
23504
23509
23511
23515
23518
23522
23524
23529
23531
23536
23538
23542
23545
23549
23552
23556
23558
23563
23565
23570
23572
23576
23579
23583
23585
23590
23592
23597
23599
23603
23606
23610
23613
23617
23619
23624
23626
23631
23633
23637
23640
23644
23646
23651
23653
23658
23660
23664
23667
23671
23674
23678
23680
23685
23687
23692
23694
23698
23701
23705
23707
23712
23714
23719
23721
23725
23728
23732
23735
23739
23741
23746
23748
23753
23755
23759
23762
23766
23768
23773
23775
23780
23782
23786
23789
23793
23796
23800
23802
23807
23809
23814
23816
23820
23823
23827
23829
23834
23836
23841
23843
23847
23850
23854
23857
23861
23863
23868
23870
23875
23877
23881
23884
23888
23890
23895
23897
23902
23904
23908
23911
23915
23918
23922
23924
23929
23931
23936
23938
23942
23945
23949
23951
23956
23958
23963
23965
23969
23972
23976
23979
23983
23985
23990
23992
23997
23999
24003
24006
24010
24012
24017
24019
24024
24026
24030
24033
24037
24040
24044
24046
24051
24053
24058
24060
24064
24067
24071
24073
24078
24080
24085
24087
24091
24094
24098
24100
24105
24107
24111
24114
24118
24120
24125
24127
24132
24134
24138
24141
24145
24147
24152
24154
24158
24161
24165
24168
24172
24174
24179
24181
24185
24188
24192
24195
24199
24201
24206
24208
24212
24215
24219
24221
24226
24228
24233
24235
24239
24242
24246
24248
24253
24255
24259
24262
24266
24269
24273
24275
24280
24282
24286
24289
24293
24296
24300
24302
24307
24309
24313
24316
24320
24322
24327
24329
24334
24336
24340
24343
24347
24349
24354
24356
24360
24363
24367
24370
24374
24376
24381
24383
24387
24390
24394
24397
24401
24403
24408
24410
24414
24417
24421
24423
24428
24430
24435
24437
24441
24444
24448
24450
24455
24457
24462
24464
24468
24471
24475
24477
24482
24484
24488
24491
24495
24498
24502
24504
24509
24511
24515
24518
24522
24524
24529
24531
24536
24538
24542
24545
24549
24551
24556
24558
24563
24565
24569
24572
24576
24578
24583
24585
24589
24592
24596
24599
24603
24605
24610
24612
24616
24619
24623
24625
24630
24632
24637
24639
24643
24646
24650
24652
24657
24659
24664
24666
24670
24673
24677
24679
24684
24686
24690
24693
24697
24700
24704
24706
24711
24713
24717
24720
24724
24726
24731
24733
24738
24740
24744
24747
24751
24753
24758
24760
24765
24767
24771
24774
24778
24780
24785
24787
24791
24794
24798
24801
24805
24807
24812
24814
24818
24821
24825
24828
24832
24834
24839
24841
24845
24849
24852
24856
24859
24863
24866
24870
24873
24877
24880
24885
24887
24892
24894
24899
24901
24906
24908
24913
24916
24920
24923
24927
24930
24934
24937
24941
24944
24948
24951
24956
24958
24963
24965
24970
24972
24977
24979
24984
24987
24991
24994
24998
25001
25005
25008
25012
25015
25020
25022
25027
25029
25034
25036
25041
25043
25048
25050
25055
25058
25062
25065
25069
25072
25076
25079
25083
25086
25091
25093
25098
25100
25105
25107
25112
25114
25119
25122
25126
25129
25133
25136
25140
25143
25147
25150
25154
25157
25162
25164
25169
25171
25176
25178
25183
25185
25190
25193
25197
25200
25204
25207
25211
25214
25218
25221
25225
25228
25233
25235
25240
25242
25247
25249
25254
25256
25261
25264
25268
25271
25275
25278
25282
25285
25289
25292
25297
25299
25304
25306
25311
25313
25318
25320
25325
25327
25332
25335
25339
25342
25346
25349
25353
25356
25360
25363
25368
25370
25375
25377
25382
25384
25389
25391
25396
25399
25403
25406
25410
25413
25417
25420
25424
25427
25431
25434
25439
25441
25446
25448
25453
25455
25460
25462
25467
25470
25474
25477
25481
25484
25488
25491
25495
25498
25502
25505
25510
25512
25517
25519
25524
25526
25531
25533
25538
25541
25545
25548
25552
25555
25559
25562
25566
25569
25574
25576
25581
25583
25588
25590
25595
25597
25602
25604
25609
25612
25616
25619
25624
25627
25632
25635
25640
25642
25647
25650
25655
25658
25663
25666
25671
25673
25678
25681
25686
25689
25694
25697
25702
25704
25709
25712
25717
25720
25725
25728
25733
25735
25740
25743
25748
25751
25756
25759
25764
25766
25771
25774
25779
25782
25787
25790
25795
25797
25802
25805
25810
25813
25818
25821
25826
25828
25833
25836
25841
25844
25849
25852
25857
25859
25864
25867
25872
25875
25880
25883
25888
25890
25895
25898
25903
25906
25911
25914
25919
25921
25926
25929
25934
25937
25942
25945
25950
25952
25957
25960
25965
25968
25973
25976
25981
25983
25988
25991
25996
25999
26004
26007
26012
26014
26019
26022
26027
26030
26035
26038
26043
26045
26050
26053
26058
26061
26066
26069
26074
26076
26081
26084
26089
26092
26097
26100
26105
26107
26112
26115
26120
26123
26128
26131
26136
26138
26143
26146
26151
26154
26159
26162
26167
26169
26174
26177
26182
26185
26190
26193
26198
26200
26205
26208
26213
26216
26221
26224
26229
26231
26236
26239
26244
26247
26252
26255
26260
26262
26267
26270
26275
26278
26283
26286
26291
26293
26298
26301
26306
26309
26314
26317
26322
26324
26329
26332
26337
26340
26345
26348
26353
26355
26360
26363
26368
26371
26376
26379
26384
26386
26391
26395
26398
26402
26405
26410
26412
26417
26420
26424
26427
26432
26434
26439
26442
26446
26449
26454
26456
26461
26464
26468
26471
26476
26478
26483
26486
26490
26493
26498
26500
26505
26508
26512
26515
26519
26522
26527
26529
26534
26537
26541
26544
26549
26551
26556
26559
26563
26566
26571
26573
26578
26581
26585
26588
26593
26595
26600
26603
26607
26610
26615
26617
26622
26625
26629
26632
26636
26639
26644
26646
26651
26654
26658
26661
26666
26668
26673
26676
26680
26683
26688
26690
26695
26698
26702
26705
26710
26712
26717
26720
26724
26727
26732
26734
26739
26742
26746
26749
26753
26756
26761
26763
26768
26771
26775
26778
26783
26785
26790
26793
26797
26800
26805
26807
26812
26815
26819
26822
26827
26829
26834
26837
26841
26844
26849
26851
26856
26859
26863
26866
26870
26873
26878
26880
26885
26888
26892
26895
26900
26902
26907
26910
26914
26917
26922
26924
26929
26932
26936
26939
26944
26946
26951
26954
26958
26961
26966
26968
26973
26976
26980
26983
26987
26990
26995
26997
27002
27005
27009
27012
27017
27019
27024
27027
27031
27034
27039
27041
27046
27049
27053
27056
27061
27063
27068
27071
27075
27078
27083
27085
27090
27093
27097
27100
27104
27107
27112
27114
27119
27122
27126
27129
27134
27136
27141
27144
27148
27151
27156
27158
27163
27166
27170
27173
27177
27179
27183
27186
27190
27192
27196
27199
27203
27205
27209
27212
27216
27218
27222
27225
27229
27231
27236
27238
27242
27244
27249
27251
27255
27257
27262
27264
27268
27270
27275
27277
27281
27284
27288
27290
27294
27297
27301
27303
27307
27310
27314
27316
27320
27323
27327
27329
27333
27336
27340
27342
27347
27349
27353
27355
27360
27362
27366
27368
27373
27375
27379
27381
27386
27388
27392
27395
27399
27401
27405
27408
27412
27414
27418
27421
27425
27427
27431
27434
27438
27440
27445
27447
27451
27453
27458
27460
27464
27466
27471
27473
27477
27479
27484
27486
27490
27493
27496
27500
27502
27507
27509
27513
27515
27520
27522
27526
27528
27533
27535
27539
27541
27546
27548
27552
27555
27559
27561
27565
27568
27572
27574
27578
27581
27585
27587
27591
27594
27598
27600
27605
27607
27611
27613
27618
27620
27624
27626
27631
27633
27637
27639
27644
27646
27650
27653
27656
27660
27662
27667
27669
27673
27675
27680
27682
27686
27688
27693
27695
27699
27701
27706
27708
27712
27715
27719
27721
27725
27728
27732
27734
27738
27741
27745
27747
27751
27754
27758
27760
27765
27767
27771
27773
27778
27780
27784
27786
27791
27793
27797
27799
27804
27806
27810
27813
27816
27820
27822
27827
27829
27833
27835
27840
27842
27846
27848
27853
27855
27859
27861
27866
27868
27872
27875
27879
27881
27885
27888
27892
27894
27898
27901
27905
27907
27911
27914
27918
27920
27925
27927
27931
27933
27938
27940
27944
27946
27951
27953
27957
27959
27964
27968
27971
27975
27978
27983
27985
27990
27993
27997
28000
28005
28007
28012
28015
28019
28022
28027
28029
28034
28037
28041
28044
28049
28051
28056
28059
28063
28066
28071
28073
28078
28081
28085
28088
28093
28095
28100
28103
28107
28110
28114
28117
28122
28124
28129
28132
28136
28139
28144
28146
28151
28154
28158
28161
28166
28168
28173
28176
28180
28183
28188
28190
28195
28198
28202
28205
28210
28212
28217
28220
28224
28227
28232
28234
28239
28242
28246
28249
28254
28256
28261
28264
28267
28272
28274
28279
28282
28286
28289
28294
28296
28301
28304
28308
28311
28316
28318
28323
28326
28330
28333
28338
28340
28345
28348
28352
28355
28360
28362
28367
28370
28374
28377
28382
28384
28389
28392
28396
28399
28404
28406
28411
28414
28417
28422
28424
28429
28432
28436
28439
28444
28446
28451
28454
28458
28461
28466
28468
28473
28476
28480
28483
28488
28490
28495
28498
28502
28505
28510
28512
28517
28520
28524
28527
28532
28534
28539
28542
28546
28549
28554
28556
28561
28564
28567
28572
28574
28579
28582
28586
28589
28594
28596
28601
28604
28608
28611
28616
28618
28623
28626
28630
28633
28638
28640
28645
28648
28652
28655
28660
28662
28667
28670
28674
28677
28682
28684
28689
28692
28696
28699
28704
28706
28711
28714
28717
28722
28724
28729
28732
28736
28739
28744
28748
28751
28756
28758
28763
28766
28771
28773
28778
28781
28786
28788
28793
28796
28801
28803
28808
28811
28816
28818
28823
28826
28830
28833
28838
28841
28845
28848
28853
28856
28860
28863
28868
28871
28875
28878
28883
28886
28890
28893
28898
28900
28905
28908
28913
28915
28920
28923
28928
28930
28935
28938
28943
28945
28950
28953
28958
28960
28965
28968
28972
28975
28980
28983
28987
28990
28995
28998
29002
29005
29010
29013
29017
29020
29025
29028
29032
29035
29040
29042
29047
29050
29055
29057
29062
29065
29070
29072
29077
29080
29085
29087
29092
29095
29100
29102
29107
29110
29114
29117
29122
29125
29129
29132
29137
29140
29144
29147
29152
29155
29159
29162
29167
29170
29174
29177
29182
29184
29189
29192
29197
29199
29204
29207
29212
29214
29219
29222
29227
29229
29234
29237
29242
29244
29249
29252
29256
29259
29264
29267
29271
29274
29279
29282
29286
29289
29294
29297
29301
29304
29309
29312
29316
29319
29324
29326
29331
29334
29339
29341
29346
29349
29354
29356
29361
29364
29369
29371
29376
29379
29384
29386
29391
29394
29399
29401
29406
29409
29413
29416
29421
29424
29428
29431
29436
29439
29443
29446
29451
29454
29458
29461
29466
29469
29473
29476
29481
29483
29488
29491
29496
29500
29503
29508
29511
29516
29519
29524
29527
29532
29535
29540
29543
29548
29551
29556
29559
29564
29567
29572
29575
29580
29583
29588
29591
29596
29599
29604
29607
29612
29615
29620
29623
29628
29631
29636
29638
29643
29646
29651
29654
29659
29662
29667
29670
29675
29678
29683
29686
29691
29694
29699
29702
29707
29710
29715
29718
29723
29726
29731
29734
29739
29742
29747
29750
29755
29758
29763
29766
29771
29774
29779
29781
29786
29789
29794
29797
29802
29805
29810
29813
29818
29821
29826
29829
29834
29837
29842
29845
29850
29853
29858
29861
29866
29869
29874
29877
29882
29885
29890
29893
29898
29901
29906
29909
29914
29917
29922
29924
29929
29932
29937
29940
29945
29948
29953
29956
29961
29964
29969
29972
29977
29980
29985
29988
29993
29996
30001
30004
30009
30012
30017
30020
30025
30028
30033
30036
30041
30044
30049
30052
30057
30060
30065
30067
30072
30075
30080
30083
30088
30091
30096
30099
30104
30107
30112
30115
30120
30123
30128
30131
30136
30139
30144
30147
30152
30155
30160
30163
30168
30171
30176
30179
30184
30187
30192
30195
30200
30203
30208
30210
30215
30218
30223
30226
30231
30234
30239
30242
30247
30250
30255
30258
30263
30266
30271
30274
30279
30282
30286
30289
30293
30296
30300
30303
30307
30310
30314
30317
30321
30324
30328
30331
30335
30338
30342
30345
30349
30352
30356
30359
30363
30366
30370
30373
30377
30380
30384
30387
30391
30394
30398
30401
30405
30408
30412
30415
30419
30422
30426
30429
30433
30436
30440
30443
30447
30450
30454
30457
30461
30464
30468
30471
30475
30478
30482
30485
30489
30492
30496
30499
30503
30506
30511
30513
30518
30520
30525
30527
30532
30534
30539
30541
30546
30548
30553
30555
30560
30562
30567
30569
30574
30576
30581
30583
30588
30590
30595
30597
30602
30604
30609
30611
30616
30618
30623
30625
30630
30632
30637
30639
30644
30646
30651
30653
30658
30660
30665
30667
30672
30674
30679
30681
30686
30688
30693
30695
30700
30702
30707
30709
30714
30716
30721
30723
30728
30730
30735
30738
30742
30745
30749
30752
30756
30759
30763
30766
30770
30773
30777
30780
30784
30787
30791
30794
30798
30801
30805
30808
30812
30815
30819
30822
30826
30829
30833
30836
30840
30843
30847
30850
30854
30857
30861
30864
30868
30871
30875
30878
30882
30885
30889
30892
30896
30899
30903
30906
30910
30913
30917
30920
30924
30927
30931
30934
30938
30941
30945
30948
30952
30955
30959
30962
30967
30969
30974
30976
30981
30983
30988
30990
30995
30997
31002
31004
31009
31011
31016
31018
31023
31025
31030
31032
31037
31039
31044
31046
31051
31053
31058
31060
31064
31067
31071
31074
31079
31081
31086
31089
31093
31096
31100
31103
31108
31110
31115
31118
31122
31125
31129
31132
31137
31139
31144
31147
31151
31154
31158
31161
31166
31168
31173
31176
31180
31183
31187
31190
31195
31197
31202
31205
31209
31212
31216
31219
31224
31226
31231
31234
31238
31241
31246
31248
31253
31255
31260
31263
31267
31270
31275
31277
31282
31284
31289
31292
31296
31299
31304
31306
31311
31313
31318
31321
31325
31328
31333
31335
31340
31342
31347
31350
31354
31357
31362
31364
31369
31371
31376
31379
31383
31386
31391
31393
31398
31400
31405
31408
31412
31415
31420
31422
31427
31430
31434
31437
31441
31444
31449
31451
31456
31459
31463
31466
31470
31473
31478
31480
31485
31488
31492
31495
31499
31502
31507
31509
31514
31517
31521
31524
31528
31531
31536
31538
31543
31546
31550
31553
31557
31560
31565
31567
31572
31575
31579
31582
31586
31589
31594
31596
31601
31604
31608
31611
31616
31618
31623
31625
31630
31633
31637
31640
31645
31647
31652
31654
31659
31662
31666
31669
31674
31676
31681
31683
31688
31691
31695
31698
31703
31705
31710
31712
31717
31720
31724
31727
31732
31734
31739
31741
31746
31749
31753
31756
31761
31763
31768
31771
31775
31778
31782
31785
31790
31792
31797
31800
31804
31807
31811
31814
31819
31821
31826
31829
31833
31836
31840
31843
31848
31850
31854
31857
31862
31864
31869
31872
31876
31879
31884
31886
31891
31894
31899
31901
31906
31909
31913
31916
31921
31923
31928
31931
31936
31938
31943
31946
31950
31953
31958
31960
31965
31968
31973
31975
31980
31983
31987
31990
31995
31997
32002
32005
32010
32012
32017
32020
32024
32027
32032
32034
32039
32042
32046
32049
32054
32057
32061
32064
32069
32071
32076
32079
32083
32086
32091
32094
32098
32101
32106
32108
32113
32116
32120
32123
32128
32131
32135
32138
32143
32145
32150
32153
32157
32160
32165
32168
32172
32175
32180
32182
32187
32190
32194
32197
32202
32205
32209
32212
32217
32219
32224
32227
32231
32234
32239
32241
32246
32249
32254
32256
32261
32264
32268
32271
32276
32278
32283
32286
32291
32293
32298
32301
32305
32308
32313
32315
32320
32323
32328
32330
32335
32338
32342
32345
32350
32352
32357
32360
32365
32367
32372
32375
32379
32382
32387
32389
32394
32397
32402
32404
32409
32412
32416
32419
32424
32426
32431
32434
32438
32441
32446
32449
32453
32456
32461
32463
32468
32471
32475
32478
32483
32486
32490
32493
32498
32500
32505
32508
32512
32515
32520
32523
32527
32530
32535
32537
32542
32545
32549
32552
32557
32560
32564
32567
32572
32574
32579
32582
32586
32589
32594
32596
32601
32604
32609
32611
32616
32619
32623
32626
32631
32633
32638
32641
32646
32648
32652
32655
32660
32662
32667
32670
32674
32677
32682
32684
32689
32692
32697
32699
32704
32707
32711
32714
32719
32721
32726
32729
32733
32736
32741
32744
32748
32751
32756
32758
32763
32766
32770
32773
32778
32781
32785
32788
32793
32795
32800
32803
32807
32810
32815
32817
32822
32825
32830
32832
32837
32840
32844
32847
32852
32854
32859
32862
32866
32869
32874
32877
32881
32884
32889
32891
32896
32899
32903
32906
32911
32914
32918
32921
32926
32928
32933
32936
32940
32943
32948
32950
32955
32958
32963
32965
32970
32973
32977
32980
32985
32987
32992
32995
32999
33002
33007
33010
33014
33017
33022
33024
33029
33032
33036
33039
33044
33047
33051
33054
33059
33061
33066
33069
33073
33076
33081
33083
33088
33091
33096
33098
33103
33106
33110
33113
33118
33120
33125
33128
33132
33135
33140
33143
33147
33150
33155
33157
33162
33165
33169
33172
33177
33180
33184
33187
33192
33194
33199
33202
33206
33209
33214
33216
33221
33224
33229
33231
33236
33239
33243
33246
33251
33253
33258
33261
33265
33268
33273
33276
33280
33283
33288
33290
33295
33298
33302
33305
33310
33313
33317
33320
33325
33327
33332
33335
33339
33342
33347
33349
33354
33357
33362
33364
33369
33372
33376
33379
33384
33386
33391
33394
33398
33402
33404
33409
33411
33416
33418
33422
33425
33429
33432
33436
33438
33443
33445
33450
33452
33457
33459
33463
33466
33470
33473
33477
33479
33484
33486
33491
33493
33497
33500
33504
33507
33511
33514
33518
33520
33525
33527
33532
33534
33538
33541
33545
33548
33552
33554
33559
33561
33566
33568
33573
33575
33579
33582
33586
33589
33593
33595
33600
33602
33607
33609
33614
33616
33620
33623
33627
33630
33634
33636
33641
33643
33648
33650
33654
33657
33661
33664
33668
33671
33675
33677
33682
33684
33689
33691
33695
33698
33702
33705
33709
33711
33716
33718
33723
33725
33730
33732
33736
33739
33743
33746
33750
33752
33757
33759
33764
33766
33771
33773
33777
33780
33784
33787
33791
33793
33798
33800
33805
33807
33811
33814
33818
33821
33825
33828
33832
33834
33839
33841
33846
33848
33852
33855
33859
33862
33866
33868
33873
33875
33880
33882
33887
33889
33893
33896
33900
33903
33907
33909
33914
33916
33921
33923
33928
33930
33934
33937
33941
33944
33948
33950
33955
33957
33962
33964
33968
33971
33975
33978
33982
33985
33989
33991
33996
33998
34003
34005
34009
34012
34016
34019
34023
34025
34030
34032
34037
34039
34044
34046
34050
34053
34057
34060
34064
34066
34071
34073
34078
34080
34085
34087
34091
34094
34098
34101
34105
34107
34112
34114
34119
34121
34125
34128
34132
34135
34139
34142
34146
34148
34153
34155
34160
34162
34166
34168
34172
34174
34178
34181
34185
34187
34191
34193
34197
34200
34204
34206
34210
34212
34217
34219
34223
34225
34229
34231
34236
34238
34242
34244
34248
34251
34255
34257
34261
34263
34267
34270
34274
34276
34280
34282
34287
34289
34293
34295
34299
34301
34306
34308
34312
34314
34318
34321
34325
34327
34331
34333
34337
34340
34344
34346
34350
34352
34357
34359
34363
34365
34369
34371
34376
34378
34382
34384
34388
34390
34395
34397
34401
34403
34407
34410
34414
34416
34420
34422
34426
34429
34433
34435
34439
34441
34446
34448
34452
34454
34458
34460
34465
34467
34471
34473
34477
34480
34484
34486
34490
34492
34496
34499
34503
34505
34509
34511
34516
34518
34522
34524
34528
34530
34535
34537
34541
34543
34547
34550
34554
34556
34560
34562
34566
34569
34573
34575
34579
34581
34586
34588
34592
34594
34598
34600
34605
34607
34611
34613
34617
34619
34624
34626
34630
34632
34636
34639
34643
34645
34649
34651
34655
34658
34662
34664
34668
34670
34675
34677
34681
34683
34687
34689
34694
34696
34700
34702
34706
34709
34713
34715
34719
34721
34725
34728
34732
34734
34738
34740
34745
34747
34751
34753
34757
34759
34764
34766
34770
34772
34776
34779
34783
34785
34789
34791
34795
34798
34802
34804
34808
34810
34815
34817
34821
34823
34827
34829
34834
34836
34840
34842
34846
34848
34853
34855
34859
34861
34865
34868
34872
34874
34878
34880
34884
34887
34891
34893
34897
34899
34904
34906
34910
34912
34916
34918
34922
34924
34928
34931
34935
34937
34941
34944
34948
34950
34954
34957
34961
34963
34967
34970
34974
34976
34980
34983
34987
34989
34993
34996
35000
35002
35006
35009
35013
35015
35019
35022
35026
35028
35032
35035
35039
35041
35045
35048
35052
35054
35058
35061
35065
35067
35071
35074
35078
35080
35084
35087
35091
35093
35097
35100
35104
35106
35110
35113
35117
35119
35123
35126
35130
35132
35136
35139
35143
35145
35149
35152
35156
35158
35162
35165
35169
35171
35175
35178
35182
35184
35188
35191
35195
35197
35201
35204
35208
35210
35214
35217
35221
35223
35227
35230
35234
35236
35240
35243
35247
35249
35253
35256
35260
35262
35266
35269
35273
35275
35279
35282
35286
35288
35292
35295
35299
35301
35305
35308
35312
35314
35318
35321
35325
35327
35331
35334
35338
35340
35344
35347
35351
35353
35357
35360
35364
35366
35370
35373
35377
35379
35383
35386
35390
35392
35396
35399
35403
35405
35409
35412
35416
35418
35422
35425
35429
35431
35435
35438
35442
35444
35448
35451
35455
35457
35461
35464
35468
35470
35474
35477
35481
35483
35487
35490
35494
35496
35500
35503
35507
35509
35513
35516
35520
35522
35526
35529
35533
35535
35539
35542
35546
35548
35552
35555
35559
35561
35565
35568
35572
35574
35578
35581
35585
35587
35591
35594
35598
35600
35604
35607
35611
35613
35617
35620
35624
35626
35630
35633
35637
35639
35643
35646
35650
35652
35656
35659
35663
35665
35669
35672
35676
35678
35682
35685
35689
35691
35695
35698
35702
35704
35708
35711
35715
35717
35722
35724
35729
35731
35736
35738
35743
35745
35750
35752
35757
35759
35763
35766
35770
35773
35777
35780
35784
35787
35791
35794
35798
35801
35805
35807
35812
35814
35819
35821
35826
35828
35833
35835
35840
35842
35847
35849
35853
35856
35860
35863
35867
35870
35874
35877
35881
35884
35888
35891
35895
35898
35902
35904
35909
35911
35916
35918
35923
35925
35930
35932
35937
35939
35944
35946
35950
35953
35957
35960
35964
35967
35971
35974
35978
35981
35985
35988
35992
35994
35999
36001
36006
36008
36013
36015
36020
36022
36027
36029
36034
36036
36041
36043
36047
36050
36054
36057
36061
36064
36068
36071
36075
36078
36082
36085
36089
36091
36096
36098
36103
36105
36110
36112
36117
36119
36124
36126
36131
36133
36137
36140
36144
36147
36151
36154
36158
36161
36165
36168
36172
36175
36179
36181
36186
36188
36193
36195
36200
36202
36207
36209
36214
36216
36221
36223
36228
36230
36234
36237
36241
36244
36248
36251
36255
36258
36262
36265
36269
36272
36276
36278
36283
36285
36290
36292
36297
36299
36304
36306
36311
36313
36318
36320
36324
36327
36331
36334
36338
36341
36345
36348
36352
36355
36359
36362
36366
36369
36373
36375
36380
36382
36387
36389
36394
36396
36401
36403
36408
36410
36415
36417
36421
36424
36428
36431
36435
36438
36442
36445
36449
36452
36456
36459
36463
36465
36470
36472
36477
36479
36484
36486
36491
36493
36498
36502
36505
36510
36513
36517
36520
36525
36528
36532
36535
36540
36543
36547
36550
36555
36558
36562
36565
36570
36573
36577
36580
36585
36588
36592
36595
36600
36603
36607
36610
36615
36618
36622
36625
36630
36633
36637
36640
36645
36648
36652
36655
36660
36663
36667
36670
36675
36678
36682
36685
36690
36693
36697
36700
36705
36708
36712
36715
36720
36723
36727
36730
36735
36738
36742
36745
36750
36753
36757
36760
36765
36768
36772
36775
36780
36783
36787
36790
36795
36798
36802
36805
36810
36813
36817
36820
36825
36828
36832
36835
36840
36843
36847
36850
36855
36858
36862
36865
36870
36873
36877
36880
36885
36888
36892
36895
36900
36903
36908
36910
36915
36918
36923
36925
36930
36933
36938
36940
36945
36948
36953
36955
36960
36963
36968
36970
36975
36978
36983
36985
36990
36993
36998
37000
37005
37008
37013
37015
37020
37023
37028
37030
37035
37038
37043
37045
37050
37053
37058
37060
37065
37068
37073
37075
37080
37083
37088
37090
37095
37098
37103
37105
37110
37113
37118
37120
37125
37128
37133
37135
37140
37143
37148
37150
37155
37158
37163
37165
37170
37173
37178
37180
37185
37188
37193
37195
37200
37203
37208
37210
37215
37218
37223
37225
37230
37233
37238
37240
37245
37248
37253
37257
37259
37264
37266
37270
37273
37277
37279
37284
37286
37290
37293
37297
37299
37304
37306
37310
37313
37317
37320
37324
37326
37331
37333
37337
37340
37344
37346
37351
37353
37357
37360
37364
37366
37371
37373
37377
37380
37384
37387
37391
37393
37398
37400
37404
37407
37411
37413
37418
37420
37424
37427
37431
37433
37438
37440
37444
37447
37451
37454
37458
37460
37465
37467
37471
37474
37478
37480
37485
37487
37491
37494
37498
37500
37505
37507
37511
37514
37518
37521
37525
37527
37532
37534
37538
37541
37545
37547
37552
37554
37558
37561
37565
37567
37572
37574
37578
37581
37585
37588
37592
37594
37599
37601
37605
37608
37612
37614
37619
37621
37625
37628
37632
37634
37639
37641
37645
37648
37652
37655
37659
37661
37666
37668
37672
37675
37679
37681
37686
37688
37692
37695
37699
37701
37706
37708
37712
37715
37719
37722
37726
37728
37733
37735
37739
37742
37746
37748
37753
37755
37759
37762
37766
37768
37773
37775
37779
37782
37786
37789
37793
37795
37800
37802
37806
37809
37813
37815
37820
37822
37826
37829
37833
37835
37840
37842
37846
37849
37853
37856
37860
37862
37867
37869
37873
37876
37880
37882
37887
37889
37893
37896
37900
37902
37907
37909
37913
37916
37920
37923
37927
37929
37934
37936
37940
37943
37947
37949
37954
37956
37960
37963
37967
37969
37974
37976
37980
37983
37987
37990
37994
37996
38001
38003
38007
38010
38014
38016
38021
38025
38028
38033
38036
38041
38044
38049
38052
38057
38059
38064
38067
38072
38075
38080
38083
38088
38091
38095
38098
38103
38106
38111
38114
38119
38122
38127
38130
38134
38137
38142
38145
38150
38153
38158
38161
38166
38168
38173
38176
38181
38184
38189
38192
38197
38200
38204
38207
38212
38215
38220
38223
38228
38231
38236
38239
38243
38246
38251
38254
38259
38262
38267
38270
38275
38277
38282
38285
38290
38293
38298
38301
38306
38309
38314
38316
38321
38324
38329
38332
38337
38340
38345
38348
38352
38355
38360
38363
38368
38371
38376
38379
38384
38386
38391
38394
38399
38402
38407
38410
38415
38418
38423
38425
38430
38433
38438
38441
38446
38449
38454
38457
38461
38464
38469
38472
38477
38480
38485
38488
38493
38496
38500
38503
38508
38511
38516
38519
38524
38527
38532
38534
38539
38542
38547
38550
38555
38558
38563
38566
38570
38573
38578
38581
38586
38589
38594
38597
38602
38605
38609
38612
38617
38620
38625
38628
38633
38636
38641
38643
38648
38651
38656
38659
38664
38667
38672
38675
38680
38682
38687
38690
38695
38698
38703
38706
38711
38714
38718
38721
38726
38729
38734
38737
38742
38745
38750
38752
38757
38760
38765
38768
38773
38776
38781
38784
38788
38790
38795
38797
38802
38804
38809
38811
38815
38818
38822
38825
38829
38832
38836
38838
38843
38845
38850
38852
38857
38859
38864
38866
38870
38873
38877
38880
38884
38887
38891
38893
38898
38900
38905
38907
38912
38914
38919
38921
38925
38928
38932
38935
38939
38942
38946
38948
38953
38955
38960
38962
38967
38969
38974
38976
38980
38983
38987
38990
38994
38997
39001
39003
39008
39010
39015
39017
39022
39024
39028
39031
39035
39038
39042
39045
39049
39052
39056
39058
39063
39065
39070
39072
39077
39079
39083
39086
39090
39093
39097
39100
39104
39107
39111
39113
39118
39120
39125
39127
39132
39134
39138
39141
39145
39148
39152
39155
39159
39162
39166
39168
39173
39175
39180
39182
39187
39189
39193
39196
39200
39203
39207
39210
39214
39216
39221
39223
39228
39230
39235
39237
39242
39244
39248
39251
39255
39258
39262
39265
39269
39271
39276
39278
39283
39285
39290
39292
39297
39299
39303
39306
39310
39313
39317
39320
39324
39326
39331
39333
39338
39340
39345
39347
39352
39354
39358
39361
39365
39368
39372
39375
39379
39381
39386
39388
39393
39395
39400
39402
39406
39409
39413
39416
39420
39423
39427
39430
39434
39436
39441
39443
39448
39450
39455
39457
39461
39464
39468
39471
39475
39478
39482
39485
39489
39491
39496
39498
39503
39505
39510
39512
39516
39519
39523
39526
39530
39533
39537
39540
39544
39546
39551
39553
39558
39560
39565
39567
39571
39574
39578
39581
39586
39589
39594
39597
39602
39604
39609
39612
39617
39620
39625
39628
39632
39635
39640
39643
39648
39651
39656
39658
39663
39666
39671
39674
39679
39682
39686
39689
39694
39697
39702
39705
39710
39712
39717
39720
39725
39728
39733
39736
39740
39743
39748
39751
39756
39759
39764
39766
39771
39774
39779
39782
39787
39790
39794
39797
39802
39805
39810
39813
39818
39820
39825
39828
39833
39836
39841
39844
39848
39851
39856
39859
39864
39867
39872
39874
39879
39882
39887
39890
39895
39898
39902
39905
39910
39913
39918
39921
39926
39928
39933
39936
39941
39944
39949
39952
39956
39959
39964
39967
39972
39975
39980
39983
39987
39990
39995
39998
40003
40006
40011
40013
40018
40021
40026
40029
40034
40037
40041
40044
40049
40052
40057
40060
40065
40067
40072
40075
40080
40083
40088
40091
40095
40098
40103
40106
40111
40114
40119
40121
40126
40129
40134
40137
40142
40145
40149
40152
40157
40160
40165
40168
40173
40175
40180
40183
40188
40191
40196
40199
40203
40206
40211
40214
40219
40222
40227
40229
40234
40237
40242
40245
40250
40253
40257
40260
40265
40268
40273
40276
40281
40283
40288
40291
40296
40299
40304
40307
40311
40314
40319
40322
40327
40330
40335
40337
40342
40345
40349
40352
40357
40360
40364
40367
40372
40375
40379
40382
40387
40390
40394
40397
40402
40405
40410
40412
40417
40420
40425
40427
40432
40435
40440
40442
40447
40450
40455
40457
40462
40465
40470
40473
40477
40480
40485
40488
40492
40495
40500
40503
40507
40510
40515
40518
40522
40525
40530
40533
40538
40540
40545
40548
40553
40555
40560
40563
40568
40570
40575
40578
40583
40585
40590
40593
40598
40601
40605
40608
40613
40616
40620
40623
40628
40631
40635
40638
40643
40646
40650
40653
40658
40661
40666
40668
40673
40676
40681
40683
40688
40691
40696
40698
40703
40706
40711
40713
40718
40721
40726
40729
40733
40736
40741
40744
40748
40751
40756
40759
40763
40766
40771
40774
40779
40781
40786
40789
40794
40796
40801
40804
40809
40811
40816
40819
40824
40826
40831
40834
40839
40842
40846
40849
40854
40857
40861
40864
40869
40872
40876
40879
40884
40887
40891
40894
40899
40902
40907
40909
40914
40917
40922
40924
40929
40932
40937
40939
40944
40947
40952
40954
40959
40962
40967
40970
40974
40977
40982
40985
40989
40992
40997
41000
41004
41007
41012
41015
41019
41022
41027
41030
41035
41037
41042
41045
41050
41052
41057
41060
41065
41067
41072
41075
41080
41082
41087
41090
41095
41098
41102
41105
41109
41112
41116
41119
41124
41126
41131
41133
41138
41140
41145
41148
41152
41155
41159
41162
41167
41169
41174
41176
41181
41183
41188
41191
41195
41198
41202
41205
41210
41212
41217
41219
41224
41226
41231
41234
41238
41241
41245
41248
41253
41255
41260
41262
41267
41269
41274
41277
41281
41284
41288
41291
41296
41298
41303
41305
41310
41312
41317
41320
41324
41327
41331
41334
41338
41341
41346
41348
41353
41355
41360
41363
41367
41370
41374
41377
41381
41384
41389
41391
41396
41398
41403
41406
41410
41413
41417
41420
41424
41427
41432
41434
41439
41441
41446
41449
41453
41456
41460
41463
41467
41470
41475
41477
41482
41484
41489
41492
41496
41499
41503
41506
41510
41513
41518
41520
41525
41527
41532
41535
41539
41542
41546
41549
41553
41556
41561
41563
41568
41570
41575
41578
41581
41586
41588
41593
41595
41600
41603
41607
41610
41614
41617
41621
41624
41629
41631
41636
41638
41643
41646
41650
41653
41657
41660
41664
41667
41672
41674
41679
41681
41686
41689
41693
41696
41700
41703
41707
41710
41715
41717
41722
41724
41729
41732
41736
41739
41743
41746
41750
41753
41758
41760
41765
41767
41772
41775
41779
41782
41786
41789
41793
41796
41801
41803
41808
41810
41815
41818
41821
41826
41828
41833
41835
41840
41843
41847
41850
41854
41857
41861
41864
41869
41871
41876
41878
41883
41886
41890
41893
41897
41900
41904
41907
41912
41914
41919
41922
41926
41929
41934
41936
41941
41944
41948
41951
41955
41958
41963
41965
41970
41973
41977
41980
41985
41987
41992
41995
41999
42002
42007
42009
42014
42016
42021
42024
42028
42031
42036
42038
42043
42046
42050
42053
42058
42060
42065
42068
42072
42075
42079
42082
42087
42089
42094
42097
42101
42104
42109
42111
42116
42119
42123
42126
42131
42133
42138
42140
42145
42148
42152
42155
42160
42162
42167
42170
42174
42177
42182
42184
42189
42191
42196
42199
42203
42206
42211
42213
42218
42221
42225
42228
42233
42235
42240
42243
42247
42250
42254
42257
42262
42264
42269
42272
42276
42279
42284
42286
42291
42294
42298
42301
42306
42308
42313
42315
42320
42323
42327
42330
42335
42337
42342
42345
42349
42352
42357
42359
42364
42367
42371
42374
42378
42381
42386
42388
42393
42396
42400
42403
42408
42410
42415
42418
42422
42425
42430
42432
42437
42439
42444
42447
42451
42454
42459
42461
42466
42469
42473
42476
42481
42483
42488
42490
42495
42498
42502
42505
42510
42512
42517
42520
42524
42527
42532
42534
42539
42542
42546
42549
42553
42556
42561
42563
42568
42571
42575
42578
42583
42585
42590
42593
42597
42600
42605
42607
42612
42614
42619
42622
42626
42629
42634
42636
42641
42644
42648
42651
42656
42658
42663
42666
42670
42673
42678
42680
42685
42688
42692
42695
42700
42703
42707
42710
42715
42717
42722
42725
42730
42732
42737
42740
42744
42747
42752
42755
42759
42762
42767
42769
42774
42777
42782
42784
42789
42792
42796
42799
42804
42807
42811
42814
42819
42821
42826
42829
42834
42836
42841
42844
42848
42851
42856
42859
42863
42866
42871
42873
42878
42881
42886
42888
42893
42896
42900
42903
42908
42911
42915
42918
42923
42925
42930
42933
42938
42940
42945
42948
42952
42955
42960
42963
42967
42970
42975
42977
42982
42985
42990
42992
42997
43000
43004
43007
43012
43015
43019
43022
43027
43029
43034
43037
43041
43044
43049
43052
43056
43059
43064
43066
43071
43074
43079
43081
43086
43089
43093
43096
43101
43104
43108
43111
43116
43118
43123
43126
43131
43133
43138
43141
43145
43148
43153
43156
43160
43163
43168
43170
43175
43178
43183
43185
43190
43193
43197
43200
43205
43208
43212
43215
43220
43222
43227
43230
43235
43237
43242
43245
43249
43252
43257
43260
43264
43267
43272
43274
43279
43282
43287
43289
43294
43297
43301
43304
43309
43312
43316
43319
43324
43326
43331
43334
43339
43341
43346
43349
43353
43356
43361
43364
43368
43371
43376
43378
43383
43386
43391
43393
43398
43401
43405
43408
43413
43416
43419
43424
43427
43431
43434
43439
43441
43446
43449
43454
43456
43461
43465
43468
43473
43475
43480
43483
43488
43490
43495
43498
43502
43505
43510
43513
43517
43520
43525
43528
43532
43535
43540
43542
43547
43550
43555
43557
43562
43565
43570
43572
43577
43580
43584
43587
43592
43595
43599
43602
43607
43610
43614
43617
43622
43624
43629
43632
43637
43639
43644
43647
43652
43654
43659
43662
43666
43669
43674
43677
43681
43684
43689
43691
43696
43699
43704
43706
43711
43714
43719
43721
43726
43729
43733
43736
43741
43744
43748
43751
43756
43759
43763
43766
43771
43773
43778
43781
43786
43788
43793
43796
43801
43803
43808
43811
43815
43818
43823
43826
43830
43833
43838
43841
43845
43848
43853
43855
43860
43863
43868
43870
43875
43878
43882
43885
43890
43893
43897
43900
43905
43908
43912
43915
43920
43922
43927
43930
43935
43937
43942
43945
43950
43952
43957
43960
43964
43967
43972
43975
43979
43982
43987
43990
43994
43997
44002
44004
44009
44012
44017
44019
44024
44027
44032
44034
44039
44042
44046
44049
44054
44057
44061
44064
44069
44071
44076
44079
44084
44086
44091
44094
44099
44101
44106
44109
44113
44116
44121
44124
44128
44131
44136
44139
44143
44146
44151
44153
44158
44161
44166
44168
44173
44176
44181
44183
44188
44191
44195
44198
44203
44206
44210
44213
44217
44219
44223
44226
44230
44232
44237
44239
44243
44246
44250
44252
44257
44259
44263
44265
44270
44272
44276
44279
44283
44285
44290
44292
44296
44299
44303
44305
44309
44312
44316
44318
44323
44325
44329
44332
44336
44338
44343
44345
44349
44352
44356
44358
44362
44365
44369
44371
44376
44378
44382
44385
44389
44391
44396
44398
44402
44405
44408
44412
44414
44419
44421
44425
44428
44432
44434
44439
44441
44445
44448
44452
44454
44458
44461
44465
44467
44472
44474
44478
44481
44485
44487
44492
44494
44498
44501
44504
44508
44510
44515
44517
44521
44524
44528
44530
44535
44537
44541
44544
44548
44550
44554
44557
44561
44563
44568
44570
44574
44577
44581
44583
44588
44590
44594
44597
44600
44604
44606
44611
44613
44617
44620
44624
44626
44631
44633
44637
44640
44644
44646
44650
44653
44657
44659
44664
44666
44670
44673
44677
44679
44684
44686
44690
44693
44696
44700
44702
44707
44709
44713
44716
44720
44722
44727
44729
44733
44736
44740
44742
44746
44749
44753
44755
44760
44762
44766
44769
44773
44775
44780
44782
44786
44789
44792
44796
44798
44803
44805
44809
44812
44816
44818
44823
44825
44829
44832
44836
44838
44842
44845
44849
44851
44856
44858
44862
44865
44869
44871
44876
44878
44882
44885
44888
44892
44894
44899
44901
44905
44908
44912
44914
44919
44921
44925
44928
44932
44934
44938
44941
44945
44947
44952
44954
44958
44961
44965
44967
44972
44974
44978
44981
44984
44988
44990
44995
44997
45001
45005
45008
45012
45015
45020
45022
45027
45029
45034
45037
45041
45044
45048
45051
45056
45058
45063
45065
45070
45073
45077
45080
45084
45087
45092
45094
45099
45101
45106
45109
45113
45116
45121
45123
45128
45130
45135
45138
45142
45145
45149
45152
45157
45159
45164
45166
45171
45174
45178
45181
45185
45188
45193
45195
45200
45202
45207
45210
45214
45217
45222
45224
45229
45231
45236
45239
45243
45246
45250
45253
45258
45260
45265
45267
45272
45275
45279
45282
45286
45289
45294
45296
45301
45303
45308
45311
45315
45318
45323
45325
45330
45332
45337
45340
45344
45347
45351
45354
45359
45361
45366
45368
45373
45376
45380
45383
45387
45390
45395
45397
45402
45404
45409
45412
45416
45419
45424
45426
45431
45433
45438
45441
45445
45448
45452
45455
45460
45462
45467
45469
45474
45477
45481
45484
45488
45491
45496
45498
45503
45505
45510
45513
45517
45520
45524
45527
45532
45534
45539
45542
45546
45549
45553
45556
45561
45563
45568
45570
45575
45578
45582
45585
45589
45592
45597
45599
45604
45606
45611
45614
45618
45621
45625
45628
45633
45635
45640
45643
45647
45650
45654
45657
45662
45664
45669
45671
45676
45679
45683
45686
45690
45693
45698
45700
45705
45707
45712
45715
45719
45722
45726
45729
45734
45736
45741
45744
45748
45751
45755
45758
45763
45765
45770
45772
45776
45778
45782
45785
45789
45791
45796
45798
45802
45805
45809
45811
45816
45818
45822
45825
45829
45831
45836
45838
45842
45845
45849
45851
45855
45858
45862
45864
45869
45871
45875
45878
45882
45884
45889
45891
45895
45898
45902
45904
45909
45911
45915
45918
45922
45924
45929
45931
45935
45937
45942
45944
45948
45951
45955
45957
45962
45964
45968
45971
45975
45977
45982
45984
45988
45991
45995
45997
46002
46004
46008
46011
46015
46017
46021
46024
46028
46030
46035
46037
46041
46044
46048
46050
46055
46057
46061
46064
46068
46070
46075
46077
46081
46084
46088
46090
46094
46097
46101
46103
46108
46110
46114
46117
46121
46123
46128
46130
46134
46137
46141
46143
46148
46150
46154
46157
46161
46163
46168
46170
46174
46176
46181
46183
46187
46190
46194
46196
46201
46203
46207
46210
46214
46216
46221
46223
46227
46230
46234
46236
46241
46243
46247
46250
46254
46256
46260
46263
46267
46269
46274
46276
46280
46283
46287
46289
46294
46296
46300
46303
46307
46309
46314
46316
46320
46323
46327
46329
46333
46336
46340
46342
46347
46349
46353
46356
46360
46362
46367
46369
46373
46376
46380
46382
46387
46389
46393
46396
46400
46402
46407
46409
46413
46415
46420
46422
46426
46429
46433
46435
46440
46442
46446
46449
46453
46455
46460
46462
46466
46469
46473
46475
46480
46482
46486
46489
46493
46495
46499
46502
46506
46508
46513
46515
46519
46522
46526
46528
46533
46535
46539
46542
46546
46548
46552
46555
46559
46562
46566
46569
46573
46576
46581
46583
46588
46590
46595
46598
46601
46606
46608
46613
46615
46620
46623
46626
46631
46633
46638
46640
46645
46648
46651
46656
46658
46663
46665
46670
46673
46676
46681
46683
46688
46690
46695
46698
46701
46706
46708
46713
46715
46720
46723
46726
46731
46733
46738
46740
46745
46748
46751
46756
46758
46763
46765
46770
46773
46776
46781
46783
46788
46790
46795
46798
46801
46806
46808
46813
46815
46820
46823
46826
46831
46833
46838
46840
46845
46848
46851
46856
46858
46863
46865
46870
46873
46876
46881
46883
46888
46890
46895
46898
46901
46906
46908
46913
46915
46920
46923
46926
46931
46933
46938
46940
46945
46948
46951
46956
46958
46963
46965
46970
46973
46976
46981
46983
46988
46990
46995
46998
47001
47006
47008
47013
47015
47020
47023
47026
47031
47033
47038
47040
47045
47048
47051
47056
47058
47063
47065
47070
47073
47076
47081
47083
47088
47090
47095
47098
47101
47106
47108
47113
47115
47120
47123
47126
47131
47133
47138
47140
47145
47148
47151
47156
47158
47163
47165
47170
47173
47176
47181
47183
47188
47190
47195
47198
47201
47206
47208
47213
47215
47220
47223
47226
47231
47233
47238
47240
47245
47248
47251
47256
47258
47263
47265
47270
47273
47276
47281
47283
47288
47290
47295
47298
47301
47306
47308
47313
47315
47320
47324
47326
47330
47333
47337
47339
47344
47346
47350
47353
47357
47359
47364
47366
47370
47373
47377
47379
47384
47386
47390
47393
47397
47399
47404
47406
47410
47413
47417
47419
47424
47426
47430
47433
47437
47439
47444
47446
47450
47453
47457
47459
47464
47466
47470
47473
47477
47479
47484
47486
47490
47493
47497
47499
47504
47506
47510
47513
47517
47519
47524
47526
47530
47533
47537
47539
47544
47546
47550
47553
47557
47559
47564
47566
47570
47573
47577
47579
47584
47586
47590
47593
47597
47599
47604
47606
47610
47613
47617
47619
47624
47626
47630
47633
47637
47639
47644
47646
47650
47653
47657
47659
47664
47666
47670
47673
47677
47679
47684
47686
47690
47693
47697
47699
47704
47706
47710
47713
47717
47719
47724
47726
47730
47733
47737
47739
47744
47746
47750
47753
47757
47759
47764
47766
47770
47773
47777
47779
47784
47786
47790
47793
47797
47799
47804
47806
47810
47813
47817
47819
47824
47826
47830
47833
47837
47839
47844
47846
47850
47853
47857
47859
47864
47866
47870
47873
47877
47879
47884
47886
47890
47893
47897
47899
47904
47906
47910
47913
47917
47919
47923
47926
47930
47932
47937
47939
47943
47946
47950
47952
47957
47959
47963
47966
47970
47972
47977
47979
47983
47986
47990
47992
47997
47999
48003
48006
48010
48012
48017
48019
48023
48026
48030
48032
48037
48039
48043
48046
48050
48052
48057
48059
48063
48066
48070
48072
48077
48079
48083
48086
48090
48092
48097
48099
48103
48106
48110
48113
48118
48121
48126
48129
48134
48137
48142
48145
48150
48153
48158
48161
48166
48168
48173
48176
48181
48184
48189
48192
48197
48200
48205
48208
48213
48216
48221
48224
48228
48231
48236
48239
48244
48247
48252
48255
48260
48263
48268
48271
48276
48279
48284
48286
48291
48294
48299
48302
48307
48310
48315
48318
48323
48326
48331
48334
48339
48342
48346
48349
48354
48357
48362
48365
48370
48373
48378
48381
48386
48389
48394
48397
48402
48405
48409
48412
48417
48420
48425
48428
48433
48436
48441
48444
48449
48452
48457
48460
48465
48467
48472
48475
48480
48483
48488
48491
48496
48499
48504
48507
48512
48515
48520
48523
48527
48530
48535
48538
48543
48546
48551
48554
48559
48562
48567
48570
48575
48578
48583
48586
48589
48594
48597
48602
48605
48610
48613
48618
48621
48626
48629
48634
48637
48642
48645
48649
48652
48657
48660
48665
48668
48673
48676
48681
48684
48689
48692
48697
48700
48705
48707
48712
48715
48720
48723
48728
48731
48736
48739
48744
48747
48752
48755
48760
48763
48767
48770
48775
48778
48783
48786
48791
48794
48799
48802
48807
48810
48815
48818
48823
48826
48829
48834
48837
48842
48845
48850
48853
48858
48861
48866
48869
48874
48878
48881
48885
48888
48892
48895
48899
48902
48906
48909
48913
48916
48920
48923
48927
48930
48934
48937
48941
48944
48948
48951
48955
48958
48962
48965
48969
48972
48977
48979
48984
48986
48991
48993
48998
49000
49005
49007
49012
49014
49019
49021
49026
49028
49033
49035
49040
49042
49047
49049
49054
49056
49061
49063
49068
49071
49075
49078
49082
49085
49089
49092
49096
49099
49103
49106
49110
49113
49117
49120
49124
49127
49131
49134
49138
49141
49145
49148
49152
49155
49159
49162
49166
49169
49174
49176
49181
49183
49188
49190
49195
49197
49202
49204
49209
49211
49216
49218
49223
49225
49230
49232
49237
49239
49244
49246
49251
49253
49258
49260
49265
49268
49272
49275
49279
49282
49286
49289
49293
49296
49300
49303
49307
49310
49314
49317
49321
49324
49328
49331
49335
49338
49342
49345
49349
49352
49356
49359
49364
49366
49371
49373
49378
49380
49385
49387
49392
49394
49399
49401
49406
49408
49413
49415
49420
49422
49427
49429
49434
49436
49441
49443
49448
49450
49455
49457
49462
49465
49469
49472
49476
49479
49483
49486
49490
49493
49497
49500
49504
49507
49511
49514
49518
49521
49525
49528
49532
49535
49539
49542
49546
49549
49553
49556
49561
49563
49568
49570
49575
49577
49582
49584
49589
49591
49596
49598
49603
49605
49610
49612
49617
49619
49624
49626
49631
49633
49638
49640
49645
49647
49652
49655
49659
49661
49666
49668
49673
49675
49680
49682
49686
49689
49693
49696
49700
49703
49707
49709
49714
49716
49721
49723
49728
49730
49734
49737
49741
49744
49748
49751
49755
49758
49762
49764
49769
49771
49776
49778
49783
49785
49789
49792
49796
49799
49803
49806
49810
49812
49817
49819
49824
49826
49831
49833
49838
49840
49844
49847
49851
49854
49858
49861
49865
49867
49872
49874
49879
49881
49886
49888
49892
49895
49899
49902
49906
49909
49913
49916
49920
49922
49927
49929
49934
49936
49941
49943
49947
49950
49954
49957
49961
49964
49968
49970
49975
49977
49982
49984
49989
49991
49996
49998
50002
50005
50009
50012
50016
50019
50023
50025
50030
50032
50037
50039
50044
50046
50050
50053
50057
50060
50064
50067
50071
50074
50078
50080
50085
50087
50092
50094
50099
50101
50105
50108
50112
50115
50119
50122
50126
50128
50133
50135
50140
50142
50147
50149
50153
50156
50160
50163
50167
50170
50174
50177
50181
50183
50188
50190
50195
50197
50202
50204
50208
50211
50215
50218
50222
50225
50229
50231
50236
50238
50243
50245
50250
50252
50257
50259
50263
50266
50270
50273
50277
50280
50284
50286
50291
50293
50298
50300
50305
50307
50311
50314
50318
50321
50325
50328
50332
50335
50339
50341
50346
50348
50353
50355
50360
50362
50366
50369
50373
50376
50380
50383
50387
50389
50394
50396
50401
50403
50408
50410
50415
50417
50421
50424
50428
50431
50435
50438
50442
50444
50449
50451
