18
35
53
70
89
105
124
140
159
176
194
211
230
246
265
281
300
317
335
352
362
371
381
390
400
409
420
428
439
447
458
466
477
486
496
505
515
524
534
543
554
562
573
581
592
601
611
620
630
639
649
658
669
677
688
700
710
722
733
745
755
768
778
790
800
813
823
835
846
858
868
880
891
903
913
926
936
948
958
971
981
993
1004
1016
1026
1038
1051
1063
1076
1088
1101
1113
1126
1138
1151
1163
1176
1188
1202
1213
1227
1238
1252
1263
1277
1288
1302
1313
1327
1338
1352
1364
1377
1389
1398
1406
1415
1423
1433
1440
1450
1458
1467
1475
1485
1492
1502
1510
1519
1527
1537
1544
1554
1562
1571
1579
1589
1596
1606
1614
1623
1631
1641
1648
1658
1666
1675
1683
1693
1700
1710
1718
1727
1735
1750
1763
1779
1792
1808
1821
1837
1850
1866
1879
1895
1908
1923
1937
1952
1966
1981
1995
2010
2024
2039
2053
2068
2081
2090
2097
2106
2113
2122
2129
2138
2145
2155
2162
2171
2178
2187
2194
2203
2210
2219
2227
2236
2243
2252
2259
2268
2275
2284
2291
2301
2308
2317
2324
2333
2340
2349
2356
2365
2373
2382
2389
2398
2405
2414
2421
2430
2439
2447
2457
2464
2474
2482
2491
2499
2509
2517
2526
2534
2544
2551
2561
2569
2579
2586
2596
2604
2613
2621
2631
2638
2648
2656
2666
2673
2683
2691
2700
2708
2718
2726
2735
2743
2753
2760
2770
2792
2812
2834
2854
2876
2896
2918
2938
2960
2980
3002
3022
3044
3064
3086
3106
3128
3145
3161
3179
3194
3212
3228
3245
3261
3279
3294
3312
3328
3345
3361
3379
3395
3412
3428
3446
3461
3479
3493
3506
3521
3534
3549
3562
3577
3590
3605
3618
3633
3646
3661
3674
3689
3702
3717
3730
3745
3758
3773
3785
3800
3813
3828
3843
3857
3873
3887
3903
3917
3933
3947
3963
3977
3993
4007
4023
4037
4053
4067
4083
4096
4112
4126
4142
4156
4172
4181
4188
4198
4205
4215
4222
4232
4239
4249
4256
4266
4273
4283
4290
4300
4307
4317
4324
4334
4341
4351
4358
4368
4375
4385
4392
4402
4409
4419
4426
4436
4443
4453
4460
4470
4477
4487
4494
4504
4511
4525
4538
4552
4565
4580
4592
4607
4620
4634
4647
4662
4674
4689
4702
4716
4729
4744
4756
4771
4784
4798
4811
4825
4838
4853
4863
4872
4882
4891
4902
4910
4921
4930
4940
4949
4960
4968
4979
4987
4998
5007
5017
5026
5037
5045
5056
5065
5075
5084
5094
5103
5114
5122
5133
5142
5152
5161
5172
5180
5191
5199
5214
5227
5243
5256
5272
5285
5301
5314
5330
5343
5359
5372
5387
5401
5416
5430
5445
5459
5474
5488
5503
5517
5532
5545
5555
5563
5573
5581
5591
5599
5610
5618
5628
5636
5646
5654
5664
5673
5683
5691
5701
5709
5719
5727
5738
5746
5756
5764
5774
5782
5792
5801
5811
5819
5829
5837
5847
5855
5866
5874
5884
5893
5901
5910
5918
5927
5935
5945
5952
5962
5969
5979
5986
5996
6004
6013
6021
6030
6038
6047
6055
6065
6072
6082
6089
6099
6107
6116
6124
6133
6141
6150
6158
6168
6175
6185
6192
6202
6209
6219
6227
6236
6243
6252
6259
6268
6275
6284
6291
6300
6307
6316
6323
6332
6339
6348
6355
6364
6371
6380
6387
6396
6403
6412
6419
6428
6435
6445
6452
6461
6468
6477
6484
6493
6500
6509
6516
6525
6532
6541
6548
6557
6564
6582
6598
6617
6633
6652
6668
6687
6703
6722
6738
6757
6773
6792
6808
6827
6843
6862
6878
6897
6913
6928
6941
6957
6970
6985
6999
7014
7027
7043
7056
7071
7085
7100
7113
7129
7142
7157
7171
7186
7199
7215
7228
7243
7257
7267
7276
7287
7296
7306
7315
7326
7335
7345
7354
7365
7374
7384
7393
7404
7413
7423
7432
7443
7452
7462
7471
7482
7491
7501
7510
7521
7530
7540
7549
7560
7569
7579
7588
7599
7608
7616
7623
7632
7639
7648
7654
7663
7670
7679
7686
7694
7701
7710
7717
7726
7733
7740
7749
7756
7765
7772
7780
7787
7796
7803
7812
7818
7827
7834
7843
7850
7858
7865
7874
7881
7890
7897
7905
7912
7921
7928
7937
7943
7952
7965
7976
7989
8000
8013
8024
8038
8049
8062
8073
8086
8097
8110
8122
8135
8146
8159
8170
8183
8194
8208
8219
8232
8243
8256
8267
8280
8292
8304
8314
8326
8336
8348
8358
8370
8380
8392
8402
8414
8424
8436
8446
8458
8468
8480
8490
8502
8512
8524
8534
8546
8556
8568
8578
8590
8600
8612
8622
8634
8649
8662
8677
8690
8705
8718
8733
8746
8761
8775
8790
8803
8818
8831
8846
8859
8874
8887
8902
8916
8931
8944
8959
8972
8982
8991
9002
9010
9021
9030
9041
9049
9060
9069
9080
9088
9099
9108
9119
9127
9138
9147
9158
9166
9177
9186
9197
9205
9216
9225
9235
9244
9255
9264
9274
9283
9294
9303
9313
9322
9330
9336
9345
9351
9360
9366
9375
9381
9390
9396
9404
9411
9419
9426
9434
9441
9449
9456
9464
9471
9479
9485
9494
9500
9509
9515
9524
9530
9539
9545
9554
9560
9568
9575
9583
9590
9598
9605
9613
9620
9628
9635
9643
9649
9658
9664
9677
9689
9702
9714
9727
9739
9752
9764
9777
9789
9802
9814
9827
9839
9852
9864
9877
9889
9902
9914
9927
9939
9952
9964
9977
9989
10002
10014
10033
10050
10069
10086
10105
10122
10141
10158
10177
10194
10214
10231
10250
10267
10286
10303
10322
10339
10358
10370
10381
10393
10404
10417
10427
10440
10451
10463
10474
10487
10497
10510
10521
10533
10544
10557
10567
10580
10591
10603
10614
10626
10637
10650
10660
10673
10684
10696
10707
10720
10731
10744
10755
10768
10779
10793
10804
10817
10828
10841
10852
10866
10877
10890
10901
10914
10925
10939
10950
10963
10974
10987
10998
11011
11023
11036
11047
11069
11090
11113
11133
11156
11177
11199
11220
11243
11263
11286
11307
11330
11350
11373
11394
11405
11414
11426
11435
11446
11456
11467
11477
11488
11497
11509
11518
11530
11539
11550
11560
11571
11581
11592
11601
11613
11622
11634
11643
11654
11664
11675
11685
11696
11705
11717
11726
11738
11751
11763
11777
11788
11802
11814
11827
11839
11853
11864
11878
11890
11903
11915
11929
11940
11954
11966
11979
11991
12005
12016
12030
12042
12055
12067
12081
12090
12097
12106
12113
12122
12129
12138
12145
12154
12161
12170
12177
12186
12193
12202
12209
12219
12226
12235
12242
12251
12258
12267
12274
12283
12290
12299
12306
12315
12322
12331
12338
12347
12355
12364
12371
12380
12387
12396
12403
12412
12419
12429
12437
12448
12456
12467
12475
12485
12494
12504
12513
12523
12532
12542
12550
12561
12569
12580
12588
12598
12607
12617
12626
12636
12645
12655
12663
12674
12682
12693
12701
12711
12720
12730
12739
12749
12758
12766
12772
12780
12787
12795
12801
12810
12816
12824
12830
12839
12845
12853
12860
12868
12874
12883
12889
12897
12903
12912
12918
12926
12933
12941
12947
12955
12962
12970
12976
12985
12991
12999
13006
13014
13020
13028
13035
13043
13049
13058
13064
13072
13078
13087
13093
13101
13116
13130
13146
13159
13175
13189
13205
13218
13234
13248
13264
13277
13293
13307
13323
13336
13352
13366
13382
13395
13411
13425
13441
13454
13465
13475
13486
13496
13507
13517
13528
13538
13549
13559
13570
13580
13592
13601
13613
13622
13634
13643
13655
13664
13676
13685
13697
13707
13718
13728
13739
13749
13760
13770
13781
13791
13802
13811
13819
13829
13837
13847
13855
13865
13872
13882
13890
13900
13908
13918
13926
13935
13943
13953
13961
13971
13979
13989
13996
14006
14014
14024
14032
14042
14050
14060
14067
14077
14085
14095
14103
14113
14121
14130
14138
14148
14158
14167
14178
14187
14198
14207
14218
14227
14237
14246
14257
14266
14277
14286
14297
14306
14317
14325
14336
14345
14356
14365
14376
14385
14396
14405
14415
14424
14435
14444
14455
14464
14475
14484
14494
14507
14518
14531
14543
14556
14567
14580
14592
14605
14616
14630
14641
14654
14665
14679
14690
14703
14715
14728
14739
14752
14764
14777
14788
14802
14813
14826
14837
14851
14861
14869
14879
14887
14897
14905
14915
14923
14933
14941
14951
14959
14969
14977
14987
14995
15005
15013
15023
15031
15041
15049
15059
15067
15077
15085
15095
15103
15113
15121
15131
15139
15149
15157
15168
15176
15186
15194
15203
15210
15220
15227
15237
15244
15253
15261
15270
15278
15287
15294
15304
15311
15321
15328
15338
15345
15354
15362
15371
15379
15388
15395
15405
15412
15422
15429
15439
15446
15455
15463
15472
15480
15489
15496
15506
15513
15523
15530
15541
15550
15562
15571
15583
15592
15604
15613
15625
15634
15645
15655
15666
15676
15687
15697
15708
15718
15729
15739
15750
15759
15771
15780
15792
15801
15813
15822
15834
15843
15855
15864
15875
15884
15891
15900
15908
15917
15924
15934
15941
15950
15958
15967
15974
15984
15991
16000
16008
16017
16024
16034
16041
16050
16057
16067
16074
16083
16091
16100
16107
16117
16124
16133
16141
16150
16157
16167
16174
16183
16191
16200
16207
16216
16224
16230
16238
16245
16253
16259
16267
16274
16282
16288
16297
16303
16311
16317
16326
16332
16340
16346
16355
16361
16369
16376
16384
16390
16398
16405
16413
16419
16428
16434
16442
16448
16457
16463
16471
16477
16486
16492
16500
16507
16515
16521
16529
16536
16544
16550
16561
16571
16582
16592
16603
16613
16625
16634
16646
16655
16667
16676
16688
16698
16709
16719
16730
16740
16751
16761
16773
16782
16794
16803
16815
16824
16836
16846
16857
16867
16878
16888
16896
16903
16911
16918
16926
16933
16941
16948
16956
16963
16971
16978
16986
16993
17001
17008
17016
17023
17031
17038
17046
17053
17061
17068
17076
17083
17091
17098
17106
17113
17121
17128
17136
17143
17151
17158
17166
17173
17181
17188
17196
17203
17211
17218
17226
17244
17260
17279
17295
17314
17330
17349
17365
17384
17400
17419
17435
17454
17470
17489
17505
17523
17540
17558
17575
17594
17612
17632
17650
17670
17688
17708
17726
17746
17764
17784
17802
17822
17839
17859
17877
17897
17915
17935
17944
17952
17962
17970
17980
17987
17997
18005
18015
18023
18032
18040
18050
18058
18068
18075
18085
18093
18103
18111
18120
18128
18138
18146
18156
18163
18173
18181
18191
18199
18208
18216
18226
18234
18244
18251
18261
18269
18279
18288
18296
18306
18314
18324
18332
18342
18350
18360
18368
18378
18386
18396
18404
18414
18422
18432
18440
18450
18457
18467
18475
18485
18493
18503
18511
18521
18529
18539
18547
18557
18565
18575
18583
18593
18601
18611
18619
18628
18635
18644
18651
18660
18667
18676
18683
18692
18699
18708
18716
18725
18732
18741
18748
18757
18764
18773
18780
18789
18796
18805
18813
18822
18829
18838
18845
18854
18861
18870
18877
18886
18893
18903
18910
18919
18926
18935
18942
18951
18958
18974
18988
19005
19019
19036
19050
19067
19081
19098
19112
19129
19143
19160
19174
19191
19205
19222
19236
19253
19267
19284
19298
19315
19326
19335
19347
19356
19368
19377
19389
19398
19410
19419
19431
19440
19452
19461
19473
19482
19494
19503
19515
19524
19536
19545
19557
19566
19578
19587
19599
19608
19620
19629
19641
19650
19662
19683
19702
19723
19743
19764
19783
19804
19824
19845
19864
19885
19905
19926
19945
19967
19986
20007
20024
20039
20057
20072
20090
20105
20122
20138
20155
20171
20188
20203
20221
20236
20254
20269
20287
20302
20319
20335
20352
20365
20376
20389
20400
20413
20424
20438
20449
20462
20473
20486
20497
20511
20522
20535
20546
20559
20570
20584
20595
20608
20619
20632
20643
20656
20668
20681
20692
20702
20711
20721
20730
20740
20749
20759
20768
20778
20787
20797
20806
20817
20825
20836
20844
20855
20863
20874
20882
20893
20901
20912
20920
20931
20940
20950
20959
20969
20978
20988
20997
21007
21016
21026
21035
21043
21050
21058
21065
21074
21080
21089
21095
21104
21111
21119
21126
21135
21141
21150
21156
21165
21172
21180
21187
21195
21202
21211
21217
21226
21233
21241
21248
21256
21263
21272
21278
21287
21294
21302
21309
21317
21324
21333
21339
21348
21355
21362
21371
21377
21386
21401
21414
21429
21442
21457
21470
21485
21498
21514
21527
21542
21555
21570
21583
21598
21611
21626
21640
21655
21668
21683
21696
21711
21724
21739
21750
21759
21771
21780
21792
21801
21813
21822
21833
21843
21854
21864
21875
21885
21896
21905
21917
21926
21938
21947
21959
21968
21979
21989
22000
22010
22021
22031
22042
22052
22063
22072
22083
22092
22104
22113
22124
22134
22145
22155
22166
22175
22187
22196
22208
22217
22228
22238
22249
22259
22270
22279
22291
22300
22311
22321
22332
22342
22353
22362
22374
22383
22395
22404
22415
22425
22433
22440
22448
22455
22463
22470
22479
22485
22494
22500
22509
22515
22524
22531
22539
22546
22554
22561
22570
22576
22585
22591
22600
22606
22615
22622
22630
22637
22645
22652
22660
22667
22676
22682
22691
22697
22706
22713
22721
22728
22736
22743
22751
22758
22770
22780
22792
22802
22814
22825
22837
22847
22859
22869
22882
22892
22904
22914
22926
22936
22949
22959
22971
22981
22993
23004
23016
23026
23038
23048
23060
23071
23083
23093
23107
23120
23134
23147
23161
23174
23189
23201
23216
23228
23243
23255
23270
23283
23297
23310
23324
23337
23351
23364
23379
23391
23406
23418
23433
23445
23455
23467
23478
23490
23500
23513
23523
23535
23545
23558
23568
23580
23591
23603
23613
23625
23636
23648
23658
23671
23681
23693
23703
23716
23726
23738
23749
23761
23771
23781
23790
23801
23810
23821
23829
23840
23849
23860
23869
23879
23888
23899
23908
23919
23927
23938
23947
23958
23967
23977
23986
23997
24006
24017
24025
24036
24045
24056
24065
24075
24084
24095
24104
24113
24121
24131
24139
24149
24157
24167
24174
24184
24192
24202
24210
24220
24228
24237
24245
24255
24263
24273
24281
24291
24298
24308
24316
24326
24334
24344
24352
24362
24369
24379
24387
24397
24405
24415
24423
24432
24440
24458
24475
24493
24510
24529
24545
24564
24580
24599
24616
24634
24651
24670
24686
24705
24721
24740
24757
24775
24792
24800
24807
24816
24823
24832
24839
24848
24855
24864
24871
24880
24887
24896
24903
24912
24918
24927
24934
24943
24950
24959
24966
24975
24982
24991
24998
25007
25014
25023
25030
25039
25045
25054
25061
25070
25077
25086
25093
25102
25109
25118
25125
25134
25141
25161
25181
25201
25221
25241
25261
25281
25301
25321
25341
25361
25381
25401
25421
25441
25461
25481
25492
25502
25513
25523
25534
25544
25555
25565
25576
25586
25597
25607
25618
25628
25639
25649
25660
25670
25681
25691
25702
25712
25723
25733
25744
25754
25765
25775
25786
25796
25807
25817
25839
25859
25881
25901
25923
25943
25966
25986
26008
26028
26050
26070
26093
26113
26135
26155
26163
26169
26178
26184
26192
26199
26207
26214
26222
26228
26237
26243
26252
26258
26266
26273
26281
26288
26296
26302
26311
26317
26326
26332
26340
26347
26355
26362
26370
26376
26385
26391
26400
26406
26414
26421
26429
26436
26444
26450
26459
26465
26474
26480
26488
26495
26504
26512
26522
26529
26539
26547
26556
26564
26574
26582
26591
26599
26609
26616
26626
26634
26643
26651
26661
26669
26678
26686
26696
26703
26713
26721
26730
26738
26748
26756
26765
26773
26783
26790
26800
26808
26817
26825
26835
26849
26861
26875
26887
26902
26914
26928
26940
26955
26967
26981
26993
27008
27020
27034
27046
27061
27073
27087
27099
27114
27126
27140
27152
27167
27179
27188
27196
27205
27213
27223
27230
27240
27248
27257
27265
27275
27282
27292
27300
27309
27317
27326
27334
27344
27351
27361
27369
27378
27386
27396
27403
27413
27421
27430
27438
27448
27455
27465
27472
27482
27490
27499
27507
27517
27524
27537
27549
27563
27575
27589
27601
27615
27627
27640
27652
27666
27678
27692
27704
27718
27730
27743
27755
27769
27781
27795
27807
27821
27833
27846
27858
27872
27885
27897
27911
27923
27937
27949
27963
27975
27989
28001
28014
28026
28040
28052
28066
28078
28092
28104
28118
28130
28143
28155
28169
28181
28195
28207
28221
28232
28241
28252
28261
28272
28281
28292
28301
28312
28321
28332
28341
28352
28361
28372
28381
28392
28401
28412
28421
28432
28441
28452
28462
28473
28482
28493
28502
28513
28522
28533
28542
28553
28562
28578
28593
28609
28624
28640
28655
28671
28686
28702
28717
28733
28748
28764
28779
28795
28810
28826
28841
28857
28872
28889
28903
28914
28923
28934
28943
28954
28963
28974
28983
28994
29003
29015
29024
29035
29044
29055
29064
29075
29084
29095
29104
29115
29125
29136
29145
29156
29165
29176
29185
29196
29205
29216
29225
29237
29246
29266
29285
29305
29324
29344
29363
29384
29402
29423
29441
29462
29480
29501
29520
29540
29559
29579
29598
29612
29625
29640
29652
29667
29680
29694
29707
29722
29735
29749
29762
29777
29790
29803
29818
29831
29845
29858
29873
29886
29899
29914
29927
29941
29954
29968
29981
29995
30008
30022
30035
30050
30062
30077
30089
30104
30117
30131
30144
30158
30171
30186
30198
30213
30225
30240
30252
30267
30280
30294
30307
30326
30343
30362
30379
30398
30415
30435
30452
30471
30488
30507
30524
30544
30561
30580
30597
30616
30633
30652
30669
30684
30702
30717
30734
30750
30767
30783
30800
30815
30833
30848
30866
30881
30898
30914
30931
30947
30964
30979
30997
31009
31020
31033
31043
31056
31067
31079
31090
31103
31114
31126
31137
31150
31160
31173
31184
31197
31207
31220
31231
31243
31254
31267
31277
31290
31301
31314
31324
31337
31348
31359
31369
31380
31390
31401
31411
31422
31432
31444
31453
31465
31474
31486
31495
31507
31517
31528
31538
31549
31559
31570
31580
31591
31601
31613
31622
31634
31643
31655
31664
31676
31686
31694
31700
31708
31714
31723
31729
31737
31743
31752
31758
31766
31772
31781
31787
31795
31801
31810
31816
31824
31830
31839
31845
31853
31859
31868
31874
31882
31888
31897
31903
31911
31917
31925
31932
31940
31946
31954
31961
31969
31975
31983
31990
31998
32004
32012
32019
32027
32036
32044
32053
32061
32070
32078
32087
32095
32105
32112
32122
32129
32139
32147
32155
32165
32172
32182
32189
32199
32207
32215
32225
32232
32242
32249
32259
32267
32275
32285
32292
32302
32309
32319
32327
32335
32345
32352
32362
32376
32388
32403
32415
32430
32442
32457
32469
32484
32496
32510
32523
32537
32550
32564
32577
32591
32604
32618
32631
32645
32657
32672
32684
32699
32712
32723
32736
32748
32761
32772
32785
32797
32810
32821
32835
32846
32859
32870
32884
32895
32908
32920
32933
32944
32957
32969
32982
32993
33007
33018
33031
33042
33052
33061
33071
33080
33090
33099
33109
33118
33128
33137
33147
33156
33166
33175
33185
33194
33204
33213
33223
33232
33242
33251
33261
33270
33280
33289
33299
33308
33318
33327
33337
33346
33356
33365
33375
33384
33406
33427
33449
33470
33492
33513
33535
33556
33578
33599
33621
33642
33664
33685
33707
33728
33744
33758
33774
33788
33805
33819
33835
33849
33866
33880
33896
33910
33927
33941
33957
33971
33988
34002
34018
34032
34049
34063
34072
34080
34090
34097
34107
34115
34125
34132
34142
34150
34159
34167
34177
34185
34194
34202
34212
34219
34229
34237
34247
34254
34264
34272
34282
34289
34299
34307
34316
34324
34334
34342
34351
34359
34369
34376
34386
34394
34404
34411
34421
34430
34441
34449
34460
34469
34479
34488
34499
34508
34518
34527
34538
34546
34557
34566
34577
34585
34596
34605
34615
34624
34635
34644
34654
34663
34674
34682
34693
34702
34712
34721
34732
34741
34751
34772
34792
34813
34833
34854
34874
34895
34915
34936
34956
34977
34997
35018
35038
35059
35079
35100
35122
35142
35164
35185
35207
35227
35249
35270
35292
35312
35335
35355
35377
35397
35420
35440
35449
35456
35466
35473
35483
35490
35500
35507
35517
35524
35534
35541
35551
35558
35568
35575
35585
35592
35602
35609
35619
35626
35636
35643
35653
35660
35670
35677
35687
35694
35704
35711
35721
35728
35738
35745
35755
35762
35771
35779
35788
35796
35806
35813
35823
35831
35841
35848
35858
35866
35875
35883
35893
35901
35910
35918
35928
35936
35945
35953
35963
35971
35979
35989
35997
36006
36014
36024
36032
36041
36049
36059
36067
36075
36085
36093
36102
36110
36120
36128
36135
36144
36151
36160
36167
36176
36183
36192
36198
36207
36214
36223
36230
36239
36246
36255
36262
36271
36277
36286
36293
36302
36309
36318
36325
36334
36341
36350
36356
36365
36372
36381
36388
36397
36404
36413
36420
36429
36435
36444
36451
36460
36467
36476
36483
36492
36499
36508
36516
36525
36532
36541
36548
36557
36565
36574
36581
36590
36597
36606
36614
36623
36630
36639
36646
36656
36663
36672
36679
36688
36695
36705
36712
36721
36728
36737
36744
36754
36761
36770
36777
36786
36793
36803
36810
36818
36825
36834
36841
36850
36856
36865
36872
36881
36888
36896
36903
36912
36919
36928
36935
36942
36951
36958
36967
36974
36982
36989
36998
37005
37014
37020
37029
37036
37045
37052
37060
37067
37076
37083
37092
37099
37107
37114
37123
37130
37139
37145
37154
37165
37174
37185
37194
37205
37214
37225
37234
37245
37255
37266
37275
37286
37295
37306
37315
37326
37335
37346
37356
37367
37376
37387
37396
37407
37416
37427
37436
37447
37457
37468
37477
37488
37507
37524
37543
37561
37580
37597
37616
37634
37653
37670
37689
37707
37726
37743
37762
37780
37799
37816
37836
37850
37863
37877
37890
37905
37917
37932
37945
37959
37972
37987
37999
38014
38027
38041
38054
38069
38081
38096
38109
38123
38136
38150
38163
38178
38191
38202
38215
38226
38239
38250
38263
38274
38287
38298
38311
38322
38335
38346
38359
38370
38383
38394
38407
38418
38431
38442
38455
38466
38479
38490
38503
38514
38527
38540
38552
38566
38578
38591
38603
38617
38629
38642
38654
38668
38680
38693
38705
38719
38731
38744
38756
38770
38782
38795
38807
38821
38833
38846
38858
38872
38882
38890
38900
38909
38919
38927
38937
38946
38956
38964
38974
38983
38993
39001
39011
39020
39030
39038
39049
39057
39067
39075
39086
39094
39104
39112
39123
39131
39141
39149
39160
39168
39178
39187
39197
39205
39213
39219
39227
39233
39241
39248
39256
39262
39270
39276
39285
39291
39299
39305
39313
39319
39328
39334
39342
39348
39356
39363
39371
39377
39385
39391
39400
39406
39414
39420
39428
39434
39443
39449
39457
39463
39471
39478
39486
39492
39500
39506
39514
39521
39529
39535
39543
39549
39561
39571
39583
39593
39605
39615
39627
39637
39649
39660
39672
39682
39694
39704
39716
39726
39738
39748
39760
39771
39783
39793
39805
39815
39827
39837
39849
39859
39871
39882
39894
39904
39912
39923
39931
39942
39950
39961
39969
39980
39988
39999
40007
40018
40026
40037
40045
40056
40064
40075
40083
40094
40102
40113
40121
40132
40140
40151
40159
40170
40178
40189
40197
40208
40216
40227
40235
40246
40255
40266
40276
40287
40296
40307
40317
40328
40337
40348
40358
40369
40378
40389
40399
40410
40419
40430
40440
40451
40460
40471
40481
40492
40501
40512
40522
40533
40542
40553
40563
40574
40583
40590
40599
40606
40615
40623
40632
40639
40648
40655
40664
40672
40681
40688
40697
40704
40713
40721
40730
40737
40746
40753
40763
40770
40779
40786
40795
40802
40812
40819
40828
40835
40844
40851
40861
40868
40877
40884
40893
40900
40910
40917
40926
40933
40943
40950
40959
40967
40976
40984
40993
41000
41010
41017
41027
41034
41043
41051
41060
41068
41077
41084
41094
41101
41111
41118
41127
41135
41144
41151
41161
41168
41178
41185
41194
41202
41211
41219
41228
41235
41245
41252
41262
41280
41297
41316
41333
41352
41368
41387
41404
41423
41440
41458
41475
41494
41511
41530
41546
41565
41582
41601
41618
41631
41642
41655
41666
41680
41691
41704
41715
41729
41740
41753
41764
41778
41789
41802
41813
41827
41838
41851
41862
41876
41887
41900
41911
41925
41936
41949
41960
41969
41977
41987
41994
42004
42012
42022
42029
42039
42047
42056
42064
42074
42082
42091
42099
42109
42116
42126
42134
42144
42151
42161
42169
42178
42186
42196
42204
42213
42221
42231
42238
42248
42256
42266
42273
42283
42291
42300
42310
42318
42328
42336
42346
42354
42364
42373
42383
42391
42401
42409
42419
42427
42437
42446
42456
42464
42474
42482
42492
42500
42511
42519
42529
42537
42547
42555
42565
42573
42584
42592
42602
42610
42620
42628
42638
42659
42678
42700
42719
42741
42760
42782
42801
42822
42842
42863
42883
42904
42924
42945
42965
42986
42996
43004
43014
43022
43033
43041
43051
43059
43069
43078
43088
43096
43106
43114
43125
43133
43143
43151
43161
43170
43180
43188
43198
43206
43217
43225
43235
43243
43253
43262
43272
43280
43290
43298
43309
43317
43327
43340
43351
43364
43375
43388
43399
43412
43423
43436
43447
43460
43471
43484
43496
43509
43520
43533
43544
43557
43568
43581
43592
43605
43616
43629
43640
43653
43665
43673
43680
43689
43696
43705
43712
43721
43728
43737
43744
43753
43760
43769
43776
43785
43792
43801
43807
43816
43823
43832
43839
43848
43855
43864
43871
43880
43887
43896
43903
43912
43919
43928
43935
43943
43950
43959
43966
43975
43982
43991
43998
44007
44023
44038
44055
44070
44087
44102
44119
44134
44151
44166
44183
44198
44215
44230
44247
44262
44279
44294
44311
44326
44343
44358
44369
44379
44391
44400
44412
44422
44434
44443
44455
44465
44476
44486
44498
44508
44519
44529
44541
44551
44562
44572
44584
44593
44605
44615
44627
44636
44648
44658
44669
44679
44691
44701
44722
44741
44762
44781
44802
44822
44843
44862
44883
44902
44923
44943
44964
44983
45004
45023
45044
45064
45078
45091
45105
45118
45132
45145
45160
45172
45187
45199
45214
45227
45241
45254
45268
45281
45296
45308
45323
45335
45350
45362
45377
45390
45404
45419
45432
45448
45461
45476
45490
45505
45519
45534
45547
45563
45576
45592
45605
45620
45634
45649
45662
45678
45691
45707
45720
45735
45749
45764
45778
45794
45808
45824
45838
45854
45868
45884
45898
45914
45928
45944
45958
45974
45988
46004
46017
46033
46047
46063
46077
46093
46106
46118
46132
46143
46157
46169
46182
46194
46208
46220
46233
46245
46259
46270
46284
46296
46310
46321
46335
46347
46360
46372
46386
46398
46411
46423
46437
46448
46456
46462
46470
46476
46485
46491
46499
46505
46513
46520
46528
46534
46542
46549
46557
46563
46571
46577
46586
46592
46600
46606
46615
46621
46629
46635
46643
46650
46658
46664
46672
46679
46687
46693
46701
46707
46716
46722
46730
46736
46745
46751
46759
46765
46773
46780
46788
46799
46808
46819
46828
46839
46848
46859
46868
46879
46889
46900
46909
46920
46929
46940
46949
46960
46969
46980
46990
47001
47010
47021
47030
47041
47050
47061
47070
47081
47091
47102
47111
47122
47131
47143
47153
47165
47176
47188
47198
47211
47221
47233
47244
47256
47266
47279
47289
47301
47311
47324
47334
47346
47357
47369
47379
47392
47402
47414
47425
47437
47447
47459
47470
47482
47490
47497
47505
47512
47520
47527
47535
47542
47550
47557
47565
47572
47581
47587
47596
47602
47611
47617
47626
47632
47641
47647
47656
47663
47671
47678
47686
47693
47701
47708
47716
47723
47731
47738
47746
47753
47762
47768
47777
47783
47792
47798
47807
47813
47822
47828
47837
47845
47854
47862
47871
47879
47889
47896
47906
47913
47923
47930
47940
47948
47957
47965
47974
47982
47991
47999
48009
48016
48026
48033
48043
48051
48060
48068
48077
48085
48094
48102
48112
48119
48129
48136
48146
48153
48163
48171
48184
48195
48209
48220
48234
48245
48259
48270
48284
48295
48309
48320
48333
48345
48358
48370
48383
48395
48408
48420
48433
48445
48458
48470
48483
48494
48508
48519
48529
48541
48551
48563
48573
48585
48595
48607
48616
48628
48638
48650
48660
48672
48682
48694
48704
48715
48725
48737
48747
48759
48769
48781
48791
48803
48812
48824
48834
48846
48856
48864
48870
48878
48884
48893
48899
48907
48913
48921
48928
48936
48942
48950
48957
48965
48971
48979
48985
48994
49000
49008
49014
49022
49029
49037
49043
49051
49058
49066
49072
49080
49086
49095
49101
49109
49115
49123
49130
49138
49144
49152
49159
49167
49173
49181
49187
49196
49205
49212
49222
49229
49238
49246
49255
49263
49272
49279
49289
49296
49306
49313
49322
49330
49339
49347
49356
49363
49373
49380
49390
49397
49406
49414
49423
49431
49440
49447
49457
49464
49474
49481
49490
49498
49507
49515
49524
49531
49541
49558
49573
49590
49606
49623
49638
49655
49671
49688
49703
49721
49736
49753
49768
49786
49801
49818
49834
49851
49866
49883
49893
49902
49913
49921
49932
49941
49952
49960
49971
49980
49991
49999
50010
50019
50030
50038
50049
50058
50069
50077
50088
50097
50108
50116
50127
50136
50147
50155
50166
50175
50186
50194
50205
50214
50225
