7
12
19
25
32
37
45
50
57
63
70
75
83
88
95
101
108
113
121
126
133
139
146
151
159
164
171
177
184
189
196
202
209
214
222
227
234
240
247
252
260
265
272
278
285
290
298
303
310
316
323
328
336
341
348
354
361
367
372
379
384
391
396
403
408
415
420
427
432
439
444
451
456
463
468
475
480
487
492
499
503
510
515
522
527
534
539
546
551
558
563
570
575
582
587
594
599
606
611
618
623
630
635
642
646
653
658
665
670
677
682
689
694
701
706
713
718
725
730
737
742
749
754
761
766
773
778
785
789
796
801
808
813
820
825
832
837
844
849
856
861
868
875
881
889
894
902
908
916
921
929
935
943
948
956
962
970
975
983
989
997
1002
1010
1016
1024
1029
1037
1043
1051
1056
1064
1070
1078
1083
1091
1097
1105
1110
1118
1124
1132
1137
1145
1151
1159
1164
1172
1178
1186
1191
1199
1205
1213
1218
1226
1232
1239
1246
1252
1260
1266
1274
1280
1287
1293
1301
1307
1315
1321
1329
1334
1342
1348
1356
1362
1370
1376
1383
1389
1397
1403
1411
1417
1425
1430
1438
1444
1452
1458
1466
1472
1479
1485
1493
1499
1507
1513
1520
1526
1534
1540
1548
1554
1559
1566
1571
1578
1583
1590
1595
1602
1607
1614
1619
1626
1631
1638
1643
1650
1655
1661
1666
1673
1678
1685
1690
1697
1702
1709
1714
1721
1726
1733
1738
1745
1750
1757
1762
1769
1773
1780
1785
1792
1797
1804
1809
1816
1821
1828
1833
1840
1845
1852
1857
1864
1869
1876
1881
1887
1892
1899
1904
1911
1916
1923
1928
1935
1940
1947
1952
1959
1964
1971
1976
1983
1988
1994
1999
2006
2011
2018
2023
2030
2035
2042
2047
2054
2059
2066
2074
2080
2088
2094
2103
2109
2117
2123
2132
2138
2146
2152
2161
2167
2175
2181
2190
2196
2204
2210
2219
2225
2233
2239
2248
2254
2262
2268
2277
2283
2291
2297
2305
2312
2320
2326
2334
2341
2349
2355
2363
2370
2378
2384
2392
2399
2407
2413
2421
2428
2436
2442
2450
2457
2465
2471
2479
2486
2494
2500
2508
2515
2523
2529
2537
2543
2552
2559
2564
2571
2576
2583
2588
2595
2600
2607
2612
2619
2624
2631
2636
2643
2648
2655
2660
2667
2672
2679
2684
2691
2696
2703
2708
2715
2721
2728
2733
2740
2745
2752
2757
2764
2769
2776
2781
2788
2793
2800
2805
2812
2817
2824
2829
2836
2841
2848
2853
2860
2865
2872
2877
2884
2890
2897
2902
2909
2914
2921
2926
2933
2938
2945
2950
2957
2962
2969
2974
2981
2986
2993
2998
3005
3010
3017
3022
3029
3034
3041
3046
3054
3059
3066
3072
3077
3084
3089
3096
3101
3108
3113
3120
3125
3131
3136
3143
3148
3155
3160
3167
3172
3179
3184
3191
3195
3202
3207
3214
3219
3226
3231
3238
3243
3250
3254
3261
3266
3273
3278
3285
3290
3297
3302
3309
3314
3320
3325
3332
3337
3344
3349
3356
3361
3368
3373
3379
3384
3391
3396
3403
3408
3415
3420
3427
3432
3439
3443
3450
3455
3462
3467
3474
3479
3486
3491
3498
3503
3509
3514
3521
3526
3533
3538
3545
3550
3557
3562
3568
3573
3580
3587
3593
3601
3607
3615
3620
3628
3634
3642
3648
3655
3661
3669
3675
3683
3688
3696
3702
3710
3716
3723
3729
3737
3743
3751
3756
3764
3770
3778
3784
3792
3797
3805
3811
3819
3825
3832
3838
3846
3852
3860
3865
3873
3879
3887
3893
3900
3906
3914
3920
3928
3933
3941
3947
3956
3962
3971
3977
3986
3992
4001
4007
4016
4022
4031
4037
4046
4052
4061
4067
4076
4082
4091
4097
4106
4112
4121
4127
4136
4142
4151
4157
4166
4172
4181
4187
4196
4202
4210
4217
4225
4232
4240
4247
4255
4262
4268
4273
4280
4285
4292
4297
4304
4309
4316
4321
4328
4333
4340
4345
4352
4357
4364
4369
4376
4381
4388
4393
4400
4405
4412
4417
4424
4429
4436
4441
4448
4453
4460
4465
4472
4477
4484
4489
4496
4501
4508
4513
4520
4525
4532
4537
4544
4549
4556
4561
4568
4573
4580
4585
4592
4597
4604
4609
4616
4621
4628
4633
4640
4645
4652
4657
4664
4669
4676
4681
4688
4693
4700
4705
4712
4717
4724
4729
4736
4744
4751
4760
4767
4776
4783
4792
4799
4808
4815
4824
4831
4840
4847
4856
4863
4872
4879
4888
4895
4904
4911
4920
4927
4936
4943
4952
4959
4968
4975
4984
4991
5000
5007
5016
5023
5032
5039
5048
5055
5064
5071
5080
5087
5096
5103
5112
5119
5128
5135
5141
5148
5154
5161
5167
5174
5180
5187
5193
5200
5206
5213
5219
5226
5232
5240
5245
5253
5258
5266
5271
5279
5284
5292
5297
5305
5310
5318
5323
5331
5337
5344
5350
5357
5363
5370
5376
5383
5389
5396
5402
5409
5415
5422
5428
5436
5441
5449
5454
5462
5467
5475
5480
5488
5493
5501
5508
5513
5520
5525
5532
5538
5545
5550
5557
5562
5570
5575
5582
5587
5594
5599
5607
5612
5619
5624
5631
5637
5644
5649
5656
5661
5668
5674
5681
5686
5693
5698
5706
5711
5718
5723
5730
5735
5743
5748
5755
5760
5767
5773
5780
5785
5792
5797
5804
5810
5817
5822
5829
5836
5841
5849
5854
5861
5867
5874
5880
5887
5892
5900
5905
5912
5918
5925
5931
5938
5943
5951
5956
5963
5969
5976
5982
5989
5994
6002
6007
6014
6020
6027
6033
6040
6045
6053
6058
6065
6071
6078
6084
6091
6096
6104
6109
6116
6122
6129
6135
6142
6147
6155
6160
6167
6173
6180
6186
6193
6198
6206
6211
6218
6224
6231
6237
6244
6249
6257
6262
6269
6275
6283
6290
6298
6305
6313
6320
6328
6335
6343
6350
6358
6365
6373
6380
6388
6395
6403
6410
6419
6425
6434
6440
6449
6455
6464
6470
6479
6485
6494
6500
6509
6515
6524
6530
6539
6546
6554
6561
6569
6576
6584
6591
6598
6603
6610
6615
6622
6627
6634
6639
6646
6651
6658
6663
6671
6676
6683
6688
6695
6700
6707
6712
6719
6724
6731
6736
6743
6749
6756
6761
6768
6773
6780
6785
6792
6797
6804
6809
6816
6822
6829
6834
6841
6846
6853
6858
6865
6870
6877
6882
6889
6894
6902
6907
6914
6919
6926
6931
6938
6943
6950
6955
6962
6967
6974
6980
6987
6992
6999
7004
7011
7016
7023
7028
7035
7040
7047
7053
7060
7065
7072
7078
7085
7090
7097
7103
7110
7115
7122
7128
7135
7140
7147
7153
7160
7165
7172
7178
7185
7190
7198
7203
7210
7215
7223
7228
7235
7240
7248
7253
7260
7265
7273
7278
7285
7290
7298
7303
7310
7316
7323
7328
7335
7341
7348
7353
7360
7366
7373
7378
7385
7391
7399
7405
7414
7420
7428
7435
7443
7450
7458
7464
7473
7479
7488
7494
7502
7509
7517
7524
7532
7538
7547
7553
7561
7568
7576
7583
7591
7597
7606
7612
7621
7627
7635
7642
7650
7657
7665
7671
7680
7686
7694
7701
7709
7716
7724
7730
7739
7745
7754
7760
7768
7775
7783
7790
7798
7804
7813
7819
7827
7834
7842
7849
7856
7862
7870
7876
7884
7890
7897
7903
7911
7917
7925
7931
7938
7944
7952
7958
7966
7972
7979
7985
7993
7999
8007
8013
8021
8026
8034
8040
8048
8054
8062
8067
8075
8081
8089
8095
8103
8108
8116
8122
8130
8136
8144
8150
8157
8163
8171
8177
8185
8191
8198
8204
8212
8218
8226
8232
8239
8245
8253
8259
8267
8273
8281
8286
8294
8300
8308
8314
8322
8327
8335
8341
8348
8353
8360
8366
8373
8378
8386
8391
8398
8403
8411
8416
8423
8429
8436
8441
8448
8454
8461
8466
8474
8479
8486
8491
8499
8504
8511
8517
8524
8529
8536
8542
8549
8554
8562
8567
8574
8579
8587
8592
8599
8605
8612
8617
8624
8630
8637
8642
8650
8655
8662
8667
8675
8680
8687
8693
8700
8708
8715
8723
8730
8738
8745
8753
8760
8768
8775
8783
8790
8798
8805
8813
8820
8829
8835
8844
8850
8859
8865
8874
8880
8889
8895
8904
8910
8919
8925
8934
8941
8949
8956
8964
8971
8979
8986
8994
9001
9009
9016
9024
9031
9039
9046
9055
9061
9070
9076
9085
9091
9100
9106
9115
9121
9130
9136
9145
9151
9160
9167
9175
9182
9190
9197
9202
9209
9215
9222
9227
9234
9240
9247
9252
9259
9265
9272
9277
9284
9290
9297
9302
9309
9315
9322
9327
9335
9340
9347
9352
9360
9365
9372
9377
9385
9390
9397
9402
9410
9415
9422
9427
9435
9440
9447
9453
9460
9465
9472
9478
9485
9490
9497
9503
9510
9515
9523
9530
9539
9546
9555
9562
9571
9578
9587
9593
9602
9609
9618
9625
9634
9641
9650
9657
9666
9672
9681
9688
9697
9704
9713
9720
9729
9736
9745
9751
9760
9767
9776
9783
9792
9799
9808
9815
9824
9833
9840
9849
9856
9865
9872
9881
9888
9897
9904
9913
9920
9929
9936
9945
9953
9962
9969
9978
9985
9994
10001
10010
10017
10026
10033
10042
10049
10058
10065
10074
10082
10091
10098
10107
10114
10123
10130
10139
10146
10155
10162
10169
10174
10181
10186
10193
10198
10205
10211
10218
10223
10230
10235
10242
10247
10254
10260
10267
10272
10279
10284
10291
10296
10303
10309
10316
10321
10328
10333
10340
10345
10352
10358
10365
10370
10377
10382
10389
10394
10402
10407
10414
10419
10426
10431
10438
10443
10451
10456
10463
10468
10475
10480
10487
10492
10500
10505
10512
10517
10524
10529
10536
10541
10549
10554
10561
10566
10573
10578
10585
10591
10598
10603
10610
10615
10622
10627
10634
10640
10647
10652
10659
10666
10672
10680
10686
10694
10700
10708
10714
10722
10728
10736
10742
10750
10756
10764
10770
10778
10784
10792
10798
10806
10812
10820
10826
10834
10840
10848
10854
10862
10868
10876
10882
10890
10896
10904
10910
10918
10924
10932
10938
10946
10952
10960
10966
10974
10980
10988
10994
11002
11008
11016
11022
11030
11036
11044
11050
11058
11064
11072
11078
11086
11092
11100
11106
11114
11120
11128
11134
11141
11146
11153
11159
11166
11171
11178
11184
11191
11196
11204
11209
11216
11221
11229
11234
11241
11246
11254
11259
11266
11272
11279
11284
11291
11297
11304
11309
11317
11322
11329
11334
11342
11347
11354
11359
11367
11372
11379
11385
11392
11397
11404
11410
11417
11422
11429
11435
11442
11447
11455
11460
11467
11472
11480
11485
11492
11498
11506
11512
11520
11526
11534
11540
11548
11554
11562
11568
11576
11582
11590
11596
11604
11610
11618
11624
11632
11638
11646
11653
11661
11667
11675
11681
11689
11695
11703
11709
11717
11723
11731
11737
11745
11751
11759
11765
11773
11779
11787
11793
11801
11808
11816
11822
11830
11836
11844
11850
11858
11864
11872
11878
11886
11892
11900
11906
11914
11920
11928
11934
11942
11948
11957
11963
11971
11977
11985
11991
11999
12005
12013
12019
12027
12033
12041
12047
12055
12061
12069
12075
12083
12089
12097
12103
12111
12117
12125
12132
12140
12146
12154
12160
12168
12174
12182
12188
12196
12202
12210
12216
12224
12230
12238
12244
12252
12258
12266
12272
12280
12286
12294
12301
12309
12315
12323
12329
12337
12343
12351
12357
12365
12371
12379
12386
12394
12400
12408
12415
12423
12429
12437
12444
12452
12458
12467
12473
12481
12487
12496
12502
12510
12516
12525
12531
12539
12545
12554
12560
12568
12575
12583
12589
12597
12604
12612
12618
12626
12633
12641
12647
12656
12662
12670
12676
12685
12691
12699
12705
12714
12720
12727
12732
12739
12745
12752
12757
12765
12770
12777
12782
12790
12795
12802
12808
12815
12820
12828
12833
12840
12845
12853
12858
12865
12871
12878
12883
12890
12896
12903
12908
12916
12921
12928
12934
12941
12946
12953
12959
12966
12971
12979
12984
12991
12997
13004
13009
13016
13022
13029
13034
13042
13047
13054
13059
13067
13072
13079
13086
13092
13100
13106
13114
13120
13128
13134
13142
13148
13156
13162
13170
13176
13184
13190
13198
13204
13212
13218
13226
13232
13240
13246
13254
13260
13268
13274
13281
13287
13295
13301
13309
13315
13323
13329
13337
13343
13351
13357
13365
13371
13379
13385
13393
13399
13407
13414
13420
13427
13433
13440
13446
13453
13459
13466
13472
13480
13485
13493
13498
13506
13511
13519
13524
13532
13537
13545
13551
13558
13564
13571
13577
13584
13590
13597
13603
13610
13616
13624
13629
13637
13642
13650
13655
13663
13668
13676
13681
13689
13695
13702
13708
13715
13721
13728
13734
13741
13747
13754
13760
13768
13773
13781
13786
13794
13799
13807
13812
13820
13825
13833
13839
13846
13853
13858
13865
13871
13878
13883
13890
13896
13903
13908
13916
13921
13928
13933
13941
13946
13953
13958
13966
13971
13978
13984
13991
13996
14003
14009
14016
14021
14029
14034
14041
14046
14054
14059
14066
14071
14079
14084
14091
14097
14104
14109
14116
14122
14129
14134
14141
14147
14154
14159
14167
14172
14179
14184
14192
14197
14204
14210
14217
14222
14229
14236
14241
14249
14254
14261
14267
14274
14279
14287
14292
14300
14305
14312
14318
14325
14330
14338
14343
14351
14356
14363
14369
14376
14381
14389
14394
14401
14407
14414
14420
14427
14432
14440
14445
14452
14458
14465
14471
14478
14483
14491
14496
14503
14509
14516
14521
14529
14534
14542
14547
14554
14560
14567
14572
14580
14585
14593
14598
14605
14611
14618
14623
14631
14636
14644
14649
14656
14662
14669
14674
14680
14685
14692
14697
14704
14708
14715
14720
14727
14732
14739
14743
14750
14755
14762
14767
14773
14778
14785
14790
14797
14802
14808
14813
14820
14825
14832
14836
14843
14848
14855
14860
14867
14871
14878
14883
14890
14895
14901
14906
14913
14918
14925
14930
14936
14941
14948
14953
14960
14964
14971
14976
14983
14988
14995
14999
15006
15011
15018
15023
15029
15034
15041
15046
15053
15060
15065
15072
15077
15084
15090
15097
15102
15109
15114
15122
15127
15134
15139
15146
15152
15159
15164
15171
15176
15184
15189
15196
15201
15208
15213
15221
15226
15233
15238
15245
15251
15258
15263
15270
15275
15283
15288
15295
15300
15307
15313
15320
15325
15332
15337
15345
15350
15357
15362
15369
15374
15382
15387
15394
15399
15406
15412
15419
15424
15431
15436
15444
15449
15456
15461
15468
15474
15481
15487
15492
15499
15504
15511
15516
15523
15528
15535
15540
15547
15552
15559
15564
15571
15576
15583
15587
15594
15599
15606
15611
15618
15623
15630
15635
15642
15647
15654
15659
15666
15671
15678
15683
15690
15694
15701
15706
15713
15718
15725
15730
15737
15742
15749
15754
15761
15766
15773
15778
15785
15790
15797
15801
15808
15813
15820
15825
15832
15837
15844
15849
15856
15861
15868
15873
15880
15885
15892
15897
15903
15908
15915
15920
15927
15932
15939
15944
15951
15956
15964
15971
15980
15986
15995
16002
16011
16017
16026
16033
16042
16048
16057
16064
16072
16079
16088
16095
16103
16110
16119
16126
16134
16141
16150
16157
16165
16172
16181
16187
16196
16203
16212
16218
16227
16234
16243
16249
16258
16265
16274
16280
16289
16296
16304
16311
16320
16328
16334
16342
16348
16356
16362
16370
16376
16384
16390
16398
16404
16412
16418
16426
16432
16440
16446
16454
16460
16468
16474
16482
16488
16496
16502
16510
16516
16524
16530
16538
16544
16552
16558
16566
16572
16580
16586
16595
16601
16609
16615
16623
16629
16637
16643
16651
16657
16665
16671
16679
16685
16693
16699
16707
16713
16721
16727
16735
16741
16749
16755
16763
16769
16777
16783
16791
16797
16805
16811
16818
16824
16832
16837
16845
16851
16858
16864
16872
16877
16885
16891
16898
16904
16912
16917
16925
16931
16938
16944
16952
16957
16965
16971
16978
16984
16992
16997
17005
17011
17018
17024
17032
17037
17045
17051
17058
17064
17072
17077
17085
17091
17098
17104
17112
17117
17125
17131
17138
17144
17152
17157
17165
17171
17178
17184
17192
17197
17205
17211
17218
17224
17232
17237
17245
17251
17258
17266
17272
17281
17287
17296
17302
17311
17317
17326
17332
17341
17347
17356
17362
17371
17377
17385
17392
17400
17407
17415
17422
17430
17437
17445
17452
17460
17467
17475
17482
17490
17496
17505
17511
17520
17526
17535
17541
17550
17556
17565
17571
17580
17586
17595
17602
17608
17616
17622
17630
17636
17643
17649
17657
17663
17671
17677
17684
17690
17698
17704
17712
17718
17725
17731
17739
17745
17753
17759
17766
17772
17780
17786
17794
17800
17807
17813
17821
17827
17835
17841
17848
17854
17862
17868
17876
17882
17890
17895
17903
17909
17917
17923
17930
17935
17942
17948
17955
17960
17967
17973
17980
17985
17992
17998
18005
18010
18017
18023
18030
18035
18042
18048
18055
18060
18068
18073
18080
18085
18093
18098
18105
18110
18118
18123
18130
18135
18143
18148
18155
18160
18168
18173
18180
18186
18193
18198
18205
18211
18218
18223
18230
18236
18243
18248
18255
18261
18268
18273
18280
18286
18293
18298
18306
18311
18318
18323
18331
18336
18343
18348
18356
18364
18371
18380
18387
18396
18403
18412
18419
18428
18435
18444
18451
18459
18466
18475
18482
18491
18498
18507
18514
18523
18530
18539
18546
18555
18561
18570
18577
18586
18593
18602
18609
18618
18625
18634
18641
18650
18656
18665
18672
18681
18688
18697
18704
18713
18720
18728
18734
18742
18749
18757
18763
18772
18778
18786
18793
18801
18807
18816
18822
18830
18837
18845
18851
18860
18866
18874
18880
18889
18895
18903
18910
18918
18924
18933
18939
18947
18954
18962
18968
18977
18983
18991
18998
19006
19012
19020
19027
19035
19041
19050
19056
19064
19071
19079
19085
19094
19100
19108
19115
19123
19129
19138
19144
19152
19159
19167
19173
19181
19188
19196
19202
19211
19218
19224
19232
19238
19245
19251
19259
19265
19273
19278
19286
19292
19300
19306
19313
19319
19327
19333
19341
19346
19354
19360
19368
19374
19381
19387
19395
19401
19409
19414
19422
19428
19436
19442
19449
19455
19463
19469
19477
19482
19490
19496
19504
19509
19517
19523
19531
19537
19544
19550
19558
19564
19572
19577
19585
19591
19599
19605
19612
19618
19626
19632
19640
19648
19655
19664
19671
19680
19687
19696
19703
19712
19719
19728
19735
19744
19751
19760
19767
19776
19783
19791
19798
19807
19814
19823
19830
19839
19846
19855
19862
19871
19878
19887
19894
19903
19910
19919
19926
19935
19941
19950
19957
19966
19973
19982
19989
19998
20005
20014
20021
20030
20038
20045
20053
20060
20068
20075
20084
20090
20099
20105
20114
20121
20129
20136
20144
20151
20160
20166
20175
20181
20190
20197
20205
20212
20220
20227
20236
20242
20251
20257
20266
20273
20281
20288
20296
20303
20312
20318
20327
20333
20342
20348
20357
20364
20372
20379
20387
20394
20403
20409
20418
20424
20433
20440
20448
20455
20463
20470
20479
20485
20494
20500
20509
20515
20520
20527
20532
20539
20544
20551
20556
20563
20568
20575
20580
20586
20591
20598
20603
20610
20615
20622
20627
20634
20639
20646
20651
20657
20662
20669
20674
20681
20686
20693
20698
20705
20710
20717
20722
20728
20733
20740
20745
20752
20757
20764
20769
20776
20781
20788
20793
20799
20804
20811
20816
20823
20828
20835
20840
20847
20852
20859
20864
20870
20875
20882
20887
20894
20899
20906
20911
20918
20923
20930
20935
20941
20946
20953
20960
20965
20973
20978
20986
20991
20998
21004
21011
21017
21024
21030
21037
21042
21050
21055
21063
21068
21075
21081
21088
21094
21101
21107
21114
21119
21127
21132
21140
21145
21153
21158
21165
21171
21178
21184
21191
21196
21204
21209
21217
21222
21230
21235
21242
21248
21255
21261
21268
21274
21281
21286
21294
21299
21307
21315
21321
21330
21336
21345
21351
21359
21366
21374
21381
21389
21396
21404
21410
21419
21425
21434
21440
21449
21455
21463
21470
21478
21485
21493
21500
21508
21514
21523
21529
21538
21544
21553
21559
21567
21574
21582
21589
21597
21604
21612
21618
21627
21633
21641
21647
21655
21661
21669
21675
21683
21689
21697
21703
21712
21718
21726
21732
21740
21746
21754
21760
21768
21774
21782
21789
21797
21803
21811
21817
21825
21831
21839
21845
21853
21859
21868
21874
21882
21888
21896
21902
21910
21916
21924
21930
21938
21945
21953
21959
21967
21973
21981
21987
21995
22001
22009
22015
22024
22030
22038
22044
22052
22058
22066
22072
22080
22086
22093
22099
22106
22112
22119
22125
22132
22138
22145
22151
22158
22164
22171
22177
22184
22190
22197
22203
22210
22216
22223
22229
22236
22242
22249
22255
22262
22268
22275
22281
22288
22294
22301
22307
22314
22320
22327
22333
22340
22346
22353
22359
22366
22372
22379
22385
22392
22398
22405
22411
22418
22424
22431
22437
22444
22450
22457
22463
22470
22476
22483
22489
22496
22503
22509
22517
22523
22530
22536
22544
22550
22557
22563
22571
22577
22584
22590
22598
22604
22611
22617
22625
22631
22638
22644
22652
22658
22666
22671
22679
22685
22693
22698
22706
22712
22720
22725
22733
22739
22747
22752
22760
22766
22774
22779
22787
22793
22801
22806
22814
22820
22828
22834
22841
22847
22855
22861
22868
22874
22882
22888
22895
22901
22909
22915
22922
22928
22936
22942
22949
22955
22963
22971
22977
22985
22992
23000
23006
23015
23021
23029
23035
23044
23050
23058
23065
23073
23079
23087
23094
23102
23108
23117
23123
23131
23137
23146
23152
23160
23167
23175
23181
23189
23196
23204
23210
23219
23225
23233
23239
23248
23254
23262
23269
23277
23283
23291
23298
23306
23312
23321
23327
23335
23341
23350
23356
23364
23371
23379
23385
23390
23397
23402
23409
23414
23421
23426
23432
23437
23444
23449
23456
23461
23468
23473
23480
23484
23491
23496
23503
23508
23515
23520
23527
23532
23538
23543
23550
23555
23562
23567
23574
23579
23585
23590
23597
23602
23609
23614
23621
23626
23633
23637
23644
23649
23656
23661
23668
23673
23680
23685
23691
23696
23703
23708
23715
23720
23727
23732
23738
23743
23750
23755
23762
23767
23774
23779
23786
23792
23800
23806
23814
23820
23828
23834
23842
23848
23856
23862
23870
23876
23884
23890
23898
23904
23912
23918
23926
23932
23940
23946
23954
23960
23968
23974
23982
23988
23996
24002
24010
24016
24024
24030
24038
24044
24052
24058
24066
24072
24080
24086
24094
24100
24108
24114
24122
24128
24136
24142
24149
24154
24161
24166
24174
24179
24186
24191
24198
24204
24211
24216
24223
24228
24236
24241
24248
24253
24261
24266
24273
24278
24285
24291
24298
24303
24310
24315
24323
24328
24335
24340
24347
24353
24360
24365
24372
24378
24385
24390
24397
24402
24410
24415
24422
24427
24434
24440
24447
24452
24459
24464
24472
24477
24484
24489
24497
24502
24509
24514
24521
24527
24534
24539
24546
24551
24557
24562
24569
24574
24581
24586
24593
24598
24605
24610
24617
24622
24629
24634
24641
24646
24653
24658
24665
24670
24677
24682
24689
24694
24701
24706
24713
24717
24724
24729
24736
24741
24748
24753
24760
24765
24772
24777
24784
24789
24796
24801
24808
24813
24820
24825
24832
24837
24844
24849
24856
24861
24868
24873
24880
24884
24891
24896
24903
24908
24915
24920
24927
24932
24939
24944
24951
24956
24963
24968
24975
24980
24987
24992
24999
25004
25011
25016
25023
25028
25035
25040
25048
25055
25064
25071
25080
25087
25096
25102
25111
25118
25127
25134
25143
25150
25159
25165
25174
25181
25190
25197
25206
25213
25222
25228
25237
25244
25253
25260
25269
25276
25285
25291
25300
25307
25316
25323
25332
25339
25348
25354
25363
25370
25379
25386
25395
25402
25411
25417
25426
25433
25442
25449
25458
25465
25474
25480
25489
25496
25505
25512
25521
25528
25537
25544
25553
25560
25569
25576
25585
25592
25601
25608
25618
25625
25634
25641
25650
25657
25666
25673
25682
25689
25698
25705
25714
25721
25731
25738
25747
25754
25763
25770
25779
25786
25795
25802
25811
25818
25827
25834
25844
25852
25859
25867
25874
25883
25889
25898
25905
25913
25920
25929
25935
25944
25950
25959
25966
25974
25981
25990
25996
26005
26012
26020
26027
26035
26042
26051
26057
26066
26073
26081
26088
26097
26103
26112
26118
26127
26134
26142
26149
26158
26164
26173
26180
26188
26195
26204
26210
26219
26225
26232
26238
26245
26251
26258
26264
26271
26277
26285
26290
26298
26303
26311
26316
26324
26330
26337
26343
26350
26356
26363
26369
26377
26382
26390
26395
26403
26408
26416
26422
26429
26435
26442
26448
26455
26461
26469
26474
26482
26487
26495
26500
26508
26513
26521
26527
26534
26540
26547
26553
26560
26566
26574
26579
26587
26592
26600
26605
26613
26619
26626
26632
26639
26645
26652
26658
26666
26671
26679
26685
26690
26697
26702
26709
26714
26721
26726
26733
26738
26744
26749
26756
26761
26768
26773
26780
26785
26792
26797
26804
26808
26815
26820
26827
26832
26839
26844
26851
26856
26863
26868
26874
26879
26886
26891
26898
26903
26910
26915
26922
26927
26934
26938
26945
26950
26957
26962
26969
26974
26981
26986
26993
26998
27004
27009
27016
27021
27028
27033
27040
27045
27052
27057
27064
27068
27075
27080
27087
27092
27099
27104
27111
27116
27125
27132
27141
27148
27157
27164
27173
27180
27189
27196
27205
27212
27221
27228
27237
27245
27254
27261
27270
27277
27286
27293
27302
27309
27318
27325
27334
27341
27350
27357
27366
27374
27383
27390
27399
27406
27415
27422
27431
27438
27447
27455
27461
27469
27475
27483
27489
27497
27503
27511
27517
27525
27531
27539
27545
27553
27559
27567
27573
27581
27587
27595
27601
27609
27616
27624
27630
27638
27644
27652
27658
27666
27672
27680
27686
27694
27700
27708
27714
27722
27728
27736
27742
27750
27756
27764
27770
27778
27785
27793
27799
27807
27813
27821
27827
27835
27841
27849
27855
27863
27869
27877
27883
27891
27897
27905
27913
27920
27929
27935
27944
27951
27960
27966
27975
27982
27990
27997
28006
28013
28021
28028
28037
28043
28052
28059
28068
28074
28083
28090
28099
28105
28114
28121
28129
28136
28145
28152
28160
28167
28176
28182
28191
28198
28207
28213
28222
28229
28238
28244
28253
28260
28268
28275
28284
28291
28299
28306
28315
28321
28330
28337
28346
28352
28361
28368
28377
28383
28392
28399
28406
28412
28419
28425
28432
28438
28446
28451
28459
28464
28472
28478
28485
28491
28498
28504
28512
28517
28525
28530
28538
28544
28551
28557
28564
28570
28578
28583
28591
28596
28604
28609
28617
28623
28630
28636
28643
28649
28657
28662
28670
28675
28683
28689
28696
28702
28709
28715
28723
28728
28736
28741
28749
28755
28762
28768
28775
28781
28789
28794
28802
28807
28815
28820
28828
28834
28841
28847
28854
28860
28868
28873
28881
28886
28894
28900
28907
28915
28921
28930
28936
28945
28951
28960
28966
28974
28981
28989
28996
29004
29011
29019
29026
29034
29040
29049
29055
29064
29070
29079
29085
29093
29100
29108
29115
29123
29130
29138
29145
29153
29159
29168
29174
29183
29189
29198
29204
29213
29219
29227
29234
29242
29249
29257
29264
29272
29278
29287
29293
29302
29308
29317
29323
29332
29338
29346
29353
29361
29368
29375
29381
29388
29394
29401
29407
29414
29420
29427
29433
29440
29446
29453
29459
29466
29472
29479
29485
29492
29498
29505
29511
29518
29524
29531
29537
29544
29550
29557
29563
29570
29576
29583
29589
29597
29602
29610
29615
29623
29628
29636
29641
29649
29654
29662
29667
29675
29680
29688
29693
29701
29706
29714
29719
29727
29732
29740
29745
29752
29757
29764
29769
29776
29782
29789
29794
29801
29806
29813
29819
29826
29831
29838
29843
29850
29856
29863
29868
29875
29880
29887
29893
29900
29905
29912
29917
29925
29930
29937
29942
29949
29954
29962
29967
29974
29979
29986
29991
29999
30004
30011
30016
30023
30028
30036
30041
30048
30053
30060
30065
30073
30078
30085
30090
30097
30103
30110
30115
30122
30127
30134
30140
30147
30152
30159
30164
30171
30177
30184
30189
30196
30201
30208
30214
30221
30226
30233
30242
30249
30258
30265
30274
30281
30290
30297
30306
30313
30322
30329
30338
30345
30354
30361
30370
30377
30386
30393
30402
30409
30418
30425
30434
30441
30451
30458
30467
30474
30483
30490
30499
30506
30515
30522
30531
30538
30547
30554
30563
30570
30579
30586
30595
30602
30611
30618
30627
30634
30643
30650
30659
30667
30676
30683
30692
30699
30708
30715
30720
30727
30732
30739
30744
30751
30756
30763
30769
30776
30781
30788
30793
30800
30805
30812
30817
30824
30830
30837
30842
30849
30854
30861
30866
30873
30878
30885
30891
30898
30903
30910
30915
30922
30927
30934
30939
30946
30952
30959
30964
30971
30976
30983
30988
30995
31000
31007
31013
31020
31025
31032
31037
31044
31049
31056
31061
31068
31074
31081
31086
31093
31098
31105
31110
31117
31122
31129
31135
31142
31147
31154
31159
31166
31171
31178
31183
31190
31195
31202
31207
31215
31220
31227
31232
31240
31245
31252
31257
31264
31270
31277
31282
31289
31295
31302
31307
31314
31320
31327
31332
31339
31344
31352
31357
31364
31369
31377
31382
31389
31394
31402
31407
31414
31419
31426
31432
31439
31444
31451
31457
31464
31469
31476
31482
31489
31494
31501
31506
31514
31519
31526
31531
31539
31544
31551
31559
31565
31573
31579
31587
31593
31601
31607
31615
31621
31629
31635
31643
31649
31657
31663
31671
31677
31685
31691
31699
31705
31713
31720
31728
31734
31742
31748
31756
31762
31770
31776
31784
31790
31798
31804
31812
31818
31826
31832
31840
31846
31854
31860
31868
31874
31882
31889
31897
31903
31911
31917
31925
31931
31939
31945
31953
31959
31967
31973
31981
31987
31995
32001
32009
32015
32023
32030
32035
32042
32047
32055
32060
32067
32072
32079
32085
32092
32097
32104
32110
32117
32122
32129
32134
32142
32147
32154
32159
32167
32172
32179
32184
32191
32197
32204
32209
32216
32222
32229
32234
32241
32246
32254
32259
32266
32271
32279
32284
32291
32296
32303
32309
32316
32321
32328
32334
32341
32346
32353
32358
32366
32371
32378
32383
32391
32396
32403
32408
32415
32421
32428
32433
32440
32446
32453
32458
32465
32470
32478
32483
32490
32497
32503
32511
32517
32525
32531
32539
32545
32552
32558
32566
32572
32580
32586
32594
32600
32608
32613
32621
32627
32635
32641
32649
32655
32663
32669
32676
32682
32690
32696
32704
32710
32718
32724
32732
32737
32745
32751
32759
32765
32773
32779
32787
32793
32800
32807
32813
32821
32826
32834
32840
32847
32853
32861
32866
32874
32880
32887
32893
32901
32906
32914
32920
32927
32933
32941
32946
32954
32960
32967
32973
32981
32986
32994
33000
33007
33013
33021
33026
33034
33040
33047
33053
33061
33066
33074
33080
33087
33093
33101
33106
33114
33120
33127
33133
33141
33146
33154
33160
33167
33173
33181
33186
33194
33200
33207
33213
33221
33226
33234
33240
33247
33253
33261
33266
33274
33280
33286
33291
33298
33303
33310
33315
33322
33327
33334
33339
33346
33351
33358
33363
33370
33375
33382
33387
33394
33399
33406
33411
33418
33423
33430
33435
33442
33447
33454
33459
33466
33471
33478
33483
33490
33495
33502
33507
33514
33519
33526
33530
33537
33542
33549
33554
33561
33566
33573
33578
33585
33590
33597
33602
33609
33614
33621
33626
33633
33638
33645
33650
33657
33662
33669
33674
33681
33686
33693
33698
33705
33710
33717
33723
33730
33736
33743
33749
33756
33762
33770
33775
33783
33788
33796
33801
33809
33814
33822
33828
33835
33841
33848
33854
33861
33867
33874
33880
33888
33893
33901
33906
33914
33919
33927
33932
33940
33946
33953
33959
33966
33972
33979
33985
33992
33998
34006
34011
34019
34024
34032
34037
34045
34050
34058
34064
34071
34077
34084
34090
34097
34103
34110
34116
34124
34129
34137
34144
34149
34156
34161
34168
34173
34180
34185
34193
34198
34205
34210
34217
34222
34229
34234
34241
34247
34254
34259
34266
34271
34278
34283
34290
34296
34303
34308
34315
34320
34327
34332
34339
34344
34352
34357
34364
34369
34376
34381
34388
34393
34400
34406
34413
34418
34425
34430
34437
34442
34449
34455
34462
34467
34474
34479
34486
34491
34498
34503
34511
34516
34523
34528
34535
34540
34547
34552
34560
34568
34574
34583
34589
34598
34604
34613
34619
34627
34634
34642
34649
34657
34664
34672
34679
34687
34693
34702
34708
34717
34723
34732
34738
34747
34753
34761
34768
34776
34783
34791
34798
34806
34813
34821
34827
34836
34842
34851
34857
34866
34872
34881
34887
34895
34902
34910
34917
34925
34932
34940
34947
34955
34961
34970
34976
34985
34992
34997
35004
35009
35016
35021
35028
35034
35041
35046
35053
35058
35065
35070
35078
35083
35090
35095
35102
35107
35114
35120
35127
35132
35139
35144
35151
35156
35164
35169
35176
35181
35188
35193
35200
35206
35213
35218
35225
35230
35237
35242
35250
35255
35262
35267
35274
35279
35286
35292
35299
35304
35311
35316
35323
35328
35336
35341
35348
35356
35362
35370
35377
35385
35391
35400
35406
35414
35420
35429
35435
35443
35450
35458
35464
35473
35479
35487
35493
35502
35508
35516
35523
35531
35537
35545
35552
35560
35566
35575
35581
35589
35596
35604
35610
35618
35625
35633
35639
35648
35654
35662
35668
35677
35683
35691
35698
35706
35713
35722
35728
35737
35744
35752
35759
35768
35774
35783
35790
35798
35805
35814
35820
35829
35836
35845
35851
35860
35867
35875
35882
35891
35897
35906
35913
35921
35928
35937
35943
35952
35959
35968
35974
35983
35990
35998
36005
36014
36020
36029
36036
36043
36048
36055
36060
36067
36072
36079
36085
36092
36097
36104
36109
36116
36121
36128
36134
36141
36146
36153
36158
36165
36170
36178
36183
36190
36195
36202
36207
36214
36219
36227
36232
36239
36244
36251
36256
36263
36269
36276
36281
36288
36293
36300
36305
36312
36318
36325
36330
36337
36342
36349
36354
36361
36367
36374
36379
36386
36391
36398
36403
36411
36416
36425
36432
36441
36448
36457
36464
36473
36480
36489
36496
36505
36512
36521
36528
36538
36545
36554
36561
36570
36577
36586
36593
36602
36609
36618
36625
36634
36641
36651
36658
36667
36674
36683
36690
36699
36706
36715
36722
36731
36738
36747
36754
36764
36771
36780
36787
36796
36803
36812
36819
36828
36835
36844
36851
36860
36867
36876
36884
36893
36901
36907
36915
36922
36930
36936
36944
36951
36959
36965
36973
36980
36988
36994
37002
37009
37017
37023
37031
37038
37046
37052
37060
37067
37075
37081
37090
37096
37104
37110
37119
37125
37133
37139
37148
37154
37162
37168
37177
37183
37191
37197
37206
37212
37220
37226
37235
37243
37250
37259
37266
37275
37281
37290
37297
37306
37313
37322
37328
37337
37344
37353
37360
37369
37375
37384
37391
37400
37407
37416
37422
37431
37438
37447
37454
37463
37469
37478
37485
37494
37501
37509
37516
37525
37532
37541
37548
37556
37563
37572
37578
37583
37590
37595
37602
37606
37613
37618
37625
37630
37637
37641
37648
37653
37660
37665
37672
37676
37683
37688
37695
37700
37707
37711
37718
37723
37730
37735
37742
37746
37753
37758
37765
37770
37777
37781
37788
37793
37800
37805
37812
37816
37823
37828
37835
37840
37847
37851
37858
37863
37870
37875
37882
37886
37893
37898
37905
37910
37917
37924
37930
37938
37943
37951
37957
37965
37970
37978
37984
37992
37997
38005
38011
38019
38024
38032
38038
38046
38051
38059
38065
38072
38078
38086
38092
38099
38105
38113
38119
38126
38132
38140
38146
38153
38159
38167
38173
38180
38186
38194
38199
38207
38213
38221
38226
38234
38240
38248
38253
38261
38267
38275
38280
38288
38294
38302
38307
38315
38321
38329
38334
38342
38348
38355
38361
38369
38375
38382
38388
38395
38401
38408
38414
38421
38427
38435
38440
38448
38453
38461
38467
38474
38480
38487
38493
38500
38506
38514
38519
38527
38532
38540
38546
38553
38559
38566
38572
38579
38585
38593
38598
38606
38611
38619
38625
38632
38638
38645
38651
38659
38664
38672
38677
38685
38690
38698
38704
38711
38717
38724
38730
38738
38743
38751
38756
38764
38769
38777
38783
38790
38796
38803
38809
38817
38822
38829
38834
38841
38846
38853
38858
38865
38870
38878
38883
38890
38895
38902
38907
38914
38919
38927
38932
38939
38944
38951
38956
38963
38968
38975
38981
38988
38993
39000
39005
39012
39017
39024
39030
39037
39042
39049
39054
39061
39066
39073
39079
39086
39091
39098
39103
39110
39115
39122
39127
39135
39140
39147
39152
39159
39164
39171
39176
39184
39189
39196
39201
39208
39213
39220
39225
39232
39238
39245
39250
39257
39262
39269
39274
39281
39287
39294
39299
39306
39311
39318
39326
39333
39342
39349
39358
39365
39374
39381
39390
39397
39406
39413
39422
39429
39438
39445
39454
39461
39470
39477
39486
39493
39502
39509
39518
39525
39534
39541
39550
39557
39566
39573
39582
39589
39598
39605
39614
39621
39630
39637
39646
39653
39662
39669
39678
39685
39694
39701
39710
39717
39726
39733
39742
39749
39756
39762
39770
39775
39783
39789
39796
39802
39810
39815
39823
39829
39836
39842
39850
39855
39863
39869
39876
39882
39890
39895
39903
39909
39917
39922
39930
39936
39943
39949
39957
39962
39970
39976
39983
39989
39997
40002
40010
40016
40023
40029
40037
40042
40050
40056
40064
40069
40077
40083
40090
40096
40104
40109
40117
40123
40130
40136
40144
40149
40157
40163
40170
40176
40184
40189
40197
40203
40211
40218
40223
40230
40236
40243
40248
40255
40261
40268
40273
40280
40286
40293
40298
40305
40311
40318
40323
40330
40336
40343
40348
40355
40361
40368
40373
40381
40386
40393
40398
40406
40411
40418
40423
40431
40436
40443
40448
40456
40461
40468
40473
40481
40486
40493
40498
40506
40511
40518
40523
40531
40536
40543
40549
40556
40561
40568
40574
40581
40586
40593
40599
40606
40611
40618
40624
40631
40636
40643
40649
40656
40661
40668
40674
40681
40686
40694
40699
40706
40713
40719
40727
40732
40740
40746
40753
40759
40767
40772
40780
40786
40793
40799
40807
40813
40820
40826
40834
40839
40847
40853
40860
40866
40874
40879
40887
40893
40900
40906
40914
40920
40927
40933
40941
40946
40954
40960
40967
40973
40981
40986
40994
41000
41008
41013
41021
41027
41034
41040
41048
41053
41061
41067
41074
41079
41086
41091
41098
41103
41110
41116
41123
41128
41135
41140
41147
41152
41159
41165
41172
41177
41184
41189
41196
41201
41208
41214
41221
41226
41233
41238
41245
41250
41257
41263
41270
41275
41282
41287
41294
41299
41306
41312
41319
41324
41331
41336
41343
41348
41355
41361
41368
41373
41380
41385
41392
41397
41404
41410
41417
41422
41429
41434
41441
41446
41453
41459
41466
41471
41478
41483
41490
41495
41502
41508
41515
41520
41527
41532
41539
41544
41552
41558
41567
41573
41582
41588
41596
41603
41611
41618
41626
41632
41641
41647
41656
41662
41671
41677
41685
41692
41700
41707
41715
41721
41730
41736
41745
41751
41759
41766
41774
41781
41789
41796
41804
41810
41819
41825
41834
41840
41848
41855
41863
41870
41878
41884
41893
41899
41908
41914
41922
41928
41936
41942
41950
41956
41964
41971
41979
41985
41993
41999
42007
42013
42022
42028
42036
42042
42050
42056
42064
42071
42079
42085
42093
42099
42107
42113
42122
42128
42136
42142
42150
42156
42164
42170
42179
42185
42193
42199
42207
42213
42221
42228
42235
42240
42248
42253
42260
42266
42273
42279
42286
42292
42298
42305
42311
42318
42324
42330
42337
42343
42350
42356
42362
42369
42375
42382
42388
42394
42401
42407
42414
42420
42426
42433
42439
42446
42452
42458
42465
42471
42478
42484
42490
42497
42503
42510
42516
42522
42529
42535
42542
42548
42554
42561
42567
42574
42580
42586
42593
42599
42606
42612
42618
42625
42631
42638
42644
42650
42657
42663
42670
42676
42682
42689
42695
42702
42710
42716
42725
42731
42740
42746
42755
42761
42769
42776
42784
42791
42799
42806
42814
42821
42829
42835
42844
42850
42859
42865
42874
42880
42889
42895
42903
42910
42918
42925
42933
42940
42948
42955
42963
42969
42978
42984
42993
42999
43008
43014
43023
43029
43037
43044
43052
43059
43067
43074
43082
43089
43097
43103
43112
43118
43127
43133
43142
43148
43157
43163
43171
43178
43185
43190
43197
43203
43210
43215
43223
43228
43235
43240
43248
43253
43260
43266
43273
43278
43286
43291
43298
43303
43311
43316
43323
43329
43336
43341
43349
43354
43361
43366
43374
43379
43386
43392
43399
43404
43412
43417
43424
43429
43437
43442
43449
43455
43462
43467
43475
43480
43487
43492
43500
43505
43512
43518
43525
43530
43538
43546
43552
43560
43566
43574
43581
43589
43595
43603
43609
43617
43624
43632
43638
43646
43652
43661
43667
43675
43681
43689
43695
43704
43710
43718
43724
43732
43738
43747
43753
43761
43767
43775
43782
43790
43796
43804
43810
43818
43825
43833
43839
43847
43853
43861
43868
43876
43882
43890
43896
43905
43911
43919
43925
43933
43939
43948
43954
43962
43968
43976
43982
43991
43997
44005
44011
44019
44026
44034
44040
44048
44055
44063
44070
44079
44085
44094
44100
44109
44116
44124
44131
44140
44146
44155
44161
44170
44177
44185
44192
44200
44207
44216
44222
44231
44238
44246
44253
44261
44268
44277
44283
44292
44299
44307
44314
44322
44329
44338
44344
44353
44360
44367
44376
44382
44391
44398
44406
44413
44421
44428
44437
44443
44452
44459
44467
44474
44482
44489
44497
44504
44512
44519
44527
44534
44542
44549
44557
44564
44572
44579
44587
44594
44602
44609
44618
44624
44633
44639
44648
44654
44663
44669
44678
44684
44693
44699
44708
44714
44723
44730
44738
44745
44753
44760
44768
44775
44783
44790
44798
44805
44813
44820
44828
44835
44844
44850
44859
44865
44874
44880
44889
44895
44904
44910
44919
44925
44934
44940
44949
44956
44964
44971
44976
44983
44989
44996
45001
45009
45014
45021
45027
45034
45039
45046
45052
45059
45064
45072
45077
45084
45090
45097
45102
45109
45115
45122
45127
45135
45140
45147
45153
45160
45165
45172
45178
45185
45190
45198
45203
45210
45216
45223
45228
45236
45241
45248
45253
45261
45266
45273
45279
45286
45291
45299
45304
45311
45317
45322
45329
45334
45341
45346
45353
45358
45364
45369
45376
45381
45388
45393
45400
45405
45412
45416
45423
45428
45435
45440
45447
45452
45459
45464
45470
45475
45482
45487
45494
45499
45506
45511
45518
45522
45529
45534
45541
45546
45553
45558
45565
45570
45576
45581
45588
45593
45600
45605
45612
45617
45624
45628
45635
45640
45648
45654
45662
45668
45677
45683
45691
45697
45706
45712
45720
45726
45735
45741
45749
45755
45764
45770
45778
45784
45792
45799
45807
45813
45821
45828
45836
45842
45850
45857
45865
45871
45879
45886
45894
45900
45908
45915
45923
45929
45937
45943
45952
45958
45966
45972
45981
45987
45995
46001
46010
46016
46024
46030
46039
46045
46053
46059
46068
46074
46082
46088
46096
46103
46111
46118
46123
46130
46136
46143
46148
46156
46161
46168
46173
46181
46186
46193
46199
46206
46211
46219
46224
46231
46236
46244
46249
46256
46262
46269
46274
46281
46287
46294
46299
46307
46312
46319
46325
46332
46337
46344
46350
46357
46362
46370
46375
46382
46388
46395
46400
46407
46413
46420
46425
46433
46438
46445
46450
46458
46467
46474
46483
46490
46499
46506
46515
46522
46531
46538
46547
46554
46563
46570
46579
46586
46595
46602
46611
46618
46628
46635
46644
46651
46660
46667
46676
46683
46692
46699
46708
46715
46724
46731
46740
46747
46756
46763
46772
46779
46788
46796
46805
46812
46821
46828
46837
46844
46853
46860
46869
46876
46885
46892
46901
46908
46917
46925
46931
46939
46946
46954
46960
46969
46975
46983
46990
46998
47004
47013
47019
47027
47033
47042
47048
47056
47063
47071
47077
47086
47092
47100
47107
47115
47121
47129
47136
47144
47150
47159
47165
47173
47180
47188
47194
47203
47209
47217
47223
47232
47238
47245
47251
47258
47264
47272
47277
47285
47291
47298
47304
47312
47317
47325
47331
47338
47344
47352
47357
47365
47371
47378
47384
47392
47397
47405
47411
47418
47424
47432
47437
47445
47451
47458
47464
47472
47477
47485
47491
47498
47504
47512
47517
47525
47531
47538
47544
47552
47557
47565
47571
47578
47584
47592
47597
47605
47611
47618
47624
47632
47637
47645
47651
47658
47664
47672
47677
47685
47691
47698
47704
47712
47717
47725
47731
47738
47744
47752
47759
47765
47773
47779
47786
47792
47800
47806
47813
47819
47827
47833
47840
47846
47854
47860
47867
47873
47881
47887
47894
47900
47908
47914
47921
47927
47935
47941
47948
47954
47962
47968
47975
47981
47989
47995
48002
48008
48016
48022
48030
48035
48043
48049
48057
48062
48070
48076
48084
48089
48097
48104
48109
48116
48121
48128
48133
48140
48145
48152
48157
48164
48169
48176
48181
48188
48193
48200
48205
48212
48217
48224
48229
48236
48242
48249
48254
48261
48266
48273
48278
48285
48290
48297
48302
48309
48314
48321
48326
48333
48338
48345
48350
48357
48362
48369
48374
48381
48387
48394
48399
48406
48411
48418
48423
48430
48435
48442
48447
48454
48459
48466
48471
48478
48486
48492
48500
48506
48514
48520
48528
48534
48542
48549
48557
48563
48571
48577
48585
48591
48599
48605
48613
48620
48628
48634
48642
48648
48656
48662
48670
48676
48685
48691
48699
48705
48713
48719
48727
48733
48741
48747
48756
48762
48770
48776
48784
48790
48798
48804
48812
48819
48827
48833
48841
48847
48855
48861
48869
48875
48883
48890
48898
48904
48912
48918
48926
48932
48940
48948
48955
48964
48971
48980
48986
48995
49002
49011
49018
49026
49033
49042
49049
49058
49065
49073
49080
49089
49096
49105
49111
49120
49127
49136
49143
49152
49158
49167
49174
49183
49190
49198
49205
49214
49221
49230
49237
49245
49252
49261
49268
49277
49283
49292
49299
49308
49315
49324
49330
49339
49346
49355
49362
49370
49377
49386
49393
49401
49407
49415
49421
49430
49436
49444
49450
49459
49465
49473
49479
49487
49494
49502
49508
49516
49523
49531
49537
49545
49552
49560
49566
49574
49580
49589
49595
49603
49609
49618
49624
49632
49638
49647
49653
49661
49667
49675
49682
49690
49696
49704
49711
49719
49725
49733
49739
49748
49754
49762
49768
49777
49783
49791
49797
49806
49812
49820
49826
49834
49841
49849
49855
49863
49870
49878
49884
49892
49899
49907
49913
49921
49927
49935
49941
49949
49955
49963
49969
49977
49984
49992
49998
50006
50012
50020
50026
50034
50040
50048
50054
50062
50069
50077
50083
50091
50097
50105
50111
50119
50125
50133
50139
50147
50154
50162
50168
50176
50182
50190
50196
50204
50210
50218
50224
50232
50239
50247
50253
50261
50267
50275
50281
50289
50295
50303
50309
50317
50324
50332
50338
50347
50353
50361
50368
50376
50382
50391
50397
50406
50412
50420
50427
50435
50441
50450
50456
50464
50471
50479
50486
50494
50500
50509
50515
50523
50530
50538
50544
50553
50559
50568
50574
50582
50589
50597
50603
50612
50618
50627
50633
50641
50648
50655
50660
50668
50673
50680
50686
50693
50698
50706
50711
50718
50724
50731
50736
50744
50749
50756
50762
50769
50774
50782
50787
50794
50800
50807
50812
50820
50825
50833
50838
50845
50851
50858
50863
50871
50876
50883
50889
50896
50901
50909
50914
50921
50927
50934
50939
50947
50952
50959
50967
50974
50983
50990
50999
51006
51015
51022
51031
51038
51047
51054
51063
51070
51079
51086
51095
51102
51110
51117
51126
51133
51142
51149
51158
51165
51174
51181
51190
51197
51206
51213
51222
51229
51238
51245
51254
51260
51269
51276
51285
51291
51296
51303
51308
51315
51320
51327
51332
51339
51344
51351
51356
51363
51368
51374
51379
51386
51391
51398
51403
51410
51415
51422
51427
51434
51439
51446
51451
51458
51462
51469
51474
51481
51486
51493
51498
51505
51510
51517
51522
51529
51534
51541
51545
51552
51557
51564
51569
51576
51581
51588
51593
51600
51605
51612
51617
51624
51629
51635
51640
51647
51652
51659
51664
51671
51676
51683
51688
51695
51700
51707
51714
51719
51726
51731
51739
51744
51751
51756
51764
51769
51776
51781
51789
51794
51801
51806
51814
51819
51826
51831
51839
51844
51851
51856
51864
51869
51876
51881
51888
51894
51901
51906
51913
51919
51926
51931
51938
51944
51951
51956
51963
51969
51976
51981
51988
51994
52001
52006
52013
52019
52026
52031
52038
52043
52051
52056
52063
52068
52076
52081
52088
52093
52101
52107
52115
52122
52130
52136
52144
52151
52159
52165
52173
52180
52188
52194
52202
52209
52217
52223
52232
52238
52246
52252
52261
52267
52275
52281
52290
52296
52304
52310
52319
52325
52333
52339
52348
52354
52362
52369
52377
52383
52391
52398
52406
52412
52420
52427
52435
52441
52449
52456
52464
52470
52478
52485
52493
52499
52508
52514
52522
52529
52534
52541
52546
52553
52558
52565
52570
52577
52582
52589
52594
52601
52606
52613
52618
52625
52630
52637
52643
52650
52655
52662
52667
52674
52679
52686
52691
52698
52703
52710
52715
52722
52727
52734
52739
52746
52751
52759
52764
52771
52776
52783
52788
52795
52800
52807
52812
52819
52824
52831
52836
52843
52848
52855
52860
52867
52872
52880
52885
52892
52897
52904
52909
52916
52921
52928
52935
52940
52947
52952
52959
52964
52971
52976
52983
52988
52995
53000
53007
53013
53020
53025
53032
53037
53044
53049
53056
53061
53068
53073
53080
53085
53093
53098
53105
53110
53117
53122
53129
53134
53141
53146
53153
53158
53165
53171
53178
53183
53190
53195
53202
53207
53214
53219
53226
53231
53238
53243
53251
53256
53263
53268
53275
53280
53287
53292
53299
53304
53311
53318
53323
53330
53335
53342
53348
53355
53360
53367
53372
53380
53385
53392
53397
53404
53409
53417
53422
53429
53434
53441
53447
53454
53459
53466
53471
53479
53484
53491
53496
53503
53508
53516
53521
53528
53533
53540
53546
53553
53558
53565
53570
53577
53583
53590
53595
53602
53607
53615
53620
53627
53633
53640
53646
53654
53659
53667
53672
53680
53686
53693
53699
53707
53712
53720
53725
53733
53739
53746
53752
53760
53765
53773
53778
53786
53792
53799
53805
53813
53818
53826
53831
53839
53845
53852
53858
53866
53871
53879
53884
53892
53898
53905
53911
53919
53924
53932
53937
53945
53951
53958
53964
53971
53977
53985
53990
53998
54004
54011
54017
54024
54030
54038
54043
54051
54057
54064
54070
54077
54083
54091
54096
54104
54110
54117
54123
54129
54134
54141
54146
54153
54158
54165
54170
54177
54182
54188
54193
54200
54205
54212
54217
54224
54229
54236
54241
54248
54252
54259
54264
54271
54276
54283
54288
54295
54300
54307
54312
54318
54323
54330
54335
54342
54347
54354
54359
54366
54371
54378
54382
54389
54394
54401
54406
54413
54418
54425
54430
54437
54442
54448
54453
54460
54465
54472
54477
54484
54489
54496
54501
54508
54512
54519
54524
54531
54536
54543
54548
54555
54560
54567
54572
54578
54583
54590
54595
54602
54607
54614
54620
54625
54632
54637
54644
54649
54656
54661
54668
54673
54680
54685
54692
54697
54703
54708
54715
54720
54727
54732
54739
54744
54751
54756
54763
54768
54775
54780
54786
54791
54798
54803
54810
54815
54822
54827
54834
54839
54846
54851
54858
54863
54869
54874
54881
54886
54893
54898
54905
54910
54917
54922
54929
54934
54941
54949
54955
54963
54969
54977
54983
54991
54998
55006
55012
55020
55026
55034
55041
55048
55056
55062
55070
55076
55084
55091
55098
55106
55112
55120
55126
55134
55141
55148
55156
55162
55170
55176
55184
55191
55198
55206
55212
55220
55226
55234
55241
55248
55256
55262
55270
55276
55284
55291
55298
55306
55312
55320
55326
55334
55341
55348
55356
55362
55370
55376
55384
55391
55398
55406
55412
55419
55425
55432
55438
55445
55451
55459
55464
55472
55477
55485
55490
55498
55504
55511
55517
55524
55530
55537
55543
55551
55556
55564
55569
55577
55583
55590
55596
55603
55609
55616
55622
55630
55635
55643
55648
55656
55662
55668
55676
55681
55689
55694
55702
55708
55715
55721
55728
55734
55741
55747
55755
55760
55768
55774
55783
55789
55797
55804
55812
55819
55827
55833
55842
55848
55856
55863
55871
55878
55886
55892
55901
55907
55916
55922
55930
55937
55945
55952
55959
55967
55974
55982
55988
55997
56003
56012
56018
56026
56033
56041
56048
56055
56063
56070
56078
56084
56093
56099
56108
56114
56122
56129
56137
56144
56151
56159
56166
56174
56180
56189
56195
56204
56210
56217
56223
56230
56236
56243
56249
56256
56262
56269
56275
56282
56288
56295
56301
56308
56314
56321
56327
56334
56340
56347
56353
56360
56366
56373
56379
56386
56392
56399
56405
56412
56418
56425
56431
56438
56444
56451
56457
56464
56470
56477
56483
56490
56496
56504
56509
56517
56522
56530
56535
56543
56548
56556
56561
56569
56574
56582
56587
56595
56600
56608
56613
56621
56626
56634
56642
56649
56658
56665
56674
56680
56689
56696
56705
56712
56721
56727
56736
56743
56752
56759
56768
56774
56783
56790
56799
56806
56815
56821
56830
56837
56846
56853
56862
56868
56877
56884
56893
56900
56909
56915
56924
56931
56940
56947
56956
56962
56971
56978
56987
56994
57003
57009
57018
57025
57034
57041
57050
57056
57065
57072
57081
57088
57097
57103
57112
57119
57128
57135
57140
57148
57153
57161
57166
57174
57179
57186
57192
57199
57205
57212
57218
57225
57230
57238
57243
57251
57256
57264
57269
57276
57282
57289
57295
57302
57308
57315
57320
57328
57333
57341
57346
57354
57359
57366
57372
57379
57385
57392
57398
57405
57410
57418
57423
57431
57436
57444
57449
57456
57462
57469
57475
57482
57488
57495
57500
57508
57513
57521
57526
57534
57539
57547
57552
57559
57565
57572
57578
57586
57593
57602
57609
57618
57625
57634
57641
57650
57657
57666
57673
57682
57689
57698
57705
57714
57721
57730
57737
57746
57753
57762
57769
57778
57785
57794
57801
57810
57817
57826
57833
57842
57849
57858
57865
57874
57881
57890
57897
57906
57913
57922
57929
57938
57945
57953
57959
57967
57974
57982
57988
57996
58003
58011
58017
58025
58032
58040
58046
58054
58061
58069
58075
58083
58090
58098
58104
58112
58119
58127
58133
58141
58148
58156
58162
58170
58177
58185
58191
58199
58206
58214
58220
58228
58235
58243
58249
58257
58264
58272
58280
58287
58295
58302
58311
58317
58326
58333
58341
58348
58357
58363
58372
58379
58387
58394
58402
58409
58418
58424
58433
58440
58448
58455
58464
58470
58479
58486
58494
58501
58509
58516
58525
58531
58540
58547
58555
58562
58571
58577
58586
58593
58601
58608
58616
58623
58632
58638
58647
58654
58662
58669
58678
58684
58693
58700
58708
58715
58723
58730
58739
58745
58754
58761
58769
58776
58782
58787
58794
58799
58806
58811
58818
58823
58830
58835
58842
58847
58854
58859
58866
58871
58878
58883
58890
58895
58901
58906
58913
58918
58925
58930
58937
58942
58949
58954
58961
58966
58973
58978
58985
58990
58997
59002
59009
59014
59021
59026
59031
59038
59043
59050
59055
59062
59067
59074
59079
59086
59091
59098
59103
59110
59115
59122
59128
59135
59140
59147
59152
59159
59165
59172
59177
59184
59189
59196
59202
59209
59214
59221
59226
59233
59239
59246
59251
59258
59263
59270
59276
59283
59288
59295
59300
59307
59313
59320
59325
59332
59337
59344
59350
59357
59362
59369
59374
59381
59387
59394
59399
59406
59411
59418
59424
59431
59436
59443
59448
59456
59461
59468
59473
59480
59485
59493
59498
59505
59510
59517
59522
59530
59535
59542
59547
59554
59559
59567
59572
59579
59587
59594
59603
59610
59619
59625
59634
59641
59650
59657
59665
59672
59681
59688
59697
59704
59711
59720
59727
59736
59743
59751
59758
59767
59774
59783
59789
59798
59805
59814
59821
59829
59836
59845
59852
59861
59868
59876
59883
59892
59899
59908
59914
59923
59930
59939
59946
59954
59961
59970
59977
59986
59993
60001
60008
60017
60024
60033
60039
60048
60055
60062
60067
60074
60079
60087
60092
60099
60104
60111
60117
60124
60129
60136
60142
60149
60154
60161
60166
60174
60179
60186
60191
60198
60204
60211
60216
60223
60229
60236
60241
60248
60253
60261
60266
60273
60278
60285
60291
60298
60303
60310
60316
60323
60328
60335
60340
60348
60353
60360
60365
60372
60378
60385
60390
60397
60403
60410
60415
60422
60427
60435
60440
60447
60452
60459
60465
60472
60477
60484
60490
60497
60502
60509
60514
60522
60527
60534
60539
60546
60552
60559
60564
60571
60579
60585
60593
60599
60607
60613
60621
60627
60635
60642
60650
60656
60664
60670
60678
60684
60692
60698
60707
60713
60721
60727
60735
60741
60749
60755
60763
60770
60778
60784
60792
60798
60806
60812
60820
60826
60835
60841
60849
60855
60863
60869
60877
60883
60891
60898
60906
60912
60920
60926
60934
60940
60948
60954
60962
60968
60976
60982
60990
60997
61005
61011
61019
61025
61034
61040
61048
61054
61062
61068
61077
61083
61091
61097
61105
61112
61120
61126
61134
61140
61149
61155
61163
61169
61177
61183
61192
61198
61206
61212
61220
61227
61235
61241
61249
61255
61263
61270
61278
61284
61292
61298
61307
61313
61321
61327
61334
61340
61347
61353
61360
61366
61373
61379
61386
61392
61399
61405
61412
61418
61425
61431
61438
61444
61451
61457
61464
61470
61477
61483
61490
61496
61503
61509
61516
61522
61529
61535
61542
61548
61555
61561
61568
61574
61581
61587
61594
61600
61607
61613
61620
61626
61633
61639
61646
61652
61659
61665
61672
61678
61685
61691
61698
61704
61711
61717
61724
61730
61737
61743
61750
61756
61764
61769
61777
61782
61790
61795
61803
61808
61816
61821
61829
61834
61842
61850
61856
61865
61871
61880
61886
61895
61901
61909
61916
61924
61931
61939
61946
61954
61960
61969
61975
61984
61990
61999
62005
62013
62020
62028
62035
62043
62050
62058
62064
62073
62079
62088
62094
62103
62109
62117
62124
62132
62139
62147
62154
62162
62168
62176
62182
62190
62196
62204
62210
62218
62225
62233
62239
62247
62253
62261
62267
62275
62281
62289
62296
62304
62310
62318
62324
62332
62338
62346
62352
62361
62367
62375
62381
62389
62395
62403
62409
62417
62423
62432
62438
62446
62452
62460
62466
62474
62480
62488
62495
62503
62511
62518
62526
62533
62542
62548
62557
62564
62572
62579
62588
62594
62603
62610
62618
62625
62634
62640
62649
62656
62664
62671
62680
62686
62695
62702
62710
62717
62726
62732
62741
62748
62756
62763
62772
62778
62787
62794
62802
62809
62818
62824
62833
62840
62848
62855
62864
62870
62879
62886
62894
62901
62910
62916
62925
62932
62940
62947
62956
62962
62970
62976
62984
62990
62999
63005
63013
63019
63027
63034
63042
63048
63056
63062
63071
63077
63085
63091
63100
63106
63114
63120
63128
63135
63143
63149
63157
63163
63172
63178
63186
63192
63200
63207
63215
63221
63229
63236
63244
63250
63258
63264
63273
63279
63287
63293
63301
63308
63316
63322
63330
63337
63344
63352
63358
63366
63373
63380
63386
63394
63400
63407
63413
63421
63427
63434
63440
63448
63454
63462
63467
63475
63481
63489
63494
63502
63508
63516
63522
63529
63535
63543
63549
63556
63562
63570
63576
63584
63589
63597
63603
63611
63616
63624
63630
63638
63644
63651
63657
63665
63671
63678
63684
63692
63698
63706
63711
63719
63725
63733
63738
63746
63754
63760
63768
63774
63782
63789
63797
63803
63811
63817
63825
63832
63840
63846
63854
63860
63868
63875
63883
63889
63897
63903
63911
63918
63926
63932
63940
63946
63955
63961
63969
63975
63983
63989
63998
64004
64012
64018
64026
64032
64041
64047
64055
64061
64069
64075
64084
64090
64098
64104
64112
64120
64127
64136
64143
64152
64159
64168
64175
64184
64191
64200
64207
64216
64223
64232
64239
64248
64255
64264
64271
64280
64287
64296
64303
64312
64319
64328
64335
64344
64351
64360
64367
64376
64383
64392
64399
64408
64415
64424
64431
64440
64447
64456
64463
64472
64479
64488
64495
64504
64512
64518
64527
64533
64541
64548
64556
64562
64571
64577
64586
64592
64600
64607
64615
64621
64630
64636
64644
64651
64659
64666
64674
64680
64689
64695
64703
64710
64718
64724
64733
64739
64748
64754
64762
64769
64777
64783
64792
64798
64807
64813
64821
64828
64836
64842
64851
64857
64865
64872
64880
64887
64895
64901
64910
64916
64924
64931
64939
64945
64954
64960
64968
64975
64984
64991
64999
65006
65015
65022
65030
65037
65046
65053
65061
65068
65077
65084
65092
65099
65108
65115
65123
65130
65139
65146
65154
65161
65170
65177
65185
65192
65201
65208
65216
65223
65232
65239
65248
65254
65263
65270
65279
65285
65294
65301
65310
65316
65325
65332
65341
65347
65356
65363
65372
65378
65387
65394
65403
65409
65418
65425
65434
65440
65449
65456
65465
65471
65480
65486
65491
65498
65503
65510
65515
65522
65527
65534
65539
65546
65551
65558
65563
65570
65575
65582
65587
65594
65599
65606
65611
65618
65623
65630
65635
65642
65647
65654
65659
65666
65671
65678
65682
65689
65694
65701
65706
65713
65718
65725
65730
65737
65742
65749
65754
65761
65766
65773
65778
65785
65790
65797
65802
65809
65814
65822
65827
65835
65840
65848
65853
65861
65866
65874
65879
65887
65892
65899
65905
65912
65918
65925
65931
65938
65944
65951
65957
65964
65970
65977
65983
65990
65995
66003
66008
66016
66021
66029
66034
66042
66047
66055
66060
66068
66073
66081
66086
66093
66099
66106
66112
66119
66125
66132
66138
66145
66151
66158
66164
66171
66177
66183
66190
66196
66203
66209
66216
66222
66229
66235
66242
66248
66255
66261
66268
66273
66281
66286
66294
66299
66307
66312
66320
66327
66335
66342
66351
66357
66366
66372
66381
66388
66396
66403
66412
66418
66427
66433
66442
66449
66457
66464
66472
66479
66488
66494
66503
66510
66518
66525
66533
66540
66549
66555
66564
66571
66579
66586
66594
66601
66610
66616
66625
66632
66639
66648
66654
66663
66670
66678
66685
66693
66700
66707
66713
66721
66727
66734
66740
66748
66754
66762
66767
66775
66781
66789
66794
66802
66808
66816
66822
66829
66835
66843
66849
66856
66862
66870
66876
66884
66889
66897
66903
66911
66916
66924
66930
66938
66944
66951
66957
66965
66971
66978
66984
66992
66998
67006
67011
67019
67025
67033
67038
67046
67052
67060
67066
67073
67079
67087
67093
67101
67107
67116
67122
67130
67137
67145
67152
67160
67166
67175
67181
67189
67196
67204
67211
67219
67225
67234
67240
67248
67255
67263
67270
67278
67284
67293
67299
67307
67314
67322
67329
67337
67343
67352
67358
67366
67373
67381
67388
67396
67402
67411
67417
67425
67432
67440
67447
67455
67462
67468
67476
67482
67490
67495
67503
67509
67517
67523
67530
67536
67544
67550
67558
67563
67571
67577
67585
67591
67598
67604
67612
67618
67626
67631
67639
67645
67653
67659
67667
67672
67680
67686
67694
67700
67707
67713
67721
67727
67735
67740
67748
67754
67762
67768
67775
67781
67789
67795
67803
67808
67816
67822
67830
67836
67843
67849
67857
67863
67871
67877
67884
67890
67898
67904
67912
67917
67925
67931
67938
67943
67950
67955
67963
67968
67975
67980
67988
67993
68000
68005
68013
68018
68025
68030
68037
68043
68050
68055
68062
68068
68075
68080
68087
68093
68100
68105
68112
68118
68125
68130
68137
68142
68150
68155
68162
68167
68175
68180
68187
68192
68200
68205
68212
68217
68224
68230
68237
68242
68249
68255
68262
68267
68274
68280
68287
68293
68301
68307
68314
68320
68328
68334
68341
68347
68355
68361
68368
68374
68382
68388
68395
68401
68409
68415
68422
68428
68436
68442
68449
68455
68463
68469
68476
68482
68490
68496
68503
68509
68517
68523
68530
68536
68544
68550
68558
68563
68571
68577
68585
68590
68598
68604
68612
68617
68625
68631
68639
68644
68652
68658
68666
68671
68679
68685
68693
68698
68706
68712
68720
68725
68733
68739
68747
68755
68761
68770
68776
68785
68791
68800
68806
68814
68821
68829
68836
68844
68851
68859
68865
68874
68880
68889
68895
68904
68910
68918
68925
68933
68940
68948
68955
68963
68969
68978
68984
68993
68999
69008
69014
69022
69029
69037
69044
69052
69059
69067
69073
69082
69088
69096
69102
69110
69116
69124
69131
69139
69145
69153
69159
69168
69174
69182
69188
69196
69203
69211
69217
69225
69231
69240
69246
69254
69260
69268
69275
69283
69289
69297
69303
69312
69318
69326
69332
69340
69347
69355
69361
69369
69375
69384
69390
69398
69404
69412
69419
69427
69433
69441
69447
69456
69462
69470
69476
69484
69491
69499
69505
69513
69519
69528
69534
69542
69548
69556
69563
69571
69577
69585
69591
69600
69607
69613
69621
69627
69634
69640
69648
69654
69661
69667
69675
69681
69689
69694
69702
69708
69716
69721
69729
69735
69743
69749
69756
69762
69770
69776
69783
69789
69797
69803
69811
69816
69824
69830
69838
69843
69851
69857
69865
69871
69878
69884
69892
69898
69905
69911
69919
69925
69933
69938
69946
69952
69960
69965
69973
69979
69987
69992
70000
70006
70014
70020
70027
70033
