18
34
52
68
86
102
120
137
155
171
189
205
223
240
257
275
291
309
325
343
360
377
395
411
429
445
463
480
497
515
531
549
565
583
600
617
635
651
669
685
703
720
737
755
768
780
793
805
819
830
844
856
869
881
895
906
920
932
945
957
970
982
996
1007
1021
1033
1046
1058
1072
1083
1097
1109
1122
1134
1147
1159
1173
1184
1198
1210
1223
1235
1249
1260
1274
1286
1299
1311
1325
1336
1350
1361
1375
1387
1400
1412
1426
1437
1451
1460
1467
1476
1483
1492
1499
1508
1515
1524
1531
1540
1547
1556
1563
1572
1579
1588
1595
1604
1611
1620
1627
1636
1644
1653
1660
1669
1676
1685
1692
1701
1708
1717
1724
1733
1740
1749
1756
1765
1772
1781
1788
1797
1804
1813
1820
1830
1837
1846
1853
1862
1869
1878
1885
1894
1901
1910
1917
1926
1933
1942
1949
1958
1965
1974
1981
1990
1997
2006
2014
2023
2030
2039
2046
2055
2062
2071
2078
2087
2094
2103
2110
2119
2126
2140
2153
2168
2181
2196
2209
2224
2237
2252
2265
2280
2293
2308
2321
2336
2348
2363
2376
2391
2404
2419
2432
2447
2460
2475
2488
2503
2516
2531
2544
2559
2571
2586
2599
2614
2627
2642
2655
2670
2683
2698
2711
2726
2739
2754
2767
2782
2794
2809
2822
2837
2850
2865
2878
2893
2900
2906
2914
2920
2928
2934
2942
2948
2956
2962
2970
2976
2984
2990
2998
3004
3012
3018
3026
3032
3040
3046
3054
3060
3068
3074
3082
3088
3096
3102
3110
3116
3124
3130
3138
3144
3152
3158
3166
3172
3180
3186
3194
3200
3208
3214
3222
3228
3236
3242
3250
3256
3264
3270
3278
3284
3292
3298
3306
3312
3320
3326
3334
3340
3348
3354
3361
3367
3375
3381
3389
3395
3403
3409
3417
3423
3431
3437
3445
3451
3459
3465
3473
3479
3487
3493
3501
3507
3515
3521
3529
3535
3543
3549
3557
3563
3571
3577
3585
3591
3599
3605
3613
3619
3627
3633
3641
3649
3655
3664
3670
3679
3685
3694
3700
3708
3715
3723
3730
3738
3745
3753
3759
3768
3774
3783
3789
3798
3804
3812
3819
3827
3834
3842
3849
3857
3863
3872
3878
3887
3893
3902
3908
3916
3923
3931
3938
3946
3953
3961
3967
3976
3982
3991
3997
4006
4012
4020
4027
4035
4042
4050
4057
4065
4071
4080
4086
4095
4101
4110
4116
4124
4131
4139
4146
4154
4161
4169
4175
4184
4190
4199
4205
4214
4220
4228
4235
4243
4250
4258
4265
4273
4280
4288
4294
4303
4309
4318
4324
4333
4339
4347
4354
4362
4369
4377
4384
4392
4398
4407
4413
4424
4433
4445
4454
4466
4475
4487
4496
4508
4517
4529
4538
4550
4559
4570
4580
4591
4601
4612
4622
4633
4643
4654
4664
4675
4685
4696
4705
4717
4726
4738
4747
4759
4768
4780
4789
4801
4810
4822
4831
4842
4852
4863
4873
4884
4894
4905
4915
4926
4936
4947
4957
4968
4977
4989
4998
5010
5019
5031
5040
5052
5061
5073
5082
5094
5103
5111
5118
5127
5134
5143
5149
5158
5165
5174
5181
5190
5196
5205
5212
5221
5228
5236
5243
5252
5259
5268
5275
5283
5290
5299
5306
5315
5322
5330
5337
5346
5353
5362
5368
5377
5384
5393
5400
5409
5415
5424
5431
5440
5447
5456
5462
5471
5478
5487
5494
5502
5509
5518
5525
5534
5541
5549
5556
5565
5572
5581
5588
5596
5603
5612
5619
5628
5634
5643
5650
5659
5666
5675
5681
5690
5697
5706
5713
5721
5728
5737
5744
5753
5760
5768
5775
5784
5791
5800
5807
5815
5825
5834
5844
5853
5863
5872
5883
5891
5902
5910
5921
5930
5940
5949
5959
5968
5978
5987
5998
6006
6017
6025
6036
6045
6055
6064
6074
6083
6093
6102
6113
6121
6132
6140
6151
6160
6170
6179
6189
6198
6208
6217
6228
6236
6247
6255
6266
6275
6285
6294
6304
6313
6323
6332
6343
6351
6362
6370
6381
6390
6400
6409
6419
6428
6439
6447
6458
6466
6477
6485
6496
6505
6515
6524
6534
6543
6554
6562
6573
6581
6594
6605
6619
6630
6644
6655
6669
6680
6694
6705
6719
6730
6744
6755
6769
6780
6794
6805
6819
6830
6843
6855
6868
6880
6893
6905
6918
6930
6943
6955
6968
6980
6993
7005
7018
7030
7043
7055
7068
7079
7093
7104
7118
7129
7143
7154
7168
7179
7193
7204
7218
7229
7243
7254
7268
7279
7292
7304
7318
7330
7343
7355
7369
7381
7395
7406
7420
7432
7446
7458
7471
7483
7497
7509
7523
7534
7548
7560
7574
7586
7599
7611
7625
7637
7651
7662
7676
7688
7702
7713
7727
7739
7753
7765
7778
7790
7804
7816
7830
7841
7855
7867
7881
7893
7906
7918
7932
7944
7952
7959
7968
7974
7983
7990
7998
8005
8014
8020
8029
8036
8044
8051
8060
8067
8075
8082
8091
8097
8106
8113
8121
8128
8137
8144
8151
8160
8167
8175
8182
8191
8197
8206
8213
8221
8228
8237
8244
8251
8260
8267
8275
8282
8291
8297
8306
8313
8321
8328
8337
8344
8351
8360
8367
8375
8382
8391
8397
8406
8413
8421
8428
8437
8444
8451
8460
8467
8475
8482
8491
8497
8506
8513
8521
8528
8537
8544
8551
8560
8567
8575
8582
8591
8597
8606
8615
8622
8631
8639
8648
8655
8665
8672
8681
8688
8698
8705
8714
8722
8731
8738
8747
8755
8764
8771
8781
8788
8797
8804
8814
8821
8830
8838
8847
8854
8863
8871
8880
8887
8897
8904
8913
8920
8930
8937
8946
8954
8963
8970
8979
8987
8996
9003
9013
9020
9029
9036
9046
9053
9062
9070
9079
9086
9095
9103
9112
9119
9129
9136
9145
9152
9162
9169
9178
9186
9195
9202
9211
9219
9228
9235
9245
9252
9261
9268
9278
9285
9295
9304
9314
9323
9333
9342
9352
9361
9371
9380
9390
9399
9409
9418
9428
9437
9448
9456
9467
9475
9486
9494
9505
9513
9524
9532
9543
9551
9562
9570
9581
9590
9600
9609
9619
9628
9638
9647
9657
9666
9676
9685
9695
9704
9714
9723
9733
9742
9753
9761
9772
9780
9791
9799
9810
9818
9829
9837
9848
9856
9867
9875
9886
9895
9905
9914
9924
9933
9943
9952
9962
9971
9981
9990
10002
10012
10024
10034
10047
10057
10069
10079
10092
10102
10114
10124
10136
10147
10159
10169
10181
10192
10204
10214
10226
10236
10249
10259
10271
10281
10294
10304
10316
10326
10338
10349
10361
10371
10383
10394
10406
10416
10428
10439
10451
10461
10473
10483
10496
10506
10518
10528
10541
10551
10563
10573
10585
10596
10608
10618
10630
10641
10649
10655
10663
10669
10677
10683
10691
10697
10705
10711
10719
10725
10733
10739
10748
10754
10762
10768
10776
10782
10790
10796
10804
10810
10818
10824
10832
10838
10847
10853
10861
10867
10875
10881
10889
10895
10903
10909
10917
10923
10931
10937
10946
10952
10960
10966
10974
10980
10988
10994
11002
11008
11016
11022
11030
11036
11045
11051
11059
11065
11073
11079
11087
11093
11101
11107
11115
11121
11129
11135
11144
11150
11158
11164
11172
11178
11186
11192
11200
11206
11214
11220
11228
11234
11243
11249
11257
11263
11271
11277
11285
11291
11299
11305
11315
11324
11335
11344
11355
11364
11375
11384
11395
11404
11415
11424
11435
11444
11455
11463
11474
11483
11494
11503
11514
11523
11534
11543
11554
11563
11574
11583
11594
11603
11613
11622
11633
11642
11653
11662
11673
11682
11693
11702
11713
11722
11733
11742
11753
11761
11772
11781
11792
11801
11812
11821
11832
11841
11852
11861
11872
11881
11892
11901
11911
11920
11931
11940
11951
11960
11971
11980
11991
12000
12014
12027
12042
12055
12070
12082
12097
12110
12125
12138
12153
12165
12180
12193
12208
12221
12236
12248
12263
12276
12291
12304
12318
12331
12346
12359
12374
12387
12401
12414
12429
12442
12457
12470
12484
12497
12512
12525
12540
12552
12567
12580
12595
12608
12623
12635
12650
12663
12678
12691
12706
12718
12728
12736
12747
12755
12765
12774
12784
12792
12803
12811
12821
12830
12840
12848
12859
12867
12877
12886
12896
12904
12915
12923
12933
12942
12952
12960
12971
12979
12989
12998
13008
13016
13027
13035
13045
13054
13064
13072
13083
13091
13101
13110
13120
13128
13139
13147
13157
13166
13176
13184
13195
13203
13213
13222
13232
13240
13251
13259
13269
13278
13288
13296
13307
13315
13326
13334
13344
13353
13363
13371
13382
13390
13400
13409
13419
13427
13439
13450
13463
13473
13486
13497
13509
13520
13533
13543
13556
13567
13580
13590
13603
13614
13626
13637
13650
13660
13673
13684
13697
13707
13720
13731
13743
13754
13767
13777
13790
13801
13813
13824
13837
13848
13860
13871
13884
13894
13907
13918
13930
13941
13954
13965
13977
13988
14001
14011
14024
14035
14047
14058
14071
14081
14094
14105
14118
14128
14141
14152
14164
14175
14188
14196
14203
14211
14218
14226
14233
14242
14248
14257
14263
14272
14279
14287
14294
14302
14309
14317
14324
14333
14339
14348
14354
14363
14370
14378
14385
14393
14400
14408
14415
14424
14430
14439
14445
14454
14461
14469
14476
14484
14491
14499
14506
14515
14521
14530
14536
14545
14552
14560
14567
14575
14582
14591
14597
14606
14612
14621
14627
14636
14643
14651
14658
14666
14673
14682
14688
14697
14703
14712
14718
14727
14734
14742
14749
14757
14764
14773
14779
14788
14794
14803
14809
14818
14825
14833
14840
14848
14859
14869
14880
14890
14901
14911
14922
14932
14943
14953
14964
14974
14985
14995
15006
15016
15027
15037
15048
15058
15069
15079
15090
15100
15111
15121
15132
15142
15153
15163
15174
15184
15195
15205
15216
15226
15237
15247
15258
15268
15279
15289
15300
15310
15321
15331
15342
15352
15363
15373
15384
15394
15405
15415
15426
15436
15447
15457
15468
15478
15489
15499
15510
15520
15532
15541
15553
15560
15566
15574
15580
15587
15593
15601
15607
15615
15620
15628
15634
15642
15648
15655
15661
15669
15675
15683
15688
15696
15702
15710
15716
15723
15729
15737
15743
15751
15756
15764
15770
15778
15784
15791
15797
15805
15811
15819
15824
15832
15838
15846
15852
15859
15865
15873
15879
15887
15892
15900
15906
15914
15920
15927
15933
15941
15947
15955
15960
15968
15974
15982
15988
15995
16001
16009
16015
16023
16028
16036
16042
16050
16056
16063
16069
16077
16083
16091
16096
16104
16110
16118
16124
16131
16137
16145
16151
16159
16164
16172
16178
16186
16192
16199
16205
16213
16222
16230
16239
16247
16257
16264
16274
16282
16291
16299
16308
16316
16326
16333
16343
16351
16360
16368
16377
16385
16395
16402
16412
16420
16429
16437
16446
16454
16464
16471
16481
16489
16498
16506
16515
16523
16533
16540
16550
16558
16567
16575
16584
16592
16602
16609
16619
16627
16636
16644
16653
16661
16671
16678
16688
16696
16705
16713
16722
16730
16740
16747
16757
16765
16774
16782
16792
16799
16809
16816
16826
16834
16843
16851
16861
16868
16880
16891
16904
16915
16928
16939
16952
16963
16976
16987
17000
17010
17023
17034
17047
17058
17071
17082
17095
17106
17119
17130
17143
17153
17166
17177
17190
17201
17214
17225
17238
17249
17262
17273
17286
17296
17309
17320
17333
17344
17357
17368
17381
17392
17405
17416
17429
17439
17452
17463
17476
17487
17500
17511
17524
17535
17548
17559
17572
17582
17595
17606
17619
17630
17637
17642
17649
17654
17661
17666
17674
17679
17686
17691
17698
17703
17711
17716
17723
17728
17735
17740
17748
17753
17760
17765
17772
17777
17785
17790
17797
17802
17809
17814
17822
17827
17834
17839
17846
17851
17859
17864
17871
17876
17883
17888
17896
17901
17908
17913
17920
17925
17933
17938
17945
17950
17957
17962
17969
17975
17982
17987
17994
17999
18006
18012
18019
18024
18031
18036
18043
18049
18056
18061
18068
18073
18080
18086
18093
18098
18105
18110
18117
18123
18130
18135
18142
18147
18154
18160
18167
18172
18179
18184
18191
18197
18204
18209
18216
18221
18228
18234
18241
18246
18253
18258
18265
18270
18278
18283
18290
18295
18302
18307
18315
18320
18327
18332
18339
18351
18361
18373
18384
18396
18406
18418
18429
18441
18451
18463
18474
18486
18496
18509
18519
18531
18541
18554
18564
18576
18586
18599
18609
18621
18631
18644
18654
18666
18677
18689
18699
18711
18722
18734
18744
18756
18767
18779
18789
18801
18812
18824
18834
18847
18857
18869
18879
18892
18902
18914
18924
18937
18947
18959
18969
18982
18992
19004
19015
19027
19037
19049
19060
19072
19082
19094
19105
19112
19118
19125
19131
19138
19144
19151
19157
19164
19170
19177
19183
19190
19196
19203
19209
19216
19222
19229
19235
19242
19248
19255
19261
19268
19274
19281
19287
19295
19300
19308
19313
19321
19326
19334
19339
19347
19352
19360
19365
19373
19378
19386
19391
19399
19404
19412
19417
19425
19430
19438
19443
19451
19456
19464
19470
19477
19483
19490
19496
19503
19509
19516
19522
19529
19535
19542
19548
19555
19561
19568
19574
19581
19587
19594
19600
19607
19613
19620
19626
19633
19639
19647
19652
19660
19665
19673
19678
19686
19691
19699
19704
19712
19717
19725
19730
19738
19743
19751
19756
19764
19769
19777
19786
19794
19804
19811
19821
19829
19839
19846
19856
19864
19873
19881
19891
19899
19908
19916
19926
19933
19943
19951
19961
19968
19978
19986
19995
20003
20013
20021
20030
20038
20048
20055
20065
20073
20083
20090
20100
20108
20117
20125
20135
20143
20152
20160
20170
20177
20187
20195
20205
20212
20222
20230
20239
20247
20257
20265
20274
20282
20292
20299
20309
20317
20327
20334
20344
20352
20361
20369
20379
20387
20396
20404
20414
20421
20431
20441
20449
20459
20468
20478
20486
20496
20505
20515
20523
20533
20542
20552
20560
20570
20579
20589
20597
20607
20616
20626
20634
20644
20653
20663
20671
20681
20690
20700
20708
20719
20727
20737
20745
20756
20764
20774
20782
20793
20801
20811
20819
20830
20838
20848
20856
20867
20875
20885
20893
20904
20912
20922
20931
20940
20950
20958
20969
20977
20987
20995
21006
21014
21024
21032
21043
21051
21061
21069
21080
21088
21098
21106
21117
21125
21135
21143
21154
21162
21172
21181
21190
21203
21214
21228
21239
21252
21264
21277
21288
21302
21313
21326
21338
21351
21362
21376
21387
21400
21412
21425
21436
21450
21461
21474
21486
21499
21510
21524
21535
21549
21560
21573
21585
21598
21609
21623
21634
21647
21659
21672
21683
21697
21708
21721
21733
21746
21757
21771
21782
21795
21807
21820
21831
21845
21856
21870
21881
21889
21895
21904
21910
21919
21925
21933
21940
21948
21955
21963
21969
21978
21984
21993
21999
22007
22014
22022
22029
22037
22043
22052
22058
22067
22073
22081
22088
22096
22103
22111
22117
22126
22132
22141
22147
22155
22162
22170
22177
22185
22191
22200
22206
22215
22221
22229
22236
22244
22251
22259
22265
22274
22280
22289
22295
22303
22310
22318
22325
22333
22339
22348
22354
22363
22369
22377
22384
22392
22399
22407
22414
22422
22428
22437
22443
22452
22458
22466
22473
22481
22488
22496
22502
22511
22517
22526
22532
22542
22550
22561
22569
22579
22588
22598
22606
22617
22625
22635
22644
22654
22662
22673
22681
22691
22700
22710
22718
22729
22737
22747
22756
22766
22774
22785
22793
22803
22812
22822
22830
22841
22849
22859
22868
22878
22886
22897
22905
22915
22924
22934
22942
22953
22961
22971
22980
22990
22998
23009
23017
23027
23036
23046
23054
23065
23073
23083
23092
23102
23110
23121
23129
23140
23148
23158
23167
23177
23185
23196
23204
23214
23223
23233
23240
23246
23254
23260
23268
23274
23281
23287
23295
23301
23309
23315
23322
23328
23336
23342
23350
23356
23363
23369
23377
23383
23391
23397
23404
23410
23418
23424
23432
23438
23445
23451
23459
23465
23473
23479
23486
23492
23500
23506
23514
23520
23527
23533
23541
23547
23555
23561
23568
23574
23582
23588
23596
23602
23609
23615
23623
23629
23637
23643
23650
23656
23664
23670
23678
23684
23691
23697
23705
23711
23719
23725
23732
23738
23746
23752
23760
23766
23773
23779
23787
23793
23801
23807
23814
23820
23828
23834
23842
23848
23855
23861
23869
23875
23883
23889
23896
23902
23910
23916
23924
23930
23937
23943
23951
23957
23972
23985
24000
24014
24029
24042
24057
24071
24086
24099
24114
24128
24143
24156
24172
24185
24200
24213
24229
24242
24257
24270
24286
24299
24314
24327
24343
24356
24371
24385
24400
24413
24428
24442
24457
24470
24485
24499
24514
24527
24543
24556
24571
24584
24600
24613
24628
24641
24657
24670
24685
24698
24714
24725
24734
24746
24755
24766
24776
24787
24797
24808
24817
24829
24838
24850
24859
24870
24880
24891
24901
24912
24921
24933
24942
24953
24963
24974
24984
24995
25004
25016
25025
25037
25046
25057
25067
25078
25088
25099
25108
25120
25129
25140
25150
25161
25171
25182
25191
25203
25212
25224
25233
25244
25254
25265
25275
25286
25295
25307
25316
25327
25337
25348
25358
25369
25378
25390
25399
25411
25420
25427
25432
25440
25445
25453
25458
25466
25471
25479
25484
25492
25497
25505
25510
25518
25523
25531
25536
25544
25549
25556
25562
25569
25575
25582
25588
25595
25601
25608
25614
25621
25627
25634
25640
25647
25653
25660
25666
25673
25679
25686
25691
25699
25704
25712
25717
25725
25730
25738
25743
25751
25756
25764
25769
25777
25782
25790
25795
25803
25808
25816
25821
25828
25834
25841
25847
25854
25860
25867
25873
25880
25886
25893
25899
25906
25912
25919
25925
25932
25938
25945
25951
25958
25963
25971
25976
25984
25989
25997
26002
26010
26015
26023
26028
26036
26041
26049
26054
26062
26067
26075
26080
26088
26093
26100
26106
26113
26119
26126
26132
26139
26145
26152
26163
26172
26183
26192
26204
26213
26224
26233
26244
26254
26265
26274
26285
26295
26306
26315
26326
26335
26347
26356
26367
26376
26388
26397
26408
26417
26428
26438
26449
26458
26469
26479
26490
26499
26510
26519
26531
26540
26551
26560
26572
26581
26592
26601
26612
26622
26633
26642
26653
26663
26674
26683
26694
26703
26715
26724
26735
26744
26756
26765
26776
26785
26796
26806
26817
26826
26837
26847
26865
26881
26899
26915
26933
26949
26967
26983
27001
27017
27035
27051
27069
27085
27103
27119
27137
27153
27171
27187
27205
27221
27239
27255
27273
27289
27307
27323
27341
27357
27375
27391
27409
27425
27443
27459
27477
27493
27511
27527
27545
27561
27572
27582
27594
27604
27616
27626
27638
27648
27660
27670
27682
27692
27704
27714
27726
27736
27747
27757
27769
27779
27791
27801
27813
27823
27835
27845
27857
27867
27879
27889
27901
27911
27922
27932
27944
27954
27966
27976
27988
27998
28010
28020
28032
28042
28054
28064
28076
28086
28098
28107
28119
28129
28141
28151
28163
28173
28185
28195
28207
28217
28224
28230
28237
28243
28250
28256
28263
28269
28276
28282
28290
28295
28303
28308
28316
28321
28329
28334
28342
28347
28355
28361
28368
28374
28381
28387
28394
28400
28407
28413
28420
28426
28434
28439
28447
28452
28460
28465
28473
28478
28486
28491
28499
28505
28512
28518
28525
28531
28538
28544
28551
28557
28564
28570
28578
28583
28591
28596
28604
28609
28617
28622
28630
28635
28643
28649
28656
28662
28669
28675
28682
28688
28695
28701
28708
28714
28722
28727
28735
28740
28748
28753
28761
28766
28774
28780
28787
28793
28800
28806
28813
28819
28826
28832
28839
28845
28853
28858
28866
28871
28879
28884
28892
28897
28905
28910
28918
28924
28932
28938
28946
28952
28961
28967
28975
28981
28989
28995
29003
29010
29018
29024
29032
29038
29046
29052
29061
29067
29075
29081
29089
29095
29103
29110
29118
29124
29132
29138
29146
29153
29161
29167
29175
29181
29189
29195
29204
29210
29218
29224
29232
29238
29246
29253
29261
29267
29275
29281
29289
29295
29304
29310
29318
29324
29332
29338
29346
29353
29361
29367
29375
29381
29389
29396
29404
29410
29418
29424
29432
29438
29447
29453
29461
29467
29475
29481
29489
29496
29504
29510
29518
29524
29532
29538
29547
29553
29561
29567
29575
29581
29589
29598
29605
29615
29622
29632
29639
29648
29656
29665
29673
29682
29690
29699
29706
29716
29723
29733
29740
29749
29757
29766
29774
29783
29791
29800
29807
29817
29824
29834
29841
29851
29858
29867
29875
29884
29892
29901
29909
29917
29926
29934
29943
29951
29960
29967
29977
29984
29994
30001
30011
30018
30027
30035
30044
30052
30061
30069
30077
30086
30094
30103
30111
30120
30127
30137
30144
30154
30161
30171
30178
30187
30195
30204
30212
30221
30229
30237
30246
30254
30263
30271
30280
30287
30293
30301
30306
30314
30320
30327
30333
30341
30346
30354
30360
30367
30373
30381
30386
30394
30400
30407
30413
30421
30426
30434
30440
30447
30453
30461
30466
30474
30480
30488
30493
30501
30507
30514
30520
30528
30533
30541
30547
30554
30560
30568
30573
30581
30587
30594
30600
30608
30613
30621
30627
30634
30640
30648
30653
30661
30667
30674
30680
30688
30694
30701
30707
30715
30720
30728
30734
30741
30747
30755
30760
30768
30774
30781
30787
30795
30800
30808
30814
30821
30827
30835
30840
30848
30854
30861
30867
30875
30881
30888
30894
30902
30907
30915
30921
30928
30934
30942
30947
30955
30961
30968
30974
30982
30987
30995
31001
31008
31014
31022
31027
31035
31041
31050
31058
31068
31076
31086
31094
31104
31112
31122
31130
31139
31147
31157
31165
31175
31183
31193
31201
31211
31219
31228
31236
31246
31254
31264
31272
31282
31290
31300
31308
31317
31325
31335
31343
31353
31361
31371
31379
31389
31397
31406
31414
31424
31432
31442
31450
31460
31468
31478
31486
31496
31503
31513
31521
31531
31539
31549
31557
31567
31575
31585
31592
31602
31610
31620
31628
31638
31646
31656
31664
31674
31681
31691
31704
31716
31730
31742
31756
31768
31782
31794
31808
31820
31834
31846
31860
31872
31886
31898
31912
31924
31938
31950
31964
31976
31990
32002
32015
32027
32041
32053
32067
32079
32093
32105
32119
32131
32145
32157
32171
32183
32197
32209
32223
32235
32249
32261
32275
32287
32301
32313
32326
32338
32352
32364
32378
32390
32404
32417
32429
32443
32455
32469
32481
32495
32506
32520
32532
32546
32558
32572
32584
32597
32609
32623
32635
32649
32661
32675
32686
32700
32712
32726
32738
32752
32764
32777
32789
32803
32815
32829
32841
32855
32867
32880
32892
32906
32918
32932
32944
32958
32969
32983
32995
33009
33021
33035
33047
33060
33072
33086
33098
33112
33124
33138
33149
33163
33175
33185
33193
33204
33212
33222
33231
33241
33249
33260
33268
33278
33287
33297
33305
33316
33324
33334
33343
33353
33361
33372
33380
33390
33399
33409
33417
33428
33436
33447
33455
33465
33474
33484
33492
33503
33511
33521
33530
33540
33548
33559
33567
33577
33586
33596
33604
33615
33623
33633
33642
33652
33660
33671
33679
33690
33698
33708
33717
33727
33735
33746
33754
33764
33773
33783
33791
33802
33810
33820
33829
33839
33847
33858
33866
33874
33880
33889
33895
33903
33910
33918
33925
33933
33939
33948
33954
33962
33969
33977
33984
33992
33998
34007
34013
34022
34028
34036
34043
34051
34058
34065
34073
34080
34088
34094
34103
34109
34118
34124
34132
34139
34147
34154
34161
34169
34176
34184
34190
34199
34205
34214
34220
34228
34235
34243
34250
34257
34265
34272
34280
34286
34295
34301
34310
34316
34324
34331
34339
34346
34353
34361
34368
34376
34382
34391
34397
34406
34412
34420
34427
34435
34442
34449
34457
34464
34472
34478
34487
34493
34502
34508
34516
34523
34531
34538
34545
34553
34560
34568
34574
34583
34589
34598
34604
34612
34619
34633
34645
34659
34671
34685
34697
34711
34723
34737
34749
34763
34775
34789
34801
34815
34827
34841
34853
34867
34879
34893
34905
34919
34931
34945
34957
34971
34983
34997
35009
35023
35035
35049
35061
35075
35087
35101
35113
35127
35139
35153
35165
35179
35191
35205
35217
35231
35243
35257
35269
35283
35295
35309
35319
35327
35337
35345
35356
35364
35374
35382
35393
35401
35411
35419
35430
35438
35448
35456
35467
35475
35485
35493
35504
35512
35522
35530
35541
35549
35559
35567
35578
35586
35596
35604
35615
35623
35633
35641
35652
35660
35670
35678
35689
35697
35707
35715
35726
35734
35744
35752
35763
35771
35781
35789
35799
35808
35818
35826
35836
35845
35855
35863
35873
35882
35892
35900
35910
35919
35929
35937
35947
35956
35966
35974
35984
35993
36003
36011
36021
36030
36040
36047
36052
36059
36064
36071
36076
36083
36088
36095
36100
36107
36112
36119
36124
36131
36136
36143
36148
36155
36160
36167
36172
36179
36185
36192
36197
36204
36209
36216
36221
36228
36233
36240
36245
36252
36257
36264
36269
36276
36281
36288
36293
36300
36305
36312
36317
36324
36330
36337
36342
36349
36354
36361
36366
36373
36378
36385
36390
36397
36402
36409
36414
36421
36426
36433
36438
36445
36450
36457
36462
36470
36475
36482
36487
36494
36499
36506
36511
36518
36523
36530
36535
36542
36547
36554
36559
36566
36571
36578
36583
36590
36595
36602
36607
36615
36620
36627
36632
36639
36644
36651
36656
36663
36668
36675
36680
36687
36692
36699
36704
36711
36716
36723
36728
36735
36740
36747
36752
36760
36765
36778
36789
36803
36814
36828
36839
36852
36864
36877
36889
36902
36913
36927
36938
36952
36963
36976
36988
37001
37013
37026
37038
37051
37062
37076
37087
37101
37112
37125
37137
37150
37162
37175
37186
37200
37211
37225
37236
37249
37261
37274
37286
37299
37311
37324
37335
37349
37360
37374
37385
37398
37410
37423
37435
37448
37459
37473
37484
37498
37509
37522
37532
37541
37551
37560
37570
37579
37589
37598
37608
37617
37627
37636
37646
37655
37665
37674
37684
37693
37703
37712
37722
37731
37741
37750
37760
37769
37779
37788
37798
37807
37817
37826
37836
37845
37855
37864
37874
37883
37893
37902
37912
37921
37931
37940
37950
37959
37969
37978
37988
37997
38007
38016
38026
38035
38045
38054
38064
38073
38083
38092
38102
38111
38121
38130
38140
38149
38159
38168
38178
38187
38197
38206
38216
38225
38235
38243
38249
38258
38264
38272
38279
38287
38294
38302
38308
38317
38323
38331
38338
38346
38353
38361
38367
38376
38382
38390
38397
38405
38412
38420
38426
38435
38441
38450
38456
38464
38471
38479
38485
38494
38500
38509
38515
38523
38530
38538
38544
38553
38559
38568
38574
38582
38589
38597
38604
38612
38618
38627
38633
38641
38648
38656
38663
38671
38677
38686
38692
38700
38707
38715
38722
38730
38736
38745
38751
38759
38766
38774
38781
38789
38795
38804
38810
38819
38825
38833
38840
38848
38854
38863
38869
38878
38884
38892
38899
38907
38913
38922
38928
38937
38943
38951
38958
38973
38987
39002
39016
39031
39045
39060
39074
39090
39103
39119
39132
39148
39161
39177
39191
39206
39220
39235
39249
39264
39278
39293
39307
39323
39336
39352
39365
39381
39394
39410
39424
39439
39453
39468
39482
39497
39511
39526
39540
39556
39569
39585
39598
39614
39627
39643
39657
39672
39689
39704
39721
39736
39753
39768
39785
39800
39817
39832
39849
39864
39881
39896
39913
39928
39945
39960
39977
39992
40009
40024
40041
40057
40074
40089
40106
40121
40138
40153
40170
40185
40202
40217
40234
40249
40266
40281
40298
40313
40330
40345
40362
40369
40375
40383
40389
40397
40403
40411
40417
40425
40431
40439
40445
40453
40459
40467
40473
40481
40487
40495
40501
40509
40515
40523
40529
40537
40543
40551
40557
40565
40571
40579
40585
40593
40599
40607
40613
40621
40627
40635
40641
40649
40655
40663
40669
40677
40683
40691
40697
40705
40711
40719
40725
40733
40739
40747
40753
40761
40767
40775
40781
40789
40795
40803
40809
40817
40823
40830
40836
40844
40850
40858
40864
40872
40878
40886
40892
40900
40906
40914
40920
40928
40934
40942
40948
40956
40962
40970
40976
40984
40990
40998
41004
41012
41018
41026
41033
41039
41047
41052
41060
41066
41074
41079
41087
41093
41101
41106
41114
41120
41128
41133
41141
41147
41154
41160
41168
41174
41181
41187
41195
41201
41208
41214
41222
41228
41235
41241
41249
41254
41262
41268
41276
41281
41289
41295
41303
41308
41316
41322
41330
41335
41343
41349
41356
41362
41370
41376
41383
41389
41397
41403
41410
41416
41424
41430
41437
41443
41451
41456
41464
41470
41478
41483
41491
41497
41505
41510
41518
41524
41532
41537
41545
41551
41558
41564
41572
41578
41585
41591
41599
41605
41612
41618
41626
41632
41639
41645
41653
41658
41666
41672
41680
41685
41693
41699
41707
41712
41720
41726
41734
41739
41753
41765
41779
41792
41806
41818
41832
41845
41859
41871
41886
41898
41912
41924
41939
41951
41965
41977
41992
42004
42018
42031
42045
42057
42071
42084
42098
42110
42124
42137
42151
42163
42178
42190
42204
42216
42231
42243
42257
42269
42284
42296
42310
42323
42337
42349
42363
42376
42390
42402
42416
42427
42437
42449
42459
42470
42480
42492
42502
42513
42523
42535
42545
42556
42566
42578
42588
42599
42609
42621
42631
42642
42652
42664
42674
42685
42695
42707
42717
42728
42738
42750
42760
42771
42781
42793
42803
42814
42824
42836
42846
42857
42867
42879
42889
42900
42910
42922
42932
42943
42953
42965
42975
42986
42996
43008
43018
43029
43039
43051
43061
43072
43082
43094
43101
43106
43114
43119
43127
43132
43140
43145
43153
43158
43166
43171
43179
43184
43192
43197
43205
43210
43217
43223
43230
43236
43243
43249
43256
43262
43269
43275
43282
43288
43295
43301
43308
43314
43321
43327
43334
43339
43347
43352
43360
43365
43373
43378
43386
43391
43399
43404
43412
43417
43425
43430
43438
43443
43450
43456
43463
43469
43476
43482
43489
43495
43502
43508
43515
43521
43528
43534
43541
43547
43554
43560
43567
43572
43580
43585
43593
43598
43606
43611
43619
43624
43632
43637
43645
43650
43658
43663
43671
43676
43683
43689
43696
43702
43709
43715
43722
43728
43735
43741
43748
43754
43761
43767
43774
43780
43788
43793
43801
43807
43814
43820
43828
43833
43841
43847
43854
43860
43868
43873
43881
43887
43894
43900
43908
43913
43921
43927
43935
43940
43948
43954
43961
43967
43975
43980
43988
43994
44001
44007
44015
44020
44028
44034
44041
44047
44055
44060
44068
44074
44082
44087
44095
44101
44108
44114
44122
44127
44135
44141
44148
44154
44162
44167
44175
44181
44188
44194
44202
44207
44215
44221
44229
44234
44242
44248
44255
44261
44269
44274
44282
44288
44295
44301
44309
44314
44322
44328
44335
44341
44349
44354
44362
44368
44376
44381
44389
44395
44402
44408
44416
44421
44429
44435
44442
44448
44456
44461
44469
44475
44482
44488
44496
44501
44509
44519
44527
44538
44546
44556
44565
44575
44583
44594
44602
44613
44621
44631
44640
44650
44658
44669
44677
44687
44696
44706
44715
44725
44733
44744
44752
44762
44771
44781
44790
44800
44808
44819
44827
44837
44846
44856
44864
44875
44883
44894
44902
44912
44921
44931
44939
44950
44958
44969
44977
44987
44996
45006
45014
45025
45033
45043
45052
45062
45071
45081
45089
45100
45108
45118
45127
45137
45146
45156
45164
45175
45183
45193
45200
45205
45212
45217
45224
45230
45237
45242
45249
45254
45262
45267
45274
45279
45286
45292
45299
45304
45311
45316
45324
45329
45336
45341
45348
45354
45361
45366
45373
45378
45386
45391
45398
45403
45410
45416
45423
45428
45435
45440
45448
45453
45460
45465
45472
45477
45485
45490
45497
45502
45509
45515
45522
45527
45534
45539
45547
45552
45559
45564
45571
45577
45584
45589
45596
45601
45609
45614
45621
45626
45633
45639
45646
45651
45658
45663
45671
45676
45683
45688
45695
45701
45708
45713
45720
45725
45732
45738
45745
45750
45757
45762
45770
45775
45782
45787
45794
45800
45807
45812
45819
45824
45832
45837
45844
45849
45856
45862
45869
45875
45882
45888
45896
45901
45909
45914
45922
45927
45935
45941
45948
45954
45961
45967
45975
45980
45988
45993
46001
46006
46014
46020
46027
46033
46040
46046
46054
46059
46067
46072
46080
46085
46093
46099
46106
46112
46119
46125
46133
46138
46146
46151
46159
46164
46172
46178
46185
46191
46198
46204
46212
46217
46225
46230
46238
46243
46251
46257
46264
46270
46277
46283
46291
46296
46304
46309
46317
46322
46330
46336
46343
46349
46356
46362
46370
46375
46383
46388
46396
46401
46409
46415
46422
46428
46435
46441
46449
46454
46462
46467
46475
46480
46488
46494
46501
46507
46514
46520
46528
46533
46541
46546
46554
46559
46567
46573
46580
46586
46593
46600
46606
46614
46620
46628
46634
46641
46647
46655
46661
46669
46675
46682
46688
46696
46702
46710
46716
46723
46729
46737
46743
46751
46757
46764
46770
46778
46784
46792
46798
46805
46811
46819
46825
46833
46839
46846
46852
46860
46866
46874
46880
46888
46893
46901
46907
46915
46921
46929
46934
46942
46948
46956
46962
46970
46975
46983
46989
46997
47003
47011
47016
47024
47030
47038
47044
47052
47057
47065
47071
47079
47085
47093
47098
47106
47112
47120
47126
47134
47140
47147
47153
47161
47167
47175
47181
47188
47194
47202
47208
47216
47222
47229
47235
47243
47249
47257
47263
47270
47276
47284
47296
47307
47320
47330
47343
47354
47366
47377
47390
47400
47413
47424
47436
47447
47460
47470
47483
47494
47507
47517
47530
47541
47553
47564
47577
47587
47600
47611
47623
47634
47647
47657
47670
47681
47693
47704
47717
47728
47740
47751
47764
47774
47787
47798
47810
47821
47834
47844
47857
47868
47880
47891
47904
47914
47927
47938
47951
47961
47974
47985
47997
48008
48021
48028
48033
48040
48045
48053
48058
48065
48070
48078
48083
48090
48095
48103
48108
48115
48120
48128
48133
48140
48145
48153
48158
48165
48170
48178
48183
48190
48195
48203
48208
48215
48220
48228
48233
48240
48245
48253
48258
48265
48270
48277
48283
48290
48295
48302
48308
48315
48320
48327
48333
48340
48345
48352
48358
48365
48370
48377
48383
48390
48395
48402
48408
48415
48420
48427
48433
48440
48445
48452
48458
48465
48470
48477
48483
48490
48495
48502
48507
48515
48520
48527
48532
48540
48545
48552
48557
48565
48570
48577
48582
48590
48595
48602
48607
48615
48620
48627
48632
48640
48645
48652
48657
48665
48670
48679
48687
48697
48705
48715
48723
48733
48741
48751
48759
48769
48777
48787
48795
48805
48813
48823
48831
48841
48848
48858
48866
48876
48884
48894
48902
48912
48920
48930
48938
48948
48956
48966
48974
48984
48992
49002
49010
49019
49027
49037
49045
49055
49063
49073
49081
49091
49099
49109
49117
49127
49135
49145
49153
49163
49171
49181
49189
49198
49206
49216
49224
49234
49242
49252
49260
49270
49278
49288
49296
49306
49314
49324
49332
49342
49350
49360
49367
49377
49384
49389
49396
49401
49408
49413
49420
49425
49432
49437
49444
49449
49456
49461
49468
49473
49480
49485
49492
49497
49504
49509
49516
49521
49528
49533
49540
49545
49552
49557
49564
49569
49576
49581
49588
49593
49600
49605
49612
49617
49624
49629
49636
49641
49648
49653
49660
49666
49673
49678
49685
49690
49697
49702
49709
49714
49721
49726
49733
49738
49745
49750
49757
49762
49769
49774
49781
49786
49793
49798
49805
49810
49817
49822
49829
49834
49841
49846
49853
49858
49865
49870
49877
49882
49889
49894
49901
49906
49913
49918
49925
49930
49937
49942
49950
49955
49962
49967
49974
49979
49986
49991
49998
50003
50010
50015
50022
50027
50034
50039
50046
50051
50058
50063
50070
50083
50094
50107
50118
50132
50143
50156
50167
50180
50192
50205
50216
50229
50241
50254
50265
50278
50289
50303
50314
50327
50338
50352
50363
50376
50387
50400
50412
50425
50436
50449
50461
50474
50485
50498
50509
50523
50534
50547
50558
50572
50583
50596
50607
50620
50632
50645
50656
50669
50680
50694
50705
50718
50729
50743
50754
50762
50768
50776
50783
50791
50797
50806
50812
50820
50827
50835
50841
50850
50856
50864
50871
50879
50885
50893
50900
50908
50914
50923
50929
50937
50944
50952
50958
50967
50973
50981
50988
50996
51002
51010
51017
51025
51031
51040
51046
51054
51061
51069
51075
51084
51090
51098
51105
51113
51119
51127
51134
51142
51148
51157
51163
51171
51178
51186
51192
51201
51207
51215
51222
51230
51236
51244
51251
51259
51265
51274
51280
51288
51295
51303
51309
51318
51324
51332
51339
51347
51353
51361
51368
51376
51382
51391
51397
51405
51412
51420
51426
51435
51441
51449
51456
51464
51470
51478
51485
51493
51505
51516
51528
51539
51552
51562
51575
51586
51598
51609
51622
51632
51645
51655
51668
51679
51691
51702
51715
51725
51738
51749
51761
51772
51784
51795
51808
51818
51831
51842
51854
51865
51878
51888
51901
51912
51924
51935
51947
51958
51971
51981
51994
52005
52017
52028
52041
52051
52064
52074
52087
52098
52110
52121
52134
52144
52157
52168
52180
52191
52203
52214
52227
52237
52250
52257
52263
52270
52276
52284
52289
52297
52303
52310
52316
52324
52329
52337
52342
52350
52356
52363
52369
52377
52382
52390
52396
52403
52409
52417
52422
52430
52435
52443
52449
52456
52462
52470
52475
52483
52489
52496
52502
52509
52515
52523
52528
52536
52542
52549
52555
52563
52568
52576
52582
52589
52595
52602
52608
52616
52621
52629
52635
52642
52648
52656
52661
52669
52675
52682
52688
52695
52701
52709
52714
52722
52728
52735
52741
52749
52754
52762
52767
52775
52781
52788
52794
52802
52807
52815
52821
52828
52834
52842
52847
52855
52860
52868
52874
52881
52887
52895
52900
52908
52914
52921
52927
52939
52950
52963
52974
52986
52997
53010
53021
53034
53044
53057
53068
53081
53092
53104
53115
53128
53139
53151
53162
53175
53186
53199
53209
53222
53233
53246
53257
53269
53280
53293
53304
53316
53327
53340
53351
53364
53374
53387
53398
53411
53422
53434
53445
53458
53469
53482
53492
53505
53516
53529
53539
53552
53563
53576
53587
53599
53610
53623
53634
53647
53655
53661
53670
53676
53685
53691
53700
53706
53715
53721
53730
53736
53745
53751
53760
53766
53775
53781
53790
53796
53805
53811
53820
53826
53835
53841
53850
53856
53865
53871
53880
53886
53895
53901
53910
53916
53925
53931
53940
53946
53955
53961
53970
53976
53985
53991
54000
54006
54015
54021
54030
54036
54045
54051
54059
54066
54074
54081
54089
54096
54104
54111
54119
54126
54134
54141
54149
54156
54164
54171
54179
54186
54194
54201
54209
54216
54224
54231
54239
54246
54254
54261
54269
54276
54284
54291
54299
54306
54314
54321
54329
54336
54344
54351
54367
54381
54398
54412
54429
54443
54459
54474
54490
54505
54521
54535
54552
54566
54583
54597
54613
54628
54644
54659
54675
54689
54706
54720
54737
54751
54767
54782
54798
54813
54829
54843
54860
54874
54891
54905
54921
54936
54952
54967
54983
54997
55014
55028
55041
55052
55065
55077
55090
55101
55115
55126
55139
55151
55164
55175
55189
55200
55213
55225
55238
55249
55263
55274
55287
55299
55312
55323
55337
55348
55361
55373
55386
55397
55411
55422
55435
55447
55460
55471
55485
55496
55509
55521
55534
55545
55559
55570
55583
55595
55608
55619
55633
55644
55657
55669
55682
55693
55707
55718
55730
55741
55753
55764
55776
55787
55799
55810
55822
55833
55846
55856
55869
55879
55892
55902
55915
55925
55938
55948
55961
55972
55984
55995
56007
56018
56030
56041
56053
56064
56077
56087
56100
56110
56123
56133
56146
56156
56169
56179
56192
56203
56215
56226
56238
56249
56261
56272
56284
56295
56308
56318
56331
56341
56354
56364
56377
56387
56400
56410
56423
56434
56446
56457
56469
56480
56492
56501
56508
56518
56525
56534
56542
56551
56558
56568
56575
56584
56592
56601
56609
56618
56625
56635
56642
56651
56659
56668
56675
56685
56692
56702
56709
56718
56726
56735
56742
56752
56759
56768
56776
56785
56793
56802
56809
56819
56826
56835
56843
56852
56859
56869
56876
56886
56893
56902
56910
56919
56926
56936
56943
56952
56960
56969
56977
56986
56993
57003
57010
57019
57027
57036
57043
57053
57060
57070
57077
57086
57094
57103
57110
57120
57127
57136
57144
57153
57161
57171
57179
57189
57197
57207
57215
57225
57233
57243
57250
57260
57268
57278
57286
57296
57304
57314
57322
57332
57340
57350
57357
57367
57375
57385
57393
57403
57411
57421
57429
57439
57447
57457
57464
57474
57482
57492
57500
57510
57518
57528
57536
57546
57554
57564
57571
57581
57589
57599
57607
57617
57625
57635
57643
57653
57661
57671
57678
57688
57696
57706
57714
57724
57732
57742
57750
57760
57768
57777
57785
57795
57803
57813
57821
57831
57839
57849
57857
57866
57873
57882
57890
57899
57906
57916
57923
57932
57939
57949
57956
57965
57973
57982
57989
57998
58006
58015
58022
58032
58039
58048
58056
58065
58072
58081
58089
58098
58105
58115
58122
58131
58138
58148
58155
58164
58172
58181
58188
58198
58205
58214
58221
58231
58238
58247
58255
58264
58271
58280
58288
58297
58304
58314
58321
58330
58337
58347
58354
58363
58371
58380
58387
58397
58404
58413
58420
58430
58437
58446
58454
58463
58470
58479
58487
58496
58503
58513
58520
58529
58537
58546
58553
58562
58570
58579
58586
58593
58599
58607
58613
58621
58627
58635
58641
58649
58654
58662
58668
58676
58682
58690
58696
58704
58710
58718
58723
58731
58737
58745
58751
58759
58765
58773
58779
58786
58792
58800
58806
58814
58820
58828
58834
58842
58848
58855
58861
58869
58875
58883
58889
58897
58903
58911
58917
58924
58930
58938
58944
58952
58958
58966
58972
58980
58986
58992
59000
59006
59014
59020
59028
59034
59042
59048
59055
59061
59069
59075
59083
59089
59097
59103
59111
59117
59124
59130
59138
59144
59152
59158
59166
59172
59180
59186
59192
59200
59206
59214
59220
59228
59234
59242
59248
59255
59261
59269
59275
59293
59309
59327
59343
59361
59377
59395
59411
59429
59445
59463
59479
59497
59513
59531
59547
59565
59581
59599
59615
59633
59650
59667
59685
59701
59719
59735
59753
59769
59787
59803
59821
59837
59855
59871
59889
59905
59923
59939
59957
59973
59991
60007
60025
60036
60046
60058
60068
60080
60090
60102
60112
60124
60134
60146
60156
60168
60178
60190
60200
60212
60222
60234
60243
60255
60265
60277
60287
60299
60309
60321
60331
60343
60353
60365
60375
60387
60397
60409
60419
60431
60441
60453
60462
60474
60484
60496
60506
60518
60528
60540
60550
60562
60572
60584
60594
60606
60616
60628
60638
60650
60660
60671
60681
60693
60703
60715
60725
60737
60747
60759
60768
60775
60784
60791
60800
60807
60816
60823
60832
60839
60848
60855
60864
60871
60880
60888
60897
60904
60913
60920
60929
60936
60945
60952
60961
60968
60977
60984
60993
61000
61009
61017
61026
61033
61042
61049
61058
61065
61074
61081
61090
61097
61106
61113
61122
61129
61139
61146
61155
61162
61171
61178
61187
61194
61203
61210
61219
61226
61235
61242
61251
61259
61267
61276
61283
61292
61299
61308
61315
61324
61331
61340
61347
61356
61363
61372
61379
61389
61396
61405
61412
61421
61438
61454
61471
61487
61504
61520
61538
61553
61571
61586
61604
61619
61637
61653
61670
61686
61703
61719
61736
61752
61770
61785
61803
61818
61836
61851
61869
61885
61902
61918
61935
61951
61968
61984
62002
62017
62035
62050
62068
62083
62101
62117
62125
62131
62140
62146
62154
62161
62169
62175
62184
62190
62199
62205
62213
62220
62228
62234
62243
62249
62257
62264
62272
62279
62287
62293
62302
62308
62316
62323
62331
62337
62346
62352
62361
62367
62375
62382
62390
62396
62405
62411
62420
62426
62434
62441
62449
62455
62464
62470
62478
62485
62493
62500
62508
62514
62523
62529
62537
62544
62552
62558
62567
62573
62582
62588
62596
62603
62611
62617
62626
62632
62641
62647
62655
62662
62670
62676
62685
62691
62699
62706
62714
62721
62729
62735
62744
62750
62758
62765
62773
62779
62788
62794
62803
62811
62818
62827
62834
62842
62849
62858
62865
62873
62880
62889
62896
62905
62911
62920
62927
62936
62942
62951
62958
62967
62974
62982
62989
62998
63005
63013
63020
63029
63036
63045
63051
63060
63067
63076
63082
63091
63098
63107
63114
63122
63129
63138
63145
63153
63160
63169
63176
63185
63191
63200
63207
63216
63222
63231
63238
63247
63254
63262
63269
63278
63285
63293
63300
63309
63316
63325
63331
63340
63347
63356
63362
63371
63378
63387
63394
63402
63409
63418
63425
63433
63440
63449
63456
63465
63471
63479
63485
63494
63500
63509
63515
63524
63530
63539
63545
63553
63560
63568
63575
63583
63590
63598
63605
63613
63620
63628
63634
63643
63649
63658
63664
63673
63679
63688
63694
63703
63709
63717
63724
63732
63739
63747
63754
63762
63769
63777
63784
63792
63798
63807
63813
63822
63828
63837
63843
63852
63858
63867
63873
63881
63888
63896
63903
63911
63918
63926
63933
63941
63948
63956
63962
63971
63977
63986
63992
64001
64007
64016
64022
64031
64037
64045
64052
64060
64067
64075
64082
64090
64097
64105
64111
64120
64137
64153
64171
64187
64205
64221
64239
64255
64273
64289
64307
64323
64341
64357
64375
64391
64409
64425
64443
64459
64477
64493
64511
64527
64545
64561
64579
64595
64613
64629
64647
64663
64681
64697
64715
64731
64749
64764
64782
64798
64816
64832
64850
64859
64866
64875
64882
64891
64898
64907
64914
64923
64930
64940
64947
64956
64963
64972
64979
64988
64995
65004
65011
65020
65028
65037
65044
65053
65060
65069
65076
65085
65092
65101
65108
65118
65125
65134
65141
65150
65157
65166
65173
65182
65189
65198
65206
65215
65222
65231
65238
65247
65254
65263
65270
65279
65286
65296
65303
65312
65319
65328
65335
65344
65351
65360
65367
65376
65384
65393
65400
65409
65416
65425
65432
65441
65448
65457
65464
65474
65481
65490
65497
65506
65513
65523
65531
65541
65549
65560
65568
65578
65586
65597
65605
65615
65623
65634
65642
65652
65660
65671
65679
65689
65697
65707
65716
65726
65734
65744
65753
65763
65771
65781
65790
65800
65808
65818
65827
65837
65845
65855
65864
65874
65882
65892
65900
65911
65919
65929
65937
65948
65956
65966
65974
65985
65993
66003
66011
66022
66030
66040
66048
66059
66067
66077
66085
66095
66104
66114
66122
66132
66141
66151
66159
66169
66178
66188
66196
66206
66215
66225
66233
66250
66265
66282
66297
66314
66329
66346
66361
66378
66393
66410
66426
66443
66458
66475
66490
66507
66522
66539
66554
66571
66586
66603
66619
66636
66651
66668
66683
66700
66715
66732
66747
66764
66779
66797
66812
66829
66844
66861
66876
66893
66908
66921
66932
66946
66957
66970
66982
66995
67006
67020
67031
67044
67056
67069
67080
67094
67105
67118
67130
67143
67154
67168
67179
67192
67204
67217
67228
67242
67253
67267
67278
67291
67303
67316
67327
67341
67352
67365
67377
67390
67401
67415
67426
67439
67451
67464
67475
67489
67500
67513
67525
67538
67549
67563
67574
67588
67599
67612
67624
67637
67645
67652
67661
67668
67677
67684
67693
67700
67709
67716
67725
67732
67741
67748
67756
67763
67772
67779
67788
67795
67804
67811
67820
67827
67836
67843
67852
67859
67868
67874
67883
67890
67899
67906
67915
67922
67931
67938
67947
67954
67963
67970
67979
67985
67994
68001
68010
68017
68026
68033
68042
68049
68058
68065
68074
68081
68090
68097
68105
68112
68121
68128
68137
68144
68153
68160
68169
68176
68185
68192
68201
68208
68216
68223
68232
68239
68248
68255
68264
68271
68280
68287
68296
68303
68312
68319
68328
68334
68346
68357
68370
68380
68393
68404
68416
68427
68440
68450
68463
68474
68486
68497
68510
68520
68533
68544
68557
68567
68580
68591
68603
68614
68627
68637
68650
68661
68673
68684
68697
68707
68720
68731
68743
68754
68767
68778
68790
68801
68814
68824
68837
68848
68860
68871
68884
68894
68907
68918
68930
68941
68954
68964
68977
68988
69001
69011
69024
69035
69047
69058
69071
69081
69088
69094
69102
69108
69116
69122
69129
69135
69143
69149
69157
69163
69170
69176
69184
69190
69198
69204
69211
69217
69225
69231
69239
69245
69252
69258
69266
69272
69280
69286
69293
69299
69307
69313
69321
69327
69334
69340
69348
69354
69362
69368
69375
69381
69389
69395
69403
69409
69416
69422
69430
69436
69444
69450
69457
69463
69471
69477
69485
69491
69498
69504
69512
69518
69526
69532
69539
69545
69553
69559
69567
69573
69580
69586
69594
69600
69608
69614
69621
69627
69635
69641
69649
69655
69662
69668
69676
69682
69690
69696
69703
69709
69717
69723
69731
69737
69744
69750
69758
69764
69772
69778
69785
69791
69799
69805
69813
69819
69836
69852
69870
69885
69903
69919
69937
69952
69970
69986
70004
70019
70037
70053
70071
70086
70104
70120
70137
70153
70171
70187
70204
70220
70238
70254
70271
70287
70305
70321
70338
70354
70372
70388
70405
70421
70439
70454
70472
70488
70506
