4
6
10
13
17
19
24
26
30
33
37
39
44
46
50
52
57
59
63
66
70
72
77
79
83
86
90
92
96
99
103
105
110
112
116
119
123
125
130
132
136
139
143
145
149
152
156
158
163
165
169
172
176
178
183
185
189
192
195
199
201
206
208
212
215
219
221
226
228
232
235
239
241
245
248
252
254
259
261
265
268
272
274
279
281
285
288
291
295
297
302
304
308
311
315
317
322
324
328
331
335
337
341
344
348
350
355
357
361
364
368
370
375
377
381
384
387
391
393
398
400
404
407
411
413
418
420
424
429
432
437
440
446
449
454
457
463
466
471
474
480
483
488
491
496
500
505
508
513
517
522
525
530
534
539
542
547
551
556
559
564
567
573
576
581
584
590
593
598
601
607
610
615
618
624
627
632
635
640
644
649
652
657
661
666
669
674
678
683
686
691
694
700
703
708
711
717
720
725
728
734
737
742
745
751
754
759
762
767
771
776
779
784
788
793
796
801
805
810
813
818
822
827
830
835
838
844
849
852
857
860
866
869
874
877
882
886
891
894
899
903
908
911
916
919
925
928
933
936
942
945
950
953
958
962
967
970
975
978
984
987
992
995
1001
1004
1009
1012
1017
1021
1026
1029
1034
1038
1043
1046
1051
1054
1060
1063
1068
1071
1076
1080
1085
1088
1093
1097
1102
1105
1110
1113
1119
1122
1127
1130
1136
1139
1144
1147
1152
1156
1161
1164
1169
1172
1178
1181
1186
1189
1195
1198
1203
1206
1211
1215
1220
1223
1228
1232
1237
1240
1245
1248
1254
1257
1262
1265
1271
1274
1279
1282
1287
1291
1296
1299
1304
1307
1313
1316
1321
1324
1330
1333
1338
1342
1347
1351
1356
1360
1365
1369
1374
1378
1383
1387
1392
1396
1401
1405
1410
1414
1419
1423
1428
1432
1438
1441
1447
1450
1456
1459
1465
1468
1474
1477
1483
1486
1492
1495
1501
1504
1510
1513
1519
1522
1528
1532
1537
1541
1546
1550
1555
1559
1564
1568
1573
1577
1582
1586
1591
1595
1600
1604
1609
1613
1618
1622
1628
1631
1637
1640
1646
1649
1655
1658
1664
1667
1673
1676
1682
1685
1691
1694
1700
1703
1709
1712
1718
1721
1727
1731
1736
1740
1745
1749
1754
1758
1763
1767
1772
1776
1781
1785
1790
1794
1799
1804
1807
1812
1815
1820
1823
1829
1832
1837
1840
1845
1848
1854
1857
1862
1865
1870
1873
1878
1882
1887
1890
1895
1898
1903
1907
1912
1915
1920
1923
1928
1931
1937
1940
1945
1948
1953
1956
1962
1965
1970
1973
1978
1981
1986
1990
1995
1998
2003
2006
2011
2015
2020
2023
2028
2031
2036
2039
2045
2048
2053
2056
2061
2064
2070
2073
2078
2081
2086
2089
2095
2098
2103
2106
2111
2114
2119
2123
2128
2131
2136
2139
2144
2148
2153
2156
2161
2164
2169
2172
2178
2181
2186
2189
2194
2197
2203
2206
2211
2214
2219
2222
2226
2229
2233
2236
2240
2243
2248
2250
2255
2257
2262
2264
2269
2272
2276
2279
2283
2286
2290
2293
2298
2300
2305
2307
2312
2314
2319
2322
2326
2329
2333
2336
2340
2343
2348
2350
2355
2357
2362
2365
2369
2372
2376
2379
2383
2386
2391
2393
2398
2400
2405
2407
2412
2415
2419
2422
2426
2429
2433
2436
2441
2443
2448
2450
2455
2457
2462
2465
2469
2472
2476
2479
2484
2486
2491
2493
2498
2500
2505
2508
2512
2515
2519
2522
2526
2529
2534
2536
2541
2543
2548
2550
2555
2558
2562
2565
2569
2572
2576
2579
2584
2586
2591
2593
2598
2601
2605
2608
2612
2615
2619
2622
2627
2629
2634
2636
2641
2643
2648
2651
2655
2658
2662
2665
2669
2672
2677
2679
2684
2686
2691
2693
2698
2702
2707
2711
2717
2720
2726
2730
2735
2739
2744
2748
2754
2757
2763
2767
2772
2776
2781
2785
2791
2794
2800
2804
2809
2813
2818
2822
2828
2831
2837
2841
2846
2850
2855
2859
2865
2868
2874
2878
2883
2887
2892
2896
2902
2905
2911
2915
2920
2924
2929
2933
2939
2942
2948
2952
2957
2961
2966
2970
2976
2979
2985
2989
2994
2998
3003
3007
3013
3016
3022
3026
3031
3035
3040
3044
3050
3053
3059
3063
3068
3072
3077
3081
3087
3090
3096
3100
3105
3109
3114
3118
3124
3127
3133
3137
3142
3146
3151
3155
3161
3166
3169
3174
3177
3183
3186
3191
3194
3199
3203
3208
3211
3216
3219
3225
3228
3233
3236
3241
3245
3250
3253
3258
3261
3267
3270
3275
3278
3283
3287
3292
3295
3300
3303
3309
3312
3317
3320
3325
3329
3334
3337
3342
3346
3351
3354
3359
3362
3368
3371
3376
3379
3384
3388
3393
3396
3401
3404
3410
3413
3418
3421
3426
3430
3435
3438
3443
3446
3452
3455
3460
3463
3468
3472
3477
3480
3485
3488
3494
3497
3502
3505
3510
3514
3519
3522
3527
3531
3536
3539
3544
3547
3553
3556
3561
3564
3569
3573
3579
3582
3588
3592
3598
3601
3607
3611
3617
3620
3626
3630
3636
3639
3645
3649
3654
3658
3664
3668
3673
3677
3683
3687
3692
3696
3702
3706
3711
3715
3721
3725
3730
3734
3740
3743
3749
3753
3759
3762
3768
3772
3778
3781
3787
3791
3797
3800
3806
3810
3815
3819
3825
3829
3834
3838
3844
3848
3853
3857
3863
3867
3872
3876
3882
3886
3891
3895
3901
3904
3910
3914
3920
3923
3929
3933
3939
3942
3948
3952
3958
3961
3967
3971
3976
3980
3986
3990
3995
3999
4005
4009
4014
4020
4025
4032
4037
4044
4049
4056
4061
4068
4073
4080
4085
4092
4097
4104
4109
4116
4121
4128
4133
4140
4145
4152
4157
4164
4169
4176
4181
4188
4193
4200
4205
4212
4217
4224
4229
4236
4240
4247
4252
4259
4264
4271
4276
4283
4288
4295
4300
4307
4312
4319
4324
4331
4336
4343
4348
4355
4360
4367
4372
4379
4384
4391
4396
4403
4408
4415
4420
4427
4432
4439
4444
4451
4455
4458
4463
4465
4470
4473
4478
4480
4485
4488
4493
4495
4500
4503
4508
4510
4515
4518
4523
4525
4530
4533
4537
4540
4545
4548
4552
4555
4560
4563
4567
4570
4575
4578
4582
4585
4590
4593
4597
4600
4605
4607
4612
4615
4620
4622
4627
4630
4635
4637
4642
4645
4650
4652
4657
4660
4665
4667
4672
4675
4679
4682
4687
4690
4694
4697
4702
4705
4709
4712
4717
4720
4724
4727
4732
4735
4739
4742
4747
4749
4754
4757
4762
4764
4769
4772
4777
4779
4784
4787
4792
4794
4799
4802
4807
4809
4814
4817
4821
4824
4829
4832
4836
4839
4844
4847
4851
4854
4859
4862
4866
4869
4874
4877
4881
4884
4889
4891
4896
4899
4904
4906
4911
4914
4919
4922
4927
4930
4935
4939
4944
4947
4952
4955
4960
4964
4969
4972
4977
4980
4985
4989
4994
4997
5002
5005
5010
5014
5019
5022
5027
5030
5036
5039
5044
5047
5052
5055
5061
5064
5069
5072
5077
5080
5086
5089
5094
5097
5102
5105
5111
5114
5119
5122
5127
5130
5136
5139
5144
5147
5152
5156
5161
5164
5169
5172
5177
5181
5186
5189
5194
5197
5202
5206
5211
5214
5219
5222
5227
5231
5236
5239
5244
5247
5252
5256
5261
5264
5269
5272
5278
5281
5286
5289
5294
5297
5303
5306
5311
5314
5319
5322
5328
5331
5336
5339
5344
5347
5353
5356
5361
5364
5369
5372
5377
5380
5386
5389
5395
5398
5404
5407
5413
5416
5422
5425
5431
5434
5440
5443
5449
5452
5458
5461
5467
5470
5476
5479
5485
5488
5494
5497
5503
5506
5512
5515
5521
5524
5530
5533
5539
5542
5548
5551
5557
5560
5566
5569
5575
5578
5584
5587
5593
5596
5602
5605
5611
5614
5620
5623
5629
5632
5638
5641
5647
5650
5656
5659
5665
5668
5674
5677
5683
5686
5692
5695
5701
5704
5710
5713
5719
5722
5728
5731
5737
5740
5746
5749
5755
5758
5764
5767
5773
5776
5782
5785
5791
5794
5800
5803
5810
5815
5822
5827
5834
5839
5846
5852
5859
5864
5871
5876
5883
5888
5896
5901
5908
5913
5920
5925
5932
5938
5945
5950
5957
5962
5969
5974
5982
5987
5994
5999
6006
6011
6018
6024
6031
6036
6043
6048
6055
6060
6068
6073
6080
6085
6092
6097
6104
6110
6117
6122
6129
6134
6141
6146
6154
6159
6166
6171
6178
6183
6190
6196
6203
6208
6215
6220
6227
6232
6240
6245
6252
6257
6264
6269
6276
6282
6287
6294
6299
6306
6311
6318
6323
6329
6334
6341
6346
6353
6358
6365
6370
6376
6381
6388
6393
6400
6405
6412
6417
6424
6428
6435
6440
6447
6452
6459
6464
6471
6476
6481
6488
6493
6500
6505
6512
6517
6524
6528
6535
6540
6547
6552
6559
6564
6571
6576
6581
6588
6593
6600
6605
6612
6617
6624
6628
6635
6640
6647
6652
6659
6664
6671
6676
6681
6688
6693
6700
6705
6712
6717
6724
6728
6735
6740
6747
6752
6759
6764
6771
6776
6783
6788
6795
6800
6807
6812
6819
6825
6832
6837
6844
6849
6856
6861
6868
6873
6880
6885
6892
6897
6904
6909
6916
6922
6929
6934
6941
6946
6953
6958
6965
6970
6977
6982
6989
6994
7001
7006
7013
7019
7026
7031
7038
7043
7050
7055
7062
7067
7074
7079
7086
7091
7098
7103
7111
7116
7123
7128
7135
7140
7147
7152
7159
7164
7171
7175
7178
7183
7185
7190
7193
7198
7200
7205
7208
7212
7215
7220
7223
7227
7230
7235
7237
7242
7245
7250
7252
7257
7260
7264
7267
7272
7275
7279
7282
7287
7290
7294
7297
7302
7304
7309
7312
7317
7319
7324
7327
7331
7334
7339
7342
7346
7349
7354
7356
7361
7364
7369
7371
7376
7379
7384
7386
7391
7394
7398
7401
7406
7409
7413
7416
7421
7423
7428
7431
7436
7438
7443
7446
7450
7453
7458
7461
7465
7468
7473
7476
7480
7483
7488
7490
7495
7498
7503
7505
7510
7513
7517
7520
7525
7528
7532
7535
7540
7542
7547
7550
7555
7557
7562
7565
7570
7572
7577
7580
7584
7587
7592
7595
7599
7602
7607
7609
7614
7617
7622
7624
7629
7632
7636
7639
7644
7647
7651
7654
7659
7662
7666
7669
7674
7676
7681
7684
7689
7693
7696
7701
7704
7709
7712
7717
7720
7724
7727
7732
7735
7740
7743
7748
7751
7756
7758
7763
7766
7771
7774
7779
7782
7787
7790
7794
7797
7802
7805
7810
7813
7818
7821
7826
7828
7833
7836
7841
7844
7849
7852
7857
7859
7864
7867
7872
7875
7880
7883
7888
7891
7895
7898
7903
7906
7911
7914
7919
7922
7927
7929
7934
7937
7942
7945
7950
7953
7958
7961
7965
7968
7973
7976
7981
7984
7989
7992
7996
7999
8004
8007
8012
8015
8020
8023
8028
8030
8035
8038
8043
8046
8051
8054
8059
8062
8066
8069
8074
8077
8082
8085
8090
8093
8098
8100
8105
8108
8113
8116
8121
8124
8129
8132
8136
8139
8144
8147
8152
8155
8160
8163
8167
8170
8175
8178
8183
8186
8191
8194
8199
8201
8206
8209
8215
8219
8225
8230
8236
8240
8246
8251
8257
8261
8268
8272
8278
8282
8289
8293
8299
8304
8310
8314
8320
8325
8331
8335
8342
8346
8352
8356
8363
8367
8373
8378
8384
8388
8394
8399
8405
8409
8415
8420
8426
8430
8437
8441
8447
8451
8458
8462
8468
8473
8479
8483
8489
8494
8500
8504
8511
8515
8521
8525
8532
8536
8542
8547
8553
8557
8563
8568
8574
8578
8584
8589
8595
8599
8606
8610
8616
8620
8627
8631
8637
8642
8648
8652
8658
8663
8669
8673
8680
8686
8690
8696
8700
8706
8710
8716
8720
8726
8730
8736
8740
8746
8750
8756
8760
8766
8770
8776
8780
8786
8790
8796
8800
8806
8810
8816
8820
8826
8831
8837
8841
8847
8851
8857
8861
8867
8871
8877
8881
8887
8891
8897
8901
8907
8911
8917
8921
8927
8931
8937
8941
8947
8951
8957
8961
8967
8971
8977
8982
8988
8992
8998
9002
9008
9012
9018
9022
9028
9032
9038
9042
9048
9052
9058
9062
9068
9072
9074
9078
9081
9085
9087
9091
9094
9098
9100
9104
9107
9111
9113
9117
9120
9124
9126
9130
9133
9137
9139
9143
9146
9150
9152
9156
9159
9163
9165
9169
9172
9176
9178
9182
9185
9189
9191
9195
9198
9202
9204
9208
9211
9215
9217
9221
9224
9228
9230
9234
9237
9241
9243
9247
9250
9254
9256
9260
9263
9267
9269
9273
9276
9280
9282
9286
9289
9293
9295
9299
9302
9306
9308
9312
9315
9319
9321
9325
9328
9332
9334
9338
9341
9345
9347
9352
9354
9358
9360
9365
9367
9371
9373
9378
9380
9384
9386
9391
9393
9397
9399
9404
9406
9410
9412
9417
9419
9423
9425
9430
9432
9436
9438
9443
9445
9449
9451
9456
9458
9462
9464
9469
9471
9475
9477
9482
9486
9491
9495
9500
9504
9509
9513
9518
9522
9527
9531
9536
9540
9545
9549
9554
9558
9563
9567
9572
9576
9581
9585
9590
9594
9599
9603
9608
9612
9617
9621
9626
9630
9635
9639
9644
9648
9654
9657
9663
9666
9672
9675
9681
9684
9690
9693
9699
9702
9708
9711
9717
9720
9726
9729
9735
9738
9744
9747
9753
9756
9762
9765
9771
9774
9780
9783
9789
9792
9798
9801
9807
9810
9816
9819
9825
9829
9834
9838
9843
9847
9852
9856
9861
9865
9870
9875
9879
9885
9889
9895
9898
9904
9908
9914
9918
9924
9927
9933
9937
9943
9947
9952
9956
9962
9966
9972
9976
9981
9985
9991
9995
10001
10004
10010
10014
10020
10024
10030
10033
10039
10043
10049
10053
10058
10062
10068
10072
10078
10082
10087
10091
10097
10101
10107
10110
10116
10120
10126
10130
10136
10139
10145
10149
10155
10159
10164
10168
10174
10178
10184
10188
10193
10197
10203
10207
10213
10216
10222
10226
10232
10236
10242
10245
10251
10255
10261
10265
10270
10274
10280
10284
10290
10294
10299
10303
10309
10313
10319
10323
10328
10332
10338
10342
10348
10351
10357
10361
10367
10371
10377
10380
10386
10390
10392
10396
10399
10403
10405
10410
10412
10416
10418
10423
10425
10429
10432
10436
10438
10443
10445
10449
10451
10456
10458
10462
10465
10469
10471
10476
10478
10482
10484
10489
10491
10495
10498
10502
10504
10509
10511
10515
10517
10522
10524
10528
10531
10535
10537
10542
10544
10548
10550
10555
10557
10561
10564
10568
10570
10575
10577
10581
10583
10588
10590
10594
10597
10601
10603
10608
10610
10614
10616
10621
10623
10627
10630
10634
10636
10640
10643
10647
10649
10654
10656
10660
10663
10667
10669
10673
10676
10680
10682
10687
10689
10693
10696
10700
10702
10706
10709
10713
10715
10720
10722
10726
10729
10733
10735
10739
10742
10746
10748
10753
10755
10759
10762
10766
10768
10772
10775
10781
10785
10791
10795
10802
10806
10812
10816
10823
10827
10833
10837
10844
10848
10854
10858
10864
10869
10875
10879
10885
10890
10896
10900
10906
10911
10917
10921
10927
10931
10938
10942
10948
10952
10959
10963
10969
10973
10980
10984
10990
10994
11000
11005
11011
11015
11021
11026
11032
11036
11042
11047
11053
11057
11063
11067
11074
11078
11084
11088
11095
11099
11105
11109
11116
11120
11126
11130
11136
11141
11147
11151
11157
11162
11168
11172
11178
11183
11189
11193
11199
11203
11210
11214
11220
11224
11231
11235
11241
11245
11252
11256
11260
11263
11268
11270
11275
11278
11282
11285
11290
11292
11297
11300
11304
11307
11312
11314
11319
11322
11326
11329
11334
11336
11341
11344
11348
11351
11356
11358
11363
11366
11371
11373
11378
11381
11385
11388
11393
11395
11400
11403
11407
11410
11415
11417
11422
11425
11429
11432
11437
11439
11444
11447
11451
11454
11459
11461
11466
11469
11473
11476
11481
11484
11488
11491
11496
11498
11503
11506
11510
11513
11518
11520
11525
11528
11532
11535
11540
11542
11547
11550
11554
11557
11562
11564
11569
11572
11576
11579
11584
11586
11591
11594
11599
11601
11606
11609
11613
11616
11621
11623
11628
11631
11635
11638
11643
11645
11650
11653
11657
11660
11665
11667
11672
11675
11679
11682
11687
11689
11694
11698
11701
11705
11708
11713
11715
11720
11722
11727
11730
11734
11737
11741
11744
11749
11751
11756
11758
11763
11766
11770
11773
11777
11780
11785
11787
11792
11794
11799
11802
11806
11809
11814
11816
11821
11823
11828
11831
11835
11838
11842
11845
11850
11852
11857
11859
11864
11867
11871
11874
11878
11881
11886
11888
11893
11895
11900
11903
11907
11910
11915
11917
11922
11924
11929
11932
11936
11939
11943
11946
11951
11953
11958
11960
11965
11968
11972
11975
11979
11982
11987
11989
11994
11996
12001
12004
12008
12011
12016
12018
12023
12025
12030
12033
12037
12040
12044
12047
12052
12054
12059
12061
12066
12069
12073
12076
12080
12083
12088
12090
12095
12097
12102
12105
12109
12112
12117
12119
12124
12126
12131
12134
12138
12141
12145
12148
12153
12155
12160
12162
12167
12170
12174
12177
12181
12184
12189
12191
12196
12199
12204
12206
12211
12214
12219
12221
12226
12229
12234
12236
12241
12244
12248
12251
12256
12259
12263
12266
12271
12274
12278
12281
12286
12289
12293
12296
12301
12303
12308
12311
12316
12318
12323
12326
12331
12333
12338
12341
12346
12348
12353
12356
12361
12363
12368
12371
12375
12378
12383
12386
12390
12393
12398
12401
12405
12408
12413
12416
12420
12423
12428
12430
12435
12438
12443
12445
12450
12453
12458
12460
12465
12468
12473
12475
12480
12483
12487
12490
12495
12498
12502
12505
12510
12513
12517
12520
12525
12528
12532
12535
12540
12543
12547
12550
12555
12557
12562
12565
12570
12572
12577
12580
12585
12587
12592
12595
12600
12602
12607
12610
12614
12617
12622
12625
12629
12632
12637
12640
12644
12647
12651
12654
12658
12661
12665
12668
12673
12675
12680
12682
12687
12690
12694
12697
12701
12704
12709
12711
12716
12718
12723
12726
12730
12733
12737
12740
12745
12747
12752
12754
12759
12762
12766
12769
12773
12776
12781
12783
12788
12790
12795
12798
12802
12805
12809
12812
12817
12819
12824
12826
12831
12833
12838
12841
12845
12848
12852
12855
12860
12862
12867
12869
12874
12877
12881
12884
12888
12891
12896
12898
12903
12905
12910
12913
12917
12920
12924
12927
12932
12934
12939
12941
12946
12949
12953
12956
12960
12963
12968
12970
12975
12977
12982
12985
12989
12992
12996
12999
13004
13006
13011
13013
13018
13020
13025
13028
13032
13035
13039
13042
13047
13049
13054
13056
13061
13064
13068
13071
13075
13078
13083
13085
13090
13092
13097
13100
13104
13107
13111
13114
13119
13124
13127
13132
13135
13140
13143
13148
13151
13156
13159
13164
13167
13172
13175
13180
13183
13188
13191
13196
13199
13204
13207
13212
13215
13221
13224
13229
13232
13237
13240
13245
13248
13253
13256
13261
13264
13269
13272
13277
13280
13285
13288
13293
13296
13301
13304
13309
13312
13317
13321
13326
13329
13334
13337
13342
13345
13350
13353
13358
13361
13366
13369
13374
13377
13382
13385
13390
13393
13398
13401
13406
13409
13414
13417
13423
13426
13431
13434
13439
13442
13447
13450
13455
13458
13463
13466
13471
13474
13479
13482
13487
13490
13495
13498
13503
13506
13511
13514
13519
13523
13528
13531
13536
13539
13544
13547
13552
13555
13560
13563
13568
13571
13576
13579
13584
13587
13592
13595
13600
13603
13608
13611
13616
13620
13625
13628
13633
13636
13641
13644
13648
13650
13655
13657
13662
13664
13668
13671
13675
13678
13682
13685
13689
13691
13696
13698
13703
13705
13710
13712
13716
13719
13723
13726
13730
13733
13737
13739
13744
13746
13751
13753
13758
13760
13764
13767
13771
13774
13778
13780
13785
13787
13792
13794
13799
13801
13805
13808
13812
13815
13819
13822
13826
13828
13833
13835
13840
13842
13847
13849
13853
13856
13860
13863
13867
13870
13874
13876
13881
13883
13888
13890
13894
13897
13901
13904
13908
13911
13915
13917
13922
13924
13929
13931
13936
13938
13942
13945
13949
13952
13956
13959
13963
13965
13970
13972
13977
13979
13984
13986
13990
13993
13997
14000
14004
14007
14011
14013
14018
14020
14025
14027
14031
14034
14038
14041
14045
14048
14052
14054
14059
14061
14066
14068
14073
14075
14079
14082
14086
14089
14093
14096
14100
14102
14107
14113
14118
14125
14130
14137
14142
14149
14153
14160
14165
14172
14177
14184
14189
14195
14200
14207
14212
14219
14224
14231
14235
14242
14247
14254
14259
14266
14271
14277
14282
14289
14294
14301
14306
14313
14317
14324
14329
14336
14341
14348
14353
14359
14364
14371
14376
14383
14388
14395
14399
14406
14411
14418
14423
14430
14435
14441
14446
14453
14458
14465
14470
14477
14482
14487
14494
14499
14506
14511
14518
14523
14529
14534
14541
14546
14553
14558
14565
14569
14576
14581
14588
14593
14600
14605
14611
14616
14623
14628
14635
14640
14646
14651
14657
14662
14668
14673
14679
14684
14690
14695
14701
14706
14712
14717
14723
14728
14734
14739
14745
14750
14756
14761
14767
14772
14778
14783
14790
14794
14801
14805
14812
14816
14823
14827
14834
14838
14845
14849
14856
14860
14867
14871
14878
14882
14889
14893
14900
14904
14911
14915
14922
14927
14933
14938
14944
14949
14955
14960
14966
14971
14977
14982
14988
14993
14999
15004
15010
15015
15021
15026
15032
15037
15043
15048
15054
15059
15063
15065
15070
15072
15076
15079
15083
15086
15090
15092
15097
15099
15104
15106
15110
15113
15117
15119
15124
15126
15131
15133
15137
15140
15144
15147
15151
15153
15158
15160
15165
15167
15171
15174
15178
15180
15185
15187
15192
15194
15198
15201
15205
15208
15212
15214
15219
15221
15226
15228
15232
15235
15239
15241
15246
15248
15253
15255
15259
15262
15266
15269
15273
15275
15280
15282
15287
15289
15293
15296
15300
15302
15307
15309
15314
15316
15320
15323
15327
15330
15334
15336
15341
15343
15348
15350
15354
15357
15361
15363
15368
15370
15375
15377
15381
15384
15388
15391
15395
15397
15402
15404
15409
15411
15415
15418
15422
15424
15429
15431
15436
15438
15442
15445
15449
15452
15456
15458
15463
15465
15470
15472
15476
15479
15483
15485
15490
15492
15497
15499
15503
15506
15510
15513
15517
15519
15524
15526
15531
15533
15537
15540
15544
15549
15553
15559
15562
15568
15572
15577
15581
15587
15590
15596
15600
15605
15609
15615
15618
15624
15628
15633
15637
15643
15646
15652
15656
15661
15665
15671
15674
15680
15684
15689
15693
15699
15702
15708
15712
15717
15721
15727
15730
15736
15740
15745
15749
15755
15758
15764
15768
15773
15777
15783
15786
15792
15796
15801
15805
15811
15814
15820
15824
15829
15833
15839
15842
15848
15852
15857
15861
15867
15870
15876
15880
15885
15889
15895
15898
15904
15908
15913
15917
15923
15926
15932
15936
15941
15945
15951
15954
15960
15964
15969
15973
15979
15982
15988
15992
15997
16001
16007
16010
16016
16020
16025
16029
16035
16038
16045
16050
16058
16063
16071
16076
16084
16089
16097
16102
16110
16115
16123
16128
16136
16141
16149
16154
16162
16167
16174
16180
16187
16193
16200
16206
16213
16219
16226
16232
16239
16245
16252
16258
16265
16271
16278
16284
16291
16297
16304
16309
16317
16322
16330
16335
16343
16348
16356
16361
16369
16374
16382
16387
16395
16400
16408
16413
16421
16426
16434
16439
16446
16452
16459
16465
16472
16478
16485
16491
16498
16504
16511
16517
16524
16530
16534
16537
16541
16544
16549
16551
16556
16559
16563
16566
16571
16573
16578
16581
16585
16588
16592
16595
16600
16602
16607
16610
16614
16617
16622
16624
16629
16632
16636
16639
16644
16646
16651
16653
16658
16661
16665
16668
16673
16675
16680
16683
16687
16690
16695
16697
16702
16705
16709
16712
16716
16719
16724
16726
16731
16734
16738
16741
16746
16748
16753
16756
16760
16763
16768
16770
16775
16777
16782
16785
16789
16792
16797
16799
16804
16807
16811
16814
16819
16821
16826
16828
16833
16836
16840
16843
16848
16850
16855
16858
16862
16865
16870
16872
16877
16880
16884
16887
16891
16894
16899
16901
16906
16909
16913
16916
16921
16923
16928
16931
16935
16938
16943
16945
16950
16952
16957
16960
16964
16967
16972
16974
16979
16985
16990
16997
17001
17008
17013
17019
17024
17031
17036
17042
17047
17054
17059
17064
17071
17076
17082
17087
17094
17099
17104
17111
17116
17122
17127
17134
17139
17144
17151
17156
17162
17167
17174
17179
17184
17191
17196
17202
17207
17214
17219
17224
17231
17236
17242
17247
17254
17259
17264
17271
17276
17282
17287
17294
17299
17304
17311
17316
17322
17327
17334
17339
17344
17351
17356
17362
17367
17374
17379
17384
17390
17395
17402
17407
17414
17419
17426
17431
17438
17443
17450
17455
17461
17466
17473
17478
17485
17490
17497
17502
17509
17514
17521
17526
17533
17537
17544
17549
17556
17561
17568
17573
17580
17585
17592
17597
17604
17609
17615
17620
17627
17632
17639
17644
17651
17656
17663
17668
17675
17680
17687
17691
17698
17703
17710
17715
17722
17727
17734
17739
17746
17751
17758
17763
17769
17774
17781
17786
17793
17798
17805
17810
17817
17821
17824
17829
17831
17836
17839
17843
17846
17851
17854
17858
17861
17866
17868
17873
17876
17881
17883
17888
17891
17895
17898
17903
17906
17910
17913
17918
17920
17925
17928
17933
17935
17940
17943
17947
17950
17955
17958
17962
17965
17970
17972
17977
17980
17985
17987
17992
17995
17999
18002
18007
18010
18014
18017
18022
18024
18029
18032
18037
18039
18044
18047
18051
18054
18059
18062
18066
18069
18074
18076
18081
18084
18089
18091
18096
18099
18103
18106
18111
18114
18118
18121
18126
18128
18133
18136
18141
18143
18148
18151
18155
18158
18163
18166
18170
18173
18178
18180
18185
18188
18193
18195
18200
18203
18207
18210
18215
18218
18222
18225
18230
18232
18237
18240
18245
18249
18252
18257
18260
18264
18267
18272
18275
18279
18282
18287
18290
18294
18297
18302
18305
18310
18312
18317
18320
18325
18327
18332
18335
18340
18342
18347
18350
18355
18358
18362
18365
18370
18373
18377
18380
18385
18388
18392
18395
18400
18403
18408
18410
18415
18418
18423
18425
18430
18433
18438
18440
18445
18448
18453
18456
18460
18463
18468
18471
18475
18478
18483
18486
18490
18493
18498
18501
18506
18508
18513
18516
18521
18523
18528
18531
18536
18538
18543
18546
18551
18554
18558
18561
18566
18569
18573
18576
18581
18584
18588
18591
18596
18599
18604
18606
18611
18614
18619
18621
18626
18629
18634
18636
18641
18644
18649
18652
18656
18659
18664
18667
18671
18674
18679
18682
18686
18689
18694
18697
18702
18704
18709
18712
18717
18719
18724
18727
18732
18734
18739
18742
18747
18750
18754
18757
18762
18765
18772
18777
18784
18789
18796
18801
18808
18814
18821
18826
18833
18838
18845
18850
18858
18863
18870
18875
18882
18887
18894
18900
18907
18912
18919
18924
18931
18936
18944
18949
18956
18961
18968
18973
18980
18986
18993
18998
19005
19010
19017
19022
19030
19035
19042
19047
19054
19059
19066
19072
19079
19084
19091
19096
19103
19108
19116
19121
19128
19133
19140
19145
19152
19158
19165
19170
19177
19182
19189
19194
19202
19207
19214
19219
19226
19231
19238
19244
19251
19256
19263
19268
19273
19277
19283
19287
19293
19296
19302
19306
19312
19316
19322
19325
19331
19335
19341
19345
19351
19354
19360
19364
19370
19374
19380
19383
19389
19393
19399
19403
19409
19412
19418
19422
19428
19432
19438
19441
19447
19451
19457
19461
19467
19470
19476
19480
19486
19490
19496
19499
19505
19509
19515
19519
19525
19528
19534
19538
19544
19548
19554
19557
19563
19567
19573
19577
19583
19586
19592
19596
19602
19606
19611
19615
19621
19625
19631
19635
19640
19644
19650
19654
19660
19664
19669
19673
19679
19683
19689
19693
19698
19702
19708
19712
19718
19722
19727
19731
19737
19741
19747
19751
19756
19760
19766
19770
19776
19783
19788
19795
19800
19807
19812
19819
19825
19832
19837
19844
19849
19856
19861
19868
19874
19881
19886
19893
19898
19905
19910
19917
19923
19930
19935
19942
19947
19954
19959
19966
19972
19979
19984
19991
19996
20003
20008
20015
20021
20028
20033
20040
20045
20052
20057
20064
20070
20077
20082
20089
20094
20101
20106
20113
20119
20126
20131
20138
20143
20150
20155
20162
20166
20168
20172
20175
20179
20181
20186
20188
20192
20195
20199
20201
20206
20208
20212
20215
20219
20221
20226
20228
20232
20235
20239
20241
20246
20248
20252
20255
20259
20261
20266
20268
20272
20275
20279
20281
20286
20288
20292
20295
20299
20301
20305
20308
20312
20314
20319
20321
20325
20328
20332
20334
20339
20341
20345
20348
20352
20354
20359
20361
20365
20368
20372
20374
20379
20381
20385
20388
20392
20394
20399
20401
20405
20408
20412
20414
20419
20421
20425
20428
20432
20434
20438
20441
20445
20447
20452
20454
20458
20461
20465
20467
20472
20474
20478
20481
20485
20487
20492
20494
20498
20501
20505
20507
20512
20514
20518
20521
20525
20527
20532
20534
20538
20541
20545
20547
20552
20554
20558
20561
20565
20567
20571
20574
20578
20580
20585
20587
20591
20594
20598
20600
20605
20607
20611
20614
20618
20620
20625
20631
20636
20643
20648
20655
20660
20667
20672
20679
20684
20691
20696
20703
20708
20715
20720
20727
20732
20739
20744
20751
20756
20763
20768
20775
20780
20787
20792
20799
20804
20811
20816
20823
20828
20835
20840
20847
20852
20859
20864
20871
20876
20883
20888
20895
20900
20907
20911
20918
20923
20930
20935
20942
20947
20954
20959
20966
20971
20978
20983
20990
20995
21002
21007
21014
21019
21026
21031
21038
21043
21050
21055
21062
21067
21074
21079
21086
21091
21098
21103
21110
21115
21122
21127
21134
21139
21146
21151
21156
21159
21165
21168
21174
21177
21182
21186
21191
21195
21200
21203
21209
21212
21218
21221
21226
21230
21235
21239
21244
21247
21253
21256
21262
21265
21270
21274
21279
21283
21288
21291
21297
21300
21306
21309
21314
21318
21323
21327
21332
21335
21341
21344
21350
21353
21358
21362
21367
21371
21376
21379
21385
21388
21394
21397
21402
21406
21411
21415
21420
21423
21429
21432
21438
21441
21446
21450
21455
21459
21464
21467
21473
21476
21482
21485
21490
21494
21499
21503
21508
21511
21517
21520
21526
21529
21534
21538
21543
21547
21552
21555
21561
21564
21570
21573
21578
21582
21587
21591
21596
21599
21605
21608
21614
21617
21621
21624
21629
21631
21636
21639
21643
21646
21651
21653
21658
21661
21665
21668
21673
21675
21680
21683
21687
21690
21695
21697
21702
21705
21709
21712
21717
21719
21724
21727
21731
21734
21739
21741
21746
21749
21753
21756
21761
21763
21768
21771
21775
21778
21783
21785
21790
21793
21797
21800
21805
21807
21812
21815
21819
21822
21827
21829
21834
21837
21841
21844
21849
21851
21856
21859
21863
21866
21871
21873
21878
21881
21885
21888
21893
21895
21900
21903
21907
21910
21915
21917
21922
21925
21929
21932
21937
21939
21944
21947
21951
21954
21959
21961
21966
21969
21973
21976
21981
21983
21988
21991
21995
21998
22003
22005
22010
22013
22017
22020
22025
22028
22032
22035
22040
22042
22047
22050
22054
22057
22062
22064
22069
22072
22076
22079
22084
22086
22091
22094
22098
22101
22106
22108
22113
22116
22120
22123
22128
22130
22135
22138
22142
22144
22148
22151
22155
22157
22161
22164
22168
22170
22174
22177
22181
22183
22188
22190
22194
22196
22201
22203
22207
22209
22214
22216
22220
22223
22227
22229
22233
22236
22240
22242
22246
22249
22253
22255
22259
22262
22266
22268
22273
22275
22279
22281
22286
22288
22292
22294
22299
22301
22305
22308
22312
22314
22318
22321
22325
22327
22331
22334
22338
22340
22344
22347
22351
22353
22358
22360
22364
22366
22371
22373
22377
22379
22384
22386
22390
22393
22397
22399
22403
22406
22410
22412
22416
22419
22423
22425
22430
22432
22436
22438
22443
22445
22449
22451
22456
22458
22462
22464
22469
22471
22475
22478
22482
22484
22488
22491
22495
22497
22501
22504
22508
22510
22515
22517
22521
22523
22528
22530
22534
22536
22541
22543
22547
22549
22554
22556
22560
22563
22567
22570
22575
22578
22583
22586
22591
22594
22599
22602
22607
22610
22615
22618
22623
22626
22631
22634
22639
22642
22647
22650
22655
22657
22662
22665
22670
22673
22678
22681
22686
22689
22694
22697
22702
22705
22710
22713
22718
22721
22726
22729
22734
22737
22742
22745
22750
22752
22757
22760
22765
22768
22773
22776
22781
22784
22789
22792
22797
22800
22805
22808
22813
22816
22821
22824
22829
22832
22837
22840
22845
22847
22852
22855
22860
22863
22868
22871
22876
22879
22884
22887
22892
22895
22900
22903
22908
22911
22916
22919
22924
22927
22932
22935
22939
22942
22947
22950
22955
22958
22963
22966
22971
22974
22979
22982
22987
22990
22995
22998
23003
23006
23011
23014
23019
23022
23027
23030
23034
23037
23042
23047
23050
23055
23058
23063
23066
23071
23075
23080
23083
23088
23091
23096
23099
23105
23108
23113
23116
23121
23124
23129
23133
23138
23141
23146
23149
23154
23157
23162
23166
23171
23174
23179
23182
23187
23190
23196
23199
23204
23207
23212
23215
23220
23224
23229
23232
23237
23240
23245
23248
23253
23257
23262
23265
23270
23273
23278
23281
23287
23290
23295
23298
23303
23306
23311
23315
23320
23323
23328
23331
23336
23339
23344
23348
23353
23356
23361
23364
23369
23372
23378
23381
23386
23389
23394
23397
23402
23406
23411
23414
23419
23422
23427
23430
23435
23439
23444
23447
23452
23455
23460
23463
23469
23472
23477
23480
23485
23488
23493
23497
23502
23505
23510
23513
23518
23521
23527
23530
23535
23539
23544
23547
23553
23556
23561
23565
23570
23573
23579
23582
23587
23591
23596
23599
23605
23608
23613
23617
23622
23626
23631
23634
23640
23643
23648
23652
23657
23660
23666
23669
23674
23678
23683
23686
23692
23695
23700
23704
23709
23713
23717
23722
23726
23731
23734
23740
23743
23748
23752
23757
23760
23766
23769
23774
23778
23783
23786
23792
23795
23800
23804
23809
23813
23817
23822
23826
23831
23834
23840
23843
23848
23852
23857
23860
23866
23869
23874
23878
23883
23886
23892
23895
23900
23904
23909
23913
23917
23922
23927
23930
23936
23939
23944
23948
23953
23956
23962
23965
23971
23974
23979
23983
23988
23991
23997
24000
24006
24009
24014
24018
24023
24026
24032
24035
24041
24044
24049
24053
24058
24061
24067
24070
24076
24079
24084
24088
24093
24096
24102
24105
24111
24114
24119
24123
24128
24131
24137
24140
24146
24149
24154
24158
24163
24166
24172
24175
24181
24184
24189
24193
24198
24201
24207
24210
24216
24219
24224
24228
24233
24236
24242
24245
24250
24254
24259
24263
24268
24271
24277
24280
24285
24289
24294
24298
24303
24306
24312
24315
24320
24324
24329
24333
24338
24341
24347
24350
24355
24359
24364
24368
24373
24376
24382
24385
24390
24394
24399
24403
24408
24411
24415
24417
24422
24424
24429
24431
24436
24438
24442
24445
24449
24452
24456
24459
24463
24466
24470
24472
24477
24479
24484
24486
24491
24493
24497
24500
24504
24507
24511
24514
24518
24521
24525
24527
24532
24534
24539
24541
24546
24548
24552
24555
24559
24562
24566
24569
24573
24576
24580
24582
24587
24589
24594
24596
24601
24603
24607
24610
24614
24617
24621
24624
24628
24631
24635
24637
24642
24644
24649
24651
24656
24658
24663
24665
24669
24672
24676
24679
24683
24686
24690
24692
24697
24699
24704
24706
24711
24713
24718
24720
24724
24727
24731
24734
24738
24741
24745
24747
24752
24754
24759
24761
24766
24768
24773
24775
24779
24782
24786
24789
24793
24796
24800
24806
24810
24817
24821
24828
24832
24838
24843
24849
24854
24860
24865
24871
24875
24882
24886
24893
24897
24904
24908
24914
24919
24925
24930
24936
24940
24947
24951
24958
24962
24969
24973
24979
24984
24990
24995
25001
25006
25012
25016
25023
25027
25034
25038
25045
25049
25055
25060
25066
25071
25077
25081
25088
25092
25099
25103
25110
25114
25120
25125
25131
25136
25142
25147
25153
25157
25164
25168
25175
25179
25185
25190
25196
25201
25207
25212
25218
25222
25229
25233
25240
25244
25251
25255
25261
25266
25272
25276
25279
25283
25286
25290
25293
25297
25300
25304
25307
25311
25314
25319
25321
25326
25328
25333
25335
25340
25342
25347
25349
25354
25357
25361
25364
25368
25371
25375
25378
25382
25385
25389
25392
25397
25399
25404
25406
25411
25413
25418
25420
25425
25427
25432
25434
25439
25442
25446
25449
25453
25456
25460
25463
25467
25470
25474
25477
25482
25484
25489
25491
25496
25498
25503
25505
25510
25512
25517
25520
25524
25527
25531
25534
25538
25541
25545
25548
25552
25555
25559
25562
25567
25569
25574
25576
25581
25583
25588
25590
25595
25597
25602
25605
25609
25612
25616
25619
25623
25626
25630
25633
25637
25640
25645
25647
25652
25654
25659
25661
25666
25668
25673
25675
25680
25682
25687
25690
25694
25697
25703
25708
25715
25720
25726
25731
25738
25743
25750
25754
25761
25766
25773
25778
25784
25789
25796
25801
25808
25812
25819
25824
25831
25835
25842
25847
25854
25859
25865
25870
25877
25882
25889
25893
25900
25905
25912
25917
25923
25928
25935
25940
25947
25951
25958
25963
25970
25974
25981
25986
25993
25998
26004
26009
26016
26021
26028
26032
26039
26044
26051
26056
26062
26067
26074
26079
26086
26090
26097
26102
26109
26113
26120
26125
26129
26132
26136
26139
26144
26146
26151
26153
26158
26161
26165
26168
26173
26175
26180
26182
26187
26190
26194
26197
26201
26204
26209
26211
26216
26219
26223
26226
26230
26233
26238
26240
26245
26248
26252
26255
26259
26262
26267
26269
26274
26276
26281
26284
26288
26291
26296
26298
26303
26305
26310
26313
26317
26320
26325
26327
26332
26334
26339
26342
26346
26349
26353
26356
26361
26363
26368
26371
26375
26378
26382
26385
26390
26392
26397
26400
26404
26407
26411
26414
26419
26421
26426
26428
26433
26436
26440
26443
26448
26450
26455
26457
26462
26465
26469
26472
26477
26479
26484
26486
26491
26494
26498
26501
26505
26508
26513
26515
26520
26523
26527
26530
26534
26537
26542
26544
26549
26552
26556
26559
26563
26566
26571
26573
26578
26580
26585
26588
26592
26595
26600
26602
26607
26609
26613
26616
26621
26624
26629
26632
26637
26640
26645
26648
26653
26656
26661
26664
26669
26672
26677
26680
26685
26688
26693
26696
26701
26704
26709
26712
26717
26720
26725
26728
26733
26736
26741
26744
26749
26752
26757
26760
26765
26768
26773
26776
26781
26784
26789
26792
26797
26800
26805
26808
26813
26816
26821
26824
26829
26832
26837
26840
26845
26848
26853
26856
26861
26864
26869
26872
26877
26880
26885
26888
26893
26896
26901
26904
26909
26912
26917
26920
26925
26928
26933
26936
26941
26944
26949
26952
26957
26960
26965
26968
26973
26976
26981
26984
26989
26992
26997
27000
27005
27008
27013
27016
27021
27024
27029
27032
27037
27039
27044
27047
27052
27055
27060
27063
27068
27071
27076
27079
27084
27087
27092
27095
27100
27103
27108
27111
27116
27119
27125
27128
27134
27137
27143
27146
27151
27155
27160
27164
27169
27173
27178
27181
27187
27190
27196
27199
27205
27208
27213
27217
27222
27226
27231
27235
27240
27243
27249
27252
27258
27261
27267
27270
27275
27279
27284
27288
27293
27297
27302
27305
27311
27314
27320
27323
27329
27332
27337
27341
27346
27350
27355
27359
27364
27368
27373
27376
27382
27385
27391
27394
27400
27403
27408
27412
27417
27421
27426
27430
27435
27438
27444
27447
27453
27456
27462
27465
27470
27474
27479
27483
27488
27492
27497
27500
27506
27509
27515
27521
27526
27533
27537
27544
27549
27556
27560
27567
27572
27579
27583
27590
27595
27602
27606
27613
27618
27625
27629
27636
27641
27648
27652
27659
27664
27671
27675
27682
27687
27694
27698
27705
27710
27717
27721
27728
27733
27740
27744
27751
27756
27763
27767
27774
27779
27785
27790
27797
27802
27808
27813
27820
27825
27831
27836
27843
27848
27854
27859
27866
27871
27877
27882
27889
27894
27900
27905
27912
27917
27923
27928
27935
27940
27946
27951
27958
27963
27969
27974
27981
27986
27992
27997
28004
28009
28015
28020
28025
28028
28034
28037
28043
28046
28052
28055
28061
28064
28070
28073
28079
28082
28088
28091
28097
28100
28106
28109
28115
28118
28124
28127
28132
28136
28141
28145
28150
28154
28159
28163
28168
28172
28177
28181
28186
28190
28195
28199
28204
28208
28213
28217
28222
28226
28231
28235
28240
28243
28249
28252
28258
28261
28267
28270
28276
28279
28285
28288
28294
28297
28303
28306
28312
28315
28321
28324
28330
28333
28339
28342
28347
28351
28356
28360
28365
28369
28374
28378
28383
28387
28392
28396
28401
28405
28410
28414
28419
28423
28428
28432
28437
28441
28446
28450
28455
28458
28464
28467
28473
28476
28482
28485
28491
28498
28503
28510
28516
28523
28528
28535
28541
28548
28553
28561
28566
28573
28578
28586
28591
28598
28603
28611
28616
28623
28629
28636
28641
28648
28654
28661
28666
28673
28679
28686
28691
28699
28704
28711
28716
28724
28729
28736
28741
28749
28754
28761
28767
28774
28779
28786
28792
28799
28804
28811
28817
28824
28829
28837
28842
28849
28854
28862
28867
28874
28879
28887
28892
28899
28905
28912
28917
28924
28930
28937
28942
28949
28955
28960
28963
28969
28972
28978
28981
28987
28990
28996
28999
29004
29008
29013
29017
29022
29026
29031
29035
29040
29044
29049
29052
29058
29061
29067
29070
29076
29079
29085
29088
29094
29097
29102
29106
29111
29115
29120
29124
29129
29133
29138
29142
29147
29150
29156
29159
29165
29168
29174
29177
29183
29186
29192
29195
29200
29204
29209
29213
29218
29222
29227
29231
29236
29240
29245
29248
29254
29257
29263
29266
29272
29275
29281
29284
29290
29293
29298
29302
29307
29311
29316
29320
29325
29329
29334
29338
29343
29346
29352
29355
29359
29362
29366
29369
29374
29376
29381
29384
29388
29391
29396
29398
29403
29405
29410
29413
29417
29420
29425
29427
29432
29435
29439
29442
29446
29449
29454
29456
29461
29464
29468
29471
29476
29478
29483
29486
29490
29493
29497
29500
29505
29507
29512
29515
29519
29522
29527
29529
29534
29536
29541
29544
29548
29551
29556
29558
29563
29566
29570
29573
29578
29580
29585
29587
29592
29595
29599
29602
29607
29609
29614
29617
29621
29624
29628
29631
29636
29638
29643
29646
29650
29653
29658
29660
29665
29668
29672
29675
29679
29682
29687
29689
29694
29697
29701
29704
29709
29711
29716
29718
29723
29726
29730
29733
29738
29740
29745
29748
29752
29755
29760
29766
29771
29777
29782
29789
29793
29800
29805
29811
29816
29823
29827
29834
29838
29845
29850
29856
29861
29868
29872
29879
29884
29890
29895
29901
29906
29913
29917
29924
29929
29935
29940
29947
29951
29958
29963
29969
29974
29980
29985
29992
29996
30003
30008
30014
30019
30026
30030
30037
30041
30048
30053
30059
30064
30071
30075
30082
30087
30093
30098
30104
30109
30116
30120
30127
30132
30138
30143
30150
30154
30161
30166
30172
30177
30183
30188
30195
30199
30204
30207
30212
30215
30220
30223
30228
30231
30236
30239
30244
30248
30253
30256
30261
30264
30269
30272
30277
30280
30285
30288
30294
30297
30302
30305
30310
30313
30318
30321
30326
30329
30334
30338
30343
30346
30351
30354
30359
30362
30367
30370
30375
30378
30383
30387
30392
30395
30400
30403
30408
30411
30416
30419
30424
30427
30433
30436
30441
30444
30449
30452
30457
30460
30465
30468
30473
30477
30482
30485
30490
30493
30498
30501
30506
30509
30514
30517
30522
30526
30531
30534
30539
30542
30547
30550
30555
30558
30563
30566
30572
30575
30580
30583
30588
30591
30596
30599
30604
30607
30612
30615
30620
30623
30628
30631
30636
30639
30644
30647
30652
30655
30660
30663
30668
30671
30676
30679
30684
30688
30693
30696
30701
30704
30709
30712
30717
30720
30725
30728
30733
30736
30741
30744
30749
30752
30757
30760
30765
30768
30773
30776
30781
30785
30790
30793
30798
30801
30806
30809
30814
30817
30822
30825
30830
30833
30838
30841
30846
30849
30854
30857
30862
30865
30870
30873
30878
30882
30887
30890
30895
30898
30903
30906
30911
30914
30919
30922
30927
30930
30935
30938
30943
30946
30951
30954
30959
30962
30967
30970
30975
30979
30984
30987
30992
30995
31000
31003
31008
31011
31016
31019
31024
31027
31032
31035
31040
31043
31048
31051
31056
31059
31064
31068
31071
31076
31079
31084
31087
31092
31095
31100
31103
31107
31110
31115
31118
31123
31126
31131
31134
31139
31142
31147
31149
31154
31157
31162
31165
31170
31173
31178
31181
31186
31188
31193
31196
31201
31204
31209
31212
31217
31220
31225
31228
31232
31235
31240
31243
31248
31251
31256
31259
31264
31267
31271
31274
31279
31282
31287
31290
31295
31298
31303
31306
31311
31313
31318
31321
31326
31329
31334
31337
31342
31345
31350
31352
31357
31360
31365
31368
31373
31376
31381
31384
31389
31392
31396
31399
31404
31407
31412
31415
31420
31423
31428
31431
31435
31438
31443
31446
31451
31454
31459
31462
31467
31471
31474
31479
31482
31487
31490
31495
31498
31503
31505
31510
31513
31518
31521
31526
31529
31534
31537
31542
31544
31549
31552
31557
31560
31565
31568
31573
31576
31581
31583
31588
31591
31596
31599
31604
31607
31612
31615
31619
31622
31627
31630
31635
31638
31643
31646
31651
31654
31658
31661
31666
31669
31674
31677
31682
31685
31690
31693
31697
31700
31705
31708
31713
31716
31721
31724
31729
31732
31736
31739
31744
31747
31752
31755
31760
31763
31768
31770
31775
31778
31783
31786
31791
31794
31799
31802
31807
31809
31814
31817
31822
31825
31830
31833
31838
31841
31846
31848
31853
31856
31861
31864
31869
31872
31877
31880
31885
31887
31892
31895
31900
31903
31908
31911
31916
31919
31923
31926
31931
31934
31939
31942
31947
31950
31955
31958
31962
31965
31970
31973
31978
31981
31986
31989
31994
31997
32001
32005
32008
32013
32016
32021
32024
32029
32032
32036
32039
32044
32047
32052
32055
32060
32063
32067
32070
32075
32078
32083
32086
32091
32094
32098
32101
32106
32109
32114
32117
32122
32125
32129
32132
32137
32140
32145
32148
32153
32156
32160
32163
32168
32171
32176
32179
32184
32187
32191
32194
32199
32202
32207
32210
32215
32218
32223
32225
32230
32233
32238
32241
32246
32249
32254
32256
32261
32264
32269
32272
32277
32280
32285
32287
32292
32295
32300
32303
32308
32311
32316
32318
32323
32326
32331
32334
32339
32342
32347
32349
32354
32357
32362
32365
32370
32373
32378
32380
32385
32388
32393
32396
32401
32405
32408
32413
32415
32420
32423
32428
32430
32435
32438
32443
32445
32450
32453
32458
32460
32465
32468
32473
32475
32480
32483
32488
32490
32495
32498
32502
32505
32510
32513
32517
32520
32525
32528
32532
32535
32540
32543
32547
32550
32555
32558
32562
32565
32570
32573
32577
32580
32585
32588
32592
32595
32600
32602
32607
32610
32615
32617
32622
32625
32630
32632
32637
32640
32645
32647
32652
32655
32660
32662
32667
32670
32675
32677
32682
32685
32690
32692
32697
32700
32704
32707
32712
32715
32719
32722
32727
32730
32734
32737
32742
32745
32749
32752
32757
32760
32764
32767
32772
32775
32779
32782
32787
32790
32794
32797
32802
32804
32809
32812
32817
32819
32824
32827
32832
32834
32839
32842
32847
32849
32854
32857
32862
32864
32869
32872
32878
32882
32888
32892
32899
32903
32909
32913
32919
32924
32930
32934
32940
32945
32951
32955
32961
32965
32972
32976
32982
32986
32992
32997
33003
33007
33013
33018
33024
33028
33034
33038
33045
33049
33055
33059
33065
33070
33076
33080
33086
33091
33097
33101
33107
33111
33118
33122
33128
33132
33138
33143
33149
33153
33159
33164
33170
33174
33180
33184
33191
33195
33201
33205
33211
33216
33222
33226
33232
33237
33243
33247
33253
33257
33264
33268
33274
33278
33284
33289
33295
33299
33305
33310
33316
33320
33326
33330
33337
33341
33347
33351
33358
33362
33368
33372
33378
33383
33389
33393
33398
33402
33408
33412
33418
33422
33428
33432
33438
33442
33448
33452
33458
33462
33468
33472
33478
33482
33488
33492
33498
33502
33508
33512
33518
33522
33528
33532
33538
33542
33548
33552
33558
33562
33568
33572
33578
33582
33588
33592
33598
33602
33608
33612
33618
33622
33628
33632
33638
33642
33648
33652
33658
33662
33668
33672
33678
33682
33688
33692
33698
33702
33708
33712
33718
33722
33728
33732
33738
33742
33748
33752
33758
33762
33768
33772
33778
33782
33788
33792
33798
33802
33808
33812
33818
33822
33828
33832
33838
33842
33848
33852
33858
33862
33868
33872
33875
33879
33882
33886
33889
33894
33896
33901
33903
33908
33911
33915
33918
33922
33925
33930
33932
33937
33939
33944
33946
33951
33954
33958
33961
33965
33968
33973
33975
33980
33982
33987
33990
33994
33997
34001
34004
34008
34011
34016
34018
34023
34025
34030
34033
34037
34040
34044
34047
34052
34054
34059
34061
34066
34068
34073
34076
34080
34083
34087
34090
34095
34097
34102
34104
34109
34112
34116
34119
34123
34126
34130
34133
34138
34140
34145
34147
34152
34155
34159
34162
34166
34169
34174
34176
34181
34183
34188
34190
34195
34198
34202
34205
34209
34212
34217
34219
34224
34226
34231
34234
34238
34241
34245
34248
34252
34255
34260
34262
34267
34271
34274
34279
34281
34286
34289
34293
34296
34301
34304
34308
34311
34316
34318
34323
34326
34331
34333
34338
34341
34345
34348
34353
34355
34360
34363
34368
34370
34375
34378
34382
34385
34390
34393
34397
34400
34405
34407
34412
34415
34419
34422
34427
34430
34434
34437
34442
34444
34449
34452
34457
34459
34464
34467
34471
34474
34479
34482
34486
34489
34494
34496
34501
34504
34508
34511
34516
34519
34523
34526
34531
34533
34538
34541
34546
34548
34553
34556
34560
34563
34568
34570
34575
34578
34583
34585
34590
34593
34597
34600
34605
34608
34612
34615
34620
34622
34627
34630
34635
34637
34642
34645
34649
34652
34657
34659
34664
34667
34672
34674
34679
34682
34686
34689
34694
34697
34701
34704
34709
34711
34717
34722
34729
34734
34741
34746
34752
34757
34764
34769
34776
34781
34788
34792
34799
34804
34811
34816
34823
34828
34834
34839
34846
34851
34858
34863
34870
34874
34881
34886
34893
34898
34905
34910
34916
34921
34928
34933
34940
34945
34951
34956
34963
34968
34975
34980
34987
34991
34998
35003
35010
35015
35022
35027
35033
35038
35045
35050
35057
35062
35069
35073
35080
35085
35092
35097
35104
35110
35115
35121
35126
35132
35137
35143
35148
35154
35159
35165
35170
35176
35181
35187
35192
35198
35203
35209
35214
35220
35225
35231
35236
35242
35247
35253
35258
35264
35269
35275
35280
35286
35291
35297
35302
35308
35313
35319
35324
35330
35335
35341
35346
35352
35357
35363
35368
35374
35379
35385
35390
35396
35401
35407
35412
35418
35423
35429
35434
35440
35445
35451
35456
35462
35467
35473
35478
35484
35489
35496
35500
35507
35511
35518
35522
35529
35533
35540
35544
35550
35554
35561
35565
35571
35576
35582
35586
35593
35597
35604
35608
35614
35619
35625
35629
35636
35640
35646
35651
35657
35662
35668
35672
35679
35683
35689
35694
35700
35704
35711
35715
35722
35726
35732
35737
35743
35747
35754
35758
35764
35769
35775
35780
35786
35790
35797
35801
35807
35812
35818
35822
35829
35833
35840
35844
35850
35855
35861
35865
35872
35876
35882
35887
35893
35898
35904
35908
35915
35919
35925
35930
35936
35940
35947
35951
35958
35962
35968
35973
35979
35983
35990
35997
36002
36009
36015
36022
36027
36034
36040
36047
36052
36059
36065
36072
36077
36085
36090
36097
36102
36110
36115
36122
36127
36135
36140
36147
36153
36160
36165
36172
36178
36185
36190
36197
36203
36210
36215
36222
36228
36235
36240
36248
36253
36260
36265
36273
36278
36285
36290
36298
36303
36310
36316
36323
36328
36335
36341
36348
36353
36360
36366
36373
36378
36385
36391
36398
36403
36411
36417
36421
36427
36432
36438
36442
36448
36453
36459
36463
36469
36474
36480
36484
36490
36495
36501
36505
36511
36516
36522
36526
36532
36537
36543
36547
36553
36558
36564
36568
36574
36579
36585
36589
36595
36600
36606
36610
36616
36621
36627
36631
36637
36642
36648
36652
36658
36663
36669
36673
36679
36684
36690
36694
36700
36705
36711
36715
36721
36726
36732
36736
36742
36747
36753
36757
36764
36768
36774
36778
36785
36789
36795
36799
36806
36810
36816
36820
36827
36831
36835
36838
36843
36846
36851
36853
36858
36861
36866
36869
36873
36876
36881
36884
36889
36892
36896
36899
36904
36907
36912
36914
36919
36922
36927
36930
36934
36937
36942
36945
36950
36953
36957
36960
36965
36968
36973
36975
36980
36983
36988
36991
36996
36998
37003
37006
37011
37014
37018
37021
37026
37029
37034
37036
37041
37044
37049
37052
37057
37059
37064
37067
37072
37075
37079
37082
37087
37090
37095
37098
37102
37105
37110
37113
37118
37120
37125
37128
37133
37136
37140
37143
37148
37151
37156
37159
37163
37166
37171
37174
37179
37181
37186
37189
37194
37197
37201
37204
37209
37212
37217
37220
37224
37227
37232
37235
37240
37242
37247
37250
37255
37258
37263
37265
37270
37273
37278
37281
37285
37288
37293
37296
37301
37303
37308
37311
37316
37319
37324
37326
37331
37334
37339
37342
37346
37349
37353
37356
37361
37364
37369
37372
37376
37379
37384
37387
37392
37395
37399
37402
37407
37410
37415
37418
37423
37425
37430
37433
37438
37441
37446
37448
37453
37456
37461
37464
37469
37471
37476
37479
37484
37487
37492
37495
37499
37502
37507
37510
37515
37518
37522
37525
37530
37533
37538
37541
37546
37548
37553
37556
37561
37564
37569
37571
37576
37579
37584
37587
37592
37594
37599
37602
37607
37610
37615
37618
37622
37625
37630
37633
37638
37641
37645
37648
37653
37656
37661
37664
37669
37671
37676
37679
37684
37687
37692
37694
37699
37702
37707
37710
37715
37717
37722
37725
37730
37733
37738
37741
37745
37748
37753
37756
37761
37764
37768
37771
37776
37779
37785
37790
37797
37802
37809
37814
37821
37826
37833
37837
37844
37849
37856
37861
37868
37873
37880
37885
37891
37896
37903
37908
37915
37920
37927
37932
37939
37944
37950
37955
37962
37967
37974
37979
37986
37991
37998
38002
38009
38014
38021
38026
38033
38038
38045
38050
38057
38061
38068
38073
38080
38085
38092
38097
38104
38109
38115
38120
38127
38132
38139
38144
38151
38156
38163
38167
38174
38179
38186
38191
38198
38203
38210
38215
38222
38226
38233
38238
38245
38250
38257
38262
38269
38273
38276
38281
38284
38288
38291
38296
38299
38303
38306
38311
38314
38319
38321
38326
38329
38334
38336
38341
38344
38349
38351
38356
38359
38364
38367
38371
38374
38379
38382
38386
38389
38394
38397
38401
38404
38409
38412
38417
38419
38424
38427
38432
38434
38439
38442
38447
38449
38454
38457
38462
38465
38469
38472
38477
38480
38484
38487
38492
38495
38499
38502
38507
38510
38515
38517
38522
38525
38530
38532
38537
38540
38545
38547
38552
38555
38560
38563
38567
38570
38575
38578
38582
38585
38590
38593
38597
38600
38605
38608
38613
38615
38620
38623
38628
38630
38635
38638
38643
38646
38650
38653
38658
38661
38665
38668
38673
38676
38680
38683
38688
38691
38696
38698
38703
38706
38711
38713
38718
38721
38726
38728
38733
38736
38741
38744
38748
38751
38756
38759
38763
38766
38771
38774
38780
38785
38792
38796
38803
38808
38815
38819
38826
38831
38838
38842
38849
38854
38860
38865
38872
38877
38883
38888
38895
38900
38906
38911
38918
38922
38929
38934
38941
38945
38952
38957
38964
38968
38975
38980
38986
38991
38998
39003
39009
39014
39021
39026
39032
39037
39044
39048
39055
39060
39067
39071
39078
39083
39090
39094
39101
39106
39112
39117
39124
39129
39135
39140
39147
39152
39158
39163
39170
39174
39181
39186
39193
39197
39204
39209
39213
39219
39222
39228
39232
39237
39241
39247
39250
39256
39260
39266
39269
39275
39279
39284
39288
39294
39297
39303
39307
39312
39316
39322
39326
39331
39335
39341
39344
39350
39354
39359
39363
39369
39372
39378
39382
39388
39391
39397
39401
39406
39410
39416
39419
39425
39429
39434
39438
39444
39448
39453
39457
39463
39466
39472
39476
39481
39485
39491
39494
39500
39504
39510
39513
39519
39523
39528
39532
39538
39541
39547
39551
39556
39560
39566
39570
39575
39579
39585
39588
39594
39598
39603
39607
39613
39616
39622
39626
39632
39635
39641
39645
39650
39654
39660
39663
39669
39673
39678
39682
39688
39692
39695
39700
39703
39708
39711
39716
39719
39724
39727
39732
39735
39740
39743
39747
39750
39755
39758
39763
39766
39771
39774
39779
39782
39787
39790
39795
39798
39803
39805
39810
39813
39818
39821
39826
39829
39834
39837
39842
39845
39850
39853
39858
39861
39865
39868
39873
39876
39881
39884
39889
39892
39897
39900
39905
39908
39913
39916
39920
39923
39928
39931
39936
39939
39944
39947
39952
39955
39960
39963
39968
39971
39976
39978
39983
39986
39991
39994
39999
40002
40007
40010
40015
40018
40023
40026
40031
40034
40038
40041
40046
40049
40054
40057
40062
40065
40070
40073
40078
40081
40086
40089
40093
40096
40101
40104
40109
40112
40117
40120
40125
40128
40133
40136
40141
40144
40148
40151
40156
40159
40164
40167
40172
40175
40180
40183
40188
40191
40196
40199
40204
40206
40211
40214
40219
40222
40227
40230
40235
40238
40243
40246
40251
40254
40259
40262
40267
40269
40274
40277
40282
40285
40290
40293
40298
40301
40306
40309
40314
40317
40322
40325
40330
40332
40337
40340
40345
40348
40353
40356
40361
40364
40369
40372
40377
40380
40385
40388
40393
40395
40400
40403
40408
40411
40416
40419
40424
40427
40432
40435
40440
40443
40448
40451
40456
40458
40463
40466
40471
40474
40479
40482
40487
40490
40495
40498
40503
40506
40511
40514
40519
40521
40526
40529
40534
40537
40542
40545
40550
40553
40558
40561
40566
40569
40574
40577
40582
40584
40589
40592
40597
40600
40605
40610
40613
40618
40621
40627
40630
40635
40638
40644
40647
40652
40655
40661
40664
40669
40672
40678
40681
40686
40689
40695
40698
40703
40706
40712
40715
40720
40723
40729
40732
40737
40740
40745
40749
40754
40757
40762
40766
40771
40774
40779
40783
40788
40791
40796
40800
40805
40808
40813
40817
40822
40825
40830
40834
40839
40842
40847
40851
40856
40859
40864
40867
40873
40876
40881
40884
40890
40893
40898
40901
40907
40910
40915
40918
40924
40927
40932
40935
40941
40944
40949
40952
40958
40961
40966
40969
40975
40978
40983
40986
40992
40995
41000
41003
41008
41012
41017
41020
41025
41029
41034
41037
41042
41046
41051
41054
41059
41063
41068
41071
41076
41081
41084
41089
41092
41097
41100
41105
41108
41113
41116
41121
41124
41129
41132
41137
41140
41145
41148
41153
41156
41161
41164
41169
41172
41178
41181
41186
41189
41194
41197
41202
41205
41210
41213
41218
41221
41226
41229
41234
41237
41242
41245
41250
41253
41258
41261
41266
41269
41274
41278
41283
41286
41291
41294
41299
41302
41307
41310
41315
41318
41323
41326
41331
41334
41339
41342
41347
41350
41355
41358
41363
41366
41371
41374
41380
41383
41388
41391
41396
41399
41404
41407
41412
41415
41420
41423
41428
41431
41436
41439
41444
41447
41452
41455
41460
41463
41468
41471
41476
41480
41485
41488
41493
41496
41501
41504
41509
41512
41517
41520
41525
41528
41533
41536
41541
41544
41549
41552
41557
41560
41565
41568
41573
41577
41582
41585
41590
41593
41599
41603
41609
41613
41619
41623
41629
41634
41640
41644
41650
41654
41660
41664
41671
41675
41681
41685
41691
41695
41701
41706
41712
41716
41722
41726
41732
41736
41743
41747
41753
41757
41763
41767
41773
41778
41784
41788
41794
41798
41804
41808
41815
41819
41825
41829
41835
41839
41845
41850
41856
41860
41866
41870
41876
41880
41887
41891
41897
41901
41907
41911
41917
41922
41928
41932
41938
41942
41948
41952
41959
41963
41969
41973
41979
41983
41989
41994
42000
42004
42010
42014
42020
42024
42031
42035
42041
42045
42051
42056
42063
42067
42074
42079
42086
42090
42097
42102
42109
42113
42120
42125
42132
42136
42143
42148
42155
42159
42166
42171
42177
42182
42189
42194
42200
42205
42212
42217
42223
42228
42235
42240
42246
42251
42258
42263
42269
42274
42281
42286
42292
42297
42304
42308
42315
42320
42327
42331
42338
42343
42350
42354
42361
42366
42373
42377
42384
42389
42396
42400
42407
42412
42419
42423
42430
42435
42441
42446
42453
42458
42464
42469
42476
42481
42487
42492
42499
42504
42510
42515
42522
42527
42533
42538
42545
42550
42556
42561
42568
42572
42579
42583
42586
42590
42593
42598
42600
42605
42607
42612
42615
42619
42622
42626
42629
42634
42636
42641
42644
42648
42651
42655
42658
42663
42665
42670
42672
42677
42680
42684
42687
42691
42694
42699
42701
42706
42709
42713
42716
42720
42723
42728
42730
42735
42737
42742
42745
42749
42752
42756
42759
42764
42766
42771
42774
42778
42781
42785
42788
42793
42795
42800
42802
42807
42810
42814
42817
42821
42824
42829
42831
42836
42839
42843
42846
42850
42853
42858
42860
42865
42867
42872
42875
42879
42882
42886
42889
42894
42896
42901
42904
42908
42911
42915
42918
42923
42925
42930
42932
42937
42940
42944
42947
42951
42954
42959
42961
42966
42969
42973
42976
42980
42983
42988
42990
42995
42997
43002
43005
43009
43012
43016
43019
43024
43026
43031
43034
43038
43041
43045
43048
43053
43055
43060
43064
43067
43071
43074
43078
43081
43086
43088
43093
43095
43100
43103
43107
43110
43114
43117
43121
43124
43129
43131
43136
43138
43143
43146
43150
43153
43157
43160
43165
43167
43172
43174
43179
43181
43186
43189
43193
43196
43200
43203
43208
43210
43215
43217
43222
43225
43229
43232
43236
43239
43243
43246
43251
43253
43258
43260
43265
43268
43272
43275
43279
43282
43287
43289
43294
43296
43301
43303
43308
43311
43315
43318
43322
43325
43330
43332
43337
43339
43344
43346
43351
43354
43358
43361
43365
43368
43373
43375
43380
43382
43387
43390
43394
43397
43401
43404
43408
43411
43416
43418
43423
43425
43430
43433
43437
43440
43444
43447
43452
43454
43459
43461
43466
43468
43473
43476
43480
43483
43487
43490
43495
43497
43502
43504
43509
43512
43516
43519
43523
43526
43530
43533
43538
43540
43545
43547
43552
43555
43559
43562
43566
43569
43574
43576
43581
43583
43588
43590
43595
43600
43603
43608
43612
43617
43620
43626
43629
43634
43637
43643
43646
43651
43655
43660
43663
43668
43672
43677
43680
43686
43689
43694
43698
43703
43706
43711
43715
43720
43723
43729
43732
43737
43740
43746
43749
43754
43758
43763
43766
43771
43775
43780
43783
43789
43792
43797
43801
43806
43809
43814
43818
43823
43826
43832
43835
43840
43843
43849
43852
43857
43861
43866
43869
43874
43878
43883
43886
43892
43895
43900
43904
43909
43912
43917
43921
43926
43929
43935
43938
43943
43946
43952
43955
43960
43964
43969
43972
43977
43981
43986
43989
43995
43998
44003
44007
44012
44015
44020
44024
44029
44032
44037
44041
44046
44049
44055
44058
44063
44066
44072
44075
44080
44084
44089
44092
44097
44101
44106
44109
44115
44118
44123
44126
44132
44135
44140
44144
44149
44152
44157
44161
44166
44169
44175
44178
44183
44186
44192
44195
44200
44204
44209
44212
44217
44221
44226
44229
44235
44238
44243
44246
44252
44255
44260
44264
44269
44272
44277
44281
44286
44289
44295
44298
44303
44306
44312
44315
44320
44324
44329
44332
44337
44341
44346
44349
44355
44358
44363
44366
44372
44375
44380
44384
44389
44392
44397
44401
44405
44408
44413
44416
44421
44424
44429
44432
44437
44440
44445
44448
44453
44456
44461
44464
44469
44472
44477
44479
44484
44487
44492
44495
44500
44503
44508
44511
44516
44519
44524
44527
44532
44535
44540
44543
44548
44551
44556
44558
44563
44566
44571
44574
44579
44582
44587
44590
44595
44598
44603
44606
44611
44614
44619
44622
44627
44630
44635
44637
44642
44645
44650
44653
44658
44661
44666
44669
44674
44677
44682
44685
44690
44693
44698
44701
44706
44709
44714
44716
44721
44724
44729
44732
44737
44740
44745
44748
44753
44756
44761
44764
44769
44772
44777
44780
44785
44788
44793
44795
44800
44803
44808
44811
44816
44819
44824
44827
44832
44835
44840
44843
44848
44851
44856
44859
44864
44867
44872
44874
44879
44882
44887
44890
44895
44898
44903
44906
44911
44914
44919
44922
44927
44930
44935
44941
44945
44952
44956
44963
44967
44974
44978
44985
44989
44996
45000
45006
45011
45017
45022
45028
45033
45039
45044
45050
45055
45061
45065
45072
45076
45083
45087
45094
45098
45105
45109
45116
45120
45126
45131
45137
45142
45148
45153
45159
45164
45170
45175
45181
45186
45192
45196
45203
45207
45214
45218
45225
45229
45236
45240
45247
45251
45257
45262
45268
45273
45279
45284
45290
45295
45301
45306
45312
45316
45323
45327
45334
45338
45345
45349
45356
45360
45367
45371
45378
45382
45388
45394
45398
45404
45409
45415
45420
45425
45431
45436
45441
45447
45452
45457
45463
45468
45473
45479
45484
45489
45495
45500
45505
45511
45516
45521
45527
45532
45537
45543
45548
45553
45559
45564
45569
45575
45580
45585
45591
45596
45601
45607
45612
45617
45623
45628
45633
45639
45644
45649
45655
45660
45665
45671
45676
45681
45687
45692
45697
45703
45708
45713
45719
45724
45729
45735
45740
45745
45751
45756
45761
45767
45772
45777
45783
45788
45793
45799
45804
45809
45815
45820
45825
45831
45836
45841
45847
45852
45857
45863
45868
45873
45879
45884
45889
45895
45900
45905
45911
45916
45923
45927
45934
45939
45945
45950
45957
45962
45968
45973
45980
45984
45991
45996
46002
46007
46014
46019
46025
46030
46037
46041
46048
46053
46059
46064
46071
46076
46082
46087
46094
46098
46105
46110
46117
46121
46128
46133
46139
46144
46151
46155
46162
46167
46174
46178
46185
46190
46196
46201
46208
46212
46219
46224
46231
46235
46242
46247
46253
46258
46265
46270
46276
46281
46288
46292
46299
46304
46310
46315
46322
46327
46333
46338
46345
46349
46356
46361
46367
46372
46379
46384
46390
46395
46402
46406
46413
46418
46422
46425
46429
46432
46436
46439
46443
46446
46450
46453
46458
46460
46465
46467
46472
46474
46479
46481
46486
46489
46493
46496
46500
46503
46507
46510
46514
46517
46522
46524
46529
46531
46536
46538
46543
46545
46550
46553
46557
46560
46564
46567
46571
46574
46578
46581
46586
46588
46593
46595
46600
46602
46607
46609
46614
46616
46621
46624
46628
46631
46635
46638
46642
46645
46649
46652
46657
46659
46664
46666
46671
46673
46678
46680
46685
46688
46692
46695
46699
46702
46706
46709
46713
46716
46721
46723
46728
46730
46735
46737
46742
46744
46749
46752
46756
46759
46763
46766
46770
46773
46777
46780
46785
46787
46792
46794
46799
46801
46806
46808
46813
46815
46820
46823
46828
46831
46836
46839
46844
46847
46852
46856
46861
46864
46869
46872
46877
46880
46885
46888
46894
46897
46902
46905
46910
46913
46918
46921
46926
46929
46935
46938
46943
46946
46951
46954
46959
46962
46967
46971
46976
46979
46984
46987
46992
46995
47000
47003
47009
47012
47017
47020
47025
47028
47033
47036
47041
47044
47050
47053
47058
47061
47066
47069
47074
47077
47082
47086
47091
47094
47099
47102
47107
47110
47115
47118
47124
47127
47132
47135
47140
47143
47148
47151
47156
47159
47165
47168
47173
47176
47181
47184
47189
47192
47197
47201
47206
47209
47214
47217
47223
47226
47231
47235
47240
47244
47249
47252
47258
47261
47266
47270
47275
47279
47284
47287
47293
47296
47302
47305
47310
47314
47319
47322
47328
47331
47337
47340
47345
47349
47354
47357
47363
47366
47372
47375
47380
47384
47389
47393
47398
47401
47407
47410
47415
47419
47424
47428
47433
47436
47442
47445
47450
47454
47459
47463
47468
47471
47477
47480
47486
47489
47494
47498
47503
47506
47512
47515
47521
47524
47529
47533
47538
47541
47547
47550
47556
47559
47564
47568
47573
47577
47582
47585
47591
47594
47599
47603
47608
47612
47617
47620
47626
47629
47634
47638
47643
47647
47652
47655
47661
47664
47670
47673
47678
47682
47687
47691
47694
47698
47701
47705
47708
47713
47715
47720
47722
47727
47730
47734
47737
47741
47744
47749
47751
47756
47758
47763
47766
47770
47773
47777
47780
47785
47787
47792
47794
47799
47802
47806
47809
47813
47816
47821
47823
47828
47830
47835
47837
47842
47845
47849
47852
47856
47859
47864
47866
47871
47873
47878
47881
47885
47888
47892
47895
47900
47902
47907
47909
47914
47917
47921
47924
47928
47931
47936
47938
47943
47945
47950
47953
47957
47960
47964
47967
47972
47974
47979
47981
47986
47988
47993
47996
48000
48003
48007
48010
48015
48017
48022
48024
48029
48032
48036
48039
48043
48046
48051
48053
48058
48060
48065
48068
48072
48075
48079
48082
48087
48089
48094
48096
48101
48104
48108
48111
48115
48118
48122
48125
48130
48132
48137
48139
48144
48147
48151
48154
48158
48161
48166
48171
48174
48180
48183
48189
48192
48198
48201
48207
48210
48216
48219
48225
48228
48234
48237
48243
48246
48252
48255
48261
48264
48270
48273
48279
48282
48288
48291
48297
48300
48306
48309
48315
48318
48324
48327
48332
48336
48341
48345
48350
48354
48359
48363
48368
48372
48377
48381
48386
48390
48395
48399
48404
48408
48413
48417
48422
48426
48431
48435
48440
48444
48449
48453
48458
48462
48467
48471
48476
48480
48485
48488
48494
48497
48503
48506
48512
48515
48521
48524
48530
48533
48539
48542
48548
48551
48557
48560
48566
48569
48575
48578
48584
48587
48593
48596
48602
48605
48611
48614
48620
48623
48629
48632
48638
48641
48646
48650
48655
48659
48664
48668
48673
48677
48682
48686
48691
48695
48699
48701
48705
48708
48712
48714
48718
48721
48725
48727
48731
48734
48738
48740
48744
48747
48751
48753
48758
48760
48764
48766
48771
48773
48777
48779
48784
48786
48790
48792
48797
48799
48803
48806
48810
48812
48816
48819
48823
48825
48829
48832
48836
48838
48842
48845
48849
48851
48855
48858
48862
48864
48869
48871
48875
48877
48882
48884
48888
48890
48895
48897
48901
48903
48908
48910
48914
48917
48921
48923
48927
48930
48934
48936
48940
48943
48947
48949
48953
48956
48960
48962
48967
48969
48973
48975
48980
48982
48986
48988
48993
48995
48999
49001
49006
49008
49012
49015
49018
49022
49024
49029
49031
49035
49037
49042
49044
49048
49050
49055
49057
49061
49063
49068
49070
49074
49077
49081
49083
49087
49090
49094
49096
49100
49103
49107
49109
49113
49116
49120
49122
49127
49129
49133
49135
49140
49142
49146
49148
49153
49155
49159
49161
49166
49168
49172
49175
49178
49182
49184
49189
49191
49195
49197
49203
49207
49213
49218
49224
49228
49235
49239
49245
49250
49256
49260
49267
49271
49277
49282
49288
49292
49299
49303
49309
49314
49320
49324
49331
49335
49341
49346
49352
49356
49363
49367
49373
49378
49384
49388
49395
49399
49405
49410
49416
49420
49427
49431
49437
49442
49448
49452
49458
49463
49469
49473
49480
49484
49490
49495
49501
49505
49512
49516
49522
49527
49533
49537
49544
49548
49554
49559
49565
49569
49576
49580
49586
49591
49597
49601
49608
49612
49618
49623
49629
49633
49640
49644
49647
49652
49655
49660
49663
49667
49670
49675
49678
49683
49686
49690
49693
49698
49701
49706
49709
49713
49716
49721
49724
49729
49732
49736
49739
49744
49747
49752
49755
49760
49762
49767
49770
49775
49778
49783
49785
49790
49793
49798
49801
49806
49808
49813
49816
49821
49824
49829
49832
49835
49840
49843
49848
49851
49856
49858
49863
49866
49871
49874
49879
49881
49886
49889
49894
49897
49902
49904
49909
49912
49917
49920
49925
49928
49931
49936
49939
49944
49947
49952
49954
49959
49962
49967
49970
49975
49977
49982
49985
49990
49993
49998
50000
50005
50008
50013
50016
50021
50024
50027
50032
50035
50040
50043
50048
50050
50055
50058
50063
50066
50071
50073
50078
50081
50085
50087
50092
50094
50098
50101
50105
50108
50112
50114
50119
50121
50126
50128
50132
50135
50139
50141
50146
50148
50153
50155
50159
50162
50166
50169
50173
50175
50180
50182
50186
50189
50193
50196
50200
50202
50207
50209
50214
50216
50220
50223
50227
50229
50234
50236
50241
50243
50247
50250
50254
50257
50261
50263
50268
50270
50275
50277
50281
50284
50288
50290
50295
50297
50302
50304
50308
50311
50315
50318
50322
50324
50329
50331
50335
50338
50342
50345
50349
50351
50356
50358
50363
50365
50369
50372
50376
50378
50383
50385
50390
50392
50396
50399
50403
50406
50410
50412
50417
50419
50423
50426
50430
50433
50437
50439
50444
50446
50451
50453
50457
50460
50464
50467
50471
50473
50478
50480
50485
50487
50492
50494
50499
50501
50505
50508
50512
50515
50519
50522
50526
50529
50533
50535
50540
50542
50547
50549
50554
50556
50561
50563
50568
50570
50574
50577
50581
50584
50588
50591
50595
50598
50602
50604
50609
50611
50616
50618
50623
50625
50630
50632
50637
50639
50643
50646
50650
50653
50657
50660
50664
50667
50671
50673
50678
50680
50685
50687
50692
50694
50699
50701
50705
50708
50712
50715
50719
50722
50726
50729
50733
50736
50740
50742
50747
50749
50754
50756
50761
50763
50768
50770
50774
50777
50781
50784
50788
50791
50795
50798
50802
50805
50809
50811
50816
50818
50823
50825
50830
50832
50837
50839
50843
50846
50850
50853
50857
50860
50864
50867
50871
50874
50878
50880
50885
50887
50892
50894
50899
50902
50907
50911
50916
50919
50925
50928
50933
50937
50942
50945
50951
50954
50959
50963
50968
50971
50977
50980
50985
50989
50994
50997
51002
51006
51011
51014
51020
51023
51028
51032
51037
51040
51046
51049
51054
51058
51063
51066
51072
51075
51080
51084
51089
51092
51098
51101
51106
51109
51115
51118
51123
51127
51132
51135
51141
51144
51149
51153
51158
51161
51167
51170
51175
51179
51184
51187
51193
51196
51201
51205
51210
51213
51218
51222
51227
51230
51236
51239
51244
51248
51253
51256
51262
51265
51270
51274
51279
51282
51288
51291
51296
51300
51305
51308
51314
51317
51322
51325
51331
51334
51339
51342
51347
51350
51355
51358
51364
51367
51372
51375
51380
51383
51388
51392
51397
51400
51405
51408
51413
51416
51422
51425
51430
51433
51438
51441
51446
51450
51455
51458
51463
51466
51471
51474
51480
51483
51488
51491
51496
51499
51505
51508
51513
51516
51521
51524
51529
51533
51538
51541
51546
51549
51554
51557
51563
51566
51571
51574
51579
51582
51587
51591
51596
51599
51604
51607
51612
51615
51621
51624
51629
51632
51637
51640
51645
51649
51654
51657
51662
51665
51670
51674
51679
51682
51687
51690
51695
51698
51704
51707
51712
51715
51720
51723
51728
51732
51737
51740
51745
51748
51753
51756
51762
51765
51770
51773
51778
51781
51786
51790
51794
51797
51802
51805
51809
51812
51817
51820
51824
51827
51832
51835
51839
51842
51847
51850
51854
51857
51862
51865
51870
51872
51877
51880
51885
51887
51892
51895
51900
51902
51907
51910
51915
51917
51922
51925
51930
51933
51937
51940
51945
51948
51952
51955
51960
51963
51967
51970
51975
51978
51982
51985
51990
51993
51998
52000
52005
52008
52013
52015
52020
52023
52028
52030
52035
52038
52043
52045
52050
52053
52058
52061
52065
52068
52073
52076
52080
52083
52088
52091
52095
52098
52103
52106
52110
52113
52118
52121
52126
52128
52133
52136
52141
52143
52148
52151
52156
52158
52163
52166
52171
52173
52178
52181
52186
52188
52193
52196
52201
52204
52211
52216
52224
52229
52237
52242
52250
52255
52262
52268
52275
52281
52288
52294
52301
52307
52314
52319
52327
52332
52340
52345
52353
52358
52365
52371
52378
52384
52391
52397
52404
52410
52417
52422
52430
52435
52443
52448
52456
52461
52468
52474
52481
52487
52494
52500
52507
52513
52520
52525
52533
52538
52546
52551
52559
52564
52571
52577
52584
52590
52597
52603
52610
52616
52623
52628
52636
52641
52649
52654
52662
52667
52674
52680
52687
52693
52700
52706
52713
52718
52726
52731
52738
52744
52751
52756
52764
52769
52777
52782
52789
52795
52802
52807
52815
52820
52828
52833
52840
52846
52853
52858
52866
52871
52879
52884
52891
52897
52904
52909
52917
52922
52930
52935
52942
52948
52955
52960
52968
52973
52981
52986
52993
52999
53006
53011
53019
53024
53032
53037
53044
53050
53057
53062
53070
53075
53082
53088
53095
53101
53108
53113
53121
53126
53133
53139
53146
53152
53159
53164
53172
53177
53184
53189
53192
53197
53200
53206
53209
53214
53217
53223
53226
53231
53234
53240
53243
53248
53251
53256
53260
53265
53268
53273
53277
53282
53285
53290
53294
53299
53302
53307
53310
53316
53319
53324
53327
53333
53336
53341
53344
53350
53353
53358
53361
53366
53370
53375
53378
53383
53387
53392
53395
53400
53404
53409
53412
53417
53420
53426
53429
53434
53437
53443
53446
53451
53454
53460
53463
53468
53471
53476
53480
53485
53488
53493
53497
53502
53505
53510
53514
53519
53522
53527
53530
53536
53539
53544
53547
53553
53556
53561
53564
53570
53573
53578
53581
53586
53590
53595
53598
53603
53607
53612
53615
53620
53624
53629
53632
53637
53640
53646
53649
53654
53658
53661
53666
53668
53673
53676
53680
53683
53688
53690
53695
53698
53702
53705
53710
53712
53717
53720
53724
53727
53732
53734
53739
53742
53746
53749
53754
53757
53761
53764
53769
53771
53776
53779
53783
53786
53791
53793
53798
53801
53805
53808
53813
53815
53820
53823
53827
53830
53835
53837
53842
53845
53849
53852
53857
53860
53864
53867
53872
53874
53879
53882
53886
53889
53894
53896
53901
53904
53908
53911
53916
53918
53923
53926
53930
53933
53938
53940
53945
53948
53952
53955
53960
53963
53967
53970
53975
53977
53982
53985
53989
53992
53997
53999
54004
54007
54011
54014
54019
54021
54026
54029
54033
54036
54041
54043
54048
54051
54055
54058
54063
54066
54070
54073
54078
54080
54085
54088
54092
54095
54100
54102
54107
54112
54115
54121
54124
54129
54133
54138
54141
54147
54150
54155
54159
54164
54167
54173
54176
54181
54185
54190
54194
54199
54202
54208
54211
54216
54220
54225
54228
54234
54237
54242
54246
54251
54254
54260
54263
54268
54272
54277
54281
54286
54289
54295
54298
54303
54307
54312
54315
54321
54324
54329
54333
54338
54341
54347
54350
54356
54359
54364
54368
54373
54376
54382
54385
54390
54394
54399
54402
54408
54411
54416
54420
54425
54428
54434
54437
54443
54446
54451
54455
54460
54463
54469
54472
54477
54481
54486
54489
54495
54498
54503
54507
54512
54515
54521
54524
54530
54533
54538
54542
54547
54550
54556
54559
54564
54568
54573
54576
54582
54585
54590
54594
54599
54603
54608
54611
54617
54620
54625
54629
54634
54637
54641
54644
54649
54652
54657
54660
54665
54668
54673
54676
54681
54684
54688
54691
54696
54699
54704
54707
54712
54715
54720
54723
54728
54731
54735
54738
54743
54746
54751
54754
54759
54762
54767
54770
54775
54778
54782
54785
54790
54793
54798
54801
54806
54809
54814
54817
54822
54825
54829
54832
54837
54840
54845
54848
54853
54856
54861
54864
54869
54872
54876
54879
54884
54887
54892
54895
54900
54903
54908
54911
54916
54919
54923
54926
54931
54934
54939
54942
54947
54950
54955
54958
54963
54966
54971
54973
54978
54981
54986
54989
54994
54997
55002
55005
55010
55013
55018
55020
55025
55028
55033
55036
55041
55044
55049
55052
55057
55060
55065
55067
55072
55075
55080
55083
55088
55091
55096
55099
55104
55107
55112
55114
55119
55122
55127
55130
55135
55141
55145
55151
55155
55161
55166
55172
55176
55182
55186
55192
55197
55203
55207
55213
55217
55223
55228
55234
55238
55244
55248
55255
55259
55265
55269
55275
55279
55286
55290
55296
55300
55306
55310
55317
55321
55327
55331
55337
55341
55348
55352
55358
55362
55368
55373
55379
55383
55389
55393
55399
55404
55410
55414
55420
55424
55430
55435
55441
55445
55451
55455
55462
55466
55472
55476
55482
55486
55493
55497
55503
55507
55513
55517
55524
55528
55534
55538
55544
55548
55555
55559
55565
55569
55575
55580
55586
55590
55596
55600
55606
55611
55617
55621
55627
55631
55637
55642
55648
55652
55658
55662
55668
55674
55679
55686
55691
55697
55702
55709
55714
55721
55725
55732
55737
55744
55749
55755
55760
55767
55772
55778
55783
55790
55795
55802
55806
55813
55818
55825
55830
55836
55841
55848
55853
55859
55864
55871
55876
55883
55887
55894
55899
55906
55911
55917
55922
55929
55934
55940
55945
55952
55957
55964
55968
55975
55980
55987
55992
55998
56003
56010
56015
56021
56026
56033
56038
56045
56049
56056
56061
56068
56073
56079
56084
56091
56096
56102
56107
56114
56121
56126
56134
56139
56147
56152
56159
56165
56172
56178
56185
56191
56198
56203
56211
56216
56224
56229
56236
56242
56249
56255
56262
56268
56275
56280
56288
56293
56301
56306
56313
56319
56326
56332
56339
56345
56352
56357
56365
56370
56378
56383
56390
56396
56403
56409
56416
56422
56429
56434
56442
56447
56455
56460
56467
56473
56480
56486
56493
56499
56506
56511
56519
56523
56525
56530
56532
56537
56539
56544
56546
56550
56553
56557
56560
56564
56567
56571
56574
56578
56580
56585
56587
56592
56594
56599
56601
56606
56608
56612
56615
56619
56622
56626
56629
56633
56636
56640
56642
56647
56649
56654
56656
56661
56663
56668
56670
56674
56677
56681
56684
56688
56691
56695
56698
56702
56704
56709
56711
56716
56718
56723
56725
56730
56732
56736
56739
56743
56746
56750
56753
56757
56760
56764
56766
56771
56773
56778
56780
56785
56787
56792
56794
56798
56801
56805
56808
56812
56815
56819
56822
56826
56828
56833
56835
56840
56842
56847
56849
56854
56856
56860
56863
56867
56870
56874
56877
56881
56883
56888
56890
56895
56897
56902
56904
56909
56911
56915
56918
56922
56925
56929
56932
56936
56939
56943
56945
56950
56952
56957
56959
56964
56966
56971
56973
56977
56980
56984
56988
56991
56996
56999
57004
57007
57012
57015
57020
57023
57027
57030
57035
57038
57043
57046
57051
57054
57059
57062
57067
57069
57074
57077
57082
57085
57090
57093
57098
57101
57106
57109
57113
57116
57121
57124
57129
57132
57137
57140
57145
57148
57153
57155
57160
57163
57168
57171
57176
57179
57184
57187
57192
57195
57199
57202
57207
57210
57215
57218
57223
57226
57231
57234
57239
57241
57246
57249
57254
57257
57262
57265
57270
57273
57278
57281
57285
57288
57293
57296
57301
57304
57309
57312
57317
57320
57325
57327
57332
57335
57340
57343
57348
57351
57356
57359
57364
57367
57371
57374
57379
57382
57387
57390
57395
57398
57403
57406
57411
57413
57418
57421
57426
57429
57434
57437
57442
57445
57450
57453
57457
57460
57465
57468
57473
57476
57481
57484
57489
57492
57497
57502
57505
57510
57514
57519
57522
57527
57531
57536
57539
57545
57548
57553
57556
57562
57565
57570
57573
57579
57582
57587
57591
57596
57599
57604
57608
57613
57616
57621
57625
57630
57633
57639
57642
57647
57650
57656
57659
57664
57667
57673
57676
57681
57685
57690
57693
57698
57702
57707
57710
57715
57719
57724
57727
57733
57736
57741
57744
57750
57753
57758
57761
57767
57770
57775
57779
57784
57787
57792
57796
57801
57804
57809
57813
57818
57821
57827
57830
57835
57838
57844
57847
57852
57855
57861
57864
57869
57873
57878
57881
57886
57890
57895
57898
57903
57907
57912
57915
57921
57924
57929
57932
57938
57941
57946
57949
57955
57958
57963
57967
57972
57975
57980
57984
57989
57992
57997
58001
58006
58009
58015
58020
58023
58029
58032
58038
58041
58046
58050
58055
58059
58064
58067
58073
58076
58082
58085
58090
58094
58099
58103
58108
58111
58117
58120
58126
58129
58134
58138
58143
58147
58152
58155
58161
58164
58170
58173
58178
58182
58187
58191
58196
58199
58205
58208
58214
58217
58222
58226
58231
58235
58240
58243
58249
58252
58258
58261
58267
58270
58275
58279
58284
58288
58293
58296
58302
58305
58311
58314
58319
58323
58328
58332
58337
58340
58346
58349
58355
58358
58363
58367
58372
58376
58381
58384
58390
58393
58399
58402
58407
58411
58416
58420
58425
58428
58434
58437
58443
58446
58451
58455
58460
58464
58469
58472
58478
58481
58487
58490
58495
58499
58504
58508
58513
58517
58522
58525
58531
58534
58540
58545
58548
58553
58556
58561
58564
58569
58572
58577
58580
58585
58588
58593
58596
58601
58604
58609
58612
58617
58620
58625
58628
58633
58636
58641
58644
58649
58652
58657
58660
58665
58668
58673
58676
58681
58684
58689
58692
58697
58700
58705
58708
58713
58716
58721
58724
58729
58732
58737
58740
58745
58748
58753
58756
58761
58764
58769
58772
58777
58780
58785
58788
58793
58796
58801
58804
58809
58812
58817
58820
58825
58828
58833
58836
58841
58844
58849
58852
58857
58860
58865
58868
58873
58877
58882
58885
58890
58893
58898
58901
58906
58909
58914
58917
58922
58925
58930
58933
58938
58943
58947
58953
58957
58963
58967
58973
58976
58982
58986
58992
58996
59002
59006
59011
59015
59021
59025
59031
59035
59041
59045
59050
59054
59060
59064
59070
59074
59080
59083
59089
59093
59099
59103
59109
59113
59119
59122
59128
59132
59138
59142
59148
59152
59157
59161
59167
59171
59177
59181
59187
59191
59196
59200
59206
59210
59216
59220
59226
59229
59235
59239
59245
59249
59255
59259
59265
59268
59274
59278
59284
59288
59294
59298
59303
59307
59313
59317
59323
59327
59333
59337
59342
59346
59352
59356
59362
59366
59372
59375
59381
59385
59391
59395
59401
59405
59411
59414
59420
59424
59430
59434
59439
59442
59447
59450
59455
59459
59464
59467
59472
59475
59481
59484
59489
59492
59497
59500
59506
59509
59514
59517
59522
59526
59531
59534
59539
59542
59547
59551
59556
59559
59564
59567
59573
59576
59581
59584
59589
59592
59598
59601
59606
59609
59614
59618
59623
59626
59631
59634
59640
59643
59648
59651
59656
59659
59665
59668
59673
59676
59681
59685
59690
59693
59698
59701
59706
59710
59715
59718
59723
59726
59732
59735
59740
59743
59748
59751
59757
59760
59765
59768
59773
59777
59782
59785
59790
59793
59799
59802
59807
59810
59815
59818
59824
59827
59832
59835
59840
59844
59849
59852
59857
59860
59865
59869
59874
59877
59882
59885
59891
59894
59899
59902
59907
59910
59916
59920
59926
59930
59936
59940
59946
59950
59956
59960
59966
59970
59976
59981
59987
59991
59997
60001
60007
60011
60017
60021
60027
60031
60037
60041
60048
60052
60058
60062
60068
60072
60078
60082
60088
60092
60098
60102
60108
60113
60119
60123
60129
60133
60139
60143
60149
60153
60159
60163
60169
60173
60180
60184
60190
60194
60200
60204
60210
60214
60220
60224
60230
60234
60240
60245
60251
60255
60261
60265
60271
60275
60281
60285
60291
60295
60301
60305
60312
60316
60322
60326
60332
60336
60342
60346
60352
60356
60362
60366
60372
60377
60383
60387
60393
60397
60403
60407
60413
60417
60423
60427
60433
60437
60441
60443
60448
60450
60455
60457
60462
60464
60469
60471
60476
60478
60483
60485
60490
60492
60497
60499
60503
60506
60510
60513
60517
60520
60524
60527
60531
60534
60538
60541
60545
60548
60552
60555
60559
60562
60565
60569
60572
60576
60579
60583
60586
60590
60593
60597
60600
60604
60607
60611
60614
60618
60621
60625
60627
60632
60634
60639
60641
60646
60648
60653
60655
60660
60662
60667
60669
60674
60676
60681
60683
60687
60690
60694
60697
60701
60704
60708
60711
60715
60718
60722
60725
60729
60732
60736
60739
60743
60746
60750
60752
60757
60759
60764
60766
60771
60773
60778
60780
60785
60787
60792
60794
60799
60801
60806
60808
60812
60815
60819
60822
60826
60829
60833
60836
60840
60843
60847
60850
60854
60857
60861
60864
60868
60871
60875
60877
60882
60884
60889
60891
60896
60898
60903
60905
60910
60912
60917
60919
60924
60926
60931
60933
60937
60940
60945
60948
60953
60956
60961
60965
60970
60973
60978
60981
60986
60990
60995
60998
61003
61006
61012
61015
61020
61023
61028
61031
61037
61040
61045
61048
61053
61057
61062
61065
61070
61073
61078
61082
61087
61090
61095
61098
61104
61107
61112
61115
61120
61123
61129
61132
61137
61140
61145
61148
61154
61157
61162
61165
61170
61174
61179
61182
61187
61190
61195
61199
61204
61207
61212
61215
61221
61224
61229
61232
61237
61240
61246
61249
61254
61257
61262
61266
61271
61274
61279
61282
61287
61291
61296
61299
61304
61307
61312
61316
61321
61324
61329
61332
61338
61341
61346
61349
61354
61357
61363
61366
61371
61374
61379
61383
61388
61391
61396
61399
61405
61408
61413
61416
61422
61425
61430
61433
61438
61442
61447
61450
61455
61459
61464
61467
61472
61475
61481
61484
61489
61492
61498
61501
61506
61509
61514
61518
61523
61526
61531
61535
61540
61543
61548
61551
61557
61560
61565
61568
61574
61577
61582
61585
61590
61594
61599
61602
61607
61611
61616
61619
61624
61627
61633
61636
61641
61644
61650
61653
61658
61661
61666
61670
61675
61678
61683
61687
61692
61695
61700
61704
61709
61712
61717
61720
61726
61729
61734
61737
61743
61746
61751
61754
61759
61763
61768
61771
61776
61780
61785
61788
61793
61796
61802
61805
61810
61813
61819
61822
61827
61830
61835
61839
61844
61847
61852
61856
61861
61864
61868
61870
61875
61877
61882
61884
61889
61891
61895
61898
61902
61905
61909
61912
61916
61919
61923
61925
61930
61932
61937
61939
61944
61946
61950
61953
61957
61960
61964
61967
61971
61974
61978
61980
61985
61987
61992
61994
61999
62001
62006
62008
62012
62015
62019
62022
62026
62029
62033
62035
62040
62042
62047
62049
62054
62056
62061
62063
62067
62070
62074
62077
62081
62084
62088
62090
62095
62097
62102
62104
62109
62111
62116
62118
62122
62125
62129
62132
62136
62139
62143
62146
62150
62152
62157
62159
62164
62166
62171
62173
62177
62180
62184
62187
62191
62194
62198
62201
62205
62207
62212
62214
62219
62221
62226
62228
62233
62235
62239
62242
62246
62249
62253
62256
62260
62262
62267
62269
62274
62276
62281
62283
62288
62290
62294
62297
62301
62304
62310
62314
62321
62325
62332
62336
62343
62347
62354
62358
62365
62369
62376
62380
62387
62391
62398
62402
62409
62413
62419
62424
62430
62435
62441
62446
62452
62457
62463
62468
62474
62479
62485
62490
62496
62501
62507
62512
62518
62522
62529
62533
62540
62544
62551
62555
62562
62566
62573
62577
62584
62588
62595
62599
62606
62610
62617
62621
62627
62632
62638
62643
62649
62654
62660
62665
62671
62676
62682
62687
62693
62698
62704
62709
62715
62720
62726
62731
62737
62741
62748
62752
62759
62763
62770
62775
62778
62784
62787
62793
62796
62801
62805
62810
62814
62819
62822
62828
62831
62837
62840
62845
62849
62854
62858
62863
62866
62872
62875
62881
62884
62890
62893
62898
62902
62907
62911
62916
62919
62925
62928
62934
62937
62942
62946
62951
62955
62960
62963
62969
62972
62978
62981
62987
62990
62995
62999
63004
63008
63013
63016
63022
63025
63031
63034
63039
63043
63048
63052
63057
63060
63066
63069
63075
63078
63084
63087
63092
63096
63101
63105
63110
63113
63119
63122
63128
63131
63136
63140
63145
63149
63154
63157
63163
63166
63172
63175
63180
63184
63187
63192
63194
63199
63202
63206
63209
63214
63217
63221
63224
63229
63231
63236
63239
63243
63246
63251
63254
63258
63261
63266
63268
63273
63276
63280
63283
63288
63291
63295
63298
63303
63305
63310
63313
63317
63320
63325
63328
63332
63335
63340
63342
63347
63350
63354
63357
63362
63365
63369
63372
63377
63379
63384
63387
63391
63394
63399
63402
63406
63409
63414
63416
63421
63424
63428
63431
63436
63439
63443
63446
63451
63453
63458
63461
63465
63468
63473
63476
63480
63483
63488
63490
63495
63498
63502
63505
63510
63513
63517
63520
63525
63527
63532
63535
63539
63542
63547
63550
63554
63557
63562
63564
63569
63572
63576
63579
63584
63586
63591
63594
63598
63601
63606
63608
63613
63616
63620
63623
63628
63630
63635
63638
63642
63645
63650
63652
63657
63660
63664
63667
63672
63674
63679
63682
63686
63689
63694
63696
63701
63704
63708
63711
63716
63718
63723
63726
63730
63733
63738
63740
63745
63748
63752
63755
63760
63762
63767
63770
63774
63777
63782
63784
63789
63792
63796
63799
63804
63806
63811
63814
63818
63821
63826
63828
63833
63836
63840
63843
63848
63850
63855
63858
63862
63865
63870
63872
63877
63880
63884
63887
63892
63894
63899
63902
63906
63909
63914
63916
63921
63924
63928
63931
63936
63938
63943
63946
63950
63953
63958
63960
63965
63968
63972
63975
63980
63982
63987
63990
63994
63997
64002
64004
64009
64012
64016
64019
64024
64026
64031
64034
64038
64041
64046
64048
64053
64059
64063
64070
64074
64081
64085
64092
64096
64103
64107
64114
64118
64125
64129
64135
64140
64146
64151
64157
64162
64168
64173
64179
64184
64190
64195
64201
64205
64212
64216
64223
64227
64234
64238
64245
64249
64256
64260
64267
64271
64277
64282
64288
64293
64299
64304
64310
64315
64321
64326
64332
64337
64343
64347
64354
64358
64365
64369
64376
64380
64387
64391
64398
64402
64409
64413
64419
64424
64430
64435
64441
64446
64452
64457
64461
64463
64468
64470
64475
64477
64482
64484
64489
64491
64496
64498
64503
64505
64510
64512
64517
64519
64524
64526
64531
64533
64538
64540
64544
64547
64551
64554
64558
64561
64565
64568
64572
64575
64579
64582
64586
64589
64593
64596
64600
64603
64607
64610
64614
64617
64621
64624
64628
64630
64635
64637
64642
64644
64649
64651
64656
64658
64663
64665
64670
64672
64677
64679
64684
64686
64691
64693
64698
64700
64705
64707
64711
64714
64718
64721
64725
64728
64732
64735
64739
64742
64746
64749
64753
64756
64760
64763
64767
64770
64774
64777
64781
64784
64788
64791
64795
64797
64802
64804
64809
64811
64816
64818
64823
64825
64830
64832
64837
64839
64844
64849
64853
64859
64863
64869
64873
64879
64882
64888
64892
64898
64902
64908
64912
64917
64921
64927
64931
64937
64941
64947
64950
64956
64960
64966
64970
64976
64980
64985
64989
64995
64999
65005
65009
65015
65018
65024
65028
65034
65038
65044
65048
65053
65057
65063
65067
65073
65077
65083
65087
65092
65096
65102
65106
65112
65116
65122
65125
65131
65135
65141
65145
65151
65155
65160
65164
65170
65174
65180
65184
65190
65193
65199
65203
65209
65213
65219
65223
65228
65232
65238
65242
65248
65252
65258
65261
65267
65271
65276
65280
65286
65289
65295
65299
65304
65308
65314
65317
65323
65327
65332
65336
65342
65345
65351
65355
65360
65364
65370
65373
65379
65383
65388
65392
65398
65401
65407
65411
65416
65420
65426
65429
65435
65439
65444
65448
65454
65457
65463
65467
65472
65476
65482
65485
65491
65495
65500
65504
65510
65513
65519
65523
65528
65532
65538
65541
65547
65551
65556
65560
65566
65569
65575
65579
65584
65588
65594
65597
65603
65607
65612
65616
65622
65626
65631
65635
65641
65644
65650
65654
65659
65663
65669
65672
65678
65682
65687
65691
65697
65700
65706
65710
65715
65719
65725
65728
65734
65738
65741
65746
65749
65754
65757
65762
65765
65770
65772
65777
65780
65785
65788
65793
65796
65801
65804
65809
65811
65816
65819
65824
65827
65832
65835
65840
65843
65848
65850
65855
65858
65863
65866
65871
65874
65879
65882
65886
65889
65894
65897
65902
65905
65910
65913
65918
65921
65925
65928
65933
65936
65941
65944
65949
65952
65957
65960
65964
65967
65972
65975
65980
65983
65988
65991
65996
65999
66003
66006
66011
66014
66019
66022
66027
66030
66035
66037
66042
66045
66050
66053
66058
66061
66066
66069
66074
66076
66081
66084
66089
66092
66097
66100
66105
66108
66113
66115
66121
66125
66131
66135
66141
66145
66152
66156
66162
66166
66172
66176
66182
66187
66193
66197
66203
66207
66213
66217
66224
66228
66234
66238
66244
66248
66254
66259
66265
66269
66275
66279
66285
66289
66296
66300
66306
66310
66316
66320
66326
66331
66337
66341
66347
66351
66357
66361
66368
66372
66378
66382
66388
66392
66399
66403
66409
66413
66419
66423
66429
66434
66440
66444
66450
66454
66460
66464
66471
66475
66481
66485
66491
66495
66501
66506
66512
66516
66522
66526
66532
66536
66543
66547
66553
66557
66563
66567
66573
66578
66581
66586
66589
66594
66597
66602
66605
66611
66614
66619
66622
66627
66630
66635
66638
66644
66647
66652
66655
66660
66663
66668
66671
66677
66680
66685
66688
66693
66696
66701
66704
66710
66713
66718
66721
66726
66729
66734
66737
66743
66746
66751
66754
66759
66762
66767
66770
66775
66779
66784
66787
66792
66795
66800
66803
66808
66812
66817
66820
66825
66828
66833
66836
66841
66845
66850
66853
66858
66861
66866
66869
66874
66878
66883
66886
66891
66894
66899
66902
66907
66911
66916
66919
66924
66927
66932
66935
66940
66944
66949
66952
66957
66960
66965
66968
66973
66976
66982
66985
66990
66993
66998
67001
67008
67013
67020
67025
67032
67037
67044
67049
67056
67061
67068
67073
67080
67085
67092
67097
67104
67109
67116
67121
67128
67133
67140
67145
67152
67157
67164
67169
67176
67181
67188
67193
67200
67205
67212
67217
67224
67229
67236
67241
67248
67253
67260
67265
67272
67277
67284
67289
67296
67301
67308
67313
67320
67325
67332
67337
67344
67349
67356
67361
67368
67373
67380
67385
67392
67397
67404
67409
67416
67421
67428
67433
67440
67445
67452
67457
67464
67469
67476
67481
67488
67493
67500
67505
67512
67517
67521
67524
67529
67531
67536
67539
67543
67546
67551
67553
67558
67561
67565
67568
67573
67575
67580
67583
67587
67590
67595
67597
67602
67605
67609
67612
67617
67619
67624
67627
67631
67634
67639
67641
67646
67649
67653
67656
67661
67663
67668
67671
67675
67678
67683
67685
67690
67693
67697
67700
67705
67707
67712
67715
67719
67722
67727
67729
67734
67737
67741
67744
67749
67751
67756
67759
67763
67766
67771
67773
67778
67781
67785
67788
67793
67795
67800
67803
67807
67810
67815
67818
67822
67825
67830
67832
67837
67840
67844
67847
67852
67854
67859
67862
67866
67869
67874
67876
67881
67884
67888
67891
67896
67898
67903
67906
67910
67913
67918
67920
67925
67928
67932
67935
67940
67942
67947
67950
67954
67957
67962
67966
67971
67975
67980
67984
67989
67993
67999
68002
68008
68011
68017
68020
68026
68029
68035
68039
68044
68048
68053
68057
68062
68066
68071
68075
68081
68084
68090
68093
68099
68102
68108
68111
68117
68121
68126
68130
68135
68139
68144
68148
68153
68157
68163
68166
68172
68175
68181
68184
68190
68193
68199
68203
68208
68212
68217
68221
68226
68230
68235
68239
68245
68248
68254
68257
68263
68266
68272
68275
68281
68285
68290
68294
68299
68303
68308
68312
68317
68321
68327
68330
68336
68339
68345
68348
68354
68357
68363
68367
68372
68376
68381
68385
68390
68394
68399
68403
68409
68412
68418
68421
68427
68430
68436
68439
68445
68449
68451
68456
68458
68463
68465
68469
68472
68476
68479
68483
68485
68490
68492
68497
68499
68503
68506
68510
68513
68517
68519
68524
68526
68531
68533
68537
68540
68544
68547
68551
68553
68558
68560
68565
68567
68571
68574
68578
68581
68585
68587
68592
68594
68599
68601
68605
68608
68612
68615
68619
68621
68626
68628
68633
68635
68639
68642
68646
68649
68653
68656
68660
68662
68667
68669
68674
68676
68680
68683
68687
68690
68694
68696
68701
68703
68708
68710
68714
68717
68721
68724
68728
68730
68735
68737
68742
68744
68748
68751
68755
68758
68762
68764
68769
68771
68776
68778
68782
68785
68789
68792
68796
68798
68803
68805
68810
68812
68816
68819
68823
68826
68830
68832
68837
68839
68844
68846
68850
68853
68857
68860
68864
68867
68871
68873
68878
68880
68885
68887
68891
68894
68898
68901
68905
68908
68912
68915
68920
68922
68927
68929
68934
68937
68941
68944
68948
68951
68956
68958
68963
68965
68970
68973
68977
68980
68985
68987
68992
68994
68999
69002
69006
69009
69013
69016
69021
69023
69028
69030
69035
69038
69042
69045
69050
69052
69057
69059
69064
69067
69071
69074
69078
69081
69086
69088
69093
69095
69100
69103
69107
69110
69114
69117
69122
69124
69129
69132
69136
69139
69143
69146
69151
69153
69158
69160
69165
69168
69172
69175
69179
69182
69187
69189
69194
69197
69201
69204
69208
69211
69216
69218
69223
69225
69230
69233
69237
69240
69244
69247
69252
69254
69259
69262
69266
69269
69273
69276
69281
69283
69288
69290
69295
69298
69302
69305
69309
69312
69317
69319
69324
69326
69331
69334
69338
69341
69346
69352
69356
69363
69367
69374
69378
69385
69389
69395
69400
69406
69411
69417
69422
69428
69432
69439
69443
69450
69454
69461
69465
69471
69476
69482
69487
69493
69498
69504
69509
69515
69519
69526
69530
69537
69541
69548
69552
69558
69563
69569
69574
69580
69585
69591
69596
69601
69607
69612
69618
69623
69629
69634
69640
69644
69651
69655
69662
69666
69673
69677
69683
69688
69694
69699
69705
69710
69716
69721
69726
69732
69737
69743
69748
69754
69759
69765
69769
69776
69780
69787
69791
69798
69802
69808
69813
69819
69824
69828
69834
69837
69843
69847
69853
69856
69862
69866
69872
69875
69881
69885
69891
69894
69900
69904
69909
69913
69919
69923
69928
69932
69938
69942
69947
69951
69957
69961
69966
69970
69976
69980
69985
69989
69995
69998
70004
70008
70014
70017
70023
70027
70033
70036
70042
70046
70052
70055
70061
70065
70070
70074
70080
70084
70089
70093
70099
70103
70108
70112
70118
70122
70127
70131
70137
70141
70146
70150
70156
70159
70165
70169
70175
70178
70184
70188
70194
70197
70203
70207
70213
70216
70222
70226
70231
70235
70241
70245
