5
8
13
17
22
25
31
34
39
43
48
51
57
60
65
68
74
77
82
86
91
94
100
103
108
112
117
120
126
129
134
137
143
146
151
155
160
163
169
172
177
181
186
189
195
198
203
206
212
215
220
224
229
232
238
241
246
250
255
258
264
267
272
275
281
284
289
293
298
301
307
310
315
319
324
327
333
336
341
344
350
353
358
362
367
370
376
379
384
388
393
396
402
405
410
413
419
422
427
431
436
439
445
448
453
457
462
465
470
475
479
484
488
493
497
502
506
511
515
520
524
529
533
538
542
547
551
556
560
565
569
574
578
583
587
592
596
601
605
611
614
620
623
629
632
638
641
647
650
656
659
665
668
674
677
683
686
692
695
701
704
710
713
719
722
728
731
737
740
746
750
755
759
764
768
773
777
782
786
791
795
800
804
809
813
818
822
827
831
836
840
845
849
854
858
863
867
872
876
881
885
891
894
900
903
909
912
918
921
927
930
936
939
945
948
954
957
963
966
972
975
981
984
990
993
999
1002
1008
1011
1017
1020
1026
1031
1034
1040
1043
1049
1052
1057
1061
1066
1070
1075
1078
1084
1087
1093
1096
1101
1105
1110
1114
1119
1122
1128
1131
1137
1140
1145
1149
1154
1158
1163
1166
1172
1175
1181
1184
1189
1193
1198
1202
1207
1210
1216
1219
1225
1228
1233
1237
1242
1246
1251
1254
1260
1263
1269
1272
1277
1281
1286
1290
1295
1298
1304
1307
1313
1316
1321
1325
1330
1334
1339
1342
1348
1351
1357
1360
1365
1369
1374
1378
1384
1387
1393
1397
1402
1406
1412
1415
1421
1425
1431
1434
1440
1444
1449
1453
1459
1462
1468
1472
1478
1481
1487
1491
1496
1500
1506
1509
1515
1519
1524
1528
1534
1538
1543
1547
1553
1556
1562
1566
1571
1575
1581
1585
1590
1594
1600
1603
1609
1613
1618
1622
1628
1632
1637
1641
1647
1650
1656
1660
1665
1669
1675
1678
1684
1688
1694
1697
1703
1707
1712
1716
1722
1725
1731
1735
1741
1744
1750
1754
1759
1763
1769
1772
1778
1782
1788
1791
1797
1801
1806
1810
1816
1819
1825
1829
1834
1837
1842
1846
1851
1854
1860
1863
1868
1872
1877
1880
1886
1889
1894
1898
1903
1906
1912
1915
1920
1924
1929
1932
1938
1941
1946
1950
1955
1958
1964
1967
1972
1976
1981
1984
1990
1993
1998
2002
2007
2010
2016
2019
2024
2027
2033
2036
2041
2045
2050
2053
2059
2062
2067
2071
2076
2079
2085
2088
2093
2097
2102
2105
2111
2114
2119
2123
2128
2131
2137
2140
2145
2149
2154
2157
2163
2166
2171
2175
2180
2183
2189
2192
2197
2201
2206
2209
2215
2218
2223
2226
2232
2235
2240
2244
2249
2252
2258
2261
2266
2270
2275
2278
2284
2287
2292
2296
2301
2304
2310
2313
2318
2322
2327
2330
2336
2339
2344
2348
2353
2356
2362
2365
2370
2374
2379
2382
2388
2391
2396
2400
2405
2408
2413
2418
2422
2427
2431
2436
2440
2446
2449
2455
2458
2464
2467
2473
2477
2482
2486
2491
2495
2500
2504
2510
2513
2519
2522
2528
2532
2537
2541
2546
2550
2555
2559
2565
2568
2574
2577
2583
2586
2592
2596
2601
2605
2610
2614
2620
2623
2629
2632
2638
2641
2647
2651
2656
2660
2665
2669
2674
2678
2684
2687
2693
2696
2702
2706
2711
2715
2720
2724
2729
2733
2739
2742
2748
2751
2757
2760
2766
2770
2775
2779
2784
2788
2794
2797
2803
2806
2812
2815
2821
2825
2830
2834
2839
2843
2848
2852
2858
2861
2867
2870
2876
2879
2885
2889
2894
2898
2903
2907
2913
2916
2922
2925
2931
2934
2940
2945
2948
2953
2956
2961
2964
2970
2973
2978
2981
2986
2989
2995
2998
3003
3006
3011
3014
3019
3023
3028
3031
3036
3039
3044
3048
3053
3056
3061
3064
3069
3073
3078
3081
3086
3089
3094
3097
3103
3106
3111
3114
3119
3122
3128
3131
3136
3139
3144
3147
3152
3156
3161
3164
3169
3172
3177
3181
3186
3189
3194
3197
3202
3206
3211
3214
3219
3222
3227
3230
3236
3239
3244
3247
3252
3257
3260
3265
3268
3273
3277
3282
3285
3290
3293
3299
3302
3307
3310
3315
3318
3324
3327
3332
3335
3340
3344
3349
3352
3357
3360
3365
3369
3374
3377
3382
3385
3391
3394
3399
3402
3407
3410
3416
3419
3424
3427
3432
3436
3441
3444
3449
3452
3458
3461
3466
3469
3474
3477
3483
3486
3491
3494
3499
3503
3508
3511
3516
3519
3524
3528
3533
3536
3541
3544
3550
3553
3558
3561
3566
3569
3575
3578
3583
3586
3591
3595
3600
3603
3608
3611
3617
3620
3625
3628
3633
3636
3642
3645
3650
3653
3658
3662
3667
3670
3675
3678
3683
3687
3692
3695
3700
3703
3709
3712
3717
3720
3725
3728
3734
3737
3742
3745
3750
3754
3759
3762
3767
3770
3776
3779
3784
3787
3792
3795
3801
3804
3809
3812
3817
3821
3826
3829
3834
3837
3842
3846
3851
3854
3859
3862
3867
3871
3876
3879
3885
3888
3893
3897
3902
3905
3911
3914
3919
3923
3928
3931
3937
3940
3945
3949
3954
3957
3963
3966
3971
3975
3980
3983
3989
3992
3997
4001
4006
4009
4015
4018
4023
4027
4032
4035
4041
4044
4049
4053
4058
4061
4067
4070
4075
4079
4084
4087
4093
4096
4101
4104
4110
4113
4118
4122
4127
4130
4136
4139
4144
4148
4153
4156
4162
4165
4170
4174
4179
4182
4188
4191
4196
4200
4205
4208
4213
4216
4221
4224
4229
4233
4238
4241
4246
4249
4255
4258
4263
4266
4271
4274
4280
4283
4288
4291
4296
4300
4305
4308
4313
4316
4321
4325
4330
4333
4338
4341
4347
4350
4355
4358
4363
4366
4372
4375
4380
4383
4388
4392
4397
4400
4405
4408
4413
4417
4422
4425
4430
4433
4439
4442
4447
4450
4455
4458
4464
4467
4472
4475
4480
4484
4489
4492
4497
4500
4505
4509
4514
4517
4522
4525
4531
4534
4539
4542
4547
4550
4556
4559
4564
4567
4572
4576
4581
4584
4589
4592
4597
4601
4606
4609
4614
4617
4623
4626
4631
4634
4639
4642
4648
4651
4656
4659
4664
4668
4673
4676
4681
4684
4690
4693
4698
4701
4706
4709
4715
4718
4723
4726
4731
4735
4740
4743
4748
4751
4756
4760
4765
4768
4773
4776
4782
4785
4790
4793
4798
4801
4807
4810
4815
4818
4823
4828
4832
4838
4841
4847
4851
4856
4860
4866
4869
4875
4879
4885
4888
4894
4898
4903
4907
4913
4916
4922
4926
4931
4935
4941
4945
4950
4954
4960
4963
4969
4973
4978
4982
4988
4991
4997
5001
5007
5010
5016
5020
5025
5029
5035
5038
5044
5048
5053
5057
5063
5067
5072
5076
5082
5085
5091
5095
5100
5104
5110
5113
5119
5123
5129
5132
5138
5142
5147
5151
5157
5160
5166
5170
5175
5179
5185
5189
5194
5198
5204
5207
5213
5217
5222
5226
5232
5235
5241
5245
5251
5254
5260
5264
5269
5273
5279
5282
5288
5292
5297
5301
5307
5311
5316
5320
5326
5329
5335
5339
5344
5348
5354
5358
5363
5367
5373
5376
5382
5386
5391
5395
5401
5404
5410
5414
5420
5423
5429
5433
5438
5442
5448
5451
5457
5461
5466
5470
5476
5480
5485
5489
5495
5498
5504
5508
5513
5517
5523
5526
5532
5536
5542
5545
5550
5553
5559
5562
5568
5571
5577
5580
5586
5589
5595
5598
5603
5607
5612
5616
5621
5625
5630
5634
5639
5643
5648
5652
5657
5660
5666
5669
5675
5678
5684
5687
5693
5696
5702
5705
5711
5714
5719
5723
5728
5732
5737
5741
5746
5750
5755
5759
5764
5768
5773
5776
5782
5785
5791
5794
5800
5803
5809
5812
5818
5821
5827
5830
5835
5839
5844
5848
5853
5857
5862
5866
5871
5875
5880
5884
5889
5892
5898
5901
5907
5910
5916
5919
5925
5928
5934
5937
5943
5946
5951
5955
5960
5965
5969
5975
5979
5984
5988
5994
5998
6003
6007
6013
6017
6022
6026
6032
6036
6041
6045
6051
6055
6060
6064
6070
6074
6079
6083
6089
6093
6098
6102
6108
6112
6117
6121
6127
6131
6136
6140
6146
6150
6155
6159
6165
6169
6174
6178
6184
6188
6193
6197
6203
6207
6212
6216
6222
6226
6231
6235
6241
6245
6251
6254
6260
6264
6270
6273
6279
6283
6289
6292
6298
6302
6308
6311
6317
6321
6327
6330
6336
6340
6346
6349
6355
6359
6365
6368
6374
6379
6382
6388
6391
6397
6400
6406
6409
6415
6418
6424
6427
6433
6436
6442
6445
6451
6454
6460
6463
6469
6472
6478
6481
6487
6490
6496
6499
6505
6508
6514
6517
6523
6526
6532
6535
6541
6544
6550
6553
6559
6562
6568
6571
6577
6580
6586
6589
6595
6598
6604
6607
6613
6616
6622
6625
6631
6634
6640
6643
6649
6652
6658
6661
6667
6670
6676
6679
6685
6688
6694
6697
6703
6706
6712
6715
6721
6724
6730
6733
6739
6742
6748
6751
6757
6760
6766
6769
6775
6778
6784
6787
6793
6796
6802
6805
6811
6814
6820
6823
6829
6832
6838
6841
6847
6850
6856
6859
6865
6868
6874
6877
6883
6886
6892
6895
6901
6904
6910
6913
6919
6922
6928
6931
6937
6940
6946
6949
6955
6958
6964
6967
6973
6976
6982
6985
6991
6994
7000
7003
7009
7012
7018
7021
7027
7030
7036
7039
7045
7048
7054
7057
7063
7066
7072
7075
7081
7084
7090
7093
7099
7102
7108
7111
7117
7120
7126
7129
7135
7140
7144
7149
7153
7158
7162
7167
7171
7176
7180
7185
7189
7194
7198
7204
7207
7213
7216
7222
7225
7231
7234
7240
7243
7249
7252
7258
7262
7267
7271
7276
7280
7285
7289
7294
7298
7303
7307
7312
7316
7322
7325
7331
7334
7340
7343
7349
7352
7358
7361
7367
7370
7376
7379
7385
7389
7394
7398
7403
7407
7412
7416
7421
7425
7430
7434
7439
7443
7449
7452
7458
7461
7467
7470
7476
7479
7485
7488
7494
7497
7503
7507
7512
7516
7521
7525
7530
7534
7539
7543
7548
7552
7557
7561
7567
7570
7576
7579
7585
7588
7594
7597
7603
7606
7612
7615
7621
7624
7630
7634
7639
7643
7648
7652
7657
7661
7666
7670
7675
7679
7684
7688
7694
7697
7703
7706
7712
7715
7721
7724
7730
7733
7739
7742
7748
7752
7757
7761
7766
7770
7775
7779
7784
7788
7793
7797
7802
7806
7811
7815
7821
7824
7830
7833
7839
7842
7848
7851
7857
7860
7866
7869
7875
7879
7884
7887
7893
7896
7902
7905
7911
7914
7919
7923
7928
7932
7937
7941
7946
7949
7955
7958
7964
7967
7973
7976
7981
7985
7990
7994
7999
8003
8008
8011
8017
8020
8026
8029
8035
8038
8043
8047
8052
8056
8061
8065
8070
8073
8079
8082
8088
8091
8097
8100
8105
8109
8114
8118
8123
8127
8132
8136
8141
8144
8150
8153
8159
8162
8168
8171
8176
8180
8185
8189
8194
8198
8203
8206
8212
8215
8221
8224
8230
8233
8238
8242
8247
8251
8256
8260
8265
8268
8274
8277
8283
8286
8292
8295
8300
8304
8309
8313
8318
8322
8327
8330
8336
8339
8345
8348
8354
8357
8363
8366
8371
8375
8380
8384
8389
8393
8398
8401
8407
8410
8416
8419
8425
8428
8433
8437
8442
8446
8451
8455
8460
8463
8469
8472
8478
8481
8487
8490
8495
8499
8504
8508
8513
8517
8522
8525
8531
8534
8540
8543
8549
8552
8557
8561
8566
8571
8575
8581
8584
8590
8594
8599
8603
8609
8612
8618
8622
8627
8631
8637
8640
8646
8650
8655
8659
8665
8668
8674
8678
8683
8687
8693
8696
8702
8706
8711
8715
8721
8724
8730
8734
8739
8743
8749
8752
8758
8762
8767
8771
8777
8780
8786
8790
8795
8799
8805
8808
8814
8818
8823
8827
8833
8836
8842
8846
8851
8855
8861
8864
8870
8874
8879
8883
8889
8892
8898
8902
8907
8911
8917
8921
8926
8930
8936
8939
8945
8949
8954
8958
8964
8967
8973
8977
8982
8986
8992
8995
9001
9005
9010
9014
9019
9023
9028
9032
9037
9041
9046
9050
9055
9059
9064
9068
9073
9077
9082
9086
9091
9095
9101
9104
9110
9113
9119
9122
9128
9131
9137
9140
9146
9149
9155
9158
9164
9167
9173
9176
9182
9186
9191
9195
9200
9204
9209
9213
9218
9222
9227
9231
9236
9240
9245
9249
9254
9258
9263
9267
9273
9276
9282
9285
9291
9294
9300
9303
9309
9312
9318
9321
9327
9330
9336
9339
9345
9348
9354
9358
9363
9367
9372
9376
9381
9385
9390
9394
9399
9403
9408
9412
9417
9421
9426
9430
9435
9439
9445
9448
9454
9457
9463
9466
9472
9475
9481
9484
9490
9493
9499
9502
9508
9511
9517
9520
9526
9530
9535
9539
9544
9548
9553
9557
9562
9566
9571
9575
9580
9584
9589
9593
9598
9602
9607
9611
9617
9620
9626
9629
9635
9638
9644
9647
9653
9656
9662
9665
9671
9674
9680
9683
9688
9692
9697
9701
9706
9710
9715
9719
9724
9728
9733
9737
9742
9746
9751
9755
9761
9764
9770
9773
9779
9782
9788
9791
9797
9800
9806
9809
9815
9818
9824
9827
9833
9837
9842
9846
9851
9855
9860
9864
9869
9873
9878
9882
9887
9891
9896
9900
9905
9909
9915
9918
9924
9927
9933
9936
9942
9945
9951
9954
9960
9963
9969
9972
9978
9981
9987
9991
9996
10000
10005
10009
10014
10018
10023
10028
10031
10037
10040
10045
10049
10054
10058
10063
10066
10072
10075
10081
10084
10089
10093
10098
10102
10107
10110
10116
10119
10125
10128
10133
10137
10142
10146
10151
10154
10160
10163
10169
10172
10177
10181
10186
10190
10195
10198
10204
10207
10213
10216
10221
10225
10230
10234
10239
10242
10248
10251
10257
10260
10265
10269
10274
10278
10283
10286
10292
10295
10301
10304
10309
10313
10318
10322
10327
10330
10336
10339
10345
10348
10353
10357
10362
10366
10371
10374
10380
10383
10389
10392
10397
10401
10406
10410
10415
10418
10424
10427
10433
10436
10441
10445
10450
10454
10459
10462
10468
10471
10477
10480
10485
10489
10494
10498
10503
10506
10512
10515
10521
10524
10529
10533
10538
10542
10547
10550
10556
10559
10565
10568
10573
10577
10582
10586
10591
10594
10600
10603
10609
10612
10617
10621
10626
10630
10635
10638
10644
10647
10653
10656
10661
10665
10670
10674
10679
10682
10688
10691
10697
10700
10705
10709
10714
10718
10723
10726
10731
10734
10740
10743
10749
10752
10757
10761
10766
10770
10775
10778
10784
10787
10793
10796
10801
10805
10810
10814
10819
10822
10828
10831
10837
10840
10845
10849
10854
10858
10863
10866
10872
10875
10881
10884
10889
10893
10898
10902
10907
10911
10916
10919
10925
10928
10934
10937
10942
10946
10951
10955
10960
10963
10969
10972
10978
10981
10986
10990
10995
10999
11004
11007
11013
11016
11022
11025
11030
11034
11039
11043
11048
11051
11057
11060
11066
11069
11075
11078
11083
11087
11092
11096
11101
11104
11110
11113
11119
11122
11127
11131
11136
11140
11145
11148
11154
11157
11163
11166
11171
11175
11180
11184
11189
11192
11198
11201
11207
11210
11215
11219
11224
11228
11233
11238
11241
11246
11250
11255
11258
11263
11267
11272
11275
11281
11284
11289
11292
11298
11301
11306
11310
11315
11318
11323
11327
11332
11335
11341
11344
11349
11352
11358
11361
11366
11370
11375
11378
11383
11387
11392
11395
11401
11404
11409
11412
11418
11421
11426
11430
11435
11438
11443
11447
11452
11455
11460
11464
11469
11472
11478
11481
11486
11489
11495
11498
11503
11507
11512
11515
11520
11524
11529
11532
11538
11541
11546
11549
11555
11558
11563
11567
11572
11575
11580
11584
11589
11592
11598
11601
11606
11609
11615
11618
11623
11627
11632
11635
11640
11644
11649
11652
11657
11661
11666
11669
11675
11678
11683
11686
11692
11695
11700
11704
11709
11712
11717
11721
11726
11729
11735
11738
11743
11746
11752
11755
11760
11765
11768
11774
11777
11782
11786
11791
11795
11800
11803
11809
11812
11818
11821
11826
11830
11835
11839
11844
11847
11853
11856
11862
11865
11870
11874
11879
11883
11888
11891
11897
11900
11906
11909
11914
11918
11923
11927
11932
11935
11941
11944
11950
11953
11958
11962
11967
11970
11976
11979
11985
11988
11993
11997
12002
12006
12011
12014
12020
12023
12029
12032
12037
12041
12046
12050
12055
12058
12064
12067
12073
12076
12081
12085
12090
12094
12099
12102
12108
12111
12117
12120
12125
12129
12134
12138
12143
12146
12152
12155
12160
12164
12169
12173
12178
12181
12187
12190
12196
12199
12204
12208
12213
12217
12222
12225
12231
12234
12240
12243
12248
12252
12257
12261
12266
12269
12275
12278
12284
12287
12292
12296
12301
12305
12310
12313
12319
12322
12328
12331
12336
12340
12345
12349
12354
12357
12363
12366
12371
12375
12380
12384
12389
12392
12398
12401
12407
12410
12415
12419
12424
12428
12433
12436
12442
12445
12451
12454
12459
12463
12469
12473
12478
12482
12488
12492
12497
12501
12507
12511
12516
12520
12526
12530
12535
12539
12545
12549
12554
12558
12564
12568
12573
12577
12583
12587
12592
12596
12602
12606
12611
12615
12621
12625
12630
12634
12640
12644
12649
12653
12659
12663
12668
12672
12678
12682
12687
12691
12697
12701
12706
12710
12716
12720
12725
12729
12735
12739
12745
12748
12754
12758
12764
12767
12773
12777
12783
12786
12792
12796
12802
12805
12811
12815
12821
12824
12830
12834
12840
12843
12849
12853
12859
12862
12868
12872
12878
12881
12887
12891
12897
12900
12906
12910
12916
12919
12925
12929
12935
12938
12944
12948
12954
12957
12963
12967
12973
12976
12982
12986
12992
12995
13001
13005
13011
13015
13020
13024
13030
13034
13039
13043
13049
13053
13058
13062
13068
13072
13077
13081
13087
13091
13096
13100
13106
13110
13115
13119
13125
13129
13134
13138
13144
13148
13153
13157
13163
13167
13172
13176
13182
13186
13191
13195
13201
13205
13210
13215
13219
13225
13228
13234
13238
13244
13247
13253
13257
13263
13266
13272
13276
13282
13285
13291
13295
13300
13304
13310
13314
13319
13323
13329
13333
13338
13342
13348
13352
13357
13361
13367
13371
13376
13380
13386
13389
13395
13399
13405
13408
13414
13418
13424
13427
13433
13437
13443
13446
13452
13456
13461
13465
13471
13475
13480
13484
13490
13494
13499
13503
13509
13513
13518
13522
13528
13532
13537
13541
13547
13550
13556
13560
13566
13569
13575
13579
13585
13588
13594
13598
13604
13607
13613
13617
13622
13626
13632
13636
13641
13645
13651
13655
13660
13664
13670
13674
13679
13683
13689
13693
13698
13703
13707
13713
13716
13722
13726
13731
13735
13741
13745
13750
13754
13760
13763
13769
13773
13779
13782
13788
13792
13797
13801
13807
13811
13816
13820
13826
13829
13835
13839
13845
13848
13854
13858
13863
13867
13873
13877
13882
13886
13892
13895
13901
13905
13911
13914
13920
13924
13929
13933
13939
13943
13948
13952
13958
13961
13967
13971
13977
13980
13986
13990
13995
13999
14005
14009
14014
14018
14024
14027
14033
14037
14043
14046
14052
14056
14061
14065
14071
14075
14080
14084
14090
14093
14099
14103
14109
14112
14118
14122
14127
14131
14137
14141
14146
14150
14156
14159
14165
14169
14175
14178
14184
14188
14193
14197
14203
14207
14212
14216
14222
14225
14231
14235
14241
14244
14250
14254
14259
14263
14269
14273
14278
14282
14288
14291
14296
14300
14305
14309
14315
14318
14324
14328
14333
14337
14342
14346
14352
14355
14361
14365
14370
14374
14380
14383
14389
14392
14398
14402
14407
14411
14417
14420
14426
14430
14435
14439
14444
14448
14454
14457
14463
14467
14472
14476
14482
14485
14491
14494
14500
14504
14509
14513
14519
14522
14528
14532
14537
14541
14546
14550
14556
14559
14565
14569
14574
14578
14584
14587
14593
14596
14602
14606
14611
14615
14621
14626
14629
14634
14637
14642
14645
14651
14654
14659
14662
14667
14670
14675
14679
14684
14687
14692
14695
14700
14704
14709
14712
14717
14720
14725
14728
14734
14737
14742
14745
14750
14753
14759
14762
14767
14770
14775
14778
14783
14787
14792
14795
14800
14803
14808
14812
14817
14820
14825
14828
14833
14836
14842
14845
14850
14853
14858
14861
14866
14870
14875
14878
14883
14886
14891
14895
14900
14903
14908
14911
14916
14919
14925
14928
14933
14936
14941
14944
14950
14953
14958
14961
14966
14969
14974
14978
14983
14986
14991
14994
14999
15003
15008
15011
15016
15019
15024
15027
15033
15036
15041
15044
15049
15052
15057
15061
15066
15069
15074
15077
15082
15086
15091
15094
15099
15102
15107
15110
15116
15119
15124
15127
15132
15135
15141
15144
15149
15152
15157
15160
15165
15169
15174
15177
15182
15185
15190
15194
15199
15202
15207
15210
15215
15219
15224
15227
15232
15235
15240
15244
15249
15252
15257
15260
15265
15269
15274
15277
15282
15285
15290
15294
15299
15302
15307
15310
15315
15319
15324
15327
15332
15335
15340
15344
15349
15352
15357
15360
15365
15369
15374
15377
15382
15385
15390
15394
15399
15402
15407
15410
15415
15419
15424
15427
15432
15435
15440
15444
15449
15452
15457
15460
15465
15469
15474
15477
15482
15485
15490
15494
15499
15502
15507
15510
15515
15519
15524
15527
15532
15535
15540
15544
15549
15552
15557
15560
15565
15569
15574
15577
15582
15585
15590
15594
15599
15602
15607
15610
15615
15619
15624
15627
15632
15635
15640
15644
15649
15652
15657
15660
15666
15669
15674
15677
15682
15685
15691
15694
15699
15702
15707
15710
15716
15719
15724
15727
15732
15735
15741
15744
15749
15752
15757
15760
15766
15769
15774
15777
15782
15785
15791
15794
15799
15802
15807
15810
15816
15819
15824
15827
15832
15835
15841
15844
15849
15852
15857
15860
15866
15869
15874
15877
15882
15885
15891
15894
15899
15902
15907
15910
15916
15919
15924
15927
15932
15935
15941
15944
15949
15954
15958
15963
15967
15973
15976
15982
15985
15991
15995
16000
16004
16010
16013
16019
16022
16028
16032
16037
16041
16047
16050
16056
16059
16065
16069
16074
16078
16084
16087
16093
16096
16102
16106
16111
16115
16121
16124
16130
16133
16139
16143
16148
16152
16158
16161
16167
16170
16176
16180
16185
16189
16194
16198
16204
16207
16213
16217
16222
16226
16231
16235
16241
16244
16250
16254
16259
16263
16268
16272
16278
16281
16287
16291
16296
16300
16305
16309
16315
16318
16324
16328
16333
16337
16342
16346
16352
16355
16361
16365
16370
16374
16379
16383
16389
16392
16398
16402
16407
16412
16415
16421
16424
16430
16433
16439
16442
16448
16451
16456
16460
16465
16469
16474
16478
16483
16487
16492
16495
16501
16504
16510
16513
16519
16522
16528
16531
16536
16540
16545
16549
16554
16558
16563
16567
16572
16576
16581
16584
16590
16593
16599
16602
16608
16611
16617
16620
16625
16629
16634
16638
16643
16647
16652
16656
16661
16664
16670
16673
16679
16682
16688
16691
16697
16700
16705
16709
16714
16718
16723
16727
16732
16736
16741
16745
16750
16753
16759
16762
16768
16771
16777
16780
16786
16789
16794
16798
16803
16807
16812
16816
16821
16825
16830
16833
16839
16842
16848
16851
16856
16860
16865
16869
16874
16878
16883
16887
16892
16896
16901
16905
16910
16914
16919
16923
16928
16932
16937
16941
16946
16950
16956
16959
16965
16968
16974
16977
16983
16986
16992
16995
17001
17004
17010
17013
17019
17022
17028
17031
17037
17040
17046
17050
17055
17059
17064
17068
17073
17077
17082
17086
17091
17095
17100
17104
17109
17113
17118
17122
17127
17131
17136
17140
17146
17149
17155
17158
17164
17167
17173
17176
17182
17185
17191
17194
17200
17203
17209
17212
17218
17221
17227
17230
17236
17239
17245
17249
17254
17258
17263
17267
17272
17276
17281
17285
17290
17294
17299
17303
17308
17312
17317
17321
17326
17330
17335
17339
17345
17348
17354
17357
17363
17366
17372
17375
17381
17384
17390
17393
17399
17402
17408
17411
17417
17420
17426
17429
17435
17439
17444
17448
17453
17457
17462
17466
17471
17475
17480
17484
17489
17493
17498
17502
17507
17511
17516
17520
17525
17529
17535
17538
17544
17547
17553
17556
17562
17565
17571
17574
17580
17583
17589
17592
17598
17601
17607
17610
17616
17619
17625
17628
17634
17638
17643
17647
17652
17655
17661
17664
17669
17673
17678
17681
17687
17690
17695
17699
17704
17708
17713
17716
17722
17725
17730
17734
17739
17742
17748
17751
17756
17760
17765
17769
17774
17777
17783
17786
17791
17795
17800
17803
17809
17812
17817
17821
17826
17830
17835
17838
17844
17847
17852
17856
17861
17864
17870
17873
17879
17882
17887
17891
17896
17899
17905
17908
17913
17917
17922
17925
17931
17934
17940
17943
17948
17952
17957
17960
17966
17969
17974
17978
17983
17986
17992
17995
18001
18004
18009
18013
18018
18021
18027
18030
18035
18039
18044
18048
18053
18056
18062
18065
18070
18074
18079
18082
18088
18091
18096
18100
18105
18109
18114
18117
18123
18126
18131
18135
18140
18143
18149
18152
18157
18161
18166
18170
18175
18178
18184
18187
18192
18196
18201
18204
18210
18213
18218
18221
18227
18230
18235
18239
18244
18247
18253
18256
18262
18265
18270
18274
18279
18282
18288
18291
18296
18300
18305
18309
18314
18317
18323
18326
18331
18335
18340
18344
18349
18352
18358
18361
18366
18370
18375
18378
18384
18387
18393
18396
18401
18405
18410
18413
18419
18422
18428
18431
18436
18440
18445
18448
18454
18457
18462
18466
18471
18475
18480
18483
18489
18492
18497
18501
18506
18510
18515
18518
18524
18527
18532
18536
18541
18544
18550
18553
18559
18562
18567
18571
18576
18579
18585
18588
18594
18597
18602
18606
18611
18614
18620
18623
18628
18632
18637
18641
18646
18650
18655
18659
18665
18668
18674
18677
18683
18687
18692
18696
18701
18705
18711
18714
18720
18723
18729
18733
18738
18742
18747
18751
18756
18760
18766
18769
18775
18778
18784
18788
18793
18797
18802
18806
18812
18815
18821
18824
18830
18834
18839
18843
18848
18852
18858
18861
18867
18870
18876
18879
18885
18889
18894
18898
18903
18907
18913
18916
18922
18925
18931
18935
18940
18944
18949
18953
18959
18962
18968
18971
18977
18981
18986
18990
18995
18999
19004
19008
19014
19017
19023
19026
19032
19036
19041
19045
19050
19054
19060
19063
19069
19072
19078
19082
19087
19091
19096
19100
19106
19109
19115
19118
19124
19127
19133
19137
19142
19146
19151
19155
19161
19164
19170
19173
19179
19183
19188
19192
19197
19201
19207
19210
19216
19219
19225
19229
19234
19238
19243
19247
19252
19256
19262
19265
19271
19274
19280
19284
19289
19293
19298
19302
19308
19311
19317
19320
19326
19330
19335
19339
19344
19348
19354
19359
19362
19367
19370
19376
19379
19384
19387
19392
19396
19401
19404
19409
19412
19418
19421
19426
19429
19434
19438
19443
19446
19451
19454
19460
19463
19468
19471
19476
19480
19485
19488
19493
19496
19502
19505
19510
19513
19518
19522
19527
19530
19535
19539
19544
19547
19552
19555
19561
19564
19569
19572
19577
19581
19586
19589
19594
19597
19603
19606
19611
19614
19619
19623
19628
19631
19636
19639
19645
19648
19653
19656
19661
19665
19670
19673
19678
19681
19687
19690
19695
19698
19703
19707
19712
19715
19720
19724
19729
19732
19737
19740
19746
19749
19754
19757
19762
19766
19771
19774
19779
19782
19788
19791
19796
19799
19804
19808
19813
19816
19821
19824
19830
19833
19838
19841
19846
19850
19855
19858
19863
19866
19872
19875
19880
19883
19888
19892
19897
19900
19905
19909
19914
19917
19922
19925
19931
19934
19939
19942
19947
19951
19956
19959
19964
19967
19973
19976
19981
19984
19989
19993
19998
20001
20006
20009
20015
20018
20023
20026
20031
20035
20040
20043
20048
20051
20057
20060
20065
20068
20073
20077
20082
20085
20090
20094
20099
20102
20107
20110
20115
20118
20123
20126
20131
20134
20140
20143
20148
20151
20156
20159
20164
20168
20173
20176
20181
20184
20189
20193
20198
20201
20206
20209
20214
20217
20223
20226
20231
20234
20239
20242
20248
20251
20256
20259
20264
20267
20272
20276
20281
20284
20289
20292
20297
20301
20306
20309
20314
20317
20322
20325
20331
20334
20339
20342
20347
20350
20355
20359
20364
20367
20372
20375
20380
20384
20389
20392
20397
20400
20405
20408
20414
20417
20422
20425
20430
20433
20439
20442
20447
20450
20455
20458
20463
20467
20472
20475
20480
20483
20488
20492
20497
20500
20505
20508
20513
20516
20522
20525
20530
20533
20538
20541
20546
20550
20555
20558
20563
20568
20572
20577
20581
20587
20590
20596
20599
20605
20609
20614
20618
20623
20627
20633
20636
20642
20645
20651
20655
20660
20664
20669
20673
20679
20682
20688
20691
20697
20701
20706
20710
20715
20719
20725
20728
20734
20737
20743
20747
20752
20756
20761
20765
20771
20774
20780
20783
20789
20793
20798
20802
20807
20811
20817
20820
20826
20829
20835
20839
20844
20848
20853
20857
20863
20866
20872
20875
20881
20885
20890
20894
20899
20904
20907
20912
20916
20921
20924
20930
20933
20938
20942
20947
20950
20956
20959
20964
20968
20973
20976
20981
20985
20990
20993
20999
21002
21007
21011
21016
21019
21025
21028
21033
21037
21042
21045
21050
21054
21059
21062
21068
21071
21076
21080
21085
21088
21094
21097
21102
21106
21111
21114
21119
21123
21128
21131
21137
21140
21145
21149
21154
21157
21163
21166
21171
21175
21180
21183
21189
21192
21197
21200
21206
21209
21214
21218
21223
21226
21232
21235
21240
21244
21249
21252
21258
21261
21266
21269
21275
21278
21283
21287
21292
21295
21301
21304
21309
21313
21318
21321
21327
21330
21335
21338
21344
21347
21352
21356
21361
21364
21370
21373
21378
21382
21387
21390
21396
21399
21404
21407
21413
21416
21421
21425
21430
21433
21439
21442
21447
21451
21456
21459
21465
21468
21473
21477
21482
21485
21490
21494
21499
21502
21508
21511
21516
21520
21525
21528
21534
21537
21542
21546
21551
21554
21559
21563
21568
21571
21577
21580
21585
21589
21594
21597
21603
21606
21611
21615
21620
21623
21628
21632
21637
21640
21646
21649
21654
21658
21663
21666
21672
21675
21680
21684
21689
21692
21697
21701
21706
21711
21714
21719
21722
21728
21731
21736
21739
21745
21748
21753
21756
21762
21765
21770
21773
21779
21782
21787
21790
21795
21799
21804
21807
21812
21816
21821
21824
21829
21833
21838
21841
21846
21850
21855
21858
21863
21866
21872
21875
21880
21883
21889
21892
21897
21900
21906
21909
21914
21917
21923
21926
21931
21934
21939
21943
21948
21951
21956
21960
21965
21968
21973
21977
21982
21985
21990
21994
21999
22002
22007
22010
22016
22019
22024
22027
22033
22036
22041
22044
22050
22053
22058
22061
22067
22070
22075
22078
22083
22087
22092
22095
22100
22104
22109
22112
22117
22121
22126
22129
22134
22138
22143
22146
22151
22154
22160
22163
22168
22171
22177
22180
22185
22188
22194
22197
22202
22205
22211
22214
22219
22222
22228
22231
22236
22239
22244
22248
22253
22256
22261
22265
22270
22273
22278
22282
22287
22290
22295
22299
22304
22307
22312
22315
22321
22324
22329
22332
22338
22341
22346
22349
22355
22358
22363
22366
22372
22375
22380
22383
22388
22392
22397
22400
22405
22409
22414
22417
22422
22426
22431
22434
22439
22443
22448
22451
22456
22459
22465
22468
22473
22476
22482
22485
22490
22493
22499
22502
22507
22510
22516
22521
22524
22530
22533
22539
22542
22548
22551
22557
22560
22566
22569
22574
22578
22583
22587
22592
22596
22601
22605
22610
22614
22619
22623
22628
22631
22637
22640
22646
22649
22655
22658
22664
22667
22673
22676
22682
22685
22690
22694
22699
22703
22708
22712
22717
22721
22726
22730
22735
22739
22744
22747
22753
22756
22762
22765
22771
22774
22780
22783
22789
22792
22798
22801
22806
22810
22815
22819
22824
22828
22833
22837
22842
22846
22851
22855
22860
22863
22869
22872
22878
22881
22887
22890
22896
22899
22905
22908
22914
22917
22922
22926
22931
22935
22940
22944
22949
22953
22958
22962
22967
22971
22976
22979
22985
22988
22994
22997
23003
23006
23012
23015
23021
23024
23030
23033
23038
23042
23047
23050
23055
23058
23063
23066
23072
23075
23080
23083
23088
23091
23097
23100
23105
23108
23113
23116
23121
23125
23130
23133
23138
23141
23146
23150
23155
23158
23163
23166
23171
23174
23180
23183
23188
23191
23196
23199
23205
23208
23213
23216
23221
23224
23229
23233
23238
23241
23246
23249
23254
23258
23263
23266
23271
23274
23279
23282
23288
23291
23296
23299
23304
23307
23313
23316
23321
23324
23329
23332
23338
23341
23346
23349
23354
23357
23362
23366
23371
23374
23379
23382
23387
23391
23396
23399
23404
23407
23412
23415
23421
23424
23429
23432
23437
23440
23446
23449
23454
23457
23462
23465
23470
23474
23479
23482
23487
23490
23495
23499
23504
23507
23512
23515
23520
23523
23529
23532
23537
23540
23545
23548
23554
23557
23562
23565
23570
23573
23579
23584
23587
23592
23595
23600
23603
23608
23612
23617
23620
23625
23628
23633
23636
23641
23645
23650
23653
23658
23661
23666
23669
23674
23678
23683
23686
23691
23694
23699
23702
23707
23711
23716
23719
23724
23727
23732
23735
23740
23744
23749
23752
23757
23760
23765
23768
23774
23777
23782
23785
23790
23793
23798
23801
23807
23810
23815
23818
23823
23826
23831
23834
23840
23843
23848
23851
23856
23859
23864
23867
23873
23876
23881
23884
23889
23892
23897
23900
23906
23909
23914
23917
23922
23925
23930
23934
23939
23942
23947
23950
23955
23958
23963
23967
23972
23975
23980
23983
23988
23991
23996
24000
24005
24008
24013
24016
24021
24024
24029
24033
24038
24041
24046
24049
24054
24057
24062
24066
24071
24074
24079
24082
24087
24090
24095
24099
24104
24107
24112
24115
24120
24123
24129
24132
24137
24140
24145
24148
24153
24156
24162
24165
24170
24173
24178
24181
24186
24189
24195
24198
24203
24206
24211
24214
24219
24222
24228
24231
24236
24239
24244
24247
24252
24255
24261
24264
24269
24272
24277
24280
24285
24289
24294
24297
24302
24307
24310
24315
24319
24324
24327
24333
24336
24341
24345
24350
24353
24359
24362
24367
24371
24376
24379
24385
24388
24393
24397
24402
24405
24410
24414
24419
24422
24428
24431
24436
24440
24445
24448
24454
24457
24462
24466
24471
24474
24480
24483
24488
24492
24497
24500
24506
24509
24514
24517
24523
24526
24531
24535
24540
24543
24549
24552
24557
24561
24566
24569
24575
24578
24583
24587
24592
24595
24601
24604
24609
24613
24618
24621
24626
24630
24635
24638
24644
24647
24652
24656
24661
24664
24670
24673
24678
24682
24687
24690
24696
24699
24704
24708
24713
24716
24722
24725
24730
24733
24739
24742
24747
24751
24756
24759
24765
24768
24773
24777
24782
24785
24791
24794
24799
24803
24808
24811
24817
24820
24825
24830
24833
24838
24841
24847
24850
24855
24858
24864
24867
24872
24875
24881
24884
24889
24892
24897
24901
24906
24909
24914
24918
24923
24926
24931
24935
24940
24943
24948
24951
24957
24960
24965
24968
24974
24977
24982
24985
24991
24994
24999
25002
25008
25011
25016
25019
25024
25028
25033
25036
25041
25045
25050
25053
25058
25062
25067
25070
25075
25078
25084
25087
25092
25095
25101
25104
25109
25112
25118
25121
25126
25129
25134
25138
25143
25146
25151
25155
25160
25163
25168
25172
25177
25180
25185
25189
25194
25197
25202
25205
25211
25214
25219
25222
25228
25231
25236
25239
25245
25248
25253
25256
25261
25265
25270
25273
25278
25282
25287
25290
25295
25299
25304
25307
25312
25316
25321
25324
25329
25332
25338
25341
25346
25349
25355
25358
25363
25366
25372
25375
25380
25383
25388
25392
25397
25400
25405
25409
25414
25417
25422
25426
25431
25434
25439
25442
25448
25451
25456
25459
25465
25468
25473
25476
25482
25485
25490
25493
25499
25502
25507
25510
25515
25520
25523
25528
25531
25536
25539
25545
25548
25553
25556
25561
25564
25570
25573
25578
25581
25586
25589
25595
25598
25603
25606
25611
25614
25619
25623
25628
25631
25636
25639
25644
25648
25653
25656
25661
25664
25669
25673
25678
25681
25686
25689
25694
25697
25703
25706
25711
25714
25719
25722
25728
25731
25736
25739
25744
25747
25753
25756
25761
25764
25769
25772
25777
25781
25786
25789
25794
25797
25802
25806
25811
25814
25819
25822
25827
25831
25836
25839
25844
25847
25852
25855
25861
25864
25869
25872
25877
25880
25886
25889
25894
25897
25902
25905
25911
25914
25919
25922
25927
25930
25935
25939
25944
25947
25952
25955
25960
25964
25969
25972
25977
25980
25985
25989
25994
25997
26002
26005
26010
26013
26019
26022
26027
26030
26035
26038
26044
26047
26052
26055
26060
26064
26069
26073
26078
26082
26087
26091
26096
26100
26105
26109
26115
26118
26124
26127
26133
26136
26142
26145
26151
26154
26160
26164
26169
26173
26178
26182
26187
26191
26196
26200
26205
26209
26215
26218
26224
26227
26233
26236
26242
26245
26251
26254
26260
26264
26269
26273
26278
26282
26287
26291
26296
26300
26305
26309
26314
26318
26324
26327
26333
26336
26342
26345
26351
26354
26360
26363
26369
26373
26378
26382
26387
26391
26396
26400
26405
26409
26414
26418
26424
26427
26433
26436
26442
26445
26451
26454
26460
26463
26469
26473
26478
26482
26487
26491
26496
26500
26505
26509
26514
26518
26524
26527
26533
26536
26542
26545
26551
26554
26560
26563
26569
26572
26578
26582
26587
26591
26596
26600
26605
26609
26614
26618
26623
26627
26633
26636
26642
26645
26651
26654
26660
26663
26669
26672
26678
26682
26687
26691
26696
26700
26705
26709
26714
26718
26723
26727
26733
26736
26742
26745
26751
26754
26760
26763
26769
26772
26778
26781
26787
26791
26796
26801
26804
26809
26812
26818
26821
26826
26829
26835
26838
26843
26846
26851
26855
26860
26863
26868
26872
26877
26880
26885
26888
26894
26897
26902
26905
26911
26914
26919
26922
26927
26931
26936
26939
26944
26948
26953
26956
26961
26964
26970
26973
26978
26981
26987
26990
26995
26998
27003
27007
27012
27015
27020
27024
27029
27032
27037
27040
27046
27049
27054
27057
27063
27066
27071
27074
27079
27083
27088
27091
27096
27100
27105
27108
27113
27117
27122
27125
27130
27133
27139
27142
27147
27150
27156
27159
27164
27167
27172
27176
27181
27184
27189
27193
27198
27201
27206
27209
27215
27218
27223
27226
27232
27235
27240
27243
27248
27252
27257
27260
27265
27269
27274
27277
27282
27285
27291
27294
27299
27302
27308
27311
27316
27319
27324
27328
27333
27336
27342
27345
27351
27354
27360
27363
27369
27372
27378
27381
27387
27390
27396
27399
27405
27408
27414
27417
27423
27426
27432
27435
27441
27444
27450
27453
27459
27462
27468
27471
27477
27480
27486
27489
27494
27498
27503
27507
27512
27516
27521
27525
27530
27534
27539
27543
27548
27552
27557
27561
27566
27570
27575
27579
27584
27588
27593
27597
27602
27606
27611
27615
27620
27624
27629
27633
27638
27642
27647
27650
27656
27659
27665
27668
27674
27677
27683
27686
27692
27695
27701
27704
27710
27713
27719
27722
27728
27731
27737
27740
27746
27749
27755
27758
27764
27767
27773
27776
27782
27785
27791
27794
27800
27803
27808
27812
27817
27821
27826
27830
27835
27839
27844
27848
27853
27857
27862
27866
27871
27875
27880
27884
27889
27893
27898
27902
27907
27911
27916
27920
27925
27929
27934
27938
27943
27947
27952
27956
27961
27965
27970
27973
27979
27982
27988
27991
27997
28000
28006
28009
28015
28020
28023
28028
28032
28037
28040
28046
28049
28054
28057
28063
28066
28071
28075
28080
28083
28089
28092
28097
28100
28106
28109
28114
28118
28123
28126
28132
28135
28140
28143
28149
28152
28157
28161
28166
28169
28174
28178
28183
28186
28192
28195
28200
28204
28209
28212
28217
28221
28226
28229
28235
28238
28243
28247
28252
28255
28260
28264
28269
28272
28278
28281
28286
28289
28295
28298
28303
28307
28312
28315
28321
28324
28329
28332
28338
28341
28346
28350
28355
28358
28364
28367
28372
28375
28381
28384
28389
28393
28398
28401
28406
28410
28415
28418
28424
28427
28432
28436
28441
28444
28449
28453
28458
28461
28467
28470
28475
28479
28484
28487
28492
28496
28501
28504
28510
28513
28518
28521
28527
28530
28535
28539
28544
28547
28553
28556
28561
28564
28570
28573
28578
28582
28587
28590
28596
28599
28604
28607
28613
28616
28621
28625
28630
28634
28639
28643
28648
28652
28657
28661
28666
28670
28675
28679
28685
28688
28694
28697
28703
28706
28712
28715
28721
28724
28730
28733
28739
28743
28748
28752
28757
28761
28766
28770
28775
28779
28784
28788
28793
28797
28803
28806
28812
28815
28821
28824
28830
28833
28839
28842
28848
28851
28857
28860
28866
28870
28875
28879
28884
28888
28893
28897
28902
28906
28911
28915
28920
28924
28930
28933
28939
28942
28948
28951
28957
28960
28966
28969
28975
28978
28984
28988
28993
28997
29002
29006
29011
29015
29020
29024
29029
29033
29038
29042
29048
29051
29057
29060
29066
29069
29075
29078
29084
29087
29093
29096
29102
29105
29111
29115
29120
29124
29129
29133
29138
29142
29147
29151
29156
29160
29165
29169
29175
29178
29184
29187
29193
29196
29202
29205
29211
29214
29220
29223
29228
29231
29237
29240
29245
29249
29254
29257
29263
29266
29271
29275
29280
29283
29289
29292
29297
29301
29306
29309
29315
29318
29323
29327
29332
29335
29341
29344
29349
29353
29358
29361
29367
29370
29375
29379
29384
29387
29393
29396
29401
29405
29410
29413
29419
29422
29427
29431
29436
29439
29445
29448
29454
29457
29462
29466
29471
29474
29480
29483
29488
29492
29497
29500
29506
29509
29514
29518
29523
29526
29532
29535
29540
29544
29549
29552
29558
29561
29566
29570
29575
29578
29584
29587
29592
29596
29601
29604
29610
29613
29618
29622
29627
29630
29636
29639
29644
29648
29653
29656
29662
29665
29671
29674
29679
29683
29688
29691
29697
29700
29705
29709
29714
29717
29723
29726
29731
29735
29740
29743
29749
29752
29757
29761
29766
29769
29775
29778
29783
29787
29792
29795
29801
29804
29809
29813
29818
29821
29827
29830
29835
29839
29844
29847
29853
29856
29861
29865
29870
29873
29879
29882
29888
29891
29896
29900
29905
29908
29914
29917
29922
29926
29931
29934
29940
29943
29948
29952
29957
29960
29966
29969
29974
29978
29983
29986
29992
29995
30000
30004
30009
30012
30018
30021
30026
30030
30035
30039
30044
30048
30054
30057
30063
30067
30072
30076
30082
30085
30091
30095
30100
30104
30110
30113
30119
30123
30128
30132
30138
30141
30147
30151
30156
30160
30166
30169
30175
30179
30184
30188
30194
30197
30203
30207
30212
30216
30221
30225
30231
30234
30240
30244
30249
30253
30259
30262
30268
30272
30277
30281
30287
30290
30296
30300
30305
30309
30315
30318
30324
30328
30333
30337
30343
30346
30352
30356
30361
30365
30371
30374
30380
30384
30389
30393
30399
30402
30408
30411
30417
30421
30426
30430
30436
30439
30445
30449
30454
30458
30464
30467
30473
30477
30482
30486
30492
30495
30501
30505
30510
30514
30520
30523
30529
30533
30538
30542
30548
30551
30557
30561
30566
30570
30576
30579
30585
30589
30594
30598
30603
30607
30613
30616
30622
30626
30631
30635
30641
30644
30650
30654
30659
30663
30669
30672
30678
30682
30687
30691
30697
30700
30706
30710
30715
30719
30725
30728
30734
30738
30743
30747
30753
30756
30762
30766
30771
30775
30780
30784
30790
30795
30799
30804
30808
30813
30817
30822
30826
30831
30835
30840
30844
30850
30853
30859
30862
30868
30871
30877
30880
30886
30890
30894
30900
30903
30909
30912
30918
30921
30927
30930
30936
30940
30944
30950
30953
30959
30962
30968
30971
30977
30980
30986
30990
30994
31000
31003
31009
31012
31018
31021
31027
31030
31036
31040
31044
31050
31053
31059
31062
31068
31071
31077
31080
31086
31090
31094
31100
31103
31109
31112
31118
31121
31127
31130
31136
31140
31144
31150
31153
31159
31162
31168
31171
31177
31180
31186
31190
31194
31200
31203
31209
31212
31218
31221
31227
31230
31236
31240
31244
31250
31253
31259
31262
31268
31271
31277
31280
31286
31290
31294
31300
31303
31309
31312
31318
31321
31327
31330
31336
31340
31344
31349
31353
31359
31362
31368
31372
31377
31381
31387
31391
31396
31400
31406
31409
31415
31419
31425
31428
31434
31438
31443
31447
31453
31457
31462
31466
31472
31475
31481
31485
31491
31494
31500
31504
31509
31513
31519
31523
31528
31532
31538
31541
31547
31551
31557
31560
31566
31570
31575
31579
31585
31588
31594
31598
31604
31607
31613
31617
31622
31626
31632
31636
31641
31645
31651
31654
31660
31664
31670
31673
31679
31683
31688
31692
31698
31702
31707
31711
31717
31720
31726
31730
31736
31739
31745
31749
31754
31758
31764
31768
31773
31777
31783
31786
31792
31796
31802
31805
31811
31815
31820
31824
31830
31833
31839
31843
31849
31852
31858
31862
31867
31871
31877
31881
31886
31890
31896
31899
31905
31909
31915
31918
31924
31928
31933
31937
31942
31945
31951
31954
31959
31963
31968
31972
31977
31980
31986
31989
31995
31998
32003
32007
32012
32015
32021
32024
32030
32033
32038
32042
32047
32051
32056
32059
32065
32068
32073
32077
32082
32086
32091
32094
32100
32103
32109
32112
32117
32121
32126
32129
32135
32138
32144
32147
32152
32156
32161
32165
32170
32173
32179
32182
32187
32191
32196
32200
32205
32208
32214
32217
32223
32226
32231
32235
32240
32244
32249
32252
32258
32261
32266
32270
32275
32279
32284
32287
32293
32296
32302
32305
32310
32314
32319
32322
32328
32331
32337
32340
32345
32349
32354
32358
32363
32366
32372
32375
32380
32384
32389
32393
32398
32401
32407
32410
32416
32421
32424
32430
32433
32439
32442
32448
32451
32456
32460
32465
32469
32474
32478
32483
32487
32492
32496
32500
32505
32509
32514
32518
32523
32527
32532
32536
32540
32545
32549
32554
32558
32563
32567
32572
32576
32580
32585
32589
32594
32598
32603
32607
32612
32616
32620
32625
32629
32634
32638
32643
32647
32652
32656
32660
32665
32669
32674
32678
32683
32687
32692
32696
32700
32705
32709
32714
32718
32723
32727
32732
32736
32740
32745
32749
32754
32758
32763
32767
32772
32776
32780
32785
32789
32794
32798
32803
32807
32812
32816
32820
32825
32829
32834
32838
32843
32847
32852
32856
32860
32865
32869
32874
32878
32883
32887
32892
32896
32900
32905
32909
32914
32918
32923
32927
32932
32936
32940
32945
32949
32954
32958
32963
32967
32972
32975
32980
32983
32988
32991
32996
33000
33005
33008
33013
33016
33021
33024
33030
33033
33038
33041
33046
33049
33054
33058
33063
33066
33071
33074
33079
33082
33088
33091
33096
33099
33104
33107
33112
33116
33121
33124
33129
33132
33137
33140
33146
33149
33154
33157
33162
33165
33170
33174
33179
33182
33187
33190
33195
33198
33204
33207
33212
33215
33220
33223
33228
33232
33237
33240
33245
33248
33253
33256
33262
33265
33270
33273
33278
33281
33286
33290
33295
33298
33303
33306
33311
33314
33320
33323
33328
33331
33336
33339
33344
33348
33353
33356
33361
33364
33369
33372
33378
33381
33386
33389
33394
33397
33402
33406
33411
33414
33419
33422
33427
33430
33436
33439
33444
33447
33452
33455
33460
33464
33469
33472
33477
33480
33485
33488
33494
33497
33502
33505
33510
33513
33518
33522
33527
33530
33535
33538
33543
33546
33552
33555
33560
33563
33568
33571
33576
33580
33585
33590
33594
33600
33603
33609
33613
33618
33622
33628
33631
33637
33641
33646
33650
33656
33659
33665
33669
33674
33678
33684
33687
33693
33697
33702
33706
33712
33715
33721
33725
33730
33734
33740
33743
33749
33753
33758
33762
33768
33771
33777
33781
33786
33790
33796
33799
33805
33809
33814
33818
33824
33827
33833
33837
33843
33846
33852
33856
33861
33865
33871
33874
33880
33884
33889
33893
33899
33902
33908
33912
33917
33921
33927
33930
33936
33940
33945
33949
33955
33958
33964
33968
33973
33977
33983
33986
33992
33996
34001
34005
34011
34014
34020
34024
34029
34033
34039
34042
34048
34052
34057
34061
34067
34070
34076
34081
34084
34090
34093
34099
34102
34107
34111
34116
34120
34125
34129
34134
34137
34143
34146
34152
34155
34161
34164
34169
34173
34178
34182
34187
34190
34196
34199
34205
34208
34214
34217
34222
34226
34231
34235
34240
34244
34249
34252
34258
34261
34267
34270
34275
34279
34284
34288
34293
34297
34302
34305
34311
34314
34320
34323
34329
34332
34337
34341
34346
34350
34355
34358
34364
34367
34373
34376
34382
34385
34390
34394
34399
34403
34408
34412
34417
34420
34426
34429
34435
34438
34443
34447
34452
34456
34461
34465
34470
34473
34479
34482
34488
34491
34497
34500
34505
34510
34513
34519
34522
34528
34531
34537
34540
34545
34549
34554
34558
34563
34567
34572
34576
34581
34584
34590
34593
34599
34602
34608
34611
34617
34620
34625
34629
34634
34638
34643
34647
34652
34655
34661
34664
34670
34673
34679
34682
34688
34691
34696
34700
34705
34709
34714
34718
34723
34727
34732
34735
34741
34744
34750
34753
34759
34762
34768
34771
34776
34780
34785
34789
34794
34798
34803
34806
34811
34815
34821
34824
34830
34834
34839
34843
34849
34853
34858
34862
34868
34871
34877
34881
34887
34890
34896
34900
34905
34909
34915
34919
34924
34928
34934
34937
34943
34947
34953
34956
34962
34966
34971
34975
34981
34985
34990
34994
35000
35003
35009
35013
35019
35022
35028
35032
35037
35041
35047
35051
35056
35060
35066
35069
35075
35079
35085
35088
35094
35098
35103
35107
35113
35117
35122
35126
35132
35135
35141
35145
35151
35154
35160
35164
35169
35173
35179
35183
35188
35192
35198
35201
35207
35211
35217
35220
35226
35230
35235
35239
35245
35249
35254
35258
35264
35267
35273
35277
35283
35286
35292
35296
35301
35305
35311
35315
35320
35324
35330
35333
35339
35343
35349
35352
35358
35362
35367
35371
35376
35379
35384
35388
35393
35396
35402
35405
35410
35414
35419
35422
35427
35431
35436
35439
35445
35448
35453
35457
35462
35465
35470
35474
35479
35482
35488
35491
35496
35500
35505
35508
35513
35517
35522
35525
35531
35534
35539
35543
35548
35551
35557
35560
35565
35568
35574
35577
35582
35586
35591
35594
35600
35603
35608
35611
35617
35620
35625
35629
35634
35637
35643
35646
35651
35654
35660
35663
35668
35672
35677
35680
35686
35689
35694
35697
35703
35706
35711
35715
35720
35723
35729
35732
35737
35741
35746
35749
35754
35758
35763
35766
35772
35777
35780
35785
35788
35793
35796
35801
35805
35810
35813
35818
35821
35826
35829
35835
35838
35843
35846
35851
35854
35859
35863
35868
35871
35876
35879
35884
35887
35893
35896
35901
35904
35909
35912
35917
35921
35926
35929
35934
35937
35942
35945
35950
35954
35959
35962
35967
35970
35975
35978
35984
35987
35992
35995
36000
36003
36008
36012
36017
36020
36025
36028
36033
36036
36042
36045
36050
36053
36058
36061
36066
36070
36075
36078
36083
36086
36091
36094
36100
36103
36108
36111
36116
36119
36124
36127
36133
36136
36141
36144
36149
36152
36157
36161
36166
36169
36174
36177
36182
36185
36191
36194
36199
36202
36207
36210
36215
36219
36224
36227
36232
36235
36240
36243
36249
36252
36257
36260
36265
36268
36273
36277
36282
36285
36290
36293
36298
36301
36306
36310
36315
36318
36323
36326
36331
36334
36340
36343
36348
36351
36356
36359
36364
36368
36373
36376
36381
36384
36389
36392
36398
36401
36406
36409
36414
36417
36422
36426
36431
36434
36439
36442
36448
36451
36456
36460
36465
36468
36474
36477
36482
36486
36491
36494
36500
36503
36508
36512
36517
36520
36526
36529
36534
36538
36543
36546
36552
36555
36560
36564
36569
36572
36578
36581
36586
36590
36595
36598
36604
36607
36612
36616
36621
36624
36630
36633
36638
36642
36647
36650
36656
36659
36664
36668
36673
36676
36682
36685
36690
36694
36699
36702
36708
36711
36716
36720
36725
36728
36734
36737
36742
36746
36751
36754
36760
36763
36768
36772
36777
36780
36786
36789
36794
36798
36803
36806
36812
36815
36820
36824
36829
36832
36838
36841
36846
36850
36855
36859
36864
36867
36873
36876
36881
36885
36890
36893
36899
36902
36907
36911
36916
36919
36925
36928
36933
36937
36942
36945
36951
36954
36959
36963
36968
36971
36977
36980
36985
36989
36994
36997
37003
37006
37011
37015
37020
37025
37028
37034
37037
37043
37046
37052
37055
37061
37064
37070
37073
37079
37082
37088
37091
37097
37100
37106
37109
37115
37118
37124
37127
37133
37136
37142
37145
37151
37154
37160
37163
37169
37172
37178
37181
37187
37190
37196
37199
37205
37208
37214
37217
37223
37226
37232
37235
37241
37244
37250
37253
37259
37262
37268
37271
37277
37280
37286
37289
37295
37298
37304
37307
37313
37316
37322
37325
37331
37334
37340
37343
37349
37352
37358
37361
37367
37370
37376
37379
37385
37388
37394
37397
37403
37406
37412
37415
37421
37424
37430
37433
37439
37442
37448
37451
37457
37460
37466
37469
37475
37478
37484
37487
37493
37496
37502
37505
37511
37514
37520
37525
37528
37534
37537
37542
37546
37551
37555
37560
37563
37569
37572
37577
37581
37586
37590
37595
37598
37604
37607
37612
37616
37621
37625
37630
37633
37639
37642
37647
37651
37656
37660
37665
37668
37674
37677
37682
37686
37691
37695
37700
37703
37709
37712
37717
37721
37726
37730
37735
37738
37744
37747
37752
37756
37761
37765
37770
37773
37779
37782
37787
37791
37796
37800
37805
37808
37814
37817
37822
37826
37831
37835
37840
37843
37849
37852
37857
37861
37866
37870
37875
37878
37884
37887
37892
37896
37901
37905
37910
37913
37919
37922
37928
37931
37936
37940
37945
37948
37954
37957
37963
37966
37971
37975
37980
37983
37989
37992
37998
38001
38006
38010
38015
38018
38024
38027
38033
38036
38041
38045
38050
38053
38059
38062
38068
38071
38076
38080
38085
38088
38094
38097
38103
38106
38111
38115
38120
38123
38129
38132
38138
38141
38146
38150
38155
38158
38164
38167
38173
38176
38181
38185
38190
38193
38199
38204
38207
38212
38216
38221
38224
38229
38233
38238
38241
38246
38250
38255
38258
38263
38267
38272
38275
38281
38284
38289
38292
38298
38301
38306
38309
38315
38318
38323
38326
38332
38335
38340
38344
38349
38352
38357
38361
38366
38369
38374
38378
38383
38386
38391
38395
38400
38403
38409
38412
38417
38420
38426
38429
38434
38437
38443
38446
38451
38454
38460
38463
38468
38472
38477
38480
38485
38489
38494
38497
38502
38506
38511
38514
38519
38523
38528
38531
38537
38540
38545
38548
38554
38557
38562
38565
38571
38574
38579
38582
38588
38591
38596
38599
38605
38608
38613
38617
38622
38625
38630
38634
38639
38642
38647
38651
38656
38659
38664
38668
38673
38676
38682
38685
38690
38694
38699
38703
38708
38712
38718
38721
38727
38730
38736
38739
38745
38749
38754
38758
38763
38767
38772
38776
38782
38785
38791
38794
38800
38803
38809
38813
38818
38822
38827
38831
38836
38840
38846
38849
38855
38858
38864
38867
38873
38877
38882
38886
38891
38895
38901
38904
38910
38913
38919
38922
38928
38932
38937
38941
38946
38950
38955
38959
38965
38968
38974
38977
38983
38986
38992
38996
39001
39005
39010
39014
39019
39023
39029
39032
39038
39041
39047
39050
39056
39060
39065
39069
39074
39078
39084
39087
39093
39096
39102
39105
39111
39115
39120
39124
39129
39133
39138
39142
39148
39151
39157
39160
39166
39169
39175
39179
39184
39188
39193
39197
39202
39206
39212
39215
39221
39224
39230
39233
39239
39243
39248
39252
39257
39261
39267
39270
39276
39279
39285
39288
39294
39298
39303
39308
39311
39316
39319
39325
39328
39333
39336
39341
39345
39350
39353
39358
39361
39367
39370
39375
39378
39383
39387
39392
39395
39400
39403
39409
39412
39417
39420
39426
39429
39434
39437
39442
39446
39451
39454
39459
39462
39468
39471
39476
39479
39484
39488
39493
39496
39501
39504
39510
39513
39518
39521
39527
39530
39535
39538
39543
39547
39552
39555
39560
39563
39569
39572
39577
39580
39585
39589
39594
39597
39602
39605
39611
39614
39619
39623
39629
39632
39638
39642
39647
39651
39657
39660
39666
39670
39675
39679
39685
39688
39694
39698
39703
39707
39713
39716
39722
39726
39731
39735
39741
39744
39750
39754
39759
39763
39769
39772
39778
39782
39787
39791
39797
39800
39806
39810
39815
39819
39825
39828
39834
39838
39843
39847
39853
39856
39862
39866
39871
39875
39881
39884
39890
39894
39899
39903
39909
39912
39918
39922
39927
39931
39937
39940
39946
39950
39955
39959
39965
39968
39974
39978
39983
39987
39993
39996
40002
40006
40011
40015
40021
40024
40030
40034
40039
40043
40049
40052
40058
40062
40067
40071
40077
40080
40086
40090
40095
40099
40105
40108
40114
40118
40123
40127
40133
40136
40142
40146
40151
40155
40161
40164
40170
40174
40179
40183
40189
40192
40198
40202
40207
40210
40216
40219
40225
40228
40234
40237
40242
40246
40251
40255
40260
40264
40269
40273
40278
40281
40287
40290
40296
40299
40305
40308
40313
40317
40322
40326
40331
40335
40340
40344
40349
40352
40358
40361
40367
40370
40376
40379
40385
40388
40393
40397
40402
40406
40411
40415
40420
40423
40429
40432
40438
40441
40447
40450
40456
40459
40464
40468
40473
40477
40482
40486
40491
40495
40500
40503
40509
40512
40518
40521
40527
40530
40535
40539
40544
40548
40553
40557
40562
40566
40571
40574
40580
40583
40589
40592
40598
40601
40606
40610
40615
40619
40624
40628
40633
40637
40642
40645
40651
40654
40660
40663
40669
40672
40678
40681
40686
40690
40695
40699
40704
40708
40713
40716
40722
40725
40731
40734
40740
40743
40749
40752
40757
40761
40766
40770
40775
40779
40784
40788
40793
40796
40802
40805
40811
40814
40820
40823
40828
40832
40837
40841
40846
40850
40855
40859
40864
40867
40873
40876
40882
40885
40891
40894
40900
40903
40908
40912
40917
40921
40926
40930
40935
40939
40945
40948
40954
40958
40964
40967
40973
40977
40983
40986
40992
40996
41002
41005
41011
41015
41021
41024
41030
41034
41040
41043
41049
41053
41059
41062
41068
41072
41078
41081
41087
41091
41097
41100
41106
41110
41115
41119
41125
41129
41134
41138
41144
41148
41153
41157
41163
41167
41172
41176
41182
41186
41191
41195
41201
41205
41210
41214
41220
41224
41229
41233
41239
41243
41248
41252
41258
41262
41267
41271
41277
41280
41286
41290
41296
41299
41305
41309
41315
41318
41324
41328
41334
41337
41343
41347
41353
41356
41362
41366
41372
41375
41381
41385
41391
41394
41400
41404
41410
41413
41419
41423
41429
41432
41438
41442
41447
41451
41457
41461
41466
41470
41476
41480
41485
41489
41495
41499
41504
41509
41513
41518
41522
41528
41531
41537
41541
41546
41550
41555
41559
41565
41568
41574
41578
41583
41587
41592
41596
41602
41605
41611
41615
41620
41624
41629
41633
41639
41642
41648
41652
41657
41661
41667
41670
41676
41679
41685
41689
41694
41698
41704
41707
41713
41716
41722
41726
41731
41735
41741
41744
41750
41754
41758
41764
41767
41773
41777
41782
41786
41792
41795
41801
41804
41810
41814
41819
41823
41829
41832
41838
41841
41847
41851
41856
41860
41866
41869
41875
41879
41883
41889
41892
41898
41902
41907
41911
41917
41920
41926
41929
41935
41939
41944
41948
41954
41957
41963
41966
41972
41977
41980
41986
41989
41994
41998
42003
42006
42012
42015
42020
42024
42029
42032
42038
42041
42046
42050
42055
42058
42064
42067
42072
42076
42081
42084
42090
42093
42098
42102
42107
42110
42116
42119
42125
42128
42133
42137
42142
42145
42151
42154
42159
42163
42168
42171
42177
42180
42185
42189
42194
42197
42203
42206
42211
42215
42220
42223
42229
42232
42237
42241
42246
42249
42255
42258
42263
42267
42272
42276
42281
42284
42290
42293
42298
42302
42307
42310
42316
42319
42324
42328
42333
42336
42342
42345
42350
42354
42359
42362
42368
42371
42376
42380
42385
42388
42394
42397
42402
42406
42411
42414
42420
42423
42429
42432
42437
42441
42446
42449
42455
42458
42463
42467
42472
42475
42480
42483
42489
42492
42498
42501
42507
42510
42515
42519
42524
42528
42533
42537
42542
42545
42551
42554
42560
42563
42569
42572
42577
42581
42586
42590
42595
42599
42604
42608
42613
42616
42622
42625
42631
42634
42640
42643
42648
42652
42657
42661
42666
42670
42675
42678
42684
42687
42693
42696
42702
42705
42711
42714
42719
42723
42728
42732
42737
42741
42746
42749
42755
42758
42764
42767
42773
42776
42781
42785
42790
42794
42799
42803
42808
42812
42817
42820
42826
42829
42835
42838
42844
42847
42852
42856
42861
42865
42870
42874
42879
42882
42888
42891
42896
42899
42904
42908
42913
42916
42922
42925
42930
42934
42939
42942
42948
42951
42956
42960
42965
42968
42974
42977
42982
42986
42991
42994
43000
43003
43008
43012
43017
43020
43026
43029
43034
43038
43043
43046
43052
43055
43060
43064
43069
43072
43078
43081
43086
43090
43095
43098
43104
43107
43112
43116
43121
43124
43130
43133
43138
43142
43147
43150
43156
43159
43164
43168
43173
43176
43182
43185
43190
43194
43199
43202
43208
43211
43216
43220
43225
43228
43234
43237
43242
43246
43251
43254
43260
43263
43268
43272
43277
43280
43286
43291
43295
43300
43304
43310
43313
43319
43323
43328
43332
43338
43341
43347
43351
43356
43360
43366
43369
43375
43379
43384
43388
43394
43397
43403
43407
43412
43416
43422
43425
43431
43435
43440
43444
43450
43453
43459
43463
43468
43472
43478
43481
43487
43491
43496
43500
43506
43509
43515
43519
43524
43528
43534
43537
43543
43547
43552
43556
43562
43565
43571
43575
43580
43584
43590
43593
43599
43603
43608
43612
43618
43621
43627
43631
43636
43640
43646
43649
43655
43659
43664
43667
43673
43676
43682
43685
43691
43694
43700
43703
43708
43712
43717
43721
43726
43730
43735
43739
43744
43748
43753
43756
43762
43765
43771
43774
43780
43783
43789
43792
43798
43801
43806
43810
43815
43819
43824
43828
43833
43837
43842
43846
43851
43854
43860
43863
43869
43872
43878
43881
43887
43890
43895
43899
43904
43908
43913
43917
43922
43926
43931
43935
43940
43943
43949
43952
43958
43961
43967
43970
43976
43979
43985
43988
43993
43997
44002
44006
44011
44015
44020
44024
44029
44033
44038
44041
44047
44050
44056
44059
44065
44068
44074
44077
44083
44086
44091
44095
44100
44104
44109
44113
44118
44122
44127
44130
44136
44139
44145
44148
44154
44157
44162
44166
44171
44175
44181
44184
44190
44194
44199
44203
44209
44212
44218
44222
44227
44231
44236
44240
44246
44249
44255
44259
44264
44268
44274
44277
44283
44287
44292
44296
44301
44305
44311
44314
44320
44324
44329
44333
44339
44342
44348
44352
44357
44361
44366
44370
44376
44379
44385
44389
44394
44398
44404
44407
44413
44417
44422
44426
44431
44435
44441
44444
44450
44454
44459
44463
44469
44472
44478
44482
44487
44491
44497
44500
44506
44509
44515
44519
44524
44528
44534
44537
44543
44547
44552
44556
44562
44565
44571
44574
44580
44584
44589
44593
44599
44602
44608
44612
44617
44621
44627
44630
44636
44639
44645
44649
44654
44658
44664
44667
44673
44677
44682
44686
44692
44695
44701
44704
44710
44714
44719
44723
44729
44732
44738
44742
44747
44751
44757
44760
44766
44770
44775
44779
44784
44788
44794
44797
44803
44807
44812
44816
44822
44825
44831
44835
44840
44844
44849
44853
44859
44862
44868
44872
44877
44881
44887
44890
44895
44898
44904
44907
44913
44916
44922
44925
44930
44934
44939
44943
44948
44952
44957
44960
44966
44969
44975
44978
44984
44987
44992
44996
45001
45005
45010
45014
45019
45023
45028
45031
45037
45040
45046
45049
45055
45058
45063
45067
45072
45076
45081
45085
45090
45093
45099
45102
45108
45111
45117
45120
45126
45129
45134
45138
45143
45147
45152
45156
45161
45164
45170
45173
45179
45182
45188
45191
45196
45200
45205
45209
45214
45218
45223
45227
45232
45235
45241
45244
45250
45253
45259
45262
45267
45271
45276
45280
45285
45289
45294
45297
45303
45306
45312
45315
45321
45324
45330
45333
45338
45342
45347
45351
45356
45360
45365
45368
45374
45377
45383
45386
45392
45395
45400
45404
45409
45413
45418
45422
45427
45431
45436
45439
45445
45448
45454
45457
45463
45466
45471
45475
45480
45484
45489
45493
45498
45501
45507
45510
45516
45519
45525
45528
45534
45537
45542
45546
45551
45555
45560
45564
45569
45572
45578
45581
45587
45590
45596
45599
45604
45608
45613
45617
45622
45626
45631
45635
45640
45643
45649
45652
45658
45663
45666
45671
45674
45679
45682
45687
45690
45696
45699
45704
45707
45712
45715
45720
45723
45728
45732
45737
45740
45745
45748
45753
45756
45761
45764
45770
45773
45778
45781
45786
45789
45794
45797
45802
45806
45811
45814
45819
45822
45827
45830
45835
45839
45844
45847
45852
45855
45860
45863
45868
45871
45877
45880
45885
45888
45893
45896
45901
45904
45909
45913
45918
45921
45926
45929
45934
45937
45942
45945
45951
45954
45959
45962
45967
45970
45975
45978
45983
45987
45992
45995
46000
46003
46008
46011
46016
46020
46025
46028
46033
46036
46041
46044
46049
46052
46058
46061
46066
46069
46074
46077
46082
46085
46090
46094
46099
46102
46107
46110
46115
46118
46123
46126
46132
46135
46140
46143
46148
46151
46156
46159
46164
46168
46173
46176
46181
46184
46189
46192
46197
46201
46206
46209
46214
46217
46222
46225
46230
46233
46238
46242
46247
46251
46257
46260
46266
46269
46275
46279
46284
46288
46293
46297
46303
46306
46312
46315
46321
46325
46330
46334
46339
46343
46349
46352
46358
46361
46367
46371
46376
46380
46386
46389
46395
46398
46404
46408
46413
46417
46422
46426
46432
46435
46441
46444
46450
46454
46459
46463
46468
46472
46478
46481
46487
46490
46496
46500
46505
46509
46514
46518
46524
46527
46533
46537
46542
46546
46551
46555
46561
46564
46570
46573
46579
46583
46588
46592
46597
46601
46607
46610
46616
46619
46625
46629
46634
46638
46643
46647
46653
46656
46662
46666
46671
46675
46680
46684
46689
46692
46697
46700
46706
46709
46714
46717
46722
46726
46731
46734
46739
46742
46748
46751
46756
46759
46764
46768
46773
46776
46781
46784
46790
46793
46798
46801
46806
46810
46815
46818
46823
46826
46832
46835
46840
46843
46848
46852
46857
46860
46865
46868
46874
46877
46882
46885
46890
46894
46899
46902
46907
46910
46916
46919
46924
46927
46932
46936
46941
46944
46949
46952
46958
46961
46966
46969
46974
46978
46983
46986
46991
46994
47000
47003
47008
47011
47016
47020
47025
47028
47033
47036
47042
47045
47050
47053
47058
47062
47067
47070
47075
47078
47084
47087
47092
47095
47100
47103
47108
47112
47117
47120
47125
47128
47133
47137
47142
47145
47150
47153
47158
47162
47167
47170
47175
47178
47183
47187
47192
47195
47200
47203
47208
47212
47217
47220
47225
47228
47233
47237
47242
47245
47250
47253
47258
47262
47267
47270
47275
47278
47283
47287
47292
47295
47300
47303
47308
47312
47317
47320
47325
47328
47334
47337
47342
47345
47350
47353
47359
47362
47367
47370
47375
47378
47384
47387
47392
47395
47400
47405
47409
47414
47418
47424
47427
47433
47437
47442
47446
47452
47455
47461
47465
47470
47474
47480
47483
47489
47493
47498
47502
47508
47511
47517
47521
47526
47530
47536
47539
47545
47549
47554
47558
47564
47567
47573
47577
47582
47586
47592
47595
47601
47605
47610
47614
47620
47623
47629
47633
47638
47642
47648
47651
47657
47661
47666
47670
47676
47679
47685
47689
47694
47698
47704
47707
47713
47717
47722
47726
47732
47735
47741
47744
47750
47754
47759
47763
47769
47772
47778
47782
47787
47791
47797
47800
47806
47810
47815
47819
47825
47828
47834
47838
47843
47847
47853
47856
47862
47866
47871
47875
47881
47884
47890
47894
47899
47903
47909
47912
47918
47922
47927
47931
47937
47940
47946
47950
47955
47959
47965
47968
47974
47978
47983
47987
47993
47996
48002
48006
48011
48015
48020
48024
48030
48033
48039
48043
48048
48052
48058
48061
48067
48071
48076
48080
48086
48089
48095
48099
48104
48108
48114
48117
48123
48127
48132
48136
48142
48145
48151
48155
48160
48164
48170
48173
48179
48183
48188
48192
48198
48201
48207
48211
48216
48220
48226
48229
48235
48239
48244
48248
48254
48257
48263
48267
48272
48276
48282
48285
48291
48295
48300
48304
48310
48313
48319
48323
48328
48332
48338
48341
48347
48351
48356
48360
48366
48369
48375
48379
48384
48388
48394
48397
48403
48407
48412
48416
48422
48425
48431
48435
48440
48444
48450
48453
48459
48463
48468
48472
48478
48481
48487
48491
48496
48500
48506
48509
48515
48519
48524
48528
48534
48537
48543
48547
48552
48556
48561
48565
48571
48574
48580
48584
48589
48594
48598
48603
48607
48613
48616
48622
48626
48631
48635
48640
48644
48650
48653
48659
48663
48668
48672
48677
48681
48687
48690
48696
48700
48705
48709
48714
48718
48724
48727
48733
48737
48742
48746
48752
48755
48761
48764
48770
48774
48779
48783
48789
48792
48798
48801
48807
48811
48816
48820
48826
48829
48835
48839
48843
48849
48852
48858
48862
48867
48871
48877
48880
48886
48889
48895
48899
48904
48908
48914
48917
48923
48926
48932
48936
48941
48945
48951
48954
48960
48964
48968
48974
48977
48983
48987
48992
48996
49002
49005
49011
49014
49020
49024
49029
49033
49039
49042
49048
49051
49057
49061
49066
49070
49076
49079
49085
49089
49094
49097
49103
49106
49112
49115
49121
49124
49130
49133
49139
49142
49148
49151
49157
49160
49165
49169
49174
49178
49183
49187
49192
49196
49201
49205
49210
49214
49219
49223
49228
49232
49237
49240
49246
49249
49255
49258
49264
49267
49273
49276
49282
49285
49291
49294
49300
49303
49308
49312
49317
49321
49326
49330
49335
49339
49344
49348
49353
49357
49362
49366
49371
49375
49380
49383
49389
49392
49398
49401
49407
49410
49416
49419
49425
49428
49434
49437
49443
49446
49452
49455
49460
49464
49469
49473
49478
49482
49487
49491
49496
49500
49505
49509
49514
49518
49523
49526
49532
49535
49541
49544
49550
49553
49559
49562
49568
49571
49577
49580
49586
49589
49595
49598
49603
49607
49612
49616
49621
49625
49630
49634
49639
49643
49648
49652
49657
49661
49666
49670
49675
49678
49684
49687
49693
49696
49702
49705
49711
49714
49720
49723
49729
49732
49738
49741
49746
49750
49755
49759
49764
49768
49773
49777
49782
49786
49791
49795
49800
49804
49809
49813
49818
49821
49827
49830
49836
49839
49845
49848
49854
49857
49863
49866
49872
49875
49881
49884
49889
49893
49898
49901
49907
49910
49916
49919
49924
49928
49933
49937
49942
49946
49951
49954
49960
49963
49969
49972
49978
49981
49986
49990
49995
49999
50004
50008
50013
50016
50022
50025
50031
50034
50040
50043
50048
50052
50057
50061
50066
50070
50075
50078
50084
50087
50093
50096
50102
50105
50110
50114
50119
50123
50128
50132
50137
50140
50146
50149
50155
50158
50164
50167
50172
50176
50181
50185
50190
50194
50199
50202
50208
50211
50217
50220
50226
50229
50234
50238
50243
50247
50252
50256
50261
50264
50270
50273
50279
50282
50288
50291
50296
50300
50305
50309
50314
50318
50323
50326
50332
50335
50341
50344
50350
50353
50358
50362
50367
50371
50376
50380
50385
50388
50394
50397
50403
50406
50412
50415
50420
50424
50429
50433
50438
50442
50447
50450
50456
50459
50465
50468
50474
50479
50483
50488
50492
50498
50501
50507
50510
50516
50520
50525
50529
50534
50538
50544
50547
50553
50556
50562
50566
50571
50575
50580
50584
50590
50593
50599
50602
50608
50612
50617
50621
50626
50630
50636
50639
50645
50648
50654
50658
50663
50667
50672
50676
50682
50685
50691
50694
50700
50704
50709
50713
50718
50722
50728
50731
50737
50740
50746
50750
50755
50759
50764
50768
50774
50777
50783
50786
50792
50796
50801
50805
50810
50814
50820
50823
50829
50832
50838
50842
50847
50851
50856
50860
50866
50869
50875
50878
50884
50888
50893
50897
50902
50906
50912
50915
50921
50924
50930
50934
50939
50943
50948
50952
50958
50961
50967
50970
50976
50980
50985
50989
50994
50998
51004
51007
51013
51016
51022
51026
51031
51035
51040
51044
51050
51053
51059
51062
51068
51072
51077
51081
51086
51090
51096
51099
51104
51108
51113
51117
51122
51126
51131
51135
51140
51144
51149
51153
51158
51162
51167
51171
51176
51180
51185
51189
51194
51198
51204
51207
51213
51216
51222
51225
51231
51234
51240
51243
51249
51252
51258
51261
51267
51270
51276
51279
51285
51288
51294
51298
51303
51307
51312
51316
51321
51325
51330
51334
51339
51343
51348
51352
51357
51361
51366
51370
51375
51379
51384
51388
51394
51397
51403
51406
51412
51415
51421
51424
51430
51433
51439
51442
51448
51451
51457
51460
51466
51469
51475
51478
51484
51487
51493
51497
51502
51506
51511
51515
51520
51524
51529
51533
51538
51542
51548
51551
51557
51561
51566
51570
51576
51579
51585
51589
51594
51598
51604
51607
51613
51616
51622
51626
51631
51635
51641
51644
51650
51654
51659
51663
51669
51672
51678
51682
51687
51691
51697
51700
51706
51709
51715
51719
51724
51728
51734
51737
51743
51747
51752
51756
51762
51765
51771
51775
51780
51784
51790
51793
51799
51802
51808
51812
51817
51821
51827
51830
51836
51840
51845
51849
51855
51858
51864
51868
51873
51877
51883
51886
51892
51895
51901
51905
51910
51914
51920
51923
51929
51933
51938
51942
51948
51951
51957
51961
51966
51970
51975
51979
51985
51988
51994
51998
52003
52007
52013
52016
52022
52026
52031
52035
52041
52044
52050
52054
52059
52063
52068
52072
52078
52081
52087
52091
52096
52100
52106
52109
52115
52119
52124
52128
52134
52137
52143
52147
52152
52156
52161
52165
52171
52174
52180
52184
52189
52193
52199
52202
52208
52212
52217
52221
52227
52230
52236
52240
52245
52249
52254
52258
52264
52267
52273
52277
52282
52286
52292
52295
52301
52305
52310
52314
52320
52323
52328
52331
52337
52340
52345
52349
52354
52357
52363
52366
52372
52375
52380
52384
52389
52392
52398
52401
52407
52410
52415
52419
52424
52427
52433
52436
52442
52445
52450
52454
52459
52462
52468
52471
52477
52480
52485
52489
52494
52497
52503
52506
52512
52515
52520
52524
52529
52532
52538
52541
52547
52550
52555
52559
52564
52567
52573
52576
52582
52585
52590
52594
52599
52602
52608
52611
52617
52620
52625
52629
52634
52637
52643
52646
52652
52655
52660
52664
52669
52672
52678
52681
52687
52690
52695
52699
52704
52707
52713
52716
52722
52725
52730
52734
52739
52742
52748
52751
52757
52760
52765
52769
52774
52777
52783
52786
52792
52795
52800
52804
52809
52812
52818
52821
52827
52830
52835
52839
52844
52847
52853
52856
52862
52865
52870
52874
52879
52882
52888
52891
52896
52900
52905
52909
52914
52918
52923
52927
52932
52936
52942
52945
52951
52954
52960
52963
52969
52972
52978
52982
52987
52991
52996
53000
53005
53009
53014
53018
53024
53027
53033
53036
53042
53045
53051
53054
53060
53063
53069
53073
53078
53082
53087
53091
53096
53100
53105
53109
53115
53118
53124
53127
53133
53136
53142
53145
53151
53155
53160
53164
53169
53173
53178
53182
53187
53191
53197
53200
53206
53209
53215
53218
53224
53227
53233
53236
53242
53246
53251
53255
53260
53264
53269
53273
53278
53282
53288
53291
53297
53300
53306
53309
53315
53318
53324
53328
53333
53337
53342
53346
53351
53355
53360
53364
53369
53373
53379
53382
53388
53391
53397
53400
53406
53409
53415
53419
53424
53428
53433
53437
53442
53446
53451
53455
53461
53464
53470
53473
53479
53482
53488
53491
53497
53501
53506
53510
53515
53519
53524
53528
53533
53537
53542
53546
53552
53555
53561
53564
53570
53573
53579
53582
53588
53592
53597
53601
53606
53610
53615
53619
53624
53628
53634
53637
53643
53646
53652
53655
53661
53664
53670
53674
53679
53682
53687
53690
53696
53699
53704
53707
53713
53716
53721
53724
53730
53733
53738
53741
53747
53750
53755
53758
53764
53767
53772
53775
53781
53784
53789
53792
53797
53801
53806
53809
53814
53818
53823
53826
53831
53835
53840
53843
53848
53852
53857
53860
53865
53869
53874
53877
53882
53886
53891
53894
53899
53902
53908
53911
53916
53919
53925
53928
53933
53936
53942
53945
53950
53953
53959
53962
53967
53970
53976
53979
53984
53987
53993
53996
54001
54004
54009
54013
54018
54021
54026
54030
54035
54038
54043
54047
54052
54055
54060
54064
54069
54072
54077
54081
54086
54089
54094
54098
54103
54106
54111
54114
54120
54123
54128
54131
54137
54140
54145
54148
54154
54157
54162
54165
54171
54174
54179
54182
54188
54191
54196
54199
54205
54208
54213
54216
54221
54225
54230
54233
54238
54242
54247
54250
54255
54259
54264
54267
54272
54276
54281
54284
54289
54293
54298
54301
54306
54310
54315
54318
54323
54327
54332
54335
54340
54343
54349
54352
54357
54360
54366
54369
54374
54377
54383
54388
54391
54397
54400
54405
54409
54414
54417
54423
54426
54432
54435
54440
54444
54449
54452
54458
54461
54466
54470
54475
54479
54484
54487
54493
54496
54501
54505
54510
54513
54519
54522
54528
54531
54536
54540
54545
54548
54554
54557
54562
54566
54571
54575
54580
54583
54589
54592
54597
54601
54606
54609
54615
54618
54624
54627
54632
54636
54641
54644
54650
54653
54659
54662
54667
54671
54676
54679
54685
54688
54693
54697
54702
54706
54711
54714
54720
54723
54728
54732
54737
54740
54746
54749
54755
54758
54763
54767
54772
54775
54781
54784
54789
54793
54798
54802
54807
54810
54816
54819
54824
54828
54833
54836
54842
54845
54851
54854
54859
54864
54867
54873
54876
54881
54885
54890
54893
54899
54902
54908
54911
54916
54920
54925
54928
54934
54937
54942
54946
54951
54955
54960
54963
54969
54972
54977
54981
54986
54989
54995
54998
55004
55007
55012
55016
55021
55024
55030
55033
55038
55042
55047
55051
55056
55059
55065
55068
55073
55077
55082
55085
55091
55094
55100
55103
55108
55112
55117
55120
55126
55129
55135
55138
55143
55147
55152
55155
55161
55164
55169
55173
55178
55182
55187
55190
55196
55199
55204
55208
55213
55216
55222
55225
55231
55234
55239
55243
55248
55251
55257
55260
55265
55269
55274
55278
55283
55286
55292
55295
55300
55304
55309
55312
55318
55321
55327
55330
55335
55339
55344
55347
55353
55356
55362
55365
55370
55374
55379
55382
55388
55391
55396
55400
55405
55409
55414
55417
55423
55426
55431
55435
55440
55445
55448
55453
55457
55462
55465
55470
55474
55479
55482
55488
55491
55496
55499
55505
55508
55513
55517
55522
55525
55530
55534
55539
55542
55548
55551
55556
55559
55565
55568
55573
55576
55582
55585
55590
55594
55599
55602
55607
55611
55616
55619
55625
55628
55633
55636
55642
55645
55650
55654
55659
55662
55667
55671
55676
55679
55685
55688
55693
55696
55702
55705
55710
55713
55719
55722
55727
55731
55736
55739
55744
55748
55753
55756
55762
55765
55770
55773
55779
55782
55787
55791
55796
55799
55804
55808
55813
55816
55822
55825
55830
55833
55839
55842
55847
55850
55856
55859
55864
55868
55873
55876
55881
55885
55890
55895
55898
55904
55907
55913
55916
55922
55925
55930
55934
55939
55943
55948
55952
55957
55961
55966
55969
55975
55978
55984
55987
55993
55996
56001
56005
56010
56014
56019
56023
56028
56032
56037
56040
56046
56049
56055
56058
56064
56067
56072
56076
56081
56085
56090
56094
56099
56103
56108
56111
56117
56120
56126
56129
56135
56138
56143
56147
56152
56156
56161
56165
56170
56174
56179
56182
56188
56191
56197
56200
56206
56209
56214
56218
56223
56227
56232
56236
56241
56245
56250
56253
56259
56262
56268
56271
56277
56280
56285
56289
56294
56298
56303
56307
56312
56316
56321
56324
56330
56333
56339
56342
56348
56351
56356
56360
56365
56369
56374
56378
56383
56387
56392
56395
56401
56404
56410
56413
56419
56422
56427
56431
56436
56440
56445
56449
56454
56458
56463
56466
56472
56475
56481
56484
56490
56493
56498
56502
56507
56511
56516
56520
56525
56529
56534
56537
56543
56546
56552
56555
56561
56564
56569
56573
56578
56582
56587
56591
56596
56600
56605
56608
56614
56617
56623
56628
56632
56637
56641
56647
56650
56656
56659
56665
56669
56674
56678
56684
56687
56693
56696
56702
56706
56711
56715
56721
56724
56730
56733
56739
56743
56748
56752
56758
56761
56767
56770
56776
56780
56785
56789
56795
56798
56804
56807
56813
56817
56822
56826
56832
56835
56841
56844
56850
56854
56859
56863
56869
56872
56878
56881
56887
56891
56896
56900
56906
56909
56915
56918
56924
56928
56933
56937
56943
56946
56952
56955
56961
56965
56970
56974
56980
56983
56989
56992
56998
57002
57007
57011
57017
57020
57026
57029
57035
57039
57044
57048
57054
57057
57063
57066
57072
57076
57081
57085
57091
57094
57100
57103
57109
57113
57118
57122
57128
57131
57137
57140
57146
57150
57155
57159
57165
57168
57174
57177
57183
57187
57192
57196
57202
57205
57210
57214
57220
57224
57229
57233
57239
57243
57248
57252
57258
57262
57267
57271
57277
57281
57286
57290
57296
57300
57305
57309
57315
57319
57324
57328
57334
57338
57343
57347
57353
57357
57363
57366
57372
57376
57382
57385
57391
57395
57401
57404
57410
57414
57420
57423
57429
57433
57439
57442
57448
57452
57458
57461
57467
57471
57477
57480
57486
57490
57496
57500
57505
57509
57515
57519
57524
57528
57534
57538
57543
57547
57553
57557
57562
57567
57571
57576
57580
57586
57589
57595
57598
57604
57608
57613
57617
57622
57626
57632
57635
57641
57644
57650
57654
57659
57663
57668
57672
57678
57681
57687
57690
57696
57700
57705
57709
57714
57718
57724
57727
57733
57736
57742
57746
57751
57755
57760
57764
57770
57773
57779
57782
57788
57792
57797
57801
57806
57810
57816
57819
57825
57828
57834
57838
57843
57847
57852
57856
57862
57865
57871
57875
57880
57884
57889
57893
57899
57902
57908
57911
57917
57921
57926
57930
57935
57939
57945
57948
57954
57957
57963
57967
57972
57976
57981
57985
57991
57994
58000
58003
58009
58013
58018
58022
58027
58031
58037
58040
58046
58049
58055
58059
58064
58068
58073
58077
58083
58086
58092
58095
58101
58105
58110
58114
58119
58123
58129
58132
58138
58141
58147
58151
58156
58160
58165
58169
58175
58178
58184
58188
58193
58197
58202
58206
58212
58215
58221
58224
58230
58234
58239
58243
58248
58252
58258
58261
58267
58270
58276
58280
58285
58290
58293
58299
58302
58308
58311
58317
58320
58325
58329
58334
58338
58343
58347
58352
58355
58361
58364
58370
58373
58379
58382
58387
58391
58396
58400
58405
58409
58414
58417
58423
58426
58432
58435
58441
58444
58449
58453
58458
58462
58467
58471
58476
58479
58485
58488
58494
58497
58503
58506
58511
58515
58520
58524
58529
58533
58538
58541
58547
58550
58556
58559
58565
58568
58573
58577
58582
58586
58591
58595
58600
58603
58609
58612
58618
58621
58627
58630
58635
58639
58644
58648
58653
58657
58662
58665
58671
58674
58680
58683
58689
58692
58697
58701
58706
58710
58715
58718
58723
58726
58732
58735
58740
58743
58749
58752
58757
58760
58766
58769
58774
58777
58782
58786
58791
58794
58799
58803
58808
58811
58816
58820
58825
58828
58833
58836
58842
58845
58850
58853
58859
58862
58867
58870
58876
58879
58884
58887
58892
58896
58901
58904
58909
58913
58918
58921
58926
58930
58935
58938
58943
58946
58952
58955
58960
58963
58969
58972
58977
58980
58986
58989
58994
58997
59002
59006
59011
59014
59019
59023
59028
59031
59036
59040
59045
59048
59053
59056
59062
59065
59070
59073
59079
59082
59087
59090
59096
59099
59104
59107
59112
59116
59121
59124
59129
59133
59138
59141
59146
59150
59155
59158
59163
59166
59172
59175
59180
59183
59189
59192
59197
59200
59206
59209
59214
59217
59222
59226
59231
59234
59239
59243
59248
59251
59256
59260
59265
59268
59273
59276
59282
59285
59290
59293
59299
59302
59307
59310
59316
59319
59324
59327
59333
59336
59341
59344
59349
59353
59358
59361
59366
59370
59375
59378
59383
59387
59392
59395
59400
59405
59408
59413
59416
59422
59425
59430
59433
59439
59442
59447
59450
59456
59459
59464
59467
59473
59476
59481
59484
59489
59493
59498
59501
59506
59510
59515
59518
59523
59527
59532
59535
59540
59544
59549
59552
59557
59561
59566
59569
59574
59577
59583
59586
59591
59594
59600
59603
59608
59611
59617
59620
59625
59628
59634
59637
59642
59645
59650
59654
59659
59662
59667
59671
59676
59679
59684
59688
59693
59696
59701
59705
59710
59713
59718
59722
59727
59730
59735
59738
59744
59747
59752
59755
59761
59764
59769
59772
59778
59781
59786
59789
59795
59798
59803
59806
59812
59815
59820
59823
59828
59832
59837
59840
59845
59849
59854
59857
59862
59866
59871
59874
59879
59883
59888
59891
59896
59900
59906
59910
59915
59919
59925
59929
59934
59938
59944
59948
59953
59957
59963
59967
59972
59976
59982
59986
59991
59995
60001
60005
60010
60014
60020
60024
60029
60033
60039
60043
60049
60052
60058
60062
60068
60071
60077
60081
60087
60090
60096
60100
60106
60109
60115
60119
60125
60128
60134
60138
60144
60147
60153
60157
60163
60166
60172
60176
60182
60186
60191
60195
60201
60205
60210
60214
60220
60224
60229
60233
60239
60243
60248
60252
60258
60262
60267
60271
60277
60281
60286
60290
60295
60299
60304
60308
60313
60317
60323
60326
60332
60335
60341
60345
60350
60354
60359
60363
60369
60372
60378
60381
60387
60391
60396
60400
60405
60409
60414
60418
60424
60427
60433
60436
60442
60446
60451
60455
60460
60464
60470
60473
60479
60482
60488
60492
60497
60501
60506
60510
60516
60519
60525
60528
60534
60537
60543
60547
60552
60556
60561
60565
60571
60574
60580
60583
60589
60593
60598
60602
60607
60611
60617
60620
60626
60629
60635
60639
60644
60648
60653
60657
60662
60666
60672
60675
60681
60684
60690
60694
60699
60703
60708
60712
60718
60721
60726
60730
60736
60739
60745
60749
60754
60758
60764
60767
60773
60777
60782
60786
60792
60795
60801
60805
60810
60814
60820
60823
60829
60833
60838
60842
60848
60851
60857
60861
60866
60870
60876
60879
60885
60889
60894
60898
60904
60907
60913
60917
60922
60926
60932
60935
60941
60945
60950
60954
60960
60963
60969
60973
60978
60982
60988
60991
60997
61001
61006
61010
61016
61019
61025
61029
61034
61038
61044
61047
61053
61057
61062
61066
61072
61075
61081
61085
61090
61094
61100
61103
61109
61113
61118
61122
61128
61131
61137
61141
61146
61150
61156
61159
61165
61169
61174
61178
61184
61187
61193
61197
61202
61206
61212
61215
61221
61225
61230
61234
61240
61243
61249
61253
61258
61262
61268
61271
61277
61281
61286
61290
61296
61299
61305
61309
61314
61318
61324
61327
61333
61337
61342
61346
61352
61355
61361
61365
61370
61374
61380
61383
61389
61393
61398
61402
61407
61411
61416
61420
61425
61429
61434
61438
61444
61447
61453
61456
61462
61466
61470
61476
61479
61485
61488
61494
61498
61502
61508
61511
61517
61520
61526
61530
61534
61540
61543
61549
61552
61558
61562
61566
61572
61575
61581
61584
61590
61594
61598
61604
61607
61613
61616
61622
61626
61630
61636
61639
61645
61648
61654
61658
61662
61668
61671
61677
61680
61686
61690
61694
61700
61703
61709
61712
61718
61723
61726
61731
61735
61740
61743
61749
61752
61757
61761
61766
61769
61775
61778
61783
61786
61792
61795
61800
61804
61809
61812
61818
61821
61826
61830
61835
61838
61843
61847
61852
61855
61861
61864
61869
61873
61878
61881
61887
61890
61895
61899
61904
61907
61912
61916
61921
61924
61930
61933
61938
61942
61947
61950
61956
61959
61964
61968
61972
61977
61980
61986
61989
61994
61998
62003
62006
62012
62015
62020
62024
62029
62032
62037
62041
62046
62049
62055
62058
62063
62067
62072
62075
62081
62084
62089
62093
62097
62102
62105
62111
62114
62119
62123
62128
62131
62137
62140
62145
62149
62154
62157
62162
62166
62171
62174
62180
62183
62188
62192
62197
62200
62206
62209
62214
62218
62222
62227
62230
62236
62239
62244
62248
62253
62256
62262
62265
62270
62274
62279
62282
62287
62291
62296
62299
62305
62308
62313
62317
62322
62325
62331
62334
62339
62343
62347
62352
62355
62361
62364
62369
62373
62378
62381
62387
62390
62395
62399
62404
62407
62412
62416
62422
62425
62431
62435
62441
62444
62450
62454
62460
62463
62469
62473
62479
62482
62488
62492
62498
62501
62507
62511
62517
62520
62526
62530
62536
62539
62545
62549
62555
62558
62564
62568
62574
62577
62583
62587
62593
62596
62602
62606
62612
62615
62621
62625
62631
62634
62640
62644
62649
62653
62659
62663
62668
62672
62678
62682
62687
62691
62697
62701
62706
62710
62716
62720
62725
62729
62735
62739
62744
62748
62754
62758
62763
62767
62773
62777
62782
62786
62792
62796
62801
62805
62811
62815
62820
62824
62830
62834
62839
62843
62849
62853
62858
62862
62868
62872
62877
62881
62887
62890
62896
62900
62906
62909
62915
62919
62925
62928
62934
62938
62944
62947
62953
62958
62961
62966
62970
62975
62978
62983
62987
62992
62995
63000
63004
63009
63012
63017
63021
63026
63029
63034
63038
63043
63046
63052
63055
63060
63063
63069
63072
63077
63080
63086
63089
63094
63097
63103
63106
63111
63114
63120
63123
63128
63132
63137
63140
63145
63149
63154
63157
63162
63166
63171
63174
63179
63183
63188
63191
63196
63200
63205
63208
63214
63217
63222
63225
63231
63234
63239
63242
63248
63251
63256
63259
63265
63268
63273
63276
63282
63285
63290
63294
63299
63302
63307
63311
63316
63319
63324
63328
63333
63336
63341
63345
63350
63353
63358
63362
63367
63370
63376
63379
63384
63387
63393
63396
63401
63404
63410
63413
63418
63421
63427
63430
63435
63438
63444
63447
63452
63456
63461
63464
63469
63473
63478
63481
63486
63490
63495
63498
63503
63507
63512
63515
63520
63524
63529
63532
63538
63541
63546
63549
63555
63558
63563
63566
63572
63575
63580
63583
63589
63592
63597
63600
63606
63609
63614
63618
63623
63626
63631
63635
63640
63643
63648
63652
63657
63660
63665
63669
63674
63677
63682
63686
63691
63694
63700
63703
63708
63711
63717
63720
63725
63728
63734
63737
63742
63745
63751
63754
63759
63764
63767
63773
63776
63782
63785
63791
63794
63800
63803
63808
63812
63817
63821
63826
63830
63835
63839
63844
63847
63853
63856
63862
63865
63871
63874
63880
63883
63888
63892
63897
63901
63906
63910
63915
63919
63924
63927
63933
63936
63942
63945
63951
63954
63960
63963
63968
63972
63977
63981
63986
63990
63995
63999
64004
64007
64013
64016
64022
64025
64031
64034
64040
64043
64048
64052
64057
64061
64066
64070
64075
64078
64084
64087
64092
64096
64101
64104
64110
64113
64118
64122
64127
64131
64136
64139
64145
64148
64153
64157
64162
64165
64171
64174
64180
64183
64188
64192
64197
64200
64206
64209
64214
64218
64223
64226
64232
64235
64241
64244
64249
64253
64258
64261
64267
64270
64275
64279
64284
64288
64293
64296
64302
64305
64310
64314
64319
64322
64328
64331
64336
64340
64345
64349
64354
64357
64363
64366
64371
64376
64379
64385
64388
64393
64397
64402
64406
64411
64414
64420
64423
64429
64432
64437
64441
64446
64450
64455
64458
64464
64467
64473
64476
64481
64485
64490
64494
64499
64502
64508
64511
64517
64520
64525
64529
64534
64538
64543
64546
64552
64555
64561
64564
64569
64573
64578
64582
64587
64590
64596
64599
64605
64608
64613
64617
64622
64626
64631
64634
64640
64643
64649
64652
64657
64661
64666
64670
64675
64678
64684
64687
64693
64696
64701
64705
64710
64714
64719
64722
64728
64731
64737
64740
64745
64749
64754
64758
64763
64766
64772
64775
64781
64784
64789
64793
64798
64802
64807
64812
64815
64821
64824
64829
64833
64838
64841
64847
64850
64856
64859
64864
64868
64873
64876
64882
64885
64890
64894
64899
64903
64908
64911
64917
64920
64925
64929
64934
64938
64943
64946
64952
64955
64960
64964
64969
64972
64978
64981
64987
64990
64995
64999
65004
65007
65013
65016
65022
65025
65030
65034
65039
65042
65048
65051
65056
65060
65065
65069
65074
65077
65083
65086
65091
65095
65100
65104
65109
65112
65118
65121
65126
65130
65135
65138
65144
65147
65153
65156
65161
65165
65170
65173
65179
65182
65188
65191
65196
65200
65205
65208
65214
65217
65222
65226
65231
65235
65240
65243
65249
65252
65257
65261
65266
65270
65275
65280
65284
65290
65293
65299
65303
65308
65312
65318
65322
65327
65331
65337
65340
65346
65350
65356
65359
65365
65369
65374
65378
65384
65388
65393
65397
65403
65406
65412
65416
65421
65425
65431
65435
65440
65444
65450
65453
65459
65463
65469
65472
65478
65482
65487
65491
65497
65501
65506
65510
65516
65519
65525
65529
65535
65538
65544
65548
65553
65557
65563
65566
65572
65576
65582
65585
65591
65595
65600
65604
65610
65614
65619
65623
65629
65632
65638
65642
65648
65651
65657
65661
65666
65670
65676
65680
65685
65689
65695
65698
65704
65708
65713
65717
65723
65727
65732
65736
65741
65745
65750
65754
65759
65763
65768
65772
65777
65781
65786
65790
65795
65799
65804
65808
65814
65817
65823
65826
65832
65835
65841
65844
65850
65853
65859
65862
65868
65871
65877
65881
65886
65890
65895
65899
65904
65908
65913
65917
65922
65926
65931
65935
65940
65944
65949
65953
65959
65962
65968
65971
65977
65980
65986
65989
65995
65998
66004
66007
66013
66016
66022
66026
66031
66035
66040
66044
66049
66053
66058
66062
66067
66071
66076
66080
66085
66089
66095
66098
66104
66107
66113
66116
66122
66125
66131
66134
66140
66143
66149
66152
66158
66161
66167
66171
66176
66180
66185
66189
66194
66198
66203
66207
66212
66216
66221
66225
66230
66234
66240
66243
66249
66252
66258
66261
66267
66270
66276
66279
66285
66288
66294
66297
66303
66306
66312
66316
66321
66325
66330
66334
66339
66343
66348
66352
66357
66361
66366
66369
66374
66377
66383
66386
66391
66394
66399
66403
66408
66411
66416
66419
66425
66428
66433
66436
66441
66445
66450
66453
66458
66461
66467
66470
66475
66478
66484
66487
66492
66495
66500
66504
66509
66512
66517
66520
66526
66529
66534
66537
66542
66546
66551
66554
66559
66562
66568
66571
66576
66579
66585
66588
66593
66596
66601
66605
66610
66613
66618
66621
66627
66630
66635
66638
66643
66647
66652
66655
66660
66663
66669
66672
66677
66680
66685
66689
66694
66697
66702
66706
66711
66714
66719
66722
66728
66731
66736
66739
66744
66748
66753
66756
66761
66764
66770
66773
66778
66781
66786
66790
66795
66798
66803
66807
66812
66815
66820
66823
66829
66832
66838
66841
66847
66850
66856
66859
66865
66868
66874
66877
66883
66886
66891
66895
66900
66904
66909
66913
66918
66922
66927
66931
66936
66940
66945
66949
66954
66957
66963
66966
66972
66975
66981
66984
66990
66993
66999
67002
67008
67011
67017
67020
67025
67029
67034
67038
67043
67047
67052
67056
67061
67065
67070
67074
67079
67083
67088
67091
67097
67100
67106
67109
67115
67118
67124
67127
67133
67136
67142
67145
67151
67154
67160
67163
67168
67172
67177
67181
67186
67190
67195
67199
67204
67207
67213
67216
67222
67225
67231
67234
67239
67243
67248
67252
67257
67261
67266
67270
67275
67278
67284
67287
67293
67296
67302
67305
67311
67314
67319
67323
67328
67332
67337
67341
67346
67349
67355
67358
67364
67367
67373
67376
67382
67385
67390
67394
67399
67403
67408
67412
67417
67421
67426
67429
67435
67438
67444
67447
67453
67456
67462
67465
67470
67474
67479
67483
67488
67492
67497
67500
67505
67508
67513
67517
67522
67525
67531
67534
67539
67543
67548
67551
67557
67560
67565
67569
67574
67577
67583
67586
67591
67594
67600
67603
67608
67612
67617
67620
67626
67629
67634
67638
67643
67646
67652
67655
67660
67664
67669
67672
67678
67681
67686
67689
67695
67698
67703
67707
67712
67715
67721
67724
67729
67733
67738
67741
67747
67750
67755
67759
67764
67767
67773
67776
67781
67784
67790
67793
67798
67802
67807
67810
67816
67819
67824
67828
67833
67836
67842
67845
67850
67854
67859
67862
67868
67871
67876
67879
67885
67888
67893
67897
67902
67905
67911
67914
67919
67923
67928
67931
67937
67940
67945
67949
67954
67957
67963
67966
67971
67974
67980
67983
67988
67992
67997
68000
68006
68009
68014
68018
68023
68026
68032
68035
68040
68044
68049
68052
68058
68061
68066
68069
68075
68078
68083
68086
68091
68095
68100
68103
68109
68112
68117
68121
68126
68129
68135
68138
68143
68147
68152
68155
68161
68164
68169
68173
68178
68181
68187
68190
68195
68199
68204
68207
68213
68216
68221
68225
68230
68233
68239
68242
68247
68251
68256
68259
68265
68268
68273
68276
68282
68285
68290
68294
68299
68302
68308
68311
68316
68320
68325
68328
68334
68337
68342
68346
68351
68354
68360
68363
68368
68372
68377
68380
68386
68389
68394
68398
68403
68406
68412
68415
68420
68424
68429
68432
68438
68441
68446
68450
68455
68458
68464
68467
68472
68475
68481
68484
68489
68493
68498
68501
68507
68510
68515
68519
68524
68527
68533
68536
68541
68545
68550
68553
68559
68562
68567
68571
68576
68579
68585
68588
68593
68597
68602
68605
68611
68614
68619
68623
68628
68631
68637
68640
68645
68648
68654
68657
68663
68666
68672
68675
68681
68684
68690
68693
68699
68702
68708
68711
68717
68720
68726
68729
68734
68738
68743
68747
68752
68756
68761
68765
68770
68774
68779
68783
68788
68792
68797
68801
68806
68810
68815
68819
68824
68827
68833
68836
68842
68845
68851
68854
68860
68863
68869
68872
68878
68881
68887
68890
68896
68899
68905
68908
68914
68917
68922
68926
68931
68935
68940
68944
68949
68953
68958
68962
68967
68971
68976
68980
68985
68989
68994
68998
69003
69007
69012
69015
69021
69024
69030
69033
69039
69042
69048
69051
69057
69060
69066
69069
69075
69078
69084
69087
69093
69096
69102
69105
69110
69113
69119
69122
69128
69131
69137
69140
69146
69149
69155
69158
69164
69167
69173
69176
69182
69185
69191
69194
69200
69203
69209
69212
69218
69221
69227
69230
69236
69239
69245
69248
69254
69257
69263
69266
69272
69275
69281
69284
69290
69293
69299
69302
69308
69311
69317
69320
69326
69329
69335
69338
69344
69347
69353
69356
69362
69365
69371
69374
69380
69383
69389
69392
69398
69401
69407
69410
69416
69419
69425
69428
69434
69437
69443
69446
69452
69455
69461
69464
69470
69473
69479
69482
69488
69491
69497
69500
69506
69509
69515
69518
69524
69527
69533
69536
69542
69545
69551
69554
69560
69563
69569
69572
69578
69581
69587
69590
69596
69599
69605
69608
69614
69617
69623
69626
69632
69635
69641
69644
69650
69653
69659
69662
69668
69671
69677
69680
69686
69689
69695
69698
69704
69707
69713
69716
69722
69725
69731
69734
69740
69743
69749
69752
69758
69761
69767
69770
69776
69779
69785
69788
69794
69797
69803
69806
69812
69815
69821
69824
69830
69833
69839
69842
69848
69851
69857
69860
69866
69869
69875
69878
69884
69887
69893
69896
69902
69905
69911
69914
69920
69925
69928
69934
69937
69943
69946
69951
69955
69960
69964
69969
69972
69978
69981
69987
69990
69996
69999
70004
70008
70013
70017
70022
70025
70031
70034
70040
70043
70049
70052
70057
70061
70066
70070
70075
70078
70084
70087
70093
70096
70102
70105
70110
70114
70119
70123
70128
70131
70137
70140
70146
70149
70154
70158
70163
70167
70172
70176
70181
70184
70190
70193
70199
70202
70207
70211
70216
70220
70225
70229
70234
70237
70243
70246
70252
70255
70260
70264
70269
70273
70278
70282
70287
70290
70296
70299
70305
70308
70313
70317
70322
70326
70331
70335
70340
70343
70349
70352
70358
70361
70366
70370
70375
70379
70384
70387
70393
70396
70402
70405
70411
70414
70419
70423
70428
70432
70437
70440
70446
70449
70455
70458
70464
70467
70472
70476
70481
70485
70490
70493
70499
70502
70508
70511
70517
70520
70525
70529
70534
70538
70543
70546
70552
70555
70561
70564
70570
70573
70578
70582
70587
70591
70596
70599
70605
70608
70614
70617
70622
70626
70631
70635
70640
70644
70649
70652
70658
70661
70667
70670
70675
70679
70684
70688
70693
70697
70702
70705
70711
70714
70720
70723
70728
