5
8
14
17
23
26
31
35
40
44
49
53
58
61
67
70
76
79
84
88
93
97
102
106
111
114
120
123
129
132
138
141
146
150
155
159
164
167
173
176
182
185
191
194
199
203
208
212
217
220
226
229
235
238
244
247
252
256
261
265
270
274
279
282
288
291
297
300
305
309
314
318
323
327
332
335
341
344
350
353
359
362
367
371
376
380
385
388
394
397
403
406
412
415
420
424
429
433
438
441
447
450
456
459
465
468
473
477
483
487
493
497
504
508
514
518
525
529
535
539
546
550
556
560
567
571
577
581
588
592
598
602
609
613
619
623
630
634
640
644
651
655
661
665
672
676
682
686
693
697
703
707
714
718
724
728
734
739
745
749
755
760
766
770
776
781
787
791
797
802
808
812
818
823
829
833
839
844
850
854
860
865
871
875
881
886
892
896
902
907
913
917
923
928
934
938
944
949
955
959
965
970
976
980
987
991
997
1001
1008
1012
1018
1023
1029
1033
1040
1044
1050
1054
1061
1065
1071
1076
1082
1086
1093
1097
1103
1107
1114
1118
1124
1129
1135
1139
1146
1150
1156
1160
1167
1171
1177
1182
1188
1192
1199
1203
1209
1213
1220
1224
1230
1235
1241
1245
1251
1256
1262
1266
1273
1277
1283
1288
1294
1298
1304
1309
1315
1319
1326
1330
1336
1341
1348
1354
1361
1367
1374
1380
1387
1393
1400
1406
1413
1419
1426
1432
1439
1445
1452
1458
1466
1471
1479
1484
1492
1497
1505
1510
1518
1523
1531
1536
1544
1549
1557
1562
1570
1576
1583
1589
1596
1602
1609
1615
1622
1628
1635
1641
1648
1654
1661
1667
1674
1680
1688
1693
1701
1706
1714
1719
1727
1732
1736
1742
1746
1752
1756
1761
1765
1771
1775
1781
1785
1791
1794
1800
1804
1810
1814
1820
1824
1829
1833
1839
1843
1849
1853
1859
1862
1868
1872
1878
1882
1888
1891
1897
1901
1907
1911
1917
1921
1926
1930
1936
1940
1946
1950
1956
1959
1965
1969
1975
1979
1985
1989
1994
1998
2004
2008
2014
2018
2023
2027
2033
2037
2043
2047
2053
2056
2062
2066
2072
2076
2082
2086
2091
2095
2101
2105
2111
2115
2121
2124
2130
2134
2140
2144
2150
2154
2159
2163
2169
2173
2179
2183
2188
2192
2198
2202
2208
2212
2217
2221
2226
2230
2235
2239
2244
2248
2253
2257
2262
2266
2271
2275
2280
2284
2289
2293
2299
2302
2308
2311
2317
2320
2326
2329
2335
2338
2344
2347
2353
2356
2362
2365
2371
2375
2380
2384
2389
2393
2398
2402
2407
2411
2416
2420
2425
2429
2434
2438
2443
2447
2452
2456
2462
2465
2471
2474
2480
2483
2489
2492
2498
2501
2507
2510
2516
2519
2525
2528
2534
2538
2543
2547
2552
2556
2561
2565
2570
2574
2579
2583
2588
2592
2597
2601
2607
2611
2617
2621
2628
2632
2638
2642
2649
2653
2659
2663
2670
2674
2680
2684
2690
2695
2701
2705
2711
2716
2722
2726
2732
2737
2743
2747
2753
2757
2764
2768
2774
2778
2785
2789
2795
2799
2806
2810
2816
2820
2827
2831
2837
2841
2847
2852
2858
2862
2868
2873
2879
2883
2889
2894
2900
2904
2910
2914
2921
2925
2931
2935
2942
2946
2952
2956
2963
2967
2973
2977
2984
2988
2994
2998
3004
3009
3015
3019
3025
3030
3034
3040
3044
3050
3053
3059
3063
3069
3073
3078
3082
3088
3092
3098
3101
3107
3111
3117
3121
3126
3130
3136
3140
3146
3149
3155
3159
3165
3169
3174
3178
3184
3188
3194
3197
3203
3207
3213
3217
3222
3226
3232
3236
3242
3245
3251
3255
3261
3265
3270
3274
3280
3284
3290
3294
3299
3303
3309
3313
3319
3322
3328
3332
3338
3342
3347
3351
3357
3361
3367
3370
3376
3380
3386
3390
3395
3399
3405
3409
3415
3418
3424
3428
3434
3438
3443
3447
3453
3457
3463
3466
3472
3476
3482
3486
3491
3495
3501
3505
3511
3517
3521
3527
3531
3538
3542
3548
3552
3558
3563
3569
3573
3579
3583
3590
3594
3600
3604
3610
3615
3621
3625
3631
3635
3642
3646
3652
3656
3662
3667
3673
3677
3683
3687
3694
3698
3704
3708
3714
3719
3725
3729
3735
3739
3746
3750
3756
3760
3766
3771
3777
3781
3787
3792
3798
3802
3808
3812
3819
3823
3829
3833
3839
3844
3850
3854
3860
3864
3871
3875
3881
3885
3891
3896
3902
3906
3912
3916
3923
3927
3933
3937
3943
3947
3954
3958
3965
3969
3975
3980
3986
3991
3997
4001
4008
4012
4019
4023
4030
4034
4040
4045
4051
4056
4062
4066
4073
4077
4084
4088
4094
4099
4105
4110
4116
4121
4127
4131
4138
4142
4149
4153
4159
4164
4170
4175
4181
4185
4192
4196
4203
4207
4214
4218
4224
4229
4235
4240
4246
4250
4257
4261
4268
4272
4279
4283
4289
4294
4300
4305
4311
4315
4322
4326
4333
4337
4344
4349
4357
4362
4370
4375
4383
4388
4395
4401
4408
4414
4421
4427
4434
4440
4447
4452
4460
4465
4473
4478
4486
4491
4498
4504
4511
4517
4524
4530
4537
4543
4550
4555
4563
4568
4576
4581
4589
4594
4601
4607
4614
4620
4627
4633
4640
4646
4653
4658
4666
4671
4679
4684
4692
4697
4704
4710
4717
4723
4730
4736
4743
4749
4754
4758
4763
4767
4772
4776
4781
4785
4790
4794
4799
4803
4808
4812
4817
4821
4827
4830
4836
4839
4845
4848
4854
4857
4863
4866
4872
4875
4881
4884
4890
4893
4899
4903
4908
4912
4917
4921
4926
4930
4935
4939
4944
4948
4953
4957
4962
4966
4971
4975
4981
4984
4990
4993
4999
5002
5008
5011
5017
5020
5026
5029
5035
5038
5044
5047
5053
5057
5062
5066
5071
5075
5080
5084
5089
5093
5098
5102
5107
5111
5116
5120
5125
5130
5134
5139
5143
5148
5152
5157
5161
5167
5170
5176
5179
5185
5188
5194
5197
5203
5207
5212
5216
5221
5225
5230
5234
5239
5243
5249
5252
5258
5261
5267
5270
5276
5279
5285
5289
5294
5298
5303
5307
5312
5316
5321
5325
5331
5334
5340
5343
5349
5352
5358
5361
5367
5371
5376
5380
5385
5389
5394
5398
5403
5407
5413
5416
5422
5425
5431
5434
5440
5443
5449
5453
5458
5462
5467
5471
5476
5480
5485
5489
5495
5498
5504
5507
5513
5516
5522
5525
5531
5535
5540
5544
5549
5553
5558
5562
5567
5571
5577
5581
5587
5591
5597
5601
5607
5611
5617
5621
5627
5631
5637
5641
5647
5651
5657
5661
5667
5671
5677
5681
5687
5691
5697
5701
5706
5710
5716
5720
5726
5730
5736
5740
5746
5750
5756
5760
5766
5770
5776
5780
5786
5790
5796
5800
5806
5810
5816
5820
5826
5830
5836
5840
5845
5849
5855
5859
5865
5869
5875
5879
5885
5889
5895
5899
5905
5909
5915
5919
5925
5929
5935
5939
5945
5949
5955
5959
5965
5969
5975
5979
5985
5988
5994
5998
6004
6009
6013
6018
6022
6027
6031
6036
6040
6046
6049
6055
6058
6064
6067
6073
6077
6082
6086
6091
6095
6100
6104
6109
6113
6119
6122
6128
6131
6137
6140
6146
6150
6155
6159
6164
6168
6173
6177
6182
6186
6192
6195
6201
6204
6210
6213
6219
6223
6228
6232
6237
6241
6246
6250
6255
6259
6265
6268
6274
6277
6283
6286
6292
6296
6301
6305
6310
6314
6319
6323
6328
6332
6338
6341
6347
6350
6356
6359
6365
6369
6374
6378
6383
6387
6392
6396
6401
6405
6411
6414
6420
6423
6429
6432
6436
6439
6444
6447
6452
6455
6460
6463
6468
6471
6476
6479
6484
6487
6492
6495
6500
6503
6508
6511
6516
6519
6524
6527
6532
6535
6540
6542
6547
6550
6555
6558
6563
6566
6571
6574
6579
6582
6587
6590
6595
6598
6603
6606
6611
6614
6619
6622
6627
6630
6635
6638
6643
6646
6650
6653
6658
6661
6666
6669
6674
6677
6682
6685
6690
6693
6698
6701
6706
6709
6714
6717
6722
6725
6730
6733
6738
6741
6746
6749
6754
6756
6761
6764
6769
6772
6777
6780
6785
6788
6793
6796
6801
6804
6809
6812
6817
6820
6825
6828
6833
6836
6841
6844
6849
6852
6857
6860
6864
6867
6872
6877
6881
6887
6891
6896
6900
6906
6910
6915
6919
6925
6929
6935
6938
6944
6948
6954
6957
6963
6967
6973
6977
6982
6986
6992
6996
7001
7005
7011
7015
7021
7024
7030
7034
7040
7043
7049
7053
7059
7063
7068
7072
7078
7082
7087
7091
7097
7101
7106
7110
7116
7120
7126
7129
7135
7139
7145
7148
7154
7158
7164
7168
7173
7177
7183
7187
7192
7196
7202
7206
7212
7215
7221
7225
7231
7234
7240
7244
7250
7254
7259
7264
7267
7272
7276
7281
7284
7290
7293
7298
7302
7307
7310
7316
7319
7324
7328
7333
7336
7342
7345
7350
7354
7359
7362
7368
7371
7376
7380
7385
7388
7394
7397
7402
7406
7411
7414
7420
7423
7428
7432
7437
7440
7446
7449
7454
7458
7463
7466
7472
7475
7480
7484
7489
7492
7498
7501
7506
7510
7515
7518
7524
7527
7532
7536
7541
7544
7550
7553
7558
7562
7567
7570
7576
7579
7584
7588
7593
7596
7602
7605
7610
7614
7619
7622
7628
7631
7636
7640
7645
7648
7654
7661
7666
7674
7679
7687
7692
7700
7705
7713
7718
7726
7731
7738
7744
7751
7757
7764
7770
7777
7783
7790
7796
7803
7808
7816
7821
7829
7834
7842
7847
7855
7860
7868
7873
7880
7886
7893
7899
7906
7912
7919
7925
7932
7938
7945
7950
7958
7963
7971
7976
7984
7989
7997
8002
8010
8015
8022
8028
8035
8041
8048
8054
8061
8067
8074
8080
8087
8092
8100
8105
8113
8118
8126
8131
8135
8138
8143
8146
8151
8153
8158
8161
8166
8169
8173
8176
8181
8184
8189
8191
8196
8199
8204
8207
8211
8214
8219
8222
8227
8229
8234
8237
8242
8245
8249
8252
8257
8260
8265
8267
8272
8275
8280
8283
8287
8290
8295
8298
8303
8305
8310
8313
8318
8321
8325
8328
8333
8336
8341
8343
8348
8351
8356
8359
8364
8366
8371
8374
8379
8382
8386
8389
8394
8397
8402
8404
8409
8412
8417
8420
8424
8427
8432
8435
8440
8442
8447
8450
8455
8458
8462
8465
8470
8473
8478
8480
8485
8488
8493
8496
8500
8503
8508
8511
8516
8518
8523
8526
8531
8534
8538
8541
8546
8549
8554
8556
8561
8567
8571
8577
8582
8588
8592
8599
8603
8609
8613
8620
8624
8630
8635
8641
8645
8651
8656
8662
8666
8673
8677
8683
8687
8694
8698
8704
8709
8715
8719
8725
8730
8736
8740
8747
8751
8757
8761
8768
8772
8778
8783
8789
8793
8799
8804
8810
8814
8821
8825
8831
8835
8842
8846
8852
8857
8863
8867
8873
8878
8884
8888
8895
8899
8905
8909
8916
8920
8926
8931
8937
8941
8947
8952
8958
8962
8969
8973
8979
8983
8990
8995
8999
9004
9008
9014
9017
9023
9027
9032
9036
9042
9045
9051
9055
9060
9064
9069
9073
9079
9082
9088
9092
9097
9101
9107
9110
9116
9120
9125
9129
9135
9138
9144
9147
9153
9157
9162
9166
9172
9175
9181
9185
9190
9194
9200
9203
9209
9212
9218
9222
9227
9231
9237
9240
9246
9250
9255
9259
9265
9268
9274
9278
9283
9287
9292
9296
9302
9305
9311
9315
9320
9324
9330
9333
9339
9343
9348
9352
9358
9361
9367
9370
9376
9380
9385
9389
9395
9398
9404
9408
9413
9417
9423
9426
9432
9435
9441
9445
9450
9454
9460
9463
9469
9473
9478
9483
9486
9491
9494
9499
9502
9507
9510
9515
9518
9523
9526
9531
9534
9539
9542
9547
9550
9555
9558
9563
9566
9571
9574
9579
9582
9587
9590
9595
9598
9603
9606
9611
9615
9620
9623
9628
9631
9636
9639
9644
9647
9652
9655
9660
9663
9668
9671
9676
9679
9684
9687
9692
9695
9700
9703
9708
9711
9716
9719
9724
9727
9732
9735
9740
9743
9748
9752
9757
9760
9765
9768
9773
9776
9781
9784
9789
9792
9797
9800
9805
9808
9813
9816
9821
9824
9829
9832
9837
9840
9845
9848
9853
9856
9861
9864
9869
9872
9877
9880
9885
9889
9894
9897
9902
9905
9910
9913
9918
9921
9926
9929
9934
9937
9942
9945
9950
9953
9958
9961
9966
9969
9974
9977
9983
9986
9991
9994
10000
10003
10008
10011
10017
10020
10025
10028
10034
10037
10042
10045
10051
10054
10059
10062
10068
10071
10076
10079
10085
10088
10093
10096
10101
10105
10110
10113
10118
10122
10127
10130
10135
10139
10144
10147
10152
10156
10161
10164
10169
10173
10178
10181
10186
10190
10195
10198
10203
10207
10212
10215
10220
10223
10229
10232
10237
10240
10246
10249
10254
10257
10263
10266
10271
10274
10280
10283
10288
10291
10297
10300
10305
10308
10314
10317
10322
10325
10331
10334
10339
10342
10348
10351
10356
10359
10364
10368
10373
10376
10381
10385
10390
10393
10398
10402
10408
10413
10419
10424
10430
10435
10441
10446
10452
10457
10463
10468
10474
10479
10485
10490
10496
10501
10507
10512
10518
10523
10530
10534
10541
10545
10552
10556
10563
10567
10574
10578
10585
10589
10596
10600
10607
10611
10618
10622
10629
10633
10640
10644
10651
10656
10662
10667
10673
10678
10684
10689
10695
10700
10706
10711
10717
10722
10728
10733
10739
10744
10750
10755
10761
10766
10772
10777
10784
10788
10795
10799
10806
10810
10817
10821
10828
10833
10836
10841
10845
10850
10853
10859
10862
10867
10870
10876
10879
10884
10888
10893
10896
10901
10905
10910
10913
10919
10922
10927
10931
10936
10939
10944
10948
10953
10956
10962
10965
10970
10973
10979
10982
10987
10991
10996
10999
11004
11008
11013
11016
11022
11025
11030
11034
11039
11042
11047
11051
11056
11059
11065
11068
11073
11076
11082
11085
11090
11094
11099
11102
11107
11111
11116
11119
11125
11128
11133
11137
11142
11145
11150
11154
11159
11162
11168
11171
11176
11179
11185
11188
11193
11197
11202
11206
11209
11214
11217
11222
11225
11230
11233
11238
11241
11246
11248
11253
11256
11261
11264
11269
11272
11277
11280
11285
11288
11292
11295
11300
11303
11308
11311
11316
11319
11324
11327
11332
11334
11339
11342
11347
11350
11355
11358
11363
11366
11371
11374
11379
11381
11386
11389
11394
11397
11402
11405
11410
11413
11418
11421
11425
11428
11433
11436
11441
11444
11449
11452
11457
11460
11465
11467
11472
11475
11480
11483
11488
11491
11496
11499
11504
11507
11511
11514
11519
11522
11527
11530
11535
11538
11543
11546
11551
11554
11558
11561
11566
11569
11574
11577
11582
11585
11590
11593
11598
11600
11605
11608
11613
11616
11621
11624
11629
11632
11637
11640
11645
11648
11653
11657
11662
11665
11671
11674
11679
11683
11688
11691
11697
11700
11705
11709
11714
11717
11723
11726
11731
11735
11740
11743
11749
11752
11757
11761
11766
11769
11775
11778
11783
11787
11792
11795
11800
11804
11809
11812
11818
11821
11826
11830
11835
11838
11844
11847
11852
11856
11861
11864
11870
11873
11878
11882
11887
11890
11896
11899
11904
11908
11913
11916
11922
11925
11930
11934
11939
11942
11948
11951
11956
11960
11964
11969
11972
11978
11981
11986
11990
11995
11998
12004
12007
12012
12016
12021
12024
12030
12033
12038
12042
12047
12050
12056
12059
12064
12068
12073
12076
12082
12085
12090
12094
12099
12105
12109
12116
12120
12127
12131
12137
12142
12148
12153
12159
12164
12170
12174
12181
12185
12192
12196
12203
12207
12213
12218
12224
12229
12235
12240
12246
12250
12257
12261
12268
12272
12279
12283
12289
12294
12300
12305
12311
12316
12322
12326
12333
12337
12344
12348
12355
12359
12365
12370
12376
12381
12387
12392
12398
12402
12409
12413
12420
12424
12431
12435
12441
12446
12452
12457
12463
12468
12474
12478
12485
12489
12496
12500
12507
12511
12517
12522
12528
12533
12539
12544
12550
12554
12561
12565
12572
12576
12583
12589
12593
12599
12603
12610
12614
12620
12624
12630
12635
12641
12645
12651
12656
12662
12666
12672
12676
12683
12687
12693
12697
12704
12708
12714
12718
12724
12729
12735
12739
12745
12750
12756
12760
12766
12770
12777
12781
12787
12791
12798
12802
12808
12812
12818
12823
12829
12833
12839
12843
12850
12854
12860
12864
12871
12875
12881
12885
12891
12896
12902
12906
12912
12917
12923
12927
12933
12937
12944
12948
12954
12958
12965
12969
12975
12979
12985
12990
12996
13000
13006
13011
13017
13021
13027
13031
13038
13042
13049
13053
13059
13064
13070
13075
13081
13085
13092
13096
13103
13107
13114
13118
13124
13129
13135
13140
13146
13150
13157
13161
13168
13172
13179
13183
13189
13194
13200
13205
13211
13215
13222
13226
13233
13237
13244
13248
13254
13259
13265
13270
13276
13280
13287
13291
13298
13302
13309
13313
13319
13324
13330
13335
13341
13345
13352
13356
13363
13367
13373
13378
13384
13389
13395
13400
13406
13410
13417
13421
13428
13432
13438
13443
13449
13454
13460
13465
13468
13473
13476
13481
13484
13489
13492
13497
13500
13505
13508
13513
13516
13521
13524
13529
13532
13537
13540
13545
13549
13554
13557
13562
13565
13570
13573
13578
13581
13586
13589
13594
13597
13602
13605
13610
13613
13618
13621
13626
13629
13634
13638
13643
13646
13651
13654
13659
13662
13667
13670
13675
13678
13683
13686
13691
13694
13699
13702
13707
13710
13715
13718
13723
13727
13732
13735
13740
13743
13748
13751
13756
13759
13764
13767
13772
13775
13780
13783
13788
13791
13796
13799
13804
13807
13812
13816
13821
13824
13829
13832
13837
13840
13845
13848
13853
13856
13861
13864
13869
13872
13877
13884
13890
13898
13903
13911
13917
13924
13930
13938
13944
13951
13957
13965
13970
13978
13984
13992
13997
14005
14011
14018
14024
14032
14038
14045
14051
14059
14064
14072
14078
14086
14091
14099
14105
14112
14118
14126
14132
14139
14145
14153
14158
14166
14172
14180
14185
14193
14199
14206
14212
14220
14225
14233
14239
14247
14252
14260
14266
14272
14276
14282
14286
14292
14296
14302
14307
14313
14317
14323
14327
14333
14337
14344
14348
14354
14358
14364
14368
14374
14379
14385
14389
14395
14399
14405
14409
14416
14420
14426
14430
14436
14440
14446
14451
14457
14461
14467
14471
14477
14481
14488
14492
14498
14502
14508
14512
14518
14523
14529
14533
14539
14543
14549
14553
14560
14564
14570
14574
14580
14584
14590
14595
14601
14605
14611
14615
14621
14625
14632
14636
14642
14646
14652
14656
14662
14666
14669
14674
14677
14682
14685
14690
14693
14698
14700
14705
14708
14713
14716
14721
14724
14729
14732
14737
14739
14744
14747
14752
14755
14760
14763
14768
14771
14776
14778
14783
14786
14791
14794
14799
14802
14807
14810
14814
14817
14822
14825
14830
14833
14838
14841
14846
14849
14853
14856
14861
14864
14869
14872
14877
14880
14885
14888
14892
14895
14900
14903
14908
14911
14916
14919
14924
14927
14931
14934
14939
14942
14947
14950
14955
14958
14963
14965
14970
14973
14978
14981
14986
14989
14994
14997
15002
15004
15009
15012
15017
15020
15025
15028
15033
15036
15041
15043
15048
15051
15056
15059
15064
15067
15072
15075
15080
15082
15087
15090
15095
15098
15103
15106
15111
15117
15121
15127
15131
15137
15142
15148
15152
15158
15162
15169
15173
15179
15183
15189
15194
15200
15204
15210
15214
15221
15225
15231
15235
15241
15246
15252
15256
15262
15266
15272
15277
15283
15287
15293
15297
15304
15308
15314
15318
15324
15329
15335
15339
15345
15349
15356
15360
15366
15370
15376
15381
15387
15391
15397
15401
15407
15412
15418
15422
15428
15432
15439
15443
15449
15453
15459
15464
15470
15474
15480
15484
15491
15495
15501
15505
15511
15516
15522
15526
15532
15536
15542
15547
15553
15557
15563
15567
15574
15578
15584
15588
15594
15599
15604
15608
15614
15618
15623
15627
15633
15637
15643
15646
15652
15656
15662
15666
15671
15675
15681
15685
15691
15694
15700
15704
15710
15714
15719
15723
15729
15733
15739
15742
15748
15752
15758
15762
15767
15771
15777
15781
15787
15790
15796
15800
15806
15810
15815
15819
15825
15829
15835
15838
15844
15848
15854
15858
15863
15867
15873
15877
15883
15886
15892
15896
15902
15906
15911
15915
15921
15925
15931
15934
15940
15944
15950
15954
15959
15963
15969
15973
15979
15982
15988
15992
15998
16002
16007
16011
16017
16021
16027
16030
16036
16040
16046
16050
16055
16059
16065
16069
16074
16077
16083
16086
16092
16095
16101
16104
16110
16113
16119
16122
16128
16131
16137
16140
16146
16149
16155
16158
16164
16167
16173
16176
16182
16185
16191
16194
16200
16203
16209
16212
16218
16221
16227
16230
16236
16239
16245
16248
16254
16257
16263
16266
16272
16275
16281
16284
16290
16293
16299
16302
16308
16311
16317
16320
16326
16329
16335
16338
16344
16347
16353
16356
16362
16365
16371
16374
16380
16383
16389
16392
16398
16401
16407
16410
16416
16419
16425
16428
16434
16437
16443
16446
16452
16455
16461
16464
16470
16473
16479
16482
16488
16491
16497
16500
16506
16509
16515
16518
16524
16527
16533
16536
16542
16545
16550
16554
16560
16564
16569
16573
16579
16583
16589
16592
16598
16602
16608
16611
16617
16621
16627
16631
16636
16640
16646
16650
16656
16659
16665
16669
16675
16678
16684
16688
16694
16698
16703
16707
16713
16717
16722
16726
16732
16736
16742
16745
16751
16755
16761
16765
16770
16774
16780
16784
16789
16793
16799
16803
16809
16812
16818
16822
16828
16831
16837
16841
16847
16851
16856
16860
16866
16870
16876
16879
16885
16889
16895
16898
16904
16908
16914
16918
16923
16927
16933
16937
16942
16946
16952
16956
16962
16965
16971
16975
16981
16985
16991
16996
17003
17008
17015
17020
17026
17031
17038
17043
17050
17055
17061
17066
17073
17078
17085
17090
17097
17101
17108
17113
17120
17125
17132
17136
17143
17148
17155
17160
17167
17171
17178
17183
17190
17195
17202
17207
17213
17218
17225
17230
17237
17242
17248
17253
17260
17265
17272
17277
17283
17288
17295
17300
17307
17312
17319
17323
17330
17335
17342
17347
17354
17358
17365
17370
17375
17379
17385
17389
17395
17399
17405
17409
17415
17419
17425
17429
17434
17438
17444
17448
17454
17458
17464
17468
17474
17478
17484
17488
17494
17497
17503
17507
17513
17517
17523
17527
17533
17537
17543
17547
17553
17556
17562
17566
17572
17576
17582
17586
17592
17596
17602
17606
17612
17616
17621
17625
17631
17635
17641
17645
17651
17655
17661
17665
17671
17675
17680
17684
17690
17694
17700
17704
17710
17714
17720
17724
17730
17734
17740
17743
17749
17753
17759
17763
17769
17773
17779
17783
17789
17793
17799
17802
17808
17812
17818
17822
17828
17832
17838
17842
17846
17849
17854
17857
17862
17865
17869
17872
17877
17880
17885
17888
17893
17895
17900
17903
17908
17911
17916
17919
17923
17926
17931
17934
17939
17942
17947
17949
17954
17957
17962
17965
17970
17973
17977
17980
17985
17988
17993
17996
18001
18003
18008
18011
18016
18019
18024
18027
18031
18034
18039
18042
18047
18050
18055
18057
18062
18065
18070
18073
18078
18081
18085
18088
18093
18096
18101
18104
18109
18111
18116
18119
18124
18127
18132
18135
18139
18142
18147
18150
18155
18158
18163
18165
18170
18173
18178
18181
18186
18189
18193
18196
18201
18204
18209
18212
18217
18219
18224
18227
18232
18235
18240
18243
18247
18250
18255
18258
18263
18266
18271
18273
18278
18281
18286
18290
18296
18300
18306
18309
18315
18319
18325
18329
18335
18338
18344
18348
18354
18358
18364
18367
18373
18377
18383
18387
18393
18396
18402
18406
18412
18416
18421
18425
18431
18435
18441
18445
18450
18454
18460
18464
18470
18474
18479
18483
18489
18493
18499
18503
18508
18512
18518
18522
18528
18532
18537
18541
18547
18551
18557
18560
18566
18570
18576
18580
18586
18589
18595
18599
18605
18609
18615
18618
18624
18628
18634
18638
18644
18647
18653
18657
18663
18667
18672
18676
18682
18686
18693
18698
18705
18710
18717
18723
18730
18735
18742
18747
18755
18760
18767
18772
18779
18785
18792
18797
18804
18809
18817
18822
18829
18834
18841
18847
18854
18859
18866
18871
18879
18884
18891
18896
18903
18909
18916
18921
18928
18933
18941
18946
18953
18958
18965
18971
18978
18983
18990
18995
19003
19008
19015
19020
19027
19033
19040
19045
19052
19057
19065
19070
19077
19082
19089
19095
19102
19107
19114
19119
19127
19132
19139
19144
19151
19157
19164
19169
19176
19181
19186
19190
19195
19199
19204
19208
19213
19217
19222
19226
19231
19235
19241
19244
19250
19253
19259
19262
19268
19271
19277
19280
19286
19289
19295
19299
19304
19308
19313
19317
19322
19326
19331
19335
19340
19344
19349
19353
19359
19362
19368
19371
19377
19380
19386
19389
19395
19398
19404
19407
19413
19417
19422
19426
19431
19435
19440
19444
19449
19453
19458
19462
19467
19471
19477
19480
19486
19489
19495
19498
19504
19507
19513
19516
19522
19525
19531
19535
19540
19544
19549
19553
19558
19562
19567
19571
19576
19581
19584
19589
19592
19597
19601
19606
19609
19614
19617
19623
19626
19631
19634
19639
19643
19648
19651
19656
19659
19664
19668
19673
19676
19681
19684
19690
19693
19698
19701
19706
19710
19715
19718
19723
19726
19732
19735
19740
19743
19748
19751
19757
19760
19765
19768
19773
19777
19782
19785
19790
19793
19799
19802
19807
19810
19815
19819
19824
19827
19832
19835
19840
19844
19849
19852
19857
19860
19866
19869
19874
19877
19882
19886
19891
19894
19899
19902
19908
19911
19916
19919
19924
19927
19933
19936
19941
19944
19949
19953
19958
19962
19967
19971
19977
19980
19986
19990
19995
19999
20005
20008
20014
20017
20023
20027
20032
20036
20042
20045
20051
20055
20060
20064
20070
20073
20079
20082
20088
20092
20097
20101
20107
20110
20116
20120
20125
20129
20134
20138
20144
20147
20153
20157
20162
20166
20172
20175
20181
20185
20190
20194
20199
20203
20209
20212
20218
20222
20227
20231
20237
20240
20246
20249
20255
20259
20264
20268
20274
20277
20283
20287
20292
20296
20302
20305
20311
20314
20320
20324
20329
20333
20339
20342
20348
20352
20357
20361
20366
20370
20376
20379
20385
20389
20394
20398
20404
20407
20413
20417
20422
20426
20431
20435
20441
20444
20450
20454
20459
20462
20468
20471
20477
20480
20486
20489
20495
20498
20504
20507
20513
20516
20521
20525
20530
20534
20539
20543
20548
20552
20557
20561
20566
20570
20575
20579
20584
20587
20593
20596
20602
20605
20611
20614
20620
20623
20629
20632
20638
20641
20647
20650
20655
20659
20664
20668
20673
20677
20682
20686
20691
20695
20700
20704
20709
20713
20718
20721
20727
20730
20736
20739
20745
20748
20754
20757
20763
20766
20772
20775
20781
20784
20789
20793
20798
20802
20807
20811
20816
20820
20825
20830
20834
20840
20844
20849
20853
20859
20863
20868
20872
20878
20882
20887
20891
20897
20901
20906
20910
20916
20920
20925
20929
20935
20939
20944
20948
20954
20958
20963
20967
20973
20977
20982
20986
20992
20996
21001
21005
21011
21015
21021
21024
21030
21034
21040
21043
21049
21053
21059
21062
21068
21072
21078
21081
21087
21091
21097
21100
21106
21110
21116
21119
21125
21129
21135
21138
21144
21148
21154
21157
21163
21167
21173
21176
21182
21186
21192
21195
21201
21205
21211
21215
21220
21224
21230
21234
21239
21243
21249
21253
21258
21262
21268
21273
21277
21283
21287
21292
21296
21302
21306
21312
21316
21320
21326
21330
21336
21340
21344
21350
21354
21360
21364
21368
21374
21378
21384
21388
21392
21398
21402
21408
21412
21416
21422
21426
21432
21436
21440
21446
21450
21456
21460
21464
21470
21474
21480
21484
21488
21494
21498
21504
21508
21512
21518
21522
21528
21532
21536
21542
21546
21552
21556
21560
21566
21570
21576
21580
21584
21590
21594
21600
21604
21608
21614
21618
21624
21628
21632
21638
21642
21648
21652
21656
21662
21666
21672
21676
21680
21686
21690
21696
21700
21704
21710
21714
21720
21724
21728
21734
21738
21744
21748
21752
21758
21762
21769
21775
21783
21789
21797
21802
21810
21816
21824
21830
21837
21843
21851
21857
21865
21871
21878
21884
21892
21898
21906
21912
21918
21926
21932
21940
21946
21953
21959
21967
21973
21981
21987
21993
22001
22007
22015
22021
22028
22034
22042
22048
22056
22062
22068
22076
22082
22090
22096
22103
22109
22117
22123
22131
22137
22142
22145
22150
22154
22159
22162
22168
22171
22176
22180
22185
22188
22194
22197
22202
22206
22211
22214
22220
22223
22228
22232
22237
22240
22246
22249
22254
22258
22263
22266
22272
22275
22280
22284
22289
22292
22298
22301
22306
22310
22315
22318
22324
22327
22332
22336
22341
22344
22350
22353
22358
22362
22367
22370
22376
22379
22384
22388
22393
22396
22402
22405
22410
22414
22419
22422
22428
22431
22436
22440
22445
22448
22454
22457
22462
22466
22471
22474
22480
22483
22488
22492
22497
22500
22506
22509
22514
22518
22523
22526
22532
22535
22539
22542
22547
22550
22555
22558
22563
22566
22571
22574
22578
22581
22586
22589
22594
22597
22602
22605
22610
22613
22617
22620
22625
22628
22633
22636
22641
22644
22649
22652
22656
22659
22664
22667
22672
22675
22680
22683
22688
22691
22695
22698
22703
22706
22711
22714
22719
22722
22727
22730
22734
22737
22742
22745
22750
22753
22758
22761
22766
22769
22773
22776
22781
22784
22789
22792
22797
22800
22805
22808
22812
22815
22820
22823
22828
22831
22836
22839
22844
22847
22851
22854
22859
22862
22867
22870
22875
22878
22883
22886
22891
22893
22898
22901
22906
22909
22914
22917
22922
22925
22930
22932
22937
22940
22945
22948
22953
22956
22961
22964
22969
22971
22976
22979
22984
22987
22992
22995
23000
23003
23008
23010
23015
23021
23025
23031
23035
23041
23045
23052
23056
23062
23066
23072
23076
23082
23087
23093
23097
23103
23107
23113
23117
23124
23128
23134
23138
23144
23148
23154
23159
23165
23169
23175
23179
23185
23189
23196
23200
23206
23210
23216
23220
23226
23231
23237
23241
23247
23251
23257
23261
23268
23272
23278
23282
23288
23292
23299
23303
23309
23313
23319
23323
23329
23334
23340
23344
23350
23354
23360
23364
23371
23375
23381
23385
23391
23395
23401
23406
23412
23416
23422
23426
23432
23436
23443
23447
23453
23457
23463
23467
23473
23478
23484
23488
23494
23498
23504
23510
23514
23520
23525
23531
23535
23541
23546
23552
23556
23563
23567
23573
23577
23584
23588
23594
23598
23605
23609
23615
23620
23626
23630
23636
23641
23647
23651
23658
23662
23668
23672
23679
23683
23689
23693
23700
23704
23710
23715
23721
23725
23731
23736
23742
23746
23753
23757
23763
23767
23774
23778
23784
23788
23795
23799
23805
23810
23816
23820
23826
23831
23837
23841
23848
23852
23858
23862
23869
23873
23879
23883
23890
23894
23900
23905
23911
23915
23921
23926
23932
23936
23942
23947
23953
23957
23964
23968
23974
23982
23988
23996
24002
24011
24017
24025
24031
24039
24046
24054
24060
24068
24075
24083
24089
24097
24103
24112
24118
24126
24132
24140
24147
24155
24161
24169
24176
24184
24190
24198
24204
24213
24219
24227
24233
24241
24248
24256
24262
24270
24277
24285
24291
24299
24305
24314
24320
24328
24334
24343
24349
24357
24363
24371
24378
24386
24392
24400
24406
24415
24421
24429
24435
24444
24450
24458
24464
24469
24473
24479
24482
24488
24492
24497
24501
24507
24511
24516
24520
24526
24529
24535
24539
24545
24548
24554
24558
24563
24567
24573
24577
24582
24586
24592
24595
24601
24605
24611
24614
24620
24624
24629
24633
24639
24643
24648
24652
24658
24661
24667
24671
24677
24680
24686
24690
24695
24699
24705
24709
24714
24718
24724
24727
24733
24737
24743
24746
24752
24756
24761
24765
24771
24775
24780
24784
24790
24793
24799
24803
24809
24812
24818
24822
24827
24831
24837
24841
24846
24850
24856
24859
24865
24869
24875
24878
24884
24888
24893
24897
24903
24907
24914
24919
24927
24932
24940
24945
24953
24958
24965
24971
24978
24984
24991
24997
25004
25010
25017
25022
25030
25035
25043
25048
25056
25061
25068
25074
25081
25087
25094
25100
25107
25113
25120
25125
25133
25138
25146
25151
25159
25164
25171
25177
25184
25190
25197
25203
25210
25216
25223
25228
25236
25241
25249
25254
25262
25267
25274
25280
25287
25293
25300
25306
25313
25319
25326
25330
25333
25338
25341
25346
25348
25353
25356
25361
25364
25368
25371
25376
25379
25384
25387
25391
25394
25399
25402
25407
25409
25414
25417
25422
25425
25429
25432
25437
25440
25445
25448
25452
25455
25460
25463
25468
25470
25475
25478
25483
25486
25491
25493
25498
25501
25506
25509
25513
25516
25521
25524
25529
25531
25536
25539
25544
25547
25552
25554
25559
25562
25567
25570
25574
25577
25582
25585
25590
25593
25597
25600
25605
25608
25613
25615
25620
25623
25628
25631
25635
25638
25643
25646
25651
25654
25658
25661
25666
25669
25674
25676
25681
25684
25689
25692
25696
25699
25704
25707
25712
25715
25719
25722
25727
25730
25735
25737
25742
25745
25750
25753
25758
25760
25765
25768
25773
25776
25780
25783
25788
25791
25796
25798
25803
25806
25811
25817
25822
25829
25833
25840
25845
25852
25856
25863
25868
25875
25879
25886
25891
25898
25902
25909
25914
25921
25925
25932
25937
25943
25948
25955
25960
25966
25971
25978
25983
25989
25994
26001
26006
26012
26017
26024
26029
26035
26040
26047
26052
26058
26063
26070
26074
26081
26086
26093
26097
26104
26109
26116
26120
26127
26132
26139
26143
26150
26155
26162
26166
26173
26178
26185
26189
26196
26201
26207
26212
26219
26224
26230
26235
26242
26247
26252
26255
26260
26263
26268
26271
26276
26279
26284
26287
26292
26295
26300
26304
26309
26312
26317
26320
26325
26328
26333
26336
26341
26344
26349
26352
26358
26361
26366
26369
26374
26377
26382
26385
26390
26393
26398
26401
26406
26409
26415
26418
26423
26426
26431
26434
26439
26442
26447
26450
26455
26458
26463
26467
26472
26475
26480
26483
26488
26491
26496
26499
26504
26507
26512
26515
26521
26524
26529
26532
26537
26540
26545
26548
26553
26556
26561
26564
26569
26572
26578
26581
26586
26589
26594
26597
26602
26605
26610
26613
26618
26621
26626
26630
26635
26638
26643
26646
26651
26654
26659
26662
26667
26670
26675
26678
26683
26687
26692
26695
26701
26705
26711
26715
26721
26725
26731
26735
26741
26745
26751
26755
26761
26765
26771
26775
26781
26785
26791
26795
26801
26805
26811
26815
26821
26825
26831
26835
26841
26845
26851
26855
26861
26865
26871
26875
26882
26886
26892
26896
26902
26906
26912
26916
26922
26926
26932
26936
26942
26946
26952
26956
26962
26966
26972
26976
26982
26986
26992
26996
27002
27006
27012
27016
27022
27026
27032
27036
27042
27046
27052
27056
27062
27067
27073
27077
27083
27087
27093
27097
27103
27107
27113
27117
27123
27127
27133
27137
27143
27147
27153
27158
27162
27167
27171
27176
27180
27185
27189
27194
27198
27203
27207
27212
27216
27221
27225
27230
27234
27239
27243
27248
27252
27257
27261
27266
27270
27275
27279
27284
27288
27293
27297
27302
27306
27311
27315
27320
27324
27329
27333
27338
27342
27347
27351
27356
27360
27365
27369
27374
27378
27383
27387
27392
27396
27401
27405
27410
27414
27419
27423
27428
27432
27437
27441
27446
27450
27455
27459
27464
27468
27473
27477
27482
27486
27491
27495
27500
27504
27509
27513
27518
27522
27527
27531
27536
27540
27545
27549
27554
27558
27563
27567
27572
27576
27581
27585
27590
27594
27599
27603
27608
27612
27618
27621
27627
27631
27636
27640
27646
27649
27655
27659
27664
27668
27674
27677
27683
27687
27692
27696
27702
27705
27711
27715
27720
27724
27729
27733
27739
27742
27748
27752
27757
27761
27767
27770
27776
27780
27785
27789
27795
27798
27804
27808
27813
27817
27823
27826
27832
27836
27841
27845
27851
27854
27860
27863
27869
27873
27878
27882
27888
27891
27897
27901
27906
27910
27916
27919
27925
27929
27934
27938
27944
27947
27953
27957
27962
27966
27972
27975
27981
27985
27990
27994
27999
28003
28009
28012
28018
28022
28027
28031
28036
28039
28044
28048
28053
28056
28062
28065
28070
28074
28079
28082
28088
28091
28096
28100
28105
28108
28114
28117
28122
28126
28131
28134
28140
28143
28148
28152
28157
28160
28166
28169
28174
28177
28183
28186
28191
28195
28200
28203
28209
28212
28217
28221
28226
28229
28235
28238
28243
28247
28252
28255
28261
28264
28269
28273
28278
28281
28287
28290
28295
28299
28304
28307
28312
28316
28321
28324
28330
28333
28338
28342
28347
28350
28356
28359
28364
28368
28373
28376
28382
28385
28390
28394
28399
28402
28408
28411
28416
28420
28425
28428
28434
28439
28443
28448
28452
28457
28461
28466
28470
28475
28479
28484
28488
28493
28497
28503
28506
28512
28515
28521
28524
28530
28533
28539
28542
28548
28551
28557
28560
28566
28570
28575
28579
28584
28588
28593
28597
28602
28606
28611
28615
28620
28624
28630
28633
28639
28642
28648
28651
28657
28660
28666
28669
28675
28678
28684
28687
28693
28697
28702
28706
28711
28715
28720
28724
28729
28733
28738
28742
28747
28751
28756
28760
28766
28769
28775
28778
28784
28787
28793
28796
28802
28805
28811
28814
28820
28824
28829
28833
28838
28842
28847
28851
28856
28860
28865
28869
28874
28878
28883
28887
28893
28896
28902
28905
28911
28914
28920
28923
28929
28933
28936
28941
28944
28949
28952
28957
28960
28965
28968
28973
28976
28981
28984
28988
28991
28996
28999
29004
29007
29012
29015
29020
29023
29028
29031
29036
29039
29044
29046
29051
29054
29059
29062
29067
29070
29075
29078
29083
29086
29091
29094
29099
29102
29106
29109
29114
29117
29122
29125
29130
29133
29138
29141
29146
29149
29154
29157
29162
29164
29169
29172
29177
29180
29185
29188
29193
29196
29201
29204
29209
29212
29217
29220
29224
29227
29232
29235
29240
29243
29248
29251
29256
29259
29264
29267
29272
29275
29280
29282
29287
29290
29295
29298
29303
29306
29311
29314
29319
29322
29327
29330
29335
29338
29342
29345
29350
29353
29358
29361
29366
29369
29374
29377
29382
29385
29390
29394
29400
29404
29410
29414
29420
29424
29430
29434
29440
29444
29450
29454
29460
29464
29470
29474
29480
29484
29490
29493
29499
29503
29509
29513
29519
29523
29529
29533
29539
29543
29549
29553
29559
29563
29569
29573
29579
29583
29589
29593
29598
29602
29608
29612
29618
29622
29628
29632
29638
29642
29648
29652
29658
29662
29668
29672
29678
29682
29688
29692
29698
29701
29707
29711
29717
29721
29727
29731
29737
29741
29747
29751
29757
29761
29767
29771
29777
29781
29787
29791
29797
29801
29806
29810
29816
29820
29826
29830
29836
29840
29846
29850
29856
29860
29866
29870
29876
29880
29886
29890
29897
29902
29909
29914
29922
29927
29934
29939
29946
29952
29959
29964
29971
29976
29984
29989
29996
30001
30008
30014
30021
30026
30033
30038
30046
30051
30058
30063
30070
30076
30083
30088
30095
30100
30108
30113
30120
30125
30132
30138
30145
30150
30157
30163
30170
30175
30182
30187
30195
30200
30207
30212
30219
30225
30232
30237
30244
30249
30257
30262
30269
30274
30281
30287
30294
30299
30306
30311
30319
30324
30331
30336
30343
30349
30356
30361
30365
30368
30373
30376
30381
30384
30388
30391
30396
30399
30404
30407
30412
30414
30419
30422
30427
30430
30435
30437
30442
30445
30450
30453
30458
30461
30465
30468
30473
30476
30481
30484
30489
30491
30496
30499
30504
30507
30512
30514
30519
30522
30527
30530
30535
30538
30542
30545
30550
30553
30558
30561
30566
30568
30573
30576
30581
30584
30589
30591
30596
30599
30604
30607
30612
30615
30619
30622
30627
30630
30635
30638
30643
30645
30650
30653
30658
30661
30666
30668
30673
30676
30681
30684
30689
30692
30696
30699
30704
30707
30712
30715
30720
30722
30727
30730
30735
30738
30743
30745
30750
30753
30758
30761
30766
30769
30773
30776
30781
30784
30789
30792
30797
30801
30806
30810
30815
30819
30824
30828
30833
30837
30842
30846
30852
30855
30861
30864
30870
30873
30879
30882
30888
30891
30897
30901
30906
30910
30915
30919
30924
30928
30933
30937
30942
30946
30952
30955
30961
30964
30970
30973
30979
30982
30988
30991
30997
31001
31006
31010
31015
31019
31024
31028
31033
31037
31042
31046
31051
31055
31061
31064
31070
31073
31079
31082
31088
31091
31097
31100
31106
31110
31115
31119
31124
31128
31133
31137
31142
31146
31151
31155
31161
31164
31170
31173
31179
31182
31188
31191
31197
31200
31206
31210
31215
31219
31225
31229
31235
31239
31245
31249
31255
31259
31265
31269
31275
31279
31285
31288
31294
31298
31304
31308
31314
31318
31324
31328
31334
31338
31344
31348
31354
31358
31364
31367
31373
31377
31383
31387
31393
31397
31403
31407
31413
31417
31423
31427
31433
31437
31443
31446
31452
31456
31462
31466
31472
31476
31482
31486
31492
31496
31502
31506
31512
31516
31521
31525
31531
31535
31541
31545
31551
31555
31561
31565
31571
31575
31581
31585
31591
31595
31600
31604
31610
31614
31620
31624
31630
31634
31640
31644
31650
31654
31660
31664
31670
31674
31679
31683
31689
31693
31699
31703
31709
31713
31718
31722
31728
31732
31738
31742
31748
31752
31758
31762
31768
31772
31778
31782
31788
31792
31798
31802
31808
31812
31818
31822
31828
31832
31838
31842
31848
31852
31858
31862
31868
31872
31878
31882
31888
31892
31898
31902
31908
31912
31918
31922
31928
31932
31938
31942
31948
31952
31958
31962
31968
31972
31978
31982
31988
31992
31998
32002
32008
32012
32018
32022
32028
32032
32038
32042
32048
32052
32058
32062
32068
32072
32078
32082
32088
32092
32098
32102
32108
32112
32118
32122
32128
32132
32138
32142
32148
32152
32158
32162
32168
32172
32178
32183
32186
32191
32194
32199
32203
32208
32211
32216
32219
32225
32228
32233
32236
32241
32244
32250
32253
32258
32261
32266
32270
32275
32278
32283
32286
32292
32295
32300
32303
32308
32311
32317
32320
32325
32328
32333
32337
32342
32345
32350
32353
32358
32362
32367
32370
32375
32378
32384
32387
32392
32395
32400
32404
32409
32412
32417
32420
32425
32429
32434
32437
32442
32445
32451
32454
32459
32462
32467
32470
32476
32479
32484
32487
32492
32496
32501
32504
32509
32512
32518
32521
32526
32529
32534
32537
32543
32546
32551
32554
32559
32563
32568
32571
32576
32579
32584
32587
32592
32595
32601
32604
32609
32612
32617
32620
32626
32629
32634
32637
32642
32645
32651
32654
32659
32662
32667
32670
32675
32679
32684
32687
32692
32695
32700
32704
32709
32712
32717
32720
32725
32729
32734
32737
32742
32745
32750
32754
32759
32762
32767
32770
32775
32778
32784
32787
32792
32795
32800
32803
32809
32812
32817
32820
32825
32828
32834
32837
32842
32845
32850
32853
32859
32862
32867
32870
32875
32878
32883
32887
32892
32895
32900
32903
32908
32912
32917
32920
32925
32928
32933
32937
32942
32945
32950
32953
32958
32961
32967
32972
32976
32981
32985
32991
32994
33000
33004
33009
33013
33019
33022
33028
33032
33037
33041
33047
33050
33056
33060
33065
33069
33075
33078
33084
33087
33093
33097
33102
33106
33112
33115
33121
33125
33130
33134
33140
33143
33149
33153
33158
33162
33168
33171
33177
33181
33186
33190
33195
33199
33205
33208
33214
33218
33223
33227
33233
33236
33242
33246
33251
33255
33261
33264
33270
33274
33279
33283
33289
33292
33298
33302
33307
33311
33316
33320
33326
33329
33335
33339
33344
33348
33354
33357
33363
33367
33372
33376
33382
33385
33391
33395
33400
33404
33410
33413
33419
33422
33428
33432
33435
33440
33443
33448
33451
33456
33459
33464
33467
33472
33475
33480
33483
33488
33491
33496
33499
33503
33506
33511
33514
33519
33522
33527
33530
33535
33538
33543
33546
33551
33554
33559
33562
33567
33570
33575
33578
33581
33586
33589
33594
33597
33602
33605
33610
33613
33618
33621
33626
33629
33634
33637
33642
33645
33650
33653
33656
33661
33664
33669
33672
33677
33680
33685
33688
33693
33696
33701
33704
33709
33712
33717
33720
33725
33728
33731
33736
33739
33744
33747
33752
33755
33760
33763
33768
33771
33776
33779
33784
33787
33792
33795
33800
33803
33806
33811
33814
33819
33822
33827
33830
33835
33838
33843
33846
33851
33854
33859
33862
33867
33870
33875
33878
33881
33886
33892
33897
33904
33909
33916
33921
33928
33932
33939
33944
33951
33956
33963
33968
33974
33979
33986
33991
33998
34003
34010
34014
34021
34026
34033
34038
34045
34050
34056
34061
34068
34073
34080
34085
34092
34096
34103
34108
34115
34120
34127
34132
34138
34143
34150
34155
34162
34167
34174
34178
34185
34190
34197
34202
34209
34214
34220
34225
34232
34237
34244
34249
34256
34261
34266
34273
34280
34286
34293
34299
34306
34312
34319
34325
34332
34338
34345
34351
34358
34364
34371
34377
34384
34390
34397
34403
34410
34416
34423
34429
34436
34442
34449
34455
34462
34468
34475
34481
34488
34494
34501
34507
34514
34520
34527
34533
34540
34546
34553
34559
34566
34572
34579
34585
34592
34598
34605
34611
34618
34624
34631
34637
34644
34650
34657
34662
34666
34671
34675
34681
34684
34690
34694
34699
34703
34709
34712
34718
34722
34727
34731
34737
34740
34746
34750
34755
34759
34765
34768
34774
34778
34783
34787
34793
34796
34802
34806
34811
34815
34821
34824
34830
34834
34839
34843
34849
34852
34858
34862
34867
34871
34877
34880
34886
34890
34895
34899
34905
34908
34914
34918
34923
34927
34933
34936
34942
34946
34951
34955
34961
34964
34970
34974
34979
34983
34989
34992
34998
35001
35007
35011
35016
35020
35026
35029
35035
35039
35044
35048
35054
35057
35063
35067
35072
35076
35082
35085
35091
35095
35100
35104
35110
35113
35119
35123
35128
35132
35138
35141
35147
35151
35156
35160
35167
35172
35179
35184
35191
35197
35204
35209
35216
35221
35229
35234
35241
35246
35253
35259
35266
35271
35278
35283
35290
35296
35303
35308
35315
35320
35328
35333
35340
35345
35352
35358
35365
35370
35377
35382
35389
35395
35402
35407
35414
35419
35427
35432
35439
35444
35451
35457
35464
35469
35476
35481
35489
35494
35501
35506
35513
35518
35526
35531
35538
35543
35550
35556
35563
35568
35575
35580
35588
35593
35600
35606
35611
35617
35622
35629
35633
35640
35644
35651
35656
35662
35667
35673
35678
35685
35689
35696
35700
35707
35712
35718
35723
35730
35734
35741
35745
35752
35757
35763
35768
35774
35779
35786
35790
35797
35801
35808
35813
35819
35824
35831
35835
35842
35846
35853
35858
35864
35869
35875
35880
35887
35891
35898
35902
35909
35914
35920
35925
35931
35936
35943
35947
35954
35959
35965
35970
35976
35981
35988
35992
35999
36006
36011
36018
36024
36031
36036
36043
36049
36056
36061
36068
36074
36081
36086
36093
36099
36106
36111
36118
36124
36131
36136
36143
36149
36156
36161
36168
36174
36181
36186
36193
36199
36206
36211
36218
36224
36231
36236
36244
36249
36256
36261
36269
36274
36281
36286
36294
36299
36306
36311
36319
36324
36331
36336
36344
36349
36356
36361
36369
36374
36381
36386
36394
36399
36404
36408
36414
36418
36424
36428
36434
36438
36444
36448
36454
36458
36464
36468
36474
36478
36484
36488
36494
36498
36504
36508
36514
36518
36524
36528
36534
36538
36544
36548
36554
36558
36564
36568
36574
36578
36584
36588
36594
36598
36604
36608
36614
36618
36624
36628
36634
36638
36644
36648
36654
36658
36664
36668
36674
36678
36684
36688
36694
36698
36704
36708
36714
36718
36724
36728
36734
36738
36744
36748
36754
36758
36764
36768
36774
36778
36784
36788
36794
36798
36804
36808
36814
36818
36824
36828
36834
36838
36844
36848
36854
36858
36864
36868
36874
36878
36884
36889
36895
36899
36906
36910
36916
36921
36927
36931
36938
36942
36948
36952
36959
36963
36969
36974
36980
36984
36991
36995
37001
37006
37012
37016
37022
37027
37033
37037
37044
37048
37054
37059
37065
37069
37076
37080
37086
37091
37097
37101
37107
37112
37118
37122
37129
37133
37139
37144
37150
37154
37161
37165
37171
37175
37182
37186
37192
37197
37203
37207
37214
37218
37224
37229
37235
37239
37245
37250
37255
37258
37264
37267
37273
37276
37282
37285
37291
37294
37300
37303
37308
37312
37317
37321
37326
37330
37335
37339
37344
37348
37353
37356
37362
37365
37371
37374
37380
37383
37389
37392
37398
37401
37407
37410
37415
37419
37424
37428
37433
37437
37442
37446
37451
37455
37460
37463
37469
37472
37478
37481
37487
37490
37496
37499
37505
37508
37514
37517
37522
37526
37531
37535
37540
37544
37549
37553
37558
37562
37567
37570
37576
37579
37585
37588
37594
37597
37603
37606
37612
37615
37620
37624
37629
37633
37638
37644
37648
37654
37658
37665
37669
37675
37679
37685
37690
37696
37700
37706
37710
37717
37721
37727
37731
37737
37742
37748
37752
37758
37762
37769
37773
37779
37783
37789
37794
37800
37804
37810
37815
37821
37825
37831
37835
37842
37846
37852
37856
37862
37867
37873
37877
37883
37887
37894
37898
37904
37908
37914
37919
37925
37929
37935
37939
37946
37950
37956
37960
37966
37971
37977
37981
37987
37992
37998
38002
38008
38012
38019
38024
38028
38034
38038
38043
38047
38053
38057
38062
38066
38072
38076
38081
38085
38091
38095
38100
38104
38110
38114
38119
38123
38129
38133
38138
38142
38148
38152
38157
38161
38167
38171
38177
38180
38186
38190
38196
38199
38205
38209
38215
38218
38224
38228
38234
38237
38243
38247
38253
38256
38262
38266
38272
38275
38281
38285
38291
38294
38300
38304
38310
38314
38319
38323
38329
38333
38338
38342
38348
38352
38357
38361
38367
38371
38376
38380
38386
38390
38395
38399
38405
38409
38414
38418
38424
38428
38433
38437
38443
38447
38452
38456
38462
38470
38476
38484
38490
38498
38504
38512
38518
38526
38532
38540
38546
38554
38560
38568
38574
38582
38589
38597
38603
38611
38617
38625
38631
38639
38645
38653
38659
38667
38673
38681
38687
38695
38702
38709
38717
38723
38731
38737
38745
38751
38759
38765
38773
38779
38787
38793
38801
38807
38815
38822
38829
38837
38843
38848
38852
38858
38861
38867
38871
38877
38880
38886
38890
38895
38899
38905
38909
38914
38918
38924
38928
38933
38937
38943
38946
38952
38956
38962
38965
38971
38975
38980
38984
38990
38994
38999
39003
39009
39013
39018
39022
39028
39031
39037
39041
39047
39050
39056
39060
39065
39069
39075
39079
39084
39088
39094
39098
39103
39107
39113
39116
39122
39126
39132
39135
39141
39145
39150
39154
39160
39164
39169
39173
39179
39183
39188
39192
39198
39201
39207
39211
39217
39220
39226
39230
39236
39241
39248
39253
39260
39265
39272
39277
39284
39289
39296
39301
39308
39312
39319
39324
39331
39336
39343
39348
39355
39360
39367
39372
39379
39384
39390
39395
39402
39407
39414
39419
39426
39431
39438
39443
39450
39455
39462
39467
39473
39478
39485
39490
39497
39502
39509
39514
39521
39526
39533
39538
39545
39550
39555
39562
39567
39574
39579
39586
39591
39598
39603
39610
39615
39622
39627
39633
39638
39645
39650
39657
39662
39669
39674
39681
39687
39692
39699
39704
39711
39716
39723
39728
39735
39740
39747
39752
39759
39764
39771
39776
39783
39788
39795
39800
39807
39812
39819
39824
39831
39836
39843
39848
39855
39860
39866
39871
39878
39883
39890
39895
39902
39907
39914
39919
39926
39931
39938
39943
39950
39955
39962
39967
39974
39979
39986
39991
39998
40003
40010
40015
40022
40027
40034
40039
40045
40050
40057
40062
40069
40074
40081
40086
40093
40099
40104
40111
40116
40122
40127
40134
40139
40146
40150
40157
40162
40169
40173
40180
40185
40192
40197
40203
40208
40215
40220
40226
40231
40238
40243
40250
40254
40261
40266
40273
40277
40284
40289
40296
40301
40307
40312
40319
40324
40330
40335
40342
40347
40354
40358
40365
40370
40377
40382
40388
40393
40400
40405
40411
40416
40423
40428
40435
40439
40446
40451
40458
40462
40469
40473
40476
40481
40484
40489
40491
40496
40499
40504
40507
40511
40514
40519
40522
40527
40530
40534
40537
40542
40545
40550
40552
40557
40560
40565
40568
40572
40575
40580
40583
40588
40591
40595
40598
40603
40606
40611
40613
40618
40621
40626
40629
40633
40636
40641
40644
40649
40652
40656
40659
40664
40667
40672
40674
40679
40682
40687
40690
40694
40697
40702
40705
40710
40713
40717
40720
40725
40728
40733
40735
40740
40743
40748
40751
40755
40758
40763
40766
40771
40774
40778
40781
40786
40789
40794
40796
40801
40804
40809
40812
40816
40819
40824
40827
40832
40835
40839
40842
40847
40850
40855
40857
40862
40865
40870
40873
40878
40880
40885
40888
40893
40896
40900
40903
40908
40911
40918
40924
40931
40937
40944
40950
40957
40963
40970
40976
40983
40989
40996
41002
41009
41015
41022
41028
41035
41041
41048
41054
41061
41067
41074
41080
41087
41093
41100
41106
41113
41119
41126
41132
41139
41145
41152
41158
41165
41171
41178
41184
41191
41197
41205
41210
41218
41223
41231
41236
41244
41249
41257
41262
41270
41275
41283
41288
41296
41301
41309
41314
41322
41327
41332
41336
41342
41346
41352
41356
41362
41366
41372
41376
41382
41386
41392
41396
41402
41406
41411
41415
41421
41425
41431
41435
41441
41445
41451
41455
41461
41465
41471
41475
41481
41485
41491
41494
41500
41504
41510
41514
41520
41524
41530
41534
41540
41544
41550
41554
41560
41564
41570
41574
41579
41583
41589
41593
41599
41603
41609
41613
41619
41623
41629
41633
41639
41643
41649
41653
41659
41662
41668
41672
41678
41682
41688
41692
41698
41702
41708
41712
41718
41722
41728
41732
41738
41741
41747
41751
41757
41761
41767
41771
41777
41781
41787
41794
41800
41807
41813
41820
41826
41833
41839
41846
41852
41860
41865
41873
41878
41886
41891
41899
41904
41912
41917
41925
41931
41938
41944
41951
41957
41964
41970
41977
41983
41990
41996
42004
42009
42017
42022
42030
42035
42043
42048
42056
42061
42069
42075
42082
42088
42095
42101
42108
42114
42121
42127
42134
42140
42148
42153
42161
42166
42174
42179
42187
42192
42200
42205
42213
42219
42226
42232
42239
42245
42252
42258
42265
42271
42278
42284
42292
42297
42300
42305
42308
42313
42316
42321
42324
42329
42332
42337
42340
42345
42348
42353
42356
42361
42364
42369
42372
42377
42380
42385
42388
42393
42396
42401
42404
42409
42412
42417
42420
42425
42428
42433
42436
42441
42444
42449
42453
42458
42461
42466
42469
42474
42477
42482
42485
42490
42493
42498
42501
42506
42509
42514
42517
42522
42525
42530
42533
42538
42541
42546
42549
42554
42557
42562
42565
42570
42573
42578
42581
42586
42589
42594
42597
42602
42605
42611
42614
42619
42622
42627
42630
42635
42638
42643
42646
42651
42654
42659
42662
42667
42670
42675
42678
42683
42686
42691
42697
42701
42707
42712
42718
42722
42728
42733
42739
42743
42749
42754
42760
42764
42771
42775
42781
42785
42792
42796
42802
42806
42813
42817
42823
42827
42834
42838
42844
42849
42855
42859
42865
42870
42876
42880
42886
42891
42897
42901
42907
42912
42918
42922
42929
42933
42939
42943
42950
42954
42960
42964
42971
42975
42981
42985
42992
42996
43002
43007
43013
43017
43023
43028
43034
43038
43044
43049
43055
43059
43066
43070
43076
43080
43087
43091
43097
43101
43108
43112
43118
43122
43129
43133
43139
43144
43150
43154
43159
43163
43169
43173
43179
43182
43188
43192
43198
43202
43208
43211
43217
43221
43227
43231
43236
43240
43246
43250
43256
43260
43265
43269
43275
43279
43285
43289
43294
43298
43304
43308
43314
43317
43323
43327
43333
43337
43343
43346
43352
43356
43362
43366
43372
43375
43381
43385
43391
43395
43400
43404
43410
43414
43420
43424
43429
43433
43439
43443
43449
43453
43458
43462
43468
43472
43478
43481
43487
43491
43497
43501
43507
43510
43516
43520
43526
43530
43536
43539
43545
43549
43555
43559
43564
43570
43574
43580
43584
43591
43595
43601
43605
43611
43616
43622
43626
43632
43636
43643
43647
43653
43657
43664
43668
43674
43678
43684
43689
43695
43699
43705
43709
43716
43720
43726
43730
43736
43741
43747
43751
43757
43762
43768
43772
43778
43782
43789
43793
43799
43803
43809
43814
43820
43824
43830
43834
43841
43845
43851
43855
43862
43866
43872
43876
43882
43887
43893
43897
43903
43907
43914
43918
43924
43928
43934
43939
43945
43949
43955
43960
43966
43970
43976
43980
43987
43991
43997
44001
44007
44012
44018
44022
44028
44032
44039
44043
44049
44053
44061
44067
44075
44082
44090
44096
44105
44111
44119
44126
44134
44140
44148
44155
44163
44169
44178
44184
44192
44199
44207
44213
44221
44228
44236
44242
44251
44257
44265
44272
44280
44286
44295
44301
44309
44315
44324
44330
44338
44345
44353
44359
44368
44374
44382
44388
44397
44403
44411
44418
44426
44432
44441
44447
44455
44462
44470
44475
44478
44484
44487
44493
44496
44502
44505
44511
44514
44519
44523
44528
44532
44537
44541
44546
44550
44555
44559
44564
44567
44573
44576
44582
44585
44591
44594
44600
44603
44609
44612
44617
44621
44626
44630
44635
44639
44644
44648
44653
44657
44662
44665
44671
44674
44680
44683
44689
44692
44698
44701
44706
44710
44715
44719
44724
44728
44733
44737
44742
44746
44751
44754
44760
44763
44769
44772
44778
44781
44787
44790
44796
44799
44804
44808
44813
44817
44822
44826
44831
44835
44840
44844
44849
44855
44860
44866
44871
44877
44882
44888
44893
44899
44904
44910
44915
44921
44926
44932
44937
44943
44948
44954
44959
44965
44970
44976
44981
44987
44992
44998
45003
45009
45014
45020
45025
45031
45036
45042
45047
45053
45058
45064
45069
45075
45080
45086
45091
45097
45102
45108
45113
45119
45124
45130
45135
45141
45146
45152
45157
45163
45168
45174
45179
45185
45190
45196
45201
45207
45212
45218
45223
45229
45234
45241
45245
45252
45256
45263
45268
45271
45276
45279
45284
45287
45292
45295
45300
45303
45308
45311
45316
45319
45324
45328
45333
45336
45341
45344
45349
45352
45357
45360
45365
45368
45373
45376
45381
45384
45389
45393
45398
45401
45406
45409
45414
45417
45422
45425
45430
45433
45438
45441
45446
45449
45454
45458
45463
45466
45471
45474
45479
45482
45487
45490
45495
45498
45503
45506
45511
45514
45520
45523
45528
45531
45536
45539
45544
45547
45552
45555
45560
45563
45568
45571
45576
45579
45585
45588
45593
45596
45601
45604
45609
45612
45617
45620
45625
45628
45633
45636
45641
45644
45650
45653
45658
45661
45666
45669
45674
45677
45682
45685
45690
45693
45698
45701
45706
45710
45715
45718
45723
45726
45731
45735
45741
45745
45751
45755
45761
45765
45771
45775
45781
45785
45790
45794
45800
45804
45810
45814
45820
45824
45830
45834
45840
45844
45850
45853
45859
45863
45869
45873
45879
45883
45889
45893
45899
45903
45909
45913
45918
45922
45928
45932
45938
45942
45948
45952
45958
45962
45968
45972
45978
45981
45987
45991
45997
46001
46007
46011
46017
46021
46027
46031
46037
46041
46046
46050
46056
46060
46066
46070
46076
46080
46086
46090
46096
46100
46105
46109
46115
46119
46125
46129
46135
46139
46145
46149
46155
46159
46165
46168
46174
46178
46184
46188
46194
46198
46204
46208
46214
46218
46226
46232
46240
46246
46254
46260
46268
46274
46282
46288
46296
46302
46310
46316
46324
46330
46338
46344
46352
46358
46366
46372
46380
46386
46394
46400
46408
46414
46422
46428
46436
46442
46450
46456
46464
46470
46478
46484
46492
46498
46506
46512
46520
46526
46534
46540
46549
46555
46563
46569
46577
46583
46591
46597
46605
46611
46619
46625
46633
46639
46647
46653
46661
46667
46674
46680
46688
46694
46702
46708
46715
46721
46729
46735
46743
46749
46757
46762
46770
46776
46784
46790
46798
46804
46811
46817
46825
46831
46839
46845
46853
46858
46866
46872
46880
46886
46894
46900
46907
46913
46921
46927
46935
46941
46948
46954
46962
46968
46976
46982
46990
46995
47003
47009
47017
47023
47031
47037
47044
47050
47058
47064
47072
47078
47086
47091
47099
47105
47113
47119
47127
47132
47136
47142
47145
47151
47155
47161
47164
47170
47174
47179
47183
47189
47193
47198
47202
47208
47212
47217
47221
47227
47230
47236
47240
47246
47249
47255
47259
47265
47268
47274
47278
47283
47287
47293
47297
47302
47306
47312
47316
47321
47325
47331
47334
47340
47344
47350
47353
47359
47363
47369
47372
47378
47382
47387
47391
47397
47401
47406
47410
47416
47420
47425
47429
47435
47438
47444
47448
47454
47457
47463
47467
47473
47476
47482
47486
47491
47495
47501
47505
47510
47514
47520
47524
47529
47533
47539
47542
47548
47552
47558
47561
47567
47571
47576
47580
47586
47590
47595
47601
47605
47612
47616
47622
47627
47633
47637
47644
47648
47654
47659
47665
47669
47676
47680
47686
47691
47697
47701
47708
47712
47718
47723
47729
47733
47740
47744
47750
47755
47761
47765
47772
47776
47782
47787
47793
47797
47804
47808
47814
47819
47825
47829
47836
47840
47846
47851
47857
47861
47868
47872
47878
47883
47889
47893
47900
47904
47910
47915
47921
47925
47932
47936
47942
47947
47953
47957
47964
47968
47974
47979
47985
47989
47996
48000
48006
48011
48017
48021
48028
48032
48038
48043
48049
48053
48060
48064
48070
48075
48081
48085
48089
48092
48097
48100
48105
48108
48113
48116
48121
48124
48129
48132
48137
48140
48145
48148
48152
48155
48160
48163
48168
48171
48176
48179
48184
48187
48192
48195
48200
48203
48208
48211
48216
48218
48223
48226
48231
48234
48239
48242
48247
48250
48255
48258
48263
48266
48271
48274
48279
48282
48286
48289
48294
48297
48302
48305
48310
48313
48318
48321
48326
48329
48334
48337
48342
48345
48350
48352
48357
48360
48365
48368
48373
48376
48381
48384
48389
48392
48397
48400
48405
48408
48413
48416
48420
48423
48428
48431
48436
48439
48444
48447
48452
48455
48460
48463
48468
48471
48476
48479
48484
48486
48491
48494
48499
48502
48507
48510
48515
48518
48523
48526
48531
48534
48539
48542
48547
48550
48556
48561
48568
48573
48580
48585
48592
48597
48604
48609
48616
48621
48628
48633
48640
48645
48652
48657
48664
48669
48676
48681
48688
48693
48700
48705
48712
48717
48724
48729
48736
48741
48748
48753
48760
48765
48772
48777
48784
48789
48796
48801
48808
48813
48820
48825
48832
48837
48844
48849
48856
48861
48868
48873
48880
48885
48892
48897
48904
48909
48916
48921
48928
48933
48940
48945
48952
48957
48964
48969
48976
48981
48988
48993
49000
49005
49012
49017
49024
49029
49032
49038
49041
49047
49050
49056
49059
49065
49068
49074
49077
49083
49086
49091
49095
49100
49104
49109
49113
49118
49122
49127
49131
49136
49140
49145
49148
49154
49157
49163
49166
49172
49175
49181
49184
49190
49193
49199
49202
49207
49211
49216
49220
49225
49229
49234
49238
49243
49247
49252
49256
49261
49264
49270
49273
49279
49282
49288
49291
49297
49300
49306
49309
49315
49318
49323
49327
49332
49336
49341
49345
49350
49354
49359
49363
49368
49372
49377
49381
49386
49389
49395
49398
49404
49407
49413
49416
49422
49425
49431
49434
49440
49443
49448
49452
49457
49461
49466
49470
49474
49477
49482
49485
49490
49492
49497
49500
49505
49508
49512
49515
49520
49523
49528
49531
49535
49538
49543
49546
49551
49553
49558
49561
49566
49569
49573
49576
49581
49584
49589
49592
49596
49599
49604
49607
49612
49614
49619
49622
49627
49630
49635
49637
49642
49645
49650
49653
49657
49660
49665
49668
49673
49675
49680
49683
49688
49691
49696
49698
49703
49706
49711
49714
49718
49721
49726
49729
49734
49737
49741
49744
49749
49752
49757
49759
49764
49767
49772
49775
49779
49782
49787
49790
49795
49798
49802
49805
49810
49813
49818
49820
49825
49828
49833
49836
49840
49843
49848
49851
49856
49859
49863
49866
49871
49874
49879
49881
49886
49889
49894
49897
49902
49904
49909
49912
49917
49920
49924
49927
49932
49935
49940
49942
49947
49950
49955
49958
49963
49965
49971
49976
49982
49987
49993
49998
50005
50009
50016
50020
50027
50031
50038
50043
50049
50054
50060
50065
50071
50076
50083
50087
50094
50098
50105
50109
50116
50121
50127
50132
50138
50143
50149
50154
50161
50165
50172
50176
50183
50187
50194
50199
50205
50210
50216
50221
50227
50232
50239
50243
50250
50254
50261
50265
50272
50277
50283
50288
50294
50299
50305
50310
50317
50321
50328
50332
50339
50344
50350
50355
50361
50366
50372
50377
50384
50388
50395
50399
50406
50410
50417
50422
50428
50433
50439
50444
50450
50455
50458
50463
50467
50472
50475
50481
50484
50489
50493
50498
50501
50507
50510
50515
50519
50524
50527
50533
50536
50541
50545
50550
50553
50559
50562
50567
50570
50576
50579
50584
50588
50593
50596
50602
50605
50610
50614
50619
50622
50628
50631
50636
50640
50645
50648
50654
50657
50662
50666
50671
50674
50680
50683
50688
50691
50697
50700
50705
50709
50714
50717
50723
50726
50731
50735
50740
50743
50749
50752
50757
50761
50766
50769
50775
50778
50783
50787
50792
50795
50801
50804
50809
50812
50818
50821
50826
50830
50835
50838
50844
50847
50852
50856
50861
50864
50870
50873
50878
50882
50887
50890
50896
50899
50904
50908
50913
50916
50922
50925
50930
50933
50938
50941
50947
50950
50956
50959
50965
50968
50974
50977
50983
50986
50992
50995
51001
51004
51010
51013
51019
51022
51028
51031
51037
51040
51046
51049
51055
51058
51064
51067
51073
51076
51082
51085
51091
51094
51100
51103
51109
51112
51117
51121
51126
51130
51135
51139
51144
51148
51153
51157
51162
51166
51171
51175
51180
51184
51189
51193
51198
51202
51207
51211
51216
51220
51225
51229
51234
51238
51243
51247
51252
51256
51261
51265
51270
51274
51279
51283
51288
51292
51297
51300
51306
51309
51315
51318
51324
51327
51333
51336
51342
51345
51351
51354
51360
51363
51369
51372
51378
51381
51387
51393
51398
51404
51409
51415
51420
51427
51431
51438
51442
51449
51454
51460
51465
51471
51476
51482
51487
51494
51498
51505
51509
51516
51521
51527
51532
51538
51543
51549
51554
51561
51565
51572
51576
51583
51588
51594
51599
51605
51610
51616
51621
51628
51632
51639
51643
51650
51655
51661
51666
51672
51677
51683
51688
51695
51699
51706
51710
51717
51722
51728
51733
51739
51744
51750
51755
51762
51766
51773
51777
51784
51789
51795
51800
51806
51811
51817
51822
51829
51833
51840
51846
51850
51856
51861
51867
51871
51878
51882
51888
51893
51899
51903
51910
51914
51920
51925
51931
51935
51942
51946
51952
51957
51963
51967
51974
51978
51984
51989
51995
51999
52006
52010
52016
52021
52027
52031
52037
52042
52048
52052
52059
52063
52069
52074
52080
52084
52091
52095
52101
52106
52112
52116
52123
52127
52133
52138
52144
52148
52155
52159
52165
52170
52176
52180
52187
52191
52197
52202
52208
52212
52218
52223
52229
52233
52240
52244
52250
52255
52261
52265
52272
52276
52282
52287
52293
52297
52304
52308
52314
52319
52325
52329
52335
52339
52346
52350
52356
52360
52367
52371
52377
52381
52388
52392
52398
52402
52409
52413
52419
52423
52430
52434
52440
52444
52451
52455
52461
52465
52471
52476
52482
52486
52492
52497
52503
52507
52513
52518
52524
52528
52534
52539
52545
52549
52555
52560
52566
52570
52576
52581
52587
52591
52597
52601
52608
52612
52618
52622
52629
52633
52639
52643
52650
52654
52660
52664
52671
52675
52681
52685
52692
52696
52702
52706
52713
52717
52723
52727
52733
52738
52744
52748
52754
52759
52765
52769
52775
52780
52786
52790
52795
52799
52805
52808
52814
52818
52823
52827
52833
52837
52842
52846
52852
52855
52861
52865
52870
52874
52880
52884
52889
52893
52899
52902
52908
52912
52917
52921
52927
52931
52936
52940
52946
52949
52955
52959
52964
52968
52974
52978
52983
52987
52993
52996
53002
53006
53012
53015
53021
53025
53030
53034
53040
53043
53049
53053
53059
53062
53068
53072
53077
53081
53087
53090
53096
53100
53106
53109
53115
53119
53124
53128
53134
53137
53143
53147
53153
53156
53162
53166
53171
53175
53181
53184
53190
53194
53200
53203
53209
53213
53220
53226
53234
53239
53247
53253
53260
53266
53274
53279
53287
53293
53300
53306
53314
53319
53327
53333
53341
53346
53354
53360
53367
53373
53381
53386
53394
53400
53407
53413
53421
53426
53434
53440
53447
53453
53461
53467
53474
53480
53488
53493
53501
53507
53514
53520
53528
53533
53541
53547
53554
53560
53568
53574
53581
53587
53595
53600
53608
53614
53619
53626
53631
53638
53643
53649
53654
53661
53666
53673
53678
53685
53689
53696
53701
53708
53713
53720
53725
53731
53736
53743
53748
53755
53760
53767
53771
53778
53783
53790
53795
53802
53807
53813
53818
53825
53830
53837
53842
53849
53853
53860
53865
53872
53877
53884
53889
53895
53900
53907
53912
53919
53924
53931
53935
53942
53947
53954
53959
53966
53971
53977
53982
53989
53994
54001
54006
54013
54017
54024
54029
54036
54041
54048
54053
54059
54064
54071
54076
54083
54088
54095
54101
54108
54113
54120
54125
54132
54138
54145
54150
54157
54162
54169
54175
54182
54187
54194
54199
54207
54212
54219
54224
54231
54236
54244
54249
54256
54261
54268
54273
54281
54286
54293
54298
54305
54311
54318
54323
54330
54335
54342
54348
54355
54360
54367
54372
54379
54385
54392
54397
54404
54409
54417
54422
54429
54434
54441
54446
54454
54459
54466
54471
54478
54483
54491
54496
54503
54508
54515
54521
54527
54531
54538
54542
54548
54553
54559
54563
54570
54574
54580
54585
54591
54595
54602
54606
54612
54617
54623
54627
54634
54638
54644
54649
54655
54659
54666
54670
54676
54681
54687
54691
54698
54702
54708
54713
54719
54724
54730
54734
54741
54745
54751
54756
54762
54766
54773
54777
54783
54788
54794
54798
54805
54809
54815
54820
54826
54830
54837
54841
54847
54852
54858
54862
54869
54873
54879
54884
54890
54894
54901
54905
54912
54916
54922
54927
54933
54937
54944
54948
54954
54959
54965
54969
54976
54980
54986
54991
54997
55001
55005
55008
55013
55016
55021
55024
55029
55031
55036
55039
55044
55047
55052
55055
55060
55062
55067
55070
55075
55078
55083
55086
55091
55093
55098
55101
55106
55109
55114
55117
55121
55124
55129
55132
55137
55140
55145
55148
55152
55155
55160
55163
55168
55171
55176
55179
55183
55186
55191
55194
55199
55202
55207
55210
55214
55217
55222
55225
55230
55233
55238
55241
55244
55249
55252
55257
55260
55265
55268
55272
55275
55280
55283
55288
55291
55296
55299
55303
55306
55311
55314
55319
55322
55327
55330
55334
55337
55342
55345
55350
55353
55358
55361
55364
55369
55372
55377
55380
55385
55388
55392
55395
55400
55403
55408
55411
55416
55419
55423
55426
55431
55434
55439
55442
55447
55450
55454
55457
55462
55465
55470
55475
55479
55484
55488
55494
55497
55503
55506
55512
55516
55521
55525
55531
55534
55540
55543
55549
55553
55558
55562
55568
55571
55577
55580
55586
55590
55595
55599
55605
55608
55614
55617
55623
55627
55632
55636
55642
55645
55651
55654
55660
55664
55669
55673
55679
55682
55688
55691
55697
55701
55706
55710
55716
55719
55725
55728
55734
55738
55743
55747
55753
55756
55762
55765
55771
55775
55780
55784
55790
55793
55799
55802
55808
55812
55817
55821
55827
55830
55836
55839
55845
55849
55854
55858
55864
55867
55873
55876
55882
55886
55891
55895
55901
55904
55910
55913
55919
55923
55928
55932
55938
55941
55947
55952
55955
55960
55963
55969
55972
55977
55980
55986
55989
55994
55997
56003
56006
56011
56014
56020
56023
56028
56031
56037
56040
56045
56048
56054
56057
56062
56065
56071
56074
56079
56082
56088
56091
56096
56099
56105
56108
56113
56116
56122
56125
56130
56133
56139
56142
56147
56150
56155
56159
56164
56167
56172
56176
56181
56184
56189
56193
56198
56201
56206
56210
56215
56218
56223
56227
56232
56235
56240
56244
56249
56252
56257
56261
56266
56269
56274
56278
56283
56286
56291
56295
56300
56303
56308
56312
56317
56320
56325
56329
56334
56337
56342
56346
56351
56354
56359
56362
56368
56371
56376
56379
56385
56388
56393
56396
56402
56405
56410
56413
56419
56426
56432
56440
56446
56454
56460
56467
56473
56481
56487
56495
56501
56508
56514
56522
56528
56536
56542
56549
56555
56563
56569
56577
56583
56590
56596
56604
56610
56618
56624
56631
56637
56645
56651
56659
56665
56672
56678
56686
56692
56700
56706
56713
56719
56727
56733
56741
56747
56754
56760
56768
56774
56782
56788
56795
56801
56809
56815
56823
56829
56836
56842
56850
56856
56864
56871
56876
56883
56888
56896
56901
56908
56913
56921
56926
56933
56938
56946
56951
56958
56963
56970
56976
56983
56988
56995
57001
57008
57013
57020
57026
57033
57038
57045
57051
57058
57063
57070
57075
57083
57088
57095
57100
57108
57113
57120
57125
57133
57138
57145
57150
57157
57163
57170
57175
57182
57188
57195
57200
57207
57213
57220
57225
57232
57238
57245
57250
57257
57262
57270
57275
57278
57284
57287
57293
57296
57302
57305
57311
57314
57320
57323
57329
57332
57338
57341
57347
57350
57356
57359
57365
57368
57374
57377
57383
57386
57392
57395
57401
57404
57410
57413
57419
57422
57428
57431
57437
57440
57446
57449
57455
57458
57464
57467
57473
57476
57482
57485
57491
57494
57500
57503
57509
57512
57518
57521
57527
57530
57536
57539
57545
57548
57554
57557
57563
57566
57572
57575
57581
57584
57590
57593
57599
57602
57608
57611
57617
57620
57626
57629
57635
57638
57644
57647
57653
57656
57662
57665
57671
57674
57680
57683
57689
57692
57698
57701
57707
57710
57716
57719
57725
57728
57734
57737
57743
57746
57752
57755
57761
57764
57770
57773
57778
57782
57788
57791
57797
57801
57806
57810
57816
57820
57825
57829
57835
57838
57844
57848
57854
57857
57863
57867
57872
57876
57882
57886
57891
57895
57901
57904
57910
57914
57920
57923
57929
57933
57938
57942
57948
57952
57957
57961
57967
57970
57976
57980
57986
57989
57995
57999
58004
58008
58014
58017
58023
58027
58033
58036
58042
58046
58051
58055
58061
58065
58070
58074
58080
58083
58089
58093
58099
58102
58108
58112
58117
58121
58127
58131
58136
58140
58146
58149
58155
58159
58165
58168
58174
58178
58183
58187
58193
58197
58205
58211
58219
58225
58233
58239
58247
58253
58261
58267
58275
58281
58289
58295
58303
58309
58317
58323
58331
58337
58345
58351
58359
58365
58373
58379
58387
58393
58401
58408
58416
58422
58430
58436
58444
58450
58458
58464
58472
58478
58486
58492
58500
58506
58514
58520
58528
58534
58542
58548
58556
58562
58570
58576
58584
58590
58598
58604
58613
58619
58627
58633
58641
58647
58652
58655
58660
58663
58668
58671
58676
58679
58685
58688
58693
58696
58701
58704
58709
58712
58717
58721
58726
58729
58734
58737
58742
58745
58750
58753
58759
58762
58767
58770
58775
58778
58783
58786
58791
58795
58800
58803
58808
58811
58816
58819
58824
58828
58833
58836
58841
58844
58849
58852
58857
58860
58866
58869
58874
58877
58882
58885
58890
58893
58898
58902
58907
58910
58915
58918
58923
58926
58931
58934
58940
58943
58948
58951
58956
58959
58964
58967
58972
58976
58981
58984
58989
58992
58997
59000
59005
59009
59014
59017
59022
59025
59030
59033
59038
59041
59047
59050
59055
59058
59063
59066
59071
59074
59079
59083
59088
59094
59099
59105
59110
59116
59121
59128
59132
59139
59143
59150
59155
59161
59166
59172
59177
59184
59188
59195
59199
59206
59211
59217
59222
59228
59233
59240
59244
59251
59255
59262
59267
59273
59278
59284
59289
59295
59300
59307
59311
59318
59322
59329
59334
59340
59345
59351
59356
59363
59367
59374
59378
59385
59390
59396
59401
59407
59412
59419
59423
59430
59434
59441
59446
59452
59457
59463
59468
59475
59479
59486
59490
59497
59501
59508
59513
59519
59524
59530
59535
59542
59546
59553
59557
59564
59569
59575
59580
59586
59592
59596
59602
59606
59612
59616
59622
59626
59632
59636
59642
59646
59652
59656
59662
59666
59672
59676
59682
59686
59692
59697
59703
59707
59713
59717
59723
59727
59733
59737
59743
59747
59753
59757
59763
59767
59773
59777
59783
59787
59793
59797
59803
59808
59814
59818
59824
59828
59834
59838
59844
59848
59854
59858
59864
59868
59874
59878
59884
59888
59894
59898
59904
59908
59915
59919
59925
59929
59935
59939
59945
59949
59955
59959
59965
59969
59975
59979
59985
59989
59995
59999
60005
60009
60015
60019
60026
60030
60036
60040
60046
60050
60056
60060
60066
60070
60076
60082
60086
60092
60096
60102
60106
60112
60116
60122
60126
60132
60136
60142
60146
60152
60157
60163
60167
60173
60177
60183
60187
60193
60197
60203
60207
60213
60217
60223
60227
60234
60238
60244
60248
60254
60258
60264
60268
60274
60278
60284
60288
60294
60298
60304
60309
60315
60319
60325
60329
60335
60339
60345
60349
60355
60359
60365
60369
60375
60379
60385
60390
60396
60400
60406
60410
60416
60420
60426
60430
60436
60440
60446
60450
60456
60460
60467
60472
60475
60480
60483
60488
60491
60496
60499
60504
60507
60512
60515
60520
60523
60528
60531
60536
60539
60544
60547
60552
60555
60560
60563
60568
60572
60577
60580
60585
60588
60593
60596
60601
60604
60609
60612
60617
60620
60625
60628
60633
60636
60641
60644
60649
60652
60657
60660
60665
60668
60673
60677
60682
60685
60690
60693
60698
60701
60706
60709
60714
60717
60722
60725
60730
60733
60738
60741
60746
60749
60754
60757
60762
60765
60770
60773
60779
60782
60787
60790
60795
60798
60803
60806
60811
60814
60819
60822
60827
60830
60835
60838
60843
60846
60851
60854
60859
60862
60867
60870
60875
60878
60884
60887
60892
60895
60900
60903
60908
60911
60916
60919
60924
60927
60932
60935
60940
60943
60948
60951
60956
60959
60964
60967
60972
60976
60981
60985
60990
60994
61000
61003
61009
61012
61018
61022
61027
61031
61036
61040
61045
61049
61055
61058
61064
61067
61073
61077
61082
61086
61091
61095
61100
61104
61110
61113
61119
61122
61128
61132
61137
61141
61146
61150
61155
61159
61165
61168
61174
61177
61183
61187
61192
61196
61201
61205
61210
61214
61220
61223
61229
61232
61238
61242
61247
61251
61256
61260
61265
61269
61275
61278
61284
61287
61293
61297
61302
61306
61311
61315
61320
61324
61330
61333
61339
61342
61348
61352
61357
61361
61366
61370
61375
61379
61385
61388
61394
61397
61403
61407
61412
61416
61421
61428
61434
61442
61448
61455
61461
61469
61475
61482
61488
61496
61502
61510
61515
61523
61529
61537
61542
61550
61556
61564
61570
61577
61583
61591
61597
61604
61610
61618
61624
61632
61637
61645
61651
61659
61664
61672
61678
61686
61692
61699
61705
61713
61719
61726
61732
61740
61746
61754
61759
61767
61773
61781
61786
61794
61800
61808
61813
61821
61827
61835
61841
61848
61854
61862
61868
61875
61881
61889
61895
61903
61908
61916
61920
61923
61928
61931
61936
61939
61944
61947
61952
61954
61959
61962
61967
61970
61975
61978
61983
61986
61991
61993
61998
62001
62006
62009
62014
62017
62022
62025
62030
62032
62037
62040
62045
62048
62053
62056
62061
62064
62069
62071
62076
62079
62084
62087
62092
62095
62100
62103
62108
62110
62115
62118
62123
62126
62131
62134
62139
62142
62147
62149
62154
62157
62162
62165
62170
62173
62178
62181
62186
62188
62193
62196
62201
62204
62209
62212
62217
62220
62225
62227
62232
62235
62240
62243
62248
62251
62256
62259
62264
62266
62271
62274
62279
62282
62287
62290
62295
62298
62303
62305
62310
62313
62318
62321
62326
62329
62334
62337
62342
62344
62349
62352
62357
62360
62365
62368
62373
62376
62381
62383
62388
62391
62396
62399
62404
62407
62413
62418
62425
62430
62436
62441
62448
62453
62459
62464
62471
62476
62482
62487
62494
62499
62505
62510
62517
62522
62528
62533
62540
62545
62552
62556
62563
62568
62575
62579
62586
62591
62598
62602
62609
62614
62621
62625
62632
62637
62644
62648
62655
62660
62667
62672
62678
62683
62690
62695
62701
62706
62713
62718
62724
62729
62736
62741
62747
62752
62759
62764
62770
62775
62782
62787
62793
62798
62805
62810
62817
62821
62828
62833
62840
62844
62851
62856
62863
62867
62874
62879
62886
62890
62897
62901
62904
62909
62912
62917
62920
62925
62928
62933
62936
62941
62944
62949
62952
62957
62960
62965
62968
62973
62976
62981
62984
62988
62991
62996
62999
63004
63007
63012
63015
63020
63023
63028
63031
63036
63039
63044
63047
63052
63055
63060
63063
63068
63071
63076
63078
63083
63086
63091
63094
63099
63102
63107
63110
63115
63118
63123
63126
63131
63134
63139
63142
63147
63150
63155
63158
63163
63166
63170
63173
63178
63181
63186
63189
63194
63197
63202
63205
63210
63213
63218
63221
63226
63229
63234
63237
63242
63245
63250
63253
63258
63260
63265
63268
63273
63276
63281
63284
63289
63292
63297
63300
63305
63308
63313
63316
63321
63324
63329
63332
63340
63346
63354
63361
63369
63375
63383
63390
63398
63404
63412
63419
63427
63433
63442
63448
63456
63462
63471
63477
63485
63491
63500
63506
63514
63520
63529
63535
63543
63550
63558
63564
63572
63579
63587
63593
63601
63608
63616
63622
63631
63637
63645
63651
63660
63666
63674
63680
63689
63695
63703
63709
63718
63724
63729
63735
63740
63746
63751
63757
63762
63768
63773
63779
63784
63791
63795
63802
63806
63813
63817
63824
63828
63835
63839
63846
63851
63857
63862
63868
63873
63879
63884
63890
63895
63901
63906
63913
63917
63924
63928
63935
63939
63946
63950
63957
63961
63968
63973
63979
63984
63990
63995
64001
64006
64012
64017
64023
64028
64035
64039
64046
64050
64057
64061
64068
64072
64079
64083
64090
64095
64101
64106
64112
64117
64123
64128
64134
64139
64145
64150
64157
64161
64166
64170
64175
64179
64184
64188
64193
64197
64202
64206
64211
64215
64220
64224
64229
64233
64238
64242
64247
64251
64256
64260
64265
64269
64274
64278
64284
64287
64293
64296
64302
64305
64311
64314
64320
64323
64329
64332
64338
64341
64347
64350
64356
64359
64365
64368
64374
64377
64383
64386
64392
64396
64401
64405
64410
64414
64419
64423
64428
64432
64437
64441
64446
64450
64455
64459
64464
64468
64473
64477
64482
64486
64491
64495
64500
64504
64510
64513
64519
64522
64528
64531
64537
64540
64546
64549
64554
64558
64564
64567
64573
64577
64583
64586
64592
64596
64601
64605
64611
64615
64620
64624
64630
64634
64639
64643
64649
64652
64658
64662
64668
64671
64677
64681
64687
64690
64696
64700
64705
64709
64715
64719
64724
64728
64734
64737
64743
64747
64753
64756
64762
64766
64772
64775
64781
64785
64790
64794
64800
64804
64809
64813
64819
64823
64828
64832
64838
64841
64847
64851
64857
64860
64866
64870
64875
64879
64885
64889
64894
64898
64904
64908
64913
64917
64923
64926
64932
64936
64942
64947
64953
64957
64964
64968
64974
64979
64985
64989
64996
65000
65006
65011
65017
65021
65028
65032
65038
65043
65049
65053
65060
65064
65070
65075
65081
65085
65092
65096
65102
65107
65113
65117
65124
65128
65134
65139
65145
65149
65156
65160
65166
65171
65177
65181
65188
65192
65198
65203
65209
65213
65220
65224
65230
65235
65241
65245
65252
65256
65262
65267
65273
65277
65284
65288
65294
65299
65305
65309
65316
65320
65326
65331
65338
65342
65349
65354
65360
65365
65372
65376
65383
65388
65394
65399
65406
65411
65417
65422
65429
65433
65440
65445
65451
65456
65463
65467
65474
65479
65486
65490
65497
65502
65508
65513
65520
65524
65531
65536
65542
65547
65554
65558
65565
65570
65577
65581
65588
65593
65599
65604
65611
65615
65622
65627
65633
65638
65645
65650
65656
65661
65668
65672
65679
65684
65690
65695
65702
65706
65713
65718
65724
65729
65736
65741
65747
65752
65759
65763
65770
65775
65782
65788
65796
65802
65810
65816
65823
65829
65837
65843
65851
65857
65864
65870
65878
65884
65892
65898
65906
65911
65919
65925
65933
65939
65947
65952
65960
65966
65974
65980
65988
65994
66001
66007
66015
66021
66029
66035
66042
66048
66056
66062
66070
66076
66084
66089
66097
66103
66111
66117
66125
66130
66138
66144
66152
66158
66166
66172
66179
66185
66193
66199
66207
66213
66220
66226
66234
66240
66248
66254
66262
66267
66275
66281
66285
66288
66293
66296
66301
66304
66308
66311
66316
66319
66324
66327
66331
66334
66339
66342
66347
66350
66354
66357
66362
66365
66370
66373
66377
66380
66385
66388
66393
66396
66400
66403
66408
66411
66416
66419
66423
66426
66431
66434
66439
66442
66446
66449
66454
66457
66462
66465
66469
66472
66477
66480
66485
66488
66492
66495
66500
66503
66508
66511
66516
66518
66523
66526
66531
66534
66539
66541
66546
66549
66554
66557
66562
66564
66569
66572
66577
66580
66585
66587
66592
66595
66600
66603
66608
66610
66615
66618
66623
66626
66631
66633
66638
66641
66646
66649
66654
66656
66661
66664
66669
66672
66677
66679
66684
66687
66692
66695
66700
66702
66707
66710
66715
66718
66723
66726
66730
66733
66738
66741
66746
66749
66753
66756
66761
66764
66769
66772
66779
66785
66792
66798
66806
66811
66819
66824
66832
66838
66845
66851
66858
66864
66872
66877
66885
66890
66898
66904
66911
66917
66924
66930
66938
66943
66951
66956
66964
66970
66977
66983
66990
66996
67004
67009
67017
67022
67030
67036
67043
67049
67056
67062
67070
67075
67083
67089
67096
67102
67109
67115
67123
67128
67136
67141
67149
67155
67162
67168
67175
67181
67189
67194
67202
67207
67215
67221
67228
67234
67241
67248
67253
67261
67266
67273
67279
67286
67291
67299
67304
67311
67317
67324
67329
67337
67342
67349
67355
67362
67368
67375
67380
67388
67393
67400
67406
67413
67418
67426
67431
67438
67444
67451
67456
67464
67469
67477
67482
67489
67495
67502
67507
67515
67520
67527
67533
67540
67545
67553
67558
67565
67571
67578
67584
67591
67596
67604
67609
67616
67622
67629
67634
67642
67647
67654
67660
67667
67672
67679
67684
67691
67696
67703
67708
67715
67720
67728
67733
67740
67745
67752
67757
67764
67769
67776
67781
67789
67794
67801
67806
67813
67818
67825
67830
67837
67842
67850
67855
67862
67867
67874
67879
67886
67891
67898
67903
67910
67916
67923
67928
67935
67940
67947
67952
67959
67964
67971
67977
67984
67989
67996
68001
68008
68013
68020
68025
68032
68038
68045
68050
68057
68062
68069
68074
68081
68086
68093
68099
68106
68111
68118
68123
68130
68135
68142
68147
68154
68160
68165
68172
68177
68184
68189
68195
68200
68207
68212
68219
68224
68230
68235
68242
68247
68254
68259
68266
68270
68277
68282
68289
68294
68301
68305
68312
68317
68324
68329
68336
68341
68347
68352
68359
68364
68371
68376
68382
68387
68394
68399
68406
68411
68418
68422
68429
68434
68441
68446
68453
68457
68464
68469
68476
68481
68488
68493
68499
68504
68511
68516
68523
68528
68534
68539
68546
68551
68558
68563
68570
68574
68581
68586
68593
68598
68605
68609
68616
68621
68628
68633
68640
68644
68651
68656
68659
68664
68668
68673
68676
68682
68685
68690
68694
68699
68702
68708
68711
68716
68720
68725
68728
68734
68737
68742
68746
68751
68754
68760
68763
68768
68772
68777
68780
68786
68789
68794
68798
68803
68806
68812
68815
68820
68824
68829
68832
68838
68841
68846
68850
68855
68858
68864
68867
68872
68876
68881
68884
68890
68893
68898
68901
68907
68910
68915
68919
68924
68927
68933
68936
68941
68945
68950
68953
68959
68962
68967
68971
68976
68979
68985
68988
68993
68997
69002
69005
69011
69014
69019
69023
69028
69031
69037
69040
69045
69049
69054
69057
69063
69066
69071
69075
69080
69083
69089
69092
69097
69101
69106
69109
69115
69120
69123
69128
69131
69136
69139
69144
69147
69152
69155
69160
69163
69168
69171
69176
69179
69184
69187
69192
69195
69201
69204
69209
69212
69217
69220
69225
69228
69233
69236
69241
69244
69249
69252
69257
69260
69265
69268
69273
69276
69282
69285
69290
69293
69298
69301
69306
69309
69314
69317
69322
69325
69330
69333
69338
69341
69346
69349
69354
69357
69363
69366
69371
69374
69379
69382
69387
69390
69395
69398
69403
69406
69411
69414
69419
69422
69427
69430
69435
69438
69444
69447
69452
69455
69460
69463
69468
69471
69476
69479
69484
69487
69494
69500
69507
69513
69521
69526
69534
69540
69547
69553
69561
69566
69574
69580
69587
69593
69601
69606
69614
69620
69627
69633
69640
69646
69654
69659
69667
69673
69680
69686
69694
69699
69707
69713
69720
69726
69734
69739
69747
69753
69760
69766
69774
69779
69787
69792
69800
69806
69813
69819
69827
69832
69840
69846
69853
69859
69867
69872
69880
69886
69893
69899
69907
69912
69920
69925
69929
69935
69939
69945
69949
69955
69959
69964
69968
69974
69978
69984
69988
69994
69998
70003
70007
70013
70017
70023
70027
70033
70037
70043
70046
70052
70056
70062
70066
70072
70076
70082
70085
70091
70095
70101
70105
70111
70115
70121
70125
70130
70134
70140
70144
70150
70154
70160
70164
70169
70173
70179
70183
70189
70193
70199
70203
70209
70212
70218
70222
70228
70232
70238
70242
70248
70251
70257
70261
70267
70271
70277
70281
70287
70291
70296
