14
26
40
52
66
78
93
105
119
131
145
157
171
184
198
210
224
236
250
262
277
289
303
315
329
341
355
368
382
394
408
420
434
446
461
473
487
499
513
525
539
552
566
578
592
604
618
630
645
657
667
679
689
702
712
724
734
746
757
769
779
791
802
814
824
836
846
859
869
881
891
903
914
926
936
948
959
971
981
993
1003
1016
1026
1038
1048
1060
1071
1083
1093
1105
1116
1128
1138
1150
1160
1173
1183
1195
1205
1217
1228
1240
1250
1262
1273
1285
1295
1307
1317
1330
1342
1352
1365
1375
1387
1398
1410
1420
1433
1443
1455
1466
1478
1489
1501
1511
1524
1534
1546
1557
1569
1580
1591
1603
1614
1626
1636
1649
1659
1671
1682
1694
1705
1716
1728
1739
1751
1761
1774
1784
1796
1807
1819
1830
1841
1853
1864
1876
1886
1899
1909
1921
1932
1944
1955
1966
1978
1989
2001
2011
2024
2034
2048
2060
2074
2086
2100
2112
2126
2138
2152
2164
2178
2190
2204
2216
2230
2242
2256
2268
2282
2294
2308
2320
2334
2346
2360
2372
2386
2398
2412
2424
2438
2450
2464
2476
2490
2502
2516
2528
2542
2554
2568
2580
2594
2606
2620
2632
2646
2658
2672
2684
2698
2710
2724
2736
2750
2762
2776
2788
2802
2814
2828
2840
2854
2866
2880
2892
2906
2918
2932
2944
2958
2971
2985
2997
3011
3023
3037
3049
3063
3075
3089
3101
3115
3127
3141
3153
3167
3179
3193
3205
3219
3231
3245
3258
3271
3283
3293
3305
3316
3328
3338
3351
3361
3373
3384
3396
3406
3419
3429
3441
3451
3464
3474
3486
3497
3509
3519
3532
3542
3554
3565
3577
3587
3599
3610
3622
3632
3645
3655
3667
3678
3690
3700
3713
3723
3735
3746
3758
3768
3780
3791
3803
3813
3826
3836
3848
3861
3873
3887
3899
3913
3925
3939
3951
3965
3977
3991
4003
4017
4029
4043
4055
4069
4081
4095
4107
4121
4133
4147
4159
4173
4185
4199
4211
4225
4237
4251
4263
4277
4289
4303
4315
4328
4340
4354
4366
4380
4392
4406
4418
4432
4444
4458
4470
4484
4496
4510
4522
4536
4548
4562
4576
4588
4602
4614
4628
4640
4654
4666
4680
4692
4706
4718
4732
4744
4758
4770
4784
4796
4810
4822
4836
4848
4862
4874
4888
4900
4914
4926
4940
4952
4966
4978
4992
5004
5018
5030
5044
5056
5070
5082
5096
5108
5122
5134
5148
5162
5174
5189
5201
5215
5228
5242
5254
5269
5281
5295
5308
5322
5334
5349
5361
5375
5388
5402
5414
5429
5441
5456
5468
5482
5495
5508
5519
5532
5544
5557
5568
5582
5593
5606
5617
5631
5642
5655
5667
5680
5691
5705
5716
5729
5740
5754
5765
5778
5790
5803
5814
5827
5839
5852
5863
5877
5888
5901
5913
5926
5937
5950
5962
5975
5986
6000
6011
6024
6035
6049
6060
6073
6086
6097
6110
6121
6134
6146
6159
6170
6183
6194
6208
6219
6232
6243
6256
6268
6281
6292
6305
6316
6330
6341
6354
6365
6378
6390
6403
6414
6427
6438
6452
6463
6476
6487
6500
6512
6525
6536
6549
6560
6573
6585
6598
6609
6622
6633
6647
6658
6671
6682
6695
6707
6720
6731
6744
6755
6769
6780
6793
6804
6817
6829
6842
6853
6866
6877
6891
6902
6915
6926
6939
6951
6965
6976
6990
7002
7015
7027
7041
7053
7066
7078
7092
7103
7117
7129
7143
7154
7168
7180
7193
7205
7219
7231
7244
7256
7270
7281
7295
7307
7321
7332
7346
7358
7371
7383
7397
7409
7422
7435
7447
7461
7472
7486
7498
7511
7523
7537
7548
7562
7574
7587
7599
7613
7624
7638
7650
7664
7675
7689
7701
7714
7726
7740
7751
7765
7777
7790
7802
7816
7827
7841
7853
7866
7878
7892
7904
7917
7929
7943
7954
7968
7980
7993
8005
8019
8030
8044
8056
8067
8080
8090
8103
8114
8126
8137
8150
8160
8173
8184
8196
8207
8220
8230
8243
8254
8267
8277
8290
8301
8313
8324
8337
8347
8360
8371
8383
8394
8407
8417
8430
8441
8453
8464
8477
8488
8500
8514
8527
8541
8554
8569
8581
8596
8608
8623
8636
8650
8663
8677
8690
8705
8717
8732
8744
8759
8772
8786
8799
8813
8826
8841
8853
8868
8880
8895
8908
8922
8935
8949
8962
8977
8989
9004
9017
9031
9044
9058
9071
9086
9098
9113
9125
9140
9153
9167
9180
9194
9207
9222
9235
9247
9260
9272
9286
9297
9311
9323
9336
9348
9362
9373
9387
9399
9412
9424
9438
9449
9463
9475
9488
9500
9514
9525
9539
9551
9564
9578
9590
9604
9616
9630
9642
9657
9669
9683
9695
9709
9721
9736
9748
9762
9774
9788
9800
9814
9827
9841
9853
9867
9879
9893
9906
9920
9932
9946
9958
9972
9985
9999
10011
10025
10037
10051
10064
10077
10091
10103
10117
10129
10143
10156
10170
10182
10196
10208
10222
10235
10249
10261
10275
10287
10301
10315
10327
10341
10354
10368
10380
10394
10407
10421
10433
10447
10460
10474
10486
10500
10513
10527
10539
10553
10566
10580
10592
10606
10619
10633
10645
10660
10672
10686
10698
10713
10725
10739
10751
10766
10778
10792
10804
10819
10831
10845
10857
10872
10884
10898
10910
10925
10938
10950
10963
10975
10988
11000
11014
11025
11039
11050
11064
11075
11089
11101
11114
11126
11139
11151
11164
11176
11190
11201
11215
11226
11240
11252
11265
11277
11290
11302
11315
11327
11341
11352
11366
11378
11389
11402
11412
11425
11436
11448
11459
11472
11482
11495
11506
11518
11529
11542
11552
11565
11576
11588
11599
11612
11622
11635
11646
11658
11669
11682
11692
11705
11716
11728
11739
11752
11762
11774
11785
11798
11808
11821
11832
11844
11855
11868
11878
11891
11902
11914
11925
11938
11948
11961
11972
11984
11995
12008
12018
12031
12042
12054
12065
12078
12091
12103
12117
12129
12143
12155
12168
12180
12194
12206
12220
12232
12245
12257
12271
12283
12297
12309
12322
12334
12348
12360
12374
12386
12399
12411
12425
12437
12451
12463
12477
12490
12505
12518
12532
12545
12560
12573
12587
12600
12615
12628
12642
12655
12670
12683
12697
12710
12725
12738
12752
12765
12780
12793
12808
12820
12835
12848
12863
12875
12890
12903
12918
12930
12945
12958
12973
12985
13000
13013
13028
13040
13055
13068
13083
13096
13110
13123
13138
13151
13165
13178
13193
13206
13220
13233
13248
13261
13275
13288
13303
13316
13330
13343
13357
13369
13383
13395
13409
13421
13435
13447
13461
13473
13487
13499
13513
13525
13539
13551
13565
13577
13591
13603
13617
13629
13643
13655
13669
13681
13695
13707
13721
13733
13747
13761
13773
13788
13800
13815
13827
13842
13854
13869
13881
13896
13908
13923
13935
13950
13962
13976
13989
14003
14016
14030
14043
14057
14070
14084
14097
14111
14124
14138
14151
14165
14177
14192
14204
14219
14231
14246
14258
14273
14285
14300
14312
14327
14339
14354
14366
14380
14393
14407
14420
14434
14447
14461
14474
14488
14501
14515
14528
14542
14555
14569
14582
14596
14608
14623
14635
14649
14661
14675
14687
14702
14714
14728
14740
14755
14767
14781
14793
14807
14820
14834
14846
14860
14873
14887
14899
14913
14926
14940
14952
14966
14978
14993
15005
15019
15031
15046
15058
15072
15084
15099
15111
15125
15137
15151
15164
15178
15190
15204
15217
15231
15243
15257
15270
15284
15296
15310
15322
15334
15344
15356
15367
15379
15389
15402
15412
15424
15434
15447
15457
15469
15480
15492
15502
15514
15525
15537
15547
15560
15570
15582
15592
15605
15615
15627
15638
15650
15660
15672
15683
15695
15705
15718
15728
15740
15750
15763
15773
15785
15796
15808
15818
15830
15841
15853
15863
15876
15886
15898
15909
15921
15931
15943
15954
15966
15976
15989
15999
16011
16021
16034
16044
16056
16067
16079
16089
16101
16112
16124
16134
16147
16160
16171
16184
16196
16209
16220
16234
16245
16258
16269
16283
16294
16307
16319
16332
16343
16357
16368
16381
16392
16406
16417
16430
16442
16455
16466
16479
16491
16504
16515
16529
16540
16552
16563
16576
16587
16600
16611
16624
16635
16648
16658
16671
16682
16695
16706
16719
16730
16743
16754
16766
16777
16790
16801
16814
16825
16838
16849
16862
16873
16885
16896
16909
16920
16933
16944
16957
16968
16981
16991
17004
17015
17028
17039
17052
17063
17076
17087
17099
17110
17123
17137
17150
17165
17178
17192
17205
17220
17233
17247
17260
17275
17288
17303
17315
17330
17343
17358
17370
17385
17398
17413
17426
17440
17453
17468
17481
17495
17508
17523
17536
17551
17563
17578
17591
17606
17618
17633
17646
17661
17674
17688
17701
17716
17729
17743
17756
17771
17784
17799
17811
17826
17839
17854
17866
17881
17894
17909
17922
17936
17949
17964
17977
17988
18001
18012
18025
18036
18050
18061
18074
18085
18098
18109
18123
18134
18147
18158
18171
18182
18196
18207
18220
18231
18244
18255
18268
18280
18293
18304
18317
18328
18341
18353
18366
18378
18392
18404
18418
18429
18443
18455
18469
18481
18494
18506
18520
18532
18546
18557
18571
18583
18597
18609
18622
18634
18648
18660
18674
18685
18699
18711
18725
18737
18751
18762
18776
18788
18802
18814
18827
18839
18853
18865
18879
18890
18904
18916
18930
18942
18955
18967
18981
18993
19007
19018
19032
19044
19054
19066
19076
19089
19099
19111
19121
19133
19144
19156
19166
19178
19188
19201
19211
19223
19233
19245
19256
19268
19278
19290
19300
19313
19323
19335
19345
19357
19368
19380
19390
19402
19412
19425
19435
19447
19457
19469
19480
19492
19502
19514
19524
19536
19547
19560
19571
19584
19595
19608
19618
19631
19642
19655
19666
19679
19690
19702
19713
19726
19737
19750
19761
19774
19784
19797
19808
19821
19832
19845
19856
19868
19879
19892
19903
19916
19927
19940
19950
19963
19974
19987
19998
20011
20022
20034
20045
20058
20069
20082
20093
20106
20116
20129
20140
20153
20164
20177
20188
20200
20211
20224
20235
20248
20259
20272
20282
20296
20309
20324
20337
20351
20364
20379
20392
20406
20419
20434
20447
20461
20474
20489
20502
20516
20529
20544
20557
20571
20584
20599
20612
20627
20639
20654
20667
20682
20694
20709
20722
20737
20749
20764
20777
20792
20804
20819
20832
20847
20859
20874
20887
20902
20915
20929
20942
20957
20970
20984
20996
21007
21020
21031
21044
21055
21068
21079
21092
21103
21116
21127
21140
21151
21164
21175
21187
21198
21211
21222
21235
21246
21259
21270
21283
21294
21307
21318
21331
21342
21355
21366
21379
21389
21402
21413
21426
21437
21450
21461
21474
21485
21498
21509
21522
21533
21546
21557
21570
21581
21594
21605
21619
21630
21643
21654
21667
21679
21692
21703
21716
21727
21741
21752
21765
21776
21789
21801
21814
21825
21838
21849
21863
21874
21887
21898
21912
21923
21936
21947
21960
21972
21985
21996
22009
22020
22034
22045
22058
22069
22082
22094
22107
22118
22131
22142
22156
22167
22180
22191
22204
22216
22229
22240
22253
22265
22276
22289
22300
22313
22324
22337
22348
22360
22371
22384
22395
22408
22419
22432
22443
22455
22466
22479
22490
22503
22514
22527
22538
22551
22561
22574
22585
22598
22609
22622
22633
22646
22656
22669
22680
22693
22704
22717
22728
22741
22752
22764
22775
22788
22799
22812
22823
22836
22847
22859
22870
22883
22894
22907
22918
22931
22942
22954
22965
22979
22992
23007
23019
23034
23047
23062
23074
23089
23102
23117
23129
23144
23157
23171
23184
23199
23212
23226
23239
23254
23267
23281
23294
23309
23321
23336
23349
23364
23376
23391
23404
23419
23431
23446
23459
23474
23486
23497
23510
23521
23534
23545
23558
23569
23582
23593
23606
23616
23629
23640
23653
23664
23677
23688
23701
23712
23725
23736
23749
23759
23772
23783
23796
23807
23820
23831
23844
23855
23868
23879
23892
23902
23915
23926
23939
23950
23963
23974
23987
23998
24011
24022
24035
24045
24058
24069
24082
24093
24106
24117
24130
24141
24154
24165
24178
24188
24201
24212
24224
24235
24247
24258
24270
24281
24293
24304
24316
24327
24340
24350
24363
24373
24386
24396
24409
24419
24432
24442
24455
24466
24478
24489
24501
24512
24524
24535
24547
24558
24571
24581
24594
24604
24617
24627
24640
24650
24663
24673
24686
24697
24709
24720
24732
24743
24755
24766
24778
24789
24802
24812
24825
24835
24848
24858
24871
24881
24894
24904
24917
24928
24940
24951
24963
24974
24988
25001
25016
25028
25043
25056
25070
25083
25098
25110
25125
25138
25152
25165
25180
25192
25207
25220
25234
25247
25262
25274
25289
25302
25316
25329
25344
25356
25371
25384
25398
25411
25426
25438
25453
25466
25480
25493
25508
25520
25535
25548
25562
25575
25590
25602
25617
25630
25644
25657
25672
25684
25699
25712
25726
25739
25754
25766
25779
25790
25803
25814
25827
25838
25851
25862
25875
25886
25899
25910
25923
25934
25947
25958
25971
25982
25995
26006
26019
26030
26043
26054
26067
26078
26091
26103
26116
26127
26140
26151
26164
26175
26188
26199
26212
26223
26236
26247
26260
26271
26284
26295
26308
26319
26332
26343
26356
26367
26380
26391
26404
26415
26428
26440
26453
26466
26477
26490
26501
26514
26525
26538
26549
26562
26573
26586
26597
26610
26621
26634
26645
26658
26669
26682
26693
26707
26718
26731
26742
26755
26766
26779
26790
26803
26817
26830
26844
26857
26871
26884
26898
26911
26925
26938
26952
26965
26979
26992
27006
27019
27033
27046
27061
27073
27088
27100
27115
27127
27142
27154
27169
27181
27196
27208
27223
27235
27250
27262
27277
27290
27304
27317
27331
27344
27358
27371
27385
27398
27412
27425
27439
27452
27466
27479
27493
27506
27521
27533
27548
27560
27572
27582
27594
27605
27617
27627
27640
27650
27662
27672
27685
27695
27707
27718
27730
27740
27753
27763
27775
27785
27798
27808
27820
27831
27843
27853
27866
27876
27888
27898
27911
27921
27933
27944
27956
27966
27979
27989
28001
28011
28024
28034
28046
28057
28069
28079
28092
28102
28114
28126
28137
28149
28160
28172
28183
28195
28206
28218
28229
28242
28252
28265
28275
28288
28298
28311
28321
28334
28344
28357
28368
28380
28391
28403
28414
28426
28437
28449
28460
28473
28483
28496
28506
28519
28529
28542
28552
28565
28575
28588
28599
28611
28622
28634
28645
28657
28668
28680
28691
28704
28717
28729
28742
28754
28768
28779
28793
28805
28818
28830
28844
28855
28869
28881
28894
28906
28919
28931
28945
28956
28970
28982
28995
29007
29021
29032
29046
29058
29071
29083
29096
29108
29122
29133
29147
29159
29172
29184
29198
29209
29223
29235
29248
29260
29274
29286
29297
29310
29320
29333
29344
29357
29367
29380
29391
29404
29414
29427
29438
29450
29461
29474
29485
29497
29508
29521
29532
29544
29555
29568
29578
29591
29602
29615
29625
29638
29649
29662
29672
29685
29696
29709
29719
29732
29743
29755
29766
29779
29790
29802
29813
29826
29837
29849
29860
29873
29883
29896
29907
29920
29930
29943
29954
29967
29977
29990
30001
30014
30024
30037
30048
30060
30071
30084
30095
30107
30118
30131
30145
30157
30172
30184
30198
30211
30225
30238
30252
30264
30279
30291
30305
30318
30332
30345
30359
30371
30386
30398
30412
30425
30439
30452
30466
30478
30493
30505
30519
30532
30546
30559
30573
30585
30600
30612
30626
30639
30653
30666
30680
30692
30707
30719
30734
30746
30760
30773
30787
30799
30814
30826
30841
30853
30867
30880
30894
30908
30920
30934
30946
30960
30972
30986
30999
31013
31025
31039
31051
31065
31077
31091
31104
31118
31130
31144
31156
31170
31182
31196
31209
31223
31235
31249
31261
31275
31287
31302
31314
31328
31340
31354
31366
31380
31392
31407
31419
31433
31445
31459
31471
31485
31497
31512
31524
31538
31550
31564
31576
31590
31602
31617
31629
31643
31655
31669
31681
31695
31708
31722
31734
31748
31762
31775
31789
31802
31817
31829
31844
31857
31871
31884
31899
31911
31926
31939
31953
31966
31981
31993
32008
32021
32035
32048
32062
32075
32090
32102
32117
32130
32144
32157
32172
32184
32199
32212
32226
32239
32254
32266
32281
32294
32308
32321
32336
32348
32363
32375
32390
32403
32417
32430
32445
32457
32472
32485
32499
32512
32527
32541
32553
32568
32580
32595
32607
32621
32634
32648
32661
32675
32688
32702
32714
32729
32741
32756
32768
32783
32795
32809
32822
32836
32849
32863
32875
32890
32902
32917
32929
32944
32956
32970
32983
32997
33010
33024
33037
33051
33064
33075
33088
33100
33113
33124
33137
33149
33162
33173
33186
33198
33211
33222
33236
33247
33260
33271
33285
33296
33309
33320
33334
33345
33358
33370
33383
33394
33407
33419
33432
33443
33456
33468
33481
33492
33505
33517
33530
33541
33555
33566
33579
33590
33604
33615
33628
33639
33653
33664
33677
33689
33702
33713
33726
33738
33751
33762
33776
33787
33801
33812
33825
33837
33850
33862
33875
33886
33900
33911
33925
33936
33949
33961
33974
33986
33999
34011
34024
34035
34049
34060
34074
34085
34098
34110
34123
34135
34148
34159
34173
34185
34195
34208
34218
34231
34241
34254
34264
34277
34287
34300
34310
34323
34333
34346
34356
34369
34379
34392
34402
34415
34425
34438
34448
34461
34471
34484
34494
34507
34517
34529
34540
34552
34563
34575
34586
34598
34609
34621
34632
34644
34655
34667
34678
34690
34701
34713
34724
34738
34750
34764
34776
34790
34802
34816
34828
34842
34854
34868
34880
34894
34906
34920
34932
34946
34958
34972
34984
34998
35010
35024
35036
35050
35062
35076
35088
35102
35114
35128
35140
35153
35164
35177
35188
35201
35212
35225
35236
35249
35260
35273
35284
35297
35308
35321
35332
35345
35356
35369
35380
35393
35404
35417
35428
35441
35452
35465
35476
35489
35500
35513
35524
35537
35548
35561
35572
35585
35596
35609
35620
35633
35644
35657
35668
35681
35692
35705
35716
35729
35740
35753
35764
35777
35788
35801
35812
35825
35836
35849
35860
35873
35884
35897
35908
35921
35932
35945
35956
35969
35981
35991
36004
36014
36027
36037
36050
36060
36072
36083
36095
36106
36118
36129
36141
36152
36164
36174
36187
36197
36210
36220
36233
36243
36255
36266
36278
36289
36301
36312
36324
36335
36347
36357
36370
36380
36393
36403
36416
36426
36439
36449
36461
36472
36484
36495
36507
36517
36530
36540
36553
36563
36575
36586
36598
36609
36621
36631
36644
36654
36667
36677
36689
36700
36712
36723
36735
36745
36758
36768
36781
36791
36803
36814
36826
36837
36849
36860
36872
36882
36895
36905
36918
36928
36940
36951
36963
36974
36986
36996
37009
37019
37032
37042
37054
37065
37077
37088
37100
37110
37123
37133
37146
37156
37169
37179
37191
37202
37214
37225
37237
37251
37263
37277
37290
37304
37316
37331
37343
37357
37370
37384
37396
37410
37423
37437
37449
37464
37476
37490
37503
37517
37529
37543
37556
37570
37582
37597
37609
37623
37636
37650
37662
37677
37689
37703
37715
37730
37742
37756
37769
37783
37795
37810
37822
37836
37848
37863
37875
37889
37902
37916
37928
37943
37955
37969
37982
37996
38008
38022
38035
38049
38061
38076
38088
38098
38111
38121
38134
38144
38157
38167
38180
38190
38203
38213
38226
38236
38249
38259
38272
38282
38295
38305
38318
38328
38341
38351
38364
38374
38387
38397
38410
38420
38433
38443
38456
38466
38479
38489
38502
38512
38525
38535
38548
38558
38571
38581
38594
38604
38617
38627
38640
38650
38663
38673
38686
38696
38709
38719
38732
38742
38755
38765
38778
38788
38800
38811
38824
38835
38848
38859
38871
38882
38895
38906
38919
38930
38942
38953
38966
38977
38990
39001
39013
39024
39037
39048
39061
39072
39084
39095
39108
39119
39132
39143
39155
39166
39179
39190
39203
39214
39226
39237
39250
39261
39274
39285
39297
39308
39322
39334
39349
39361
39376
39388
39403
39415
39430
39442
39457
39469
39484
39496
39511
39523
39537
39550
39564
39577
39591
39604
39618
39631
39645
39658
39672
39685
39699
39712
39726
39738
39753
39765
39780
39792
39807
39819
39834
39846
39861
39873
39888
39900
39915
39927
39941
39953
39963
39975
39985
39998
40008
40020
40030
40042
40053
40065
40075
40087
40098
40110
40120
40132
40142
40155
40165
40177
40187
40199
40210
40222
40232
40244
40255
40267
40277
40289
40299
40312
40322
40334
40344
40356
40367
40379
40389
40401
40412
40424
40434
40446
40456
40469
40479
40491
40501
40513
40524
40536
40546
40558
40569
40581
40591
40603
40613
40626
40636
40648
40658
40670
40682
40692
40704
40715
40727
40737
40750
40760
40772
40783
40795
40805
40818
40828
40840
40851
40863
40873
40886
40896
40908
40919
40931
40941
40954
40964
40976
40986
40999
41009
41021
41032
41044
41054
41067
41077
41089
41100
41112
41122
41135
41145
41157
41168
41180
41190
41203
41213
41225
41236
41248
41258
41270
41281
41293
41303
41316
41326
41338
41349
41361
41371
41384
41394
41406
41417
41429
41439
41453
41465
41480
41492
41507
41519
41534
41546
41561
41573
41588
41600
41615
41627
41642
41654
41669
41681
41696
41708
41723
41735
41750
41762
41777
41789
41804
41816
41829
41841
41855
41867
41881
41893
41907
41919
41933
41945
41959
41971
41985
41997
42011
42023
42037
42049
42063
42075
42089
42101
42115
42127
42140
42152
42165
42177
42191
42203
42217
42229
42243
42254
42268
42280
42294
42306
42320
42332
42345
42357
42371
42383
42397
42409
42423
42434
42448
42460
42474
42486
42500
42512
42525
42537
42551
42563
42577
42589
42603
42615
42625
42637
42648
42660
42670
42683
42693
42705
42716
42728
42738
42751
42761
42773
42784
42796
42806
42819
42829
42841
42852
42864
42874
42887
42897
42909
42919
42932
42942
42954
42965
42977
42987
43000
43010
43022
43033
43045
43055
43068
43078
43090
43101
43113
43123
43136
43146
43158
43169
43182
43193
43207
43218
43231
43243
43256
43267
43281
43292
43306
43317
43330
43342
43355
43366
43380
43391
43405
43416
43429
43441
43454
43465
43479
43490
43504
43517
43529
43542
43554
43568
43579
43593
43605
43618
43630
43644
43655
43669
43681
43694
43706
43720
43731
43745
43757
43770
43782
43796
43807
43821
43833
43846
43858
43872
43883
43897
43909
43922
43934
43948
43959
43973
43985
43998
44010
44023
44035
44049
44060
44074
44086
44099
44111
44125
44136
44150
44162
44175
44187
44199
44209
44221
44231
44243
44254
44266
44276
44288
44298
44311
44321
44333
44343
44355
44366
44378
44388
44400
44410
44423
44433
44445
44455
44467
44478
44490
44500
44512
44522
44535
44545
44557
44567
44579
44589
44602
44612
44624
44634
44646
44657
44669
44679
44691
44701
44714
44724
44736
44746
44758
44769
44781
44791
44803
44813
44826
44836
44848
44858
44870
44884
44896
44910
44922
44936
44948
44962
44974
44988
45000
45014
45026
45040
45052
45066
45078
45092
45105
45119
45131
45145
45157
45171
45183
45197
45209
45223
45235
45249
45261
45275
45287
45301
45313
45328
45340
45354
45366
45380
45393
45404
45417
45429
45442
45453
45466
45478
45491
45502
45516
45527
45540
45551
45565
45576
45589
45601
45614
45625
45638
45650
45663
45674
45688
45699
45712
45723
45737
45748
45761
45773
45786
45797
45810
45822
45835
45846
45860
45871
45884
45895
45909
45920
45933
45944
45958
45969
45982
45994
46007
46018
46031
46043
46056
46067
46081
46092
46105
46116
46130
46141
46154
46166
46179
46190
46203
46215
46228
46239
46253
46266
46277
46290
46301
46314
46325
46338
46349
46362
46373
46386
46397
46410
46421
46434
46445
46459
46470
46483
46494
46507
46518
46531
46542
46555
46566
46579
46590
46603
46614
46627
46638
46651
46663
46676
46687
46700
46711
46724
46735
46748
46759
46772
46783
46796
46807
46820
46831
46844
46856
46868
46878
46891
46901
46914
46924
46937
46947
46960
46970
46983
46993
47005
47016
47028
47039
47051
47062
47074
47085
47097
47108
47120
47131
47143
47153
47166
47176
47189
47199
47212
47226
47238
47252
47264
47278
47291
47305
47317
47331
47343
47358
47370
47384
47396
47410
47422
47437
47449
47463
47475
47489
47502
47516
47528
47542
47554
47569
47581
47595
47607
47621
47633
47648
47660
47674
47686
47700
47713
47727
47739
47753
47765
47780
47792
47806
47818
47832
47844
47859
47871
47885
47897
47911
47924
47938
47950
47964
47976
47991
48003
48017
48029
48041
48052
48064
48075
48088
48098
48111
48122
48134
48145
48158
48168
48181
48192
48204
48215
48228
48238
48251
48262
48274
48285
48297
48308
48321
48331
48344
48355
48367
48378
48391
48401
48414
48425
48437
48448
48461
48471
48484
48495
48507
48518
48530
48541
48554
48564
48577
48588
48600
48611
48624
48634
48647
48658
48670
48681
48694
48704
48717
48728
48740
48751
48763
48776
48787
48800
48811
48825
48836
48849
48860
48873
48885
48898
48909
48922
48934
48947
48958
48971
48982
48996
49007
49020
49031
49045
49056
49069
49080
49093
49105
49118
49129
49142
49154
49167
49178
49191
49202
49216
49227
49240
49251
49265
49276
49289
49300
49313
49325
49338
49349
49362
49373
49387
49398
49411
49422
49436
49447
49460
49471
49484
49496
49509
49520
49533
49545
49558
49569
49581
49591
49604
49614
49627
49637
49649
49660
49672
49683
49695
49705
49718
49728
49741
49751
49763
49774
49786
49797
49809
49819
49832
49842
49855
49865
49877
49888
49900
49911
49923
49934
49946
49956
49969
49980
49993
50004
50017
50029
50042
50053
50066
50077
50091
50102
50115
50126
50139
50151
50164
50175
50188
50199
50213
50224
50237
50248
50261
50273
50286
50297
50310
50321
50335
50346
50359
50370
50383
50395
50408
50419
50432
50443
50456
50468
50481
50492
50505
50516
50530
50541
50554
50565
50578
50590
50603
50614
50627
50638
50652
50663
50676
50687
50700
50712
50725
50737
50750
50762
50776
50787
50801
50812
50826
50838
50851
50863
50876
50888
50902
50913
50927
50938
50952
50964
50977
50989
51002
51014
51027
51039
51053
51064
51078
51089
51103
51115
51128
51140
51153
51165
51179
51190
51204
51215
51229
51241
51255
51268
51282
51294
51309
51321
51335
51347
51362
51374
51388
51401
51415
51427
51441
51454
51468
51480
51495
51507
51521
51533
51548
51560
51574
51587
51601
51613
51627
51640
51654
51666
51681
51693
51707
51719
51734
51746
51760
51773
51787
51799
51814
51826
51840
51852
51867
51879
51893
51906
51920
51932
51946
51959
51973
51985
52000
52012
52026
52038
52053
52067
52080
52095
52108
52123
52135
52150
52163
52178
52191
52206
52218
52233
52246
52261
52274
52289
52301
52316
52329
52344
52357
52371
52384
52399
52412
52427
52440
52454
52467
52482
52495
52510
52523
52535
52548
52560
52573
52585
52598
52610
52623
52635
52648
52660
52674
52685
52699
52710
52724
52735
52749
52760
52774
52785
52799
52810
52824
52836
52849
52861
52874
52886
52899
52911
52924
52936
52949
52961
52974
52986
53000
53011
53025
53036
53050
53061
53075
53086
53100
53111
53125
53136
53150
53162
53175
53187
53200
53212
53225
53237
53250
53263
53274
53288
53299
53313
53324
53338
53349
53362
53374
53387
53399
53412
53424
53437
53448
53462
53473
53487
53498
53512
53523
53537
53548
53561
53573
53586
53598
53611
53623
53636
53647
53661
53672
53686
53697
53711
53722
53735
53747
53760
53772
53785
53797
53810
53822
53835
53846
53860
53871
53885
53896
53910
53921
53934
53946
53959
53971
53984
53996
54009
54020
54032
54042
54054
54064
54077
54087
54099
54109
54122
54132
54144
54154
54167
54177
54189
54199
54212
54222
54234
54244
54257
54267
54279
54289
54302
54312
54324
54334
54347
54357
54369
54379
54392
54402
54414
54424
54437
54447
54460
54471
54485
54496
54510
54521
54534
54546
54559
54571
54584
54596
54609
54620
54634
54645
54659
54670
54684
54695
54708
54720
54733
54745
54758
54769
54783
54794
54808
54819
54833
54844
54857
54869
54882
54894
54907
54919
54932
54943
54957
54968
54982
54993
55007
55018
55031
55043
55056
55070
55082
55097
55109
55123
55136
55150
55163
55177
55189
55204
55216
55230
55243
55257
55270
55284
55296
55311
55323
55337
55350
55364
55377
55391
55403
55418
55430
55444
55457
55471
55484
55498
55510
55525
55537
55551
55564
55578
55590
55601
55614
55624
55637
55648
55660
55671
55684
55694
55707
55718
55731
55741
55754
55765
55777
55788
55801
55811
55824
55835
55848
55858
55871
55882
55894
55905
55918
55930
55944
55956
55970
55981
55995
56007
56021
56033
56046
56058
56072
56084
56098
56109
56123
56135
56149
56161
56174
56186
56200
56212
56226
56237
56251
56263
56277
56289
56303
56314
56328
56340
56354
56366
56379
56391
56405
56417
56431
56442
56456
56468
56482
56494
56507
56519
56533
56545
56559
56570
56584
56596
56610
56622
56635
56647
56661
56673
56687
56699
56713
56725
56739
56751
56765
56777
56791
56803
56817
56829
56843
56856
56870
56882
56896
56908
56922
56934
56948
56960
56974
56986
57000
57013
57027
57039
57053
57065
57079
57091
57105
57117
57131
57143
57158
57170
57181
57193
57204
57217
57227
57240
57251
57263
57274
57287
57297
57310
57321
57333
57344
57357
57367
57380
57391
57403
57414
57427
57437
57450
57461
57473
57484
57497
57507
57520
57531
57543
57556
57567
57580
57591
57604
57615
57628
57639
57652
57663
57676
57687
57700
57711
57724
57735
57748
57759
57772
57783
57796
57807
57820
57831
57844
57855
57868
57879
57892
57903
57916
57927
57940
57951
57964
57975
57988
57999
58012
58023
58036
58047
58060
58071
58084
58095
58108
58120
58134
58146
58160
58172
58186
58198
58212
58224
58238
58250
58264
58276
58290
58302
58316
58328
58342
58354
58368
58380
58394
58406
58420
58433
58445
58459
58470
58484
58496
58510
58521
58535
58547
58560
58572
58586
58598
58611
58623
58637
58649
58662
58674
58688
58699
58713
58725
58739
58750
58764
58776
58790
58803
58817
58830
58844
58857
58871
58884
58898
58911
58925
58938
58953
58965
58980
58992
59007
59019
59034
59046
59061
59073
59088
59101
59115
59128
59142
59155
59169
59182
59196
59209
59223
59237
59249
59263
59275
59290
59302
59316
59328
59342
59355
59369
59381
59395
59408
59422
59434
59448
59460
59475
59487
59501
59513
59527
59540
59554
59568
59580
59594
59606
59620
59632
59646
59658
59673
59685
59699
59711
59725
59737
59751
59763
59777
59790
59804
59816
59830
59842
59856
59868
59882
59894
59909
59921
59935
59947
59960
59972
59985
59997
60010
60022
60035
60047
60060
60072
60085
60097
60110
60122
60135
60147
60160
60172
60185
60197
60211
60222
60236
60247
60261
60272
60286
60297
60311
60322
60336
60347
60361
60372
60386
60397
60411
60422
60436
60448
60461
60473
60486
60498
60511
60523
60536
60548
60561
60573
60586
60598
60611
60623
60636
60648
60661
60673
60687
60698
60712
60723
60737
60748
60762
60773
60786
60798
60811
60823
60836
60848
60862
60873
60887
60898
60912
60924
60937
60949
60962
60974
60988
60999
61013
61024
61038
61050
61063
61075
61088
61100
61113
61125
61139
61150
61164
61175
61189
61201
61214
61226
61239
61251
61265
61276
61290
61301
61315
61327
61340
61352
61365
61377
61390
61402
61416
61428
61438
61450
61460
61473
61483
61495
61505
61518
61528
61540
61550
61563
61573
61585
61595
61608
61618
61630
61640
61653
61663
61675
61685
61698
61708
61720
61730
61743
61753
61765
61775
61788
61798
61810
61820
61833
61843
61855
61865
61878
61888
61900
61910
61923
61933
61945
61955
61968
61978
61990
62000
62013
62023
62035
62045
62058
62068
62080
62090
62103
62113
62125
62135
62148
62158
62170
62180
62193
62203
62215
62228
62240
62254
62266
62280
62291
62305
62317
62331
62343
62357
62368
62382
62394
62408
62420
62433
62445
62459
62471
62485
62497
62510
62522
62536
62548
62562
62573
62587
62599
62613
62625
62639
62650
62664
62676
62690
62702
62715
62727
62741
62753
62767
62779
62792
62804
62818
62830
62844
62856
62870
62882
62896
62908
62922
62934
62948
62961
62975
62987
63001
63013
63027
63039
63053
63065
63079
63091
63105
63118
63132
63144
63158
63170
63184
63196
63210
63222
63236
63248
63263
63275
63289
63301
63315
63327
63339
63349
63362
63372
63385
63395
63408
63418
63431
63441
63454
63464
63476
63487
63499
63510
63522
63533
63545
63556
63568
63579
63591
63602
63614
63624
63637
63647
63660
63670
63683
63693
63706
63716
63729
63739
63752
63762
63774
63785
63798
63809
63822
63833
63846
63857
63870
63881
63894
63905
63918
63929
63942
63953
63965
63976
63989
64000
64013
64024
64037
64048
64061
64072
64085
64096
64109
64120
64133
64144
64157
64167
64180
64191
64204
64215
64228
64239
64252
64263
64276
64287
64300
64311
64324
64335
64348
64359
64371
64382
64395
64406
64419
64432
64443
64456
64467
64481
64492
64505
64516
64530
64541
64554
64565
64579
64590
64603
64614
64628
64639
64652
64663
64677
64688
64701
64712
64726
64737
64750
64761
64775
64786
64799
64810
64824
64835
64848
64859
64873
64884
64897
64908
64922
64933
64946
64957
64971
64982
64995
65006
65019
65031
65041
65053
65063
65076
65086
65098
65108
65120
65131
65143
65153
65165
65176
65188
65198
65210
65220
65233
65243
65255
65265
65277
65288
65300
65310
65322
65333
65345
65355
65367
65377
65390
65400
65412
65422
65434
65445
65457
65467
65479
65490
65502
65512
65524
65534
65547
65557
65569
65579
65591
65602
65614
65624
65636
65647
65659
65673
65686
65701
65714
65728
65741
65756
65769
65783
65796
65811
65824
65839
65851
65866
65879
65894
65906
65921
65934
65949
65962
65976
65989
66004
66017
66031
66044
66059
66072
66087
66099
66114
66127
66142
66154
66169
66182
66197
66210
66224
66237
66252
66265
66279
66292
66307
66320
66335
66347
66362
66375
66388
66400
66414
66426
66440
66452
66466
66478
66492
66504
66517
66529
66543
66555
66569
66581
66595
66607
66621
66633
66646
66658
66672
66684
66698
66710
66724
66736
66750
66762
66775
66787
66801
66813
66827
66839
66853
66865
66879
66891
66905
66916
66930
66942
66956
66968
66982
66994
67008
67020
67034
67045
67059
67071
67085
67098
67109
67123
67134
67148
67159
67173
67184
67197
67209
67222
67234
67247
67259
67272
67283
67297
67308
67322
67333
67347
67358
67372
67383
67396
67408
67421
67433
67447
67459
67474
67486
67500
67513
67527
67540
67554
67566
67581
67593
67608
67620
67634
67647
67661
67674
67688
67700
67715
67727
67742
67754
67768
67781
67795
67808
67821
67835
67848
67862
67874
67889
67901
67916
67928
67942
67955
67969
67982
67996
68008
68022
68034
68048
68060
68074
68086
68100
68112
68126
68138
68152
68164
68178
68190
68204
68217
68231
68243
68257
68269
68283
68295
68309
68321
68335
68347
68361
68373
68387
68399
68413
68425
68440
68452
68466
68478
68492
68504
68518
68530
68544
68556
68570
68582
68596
68608
68622
68634
68648
68660
68675
68687
68701
68713
68727
68739
68753
68765
68779
68791
68805
68819
68831
68846
68858
68872
68885
68899
68912
68926
68938
68953
68965
68979
68992
69006
69019
69033
69045
69060
69072
69086
69099
69113
69126
69140
69152
69167
69179
69193
69206
69220
69233
69247
69259
69274
69286
69300
69313
69327
69340
69354
69366
69381
69393
69408
69420
69434
69447
69461
69473
69488
69500
69515
69527
69541
69554
69568
69580
69595
69607
69620
69631
69645
69656
69669
69681
69694
69705
69719
69730
69743
69755
69768
69780
69793
69804
69818
69829
69842
69854
69867
69878
69892
69903
69916
69928
69941
69953
69966
69977
69991
70002
70015
70027
70040
70051
70065
70076
70089
70101
70114
70126
70139
70150
70164
70175
70188
70200
70213
70224
70238
70249
70262
70274
70287
70299
70312
70323
70337
70348
70361
70373
70386
70397
70411
