6
10
16
20
26
30
36
40
46
50
56
61
67
71
77
81
87
91
97
101
107
111
117
122
128
132
138
142
148
152
158
162
168
172
179
183
189
193
199
203
209
213
219
223
229
233
240
244
250
254
260
264
270
274
280
284
290
295
301
305
311
315
321
325
331
335
341
345
351
356
362
366
372
376
382
386
392
396
402
406
413
417
423
427
433
437
443
447
453
457
463
467
474
478
484
488
494
498
504
508
514
518
524
529
535
539
545
549
555
559
565
569
575
579
585
590
596
600
606
610
616
620
626
630
636
640
647
653
657
663
667
673
677
684
688
694
698
704
708
715
719
725
729
735
739
746
750
756
760
766
770
777
781
787
791
797
801
808
812
818
822
828
832
839
843
849
853
859
863
870
874
880
884
890
894
901
905
911
915
921
925
931
936
942
946
952
956
962
967
973
977
983
987
993
998
1004
1008
1014
1018
1024
1029
1035
1039
1045
1049
1055
1060
1066
1070
1076
1080
1086
1091
1097
1101
1107
1111
1117
1122
1128
1132
1138
1142
1148
1153
1159
1163
1169
1173
1179
1184
1190
1194
1200
1204
1210
1214
1221
1225
1231
1235
1241
1245
1252
1256
1262
1266
1272
1276
1283
1287
1293
1299
1304
1311
1316
1323
1328
1335
1340
1347
1352
1358
1363
1370
1375
1382
1387
1394
1399
1406
1411
1418
1422
1429
1434
1441
1446
1453
1458
1465
1470
1477
1482
1488
1493
1500
1505
1512
1517
1524
1529
1536
1541
1548
1552
1559
1564
1571
1576
1583
1588
1595
1600
1607
1612
1618
1623
1630
1635
1642
1647
1654
1659
1666
1671
1678
1682
1689
1694
1701
1706
1713
1718
1725
1730
1737
1742
1748
1753
1760
1765
1772
1777
1784
1789
1796
1801
1808
1812
1819
1824
1831
1836
1843
1848
1855
1860
1867
1873
1877
1883
1887
1893
1897
1903
1907
1913
1917
1923
1927
1933
1937
1943
1947
1953
1957
1963
1968
1974
1978
1984
1988
1994
1998
2004
2008
2014
2018
2024
2028
2034
2038
2044
2048
2054
2058
2064
2069
2075
2079
2085
2089
2095
2099
2105
2109
2115
2119
2125
2129
2135
2139
2145
2149
2155
2159
2165
2170
2176
2180
2186
2190
2196
2200
2206
2210
2216
2220
2226
2230
2236
2240
2246
2250
2256
2260
2266
2271
2277
2281
2287
2291
2297
2301
2307
2311
2317
2321
2327
2331
2337
2341
2347
2351
2357
2361
2367
2372
2378
2382
2388
2392
2398
2402
2408
2412
2418
2422
2428
2432
2438
2442
2448
2452
2458
2462
2469
2473
2479
2483
2489
2493
2499
2503
2509
2513
2519
2523
2529
2533
2539
2543
2549
2553
2559
2563
2570
2574
2580
2584
2590
2594
2600
2604
2610
2614
2620
2626
2630
2636
2641
2647
2651
2657
2662
2668
2672
2679
2683
2689
2693
2700
2704
2710
2715
2721
2725
2731
2736
2742
2746
2752
2757
2763
2767
2774
2778
2784
2788
2795
2799
2805
2810
2816
2820
2826
2831
2837
2841
2848
2852
2858
2862
2869
2873
2879
2883
2890
2894
2900
2905
2911
2915
2921
2926
2932
2936
2943
2947
2953
2957
2964
2968
2974
2978
2985
2989
2995
3000
3006
3010
3016
3021
3027
3031
3038
3042
3048
3052
3059
3063
3069
3074
3080
3084
3090
3095
3101
3105
3111
3116
3122
3126
3133
3137
3143
3147
3154
3158
3164
3169
3175
3179
3185
3190
3196
3200
3207
3211
3217
3221
3228
3232
3238
3242
3249
3253
3259
3264
3270
3275
3282
3287
3293
3298
3305
3310
3317
3321
3328
3333
3340
3345
3351
3356
3363
3368
3374
3379
3386
3391
3398
3402
3409
3414
3421
3426
3432
3437
3444
3449
3456
3460
3467
3472
3479
3483
3490
3495
3502
3507
3513
3518
3525
3530
3537
3541
3548
3553
3560
3565
3571
3576
3583
3588
3594
3599
3606
3611
3618
3622
3629
3634
3641
3646
3652
3657
3664
3669
3675
3680
3687
3692
3699
3703
3710
3715
3722
3727
3733
3738
3745
3750
3757
3761
3768
3773
3780
3784
3791
3796
3803
3808
3814
3819
3826
3831
3838
3842
3849
3854
3861
3866
3872
3877
3884
3889
3895
3900
3907
3912
3919
3923
3930
3935
3942
3947
3953
3959
3964
3971
3976
3983
3988
3995
4000
4007
4012
4019
4024
4031
4036
4043
4048
4055
4060
4067
4072
4079
4084
4091
4096
4103
4108
4115
4120
4127
4132
4139
4144
4151
4156
4163
4168
4175
4180
4187
4192
4199
4204
4211
4216
4223
4228
4235
4240
4247
4252
4259
4264
4271
4276
4283
4288
4295
4300
4307
4312
4319
4324
4331
4336
4343
4348
4354
4359
4366
4371
4378
4383
4390
4395
4402
4407
4414
4419
4426
4431
4438
4443
4450
4455
4462
4467
4474
4480
4487
4492
4499
4504
4512
4517
4524
4529
4536
4542
4549
4554
4561
4566
4574
4579
4586
4591
4598
4604
4611
4616
4623
4628
4636
4641
4648
4653
4660
4666
4673
4678
4685
4690
4698
4703
4710
4715
4722
4727
4735
4740
4747
4752
4759
4765
4772
4777
4784
4789
4797
4802
4809
4814
4821
4827
4834
4839
4846
4851
4859
4864
4871
4876
4883
4889
4896
4901
4908
4913
4921
4926
4933
4938
4945
4951
4958
4963
4970
4975
4982
4988
4995
5000
5007
5012
5020
5025
5032
5037
5044
5050
5057
5062
5069
5074
5082
5087
5094
5099
5106
5112
5119
5124
5131
5136
5144
5149
5156
5161
5168
5174
5181
5186
5193
5198
5206
5211
5218
5223
5230
5235
5241
5246
5253
5258
5264
5269
5276
5281
5287
5292
5299
5304
5311
5315
5322
5327
5334
5338
5345
5350
5357
5361
5368
5373
5380
5385
5391
5396
5403
5408
5414
5419
5426
5431
5438
5442
5449
5454
5461
5465
5472
5477
5484
5488
5495
5500
5507
5512
5518
5523
5530
5535
5541
5546
5553
5558
5565
5569
5576
5581
5588
5592
5599
5604
5611
5615
5622
5627
5634
5639
5645
5650
5657
5662
5668
5673
5680
5685
5691
5696
5703
5708
5715
5719
5726
5731
5738
5742
5749
5754
5761
5766
5772
5777
5784
5789
5795
5800
5807
5813
5817
5824
5828
5835
5839
5845
5850
5856
5861
5867
5871
5878
5882
5889
5893
5899
5904
5910
5915
5921
5925
5932
5936
5943
5947
5953
5958
5964
5969
5975
5979
5986
5990
5997
6001
6007
6012
6018
6023
6029
6033
6040
6044
6051
6055
6061
6066
6072
6077
6083
6087
6094
6098
6105
6109
6115
6120
6126
6131
6137
6141
6148
6152
6159
6163
6169
6174
6180
6185
6191
6195
6202
6206
6213
6217
6223
6228
6234
6239
6245
6249
6256
6260
6267
6271
6277
6282
6288
6293
6299
6303
6310
6314
6321
6325
6331
6336
6342
6347
6353
6357
6364
6368
6375
6379
6385
6392
6397
6404
6409
6417
6422
6429
6434
6442
6447
6454
6459
6466
6472
6479
6484
6491
6497
6504
6509
6516
6522
6529
6534
6541
6546
6554
6559
6566
6571
6579
6584
6591
6596
6604
6609
6616
6621
6628
6634
6641
6646
6653
6659
6666
6671
6678
6684
6691
6696
6703
6708
6716
6721
6728
6733
6741
6746
6753
6758
6766
6771
6778
6783
6790
6796
6803
6808
6815
6821
6828
6833
6840
6846
6853
6858
6865
6870
6878
6883
6890
6895
6903
6908
6915
6920
6928
6933
6940
6945
6952
6958
6965
6970
6977
6983
6990
6995
7002
7008
7014
7018
7024
7028
7034
7038
7045
7049
7055
7059
7065
7069
7075
7080
7086
7090
7096
7100
7106
7111
7117
7121
7127
7131
7137
7141
7148
7152
7158
7162
7168
7172
7179
7183
7189
7193
7199
7203
7209
7214
7220
7224
7230
7234
7240
7245
7251
7255
7261
7265
7271
7275
7282
7286
7292
7296
7302
7306
7312
7317
7323
7327
7333
7337
7343
7348
7354
7358
7364
7368
7374
7378
7385
7389
7395
7399
7405
7409
7416
7420
7426
7430
7436
7440
7446
7451
7457
7461
7467
7471
7477
7482
7488
7492
7498
7502
7508
7512
7519
7523
7529
7533
7539
7543
7550
7554
7560
7564
7570
7574
7580
7585
7591
7595
7601
7605
7611
7615
7621
7625
7632
7636
7642
7647
7653
7657
7664
7668
7674
7679
7685
7689
7696
7700
7706
7711
7717
7721
7728
7732
7738
7743
7749
7753
7760
7764
7771
7775
7781
7786
7792
7796
7803
7807
7813
7818
7824
7828
7835
7839
7845
7850
7856
7860
7867
7871
7877
7882
7888
7892
7899
7903
7909
7914
7920
7925
7931
7935
7942
7946
7952
7957
7963
7967
7974
7978
7984
7989
7995
7999
8006
8010
8016
8021
8027
8031
8038
8042
8048
8053
8059
8063
8070
8074
8081
8085
8091
8096
8102
8106
8113
8117
8123
8128
8134
8138
8145
8149
8155
8160
8166
8170
8177
8181
8187
8192
8198
8202
8209
8213
8220
8224
8230
8235
8241
8245
8252
8256
8262
8267
8273
8277
8284
8290
8295
8302
8307
8314
8319
8326
8330
8337
8342
8349
8354
8361
8366
8373
8377
8384
8389
8396
8401
8408
8413
8420
8424
8431
8436
8443
8448
8455
8460
8466
8471
8478
8483
8490
8495
8502
8507
8513
8518
8525
8530
8537
8542
8549
8554
8560
8565
8572
8577
8584
8589
8596
8601
8607
8612
8619
8624
8631
8636
8643
8647
8654
8659
8666
8671
8678
8683
8690
8694
8701
8706
8713
8718
8725
8730
8737
8741
8748
8753
8760
8765
8772
8777
8784
8788
8795
8800
8807
8812
8819
8824
8830
8835
8842
8847
8854
8859
8866
8871
8877
8882
8889
8894
8901
8906
8913
8918
8925
8930
8937
8942
8949
8954
8961
8966
8973
8978
8985
8990
8997
9002
9009
9013
9020
9025
9032
9037
9044
9049
9056
9061
9068
9073
9080
9085
9092
9097
9104
9109
9116
9121
9128
9133
9140
9145
9152
9156
9163
9168
9175
9180
9187
9192
9199
9204
9211
9216
9223
9228
9235
9240
9247
9252
9259
9264
9271
9276
9283
9288
9295
9299
9306
9311
9318
9323
9330
9335
9342
9347
9354
9359
9366
9371
9378
9383
9390
9395
9402
9407
9414
9419
9426
9432
9437
9443
9448
9455
9459
9466
9471
9477
9482
9489
9493
9500
9505
9511
9516
9523
9527
9534
9539
9545
9550
9557
9561
9568
9573
9579
9584
9591
9595
9602
9607
9613
9618
9625
9629
9636
9640
9647
9652
9658
9663
9670
9674
9681
9686
9692
9697
9704
9708
9715
9720
9726
9731
9738
9742
9749
9754
9760
9765
9772
9776
9783
9788
9794
9799
9806
9810
9817
9822
9828
9833
9840
9844
9851
9857
9862
9868
9873
9879
9884
9891
9895
9902
9906
9913
9918
9924
9929
9935
9940
9946
9951
9958
9962
9969
9973
9980
9985
9991
9996
10002
10007
10013
10018
10025
10029
10036
10040
10047
10052
10058
10063
10069
10074
10080
10085
10092
10096
10103
10107
10114
10119
10125
10130
10136
10141
10147
10152
10159
10163
10170
10174
10181
10186
10192
10197
10203
10208
10214
10219
10226
10230
10237
10241
10248
10253
10259
10264
10270
10275
10281
10286
10293
10297
10304
10308
10315
10320
10326
10331
10337
10342
10348
10353
10360
10364
10371
10375
10382
10387
10393
10398
10404
10409
10415
10420
10427
10431
10438
10442
10449
10454
10460
10465
10471
10476
10482
10487
10494
10498
10505
10509
10516
10521
10527
10532
10538
10543
10549
10554
10561
10565
10572
10579
10584
10592
10597
10604
10610
10617
10622
10630
10635
10642
10648
10655
10660
10668
10673
10680
10686
10693
10698
10706
10711
10718
10724
10731
10736
10744
10749
10756
10762
10769
10774
10782
10787
10794
10800
10807
10812
10820
10825
10832
10838
10845
10850
10858
10863
10870
10876
10883
10888
10896
10901
10908
10914
10921
10926
10934
10939
10947
10952
10959
10965
10972
10977
10985
10990
10997
11003
11009
11014
11021
11026
11033
11038
11045
11050
11057
11062
11069
11074
11081
11086
11093
11098
11105
11110
11117
11122
11128
11133
11140
11145
11152
11157
11164
11169
11176
11181
11188
11193
11200
11205
11212
11217
11224
11229
11236
11241
11248
11253
11258
11265
11270
11277
11282
11289
11294
11301
11306
11313
11318
11325
11330
11337
11342
11349
11354
11361
11366
11373
11378
11383
11390
11395
11402
11407
11414
11419
11426
11431
11438
11444
11448
11454
11458
11464
11468
11474
11478
11484
11489
11495
11499
11505
11509
11515
11519
11525
11529
11536
11540
11546
11550
11556
11560
11566
11570
11576
11580
11587
11591
11597
11601
11607
11611
11617
11621
11627
11632
11638
11642
11648
11652
11658
11662
11668
11672
11678
11683
11689
11693
11699
11703
11709
11713
11719
11723
11730
11734
11740
11744
11750
11754
11760
11764
11770
11775
11781
11785
11791
11795
11801
11805
11811
11815
11821
11826
11832
11836
11842
11846
11852
11856
11862
11866
11873
11877
11883
11887
11893
11897
11903
11907
11913
11918
11923
11929
11933
11939
11943
11949
11953
11959
11963
11970
11974
11980
11984
11990
11994
12000
12004
12010
12015
12021
12025
12031
12035
12041
12045
12051
12055
12061
12066
12072
12076
12082
12089
12094
12101
12106
12114
12119
12126
12131
12138
12144
12151
12156
12163
12168
12176
12181
12188
12193
12201
12206
12213
12218
12225
12231
12238
12243
12250
12255
12263
12268
12275
12280
12287
12293
12300
12305
12312
12318
12325
12330
12337
12342
12350
12355
12362
12367
12374
12380
12387
12392
12399
12404
12412
12417
12424
12429
12437
12442
12449
12454
12461
12467
12474
12479
12486
12491
12499
12504
12511
12516
12522
12527
12534
12538
12545
12550
12557
12561
12568
12573
12579
12584
12591
12596
12602
12607
12614
12619
12625
12630
12637
12641
12648
12653
12660
12664
12671
12676
12683
12687
12694
12699
12705
12710
12717
12722
12728
12733
12740
12745
12751
12756
12763
12767
12774
12779
12786
12790
12797
12802
12808
12813
12820
12825
12831
12836
12843
12848
12854
12859
12866
12870
12877
12882
12889
12893
12900
12905
12912
12916
12923
12928
12934
12939
12946
12951
12957
12962
12969
12974
12980
12985
12992
12996
13003
13008
13015
13019
13026
13031
13037
13042
13049
13054
13060
13065
13072
13077
13083
13088
13095
13099
13106
13111
13118
13122
13129
13134
13141
13145
13152
13157
13163
13167
13173
13177
13183
13187
13193
13197
13203
13207
13213
13217
13223
13227
13233
13237
13243
13247
13253
13257
13263
13267
13273
13278
13284
13288
13294
13298
13304
13308
13314
13318
13324
13328
13334
13338
13344
13348
13354
13358
13364
13368
13374
13378
13384
13388
13394
13399
13405
13409
13415
13419
13425
13429
13435
13439
13445
13449
13455
13459
13465
13469
13475
13479
13485
13489
13495
13499
13505
13509
13515
13520
13526
13530
13536
13540
13546
13550
13556
13560
13566
13570
13576
13580
13586
13590
13596
13600
13606
13610
13616
13620
13626
13631
13638
13643
13650
13654
13661
13666
13673
13678
13685
13689
13696
13701
13708
13713
13720
13724
13731
13736
13743
13748
13755
13759
13766
13771
13778
13783
13790
13794
13801
13806
13813
13818
13824
13829
13836
13841
13848
13853
13859
13864
13871
13876
13883
13888
13894
13899
13906
13911
13918
13923
13929
13934
13941
13946
13953
13958
13964
13969
13976
13981
13988
13992
13999
14004
14011
14016
14023
14027
14034
14039
14046
14051
14058
14062
14069
14074
14081
14086
14093
14097
14104
14109
14116
14121
14128
14132
14139
14144
14151
14156
14163
14167
14174
14179
14186
14191
14197
14202
14209
14214
14221
14226
14232
14237
14244
14249
14256
14261
14267
14272
14279
14284
14291
14296
14302
14307
14314
14319
14326
14331
14337
14342
14349
14354
14361
14365
14372
14377
14384
14389
14395
14399
14405
14409
14415
14419
14425
14429
14435
14439
14445
14449
14455
14459
14466
14470
14476
14480
14486
14490
14496
14500
14506
14510
14516
14520
14526
14530
14536
14541
14547
14551
14557
14561
14567
14571
14577
14581
14587
14591
14597
14601
14607
14611
14618
14622
14628
14632
14638
14642
14648
14652
14658
14662
14668
14672
14678
14682
14688
14693
14699
14703
14709
14713
14719
14723
14729
14733
14739
14743
14749
14753
14759
14764
14769
14775
14779
14785
14789
14795
14799
14805
14809
14815
14819
14825
14829
14835
14840
14846
14850
14856
14860
14866
14870
14876
14880
14886
14890
14896
14900
14906
14910
14917
14921
14927
14931
14937
14941
14947
14951
14957
14961
14967
14971
14977
14981
14987
14992
14998
15002
15008
15012
15018
15022
15028
15032
15038
15042
15048
15052
15058
15062
15069
15073
15079
15083
15089
15093
15099
15103
15109
15113
15119
15125
15130
15137
15142
15148
15153
15160
15165
15171
15176
15183
15188
15195
15199
15206
15211
15218
15222
15229
15234
15241
15246
15252
15257
15264
15269
15275
15280
15287
15292
15299
15303
15310
15315
15322
15326
15333
15338
15345
15349
15356
15361
15368
15373
15379
15384
15391
15396
15402
15407
15414
15419
15426
15430
15437
15442
15449
15453
15460
15465
15472
15477
15483
15488
15495
15500
15506
15511
15518
15523
15530
15534
15541
15546
15553
15557
15564
15569
15576
15580
15587
15592
15599
15604
15610
15615
15621
15626
15633
15638
15645
15650
15657
15661
15668
15673
15680
15685
15692
15697
15703
15708
15715
15720
15727
15732
15739
15743
15750
15755
15762
15767
15774
15779
15786
15790
15797
15802
15809
15814
15821
15826
15832
15837
15844
15849
15856
15861
15868
15872
15879
15884
15891
15896
15903
15908
15914
15919
15926
15931
15938
15943
15950
15955
15961
15966
15973
15978
15985
15990
15997
16001
16008
16013
16020
16025
16032
16037
16043
16048
16055
16060
16067
16072
16079
16083
16090
16095
16101
16106
16112
16117
16124
16128
16135
16140
16146
16151
16158
16162
16169
16173
16180
16185
16191
16196
16203
16207
16214
16219
16225
16230
16236
16241
16248
16252
16259
16264
16270
16275
16282
16286
16293
16297
16304
16309
16315
16320
16327
16331
16338
16343
16349
16354
16360
16365
16372
16376
16383
16388
16394
16399
16406
16410
16417
16421
16428
16433
16439
16444
16451
16455
16462
16467
16473
16478
16484
16489
16496
16500
16507
16512
16518
16523
16530
16534
16541
16545
16552
16557
16563
16568
16575
16579
16586
16591
16597
16602
16608
16613
16620
16624
16631
16636
16642
16647
16653
16658
16665
16669
16676
16680
16687
16692
16698
16703
16709
16714
16721
16725
16732
16736
16743
16748
16754
16759
16765
16770
16777
16781
16788
16793
16799
16804
16810
16815
16822
16826
16833
16837
16844
16849
16855
16860
16866
16871
16878
16882
16889
16893
16900
16905
16911
16916
16922
16927
16934
16938
16945
16950
16956
16961
16967
16972
16979
16983
16990
16994
17001
17006
17012
17017
17023
17028
17035
17039
17046
17050
17057
17062
17068
17073
17079
17084
17091
17095
17102
17107
17113
17118
17124
17129
17136
17140
17147
17151
17158
17163
17169
17174
17180
17185
17192
17196
17203
17207
17214
17219
17225
17230
17236
17241
17248
17252
17259
17264
17270
17275
17281
17286
17293
17297
17304
17308
17315
17320
17326
17331
17337
17342
17349
17353
17359
17363
17370
17374
17381
17385
17392
17396
17403
17407
17414
17418
17425
17429
17436
17440
17447
17451
17458
17462
17469
17473
17480
17484
17491
17495
17502
17506
17513
17517
17524
17528
17535
17539
17546
17550
17557
17561
17568
17572
17579
17583
17590
17594
17601
17605
17612
17616
17622
17627
17633
17638
17644
17649
17655
17660
17666
17671
17677
17682
17688
17693
17699
17704
17710
17715
17721
17726
17732
17737
17743
17748
17754
17759
17765
17771
17775
17781
17785
17792
17796
17802
17806
17813
17817
17823
17827
17834
17838
17844
17848
17855
17859
17865
17869
17875
17880
17886
17890
17896
17901
17907
17911
17917
17922
17928
17932
17938
17943
17949
17953
17959
17963
17970
17974
17980
17984
17991
17995
18001
18005
18012
18016
18022
18026
18033
18037
18043
18047
18053
18058
18064
18068
18074
18079
18085
18089
18095
18100
18106
18110
18116
18121
18127
18131
18137
18141
18148
18152
18158
18162
18169
18173
18179
18183
18190
18194
18200
18204
18211
18215
18221
18225
18231
18236
18242
18246
18252
18257
18263
18267
18273
18278
18284
18288
18293
18297
18303
18307
18313
18317
18323
18327
18333
18337
18343
18347
18353
18357
18363
18367
18373
18377
18383
18387
18393
18397
18403
18407
18413
18417
18423
18427
18433
18437
18443
18447
18453
18457
18463
18467
18473
18477
18483
18487
18493
18497
18503
18507
18513
18517
18523
18527
18533
18537
18543
18547
18553
18557
18563
18567
18573
18577
18583
18587
18593
18597
18603
18607
18613
18617
18623
18627
18633
18637
18643
18647
18653
18657
18663
18667
18673
18677
18683
18687
18693
18697
18703
18707
18713
18717
18723
18727
18733
18737
18743
18747
18753
18757
18763
18767
18772
18776
18782
18786
18792
18796
18802
18806
18812
18816
18822
18826
18832
18836
18842
18846
18852
18856
18862
18866
18872
18876
18882
18886
18892
18896
18902
18906
18912
18916
18922
18926
18932
18936
18942
18946
18951
18955
18961
18965
18971
18975
18981
18985
18991
18995
19001
19005
19011
19015
19021
19025
19031
19035
19041
19045
19051
19054
19060
19064
19070
19074
19080
19084
19090
19094
19100
19104
19110
19114
19120
19124
19130
19134
19140
19144
19150
19154
19159
19163
19169
19173
19179
19183
19189
19193
19199
19203
19209
19213
19219
19223
19229
19233
19239
19243
19249
19253
19259
19262
19268
19272
19278
19282
19288
19292
19298
19302
19308
19312
19318
19322
19328
19332
19338
19342
19348
19352
19358
19362
19367
19371
19377
19381
19387
19391
19397
19401
19407
19411
19417
19421
19427
19431
19437
19441
19447
19451
19457
19461
19467
19470
19476
19480
19486
19490
19496
19500
19506
19510
19516
19520
19526
19530
19536
19540
19546
19550
19556
19560
19566
19570
19575
19579
19585
19589
19595
19599
19605
19609
19615
19619
19625
19629
19635
19639
19645
19649
19655
19659
19665
19669
19675
19678
19684
19688
19694
19698
19704
19708
19714
19718
19724
19728
19735
19740
19747
19753
19760
19765
19772
19778
19785
19790
19798
19803
19810
19815
19823
19828
19835
19841
19848
19853
19860
19866
19873
19878
19886
19891
19898
19903
19911
19916
19923
19929
19936
19941
19948
19954
19961
19966
19974
19979
19986
19991
19999
20004
20011
20017
20024
20029
20036
20042
20049
20054
20061
20067
20074
20079
20087
20092
20099
20104
20112
20117
20124
20130
20137
20142
20149
20155
20162
20167
20174
20179
20186
20192
20199
20204
20212
20217
20224
20230
20237
20242
20250
20255
20262
20267
20275
20280
20287
20293
20300
20305
20313
20318
20325
20331
20338
20343
20351
20356
20363
20368
20376
20381
20388
20394
20401
20406
20414
20419
20426
20432
20439
20444
20452
20457
20464
20469
20477
20482
20489
20495
20502
20507
20515
20520
20527
20533
20540
20545
20553
20558
20565
20570
20578
20583
20590
20596
20603
20608
20615
20620
20627
20632
20639
20644
20651
20656
20663
20668
20675
20680
20687
20692
20699
20704
20711
20716
20723
20728
20735
20740
20747
20752
20759
20764
20771
20776
20783
20788
20795
20800
20807
20812
20819
20824
20831
20836
20843
20848
20855
20860
20867
20872
20879
20884
20891
20896
20903
20908
20915
20920
20927
20932
20939
20944
20951
20956
20963
20968
20975
20980
20987
20992
20999
21004
21011
21016
21023
21028
21035
21040
21047
21052
21059
21064
21071
21076
21083
21088
21095
21101
21108
21113
21120
21125
21132
21137
21144
21149
21156
21161
21168
21173
21180
21185
21192
21197
21204
21209
21216
21221
21228
21233
21240
21245
21252
21257
21264
21269
21276
21281
21288
21293
21300
21305
21312
21317
21324
21329
21336
21341
21348
21353
21360
21365
21372
21377
21384
21390
21394
21400
21405
21411
21415
21421
21426
21432
21436
21442
21447
21453
21457
21463
21468
21474
21478
21484
21489
21495
21499
21505
21510
21516
21520
21526
21531
21537
21541
21547
21552
21558
21562
21568
21573
21579
21583
21589
21594
21600
21604
21611
21615
21621
21625
21632
21636
21642
21646
21653
21657
21663
21667
21674
21678
21684
21688
21695
21699
21705
21709
21716
21720
21726
21730
21737
21741
21747
21751
21758
21762
21768
21772
21779
21783
21789
21793
21800
21804
21810
21815
21821
21827
21831
21837
21842
21848
21852
21859
21863
21869
21874
21880
21884
21891
21895
21901
21906
21912
21916
21923
21927
21933
21938
21944
21948
21955
21959
21965
21970
21976
21980
21987
21991
21997
22002
22008
22012
22019
22023
22029
22034
22040
22044
22051
22055
22061
22066
22072
22076
22082
22087
22093
22097
22104
22108
22114
22119
22125
22129
22136
22140
22146
22151
22157
22161
22168
22172
22178
22183
22189
22193
22200
22204
22210
22215
22221
22225
22232
22236
22242
22247
22253
22257
22264
22268
22274
22279
22285
22289
22296
22300
22306
22311
22317
22321
22327
22332
22338
22342
22349
22353
22359
22364
22370
22374
22381
22385
22391
22396
22402
22406
22413
22417
22423
22428
22434
22438
22445
22449
22455
22460
22466
22472
22476
22482
22487
22493
22497
22503
22508
22514
22518
22524
22529
22535
22539
22545
22550
22556
22560
22566
22571
22577
22581
22587
22592
22598
22602
22608
22613
22619
22623
22629
22634
22640
22644
22650
22655
22661
22665
22671
22676
22682
22686
22693
22697
22703
22707
22714
22718
22724
22728
22735
22739
22745
22749
22756
22760
22766
22770
22777
22781
22787
22791
22798
22802
22808
22812
22819
22823
22829
22833
22840
22844
22850
22854
22861
22865
22871
22875
22882
22886
22892
22897
22903
22907
22913
22918
22924
22928
22934
22939
22945
22949
22955
22960
22966
22970
22976
22981
22987
22991
22997
23002
23008
23012
23018
23023
23029
23033
23039
23044
23050
23054
23060
23065
23071
23075
23081
23086
23092
23096
23103
23107
23113
23117
23124
23128
23134
23138
23145
23149
23155
23159
23166
23170
23176
23180
23187
23191
23197
23201
23208
23212
23217
23221
23227
23231
23237
23241
23247
23251
23257
23261
23267
23271
23277
23281
23287
23291
23297
23300
23306
23310
23316
23320
23326
23330
23336
23340
23346
23350
23356
23360
23366
23370
23376
23380
23385
23389
23395
23399
23405
23409
23415
23419
23425
23429
23435
23439
23445
23449
23455
23459
23465
23469
23474
23478
23484
23488
23494
23498
23504
23508
23514
23518
23524
23528
23534
23538
23544
23548
23554
23557
23563
23567
23573
23577
23583
23587
23593
23597
23603
23607
23613
23617
23623
23627
23633
23637
23642
23646
23652
23656
23662
23666
23672
23676
23682
23686
23692
23696
23702
23706
23712
23716
23722
23726
23731
23735
23741
23745
23751
23755
23761
23765
23771
23775
23781
23785
23791
23795
23801
23805
23811
23814
23820
23824
23830
23834
23840
23844
23850
23854
23860
23864
23870
23874
23880
23884
23890
23894
23899
23903
23909
23913
23919
23923
23929
23933
23939
23943
23949
23953
23959
23963
23969
23973
23979
23983
23988
23994
23998
24004
24009
24015
24019
24026
24030
24036
24041
24047
24051
24058
24062
24068
24073
24079
24083
24090
24094
24100
24104
24111
24115
24121
24126
24132
24136
24143
24147
24153
24158
24164
24168
24175
24179
24185
24190
24196
24200
24206
24211
24217
24221
24228
24232
24238
24243
24249
24253
24260
24264
24270
24275
24281
24285
24292
24296
24302
24307
24313
24317
24323
24328
24334
24338
24345
24349
24355
24360
24366
24370
24377
24381
24387
24392
24398
24402
24409
24413
24419
24423
24430
24434
24440
24445
24451
24455
24462
24466
24472
24477
24483
24487
24494
24498
24504
24509
24515
24519
24525
24530
24536
24540
24547
24551
24557
24562
24568
24572
24579
24583
24589
24594
24600
24604
24611
24615
24621
24626
24632
24636
24642
24647
24653
24657
24664
24668
24674
24679
24685
24691
24696
24702
24707
24713
24718
24724
24729
24735
24740
24747
24751
24758
24762
24769
24773
24780
24784
24791
24796
24802
24807
24813
24818
24824
24829
24835
24840
24846
24851
24858
24862
24869
24873
24880
24884
24891
24895
24902
24907
24913
24918
24924
24929
24935
24940
24946
24951
24957
24962
24969
24973
24980
24984
24991
24995
25002
25006
25013
25018
25024
25029
25035
25040
25046
25051
25057
25062
25068
25073
25080
25084
25091
25095
25102
25106
25113
25117
25124
25129
25135
25140
25146
25151
25157
25162
25168
25173
25179
25184
25191
25195
25202
25206
25213
25217
25224
25228
25235
25240
25246
25251
25257
25262
25268
25273
25279
25284
25290
25295
25302
25306
25313
25317
25324
25328
25335
25342
25347
25354
25359
25367
25372
25379
25384
25392
25397
25404
25409
25417
25422
25429
25434
25442
25447
25454
25459
25466
25472
25479
25484
25491
25497
25504
25509
25516
25522
25529
25534
25541
25547
25554
25559
25566
25572
25579
25584
25591
25596
25604
25609
25616
25621
25629
25634
25641
25646
25654
25659
25666
25671
25679
25684
25691
25696
25703
25709
25716
25721
25728
25734
25740
25744
25750
25754
25760
25764
25770
25774
25780
25784
25790
25794
25800
25804
25810
25814
25820
25824
25830
25834
25840
25844
25850
25854
25860
25864
25870
25874
25880
25884
25890
25895
25901
25905
25911
25915
25921
25925
25931
25935
25941
25945
25951
25955
25961
25965
25971
25975
25981
25985
25991
25995
26001
26005
26011
26015
26021
26025
26031
26035
26041
26045
26051
26056
26062
26066
26072
26076
26082
26086
26092
26096
26102
26106
26112
26116
26122
26126
26132
26136
26142
26146
26152
26156
26162
26166
26172
26176
26182
26186
26192
26196
26202
26206
26212
26217
26223
26227
26233
26237
26243
26248
26255
26260
26267
26272
26278
26283
26290
26295
26302
26307
26314
26318
26325
26330
26337
26342
26349
26354
26360
26365
26372
26377
26384
26389
26396
26400
26407
26412
26419
26424
26431
26436
26442
26447
26454
26459
26466
26471
26477
26482
26489
26494
26501
26506
26513
26517
26524
26529
26536
26541
26548
26553
26559
26564
26571
26576
26583
26588
26595
26599
26606
26611
26618
26623
26630
26635
26641
26646
26653
26658
26665
26670
26677
26684
26689
26697
26702
26709
26715
26722
26727
26735
26740
26747
26753
26760
26765
26773
26778
26785
26791
26798
26803
26811
26816
26823
26829
26836
26841
26849
26854
26861
26867
26874
26879
26887
26892
26899
26905
26912
26917
26925
26930
26937
26943
26950
26955
26963
26968
26975
26981
26988
26993
27001
27006
27013
27019
27026
27031
27039
27044
27052
27057
27064
27070
27077
27082
27090
27095
27102
27108
27115
27120
27128
27134
27138
27144
27149
27155
27159
27165
27170
27176
27180
27187
27191
27197
27201
27208
27212
27218
27222
27229
27233
27239
27244
27250
27254
27260
27265
27271
27275
27281
27286
27292
27296
27303
27307
27313
27317
27324
27328
27334
27338
27345
27349
27355
27360
27366
27370
27376
27381
27387
27391
27398
27402
27408
27412
27419
27423
27429
27433
27440
27444
27450
27455
27461
27465
27471
27476
27482
27486
27492
27497
27503
27507
27514
27518
27524
27528
27535
27539
27545
27549
27556
27560
27566
27571
27577
27581
27587
27592
27598
27602
27608
27613
27619
27623
27630
27634
27640
27644
27651
27655
27661
27666
27672
27676
27682
27687
27693
27697
27703
27708
27714
27718
27725
27729
27735
27739
27746
27750
27756
27760
27767
27771
27777
27782
27788
27792
27798
27803
27809
27813
27819
27824
27830
27834
27841
27845
27851
27855
27862
27866
27872
27877
27883
27887
27893
27897
27903
27907
27913
27918
27924
27928
27934
27938
27945
27949
27955
27959
27965
27969
27976
27980
27986
27990
27996
28001
28007
28011
28017
28021
28027
28032
28038
28042
28048
28052
28059
28063
28069
28073
28079
28083
28090
28094
28100
28104
28110
28115
28121
28125
28131
28135
28141
28146
28152
28156
28162
28166
28173
28177
28183
28187
28193
28198
28204
28208
28214
28218
28224
28229
28235
28239
28245
28249
28256
28260
28266
28270
28276
28280
28287
28291
28297
28301
28307
28312
28318
28322
28328
28332
28338
28343
28349
28353
28359
28363
28370
28374
28380
28384
28390
28394
28401
28405
28411
28415
28421
28426
28432
28436
28442
28446
28453
28459
28464
28470
28475
28481
28486
28492
28497
28503
28508
28514
28519
28525
28530
28536
28541
28547
28552
28558
28563
28569
28574
28580
28585
28591
28596
28602
28607
28613
28618
28624
28629
28635
28640
28646
28651
28657
28662
28668
28673
28679
28684
28690
28695
28701
28706
28712
28717
28723
28728
28734
28739
28745
28750
28756
28761
28767
28772
28778
28783
28789
28794
28800
28805
28811
28816
28822
28827
28833
28838
28844
28849
28855
28860
28866
28871
28877
28882
28888
28893
28900
28904
28911
28915
28922
28927
28933
28938
28944
28949
28956
28960
28967
28971
28978
28982
28989
28994
29000
29005
29011
29016
29023
29027
29034
29038
29045
29050
29056
29061
29067
29072
29078
29083
29090
29094
29101
29105
29112
29117
29123
29128
29134
29139
29146
29150
29157
29161
29168
29172
29179
29184
29190
29195
29201
29206
29213
29217
29224
29228
29235
29240
29246
29251
29257
29262
29269
29273
29280
29284
29291
29295
29302
29307
29313
29318
29324
29329
29336
29340
29347
29351
29358
29363
29369
29374
29380
29385
29391
29396
29403
29407
29414
29418
29425
29430
29436
29441
29447
29452
29459
29463
29470
29474
29481
29485
29492
29497
29503
29508
29514
29519
29526
29530
29537
29541
29548
29553
29559
29564
29570
29575
29582
29586
29593
29597
29604
29608
29615
29621
29626
29633
29638
29644
29649
29656
29661
29668
29672
29679
29684
29691
29696
29702
29707
29714
29719
29726
29730
29737
29742
29749
29754
29760
29765
29772
29777
29784
29788
29795
29800
29807
29812
29818
29823
29830
29835
29841
29846
29853
29858
29865
29869
29876
29881
29888
29893
29899
29904
29911
29916
29923
29927
29934
29939
29946
29951
29957
29962
29969
29974
29981
29985
29992
29997
30004
30009
30015
30020
30027
30032
30038
30043
30050
30055
30062
30066
30073
30078
30085
30090
30096
30101
30108
30113
30120
30124
30131
30136
30142
30146
30153
30157
30164
30168
30175
30179
30186
30190
30197
30201
30208
30212
30219
30223
30230
30234
30241
30245
30252
30256
30263
30267
30274
30278
30285
30289
30296
30300
30307
30311
30318
30322
30329
30333
30340
30344
30351
30355
30362
30366
30373
30377
30384
30388
30395
30399
30406
30410
30417
30421
30428
30432
30439
30443
30450
30454
30461
30465
30472
30476
30483
30487
30494
30498
30505
30509
30516
30520
30527
30531
30538
30542
30549
30553
30560
30564
30571
30575
30582
30586
30593
30597
30604
30608
30615
30619
30626
30630
30637
30641
30648
30652
30659
30663
30670
30674
30681
30685
30692
30696
30703
30707
30714
30718
30725
30729
30736
30740
30747
30751
30758
30762
30769
30773
30780
30784
30789
30794
30799
30804
30809
30814
30819
30824
30829
30834
30839
30844
30849
30854
30859
30864
30869
30874
30879
30884
30889
30894
30899
30904
30909
30914
30919
30924
30929
30934
30939
30944
30949
30954
30959
30964
30969
30974
30979
30984
30989
30994
30999
31004
31009
31014
31019
31024
31029
31034
31039
31044
31049
31054
31059
31064
31069
31074
31079
31084
31089
31094
31099
31104
31109
31114
31119
31124
31129
31134
31139
31144
31149
31154
31159
31164
31169
31174
31179
31184
31189
31194
31199
31204
31209
31214
31219
31224
31229
31234
31239
31244
31249
31254
31259
31264
31269
31274
31279
31284
31289
31294
31299
31304
31309
31314
31319
31324
31329
31334
31339
31344
31349
31354
31359
31364
31369
31374
31379
31384
31389
31394
31399
31404
31409
31414
31419
31424
31429
31434
31439
31444
31450
31454
31461
31465
31472
31476
31482
31487
31493
31498
31504
31508
31515
31519
31526
31530
31536
31541
31547
31552
31558
31562
31569
31573
31580
31584
31591
31595
31601
31606
31612
31617
31623
31627
31634
31638
31645
31649
31655
31660
31666
31671
31677
31681
31688
31692
31699
31703
31709
31714
31720
31725
31731
31736
31742
31746
31753
31757
31764
31768
31774
31779
31785
31790
31796
31800
31807
31811
31818
31822
31828
31833
31839
31844
31850
31854
31861
31865
31872
31876
31883
31887
31893
31898
31904
31909
31915
31919
31926
31930
31937
31941
31947
31952
31958
31963
31969
31973
31980
31984
31991
31995
32002
32006
32012
32017
32023
32028
32034
32038
32045
32049
32056
32060
32066
32071
32077
32082
32088
32092
32099
32103
32110
32114
32120
32125
32131
32136
32142
32147
32153
32157
32164
32168
32175
32179
32185
32190
32196
32201
32207
32211
32218
32225
32230
32237
32242
32250
32255
32262
32267
32275
32280
32287
32292
32300
32305
32312
32317
32325
32330
32337
32342
32349
32355
32362
32367
32374
32380
32387
32392
32399
32405
32412
32417
32424
32430
32437
32442
32449
32455
32462
32467
32474
32479
32487
32492
32499
32504
32512
32517
32524
32529
32537
32542
32549
32554
32562
32567
32574
32579
32586
32592
32599
32604
32611
32617
32624
32629
32636
32642
32649
32654
32661
32667
32674
32679
32686
32692
32698
32702
32708
32712
32718
32723
32729
32733
32739
32743
32750
32754
32760
32764
32770
32775
32781
32785
32791
32795
32801
32806
32812
32816
32822
32826
32833
32837
32843
32847
32853
32858
32864
32868
32874
32878
32885
32889
32895
32899
32905
32909
32916
32920
32926
32930
32936
32941
32947
32951
32957
32961
32968
32972
32978
32982
32988
32993
32999
33003
33009
33013
33019
33024
33030
33034
33040
33044
33051
33055
33061
33065
33071
33076
33082
33086
33092
33096
33103
33107
33113
33117
33123
33127
33134
33138
33144
33148
33154
33159
33165
33169
33175
33179
33186
33190
33196
33200
33206
33211
33217
33221
33227
33231
33237
33242
33248
33252
33258
33262
33269
33273
33279
33283
33289
33294
33300
33304
33310
33317
33322
33329
33334
33341
33346
33353
33358
33365
33370
33377
33382
33389
33394
33401
33406
33413
33418
33425
33430
33437
33442
33449
33454
33461
33466
33473
33478
33485
33490
33497
33502
33509
33514
33521
33526
33534
33539
33546
33551
33558
33563
33570
33575
33582
33587
33594
33599
33606
33611
33618
33623
33630
33635
33642
33647
33654
33659
33666
33671
33678
33683
33690
33695
33702
33707
33714
33719
33726
33731
33738
33743
33750
33756
33763
33768
33775
33780
33787
33792
33799
33804
33811
33816
33823
33828
33835
33840
33847
33852
33859
33864
33871
33876
33883
33890
33895
33902
33907
33914
33919
33926
33932
33939
33944
33951
33956
33963
33968
33975
33981
33988
33993
34000
34005
34012
34017
34025
34030
34037
34042
34049
34054
34061
34066
34074
34079
34086
34091
34098
34103
34110
34116
34123
34128
34135
34140
34147
34152
34159
34165
34172
34177
34184
34189
34196
34201
34208
34214
34221
34226
34233
34238
34245
34250
34258
34263
34270
34275
34282
34287
34294
34299
34307
34312
34319
34324
34331
34336
34343
34349
34356
34361
34368
34373
34380
34385
34392
34398
34405
34410
34417
34422
34429
34434
34441
34447
34454
34459
34466
34471
34478
34483
34491
34496
34503
34508
34515
34520
34526
34530
34536
34540
34547
34551
34557
34561
34567
34572
34578
34582
34588
34592
34599
34603
34609
34613
34619
34624
34630
34634
34640
34644
34651
34655
34661
34665
34671
34676
34682
34686
34692
34696
34703
34707
34713
34717
34723
34728
34734
34738
34744
34748
34755
34759
34765
34769
34775
34780
34786
34790
34796
34801
34807
34811
34817
34821
34828
34832
34838
34842
34848
34853
34859
34863
34869
34873
34880
34884
34890
34894
34900
34905
34911
34915
34921
34925
34932
34936
34942
34946
34952
34957
34963
34967
34973
34977
34984
34988
34994
34998
35004
35009
35015
35019
35025
35029
35036
35040
35046
35050
35056
35061
35067
35071
35077
35082
35088
35092
35098
35102
35109
35113
35119
35123
35129
35134
35140
35144
35150
35154
35161
35165
35171
35175
35181
35186
35192
35196
35202
35206
35213
35217
35223
35227
35233
35238
35244
35248
35254
35258
35265
35269
35275
35279
35285
35290
35296
35300
35306
35311
35318
35323
35330
35335
35341
35346
35353
35358
35365
35370
35376
35381
35388
35393
35400
35405
35411
35416
35423
35428
35435
35440
35446
35451
35458
35463
35470
35475
35482
35486
35493
35498
35505
35510
35517
35521
35528
35533
35540
35545
35552
35556
35563
35568
35575
35580
35587
35591
35598
35603
35610
35615
35622
35627
35633
35638
35645
35650
35657
35662
35668
35673
35680
35685
35692
35697
35703
35708
35715
35720
35727
35732
35738
35743
35747
35753
35757
35763
35767
35773
35777
35783
35787
35793
35797
35803
35807
35813
35817
35823
35827
35833
35837
35843
35847
35853
35857
35863
35867
35873
35877
35883
35887
35893
35897
35903
35907
35913
35917
35923
35927
35933
35937
35943
35947
35953
35957
35963
35967
35973
35977
35983
35987
35993
35997
36003
36006
36012
36016
36022
36026
36032
36036
36042
36046
36052
36056
36062
36066
36072
36076
36082
36086
36092
36096
36102
36106
36112
36116
36122
36126
36132
36136
36142
36146
36152
36156
36162
36166
36172
36176
36182
36186
36192
36196
36202
36206
36212
36216
36222
36226
36232
36236
36242
36246
36252
36256
36262
36266
36272
36275
36281
36285
36291
36295
36301
36305
36311
36315
36321
36325
36331
36335
36341
36345
36351
36355
36361
36365
36371
36375
36381
36385
36391
36395
36401
36405
36411
36415
36421
36425
36431
36435
36441
36445
36451
36455
36461
36465
36471
36475
36481
36485
36491
36495
36501
36506
36512
36517
36523
36528
36535
36539
36546
36550
36557
36562
36568
36573
36579
36584
36590
36595
36602
36606
36613
36617
36624
36629
36635
36640
36646
36651
36657
36662
36669
36673
36680
36684
36691
36696
36702
36707
36713
36718
36724
36729
36736
36740
36747
36751
36758
36763
36769
36774
36780
36785
36791
36796
36803
36807
36814
36818
36825
36830
36836
36841
36847
36852
36858
36863
36870
36874
36881
36885
36892
36897
36903
36908
36914
36919
36925
36930
36937
36941
36948
36952
36959
36964
36970
36975
36981
36986
36992
36997
37004
37008
37015
37019
37026
37031
37037
37042
37048
37053
37059
37064
37071
37075
37081
37085
37091
37095
37101
37105
37111
37115
37121
37125
37131
37135
37141
37145
37151
37155
37161
37165
37171
37175
37181
37185
37191
37195
37201
37205
37211
37215
37221
37225
37231
37235
37241
37245
37251
37255
37261
37265
37271
37275
37281
37285
37291
37295
37301
37305
37311
37315
37321
37325
37331
37335
37341
37345
37351
37355
37361
37365
37371
37375
37381
37385
37391
37395
37401
37405
37411
37415
37421
37425
37431
37435
37441
37445
37451
37455
37461
37465
37471
37475
37481
37488
37493
37500
37505
37512
37518
37525
37530
37537
37542
37550
37555
37562
37567
37574
37580
37587
37592
37599
37604
37611
37617
37624
37629
37636
37641
37649
37654
37661
37666
37673
37679
37686
37691
37698
37703
37710
37716
37723
37728
37735
37740
37748
37753
37760
37765
37772
37778
37785
37790
37797
37802
37810
37815
37822
37827
37834
37839
37847
37852
37859
37864
37871
37877
37884
37889
37896
37901
37909
37914
37921
37926
37933
37938
37946
37951
37958
37963
37970
37976
37983
37988
37995
38000
38008
38013
38020
38025
38032
38037
38045
38050
38057
38062
38069
38075
38082
38087
38094
38099
38107
38112
38119
38124
38131
38137
38144
38149
38156
38161
38168
38173
38180
38185
38192
38197
38204
38209
38216
38221
38228
38233
38240
38245
38252
38257
38264
38269
38276
38281
38288
38293
38300
38305
38312
38317
38324
38329
38336
38341
38348
38353
38360
38365
38372
38377
38384
38389
38396
38401
38408
38414
38421
38426
38433
38438
38445
38450
38457
38462
38469
38474
38481
38486
38493
38498
38505
38510
38517
38522
38529
38534
38541
38546
38553
38558
38565
38570
38577
38582
38589
38594
38601
38606
38613
38618
38625
38630
38637
38642
38649
38654
38661
38667
38674
38679
38686
38691
38698
38703
38710
38715
38722
38727
38734
38739
38746
38751
38758
38763
38770
38775
38782
38787
38794
38799
38806
38811
38818
38823
38830
38835
38842
38847
38854
38859
38866
38871
38878
38883
38890
38895
38902
38907
38915
38920
38927
38932
38939
38944
38951
38956
38963
38969
38973
38980
38984
38990
38995
39001
39005
39012
39016
39022
39027
39033
39037
39044
39048
39054
39059
39065
39069
39076
39080
39086
39091
39097
39101
39108
39112
39118
39123
39129
39133
39140
39144
39150
39155
39161
39166
39172
39176
39183
39187
39193
39198
39204
39208
39215
39219
39225
39230
39236
39240
39247
39251
39257
39262
39268
39272
39279
39283
39289
39294
39300
39304
39311
39315
39321
39326
39332
39336
39343
39347
39354
39358
39364
39369
39375
39379
39386
39390
39396
39401
39407
39411
39418
39422
39428
39433
39439
39443
39450
39454
39460
39465
39471
39475
39482
39486
39492
39497
39503
39507
39514
39518
39524
39529
39535
39540
39546
39550
39557
39561
39567
39572
39578
39582
39589
39593
39599
39604
39610
39614
39621
39625
39631
39636
39642
39648
39653
39660
39665
39671
39676
39683
39688
39695
39699
39706
39711
39718
39723
39729
39734
39741
39746
39753
39757
39764
39769
39776
39781
39787
39792
39799
39804
39811
39815
39822
39827
39834
39839
39845
39850
39857
39862
39869
39873
39880
39885
39892
39897
39903
39908
39915
39920
39927
39931
39938
39943
39950
39955
39961
39966
39973
39978
39985
39989
39996
40001
40008
40013
40019
40024
40031
40036
40043
40047
40054
40059
40066
40071
40077
40082
40089
40094
40101
40105
40112
40117
40124
40130
40135
40142
40147
40154
40159
40166
40171
40178
40183
40190
40195
40202
40207
40214
40218
40225
40230
40237
40242
40249
40254
40261
40266
40273
40278
40285
40290
40297
40302
40308
40313
40320
40325
40332
40337
40344
40349
40356
40361
40368
40373
40380
40385
40392
40396
40403
40408
40415
40420
40427
40432
40439
40444
40451
40456
40463
40468
40475
40480
40487
40491
40498
40503
40510
40515
40522
40527
40534
40539
40546
40551
40558
40563
40570
40575
40581
40586
40593
40598
40605
40610
40617
40622
40629
40634
40641
40648
40653
40660
40665
40673
40678
40685
40690
40697
40703
40710
40715
40722
40727
40735
40740
40747
40752
40759
40765
40772
40777
40784
40789
40797
40802
40809
40814
40822
40827
40834
40839
40846
40852
40859
40864
40871
40876
40884
40889
40896
40901
40908
40914
40921
40926
40933
40938
40946
40951
40958
40963
40971
40976
40983
40988
40995
41001
41008
41013
41020
41025
41033
41038
41045
41050
41057
41063
41070
41075
41082
41087
41093
41097
41104
41108
41115
41119
41125
41130
41136
41141
41147
41152
41158
41162
41169
41173
41180
41184
41190
41195
41201
41206
41212
41217
41223
41227
41234
41238
41245
41249
41255
41260
41266
41271
41277
41282
41288
41292
41299
41303
41310
41314
41320
41325
41331
41336
41342
41347
41353
41357
41364
41368
41375
41379
41385
41390
41396
41401
41407
41412
41418
41422
41429
41433
41440
41444
41450
41455
41461
41466
41472
41477
41483
41487
41494
41498
41505
41509
41515
41520
41526
41531
41537
41542
41548
41552
41559
41563
41570
41574
41581
41585
41591
41596
41602
41607
41613
41617
41624
41628
41635
41639
41646
41650
41656
41661
41667
41672
41678
41682
41689
41693
41700
41704
41710
41714
41721
41725
41731
41736
41742
41746
41753
41757
41763
41768
41774
41778
41785
41789
41795
41800
41806
41811
41817
41821
41828
41832
41838
41843
41849
41853
41860
41864
41870
41875
41881
41885
41892
41896
41903
41907
41913
41918
41924
41928
41935
41939
41945
41950
41956
41960
41967
41971
41977
41982
41988
41993
41999
42003
42010
42014
42020
42025
42031
42035
42042
42046
42052
42057
42063
42067
42074
42078
42085
42089
42095
42100
42106
42110
42117
42121
42127
42132
42138
42142
42149
42153
42159
42164
42170
42175
42181
42185
42192
42196
42202
42207
42213
42217
42224
42228
42234
42239
42245
42249
42256
42260
42266
42271
42278
42283
42290
42296
42303
42308
42316
42321
42328
42334
42341
42346
42353
42359
42366
42371
42379
42384
42391
42397
42404
42409
42417
42422
42429
42434
42442
42447
42454
42460
42467
42472
42480
42485
42492
42498
42505
42510
42517
42523
42530
42535
42543
42548
42555
42561
42568
42573
42580
42586
42593
42598
42606
42611
42618
42624
42631
42636
42644
42649
42656
42661
42669
42674
42681
42687
42694
42699
42707
42712
42719
42725
42732
42737
42744
42750
42757
42762
42770
42775
42782
42788
42794
42799
42805
42810
42816
42821
42827
42832
42838
42843
42850
42854
42861
42865
42872
42876
42883
42887
42894
42899
42905
42910
42916
42921
42927
42932
42938
42943
42949
42954
42961
42965
42972
42976
42983
42987
42994
42998
43005
43010
43016
43021
43027
43032
43038
43043
43049
43054
43060
43065
43072
43076
43083
43087
43094
43098
43105
43109
43116
43121
43127
43132
43138
43143
43149
43154
43160
43165
43171
43176
43183
43187
43194
43198
43205
43209
43216
43220
43227
43232
43238
43243
43249
43254
43260
43265
43271
43276
43282
43287
43294
43298
43305
43309
43316
43320
43327
43331
43338
43343
43349
43354
43360
43365
43371
43376
43382
43387
43393
43398
43405
43409
43416
43420
43427
43431
43438
43442
43449
43454
43460
43465
43471
43476
43482
43487
43493
43498
43505
43509
43516
43520
43525
43529
43535
43539
43545
43549
43555
43559
43565
43569
43575
43579
43585
43589
43594
43598
43604
43608
43614
43618
43624
43628
43634
43638
43644
43648
43654
43658
43663
43667
43673
43677
43683
43687
43693
43697
43703
43707
43713
43717
43723
43727
43732
43736
43742
43746
43752
43756
43762
43766
43772
43776
43782
43786
43792
43796
43802
43805
43811
43815
43821
43825
43831
43835
43841
43845
43851
43855
43861
43865
43871
43874
43880
43884
43890
43894
43900
43904
43910
43914
43920
43924
43930
43934
43940
43943
43949
43953
43959
43963
43969
43973
43979
43983
43989
43993
43999
44003
44009
44013
44018
44022
44028
44032
44038
44042
44048
44052
44058
44062
44068
44072
44078
44082
44087
44091
44097
44101
44107
44111
44117
44121
44127
44131
44137
44141
44147
44151
44156
44160
44166
44171
44178
44183
44190
44195
44201
44206
44213
44218
44225
44230
44236
44241
44248
44253
44260
44265
44271
44276
44283
44288
44295
44300
44306
44311
44318
44323
44330
44335
44341
44346
44353
44358
44365
44370
44376
44381
44388
44393
44400
44405
44411
44416
44423
44428
44435
44440
44446
44451
44458
44463
44470
44475
44482
44486
44493
44498
44505
44510
44517
44521
44528
44533
44540
44545
44552
44556
44563
44568
44574
44578
44585
44589
44596
44600
44606
44611
44617
44622
44628
44633
44639
44643
44650
44654
44661
44665
44672
44676
44682
44687
44693
44698
44704
44708
44715
44719
44726
44730
44737
44741
44747
44752
44758
44763
44769
44774
44780
44784
44791
44795
44802
44806
44813
44817
44823
44828
44834
44839
44845
44849
44856
44860
44867
44871
44878
44882
44888
44893
44899
44904
44910
44915
44921
44925
44932
44936
44943
44947
44953
44958
44964
44969
44975
44980
44986
44990
44997
45001
45008
45012
45019
45023
45029
45034
45040
45045
45052
45057
45064
45069
45076
45081
45088
45094
45101
45106
45113
45118
45125
45130
45137
45143
45150
45155
45162
45167
45174
45179
45186
45192
45199
45204
45211
45216
45223
45228
45235
45241
45248
45253
45260
45265
45272
45277
45284
45290
45297
45302
45309
45314
45321
45326
45333
45339
45346
45351
45358
45363
45370
45375
45382
45388
45395
45400
45407
45412
45419
45424
45431
45437
45444
45449
45456
45461
45468
45473
45480
45486
45493
45498
45505
45510
45517
45522
45529
45535
45542
45547
45554
45559
45566
45571
45578
45584
45591
45596
45603
45608
45615
45620
45627
45633
45640
45645
45652
45657
45664
45669
45676
45682
45689
45694
45701
45706
45712
45716
45722
45726
45732
45737
45743
45747
45753
45757
45764
45768
45774
45778
45784
45789
45795
45799
45805
45809
45816
45820
45826
45830
45836
45841
45847
45851
45857
45861
45868
45872
45878
45882
45888
45893
45899
45903
45909
45913
45920
45924
45930
45934
45940
45945
45951
45955
45961
45965
45972
45976
45982
45986
45992
45997
46003
46007
46013
46017
46024
46028
46034
46038
46044
46049
46055
46059
46065
46069
46076
46080
46086
46090
46096
46101
46107
46111
46117
46121
46128
46132
46138
46142
46148
46153
46159
46163
46169
46173
46180
46184
46190
46194
46200
46205
46211
46215
46221
46225
46232
46236
46242
46246
46252
46257
46263
46267
46273
46277
46284
46288
46294
46298
46304
46309
46315
46319
46325
46329
46336
46342
46346
46353
46357
46363
46368
46374
46379
46385
46389
46396
46400
46406
46411
46417
46422
46428
46432
46439
46443
46449
46454
46460
46465
46471
46475
46482
46486
46492
46497
46503
46508
46514
46518
46525
46529
46536
46540
46546
46551
46557
46561
46568
46572
46579
46583
46589
46594
46600
46604
46611
46615
46622
46626
46632
46637
46643
46647
46654
46658
46665
46669
46675
46680
46686
46690
46697
46701
46708
46712
46718
46723
46729
46734
46740
46744
46751
46755
46761
46766
46773
46778
46785
46790
46797
46802
46809
46814
46821
46827
46834
46839
46846
46851
46858
46863
46870
46875
46882
46888
46895
46900
46907
46912
46919
46924
46931
46936
46944
46949
46956
46961
46968
46973
46980
46985
46992
46997
47005
47010
47017
47022
47029
47034
47041
47046
47053
47058
47066
47071
47078
47083
47090
47095
47102
47107
47114
47120
47127
47132
47139
47144
47151
47156
47163
47168
47175
47181
47188
47193
47200
47205
47212
47217
47224
47229
47236
47242
47249
47254
47261
47266
47273
47278
47285
47290
47298
47303
47310
47315
47322
47327
47334
47339
47346
47351
47359
47364
47371
47376
47383
47388
47395
47400
47407
47412
47420
47425
47432
47438
47443
47450
47454
47461
47466
47472
47477
47484
47488
47495
47500
47506
47511
47518
47522
47529
47534
47541
47545
47552
47557
47563
47568
47575
47579
47586
47591
47597
47602
47609
47613
47620
47625
47632
47636
47643
47648
47654
47659
47666
47670
47677
47682
47688
47693
47700
47704
47711
47716
47723
47727
47734
47739
47745
47750
47757
47761
47768
47773
47779
47784
47791
47795
47802
47807
47814
47818
47825
47830
47836
47841
47848
47852
47859
47864
47870
47875
47882
47886
47893
47898
47905
47909
47916
47921
47927
47932
47939
47943
47950
47955
47961
47966
47973
47977
47984
47989
47996
48000
48007
48012
48018
48023
48030
48034
48041
48046
48052
48058
48062
48069
48073
48079
48084
48090
48095
48101
48105
48112
48116
48123
48127
48133
48138
48144
48148
48155
48159
48166
48170
48176
48181
48187
48192
48198
48202
48209
48213
48220
48224
48230
48235
48241
48245
48252
48256
48263
48267
48273
48278
48284
48289
48295
48299
48306
48310
48317
48321
48327
48332
48338
48342
48349
48353
48360
48364
48370
48375
48381
48386
48392
48396
48403
48407
48414
48418
48424
48429
48435
48439
48446
48450
48457
48461
48467
48472
48478
48483
48489
48495
48500
48506
48511
48517
48522
48528
48533
48539
48544
48550
48555
48561
48566
48572
48577
48584
48588
48595
48599
48606
48610
48617
48621
48628
48632
48639
48643
48650
48654
48661
48665
48672
48677
48683
48688
48694
48699
48705
48710
48716
48721
48727
48732
48738
48743
48749
48754
48760
48765
48772
48776
48783
48787
48794
48798
48805
48809
48816
48820
48827
48831
48838
48842
48849
48853
48860
48865
48871
48876
48882
48887
48893
48898
48904
48909
48915
48920
48926
48931
48937
48942
48948
48953
48959
48963
48969
48973
48979
48983
48990
48994
49000
49004
49010
49014
49021
49025
49031
49035
49041
49045
49052
49056
49062
49066
49072
49076
49083
49087
49093
49097
49103
49107
49114
49118
49124
49128
49134
49138
49145
49149
49155
49159
49165
49169
49176
49180
49186
49190
49196
49200
49207
49211
49217
49221
49227
49231
49237
49242
49248
49252
49258
49262
49268
49273
49279
49283
49289
49293
49299
49304
49310
49314
49320
49324
49330
49335
49341
49345
49351
49355
49361
49366
49372
49376
49382
49386
49392
49397
49403
49407
49413
49417
49423
49428
49434
49438
49444
49448
49454
49459
49465
49469
49475
49479
49485
49490
49496
49500
49506
49510
49516
49520
49526
49530
49536
49540
49546
49550
49556
49560
49566
49570
49576
49580
49586
49590
49596
49600
49606
49610
49616
49620
49626
49630
49636
49640
49646
49650
49656
49660
49666
49670
49676
49680
49686
49690
49696
49700
49706
49710
49716
49720
49726
49730
49736
49740
49746
49750
49756
49760
49766
49770
49776
49781
49787
49791
49797
49801
49807
49811
49817
49821
49827
49831
49837
49841
49847
49851
49857
49861
49867
49871
49877
49881
49887
49891
49897
49901
49907
49911
49917
49921
49927
49931
49937
49941
49947
49951
49957
49963
49967
49973
49977
49983
49987
49994
49998
50004
50008
50014
50018
50024
50029
50035
50039
50045
50049
50055
50059
50066
50070
50076
50080
50086
50090
50096
50101
50107
50111
50117
50121
50127
50131
50138
50142
50148
50152
50158
50162
50168
50173
50179
50183
50189
50193
50199
50203
50210
50214
50220
50224
50230
50234
50241
50245
50251
50255
50261
50265
50271
50276
50282
50286
50292
50296
50302
50306
50313
50317
50323
50327
50333
50337
50343
50348
50354
50358
50364
50368
50374
50378
50385
50389
50395
50399
50405
50409
50415
50420
50426
50430
50436
50440
50446
50450
50457
50461
50467
50471
50477
50481
50488
50492
50498
50502
50508
50512
50518
50523
50529
50533
50539
50543
50549
50553
50560
50564
50570
50574
50580
50584
50590
50595
50601
50605
50611
50615
50621
50625
50632
50636
50642
50646
50652
50656
50662
50667
50673
50677
50683
50687
50693
50697
50704
50708
50714
50718
50724
50728
50735
50740
50744
50750
50754
50760
50764
50770
50774
50780
50784
50790
50794
50800
50804
50810
50814
50820
50824
50830
50834
50840
50844
50849
50853
50859
50863
50869
50873
50879
50883
50889
50893
50899
50903
50909
50913
50919
50923
50929
50933
50939
50943
50949
50953
50958
50962
50968
50972
50978
50982
50988
50992
50998
51002
51008
51012
51018
51022
51028
51032
51038
51042
51048
51052
51058
51062
51067
51071
51077
51081
51087
51091
51097
51101
51107
51111
51117
51121
51127
51131
51137
51141
51147
51151
51157
51161
51167
51171
51176
51180
51186
51190
51196
51200
51206
51210
51216
51222
51227
51234
51239
51246
51250
51257
51262
51269
51274
51280
51285
51292
51297
51304
51308
51315
51320
51327
51332
51339
51343
51350
51355
51362
51367
51373
51378
51385
51390
51397
51401
51408
51413
51420
51425
51432
51436
51443
51448
51455
51460
51466
51471
51478
51483
51490
51494
51501
51506
51513
51518
51524
51529
51536
51541
51548
51553
51559
51564
51571
51576
51583
51587
51594
51599
51606
51611
51617
51622
51629
51634
51641
51646
51652
51657
51664
51669
51676
51680
51687
51692
51699
51704
51710
51715
51722
51727
51734
51739
51745
51750
51757
51762
51769
51773
51780
51785
51792
51797
51803
51808
51815
51820
51827
51831
51837
51841
51847
51851
51857
51861
51867
51871
51877
51881
51887
51891
51897
51901
51907
51912
51918
51922
51928
51932
51938
51942
51948
51952
51958
51962
51968
51972
51978
51982
51989
51993
51999
52003
52009
52013
52019
52023
52029
52033
52039
52043
52049
52053
52059
52064
52070
52074
52080
52084
52090
52094
52100
52104
52110
52114
52120
52124
52130
52134
52140
52145
52151
52155
52161
52165
52171
52175
52181
52185
52191
52195
52201
52205
52211
52215
52222
52226
52232
52236
52242
52246
52252
52256
52262
52266
52272
52276
52282
52286
52292
52297
52303
52307
52313
52317
52323
52327
52333
52337
52343
52347
52353
52357
52363
52367
52374
52378
52384
52388
52394
52398
52404
52408
52414
52418
52424
52430
52434
52440
52444
52450
52454
52460
52464
52470
52474
52480
52484
52490
52494
52500
52504
52510
52514
52520
52525
52531
52535
52541
52545
52551
52555
52561
52565
52571
52575
52581
52585
52591
52595
52601
52605
52611
52615
52621
52626
52632
52636
52642
52646
52652
52656
52662
52666
52672
52676
52682
52686
52692
52696
52702
52706
52712
52716
52722
52727
52733
52737
52743
52747
52753
52757
52763
52767
52773
52777
52783
52787
52793
52797
52803
52807
52813
52817
52823
52828
52834
52838
52844
52848
52854
52858
52864
52868
52874
52880
52884
52890
52894
52901
52905
52911
52915
52922
52926
52932
52936
52942
52947
52953
52957
52963
52968
52974
52978
52984
52988
52995
52999
53005
53009
53016
53020
53026
53030
53036
53041
53047
53051
53057
53062
53068
53072
53078
53082
53089
53093
53099
53103
53110
53114
53120
53124
53130
53135
53141
53145
53151
53156
53162
53166
53172
53177
53183
53187
53193
53197
53204
53208
53214
53218
53225
53229
53235
53239
53245
53250
53256
53260
53266
53271
53277
53281
53287
53291
53298
53302
53308
53312
53319
53323
53329
53333
53339
53344
53350
53354
53360
53365
53371
53375
53381
53385
53392
53396
53402
53406
53413
53417
53423
53427
53433
53438
53444
53449
53455
53460
53467
53471
53478
53483
53489
53494
53501
53505
53512
53517
53523
53528
53534
53539
53546
53550
53557
53562
53568
53573
53580
53584
53591
53596
53602
53607
53613
53618
53625
53629
53636
53641
53647
53652
53659
53663
53670
53675
53681
53686
53692
53697
53704
53708
53715
53720
53726
53731
53738
53742
53749
53754
53760
53765
53772
53776
53783
53787
53794
53799
53805
53810
53817
53821
53828
53833
53839
53844
53851
53855
53862
53866
53873
53878
53884
53889
53895
53900
53907
53912
53919
53924
53931
53936
53943
53948
53955
53960
53966
53971
53978
53983
53990
53995
54002
54007
54014
54019
54026
54031
54037
54042
54049
54054
54061
54066
54073
54078
54085
54090
54097
54102
54108
54113
54120
54125
54132
54137
54144
54149
54156
54161
54168
54173
54179
54184
54191
54196
54203
54208
54215
54220
54227
54232
54239
54244
54250
54255
54262
54267
54274
54279
54286
54291
54298
54303
54310
54315
54321
54326
54333
54338
54345
54350
54357
54362
54369
54374
54381
54386
54392
54397
54404
54409
54416
54421
54428
54433
54440
54445
54452
54457
54463
54468
54475
54480
54487
54492
54499
54504
54511
54516
54523
54528
54534
54539
54546
54551
54558
54563
54570
54575
54582
54587
54594
54599
54605
54610
54617
54622
54629
54634
54641
54647
54651
54657
54661
54668
54672
54678
54682
54688
54693
54699
54703
54709
54713
54720
54724
54730
54734
54740
54745
54751
54755
54761
54765
54772
54776
54782
54786
54792
54797
54803
54807
54813
54817
54824
54828
54834
54838
54844
54849
54855
54859
54865
54869
54876
54880
54886
54890
54896
54901
54907
54911
54917
54921
54928
54932
54938
54942
54948
54953
54959
54963
54969
54973
54980
54984
54990
54994
55000
55005
55011
55015
55021
55025
55032
55036
55042
55046
55052
55057
55063
55067
55073
55077
55084
55088
55094
55098
55104
55109
55115
55119
55125
55129
55136
55140
55146
55150
55156
55161
55167
55171
55177
55181
55188
55192
55198
55202
55208
55213
55219
55223
55229
55233
55240
55246
55250
55256
55260
55267
55271
55277
55281
55287
55292
55298
55302
55308
55312
55319
55323
55329
55333
55339
55344
55350
55354
55360
55364
55371
55375
55381
55385
55391
55396
55402
55406
55412
55417
55423
55427
55433
55437
55444
55448
55454
55458
55464
55469
55475
55479
55485
55489
55496
55500
55506
55510
55516
55521
55527
55531
55537
55541
55548
55552
55558
55562
55568
55573
55579
55583
55589
55594
55600
55604
55610
55614
55621
55625
55631
55635
55641
55646
55652
55656
55662
55666
55673
55677
55683
55687
55693
55698
55704
55708
55714
55718
55725
55729
55735
55739
55745
55750
55756
55760
55766
55771
55777
55781
55787
55791
55798
55802
55808
55812
55818
55823
55829
55833
55839
55843
55850
55854
55860
55864
55870
55875
55881
55885
55891
55895
55902
55906
55912
55916
55922
55927
55933
55937
55944
55949
55956
55962
55969
55974
55981
55987
55994
55999
56006
56012
56019
56024
56031
56037
56044
56049
56056
56062
56069
56074
56081
56087
56094
56099
56106
56112
56119
56124
56131
56137
56144
56149
56156
56162
56169
56174
56181
56187
56194
56199
56206
56212
56219
56224
56231
56237
56244
56249
56256
56262
56269
56274
56281
56287
56294
56299
56306
56312
56319
56324
56331
56337
56344
56349
56356
56362
56369
56374
56381
56387
56394
56399
56406
56412
56419
56424
56432
56437
56444
56450
56454
56460
56465
56471
56475
56481
56486
56492
56496
56503
56507
56513
56517
56524
56528
56534
56539
56545
56549
56555
56560
56566
56570
56577
56581
56587
56591
56598
56602
56608
56613
56619
56623
56629
56634
56640
56644
56651
56655
56661
56665
56672
56676
56682
56687
56693
56697
56703
56708
56714
56718
56725
56729
56735
56739
56746
56750
56756
56761
56767
56771
56777
56782
56788
56792
56799
56803
56809
56813
56820
56824
56830
56835
56841
56845
56851
56856
56862
56866
56873
56877
56883
56887
56894
56898
56904
56908
56915
56919
56925
56930
56936
56940
56946
56951
56957
56961
56968
56972
56978
56982
56989
56993
56999
57004
57010
57014
57020
57025
57031
57035
57042
57046
57052
57056
57063
57067
57073
57078
57084
57088
57094
57099
57105
57109
57116
57120
57126
57130
57137
57141
57147
57152
57158
57162
57168
57173
57179
57184
57190
57195
57202
57206
57213
57217
57224
57228
57235
57240
57246
57251
57257
57262
57268
57273
57280
57284
57291
57295
57302
57306
57313
57318
57324
57329
57335
57340
57346
57351
57358
57362
57369
57373
57380
57384
57391
57396
57402
57407
57413
57418
57424
57429
57436
57440
57447
57451
57458
57462
57469
57474
57480
57485
57491
57496
57502
57507
57514
57518
57525
57529
57536
57541
57547
57552
57558
57563
57569
57574
57581
57585
57592
57596
57603
57607
57614
57619
57625
57630
57636
57641
57647
57652
57659
57663
57670
57674
57681
57685
57692
57699
57704
57711
57717
57724
57729
57736
57742
57749
57754
57761
57767
57774
57779
57786
57792
57799
57804
57811
57817
57824
57829
57836
57842
57849
57854
57861
57867
57874
57879
57886
57892
57899
57904
57911
57917
57924
57929
57937
57942
57949
57954
57962
57967
57974
57979
57987
57992
57999
58004
58012
58017
58024
58029
58037
58042
58049
58054
58062
58067
58074
58079
58087
58092
58099
58104
58112
58117
58124
58129
58137
58142
58149
58154
58162
58167
58174
58180
58187
58192
58199
58205
58210
58217
58221
58228
58233
58240
58244
58251
58256
58262
58267
58274
58279
58285
58290
58297
58302
58308
58313
58320
58324
58331
58336
58343
58347
58354
58359
58365
58370
58377
58382
58388
58393
58400
58405
58411
58416
58423
58427
58434
58439
58446
58450
58457
58462
58468
58473
58480
58485
58491
58496
58503
58508
58514
58519
58526
58530
58537
58542
58549
58553
58560
58565
58571
58576
58583
58588
58594
58599
58606
58611
58617
58622
58629
58633
58640
58645
58652
58656
58663
58668
58674
58679
58686
58691
58697
58702
58709
58714
58720
58725
58732
58736
58743
58748
58755
58759
58766
58771
58777
58782
58789
58794
58800
58805
58812
58817
58823
58828
58835
58839
58846
58851
58858
58862
58869
58874
58880
58885
58892
58897
58903
58908
58915
58920
58926
58930
58936
58941
58947
58951
58958
58962
58968
58973
58979
58983
58989
58994
59000
59004
59011
59015
59021
59026
59032
59036
59043
59047
59053
59057
59064
59068
59074
59079
59085
59089
59096
59100
59106
59111
59117
59121
59127
59132
59138
59142
59149
59153
59159
59164
59170
59174
59181
59185
59191
59195
59202
59206
59212
59217
59223
59227
59234
59238
59244
59249
59255
59259
59265
59270
59276
59280
59287
59291
59297
59302
59308
59312
59319
59323
59329
59333
59340
59344
59350
59355
59361
59365
59372
59376
59382
59387
59393
59397
59403
59408
59414
59418
59425
59429
59435
59440
59446
59450
59457
59463
59467
59474
59478
59484
59489
59495
59499
59506
59510
59516
59521
59527
59531
59538
59542
59549
59553
59559
59564
59570
59574
59581
59585
59591
59596
59602
59606
59613
59617
59623
59628
59634
59639
59645
59649
59656
59660
59666
59671
59677
59681
59688
59692
59698
59703
59709
59714
59720
59724
59731
59735
59741
59746
59752
59756
59763
59767
59773
59778
59784
59788
59795
59799
59806
59810
59816
59821
59827
59831
59838
59842
59848
59853
59859
59863
59870
59874
59881
59885
59891
59896
59902
59906
59913
59917
59923
59928
59934
59938
59945
59949
59955
59960
59966
59971
59977
59981
59988
59992
59998
60003
60009
60013
60020
60024
60030
60035
60041
60046
60052
60056
60063
60067
60073
60078
60084
60088
60095
60099
60105
60110
60116
60120
60127
60131
60138
60142
60149
60153
60160
60164
60171
60175
60182
60186
60193
60197
60204
60208
60215
60219
60226
60230
60237
60241
60248
60252
60259
60263
60270
60274
60281
60285
60291
60296
60302
60307
60313
60318
60324
60329
60335
60340
60346
60351
60357
60362
60368
60373
60379
60384
60390
60395
60401
60406
60412
60417
60423
60428
60434
60439
60445
60450
60456
60461
60467
60471
60478
60482
60489
60493
60500
60504
60511
60515
60522
60526
60533
60537
60543
60548
60555
60560
60567
60572
60578
60583
60590
60595
60602
60607
60614
60618
60625
60630
60637
60642
60649
60654
60660
60665
60672
60677
60684
60689
60695
60700
60707
60712
60719
60724
60731
60735
60742
60747
60754
60759
60766
60771
60777
60782
60789
60794
60801
60806
60812
60817
60824
60829
60836
60841
60848
60852
60859
60864
60871
60876
60883
60888
60894
60899
60906
60911
60918
60923
60930
60934
60941
60946
60953
60958
60965
60969
60976
60981
60988
60993
61000
61005
61011
61016
61023
61028
61035
61040
61047
61051
61058
61063
61070
61075
61082
61086
61093
61098
61105
61110
61117
61122
61128
61133
61138
61142
61148
61152
61158
61162
61168
61172
61178
61182
61188
61192
61198
61202
61208
61212
61218
61222
61228
61232
61238
61242
61248
61252
61258
61262
61268
61272
61277
61281
61287
61291
61297
61301
61307
61311
61317
61321
61327
61331
61337
61341
61347
61351
61357
61361
61367
61371
61377
61381
61387
61391
61397
61401
61407
61411
61416
61420
61426
61430
61436
61440
61446
61450
61456
61460
61466
61470
61476
61480
61486
61490
61496
61500
61506
61510
61516
61520
61526
61530
61536
61540
61546
61550
61556
61559
61565
61569
61575
61579
61585
61589
61595
61599
61605
61609
61615
61619
61625
61629
61635
61639
61645
61649
61655
61659
61665
61669
61675
61679
61685
61689
61695
61698
61704
61708
61714
61718
61724
61728
61734
61738
61744
61748
61754
61758
61764
61768
61774
61778
61784
61788
61794
61798
61804
61808
61814
61818
61824
61828
61834
61838
61843
61847
61853
61857
61863
61867
61873
61877
61883
61887
61893
61897
61903
61907
61913
61917
61924
61929
61936
61941
61948
61954
61961
61966
61973
61978
61986
61991
61998
62003
62010
62016
62023
62028
62035
62040
62047
62053
62060
62065
62072
62077
62085
62090
62097
62102
62109
62115
62122
62127
62134
62139
62146
62152
62159
62164
62171
62176
62184
62189
62196
62201
62208
62214
62221
62226
62233
62238
62246
62251
62258
62263
62270
62275
62283
62288
62295
62300
62307
62313
62320
62325
62332
62337
62345
62350
62357
62362
62369
62374
62382
62387
62394
62399
62406
62412
62419
62424
62431
62436
62444
62449
62456
62461
62468
62473
62481
62486
62493
62498
62505
62511
62518
62523
62530
62535
62543
62548
62555
62560
62565
62569
62575
62579
62585
62589
62595
62599
62605
62609
62615
62619
62625
62629
62635
62639
62645
62649
62655
62659
62665
62669
62675
62679
62685
62689
62695
62699
62704
62708
62714
62718
62724
62728
62734
62738
62744
62748
62754
62758
62764
62768
62774
62778
62784
62788
62794
62798
62804
62808
62814
62818
62824
62828
62834
62838
62843
62847
62853
62857
62863
62867
62873
62877
62883
62887
62893
62897
62903
62907
62913
62917
62923
62927
62933
62937
62943
62947
62953
62957
62963
62967
62973
62977
62983
62986
62992
62996
63002
63006
63012
63016
63022
63026
63032
63036
63042
63046
63052
63056
63062
63066
63072
63076
63082
63086
63092
63096
63102
63106
63112
63116
63122
63125
63131
63135
63141
63145
63151
63155
63161
63165
63171
63175
63181
63185
63191
63195
63201
63205
63211
63215
63221
63225
63231
63235
63241
63245
63251
63255
63261
63265
63270
63274
63280
63284
63290
63294
63300
63304
63310
63314
63320
63324
63330
63336
63340
63347
63351
63357
63362
63368
63373
63379
63383
63390
63394
63400
63405
63411
63416
63422
63426
63433
63437
63444
63448
63454
63459
63465
63469
63476
63480
63487
63491
63497
63502
63508
63512
63519
63523
63530
63534
63540
63545
63551
63556
63562
63566
63573
63577
63583
63588
63594
63599
63605
63609
63616
63620
63626
63631
63637
63642
63648
63652
63659
63663
63670
63674
63680
63685
63691
63695
63702
63706
63713
63717
63723
63728
63734
63738
63745
63749
63756
63760
63766
63771
63777
63782
63788
63792
63799
63803
63809
63814
63820
63825
63831
63835
63842
63846
63852
63857
63863
63868
63874
63878
63885
63889
63896
63900
63906
63911
63917
63921
63928
63932
63939
63945
63950
63956
63961
63968
63972
63979
63983
63990
63995
64001
64006
64013
64017
64024
64028
64035
64040
64046
64051
64057
64062
64069
64073
64080
64085
64091
64096
64102
64107
64114
64118
64125
64130
64136
64141
64147
64152
64159
64163
64170
64174
64181
64186
64192
64197
64204
64208
64215
64219
64226
64231
64237
64242
64248
64253
64260
64264
64271
64276
64282
64287
64293
64298
64305
64309
64316
64321
64327
64332
64338
64343
64350
64354
64361
64365
64372
64377
64383
64388
64395
64399
64406
64410
64417
64422
64428
64433
64439
64444
64451
64455
64462
64467
64473
64478
64484
64489
64496
64500
64507
64512
64518
64523
64529
64534
64541
64545
64552
64556
64563
64568
64574
64579
64586
64590
64597
64601
64608
64613
64619
64624
64631
64635
64642
64646
64653
64658
64664
64669
64675
64680
64687
64691
64698
64703
64709
64714
64718
64724
64728
64734
64738
64744
64748
64754
64758
64764
64768
64774
64778
64784
64788
64794
64798
64804
64808
64814
64818
64824
64828
64834
64838
64844
64848
64854
64858
64864
64868
64874
64878
64884
64888
64894
64898
64904
64908
64914
64918
64924
64928
64934
64938
64944
64948
64954
64958
64964
64968
64974
64978
64984
64988
64994
64998
65004
65008
65014
65018
65024
65028
65034
65038
65044
65048
65054
65058
65064
65068
65074
65078
65084
65088
65094
65098
65104
65108
65113
65117
65123
65127
65133
65137
65143
65147
65153
65157
65163
65167
65173
65177
65183
65187
65193
65197
65203
65207
65213
65217
65223
65227
65233
65237
65243
65247
65253
65259
65263
65269
65273
65279
65283
65289
65293
65299
65303
65309
65313
65319
65323
65330
65334
65340
65344
65350
65354
65360
65364
65370
65374
65380
65384
65390
65394
65400
65405
65411
65415
65421
65425
65431
65435
65441
65445
65451
65455
65461
65465
65471
65475
65482
65486
65492
65496
65502
65506
65512
65516
65522
65526
65532
65536
65542
65546
65552
65557
65563
65567
65573
65577
65583
65587
65593
65597
65603
65607
65613
65617
65623
65628
65633
65639
65643
65649
65653
65659
65663
65669
65673
65679
65683
65689
65693
65699
65704
65710
65714
65720
65724
65730
65734
65740
65744
65750
65754
65760
65764
65770
65774
65781
65785
65791
65795
65801
65805
65811
65815
65821
65825
65831
65835
65841
65845
65851
65856
65862
65866
65872
65876
65882
65886
65892
65896
65902
65906
65912
65916
65922
65926
65933
65937
65943
65947
65952
65956
65962
65966
65972
65976
65982
65986
65992
65996
66002
66006
66012
66016
66022
66026
66032
66036
66042
66046
66052
66056
66062
66066
66072
66076
66082
66086
66092
66096
66102
66106
66112
66116
66121
66125
66131
66135
66141
66145
66151
66155
66161
66165
66171
66175
66181
66185
66191
66195
66201
66205
66211
66215
66221
66225
66231
66235
66241
66245
66251
66255
66261
66265
66271
66275
66281
66285
66290
66294
66300
66304
66310
66314
66320
66324
66330
66334
66340
66344
66350
66354
66360
66364
66370
66374
66380
66384
66390
66394
66400
66404
66410
66414
66420
66424
66430
66434
66440
66444
66450
66454
66460
66463
66469
66473
66479
66483
66489
66493
66499
66503
66509
66513
66519
66523
66530
66534
66541
66545
66551
66556
66562
66567
66573
66578
66584
66588
66595
66599
66606
66610
66617
66621
66627
66632
66638
66643
66649
66654
66660
66664
66671
66675
66682
66686
66693
66697
66703
66708
66714
66719
66725
66730
66736
66740
66747
66751
66758
66762
66769
66773
66779
66784
66790
66795
66801
66806
66812
66816
66823
66827
66834
66838
66845
66849
66855
66860
66866
66871
66877
66882
66888
66892
66899
66903
66910
66914
66921
66925
66931
66936
66942
66947
66953
66958
66964
66968
66975
66979
66986
66990
66997
67001
67007
67012
67018
67023
67029
67034
67040
67044
67051
67055
67062
67066
67073
67077
67083
67088
67094
67100
67104
67110
67114
67120
67124
67130
67134
67140
67144
67150
67155
67161
67165
67171
67175
67181
67185
67191
67195
67201
67205
67211
67216
67222
67226
67232
67236
67242
67246
67252
67256
67262
67266
67273
67277
67283
67287
67293
67297
67303
67307
67313
67317
67323
67327
67334
67338
67344
67348
67354
67358
67364
67368
67374
67378
67384
67389
67395
67399
67405
67409
67415
67419
67425
67429
67435
67439
67445
67450
67456
67460
67466
67470
67476
67480
67486
67490
67496
67500
67507
67511
67517
67521
67527
67531
67537
67541
67547
67551
67557
67561
67568
67572
67578
67582
67588
67592
67598
67602
67608
67612
67618
67623
67629
67633
67639
67643
67649
67653
67659
67663
67669
67673
67679
67684
67690
67694
67700
67704
67710
67714
67720
67724
67730
67734
67741
67745
67751
67755
67761
67765
67771
67775
67781
67785
67791
67795
67802
67806
67812
67816
67822
67826
67832
67836
67842
67846
67852
67857
67863
67867
67873
67877
67883
67887
67893
67898
67904
67908
67915
67919
67925
67930
67936
67940
67947
67951
67957
67961
67968
67972
67978
67983
67989
67993
68000
68004
68010
68015
68021
68025
68032
68036
68042
68046
68053
68057
68063
68068
68074
68078
68085
68089
68095
68100
68106
68110
68117
68121
68127
68131
68138
68142
68148
68153
68159
68163
68170
68174
68180
68185
68191
68195
68202
68206
68212
68216
68223
68227
68233
68238
68244
68248
68255
68259
68265
68270
68276
68280
68287
68291
68297
68301
68308
68312
68318
68323
68329
68333
68340
68344
68350
68355
68361
68365
68372
68376
68382
68386
68393
68397
68403
68408
68414
68418
68425
68429
68435
68440
68446
68450
68457
68461
68467
68471
68478
68482
68488
68493
68499
68503
68510
68514
68520
68525
68531
68535
68542
68548
68552
68558
68562
68568
68572
68578
68582
68588
68592
68598
68602
68608
68612
68618
68622
68628
68632
68638
68642
68648
68652
68658
68662
68668
68672
68678
68682
68688
68692
68698
68702
68708
68712
68718
68722
68728
68732
68738
68742
68748
68752
68758
68762
68768
68772
68778
68782
68788
68792
68798
68802
68808
68812
68818
68822
68828
68832
68838
68842
68848
68852
68858
68862
68868
68872
68878
68882
68888
68892
68898
68902
68908
68912
68918
68922
68928
68932
68938
68943
68949
68953
68959
68963
68969
68973
68979
68983
68989
68993
68999
69003
69009
69013
69019
69023
69029
69035
69040
69047
69051
69058
69063
69069
69074
69081
69085
69092
69097
69103
69108
69115
69119
69126
69131
69137
69142
69149
69154
69159
69166
69171
69177
69182
69189
69193
69200
69205
69211
69216
69223
69227
69234
69239
69245
69250
69257
69261
69268
69273
69279
69284
69291
69296
69302
69307
69314
69318
69325
69330
69336
69341
69348
69352
69359
69364
69370
69375
69382
69386
69393
69398
69404
69409
69416
69421
69427
69432
69439
69443
69450
69455
69461
69466
69473
69478
69485
69490
69497
69502
69509
69514
69521
69526
69533
69538
69545
69550
69557
69562
69569
69574
69581
69586
69593
69598
69605
69610
69617
69621
69628
69633
69640
69645
69652
69657
69664
69669
69676
69681
69688
69693
69700
69705
69712
69717
69724
69729
69736
69741
69748
69753
69760
69765
69772
69777
69784
69788
69795
69800
69807
69812
69819
69824
69831
69836
69843
69848
69855
69860
69867
69872
69879
69884
69891
69896
69903
69908
69915
69920
69927
69932
69939
69944
69951
69955
69962
69967
69974
69979
69986
69991
69998
70003
70010
70015
70022
70027
70034
70039
70046
70051
