5
8
13
16
21
24
30
33
38
41
46
49
55
58
63
66
71
74
80
83
88
91
96
99
105
108
113
116
121
124
130
133
138
141
146
149
155
158
163
166
171
174
180
183
188
191
196
199
205
208
213
216
221
224
230
233
238
241
246
249
254
258
263
266
271
274
279
283
288
291
296
299
304
308
313
316
321
324
329
333
338
341
346
349
354
358
363
366
371
374
379
383
388
391
396
399
404
408
413
416
421
424
429
433
438
441
446
449
454
458
463
466
472
475
480
483
489
492
497
501
506
509
514
518
523
526
532
535
540
543
549
552
557
561
566
569
574
578
583
586
592
595
600
604
609
612
617
621
626
629
635
638
643
646
652
655
660
664
669
672
677
681
686
689
695
698
703
706
712
715
720
724
729
732
738
741
746
749
755
758
763
767
772
775
780
784
789
792
798
801
806
809
815
818
823
827
832
835
840
844
849
852
858
861
866
870
875
878
883
887
892
895
901
904
909
912
918
921
926
930
935
938
943
947
952
955
961
964
969
972
978
981
986
990
995
998
1004
1007
1012
1015
1021
1024
1029
1033
1038
1041
1046
1050
1055
1058
1064
1067
1071
1074
1079
1082
1087
1090
1094
1097
1102
1105
1110
1113
1117
1120
1125
1128
1133
1136
1140
1143
1148
1151
1156
1159
1163
1166
1171
1174
1179
1182
1186
1189
1194
1197
1202
1205
1209
1212
1217
1220
1225
1228
1232
1235
1240
1243
1248
1251
1255
1258
1263
1266
1271
1274
1278
1281
1286
1289
1294
1297
1302
1304
1309
1312
1317
1320
1325
1327
1332
1335
1340
1343
1348
1350
1355
1358
1363
1366
1371
1373
1378
1381
1386
1389
1394
1396
1401
1404
1409
1412
1417
1419
1424
1427
1432
1435
1440
1442
1447
1450
1455
1458
1463
1465
1470
1473
1478
1481
1486
1488
1493
1496
1501
1504
1509
1512
1516
1519
1524
1527
1532
1535
1539
1542
1547
1550
1555
1558
1564
1567
1572
1575
1581
1584
1589
1592
1598
1601
1606
1609
1615
1618
1623
1626
1632
1635
1640
1643
1649
1652
1657
1660
1665
1669
1674
1677
1682
1686
1691
1694
1699
1703
1708
1711
1716
1720
1725
1728
1733
1737
1742
1745
1750
1754
1759
1762
1767
1770
1776
1779
1784
1787
1793
1796
1801
1804
1810
1813
1818
1821
1827
1830
1835
1838
1844
1847
1852
1855
1861
1864
1869
1872
1877
1881
1886
1889
1894
1898
1903
1906
1911
1915
1920
1923
1928
1932
1937
1940
1945
1949
1954
1957
1962
1966
1971
1974
1979
1982
1988
1991
1996
1999
2005
2008
2013
2016
2022
2025
2030
2033
2039
2042
2047
2050
2056
2059
2064
2067
2073
2076
2081
2084
2089
2093
2098
2101
2106
2110
2115
2118
2123
2127
2132
2135
2140
2144
2149
2152
2157
2161
2166
2169
2174
2178
2183
2186
2191
2195
2200
2203
2208
2211
2217
2220
2225
2228
2234
2237
2242
2245
2251
2254
2259
2262
2268
2271
2276
2279
2285
2288
2293
2296
2302
2305
2310
2313
2318
2322
2327
2330
2335
2339
2344
2347
2352
2356
2361
2364
2369
2373
2378
2381
2386
2390
2395
2398
2403
2407
2412
2415
2420
2424
2427
2432
2435
2440
2443
2448
2451
2456
2459
2464
2467
2472
2475
2480
2483
2488
2491
2496
2499
2504
2507
2512
2515
2520
2523
2528
2531
2536
2539
2544
2547
2552
2555
2560
2563
2568
2571
2576
2579
2584
2587
2592
2595
2600
2603
2608
2611
2616
2619
2624
2627
2632
2635
2640
2643
2648
2651
2656
2659
2664
2667
2672
2675
2680
2683
2688
2691
2696
2699
2704
2707
2712
2715
2720
2722
2727
2730
2735
2738
2743
2746
2751
2754
2759
2762
2767
2770
2775
2778
2783
2786
2791
2794
2799
2802
2807
2810
2815
2818
2823
2826
2831
2834
2839
2842
2847
2850
2855
2858
2863
2866
2871
2874
2879
2882
2887
2890
2895
2898
2903
2906
2911
2914
2919
2922
2927
2930
2935
2938
2943
2946
2951
2954
2959
2962
2967
2970
2975
2978
2983
2986
2991
2994
2999
3002
3007
3010
3015
3018
3022
3025
3030
3033
3038
3041
3046
3049
3054
3057
3062
3065
3070
3073
3078
3081
3086
3089
3094
3097
3102
3105
3110
3113
3118
3121
3126
3129
3134
3137
3142
3145
3150
3153
3158
3161
3166
3169
3174
3177
3182
3187
3191
3197
3201
3207
3210
3216
3220
3226
3230
3236
3239
3245
3249
3255
3259
3265
3268
3274
3278
3284
3288
3294
3297
3303
3307
3313
3317
3323
3326
3332
3336
3342
3346
3352
3355
3361
3365
3371
3375
3381
3384
3390
3394
3400
3404
3410
3413
3419
3423
3429
3433
3439
3442
3448
3452
3458
3462
3468
3471
3477
3481
3487
3491
3497
3500
3506
3510
3516
3520
3525
3529
3535
3539
3545
3549
3554
3558
3564
3568
3574
3578
3583
3587
3593
3597
3603
3607
3612
3616
3622
3626
3632
3636
3641
3645
3651
3655
3661
3665
3670
3674
3680
3684
3690
3694
3699
3703
3709
3713
3719
3723
3728
3732
3738
3742
3748
3752
3757
3761
3767
3771
3777
3781
3786
3790
3796
3800
3806
3810
3815
3819
3825
3829
3835
3839
3844
3848
3854
3858
3864
3867
3873
3877
3882
3885
3890
3894
3899
3902
3908
3911
3916
3920
3925
3928
3934
3937
3942
3946
3951
3954
3960
3963
3968
3972
3977
3980
3986
3989
3994
3998
4003
4006
4012
4015
4020
4024
4029
4032
4037
4041
4046
4049
4055
4058
4063
4067
4072
4075
4081
4084
4089
4093
4098
4101
4107
4110
4115
4119
4124
4127
4133
4136
4141
4145
4150
4153
4159
4162
4167
4171
4176
4179
4185
4188
4193
4197
4201
4206
4209
4215
4218
4223
4227
4232
4235
4241
4244
4249
4253
4258
4261
4267
4270
4275
4279
4284
4287
4293
4296
4301
4305
4310
4313
4319
4322
4327
4331
4336
4339
4345
4348
4353
4357
4361
4366
4369
4375
4378
4383
4387
4392
4395
4401
4404
4409
4413
4418
4421
4427
4430
4435
4439
4444
4447
4453
4456
4461
4465
4470
4473
4479
4482
4487
4491
4496
4499
4505
4508
4513
4517
4521
4526
4529
4535
4538
4543
4547
4552
4555
4561
4564
4569
4573
4578
4581
4587
4590
4595
4599
4604
4607
4613
4619
4623
4629
4633
4640
4644
4650
4654
4661
4665
4671
4675
4682
4686
4692
4696
4702
4707
4713
4717
4723
4728
4734
4738
4744
4749
4755
4759
4765
4769
4776
4780
4786
4790
4797
4801
4807
4811
4818
4822
4828
4832
4839
4843
4849
4853
4859
4864
4870
4874
4880
4885
4891
4895
4901
4906
4912
4916
4922
4926
4933
4937
4943
4947
4954
4958
4964
4968
4975
4979
4985
4989
4996
5000
5006
5010
5016
5021
5027
5031
5037
5042
5048
5052
5058
5063
5069
5075
5079
5085
5089
5095
5099
5105
5109
5115
5119
5125
5129
5135
5139
5145
5149
5155
5159
5165
5169
5175
5179
5185
5189
5195
5199
5205
5209
5215
5219
5225
5229
5235
5239
5245
5249
5255
5259
5265
5269
5275
5279
5285
5289
5295
5299
5305
5309
5315
5319
5325
5329
5335
5339
5345
5349
5355
5359
5365
5369
5375
5379
5385
5389
5395
5399
5405
5409
5415
5419
5425
5429
5435
5439
5445
5449
5455
5459
5465
5469
5475
5479
5485
5489
5495
5499
5505
5509
5515
5519
5525
5529
5535
5539
5545
5550
5556
5560
5566
5570
5576
5580
5586
5590
5596
5600
5606
5610
5616
5620
5626
5630
5636
5640
5646
5650
5656
5660
5666
5670
5676
5680
5686
5690
5696
5700
5706
5710
5716
5720
5726
5730
5736
5740
5746
5750
5756
5760
5766
5770
5776
5780
5786
5790
5796
5800
5806
5811
5814
5819
5822
5827
5830
5835
5838
5843
5846
5851
5854
5859
5862
5867
5870
5875
5878
5883
5887
5892
5895
5900
5903
5908
5911
5916
5919
5924
5927
5932
5935
5940
5943
5948
5951
5956
5959
5965
5968
5973
5976
5981
5984
5989
5992
5997
6000
6005
6008
6013
6016
6021
6024
6029
6032
6037
6040
6046
6049
6054
6057
6062
6065
6070
6073
6078
6081
6086
6089
6094
6097
6102
6105
6110
6113
6118
6122
6127
6130
6135
6138
6143
6146
6151
6154
6159
6162
6167
6170
6175
6178
6183
6186
6191
6194
6199
6203
6208
6211
6216
6219
6224
6227
6232
6235
6240
6243
6248
6251
6256
6259
6264
6267
6272
6275
6281
6284
6289
6292
6297
6300
6305
6308
6313
6316
6321
6324
6329
6332
6337
6340
6345
6348
6353
6356
6362
6365
6370
6373
6378
6381
6386
6389
6394
6397
6402
6405
6410
6413
6418
6421
6426
6429
6434
6438
6443
6446
6451
6454
6459
6462
6467
6470
6475
6478
6483
6486
6491
6494
6499
6502
6507
6510
6515
6519
6524
6527
6532
6535
6540
6543
6548
6551
6556
6559
6564
6567
6572
6575
6580
6583
6588
6591
6597
6600
6605
6608
6613
6618
6621
6627
6630
6635
6639
6644
6648
6653
6656
6662
6665
6670
6674
6679
6683
6688
6691
6697
6700
6705
6709
6714
6718
6723
6726
6732
6735
6741
6744
6749
6753
6758
6761
6767
6770
6776
6779
6784
6788
6793
6796
6802
6805
6811
6814
6819
6823
6828
6831
6837
6840
6846
6849
6854
6858
6863
6867
6872
6875
6881
6884
6889
6893
6898
6902
6907
6910
6916
6919
6924
6928
6933
6937
6942
6945
6951
6954
6959
6963
6968
6972
6977
6980
6986
6989
6995
6998
7003
7007
7012
7015
7021
7024
7030
7033
7038
7042
7047
7050
7056
7059
7065
7068
7073
7077
7082
7085
7091
7094
7100
7103
7108
7112
7117
7121
7126
7129
7135
7138
7143
7147
7152
7156
7161
7164
7170
7173
7178
7182
7187
7191
7196
7199
7205
7208
7213
7217
7222
7227
7230
7236
7239
7244
7248
7253
7257
7262
7265
7271
7274
7280
7283
7288
7292
7297
7301
7306
7309
7315
7318
7324
7327
7332
7336
7341
7345
7350
7353
7359
7362
7368
7371
7376
7380
7385
7389
7394
7397
7403
7406
7412
7415
7420
7424
7429
7433
7438
7441
7447
7450
7456
7459
7464
7468
7473
7477
7482
7485
7491
7494
7500
7503
7508
7512
7517
7521
7526
7529
7535
7538
7544
7547
7552
7556
7561
7565
7570
7573
7579
7582
7588
7591
7596
7600
7605
7609
7614
7617
7623
7626
7632
7635
7640
7644
7649
7653
7658
7661
7667
7670
7676
7679
7684
7688
7693
7697
7702
7705
7711
7714
7720
7723
7728
7732
7737
7741
7746
7749
7755
7758
7764
7767
7772
7776
7781
7785
7790
7793
7799
7802
7808
7811
7816
7820
7825
7829
7834
7837
7843
7846
7852
7855
7860
7864
7869
7873
7878
7881
7887
7890
7896
7899
7904
7908
7913
7917
7922
7925
7931
7934
7940
7943
7948
7952
7957
7961
7966
7969
7975
7978
7983
7987
7992
7996
8001
8004
8010
8013
8019
8022
8027
8031
8036
8040
8045
8048
8054
8057
8063
8066
8071
8075
8080
8084
8089
8092
8098
8101
8107
8110
8115
8119
8124
8128
8133
8136
8142
8145
8151
8154
8159
8163
8168
8172
8177
8180
8186
8189
8195
8198
8203
8207
8212
8216
8221
8224
8230
8233
8239
8242
8248
8251
8256
8260
8265
8269
8274
8277
8283
8286
8292
8295
8300
8304
8309
8313
8318
8321
8327
8330
8336
8339
8345
8348
8353
8357
8362
8366
8371
8374
8380
8383
8389
8392
8397
8401
8406
8410
8415
8418
8424
8427
8433
8436
8442
8445
8450
8454
8459
8463
8468
8471
8477
8480
8486
8489
8494
8498
8503
8507
8512
8515
8521
8524
8530
8533
8538
8542
8546
8549
8554
8556
8561
8564
8568
8571
8576
8579
8583
8586
8591
8593
8598
8601
8606
8608
8613
8616
8620
8623
8628
8631
8635
8638
8643
8645
8650
8653
8658
8660
8665
8668
8672
8675
8680
8683
8687
8690
8695
8697
8702
8705
8709
8712
8717
8720
8724
8727
8732
8734
8739
8742
8747
8749
8754
8757
8761
8764
8769
8772
8776
8779
8784
8786
8791
8794
8799
8801
8806
8809
8813
8816
8821
8824
8828
8831
8836
8838
8843
8846
8850
8853
8858
8861
8865
8868
8873
8875
8880
8883
8888
8890
8895
8898
8902
8905
8910
8913
8917
8920
8925
8927
8932
8935
8940
8942
8947
8950
8954
8957
8962
8965
8969
8972
8977
8979
8984
8987
8991
8994
8999
9002
9006
9009
9014
9016
9021
9024
9029
9031
9036
9039
9043
9046
9051
9054
9058
9061
9066
9068
9073
9076
9081
9083
9088
9091
9095
9098
9103
9106
9110
9113
9118
9120
9125
9128
9132
9135
9140
9143
9147
9150
9155
9157
9162
9165
9170
9172
9177
9180
9184
9187
9192
9195
9199
9202
9207
9209
9214
9217
9222
9224
9229
9232
9236
9239
9244
9247
9251
9254
9259
9261
9266
9269
9273
9276
9281
9284
9288
9291
9296
9298
9303
9306
9311
9313
9318
9321
9325
9328
9333
9336
9340
9343
9348
9352
9358
9362
9368
9372
9378
9381
9387
9391
9397
9401
9407
9411
9416
9420
9426
9430
9436
9440
9446
9449
9455
9459
9465
9469
9475
9479
9484
9488
9494
9498
9504
9508
9514
9517
9523
9527
9533
9537
9543
9547
9552
9556
9562
9566
9572
9576
9582
9585
9591
9595
9601
9605
9611
9615
9620
9624
9630
9634
9640
9644
9650
9653
9659
9663
9669
9673
9679
9683
9688
9692
9698
9702
9708
9712
9718
9721
9727
9731
9737
9741
9747
9751
9756
9760
9766
9770
9776
9780
9786
9789
9795
9799
9805
9809
9815
9819
9824
9828
9834
9838
9844
9848
9854
9857
9863
9867
9873
9877
9883
9887
9892
9896
9902
9906
9912
9916
9922
9925
9931
9935
9941
9945
9951
9955
9961
9964
9970
9974
9980
9984
9990
9994
9998
10001
10006
10008
10013
10016
10020
10023
10028
10030
10035
10038
10042
10045
10050
10052
10057
10060
10065
10067
10072
10075
10079
10082
10087
10089
10094
10097
10101
10104
10109
10111
10116
10119
10124
10126
10131
10134
10138
10141
10146
10148
10153
10156
10160
10163
10168
10170
10175
10178
10183
10185
10190
10193
10197
10200
10205
10207
10212
10215
10219
10222
10227
10229
10234
10237
10242
10244
10249
10252
10256
10259
10264
10266
10271
10274
10278
10281
10286
10288
10293
10296
10300
10303
10308
10311
10315
10318
10323
10325
10330
10333
10337
10340
10345
10347
10352
10355
10359
10362
10367
10370
10374
10377
10382
10384
10389
10392
10396
10399
10404
10406
10411
10414
10418
10421
10426
10429
10433
10436
10441
10443
10448
10451
10455
10458
10463
10465
10470
10473
10477
10480
10485
10488
10492
10495
10500
10502
10507
10510
10514
10517
10522
10524
10529
10532
10536
10539
10544
10546
10551
10554
10559
10561
10566
10569
10573
10576
10581
10583
10588
10591
10595
10598
10603
10605
10610
10613
10618
10620
10625
10628
10632
10635
10640
10642
10647
10650
10654
10659
10662
10667
10671
10676
10679
10684
10688
10693
10696
10701
10705
10710
10713
10718
10722
10727
10730
10735
10739
10744
10747
10753
10756
10761
10764
10770
10773
10778
10781
10787
10790
10795
10798
10804
10807
10812
10815
10821
10824
10829
10833
10838
10841
10846
10850
10855
10858
10863
10867
10872
10875
10880
10884
10889
10892
10897
10901
10906
10909
10915
10918
10923
10926
10932
10935
10940
10943
10949
10952
10957
10960
10966
10969
10974
10977
10983
10986
10991
10995
11000
11003
11008
11012
11017
11020
11025
11029
11034
11037
11042
11046
11051
11054
11059
11063
11068
11071
11077
11080
11085
11088
11094
11097
11102
11105
11111
11114
11119
11122
11128
11131
11136
11139
11145
11148
11153
11157
11162
11165
11170
11174
11179
11182
11187
11191
11196
11199
11204
11208
11213
11216
11221
11225
11230
11233
11239
11242
11247
11250
11256
11259
11264
11267
11273
11276
11281
11284
11290
11293
11298
11301
11307
11310
11315
11319
11324
11327
11332
11336
11341
11344
11349
11353
11358
11361
11366
11370
11375
11378
11383
11387
11392
11395
11401
11404
11409
11412
11418
11421
11426
11429
11435
11438
11443
11446
11452
11455
11460
11463
11469
11472
11477
11480
11486
11489
11494
11498
11503
11506
11511
11517
11521
11528
11532
11539
11543
11549
11554
11560
11565
11571
11576
11582
11586
11593
11597
11604
11608
11615
11619
11625
11630
11636
11641
11647
11652
11658
11662
11669
11673
11680
11684
11691
11695
11701
11706
11712
11717
11723
11727
11734
11738
11745
11749
11756
11760
11766
11771
11777
11782
11788
11793
11799
11803
11810
11814
11821
11825
11832
11836
11842
11847
11853
11858
11864
11869
11875
11879
11886
11890
11897
11901
11908
11912
11918
11923
11929
11934
11940
11944
11951
11955
11962
11966
11973
11977
11983
11988
11994
11999
12005
12010
12016
12020
12027
12031
12038
12042
12049
12053
12059
12064
12070
12075
12081
12086
12092
12096
12103
12107
12114
12118
12125
12129
12135
12140
12146
12151
12157
12161
12168
12172
12179
12183
12190
12194
12200
12205
12211
12216
12222
12227
12233
12237
12244
12248
12255
12259
12266
12270
12276
12281
12287
12292
12298
12303
12309
12313
12320
12324
12331
12335
12342
12346
12352
12357
12361
12367
12371
12377
12381
12387
12391
12397
12401
12407
12411
12417
12421
12427
12431
12437
12440
12446
12450
12456
12460
12466
12470
12476
12480
12486
12490
12496
12500
12506
12510
12516
12520
12525
12529
12535
12539
12545
12549
12555
12559
12565
12569
12575
12579
12585
12589
12595
12599
12605
12609
12614
12618
12624
12628
12634
12638
12644
12648
12654
12658
12664
12668
12674
12678
12684
12688
12694
12697
12703
12707
12713
12717
12723
12727
12733
12737
12743
12747
12753
12757
12763
12767
12773
12777
12782
12786
12792
12796
12802
12806
12812
12816
12822
12826
12832
12836
12842
12846
12852
12856
12862
12866
12871
12875
12881
12885
12891
12895
12901
12905
12911
12915
12921
12925
12931
12935
12941
12945
12951
12954
12960
12964
12970
12974
12980
12984
12990
12994
13000
13004
13010
13014
13020
13025
13028
13033
13036
13041
13044
13049
13053
13058
13061
13066
13069
13074
13077
13082
13086
13091
13094
13099
13102
13107
13110
13115
13119
13124
13127
13132
13135
13140
13143
13148
13152
13157
13160
13165
13168
13173
13176
13181
13185
13190
13193
13198
13201
13206
13209
13215
13218
13223
13226
13231
13234
13239
13242
13248
13251
13256
13259
13264
13267
13272
13275
13281
13284
13289
13292
13297
13300
13305
13308
13314
13317
13322
13325
13330
13333
13338
13341
13347
13352
13355
13360
13363
13368
13371
13376
13379
13384
13387
13392
13395
13400
13403
13408
13411
13416
13419
13425
13428
13433
13436
13441
13444
13449
13452
13457
13460
13465
13468
13473
13476
13481
13484
13489
13492
13497
13501
13506
13509
13514
13517
13522
13525
13530
13533
13538
13541
13546
13549
13554
13557
13562
13565
13570
13573
13579
13582
13587
13590
13595
13598
13603
13606
13611
13614
13619
13622
13627
13630
13635
13638
13643
13646
13651
13655
13660
13663
13668
13671
13676
13679
13684
13687
13692
13695
13700
13703
13708
13711
13716
13719
13724
13727
13733
13736
13741
13744
13749
13752
13757
13760
13765
13768
13773
13776
13781
13784
13789
13792
13797
13800
13805
13809
13814
13817
13822
13825
13830
13833
13838
13841
13846
13849
13854
13857
13862
13865
13870
13873
13878
13881
13887
13890
13895
13898
13903
13906
13911
13914
13919
13922
13927
13930
13935
13938
13943
13946
13951
13954
13959
13963
13968
13971
13976
13979
13984
13987
13992
13995
14000
14003
14008
14011
14016
14019
14024
14027
14032
14035
14041
14044
14049
14052
14057
14060
14065
14068
14073
14076
14081
14084
14089
14093
14099
14103
14109
14113
14119
14123
14129
14133
14139
14143
14149
14153
14159
14162
14168
14172
14178
14182
14188
14192
14198
14202
14208
14212
14218
14222
14228
14232
14237
14241
14247
14251
14257
14261
14267
14271
14277
14281
14287
14291
14297
14301
14307
14310
14316
14320
14326
14330
14336
14340
14346
14350
14356
14360
14366
14370
14376
14380
14385
14389
14395
14399
14405
14409
14415
14419
14425
14429
14435
14439
14445
14449
14455
14459
14463
14469
14473
14479
14483
14489
14493
14499
14503
14509
14513
14519
14523
14529
14533
14538
14542
14548
14552
14558
14562
14568
14572
14578
14582
14588
14592
14598
14602
14608
14611
14617
14621
14627
14631
14637
14641
14647
14651
14657
14661
14667
14671
14677
14681
14686
14690
14696
14700
14706
14710
14716
14720
14726
14730
14733
14738
14741
14745
14748
14753
14756
14760
14763
14768
14771
14776
14778
14783
14786
14791
14793
14798
14801
14806
14809
14813
14816
14821
14824
14828
14831
14836
14839
14844
14846
14851
14854
14859
14861
14866
14869
14874
14877
14881
14884
14889
14892
14896
14899
14904
14907
14912
14914
14919
14922
14927
14929
14934
14937
14942
14945
14949
14952
14957
14960
14964
14967
14972
14975
14980
14982
14987
14990
14995
14997
15002
15005
15010
15013
15017
15020
15025
15028
15032
15035
15040
15043
15048
15050
15055
15058
15063
15065
15070
15073
15078
15081
15085
15088
15093
15096
15100
15103
15108
15111
15116
15118
15123
15126
15131
15133
15138
15141
15146
15149
15153
15156
15161
15164
15168
15171
15176
15179
15184
15186
15191
15194
15199
15201
15206
15209
15214
15217
15221
15224
15229
15232
15236
15239
15244
15247
15252
15254
15259
15262
15267
15269
15274
15277
15282
15285
15289
15292
15297
15300
15304
15307
15312
15315
15320
15322
15327
15330
15335
15337
15342
15345
15350
15353
15357
15360
15365
15368
15372
15375
15380
15383
15388
15390
15395
15398
15403
15405
15410
15413
15418
15420
15425
15428
15433
15436
15440
15444
15447
15452
15455
15460
15463
15468
15470
15475
15478
15483
15486
15491
15494
15498
15501
15506
15509
15514
15517
15522
15524
15529
15532
15537
15540
15545
15548
15552
15555
15560
15563
15568
15571
15576
15578
15583
15586
15591
15594
15599
15602
15606
15609
15614
15617
15622
15625
15630
15632
15637
15640
15645
15648
15653
15656
15660
15663
15668
15671
15676
15679
15684
15686
15691
15694
15699
15702
15707
15710
15714
15717
15722
15725
15730
15733
15738
15740
15745
15748
15753
15756
15761
15764
15768
15771
15776
15779
15784
15787
15792
15794
15799
15802
15807
15810
15815
15818
15822
15825
15830
15833
15838
15841
15846
15849
15853
15856
15861
15864
15869
15872
15877
15879
15884
15887
15892
15895
15900
15903
15907
15910
15915
15918
15923
15926
15931
15933
15938
15941
15946
15949
15954
15957
15961
15964
15969
15972
15977
15980
15985
15987
15992
15995
16000
16003
16008
16011
16015
16018
16023
16026
16031
16034
16039
16041
16046
16049
16054
16057
16062
16065
16069
16072
16077
16080
16085
16088
16093
16095
16100
16103
16108
16111
16116
16119
16123
16126
16131
16134
16139
16142
16147
16149
16154
16157
16162
16165
16170
16173
16177
16180
16185
16188
16193
16196
16201
16203
16208
16211
16216
16219
16224
16227
16231
16234
16239
16242
16247
16250
16256
16259
16264
16267
16272
16276
16281
16284
16289
16292
16298
16301
16306
16309
16314
16318
16323
16326
16331
16335
16340
16343
16348
16351
16357
16360
16365
16368
16373
16377
16382
16385
16390
16393
16399
16402
16407
16410
16415
16419
16424
16427
16432
16436
16441
16444
16449
16452
16458
16461
16466
16469
16474
16478
16483
16486
16491
16494
16500
16503
16508
16511
16517
16520
16525
16528
16533
16537
16542
16545
16550
16553
16559
16562
16567
16570
16575
16579
16584
16587
16592
16595
16601
16604
16609
16612
16618
16621
16626
16629
16634
16638
16643
16646
16651
16654
16660
16663
16668
16671
16676
16680
16685
16688
16693
16696
16701
16704
16709
16712
16718
16721
16726
16729
16734
16737
16742
16745
16751
16754
16759
16762
16767
16770
16775
16778
16783
16787
16792
16795
16800
16803
16808
16811
16816
16820
16825
16828
16833
16836
16841
16844
16849
16852
16858
16861
16866
16869
16874
16877
16882
16885
16891
16894
16899
16902
16907
16910
16915
16918
16923
16927
16932
16935
16940
16943
16948
16951
16956
16960
16965
16968
16973
16976
16981
16984
16989
16992
16998
17001
17006
17009
17014
17017
17022
17025
17031
17034
17039
17042
17047
17050
17055
17058
17063
17067
17072
17075
17080
17083
17088
17091
17096
17100
17105
17108
17113
17116
17121
17124
17129
17132
17138
17141
17146
17149
17154
17157
17162
17165
17171
17174
17179
17182
17187
17190
17195
17198
17203
17207
17212
17215
17220
17223
17228
17231
17236
17240
17245
17248
17253
17256
17261
17264
17269
17272
17278
17281
17286
17289
17294
17297
17302
17305
17311
17314
17319
17322
17327
17330
17335
17338
17344
17347
17352
17355
17360
17363
17368
17371
17376
17380
17385
17388
17393
17396
17401
17404
17409
17413
17418
17421
17426
17429
17434
17437
17442
17445
17451
17454
17459
17462
17467
17470
17475
17478
17484
17487
17492
17495
17500
17503
17508
17511
17516
17520
17525
17529
17532
17536
17539
17544
17546
17551
17553
17558
17561
17565
17568
17572
17575
17580
17582
17587
17589
17594
17597
17601
17604
17609
17611
17616
17618
17623
17626
17630
17633
17637
17640
17645
17647
17652
17654
17659
17662
17666
17669
17674
17676
17681
17683
17688
17691
17695
17698
17702
17705
17710
17712
17717
17719
17724
17727
17731
17734
17738
17741
17746
17748
17753
17756
17760
17763
17767
17770
17775
17777
17782
17784
17789
17792
17796
17799
17803
17806
17811
17813
17818
17821
17825
17828
17832
17835
17840
17842
17847
17849
17854
17857
17861
17864
17868
17871
17876
17878
17883
17886
17890
17893
17897
17900
17905
17907
17912
17914
17919
17922
17926
17929
17933
17936
17941
17943
17948
17953
17956
17962
17965
17971
17974
17980
17983
17989
17992
17998
18001
18007
18010
18015
18019
18024
18028
18033
18037
18042
18046
18051
18055
18060
18064
18069
18072
18078
18081
18087
18090
18096
18099
18105
18108
18114
18117
18123
18126
18131
18135
18140
18144
18149
18153
18158
18162
18167
18171
18176
18180
18185
18188
18194
18197
18203
18206
18212
18215
18221
18224
18230
18233
18239
18242
18247
18251
18256
18260
18265
18269
18274
18278
18283
18287
18292
18296
18301
18305
18310
18313
18319
18322
18328
18331
18337
18340
18346
18349
18355
18358
18364
18367
18372
18376
18381
18385
18390
18394
18399
18403
18408
18412
18417
18421
18426
18429
18435
18438
18444
18447
18453
18456
18462
18465
18471
18474
18480
18483
18488
18492
18497
18501
18506
18510
18515
18519
18524
18528
18533
18537
18542
18545
18551
18554
18560
18563
18569
18572
18578
18581
18587
18590
18596
18599
18605
18608
18613
18617
18622
18626
18631
18635
18640
18644
18649
18653
18658
18662
18667
18670
18676
18679
18685
18688
18694
18697
18703
18706
18712
18715
18721
18724
18729
18733
18738
18742
18747
18751
18756
18760
18765
18769
18774
18778
18783
18786
18792
18795
18801
18804
18810
18813
18819
18822
18828
18831
18838
18843
18850
18855
18863
18868
18875
18880
18887
18893
18900
18905
18912
18917
18925
18930
18937
18942
18949
18955
18962
18967
18974
18979
18987
18992
18999
19004
19011
19017
19024
19029
19036
19041
19049
19054
19061
19066
19073
19079
19086
19091
19098
19103
19111
19116
19123
19128
19135
19141
19148
19153
19160
19165
19173
19178
19185
19190
19197
19203
19210
19215
19222
19227
19235
19240
19247
19252
19259
19265
19272
19277
19284
19289
19297
19302
19309
19314
19321
19327
19334
19339
19346
19351
19359
19364
19371
19376
19383
19389
19396
19401
19408
19413
19421
19426
19433
19438
19445
19451
19458
19463
19470
19475
19483
19488
19495
19500
19507
19513
19520
19525
19532
19537
19545
19550
19557
19562
19569
19575
19582
19587
19594
19600
19604
19610
19614
19620
19624
19630
19634
19640
19644
19650
19654
19660
19664
19670
19674
19680
19684
19690
19694
19700
19704
19710
19714
19720
19724
19730
19734
19740
19744
19750
19754
19760
19764
19770
19774
19780
19784
19790
19794
19800
19804
19810
19814
19820
19824
19830
19834
19840
19844
19850
19854
19860
19864
19870
19874
19880
19884
19890
19894
19900
19904
19910
19914
19920
19924
19930
19934
19941
19945
19951
19955
19961
19965
19971
19975
19981
19985
19991
19995
20001
20005
20011
20015
20021
20025
20031
20035
20041
20045
20051
20055
20061
20065
20071
20075
20081
20085
20091
20095
20101
20105
20111
20115
20121
20125
20131
20135
20141
20145
20151
20155
20161
20165
20171
20175
20181
20185
20191
20195
20201
20205
20211
20215
20221
20225
20231
20235
20241
20245
20251
20255
20261
20265
20271
20275
20282
20286
20292
20296
20302
20306
20311
20314
20319
20322
20327
20331
20336
20339
20344
20347
20352
20356
20361
20364
20369
20372
20378
20381
20386
20389
20394
20397
20403
20406
20411
20414
20419
20423
20428
20431
20436
20439
20444
20448
20453
20456
20461
20464
20470
20473
20478
20481
20486
20489
20495
20498
20503
20506
20511
20514
20520
20523
20528
20531
20536
20540
20545
20548
20553
20556
20561
20565
20570
20573
20578
20581
20587
20590
20595
20598
20603
20606
20612
20615
20620
20623
20628
20632
20637
20640
20645
20648
20653
20657
20662
20665
20670
20673
20678
20682
20687
20690
20695
20698
20704
20707
20712
20715
20720
20723
20729
20732
20737
20740
20745
20749
20754
20757
20762
20765
20770
20774
20779
20782
20787
20790
20796
20799
20804
20807
20812
20815
20821
20824
20829
20832
20837
20841
20846
20849
20854
20857
20862
20866
20871
20874
20879
20882
20887
20891
20896
20899
20904
20907
20913
20916
20921
20924
20929
20932
20938
20941
20946
20949
20954
20958
20963
20966
20971
20974
20979
20983
20988
20991
20996
20999
21004
21007
21012
21016
21021
21024
21029
21032
21037
21040
21046
21049
21054
21057
21062
21065
21070
21073
21079
21082
21087
21090
21095
21098
21103
21107
21112
21115
21120
21123
21128
21131
21136
21140
21145
21148
21153
21156
21161
21164
21170
21173
21178
21181
21186
21189
21194
21197
21203
21206
21211
21214
21219
21222
21227
21231
21236
21239
21244
21247
21252
21255
21260
21264
21269
21272
21277
21280
21285
21288
21294
21297
21302
21305
21310
21313
21318
21321
21327
21330
21335
21338
21343
21346
21351
21355
21360
21363
21368
21371
21376
21379
21384
21388
21393
21396
21401
21404
21409
21412
21418
21421
21426
21429
21434
21437
21442
21445
21451
21454
21459
21462
21467
21470
21475
21479
21484
21487
21492
21495
21500
21503
21508
21512
21517
21520
21525
21528
21533
21536
21542
21545
21550
21553
21558
21561
21566
21569
21575
21578
21583
21586
21591
21594
21599
21603
21608
21611
21616
21619
21624
21627
21632
21636
21641
21644
21649
21652
21657
21660
21666
21669
21674
21677
21682
21685
21690
21693
21699
21702
21707
21710
21715
21718
21723
21727
21732
21735
21740
21745
21749
21754
21758
21763
21767
21772
21776
21781
21785
21790
21794
21800
21803
21809
21812
21818
21821
21827
21830
21836
21839
21845
21848
21854
21858
21863
21867
21872
21876
21881
21885
21890
21894
21899
21903
21908
21912
21918
21921
21927
21930
21936
21939
21945
21948
21954
21957
21963
21967
21972
21976
21981
21985
21990
21994
21999
22003
22008
22012
22017
22021
22027
22030
22036
22039
22045
22048
22054
22057
22063
22066
22072
22075
22081
22085
22090
22094
22099
22103
22108
22112
22117
22121
22126
22130
22136
22139
22145
22148
22154
22157
22163
22166
22172
22175
22181
22184
22190
22194
22199
22203
22208
22212
22217
22221
22226
22230
22235
22239
22244
22248
22254
22257
22263
22266
22272
22275
22281
22284
22290
22293
22299
22302
22308
22312
22317
22321
22326
22330
22335
22339
22344
22348
22353
22357
22363
22366
22372
22375
22381
22384
22390
22393
22399
22402
22408
22411
22417
22421
22426
22430
22435
22439
22444
22448
22453
22457
22462
22466
22471
22475
22481
22484
22490
22493
22499
22502
22508
22511
22517
22520
22526
22530
22534
22537
22542
22545
22550
22553
22558
22561
22566
22569
22574
22577
22582
22585
22590
22593
22598
22601
22606
22609
22614
22617
22622
22625
22630
22633
22638
22641
22646
22649
22654
22657
22662
22665
22670
22673
22678
22681
22686
22689
22694
22697
22702
22705
22710
22713
22718
22721
22726
22729
22734
22737
22742
22745
22750
22753
22758
22760
22765
22768
22773
22776
22781
22784
22789
22792
22797
22800
22805
22808
22813
22816
22821
22824
22829
22832
22837
22840
22845
22848
22853
22856
22861
22864
22869
22872
22877
22880
22885
22888
22893
22896
22901
22904
22909
22912
22917
22920
22925
22928
22933
22936
22941
22944
22949
22952
22957
22960
22965
22968
22973
22976
22981
22984
22989
22991
22996
22999
23004
23007
23012
23015
23020
23023
23028
23031
23036
23039
23044
23047
23052
23055
23060
23063
23068
23071
23076
23079
23084
23087
23092
23095
23100
23103
23108
23111
23116
23119
23124
23127
23132
23135
23140
23143
23148
23151
23156
23159
23164
23167
23172
23175
23180
23183
23188
23191
23196
23199
23204
23207
23212
23215
23220
23222
23227
23230
23235
23238
23243
23246
23251
23254
23259
23262
23267
23270
23275
23278
23283
23286
23291
23294
23299
23302
23307
23310
23315
23318
23323
23326
23331
23334
23339
23342
23347
23350
23355
23358
23363
23366
23371
23374
23379
23382
23387
23390
23396
23401
23408
23413
23419
23424
23431
23436
23442
23447
23454
23459
23465
23470
23477
23482
23488
23493
23500
23505
23511
23516
23523
23528
23534
23539
23546
23551
23557
23562
23569
23574
23580
23585
23592
23597
23603
23608
23615
23620
23626
23631
23638
23643
23649
23654
23661
23666
23673
23677
23684
23689
23696
23700
23707
23712
23719
23723
23730
23735
23742
23746
23753
23758
23765
23769
23776
23781
23788
23792
23799
23804
23811
23815
23822
23827
23834
23838
23845
23850
23857
23861
23868
23873
23880
23884
23891
23896
23903
23907
23914
23919
23926
23931
23937
23942
23949
23954
23960
23965
23972
23977
23983
23988
23995
24000
24006
24011
24018
24023
24029
24034
24041
24046
24052
24057
24064
24069
24075
24080
24087
24092
24098
24103
24110
24115
24121
24126
24133
24138
24144
24149
24154
24157
24163
24166
24172
24175
24180
24184
24189
24193
24198
24201
24207
24210
24216
24219
24224
24228
24233
24237
24242
24245
24251
24254
24260
24263
24268
24272
24277
24281
24286
24289
24295
24298
24304
24307
24312
24316
24321
24325
24330
24333
24339
24342
24348
24351
24356
24360
24365
24369
24374
24377
24383
24386
24392
24395
24401
24404
24409
24413
24418
24422
24427
24430
24436
24439
24445
24448
24453
24457
24462
24466
24471
24474
24480
24483
24489
24492
24497
24501
24506
24510
24515
24518
24524
24527
24533
24536
24541
24545
24550
24554
24559
24562
24568
24571
24577
24580
24585
24589
24594
24598
24603
24606
24612
24615
24621
24624
24629
24633
24638
24642
24647
24651
24656
24659
24665
24668
24674
24677
24682
24686
24691
24695
24700
24703
24709
24712
24718
24721
24726
24730
24735
24739
24744
24747
24753
24756
24762
24765
24770
24774
24779
24783
24788
24791
24797
24800
24806
24811
24815
24820
24824
24829
24833
24838
24842
24847
24851
24856
24860
24866
24869
24875
24878
24884
24887
24893
24896
24902
24905
24911
24915
24920
24924
24929
24933
24938
24942
24947
24951
24956
24960
24966
24969
24975
24978
24984
24987
24993
24996
25002
25005
25011
25015
25020
25024
25029
25033
25038
25042
25047
25051
25056
25060
25065
25069
25075
25078
25084
25087
25093
25096
25102
25105
25111
25114
25120
25124
25129
25133
25138
25142
25147
25151
25156
25160
25165
25169
25175
25178
25184
25187
25193
25196
25202
25205
25211
25214
25220
25224
25229
25233
25238
25242
25247
25251
25258
25263
25270
25275
25282
25288
25295
25300
25307
25312
25320
25325
25332
25337
25344
25350
25357
25362
25369
25374
25382
25387
25394
25399
25406
25412
25419
25424
25431
25436
25444
25449
25456
25461
25468
25474
25481
25486
25493
25498
25506
25511
25518
25523
25530
25536
25543
25548
25555
25560
25568
25573
25580
25585
25592
25598
25605
25610
25617
25622
25630
25635
25642
25647
25654
25660
25667
25672
25679
25684
25692
25697
25704
25709
25716
25722
25729
25734
25741
25746
25754
25759
25766
25771
25778
25784
25791
25796
25803
25808
25816
25821
25828
25833
25840
25846
25853
25858
25865
25870
25878
25883
25890
25895
25902
25908
25915
25920
25927
25932
25940
25945
25952
25957
25964
25970
25977
25982
25989
25994
26001
26007
26014
26019
26026
26031
26039
26044
26051
26056
26063
26069
26076
26081
26088
26093
26101
26106
26113
26118
26125
26131
26138
26143
26147
26150
26155
26158
26163
26166
26171
26174
26179
26182
26187
26190
26195
26198
26203
26206
26211
26214
26219
26222
26227
26230
26235
26238
26243
26246
26251
26254
26258
26261
26266
26269
26274
26277
26282
26285
26290
26293
26298
26301
26306
26309
26314
26317
26322
26325
26330
26333
26338
26341
26346
26349
26354
26357
26362
26365
26369
26372
26377
26380
26385
26388
26393
26396
26401
26404
26409
26412
26417
26420
26425
26428
26433
26436
26441
26444
26449
26452
26457
26460
26465
26468
26473
26476
26480
26483
26488
26491
26496
26499
26504
26507
26512
26515
26520
26523
26528
26531
26536
26539
26544
26547
26552
26555
26560
26563
26568
26571
26576
26579
26584
26587
26591
26596
26600
26605
26609
26615
26618
26624
26628
26633
26637
26643
26646
26652
26656
26661
26665
26671
26674
26680
26684
26689
26693
26699
26702
26708
26712
26717
26721
26727
26730
26736
26740
26745
26749
26755
26758
26764
26768
26773
26777
26783
26786
26792
26796
26801
26805
26811
26814
26820
26824
26829
26833
26839
26842
26848
26852
26857
26861
26867
26870
26876
26880
26885
26889
26895
26898
26904
26908
26913
26917
26923
26926
26932
26936
26941
26945
26951
26954
26960
26964
26969
26973
26979
26982
26988
26992
26997
27001
27007
27010
27016
27020
27025
27029
27035
27038
27044
27048
27053
27057
27063
27066
27072
27076
27081
27085
27091
27094
27100
27104
27109
27113
27119
27122
27128
27132
27137
27141
27146
27150
27156
27159
27165
27169
27174
27178
27184
27187
27193
27197
27202
27206
27212
27215
27221
27225
27230
27234
27240
27243
27249
27253
27258
27262
27268
27271
27277
27281
27286
27290
27296
27299
27305
27309
27314
27318
27324
27327
27333
27337
27342
27346
27352
27355
27361
27365
27370
27374
27380
27383
27389
27393
27398
27402
27408
27411
27417
27421
27426
27430
27436
27439
27445
27449
27455
27459
27465
27469
27475
27479
27485
27489
27495
27499
27505
27509
27515
27519
27525
27529
27535
27539
27545
27549
27555
27559
27565
27569
27575
27579
27585
27589
27595
27599
27605
27609
27616
27620
27626
27630
27636
27640
27646
27650
27656
27660
27666
27670
27676
27680
27686
27690
27696
27700
27706
27710
27716
27720
27726
27730
27736
27740
27746
27750
27756
27760
27766
27770
27776
27780
27787
27791
27797
27801
27807
27811
27817
27821
27827
27831
27837
27841
27847
27851
27857
27861
27867
27871
27877
27881
27887
27891
27897
27901
27907
27911
27917
27921
27927
27931
27937
27941
27947
27951
27958
27962
27968
27972
27978
27982
27988
27992
27998
28002
28008
28012
28018
28022
28028
28032
28038
28042
28048
28052
28058
28062
28068
28072
28078
28082
28088
28092
28098
28102
28108
28112
28118
28122
28129
28133
28139
28143
28149
28153
28159
28163
28169
28173
28179
28183
28189
28193
28199
28203
28209
28213
28219
28223
28229
28233
28239
28243
28249
28253
28259
28263
28269
28273
28279
28283
28289
28294
28297
28302
28305
28310
28313
28318
28322
28327
28330
28335
28338
28343
28346
28351
28355
28360
28363
28368
28371
28376
28379
28385
28388
28393
28396
28401
28404
28409
28412
28418
28421
28426
28429
28434
28437
28442
28445
28451
28454
28459
28462
28467
28470
28475
28479
28484
28487
28492
28495
28500
28503
28508
28512
28517
28520
28525
28528
28533
28536
28541
28545
28550
28553
28558
28561
28566
28569
28575
28578
28583
28586
28591
28594
28599
28602
28608
28611
28616
28619
28624
28627
28632
28636
28639
28644
28647
28652
28655
28660
28663
28667
28670
28675
28678
28683
28686
28691
28694
28699
28701
28706
28709
28714
28717
28722
28725
28730
28732
28737
28740
28745
28748
28753
28756
28761
28764
28768
28771
28776
28779
28784
28787
28792
28795
28799
28802
28807
28810
28815
28818
28823
28826
28831
28833
28838
28841
28846
28849
28854
28857
28862
28865
28869
28872
28877
28880
28885
28888
28893
28896
28900
28903
28908
28911
28916
28919
28924
28927
28932
28934
28939
28942
28947
28950
28955
28958
28963
28965
28970
28973
28978
28981
28986
28989
28994
28997
29001
29004
29009
29012
29017
29020
29025
29028
29032
29035
29040
29043
29048
29051
29056
29059
29064
29066
29071
29074
29079
29082
29087
29090
29095
29098
29102
29105
29110
29113
29118
29121
29126
29129
29133
29136
29141
29144
29149
29152
29157
29160
29165
29167
29172
29175
29180
29183
29188
29191
29196
29198
29203
29206
29211
29214
29219
29222
29227
29230
29234
29237
29242
29245
29250
29253
29258
29261
29266
29268
29273
29276
29281
29284
29289
29292
29297
29299
29304
29307
29312
29315
29320
29323
29328
29331
29335
29338
29343
29346
29351
29354
29359
29362
29366
29369
29374
29377
29382
29385
29390
29393
29398
29400
29405
29408
29413
29416
29421
29424
29429
29432
29435
29440
29443
29449
29452
29457
29461
29466
29470
29475
29478
29484
29487
29493
29496
29501
29505
29510
29514
29519
29522
29528
29531
29537
29540
29545
29549
29554
29558
29563
29566
29572
29575
29581
29584
29589
29593
29598
29602
29607
29610
29616
29619
29625
29628
29633
29637
29642
29646
29651
29654
29660
29663
29669
29672
29677
29681
29686
29690
29695
29698
29704
29707
29713
29716
29721
29725
29730
29734
29739
29742
29748
29751
29756
29760
29765
29769
29774
29777
29783
29786
29792
29795
29800
29804
29809
29813
29818
29821
29827
29830
29836
29839
29844
29848
29853
29857
29862
29865
29871
29874
29880
29883
29888
29892
29897
29901
29906
29909
29915
29918
29924
29927
29932
29936
29941
29945
29950
29953
29959
29962
29968
29971
29976
29980
29985
29989
29994
29997
30003
30006
30012
30015
30020
30024
30029
30033
30038
30041
30047
30050
30056
30059
30064
30068
30073
30076
30082
30085
30091
30094
30099
30103
30108
30112
30117
30120
30126
30129
30135
30138
30143
30147
30152
30156
30161
30164
30170
30173
30179
30182
30187
30191
30196
30200
30206
30210
30216
30219
30225
30229
30235
30239
30244
30248
30254
30258
30264
30267
30273
30277
30283
30287
30292
30296
30302
30306
30312
30315
30321
30325
30331
30335
30340
30344
30350
30354
30360
30363
30369
30373
30379
30383
30388
30392
30398
30402
30408
30411
30417
30421
30427
30431
30436
30440
30446
30450
30456
30459
30465
30469
30475
30479
30484
30488
30494
30498
30504
30507
30513
30517
30523
30527
30532
30536
30542
30546
30552
30555
30561
30565
30571
30575
30580
30584
30590
30594
30600
30603
30609
30613
30619
30623
30628
30632
30638
30642
30648
30652
30657
30661
30667
30671
30677
30680
30686
30690
30696
30700
30705
30709
30715
30719
30725
30729
30734
30738
30744
30748
30754
30757
30763
30767
30773
30777
30782
30786
30792
30796
30802
30806
30811
30815
30821
30825
30831
30834
30840
30844
30850
30854
30859
30863
30869
30873
30879
30883
30888
30892
30898
30902
30908
30911
30917
30921
30927
30931
30937
30940
30946
30950
30956
30960
30965
30969
30975
30979
30985
30988
30994
30998
31004
31008
31014
31017
31023
31027
31033
31037
31042
31046
31052
31056
31062
31065
31071
31075
31081
31085
31091
31094
31100
31104
31110
31114
31119
31123
31129
31133
31139
31142
31148
31152
31158
31162
31168
31171
31177
31181
31187
31191
31196
31200
31206
31210
31216
31220
31225
31229
31235
31239
31245
31248
31254
31258
31264
31270
31274
31280
31284
31290
31294
31300
31304
31310
31314
31320
31324
31330
31334
31341
31345
31351
31355
31361
31365
31371
31375
31381
31385
31391
31395
31401
31405
31412
31416
31422
31426
31432
31436
31442
31446
31452
31456
31462
31466
31472
31476
31482
31487
31493
31497
31503
31507
31513
31517
31523
31527
31533
31537
31543
31547
31553
31558
31564
31568
31574
31578
31584
31588
31594
31598
31604
31608
31614
31618
31624
31629
31635
31639
31645
31649
31655
31659
31665
31669
31675
31679
31685
31689
31695
31699
31706
31710
31716
31720
31726
31730
31736
31740
31746
31750
31756
31760
31766
31770
31777
31781
31787
31791
31797
31801
31807
31811
31817
31821
31827
31831
31837
31841
31848
31852
31858
31862
31868
31872
31878
31882
31888
31892
31898
31902
31908
31912
31918
31923
31929
31933
31939
31943
31949
31953
31959
31963
31969
31973
31979
31983
31989
31994
32000
32004
32010
32014
32020
32024
32030
32034
32040
32044
32050
32054
32060
32065
32071
32075
32081
32085
32089
32092
32097
32100
32105
32108
32113
32116
32121
32124
32129
32132
32137
32140
32145
32148
32153
32156
32161
32164
32169
32172
32177
32180
32185
32188
32193
32196
32201
32204
32209
32212
32217
32220
32225
32228
32233
32236
32241
32244
32249
32252
32257
32260
32265
32268
32273
32276
32281
32284
32289
32292
32297
32300
32305
32308
32313
32315
32320
32323
32328
32331
32336
32339
32344
32347
32352
32355
32360
32363
32368
32371
32376
32379
32384
32387
32392
32395
32400
32403
32408
32411
32416
32419
32424
32427
32432
32435
32440
32443
32448
32451
32456
32459
32464
32467
32472
32475
32480
32483
32488
32491
32496
32499
32504
32507
32512
32515
32520
32523
32528
32531
32536
32539
32544
32546
32551
32554
32559
32562
32567
32570
32575
32578
32583
32586
32591
32594
32599
32602
32607
32610
32615
32618
32623
32626
32631
32634
32639
32642
32647
32650
32655
32658
32663
32666
32671
32674
32679
32682
32687
32690
32695
32698
32703
32706
32711
32714
32719
32722
32727
32730
32735
32738
32743
32746
32751
32754
32759
32762
32767
32770
32775
32777
32782
32785
32790
32793
32799
32803
32810
32814
32820
32825
32831
32836
32842
32846
32853
32857
32864
32868
32874
32879
32885
32890
32896
32900
32907
32911
32917
32922
32928
32933
32939
32943
32950
32954
32961
32965
32971
32976
32982
32987
32993
32997
33004
33008
33015
33019
33025
33030
33036
33040
33047
33051
33058
33062
33068
33073
33079
33084
33090
33094
33101
33105
33112
33116
33122
33127
33131
33134
33139
33142
33146
33149
33154
33157
33161
33164
33169
33172
33176
33179
33184
33187
33191
33194
33199
33202
33206
33209
33214
33217
33221
33224
33229
33232
33236
33239
33244
33247
33251
33254
33259
33262
33266
33269
33274
33277
33281
33284
33289
33292
33297
33299
33304
33307
33312
33314
33319
33322
33327
33329
33334
33337
33342
33344
33349
33352
33357
33359
33364
33367
33372
33374
33379
33382
33387
33389
33394
33397
33402
33404
33409
33412
33417
33419
33424
33427
33432
33434
33439
33442
33447
33450
33454
33457
33462
33465
33469
33472
33477
33480
33484
33487
33492
33495
33499
33502
33507
33510
33514
33517
33522
33525
33529
33532
33537
33540
33544
33547
33551
33554
33559
33561
33566
33569
33573
33576
33581
33583
33588
33591
33595
33598
33603
33605
33610
33613
33617
33620
33625
33627
33632
33635
33639
33642
33647
33649
33654
33657
33661
33664
33669
33671
33676
33679
33683
33686
33691
33693
33698
33701
33705
33708
33713
33715
33720
33723
33727
33730
33735
33737
33742
33745
33749
33752
33757
33759
33764
33767
33771
33774
33779
33781
33786
33789
33793
33796
33801
33803
33808
33811
33815
33818
33823
33825
33830
33833
33837
33840
33845
33847
33852
33855
33859
33862
33867
33869
33874
33877
33881
33884
33889
33891
33896
33899
33903
33906
33911
33913
33918
33921
33925
33928
33933
33935
33940
33943
33947
33950
33955
33958
33962
33965
33970
33972
33977
33980
33984
33987
33992
33994
33999
34002
34008
34013
34020
34025
34031
34036
34043
34048
34054
34059
34066
34071
34077
34082
34089
34094
34101
34105
34112
34117
34124
34128
34135
34140
34147
34151
34158
34163
34170
34174
34181
34186
34193
34198
34204
34209
34216
34221
34227
34232
34239
34244
34250
34255
34262
34267
34274
34278
34285
34290
34297
34301
34308
34313
34320
34324
34331
34336
34343
34347
34354
34359
34366
34371
34377
34382
34389
34394
34400
34405
34412
34417
34423
34428
34435
34440
34447
34451
34458
34463
34470
34474
34481
34486
34493
34497
34504
34509
34516
34520
34527
34532
34539
34544
34550
34555
34562
34567
34573
34578
34585
34590
34596
34601
34608
34613
34620
34624
34631
34636
34643
34647
34654
34659
34666
34670
34677
34682
34689
34693
34700
34705
34712
34717
34723
34728
34735
34740
34746
34751
34758
34763
34769
34774
34781
34786
34793
34797
34804
34809
34816
34820
34827
34832
34839
34844
34847
34852
34855
34861
34864
34869
34872
34877
34881
34886
34889
34894
34897
34903
34906
34911
34914
34919
34923
34928
34931
34936
34939
34945
34948
34953
34956
34961
34965
34970
34973
34978
34981
34987
34990
34995
34998
35003
35007
35012
35015
35020
35023
35029
35032
35037
35040
35045
35049
35054
35057
35062
35065
35071
35074
35079
35082
35087
35091
35096
35099
35104
35107
35113
35116
35121
35124
35129
35133
35138
35141
35146
35149
35155
35158
35163
35166
35171
35175
35180
35183
35188
35191
35197
35201
35207
35211
35217
35221
35227
35232
35238
35242
35248
35252
35258
35262
35268
35273
35279
35283
35289
35293
35299
35303
35309
35314
35320
35324
35330
35334
35340
35344
35350
35355
35361
35365
35371
35375
35381
35385
35391
35396
35402
35406
35412
35416
35422
35426
35432
35437
35443
35447
35453
35457
35463
35467
35473
35478
35484
35488
35494
35498
35504
35508
35514
35519
35525
35529
35535
35539
35545
35549
35555
35560
35566
35571
35574
35580
35583
35589
35592
35598
35601
35606
35610
35615
35619
35624
35628
35633
35636
35642
35645
35651
35654
35660
35663
35668
35672
35677
35681
35686
35690
35695
35698
35704
35707
35713
35716
35722
35725
35730
35734
35739
35743
35748
35752
35757
35760
35766
35769
35775
35778
35784
35787
35792
35796
35801
35805
35810
35814
35819
35823
35828
35831
35837
35840
35846
35849
35855
35858
35863
35867
35872
35876
35881
35885
35890
35893
35899
35902
35908
35911
35917
35920
35925
35929
35934
35938
35943
35947
35952
35955
35961
35964
35970
35973
35979
35982
35987
35991
35996
36000
36005
36009
36014
36017
36023
36026
36032
36035
36041
36044
36050
36053
36058
36062
36067
36071
36076
36080
36085
36088
36094
36097
36103
36106
36112
36115
36120
36124
36129
36133
36138
36142
36147
36150
36156
36159
36165
36168
36174
36177
36182
36186
36191
36195
36200
36204
36209
36212
36218
36221
36227
36230
36236
36239
36244
36248
36253
36257
36262
36266
36271
36275
36280
36283
36289
36292
36298
36301
36307
36310
36315
36319
36324
36328
36333
36337
36342
36345
36351
36354
36360
36363
36369
36372
36377
36381
36386
36390
36395
36399
36404
36407
36413
36416
36422
36425
36431
36434
36439
36443
36447
36450
36455
36458
36463
36466
36470
36473
36478
36481
36486
36489
36493
36496
36501
36504
36509
36512
36516
36519
36524
36527
36532
36535
36539
36542
36547
36550
36555
36558
36563
36565
36570
36573
36578
36581
36586
36588
36593
36596
36601
36604
36609
36611
36616
36619
36624
36627
36632
36635
36638
36643
36646
36651
36654
36659
36661
36666
36669
36674
36677
36682
36684
36689
36692
36697
36700
36705
36707
36712
36715
36720
36723
36728
36731
36734
36739
36742
36747
36750
36755
36757
36762
36765
36770
36773
36778
36780
36785
36788
36793
36796
36801
36803
36808
36811
36816
36819
36824
36827
36830
36835
36838
36843
36846
36851
36853
36858
36861
36866
36869
36874
36876
36881
36884
36889
36892
36897
36899
36904
36907
36912
36915
36920
36923
36926
36931
36934
36939
36942
36947
36949
36954
36957
36962
36965
36970
36972
36977
36980
36985
36988
36993
36995
37000
37003
37008
37011
37016
37019
37022
37027
37030
37035
37038
37043
37045
37050
37053
37058
37061
37066
37068
37073
37076
37081
37084
37089
37091
37096
37099
37104
37107
37112
37115
37118
37123
37126
37131
37134
37139
37141
37146
37149
37154
37157
37162
37164
37169
37172
37177
37180
37185
37187
37192
37195
37200
37203
37208
37211
37214
37219
37222
37227
37230
37235
37237
37242
37245
37250
37253
37258
37260
37265
37268
37273
37276
37281
37284
37289
37292
37297
37300
37306
37309
37314
37317
37322
37325
37330
37334
37339
37342
37347
37350
37355
37358
37364
37367
37372
37375
37380
37383
37388
37392
37397
37400
37405
37408
37413
37416
37422
37425
37430
37433
37438
37441
37446
37450
37455
37458
37463
37466
37471
37474
37480
37483
37488
37491
37496
37499
37504
37508
37513
37516
37521
37524
37529
37532
37538
37541
37546
37549
37554
37557
37563
37566
37571
37574
37579
37582
37587
37591
37596
37599
37604
37607
37612
37615
37621
37624
37629
37632
37637
37640
37645
37649
37654
37657
37662
37665
37670
37673
37679
37682
37687
37690
37695
37698
37703
37707
37712
37715
37720
37723
37728
37731
37737
37740
37745
37748
37753
37756
37761
37765
37770
37773
37778
37781
37786
37789
37795
37798
37803
37806
37811
37814
37820
37823
37828
37831
37836
37839
37844
37848
37853
37856
37861
37864
37869
37872
37878
37881
37886
37889
37894
37897
37902
37906
37911
37914
37919
37922
37927
37930
37936
37939
37944
37947
37952
37955
37960
37964
37969
37972
37977
37980
37985
37988
37994
37997
38002
38005
38010
38013
38018
38022
38027
38030
38035
38038
38043
38046
38052
38055
38060
38063
38068
38071
38076
38080
38085
38088
38093
38096
38101
38105
38111
38116
38122
38127
38133
38138
38145
38149
38156
38160
38167
38172
38178
38183
38189
38194
38201
38205
38212
38216
38223
38228
38234
38239
38245
38250
38257
38261
38268
38272
38279
38284
38290
38295
38301
38306
38312
38317
38324
38328
38335
38339
38346
38351
38357
38362
38368
38373
38380
38384
38391
38395
38402
38407
38413
38417
38420
38425
38428
38433
38436
38441
38444
38449
38452
38457
38460
38465
38468
38473
38476
38481
38484
38488
38491
38496
38499
38504
38507
38512
38515
38520
38523
38528
38531
38536
38539
38544
38547
38552
38555
38560
38563
38566
38571
38574
38579
38582
38587
38590
38595
38598
38603
38606
38611
38614
38619
38622
38627
38630
38635
38638
38641
38646
38649
38654
38657
38662
38665
38670
38673
38678
38681
38686
38689
38694
38697
38702
38705
38710
38713
38716
38721
38724
38729
38732
38737
38740
38747
38752
38759
38764
38772
38777
38784
38789
38797
38802
38809
38814
38822
38827
38834
38839
38847
38852
38859
38864
38872
38877
38884
38889
38897
38902
38909
38914
38922
38927
38934
38939
38947
38952
38959
38964
38972
38977
38984
38989
38997
39002
39009
39014
39022
39027
39034
39039
39047
39052
39059
39064
39072
39077
39084
39089
39097
39102
39109
39114
39122
39127
39134
39139
39147
39152
39159
39164
39172
39177
39184
39189
39197
39202
39209
39214
39221
39227
39234
39239
39246
39252
39259
39264
39271
39277
39284
39289
39296
39302
39309
39314
39321
39327
39334
39339
39346
39352
39357
39363
39368
39375
39379
39386
39390
39397
39402
39408
39413
39420
39424
39431
39435
39442
39447
39453
39458
39465
39469
39476
39480
39487
39492
39498
39503
39510
39514
39521
39525
39532
39537
39543
39548
39555
39559
39566
39570
39577
39582
39588
39593
39600
39604
39611
39615
39622
39627
39633
39638
39645
39649
39656
39660
39667
39672
39678
39683
39690
39694
39701
39705
39712
39717
39723
39728
39735
39739
39746
39750
39757
39762
39768
39773
39779
39784
39791
39795
39802
39807
39813
39818
39824
39829
39836
39840
39847
39852
39856
39859
39864
39867
39871
39874
39879
39882
39887
39889
39894
39897
39902
39905
39909
39912
39917
39920
39925
39927
39932
39935
39940
39943
39947
39950
39955
39958
39963
39965
39970
39973
39978
39981
39985
39988
39993
39996
40001
40003
40008
40011
40016
40019
40023
40026
40031
40034
40039
40041
40046
40049
40054
40057
40061
40064
40069
40072
40077
40079
40084
40087
40092
40095
40099
40102
40107
40110
40115
40117
40122
40125
40130
40133
40137
40140
40145
40148
40153
40155
40160
40163
40168
40171
40175
40178
40183
40186
40191
40193
40198
40201
40206
40209
40213
40216
40221
40224
40229
40231
40236
40239
40244
40247
40251
40254
40259
40262
40267
40269
40274
40277
40282
40285
40289
40292
40297
40300
40305
40307
40312
40315
40320
40323
40327
40330
40335
40338
40343
40345
40350
40353
40358
40361
40365
40368
40373
40376
40381
40383
40388
40391
40396
40399
40403
40406
40411
40414
40419
40421
40426
40429
40434
40436
40441
40444
40449
40452
40456
40459
40464
40467
40472
40474
40479
40482
40487
40490
40494
40497
40502
40505
40510
40512
40517
40520
40525
40528
40532
40538
40542
40549
40553
40559
40564
40570
40574
40581
40585
40591
40596
40602
40607
40613
40617
40624
40628
40634
40639
40645
40649
40656
40660
40667
40671
40677
40682
40688
40692
40699
40703
40709
40714
40720
40725
40731
40735
40742
40746
40752
40757
40763
40767
40774
40778
40785
40789
40795
40800
40806
40810
40817
40821
40827
40832
40838
40842
40849
40853
40860
40864
40870
40875
40881
40885
40892
40896
40902
40907
40913
40918
40924
40928
40935
40939
40945
40950
40956
40960
40967
40971
40978
40982
40988
40993
40999
41003
41010
41014
41020
41025
41031
41036
41042
41046
41053
41057
41063
41067
41070
41075
41078
41083
41086
41090
41093
41098
41101
41106
41109
41113
41116
41121
41124
41129
41132
41136
41139
41144
41147
41152
41155
41159
41162
41167
41170
41175
41178
41183
41185
41190
41193
41198
41201
41206
41208
41213
41216
41221
41224
41229
41231
41236
41239
41244
41247
41252
41254
41259
41262
41267
41270
41275
41277
41282
41285
41290
41293
41298
41301
41305
41308
41313
41316
41321
41324
41328
41331
41336
41339
41344
41347
41351
41354
41359
41362
41367
41370
41374
41377
41382
41385
41390
41393
41397
41400
41405
41408
41413
41416
41421
41423
41428
41431
41436
41439
41444
41446
41451
41454
41459
41462
41467
41469
41474
41477
41482
41485
41490
41492
41497
41500
41505
41508
41513
41515
41520
41523
41528
41531
41536
41539
41543
41546
41551
41554
41559
41562
41566
41569
41574
41577
41582
41585
41589
41592
41597
41600
41605
41608
41612
41615
41620
41623
41628
41631
41635
41638
41643
41646
41651
41654
41659
41661
41666
41669
41674
41677
41682
41684
41689
41692
41697
41700
41705
41707
41712
41715
41720
41723
41728
41730
41735
41738
41743
41746
41751
41753
41758
41761
41766
41769
41774
41777
41781
41784
41789
41792
41797
41800
41804
41807
41812
41815
41820
41823
41827
41830
41835
41838
41843
41846
41850
41853
41858
41861
41866
41869
41873
41876
41881
41884
41889
41892
41897
41899
41904
41907
41912
41915
41920
41922
41927
41930
41935
41938
41943
41945
41950
41953
41958
41961
41966
41968
41973
41977
41980
41985
41988
41993
41996
42001
42004
42008
42011
42016
42019
42024
42027
42032
42035
42039
42042
42047
42050
42055
42058
42063
42066
42070
42073
42078
42081
42086
42089
42094
42097
42101
42104
42109
42112
42117
42120
42125
42128
42132
42135
42140
42143
42148
42151
42156
42159
42163
42166
42171
42174
42179
42182
42187
42190
42194
42197
42202
42205
42210
42213
42218
42221
42225
42228
42233
42236
42241
42244
42249
42252
42256
42259
42264
42267
42272
42275
42280
42283
42287
42290
42295
42298
42303
42306
42311
42314
42318
42321
42326
42329
42334
42337
42342
42345
42349
42352
42357
42360
42365
42368
42373
42376
42380
42383
42388
42391
42396
42399
42404
42407
42411
42414
42419
42422
42427
42430
42435
42438
42442
42445
42450
42453
42458
42461
42466
42469
42473
42476
42481
42484
42489
42492
42497
42500
42505
42507
42512
42515
42520
42523
42528
42531
42536
42538
42543
42546
42551
42554
42559
42562
42567
42569
42574
42577
42582
42585
42590
42593
42598
42600
42605
42608
42613
42616
42621
42624
42629
42631
42636
42639
42644
42647
42652
42655
42660
42662
42667
42670
42675
42678
42683
42686
42691
42693
42698
42701
42706
42709
42714
42717
42722
42724
42729
42732
42737
42740
42745
42748
42753
42755
42760
42763
42768
42771
42776
42779
42784
42786
42791
42794
42799
42802
42807
42810
42815
42817
42822
42828
42832
42838
42842
42848
42852
42858
42862
42868
42872
42878
42882
42888
42892
42898
42902
42908
42912
42918
42922
42928
42932
42938
42942
42948
42952
42958
42962
42968
42972
42978
42982
42988
42992
42998
43002
43008
43012
43018
43022
43028
43032
43038
43042
43048
43052
43058
43062
43068
43072
43078
43082
43088
43092
43098
43102
43108
43112
43118
43122
43128
43132
43138
43142
43148
43152
43158
43162
43169
43173
43179
43183
43189
43193
43199
43203
43209
43213
43219
43223
43229
43233
43239
43243
43249
43253
43259
43263
43269
43273
43279
43283
43289
43293
43299
43303
43309
43313
43319
43323
43329
43333
43339
43343
43349
43353
43359
43363
43369
43373
43379
43383
43389
43393
43399
43403
43409
43413
43419
43423
43429
43433
43439
43443
43449
43453
43459
43463
43469
43473
43479
43483
43489
43493
43499
43503
43510
43514
43520
43524
43530
43534
43540
43544
43550
43554
43560
43564
43570
43574
43580
43584
43590
43594
43600
43604
43610
43615
43618
43623
43627
43632
43635
43640
43644
43649
43652
43657
43661
43666
43669
43675
43678
43683
43686
43692
43695
43700
43703
43709
43712
43717
43721
43726
43729
43734
43738
43743
43746
43751
43755
43760
43763
43769
43772
43777
43780
43786
43789
43794
43797
43803
43806
43811
43815
43820
43823
43828
43832
43837
43840
43845
43849
43854
43857
43863
43866
43871
43874
43880
43883
43888
43891
43897
43900
43905
43909
43914
43917
43922
43926
43931
43934
43939
43943
43948
43951
43957
43960
43965
43968
43974
43977
43982
43985
43991
43994
43999
44003
44008
44011
44016
44020
44025
44028
44033
44037
44042
44045
44051
44054
44059
44062
44068
44071
44076
44079
44085
44088
44093
44097
44102
44105
44110
44114
44119
44122
44127
44131
44136
44139
44144
44148
44153
44156
44162
44165
44170
44173
44179
44182
44187
44190
44196
44199
44204
44208
44213
44216
44221
44225
44230
44233
44238
44242
44247
44250
44256
44259
44264
44267
44271
44274
44279
44282
44286
44289
44294
44297
44301
44304
44309
44312
44316
44319
44324
44327
44332
44334
44339
44342
44347
44349
44354
44357
44362
44364
44369
44372
44377
44380
44384
44387
44392
44395
44399
44402
44407
44410
44414
44417
44422
44425
44430
44432
44437
44440
44445
44447
44452
44455
44460
44462
44467
44470
44475
44477
44482
44485
44490
44493
44497
44500
44505
44508
44512
44515
44520
44523
44527
44530
44535
44538
44543
44545
44550
44553
44558
44560
44565
44568
44573
44575
44580
44583
44588
44591
44595
44598
44603
44606
44610
44613
44618
44621
44625
44628
44633
44636
44640
44643
44648
44651
44656
44658
44663
44666
44671
44673
44678
44681
44686
44688
44693
44696
44701
44704
44708
44711
44716
44719
44723
44726
44731
44734
44738
44741
44746
44749
44754
44756
44761
44764
44769
44771
44776
44779
44784
44786
44791
44794
44799
44802
44806
44809
44814
44817
44821
44824
44829
44832
44836
44839
44844
44847
44851
44854
44859
44862
44867
44869
44874
44877
44882
44884
44889
44892
44897
44899
44904
44907
44912
44915
44919
44922
44927
44930
44934
44937
44942
44945
44949
44952
44957
44960
44965
44967
44972
44975
44980
44982
44987
44990
44995
45000
45004
45009
45013
45019
45022
45028
45031
45037
45041
45046
45050
45055
45059
45065
45068
45074
45077
45083
45087
45092
45096
45101
45105
45111
45114
45120
45123
45129
45133
45138
45142
45147
45151
45157
45160
45166
45169
45175
45179
45184
45188
45193
45197
45203
45206
45212
45215
45221
45225
45230
45234
45239
45243
45249
45252
45258
45261
45267
45271
45276
45280
45285
45289
45295
45298
45304
45307
45313
45317
45322
45326
45331
45335
45341
45344
45350
45353
45359
45363
45368
45372
45377
45381
45387
45390
45396
45399
45405
45409
45414
45418
45423
45427
45433
45436
45442
45445
45451
45455
45460
45464
45469
45473
45479
45482
45488
45491
45497
45501
45506
45510
45515
45519
45525
45528
45534
45537
45543
45547
45552
45556
45561
45565
45571
45577
45581
45587
45591
45598
45602
45608
45612
45618
45623
45629
45633
45639
45643
45650
45654
45660
45664
45671
45675
45681
45685
45691
45696
45702
45706
45712
45716
45723
45727
45733
45737
45743
45748
45754
45758
45764
45769
45775
45779
45785
45789
45796
45800
45806
45810
45816
45821
45827
45831
45837
45841
45848
45852
45858
45862
45869
45873
45879
45883
45889
45894
45900
45904
45910
45914
45921
45925
45931
45935
45941
45946
45952
45956
45962
45967
45973
45977
45983
45987
45994
45998
46004
46008
46014
46019
46025
46029
46035
46039
46046
46050
46056
46060
46067
46071
46077
46081
46087
46092
46098
46102
46108
46112
46119
46123
46129
46133
46139
46144
46150
46154
46160
46165
46171
46175
46181
46185
46192
46196
46202
46206
46212
46217
46223
46227
46233
46237
46244
46248
46254
46258
46265
46269
46275
46279
46285
46290
46295
46299
46305
46309
46315
46319
46324
46328
46334
46338
46344
46348
46353
46357
46363
46367
46373
46377
46383
46386
46392
46396
46402
46406
46412
46415
46421
46425
46431
46435
46441
46445
46450
46454
46460
46464
46470
46474
46479
46483
46489
46493
46499
46503
46509
46512
46518
46522
46528
46532
46538
46541
46547
46551
46557
46561
46567
46570
46576
46580
46586
46590
46596
46600
46605
46609
46615
46619
46625
46629
46634
46638
46644
46648
46654
46658
46664
46667
46673
46677
46683
46687
46693
46696
46702
46706
46712
46716
46722
46726
46731
46735
46741
46745
46751
46755
46760
46764
46770
46774
46780
46784
46789
46793
46799
46803
46809
46813
46819
46822
46828
46832
46838
46842
46848
46851
46857
46861
46867
46871
46877
46881
46886
46890
46896
46900
46906
46910
46915
46919
46925
46929
46935
46939
46945
46948
46954
46958
46964
46968
46974
46977
46983
46987
46993
46997
47003
47006
47012
47016
47022
47026
47032
47036
47041
47045
47051
47055
47061
47065
47070
47074
47080
47084
47090
47094
47100
47103
47109
47113
47119
47123
47129
47132
47138
47142
47148
47152
47158
47162
47168
47173
47180
47185
47191
47196
47203
47208
47214
47219
47226
47231
47237
47242
47249
47254
47260
47265
47272
47277
47283
47288
47295
47300
47306
47311
47318
47323
47329
47334
47341
47346
47352
47357
47364
47369
47375
47380
47387
47392
47398
47403
47410
47415
47421
47426
47433
47438
47445
47449
47456
47461
47468
47472
47479
47484
47491
47495
47502
47507
47514
47518
47525
47530
47537
47541
47548
47553
47560
47564
47571
47576
47583
47587
47594
47599
47606
47610
47617
47622
47629
47633
47640
47645
47652
47656
47663
47668
47675
47679
47686
47691
47698
47703
47709
47714
47721
47726
47732
47737
47744
47749
47755
47760
47767
47772
47778
47783
47790
47795
47801
47806
47813
47818
47824
47829
47836
47841
47847
47852
47859
47864
47870
47875
47882
47887
47893
47898
47905
47910
47916
47921
47928
47933
47939
47944
47947
47953
47956
47961
47965
47970
47973
47979
47982
47987
47991
47996
48000
48005
48008
48014
48017
48022
48026
48031
48034
48040
48043
48049
48052
48057
48061
48066
48069
48075
48078
48083
48087
48092
48095
48101
48104
48110
48113
48118
48122
48127
48130
48136
48139
48144
48148
48153
48157
48162
48165
48171
48174
48179
48183
48188
48191
48197
48200
48205
48209
48214
48218
48223
48226
48232
48235
48240
48244
48249
48252
48258
48261
48267
48270
48275
48279
48284
48287
48293
48296
48301
48305
48310
48314
48318
48323
48327
48332
48335
48341
48344
48349
48353
48358
48361
48367
48370
48376
48379
48384
48388
48393
48396
48402
48405
48410
48414
48419
48423
48428
48431
48437
48440
48445
48449
48454
48457
48463
48466
48471
48475
48480
48484
48489
48492
48498
48501
48506
48510
48515
48518
48524
48527
48533
48536
48541
48545
48550
48553
48559
48562
48567
48571
48576
48579
48585
48588
48594
48597
48602
48606
48611
48614
48620
48623
48628
48632
48637
48641
48646
48649
48655
48658
48663
48667
48672
48676
48679
48684
48687
48692
48695
48700
48703
48708
48711
48716
48719
48724
48727
48731
48734
48739
48742
48747
48750
48755
48758
48763
48766
48771
48774
48779
48782
48787
48789
48794
48797
48802
48805
48810
48813
48818
48821
48826
48829
48834
48837
48842
48845
48849
48852
48857
48860
48865
48868
48873
48876
48881
48884
48889
48892
48897
48900
48904
48907
48912
48915
48920
48923
48928
48931
48936
48939
48944
48947
48952
48955
48960
48962
48967
48970
48975
48978
48983
48986
48991
48994
48999
49002
49007
49010
49015
49018
49022
49025
49030
49033
49040
49045
49052
49057
49064
49069
49076
49081
49088
49093
49100
49105
49112
49117
49124
49129
49136
49141
49148
49153
49160
49165
49172
49177
49184
49189
49196
49201
49208
49213
49220
49225
49232
49237
49244
49249
49256
49261
49268
49273
49280
49285
49292
49297
49304
49309
49316
49321
49328
49333
49340
49345
49352
49357
49364
49369
49376
49381
49388
49393
49400
49405
49412
49417
49424
49429
49436
49441
49448
49453
49460
49465
49472
49477
49484
49489
49496
49501
49508
49513
49520
49525
49532
49537
49544
49549
49556
49561
49568
49573
49580
49585
49592
49597
49604
49609
49616
49621
49628
49633
49640
49645
49650
49654
49660
49664
49670
49674
49679
49683
49689
49693
49699
49703
49708
49712
49718
49722
49728
49732
49737
49741
49747
49751
49757
49761
49766
49770
49776
49780
49786
49790
49795
49799
49805
49809
49815
49819
49824
49828
49834
49838
49844
49848
49853
49857
49863
49867
49873
49877
49883
49886
49892
49896
49902
49906
49912
49915
49921
49925
49931
49935
49941
49944
49950
49954
49960
49964
49970
49973
49979
49983
49989
49993
49999
50002
50008
50012
50018
50022
50028
50031
50037
50041
50047
50051
50057
50060
50066
50070
50076
50080
50086
50089
50095
50099
50105
50109
50115
50119
50124
50128
50134
50138
50144
50148
50153
50157
50163
50167
50173
50177
50182
50186
50192
50196
50202
50206
50211
50215
50221
50225
50231
50235
50240
50244
50250
50254
50260
50264
50269
50273
50279
50283
50289
50293
50298
50302
50308
50312
50318
50322
50327
50331
50337
50341
50347
50351
50357
50360
50366
50370
50376
50380
50386
50389
50395
50399
50405
50409
50415
50418
50424
50428
50434
50438
50444
50447
50453
50457
50463
50467
50473
50476
50482
50486
50492
50496
50502
50505
50511
50515
50521
50525
50528
50533
50535
50540
50543
50547
50550
50555
50558
50562
50565
50570
50572
50577
50580
50585
50587
50592
50595
50599
50602
50607
50610
50614
50617
50622
50624
50629
50632
50637
50639
50644
50647
50651
50654
50659
50662
50666
50669
50674
50676
50681
50684
50688
50691
50696
50699
50703
50706
50711
50713
50718
50721
50726
50728
50733
50736
50740
50743
50748
50751
50755
50758
50763
50765
50770
50773
50778
50780
50785
50788
50792
50795
50800
50803
50807
50810
50815
50817
50822
50825
50829
50832
50837
50840
50844
50847
50852
50858
50862
50869
50873
50880
50884
50890
50895
50901
50906
50912
50916
50923
50927
50934
50938
50945
50949
50955
50960
50966
50971
50977
50981
50988
50992
50999
51003
51009
51014
51020
51025
51031
51036
51042
51046
51053
51057
51064
51068
51074
51079
51085
51090
51096
51100
51107
51111
51118
51122
51129
51133
51139
51144
51150
51155
51161
51165
51172
51176
51183
51187
51194
51198
51204
51209
51215
51220
51226
51230
51237
51241
51248
51252
51257
51260
51265
51269
51274
51277
51283
51286
51291
51294
51300
51303
51308
51312
51317
51320
51325
51329
51334
51337
51343
51346
51351
51355
51360
51363
51368
51372
51377
51380
51386
51389
51394
51397
51403
51406
51411
51415
51420
51423
51428
51432
51437
51440
51446
51449
51454
51458
51463
51466
51471
51475
51480
51483
51489
51492
51497
51500
51506
51509
51514
51518
51523
51526
51531
51535
51540
51543
51549
51552
51557
51561
51566
51569
51574
51578
51583
51586
51592
51595
51600
51603
51609
51612
51617
51621
51626
51629
51634
51638
51643
51646
51652
51655
51660
51664
51669
51672
51677
51681
51686
51689
51695
51698
51703
51706
51712
51715
51720
51724
51729
51732
51737
51742
51745
51750
51753
51759
51762
51767
51770
51776
51779
51784
51787
51793
51796
51801
51804
51810
51813
51818
51821
51826
51830
51835
51838
51843
51847
51852
51855
51860
51864
51869
51872
51877
51881
51886
51889
51894
51897
51903
51906
51911
51914
51920
51923
51928
51931
51937
51940
51945
51948
51954
51957
51962
51965
51970
51974
51979
51982
51987
51991
51996
51999
52004
52008
52013
52016
52021
52025
52030
52033
52038
52041
52047
52050
52055
52058
52064
52067
52072
52075
52081
52084
52089
52092
52098
52101
52106
52109
52114
52118
52123
52126
52131
52135
52140
52143
52148
52152
52157
52160
52165
52169
52174
52177
52182
52185
52191
52194
52199
52202
52208
52211
52216
52219
52225
52228
52233
52236
52242
52245
52250
52253
52259
52262
52267
52270
52275
52279
52284
52287
52292
52295
52300
52303
52308
52311
52316
52319
52324
52327
52333
52336
52341
52344
52349
52352
52357
52360
52365
52368
52373
52376
52381
52385
52390
52393
52398
52401
52406
52409
52414
52417
52422
52425
52430
52433
52439
52442
52447
52450
52455
52458
52463
52466
52471
52474
52479
52482
52488
52491
52496
52499
52504
52507
52512
52515
52520
52523
52528
52531
52536
52540
52545
52548
52553
52556
52561
52564
52569
52572
52577
52580
52585
52588
52594
52597
52602
52605
52610
52613
52618
52621
52626
52629
52634
52637
52643
52646
52651
52654
52659
52662
52667
52670
52675
52678
52683
52686
52692
52697
52703
52708
52714
52719
52726
52730
52737
52741
52748
52752
52759
52764
52770
52775
52781
52786
52792
52797
52804
52808
52815
52819
52826
52831
52837
52842
52848
52853
52859
52864
52871
52875
52882
52886
52893
52897
52904
52909
52915
52920
52926
52931
52938
52942
52949
52953
52960
52964
52971
52976
52982
52987
52993
52998
53004
53009
53016
53020
53027
53031
53038
53043
53049
53054
53060
53065
53071
53076
53083
53087
53094
53098
53105
53109
53116
53121
53127
53132
53138
53143
53150
53154
53161
53165
53172
53176
53183
53188
53194
53199
53205
53210
53216
53221
53228
53232
53239
53243
53250
53255
53261
53266
53272
53277
53283
53288
53295
53299
53306
53310
53317
53321
53328
53333
53339
53344
53350
53355
53362
53366
53373
53377
53384
53388
53395
53400
53406
53411
53417
53422
53428
53433
53440
53444
53451
53455
53462
53467
53471
53477
53481
53487
53490
53496
53500
53506
53510
53516
53519
53525
53529
53535
53539
53545
53548
53554
53558
53564
53568
53573
53577
53583
53587
53593
53597
53602
53606
53612
53616
53622
53626
53631
53635
53641
53645
53651
53655
53660
53664
53670
53674
53680
53683
53689
53693
53699
53703
53709
53712
53718
53722
53728
53732
53738
53741
53747
53751
53757
53761
53766
53770
53776
53780
53786
53790
53795
53799
53805
53809
53815
53819
53824
53828
53834
53838
53844
53848
53853
53857
53863
53867
53873
53876
53882
53886
53892
53896
53902
53905
53911
53915
53921
53925
53931
53934
53940
53944
53950
53954
53959
53963
53969
53973
53979
53983
53988
53992
53998
54002
54008
54012
54017
54021
54027
54031
54035
54038
54043
54046
54051
54054
54059
54062
54067
54070
54075
54078
54082
54085
54090
54093
54098
54101
54106
54109
54114
54117
54122
54125
54130
54132
54137
54140
54145
54148
54153
54156
54161
54164
54169
54172
54177
54180
54184
54187
54192
54195
54200
54203
54208
54211
54216
54219
54224
54227
54231
54234
54239
54242
54247
54250
54255
54258
54263
54266
54271
54274
54279
54281
54286
54289
54294
54297
54302
54305
54310
54313
54318
54321
54326
54329
54333
54336
54341
54344
54349
54352
54357
54360
54365
54368
54373
54376
54381
54383
54388
54391
54396
54399
54404
54407
54412
54415
54420
54423
54428
54431
54434
54439
54442
54447
54450
54455
54458
54463
54466
54471
54474
54479
54481
54486
54489
54494
54497
54502
54505
54510
54513
54518
54524
54528
54534
54539
54545
54549
54556
54560
54566
54570
54577
54581
54587
54592
54598
54602
54609
54613
54619
54623
54630
54634
54640
54645
54651
54655
54661
54666
54672
54676
54683
54687
54693
54698
54704
54708
54714
54719
54725
54729
54736
54740
54746
54751
54757
54761
54767
54772
54778
54782
54789
54793
54799
54803
54810
54814
54820
54825
54831
54835
54842
54846
54852
54856
54863
54867
54873
54878
54884
54888
54894
54899
54905
54909
54916
54920
54926
54931
54937
54941
54947
54952
54958
54962
54969
54973
54979
54984
54990
54994
55000
55005
55011
55015
55022
55026
55032
55036
55043
55047
55053
55058
55064
55068
55075
55079
55085
55089
55096
55100
55106
55111
55117
55121
55128
55132
55138
55142
55149
55153
55159
55164
55168
55171
55176
55179
55184
55187
55192
55195
55200
55203
55208
55211
55216
55218
55223
55226
55231
55234
55239
55242
55247
55250
55255
55258
55263
55266
55270
55273
55278
55281
55286
55289
55294
55297
55302
55305
55310
55313
55318
55320
55325
55328
55333
55336
55341
55344
55349
55352
55357
55360
55365
55368
55372
55375
55380
55383
55388
55391
55396
55399
55404
55407
55412
55415
55420
55422
55427
55430
55435
55438
55443
55446
55451
55454
55459
55462
55467
55470
55475
55477
55482
55485
55490
55493
55498
55501
55506
55509
55514
55517
55522
55525
55529
55532
55537
55540
55545
55548
55553
55556
55561
55564
55569
55572
55577
55579
55584
55587
55592
55595
55600
55603
55608
55611
55616
55619
55624
55627
55631
55634
55639
55642
55647
55650
55655
55658
55663
55666
55671
55674
55679
55681
55686
55689
55694
55697
55702
55705
55710
55713
55718
55721
55726
55729
55733
55736
55741
55744
55749
55752
55757
55760
55765
55768
55773
55776
55781
55784
55788
55791
55796
55799
55804
55807
55812
55817
55820
55825
55828
55833
55837
55842
55845
55850
55853
55859
55862
55867
55870
55875
55878
55884
55887
55892
55895
55900
55904
55909
55912
55917
55920
55925
55929
55934
55937
55942
55945
55951
55954
55959
55962
55967
55970
55976
55979
55984
55987
55992
55996
56001
56004
56009
56012
56018
56021
56026
56029
56034
56037
56043
56046
56051
56054
56059
56063
56068
56071
56076
56079
56084
56088
56093
56096
56101
56104
56110
56113
56118
56121
56126
56129
56135
56138
56143
56146
56151
56155
56160
56163
56168
56171
56177
56180
56185
56188
56193
56196
56202
56205
56210
56213
56218
56222
56227
56230
56235
56238
56243
56247
56252
56255
56260
56263
56269
56272
56277
56280
56285
56288
56294
56297
56302
56305
56310
56314
56319
56324
56328
56334
56338
56344
56347
56353
56357
56363
56367
56373
56376
56382
56386
56392
56396
56402
56405
56411
56415
56421
56425
56430
56434
56440
56444
56450
56454
56459
56463
56469
56473
56479
56483
56488
56492
56498
56502
56508
56512
56517
56521
56527
56531
56537
56540
56546
56550
56556
56560
56566
56569
56575
56579
56585
56589
56595
56598
56604
56608
56614
56618
56623
56627
56633
56637
56643
56647
56652
56656
56662
56666
56672
56676
56681
56685
56691
56695
56701
56705
56710
56714
56720
56724
56730
56733
56739
56743
56749
56753
56759
56762
56768
56772
56778
56782
56788
56791
56797
56801
56807
56811
56816
56820
56826
56830
56836
56840
56845
56849
56855
56859
56865
56869
56874
56878
56884
56888
56894
56898
56903
56907
56913
56917
56923
56926
56932
56936
56942
56946
56952
56955
56961
56965
56971
56975
56981
56984
56990
56994
57000
57004
57009
57013
57019
57023
57029
57033
57038
57042
57047
57050
57056
57059
57064
57068
57073
57077
57082
57085
57091
57094
57100
57103
57108
57112
57117
57121
57126
57129
57135
57138
57144
57147
57152
57156
57161
57164
57170
57173
57179
57182
57187
57191
57196
57200
57205
57208
57214
57217
57223
57226
57231
57235
57240
57244
57249
57252
57258
57261
57267
57270
57275
57279
57284
57287
57293
57296
57302
57305
57310
57314
57319
57323
57328
57331
57337
57340
57346
57349
57354
57358
57363
57367
57372
57375
57381
57384
57389
57393
57398
57402
57407
57410
57416
57419
57425
57428
57433
57437
57442
57446
57451
57454
57460
57463
57469
57472
57477
57481
57486
57490
57495
57498
57504
57507
57512
57516
57521
57525
57530
57533
57539
57542
57548
57551
57556
57560
57565
57569
57574
57577
57583
57586
57592
57595
57600
57604
57609
57613
57618
57621
57627
57630
57635
57639
57644
57648
57653
57656
57662
57665
57671
57674
57679
57683
57688
57692
57697
57700
57706
57709
57715
57718
57723
57727
57732
57735
57741
57744
57750
57753
57759
57763
57769
57774
57780
57784
57791
57795
57801
57806
57812
57816
57823
57827
57833
57838
57844
57848
57855
57859
57865
57870
57876
57880
57886
57891
57897
57901
57908
57912
57918
57923
57929
57933
57940
57944
57950
57955
57961
57965
57972
57976
57982
57987
57993
57997
58003
58008
58014
58018
58025
58029
58035
58040
58046
58050
58057
58061
58067
58072
58078
58082
58089
58093
58099
58104
58110
58114
58121
58125
58131
58135
58142
58146
58152
58157
58163
58167
58174
58178
58184
58189
58195
58199
58206
58210
58216
58221
58227
58231
58238
58242
58248
58253
58258
58264
58268
58275
58279
58285
58290
58296
58300
58307
58311
58317
58322
58328
58332
58339
58343
58349
58354
58360
58364
58371
58375
58381
58385
58392
58396
58402
58407
58413
58417
58424
58428
58434
58439
58445
58449
58456
58460
58466
58471
58477
58481
58488
58492
58498
58503
58508
58514
58518
58525
58529
58535
58540
58546
58551
58555
58561
58565
58570
58574
58580
58584
58589
58593
58599
58603
58608
58612
58618
58622
58627
58631
58637
58641
58646
58650
58656
58660
58665
58669
58675
58679
58684
58688
58694
58698
58704
58707
58713
58717
58723
58726
58732
58736
58742
58745
58751
58755
58761
58764
58770
58774
58780
58783
58789
58793
58799
58802
58808
58812
58818
58821
58827
58831
58837
58841
58846
58850
58856
58860
58865
58869
58875
58879
58884
58888
58894
58898
58903
58907
58913
58917
58922
58926
58932
58936
58941
58945
58951
58955
58960
58964
58970
58974
58979
58983
58989
58993
58999
59002
59007
59011
59016
59020
59025
59029
59034
59038
59044
59047
59053
59056
59062
59065
59071
59074
59080
59084
59089
59093
59098
59102
59107
59111
59116
59120
59126
59129
59135
59138
59144
59147
59153
59156
59162
59166
59171
59175
59180
59184
59189
59193
59198
59202
59208
59211
59217
59220
59226
59229
59235
59238
59244
59248
59253
59257
59262
59266
59271
59275
59280
59284
59290
59293
59299
59302
59308
59311
59317
59320
59326
59330
59335
59339
59344
59348
59353
59357
59362
59366
59372
59375
59381
59384
59390
59393
59399
59402
59408
59412
59417
59421
59426
59430
59435
59439
59444
59448
59454
59457
59463
59466
59472
59475
59481
59484
59490
59494
59499
59503
59508
59512
59517
59521
59526
59530
59536
59539
59545
59548
59554
59557
59563
59566
59572
59576
59581
59585
59590
59594
59599
59603
59608
59612
59618
59621
59627
59630
59636
59639
59645
59648
59654
59658
59663
59667
59672
59676
59681
59685
59690
59694
59700
59703
59709
59712
59718
59721
59727
59730
59736
59740
59745
59749
59754
59758
59763
59767
59772
59779
59784
59791
59796
59804
59809
59816
59821
59828
59834
59841
59846
59853
59859
59866
59871
59878
59883
59891
59896
59903
59908
59915
59921
59928
59933
59940
59946
59953
59958
59965
59970
59978
59983
59990
59995
60002
60008
60015
60020
60027
60033
60040
60045
60052
60057
60065
60070
60077
60082
60089
60095
60102
60107
60114
60120
60127
60132
60139
60144
60152
60157
60164
60169
60176
60182
60189
60194
60201
60207
60214
60219
60226
60231
60239
60244
60251
60256
60263
60269
60276
60281
60288
60294
60301
60306
60313
60318
60323
60327
60333
60337
60343
60347
60353
60357
60363
60367
60372
60376
60382
60386
60392
60396
60402
60406
60412
60416
60421
60425
60431
60435
60441
60445
60451
60455
60461
60465
60470
60474
60480
60484
60490
60494
60500
60504
60510
60514
60519
60523
60529
60533
60539
60543
60549
60553
60559
60563
60568
60572
60578
60582
60588
60592
60598
60602
60608
60612
60618
60621
60627
60631
60637
60641
60647
60651
60657
60661
60667
60672
60678
60683
60690
60694
60701
60706
60712
60717
60724
60728
60735
60739
60746
60751
60757
60762
60769
60773
60780
60785
60791
60796
60803
60807
60814
60818
60825
60830
60836
60841
60848
60852
60859
60864
60870
60875
60882
60886
60893
60897
60904
60909
60915
60920
60927
60931
60938
60943
60949
60954
60961
60965
60972
60976
60983
60988
60994
60999
61006
61010
61017
61022
61028
61033
61039
61044
61051
61055
61062
61067
61073
61078
61085
61089
61096
61101
61107
61112
61118
61123
61130
61134
61141
61146
61152
61157
61164
61168
61175
61180
61186
61191
61197
61202
61209
61213
61220
61225
61231
61236
61243
61247
61254
61259
61265
61270
61274
61277
61281
61284
61289
61291
61296
61298
61303
61306
61310
61313
61317
61320
61325
61327
61332
61334
61339
61342
61346
61349
61353
61356
61361
61363
61368
61370
61375
61378
61382
61385
61390
61392
61397
61399
61404
61407
61411
61414
61418
61421
61426
61428
61433
61435
61440
61443
61447
61450
61454
61457
61462
61464
61469
61471
61476
61479
61483
61486
61491
61493
61498
61500
61505
61508
61512
61515
61519
61522
61527
61529
61534
61536
61541
61544
61548
61551
61555
61558
61563
61565
61570
61572
61577
61580
61584
61587
61592
61594
61599
61601
61606
61609
61613
61616
61620
61623
61628
61630
61635
61637
61642
61645
61649
61652
61656
61659
61664
61666
61671
61673
61678
61681
61685
61688
61693
61695
61700
61702
61707
61710
61714
61717
61721
61724
61729
61731
61736
61738
61743
61746
61750
61753
61757
61760
61765
61767
61772
61774
61779
61782
61786
61789
61793
61796
61801
61803
61808
61811
61815
61818
61822
61825
61830
61832
61837
61839
61844
61847
61851
61854
61858
61861
61866
61868
61873
61875
61880
61884
61887
61892
61895
61900
61903
61908
61911
61916
61919
61924
61927
61932
61935
61940
61943
61948
61951
61956
61959
61964
61967
61972
61975
61980
61983
61988
61991
61996
61999
62004
62007
62012
62015
62020
62023
62028
62030
62035
62038
62043
62046
62051
62054
62059
62062
62067
62070
62075
62078
62083
62086
62091
62094
62099
62102
62107
62110
62115
62118
62123
62126
62131
62134
62139
62142
62147
62150
62155
62158
62163
62166
62171
62174
62179
62181
62186
62189
62194
62197
62202
62205
62210
62213
62218
62221
62226
62229
62234
62237
62242
62245
62250
62253
62258
62261
62266
62269
62274
62277
62282
62285
62290
62293
62298
62301
62306
62309
62314
62317
62322
62325
62330
62332
62337
62340
62345
62348
62353
62356
62361
62364
62369
62372
62377
62380
62385
62388
62393
62396
62401
62404
62409
62412
62416
62419
62423
62426
62431
62433
62438
62441
62445
62448
62452
62455
62460
62462
62467
62470
62474
62477
62481
62484
62489
62491
62496
62499
62503
62506
62511
62513
62518
62520
62525
62528
62532
62535
62540
62542
62547
62549
62554
62557
62561
62564
62569
62571
62576
62579
62583
62586
62590
62593
62598
62600
62605
62608
62612
62615
62619
62622
62627
62629
62634
62637
62641
62644
62649
62651
62656
62658
62663
62666
62670
62673
62678
62680
62685
62687
62692
62695
62699
62702
62707
62709
62714
62716
62721
62724
62728
62731
62736
62738
62743
62746
62750
62753
62757
62760
62766
62770
62776
62780
62786
62790
62796
62800
62807
62811
62817
62821
62827
62831
62837
62841
62848
62852
62858
62862
62868
62872
62878
62882
62889
62893
62899
62903
62909
62913
62919
62923
62930
62934
62940
62944
62950
62954
62960
62964
62970
62975
62981
62985
62991
62995
63001
63005
63011
63016
63022
63026
63032
63036
63042
63046
63052
63057
63063
63067
63073
63077
63083
63087
63093
63098
63104
63108
63114
63118
63124
63128
63134
63139
63145
63149
63155
63159
63165
63169
63175
63179
63184
63188
63194
63198
63204
63208
63214
63218
63224
63227
63233
63237
63243
63247
63253
63257
63263
63267
63273
63276
63282
63286
63292
63296
63302
63306
63312
63316
63322
63325
63331
63335
63341
63345
63351
63355
63361
63365
63371
63374
63380
63384
63390
63394
63400
63404
63410
63414
63419
63423
63429
63433
63439
63443
63449
63453
63459
63463
63468
63472
63478
63482
63488
63492
63498
63502
63508
63512
63517
63521
63527
63531
63537
63541
63547
63551
63557
63561
63566
63570
63576
63580
63586
63590
63596
63600
63606
63610
63615
63619
63625
63629
63635
63639
63645
63649
63655
63659
63663
63669
63673
63679
63683
63689
63693
63699
63703
63708
63712
63718
63722
63728
63732
63738
63742
63748
63752
63757
63761
63767
63771
63777
63781
63787
63791
63797
63801
63806
63810
63816
63820
63826
63830
63836
63840
63846
63850
63855
63859
63865
63869
63875
63879
63885
63889
63895
63899
63903
63909
63913
63919
63923
63929
63933
63939
63943
63948
63952
63958
63962
63968
63972
63978
63982
63988
63992
63997
64001
64007
64011
64017
64021
64027
64031
64037
64041
64046
64050
64056
64061
64064
64070
64073
64079
64082
64088
64091
64097
64100
64106
64109
64114
64118
64123
64127
64132
64136
64141
64145
64150
64154
64159
64162
64168
64171
64177
64180
64186
64189
64195
64198
64204
64207
64213
64216
64221
64225
64230
64234
64239
64243
64248
64252
64257
64261
64266
64269
64275
64278
64284
64287
64293
64296
64302
64305
64311
64314
64320
64323
64328
64332
64337
64341
64346
64350
64355
64359
64364
64368
64373
64376
64382
64385
64391
64394
64400
64403
64409
64412
64418
64421
64426
64432
64436
64442
64446
64452
64456
64462
64466
64472
64476
64482
64486
64492
64496
64502
64506
64512
64516
64522
64526
64532
64536
64542
64546
64552
64556
64562
64566
64572
64576
64582
64586
64592
64596
64602
64606
64612
64616
64622
64626
64632
64636
64642
64647
64653
64657
64663
64667
64673
64677
64683
64687
64693
64697
64703
64707
64713
64717
64723
64727
64733
64737
64743
64747
64753
64757
64763
64767
64773
64777
64783
64787
64793
64797
64803
64807
64813
64817
64823
64827
64833
64837
64843
64847
64853
64857
64864
64868
64871
64876
64879
64884
64886
64891
64894
64899
64902
64907
64909
64914
64917
64922
64925
64930
64932
64937
64940
64945
64948
64953
64955
64960
64963
64968
64971
64975
64978
64983
64986
64991
64994
64998
65001
65006
65009
65014
65017
65021
65024
65029
65032
65037
65040
65044
65047
65052
65055
65060
65062
65067
65070
65075
65078
65083
65085
65090
65093
65098
65101
65106
65108
65113
65116
65121
65124
65129
65131
65136
65139
65144
65147
65151
65154
65159
65162
65167
65170
65174
65177
65182
65185
65190
65193
65197
65200
65205
65208
65213
65216
65220
65223
65228
65231
65236
65239
65242
65247
65250
65255
65258
65262
65265
65270
65273
65278
65281
65285
65288
65293
65296
65301
65304
65308
65311
65316
65319
65324
65327
65331
65334
65339
65342
65347
65349
65354
65357
65362
65365
65370
65372
65377
65380
65385
65388
65393
65395
65400
65403
65408
65411
65416
65418
65423
65426
65431
65434
65438
65441
65446
65449
65454
65457
65461
65464
65469
65472
65477
65480
65484
65487
65492
65495
65500
65503
65507
65510
65515
65518
65523
65525
65529
65532
65537
65540
65545
65548
65553
65556
65561
65563
65568
65571
65576
65579
65584
65587
65592
65595
65600
65602
65607
65610
65615
65618
65623
65626
65631
65634
65639
65641
65646
65649
65654
65657
65662
65665
65670
65673
65677
65680
65685
65688
65693
65696
65701
65704
65709
65712
65716
65719
65724
65727
65732
65735
65740
65743
65748
65751
65755
65758
65763
65766
65771
65774
65779
65782
65787
65790
65794
65797
65802
65805
65810
65813
65818
65821
65826
65828
65833
65836
65841
65844
65849
65852
65857
65860
65865
65867
65872
65875
65880
65883
65888
65891
65896
65899
65904
65906
65911
65914
65919
65922
65927
65930
65935
65938
65943
65945
65950
65953
65958
65961
65966
65969
65974
65977
65981
65984
65989
65992
65997
66000
66005
66008
66013
66016
66020
66023
66028
66031
66036
66039
66044
66047
66052
66055
66059
66062
66067
66070
66075
66078
66083
66086
66091
66094
66098
66101
66106
66109
66114
66117
66122
66125
66130
66132
66137
66140
66145
66148
66153
66156
66161
66164
66169
66171
66176
66179
66184
66187
66192
66195
66200
66203
66208
66210
66215
66218
66223
66226
66231
66234
66239
66242
66247
66249
66254
66257
66262
66265
66270
66273
66278
66281
66287
66290
66296
66299
66305
66308
66314
66317
66323
66326
66332
66335
66341
66344
66350
66353
66359
66362
66368
66371
66377
66380
66386
66389
66395
66398
66404
66407
66413
66416
66422
66425
66431
66434
66440
66443
66449
66452
66458
66461
66467
66470
66476
66479
66485
66488
66494
66497
66503
66506
66512
66515
66521
66524
66530
66533
66539
66542
66548
66551
66557
66560
66566
66569
66575
66578
66584
66587
66593
66596
66602
66605
66611
66614
66620
66623
66629
66632
66638
66641
66647
66650
66656
66659
66665
66668
66674
66677
66683
66686
66692
66695
66701
66704
66710
66713
66719
66722
66728
66731
66737
66740
66746
66749
66755
66758
66764
66767
66773
66776
66782
66785
66791
66794
66800
66803
66809
66812
66818
66821
66827
66830
66836
66839
66845
66848
66853
66857
66862
66866
66871
66875
66880
66884
66889
66893
66899
66903
66908
66912
66918
66922
66928
66931
66937
66941
66947
66951
66956
66960
66966
66970
66975
66979
66985
66989
66995
66998
67004
67008
67014
67018
67023
67027
67033
67037
67042
67046
67052
67056
67062
67065
67071
67075
67081
67085
67090
67094
67100
67104
67109
67113
67119
67123
67129
67132
67138
67142
67148
67152
67157
67161
67167
67171
67176
67180
67186
67190
67196
67199
67205
67209
67215
67219
67224
67228
67234
67238
67243
67247
67253
67257
67263
67266
67272
67276
67282
67286
67291
67295
67301
67305
67311
67314
67320
67324
67330
67333
67339
67343
67349
67353
67358
67362
67368
67372
67378
67381
67387
67391
67397
67400
67406
67410
67416
67420
67425
67429
67435
67439
67445
67448
67454
67458
67464
67467
67473
67477
67483
67487
67492
67496
67502
67506
67512
67515
67521
67525
67531
67534
67540
67544
67550
67554
67559
67563
67569
67573
67579
67582
67588
67592
67598
67601
67607
67611
67617
67621
67626
67630
67636
67640
67646
67649
67655
67659
67665
67669
67674
67678
67684
67688
67693
67697
67703
67707
67713
67716
67720
67723
67728
67730
67735
67738
67742
67745
67750
67752
67757
67760
67764
67767
67772
67774
67779
67782
67786
67789
67794
67797
67801
67804
67809
67811
67816
67819
67823
67826
67831
67833
67838
67841
67845
67848
67853
67855
67860
67863
67868
67870
67875
67878
67882
67885
67890
67892
67897
67900
67904
67907
67912
67914
67919
67922
67926
67929
67934
67936
67941
67944
67949
67951
67956
67959
67963
67966
67971
67973
67978
67981
67985
67988
67993
67995
68000
68003
68007
68010
68015
68018
68022
68025
68030
68032
68037
68040
68044
68047
68052
68054
68059
68062
68066
68069
68074
68076
68081
68084
68089
68091
68096
68099
68103
68106
68111
68113
68118
68121
68125
68128
68133
68135
68140
68143
68147
68150
68155
68157
68162
68165
68170
68172
68177
68180
68184
68187
68192
68194
68199
68202
68206
68209
68214
68216
68221
68224
68228
68231
68236
68239
68243
68246
68251
68253
68258
68261
68265
68268
68273
68275
68280
68283
68287
68290
68295
68297
68302
68305
68310
68312
68317
68320
68324
68327
68332
68334
68339
68342
68346
68349
68354
68356
68361
68364
68368
68371
68376
68378
68382
68385
68389
68392
68397
68399
68404
68407
68411
68414
68419
68421
68426
68429
68433
68436
68441
68443
68448
68451
68455
68458
68463
68465
68470
68472
68477
68480
68484
68487
68492
68494
68499
68502
68506
68509
68514
68516
68521
68524
68528
68531
68536
68538
68543
68546
68550
68553
68557
68560
68565
68567
68572
68575
68579
68582
68587
68589
68594
68597
68601
68604
68609
68611
68616
68619
68623
68626
68631
68633
68638
68641
68645
68648
68652
68655
68660
68662
68667
68670
68674
68677
68682
68684
68689
68692
68696
68699
68704
68706
68711
68714
68718
68721
68726
68728
68733
68735
68740
68743
68747
68750
68755
68757
68762
68765
68769
68772
68777
68779
68784
68787
68791
68794
68799
68801
68806
68809
68813
68816
68821
68823
68828
68830
68835
68838
68842
68845
68850
68852
68857
68860
68864
68867
68872
68874
68879
68882
68886
68889
68894
68896
68901
68904
68908
68911
68915
68918
68923
68925
68930
68933
68937
68940
68945
68947
68952
68955
68959
68962
68967
68969
68974
68977
68981
68984
68989
68991
68996
68999
69003
69006
69010
69013
69018
69020
69025
69028
69032
69035
69040
69042
69047
69050
69054
69057
69062
69064
69069
69072
69076
69079
69084
69086
69091
69093
69098
69101
69105
69108
69113
69115
69120
69123
69127
69130
69135
69139
69142
69146
69149
69154
69156
69161
69164
69168
69171
69176
69178
69183
69186
69190
69193
69197
69200
69205
69207
69212
69215
69219
69222
69227
69229
69234
69237
69241
69244
69248
69251
69256
69258
69263
69266
69270
69273
69278
69280
69285
69288
69292
69295
69299
69302
69307
69309
69314
69317
69321
69324
69329
69331
69336
69339
69343
69346
69351
69353
69358
69360
69365
69368
69372
69375
69380
69382
69387
69390
69394
69397
69402
69404
69409
69411
69416
69419
69423
69426
69431
69433
69438
69441
69445
69448
69453
69455
69460
69462
69467
69470
69474
69477
69482
69484
69489
69492
69496
69499
69504
69506
69511
69513
69518
69521
69525
69528
69533
69535
69540
69543
69547
69550
69555
69557
69562
69565
69569
69572
69576
69579
69584
69586
69591
69594
69598
69601
69606
69608
69613
69616
69620
69623
69627
69630
69635
69637
69642
69645
69649
69652
69657
69659
69664
69667
69671
69674
69678
69681
69686
69688
69693
69696
69700
69703
69708
69710
69715
69718
69722
69725
69729
69732
69737
69739
69744
69747
69751
69754
69759
69761
69766
69769
69773
69776
69781
69783
69788
69790
69795
69798
69802
69805
69810
69812
69817
69820
69824
69827
69832
69834
69839
69841
69846
69849
69853
69856
69861
69863
69868
69871
69875
69878
69883
69885
69890
69892
69897
69900
69904
69907
69912
69914
69919
69922
69926
69929
69934
69936
69941
69943
69948
69951
69955
69958
69963
69965
69970
69973
69977
69980
69985
69987
69992
69995
69999
70002
70006
70009
70014
70016
