6
11
17
22
29
33
40
45
51
56
63
67
74
79
85
90
96
101
108
112
119
124
130
135
142
146
153
158
164
169
175
180
187
191
198
203
209
214
221
225
232
237
243
248
254
259
266
270
277
282
288
293
300
304
311
316
322
327
334
338
345
349
356
361
367
372
379
383
390
395
401
406
413
417
424
428
435
440
456
470
487
501
517
532
548
562
579
593
609
624
640
654
671
685
701
716
732
738
742
749
753
760
764
771
775
782
786
792
797
803
808
814
819
825
830
836
841
847
851
858
862
869
873
880
884
891
895
902
906
912
917
923
928
934
939
945
950
956
960
967
971
978
982
989
993
1000
1004
1011
1015
1021
1026
1032
1037
1043
1048
1054
1059
1065
1070
1076
1080
1087
1091
1098
1102
1107
1110
1116
1119
1125
1128
1134
1137
1143
1146
1152
1155
1161
1164
1170
1173
1179
1182
1187
1191
1196
1200
1205
1209
1214
1218
1223
1227
1232
1236
1241
1245
1250
1254
1259
1263
1268
1271
1277
1280
1286
1289
1295
1298
1304
1307
1313
1316
1322
1325
1331
1334
1340
1343
1348
1352
1357
1361
1366
1370
1375
1379
1384
1388
1393
1397
1402
1406
1411
1415
1420
1424
1429
1432
1438
1444
1448
1455
1459
1465
1470
1476
1481
1487
1491
1498
1502
1508
1513
1519
1524
1530
1534
1541
1545
1551
1556
1562
1567
1573
1577
1584
1588
1594
1599
1605
1610
1616
1620
1627
1631
1637
1642
1648
1653
1659
1663
1670
1674
1680
1685
1691
1696
1702
1706
1713
1717
1723
1728
1734
1739
1745
1749
1756
1760
1766
1771
1777
1782
1788
1792
1799
1803
1809
1814
1820
1825
1831
1835
1842
1849
1855
1863
1868
1876
1882
1890
1895
1903
1909
1916
1922
1930
1936
1943
1949
1957
1963
1970
1976
1984
1989
1997
2003
2011
2016
2024
2030
2038
2043
2051
2057
2064
2070
2078
2084
2091
2097
2105
2111
2118
2124
2132
2137
2145
2151
2159
2164
2172
2182
2190
2201
2209
2220
2228
2238
2247
2257
2266
2276
2284
2295
2303
2314
2322
2332
2341
2351
2360
2370
2378
2389
2397
2408
2416
2426
2435
2445
2454
2464
2472
2483
2491
2502
2510
2520
2529
2539
2548
2558
2566
2577
2588
2597
2608
2617
2628
2637
2648
2657
2668
2677
2688
2697
2708
2717
2728
2737
2748
2758
2769
2778
2789
2798
2809
2818
2829
2838
2849
2858
2869
2878
2889
2898
2911
2922
2936
2947
2961
2972
2985
2997
3010
3022
3035
3047
3060
3071
3085
3096
3110
3121
3135
3146
3159
3171
3181
3189
3199
3207
3217
3226
3236
3244
3254
3262
3273
3281
3291
3299
3309
3318
3328
3336
3346
3354
3365
3373
3383
3391
3401
3410
3420
3428
3438
3446
3457
3465
3475
3483
3493
3502
3512
3520
3530
3538
3549
3554
3558
3564
3568
3574
3578
3584
3588
3594
3598
3604
3608
3614
3618
3624
3628
3633
3637
3643
3647
3653
3657
3663
3667
3673
3677
3683
3687
3693
3697
3703
3707
3712
3716
3722
3726
3732
3736
3742
3746
3752
3756
3762
3766
3772
3776
3782
3786
3791
3795
3801
3805
3811
3815
3821
3825
3831
3839
3845
3853
3859
3867
3873
3881
3887
3895
3901
3909
3915
3923
3929
3937
3943
3951
3957
3965
3971
3979
3985
3993
4000
4008
4014
4022
4028
4036
4042
4050
4056
4064
4070
4078
4084
4092
4098
4106
4112
4120
4126
4134
4140
4148
4154
4162
4169
4177
4183
4191
4197
4205
4211
4219
4225
4233
4239
4249
4257
4267
4275
4285
4293
4303
4311
4321
4329
4339
4348
4358
4366
4376
4384
4394
4402
4412
4420
4430
4439
4448
4458
4466
4476
4484
4494
4502
4512
4520
4530
4539
4548
4555
4561
4569
4575
4583
4589
4597
4603
4611
4617
4625
4631
4639
4645
4653
4659
4667
4673
4681
4686
4694
4700
4708
4714
4722
4728
4736
4742
4750
4756
4764
4770
4778
4784
4792
4798
4806
4812
4819
4825
4833
4839
4847
4853
4859
4863
4869
4873
4879
4883
4889
4893
4899
4903
4909
4913
4919
4923
4929
4933
4939
4943
4949
4953
4959
4963
4969
4973
4979
4983
4989
4993
4999
5003
5009
5013
5019
5023
5029
5033
5040
5044
5050
5054
5060
5064
5070
5074
5080
5084
5090
5094
5100
5104
5110
5114
5120
5124
5130
5134
5140
5144
5150
5154
5160
5164
5170
5174
5180
5184
5190
5194
5200
5204
5210
5214
5220
5225
5233
5240
5248
5255
5263
5270
5278
5285
5293
5300
5308
5315
5323
5330
5338
5345
5353
5360
5368
5375
5383
5390
5398
5405
5413
5420
5428
5435
5443
5450
5458
5465
5473
5480
5488
5495
5503
5510
5518
5525
5533
5540
5548
5555
5563
5570
5578
5585
5593
5600
5615
5628
5643
5657
5672
5685
5701
5714
5729
5743
5758
5771
5786
5800
5815
5828
5844
5857
5872
5886
5901
5914
5929
5943
5958
5971
5987
6000
6015
6029
6035
6039
6045
6049
6055
6059
6065
6069
6075
6079
6085
6089
6095
6099
6105
6109
6115
6119
6125
6130
6136
6140
6146
6150
6156
6160
6166
6170
6176
6180
6186
6190
6196
6200
6206
6210
6216
6220
6226
6231
6237
6241
6247
6251
6257
6261
6267
6271
6277
6281
6287
6291
6297
6301
6307
6311
6317
6321
6327
6332
6338
6342
6348
6352
6358
6362
6368
6372
6378
6382
6388
6392
6398
6402
6408
6415
6421
6429
6434
6442
6448
6455
6461
6469
6474
6482
6488
6495
6501
6509
6514
6522
6528
6535
6541
6549
6554
6562
6568
6575
6581
6589
6594
6602
6608
6615
6621
6629
6634
6642
6648
6655
6661
6669
6674
6682
6688
6695
6701
6709
6714
6722
6728
6735
6741
6749
6754
6761
6767
6775
6781
6789
6795
6803
6809
6817
6823
6831
6837
6845
6851
6859
6865
6873
6879
6887
6893
6901
6906
6914
6920
6928
6934
6942
6948
6956
6962
6970
6976
6984
6990
6998
7004
7012
7018
7026
7032
7040
7046
7053
7059
7067
7073
7081
7087
7095
7101
7109
7118
7125
7134
7142
7151
7158
7168
7175
7184
7192
7201
7208
7218
7225
7234
7241
7251
7258
7267
7275
7284
7291
7301
7308
7317
7325
7334
7341
7350
7358
7367
7374
7384
7391
7400
7408
7417
7424
7434
7441
7450
7458
7467
7474
7483
7491
7500
7505
7508
7514
7517
7523
7526
7532
7535
7540
7544
7549
7553
7558
7562
7567
7571
7576
7580
7584
7589
7593
7598
7602
7607
7611
7616
7620
7624
7629
7633
7638
7642
7647
7651
7656
7660
7664
7669
7673
7678
7682
7687
7691
7696
7700
7704
7709
7713
7718
7722
7727
7731
7736
7740
7744
7749
7753
7758
7762
7767
7771
7776
7780
7784
7789
7793
7798
7802
7807
7811
7816
7820
7824
7829
7833
7838
7842
7847
7851
7856
7860
7864
7869
7873
7878
7882
7887
7891
7896
7900
7904
7909
7913
7918
7922
7927
7931
7936
7940
7944
7950
7955
7962
7967
7974
7979
7985
7990
7997
8002
8009
8014
8021
8025
8032
8037
8044
8049
8056
8060
8067
8072
8079
8084
8091
8096
8102
8107
8114
8119
8126
8131
8137
8142
8149
8154
8161
8166
8173
8177
8184
8189
8196
8201
8208
8213
8219
8224
8231
8236
8243
8248
8254
8259
8266
8271
8278
8283
8290
8294
8301
8306
8313
8318
8325
8329
8336
8341
8348
8353
8360
8365
8371
8376
8383
8388
8397
8405
8415
8423
8433
8441
8451
8459
8469
8477
8487
8495
8505
8513
8523
8531
8541
8549
8559
8567
8577
8585
8595
8603
8613
8621
8631
8639
8649
8657
8667
8674
8684
8692
8702
8710
8720
8728
8738
8746
8756
8764
8774
8780
8785
8792
8797
8804
8809
8815
8820
8827
8832
8839
8844
8851
8855
8862
8867
8874
8879
8886
8891
8897
8902
8909
8914
8921
8926
8932
8937
8944
8949
8956
8961
8968
8972
8979
8984
8991
8996
9003
9008
9014
9019
9026
9031
9038
9043
9049
9054
9061
9074
9085
9099
9110
9123
9135
9148
9159
9173
9184
9197
9209
9222
9234
9247
9258
9272
9283
9296
9308
9321
9332
9346
9357
9370
9382
9395
9407
9416
9424
9433
9441
9450
9458
9467
9475
9484
9492
9501
9509
9518
9526
9536
9543
9553
9560
9570
9577
9587
9594
9604
9611
9621
9628
9638
9645
9655
9663
9672
9680
9689
9697
9706
9714
9723
9731
9740
9748
9757
9765
9774
9782
9788
9792
9799
9803
9809
9814
9820
9825
9831
9835
9842
9846
9853
9857
9863
9868
9874
9879
9885
9889
9896
9900
9907
9911
9917
9922
9928
9933
9939
9943
9950
9954
9961
9965
9971
9976
9982
9987
9993
9997
10004
10008
10015
10019
10025
10030
10036
10041
10047
10051
10058
10062
10069
10073
10079
10084
10090
10095
10101
10110
10118
10128
10136
10146
10154
10164
10172
10182
10190
10200
10207
10217
10225
10235
10243
10253
10261
10271
10279
10289
10297
10307
10314
10324
10332
10342
10350
10360
10368
10378
10384
10389
10395
10400
10406
10411
10417
10422
10429
10433
10440
10444
10451
10455
10462
10467
10473
10478
10484
10489
10495
10500
10507
10511
10518
10522
10529
10533
10540
10544
10551
10556
10562
10567
10573
10578
10584
10589
10596
10600
10607
10611
10618
10622
10629
10634
10640
10645
10651
10656
10662
10667
10673
10678
10685
10689
10696
10700
10707
10711
10718
10723
10729
10734
10740
10745
10751
10756
10763
10767
10775
10782
10791
10798
10807
10814
10823
10830
10839
10846
10855
10862
10871
10878
10887
10894
10903
10910
10919
10926
10935
10942
10951
10958
10967
10974
10982
10989
10998
11005
11014
11021
11030
11037
11046
11053
11062
11069
11078
11085
11094
11101
11110
11116
11121
11128
11132
11139
11144
11150
11155
11162
11167
11173
11178
11185
11189
11196
11201
11207
11212
11219
11224
11230
11235
11242
11246
11253
11258
11264
11269
11276
11281
11287
11292
11299
11303
11310
11315
11321
11326
11333
11338
11344
11349
11356
11360
11367
11372
11378
11383
11390
11395
11401
11406
11413
11417
11424
11429
11435
11440
11447
11452
11458
11465
11471
11479
11485
11493
11498
11506
11512
11520
11526
11533
11539
11547
11553
11561
11566
11574
11580
11588
11594
11601
11607
11615
11621
11629
11634
11642
11648
11656
11662
11670
11675
11683
11689
11697
11703
11710
11716
11724
11730
11738
11743
11751
11757
11765
11771
11778
11784
11792
11798
11806
11811
11819
11825
11833
11839
11846
11852
11860
11866
11874
11880
11887
11894
11899
11906
11911
11918
11923
11930
11935
11943
11948
11955
11960
11967
11972
11979
11984
11992
11997
12004
12009
12016
12021
12028
12033
12040
12046
12053
12058
12065
12070
12077
12082
12089
12095
12102
12107
12114
12119
12126
12131
12138
12144
12151
12156
12163
12168
12175
12180
12187
12192
12200
12205
12212
12221
12229
12239
12247
12257
12265
12275
12283
12293
12301
12311
12319
12329
12337
12347
12355
12365
12373
12383
12391
12401
12409
12419
12427
12437
12445
12455
12463
12473
12481
12491
12499
12509
12517
12527
12533
12538
12545
12550
12557
12562
12569
12574
12581
12586
12593
12598
12605
12610
12617
12622
12629
12634
12641
12646
12653
12658
12665
12670
12677
12682
12689
12694
12701
12706
12713
12718
12725
12730
12737
12742
12749
12754
12761
12766
12773
12778
12785
12790
12797
12802
12809
12814
12821
12826
12833
12838
12845
12850
12857
12862
12869
12874
12881
12886
12893
12898
12905
12910
12917
12922
12929
12935
12943
12949
12957
12963
12971
12977
12985
12991
12999
13005
13013
13019
13027
13033
13041
13047
13055
13061
13069
13075
13083
13089
13097
13103
13111
13117
13125
13131
13139
13144
13152
13158
13166
13172
13180
13186
13194
13200
13208
13214
13222
13228
13236
13242
13250
13256
13264
13270
13278
13284
13292
13298
13306
13312
13318
13322
13328
13333
13339
13343
13350
13354
13360
13364
13371
13375
13381
13386
13392
13396
13402
13407
13413
13417
13424
13428
13434
13438
13445
13449
13455
13460
13466
13470
13476
13481
13487
13491
13498
13502
13508
13512
13519
13523
13529
13534
13540
13544
13550
13555
13561
13565
13572
13576
13582
13587
13593
13597
13603
13608
13614
13618
13625
13629
13635
13639
13646
13650
13656
13661
13667
13671
13677
13682
13688
13692
13699
13708
13715
13724
13731
13740
13748
13757
13764
13773
13780
13789
13797
13806
13813
13822
13829
13839
13846
13855
13862
13871
13878
13888
13895
13904
13911
13920
13928
13937
13944
13953
13960
13969
13977
13986
13993
14002
14009
14019
14026
14035
14042
14051
14058
14069
14079
14091
14101
14113
14122
14134
14144
14156
14166
14177
14187
14199
14209
14221
14230
14242
14252
14264
14274
14285
14295
14307
14317
14329
14338
14350
14360
14372
14382
14393
14403
14415
14425
14437
14446
14458
14468
14473
14477
14483
14487
14492
14496
14502
14506
14511
14515
14521
14525
14530
14534
14540
14544
14549
14553
14559
14563
14568
14572
14578
14582
14587
14591
14597
14601
14606
14610
14616
14620
14625
14629
14635
14639
14644
14648
14654
14658
14663
14667
14673
14677
14682
14686
14692
14696
14701
14705
14711
14715
14720
14724
14730
14734
14739
14743
14753
14761
14771
14780
14790
14798
14809
14817
14827
14836
14846
14854
14865
14873
14883
14892
14902
14910
14921
14929
14939
14948
14958
14966
14977
14985
14995
15004
15014
15022
15033
15041
15051
15060
15070
15081
15090
15102
15111
15123
15132
15144
15153
15164
15174
15185
15195
15206
15216
15227
15237
15248
15257
15269
15278
15290
15299
15311
15320
15332
15341
15352
15362
15368
15373
15379
15384
15391
15395
15402
15407
15413
15418
15425
15429
15436
15441
15447
15452
15459
15463
15470
15475
15481
15486
15493
15497
15504
15509
15515
15520
15527
15531
15538
15543
15549
15554
15561
15565
15572
15576
15583
15588
15594
15599
15606
15610
15617
15622
15628
15633
15640
15644
15651
15656
15665
15672
15682
15689
15699
15706
15716
15723
15733
15740
15750
15757
15767
15774
15784
15791
15801
15808
15818
15825
15835
15842
15852
15859
15869
15876
15886
15893
15903
15910
15920
15927
15937
15946
15954
15964
15972
15982
15990
15999
16007
16017
16025
16035
16043
16052
16060
16070
16078
16088
16096
16105
16113
16123
16131
16141
16149
16158
16166
16176
16184
16194
16202
16211
16219
16229
16237
16243
16251
16257
16266
16272
16280
16286
16295
16301
16309
16315
16323
16330
16338
16344
16352
16359
16367
16373
16381
16388
16396
16402
16410
16416
16425
16431
16439
16445
16454
16460
16468
16474
16483
16489
16497
16503
16511
16518
16526
16532
16540
16547
16555
16561
16569
16575
16584
16590
16598
16604
16613
16619
16627
16633
16642
16648
16656
16661
16664
16670
16673
16679
16682
16688
16691
16697
16700
16706
16709
16715
16718
16723
16727
16732
16736
16741
16745
16750
16754
16759
16763
16768
16772
16777
16781
16786
16789
16795
16798
16804
16807
16813
16816
16822
16825
16831
16834
16840
16843
16849
16852
16857
16861
16866
16870
16875
16879
16884
16888
16893
16897
16902
16906
16911
16915
16920
16923
16929
16932
16938
16941
16947
16950
16956
16959
16965
16968
16974
16977
16983
16986
16991
16995
17000
17004
17009
17013
17018
17022
17027
17042
17055
17070
17083
17098
17111
17126
17139
17154
17168
17183
17196
17211
17224
17239
17252
17267
17280
17295
17309
17324
17337
17352
17365
17380
17393
17408
17422
17435
17449
17462
17476
17489
17503
17516
17530
17543
17557
17570
17584
17597
17611
17624
17638
17651
17666
17678
17693
17710
17726
17744
17760
17777
17793
17811
17827
17844
17860
17878
17894
17911
17927
17945
17961
17978
17994
18012
18027
18041
18056
18070
18085
18099
18115
18128
18144
18157
18173
18187
18202
18216
18231
18245
18261
18274
18290
18303
18319
18333
18348
18362
18377
18391
18407
18420
18435
18448
18464
18477
18493
18506
18522
18535
18551
18564
18580
18593
18609
18622
18638
18651
18667
18680
18696
18709
18725
18738
18754
18767
18783
18796
18812
18820
18826
18834
18840
18848
18854
18862
18868
18876
18882
18890
18897
18905
18911
18919
18925
18933
18939
18947
18953
18961
18967
18976
18982
18990
18996
19004
19010
19018
19024
19032
19038
19046
19052
19061
19067
19075
19081
19089
19095
19103
19109
19117
19123
19131
19138
19146
19152
19160
19166
19174
19181
19186
19193
19198
19206
19211
19218
19223
19231
19236
19243
19248
19256
19261
19268
19273
19280
19286
19293
19298
19305
19311
19318
19323
19330
19336
19343
19348
19355
19361
19368
19373
19380
19385
19393
19398
19405
19410
19418
19423
19430
19435
19443
19448
19455
19460
19469
19477
19487
19494
19504
19512
19522
19529
19539
19547
19556
19564
19574
19582
19591
19599
19609
19616
19626
19634
19644
19651
19661
19669
19678
19686
19696
19704
19713
19721
19731
19738
19748
19756
19766
19777
19787
19799
19809
19821
19831
19843
19853
19865
19875
19886
19896
19908
19918
19930
19940
19952
19962
19974
19984
19996
20006
20016
20028
20038
20050
20056
20061
20068
20073
20079
20084
20091
20096
20102
20107
20114
20119
20125
20130
20137
20142
20149
20153
20160
20165
20172
20176
20183
20188
20195
20200
20205
20212
20217
20224
20228
20235
20240
20247
20251
20258
20263
20270
20275
20280
20287
20292
20299
20303
20310
20315
20321
20325
20332
20336
20342
20347
20353
20357
20364
20368
20374
20379
20385
20389
20396
20400
20406
20411
20417
20421
20428
20432
20438
20443
20449
20453
20460
20464
20470
20475
20481
20485
20492
20496
20502
20507
20513
20517
20524
20528
20534
20539
20545
20549
20556
20560
20566
20571
20577
20581
20588
20592
20598
20603
20609
20618
20626
20636
20644
20654
20662
20672
20679
20689
20697
20707
20715
20725
20733
20742
20750
20760
20768
20778
20786
20796
20803
20813
20821
20831
20839
20849
20857
20867
20874
20884
20892
20901
20908
20917
20924
20933
20940
20949
20956
20965
20972
20981
20988
20997
21005
21014
21021
21030
21037
21046
21053
21062
21069
21078
21085
21094
21101
21111
21118
21127
21134
21143
21150
21159
21166
21175
21182
21191
21198
21207
21215
21224
21231
21240
21247
21256
21263
21274
21283
21295
21304
21315
21325
21336
21345
21357
21366
21377
21387
21398
21407
21419
21428
21440
21449
21460
21470
21481
21490
21502
21511
21522
21532
21543
21552
21564
21573
21584
21594
21605
21615
21626
21635
21647
21656
21667
21677
21683
21688
21695
21700
21707
21712
21719
21724
21731
21736
21743
21748
21754
21759
21766
21771
21778
21783
21790
21795
21802
21807
21814
21819
21826
21830
21837
21842
21849
21854
21861
21866
21873
21878
21885
21890
21897
21902
21908
21913
21920
21925
21932
21937
21944
21949
21956
21961
21968
21973
21980
21984
21991
21996
22003
22008
22015
22020
22027
22032
22039
22044
22051
22056
22062
22067
22074
22079
22086
22097
22107
22119
22129
22140
22150
22162
22172
22183
22193
22205
22215
22226
22236
22248
22258
22269
22279
22291
22301
22312
22322
22334
22344
22355
22365
22377
22387
22398
22407
22415
22425
22433
22442
22450
22460
22468
22477
22485
22495
22503
22512
22520
22530
22538
22547
22555
22565
22573
22582
22590
22600
22608
22617
22625
22635
22643
22652
22660
22670
22678
22687
22695
22703
22709
22718
22724
22733
22739
22748
22754
22763
22769
22778
22784
22793
22799
22808
22814
22823
22829
22838
22844
22853
22859
22867
22874
22882
22889
22897
22904
22912
22919
22927
22934
22942
22949
22957
22964
22972
22979
22987
22995
23002
23011
23017
23026
23033
23042
23048
23057
23064
23072
23079
23088
23095
23103
23110
23119
23125
23134
23141
23150
23156
23165
23172
23181
23187
23196
23203
23211
23218
23227
23234
23242
23249
23258
23264
23273
23280
23289
23295
23304
23311
23320
23326
23335
23342
23350
23357
23366
23373
23381
23388
23397
23403
23412
23419
23428
23434
23440
23445
23452
23457
23464
23469
23476
23480
23487
23492
23499
23504
23511
23516
23523
23527
23534
23539
23546
23551
23558
23563
23570
23574
23581
23586
23593
23598
23605
23610
23616
23621
23628
23633
23640
23645
23652
23657
23663
23668
23675
23680
23687
23692
23699
23704
23710
23715
23722
23727
23734
23755
23775
23796
23816
23837
23857
23878
23898
23919
23939
23961
23980
24002
24021
24043
24062
24077
24090
24105
24118
24133
24146
24161
24174
24190
24203
24218
24231
24246
24259
24274
24287
24302
24316
24331
24344
24359
24372
24387
24400
24415
24429
24444
24457
24472
24478
24483
24489
24494
24501
24505
24512
24517
24523
24528
24535
24539
24546
24551
24557
24562
24568
24573
24580
24584
24591
24596
24602
24607
24614
24618
24625
24630
24636
24641
24648
24652
24659
24664
24669
24676
24680
24687
24692
24698
24703
24710
24714
24721
24726
24732
24737
24744
24748
24755
24760
24765
24772
24776
24783
24788
24794
24799
24806
24810
24817
24822
24828
24833
24840
24844
24851
24856
24861
24868
24872
24879
24884
24890
24895
24902
24906
24915
24923
24932
24940
24949
24957
24967
24974
24984
24991
25001
25009
25018
25026
25035
25043
25053
25060
25070
25077
25087
25094
25104
25112
25121
25129
25138
25146
25156
25163
25173
25180
25190
25198
25207
25215
25224
25232
25242
25249
25259
25266
25276
25283
25293
25301
25308
25314
25322
25328
25335
25341
25349
25355
25362
25368
25376
25382
25389
25395
25403
25409
25417
25422
25430
25436
25444
25449
25457
25463
25471
25476
25484
25490
25498
25504
25511
25517
25525
25531
25538
25544
25552
25558
25565
25571
25579
25585
25593
25598
25606
25612
25619
25624
25631
25636
25644
25649
25656
25661
25669
25674
25681
25686
25694
25699
25706
25711
25719
25724
25731
25736
25744
25749
25756
25761
25769
25774
25781
25786
25794
25799
25806
25811
25819
25824
25831
25836
25844
25849
25856
25861
25869
25874
25881
25886
25894
25899
25906
25911
25919
25924
25931
25936
25944
25949
25956
25961
25969
25976
25982
25990
25996
26004
26010
26018
26024
26032
26038
26046
26052
26060
26066
26074
26080
26087
26093
26101
26107
26115
26121
26129
26135
26143
26149
26157
26163
26171
26177
26185
26191
26199
26204
26212
26218
26226
26232
26240
26246
26254
26260
26268
26274
26282
26288
26296
26302
26310
26316
26323
26329
26337
26343
26351
26357
26365
26371
26379
26385
26390
26394
26400
26404
26410
26414
26420
26424
26430
26434
26440
26444
26450
26454
26460
26464
26470
26474
26479
26483
26489
26493
26499
26503
26509
26513
26519
26523
26529
26533
26539
26543
26549
26553
26559
26563
26569
26572
26578
26582
26588
26592
26598
26602
26608
26612
26618
26622
26628
26632
26638
26642
26648
26652
26658
26661
26667
26671
26677
26681
26687
26691
26697
26706
26714
26723
26731
26741
26748
26758
26765
26775
26783
26792
26800
26809
26817
26827
26834
26844
26852
26861
26869
26878
26886
26896
26903
26913
26920
26930
26938
26947
26955
26965
26972
26982
26989
26999
27007
27016
27024
27033
27041
27064
27085
27108
27129
27152
27173
27196
27217
27240
27261
27284
27305
27328
27349
27358
27366
27375
27383
27392
27400
27410
27417
27427
27434
27444
27452
27461
27469
27478
27486
27496
27503
27513
27520
27530
27538
27547
27555
27564
27572
27582
27589
27599
27606
27616
27624
27633
27641
27650
27658
27668
27675
27685
27692
27702
27710
27719
27741
27761
27783
27803
27826
27846
27868
27888
27910
27931
27953
27973
27995
28015
28038
28058
28080
28100
28122
28128
28133
28140
28145
28151
28156
28163
28168
28175
28179
28186
28191
28198
28203
28209
28214
28221
28226
28232
28237
28244
28249
28256
28260
28267
28272
28279
28284
28290
28295
28302
28307
28314
28318
28325
28330
28337
28341
28348
28353
28360
28365
28371
28376
28383
28388
28395
28399
28406
28411
28418
28423
28429
28434
28441
28446
28452
28457
28464
28469
28476
28480
28487
28492
28499
28504
28510
28515
28522
28527
28533
28538
28546
28553
28561
28568
28577
28583
28592
28598
28607
28614
28622
28629
28637
28644
28653
28659
28668
28674
28683
28690
28698
28705
28714
28720
28729
28735
28744
28751
28759
28766
28774
28781
28790
28796
28805
28811
28820
28827
28835
28842
28850
28857
28866
28872
28881
28888
28896
28903
28911
28918
28944
28968
28994
29019
29045
29069
29096
29120
29146
29171
29197
29221
29248
29257
29265
29275
29282
29292
29300
29309
29317
29327
29335
29344
29352
29362
29369
29379
29387
29396
29404
29414
29422
29431
29439
29449
29456
29466
29474
29483
29491
29501
29509
29518
29526
29536
29543
29553
29561
29570
29578
29588
29596
29605
29613
29623
29630
29640
29648
29657
29665
29672
29678
29686
29692
29699
29705
29713
29719
29726
29732
29740
29746
29754
29759
29767
29773
29781
29786
29794
29800
29808
29814
29821
29827
29835
29841
29848
29854
29862
29868
29876
29881
29889
29895
29903
29908
29916
29922
29930
29943
29954
29967
29978
29991
30003
30016
30027
30040
30051
30064
30076
30089
30100
30113
30124
30137
30149
30162
30173
30186
30197
30210
30222
30235
30253
30270
30289
30306
30324
30341
30360
30377
30395
30412
30431
30448
30467
30483
30502
30519
30538
30555
30572
30591
30598
30603
30610
30615
30622
30627
30634
30640
30647
30652
30659
30664
30671
30676
30683
30689
30696
30701
30708
30713
30720
30725
30732
30738
30745
30750
30757
30762
30769
30774
30781
30787
30794
30799
30806
30811
30818
30823
30830
30836
30843
30848
30855
30860
30867
30873
30878
30885
30890
30897
30902
30909
30914
30921
30926
30933
30938
30945
30950
30957
30962
30969
30974
30981
30986
30993
30998
31005
31010
31017
31022
31029
31034
31041
31046
31053
31058
31065
31070
31077
31082
31089
31094
31101
31106
31113
31118
31125
31130
31137
31142
31149
31154
31161
31166
31173
31178
31185
31190
31197
31201
31208
31213
31220
31225
31232
31237
31244
31249
31256
31261
31268
31275
31280
31287
31292
31299
31304
31311
31316
31323
31328
31335
31341
31348
31353
31360
31365
31372
31377
31384
31389
31396
31401
31408
31414
31421
31426
31433
31438
31445
31450
31457
31462
31469
31474
31481
31487
31494
31499
31506
31511
31518
31523
31530
31535
31542
31547
31555
31560
31567
31572
31579
31584
31591
31596
31603
31608
31615
31620
31628
31633
31640
31645
31652
31657
31664
31669
31676
31681
31688
31693
31701
31706
31713
31719
31723
31729
31733
31739
31744
31750
31754
31760
31764
31770
31775
31781
31785
31791
31795
31802
31806
31812
31816
31822
31826
31833
31837
31843
31847
31853
31858
31864
31868
31874
31878
31884
31889
31895
31899
31905
31909
31915
31920
31926
31930
31936
31940
31947
31951
31957
31961
31967
31971
31978
31982
31988
31992
31998
32003
32009
32013
32019
32023
32029
32050
32070
32092
32112
32134
32154
32176
32195
32217
32237
32259
32279
32301
32321
32343
32362
32384
32404
32421
32436
32453
32468
32485
32500
32517
32532
32549
32564
32581
32596
32613
32628
32645
32660
32677
32692
32709
32724
32729
32733
32739
32743
32749
32752
32758
32762
32768
32772
32778
32781
32787
32791
32797
32801
32806
32810
32816
32820
32826
32830
32835
32839
32845
32849
32855
32858
32864
32868
32874
32878
32884
32887
32893
32897
32903
32907
32912
32916
32922
32926
32932
32936
32941
32945
32951
32955
32961
32964
32970
32974
32980
32984
32990
32993
32999
33003
33009
33013
33018
33022
33028
33032
33038
33042
33047
33051
33057
33061
33067
33070
33076
33080
33086
33090
33096
33099
33105
33109
33115
33119
33124
33135
33144
33156
33165
33177
33186
33198
33207
33219
33228
33240
33249
33261
33270
33282
33291
33303
33312
33324
33333
33345
33354
33366
33375
33387
33396
33407
33417
33428
33438
33449
33459
33470
33480
33487
33493
33501
33507
33515
33521
33529
33535
33543
33549
33557
33563
33571
33577
33585
33591
33598
33604
33612
33618
33626
33632
33640
33646
33654
33660
33668
33674
33682
33688
33696
33702
33710
33715
33723
33729
33737
33743
33751
33757
33765
33771
33779
33785
33793
33799
33807
33813
33821
33827
33834
33840
33848
33854
33862
33868
33876
33882
33890
33897
33902
33909
33914
33921
33926
33934
33939
33946
33951
33958
33963
33970
33976
33983
33988
33995
34000
34007
34012
34020
34025
34032
34037
34044
34049
34056
34062
34069
34074
34081
34086
34093
34099
34106
34111
34118
34123
34130
34135
34143
34148
34155
34160
34167
34172
34179
34185
34201
34215
34232
34246
34262
34277
34293
34307
34324
34338
34355
34369
34385
34400
34416
34430
34447
34461
34477
34492
34508
34523
34539
34553
34560
34566
34573
34579
34586
34592
34599
34605
34612
34618
34625
34631
34639
34644
34652
34657
34665
34670
34678
34683
34691
34696
34704
34709
34717
34723
34730
34736
34743
34749
34756
34762
34769
34775
34782
34788
34795
34801
34809
34814
34822
34827
34835
34840
34848
34853
34861
34866
34874
34879
34887
34893
34900
34906
34913
34919
34926
34932
34939
34945
34952
34958
34965
34971
34979
34984
34992
35015
35037
35060
35082
35105
35127
35151
35172
35196
35217
35241
35263
35286
35308
35331
35353
35363
35371
35381
35389
35399
35407
35417
35425
35435
35443
35453
35461
35472
35480
35490
35498
35508
35516
35526
35534
35544
35552
35562
35570
35580
35589
35599
35607
35617
35625
35635
35643
35662
35679
35699
35716
35736
35753
35773
35790
35809
35827
35846
35864
35883
35901
35920
35937
35947
35955
35966
35974
35984
35993
36003
36012
36022
36030
36041
36049
36060
36068
36078
36087
36097
36106
36116
36124
36135
36143
36153
36162
36172
36181
36191
36199
36210
36218
36229
36237
36247
36256
36266
36275
36285
36293
36304
36312
36322
36331
36341
36350
36365
36379
36395
36409
36425
36438
36454
36468
36484
36498
36514
36527
36543
36557
36573
36587
36603
36616
36632
36646
36662
36676
36692
36705
36721
36735
36751
36765
36781
36787
36792
36798
36803
36809
36814
36820
36825
36831
36836
36842
36847
36853
36858
36864
36869
36875
36880
36886
36891
36897
36902
36908
36913
36919
36924
36930
36935
36941
36946
36952
36957
36963
36968
36974
36979
36985
36990
36996
37001
37007
37012
37019
37023
37030
37034
37041
37045
37052
37056
37063
37067
37074
37078
37085
37089
37096
37100
37107
37111
37118
37122
37129
37133
37140
37144
37151
37155
37162
37166
37173
37177
37184
37188
37195
37199
37206
37210
37215
37219
37225
37228
37234
37238
37243
37247
37253
37256
37262
37266
37271
37275
37281
37284
37290
37294
37299
37303
37309
37313
37318
37322
37328
37331
37337
37341
37346
37350
37356
37359
37365
37369
37374
37378
37384
37387
37393
37397
37403
37406
37412
37416
37421
37425
37431
37434
37440
37444
37449
37453
37459
37462
37468
37472
37477
37481
37487
37491
37496
37500
37506
37509
37515
37519
37524
37528
37534
37537
37543
37547
37554
37559
37567
37572
37579
37585
37592
37597
37605
37610
37617
37623
37630
37636
37643
37648
37656
37661
37668
37674
37681
37686
37694
37699
37706
37712
37719
37725
37732
37737
37745
37750
37757
37763
37770
37775
37783
37788
37796
37801
37808
37814
37821
37826
37834
37839
37846
37852
37859
37864
37872
37877
37885
37890
37897
37903
37910
37915
37923
37932
37940
37950
37957
37967
37975
37984
37992
38002
38009
38019
38027
38037
38044
38054
38062
38071
38079
38089
38096
38106
38114
38123
38131
38141
38149
38158
38166
38176
38183
38193
38201
38210
38218
38228
38236
38245
38253
38263
38274
38283
38295
38304
38316
38325
38337
38346
38358
38367
38379
38388
38400
38409
38421
38430
38442
38451
38463
38472
38484
38493
38505
38514
38526
38535
38547
38556
38568
38577
38589
38598
38610
38619
38631
38640
38652
38661
38668
38673
38680
38685
38692
38697
38704
38709
38716
38721
38728
38733
38740
38745
38753
38758
38765
38770
38777
38782
38789
38794
38801
38806
38813
38818
38825
38830
38838
38843
38850
38855
38862
38867
38874
38879
38886
38891
38898
38903
38910
38915
38923
38928
38935
38940
38947
38952
38959
38964
38971
38976
38983
38988
38995
39000
39007
39013
39017
39024
39028
39035
39039
39045
39050
39056
39061
39067
39071
39078
39082
39089
39093
39099
39104
39110
39115
39121
39125
39132
39136
39143
39147
39153
39158
39164
39169
39175
39179
39186
39190
39197
39201
39207
39212
39218
39223
39229
39233
39240
39244
39251
39255
39261
39266
39272
39277
39283
39287
39294
39298
39305
39309
39315
39320
39326
39331
39337
39341
39348
39352
39359
39363
39369
39374
39380
39385
39391
39395
39402
39406
39413
39417
39423
39428
39434
39439
39445
39452
39458
39465
39471
39479
39484
39492
39498
39505
39511
39519
39524
39532
39538
39545
39551
39559
39564
39572
39578
39585
39591
39599
39604
39612
39618
39625
39631
39639
39644
39652
39658
39665
39671
39679
39684
39692
39698
39705
39711
39719
39724
39732
39745
39757
39771
39783
39796
39808
39822
39834
39847
39859
39873
39885
39898
39910
39924
39936
39950
39961
39975
39987
40001
40012
40026
40038
40052
40063
40077
40089
40098
40106
40115
40123
40132
40140
40150
40157
40167
40174
40184
40192
40201
40209
40218
40226
40236
40243
40253
40260
40270
40278
40287
40295
40304
40312
40322
40329
40339
40346
40356
40364
40373
40381
40390
40396
40400
40406
40410
40416
40420
40426
40430
40436
40440
40446
40450
40457
40461
40467
40471
40477
40481
40487
40491
40497
40501
40507
40511
40518
40522
40528
40532
40538
40542
40548
40552
40558
40562
40568
40572
40578
40583
40589
40593
40599
40603
40609
40613
40619
40623
40629
40633
40639
40644
40650
40654
40660
40664
40670
40674
40680
40684
40690
40694
40700
40712
40723
40735
40746
40759
40769
40782
40793
40805
40816
40828
40839
40852
40862
40875
40886
40898
40909
40921
40932
40945
40955
40968
40979
40991
41002
41014
41025
41038
41048
41054
41059
41066
41071
41078
41083
41090
41095
41102
41107
41114
41119
41126
41131
41138
41143
41150
41155
41162
41167
41174
41179
41186
41191
41198
41203
41210
41215
41222
41227
41234
41239
41246
41251
41258
41263
41270
41275
41282
41287
41294
41299
41306
41311
41318
41323
41330
41335
41342
41347
41354
41359
41366
41371
41378
41383
41390
41395
41402
41407
41414
41419
41426
41431
41438
41445
41450
41457
41463
41470
41475
41482
41488
41495
41500
41507
41513
41520
41525
41532
41538
41545
41550
41557
41563
41570
41575
41582
41588
41595
41600
41607
41613
41620
41625
41632
41638
41645
41650
41657
41663
41670
41675
41683
41688
41695
41700
41708
41713
41720
41725
41733
41738
41745
41750
41758
41763
41770
41775
41783
41788
41795
41803
41810
41819
41826
41835
41842
41851
41858
41867
41874
41883
41890
41899
41906
41915
41922
41931
41938
41947
41954
41963
41970
41979
41986
41995
42002
42011
42018
42027
42034
42043
42050
42059
42066
42075
42082
42091
42098
42106
42113
42120
42128
42135
42143
42150
42158
42165
42173
42180
42188
42195
42203
42210
42218
42225
42233
42240
42248
42255
42263
42270
42278
42285
42293
42300
42308
42315
42323
42330
42338
42345
42353
42360
42368
42375
42383
42392
42400
42410
42418
42428
42435
42445
42453
42463
42471
42480
42488
42498
42506
42516
42523
42533
42541
42551
42559
42568
42576
42586
42594
42604
42611
42621
42629
42639
42647
42656
42664
42674
42682
42692
42699
42709
42717
42727
42735
42746
42756
42768
42778
42790
42800
42812
42822
42834
42844
42855
42865
42877
42887
42899
42909
42921
42931
42943
42953
42965
42975
42985
42997
43007
43019
43029
43041
43051
43063
43073
43085
43095
43105
43117
43127
43139
43149
43156
43161
43168
43173
43180
43186
43193
43198
43205
43210
43217
43223
43230
43235
43242
43247
43255
43260
43267
43272
43279
43284
43292
43297
43304
43309
43316
43322
43329
43334
43341
43346
43353
43359
43366
43371
43378
43383
43390
43396
43403
43408
43415
43420
43428
43433
43437
43442
43446
43452
43455
43461
43464
43470
43474
43479
43483
43489
43492
43498
43501
43507
43511
43516
43520
43525
43529
43535
43538
43544
43548
43553
43557
43562
43566
43572
43575
43581
43584
43590
43594
43599
43603
43609
43612
43618
43621
43627
43631
43636
43640
43646
43649
43655
43658
43664
43668
43673
43677
43682
43686
43692
43695
43701
43705
43710
43714
43719
43723
43729
43732
43738
43741
43747
43751
43756
43760
43766
43769
43775
43778
43791
43803
43817
43829
43843
43855
43869
43881
43895
43907
43921
43933
43947
43959
43973
43985
43999
44011
44024
44036
44050
44062
44076
44088
44102
44114
44128
44140
44154
44166
44180
44192
44206
44212
44216
44223
44227
44234
44238
44245
44249
44255
44260
44266
44271
44277
44282
44288
44292
44299
44303
44310
44314
44321
44325
44331
44336
44342
44347
44353
44358
44364
44368
44375
44379
44386
44390
44397
44401
44407
44412
44418
44423
44429
44434
44440
44444
44451
44455
44462
44466
44473
44477
44483
44488
44494
44499
44505
44510
44516
44520
44527
44536
44544
44553
44561
44571
44578
44588
44596
44605
44613
44623
44630
44640
44648
44657
44665
44675
44682
44692
44700
44709
44717
44726
44734
44744
44751
44761
44769
44778
44786
44796
44803
44813
44821
44830
44838
44848
44855
44865
44871
44875
44882
44886
44893
44897
44903
44908
44914
44919
44925
44929
44936
44940
44947
44951
44958
44962
44968
44973
44979
44984
44990
44994
45001
45005
45012
45016
45022
45027
45033
45038
45044
45049
45055
45059
45066
45070
45077
45081
45087
45092
45098
45103
45109
45113
45120
45124
45131
45135
45142
45146
45152
45157
45163
45168
45174
45178
45185
45189
45196
45200
45207
45211
45217
45222
45228
45233
45239
45243
45248
45252
45258
45262
45268
45272
45277
45281
45287
45291
45297
45301
45307
45310
45316
45320
45326
45330
45336
45340
45345
45349
45355
45359
45365
45369
45375
45378
45384
45388
45394
45398
45404
45407
45413
45417
45423
45427
45433
45437
45442
45446
45452
45456
45462
45466
45472
45475
45481
45485
45491
45495
45501
45505
45510
45514
45520
45524
45530
45534
45539
45543
45549
45553
45559
45563
45569
45572
45578
45582
45588
45592
45598
45602
45607
45611
45619
45625
45634
45640
45649
45655
45664
45670
45679
45685
45694
45700
45709
45715
45724
45730
45739
45745
45754
45760
45769
45775
45784
45790
45799
45805
45813
45820
45828
45835
45843
45850
45858
45865
45873
45880
45888
45895
45903
45910
45918
45925
45933
45940
45948
45955
45963
45970
45978
45985
45993
46000
46008
46014
46023
46030
46036
46043
46049
46056
46062
46069
46075
46082
46088
46095
46101
46108
46114
46121
46127
46134
46140
46147
46153
46160
46166
46173
46179
46187
46192
46200
46205
46213
46218
46226
46231
46239
46244
46252
46257
46265
46270
46278
46283
46291
46296
46304
46309
46317
46323
46329
46337
46342
46350
46364
46376
46390
46403
46417
46429
46443
46456
46470
46482
46497
46509
46523
46535
46550
46562
46576
46588
46603
46615
46629
46642
46656
46668
46682
46695
46709
46721
46735
46748
46762
46774
46783
46791
46800
46808
46817
46825
46834
46842
46852
46859
46869
46876
46886
46893
46903
46910
46920
46928
46937
46945
46954
46962
46971
46979
46988
46996
47006
47013
47023
47030
47040
47047
47057
47065
47074
47082
47091
47099
47108
47116
47125
47133
47143
47151
47157
47166
47172
47180
47187
47195
47201
47210
47216
47224
47231
47239
47246
47254
47260
47269
47275
47283
47290
47298
47304
47313
47319
47328
47334
47342
47349
47357
47363
47372
47378
47386
47393
47401
47408
47416
47422
47431
47437
47445
47452
47460
47466
47475
47481
47490
47496
47503
47508
47515
47521
47528
47533
47540
47546
47553
47558
47565
47571
47578
47583
47590
47596
47603
47608
47615
47621
47628
47633
47640
47646
47653
47658
47665
47671
47678
47683
47690
47696
47703
47708
47715
47721
47728
47733
47740
47746
47753
47758
47765
47771
47778
47783
47790
47796
47802
47807
47814
47819
47825
47830
47837
47842
47848
47853
47860
47865
47871
47876
47883
47888
47894
47899
47906
47911
47917
47922
47929
47934
47940
47945
47952
47957
47963
47968
47975
47980
47987
47991
47998
48003
48010
48014
48021
48026
48033
48037
48044
48049
48056
48060
48067
48072
48079
48084
48088
48094
48097
48103
48107
48112
48116
48122
48126
48131
48135
48141
48144
48150
48154
48159
48163
48169
48173
48178
48182
48188
48191
48197
48201
48207
48210
48216
48220
48225
48229
48235
48239
48243
48249
48253
48258
48262
48268
48271
48277
48281
48287
48290
48296
48300
48305
48309
48315
48319
48323
48329
48333
48338
48342
48348
48351
48357
48361
48367
48370
48376
48386
48394
48404
48413
48423
48431
48441
48450
48460
48468
48478
48487
48497
48505
48515
48524
48534
48542
48552
48561
48571
48579
48589
48598
48608
48616
48626
48635
48645
48653
48663
48672
48682
48690
48700
48709
48719
48727
48737
48746
48756
48764
48775
48784
48796
48805
48816
48826
48837
48847
48858
48867
48879
48888
48900
48909
48920
48930
48941
48951
48962
48971
48983
48992
49003
49013
49024
49034
49045
49054
49066
49077
49086
49097
49106
49117
49126
49137
49146
49157
49166
49177
49186
49197
49206
49218
49227
49238
49247
49258
49267
49278
49287
49298
49307
49318
49327
49338
49347
49358
49368
49379
49388
49399
49408
49419
49428
49439
49448
49459
49468
49477
49484
49493
49500
49509
49516
49525
49532
49541
49548
49557
49564
49573
49581
49590
49597
49606
49613
49622
49629
49638
49645
49654
49661
49670
49677
49687
49694
49703
49710
49719
49726
49735
49742
49751
49758
49767
49774
49783
49791
49800
49807
49816
49823
49832
49839
49849
49857
49868
49876
49887
49895
49906
49914
49925
49933
49944
49952
49963
49971
49982
49990
50001
50009
50019
50028
50038
50047
50057
50066
50076
50085
50095
50104
50114
50123
50133
50142
50152
50161
50171
50179
50190
50198
50209
50216
50221
50228
50233
50240
50245
50252
50257
50264
50269
50276
50281
50288
50293
50300
50305
50312
50317
50324
50329
50336
50341
50348
50353
50360
50365
50372
50378
50385
50390
50397
50402
50409
50414
50421
50426
50433
50438
50445
50450
50457
50462
50469
50474
50481
50486
50493
50498
50505
50510
50517
50522
50529
50534
50541
50547
50552
50555
50561
50564
50570
50573
50579
50582
50588
50591
50596
50600
50605
50609
50614
50618
50623
50627
50632
50636
50641
50644
50650
50653
50659
50662
50668
50671
50677
50680
50686
50689
50694
50698
50703
50707
50712
50716
50721
50725
50730
50734
50739
50742
50748
50751
50757
50760
50766
50769
50775
50778
50783
50787
50792
50796
50801
50805
50810
50814
50819
50823
50828
50831
50837
50840
50846
50849
50855
50858
50864
50867
50873
50876
50881
50885
50890
50896
50901
50908
50913
50920
50925
50932
50937
50944
50949
50956
50961
50968
50973
50980
50985
50992
50997
51004
51009
51016
51021
51028
51033
51040
51045
51052
51057
51064
51069
51076
51081
51088
51093
51100
51105
51112
51117
51124
51129
51136
51141
51148
51153
51160
51165
51172
51179
51184
51191
51196
51203
51208
51215
51220
51227
51232
51239
51244
51251
51256
51263
51268
51275
51280
51287
51292
51299
51304
51311
51316
51323
51328
51335
51340
51347
51352
51359
51364
51371
51376
51383
51388
51395
51400
51407
51412
51419
51424
51431
51436
51443
51449
51454
51461
51466
51473
51478
51485
51490
51497
51502
51509
51514
51521
51526
51533
51538
51544
51549
51556
51561
51568
51573
51580
51585
51592
51597
51604
51609
51616
51621
51628
51633
51639
51644
51651
51656
51663
51668
51675
51680
51687
51692
51699
51704
51711
51716
51723
51728
51734
51739
51746
51751
51758
51763
51770
51775
51782
51787
51794
51799
51806
51811
51821
51830
51841
51850
51860
51869
51880
51889
51900
51908
51919
51928
51939
51948
51958
51967
51978
51987
51997
52006
52017
52026
52037
52045
52056
52065
52076
52085
52095
52104
52115
52124
52135
52143
52154
52163
52174
52182
52193
52202
52213
52222
52232
52241
52252
52257
52261
52267
52271
52277
52280
52286
52290
52296
52300
52305
52309
52315
52319
52325
52328
52334
52338
52344
52348
52354
52357
52363
52367
52373
52377
52382
52386
52392
52396
52402
52405
52411
52415
52421
52425
52431
52434
52440
52444
52450
52454
52459
52463
52469
52473
52479
52482
52488
52492
52498
52502
52508
52511
52517
52521
52527
52531
52536
52540
52546
52550
52556
52559
52565
52569
52586
52602
52620
52635
52653
52669
52686
52702
52720
52735
52753
52769
52786
52802
52820
52836
52853
52869
52887
52902
52920
52936
52953
52968
52982
52998
53011
53027
53041
53057
53070
53086
53100
53116
53129
53145
53159
53175
53188
53204
53218
53234
53247
53257
53266
53277
53286
53297
53306
53317
53326
53337
53346
53357
53366
53377
53386
53397
53406
53417
53426
53437
53446
53457
53466
53477
53486
53497
53506
53517
53526
53537
53546
53557
53566
53577
53586
53597
53606
53617
53626
53637
53646
53657
53663
53667
53674
53678
53685
53689
53695
53700
53706
53711
53717
53722
53728
53732
53739
53743
53750
53754
53760
53765
53771
53776
53782
53787
53793
53797
53804
53808
53815
53819
53825
53830
53836
53841
53847
53852
53858
53862
53869
53873
53880
53884
53890
53895
53901
53906
53912
53917
53923
53927
53934
53938
53945
53949
53955
53960
53966
53975
53982
53991
53998
54007
54014
54023
54030
54039
54046
54055
54062
54071
54078
54087
54094
54103
54110
54120
54127
54136
54143
54152
54159
54168
54175
54184
54191
54200
54207
54216
54223
54232
54239
54248
54255
54267
54277
54289
54299
54311
54321
54333
54343
54355
54365
54377
54387
54399
54409
54421
54431
54444
54454
54466
54476
54488
54498
54510
54520
54532
54542
54554
54564
54576
54586
54598
54608
54620
54631
54643
54653
54665
54670
54674
54680
54684
54690
54694
54700
54703
54709
54713
54719
54723
54729
54733
54739
54742
54748
54752
54758
54762
54768
54772
54778
54781
54787
54791
54797
54801
54807
54811
54817
54820
54826
54830
54836
54840
54846
54850
54856
54859
54865
54869
54875
54879
54885
54889
54894
54898
54904
54908
54914
54918
54924
54928
54933
54937
54943
54947
54953
54957
54965
54972
54981
54988
54997
55004
55013
55020
55029
55036
55045
55052
55061
55068
55077
55084
55093
55100
55109
55116
55125
55132
55141
55148
55157
55164
55173
55180
55189
55196
55205
55212
55221
55228
55237
55244
55249
55257
55262
55269
55275
55282
55288
55295
55301
55307
55314
55320
55327
55333
55339
55346
55352
55359
55365
55371
55378
55384
55391
55397
55403
55410
55416
55423
55429
55435
55442
55448
55455
55461
55467
55474
55480
55487
55493
55499
55506
55512
55519
55525
55531
55538
55544
55551
55557
55563
55570
55576
55583
55589
55598
55606
55616
55623
55633
55641
55650
55658
55668
55675
55685
55693
55702
55710
55720
55728
55737
55745
55755
55762
55772
55780
55789
55797
55807
55814
55824
55832
55841
55849
55859
55867
55876
55884
55894
55901
55911
55919
55928
55936
55946
55953
55963
55971
55981
55988
55998
56006
56015
56021
56025
56032
56036
56042
56047
56053
56057
56064
56068
56075
56079
56085
56090
56096
56100
56107
56111
56118
56122
56128
56133
56139
56143
56150
56154
56160
56165
56171
56176
56182
56186
56193
56197
56203
56208
56214
56219
56225
56229
56236
56240
56246
56251
56257
56261
56268
56272
56279
56283
56289
56294
56300
56304
56311
56315
56322
56326
56332
56337
56343
56347
56354
56358
56364
56369
56387
56403
56421
56437
56455
56471
56489
56505
56523
56539
56557
56573
56591
56607
56625
56641
56659
56675
56693
56709
56727
56743
56761
56777
56795
56811
56818
56824
56832
56838
56846
56852
56860
56866
56874
56880
56888
56894
56902
56908
56916
56922
56930
56936
56944
56950
56958
56964
56972
56978
56986
56992
57000
57006
57014
57020
57028
57034
57042
57048
57056
57062
57070
57076
57084
57090
57098
57104
57111
57117
57125
57131
57139
57145
57153
57159
57167
57173
57181
57187
57195
57201
57209
57215
57223
57229
57237
57242
57246
57251
57255
57261
57264
57270
57273
57279
57283
57288
57292
57297
57301
57307
57310
57316
57319
57325
57329
57334
57338
57343
57347
57353
57356
57362
57366
57371
57375
57380
57384
57390
57393
57399
57402
57408
57412
57417
57421
57426
57430
57436
57439
57445
57448
57454
57458
57463
57467
57473
57476
57482
57485
57491
57495
57500
57504
57515
57525
57537
57547
57558
57568
57580
57590
57602
57611
57623
57633
57645
57655
57666
57676
57688
57698
57710
57719
57731
57741
57753
57762
57774
57784
57796
57806
57817
57827
57839
57849
57861
57870
57882
57892
57904
57914
57928
57940
57954
57966
57980
57992
58006
58018
58032
58044
58058
58070
58084
58096
58110
58122
58136
58148
58162
58174
58188
58200
58214
58226
58234
58240
58248
58254
58262
58268
58276
58283
58291
58297
58305
58311
58319
58325
58334
58340
58348
58354
58362
58368
58376
58382
58391
58397
58405
58411
58419
58425
58433
58440
58448
58454
58462
58468
58476
58482
58490
58497
58509
58519
58531
58541
58553
58563
58576
58586
58598
58608
58620
58630
58643
58653
58665
58675
58687
58697
58710
58720
58732
58742
58754
58764
58777
58787
58799
58809
58821
58831
58844
58849
58852
58858
58861
58867
58870
58876
58879
58884
58888
58893
58897
58902
58906
58911
58915
58920
58923
58929
58932
58938
58941
58947
58950
58955
58959
58964
58968
58973
58977
58982
58986
58991
58994
59000
59003
59009
59012
59018
59021
59027
59030
59035
59039
59044
59048
59053
59057
59062
59065
59071
59074
59080
59083
59089
59092
59098
59101
59106
59110
59115
59119
59124
59128
59153
59178
59203
59228
59253
59278
59303
59328
59353
59378
59403
59428
59453
59478
59503
59508
59512
59518
59522
59528
59531
59537
59541
59547
59551
59557
59560
59566
59570
59576
59580
59585
59589
59595
59599
59605
59609
59614
59618
59624
59628
59634
59637
59643
59647
59653
59657
59663
59666
59672
59676
59682
59686
59691
59695
59701
59705
59711
59715
59720
59724
59730
59734
59740
59743
59749
59753
59759
59763
59769
59772
59778
59782
59788
59792
59797
59801
59807
59811
59817
59821
59826
59830
59836
59840
59846
59849
59861
59871
59883
59893
59905
59915
59928
59938
59950
59960
59972
59982
59994
60005
60017
60027
60039
60049
60061
60072
60084
60094
60106
60116
60128
60138
60151
60161
60173
60183
60195
60205
60218
60228
60240
60250
60262
60272
60284
60290
60294
60300
60304
60310
60315
60321
60325
60331
60335
60342
60346
60352
60356
60362
60366
60373
60377
60383
60387
60393
60398
60404
60408
60414
60418
60425
60429
60435
60439
60445
60449
60456
60460
60466
60470
60476
60481
60487
60491
60497
60501
60507
60512
60518
60522
60528
60532
60539
60543
60549
60553
60559
60564
60570
60574
60580
60584
60590
60595
60601
60605
60621
60636
60653
60668
60684
60699
60716
60731
60747
60762
60779
60794
60810
60825
60842
60857
60874
60888
60900
60910
60923
60933
60945
60956
60968
60978
60991
61001
61014
61024
61036
61047
61059
61069
61082
61092
61105
61115
61127
61138
61150
61160
61173
61183
61196
61206
61218
61229
61241
61251
61264
61274
61287
61297
61309
61320
61332
61345
61357
61370
61382
61396
61407
61421
61433
61446
61458
61471
61483
61497
61508
61522
61534
61547
61559
61572
61584
61598
61609
61623
61635
61648
61660
61674
61685
61700
61713
61728
61741
61756
61769
61784
61797
61812
61825
61840
61853
61868
61881
61896
61909
61924
61937
61952
61966
61981
61994
62009
62022
62037
62050
62065
62078
62093
62106
62121
62136
62151
62166
62181
62196
62211
62226
62241
62256
62271
62286
62301
62316
62331
62346
62361
62376
62391
62406
62421
62436
62451
62466
62481
62496
62511
62526
62541
62559
62576
62594
62611
62630
62646
62665
62681
62700
62717
62735
62752
62771
62787
62806
62822
62841
62858
62876
62881
62885
62891
62895
62900
62904
62910
62914
62920
62923
62929
62933
62939
62942
62948
62952
62958
62962
62967
62971
62977
62981
62986
62990
62996
63000
63006
63009
63015
63019
63025
63028
63034
63038
63044
63048
63053
63057
63063
63067
63072
63076
63082
63086
63092
63095
63101
63105
63111
63114
63120
63124
63130
63134
63139
63143
63149
63153
63158
63162
63168
63172
63178
63181
63187
63191
63197
63200
63206
63210
63216
63220
63225
63229
63235
63239
63244
63248
63254
63258
63264
63267
63273
63277
63283
63286
63292
63296
63302
63306
63311
63319
63325
63333
63340
63348
63354
63362
63369
63377
63383
63391
63398
63406
63412
63420
63427
63435
63441
63449
63456
63464
63470
63478
63485
63493
63499
63508
63514
63522
63528
63537
63543
63551
63557
63566
63572
63580
63586
63595
63601
63609
63615
63624
63630
63638
63644
63653
63659
63667
63673
63682
63688
63696
63703
63711
63717
63725
63732
63740
63746
63754
63759
63762
63768
63771
63777
63780
63786
63789
63794
63798
63803
63807
63812
63816
63821
63825
63830
63833
63839
63842
63848
63851
63857
63860
63865
63869
63874
63878
63883
63887
63892
63896
63901
63904
63910
63913
63919
63922
63928
63931
63936
63940
63945
63949
63954
63958
63963
63967
63972
63975
63981
63984
63990
63993
63999
64002
64007
64011
64016
64020
64025
64029
64034
64038
64043
64046
64052
64055
64061
64064
64070
64073
64078
64082
64087
64091
64096
64103
64109
64117
64122
64130
64136
64144
64149
64157
64163
64170
64176
64184
64190
64197
64203
64211
64217
64224
64230
64238
64243
64251
64257
64265
64270
64278
64284
64291
64297
64305
64311
64318
64324
64332
64338
64345
64351
64359
64364
64372
64378
64386
64391
64399
64405
64412
64418
64426
64432
64439
64445
64453
64459
64466
64472
64480
64485
64502
64518
64535
64551
64569
64584
64602
64617
64635
64651
64668
64684
64702
64717
64735
64750
64768
64784
64801
64817
64835
64850
64868
64883
64901
64907
64911
64917
64922
64928
64932
64939
64943
64949
64954
64960
64964
64970
64975
64981
64985
64992
64996
65002
65007
65013
65017
65024
65028
65034
65038
65045
65049
65055
65060
65066
65070
65077
65081
65087
65092
65098
65102
65108
65113
65119
65123
65130
65134
65140
65145
65151
65155
65162
65166
65172
65176
65183
65187
65193
65198
65204
65208
65215
65219
65225
65230
65236
65240
65246
65251
65257
65261
65268
65272
65278
65283
65289
65293
65300
65304
65310
65314
65320
65324
65331
65335
65341
65346
65352
65357
65363
65367
65374
65378
65385
65389
65395
65400
65406
65411
65417
65421
65428
65432
65438
65443
65449
65454
65460
65464
65471
65475
65482
65486
65492
65497
65503
65508
65514
65518
65525
65529
65536
65540
65546
65551
65557
65561
65568
65572
65579
65583
65589
65594
65600
65605
65611
65615
65622
65626
65633
65637
65643
65648
65654
65659
65665
65669
65676
65682
65687
65693
65698
65705
65709
65716
65720
65727
65732
65738
65743
65749
65754
65761
65765
65772
65776
65783
65788
65794
65799
65805
65810
65817
65821
65828
65832
65839
65844
65850
65855
65861
65866
65873
65877
65884
65888
65895
65900
65906
65911
65917
65922
65929
65933
65940
65944
65951
65956
65962
65967
65973
65978
65985
65989
65996
66000
66015
66028
66043
66056
66071
66084
66099
66112
66127
66140
66155
66168
66183
66196
66211
66224
66239
66252
66267
66280
66295
66308
66323
66336
66344
66351
66360
66367
66376
66382
66391
66398
66407
66414
66422
66429
66438
66445
66454
66460
66469
66476
66485
66492
66500
66507
66516
66523
66532
66538
66547
66554
66563
66570
66579
66585
66594
66601
66610
66617
66625
66632
66641
66648
66657
66663
66672
66679
66688
66695
66703
66709
66714
66721
66725
66732
66737
66744
66748
66755
66760
66767
66771
66778
66783
66790
66794
66801
66806
66813
66817
66824
66829
66836
66840
66847
66852
66859
66863
66870
66875
66881
66886
66893
66898
66904
66909
66916
66921
66927
66932
66939
66944
66950
66955
66962
66967
66973
66978
66985
66990
66996
67001
67008
67013
67019
67024
67031
67036
67042
67047
67054
67058
67065
67070
67077
67081
67088
67093
67100
67104
67111
67116
67123
67130
67135
67143
67148
67156
67161
67169
67174
67182
67187
67195
67200
67208
67213
67221
67226
67234
67239
67247
67252
67260
67265
67273
67278
67286
67291
67299
67304
67312
67317
67325
67330
67338
67343
67351
67356
67364
67369
67377
67382
67390
67395
67403
67408
67416
67421
67429
67434
67442
67447
67455
67460
67468
67473
67481
67486
67494
67499
67507
67512
67520
67525
67533
67538
67546
67551
67559
67564
67575
67584
67595
67604
67615
67624
67635
67644
67656
67665
67676
67685
67696
67705
67716
67725
67737
67746
67757
67766
67777
67786
67797
67806
67817
67827
67838
67847
67858
67867
67878
67887
67894
67900
67908
67914
67922
67928
67936
67942
67950
67956
67964
67970
67977
67983
67991
67997
68005
68011
68019
68025
68033
68039
68047
68053
68061
68066
68074
68080
68088
68094
68102
68108
68116
68122
68130
68136
68144
68149
68157
68163
68171
68177
68185
68191
68199
68205
68213
68220
68228
68235
68243
68250
68258
68265
68273
68280
68288
68295
68303
68310
68318
68325
68333
68340
68349
68355
68364
68370
68379
68385
68394
68400
68409
68415
68424
68430
68439
68445
68454
68460
68469
68476
68484
68491
68499
68506
68514
68521
68529
68536
68544
68551
68559
68566
68574
68581
68589
68596
68604
68611
68620
68626
68635
68640
68644
68650
68654
68660
68663
68669
68673
68679
68683
68688
68692
68698
68702
68708
68711
68717
68721
68727
68731
68736
68740
68746
68750
68756
68759
68765
68769
68775
68779
68784
68788
68794
68798
68804
68807
68813
68817
68823
68827
68832
68836
68842
68846
68852
68855
68861
68865
68871
68875
68880
68884
68890
68894
68900
68903
68909
68913
68919
68923
68928
68932
68938
68942
68948
68951
68957
68961
68967
68971
68976
68984
68990
68998
69005
69013
69019
69028
69034
69042
69049
69057
69063
69072
69078
69086
69093
69101
69107
69115
69122
69130
69136
69145
69151
69159
69166
69174
69180
69189
69195
69203
69210
69218
69224
69232
69239
69247
69253
69262
69268
69276
69283
69291
69297
69306
69312
69320
69327
69335
69341
69349
69356
69364
69370
69379
69387
69394
69402
69409
69417
69424
69432
69439
69447
69454
69462
69469
69477
69484
69492
69499
69507
69514
69522
69529
69537
69544
69552
69559
69567
69574
69583
69589
69598
69604
69613
69619
69628
69634
69643
69649
69658
69664
69673
69679
69688
69693
69696
69702
69705
69711
69714
69720
69723
69729
69732
69738
69741
69747
69750
69755
69759
69764
69768
69773
69777
69782
69786
69791
69795
69800
69804
69809
69812
69818
69821
69827
69830
69836
69839
69845
69848
69854
69857
69863
69866
69871
69875
69880
69884
69889
69893
69898
69902
69907
69911
69916
69920
69925
69928
69934
69937
69943
69946
69952
69955
69961
69964
69970
69973
69979
69982
69987
69991
69996
70000
70005
70009
70014
70018
70023
70027
70032
70036
70041
70045
70050
70053
70059
